Picked up JAVA_TOOL_OPTIONS: -XX:CICompilerCount=2 -XX:ParallelGCThreads=2 -XX:ConcGCThreads=2 -Djdk.net.URLClassPath.disableClassPathURLCheck=true 
Picked up _JAVA_OPTIONS: -Djdk.net.URLClassPath.disableClassPathURLCheck=true
Apache Maven 3.5.0 (Red Hat 3.5.0-4.3)
Maven home: /opt/rh/rh-maven35/root/usr/share/maven
Java version: 1.7.0_80, vendor: Oracle Corporation
Java home: /scratch/jmcampos/RTA/repair_them_all_framework/jdks/jdk1.7.0_80/jre
Default locale: en_US, platform encoding: UTF-8
OS name: "linux", version: "4.14.158-1.el7.retpoline.x86_64", arch: "amd64", family: "unix"
[INFO] Scanning for projects...
[INFO] 
[INFO] ------------------------------------------------------------------------
[INFO] Building Oak Core 0.14-SNAPSHOT
[INFO] ------------------------------------------------------------------------
[INFO] Downloading: http://repository.apache.org/snapshots/org/apache/jackrabbit/oak-mk-api/0.14-SNAPSHOT/maven-metadata.xml
[INFO] Downloading: http://repository.apache.org/snapshots/org/apache/jackrabbit/oak-parent/0.14-SNAPSHOT/maven-metadata.xml
[INFO] Downloading: http://repository.apache.org/snapshots/org/apache/jackrabbit/oak-mk/0.14-SNAPSHOT/maven-metadata.xml
[INFO] Downloading: http://repository.apache.org/snapshots/org/apache/jackrabbit/oak-commons/0.14-SNAPSHOT/maven-metadata.xml
[INFO] Downloading: http://repository.apache.org/snapshots/org/apache/jackrabbit/oak-mk-remote/0.14-SNAPSHOT/maven-metadata.xml
[INFO] 
[INFO] --- maven-remote-resources-plugin:1.2.1:process (default) @ oak-core ---
[INFO] 
[INFO] --- maven-resources-plugin:2.5:resources (default-resources) @ oak-core ---
[debug] execute contextualize
[INFO] Using 'UTF-8' encoding to copy filtered resources.
[INFO] Copying 2 resources
[INFO] Copying 3 resources
[INFO] 
[INFO] --- maven-compiler-plugin:2.3.2:compile (default-compile) @ oak-core ---
[INFO] Compiling 2 source files to /scratch/tmp-rta/Bugs.jar_Jackrabbit-Oak_14849e22_java-7/oak-core/target/classes
[INFO] 
[INFO] --- maven-scr-plugin:1.15.0:scr (generate-scr-scrdescriptor) @ oak-core ---
[WARNING] /scratch/tmp-rta/Bugs.jar_Jackrabbit-Oak_14849e22_java-7/oak-core/src/main/java/org/apache/jackrabbit/oak/security/authentication/token/TokenConfigurationImpl.java [1:1]:  Component org.apache.jackrabbit.oak.security.authentication.token.TokenConfigurationImpl is using the deprecated inheritance feature and inherits from org.apache.jackrabbit.oak.spi.security.ConfigurationBase. This feature will be removed in future versions.
[WARNING] /scratch/tmp-rta/Bugs.jar_Jackrabbit-Oak_14849e22_java-7/oak-core/src/main/java/org/apache/jackrabbit/oak/security/authentication/AuthenticationConfigurationImpl.java [1:1]:  Component org.apache.jackrabbit.oak.security.authentication.AuthenticationConfigurationImpl is using the deprecated inheritance feature and inherits from org.apache.jackrabbit.oak.spi.security.ConfigurationBase. This feature will be removed in future versions.
[WARNING] /scratch/tmp-rta/Bugs.jar_Jackrabbit-Oak_14849e22_java-7/oak-core/src/main/java/org/apache/jackrabbit/oak/security/principal/PrincipalConfigurationImpl.java [1:1]:  Component org.apache.jackrabbit.oak.security.principal.PrincipalConfigurationImpl is using the deprecated inheritance feature and inherits from org.apache.jackrabbit.oak.spi.security.ConfigurationBase. This feature will be removed in future versions.
[WARNING] /scratch/tmp-rta/Bugs.jar_Jackrabbit-Oak_14849e22_java-7/oak-core/src/main/java/org/apache/jackrabbit/oak/security/privilege/PrivilegeConfigurationImpl.java [1:1]:  Component org.apache.jackrabbit.oak.security.privilege.PrivilegeConfigurationImpl is using the deprecated inheritance feature and inherits from org.apache.jackrabbit.oak.spi.security.ConfigurationBase. This feature will be removed in future versions.
[WARNING] /scratch/tmp-rta/Bugs.jar_Jackrabbit-Oak_14849e22_java-7/oak-core/src/main/java/org/apache/jackrabbit/oak/security/user/UserConfigurationImpl.java [1:1]:  Component org.apache.jackrabbit.oak.security.user.UserConfigurationImpl is using the deprecated inheritance feature and inherits from org.apache.jackrabbit.oak.spi.security.ConfigurationBase. This feature will be removed in future versions.
[WARNING] /scratch/tmp-rta/Bugs.jar_Jackrabbit-Oak_14849e22_java-7/oak-core/src/main/java/org/apache/jackrabbit/oak/security/authorization/AuthorizationConfigurationImpl.java [1:1]:  Component org.apache.jackrabbit.oak.security.authorization.AuthorizationConfigurationImpl is using the deprecated inheritance feature and inherits from org.apache.jackrabbit.oak.spi.security.ConfigurationBase. This feature will be removed in future versions.
[INFO] Generating 1 MetaType Descriptors in /scratch/tmp-rta/Bugs.jar_Jackrabbit-Oak_14849e22_java-7/oak-core/target/classes/OSGI-INF/metatype/org.apache.jackrabbit.oak.plugins.mongomk.MongoNodeStoreService.xml
[INFO] Writing 1 Service Component Descriptors to /scratch/tmp-rta/Bugs.jar_Jackrabbit-Oak_14849e22_java-7/oak-core/target/classes/OSGI-INF/org.apache.jackrabbit.oak.plugins.name.NameValidatorProvider.xml
[INFO] Writing 1 Service Component Descriptors to /scratch/tmp-rta/Bugs.jar_Jackrabbit-Oak_14849e22_java-7/oak-core/target/classes/OSGI-INF/org.apache.jackrabbit.oak.plugins.name.NamespaceEditorProvider.xml
[INFO] Writing 1 Service Component Descriptors to /scratch/tmp-rta/Bugs.jar_Jackrabbit-Oak_14849e22_java-7/oak-core/target/classes/OSGI-INF/org.apache.jackrabbit.oak.plugins.commit.ConflictValidatorProvider.xml
[INFO] Writing 1 Service Component Descriptors to /scratch/tmp-rta/Bugs.jar_Jackrabbit-Oak_14849e22_java-7/oak-core/target/classes/OSGI-INF/org.apache.jackrabbit.oak.plugins.index.property.PropertyIndexProvider.xml
[INFO] Writing 1 Service Component Descriptors to /scratch/tmp-rta/Bugs.jar_Jackrabbit-Oak_14849e22_java-7/oak-core/target/classes/OSGI-INF/org.apache.jackrabbit.oak.plugins.index.property.PropertyIndexEditorProvider.xml
[INFO] Writing 1 Service Component Descriptors to /scratch/tmp-rta/Bugs.jar_Jackrabbit-Oak_14849e22_java-7/oak-core/target/classes/OSGI-INF/org.apache.jackrabbit.oak.plugins.index.reference.ReferenceIndexProvider.xml
[INFO] Writing 1 Service Component Descriptors to /scratch/tmp-rta/Bugs.jar_Jackrabbit-Oak_14849e22_java-7/oak-core/target/classes/OSGI-INF/org.apache.jackrabbit.oak.plugins.index.reference.ReferenceEditorProvider.xml
[INFO] Writing 1 Service Component Descriptors to /scratch/tmp-rta/Bugs.jar_Jackrabbit-Oak_14849e22_java-7/oak-core/target/classes/OSGI-INF/org.apache.jackrabbit.oak.plugins.nodetype.RegistrationEditorProvider.xml
[INFO] Writing 1 Service Component Descriptors to /scratch/tmp-rta/Bugs.jar_Jackrabbit-Oak_14849e22_java-7/oak-core/target/classes/OSGI-INF/org.apache.jackrabbit.oak.plugins.nodetype.TypeEditorProvider.xml
[INFO] Writing 1 Service Component Descriptors to /scratch/tmp-rta/Bugs.jar_Jackrabbit-Oak_14849e22_java-7/oak-core/target/classes/OSGI-INF/org.apache.jackrabbit.oak.plugins.version.VersionEditorProvider.xml
[INFO] Writing 1 Service Component Descriptors to /scratch/tmp-rta/Bugs.jar_Jackrabbit-Oak_14849e22_java-7/oak-core/target/classes/OSGI-INF/org.apache.jackrabbit.oak.plugins.segment.SegmentNodeStoreService.xml
[INFO] Writing 1 Service Component Descriptors to /scratch/tmp-rta/Bugs.jar_Jackrabbit-Oak_14849e22_java-7/oak-core/target/classes/OSGI-INF/org.apache.jackrabbit.oak.plugins.mongomk.MongoNodeStoreService.xml
[INFO] Writing 1 Service Component Descriptors to /scratch/tmp-rta/Bugs.jar_Jackrabbit-Oak_14849e22_java-7/oak-core/target/classes/OSGI-INF/org.apache.jackrabbit.oak.security.authentication.token.TokenConfigurationImpl.xml
[INFO] Writing 1 Service Component Descriptors to /scratch/tmp-rta/Bugs.jar_Jackrabbit-Oak_14849e22_java-7/oak-core/target/classes/OSGI-INF/org.apache.jackrabbit.oak.security.authentication.AuthenticationConfigurationImpl.xml
[INFO] Writing 1 Service Component Descriptors to /scratch/tmp-rta/Bugs.jar_Jackrabbit-Oak_14849e22_java-7/oak-core/target/classes/OSGI-INF/org.apache.jackrabbit.oak.security.principal.PrincipalConfigurationImpl.xml
[INFO] Writing 1 Service Component Descriptors to /scratch/tmp-rta/Bugs.jar_Jackrabbit-Oak_14849e22_java-7/oak-core/target/classes/OSGI-INF/org.apache.jackrabbit.oak.security.privilege.PrivilegeConfigurationImpl.xml
[INFO] Writing 1 Service Component Descriptors to /scratch/tmp-rta/Bugs.jar_Jackrabbit-Oak_14849e22_java-7/oak-core/target/classes/OSGI-INF/org.apache.jackrabbit.oak.security.user.UserConfigurationImpl.xml
[INFO] Writing 1 Service Component Descriptors to /scratch/tmp-rta/Bugs.jar_Jackrabbit-Oak_14849e22_java-7/oak-core/target/classes/OSGI-INF/org.apache.jackrabbit.oak.security.authorization.restriction.RestrictionProviderImpl.xml
[INFO] Writing 1 Service Component Descriptors to /scratch/tmp-rta/Bugs.jar_Jackrabbit-Oak_14849e22_java-7/oak-core/target/classes/OSGI-INF/org.apache.jackrabbit.oak.security.authorization.AuthorizationConfigurationImpl.xml
[INFO] Writing 1 Service Component Descriptors to /scratch/tmp-rta/Bugs.jar_Jackrabbit-Oak_14849e22_java-7/oak-core/target/classes/OSGI-INF/org.apache.jackrabbit.oak.spi.security.user.action.DefaultAuthorizableActionProvider.xml
[INFO] Writing 1 Service Component Descriptors to /scratch/tmp-rta/Bugs.jar_Jackrabbit-Oak_14849e22_java-7/oak-core/target/classes/OSGI-INF/org.apache.jackrabbit.oak.osgi.OsgiSecurityProvider.xml
[INFO] 
[INFO] --- maven-resources-plugin:2.5:testResources (default-testResources) @ oak-core ---
[debug] execute contextualize
[INFO] Using 'UTF-8' encoding to copy filtered resources.
[INFO] Copying 9 resources
[INFO] Copying 3 resources
[INFO] 
[INFO] --- maven-compiler-plugin:2.3.2:testCompile (default-testCompile) @ oak-core ---
[INFO] Nothing to compile - all classes are up to date
[INFO] 
[INFO] --- maven-surefire-plugin:2.9:test (default-test) @ oak-core ---
[INFO] Surefire report directory: /scratch/tmp-rta/Bugs.jar_Jackrabbit-Oak_14849e22_java-7/oak-core/target/surefire-reports
[INFO] Downloading: https://repo.maven.apache.org/maven2/org/apache/maven/surefire/surefire-junit4/2.9/surefire-junit4-2.9.pom
[INFO] Downloaded: https://repo.maven.apache.org/maven2/org/apache/maven/surefire/surefire-junit4/2.9/surefire-junit4-2.9.pom (2.6 kB at 3.5 kB/s)
[INFO] Downloading: https://repo.maven.apache.org/maven2/org/apache/maven/surefire/surefire-providers/2.9/surefire-providers-2.9.pom
[INFO] Downloaded: https://repo.maven.apache.org/maven2/org/apache/maven/surefire/surefire-providers/2.9/surefire-providers-2.9.pom (2.3 kB at 2.9 kB/s)
[INFO] Downloading: https://repo.maven.apache.org/maven2/org/apache/maven/surefire/surefire-junit4/2.9/surefire-junit4-2.9.jar
[INFO] Downloaded: https://repo.maven.apache.org/maven2/org/apache/maven/surefire/surefire-junit4/2.9/surefire-junit4-2.9.jar (33 kB at 1.0 MB/s)

-------------------------------------------------------
 T E S T S
-------------------------------------------------------
Picked up JAVA_TOOL_OPTIONS: -XX:CICompilerCount=2 -XX:ParallelGCThreads=2 -XX:ConcGCThreads=2 -Djdk.net.URLClassPath.disableClassPathURLCheck=true -XX:CICompilerCount=2 -XX:ParallelGCThreads=2 -XX:ConcGCThreads=2 -Djdk.net.URLClassPath.disableClassPathURLCheck=true 
Picked up _JAVA_OPTIONS: -Djdk.net.URLClassPath.disableClassPathURLCheck=true
Running org.apache.jackrabbit.oak.util.PropertyBuilderTest
Tests run: 12, Failures: 0, Errors: 0, Skipped: 0, Time elapsed: 0.138 sec
Running org.apache.jackrabbit.oak.util.TreeLocationTest
Tests run: 20, Failures: 0, Errors: 0, Skipped: 0, Time elapsed: 1.169 sec
Running org.apache.jackrabbit.oak.query.FilterTest
Tests run: 1, Failures: 0, Errors: 0, Skipped: 0, Time elapsed: 0.516 sec
Running org.apache.jackrabbit.oak.query.ast.LikePatternTest
Tests run: 1, Failures: 0, Errors: 0, Skipped: 0, Time elapsed: 0.001 sec
Running org.apache.jackrabbit.oak.query.ast.FullTextTest
Tests run: 8, Failures: 0, Errors: 0, Skipped: 0, Time elapsed: 0.002 sec
Running org.apache.jackrabbit.oak.query.IteratorsTest
Tests run: 5, Failures: 0, Errors: 0, Skipped: 0, Time elapsed: 0.001 sec
Running org.apache.jackrabbit.oak.query.index.FilterTest
Tests run: 3, Failures: 0, Errors: 0, Skipped: 0, Time elapsed: 0 sec
Running org.apache.jackrabbit.oak.query.index.TraversingIndexQueryTest
Tests run: 9, Failures: 0, Errors: 0, Skipped: 0, Time elapsed: 5.38 sec
Running org.apache.jackrabbit.oak.query.index.TraversingIndexTest
Tests run: 1, Failures: 0, Errors: 0, Skipped: 0, Time elapsed: 0.025 sec
Running org.apache.jackrabbit.oak.query.SQL2ParserTest
Tests run: 4, Failures: 0, Errors: 0, Skipped: 0, Time elapsed: 0.002 sec
Running org.apache.jackrabbit.oak.core.ImmutableRootTest
Tests run: 8, Failures: 0, Errors: 0, Skipped: 0, Time elapsed: 0.042 sec
Running org.apache.jackrabbit.oak.core.MutableTreeTest
Tests run: 88, Failures: 0, Errors: 0, Skipped: 0, Time elapsed: 21.009 sec
Running org.apache.jackrabbit.oak.core.ImmutableTreeTest
Tests run: 20, Failures: 0, Errors: 0, Skipped: 0, Time elapsed: 0.08 sec
Running org.apache.jackrabbit.oak.core.DefaultConflictHandlerTheirsTest
Tests run: 7, Failures: 0, Errors: 0, Skipped: 0, Time elapsed: 0.026 sec
Running org.apache.jackrabbit.oak.core.DefaultConflictHandlerOursTest
Tests run: 7, Failures: 0, Errors: 0, Skipped: 0, Time elapsed: 0.02 sec
Running org.apache.jackrabbit.oak.core.RootTest
Tests run: 96, Failures: 0, Errors: 0, Skipped: 0, Time elapsed: 4.688 sec
Running org.apache.jackrabbit.oak.plugins.memory.MemoryNodeBuilderTest
Tests run: 35, Failures: 0, Errors: 0, Skipped: 0, Time elapsed: 0.016 sec
Running org.apache.jackrabbit.oak.plugins.memory.PropertyStatesTest
Tests run: 3, Failures: 0, Errors: 0, Skipped: 0, Time elapsed: 0.001 sec
Running org.apache.jackrabbit.oak.plugins.mongomk.util.MergeSortedIteratorsTest
Tests run: 2, Failures: 0, Errors: 0, Skipped: 1, Time elapsed: 0 sec
Running org.apache.jackrabbit.oak.plugins.mongomk.util.UtilsTest
Tests run: 1, Failures: 0, Errors: 0, Skipped: 0, Time elapsed: 0 sec
Running org.apache.jackrabbit.oak.plugins.mongomk.impl.command.ConcurrentWriteMultipleMkMongoTest
Tests run: 1, Failures: 0, Errors: 0, Skipped: 1, Time elapsed: 0.259 sec
Running org.apache.jackrabbit.oak.plugins.mongomk.impl.MongoMKConcurrentAddTest
Tests run: 1, Failures: 0, Errors: 0, Skipped: 1, Time elapsed: 0 sec
Running org.apache.jackrabbit.oak.plugins.mongomk.impl.MongoMKWaitForCommitTest
Tests run: 1, Failures: 0, Errors: 0, Skipped: 1, Time elapsed: 0 sec
Running org.apache.jackrabbit.oak.plugins.mongomk.impl.MongoMKGetRevisionHistoryTest
Tests run: 1, Failures: 0, Errors: 0, Skipped: 1, Time elapsed: 0 sec
Running org.apache.jackrabbit.oak.plugins.mongomk.impl.MongoMKLimitsTest
Tests run: 1, Failures: 0, Errors: 0, Skipped: 1, Time elapsed: 0 sec
Running org.apache.jackrabbit.oak.plugins.mongomk.impl.MongoMKGetJournalTest
Tests run: 1, Failures: 0, Errors: 0, Skipped: 1, Time elapsed: 0 sec
Running org.apache.jackrabbit.oak.plugins.mongomk.impl.MongoMKGetChildCountTest
Tests run: 1, Failures: 0, Errors: 0, Skipped: 1, Time elapsed: 0 sec
Running org.apache.jackrabbit.oak.plugins.mongomk.RevisionTest
Tests run: 8, Failures: 0, Errors: 0, Skipped: 0, Time elapsed: 0.058 sec
Running org.apache.jackrabbit.oak.plugins.mongomk.blob.MongoMKGetLengthGridFSTest
Tests run: 1, Failures: 0, Errors: 0, Skipped: 1, Time elapsed: 0 sec
Running org.apache.jackrabbit.oak.plugins.mongomk.blob.MongoMKWriteTest
Tests run: 1, Failures: 0, Errors: 0, Skipped: 1, Time elapsed: 0 sec
Running org.apache.jackrabbit.oak.plugins.mongomk.blob.MongoMKGetLengthTest
Tests run: 1, Failures: 0, Errors: 0, Skipped: 1, Time elapsed: 0 sec
Running org.apache.jackrabbit.oak.plugins.mongomk.blob.MongoBlobStoreTest
Tests run: 1, Failures: 0, Errors: 0, Skipped: 1, Time elapsed: 0 sec
Running org.apache.jackrabbit.oak.plugins.mongomk.blob.MongoMKReadGridFSTest
Tests run: 1, Failures: 0, Errors: 0, Skipped: 1, Time elapsed: 0.001 sec
Running org.apache.jackrabbit.oak.plugins.mongomk.blob.MongoMKReadTest
Tests run: 1, Failures: 0, Errors: 0, Skipped: 1, Time elapsed: 0 sec
Running org.apache.jackrabbit.oak.plugins.mongomk.blob.MongoMKWriteGridFSTest
Tests run: 1, Failures: 0, Errors: 0, Skipped: 1, Time elapsed: 0.001 sec
Running org.apache.jackrabbit.oak.plugins.mongomk.ClusterTest
Tests run: 10, Failures: 0, Errors: 0, Skipped: 0, Time elapsed: 0.08 sec
Running org.apache.jackrabbit.oak.plugins.mongomk.MongoMKResetTest
Tests run: 7, Failures: 0, Errors: 0, Skipped: 1, Time elapsed: 0.03 sec
Running org.apache.jackrabbit.oak.plugins.mongomk.IsolationTest
Tests run: 2, Failures: 0, Errors: 0, Skipped: 0, Time elapsed: 0.008 sec
Running org.apache.jackrabbit.oak.plugins.mongomk.BlobTest
Tests run: 1, Failures: 0, Errors: 0, Skipped: 0, Time elapsed: 0.259 sec
Running org.apache.jackrabbit.oak.plugins.mongomk.MongoMKCommitCopyTest
Tests run: 21, Failures: 0, Errors: 0, Skipped: 14, Time elapsed: 0.029 sec
Running org.apache.jackrabbit.oak.plugins.mongomk.MongoMKCommitMoveTest
Tests run: 1, Failures: 0, Errors: 0, Skipped: 1, Time elapsed: 0.001 sec
Running org.apache.jackrabbit.oak.plugins.mongomk.MongoMKBranchMergeTest
Tests run: 19, Failures: 0, Errors: 0, Skipped: 2, Time elapsed: 0.413 sec
Running org.apache.jackrabbit.oak.plugins.mongomk.MongoMKDiffTest
Tests run: 1, Failures: 0, Errors: 0, Skipped: 1, Time elapsed: 0.001 sec
Running org.apache.jackrabbit.oak.plugins.mongomk.RandomizedTest
Tests run: 2, Failures: 0, Errors: 0, Skipped: 0, Time elapsed: 1.3 sec
Running org.apache.jackrabbit.oak.plugins.mongomk.BackgroundWriteTest
Tests run: 1, Failures: 0, Errors: 0, Skipped: 0, Time elapsed: 0.893 sec
Running org.apache.jackrabbit.oak.plugins.mongomk.ClusterJoinTest
Tests run: 1, Failures: 0, Errors: 0, Skipped: 1, Time elapsed: 0.001 sec
Running org.apache.jackrabbit.oak.plugins.mongomk.BlobThroughPutTest
Tests run: 2, Failures: 0, Errors: 0, Skipped: 2, Time elapsed: 0 sec
Running org.apache.jackrabbit.oak.plugins.mongomk.ConcurrentConflictTest
Tests run: 2, Failures: 0, Errors: 0, Skipped: 2, Time elapsed: 0.001 sec
Running org.apache.jackrabbit.oak.plugins.mongomk.RangeTest
Tests run: 1, Failures: 0, Errors: 0, Skipped: 0, Time elapsed: 0 sec
Running org.apache.jackrabbit.oak.plugins.mongomk.ConcurrentUpdatesTest
Tests run: 1, Failures: 0, Errors: 0, Skipped: 1, Time elapsed: 0.001 sec
Running org.apache.jackrabbit.oak.plugins.mongomk.MergeRetryTest
Tests run: 2, Failures: 0, Errors: 0, Skipped: 0, Time elapsed: 4.466 sec
Running org.apache.jackrabbit.oak.plugins.mongomk.multitenancy.MultiTenancyTest
Tests run: 1, Failures: 0, Errors: 0, Skipped: 1, Time elapsed: 0.001 sec
Running org.apache.jackrabbit.oak.plugins.mongomk.MongoMKRebaseTest
Tests run: 20, Failures: 0, Errors: 0, Skipped: 9, Time elapsed: 0.048 sec
Running org.apache.jackrabbit.oak.plugins.mongomk.PathComparatorTest
Tests run: 1, Failures: 0, Errors: 0, Skipped: 0, Time elapsed: 0.001 sec
Running org.apache.jackrabbit.oak.plugins.mongomk.CommitQueueTest
Tests run: 1, Failures: 0, Errors: 0, Skipped: 0, Time elapsed: 0.165 sec
Running org.apache.jackrabbit.oak.plugins.mongomk.RandomizedClusterTest
Tests run: 1, Failures: 0, Errors: 0, Skipped: 0, Time elapsed: 0.217 sec
Running org.apache.jackrabbit.oak.plugins.mongomk.DocumentSplitTest
Tests run: 5, Failures: 0, Errors: 0, Skipped: 0, Time elapsed: 0.213 sec
Running org.apache.jackrabbit.oak.plugins.mongomk.MongoMKCommitAddTest
Tests run: 14, Failures: 0, Errors: 0, Skipped: 1, Time elapsed: 0.056 sec
Running org.apache.jackrabbit.oak.plugins.mongomk.MongoMKBranchTest
Tests run: 4, Failures: 0, Errors: 0, Skipped: 0, Time elapsed: 0.019 sec
Running org.apache.jackrabbit.oak.plugins.mongomk.ConflictTest
Tests run: 54, Failures: 0, Errors: 0, Skipped: 0, Time elapsed: 0.265 sec
Running org.apache.jackrabbit.oak.plugins.mongomk.BlobReferenceTest
Tests run: 1, Failures: 0, Errors: 0, Skipped: 0, Time elapsed: 0.019 sec
Running org.apache.jackrabbit.oak.plugins.mongomk.MongoMKCommitRemoveTest
Tests run: 6, Failures: 0, Errors: 0, Skipped: 1, Time elapsed: 0.032 sec
Running org.apache.jackrabbit.oak.plugins.mongomk.MongoMKGetNodesTest
Tests run: 7, Failures: 0, Errors: 0, Skipped: 3, Time elapsed: 0.022 sec
Running org.apache.jackrabbit.oak.plugins.mongomk.MongoDbTest
Tests run: 2, Failures: 0, Errors: 0, Skipped: 2, Time elapsed: 0.002 sec
Running org.apache.jackrabbit.oak.plugins.mongomk.MongoDocumentStoreTest
Tests run: 6, Failures: 0, Errors: 0, Skipped: 1, Time elapsed: 0.094 sec
Running org.apache.jackrabbit.oak.plugins.mongomk.OptimizedChildFetchTest
Tests run: 2, Failures: 0, Errors: 0, Skipped: 0, Time elapsed: 0.014 sec
Running org.apache.jackrabbit.oak.plugins.mongomk.SimpleTest
Tests run: 18, Failures: 0, Errors: 0, Skipped: 0, Time elapsed: 0.095 sec
Running org.apache.jackrabbit.oak.plugins.mongomk.MongoMKGetHeadRevisionTest
Tests run: 1, Failures: 0, Errors: 0, Skipped: 0, Time elapsed: 0.002 sec
Running org.apache.jackrabbit.oak.plugins.mongomk.MongoMKNodeExistsTest
Tests run: 8, Failures: 0, Errors: 0, Skipped: 0, Time elapsed: 0.031 sec
Running org.apache.jackrabbit.oak.plugins.observation.filter.GlobbingPathFilterTest
Tests run: 11, Failures: 0, Errors: 0, Skipped: 0, Time elapsed: 0.01 sec
Running org.apache.jackrabbit.oak.plugins.observation.filter.SelectorTest
Tests run: 4, Failures: 0, Errors: 0, Skipped: 0, Time elapsed: 0.004 sec
Running org.apache.jackrabbit.oak.plugins.observation.filter.PropertyPredicateTest
Tests run: 3, Failures: 0, Errors: 0, Skipped: 0, Time elapsed: 0.002 sec
Running org.apache.jackrabbit.oak.plugins.observation.filter.UuidPredicateTest
Tests run: 5, Failures: 0, Errors: 0, Skipped: 0, Time elapsed: 0.003 sec
Running org.apache.jackrabbit.oak.plugins.observation.filter.FilterBuilderTest
Tests run: 4, Failures: 0, Errors: 0, Skipped: 0, Time elapsed: 0.005 sec
Running org.apache.jackrabbit.oak.plugins.observation.filter.NodeTypePredicateTest
Tests run: 5, Failures: 0, Errors: 0, Skipped: 0, Time elapsed: 0.002 sec
Running org.apache.jackrabbit.oak.plugins.identifier.IdentifierManagerTest
Tests run: 4, Failures: 0, Errors: 0, Skipped: 0, Time elapsed: 1.01 sec
Running org.apache.jackrabbit.oak.plugins.segment.MapRecordTest
Tests run: 1, Failures: 0, Errors: 0, Skipped: 0, Time elapsed: 0.044 sec
Running org.apache.jackrabbit.oak.plugins.segment.CompareAgainstBaseStateTest
Tests run: 8, Failures: 0, Errors: 0, Skipped: 0, Time elapsed: 0.008 sec
Running org.apache.jackrabbit.oak.plugins.segment.JournalTest
Tests run: 3, Failures: 0, Errors: 0, Skipped: 0, Time elapsed: 0.006 sec
Running org.apache.jackrabbit.oak.plugins.segment.MergeTest
Tests run: 3, Failures: 0, Errors: 0, Skipped: 0, Time elapsed: 0.112 sec
Running org.apache.jackrabbit.oak.plugins.segment.CheckpointTest
Tests run: 1, Failures: 0, Errors: 0, Skipped: 0, Time elapsed: 0 sec
Running org.apache.jackrabbit.oak.plugins.segment.SegmentSizeTest
Tests run: 5, Failures: 0, Errors: 0, Skipped: 0, Time elapsed: 0.05 sec
Running org.apache.jackrabbit.oak.plugins.segment.RecordTest
Tests run: 11, Failures: 1, Errors: 0, Skipped: 0, Time elapsed: 0.439 sec <<< FAILURE!
Running org.apache.jackrabbit.oak.plugins.segment.file.TarFileTest
Tests run: 2, Failures: 0, Errors: 0, Skipped: 0, Time elapsed: 0.772 sec
Running org.apache.jackrabbit.oak.plugins.backup.FileStoreBackupTest
Tests run: 2, Failures: 0, Errors: 0, Skipped: 1, Time elapsed: 9.574 sec
Running org.apache.jackrabbit.oak.plugins.index.AsyncIndexUpdateTest
Tests run: 3, Failures: 0, Errors: 0, Skipped: 0, Time elapsed: 0.013 sec
Running org.apache.jackrabbit.oak.plugins.index.nodetype.NodeTypeIndexTest
Tests run: 1, Failures: 0, Errors: 0, Skipped: 0, Time elapsed: 0.4 sec
Running org.apache.jackrabbit.oak.plugins.index.nodetype.NodeTypeIndexQueryTest
Tests run: 1, Failures: 0, Errors: 0, Skipped: 0, Time elapsed: 0.266 sec
Running org.apache.jackrabbit.oak.plugins.index.aggregate.SimpleNodeAggregatorTest
Tests run: 7, Failures: 0, Errors: 0, Skipped: 0, Time elapsed: 0.001 sec
Running org.apache.jackrabbit.oak.plugins.index.IndexUpdateTest
Tests run: 4, Failures: 0, Errors: 0, Skipped: 0, Time elapsed: 0.001 sec
Running org.apache.jackrabbit.oak.plugins.index.property.RelativePathTest
Tests run: 1, Failures: 0, Errors: 0, Skipped: 0, Time elapsed: 0.199 sec
Running org.apache.jackrabbit.oak.plugins.index.property.strategy.ContentMirrorStoreStrategyTest
Tests run: 2, Failures: 0, Errors: 0, Skipped: 0, Time elapsed: 0.002 sec
Running org.apache.jackrabbit.oak.plugins.index.property.MultipleIndicesTest
Tests run: 2, Failures: 0, Errors: 0, Skipped: 0, Time elapsed: 0.397 sec
Running org.apache.jackrabbit.oak.plugins.index.property.PropertyIndexQueryTest
Tests run: 6, Failures: 0, Errors: 0, Skipped: 0, Time elapsed: 2.83 sec
Running org.apache.jackrabbit.oak.plugins.index.property.PropertyIndexTest
Tests run: 10, Failures: 0, Errors: 0, Skipped: 0, Time elapsed: 0.128 sec
Running org.apache.jackrabbit.oak.plugins.index.diffindex.DiffCollectorTest
Tests run: 3, Failures: 0, Errors: 0, Skipped: 0, Time elapsed: 0.002 sec
Running org.apache.jackrabbit.oak.plugins.nodetype.TypeEditorTest
Tests run: 5, Failures: 0, Errors: 0, Skipped: 0, Time elapsed: 0.125 sec
Running org.apache.jackrabbit.oak.plugins.name.ReadWriteNamespaceRegistryTest
Tests run: 4, Failures: 0, Errors: 0, Skipped: 0, Time elapsed: 0.795 sec
Running org.apache.jackrabbit.oak.plugins.name.NameValidatorTest
Tests run: 10, Failures: 0, Errors: 0, Skipped: 0, Time elapsed: 0.002 sec
Running org.apache.jackrabbit.oak.spi.security.privilege.PrivilegeBitsTest
Tests run: 13, Failures: 0, Errors: 0, Skipped: 0, Time elapsed: 3.105 sec
Running org.apache.jackrabbit.oak.spi.security.privilege.PrivilegeBitsProviderTest
Tests run: 10, Failures: 0, Errors: 0, Skipped: 0, Time elapsed: 2.073 sec
Running org.apache.jackrabbit.oak.spi.security.authorization.accesscontrol.ACETest
Tests run: 26, Failures: 0, Errors: 0, Skipped: 0, Time elapsed: 5.366 sec
Running org.apache.jackrabbit.oak.spi.security.authorization.accesscontrol.ImmutableACLTest
Tests run: 14, Failures: 0, Errors: 0, Skipped: 0, Time elapsed: 2.774 sec
Running org.apache.jackrabbit.oak.spi.security.authorization.restriction.AbstractRestrictionProviderTest
Tests run: 21, Failures: 0, Errors: 0, Skipped: 0, Time elapsed: 4.27 sec
Running org.apache.jackrabbit.oak.spi.security.authorization.restriction.RestrictionImplTest
Tests run: 6, Failures: 0, Errors: 0, Skipped: 0, Time elapsed: 1.106 sec
Running org.apache.jackrabbit.oak.spi.security.authorization.restriction.CompositeRestrictionProviderTest
Tests run: 15, Failures: 0, Errors: 0, Skipped: 0, Time elapsed: 2.927 sec
Running org.apache.jackrabbit.oak.spi.security.authorization.restriction.RestrictionDefinitionImplTest
Tests run: 6, Failures: 0, Errors: 0, Skipped: 0, Time elapsed: 0.969 sec
Running org.apache.jackrabbit.oak.spi.security.authentication.external.ExternalLoginModuleTest
Tests run: 8, Failures: 0, Errors: 0, Skipped: 0, Time elapsed: 1.571 sec
Running org.apache.jackrabbit.oak.spi.security.authentication.AbstractLoginModuleTest
Tests run: 4, Failures: 0, Errors: 0, Skipped: 0, Time elapsed: 0.001 sec
Running org.apache.jackrabbit.oak.spi.security.authentication.PreAuthTest
Tests run: 6, Failures: 0, Errors: 0, Skipped: 0, Time elapsed: 1.096 sec
Running org.apache.jackrabbit.oak.spi.security.authentication.GuestLoginModuleTest
Tests run: 3, Failures: 0, Errors: 0, Skipped: 0, Time elapsed: 0.001 sec
Running org.apache.jackrabbit.oak.spi.security.principal.EveryonePrincipalTest
Tests run: 7, Failures: 0, Errors: 0, Skipped: 0, Time elapsed: 0.001 sec
Running org.apache.jackrabbit.oak.spi.security.principal.PrincipalImplTest
Tests run: 3, Failures: 0, Errors: 0, Skipped: 0, Time elapsed: 0.001 sec
Running org.apache.jackrabbit.oak.spi.security.user.util.PasswordUtilTest
Tests run: 8, Failures: 0, Errors: 0, Skipped: 0, Time elapsed: 0.001 sec
Running org.apache.jackrabbit.oak.spi.security.user.action.AccessControlActionTest
Tests run: 2, Failures: 0, Errors: 0, Skipped: 0, Time elapsed: 0.001 sec
Running org.apache.jackrabbit.oak.spi.security.user.action.PasswordValidationActionTest
Tests run: 4, Failures: 0, Errors: 0, Skipped: 0, Time elapsed: 1.326 sec
Running org.apache.jackrabbit.oak.spi.security.user.action.PasswordChangeActionTest
Tests run: 4, Failures: 0, Errors: 0, Skipped: 0, Time elapsed: 0.825 sec
Running org.apache.jackrabbit.oak.spi.commit.BackgroundObserverTest
Tests run: 1, Failures: 0, Errors: 0, Skipped: 0, Time elapsed: 0.357 sec
Running org.apache.jackrabbit.oak.spi.commit.MoveTrackerTest
Tests run: 9, Failures: 0, Errors: 0, Skipped: 0, Time elapsed: 0.004 sec
Running org.apache.jackrabbit.oak.spi.commit.SubtreeValidatorTest
Tests run: 1, Failures: 0, Errors: 0, Skipped: 0, Time elapsed: 0.003 sec
Running org.apache.jackrabbit.oak.spi.state.MoveDetectorTest
Tests run: 5, Failures: 0, Errors: 0, Skipped: 0, Time elapsed: 0.002 sec
Running org.apache.jackrabbit.oak.security.user.UserInitializerTest
Tests run: 7, Failures: 0, Errors: 0, Skipped: 0, Time elapsed: 1.911 sec
Running org.apache.jackrabbit.oak.security.user.query.UserQueryManagerTest
Tests run: 4, Failures: 0, Errors: 0, Skipped: 0, Time elapsed: 0.89 sec
Running org.apache.jackrabbit.oak.security.user.AuthorizableImplTest
Tests run: 3, Failures: 0, Errors: 0, Skipped: 0, Time elapsed: 0.661 sec
Running org.apache.jackrabbit.oak.security.user.UserValidatorTest
Tests run: 14, Failures: 0, Errors: 0, Skipped: 0, Time elapsed: 2.846 sec
Running org.apache.jackrabbit.oak.security.user.UserProviderTest
Tests run: 11, Failures: 0, Errors: 0, Skipped: 0, Time elapsed: 1.893 sec
Running org.apache.jackrabbit.oak.security.user.EveryoneGroupTest
Tests run: 15, Failures: 0, Errors: 0, Skipped: 0, Time elapsed: 3.298 sec
Running org.apache.jackrabbit.oak.security.user.UserManagerImplTest
Tests run: 7, Failures: 0, Errors: 0, Skipped: 0, Time elapsed: 1.498 sec
Running org.apache.jackrabbit.oak.security.user.MembershipProviderTest
Tests run: 5, Failures: 0, Errors: 0, Skipped: 0, Time elapsed: 35.882 sec
Running org.apache.jackrabbit.oak.security.user.autosave.AutoSaveEnabledManagerTest
Tests run: 14, Failures: 0, Errors: 0, Skipped: 0, Time elapsed: 2.095 sec
Running org.apache.jackrabbit.oak.security.authorization.restriction.RestrictionProviderImplTest
Tests run: 2, Failures: 0, Errors: 0, Skipped: 0, Time elapsed: 0 sec
Running org.apache.jackrabbit.oak.security.authorization.accesscontrol.ReadPolicyTest
Tests run: 2, Failures: 0, Errors: 0, Skipped: 0, Time elapsed: 0.001 sec
Running org.apache.jackrabbit.oak.security.authorization.accesscontrol.ACLTest
Tests run: 45, Failures: 0, Errors: 0, Skipped: 0, Time elapsed: 6.735 sec
Running org.apache.jackrabbit.oak.security.authorization.accesscontrol.AccessControlValidatorTest
Tests run: 15, Failures: 0, Errors: 0, Skipped: 0, Time elapsed: 2.914 sec
Running org.apache.jackrabbit.oak.security.authorization.accesscontrol.AccessControlManagerImplTest
Tests run: 101, Failures: 0, Errors: 0, Skipped: 0, Time elapsed: 19.093 sec
Running org.apache.jackrabbit.oak.security.authorization.evaluation.HiddenTreeTest
Tests run: 6, Failures: 0, Errors: 0, Skipped: 0, Time elapsed: 0.468 sec
Running org.apache.jackrabbit.oak.security.authorization.evaluation.ShadowInvisibleContentTest
Tests run: 4, Failures: 0, Errors: 0, Skipped: 1, Time elapsed: 0.588 sec
Running org.apache.jackrabbit.oak.security.authorization.evaluation.TreeTest
Tests run: 9, Failures: 0, Errors: 0, Skipped: 0, Time elapsed: 1.904 sec
Running org.apache.jackrabbit.oak.security.authorization.evaluation.Jr2CompatibilityTest
Tests run: 3, Failures: 0, Errors: 0, Skipped: 0, Time elapsed: 0.655 sec
Running org.apache.jackrabbit.oak.security.authorization.evaluation.ChildOrderPropertyTest
Tests run: 5, Failures: 0, Errors: 0, Skipped: 0, Time elapsed: 1.024 sec
Running org.apache.jackrabbit.oak.security.authorization.evaluation.JcrUUIDTest
Tests run: 7, Failures: 0, Errors: 0, Skipped: 0, Time elapsed: 2.144 sec
Running org.apache.jackrabbit.oak.security.authorization.evaluation.MultipleSessionsACLStabilityTest
Tests run: 3, Failures: 0, Errors: 0, Skipped: 1, Time elapsed: 0.435 sec
Running org.apache.jackrabbit.oak.security.authorization.evaluation.VersionStorageTest
Tests run: 6, Failures: 0, Errors: 0, Skipped: 0, Time elapsed: 1.168 sec
Running org.apache.jackrabbit.oak.security.authorization.evaluation.RootTest
Tests run: 8, Failures: 0, Errors: 0, Skipped: 0, Time elapsed: 1.593 sec
Running org.apache.jackrabbit.oak.security.authorization.permission.ClusterPermissionsTest
Tests run: 3, Failures: 0, Errors: 0, Skipped: 0, Time elapsed: 1.934 sec
Running org.apache.jackrabbit.oak.security.authorization.permission.PermissionStoreTest
Tests run: 6, Failures: 0, Errors: 0, Skipped: 0, Time elapsed: 1.262 sec
Running org.apache.jackrabbit.oak.security.authorization.permission.PermissionProviderImplTest
Tests run: 5, Failures: 0, Errors: 0, Skipped: 0, Time elapsed: 1.173 sec
Running org.apache.jackrabbit.oak.security.authorization.permission.AllPermissionsTest
Tests run: 4, Failures: 0, Errors: 0, Skipped: 0, Time elapsed: 0.844 sec
Running org.apache.jackrabbit.oak.security.authorization.permission.PermissionHookTest
Tests run: 8, Failures: 0, Errors: 0, Skipped: 0, Time elapsed: 1.817 sec
Running org.apache.jackrabbit.oak.security.authorization.permission.TreePermissionImplTest
Tests run: 2, Failures: 0, Errors: 0, Skipped: 0, Time elapsed: 0.454 sec
Running org.apache.jackrabbit.oak.security.authentication.token.TokenAuthenticationTest
Tests run: 6, Failures: 0, Errors: 0, Skipped: 0, Time elapsed: 1.307 sec
Running org.apache.jackrabbit.oak.security.authentication.token.TokenInfoTest
Tests run: 10, Failures: 0, Errors: 0, Skipped: 0, Time elapsed: 2.085 sec
Running org.apache.jackrabbit.oak.security.authentication.token.TokenProviderImplTest
Tests run: 14, Failures: 0, Errors: 0, Skipped: 0, Time elapsed: 2.847 sec
Running org.apache.jackrabbit.oak.security.authentication.token.TokenLoginModuleTest
Tests run: 6, Failures: 0, Errors: 0, Skipped: 0, Time elapsed: 0.001 sec
Running org.apache.jackrabbit.oak.security.authentication.GuestDefaultLoginModuleTest
Tests run: 2, Failures: 0, Errors: 0, Skipped: 0, Time elapsed: 0 sec
Running org.apache.jackrabbit.oak.security.authentication.TokenDefaultLoginModuleTest
Tests run: 10, Failures: 0, Errors: 0, Skipped: 0, Time elapsed: 0.001 sec
Running org.apache.jackrabbit.oak.security.authentication.ldap.LdapLoginWithRepoLoginTest
Tests run: 1, Failures: 0, Errors: 0, Skipped: 1, Time elapsed: 0 sec
Running org.apache.jackrabbit.oak.security.authentication.ldap.LdapLoginStandaloneTest
Tests run: 1, Failures: 0, Errors: 0, Skipped: 1, Time elapsed: 0 sec
Running org.apache.jackrabbit.oak.security.authentication.Jackrabbit2ConfigurationTest
Tests run: 10, Failures: 0, Errors: 0, Skipped: 0, Time elapsed: 0.394 sec
Running org.apache.jackrabbit.oak.security.authentication.user.LoginModuleImplTest
Tests run: 6, Failures: 0, Errors: 0, Skipped: 0, Time elapsed: 0.679 sec
Running org.apache.jackrabbit.oak.security.authentication.user.UserAuthenticationTest
Tests run: 8, Failures: 0, Errors: 0, Skipped: 0, Time elapsed: 1.708 sec
Running org.apache.jackrabbit.oak.security.principal.PrincipalProviderImplTest
Tests run: 8, Failures: 0, Errors: 0, Skipped: 0, Time elapsed: 1.778 sec
Running org.apache.jackrabbit.oak.security.privilege.PrivilegeDefinitionReaderTest
Tests run: 3, Failures: 0, Errors: 0, Skipped: 0, Time elapsed: 0.633 sec
Running org.apache.jackrabbit.oak.security.privilege.PrivilegeDefinitionWriterTest
Tests run: 3, Failures: 0, Errors: 0, Skipped: 0, Time elapsed: 0.62 sec
Running org.apache.jackrabbit.oak.security.privilege.PrivilegeValidatorTest
Tests run: 6, Failures: 0, Errors: 0, Skipped: 0, Time elapsed: 1.016 sec
Running org.apache.jackrabbit.oak.security.ConfigurationParametersTest
Tests run: 11, Failures: 0, Errors: 0, Skipped: 0, Time elapsed: 0.004 sec
Running org.apache.jackrabbit.oak.api.UniquePropertyTest
Tests run: 1, Failures: 0, Errors: 0, Skipped: 0, Time elapsed: 0.156 sec
Running org.apache.jackrabbit.oak.api.RootTest
Tests run: 8, Failures: 0, Errors: 0, Skipped: 0, Time elapsed: 0.032 sec
Running org.apache.jackrabbit.oak.api.ContentSessionTest
Tests run: 12, Failures: 0, Errors: 0, Skipped: 0, Time elapsed: 0.034 sec
Running org.apache.jackrabbit.oak.api.QueryTest
Tests run: 1, Failures: 0, Errors: 0, Skipped: 0, Time elapsed: 0.099 sec
Running org.apache.jackrabbit.oak.api.TreeTest
Tests run: 44, Failures: 0, Errors: 0, Skipped: 0, Time elapsed: 0.329 sec
Running org.apache.jackrabbit.oak.namepath.NamePathMapperImplTest
Tests run: 11, Failures: 0, Errors: 0, Skipped: 0, Time elapsed: 0.02 sec
Running org.apache.jackrabbit.oak.namepath.GlobalNameMapperTest
Tests run: 4, Failures: 0, Errors: 0, Skipped: 0, Time elapsed: 0.006 sec
Running org.apache.jackrabbit.oak.kernel.TypeCodesTest
Tests run: 4, Failures: 0, Errors: 0, Skipped: 0, Time elapsed: 0.002 sec
Running org.apache.jackrabbit.oak.kernel.JsopDiffTest
Tests run: 2, Failures: 0, Errors: 0, Skipped: 0, Time elapsed: 0.023 sec
Running org.apache.jackrabbit.oak.kernel.NodeStoreTest
Tests run: 76, Failures: 0, Errors: 0, Skipped: 0, Time elapsed: 2.28 sec
Running org.apache.jackrabbit.oak.kernel.LargeKernelNodeStateTest
Tests run: 3, Failures: 0, Errors: 0, Skipped: 0, Time elapsed: 0.047 sec
Running org.apache.jackrabbit.oak.kernel.KernelNodeStoreCacheTest
Tests run: 4, Failures: 0, Errors: 0, Skipped: 0, Time elapsed: 0.014 sec
Running org.apache.jackrabbit.oak.kernel.KernelNodeStateTest
Tests run: 6, Failures: 0, Errors: 0, Skipped: 0, Time elapsed: 0.012 sec
Running org.apache.jackrabbit.oak.kernel.KernelNodeBuilderTest
Tests run: 5, Failures: 0, Errors: 0, Skipped: 0, Time elapsed: 0.009 sec
Running org.apache.jackrabbit.oak.OakTest
Tests run: 1, Failures: 0, Errors: 0, Skipped: 0, Time elapsed: 0.005 sec

Results :

Failed tests:   testListRecord(org.apache.jackrabbit.oak.plugins.segment.RecordTest): OAK-1287

Tests run: 1497, Failures: 1, Errors: 0, Skipped: 63

[INFO] ------------------------------------------------------------------------
[INFO] BUILD FAILURE
[INFO] ------------------------------------------------------------------------
[INFO] Total time: 04:13 min
[INFO] Finished at: 2020-03-11T03:57:17-07:00
[INFO] Final Memory: 27M/982M
[INFO] ------------------------------------------------------------------------
[ERROR] Failed to execute goal org.apache.maven.plugins:maven-surefire-plugin:2.9:test (default-test) on project oak-core: There are test failures.
[ERROR] 
[ERROR] Please refer to /scratch/tmp-rta/Bugs.jar_Jackrabbit-Oak_14849e22_java-7/oak-core/target/surefire-reports for the individual test results.
[ERROR] -> [Help 1]
[ERROR] 
[ERROR] To see the full stack trace of the errors, re-run Maven with the -e switch.
[ERROR] Re-run Maven using the -X switch to enable full debug logging.
[ERROR] 
[ERROR] For more information about the errors and possible solutions, please read the following articles:
[ERROR] [Help 1] http://cwiki.apache.org/confluence/display/MAVEN/MojoFailureException
