Picked up JAVA_TOOL_OPTIONS: -XX:CICompilerCount=2 -XX:ParallelGCThreads=2 -XX:ConcGCThreads=2 -Djdk.net.URLClassPath.disableClassPathURLCheck=true 
Picked up _JAVA_OPTIONS: -Djdk.net.URLClassPath.disableClassPathURLCheck=true
Apache Maven 3.5.0 (Red Hat 3.5.0-4.3)
Maven home: /opt/rh/rh-maven35/root/usr/share/maven
Java version: 1.7.0_80, vendor: Oracle Corporation
Java home: /boom/scratch/jmcampos/RTA/repair_them_all_framework/jdks/jdk1.7.0_80/jre
Default locale: en_US, platform encoding: UTF-8
OS name: "linux", version: "4.14.147-1.el7.retpoline.x86_64", arch: "amd64", family: "unix"
[INFO] Scanning for projects...
[INFO] 
[INFO] ------------------------------------------------------------------------
[INFO] Building Core 1.6.0-SNAPSHOT
[INFO] ------------------------------------------------------------------------
[INFO] Downloading: http://repository.apache.org/snapshots/org/apache/accumulo/accumulo-fate/1.6.0-SNAPSHOT/maven-metadata.xml
[INFO] Downloading: http://repository.apache.org/snapshots/org/apache/accumulo/accumulo-project/1.6.0-SNAPSHOT/maven-metadata.xml
[INFO] Downloading: http://repository.apache.org/snapshots/org/apache/accumulo/accumulo-start/1.6.0-SNAPSHOT/maven-metadata.xml
[INFO] Downloading: http://repository.apache.org/snapshots/org/apache/accumulo/accumulo-trace/1.6.0-SNAPSHOT/maven-metadata.xml
[INFO] 
[INFO] --- maven-sortpom-plugin:2.1.0:verify (verify-sorted-pom) @ accumulo-core ---
[INFO] Verifying file /tmp/Bugs.jar_Accumulo_941e3cb1_java-7/core/pom.xml
[INFO] 
[INFO] --- maven-enforcer-plugin:1.0.1:enforce (enforce-mvn) @ accumulo-core ---
[INFO] Skipping Rule Enforcement.
[INFO] 
[INFO] --- maven-resources-plugin:2.6:copy-resources (prepare-filtered-java-source) @ accumulo-core ---
[INFO] Using 'UTF-8' encoding to copy filtered resources.
[INFO] Copying 1 resource
[INFO] 
[INFO] --- build-helper-maven-plugin:1.8:add-source (add-filtered-java-source) @ accumulo-core ---
[INFO] Source directory: /tmp/Bugs.jar_Accumulo_941e3cb1_java-7/core/target/filtered-java-src added.
[INFO] 
[INFO] --- maven-remote-resources-plugin:1.4:process (default) @ accumulo-core ---
[INFO] 
[INFO] --- maven-resources-plugin:2.6:resources (default-resources) @ accumulo-core ---
[INFO] Using 'UTF-8' encoding to copy filtered resources.
[INFO] Copying 1 resource
[INFO] Copying 3 resources
[INFO] 
[INFO] --- maven-compiler-plugin:2.5.1:compile (default-compile) @ accumulo-core ---
[INFO] Compiling 2 source files to /tmp/Bugs.jar_Accumulo_941e3cb1_java-7/core/target/classes
[INFO] 
[INFO] --- maven-resources-plugin:2.6:testResources (default-testResources) @ accumulo-core ---
[INFO] Using 'UTF-8' encoding to copy filtered resources.
[INFO] Copying 9 resources
[INFO] Copying 3 resources
[INFO] 
[INFO] --- maven-compiler-plugin:2.5.1:testCompile (default-testCompile) @ accumulo-core ---
[INFO] Nothing to compile - all classes are up to date
[INFO] 
[INFO] --- maven-surefire-plugin:2.12.4:test (default-test) @ accumulo-core ---
[INFO] Surefire report directory: /tmp/Bugs.jar_Accumulo_941e3cb1_java-7/core/target/surefire-reports
[INFO] Downloading: https://repo.maven.apache.org/maven2/org/apache/maven/surefire/surefire-junit4/2.12.4/surefire-junit4-2.12.4.pom
[INFO] Downloaded: https://repo.maven.apache.org/maven2/org/apache/maven/surefire/surefire-junit4/2.12.4/surefire-junit4-2.12.4.pom (2.4 kB at 2.6 kB/s)
[INFO] Downloading: https://repo.maven.apache.org/maven2/org/apache/maven/surefire/surefire-providers/2.12.4/surefire-providers-2.12.4.pom
[INFO] Downloaded: https://repo.maven.apache.org/maven2/org/apache/maven/surefire/surefire-providers/2.12.4/surefire-providers-2.12.4.pom (2.3 kB at 235 kB/s)
[INFO] Downloading: https://repo.maven.apache.org/maven2/org/apache/maven/surefire/surefire-junit4/2.12.4/surefire-junit4-2.12.4.jar
[INFO] Downloaded: https://repo.maven.apache.org/maven2/org/apache/maven/surefire/surefire-junit4/2.12.4/surefire-junit4-2.12.4.jar (37 kB at 1.3 MB/s)

-------------------------------------------------------
 T E S T S
-------------------------------------------------------
Picked up JAVA_TOOL_OPTIONS: -XX:CICompilerCount=2 -XX:ParallelGCThreads=2 -XX:ConcGCThreads=2 -Djdk.net.URLClassPath.disableClassPathURLCheck=true -XX:CICompilerCount=2 -XX:ParallelGCThreads=2 -XX:ConcGCThreads=2 -Djdk.net.URLClassPath.disableClassPathURLCheck=true 
Picked up _JAVA_OPTIONS: -Djdk.net.URLClassPath.disableClassPathURLCheck=true
Running org.apache.accumulo.core.file.rfile.RFileTest
Tests run: 40, Failures: 0, Errors: 0, Skipped: 0, Time elapsed: 5.566 sec
Running org.apache.accumulo.core.file.rfile.MultiLevelIndexTest
Tests run: 1, Failures: 0, Errors: 0, Skipped: 0, Time elapsed: 0.411 sec
Running org.apache.accumulo.core.file.rfile.RelativeKeyTest
Tests run: 6, Failures: 0, Errors: 0, Skipped: 0, Time elapsed: 0.004 sec
Running org.apache.accumulo.core.file.rfile.BlockIndexTest
Tests run: 2, Failures: 0, Errors: 0, Skipped: 0, Time elapsed: 0.049 sec
Running org.apache.accumulo.core.file.FileOperationsTest
Tests run: 1, Failures: 0, Errors: 0, Skipped: 0, Time elapsed: 0.03 sec
Running org.apache.accumulo.core.file.blockfile.cache.TestLruBlockCache
Tests run: 7, Failures: 0, Errors: 0, Skipped: 0, Time elapsed: 1.028 sec
Running org.apache.accumulo.core.file.blockfile.cache.TestCachedBlockQueue
Tests run: 2, Failures: 0, Errors: 0, Skipped: 0, Time elapsed: 0.001 sec
Running org.apache.accumulo.core.iterators.user.BigDecimalCombinerTest
Tests run: 1, Failures: 0, Errors: 0, Skipped: 0, Time elapsed: 0.009 sec
Running org.apache.accumulo.core.iterators.user.WholeRowIteratorTest
Tests run: 3, Failures: 0, Errors: 0, Skipped: 0, Time elapsed: 0.002 sec
Running org.apache.accumulo.core.iterators.user.RowDeletingIteratorTest
Tests run: 4, Failures: 0, Errors: 0, Skipped: 0, Time elapsed: 0.002 sec
Running org.apache.accumulo.core.iterators.user.RegExFilterTest
Tests run: 1, Failures: 0, Errors: 0, Skipped: 0, Time elapsed: 0.002 sec
Running org.apache.accumulo.core.iterators.user.IntersectingIteratorTest
Tests run: 6, Failures: 0, Errors: 0, Skipped: 0, Time elapsed: 0.545 sec
Running org.apache.accumulo.core.iterators.user.GrepIteratorTest
Tests run: 1, Failures: 0, Errors: 0, Skipped: 0, Time elapsed: 0.049 sec
Running org.apache.accumulo.core.iterators.user.IndexedDocIteratorTest
Tests run: 5, Failures: 0, Errors: 0, Skipped: 0, Time elapsed: 0.65 sec
Running org.apache.accumulo.core.iterators.user.TransformingIteratorTest
Tests run: 16, Failures: 0, Errors: 0, Skipped: 0, Time elapsed: 0.001 sec
Running org.apache.accumulo.core.iterators.user.CombinerTest
Tests run: 14, Failures: 0, Errors: 0, Skipped: 0, Time elapsed: 0.001 sec
Running org.apache.accumulo.core.iterators.user.ColumnSliceFilterTest
Tests run: 11, Failures: 0, Errors: 0, Skipped: 0, Time elapsed: 0.001 sec
Running org.apache.accumulo.core.iterators.user.VisibilityFilterTest
Tests run: 9, Failures: 0, Errors: 0, Skipped: 0, Time elapsed: 0 sec
Running org.apache.accumulo.core.iterators.user.LargeRowFilterTest
Tests run: 5, Failures: 0, Errors: 0, Skipped: 0, Time elapsed: 0 sec
Running org.apache.accumulo.core.iterators.user.FilterTest
Tests run: 11, Failures: 0, Errors: 0, Skipped: 0, Time elapsed: 0.001 sec
Running org.apache.accumulo.core.iterators.user.VersioningIteratorTest
Tests run: 6, Failures: 0, Errors: 0, Skipped: 0, Time elapsed: 0 sec
Running org.apache.accumulo.core.iterators.user.WholeColumnFamilyIteratorTest
Tests run: 3, Failures: 0, Errors: 0, Skipped: 0, Time elapsed: 0.001 sec
Running org.apache.accumulo.core.iterators.user.RowFilterTest
Tests run: 1, Failures: 0, Errors: 0, Skipped: 0, Time elapsed: 0 sec
Running org.apache.accumulo.core.iterators.AggregatingIteratorTest
Tests run: 7, Failures: 0, Errors: 0, Skipped: 0, Time elapsed: 0.001 sec
Running org.apache.accumulo.core.iterators.system.DeletingIteratorTest
Tests run: 4, Failures: 0, Errors: 0, Skipped: 0, Time elapsed: 0 sec
Running org.apache.accumulo.core.iterators.system.ColumnFilterTest
Tests run: 3, Failures: 0, Errors: 0, Skipped: 0, Time elapsed: 0.001 sec
Running org.apache.accumulo.core.iterators.system.ColumnFamilySkippingIteratorTest
Tests run: 3, Failures: 0, Errors: 0, Skipped: 0, Time elapsed: 0.317 sec
Running org.apache.accumulo.core.iterators.system.SourceSwitchingIteratorTest
Tests run: 5, Failures: 0, Errors: 0, Skipped: 0, Time elapsed: 0.001 sec
Running org.apache.accumulo.core.iterators.system.TimeSettingIteratorTest
Tests run: 1, Failures: 0, Errors: 0, Skipped: 0, Time elapsed: 0 sec
Running org.apache.accumulo.core.iterators.system.MultiIteratorTest
Tests run: 7, Failures: 0, Errors: 0, Skipped: 0, Time elapsed: 0.139 sec
Running org.apache.accumulo.core.iterators.system.VisibilityFilterTest
Tests run: 1, Failures: 0, Errors: 0, Skipped: 0, Time elapsed: 0 sec
Running org.apache.accumulo.core.iterators.aggregation.NumSummationTest
Tests run: 5, Failures: 0, Errors: 0, Skipped: 0, Time elapsed: 0.001 sec
Running org.apache.accumulo.core.iterators.aggregation.conf.AggregatorConfigurationTest
Tests run: 2, Failures: 0, Errors: 0, Skipped: 0, Time elapsed: 0 sec
Running org.apache.accumulo.core.iterators.IterUtilTest
Tests run: 5, Failures: 0, Errors: 0, Skipped: 0, Time elapsed: 0 sec
Running org.apache.accumulo.core.iterators.FirstEntryInRowTest
Tests run: 2, Failures: 0, Errors: 0, Skipped: 0, Time elapsed: 0 sec
Running org.apache.accumulo.core.iterators.FirstEntryInRowIteratorTest
Tests run: 1, Failures: 0, Errors: 0, Skipped: 0, Time elapsed: 0 sec
Running org.apache.accumulo.core.util.shell.command.FormatterCommandTest
Tests run: 1, Failures: 0, Errors: 0, Skipped: 0, Time elapsed: 0.017 sec
Running org.apache.accumulo.core.util.shell.ShellTest
Tests run: 12, Failures: 0, Errors: 0, Skipped: 0, Time elapsed: 0.096 sec
Running org.apache.accumulo.core.util.shell.ShellConfigTest
Tests run: 5, Failures: 0, Errors: 0, Skipped: 0, Time elapsed: 0.016 sec
Running org.apache.accumulo.core.util.shell.PasswordConverterTest
Tests run: 5, Failures: 0, Errors: 0, Skipped: 0, Time elapsed: 0.003 sec
Running org.apache.accumulo.core.util.shell.ShellSetInstanceTest
Tests run: 7, Failures: 0, Errors: 0, Skipped: 0, Time elapsed: 1.551 sec
Running org.apache.accumulo.core.util.NumUtilTest
Tests run: 2, Failures: 0, Errors: 0, Skipped: 0, Time elapsed: 0 sec
Running org.apache.accumulo.core.util.TestVersion
Tests run: 1, Failures: 0, Errors: 0, Skipped: 0, Time elapsed: 0 sec
Running org.apache.accumulo.core.util.PartitionerTest
Tests run: 1, Failures: 0, Errors: 0, Skipped: 0, Time elapsed: 0 sec
Running org.apache.accumulo.core.util.LocalityGroupUtilTest
Tests run: 2, Failures: 0, Errors: 0, Skipped: 0, Time elapsed: 0.008 sec
Running org.apache.accumulo.core.util.MergeTest
Tests run: 1, Failures: 0, Errors: 0, Skipped: 0, Time elapsed: 0.003 sec
Running org.apache.accumulo.core.util.TestStringUtil
Tests run: 1, Failures: 0, Errors: 0, Skipped: 0, Time elapsed: 0 sec
Running org.apache.accumulo.core.util.TextUtilTest
Tests run: 1, Failures: 0, Errors: 0, Skipped: 0, Time elapsed: 0 sec
Running org.apache.accumulo.core.client.mapred.AccumuloInputFormatTest
Tests run: 6, Failures: 0, Errors: 1, Skipped: 0, Time elapsed: 71.069 sec <<< FAILURE!
testMap(org.apache.accumulo.core.client.mapred.AccumuloInputFormatTest)  Time elapsed: 71.011 sec  <<< ERROR!
java.io.IOException: java.lang.RuntimeException: Failed to connect to zookeeper (localhost) within 2x zookeeper timeout period 30000
	at org.apache.accumulo.core.client.mapred.AbstractInputFormat.getSplits(AbstractInputFormat.java:492)
	at org.apache.hadoop.mapred.JobClient.writeOldSplits(JobClient.java:1081)
	at org.apache.hadoop.mapred.JobClient.writeSplits(JobClient.java:1073)
	at org.apache.hadoop.mapred.JobClient.access$700(JobClient.java:179)
	at org.apache.hadoop.mapred.JobClient$2.run(JobClient.java:983)
	at org.apache.hadoop.mapred.JobClient$2.run(JobClient.java:936)
	at java.security.AccessController.doPrivileged(Native Method)
	at javax.security.auth.Subject.doAs(Subject.java:415)
	at org.apache.hadoop.security.UserGroupInformation.doAs(UserGroupInformation.java:1190)
	at org.apache.hadoop.mapred.JobClient.submitJobInternal(JobClient.java:936)
	at org.apache.hadoop.mapred.JobClient.submitJob(JobClient.java:910)
	at org.apache.hadoop.mapred.JobClient.runJob(JobClient.java:1353)
	at org.apache.accumulo.core.client.mapred.AccumuloInputFormatTest$MRTester.run(AccumuloInputFormatTest.java:259)
	at org.apache.hadoop.util.ToolRunner.run(ToolRunner.java:65)
	at org.apache.accumulo.core.client.mapred.AccumuloInputFormatTest$MRTester.main(AccumuloInputFormatTest.java:263)
	at org.apache.accumulo.core.client.mapred.AccumuloInputFormatTest.testMap(AccumuloInputFormatTest.java:280)
	at sun.reflect.NativeMethodAccessorImpl.invoke0(Native Method)
	at sun.reflect.NativeMethodAccessorImpl.invoke(NativeMethodAccessorImpl.java:57)
	at sun.reflect.DelegatingMethodAccessorImpl.invoke(DelegatingMethodAccessorImpl.java:43)
	at java.lang.reflect.Method.invoke(Method.java:606)
	at org.junit.runners.model.FrameworkMethod$1.runReflectiveCall(FrameworkMethod.java:47)
	at org.junit.internal.runners.model.ReflectiveCallable.run(ReflectiveCallable.java:12)
	at org.junit.runners.model.FrameworkMethod.invokeExplosively(FrameworkMethod.java:44)
	at org.junit.internal.runners.statements.InvokeMethod.evaluate(InvokeMethod.java:17)
	at org.junit.runners.ParentRunner.runLeaf(ParentRunner.java:271)
	at org.junit.runners.BlockJUnit4ClassRunner.runChild(BlockJUnit4ClassRunner.java:70)
	at org.junit.runners.BlockJUnit4ClassRunner.runChild(BlockJUnit4ClassRunner.java:50)
	at org.junit.runners.ParentRunner$3.run(ParentRunner.java:238)
	at org.junit.runners.ParentRunner$1.schedule(ParentRunner.java:63)
	at org.junit.runners.ParentRunner.runChildren(ParentRunner.java:236)
	at org.junit.runners.ParentRunner.access$000(ParentRunner.java:53)
	at org.junit.runners.ParentRunner$2.evaluate(ParentRunner.java:229)
	at org.junit.runners.ParentRunner.run(ParentRunner.java:309)
	at org.apache.maven.surefire.junit4.JUnit4Provider.execute(JUnit4Provider.java:252)
	at org.apache.maven.surefire.junit4.JUnit4Provider.executeTestSet(JUnit4Provider.java:141)
	at org.apache.maven.surefire.junit4.JUnit4Provider.invoke(JUnit4Provider.java:112)
	at sun.reflect.NativeMethodAccessorImpl.invoke0(Native Method)
	at sun.reflect.NativeMethodAccessorImpl.invoke(NativeMethodAccessorImpl.java:57)
	at sun.reflect.DelegatingMethodAccessorImpl.invoke(DelegatingMethodAccessorImpl.java:43)
	at java.lang.reflect.Method.invoke(Method.java:606)
	at org.apache.maven.surefire.util.ReflectionUtils.invokeMethodWithArray(ReflectionUtils.java:189)
	at org.apache.maven.surefire.booter.ProviderFactory$ProviderProxy.invoke(ProviderFactory.java:165)
	at org.apache.maven.surefire.booter.ProviderFactory.invokeProvider(ProviderFactory.java:85)
	at org.apache.maven.surefire.booter.ForkedBooter.runSuitesInProcess(ForkedBooter.java:115)
	at org.apache.maven.surefire.booter.ForkedBooter.main(ForkedBooter.java:75)
Caused by: java.lang.RuntimeException: Failed to connect to zookeeper (localhost) within 2x zookeeper timeout period 30000
	at org.apache.accumulo.fate.zookeeper.ZooSession.connect(ZooSession.java:96)
	at org.apache.accumulo.fate.zookeeper.ZooSession.getSession(ZooSession.java:153)
	at org.apache.accumulo.fate.zookeeper.ZooReader.getSession(ZooReader.java:36)
	at org.apache.accumulo.fate.zookeeper.ZooReader.getZooKeeper(ZooReader.java:40)
	at org.apache.accumulo.fate.zookeeper.ZooCache.getZooKeeper(ZooCache.java:56)
	at org.apache.accumulo.fate.zookeeper.ZooCache.retry(ZooCache.java:127)
	at org.apache.accumulo.fate.zookeeper.ZooCache.getChildren(ZooCache.java:178)
	at org.apache.accumulo.core.client.impl.Tables.getMap(Tables.java:46)
	at org.apache.accumulo.core.client.impl.Tables.getNameToIdMap(Tables.java:78)
	at org.apache.accumulo.core.client.impl.Tables.getTableId(Tables.java:64)
	at org.apache.accumulo.core.client.mapred.AbstractInputFormat.getSplits(AbstractInputFormat.java:463)
	... 44 more

Running org.apache.accumulo.core.client.mapred.AccumuloMultiTableInputFormatTest
Tests run: 2, Failures: 0, Errors: 1, Skipped: 0, Time elapsed: 73.688 sec <<< FAILURE!
testMap(org.apache.accumulo.core.client.mapred.AccumuloMultiTableInputFormatTest)  Time elapsed: 73.68 sec  <<< ERROR!
java.io.IOException: java.lang.RuntimeException: Failed to connect to zookeeper (localhost) within 2x zookeeper timeout period 30000
	at org.apache.accumulo.core.client.mapred.AbstractInputFormat.getSplits(AbstractInputFormat.java:492)
	at org.apache.hadoop.mapred.JobClient.writeOldSplits(JobClient.java:1081)
	at org.apache.hadoop.mapred.JobClient.writeSplits(JobClient.java:1073)
	at org.apache.hadoop.mapred.JobClient.access$700(JobClient.java:179)
	at org.apache.hadoop.mapred.JobClient$2.run(JobClient.java:983)
	at org.apache.hadoop.mapred.JobClient$2.run(JobClient.java:936)
	at java.security.AccessController.doPrivileged(Native Method)
	at javax.security.auth.Subject.doAs(Subject.java:415)
	at org.apache.hadoop.security.UserGroupInformation.doAs(UserGroupInformation.java:1190)
	at org.apache.hadoop.mapred.JobClient.submitJobInternal(JobClient.java:936)
	at org.apache.hadoop.mapred.JobClient.submitJob(JobClient.java:910)
	at org.apache.hadoop.mapred.JobClient.runJob(JobClient.java:1353)
	at org.apache.accumulo.core.client.mapred.AccumuloMultiTableInputFormatTest$MRTester.run(AccumuloMultiTableInputFormatTest.java:132)
	at org.apache.hadoop.util.ToolRunner.run(ToolRunner.java:65)
	at org.apache.accumulo.core.client.mapred.AccumuloMultiTableInputFormatTest$MRTester.main(AccumuloMultiTableInputFormatTest.java:136)
	at org.apache.accumulo.core.client.mapred.AccumuloMultiTableInputFormatTest.testMap(AccumuloMultiTableInputFormatTest.java:159)
	at sun.reflect.NativeMethodAccessorImpl.invoke0(Native Method)
	at sun.reflect.NativeMethodAccessorImpl.invoke(NativeMethodAccessorImpl.java:57)
	at sun.reflect.DelegatingMethodAccessorImpl.invoke(DelegatingMethodAccessorImpl.java:43)
	at java.lang.reflect.Method.invoke(Method.java:606)
	at org.junit.runners.model.FrameworkMethod$1.runReflectiveCall(FrameworkMethod.java:47)
	at org.junit.internal.runners.model.ReflectiveCallable.run(ReflectiveCallable.java:12)
	at org.junit.runners.model.FrameworkMethod.invokeExplosively(FrameworkMethod.java:44)
	at org.junit.internal.runners.statements.InvokeMethod.evaluate(InvokeMethod.java:17)
	at org.junit.runners.ParentRunner.runLeaf(ParentRunner.java:271)
	at org.junit.runners.BlockJUnit4ClassRunner.runChild(BlockJUnit4ClassRunner.java:70)
	at org.junit.runners.BlockJUnit4ClassRunner.runChild(BlockJUnit4ClassRunner.java:50)
	at org.junit.runners.ParentRunner$3.run(ParentRunner.java:238)
	at org.junit.runners.ParentRunner$1.schedule(ParentRunner.java:63)
	at org.junit.runners.ParentRunner.runChildren(ParentRunner.java:236)
	at org.junit.runners.ParentRunner.access$000(ParentRunner.java:53)
	at org.junit.runners.ParentRunner$2.evaluate(ParentRunner.java:229)
	at org.junit.runners.ParentRunner.run(ParentRunner.java:309)
	at org.apache.maven.surefire.junit4.JUnit4Provider.execute(JUnit4Provider.java:252)
	at org.apache.maven.surefire.junit4.JUnit4Provider.executeTestSet(JUnit4Provider.java:141)
	at org.apache.maven.surefire.junit4.JUnit4Provider.invoke(JUnit4Provider.java:112)
	at sun.reflect.NativeMethodAccessorImpl.invoke0(Native Method)
	at sun.reflect.NativeMethodAccessorImpl.invoke(NativeMethodAccessorImpl.java:57)
	at sun.reflect.DelegatingMethodAccessorImpl.invoke(DelegatingMethodAccessorImpl.java:43)
	at java.lang.reflect.Method.invoke(Method.java:606)
	at org.apache.maven.surefire.util.ReflectionUtils.invokeMethodWithArray(ReflectionUtils.java:189)
	at org.apache.maven.surefire.booter.ProviderFactory$ProviderProxy.invoke(ProviderFactory.java:165)
	at org.apache.maven.surefire.booter.ProviderFactory.invokeProvider(ProviderFactory.java:85)
	at org.apache.maven.surefire.booter.ForkedBooter.runSuitesInProcess(ForkedBooter.java:115)
	at org.apache.maven.surefire.booter.ForkedBooter.main(ForkedBooter.java:75)
Caused by: java.lang.RuntimeException: Failed to connect to zookeeper (localhost) within 2x zookeeper timeout period 30000
	at org.apache.accumulo.fate.zookeeper.ZooSession.connect(ZooSession.java:96)
	at org.apache.accumulo.fate.zookeeper.ZooSession.getSession(ZooSession.java:153)
	at org.apache.accumulo.fate.zookeeper.ZooReader.getSession(ZooReader.java:36)
	at org.apache.accumulo.fate.zookeeper.ZooReader.getZooKeeper(ZooReader.java:40)
	at org.apache.accumulo.fate.zookeeper.ZooCache.getZooKeeper(ZooCache.java:56)
	at org.apache.accumulo.fate.zookeeper.ZooCache.retry(ZooCache.java:127)
	at org.apache.accumulo.fate.zookeeper.ZooCache.getChildren(ZooCache.java:178)
	at org.apache.accumulo.core.client.impl.Tables.getMap(Tables.java:46)
	at org.apache.accumulo.core.client.impl.Tables.getNameToIdMap(Tables.java:78)
	at org.apache.accumulo.core.client.impl.Tables.getTableId(Tables.java:64)
	at org.apache.accumulo.core.client.mapred.AbstractInputFormat.getSplits(AbstractInputFormat.java:463)
	... 44 more

Running org.apache.accumulo.core.client.mapred.AccumuloOutputFormatTest
Tests run: 2, Failures: 0, Errors: 1, Skipped: 0, Time elapsed: 68.818 sec <<< FAILURE!
testMR(org.apache.accumulo.core.client.mapred.AccumuloOutputFormatTest)  Time elapsed: 68.818 sec  <<< ERROR!
java.io.IOException: java.lang.RuntimeException: Failed to connect to zookeeper (localhost) within 2x zookeeper timeout period 30000
	at org.apache.accumulo.core.client.mapred.AbstractInputFormat.getSplits(AbstractInputFormat.java:492)
	at org.apache.hadoop.mapred.JobClient.writeOldSplits(JobClient.java:1081)
	at org.apache.hadoop.mapred.JobClient.writeSplits(JobClient.java:1073)
	at org.apache.hadoop.mapred.JobClient.access$700(JobClient.java:179)
	at org.apache.hadoop.mapred.JobClient$2.run(JobClient.java:983)
	at org.apache.hadoop.mapred.JobClient$2.run(JobClient.java:936)
	at java.security.AccessController.doPrivileged(Native Method)
	at javax.security.auth.Subject.doAs(Subject.java:415)
	at org.apache.hadoop.security.UserGroupInformation.doAs(UserGroupInformation.java:1190)
	at org.apache.hadoop.mapred.JobClient.submitJobInternal(JobClient.java:936)
	at org.apache.hadoop.mapred.JobClient.submitJob(JobClient.java:910)
	at org.apache.hadoop.mapred.JobClient.runJob(JobClient.java:1353)
	at org.apache.accumulo.core.client.mapred.AccumuloOutputFormatTest$MRTester.run(AccumuloOutputFormatTest.java:131)
	at org.apache.hadoop.util.ToolRunner.run(ToolRunner.java:65)
	at org.apache.accumulo.core.client.mapred.AccumuloOutputFormatTest$MRTester.main(AccumuloOutputFormatTest.java:135)
	at org.apache.accumulo.core.client.mapred.AccumuloOutputFormatTest.testMR(AccumuloOutputFormatTest.java:193)
	at sun.reflect.NativeMethodAccessorImpl.invoke0(Native Method)
	at sun.reflect.NativeMethodAccessorImpl.invoke(NativeMethodAccessorImpl.java:57)
	at sun.reflect.DelegatingMethodAccessorImpl.invoke(DelegatingMethodAccessorImpl.java:43)
	at java.lang.reflect.Method.invoke(Method.java:606)
	at org.junit.runners.model.FrameworkMethod$1.runReflectiveCall(FrameworkMethod.java:47)
	at org.junit.internal.runners.model.ReflectiveCallable.run(ReflectiveCallable.java:12)
	at org.junit.runners.model.FrameworkMethod.invokeExplosively(FrameworkMethod.java:44)
	at org.junit.internal.runners.statements.InvokeMethod.evaluate(InvokeMethod.java:17)
	at org.junit.runners.ParentRunner.runLeaf(ParentRunner.java:271)
	at org.junit.runners.BlockJUnit4ClassRunner.runChild(BlockJUnit4ClassRunner.java:70)
	at org.junit.runners.BlockJUnit4ClassRunner.runChild(BlockJUnit4ClassRunner.java:50)
	at org.junit.runners.ParentRunner$3.run(ParentRunner.java:238)
	at org.junit.runners.ParentRunner$1.schedule(ParentRunner.java:63)
	at org.junit.runners.ParentRunner.runChildren(ParentRunner.java:236)
	at org.junit.runners.ParentRunner.access$000(ParentRunner.java:53)
	at org.junit.runners.ParentRunner$2.evaluate(ParentRunner.java:229)
	at org.junit.runners.ParentRunner.run(ParentRunner.java:309)
	at org.apache.maven.surefire.junit4.JUnit4Provider.execute(JUnit4Provider.java:252)
	at org.apache.maven.surefire.junit4.JUnit4Provider.executeTestSet(JUnit4Provider.java:141)
	at org.apache.maven.surefire.junit4.JUnit4Provider.invoke(JUnit4Provider.java:112)
	at sun.reflect.NativeMethodAccessorImpl.invoke0(Native Method)
	at sun.reflect.NativeMethodAccessorImpl.invoke(NativeMethodAccessorImpl.java:57)
	at sun.reflect.DelegatingMethodAccessorImpl.invoke(DelegatingMethodAccessorImpl.java:43)
	at java.lang.reflect.Method.invoke(Method.java:606)
	at org.apache.maven.surefire.util.ReflectionUtils.invokeMethodWithArray(ReflectionUtils.java:189)
	at org.apache.maven.surefire.booter.ProviderFactory$ProviderProxy.invoke(ProviderFactory.java:165)
	at org.apache.maven.surefire.booter.ProviderFactory.invokeProvider(ProviderFactory.java:85)
	at org.apache.maven.surefire.booter.ForkedBooter.runSuitesInProcess(ForkedBooter.java:115)
	at org.apache.maven.surefire.booter.ForkedBooter.main(ForkedBooter.java:75)
Caused by: java.lang.RuntimeException: Failed to connect to zookeeper (localhost) within 2x zookeeper timeout period 30000
	at org.apache.accumulo.fate.zookeeper.ZooSession.connect(ZooSession.java:96)
	at org.apache.accumulo.fate.zookeeper.ZooSession.getSession(ZooSession.java:153)
	at org.apache.accumulo.fate.zookeeper.ZooReader.getSession(ZooReader.java:36)
	at org.apache.accumulo.fate.zookeeper.ZooReader.getZooKeeper(ZooReader.java:40)
	at org.apache.accumulo.fate.zookeeper.ZooCache.getZooKeeper(ZooCache.java:56)
	at org.apache.accumulo.fate.zookeeper.ZooCache.retry(ZooCache.java:127)
	at org.apache.accumulo.fate.zookeeper.ZooCache.getChildren(ZooCache.java:178)
	at org.apache.accumulo.core.client.impl.Tables.getMap(Tables.java:46)
	at org.apache.accumulo.core.client.impl.Tables.getNameToIdMap(Tables.java:78)
	at org.apache.accumulo.core.client.impl.Tables.getTableId(Tables.java:64)
	at org.apache.accumulo.core.client.mapred.AbstractInputFormat.getSplits(AbstractInputFormat.java:463)
	... 44 more

Running org.apache.accumulo.core.client.mapred.AccumuloRowInputFormatTest
Tests run: 1, Failures: 0, Errors: 1, Skipped: 0, Time elapsed: 69.174 sec <<< FAILURE!
test(org.apache.accumulo.core.client.mapred.AccumuloRowInputFormatTest)  Time elapsed: 69.174 sec  <<< ERROR!
java.io.IOException: java.lang.RuntimeException: Failed to connect to zookeeper (localhost) within 2x zookeeper timeout period 30000
	at org.apache.accumulo.core.client.mapred.AbstractInputFormat.getSplits(AbstractInputFormat.java:492)
	at org.apache.hadoop.mapred.JobClient.writeOldSplits(JobClient.java:1081)
	at org.apache.hadoop.mapred.JobClient.writeSplits(JobClient.java:1073)
	at org.apache.hadoop.mapred.JobClient.access$700(JobClient.java:179)
	at org.apache.hadoop.mapred.JobClient$2.run(JobClient.java:983)
	at org.apache.hadoop.mapred.JobClient$2.run(JobClient.java:936)
	at java.security.AccessController.doPrivileged(Native Method)
	at javax.security.auth.Subject.doAs(Subject.java:415)
	at org.apache.hadoop.security.UserGroupInformation.doAs(UserGroupInformation.java:1190)
	at org.apache.hadoop.mapred.JobClient.submitJobInternal(JobClient.java:936)
	at org.apache.hadoop.mapred.JobClient.submitJob(JobClient.java:910)
	at org.apache.hadoop.mapred.JobClient.runJob(JobClient.java:1353)
	at org.apache.accumulo.core.client.mapred.AccumuloRowInputFormatTest$MRTester.run(AccumuloRowInputFormatTest.java:178)
	at org.apache.hadoop.util.ToolRunner.run(ToolRunner.java:65)
	at org.apache.accumulo.core.client.mapred.AccumuloRowInputFormatTest$MRTester.main(AccumuloRowInputFormatTest.java:182)
	at org.apache.accumulo.core.client.mapred.AccumuloRowInputFormatTest.test(AccumuloRowInputFormatTest.java:202)
	at sun.reflect.NativeMethodAccessorImpl.invoke0(Native Method)
	at sun.reflect.NativeMethodAccessorImpl.invoke(NativeMethodAccessorImpl.java:57)
	at sun.reflect.DelegatingMethodAccessorImpl.invoke(DelegatingMethodAccessorImpl.java:43)
	at java.lang.reflect.Method.invoke(Method.java:606)
	at org.junit.runners.model.FrameworkMethod$1.runReflectiveCall(FrameworkMethod.java:47)
	at org.junit.internal.runners.model.ReflectiveCallable.run(ReflectiveCallable.java:12)
	at org.junit.runners.model.FrameworkMethod.invokeExplosively(FrameworkMethod.java:44)
	at org.junit.internal.runners.statements.InvokeMethod.evaluate(InvokeMethod.java:17)
	at org.junit.runners.ParentRunner.runLeaf(ParentRunner.java:271)
	at org.junit.runners.BlockJUnit4ClassRunner.runChild(BlockJUnit4ClassRunner.java:70)
	at org.junit.runners.BlockJUnit4ClassRunner.runChild(BlockJUnit4ClassRunner.java:50)
	at org.junit.runners.ParentRunner$3.run(ParentRunner.java:238)
	at org.junit.runners.ParentRunner$1.schedule(ParentRunner.java:63)
	at org.junit.runners.ParentRunner.runChildren(ParentRunner.java:236)
	at org.junit.runners.ParentRunner.access$000(ParentRunner.java:53)
	at org.junit.runners.ParentRunner$2.evaluate(ParentRunner.java:229)
	at org.junit.runners.ParentRunner.run(ParentRunner.java:309)
	at org.apache.maven.surefire.junit4.JUnit4Provider.execute(JUnit4Provider.java:252)
	at org.apache.maven.surefire.junit4.JUnit4Provider.executeTestSet(JUnit4Provider.java:141)
	at org.apache.maven.surefire.junit4.JUnit4Provider.invoke(JUnit4Provider.java:112)
	at sun.reflect.NativeMethodAccessorImpl.invoke0(Native Method)
	at sun.reflect.NativeMethodAccessorImpl.invoke(NativeMethodAccessorImpl.java:57)
	at sun.reflect.DelegatingMethodAccessorImpl.invoke(DelegatingMethodAccessorImpl.java:43)
	at java.lang.reflect.Method.invoke(Method.java:606)
	at org.apache.maven.surefire.util.ReflectionUtils.invokeMethodWithArray(ReflectionUtils.java:189)
	at org.apache.maven.surefire.booter.ProviderFactory$ProviderProxy.invoke(ProviderFactory.java:165)
	at org.apache.maven.surefire.booter.ProviderFactory.invokeProvider(ProviderFactory.java:85)
	at org.apache.maven.surefire.booter.ForkedBooter.runSuitesInProcess(ForkedBooter.java:115)
	at org.apache.maven.surefire.booter.ForkedBooter.main(ForkedBooter.java:75)
Caused by: java.lang.RuntimeException: Failed to connect to zookeeper (localhost) within 2x zookeeper timeout period 30000
	at org.apache.accumulo.fate.zookeeper.ZooSession.connect(ZooSession.java:96)
	at org.apache.accumulo.fate.zookeeper.ZooSession.getSession(ZooSession.java:153)
	at org.apache.accumulo.fate.zookeeper.ZooReader.getSession(ZooReader.java:36)
	at org.apache.accumulo.fate.zookeeper.ZooReader.getZooKeeper(ZooReader.java:40)
	at org.apache.accumulo.fate.zookeeper.ZooCache.getZooKeeper(ZooCache.java:56)
	at org.apache.accumulo.fate.zookeeper.ZooCache.retry(ZooCache.java:127)
	at org.apache.accumulo.fate.zookeeper.ZooCache.getChildren(ZooCache.java:178)
	at org.apache.accumulo.core.client.impl.Tables.getMap(Tables.java:46)
	at org.apache.accumulo.core.client.impl.Tables.getNameToIdMap(Tables.java:78)
	at org.apache.accumulo.core.client.impl.Tables.getTableId(Tables.java:64)
	at org.apache.accumulo.core.client.mapred.AbstractInputFormat.getSplits(AbstractInputFormat.java:463)
	... 44 more

Running org.apache.accumulo.core.client.mapred.AccumuloFileOutputFormatTest
Tests run: 4, Failures: 0, Errors: 3, Skipped: 0, Time elapsed: 214.062 sec <<< FAILURE!
testEmptyWrite(org.apache.accumulo.core.client.mapred.AccumuloFileOutputFormatTest)  Time elapsed: 71.433 sec  <<< ERROR!
java.io.IOException: java.lang.RuntimeException: Failed to connect to zookeeper (localhost) within 2x zookeeper timeout period 30000
	at org.apache.accumulo.core.client.mapred.AbstractInputFormat.getSplits(AbstractInputFormat.java:492)
	at org.apache.hadoop.mapred.JobClient.writeOldSplits(JobClient.java:1081)
	at org.apache.hadoop.mapred.JobClient.writeSplits(JobClient.java:1073)
	at org.apache.hadoop.mapred.JobClient.access$700(JobClient.java:179)
	at org.apache.hadoop.mapred.JobClient$2.run(JobClient.java:983)
	at org.apache.hadoop.mapred.JobClient$2.run(JobClient.java:936)
	at java.security.AccessController.doPrivileged(Native Method)
	at javax.security.auth.Subject.doAs(Subject.java:415)
	at org.apache.hadoop.security.UserGroupInformation.doAs(UserGroupInformation.java:1190)
	at org.apache.hadoop.mapred.JobClient.submitJobInternal(JobClient.java:936)
	at org.apache.hadoop.mapred.JobClient.submitJob(JobClient.java:910)
	at org.apache.hadoop.mapred.JobClient.runJob(JobClient.java:1353)
	at org.apache.accumulo.core.client.mapred.AccumuloFileOutputFormatTest$MRTester.run(AccumuloFileOutputFormatTest.java:161)
	at org.apache.hadoop.util.ToolRunner.run(ToolRunner.java:65)
	at org.apache.accumulo.core.client.mapred.AccumuloFileOutputFormatTest$MRTester.main(AccumuloFileOutputFormatTest.java:165)
	at org.apache.accumulo.core.client.mapred.AccumuloFileOutputFormatTest.handleWriteTests(AccumuloFileOutputFormatTest.java:172)
	at org.apache.accumulo.core.client.mapred.AccumuloFileOutputFormatTest.testEmptyWrite(AccumuloFileOutputFormatTest.java:90)
	at sun.reflect.NativeMethodAccessorImpl.invoke0(Native Method)
	at sun.reflect.NativeMethodAccessorImpl.invoke(NativeMethodAccessorImpl.java:57)
	at sun.reflect.DelegatingMethodAccessorImpl.invoke(DelegatingMethodAccessorImpl.java:43)
	at java.lang.reflect.Method.invoke(Method.java:606)
	at org.junit.runners.model.FrameworkMethod$1.runReflectiveCall(FrameworkMethod.java:47)
	at org.junit.internal.runners.model.ReflectiveCallable.run(ReflectiveCallable.java:12)
	at org.junit.runners.model.FrameworkMethod.invokeExplosively(FrameworkMethod.java:44)
	at org.junit.internal.runners.statements.InvokeMethod.evaluate(InvokeMethod.java:17)
	at org.junit.rules.ExternalResource$1.evaluate(ExternalResource.java:48)
	at org.junit.rules.RunRules.evaluate(RunRules.java:20)
	at org.junit.runners.ParentRunner.runLeaf(ParentRunner.java:271)
	at org.junit.runners.BlockJUnit4ClassRunner.runChild(BlockJUnit4ClassRunner.java:70)
	at org.junit.runners.BlockJUnit4ClassRunner.runChild(BlockJUnit4ClassRunner.java:50)
	at org.junit.runners.ParentRunner$3.run(ParentRunner.java:238)
	at org.junit.runners.ParentRunner$1.schedule(ParentRunner.java:63)
	at org.junit.runners.ParentRunner.runChildren(ParentRunner.java:236)
	at org.junit.runners.ParentRunner.access$000(ParentRunner.java:53)
	at org.junit.runners.ParentRunner$2.evaluate(ParentRunner.java:229)
	at org.junit.internal.runners.statements.RunBefores.evaluate(RunBefores.java:26)
	at org.junit.runners.ParentRunner.run(ParentRunner.java:309)
	at org.apache.maven.surefire.junit4.JUnit4Provider.execute(JUnit4Provider.java:252)
	at org.apache.maven.surefire.junit4.JUnit4Provider.executeTestSet(JUnit4Provider.java:141)
	at org.apache.maven.surefire.junit4.JUnit4Provider.invoke(JUnit4Provider.java:112)
	at sun.reflect.NativeMethodAccessorImpl.invoke0(Native Method)
	at sun.reflect.NativeMethodAccessorImpl.invoke(NativeMethodAccessorImpl.java:57)
	at sun.reflect.DelegatingMethodAccessorImpl.invoke(DelegatingMethodAccessorImpl.java:43)
	at java.lang.reflect.Method.invoke(Method.java:606)
	at org.apache.maven.surefire.util.ReflectionUtils.invokeMethodWithArray(ReflectionUtils.java:189)
	at org.apache.maven.surefire.booter.ProviderFactory$ProviderProxy.invoke(ProviderFactory.java:165)
	at org.apache.maven.surefire.booter.ProviderFactory.invokeProvider(ProviderFactory.java:85)
	at org.apache.maven.surefire.booter.ForkedBooter.runSuitesInProcess(ForkedBooter.java:115)
	at org.apache.maven.surefire.booter.ForkedBooter.main(ForkedBooter.java:75)
Caused by: java.lang.RuntimeException: Failed to connect to zookeeper (localhost) within 2x zookeeper timeout period 30000
	at org.apache.accumulo.fate.zookeeper.ZooSession.connect(ZooSession.java:96)
	at org.apache.accumulo.fate.zookeeper.ZooSession.getSession(ZooSession.java:153)
	at org.apache.accumulo.fate.zookeeper.ZooReader.getSession(ZooReader.java:36)
	at org.apache.accumulo.fate.zookeeper.ZooReader.getZooKeeper(ZooReader.java:40)
	at org.apache.accumulo.fate.zookeeper.ZooCache.getZooKeeper(ZooCache.java:56)
	at org.apache.accumulo.fate.zookeeper.ZooCache.retry(ZooCache.java:127)
	at org.apache.accumulo.fate.zookeeper.ZooCache.getChildren(ZooCache.java:178)
	at org.apache.accumulo.core.client.impl.Tables.getMap(Tables.java:46)
	at org.apache.accumulo.core.client.impl.Tables.getNameToIdMap(Tables.java:78)
	at org.apache.accumulo.core.client.impl.Tables.getTableId(Tables.java:64)
	at org.apache.accumulo.core.client.mapred.AbstractInputFormat.getSplits(AbstractInputFormat.java:463)
	... 48 more

testRealWrite(org.apache.accumulo.core.client.mapred.AccumuloFileOutputFormatTest)  Time elapsed: 73.06 sec  <<< ERROR!
java.io.IOException: java.lang.RuntimeException: Failed to connect to zookeeper (localhost) within 2x zookeeper timeout period 30000
	at org.apache.accumulo.core.client.mapred.AbstractInputFormat.getSplits(AbstractInputFormat.java:492)
	at org.apache.hadoop.mapred.JobClient.writeOldSplits(JobClient.java:1081)
	at org.apache.hadoop.mapred.JobClient.writeSplits(JobClient.java:1073)
	at org.apache.hadoop.mapred.JobClient.access$700(JobClient.java:179)
	at org.apache.hadoop.mapred.JobClient$2.run(JobClient.java:983)
	at org.apache.hadoop.mapred.JobClient$2.run(JobClient.java:936)
	at java.security.AccessController.doPrivileged(Native Method)
	at javax.security.auth.Subject.doAs(Subject.java:415)
	at org.apache.hadoop.security.UserGroupInformation.doAs(UserGroupInformation.java:1190)
	at org.apache.hadoop.mapred.JobClient.submitJobInternal(JobClient.java:936)
	at org.apache.hadoop.mapred.JobClient.submitJob(JobClient.java:910)
	at org.apache.hadoop.mapred.JobClient.runJob(JobClient.java:1353)
	at org.apache.accumulo.core.client.mapred.AccumuloFileOutputFormatTest$MRTester.run(AccumuloFileOutputFormatTest.java:161)
	at org.apache.hadoop.util.ToolRunner.run(ToolRunner.java:65)
	at org.apache.accumulo.core.client.mapred.AccumuloFileOutputFormatTest$MRTester.main(AccumuloFileOutputFormatTest.java:165)
	at org.apache.accumulo.core.client.mapred.AccumuloFileOutputFormatTest.handleWriteTests(AccumuloFileOutputFormatTest.java:172)
	at org.apache.accumulo.core.client.mapred.AccumuloFileOutputFormatTest.testRealWrite(AccumuloFileOutputFormatTest.java:95)
	at sun.reflect.NativeMethodAccessorImpl.invoke0(Native Method)
	at sun.reflect.NativeMethodAccessorImpl.invoke(NativeMethodAccessorImpl.java:57)
	at sun.reflect.DelegatingMethodAccessorImpl.invoke(DelegatingMethodAccessorImpl.java:43)
	at java.lang.reflect.Method.invoke(Method.java:606)
	at org.junit.runners.model.FrameworkMethod$1.runReflectiveCall(FrameworkMethod.java:47)
	at org.junit.internal.runners.model.ReflectiveCallable.run(ReflectiveCallable.java:12)
	at org.junit.runners.model.FrameworkMethod.invokeExplosively(FrameworkMethod.java:44)
	at org.junit.internal.runners.statements.InvokeMethod.evaluate(InvokeMethod.java:17)
	at org.junit.rules.ExternalResource$1.evaluate(ExternalResource.java:48)
	at org.junit.rules.RunRules.evaluate(RunRules.java:20)
	at org.junit.runners.ParentRunner.runLeaf(ParentRunner.java:271)
	at org.junit.runners.BlockJUnit4ClassRunner.runChild(BlockJUnit4ClassRunner.java:70)
	at org.junit.runners.BlockJUnit4ClassRunner.runChild(BlockJUnit4ClassRunner.java:50)
	at org.junit.runners.ParentRunner$3.run(ParentRunner.java:238)
	at org.junit.runners.ParentRunner$1.schedule(ParentRunner.java:63)
	at org.junit.runners.ParentRunner.runChildren(ParentRunner.java:236)
	at org.junit.runners.ParentRunner.access$000(ParentRunner.java:53)
	at org.junit.runners.ParentRunner$2.evaluate(ParentRunner.java:229)
	at org.junit.internal.runners.statements.RunBefores.evaluate(RunBefores.java:26)
	at org.junit.runners.ParentRunner.run(ParentRunner.java:309)
	at org.apache.maven.surefire.junit4.JUnit4Provider.execute(JUnit4Provider.java:252)
	at org.apache.maven.surefire.junit4.JUnit4Provider.executeTestSet(JUnit4Provider.java:141)
	at org.apache.maven.surefire.junit4.JUnit4Provider.invoke(JUnit4Provider.java:112)
	at sun.reflect.NativeMethodAccessorImpl.invoke0(Native Method)
	at sun.reflect.NativeMethodAccessorImpl.invoke(NativeMethodAccessorImpl.java:57)
	at sun.reflect.DelegatingMethodAccessorImpl.invoke(DelegatingMethodAccessorImpl.java:43)
	at java.lang.reflect.Method.invoke(Method.java:606)
	at org.apache.maven.surefire.util.ReflectionUtils.invokeMethodWithArray(ReflectionUtils.java:189)
	at org.apache.maven.surefire.booter.ProviderFactory$ProviderProxy.invoke(ProviderFactory.java:165)
	at org.apache.maven.surefire.booter.ProviderFactory.invokeProvider(ProviderFactory.java:85)
	at org.apache.maven.surefire.booter.ForkedBooter.runSuitesInProcess(ForkedBooter.java:115)
	at org.apache.maven.surefire.booter.ForkedBooter.main(ForkedBooter.java:75)
Caused by: java.lang.RuntimeException: Failed to connect to zookeeper (localhost) within 2x zookeeper timeout period 30000
	at org.apache.accumulo.fate.zookeeper.ZooSession.connect(ZooSession.java:96)
	at org.apache.accumulo.fate.zookeeper.ZooSession.getSession(ZooSession.java:153)
	at org.apache.accumulo.fate.zookeeper.ZooReader.getSession(ZooReader.java:36)
	at org.apache.accumulo.fate.zookeeper.ZooReader.getZooKeeper(ZooReader.java:40)
	at org.apache.accumulo.fate.zookeeper.ZooCache.getZooKeeper(ZooCache.java:56)
	at org.apache.accumulo.fate.zookeeper.ZooCache.retry(ZooCache.java:127)
	at org.apache.accumulo.fate.zookeeper.ZooCache.getChildren(ZooCache.java:178)
	at org.apache.accumulo.core.client.impl.Tables.getMap(Tables.java:46)
	at org.apache.accumulo.core.client.impl.Tables.getNameToIdMap(Tables.java:78)
	at org.apache.accumulo.core.client.impl.Tables.getTableId(Tables.java:64)
	at org.apache.accumulo.core.client.mapred.AbstractInputFormat.getSplits(AbstractInputFormat.java:463)
	... 48 more

writeBadVisibility(org.apache.accumulo.core.client.mapred.AccumuloFileOutputFormatTest)  Time elapsed: 69.536 sec  <<< ERROR!
java.io.IOException: java.lang.RuntimeException: Failed to connect to zookeeper (localhost) within 2x zookeeper timeout period 30000
	at org.apache.accumulo.core.client.mapred.AbstractInputFormat.getSplits(AbstractInputFormat.java:492)
	at org.apache.hadoop.mapred.JobClient.writeOldSplits(JobClient.java:1081)
	at org.apache.hadoop.mapred.JobClient.writeSplits(JobClient.java:1073)
	at org.apache.hadoop.mapred.JobClient.access$700(JobClient.java:179)
	at org.apache.hadoop.mapred.JobClient$2.run(JobClient.java:983)
	at org.apache.hadoop.mapred.JobClient$2.run(JobClient.java:936)
	at java.security.AccessController.doPrivileged(Native Method)
	at javax.security.auth.Subject.doAs(Subject.java:415)
	at org.apache.hadoop.security.UserGroupInformation.doAs(UserGroupInformation.java:1190)
	at org.apache.hadoop.mapred.JobClient.submitJobInternal(JobClient.java:936)
	at org.apache.hadoop.mapred.JobClient.submitJob(JobClient.java:910)
	at org.apache.hadoop.mapred.JobClient.runJob(JobClient.java:1353)
	at org.apache.accumulo.core.client.mapred.AccumuloFileOutputFormatTest$MRTester.run(AccumuloFileOutputFormatTest.java:161)
	at org.apache.hadoop.util.ToolRunner.run(ToolRunner.java:65)
	at org.apache.accumulo.core.client.mapred.AccumuloFileOutputFormatTest$MRTester.main(AccumuloFileOutputFormatTest.java:165)
	at org.apache.accumulo.core.client.mapred.AccumuloFileOutputFormatTest.writeBadVisibility(AccumuloFileOutputFormatTest.java:193)
	at sun.reflect.NativeMethodAccessorImpl.invoke0(Native Method)
	at sun.reflect.NativeMethodAccessorImpl.invoke(NativeMethodAccessorImpl.java:57)
	at sun.reflect.DelegatingMethodAccessorImpl.invoke(DelegatingMethodAccessorImpl.java:43)
	at java.lang.reflect.Method.invoke(Method.java:606)
	at org.junit.runners.model.FrameworkMethod$1.runReflectiveCall(FrameworkMethod.java:47)
	at org.junit.internal.runners.model.ReflectiveCallable.run(ReflectiveCallable.java:12)
	at org.junit.runners.model.FrameworkMethod.invokeExplosively(FrameworkMethod.java:44)
	at org.junit.internal.runners.statements.InvokeMethod.evaluate(InvokeMethod.java:17)
	at org.junit.rules.ExternalResource$1.evaluate(ExternalResource.java:48)
	at org.junit.rules.RunRules.evaluate(RunRules.java:20)
	at org.junit.runners.ParentRunner.runLeaf(ParentRunner.java:271)
	at org.junit.runners.BlockJUnit4ClassRunner.runChild(BlockJUnit4ClassRunner.java:70)
	at org.junit.runners.BlockJUnit4ClassRunner.runChild(BlockJUnit4ClassRunner.java:50)
	at org.junit.runners.ParentRunner$3.run(ParentRunner.java:238)
	at org.junit.runners.ParentRunner$1.schedule(ParentRunner.java:63)
	at org.junit.runners.ParentRunner.runChildren(ParentRunner.java:236)
	at org.junit.runners.ParentRunner.access$000(ParentRunner.java:53)
	at org.junit.runners.ParentRunner$2.evaluate(ParentRunner.java:229)
	at org.junit.internal.runners.statements.RunBefores.evaluate(RunBefores.java:26)
	at org.junit.runners.ParentRunner.run(ParentRunner.java:309)
	at org.apache.maven.surefire.junit4.JUnit4Provider.execute(JUnit4Provider.java:252)
	at org.apache.maven.surefire.junit4.JUnit4Provider.executeTestSet(JUnit4Provider.java:141)
	at org.apache.maven.surefire.junit4.JUnit4Provider.invoke(JUnit4Provider.java:112)
	at sun.reflect.NativeMethodAccessorImpl.invoke0(Native Method)
	at sun.reflect.NativeMethodAccessorImpl.invoke(NativeMethodAccessorImpl.java:57)
	at sun.reflect.DelegatingMethodAccessorImpl.invoke(DelegatingMethodAccessorImpl.java:43)
	at java.lang.reflect.Method.invoke(Method.java:606)
	at org.apache.maven.surefire.util.ReflectionUtils.invokeMethodWithArray(ReflectionUtils.java:189)
	at org.apache.maven.surefire.booter.ProviderFactory$ProviderProxy.invoke(ProviderFactory.java:165)
	at org.apache.maven.surefire.booter.ProviderFactory.invokeProvider(ProviderFactory.java:85)
	at org.apache.maven.surefire.booter.ForkedBooter.runSuitesInProcess(ForkedBooter.java:115)
	at org.apache.maven.surefire.booter.ForkedBooter.main(ForkedBooter.java:75)
Caused by: java.lang.RuntimeException: Failed to connect to zookeeper (localhost) within 2x zookeeper timeout period 30000
	at org.apache.accumulo.fate.zookeeper.ZooSession.connect(ZooSession.java:96)
	at org.apache.accumulo.fate.zookeeper.ZooSession.getSession(ZooSession.java:153)
	at org.apache.accumulo.fate.zookeeper.ZooReader.getSession(ZooReader.java:36)
	at org.apache.accumulo.fate.zookeeper.ZooReader.getZooKeeper(ZooReader.java:40)
	at org.apache.accumulo.fate.zookeeper.ZooCache.getZooKeeper(ZooCache.java:56)
	at org.apache.accumulo.fate.zookeeper.ZooCache.retry(ZooCache.java:127)
	at org.apache.accumulo.fate.zookeeper.ZooCache.getChildren(ZooCache.java:178)
	at org.apache.accumulo.core.client.impl.Tables.getMap(Tables.java:46)
	at org.apache.accumulo.core.client.impl.Tables.getNameToIdMap(Tables.java:78)
	at org.apache.accumulo.core.client.impl.Tables.getTableId(Tables.java:64)
	at org.apache.accumulo.core.client.mapred.AbstractInputFormat.getSplits(AbstractInputFormat.java:463)
	... 47 more

Running org.apache.accumulo.core.client.mapred.TokenFileTest
Tests run: 1, Failures: 0, Errors: 1, Skipped: 0, Time elapsed: 70.306 sec <<< FAILURE!
testMR(org.apache.accumulo.core.client.mapred.TokenFileTest)  Time elapsed: 70.305 sec  <<< ERROR!
java.io.IOException: java.lang.RuntimeException: Failed to connect to zookeeper (localhost) within 2x zookeeper timeout period 30000
	at org.apache.accumulo.core.client.mapred.AbstractInputFormat.getSplits(AbstractInputFormat.java:492)
	at org.apache.hadoop.mapred.JobClient.writeOldSplits(JobClient.java:1081)
	at org.apache.hadoop.mapred.JobClient.writeSplits(JobClient.java:1073)
	at org.apache.hadoop.mapred.JobClient.access$700(JobClient.java:179)
	at org.apache.hadoop.mapred.JobClient$2.run(JobClient.java:983)
	at org.apache.hadoop.mapred.JobClient$2.run(JobClient.java:936)
	at java.security.AccessController.doPrivileged(Native Method)
	at javax.security.auth.Subject.doAs(Subject.java:415)
	at org.apache.hadoop.security.UserGroupInformation.doAs(UserGroupInformation.java:1190)
	at org.apache.hadoop.mapred.JobClient.submitJobInternal(JobClient.java:936)
	at org.apache.hadoop.mapred.JobClient.submitJob(JobClient.java:910)
	at org.apache.hadoop.mapred.JobClient.runJob(JobClient.java:1353)
	at org.apache.accumulo.core.client.mapred.TokenFileTest$MRTokenFileTester.run(TokenFileTest.java:134)
	at org.apache.hadoop.util.ToolRunner.run(ToolRunner.java:65)
	at org.apache.accumulo.core.client.mapred.TokenFileTest$MRTokenFileTester.main(TokenFileTest.java:140)
	at org.apache.accumulo.core.client.mapred.TokenFileTest.testMR(TokenFileTest.java:167)
	at sun.reflect.NativeMethodAccessorImpl.invoke0(Native Method)
	at sun.reflect.NativeMethodAccessorImpl.invoke(NativeMethodAccessorImpl.java:57)
	at sun.reflect.DelegatingMethodAccessorImpl.invoke(DelegatingMethodAccessorImpl.java:43)
	at java.lang.reflect.Method.invoke(Method.java:606)
	at org.junit.runners.model.FrameworkMethod$1.runReflectiveCall(FrameworkMethod.java:47)
	at org.junit.internal.runners.model.ReflectiveCallable.run(ReflectiveCallable.java:12)
	at org.junit.runners.model.FrameworkMethod.invokeExplosively(FrameworkMethod.java:44)
	at org.junit.internal.runners.statements.InvokeMethod.evaluate(InvokeMethod.java:17)
	at org.junit.rules.ExternalResource$1.evaluate(ExternalResource.java:48)
	at org.junit.rules.RunRules.evaluate(RunRules.java:20)
	at org.junit.runners.ParentRunner.runLeaf(ParentRunner.java:271)
	at org.junit.runners.BlockJUnit4ClassRunner.runChild(BlockJUnit4ClassRunner.java:70)
	at org.junit.runners.BlockJUnit4ClassRunner.runChild(BlockJUnit4ClassRunner.java:50)
	at org.junit.runners.ParentRunner$3.run(ParentRunner.java:238)
	at org.junit.runners.ParentRunner$1.schedule(ParentRunner.java:63)
	at org.junit.runners.ParentRunner.runChildren(ParentRunner.java:236)
	at org.junit.runners.ParentRunner.access$000(ParentRunner.java:53)
	at org.junit.runners.ParentRunner$2.evaluate(ParentRunner.java:229)
	at org.junit.runners.ParentRunner.run(ParentRunner.java:309)
	at org.apache.maven.surefire.junit4.JUnit4Provider.execute(JUnit4Provider.java:252)
	at org.apache.maven.surefire.junit4.JUnit4Provider.executeTestSet(JUnit4Provider.java:141)
	at org.apache.maven.surefire.junit4.JUnit4Provider.invoke(JUnit4Provider.java:112)
	at sun.reflect.NativeMethodAccessorImpl.invoke0(Native Method)
	at sun.reflect.NativeMethodAccessorImpl.invoke(NativeMethodAccessorImpl.java:57)
	at sun.reflect.DelegatingMethodAccessorImpl.invoke(DelegatingMethodAccessorImpl.java:43)
	at java.lang.reflect.Method.invoke(Method.java:606)
	at org.apache.maven.surefire.util.ReflectionUtils.invokeMethodWithArray(ReflectionUtils.java:189)
	at org.apache.maven.surefire.booter.ProviderFactory$ProviderProxy.invoke(ProviderFactory.java:165)
	at org.apache.maven.surefire.booter.ProviderFactory.invokeProvider(ProviderFactory.java:85)
	at org.apache.maven.surefire.booter.ForkedBooter.runSuitesInProcess(ForkedBooter.java:115)
	at org.apache.maven.surefire.booter.ForkedBooter.main(ForkedBooter.java:75)
Caused by: java.lang.RuntimeException: Failed to connect to zookeeper (localhost) within 2x zookeeper timeout period 30000
	at org.apache.accumulo.fate.zookeeper.ZooSession.connect(ZooSession.java:96)
	at org.apache.accumulo.fate.zookeeper.ZooSession.getSession(ZooSession.java:153)
	at org.apache.accumulo.fate.zookeeper.ZooReader.getSession(ZooReader.java:36)
	at org.apache.accumulo.fate.zookeeper.ZooReader.getZooKeeper(ZooReader.java:40)
	at org.apache.accumulo.fate.zookeeper.ZooCache.getZooKeeper(ZooCache.java:56)
	at org.apache.accumulo.fate.zookeeper.ZooCache.retry(ZooCache.java:127)
	at org.apache.accumulo.fate.zookeeper.ZooCache.getChildren(ZooCache.java:178)
	at org.apache.accumulo.core.client.impl.Tables.getMap(Tables.java:46)
	at org.apache.accumulo.core.client.impl.Tables.getNameToIdMap(Tables.java:78)
	at org.apache.accumulo.core.client.impl.Tables.getTableId(Tables.java:64)
	at org.apache.accumulo.core.client.mapred.AbstractInputFormat.getSplits(AbstractInputFormat.java:463)
	... 46 more

Running org.apache.accumulo.core.client.security.SecurityErrorCodeTest
Tests run: 1, Failures: 0, Errors: 0, Skipped: 0, Time elapsed: 0.001 sec
Running org.apache.accumulo.core.client.security.tokens.PasswordTokenTest
Tests run: 1, Failures: 0, Errors: 0, Skipped: 0, Time elapsed: 0 sec
Running org.apache.accumulo.core.client.admin.FindMaxTest
Tests run: 1, Failures: 0, Errors: 0, Skipped: 0, Time elapsed: 1.044 sec
Running org.apache.accumulo.core.client.admin.TableOperationsHelperTest
Tests run: 1, Failures: 0, Errors: 0, Skipped: 0, Time elapsed: 0 sec
Running org.apache.accumulo.core.client.mapreduce.AccumuloOutputFormatTest
Tests run: 2, Failures: 0, Errors: 1, Skipped: 0, Time elapsed: 72.297 sec <<< FAILURE!
testMR(org.apache.accumulo.core.client.mapreduce.AccumuloOutputFormatTest)  Time elapsed: 72.297 sec  <<< ERROR!
java.io.IOException: java.lang.RuntimeException: Failed to connect to zookeeper (localhost) within 2x zookeeper timeout period 30000
	at org.apache.accumulo.core.client.mapreduce.AbstractInputFormat.getSplits(AbstractInputFormat.java:521)
	at org.apache.hadoop.mapred.JobClient.writeNewSplits(JobClient.java:1054)
	at org.apache.hadoop.mapred.JobClient.writeSplits(JobClient.java:1071)
	at org.apache.hadoop.mapred.JobClient.access$700(JobClient.java:179)
	at org.apache.hadoop.mapred.JobClient$2.run(JobClient.java:983)
	at org.apache.hadoop.mapred.JobClient$2.run(JobClient.java:936)
	at java.security.AccessController.doPrivileged(Native Method)
	at javax.security.auth.Subject.doAs(Subject.java:415)
	at org.apache.hadoop.security.UserGroupInformation.doAs(UserGroupInformation.java:1190)
	at org.apache.hadoop.mapred.JobClient.submitJobInternal(JobClient.java:936)
	at org.apache.hadoop.mapreduce.Job.submit(Job.java:550)
	at org.apache.hadoop.mapreduce.Job.waitForCompletion(Job.java:580)
	at org.apache.accumulo.core.client.mapreduce.AccumuloOutputFormatTest$MRTester.run(AccumuloOutputFormatTest.java:122)
	at org.apache.hadoop.util.ToolRunner.run(ToolRunner.java:65)
	at org.apache.accumulo.core.client.mapreduce.AccumuloOutputFormatTest$MRTester.main(AccumuloOutputFormatTest.java:128)
	at org.apache.accumulo.core.client.mapreduce.AccumuloOutputFormatTest.testMR(AccumuloOutputFormatTest.java:186)
	at sun.reflect.NativeMethodAccessorImpl.invoke0(Native Method)
	at sun.reflect.NativeMethodAccessorImpl.invoke(NativeMethodAccessorImpl.java:57)
	at sun.reflect.DelegatingMethodAccessorImpl.invoke(DelegatingMethodAccessorImpl.java:43)
	at java.lang.reflect.Method.invoke(Method.java:606)
	at org.junit.runners.model.FrameworkMethod$1.runReflectiveCall(FrameworkMethod.java:47)
	at org.junit.internal.runners.model.ReflectiveCallable.run(ReflectiveCallable.java:12)
	at org.junit.runners.model.FrameworkMethod.invokeExplosively(FrameworkMethod.java:44)
	at org.junit.internal.runners.statements.InvokeMethod.evaluate(InvokeMethod.java:17)
	at org.junit.runners.ParentRunner.runLeaf(ParentRunner.java:271)
	at org.junit.runners.BlockJUnit4ClassRunner.runChild(BlockJUnit4ClassRunner.java:70)
	at org.junit.runners.BlockJUnit4ClassRunner.runChild(BlockJUnit4ClassRunner.java:50)
	at org.junit.runners.ParentRunner$3.run(ParentRunner.java:238)
	at org.junit.runners.ParentRunner$1.schedule(ParentRunner.java:63)
	at org.junit.runners.ParentRunner.runChildren(ParentRunner.java:236)
	at org.junit.runners.ParentRunner.access$000(ParentRunner.java:53)
	at org.junit.runners.ParentRunner$2.evaluate(ParentRunner.java:229)
	at org.junit.runners.ParentRunner.run(ParentRunner.java:309)
	at org.apache.maven.surefire.junit4.JUnit4Provider.execute(JUnit4Provider.java:252)
	at org.apache.maven.surefire.junit4.JUnit4Provider.executeTestSet(JUnit4Provider.java:141)
	at org.apache.maven.surefire.junit4.JUnit4Provider.invoke(JUnit4Provider.java:112)
	at sun.reflect.NativeMethodAccessorImpl.invoke0(Native Method)
	at sun.reflect.NativeMethodAccessorImpl.invoke(NativeMethodAccessorImpl.java:57)
	at sun.reflect.DelegatingMethodAccessorImpl.invoke(DelegatingMethodAccessorImpl.java:43)
	at java.lang.reflect.Method.invoke(Method.java:606)
	at org.apache.maven.surefire.util.ReflectionUtils.invokeMethodWithArray(ReflectionUtils.java:189)
	at org.apache.maven.surefire.booter.ProviderFactory$ProviderProxy.invoke(ProviderFactory.java:165)
	at org.apache.maven.surefire.booter.ProviderFactory.invokeProvider(ProviderFactory.java:85)
	at org.apache.maven.surefire.booter.ForkedBooter.runSuitesInProcess(ForkedBooter.java:115)
	at org.apache.maven.surefire.booter.ForkedBooter.main(ForkedBooter.java:75)
Caused by: java.lang.RuntimeException: Failed to connect to zookeeper (localhost) within 2x zookeeper timeout period 30000
	at org.apache.accumulo.fate.zookeeper.ZooSession.connect(ZooSession.java:96)
	at org.apache.accumulo.fate.zookeeper.ZooSession.getSession(ZooSession.java:153)
	at org.apache.accumulo.fate.zookeeper.ZooReader.getSession(ZooReader.java:36)
	at org.apache.accumulo.fate.zookeeper.ZooReader.getZooKeeper(ZooReader.java:40)
	at org.apache.accumulo.fate.zookeeper.ZooCache.getZooKeeper(ZooCache.java:56)
	at org.apache.accumulo.fate.zookeeper.ZooCache.retry(ZooCache.java:127)
	at org.apache.accumulo.fate.zookeeper.ZooCache.getChildren(ZooCache.java:178)
	at org.apache.accumulo.core.client.impl.Tables.getMap(Tables.java:46)
	at org.apache.accumulo.core.client.impl.Tables.getNameToIdMap(Tables.java:78)
	at org.apache.accumulo.core.client.impl.Tables.getTableId(Tables.java:64)
	at org.apache.accumulo.core.client.mapreduce.AbstractInputFormat.getSplits(AbstractInputFormat.java:491)
	... 44 more

Running org.apache.accumulo.core.client.mapreduce.TokenFileTest
Tests run: 1, Failures: 0, Errors: 1, Skipped: 0, Time elapsed: 71.869 sec <<< FAILURE!
testMR(org.apache.accumulo.core.client.mapreduce.TokenFileTest)  Time elapsed: 71.867 sec  <<< ERROR!
java.io.IOException: java.lang.RuntimeException: Failed to connect to zookeeper (localhost) within 2x zookeeper timeout period 30000
	at org.apache.accumulo.core.client.mapreduce.AbstractInputFormat.getSplits(AbstractInputFormat.java:521)
	at org.apache.hadoop.mapred.JobClient.writeNewSplits(JobClient.java:1054)
	at org.apache.hadoop.mapred.JobClient.writeSplits(JobClient.java:1071)
	at org.apache.hadoop.mapred.JobClient.access$700(JobClient.java:179)
	at org.apache.hadoop.mapred.JobClient$2.run(JobClient.java:983)
	at org.apache.hadoop.mapred.JobClient$2.run(JobClient.java:936)
	at java.security.AccessController.doPrivileged(Native Method)
	at javax.security.auth.Subject.doAs(Subject.java:415)
	at org.apache.hadoop.security.UserGroupInformation.doAs(UserGroupInformation.java:1190)
	at org.apache.hadoop.mapred.JobClient.submitJobInternal(JobClient.java:936)
	at org.apache.hadoop.mapreduce.Job.submit(Job.java:550)
	at org.apache.hadoop.mapreduce.Job.waitForCompletion(Job.java:580)
	at org.apache.accumulo.core.client.mapreduce.TokenFileTest$MRTokenFileTester.run(TokenFileTest.java:125)
	at org.apache.hadoop.util.ToolRunner.run(ToolRunner.java:65)
	at org.apache.accumulo.core.client.mapreduce.TokenFileTest$MRTokenFileTester.main(TokenFileTest.java:133)
	at org.apache.accumulo.core.client.mapreduce.TokenFileTest.testMR(TokenFileTest.java:160)
	at sun.reflect.NativeMethodAccessorImpl.invoke0(Native Method)
	at sun.reflect.NativeMethodAccessorImpl.invoke(NativeMethodAccessorImpl.java:57)
	at sun.reflect.DelegatingMethodAccessorImpl.invoke(DelegatingMethodAccessorImpl.java:43)
	at java.lang.reflect.Method.invoke(Method.java:606)
	at org.junit.runners.model.FrameworkMethod$1.runReflectiveCall(FrameworkMethod.java:47)
	at org.junit.internal.runners.model.ReflectiveCallable.run(ReflectiveCallable.java:12)
	at org.junit.runners.model.FrameworkMethod.invokeExplosively(FrameworkMethod.java:44)
	at org.junit.internal.runners.statements.InvokeMethod.evaluate(InvokeMethod.java:17)
	at org.junit.rules.ExternalResource$1.evaluate(ExternalResource.java:48)
	at org.junit.rules.RunRules.evaluate(RunRules.java:20)
	at org.junit.runners.ParentRunner.runLeaf(ParentRunner.java:271)
	at org.junit.runners.BlockJUnit4ClassRunner.runChild(BlockJUnit4ClassRunner.java:70)
	at org.junit.runners.BlockJUnit4ClassRunner.runChild(BlockJUnit4ClassRunner.java:50)
	at org.junit.runners.ParentRunner$3.run(ParentRunner.java:238)
	at org.junit.runners.ParentRunner$1.schedule(ParentRunner.java:63)
	at org.junit.runners.ParentRunner.runChildren(ParentRunner.java:236)
	at org.junit.runners.ParentRunner.access$000(ParentRunner.java:53)
	at org.junit.runners.ParentRunner$2.evaluate(ParentRunner.java:229)
	at org.junit.runners.ParentRunner.run(ParentRunner.java:309)
	at org.apache.maven.surefire.junit4.JUnit4Provider.execute(JUnit4Provider.java:252)
	at org.apache.maven.surefire.junit4.JUnit4Provider.executeTestSet(JUnit4Provider.java:141)
	at org.apache.maven.surefire.junit4.JUnit4Provider.invoke(JUnit4Provider.java:112)
	at sun.reflect.NativeMethodAccessorImpl.invoke0(Native Method)
	at sun.reflect.NativeMethodAccessorImpl.invoke(NativeMethodAccessorImpl.java:57)
	at sun.reflect.DelegatingMethodAccessorImpl.invoke(DelegatingMethodAccessorImpl.java:43)
	at java.lang.reflect.Method.invoke(Method.java:606)
	at org.apache.maven.surefire.util.ReflectionUtils.invokeMethodWithArray(ReflectionUtils.java:189)
	at org.apache.maven.surefire.booter.ProviderFactory$ProviderProxy.invoke(ProviderFactory.java:165)
	at org.apache.maven.surefire.booter.ProviderFactory.invokeProvider(ProviderFactory.java:85)
	at org.apache.maven.surefire.booter.ForkedBooter.runSuitesInProcess(ForkedBooter.java:115)
	at org.apache.maven.surefire.booter.ForkedBooter.main(ForkedBooter.java:75)
Caused by: java.lang.RuntimeException: Failed to connect to zookeeper (localhost) within 2x zookeeper timeout period 30000
	at org.apache.accumulo.fate.zookeeper.ZooSession.connect(ZooSession.java:96)
	at org.apache.accumulo.fate.zookeeper.ZooSession.getSession(ZooSession.java:153)
	at org.apache.accumulo.fate.zookeeper.ZooReader.getSession(ZooReader.java:36)
	at org.apache.accumulo.fate.zookeeper.ZooReader.getZooKeeper(ZooReader.java:40)
	at org.apache.accumulo.fate.zookeeper.ZooCache.getZooKeeper(ZooCache.java:56)
	at org.apache.accumulo.fate.zookeeper.ZooCache.retry(ZooCache.java:127)
	at org.apache.accumulo.fate.zookeeper.ZooCache.getChildren(ZooCache.java:178)
	at org.apache.accumulo.core.client.impl.Tables.getMap(Tables.java:46)
	at org.apache.accumulo.core.client.impl.Tables.getNameToIdMap(Tables.java:78)
	at org.apache.accumulo.core.client.impl.Tables.getTableId(Tables.java:64)
	at org.apache.accumulo.core.client.mapreduce.AbstractInputFormat.getSplits(AbstractInputFormat.java:491)
	... 46 more

Running org.apache.accumulo.core.client.mapreduce.lib.partition.RangePartitionerTest
Tests run: 2, Failures: 0, Errors: 0, Skipped: 0, Time elapsed: 0.314 sec
Running org.apache.accumulo.core.client.mapreduce.lib.util.ConfiguratorBaseTest
Tests run: 6, Failures: 0, Errors: 0, Skipped: 0, Time elapsed: 0.001 sec
Running org.apache.accumulo.core.client.mapreduce.AccumuloRowInputFormatTest
Tests run: 1, Failures: 0, Errors: 1, Skipped: 0, Time elapsed: 73.281 sec <<< FAILURE!
test(org.apache.accumulo.core.client.mapreduce.AccumuloRowInputFormatTest)  Time elapsed: 73.281 sec  <<< ERROR!
java.io.IOException: java.lang.RuntimeException: Failed to connect to zookeeper (localhost) within 2x zookeeper timeout period 30000
	at org.apache.accumulo.core.client.mapreduce.AbstractInputFormat.getSplits(AbstractInputFormat.java:521)
	at org.apache.hadoop.mapred.JobClient.writeNewSplits(JobClient.java:1054)
	at org.apache.hadoop.mapred.JobClient.writeSplits(JobClient.java:1071)
	at org.apache.hadoop.mapred.JobClient.access$700(JobClient.java:179)
	at org.apache.hadoop.mapred.JobClient$2.run(JobClient.java:983)
	at org.apache.hadoop.mapred.JobClient$2.run(JobClient.java:936)
	at java.security.AccessController.doPrivileged(Native Method)
	at javax.security.auth.Subject.doAs(Subject.java:415)
	at org.apache.hadoop.security.UserGroupInformation.doAs(UserGroupInformation.java:1190)
	at org.apache.hadoop.mapred.JobClient.submitJobInternal(JobClient.java:936)
	at org.apache.hadoop.mapreduce.Job.submit(Job.java:550)
	at org.apache.hadoop.mapreduce.Job.waitForCompletion(Job.java:580)
	at org.apache.accumulo.core.client.mapreduce.AccumuloRowInputFormatTest$MRTester.run(AccumuloRowInputFormatTest.java:171)
	at org.apache.hadoop.util.ToolRunner.run(ToolRunner.java:65)
	at org.apache.accumulo.core.client.mapreduce.AccumuloRowInputFormatTest$MRTester.main(AccumuloRowInputFormatTest.java:177)
	at org.apache.accumulo.core.client.mapreduce.AccumuloRowInputFormatTest.test(AccumuloRowInputFormatTest.java:197)
	at sun.reflect.NativeMethodAccessorImpl.invoke0(Native Method)
	at sun.reflect.NativeMethodAccessorImpl.invoke(NativeMethodAccessorImpl.java:57)
	at sun.reflect.DelegatingMethodAccessorImpl.invoke(DelegatingMethodAccessorImpl.java:43)
	at java.lang.reflect.Method.invoke(Method.java:606)
	at org.junit.runners.model.FrameworkMethod$1.runReflectiveCall(FrameworkMethod.java:47)
	at org.junit.internal.runners.model.ReflectiveCallable.run(ReflectiveCallable.java:12)
	at org.junit.runners.model.FrameworkMethod.invokeExplosively(FrameworkMethod.java:44)
	at org.junit.internal.runners.statements.InvokeMethod.evaluate(InvokeMethod.java:17)
	at org.junit.runners.ParentRunner.runLeaf(ParentRunner.java:271)
	at org.junit.runners.BlockJUnit4ClassRunner.runChild(BlockJUnit4ClassRunner.java:70)
	at org.junit.runners.BlockJUnit4ClassRunner.runChild(BlockJUnit4ClassRunner.java:50)
	at org.junit.runners.ParentRunner$3.run(ParentRunner.java:238)
	at org.junit.runners.ParentRunner$1.schedule(ParentRunner.java:63)
	at org.junit.runners.ParentRunner.runChildren(ParentRunner.java:236)
	at org.junit.runners.ParentRunner.access$000(ParentRunner.java:53)
	at org.junit.runners.ParentRunner$2.evaluate(ParentRunner.java:229)
	at org.junit.runners.ParentRunner.run(ParentRunner.java:309)
	at org.apache.maven.surefire.junit4.JUnit4Provider.execute(JUnit4Provider.java:252)
	at org.apache.maven.surefire.junit4.JUnit4Provider.executeTestSet(JUnit4Provider.java:141)
	at org.apache.maven.surefire.junit4.JUnit4Provider.invoke(JUnit4Provider.java:112)
	at sun.reflect.NativeMethodAccessorImpl.invoke0(Native Method)
	at sun.reflect.NativeMethodAccessorImpl.invoke(NativeMethodAccessorImpl.java:57)
	at sun.reflect.DelegatingMethodAccessorImpl.invoke(DelegatingMethodAccessorImpl.java:43)
	at java.lang.reflect.Method.invoke(Method.java:606)
	at org.apache.maven.surefire.util.ReflectionUtils.invokeMethodWithArray(ReflectionUtils.java:189)
	at org.apache.maven.surefire.booter.ProviderFactory$ProviderProxy.invoke(ProviderFactory.java:165)
	at org.apache.maven.surefire.booter.ProviderFactory.invokeProvider(ProviderFactory.java:85)
	at org.apache.maven.surefire.booter.ForkedBooter.runSuitesInProcess(ForkedBooter.java:115)
	at org.apache.maven.surefire.booter.ForkedBooter.main(ForkedBooter.java:75)
Caused by: java.lang.RuntimeException: Failed to connect to zookeeper (localhost) within 2x zookeeper timeout period 30000
	at org.apache.accumulo.fate.zookeeper.ZooSession.connect(ZooSession.java:96)
	at org.apache.accumulo.fate.zookeeper.ZooSession.getSession(ZooSession.java:153)
	at org.apache.accumulo.fate.zookeeper.ZooReader.getSession(ZooReader.java:36)
	at org.apache.accumulo.fate.zookeeper.ZooReader.getZooKeeper(ZooReader.java:40)
	at org.apache.accumulo.fate.zookeeper.ZooCache.getZooKeeper(ZooCache.java:56)
	at org.apache.accumulo.fate.zookeeper.ZooCache.retry(ZooCache.java:127)
	at org.apache.accumulo.fate.zookeeper.ZooCache.getChildren(ZooCache.java:178)
	at org.apache.accumulo.core.client.impl.Tables.getMap(Tables.java:46)
	at org.apache.accumulo.core.client.impl.Tables.getNameToIdMap(Tables.java:78)
	at org.apache.accumulo.core.client.impl.Tables.getTableId(Tables.java:64)
	at org.apache.accumulo.core.client.mapreduce.AbstractInputFormat.getSplits(AbstractInputFormat.java:491)
	... 44 more

Running org.apache.accumulo.core.client.mapreduce.AccumuloFileOutputFormatTest
Tests run: 4, Failures: 0, Errors: 3, Skipped: 0, Time elapsed: 208.769 sec <<< FAILURE!
testEmptyWrite(org.apache.accumulo.core.client.mapreduce.AccumuloFileOutputFormatTest)  Time elapsed: 72.123 sec  <<< ERROR!
java.io.IOException: java.lang.RuntimeException: Failed to connect to zookeeper (localhost) within 2x zookeeper timeout period 30000
	at org.apache.accumulo.core.client.mapreduce.AbstractInputFormat.getSplits(AbstractInputFormat.java:521)
	at org.apache.hadoop.mapred.JobClient.writeNewSplits(JobClient.java:1054)
	at org.apache.hadoop.mapred.JobClient.writeSplits(JobClient.java:1071)
	at org.apache.hadoop.mapred.JobClient.access$700(JobClient.java:179)
	at org.apache.hadoop.mapred.JobClient$2.run(JobClient.java:983)
	at org.apache.hadoop.mapred.JobClient$2.run(JobClient.java:936)
	at java.security.AccessController.doPrivileged(Native Method)
	at javax.security.auth.Subject.doAs(Subject.java:415)
	at org.apache.hadoop.security.UserGroupInformation.doAs(UserGroupInformation.java:1190)
	at org.apache.hadoop.mapred.JobClient.submitJobInternal(JobClient.java:936)
	at org.apache.hadoop.mapreduce.Job.submit(Job.java:550)
	at org.apache.hadoop.mapreduce.Job.waitForCompletion(Job.java:580)
	at org.apache.accumulo.core.client.mapreduce.AccumuloFileOutputFormatTest$MRTester.run(AccumuloFileOutputFormatTest.java:151)
	at org.apache.hadoop.util.ToolRunner.run(ToolRunner.java:65)
	at org.apache.accumulo.core.client.mapreduce.AccumuloFileOutputFormatTest$MRTester.main(AccumuloFileOutputFormatTest.java:157)
	at org.apache.accumulo.core.client.mapreduce.AccumuloFileOutputFormatTest.handleWriteTests(AccumuloFileOutputFormatTest.java:164)
	at org.apache.accumulo.core.client.mapreduce.AccumuloFileOutputFormatTest.testEmptyWrite(AccumuloFileOutputFormatTest.java:85)
	at sun.reflect.NativeMethodAccessorImpl.invoke0(Native Method)
	at sun.reflect.NativeMethodAccessorImpl.invoke(NativeMethodAccessorImpl.java:57)
	at sun.reflect.DelegatingMethodAccessorImpl.invoke(DelegatingMethodAccessorImpl.java:43)
	at java.lang.reflect.Method.invoke(Method.java:606)
	at org.junit.runners.model.FrameworkMethod$1.runReflectiveCall(FrameworkMethod.java:47)
	at org.junit.internal.runners.model.ReflectiveCallable.run(ReflectiveCallable.java:12)
	at org.junit.runners.model.FrameworkMethod.invokeExplosively(FrameworkMethod.java:44)
	at org.junit.internal.runners.statements.InvokeMethod.evaluate(InvokeMethod.java:17)
	at org.junit.rules.ExternalResource$1.evaluate(ExternalResource.java:48)
	at org.junit.rules.RunRules.evaluate(RunRules.java:20)
	at org.junit.runners.ParentRunner.runLeaf(ParentRunner.java:271)
	at org.junit.runners.BlockJUnit4ClassRunner.runChild(BlockJUnit4ClassRunner.java:70)
	at org.junit.runners.BlockJUnit4ClassRunner.runChild(BlockJUnit4ClassRunner.java:50)
	at org.junit.runners.ParentRunner$3.run(ParentRunner.java:238)
	at org.junit.runners.ParentRunner$1.schedule(ParentRunner.java:63)
	at org.junit.runners.ParentRunner.runChildren(ParentRunner.java:236)
	at org.junit.runners.ParentRunner.access$000(ParentRunner.java:53)
	at org.junit.runners.ParentRunner$2.evaluate(ParentRunner.java:229)
	at org.junit.internal.runners.statements.RunBefores.evaluate(RunBefores.java:26)
	at org.junit.runners.ParentRunner.run(ParentRunner.java:309)
	at org.apache.maven.surefire.junit4.JUnit4Provider.execute(JUnit4Provider.java:252)
	at org.apache.maven.surefire.junit4.JUnit4Provider.executeTestSet(JUnit4Provider.java:141)
	at org.apache.maven.surefire.junit4.JUnit4Provider.invoke(JUnit4Provider.java:112)
	at sun.reflect.NativeMethodAccessorImpl.invoke0(Native Method)
	at sun.reflect.NativeMethodAccessorImpl.invoke(NativeMethodAccessorImpl.java:57)
	at sun.reflect.DelegatingMethodAccessorImpl.invoke(DelegatingMethodAccessorImpl.java:43)
	at java.lang.reflect.Method.invoke(Method.java:606)
	at org.apache.maven.surefire.util.ReflectionUtils.invokeMethodWithArray(ReflectionUtils.java:189)
	at org.apache.maven.surefire.booter.ProviderFactory$ProviderProxy.invoke(ProviderFactory.java:165)
	at org.apache.maven.surefire.booter.ProviderFactory.invokeProvider(ProviderFactory.java:85)
	at org.apache.maven.surefire.booter.ForkedBooter.runSuitesInProcess(ForkedBooter.java:115)
	at org.apache.maven.surefire.booter.ForkedBooter.main(ForkedBooter.java:75)
Caused by: java.lang.RuntimeException: Failed to connect to zookeeper (localhost) within 2x zookeeper timeout period 30000
	at org.apache.accumulo.fate.zookeeper.ZooSession.connect(ZooSession.java:96)
	at org.apache.accumulo.fate.zookeeper.ZooSession.getSession(ZooSession.java:153)
	at org.apache.accumulo.fate.zookeeper.ZooReader.getSession(ZooReader.java:36)
	at org.apache.accumulo.fate.zookeeper.ZooReader.getZooKeeper(ZooReader.java:40)
	at org.apache.accumulo.fate.zookeeper.ZooCache.getZooKeeper(ZooCache.java:56)
	at org.apache.accumulo.fate.zookeeper.ZooCache.retry(ZooCache.java:127)
	at org.apache.accumulo.fate.zookeeper.ZooCache.getChildren(ZooCache.java:178)
	at org.apache.accumulo.core.client.impl.Tables.getMap(Tables.java:46)
	at org.apache.accumulo.core.client.impl.Tables.getNameToIdMap(Tables.java:78)
	at org.apache.accumulo.core.client.impl.Tables.getTableId(Tables.java:64)
	at org.apache.accumulo.core.client.mapreduce.AbstractInputFormat.getSplits(AbstractInputFormat.java:491)
	... 48 more

testRealWrite(org.apache.accumulo.core.client.mapreduce.AccumuloFileOutputFormatTest)  Time elapsed: 69.331 sec  <<< ERROR!
java.io.IOException: java.lang.RuntimeException: Failed to connect to zookeeper (localhost) within 2x zookeeper timeout period 30000
	at org.apache.accumulo.core.client.mapreduce.AbstractInputFormat.getSplits(AbstractInputFormat.java:521)
	at org.apache.hadoop.mapred.JobClient.writeNewSplits(JobClient.java:1054)
	at org.apache.hadoop.mapred.JobClient.writeSplits(JobClient.java:1071)
	at org.apache.hadoop.mapred.JobClient.access$700(JobClient.java:179)
	at org.apache.hadoop.mapred.JobClient$2.run(JobClient.java:983)
	at org.apache.hadoop.mapred.JobClient$2.run(JobClient.java:936)
	at java.security.AccessController.doPrivileged(Native Method)
	at javax.security.auth.Subject.doAs(Subject.java:415)
	at org.apache.hadoop.security.UserGroupInformation.doAs(UserGroupInformation.java:1190)
	at org.apache.hadoop.mapred.JobClient.submitJobInternal(JobClient.java:936)
	at org.apache.hadoop.mapreduce.Job.submit(Job.java:550)
	at org.apache.hadoop.mapreduce.Job.waitForCompletion(Job.java:580)
	at org.apache.accumulo.core.client.mapreduce.AccumuloFileOutputFormatTest$MRTester.run(AccumuloFileOutputFormatTest.java:151)
	at org.apache.hadoop.util.ToolRunner.run(ToolRunner.java:65)
	at org.apache.accumulo.core.client.mapreduce.AccumuloFileOutputFormatTest$MRTester.main(AccumuloFileOutputFormatTest.java:157)
	at org.apache.accumulo.core.client.mapreduce.AccumuloFileOutputFormatTest.handleWriteTests(AccumuloFileOutputFormatTest.java:164)
	at org.apache.accumulo.core.client.mapreduce.AccumuloFileOutputFormatTest.testRealWrite(AccumuloFileOutputFormatTest.java:90)
	at sun.reflect.NativeMethodAccessorImpl.invoke0(Native Method)
	at sun.reflect.NativeMethodAccessorImpl.invoke(NativeMethodAccessorImpl.java:57)
	at sun.reflect.DelegatingMethodAccessorImpl.invoke(DelegatingMethodAccessorImpl.java:43)
	at java.lang.reflect.Method.invoke(Method.java:606)
	at org.junit.runners.model.FrameworkMethod$1.runReflectiveCall(FrameworkMethod.java:47)
	at org.junit.internal.runners.model.ReflectiveCallable.run(ReflectiveCallable.java:12)
	at org.junit.runners.model.FrameworkMethod.invokeExplosively(FrameworkMethod.java:44)
	at org.junit.internal.runners.statements.InvokeMethod.evaluate(InvokeMethod.java:17)
	at org.junit.rules.ExternalResource$1.evaluate(ExternalResource.java:48)
	at org.junit.rules.RunRules.evaluate(RunRules.java:20)
	at org.junit.runners.ParentRunner.runLeaf(ParentRunner.java:271)
	at org.junit.runners.BlockJUnit4ClassRunner.runChild(BlockJUnit4ClassRunner.java:70)
	at org.junit.runners.BlockJUnit4ClassRunner.runChild(BlockJUnit4ClassRunner.java:50)
	at org.junit.runners.ParentRunner$3.run(ParentRunner.java:238)
	at org.junit.runners.ParentRunner$1.schedule(ParentRunner.java:63)
	at org.junit.runners.ParentRunner.runChildren(ParentRunner.java:236)
	at org.junit.runners.ParentRunner.access$000(ParentRunner.java:53)
	at org.junit.runners.ParentRunner$2.evaluate(ParentRunner.java:229)
	at org.junit.internal.runners.statements.RunBefores.evaluate(RunBefores.java:26)
	at org.junit.runners.ParentRunner.run(ParentRunner.java:309)
	at org.apache.maven.surefire.junit4.JUnit4Provider.execute(JUnit4Provider.java:252)
	at org.apache.maven.surefire.junit4.JUnit4Provider.executeTestSet(JUnit4Provider.java:141)
	at org.apache.maven.surefire.junit4.JUnit4Provider.invoke(JUnit4Provider.java:112)
	at sun.reflect.NativeMethodAccessorImpl.invoke0(Native Method)
	at sun.reflect.NativeMethodAccessorImpl.invoke(NativeMethodAccessorImpl.java:57)
	at sun.reflect.DelegatingMethodAccessorImpl.invoke(DelegatingMethodAccessorImpl.java:43)
	at java.lang.reflect.Method.invoke(Method.java:606)
	at org.apache.maven.surefire.util.ReflectionUtils.invokeMethodWithArray(ReflectionUtils.java:189)
	at org.apache.maven.surefire.booter.ProviderFactory$ProviderProxy.invoke(ProviderFactory.java:165)
	at org.apache.maven.surefire.booter.ProviderFactory.invokeProvider(ProviderFactory.java:85)
	at org.apache.maven.surefire.booter.ForkedBooter.runSuitesInProcess(ForkedBooter.java:115)
	at org.apache.maven.surefire.booter.ForkedBooter.main(ForkedBooter.java:75)
Caused by: java.lang.RuntimeException: Failed to connect to zookeeper (localhost) within 2x zookeeper timeout period 30000
	at org.apache.accumulo.fate.zookeeper.ZooSession.connect(ZooSession.java:96)
	at org.apache.accumulo.fate.zookeeper.ZooSession.getSession(ZooSession.java:153)
	at org.apache.accumulo.fate.zookeeper.ZooReader.getSession(ZooReader.java:36)
	at org.apache.accumulo.fate.zookeeper.ZooReader.getZooKeeper(ZooReader.java:40)
	at org.apache.accumulo.fate.zookeeper.ZooCache.getZooKeeper(ZooCache.java:56)
	at org.apache.accumulo.fate.zookeeper.ZooCache.retry(ZooCache.java:127)
	at org.apache.accumulo.fate.zookeeper.ZooCache.getChildren(ZooCache.java:178)
	at org.apache.accumulo.core.client.impl.Tables.getMap(Tables.java:46)
	at org.apache.accumulo.core.client.impl.Tables.getNameToIdMap(Tables.java:78)
	at org.apache.accumulo.core.client.impl.Tables.getTableId(Tables.java:64)
	at org.apache.accumulo.core.client.mapreduce.AbstractInputFormat.getSplits(AbstractInputFormat.java:491)
	... 48 more

writeBadVisibility(org.apache.accumulo.core.client.mapreduce.AccumuloFileOutputFormatTest)  Time elapsed: 67.296 sec  <<< ERROR!
java.io.IOException: java.lang.RuntimeException: Failed to connect to zookeeper (localhost) within 2x zookeeper timeout period 30000
	at org.apache.accumulo.core.client.mapreduce.AbstractInputFormat.getSplits(AbstractInputFormat.java:521)
	at org.apache.hadoop.mapred.JobClient.writeNewSplits(JobClient.java:1054)
	at org.apache.hadoop.mapred.JobClient.writeSplits(JobClient.java:1071)
	at org.apache.hadoop.mapred.JobClient.access$700(JobClient.java:179)
	at org.apache.hadoop.mapred.JobClient$2.run(JobClient.java:983)
	at org.apache.hadoop.mapred.JobClient$2.run(JobClient.java:936)
	at java.security.AccessController.doPrivileged(Native Method)
	at javax.security.auth.Subject.doAs(Subject.java:415)
	at org.apache.hadoop.security.UserGroupInformation.doAs(UserGroupInformation.java:1190)
	at org.apache.hadoop.mapred.JobClient.submitJobInternal(JobClient.java:936)
	at org.apache.hadoop.mapreduce.Job.submit(Job.java:550)
	at org.apache.hadoop.mapreduce.Job.waitForCompletion(Job.java:580)
	at org.apache.accumulo.core.client.mapreduce.AccumuloFileOutputFormatTest$MRTester.run(AccumuloFileOutputFormatTest.java:151)
	at org.apache.hadoop.util.ToolRunner.run(ToolRunner.java:65)
	at org.apache.accumulo.core.client.mapreduce.AccumuloFileOutputFormatTest$MRTester.main(AccumuloFileOutputFormatTest.java:157)
	at org.apache.accumulo.core.client.mapreduce.AccumuloFileOutputFormatTest.writeBadVisibility(AccumuloFileOutputFormatTest.java:185)
	at sun.reflect.NativeMethodAccessorImpl.invoke0(Native Method)
	at sun.reflect.NativeMethodAccessorImpl.invoke(NativeMethodAccessorImpl.java:57)
	at sun.reflect.DelegatingMethodAccessorImpl.invoke(DelegatingMethodAccessorImpl.java:43)
	at java.lang.reflect.Method.invoke(Method.java:606)
	at org.junit.runners.model.FrameworkMethod$1.runReflectiveCall(FrameworkMethod.java:47)
	at org.junit.internal.runners.model.ReflectiveCallable.run(ReflectiveCallable.java:12)
	at org.junit.runners.model.FrameworkMethod.invokeExplosively(FrameworkMethod.java:44)
	at org.junit.internal.runners.statements.InvokeMethod.evaluate(InvokeMethod.java:17)
	at org.junit.rules.ExternalResource$1.evaluate(ExternalResource.java:48)
	at org.junit.rules.RunRules.evaluate(RunRules.java:20)
	at org.junit.runners.ParentRunner.runLeaf(ParentRunner.java:271)
	at org.junit.runners.BlockJUnit4ClassRunner.runChild(BlockJUnit4ClassRunner.java:70)
	at org.junit.runners.BlockJUnit4ClassRunner.runChild(BlockJUnit4ClassRunner.java:50)
	at org.junit.runners.ParentRunner$3.run(ParentRunner.java:238)
	at org.junit.runners.ParentRunner$1.schedule(ParentRunner.java:63)
	at org.junit.runners.ParentRunner.runChildren(ParentRunner.java:236)
	at org.junit.runners.ParentRunner.access$000(ParentRunner.java:53)
	at org.junit.runners.ParentRunner$2.evaluate(ParentRunner.java:229)
	at org.junit.internal.runners.statements.RunBefores.evaluate(RunBefores.java:26)
	at org.junit.runners.ParentRunner.run(ParentRunner.java:309)
	at org.apache.maven.surefire.junit4.JUnit4Provider.execute(JUnit4Provider.java:252)
	at org.apache.maven.surefire.junit4.JUnit4Provider.executeTestSet(JUnit4Provider.java:141)
	at org.apache.maven.surefire.junit4.JUnit4Provider.invoke(JUnit4Provider.java:112)
	at sun.reflect.NativeMethodAccessorImpl.invoke0(Native Method)
	at sun.reflect.NativeMethodAccessorImpl.invoke(NativeMethodAccessorImpl.java:57)
	at sun.reflect.DelegatingMethodAccessorImpl.invoke(DelegatingMethodAccessorImpl.java:43)
	at java.lang.reflect.Method.invoke(Method.java:606)
	at org.apache.maven.surefire.util.ReflectionUtils.invokeMethodWithArray(ReflectionUtils.java:189)
	at org.apache.maven.surefire.booter.ProviderFactory$ProviderProxy.invoke(ProviderFactory.java:165)
	at org.apache.maven.surefire.booter.ProviderFactory.invokeProvider(ProviderFactory.java:85)
	at org.apache.maven.surefire.booter.ForkedBooter.runSuitesInProcess(ForkedBooter.java:115)
	at org.apache.maven.surefire.booter.ForkedBooter.main(ForkedBooter.java:75)
Caused by: java.lang.RuntimeException: Failed to connect to zookeeper (localhost) within 2x zookeeper timeout period 30000
	at org.apache.accumulo.fate.zookeeper.ZooSession.connect(ZooSession.java:96)
	at org.apache.accumulo.fate.zookeeper.ZooSession.getSession(ZooSession.java:153)
	at org.apache.accumulo.fate.zookeeper.ZooReader.getSession(ZooReader.java:36)
	at org.apache.accumulo.fate.zookeeper.ZooReader.getZooKeeper(ZooReader.java:40)
	at org.apache.accumulo.fate.zookeeper.ZooCache.getZooKeeper(ZooCache.java:56)
	at org.apache.accumulo.fate.zookeeper.ZooCache.retry(ZooCache.java:127)
	at org.apache.accumulo.fate.zookeeper.ZooCache.getChildren(ZooCache.java:178)
	at org.apache.accumulo.core.client.impl.Tables.getMap(Tables.java:46)
	at org.apache.accumulo.core.client.impl.Tables.getNameToIdMap(Tables.java:78)
	at org.apache.accumulo.core.client.impl.Tables.getTableId(Tables.java:64)
	at org.apache.accumulo.core.client.mapreduce.AbstractInputFormat.getSplits(AbstractInputFormat.java:491)
	... 47 more

Running org.apache.accumulo.core.client.mapreduce.AccumuloMultiTableInputFormatTest
Tests run: 2, Failures: 0, Errors: 1, Skipped: 0, Time elapsed: 68.716 sec <<< FAILURE!
testMap(org.apache.accumulo.core.client.mapreduce.AccumuloMultiTableInputFormatTest)  Time elapsed: 68.716 sec  <<< ERROR!
java.io.IOException: java.lang.RuntimeException: Failed to connect to zookeeper (localhost) within 2x zookeeper timeout period 30000
	at org.apache.accumulo.core.client.mapreduce.AbstractInputFormat.getSplits(AbstractInputFormat.java:521)
	at org.apache.hadoop.mapred.JobClient.writeNewSplits(JobClient.java:1054)
	at org.apache.hadoop.mapred.JobClient.writeSplits(JobClient.java:1071)
	at org.apache.hadoop.mapred.JobClient.access$700(JobClient.java:179)
	at org.apache.hadoop.mapred.JobClient$2.run(JobClient.java:983)
	at org.apache.hadoop.mapred.JobClient$2.run(JobClient.java:936)
	at java.security.AccessController.doPrivileged(Native Method)
	at javax.security.auth.Subject.doAs(Subject.java:415)
	at org.apache.hadoop.security.UserGroupInformation.doAs(UserGroupInformation.java:1190)
	at org.apache.hadoop.mapred.JobClient.submitJobInternal(JobClient.java:936)
	at org.apache.hadoop.mapreduce.Job.submit(Job.java:550)
	at org.apache.hadoop.mapreduce.Job.waitForCompletion(Job.java:580)
	at org.apache.accumulo.core.client.mapreduce.AccumuloMultiTableInputFormatTest$MRTester.run(AccumuloMultiTableInputFormatTest.java:125)
	at org.apache.hadoop.util.ToolRunner.run(ToolRunner.java:65)
	at org.apache.accumulo.core.client.mapreduce.AccumuloMultiTableInputFormatTest$MRTester.main(AccumuloMultiTableInputFormatTest.java:131)
	at org.apache.accumulo.core.client.mapreduce.AccumuloMultiTableInputFormatTest.testMap(AccumuloMultiTableInputFormatTest.java:157)
	at sun.reflect.NativeMethodAccessorImpl.invoke0(Native Method)
	at sun.reflect.NativeMethodAccessorImpl.invoke(NativeMethodAccessorImpl.java:57)
	at sun.reflect.DelegatingMethodAccessorImpl.invoke(DelegatingMethodAccessorImpl.java:43)
	at java.lang.reflect.Method.invoke(Method.java:606)
	at org.junit.runners.model.FrameworkMethod$1.runReflectiveCall(FrameworkMethod.java:47)
	at org.junit.internal.runners.model.ReflectiveCallable.run(ReflectiveCallable.java:12)
	at org.junit.runners.model.FrameworkMethod.invokeExplosively(FrameworkMethod.java:44)
	at org.junit.internal.runners.statements.InvokeMethod.evaluate(InvokeMethod.java:17)
	at org.junit.runners.ParentRunner.runLeaf(ParentRunner.java:271)
	at org.junit.runners.BlockJUnit4ClassRunner.runChild(BlockJUnit4ClassRunner.java:70)
	at org.junit.runners.BlockJUnit4ClassRunner.runChild(BlockJUnit4ClassRunner.java:50)
	at org.junit.runners.ParentRunner$3.run(ParentRunner.java:238)
	at org.junit.runners.ParentRunner$1.schedule(ParentRunner.java:63)
	at org.junit.runners.ParentRunner.runChildren(ParentRunner.java:236)
	at org.junit.runners.ParentRunner.access$000(ParentRunner.java:53)
	at org.junit.runners.ParentRunner$2.evaluate(ParentRunner.java:229)
	at org.junit.runners.ParentRunner.run(ParentRunner.java:309)
	at org.apache.maven.surefire.junit4.JUnit4Provider.execute(JUnit4Provider.java:252)
	at org.apache.maven.surefire.junit4.JUnit4Provider.executeTestSet(JUnit4Provider.java:141)
	at org.apache.maven.surefire.junit4.JUnit4Provider.invoke(JUnit4Provider.java:112)
	at sun.reflect.NativeMethodAccessorImpl.invoke0(Native Method)
	at sun.reflect.NativeMethodAccessorImpl.invoke(NativeMethodAccessorImpl.java:57)
	at sun.reflect.DelegatingMethodAccessorImpl.invoke(DelegatingMethodAccessorImpl.java:43)
	at java.lang.reflect.Method.invoke(Method.java:606)
	at org.apache.maven.surefire.util.ReflectionUtils.invokeMethodWithArray(ReflectionUtils.java:189)
	at org.apache.maven.surefire.booter.ProviderFactory$ProviderProxy.invoke(ProviderFactory.java:165)
	at org.apache.maven.surefire.booter.ProviderFactory.invokeProvider(ProviderFactory.java:85)
	at org.apache.maven.surefire.booter.ForkedBooter.runSuitesInProcess(ForkedBooter.java:115)
	at org.apache.maven.surefire.booter.ForkedBooter.main(ForkedBooter.java:75)
Caused by: java.lang.RuntimeException: Failed to connect to zookeeper (localhost) within 2x zookeeper timeout period 30000
	at org.apache.accumulo.fate.zookeeper.ZooSession.connect(ZooSession.java:96)
	at org.apache.accumulo.fate.zookeeper.ZooSession.getSession(ZooSession.java:153)
	at org.apache.accumulo.fate.zookeeper.ZooReader.getSession(ZooReader.java:36)
	at org.apache.accumulo.fate.zookeeper.ZooReader.getZooKeeper(ZooReader.java:40)
	at org.apache.accumulo.fate.zookeeper.ZooCache.getZooKeeper(ZooCache.java:56)
	at org.apache.accumulo.fate.zookeeper.ZooCache.retry(ZooCache.java:127)
	at org.apache.accumulo.fate.zookeeper.ZooCache.getChildren(ZooCache.java:178)
	at org.apache.accumulo.core.client.impl.Tables.getMap(Tables.java:46)
	at org.apache.accumulo.core.client.impl.Tables.getNameToIdMap(Tables.java:78)
	at org.apache.accumulo.core.client.impl.Tables.getTableId(Tables.java:64)
	at org.apache.accumulo.core.client.mapreduce.AbstractInputFormat.getSplits(AbstractInputFormat.java:491)
	... 44 more

Running org.apache.accumulo.core.client.mapreduce.AccumuloInputFormatTest
Tests run: 6, Failures: 0, Errors: 1, Skipped: 0, Time elapsed: 66.725 sec <<< FAILURE!
testMap(org.apache.accumulo.core.client.mapreduce.AccumuloInputFormatTest)  Time elapsed: 66.701 sec  <<< ERROR!
java.io.IOException: java.lang.RuntimeException: Failed to connect to zookeeper (localhost) within 2x zookeeper timeout period 30000
	at org.apache.accumulo.core.client.mapreduce.AbstractInputFormat.getSplits(AbstractInputFormat.java:521)
	at org.apache.hadoop.mapred.JobClient.writeNewSplits(JobClient.java:1054)
	at org.apache.hadoop.mapred.JobClient.writeSplits(JobClient.java:1071)
	at org.apache.hadoop.mapred.JobClient.access$700(JobClient.java:179)
	at org.apache.hadoop.mapred.JobClient$2.run(JobClient.java:983)
	at org.apache.hadoop.mapred.JobClient$2.run(JobClient.java:936)
	at java.security.AccessController.doPrivileged(Native Method)
	at javax.security.auth.Subject.doAs(Subject.java:415)
	at org.apache.hadoop.security.UserGroupInformation.doAs(UserGroupInformation.java:1190)
	at org.apache.hadoop.mapred.JobClient.submitJobInternal(JobClient.java:936)
	at org.apache.hadoop.mapreduce.Job.submit(Job.java:550)
	at org.apache.hadoop.mapreduce.Job.waitForCompletion(Job.java:580)
	at org.apache.accumulo.core.client.mapreduce.AccumuloInputFormatTest$MRTester.run(AccumuloInputFormatTest.java:254)
	at org.apache.hadoop.util.ToolRunner.run(ToolRunner.java:65)
	at org.apache.accumulo.core.client.mapreduce.AccumuloInputFormatTest$MRTester.main(AccumuloInputFormatTest.java:260)
	at org.apache.accumulo.core.client.mapreduce.AccumuloInputFormatTest.testMap(AccumuloInputFormatTest.java:277)
	at sun.reflect.NativeMethodAccessorImpl.invoke0(Native Method)
	at sun.reflect.NativeMethodAccessorImpl.invoke(NativeMethodAccessorImpl.java:57)
	at sun.reflect.DelegatingMethodAccessorImpl.invoke(DelegatingMethodAccessorImpl.java:43)
	at java.lang.reflect.Method.invoke(Method.java:606)
	at org.junit.runners.model.FrameworkMethod$1.runReflectiveCall(FrameworkMethod.java:47)
	at org.junit.internal.runners.model.ReflectiveCallable.run(ReflectiveCallable.java:12)
	at org.junit.runners.model.FrameworkMethod.invokeExplosively(FrameworkMethod.java:44)
	at org.junit.internal.runners.statements.InvokeMethod.evaluate(InvokeMethod.java:17)
	at org.junit.runners.ParentRunner.runLeaf(ParentRunner.java:271)
	at org.junit.runners.BlockJUnit4ClassRunner.runChild(BlockJUnit4ClassRunner.java:70)
	at org.junit.runners.BlockJUnit4ClassRunner.runChild(BlockJUnit4ClassRunner.java:50)
	at org.junit.runners.ParentRunner$3.run(ParentRunner.java:238)
	at org.junit.runners.ParentRunner$1.schedule(ParentRunner.java:63)
	at org.junit.runners.ParentRunner.runChildren(ParentRunner.java:236)
	at org.junit.runners.ParentRunner.access$000(ParentRunner.java:53)
	at org.junit.runners.ParentRunner$2.evaluate(ParentRunner.java:229)
	at org.junit.runners.ParentRunner.run(ParentRunner.java:309)
	at org.apache.maven.surefire.junit4.JUnit4Provider.execute(JUnit4Provider.java:252)
	at org.apache.maven.surefire.junit4.JUnit4Provider.executeTestSet(JUnit4Provider.java:141)
	at org.apache.maven.surefire.junit4.JUnit4Provider.invoke(JUnit4Provider.java:112)
	at sun.reflect.NativeMethodAccessorImpl.invoke0(Native Method)
	at sun.reflect.NativeMethodAccessorImpl.invoke(NativeMethodAccessorImpl.java:57)
	at sun.reflect.DelegatingMethodAccessorImpl.invoke(DelegatingMethodAccessorImpl.java:43)
	at java.lang.reflect.Method.invoke(Method.java:606)
	at org.apache.maven.surefire.util.ReflectionUtils.invokeMethodWithArray(ReflectionUtils.java:189)
	at org.apache.maven.surefire.booter.ProviderFactory$ProviderProxy.invoke(ProviderFactory.java:165)
	at org.apache.maven.surefire.booter.ProviderFactory.invokeProvider(ProviderFactory.java:85)
	at org.apache.maven.surefire.booter.ForkedBooter.runSuitesInProcess(ForkedBooter.java:115)
	at org.apache.maven.surefire.booter.ForkedBooter.main(ForkedBooter.java:75)
Caused by: java.lang.RuntimeException: Failed to connect to zookeeper (localhost) within 2x zookeeper timeout period 30000
	at org.apache.accumulo.fate.zookeeper.ZooSession.connect(ZooSession.java:96)
	at org.apache.accumulo.fate.zookeeper.ZooSession.getSession(ZooSession.java:153)
	at org.apache.accumulo.fate.zookeeper.ZooReader.getSession(ZooReader.java:36)
	at org.apache.accumulo.fate.zookeeper.ZooReader.getZooKeeper(ZooReader.java:40)
	at org.apache.accumulo.fate.zookeeper.ZooCache.getZooKeeper(ZooCache.java:56)
	at org.apache.accumulo.fate.zookeeper.ZooCache.retry(ZooCache.java:127)
	at org.apache.accumulo.fate.zookeeper.ZooCache.getChildren(ZooCache.java:178)
	at org.apache.accumulo.core.client.impl.Tables.getMap(Tables.java:46)
	at org.apache.accumulo.core.client.impl.Tables.getNameToIdMap(Tables.java:78)
	at org.apache.accumulo.core.client.impl.Tables.getTableId(Tables.java:64)
	at org.apache.accumulo.core.client.mapreduce.AbstractInputFormat.getSplits(AbstractInputFormat.java:491)
	... 44 more

Running org.apache.accumulo.core.client.lexicoder.UUIDLexicoderTest
Tests run: 1, Failures: 0, Errors: 0, Skipped: 0, Time elapsed: 0.01 sec
Running org.apache.accumulo.core.client.lexicoder.BigIntegerLexicoderTest
Tests run: 1, Failures: 0, Errors: 0, Skipped: 0, Time elapsed: 0 sec
Running org.apache.accumulo.core.client.lexicoder.ReverseLexicoderTest
Tests run: 2, Failures: 0, Errors: 0, Skipped: 0, Time elapsed: 0.003 sec
Running org.apache.accumulo.core.client.lexicoder.ULongLexicoderTest
Tests run: 2, Failures: 0, Errors: 0, Skipped: 0, Time elapsed: 0.001 sec
Running org.apache.accumulo.core.client.lexicoder.ListLexicoderTest
Tests run: 1, Failures: 0, Errors: 0, Skipped: 0, Time elapsed: 0 sec
Running org.apache.accumulo.core.client.lexicoder.IntegerLexicoderTest
Tests run: 1, Failures: 0, Errors: 0, Skipped: 0, Time elapsed: 0 sec
Running org.apache.accumulo.core.client.lexicoder.DoubleLexicoderTest
Tests run: 1, Failures: 0, Errors: 0, Skipped: 0, Time elapsed: 0 sec
Running org.apache.accumulo.core.client.lexicoder.PairLexicoderTest
Tests run: 1, Failures: 0, Errors: 0, Skipped: 0, Time elapsed: 0 sec
Running org.apache.accumulo.core.client.lexicoder.LongLexicoderTest
Tests run: 1, Failures: 0, Errors: 0, Skipped: 0, Time elapsed: 0 sec
Running org.apache.accumulo.core.client.lexicoder.UIntegerLexicoderTest
Tests run: 1, Failures: 0, Errors: 0, Skipped: 0, Time elapsed: 0 sec
Running org.apache.accumulo.core.client.RowIteratorTest
Tests run: 2, Failures: 0, Errors: 0, Skipped: 0, Time elapsed: 0 sec
Running org.apache.accumulo.core.client.mock.TestBatchScanner821
Tests run: 1, Failures: 0, Errors: 0, Skipped: 0, Time elapsed: 0.007 sec
Running org.apache.accumulo.core.client.mock.MockTableOperationsTest
Tests run: 6, Failures: 0, Errors: 0, Skipped: 0, Time elapsed: 0.665 sec
Running org.apache.accumulo.core.client.mock.MockConnectorTest
Tests run: 10, Failures: 0, Errors: 0, Skipped: 0, Time elapsed: 0.092 sec
Running org.apache.accumulo.core.client.IteratorSettingTest
Tests run: 9, Failures: 0, Errors: 0, Skipped: 0, Time elapsed: 0 sec
Running org.apache.accumulo.core.client.ClientSideIteratorTest
Tests run: 2, Failures: 0, Errors: 0, Skipped: 0, Time elapsed: 0.01 sec
Running org.apache.accumulo.core.client.impl.TabletLocatorImplTest
Tests run: 19, Failures: 0, Errors: 0, Skipped: 0, Time elapsed: 0.03 sec
Running org.apache.accumulo.core.client.impl.ScannerOptionsTest
Tests run: 2, Failures: 0, Errors: 0, Skipped: 0, Time elapsed: 0.001 sec
Running org.apache.accumulo.core.client.impl.ScannerImplTest
Tests run: 2, Failures: 0, Errors: 0, Skipped: 0, Time elapsed: 0.006 sec
Running org.apache.accumulo.core.client.TestThrift1474
Tests run: 1, Failures: 0, Errors: 0, Skipped: 0, Time elapsed: 0.053 sec
Running org.apache.accumulo.core.client.BatchWriterConfigTest
Tests run: 10, Failures: 0, Errors: 0, Skipped: 0, Time elapsed: 0.001 sec
Running org.apache.accumulo.core.conf.TableQueryConfigTest
Tests run: 4, Failures: 0, Errors: 0, Skipped: 0, Time elapsed: 0 sec
Running org.apache.accumulo.core.conf.PropertyTest
Tests run: 5, Failures: 0, Errors: 0, Skipped: 0, Time elapsed: 0.01 sec
Running org.apache.accumulo.core.security.AuthorizationsTest
Tests run: 6, Failures: 0, Errors: 0, Skipped: 0, Time elapsed: 0.001 sec
Running org.apache.accumulo.core.security.ColumnVisibilityTest
Tests run: 18, Failures: 0, Errors: 0, Skipped: 0, Time elapsed: 0.004 sec
Running org.apache.accumulo.core.security.CredentialsTest
Tests run: 5, Failures: 0, Errors: 0, Skipped: 0, Time elapsed: 0.014 sec
Running org.apache.accumulo.core.security.VisibilityEvaluatorTest
Tests run: 4, Failures: 0, Errors: 0, Skipped: 0, Time elapsed: 0 sec
Running org.apache.accumulo.core.security.AuthenticationTokenTest
Tests run: 1, Failures: 0, Errors: 0, Skipped: 0, Time elapsed: 0 sec
Running org.apache.accumulo.core.security.crypto.CryptoTest
Tests run: 9, Failures: 0, Errors: 0, Skipped: 0, Time elapsed: 0.063 sec
Running org.apache.accumulo.core.data.KeyExtentTest
Tests run: 3, Failures: 0, Errors: 0, Skipped: 0, Time elapsed: 0.002 sec
Running org.apache.accumulo.core.data.RangeTest
Tests run: 43, Failures: 0, Errors: 0, Skipped: 0, Time elapsed: 0.009 sec
Running org.apache.accumulo.core.data.KeyTest
Tests run: 5, Failures: 0, Errors: 0, Skipped: 0, Time elapsed: 0 sec
Running org.apache.accumulo.core.data.ConditionTest
Tests run: 15, Failures: 0, Errors: 0, Skipped: 0, Time elapsed: 0.002 sec
Running org.apache.accumulo.core.data.MutationTest
Tests run: 14, Failures: 0, Errors: 0, Skipped: 0, Time elapsed: 0.031 sec
Running org.apache.accumulo.core.data.ColumnTest
Tests run: 3, Failures: 0, Errors: 0, Skipped: 0, Time elapsed: 0 sec
Running org.apache.accumulo.core.data.ConditionalMutationTest
Tests run: 10, Failures: 0, Errors: 0, Skipped: 0, Time elapsed: 0.003 sec
Running org.apache.accumulo.core.constraints.DefaultKeySizeConstraintTest
Tests run: 1, Failures: 0, Errors: 0, Skipped: 0, Time elapsed: 0.004 sec
Running org.apache.accumulo.core.metadata.MetadataServicerTest
Tests run: 2, Failures: 0, Errors: 0, Skipped: 0, Time elapsed: 0.006 sec
Running org.apache.accumulo.core.cli.TestClientOpts
Tests run: 1, Failures: 0, Errors: 0, Skipped: 0, Time elapsed: 0.005 sec

Results :

Tests in error: 
  testMap(org.apache.accumulo.core.client.mapred.AccumuloInputFormatTest): java.lang.RuntimeException: Failed to connect to zookeeper (localhost) within 2x zookeeper timeout period 30000
  testMap(org.apache.accumulo.core.client.mapred.AccumuloMultiTableInputFormatTest): java.lang.RuntimeException: Failed to connect to zookeeper (localhost) within 2x zookeeper timeout period 30000
  testMR(org.apache.accumulo.core.client.mapred.AccumuloOutputFormatTest): java.lang.RuntimeException: Failed to connect to zookeeper (localhost) within 2x zookeeper timeout period 30000
  test(org.apache.accumulo.core.client.mapred.AccumuloRowInputFormatTest): java.lang.RuntimeException: Failed to connect to zookeeper (localhost) within 2x zookeeper timeout period 30000
  testEmptyWrite(org.apache.accumulo.core.client.mapred.AccumuloFileOutputFormatTest): java.lang.RuntimeException: Failed to connect to zookeeper (localhost) within 2x zookeeper timeout period 30000
  testRealWrite(org.apache.accumulo.core.client.mapred.AccumuloFileOutputFormatTest): java.lang.RuntimeException: Failed to connect to zookeeper (localhost) within 2x zookeeper timeout period 30000
  writeBadVisibility(org.apache.accumulo.core.client.mapred.AccumuloFileOutputFormatTest): java.lang.RuntimeException: Failed to connect to zookeeper (localhost) within 2x zookeeper timeout period 30000
  testMR(org.apache.accumulo.core.client.mapred.TokenFileTest): java.lang.RuntimeException: Failed to connect to zookeeper (localhost) within 2x zookeeper timeout period 30000
  testMR(org.apache.accumulo.core.client.mapreduce.AccumuloOutputFormatTest): java.lang.RuntimeException: Failed to connect to zookeeper (localhost) within 2x zookeeper timeout period 30000
  testMR(org.apache.accumulo.core.client.mapreduce.TokenFileTest): java.lang.RuntimeException: Failed to connect to zookeeper (localhost) within 2x zookeeper timeout period 30000
  test(org.apache.accumulo.core.client.mapreduce.AccumuloRowInputFormatTest): java.lang.RuntimeException: Failed to connect to zookeeper (localhost) within 2x zookeeper timeout period 30000
  testEmptyWrite(org.apache.accumulo.core.client.mapreduce.AccumuloFileOutputFormatTest): java.lang.RuntimeException: Failed to connect to zookeeper (localhost) within 2x zookeeper timeout period 30000
  testRealWrite(org.apache.accumulo.core.client.mapreduce.AccumuloFileOutputFormatTest): java.lang.RuntimeException: Failed to connect to zookeeper (localhost) within 2x zookeeper timeout period 30000
  writeBadVisibility(org.apache.accumulo.core.client.mapreduce.AccumuloFileOutputFormatTest): java.lang.RuntimeException: Failed to connect to zookeeper (localhost) within 2x zookeeper timeout period 30000
  testMap(org.apache.accumulo.core.client.mapreduce.AccumuloMultiTableInputFormatTest): java.lang.RuntimeException: Failed to connect to zookeeper (localhost) within 2x zookeeper timeout period 30000
  testMap(org.apache.accumulo.core.client.mapreduce.AccumuloInputFormatTest): java.lang.RuntimeException: Failed to connect to zookeeper (localhost) within 2x zookeeper timeout period 30000

Tests run: 510, Failures: 0, Errors: 16, Skipped: 0

[INFO] ------------------------------------------------------------------------
[INFO] BUILD FAILURE
[INFO] ------------------------------------------------------------------------
[INFO] Total time: 19:32 min
[INFO] Finished at: 2020-03-09T10:28:08-07:00
[INFO] Final Memory: 25M/982M
[INFO] ------------------------------------------------------------------------
[ERROR] Failed to execute goal org.apache.maven.plugins:maven-surefire-plugin:2.12.4:test (default-test) on project accumulo-core: There are test failures.
[ERROR] 
[ERROR] Please refer to /tmp/Bugs.jar_Accumulo_941e3cb1_java-7/core/target/surefire-reports for the individual test results.
[ERROR] -> [Help 1]
[ERROR] 
[ERROR] To see the full stack trace of the errors, re-run Maven with the -e switch.
[ERROR] Re-run Maven using the -X switch to enable full debug logging.
[ERROR] 
[ERROR] For more information about the errors and possible solutions, please read the following articles:
[ERROR] [Help 1] http://cwiki.apache.org/confluence/display/MAVEN/MojoFailureException
