Picked up JAVA_TOOL_OPTIONS: -XX:CICompilerCount=2 -XX:ParallelGCThreads=2 -XX:ConcGCThreads=2 -Djdk.net.URLClassPath.disableClassPathURLCheck=true 
Picked up _JAVA_OPTIONS: -Djdk.net.URLClassPath.disableClassPathURLCheck=true
Apache Maven 3.5.0 (Red Hat 3.5.0-4.3)
Maven home: /opt/rh/rh-maven35/root/usr/share/maven
Java version: 1.7.0_80, vendor: Oracle Corporation
Java home: /bam/scratch/jmcampos/RTA/repair_them_all_framework/jdks/jdk1.7.0_80/jre
Default locale: en_US, platform encoding: UTF-8
OS name: "linux", version: "4.14.147-1.el7.retpoline.x86_64", arch: "amd64", family: "unix"
[INFO] Scanning for projects...
[INFO] 
[INFO] ------------------------------------------------------------------------
[INFO] Building Camel :: Core 2.11-SNAPSHOT
[INFO] ------------------------------------------------------------------------
[INFO] 
[INFO] --- maven-bundle-plugin:2.3.7:cleanVersions (versions) @ camel-core ---
[INFO] 
[INFO] --- maven-remote-resources-plugin:1.3:process (default) @ camel-core ---
[INFO] 
[INFO] --- maven-resources-plugin:2.4.3:resources (default-resources) @ camel-core ---
[INFO] Using 'UTF-8' encoding to copy filtered resources.
[INFO] Copying 37 resources
[INFO] Copying 3 resources
[INFO] 
[INFO] --- maven-compiler-plugin:2.5.1:compile (default-compile) @ camel-core ---
[INFO] Nothing to compile - all classes are up to date
[INFO] 
[INFO] --- maven-resources-plugin:2.4.3:testResources (default-testResources) @ camel-core ---
[INFO] Using 'UTF-8' encoding to copy filtered resources.
[INFO] Copying 92 resources
[INFO] Copying 3 resources
[INFO] 
[INFO] --- maven-compiler-plugin:2.5.1:testCompile (default-testCompile) @ camel-core ---
[INFO] Nothing to compile - all classes are up to date
[INFO] 
[INFO] --- maven-surefire-plugin:2.8:test (default-test) @ camel-core ---
[INFO] Surefire report directory: /bam/scratch/Bugs.jar_Camel_a57830ed_java-7/camel-core/target/surefire-reports
[INFO] Downloading: https://repo.maven.apache.org/maven2/org/apache/maven/surefire/surefire-junit4/2.8/surefire-junit4-2.8.pom
[INFO] Downloaded: https://repo.maven.apache.org/maven2/org/apache/maven/surefire/surefire-junit4/2.8/surefire-junit4-2.8.pom (2.6 kB at 5.5 kB/s)
[INFO] Downloading: https://repo.maven.apache.org/maven2/org/apache/maven/surefire/surefire-providers/2.8/surefire-providers-2.8.pom
[INFO] Downloaded: https://repo.maven.apache.org/maven2/org/apache/maven/surefire/surefire-providers/2.8/surefire-providers-2.8.pom (1.9 kB at 104 kB/s)
[INFO] Downloading: https://repo.maven.apache.org/maven2/org/apache/maven/surefire/surefire-junit4/2.8/surefire-junit4-2.8.jar
[INFO] Downloaded: https://repo.maven.apache.org/maven2/org/apache/maven/surefire/surefire-junit4/2.8/surefire-junit4-2.8.jar (33 kB at 766 kB/s)
Picked up JAVA_TOOL_OPTIONS: -XX:CICompilerCount=2 -XX:ParallelGCThreads=2 -XX:ConcGCThreads=2 -Djdk.net.URLClassPath.disableClassPathURLCheck=true -XX:CICompilerCount=2 -XX:ParallelGCThreads=2 -XX:ConcGCThreads=2 -Djdk.net.URLClassPath.disableClassPathURLCheck=true 
Picked up _JAVA_OPTIONS: -Djdk.net.URLClassPath.disableClassPathURLCheck=true

-------------------------------------------------------
 T E S T S
-------------------------------------------------------
Running org.apache.camel.BodyAndHeaderConvertTest
Tests run: 4, Failures: 0, Errors: 0, Skipped: 0, Time elapsed: 0.343 sec
Running org.apache.camel.CamelExceptionsTest
Tests run: 26, Failures: 0, Errors: 0, Skipped: 0, Time elapsed: 0.484 sec
Running org.apache.camel.ExchangePatternTest
Tests run: 2, Failures: 0, Errors: 0, Skipped: 0, Time elapsed: 0.001 sec
Running org.apache.camel.InjectorDefaultsTest
Tests run: 3, Failures: 0, Errors: 0, Skipped: 0, Time elapsed: 0.028 sec
Running org.apache.camel.SuspendableServiceTest
Tests run: 1, Failures: 0, Errors: 0, Skipped: 0, Time elapsed: 0.001 sec
Running org.apache.camel.UnitOfWorkSyncProcessTest
Tests run: 1, Failures: 0, Errors: 0, Skipped: 0, Time elapsed: 0.213 sec
Running org.apache.camel.builder.AddRoutesAtRuntimeTest
Tests run: 1, Failures: 0, Errors: 0, Skipped: 0, Time elapsed: 0.03 sec
Running org.apache.camel.builder.BuilderWithScopesTest
Tests run: 22, Failures: 0, Errors: 0, Skipped: 0, Time elapsed: 0.423 sec
Running org.apache.camel.builder.ContextErrorHandlerTest
Tests run: 2, Failures: 0, Errors: 0, Skipped: 0, Time elapsed: 0.061 sec
Running org.apache.camel.builder.ErrorHandlerTest
Tests run: 5, Failures: 0, Errors: 0, Skipped: 0, Time elapsed: 0.501 sec
Running org.apache.camel.builder.ExceptionBuilderTest
Tests run: 6, Failures: 0, Errors: 0, Skipped: 0, Time elapsed: 0.968 sec
Running org.apache.camel.builder.ExceptionBuilderWithHandledExceptionTest
Tests run: 3, Failures: 0, Errors: 0, Skipped: 0, Time elapsed: 0.043 sec
Running org.apache.camel.builder.ExchangeBuilderTest
Tests run: 2, Failures: 0, Errors: 0, Skipped: 0, Time elapsed: 0.001 sec
Running org.apache.camel.builder.ExpressionBuilderTest
Tests run: 6, Failures: 0, Errors: 0, Skipped: 0, Time elapsed: 0.019 sec
Running org.apache.camel.builder.ExpressionClauseTest
Tests run: 2, Failures: 0, Errors: 0, Skipped: 0, Time elapsed: 0.051 sec
Running org.apache.camel.builder.LoggingErrorHandlerBuilderTest
Tests run: 5, Failures: 0, Errors: 0, Skipped: 0, Time elapsed: 0.053 sec
Running org.apache.camel.builder.NotifyBuilderTest
Tests run: 43, Failures: 0, Errors: 0, Skipped: 0, Time elapsed: 1.082 sec
Running org.apache.camel.builder.NotifyBuilderWhenDoneByIndexTest
Tests run: 1, Failures: 0, Errors: 0, Skipped: 0, Time elapsed: 0.528 sec
Running org.apache.camel.builder.PredicateBinaryCoerceRouteTest
Tests run: 14, Failures: 0, Errors: 0, Skipped: 0, Time elapsed: 0.23 sec
Running org.apache.camel.builder.PredicateBinaryCoerceTypeTest
Tests run: 10, Failures: 0, Errors: 0, Skipped: 0, Time elapsed: 0.021 sec
Running org.apache.camel.builder.PredicateBuilderConcurrentTest
Tests run: 1, Failures: 0, Errors: 0, Skipped: 0, Time elapsed: 0.017 sec
Running org.apache.camel.builder.PredicateBuilderTest
Tests run: 12, Failures: 0, Errors: 0, Skipped: 0, Time elapsed: 0.027 sec
Running org.apache.camel.builder.ProxyBuilderTest
Tests run: 1, Failures: 0, Errors: 0, Skipped: 0, Time elapsed: 1.015 sec
Running org.apache.camel.builder.RouteBuilderAddRoutesOnlyInterceptTest
Tests run: 1, Failures: 0, Errors: 0, Skipped: 0, Time elapsed: 0.014 sec
Running org.apache.camel.builder.RouteBuilderAddRoutesTest
Tests run: 1, Failures: 0, Errors: 0, Skipped: 0, Time elapsed: 0.014 sec
Running org.apache.camel.builder.RouteBuilderTest
Tests run: 13, Failures: 0, Errors: 0, Skipped: 0, Time elapsed: 0.351 sec
Running org.apache.camel.builder.SimpleBuilderTest
Tests run: 3, Failures: 0, Errors: 0, Skipped: 0, Time elapsed: 0.02 sec
Running org.apache.camel.builder.ThreadPoolBuilderTest
Tests run: 11, Failures: 0, Errors: 0, Skipped: 0, Time elapsed: 0.031 sec
Running org.apache.camel.builder.ValueBuilderTest
Tests run: 3, Failures: 0, Errors: 0, Skipped: 0, Time elapsed: 0.027 sec
Running org.apache.camel.builder.xml.DefaultNamespaceContextTest
Tests run: 6, Failures: 0, Errors: 0, Skipped: 0, Time elapsed: 0.016 sec
Running org.apache.camel.builder.xml.ExtractXPathWithNamespaceTest
Tests run: 3, Failures: 0, Errors: 0, Skipped: 0, Time elapsed: 0.04 sec
Running org.apache.camel.builder.xml.XPathContentBasedRouterTest
Tests run: 1, Failures: 0, Errors: 0, Skipped: 0, Time elapsed: 0.022 sec
Running org.apache.camel.builder.xml.XPathFunctionsTest
Tests run: 3, Failures: 0, Errors: 0, Skipped: 0, Time elapsed: 0.049 sec
Running org.apache.camel.builder.xml.XPathHeaderNameResultTypeAndNamespaceTest
Tests run: 1, Failures: 0, Errors: 0, Skipped: 0, Time elapsed: 0.013 sec
Running org.apache.camel.builder.xml.XPathHeaderNameTest
Tests run: 3, Failures: 0, Errors: 0, Skipped: 0, Time elapsed: 0.061 sec
Running org.apache.camel.builder.xml.XPathHeaderTest
Tests run: 3, Failures: 0, Errors: 0, Skipped: 0, Time elapsed: 0.036 sec
Running org.apache.camel.builder.xml.XPathMockTest
Tests run: 6, Failures: 0, Errors: 0, Skipped: 0, Time elapsed: 0.05 sec
Running org.apache.camel.builder.xml.XPathNamespaceResultTypeTest
Tests run: 3, Failures: 0, Errors: 0, Skipped: 0, Time elapsed: 0.031 sec
Running org.apache.camel.builder.xml.XPathNamespaceTest
Tests run: 3, Failures: 0, Errors: 0, Skipped: 0, Time elapsed: 0.03 sec
Running org.apache.camel.builder.xml.XPathNestedNamespaceTest
Tests run: 1, Failures: 0, Errors: 0, Skipped: 0, Time elapsed: 0.013 sec
Running org.apache.camel.builder.xml.XPathTest
Tests run: 33, Failures: 0, Errors: 0, Skipped: 0, Time elapsed: 0.248 sec
Running org.apache.camel.builder.xml.XPathTransformRouteTest
Tests run: 1, Failures: 0, Errors: 0, Skipped: 0, Time elapsed: 0.029 sec
Running org.apache.camel.builder.xml.XPathTransformTest
Tests run: 3, Failures: 0, Errors: 0, Skipped: 0, Time elapsed: 0.045 sec
Running org.apache.camel.builder.xml.XPathWithNamespacesFromDomTest
Tests run: 1, Failures: 0, Errors: 0, Skipped: 0, Time elapsed: 0.008 sec
Running org.apache.camel.builder.xml.XsltBuilderTest
Tests run: 18, Failures: 0, Errors: 0, Skipped: 0, Time elapsed: 13.778 sec
Running org.apache.camel.builder.xml.XsltOutputFileTest
Tests run: 2, Failures: 0, Errors: 0, Skipped: 0, Time elapsed: 1.232 sec
Running org.apache.camel.builder.xml.XsltTest
Tests run: 1, Failures: 0, Errors: 0, Skipped: 0, Time elapsed: 0.017 sec
Running org.apache.camel.builder.xml.XsltTestErrorListenerTest
Tests run: 1, Failures: 0, Errors: 0, Skipped: 0, Time elapsed: 0.006 sec
Running org.apache.camel.component.bean.BeanChoseMethodWithMatchingTypeAndSkipSettersTest
Tests run: 2, Failures: 0, Errors: 0, Skipped: 0, Time elapsed: 8.004 sec
Running org.apache.camel.component.bean.BeanComponentCustomCreateEndpointTest
Tests run: 2, Failures: 0, Errors: 0, Skipped: 0, Time elapsed: 0.014 sec
Running org.apache.camel.component.bean.BeanConcurrentTest
Tests run: 1, Failures: 0, Errors: 0, Skipped: 0, Time elapsed: 0.278 sec
Running org.apache.camel.component.bean.BeanConsumerShutdownTest
Tests run: 1, Failures: 0, Errors: 0, Skipped: 0, Time elapsed: 5.032 sec
Running org.apache.camel.component.bean.BeanConsumerTemplateTest
Tests run: 2, Failures: 0, Errors: 0, Skipped: 0, Time elapsed: 0.027 sec
Running org.apache.camel.component.bean.BeanEndpointTest
Tests run: 6, Failures: 0, Errors: 0, Skipped: 0, Time elapsed: 0.047 sec
Running org.apache.camel.component.bean.BeanExchangeAsReturnTypeNotAllowedTest
Tests run: 1, Failures: 0, Errors: 0, Skipped: 0, Time elapsed: 0.014 sec
Running org.apache.camel.component.bean.BeanExcludedMethodTest
Tests run: 2, Failures: 0, Errors: 0, Skipped: 0, Time elapsed: 0.008 sec
Running org.apache.camel.component.bean.BeanExplicitMethodAmbiguousTest
Tests run: 4, Failures: 0, Errors: 0, Skipped: 0, Time elapsed: 0.053 sec
Running org.apache.camel.component.bean.BeanExplicitMethodTest
Tests run: 2, Failures: 0, Errors: 0, Skipped: 0, Time elapsed: 0.018 sec
Running org.apache.camel.component.bean.BeanExpressionConcurrentTest
Tests run: 1, Failures: 0, Errors: 0, Skipped: 0, Time elapsed: 0.152 sec
Running org.apache.camel.component.bean.BeanHandlerMethodPredicateTest
Tests run: 1, Failures: 0, Errors: 0, Skipped: 0, Time elapsed: 2.576 sec
Running org.apache.camel.component.bean.BeanHandlerMethodTest
Tests run: 5, Failures: 0, Errors: 0, Skipped: 0, Time elapsed: 0.024 sec
Running org.apache.camel.component.bean.BeanImplicitMethodTest
Tests run: 1, Failures: 0, Errors: 0, Skipped: 0, Time elapsed: 0.009 sec
Running org.apache.camel.component.bean.BeanInPipelineTest
Tests run: 1, Failures: 0, Errors: 0, Skipped: 0, Time elapsed: 0.016 sec
Running org.apache.camel.component.bean.BeanInfoAMoreComplexOverloadedTest
Tests run: 3, Failures: 0, Errors: 0, Skipped: 0, Time elapsed: 0.011 sec
Running org.apache.camel.component.bean.BeanInfoInheritanceTest
Tests run: 3, Failures: 0, Errors: 0, Skipped: 0, Time elapsed: 0.011 sec
Running org.apache.camel.component.bean.BeanInfoOverloadedTest
Tests run: 1, Failures: 0, Errors: 0, Skipped: 0, Time elapsed: 0.004 sec
Running org.apache.camel.component.bean.BeanInfoSelectMethodTest
Tests run: 2, Failures: 0, Errors: 0, Skipped: 0, Time elapsed: 0.037 sec
Running org.apache.camel.component.bean.BeanInfoTest
Tests run: 9, Failures: 0, Errors: 0, Skipped: 0, Time elapsed: 0.01 sec
Running org.apache.camel.component.bean.BeanInvocationSerializeTest
Tests run: 2, Failures: 0, Errors: 0, Skipped: 0, Time elapsed: 0.013 sec
Running org.apache.camel.component.bean.BeanInvokeSimpleOgnlToStringMethodTest
Tests run: 1, Failures: 0, Errors: 0, Skipped: 0, Time elapsed: 0.014 sec
Running org.apache.camel.component.bean.BeanInvokeStaticTest
Tests run: 2, Failures: 0, Errors: 0, Skipped: 0, Time elapsed: 0.014 sec
Running org.apache.camel.component.bean.BeanInvokeTest
Tests run: 3, Failures: 0, Errors: 0, Skipped: 0, Time elapsed: 0.108 sec
Running org.apache.camel.component.bean.BeanInvokeToStringMethodTest
Tests run: 1, Failures: 0, Errors: 0, Skipped: 0, Time elapsed: 0.009 sec
Running org.apache.camel.component.bean.BeanInvokeWithNullBodyTest
Tests run: 3, Failures: 0, Errors: 0, Skipped: 0, Time elapsed: 0.026 sec
Running org.apache.camel.component.bean.BeanLookupUsingJndiRegistryIssueTest
Tests run: 1, Failures: 0, Errors: 0, Skipped: 0, Time elapsed: 0.027 sec
Running org.apache.camel.component.bean.BeanMethodBeanTest
Tests run: 1, Failures: 0, Errors: 0, Skipped: 0, Time elapsed: 0 sec
Running org.apache.camel.component.bean.BeanMethodNameHeaderIssueTest
Tests run: 1, Failures: 0, Errors: 0, Skipped: 0, Time elapsed: 0.052 sec
Running org.apache.camel.component.bean.BeanMethodWithMultipleParametersTest
Tests run: 3, Failures: 0, Errors: 0, Skipped: 0, Time elapsed: 0.027 sec
Running org.apache.camel.component.bean.BeanNoTypeConvertionPossibleTest
Tests run: 3, Failures: 0, Errors: 0, Skipped: 0, Time elapsed: 0.036 sec
Running org.apache.camel.component.bean.BeanNoTypeConvertionPossibleWhenHeaderTest
Tests run: 4, Failures: 0, Errors: 0, Skipped: 0, Time elapsed: 0.043 sec
Running org.apache.camel.component.bean.BeanOverloadedMethodFQNTest
Tests run: 6, Failures: 0, Errors: 0, Skipped: 0, Time elapsed: 0.07 sec
Running org.apache.camel.component.bean.BeanOverloadedMethodParameterValueTest
Tests run: 8, Failures: 0, Errors: 0, Skipped: 0, Time elapsed: 0.087 sec
Running org.apache.camel.component.bean.BeanOverloadedMethodTest
Tests run: 11, Failures: 0, Errors: 0, Skipped: 0, Time elapsed: 0.119 sec
Running org.apache.camel.component.bean.BeanParameterInfoTest
Tests run: 1, Failures: 0, Errors: 0, Skipped: 0, Time elapsed: 0.003 sec
Running org.apache.camel.component.bean.BeanParameterInvalidValueTest
Tests run: 4, Failures: 0, Errors: 0, Skipped: 0, Time elapsed: 0.111 sec
Running org.apache.camel.component.bean.BeanParameterMethodCallThreeBodyOgnlTest
Tests run: 1, Failures: 0, Errors: 0, Skipped: 0, Time elapsed: 0.017 sec
Running org.apache.camel.component.bean.BeanParameterNoBeanBindingTest
Tests run: 1, Failures: 0, Errors: 0, Skipped: 0, Time elapsed: 0.013 sec
Running org.apache.camel.component.bean.BeanParameterThreeBodyOgnlTest
Tests run: 1, Failures: 0, Errors: 0, Skipped: 0, Time elapsed: 0.059 sec
Running org.apache.camel.component.bean.BeanParameterValueOgnlTest
Tests run: 3, Failures: 0, Errors: 0, Skipped: 0, Time elapsed: 0.071 sec
Running org.apache.camel.component.bean.BeanParameterValueOverloadedTest
Tests run: 2, Failures: 0, Errors: 0, Skipped: 0, Time elapsed: 0.035 sec
Running org.apache.camel.component.bean.BeanParameterValueTest
Tests run: 8, Failures: 0, Errors: 0, Skipped: 0, Time elapsed: 0.356 sec
Running org.apache.camel.component.bean.BeanPerformanceTest
Tests run: 1, Failures: 0, Errors: 0, Skipped: 0, Time elapsed: 2.151 sec
Running org.apache.camel.component.bean.BeanPipelineTest
Tests run: 1, Failures: 0, Errors: 0, Skipped: 0, Time elapsed: 0.021 sec
Running org.apache.camel.component.bean.BeanPrivateClassWithInterfaceMethodTest
Tests run: 2, Failures: 0, Errors: 0, Skipped: 0, Time elapsed: 0.026 sec
Running org.apache.camel.component.bean.BeanPropagateHeaderTest
Tests run: 1, Failures: 0, Errors: 0, Skipped: 0, Time elapsed: 0.028 sec
Running org.apache.camel.component.bean.BeanProxyTest
[Fatal Error] :1:1: Content is not allowed in prolog.
Tests run: 14, Failures: 0, Errors: 0, Skipped: 0, Time elapsed: 2.382 sec
Running org.apache.camel.component.bean.BeanRefMethodNotFoundTest
Tests run: 1, Failures: 0, Errors: 0, Skipped: 0, Time elapsed: 0.012 sec
Running org.apache.camel.component.bean.BeanRefNotFoundTest
Tests run: 1, Failures: 0, Errors: 0, Skipped: 0, Time elapsed: 0.008 sec
Running org.apache.camel.component.bean.BeanRegistryBeanTest
Tests run: 5, Failures: 0, Errors: 0, Skipped: 0, Time elapsed: 0.014 sec
Running org.apache.camel.component.bean.BeanReturnNullTest
Tests run: 3, Failures: 0, Errors: 0, Skipped: 0, Time elapsed: 0.032 sec
Running org.apache.camel.component.bean.BeanWithAnnotationAndExchangeTest
Tests run: 1, Failures: 0, Errors: 0, Skipped: 0, Time elapsed: 0.01 sec
Running org.apache.camel.component.bean.BeanWithAnnotationInheritedTest
Tests run: 5, Failures: 0, Errors: 0, Skipped: 0, Time elapsed: 0.16 sec
Running org.apache.camel.component.bean.BeanWithAttachmentAnnotationTest
Tests run: 1, Failures: 0, Errors: 0, Skipped: 0, Time elapsed: 0.01 sec
Running org.apache.camel.component.bean.BeanWithExchangeExceptionAnnotationTest
Tests run: 1, Failures: 0, Errors: 0, Skipped: 0, Time elapsed: 0.008 sec
Running org.apache.camel.component.bean.BeanWithExchangeExceptionAnnotationWrappedExceptionTest
Tests run: 1, Failures: 0, Errors: 0, Skipped: 0, Time elapsed: 0.007 sec
Running org.apache.camel.component.bean.BeanWithExpressionInjectionTest
Tests run: 1, Failures: 0, Errors: 0, Skipped: 0, Time elapsed: 0.007 sec
Running org.apache.camel.component.bean.BeanWithHeaderTest
Tests run: 1, Failures: 0, Errors: 0, Skipped: 0, Time elapsed: 0.028 sec
Running org.apache.camel.component.bean.BeanWithHeadersAndBodyInject2Test
Tests run: 3, Failures: 0, Errors: 0, Skipped: 0, Time elapsed: 0.021 sec
Running org.apache.camel.component.bean.BeanWithHeadersAndBodyInject3Test
Tests run: 2, Failures: 0, Errors: 0, Skipped: 0, Time elapsed: 0.014 sec
Running org.apache.camel.component.bean.BeanWithHeadersAndBodyInjectionTest
Tests run: 1, Failures: 0, Errors: 0, Skipped: 0, Time elapsed: 0.007 sec
Running org.apache.camel.component.bean.BeanWithMethodHeaderTest
Tests run: 7, Failures: 0, Errors: 0, Skipped: 0, Time elapsed: 0.106 sec
Running org.apache.camel.component.bean.BeanWithPropertiesAndHeadersAndBodyInjectionTest
Tests run: 1, Failures: 0, Errors: 0, Skipped: 0, Time elapsed: 0.007 sec
Running org.apache.camel.component.bean.BeanWithPropertiesAndHeadersInjectionTest
Tests run: 1, Failures: 0, Errors: 0, Skipped: 0, Time elapsed: 0.005 sec
Running org.apache.camel.component.bean.BeanWithXPathInjectionUsingHeaderValueTest
Tests run: 1, Failures: 0, Errors: 0, Skipped: 0, Time elapsed: 0.009 sec
Running org.apache.camel.component.bean.BeanWithXPathInjectionUsingResultTypeTest
Tests run: 1, Failures: 0, Errors: 0, Skipped: 0, Time elapsed: 0.006 sec
Running org.apache.camel.component.bean.BodyAnnotationToDisambiguateMethodsTest
Tests run: 1, Failures: 0, Errors: 0, Skipped: 0, Time elapsed: 0.006 sec
Running org.apache.camel.component.bean.BridgeMethodTest
Tests run: 1, Failures: 0, Errors: 0, Skipped: 0, Time elapsed: 2.01 sec
Running org.apache.camel.component.bean.ClassComponentInvalidConfigurationTest
Tests run: 2, Failures: 0, Errors: 0, Skipped: 0, Time elapsed: 0.016 sec
Running org.apache.camel.component.bean.ClassComponentTest
Tests run: 1, Failures: 0, Errors: 0, Skipped: 0, Time elapsed: 0.009 sec
Running org.apache.camel.component.bean.ClassComponentWithPropertiesLookupSetFromEndpointTest
Tests run: 1, Failures: 0, Errors: 0, Skipped: 0, Time elapsed: 0.009 sec
Running org.apache.camel.component.bean.ClassComponentWithPropertiesSetFromEndpointTest
Tests run: 1, Failures: 0, Errors: 0, Skipped: 0, Time elapsed: 0.009 sec
Running org.apache.camel.component.bean.CustomParameterMappingStrategyTest
Tests run: 1, Failures: 0, Errors: 0, Skipped: 0, Time elapsed: 0.008 sec
Running org.apache.camel.component.bean.DefaultParameterMappingStrategyTest
Tests run: 6, Failures: 0, Errors: 0, Skipped: 0, Time elapsed: 0.193 sec
Running org.apache.camel.component.bean.ExpressionAnnotationToDisambiguateMethodsTest
Tests run: 2, Failures: 0, Errors: 0, Skipped: 0, Time elapsed: 0.016 sec
Running org.apache.camel.component.bean.FileBeanParameterBindingTest
Tests run: 1, Failures: 0, Errors: 0, Skipped: 0, Time elapsed: 6.559 sec
Running org.apache.camel.component.bean.FromBeanTest
Tests run: 1, Failures: 0, Errors: 0, Skipped: 0, Time elapsed: 2.014 sec
Running org.apache.camel.component.bean.MethodCallBeanRefMethodNotFoundTest
Tests run: 1, Failures: 0, Errors: 0, Skipped: 0, Time elapsed: 0.016 sec
Running org.apache.camel.component.bean.MethodCallBeanRefNotFoundTest
Tests run: 1, Failures: 0, Errors: 0, Skipped: 0, Time elapsed: 0.01 sec
Running org.apache.camel.component.bean.MyServiceProxyTest
Tests run: 5, Failures: 0, Errors: 0, Skipped: 0, Time elapsed: 0.094 sec
Running org.apache.camel.component.bean.NewInstanceTest
Tests run: 1, Failures: 0, Errors: 0, Skipped: 0, Time elapsed: 0.009 sec
Running org.apache.camel.component.bean.PredicateAsBeanTest
Tests run: 1, Failures: 0, Errors: 0, Skipped: 0, Time elapsed: 0.007 sec
Running org.apache.camel.component.bean.ProxyReturnFutureExceptionTest
Tests run: 1, Failures: 0, Errors: 0, Skipped: 0, Time elapsed: 2.012 sec
Running org.apache.camel.component.bean.ProxyReturnFutureListTest
Tests run: 2, Failures: 0, Errors: 0, Skipped: 0, Time elapsed: 6.028 sec
Running org.apache.camel.component.bean.ProxyReturnFutureTest
Tests run: 2, Failures: 0, Errors: 0, Skipped: 0, Time elapsed: 6.028 sec
Running org.apache.camel.component.bean.RouteMethodCallStaticTest
Tests run: 1, Failures: 0, Errors: 0, Skipped: 0, Time elapsed: 0.014 sec
Running org.apache.camel.component.bean.SendBodyToBeanDirectlyTest
Tests run: 2, Failures: 0, Errors: 0, Skipped: 0, Time elapsed: 0.023 sec
Running org.apache.camel.component.bean.issues.BeanRouteToDerivedClassTest
Tests run: 3, Failures: 0, Errors: 0, Skipped: 0, Time elapsed: 0.029 sec
Running org.apache.camel.component.bean.issues.FilterBeanLanguageNonRegistryTest
Tests run: 1, Failures: 0, Errors: 0, Skipped: 0, Time elapsed: 0.01 sec
Running org.apache.camel.component.bean.issues.FilterBeanNonRegistryTest
Tests run: 2, Failures: 0, Errors: 0, Skipped: 0, Time elapsed: 0.018 sec
Running org.apache.camel.component.bean.issues.FilterBeanRegistryTest
Tests run: 2, Failures: 0, Errors: 0, Skipped: 0, Time elapsed: 0.016 sec
Running org.apache.camel.component.bean.issues.FilterPojoIssueTest
Tests run: 2, Failures: 0, Errors: 0, Skipped: 0, Time elapsed: 0.026 sec
Running org.apache.camel.component.bean.pojomessage.PojoProxyHelperOneWayTest
Tests run: 1, Failures: 0, Errors: 0, Skipped: 0, Time elapsed: 0.009 sec
Running org.apache.camel.component.bean.pojomessage.PojoProxyHelperRequestReplyTest
Tests run: 1, Failures: 0, Errors: 0, Skipped: 0, Time elapsed: 0.007 sec
Running org.apache.camel.component.browse.BrowseEndpointTest
Tests run: 2, Failures: 0, Errors: 0, Skipped: 0, Time elapsed: 0.011 sec
Running org.apache.camel.component.browse.BrowseRouteTest
Tests run: 1, Failures: 0, Errors: 0, Skipped: 0, Time elapsed: 0.007 sec
Running org.apache.camel.component.browse.BrowseTest
Tests run: 1, Failures: 0, Errors: 0, Skipped: 0, Time elapsed: 0.005 sec
Running org.apache.camel.component.dataset.BigDataSetTest
Tests run: 1, Failures: 0, Errors: 0, Skipped: 0, Time elapsed: 10.01 sec
Running org.apache.camel.component.dataset.CustomDataSetTest
Tests run: 1, Failures: 0, Errors: 0, Skipped: 0, Time elapsed: 1.062 sec
Running org.apache.camel.component.dataset.DataSetConsumeTest
Tests run: 1, Failures: 0, Errors: 0, Skipped: 0, Time elapsed: 0.007 sec
Running org.apache.camel.component.dataset.DataSetEndpointTest
Tests run: 5, Failures: 0, Errors: 0, Skipped: 0, Time elapsed: 3.162 sec
Running org.apache.camel.component.dataset.DataSetPreloadTest
Tests run: 1, Failures: 0, Errors: 0, Skipped: 0, Time elapsed: 1.088 sec
Running org.apache.camel.component.dataset.DataSetSedaTest
Tests run: 1, Failures: 0, Errors: 0, Skipped: 0, Time elapsed: 1.675 sec
Running org.apache.camel.component.dataset.DataSetTest
Tests run: 1, Failures: 0, Errors: 0, Skipped: 0, Time elapsed: 1.079 sec
Running org.apache.camel.component.direct.DirectEndpointRouteInlinedTest
Tests run: 2, Failures: 0, Errors: 0, Skipped: 0, Time elapsed: 0.019 sec
Running org.apache.camel.component.direct.DirectEndpointTest
Tests run: 2, Failures: 0, Errors: 0, Skipped: 0, Time elapsed: 0.013 sec
Running org.apache.camel.component.direct.DirectNoMultipleConsumersTest
Tests run: 1, Failures: 0, Errors: 0, Skipped: 0, Time elapsed: 0.007 sec
Running org.apache.camel.component.direct.DirectNoToTypeTest
Tests run: 1, Failures: 0, Errors: 0, Skipped: 0, Time elapsed: 0.006 sec
Running org.apache.camel.component.direct.DirectQueueTest
Tests run: 1, Failures: 0, Errors: 0, Skipped: 0, Time elapsed: 0.008 sec
Running org.apache.camel.component.direct.DirectRouteTest
Tests run: 1, Failures: 0, Errors: 0, Skipped: 0, Time elapsed: 0.034 sec
Running org.apache.camel.component.direct.DirectShouldUseSameThreadTest
Tests run: 1, Failures: 0, Errors: 0, Skipped: 0, Time elapsed: 0.011 sec
Running org.apache.camel.component.direct.SendToNonExistingDirectEndpointTest
Tests run: 1, Failures: 0, Errors: 0, Skipped: 0, Time elapsed: 0.003 sec
Running org.apache.camel.component.direct.SendingToAlotOfDifferentDirectEndpointTest
Tests run: 1, Failures: 0, Errors: 0, Skipped: 0, Time elapsed: 0.062 sec
Running org.apache.camel.component.direct.TwoCamelContextDirectEndpointTest
Tests run: 1, Failures: 0, Errors: 0, Skipped: 0, Time elapsed: 0.059 sec
Running org.apache.camel.component.directvm.DirectVmConsumerExpressionTest
Tests run: 1, Failures: 0, Errors: 0, Skipped: 0, Time elapsed: 0.028 sec
Running org.apache.camel.component.directvm.DirectVmShouldUseSameThreadTest
Tests run: 1, Failures: 0, Errors: 0, Skipped: 0, Time elapsed: 0.011 sec
Running org.apache.camel.component.directvm.DirectVmTwoCamelContextDuplicateConsumerTest
Tests run: 1, Failures: 0, Errors: 0, Skipped: 0, Time elapsed: 0.034 sec
Running org.apache.camel.component.directvm.DirectVmTwoCamelContextTest
Tests run: 1, Failures: 0, Errors: 0, Skipped: 0, Time elapsed: 0.022 sec
Running org.apache.camel.component.file.AntPathMatcherGenericFileFilterTest
Tests run: 4, Failures: 3, Errors: 0, Skipped: 0, Time elapsed: 116.002 sec <<< FAILURE!
Running org.apache.camel.component.file.BeanToFileTest
Tests run: 1, Failures: 0, Errors: 0, Skipped: 0, Time elapsed: 5.234 sec
Running org.apache.camel.component.file.ConsumerTemplateFileShutdownTest
Tests run: 1, Failures: 0, Errors: 0, Skipped: 0, Time elapsed: 6.733 sec
Running org.apache.camel.component.file.DirectoryCreateIssueTest
Tests run: 1, Failures: 1, Errors: 0, Skipped: 0, Time elapsed: 11.084 sec <<< FAILURE!
Running org.apache.camel.component.file.FileAbsoluteAndRelativeConsumerTest
Tests run: 2, Failures: 0, Errors: 0, Skipped: 0, Time elapsed: 2.121 sec
Running org.apache.camel.component.file.FileAbsolutePathIssueTest
Tests run: 1, Failures: 0, Errors: 0, Skipped: 0, Time elapsed: 1.061 sec
Running org.apache.camel.component.file.FileBatchConsumerMemoryLeakTest
Tests run: 1, Failures: 0, Errors: 0, Skipped: 0, Time elapsed: 0.002 sec
Running org.apache.camel.component.file.FileBeginFailureOneTimeTest
Tests run: 1, Failures: 0, Errors: 0, Skipped: 0, Time elapsed: 1.513 sec
Running org.apache.camel.component.file.FileBrowsableEndpointTest
Tests run: 4, Failures: 0, Errors: 0, Skipped: 0, Time elapsed: 4.294 sec
Running org.apache.camel.component.file.FileConcurrentWriteAppendSameFileTest
Tests run: 1, Failures: 1, Errors: 0, Skipped: 0, Time elapsed: 81.915 sec <<< FAILURE!
Running org.apache.camel.component.file.FileConfigureTest
Tests run: 3, Failures: 0, Errors: 0, Skipped: 0, Time elapsed: 0.014 sec
Running org.apache.camel.component.file.FileConsumeAlterFileNameHeaderIssueTest
Tests run: 4, Failures: 0, Errors: 0, Skipped: 0, Time elapsed: 29.733 sec
Running org.apache.camel.component.file.FileConsumeAsyncTest
Tests run: 1, Failures: 1, Errors: 0, Skipped: 0, Time elapsed: 17.522 sec <<< FAILURE!
Running org.apache.camel.component.file.FileConsumeCharsetTest
Tests run: 1, Failures: 0, Errors: 0, Skipped: 0, Time elapsed: 1.014 sec
Running org.apache.camel.component.file.FileConsumeFilesAndDeleteTest
Tests run: 1, Failures: 1, Errors: 0, Skipped: 0, Time elapsed: 14.361 sec <<< FAILURE!
Running org.apache.camel.component.file.FileConsumeMaxMessagesPerPollTest
Tests run: 1, Failures: 1, Errors: 0, Skipped: 0, Time elapsed: 32.263 sec <<< FAILURE!
Running org.apache.camel.component.file.FileConsumeMoveRelativeNameTest
Tests run: 1, Failures: 1, Errors: 0, Skipped: 0, Time elapsed: 24.951 sec <<< FAILURE!
Running org.apache.camel.component.file.FileConsumeMultipleDirectoriesTest
Tests run: 1, Failures: 1, Errors: 0, Skipped: 0, Time elapsed: 17.584 sec <<< FAILURE!
Running org.apache.camel.component.file.FileConsumeNoopIdempotentAutoTest
Tests run: 1, Failures: 0, Errors: 0, Skipped: 0, Time elapsed: 4.716 sec
Running org.apache.camel.component.file.FileConsumeNoopIdempotentDisabledTest
Tests run: 1, Failures: 1, Errors: 0, Skipped: 0, Time elapsed: 5.029 sec <<< FAILURE!
Running org.apache.camel.component.file.FileConsumeNoopIdempotentEnabledTest
Tests run: 1, Failures: 0, Errors: 0, Skipped: 0, Time elapsed: 1.013 sec
Running org.apache.camel.component.file.FileConsumeNotEagerMaxMessagesPerPollTest
Tests run: 1, Failures: 0, Errors: 0, Skipped: 0, Time elapsed: 7.018 sec
Running org.apache.camel.component.file.FileConsumePollEnrichFileTest
Tests run: 1, Failures: 0, Errors: 0, Skipped: 0, Time elapsed: 2.072 sec
Running org.apache.camel.component.file.FileConsumePollEnrichFileUsingProcessorTest
Tests run: 1, Failures: 0, Errors: 0, Skipped: 0, Time elapsed: 16.324 sec
Running org.apache.camel.component.file.FileConsumeRootDirManualTest
Tests run: 1, Failures: 0, Errors: 0, Skipped: 0, Time elapsed: 0.016 sec
Running org.apache.camel.component.file.FileConsumeRunLoggingLevelTest
Tests run: 1, Failures: 0, Errors: 0, Skipped: 0, Time elapsed: 1.079 sec
Running org.apache.camel.component.file.FileConsumeSimpleAbsoluteMoveToAbsoluteTest
Tests run: 1, Failures: 0, Errors: 0, Skipped: 0, Time elapsed: 11.335 sec
Running org.apache.camel.component.file.FileConsumeSimpleAbsoluteMoveToRelativeTest
Tests run: 1, Failures: 0, Errors: 0, Skipped: 0, Time elapsed: 39.588 sec
Running org.apache.camel.component.file.FileConsumeSimpleRelativeMoveToAbsoluteTest
Tests run: 1, Failures: 0, Errors: 0, Skipped: 0, Time elapsed: 45.164 sec
Running org.apache.camel.component.file.FileConsumeSimpleRelativeMoveToRelativeTest
Tests run: 1, Failures: 0, Errors: 0, Skipped: 0, Time elapsed: 24.944 sec
Running org.apache.camel.component.file.FileConsumeSingleDirectoryOnlyTest
Tests run: 1, Failures: 1, Errors: 0, Skipped: 0, Time elapsed: 14.605 sec <<< FAILURE!
Running org.apache.camel.component.file.FileConsumeTemplateTest
Tests run: 1, Failures: 0, Errors: 0, Skipped: 0, Time elapsed: 11.476 sec
Running org.apache.camel.component.file.FileConsumeWithDollarInPathTest
Tests run: 1, Failures: 0, Errors: 0, Skipped: 0, Time elapsed: 3.369 sec
Running org.apache.camel.component.file.FileConsumerAbsolutePathDefaultMoveTest
Tests run: 1, Failures: 0, Errors: 0, Skipped: 0, Time elapsed: 4.125 sec
Running org.apache.camel.component.file.FileConsumerAbsolutePathTest
Tests run: 1, Failures: 0, Errors: 0, Skipped: 0, Time elapsed: 5.399 sec
Running org.apache.camel.component.file.FileConsumerAbsolutePathWithAbsoluteMoveTest
Tests run: 1, Failures: 0, Errors: 0, Skipped: 0, Time elapsed: 3.569 sec
Running org.apache.camel.component.file.FileConsumerAbsolutePathWithRelativeMoveTest
Tests run: 1, Failures: 0, Errors: 0, Skipped: 0, Time elapsed: 1.15 sec
Running org.apache.camel.component.file.FileConsumerAbsoluteRootPathDefaultMoveTest
Tests run: 1, Failures: 0, Errors: 0, Skipped: 0, Time elapsed: 0.013 sec
Running org.apache.camel.component.file.FileConsumerAutoCreateDirectoryTest
Tests run: 5, Failures: 0, Errors: 0, Skipped: 0, Time elapsed: 0.036 sec
Running org.apache.camel.component.file.FileConsumerBatchTest
Tests run: 1, Failures: 0, Errors: 0, Skipped: 0, Time elapsed: 2.045 sec
Running org.apache.camel.component.file.FileConsumerBeginAndCommitExpressionRenameStrategyTest
Tests run: 2, Failures: 0, Errors: 0, Skipped: 0, Time elapsed: 5.552 sec
Running org.apache.camel.component.file.FileConsumerBeginAndCommitRenameStrategyTest
Tests run: 2, Failures: 0, Errors: 0, Skipped: 0, Time elapsed: 5.819 sec
Running org.apache.camel.component.file.FileConsumerBeginExpressionRenameStrategyTest
Tests run: 2, Failures: 0, Errors: 0, Skipped: 0, Time elapsed: 2.029 sec
Running org.apache.camel.component.file.FileConsumerBeginRenameStrategyTest
Tests run: 2, Failures: 0, Errors: 0, Skipped: 0, Time elapsed: 2.033 sec
Running org.apache.camel.component.file.FileConsumerBridgeRouteExceptionHandlerTest
Tests run: 1, Failures: 0, Errors: 0, Skipped: 0, Time elapsed: 2.062 sec
Running org.apache.camel.component.file.FileConsumerCommitRenameAbsolutePathStrategyTest
Tests run: 1, Failures: 0, Errors: 0, Skipped: 0, Time elapsed: 1.068 sec
Running org.apache.camel.component.file.FileConsumerCommitRenameStrategyTest
Tests run: 2, Failures: 0, Errors: 0, Skipped: 0, Time elapsed: 2.081 sec
Running org.apache.camel.component.file.FileConsumerCustomExceptionHandlerTest
Tests run: 1, Failures: 0, Errors: 0, Skipped: 0, Time elapsed: 1.797 sec
Running org.apache.camel.component.file.FileConsumerDeleteAndFailureTest
Tests run: 1, Failures: 0, Errors: 0, Skipped: 0, Time elapsed: 1.077 sec
Running org.apache.camel.component.file.FileConsumerDeleteAndMoveFailedTest
Tests run: 1, Failures: 0, Errors: 0, Skipped: 0, Time elapsed: 1.065 sec
Running org.apache.camel.component.file.FileConsumerDirectoryFilterTest
Tests run: 1, Failures: 0, Errors: 0, Skipped: 0, Time elapsed: 1.017 sec
Running org.apache.camel.component.file.FileConsumerDirectoryNotMatchedTest
Tests run: 1, Failures: 0, Errors: 0, Skipped: 0, Time elapsed: 1.019 sec
Running org.apache.camel.component.file.FileConsumerExcludeNameTest
Tests run: 1, Failures: 0, Errors: 0, Skipped: 0, Time elapsed: 1.052 sec
Running org.apache.camel.component.file.FileConsumerFailureHandledTest
Tests run: 4, Failures: 0, Errors: 0, Skipped: 0, Time elapsed: 9.457 sec
Running org.apache.camel.component.file.FileConsumerFileExpressionTest
Tests run: 2, Failures: 0, Errors: 0, Skipped: 0, Time elapsed: 38.6 sec
Running org.apache.camel.component.file.FileConsumerFileFilterTest
Tests run: 2, Failures: 0, Errors: 0, Skipped: 0, Time elapsed: 24.403 sec
Running org.apache.camel.component.file.FileConsumerIdempotentRefTest
Tests run: 1, Failures: 0, Errors: 0, Skipped: 0, Time elapsed: 8.58 sec
Running org.apache.camel.component.file.FileConsumerIdempotentTest
Tests run: 1, Failures: 0, Errors: 0, Skipped: 0, Time elapsed: 8.891 sec
Running org.apache.camel.component.file.FileConsumerIdleMessageTest
Tests run: 1, Failures: 0, Errors: 0, Skipped: 0, Time elapsed: 1.066 sec
Running org.apache.camel.component.file.FileConsumerIncludeAndExcludeNameTest
Tests run: 1, Failures: 0, Errors: 0, Skipped: 0, Time elapsed: 28.181 sec
Running org.apache.camel.component.file.FileConsumerIncludeNameTest
Tests run: 1, Failures: 0, Errors: 0, Skipped: 0, Time elapsed: 26.059 sec
Running org.apache.camel.component.file.FileConsumerInterceptEmptyFileTest
Tests run: 1, Failures: 0, Errors: 0, Skipped: 0, Time elapsed: 37.265 sec
Running org.apache.camel.component.file.FileConsumerMoveAndMoveFailureTest
Tests run: 1, Failures: 0, Errors: 0, Skipped: 0, Time elapsed: 12.204 sec
Running org.apache.camel.component.file.FileConsumerMoveExpressionTest
Tests run: 5, Failures: 1, Errors: 0, Skipped: 0, Time elapsed: 37.743 sec <<< FAILURE!
Running org.apache.camel.component.file.FileConsumerMoveFailureOnCompletionTest
Tests run: 2, Failures: 0, Errors: 0, Skipped: 0, Time elapsed: 43.815 sec
Running org.apache.camel.component.file.FileConsumerMoveFailureTest
Tests run: 1, Failures: 0, Errors: 0, Skipped: 0, Time elapsed: 5.768 sec
Running org.apache.camel.component.file.FileConsumerNoopTest
Tests run: 1, Failures: 0, Errors: 0, Skipped: 0, Time elapsed: 13.367 sec
Running org.apache.camel.component.file.FileConsumerPollStrategyNotBeginTest
Tests run: 1, Failures: 0, Errors: 0, Skipped: 0, Time elapsed: 0.181 sec
Running org.apache.camel.component.file.FileConsumerPollStrategyPolledMessagesTest
Tests run: 1, Failures: 0, Errors: 0, Skipped: 0, Time elapsed: 1.148 sec
Running org.apache.camel.component.file.FileConsumerPollStrategyRollbackThrowExceptionTest
Tests run: 1, Failures: 0, Errors: 0, Skipped: 0, Time elapsed: 0.044 sec
Running org.apache.camel.component.file.FileConsumerPollStrategyStopOnRollbackTest
Tests run: 1, Failures: 0, Errors: 0, Skipped: 0, Time elapsed: 2.03 sec
Running org.apache.camel.component.file.FileConsumerPollStrategyTest
Tests run: 1, Failures: 0, Errors: 0, Skipped: 0, Time elapsed: 0.178 sec
Running org.apache.camel.component.file.FileConsumerPreMoveCopyAndDeleteOnRenameFailFalseTest
Tests run: 2, Failures: 0, Errors: 0, Skipped: 0, Time elapsed: 0.333 sec
Running org.apache.camel.component.file.FileConsumerPreMoveDeleteTest
Tests run: 2, Failures: 0, Errors: 0, Skipped: 0, Time elapsed: 0.145 sec
Running org.apache.camel.component.file.FileConsumerPreMoveIssueTest
Tests run: 1, Failures: 0, Errors: 0, Skipped: 0, Time elapsed: 1.017 sec
Running org.apache.camel.component.file.FileConsumerPreMoveNoopTest
Tests run: 2, Failures: 0, Errors: 0, Skipped: 0, Time elapsed: 0.329 sec
Running org.apache.camel.component.file.FileConsumerPreMoveTest
Tests run: 2, Failures: 0, Errors: 0, Skipped: 0, Time elapsed: 1.402 sec
Running org.apache.camel.component.file.FileConsumerProducerRouteTest
Tests run: 1, Failures: 1, Errors: 0, Skipped: 0, Time elapsed: 12.144 sec <<< FAILURE!
Running org.apache.camel.component.file.FileConsumerRelativeFileNameTest
Tests run: 1, Failures: 1, Errors: 0, Skipped: 0, Time elapsed: 13.075 sec <<< FAILURE!
Running org.apache.camel.component.file.FileConsumerSharedThreadPollStopRouteTest
Tests run: 1, Failures: 0, Errors: 0, Skipped: 0, Time elapsed: 33.933 sec
Running org.apache.camel.component.file.FileConsumerSharedThreadPollTest
Tests run: 1, Failures: 0, Errors: 0, Skipped: 0, Time elapsed: 12.576 sec
Running org.apache.camel.component.file.FileConsumerSkipDotFilesTest
Tests run: 2, Failures: 0, Errors: 0, Skipped: 0, Time elapsed: 33.388 sec
Running org.apache.camel.component.file.FileConsumerSuspendAndResumeTest
Tests run: 1, Failures: 0, Errors: 0, Skipped: 0, Time elapsed: 7.864 sec
Running org.apache.camel.component.file.FileConsumerSuspendTest
Tests run: 1, Failures: 0, Errors: 0, Skipped: 0, Time elapsed: 6.184 sec
Running org.apache.camel.component.file.FileConsumerTemplateTest
Tests run: 1, Failures: 0, Errors: 0, Skipped: 0, Time elapsed: 10.184 sec
Running org.apache.camel.component.file.FileContentBasedRouterTest
Tests run: 3, Failures: 0, Errors: 0, Skipped: 0, Time elapsed: 50.803 sec
Running org.apache.camel.component.file.FileConvertBodyToUTF8Test
Tests run: 1, Failures: 0, Errors: 0, Skipped: 0, Time elapsed: 10.169 sec
Running org.apache.camel.component.file.FileEagerDeleteTargetFileTest
Tests run: 3, Failures: 0, Errors: 0, Skipped: 0, Time elapsed: 42.516 sec
Running org.apache.camel.component.file.FileExclusiveReadManuelTest
Tests run: 1, Failures: 0, Errors: 0, Skipped: 0, Time elapsed: 0.117 sec
Running org.apache.camel.component.file.FileExclusiveReadNoneStrategyTest
Tests run: 1, Failures: 0, Errors: 0, Skipped: 0, Time elapsed: 4.021 sec
Running org.apache.camel.component.file.FileHeaderFileNameProducedTest
Tests run: 1, Failures: 0, Errors: 0, Skipped: 0, Time elapsed: 2.217 sec
Running org.apache.camel.component.file.FileIdempotentReadSameFileAgainTest
Tests run: 1, Failures: 0, Errors: 0, Skipped: 0, Time elapsed: 3.553 sec
Running org.apache.camel.component.file.FileInvalidStartingPathTest
Tests run: 2, Failures: 0, Errors: 0, Skipped: 0, Time elapsed: 0.009 sec
Running org.apache.camel.component.file.FileKeepLastModifiedTest
Tests run: 3, Failures: 2, Errors: 0, Skipped: 0, Time elapsed: 49.878 sec <<< FAILURE!
Running org.apache.camel.component.file.FileLanguageCBRTest
Tests run: 3, Failures: 0, Errors: 0, Skipped: 0, Time elapsed: 33.844 sec
Running org.apache.camel.component.file.FileMEPInOutTest
Tests run: 1, Failures: 0, Errors: 0, Skipped: 0, Time elapsed: 6.762 sec
Running org.apache.camel.component.file.FileMarkerFileDeleteOldLockFilesTest
Tests run: 1, Failures: 0, Errors: 0, Skipped: 0, Time elapsed: 17.988 sec
Running org.apache.camel.component.file.FileMarkerFileRecursiveDeleteOldLockFilesTest
Tests run: 1, Failures: 0, Errors: 0, Skipped: 0, Time elapsed: 38.281 sec
Running org.apache.camel.component.file.FileMoveErrorOnExceptionNotHandledTest
Tests run: 1, Failures: 0, Errors: 0, Skipped: 0, Time elapsed: 7.551 sec
Running org.apache.camel.component.file.FileNoOpLockFileTest
Tests run: 2, Failures: 0, Errors: 0, Skipped: 0, Time elapsed: 10.613 sec
Running org.apache.camel.component.file.FilePollEnrichNoWaitTest
Tests run: 1, Failures: 0, Errors: 0, Skipped: 0, Time elapsed: 5.74 sec
Running org.apache.camel.component.file.FilePollEnrichTest
Tests run: 1, Failures: 0, Errors: 0, Skipped: 0, Time elapsed: 10.187 sec
Running org.apache.camel.component.file.FilePollingConsumerTest
Tests run: 1, Failures: 0, Errors: 0, Skipped: 0, Time elapsed: 20.86 sec
Running org.apache.camel.component.file.FileProduceAppendTest
Tests run: 1, Failures: 0, Errors: 0, Skipped: 0, Time elapsed: 16.63 sec
Running org.apache.camel.component.file.FileProduceGeneratedFileNameTest
Tests run: 1, Failures: 0, Errors: 0, Skipped: 0, Time elapsed: 6.243 sec
Running org.apache.camel.component.file.FileProduceTempFileNameTest
Tests run: 3, Failures: 0, Errors: 0, Skipped: 0, Time elapsed: 5.594 sec
Running org.apache.camel.component.file.FileProduceTempPrefixTest
Tests run: 5, Failures: 0, Errors: 0, Skipped: 0, Time elapsed: 8.806 sec
Running org.apache.camel.component.file.FileProducerAllowNullBodyFileAlreadyExistsTest
Tests run: 2, Failures: 0, Errors: 0, Skipped: 0, Time elapsed: 6.976 sec
Running org.apache.camel.component.file.FileProducerAllowNullBodyTest
Tests run: 2, Failures: 0, Errors: 0, Skipped: 0, Time elapsed: 0.01 sec
Running org.apache.camel.component.file.FileProducerCharsetUTFOptimizedTest
Tests run: 1, Failures: 0, Errors: 0, Skipped: 0, Time elapsed: 1.381 sec
Running org.apache.camel.component.file.FileProducerCharsetUTFtoISOConfiguredTest
Tests run: 1, Failures: 0, Errors: 0, Skipped: 0, Time elapsed: 1.017 sec
Running org.apache.camel.component.file.FileProducerCharsetUTFtoISOConvertBodyToTest
Tests run: 1, Failures: 0, Errors: 0, Skipped: 0, Time elapsed: 1.054 sec
Running org.apache.camel.component.file.FileProducerCharsetUTFtoISOTest
Tests run: 1, Failures: 0, Errors: 0, Skipped: 0, Time elapsed: 1.021 sec
Running org.apache.camel.component.file.FileProducerCharsetUTFtoUTFTest
Tests run: 1, Failures: 0, Errors: 0, Skipped: 0, Time elapsed: 1.015 sec
Running org.apache.camel.component.file.FileProducerExpressionTest
Tests run: 7, Failures: 0, Errors: 0, Skipped: 0, Time elapsed: 1.666 sec
Running org.apache.camel.component.file.FileProducerFileExistAppendNoFileBeforeTest
Tests run: 1, Failures: 0, Errors: 0, Skipped: 0, Time elapsed: 1.014 sec
Running org.apache.camel.component.file.FileProducerFileExistAppendTest
Tests run: 1, Failures: 0, Errors: 0, Skipped: 0, Time elapsed: 1.017 sec
Running org.apache.camel.component.file.FileProducerFileExistFailTest
Tests run: 1, Failures: 0, Errors: 0, Skipped: 0, Time elapsed: 2.167 sec
Running org.apache.camel.component.file.FileProducerFileExistIgnoreTest
Tests run: 1, Failures: 0, Errors: 0, Skipped: 0, Time elapsed: 1.016 sec
Running org.apache.camel.component.file.FileProducerFileExistOverrideNoFileBeforeTest
Tests run: 1, Failures: 0, Errors: 0, Skipped: 0, Time elapsed: 1.018 sec
Running org.apache.camel.component.file.FileProducerFileExistOverrideTest
Tests run: 1, Failures: 0, Errors: 0, Skipped: 0, Time elapsed: 2.881 sec
Running org.apache.camel.component.file.FileProducerFilenameConstantTest
Tests run: 1, Failures: 0, Errors: 0, Skipped: 0, Time elapsed: 4.727 sec
Running org.apache.camel.component.file.FileProducerMoveExistingTest
Tests run: 5, Failures: 0, Errors: 0, Skipped: 0, Time elapsed: 49.987 sec
Running org.apache.camel.component.file.FileProducerTempFileExistsIssueTest
Tests run: 6, Failures: 0, Errors: 0, Skipped: 0, Time elapsed: 58.503 sec
Running org.apache.camel.component.file.FileRecursiveDepthTest
Tests run: 3, Failures: 0, Errors: 0, Skipped: 0, Time elapsed: 6.659 sec
Running org.apache.camel.component.file.FileRecursiveNoopTest
Tests run: 1, Failures: 0, Errors: 0, Skipped: 0, Time elapsed: 2.236 sec
Running org.apache.camel.component.file.FileRenameFileOnCommitIssueTest
Tests run: 1, Failures: 0, Errors: 0, Skipped: 0, Time elapsed: 1.108 sec
Running org.apache.camel.component.file.FileRenameReadLockMustUseMarkerFileTest
Tests run: 1, Failures: 0, Errors: 0, Skipped: 0, Time elapsed: 1.267 sec
Running org.apache.camel.component.file.FileRouteOnDosWithNoVolTest
Tests run: 3, Failures: 0, Errors: 0, Skipped: 0, Time elapsed: 5.612 sec
Running org.apache.camel.component.file.FileSortByExpressionTest
Tests run: 2, Failures: 0, Errors: 0, Skipped: 0, Time elapsed: 2.303 sec
Running org.apache.camel.component.file.FileSortByIgnoreCaseExpressionTest
Tests run: 3, Failures: 1, Errors: 0, Skipped: 0, Time elapsed: 20.204 sec <<< FAILURE!
Running org.apache.camel.component.file.FileSortByNestedExpressionTest
Tests run: 2, Failures: 0, Errors: 0, Skipped: 0, Time elapsed: 54.65 sec
Running org.apache.camel.component.file.FileSorterRefTest
Tests run: 1, Failures: 0, Errors: 0, Skipped: 0, Time elapsed: 13.727 sec
Running org.apache.camel.component.file.FileToFileNioLowBufferTest
Tests run: 1, Failures: 0, Errors: 0, Skipped: 0, Time elapsed: 1.065 sec
Running org.apache.camel.component.file.FileToFileWithFlattenTest
Tests run: 2, Failures: 0, Errors: 0, Skipped: 0, Time elapsed: 2.757 sec
Running org.apache.camel.component.file.FilerConsumerDoneFileNameDeleteTest
Tests run: 1, Failures: 0, Errors: 0, Skipped: 0, Time elapsed: 0.446 sec
Running org.apache.camel.component.file.FilerConsumerDoneFileNamePrefixTest
Tests run: 1, Failures: 0, Errors: 0, Skipped: 0, Time elapsed: 0.525 sec
Running org.apache.camel.component.file.FilerConsumerDoneFileNameSimplePrefixTest
Tests run: 1, Failures: 0, Errors: 0, Skipped: 0, Time elapsed: 0.337 sec
Running org.apache.camel.component.file.FilerConsumerDoneFileNameSuffixTest
Tests run: 1, Failures: 0, Errors: 0, Skipped: 0, Time elapsed: 0.327 sec
Running org.apache.camel.component.file.FilerConsumerDoneFileNameTest
Tests run: 1, Failures: 0, Errors: 0, Skipped: 0, Time elapsed: 0.293 sec
Running org.apache.camel.component.file.FilerConsumerDoneFileNoopTest
Tests run: 1, Failures: 0, Errors: 0, Skipped: 0, Time elapsed: 1.01 sec
Running org.apache.camel.component.file.FilerConsumerDualDoneFileNameTest
Tests run: 2, Failures: 0, Errors: 0, Skipped: 0, Time elapsed: 1.742 sec
Running org.apache.camel.component.file.FilerConsumerPreMoveDoneFileNameTest
Tests run: 1, Failures: 0, Errors: 0, Skipped: 0, Time elapsed: 0.359 sec
Running org.apache.camel.component.file.FilerConsumerShouldSkipDoneFilePrefixTest
Tests run: 1, Failures: 0, Errors: 0, Skipped: 0, Time elapsed: 1.162 sec
Running org.apache.camel.component.file.FilerConsumerShouldSkipDoneFileSuffixTest
Tests run: 1, Failures: 0, Errors: 0, Skipped: 0, Time elapsed: 1.004 sec
Running org.apache.camel.component.file.FilerConsumerShouldSkipDoneFileTest
Tests run: 1, Failures: 0, Errors: 0, Skipped: 0, Time elapsed: 11.774 sec
Running org.apache.camel.component.file.FilerProducerAbsoluteTest
Tests run: 1, Failures: 0, Errors: 0, Skipped: 0, Time elapsed: 5.935 sec
Running org.apache.camel.component.file.FilerProducerDoneFileNameTest
Tests run: 6, Failures: 0, Errors: 0, Skipped: 0, Time elapsed: 65.818 sec
Running org.apache.camel.component.file.FilerProducerFileNamesTest
Tests run: 2, Failures: 0, Errors: 0, Skipped: 0, Time elapsed: 11.423 sec
Running org.apache.camel.component.file.FromFileDoNotDeleteFileIfProcessFailsTest
Tests run: 1, Failures: 0, Errors: 0, Skipped: 0, Time elapsed: 4.737 sec
Running org.apache.camel.component.file.FromFileDoNotMoveFileIfProcessFailsTest
Tests run: 1, Failures: 0, Errors: 0, Skipped: 0, Time elapsed: 6.195 sec
Running org.apache.camel.component.file.FromFileMoveDoneCustomHeaderTest
Tests run: 1, Failures: 0, Errors: 0, Skipped: 0, Time elapsed: 5.22 sec
Running org.apache.camel.component.file.FromFileMoveFileIfProcessFailsTest
Tests run: 1, Failures: 0, Errors: 0, Skipped: 0, Time elapsed: 9.194 sec
Running org.apache.camel.component.file.FromFileMulticastToFilesTest
Tests run: 2, Failures: 0, Errors: 0, Skipped: 0, Time elapsed: 4.982 sec
Running org.apache.camel.component.file.FromFilePollThirdTimeOkTest
Tests run: 1, Failures: 1, Errors: 0, Skipped: 0, Time elapsed: 0.073 sec <<< FAILURE!
Running org.apache.camel.component.file.GenericFileConverterTest
Tests run: 6, Failures: 0, Errors: 0, Skipped: 0, Time elapsed: 17.825 sec
Running org.apache.camel.component.file.NewFileConsumeTest
Tests run: 1, Failures: 0, Errors: 0, Skipped: 0, Time elapsed: 1.008 sec
Running org.apache.camel.component.file.NewFileConsumerTest
Tests run: 1, Failures: 0, Errors: 0, Skipped: 0, Time elapsed: 1.299 sec
Running org.apache.camel.component.file.NewFileProduceTest
Tests run: 1, Failures: 0, Errors: 0, Skipped: 0, Time elapsed: 0.037 sec
Running org.apache.camel.component.file.ToFileRouteTest
Tests run: 1, Failures: 0, Errors: 0, Skipped: 0, Time elapsed: 0.128 sec
Running org.apache.camel.component.file.XPathToFileTest
Tests run: 1, Failures: 0, Errors: 0, Skipped: 0, Time elapsed: 0.239 sec
Running org.apache.camel.component.file.strategy.FileChangedReadLockTest
Tests run: 1, Failures: 0, Errors: 0, Skipped: 0, Time elapsed: 5.096 sec
Running org.apache.camel.component.file.strategy.FileChangedReadLockTimeoutTest
Tests run: 1, Failures: 1, Errors: 0, Skipped: 0, Time elapsed: 21.022 sec <<< FAILURE!
Running org.apache.camel.component.file.strategy.FileChangedZeroLengthReadLockTest
Tests run: 1, Failures: 0, Errors: 0, Skipped: 0, Time elapsed: 12.761 sec
Running org.apache.camel.component.file.strategy.GenericFileDeleteProcessStrategyTest
Tests run: 2, Failures: 0, Errors: 0, Skipped: 0, Time elapsed: 4.014 sec
Running org.apache.camel.component.file.strategy.MarkerFileExclusiveReadLockStrategyTest
Tests run: 1, Failures: 0, Errors: 0, Skipped: 0, Time elapsed: 6.715 sec
Running org.apache.camel.component.file.stress.FileAsyncStressReadLockLockFileTest
Tests run: 1, Failures: 0, Errors: 0, Skipped: 0, Time elapsed: 145.338 sec
Running org.apache.camel.component.file.stress.FileAsyncStressReadLockNoneTest
Tests run: 1, Failures: 0, Errors: 0, Skipped: 0, Time elapsed: 183.583 sec
Running org.apache.camel.component.file.stress.FileAsyncStressReadLockRenameTest
Tests run: 1, Failures: 0, Errors: 0, Skipped: 0, Time elapsed: 306.47 sec
Running org.apache.camel.component.file.stress.FileAsyncStressTest
Tests run: 1, Failures: 0, Errors: 0, Skipped: 0, Time elapsed: 124.35 sec
Running org.apache.camel.component.file.stress.FileConsumerPollManyFilesTest
Process 1583895199188 is killed.
[INFO] ------------------------------------------------------------------------
[INFO] BUILD FAILURE
[INFO] ------------------------------------------------------------------------
[INFO] Total time: 50:03 min
[INFO] Finished at: 2020-03-10T20:43:19-07:00
[INFO] Final Memory: 24M/1187M
[INFO] ------------------------------------------------------------------------
[ERROR] Failed to execute goal org.apache.maven.plugins:maven-surefire-plugin:2.8:test (default-test) on project camel-core: There are test failures.
[ERROR] 
[ERROR] Please refer to /bam/scratch/Bugs.jar_Camel_a57830ed_java-7/camel-core/target/surefire-reports for the individual test results.
[ERROR] -> [Help 1]
[ERROR] 
[ERROR] To see the full stack trace of the errors, re-run Maven with the -e switch.
[ERROR] Re-run Maven using the -X switch to enable full debug logging.
[ERROR] 
[ERROR] For more information about the errors and possible solutions, please read the following articles:
[ERROR] [Help 1] http://cwiki.apache.org/confluence/display/MAVEN/MojoFailureException
