Picked up JAVA_TOOL_OPTIONS: -XX:CICompilerCount=2 -XX:ParallelGCThreads=2 -XX:ConcGCThreads=2 -Djdk.net.URLClassPath.disableClassPathURLCheck=true 
Java HotSpot(TM) 64-Bit Server VM warning: ignoring option MaxPermSize=512m; support was removed in 8.0
Picked up _JAVA_OPTIONS: -Djdk.net.URLClassPath.disableClassPathURLCheck=true
Apache Maven 3.5.0 (Red Hat 3.5.0-4.3)
Maven home: /opt/rh/rh-maven35/root/usr/share/maven
Java version: 1.8.0_181, vendor: Oracle Corporation
Java home: /bam/scratch/jmcampos/RTA/repair_them_all_framework/jdks/jdk1.8.0_181/jre
Default locale: en_US, platform encoding: UTF-8
OS name: "linux", version: "4.14.147-1.el7.retpoline.x86_64", arch: "amd64", family: "unix"
[INFO] Scanning for projects...
[INFO] 
[INFO] ------------------------------------------------------------------------
[INFO] Building Oak Core 0.2-SNAPSHOT
[INFO] ------------------------------------------------------------------------
[INFO] Downloading: http://repository.apache.org/snapshots/org/apache/jackrabbit/oak-mk/0.2-SNAPSHOT/maven-metadata.xml
[INFO] Downloading: http://repository.apache.org/snapshots/org/apache/jackrabbit/oak-parent/0.2-SNAPSHOT/maven-metadata.xml
[INFO] 
[INFO] --- maven-remote-resources-plugin:1.2.1:process (default) @ oak-core ---
[INFO] 
[INFO] --- maven-resources-plugin:2.5:resources (default-resources) @ oak-core ---
[debug] execute contextualize
[INFO] Using 'UTF-8' encoding to copy filtered resources.
[INFO] Copying 17 resources
[INFO] Copying 3 resources
[INFO] 
[INFO] --- maven-compiler-plugin:2.3.2:compile (default-compile) @ oak-core ---
[INFO] Compiling 1 source file to /bam/scratch/tmp-rta/Bugs.jar_Jackrabbit-Oak_b62f1c26_java-8/oak-core/target/classes
[INFO] 
[INFO] --- maven-resources-plugin:2.5:testResources (default-testResources) @ oak-core ---
[debug] execute contextualize
[INFO] Using 'UTF-8' encoding to copy filtered resources.
[INFO] Copying 3 resources
[INFO] Copying 3 resources
[INFO] 
[INFO] --- maven-compiler-plugin:2.3.2:testCompile (default-testCompile) @ oak-core ---
[INFO] Nothing to compile - all classes are up to date
[INFO] 
[INFO] --- maven-surefire-plugin:2.9:test (default-test) @ oak-core ---
[INFO] Surefire report directory: /bam/scratch/tmp-rta/Bugs.jar_Jackrabbit-Oak_b62f1c26_java-8/oak-core/target/surefire-reports
[INFO] Downloading: https://repo.maven.apache.org/maven2/org/apache/maven/surefire/surefire-junit4/2.9/surefire-junit4-2.9.pom
[INFO] Downloaded: https://repo.maven.apache.org/maven2/org/apache/maven/surefire/surefire-junit4/2.9/surefire-junit4-2.9.pom (2.6 kB at 13 kB/s)
[INFO] Downloading: https://repo.maven.apache.org/maven2/org/apache/maven/surefire/surefire-providers/2.9/surefire-providers-2.9.pom
[INFO] Downloaded: https://repo.maven.apache.org/maven2/org/apache/maven/surefire/surefire-providers/2.9/surefire-providers-2.9.pom (2.3 kB at 226 kB/s)
[INFO] Downloading: https://repo.maven.apache.org/maven2/org/apache/maven/surefire/surefire-junit4/2.9/surefire-junit4-2.9.jar
[INFO] Downloaded: https://repo.maven.apache.org/maven2/org/apache/maven/surefire/surefire-junit4/2.9/surefire-junit4-2.9.jar (33 kB at 1.5 MB/s)

-------------------------------------------------------
 T E S T S
-------------------------------------------------------
Picked up JAVA_TOOL_OPTIONS: -XX:CICompilerCount=2 -XX:ParallelGCThreads=2 -XX:ConcGCThreads=2 -Djdk.net.URLClassPath.disableClassPathURLCheck=true -XX:CICompilerCount=2 -XX:ParallelGCThreads=2 -XX:ConcGCThreads=2 -Djdk.net.URLClassPath.disableClassPathURLCheck=true 
Picked up _JAVA_OPTIONS: -Djdk.net.URLClassPath.disableClassPathURLCheck=true
Running org.apache.jackrabbit.oak.query.QueryTest
Tests run: 3, Failures: 0, Errors: 0, Skipped: 0, Time elapsed: 0.201 sec
Running org.apache.jackrabbit.oak.query.index.LikePatternTest
Tests run: 1, Failures: 0, Errors: 0, Skipped: 0, Time elapsed: 0.001 sec
Running org.apache.jackrabbit.oak.query.index.FilterTest
Tests run: 3, Failures: 0, Errors: 0, Skipped: 0, Time elapsed: 0.356 sec
Running org.apache.jackrabbit.oak.query.index.TraversingCursorTest
Tests run: 2, Failures: 0, Errors: 0, Skipped: 0, Time elapsed: 0.002 sec
Running org.apache.jackrabbit.oak.kernel.LargeKernelNodeStateTest
Tests run: 5, Failures: 0, Errors: 0, Skipped: 0, Time elapsed: 0.098 sec
Running org.apache.jackrabbit.oak.kernel.KernelNodeStateEditorFuzzTest
Tests run: 40, Failures: 0, Errors: 0, Skipped: 0, Time elapsed: 106.656 sec
Running org.apache.jackrabbit.oak.kernel.KernelNodeStateTest
Tests run: 8, Failures: 0, Errors: 0, Skipped: 0, Time elapsed: 0.008 sec
Running org.apache.jackrabbit.oak.kernel.KernelNodeStateEditorTest
Tests run: 14, Failures: 0, Errors: 0, Skipped: 0, Time elapsed: 0.008 sec
Running org.apache.jackrabbit.mk.large.ManyRevisionsTest
Tests run: 8, Failures: 0, Errors: 0, Skipped: 0, Time elapsed: 44.562 sec
Running org.apache.jackrabbit.mk.large.NodeVersionTest
Tests run: 4, Failures: 0, Errors: 0, Skipped: 0, Time elapsed: 0.312 sec
Running org.apache.jackrabbit.mk.large.DescendantCountTest
Tests run: 4, Failures: 0, Errors: 0, Skipped: 0, Time elapsed: 0.461 sec
Running org.apache.jackrabbit.mk.large.LargeNodeTest
Tests run: 20, Failures: 0, Errors: 0, Skipped: 0, Time elapsed: 4.033 sec
Running org.apache.jackrabbit.mk.large.CreateNodesTraverseTest
Tests run: 4, Failures: 0, Errors: 0, Skipped: 0, Time elapsed: 0.665 sec
Running org.apache.jackrabbit.mk.MoveNodeTest
Tests run: 60, Failures: 0, Errors: 0, Skipped: 0, Time elapsed: 9.987 sec
Running org.apache.jackrabbit.mk.index.IndexTest
Tests run: 36, Failures: 0, Errors: 0, Skipped: 0, Time elapsed: 220.993 sec
Running org.apache.jackrabbit.mk.index.PrefixIndexTest
Tests run: 4, Failures: 0, Errors: 0, Skipped: 0, Time elapsed: 0.773 sec
Running org.apache.jackrabbit.mk.index.PropertyIndexTest
Tests run: 4, Failures: 0, Errors: 0, Skipped: 0, Time elapsed: 1.113 sec
Running org.apache.jackrabbit.mk.hash.HashTest
Tests run: 4, Failures: 0, Errors: 0, Skipped: 0, Time elapsed: 0.768 sec
Running org.apache.jackrabbit.mk.wrapper.SecurityWrapperTest
Tests run: 16, Failures: 0, Errors: 0, Skipped: 0, Time elapsed: 2.335 sec
Running org.apache.jackrabbit.mk.wrapper.VirtualRepositoryWrapperTest
Tests run: 8, Failures: 0, Errors: 0, Skipped: 0, Time elapsed: 105.356 sec
Running org.apache.jackrabbit.mk.wrapper.IndexWrapperTest
Tests run: 12, Failures: 0, Errors: 0, Skipped: 0, Time elapsed: 2.606 sec
Running org.apache.jackrabbit.mk.concurrent.ConcurrentTest
Tests run: 4, Failures: 0, Errors: 0, Skipped: 0, Time elapsed: 5.993 sec
Running org.apache.jackrabbit.mk.concurrent.ConcurrentBlobTest
Tests run: 1, Failures: 0, Errors: 0, Skipped: 0, Time elapsed: 1.011 sec
Running org.apache.jackrabbit.mk.concurrent.ConcurrentCacheTest
Tests run: 1, Failures: 0, Errors: 0, Skipped: 0, Time elapsed: 1.014 sec
Running org.apache.jackrabbit.mk.json.fast.JsopObjectTest
Tests run: 8, Failures: 0, Errors: 0, Skipped: 0, Time elapsed: 0.009 sec
Running org.apache.jackrabbit.mk.ConflictingMoveTest
Tests run: 16, Failures: 0, Errors: 0, Skipped: 0, Time elapsed: 2.305 sec
Running org.apache.jackrabbit.mk.mem.MemoryNodeTest
Tests run: 2, Failures: 0, Errors: 0, Skipped: 0, Time elapsed: 0.001 sec
Running org.apache.jackrabbit.mk.fs.FileSystemTest
Tests run: 5, Failures: 0, Errors: 0, Skipped: 0, Time elapsed: 0.678 sec
Running org.apache.jackrabbit.mk.LargeObjectTest
Tests run: 4, Failures: 0, Errors: 0, Skipped: 0, Time elapsed: 1.478 sec
Running org.apache.jackrabbit.mk.api.MicroKernelTest
Tests run: 64, Failures: 2, Errors: 0, Skipped: 0, Time elapsed: 544.689 sec <<< FAILURE!
Running org.apache.jackrabbit.mk.ConcurrentWriteTest
duration: 1009ms
new HEAD: 0000000000000016

History:
[{"id":"0000000000000003","ts":1584265958856},{"id":"0000000000000004","ts":1584265958936},{"id":"0000000000000005","ts":1584265959044},{"id":"0000000000000006","ts":1584265959061},{"id":"0000000000000007","ts":1584265959178},{"id":"0000000000000008","ts":1584265959210},{"id":"0000000000000009","ts":1584265959279},{"id":"000000000000000a","ts":1584265959282},{"id":"000000000000000b","ts":1584265959293},{"id":"000000000000000c","ts":1584265959326},{"id":"000000000000000d","ts":1584265959327},{"id":"000000000000000e","ts":1584265959371},{"id":"000000000000000f","ts":1584265959381},{"id":"0000000000000010","ts":1584265959383},{"id":"0000000000000011","ts":1584265959397},{"id":"0000000000000012","ts":1584265959399},{"id":"0000000000000013","ts":1584265959408},{"id":"0000000000000014","ts":1584265959429},{"id":"0000000000000015","ts":1584265959438},{"id":"0000000000000016","ts":1584265959447}]

Tests run: 1, Failures: 0, Errors: 0, Skipped: 0, Time elapsed: 2.831 sec
Running org.apache.jackrabbit.mk.server.BoundaryInputStreamTest
Tests run: 1, Failures: 0, Errors: 0, Skipped: 0, Time elapsed: 0.001 sec
Running org.apache.jackrabbit.mk.blobs.DataStoreTest
Tests run: 12, Failures: 0, Errors: 0, Skipped: 0, Time elapsed: 1.911 sec

Results :

Failed tests:   addItemsIncrementally[1](org.apache.jackrabbit.mk.api.MicroKernelTest): expected:<...dNodeCount":2,"child[1":{"prop2":42,":childNodeCount":1,"grandchild11":{"prop3":43,":childNodeCount":0}},"child2":{":childNodeCount":0]}}> but was:<...dNodeCount":2,"child[2":{":childNodeCount":0},"child1":{"prop2":42,":childNodeCount":1,"grandchild11":{"prop3":43,":childNodeCount":0}]}}>
  addItemsIncrementally[2](org.apache.jackrabbit.mk.api.MicroKernelTest): expected:<...dNodeCount":2,"child[1":{"prop2":42,":childNodeCount":1,"grandchild11":{"prop3":43,":childNodeCount":0}},"child2":{":childNodeCount":0]}}> but was:<...dNodeCount":2,"child[2":{":childNodeCount":0},"child1":{"prop2":42,":childNodeCount":1,"grandchild11":{"prop3":43,":childNodeCount":0}]}}>

Tests run: 379, Failures: 2, Errors: 0, Skipped: 0

[INFO] ------------------------------------------------------------------------
[INFO] BUILD FAILURE
[INFO] ------------------------------------------------------------------------
[INFO] Total time: 17:47 min
[INFO] Finished at: 2020-03-15T02:52:43-07:00
[INFO] Final Memory: 26M/1026M
[INFO] ------------------------------------------------------------------------
[ERROR] Failed to execute goal org.apache.maven.plugins:maven-surefire-plugin:2.9:test (default-test) on project oak-core: There are test failures.
[ERROR] 
[ERROR] Please refer to /bam/scratch/tmp-rta/Bugs.jar_Jackrabbit-Oak_b62f1c26_java-8/oak-core/target/surefire-reports for the individual test results.
[ERROR] -> [Help 1]
[ERROR] 
[ERROR] To see the full stack trace of the errors, re-run Maven with the -e switch.
[ERROR] Re-run Maven using the -X switch to enable full debug logging.
[ERROR] 
[ERROR] For more information about the errors and possible solutions, please read the following articles:
[ERROR] [Help 1] http://cwiki.apache.org/confluence/display/MAVEN/MojoFailureException
