Picked up JAVA_TOOL_OPTIONS: -XX:CICompilerCount=2 -XX:ParallelGCThreads=2 -XX:ConcGCThreads=2 -Djdk.net.URLClassPath.disableClassPathURLCheck=true 
Java HotSpot(TM) 64-Bit Server VM warning: ignoring option MaxPermSize=512m; support was removed in 8.0
Picked up _JAVA_OPTIONS: -Djdk.net.URLClassPath.disableClassPathURLCheck=true
Apache Maven 3.5.0 (Red Hat 3.5.0-4.3)
Maven home: /opt/rh/rh-maven35/root/usr/share/maven
Java version: 1.8.0_181, vendor: Oracle Corporation
Java home: /bam/scratch/jmcampos/RTA/repair_them_all_framework/jdks/jdk1.8.0_181/jre
Default locale: en_US, platform encoding: UTF-8
OS name: "linux", version: "4.14.147-1.el7.retpoline.x86_64", arch: "amd64", family: "unix"
[INFO] Scanning for projects...
[INFO] 
[INFO] ------------------------------------------------------------------------
[INFO] Building Camel :: Core 2.11-SNAPSHOT
[INFO] ------------------------------------------------------------------------
[INFO] 
[INFO] --- maven-bundle-plugin:2.3.7:cleanVersions (versions) @ camel-core ---
[INFO] 
[INFO] --- maven-remote-resources-plugin:1.3:process (default) @ camel-core ---
[INFO] 
[INFO] --- maven-resources-plugin:2.4.3:resources (default-resources) @ camel-core ---
[INFO] Using 'UTF-8' encoding to copy filtered resources.
[INFO] Copying 37 resources
[INFO] Copying 3 resources
[INFO] 
[INFO] --- maven-compiler-plugin:2.5.1:compile (default-compile) @ camel-core ---
[INFO] Nothing to compile - all classes are up to date
[INFO] 
[INFO] --- maven-resources-plugin:2.4.3:testResources (default-testResources) @ camel-core ---
[INFO] Using 'UTF-8' encoding to copy filtered resources.
[INFO] Copying 92 resources
[INFO] Copying 3 resources
[INFO] 
[INFO] --- maven-compiler-plugin:2.5.1:testCompile (default-testCompile) @ camel-core ---
[INFO] Nothing to compile - all classes are up to date
[INFO] 
[INFO] --- maven-surefire-plugin:2.8:test (default-test) @ camel-core ---
[INFO] Surefire report directory: /bam/scratch/tmp-rta/Bugs.jar_Camel_0c3c7d1b_java-8/camel-core/target/surefire-reports
[INFO] Downloading: https://repo.maven.apache.org/maven2/org/apache/maven/surefire/surefire-junit4/2.8/surefire-junit4-2.8.pom
[INFO] Downloaded: https://repo.maven.apache.org/maven2/org/apache/maven/surefire/surefire-junit4/2.8/surefire-junit4-2.8.pom (2.6 kB at 16 kB/s)
[INFO] Downloading: https://repo.maven.apache.org/maven2/org/apache/maven/surefire/surefire-providers/2.8/surefire-providers-2.8.pom
[INFO] Downloaded: https://repo.maven.apache.org/maven2/org/apache/maven/surefire/surefire-providers/2.8/surefire-providers-2.8.pom (1.9 kB at 134 kB/s)
[INFO] Downloading: https://repo.maven.apache.org/maven2/org/apache/maven/surefire/surefire-junit4/2.8/surefire-junit4-2.8.jar
[INFO] Downloaded: https://repo.maven.apache.org/maven2/org/apache/maven/surefire/surefire-junit4/2.8/surefire-junit4-2.8.jar (33 kB at 82 kB/s)
Picked up JAVA_TOOL_OPTIONS: -XX:CICompilerCount=2 -XX:ParallelGCThreads=2 -XX:ConcGCThreads=2 -Djdk.net.URLClassPath.disableClassPathURLCheck=true -XX:CICompilerCount=2 -XX:ParallelGCThreads=2 -XX:ConcGCThreads=2 -Djdk.net.URLClassPath.disableClassPathURLCheck=true 
Picked up _JAVA_OPTIONS: -Djdk.net.URLClassPath.disableClassPathURLCheck=true

-------------------------------------------------------
 T E S T S
-------------------------------------------------------
Running org.apache.camel.BodyAndHeaderConvertTest
Tests run: 4, Failures: 0, Errors: 0, Skipped: 0, Time elapsed: 2.705 sec
Running org.apache.camel.CamelExceptionsTest
Tests run: 26, Failures: 0, Errors: 0, Skipped: 0, Time elapsed: 0.182 sec
Running org.apache.camel.ExchangePatternTest
Tests run: 2, Failures: 0, Errors: 0, Skipped: 0, Time elapsed: 0.001 sec
Running org.apache.camel.InjectorDefaultsTest
Tests run: 3, Failures: 0, Errors: 0, Skipped: 0, Time elapsed: 0.008 sec
Running org.apache.camel.SuspendableServiceTest
Tests run: 1, Failures: 0, Errors: 0, Skipped: 0, Time elapsed: 0.001 sec
Running org.apache.camel.UnitOfWorkSyncProcessTest
Tests run: 1, Failures: 1, Errors: 0, Skipped: 0, Time elapsed: 0.17 sec <<< FAILURE!
Running org.apache.camel.builder.AddRoutesAtRuntimeTest
Tests run: 1, Failures: 0, Errors: 0, Skipped: 0, Time elapsed: 0.014 sec
Running org.apache.camel.builder.BuilderWithScopesTest
Tests run: 22, Failures: 0, Errors: 0, Skipped: 0, Time elapsed: 0.143 sec
Running org.apache.camel.builder.ContextErrorHandlerTest
Tests run: 2, Failures: 0, Errors: 0, Skipped: 0, Time elapsed: 0.045 sec
Running org.apache.camel.builder.ErrorHandlerTest
Tests run: 5, Failures: 0, Errors: 0, Skipped: 0, Time elapsed: 0.31 sec
Running org.apache.camel.builder.ExceptionBuilderTest
Tests run: 6, Failures: 0, Errors: 0, Skipped: 0, Time elapsed: 0.887 sec
Running org.apache.camel.builder.ExceptionBuilderWithHandledExceptionTest
Tests run: 3, Failures: 0, Errors: 0, Skipped: 0, Time elapsed: 0.026 sec
Running org.apache.camel.builder.ExchangeBuilderTest
Tests run: 2, Failures: 0, Errors: 0, Skipped: 0, Time elapsed: 0.001 sec
Running org.apache.camel.builder.ExpressionBuilderTest
Tests run: 6, Failures: 0, Errors: 0, Skipped: 0, Time elapsed: 0.017 sec
Running org.apache.camel.builder.ExpressionClauseTest
Tests run: 2, Failures: 0, Errors: 0, Skipped: 0, Time elapsed: 0.033 sec
Running org.apache.camel.builder.LoggingErrorHandlerBuilderTest
Tests run: 6, Failures: 0, Errors: 0, Skipped: 0, Time elapsed: 0.034 sec
Running org.apache.camel.builder.NotifyBuilderTest
Tests run: 43, Failures: 0, Errors: 0, Skipped: 0, Time elapsed: 0.368 sec
Running org.apache.camel.builder.NotifyBuilderWhenDoneByIndexTest
Tests run: 1, Failures: 0, Errors: 0, Skipped: 0, Time elapsed: 0.52 sec
Running org.apache.camel.builder.PredicateBinaryCoerceRouteTest
Tests run: 14, Failures: 0, Errors: 0, Skipped: 0, Time elapsed: 0.07 sec
Running org.apache.camel.builder.PredicateBinaryCoerceTypeTest
Tests run: 10, Failures: 0, Errors: 0, Skipped: 0, Time elapsed: 0.011 sec
Running org.apache.camel.builder.PredicateBuilderConcurrentTest
Tests run: 1, Failures: 0, Errors: 0, Skipped: 0, Time elapsed: 0.014 sec
Running org.apache.camel.builder.PredicateBuilderTest
Tests run: 12, Failures: 0, Errors: 0, Skipped: 0, Time elapsed: 0.013 sec
Running org.apache.camel.builder.ProxyBuilderSkipJavaLangObjectMethodsTest
Tests run: 1, Failures: 0, Errors: 0, Skipped: 0, Time elapsed: 0.007 sec
Running org.apache.camel.builder.ProxyBuilderTest
Tests run: 1, Failures: 0, Errors: 0, Skipped: 0, Time elapsed: 1.009 sec
Running org.apache.camel.builder.RouteBuilderAddRoutesOnlyInterceptTest
Tests run: 1, Failures: 0, Errors: 0, Skipped: 0, Time elapsed: 0.015 sec
Running org.apache.camel.builder.RouteBuilderAddRoutesTest
Tests run: 1, Failures: 0, Errors: 0, Skipped: 0, Time elapsed: 0.01 sec
Running org.apache.camel.builder.RouteBuilderTest
Tests run: 13, Failures: 0, Errors: 0, Skipped: 0, Time elapsed: 0.228 sec
Running org.apache.camel.builder.SimpleBuilderTest
Tests run: 3, Failures: 0, Errors: 0, Skipped: 0, Time elapsed: 0.014 sec
Running org.apache.camel.builder.ThreadPoolBuilderTest
Tests run: 11, Failures: 0, Errors: 0, Skipped: 0, Time elapsed: 0.015 sec
Running org.apache.camel.builder.ValueBuilderTest
Tests run: 3, Failures: 0, Errors: 0, Skipped: 0, Time elapsed: 0.013 sec
Running org.apache.camel.builder.xml.DefaultNamespaceContextTest
Tests run: 6, Failures: 0, Errors: 0, Skipped: 0, Time elapsed: 0.015 sec
Running org.apache.camel.builder.xml.ExtractXPathWithNamespaceTest
Tests run: 3, Failures: 0, Errors: 0, Skipped: 0, Time elapsed: 0.026 sec
Running org.apache.camel.builder.xml.XPathContentBasedRouterTest
Tests run: 1, Failures: 0, Errors: 0, Skipped: 0, Time elapsed: 0.01 sec
Running org.apache.camel.builder.xml.XPathFunctionsTest
Tests run: 3, Failures: 0, Errors: 0, Skipped: 0, Time elapsed: 0.024 sec
Running org.apache.camel.builder.xml.XPathHeaderNameResultTypeAndNamespaceTest
Tests run: 1, Failures: 0, Errors: 0, Skipped: 0, Time elapsed: 0.006 sec
Running org.apache.camel.builder.xml.XPathHeaderNameTest
Tests run: 3, Failures: 0, Errors: 0, Skipped: 0, Time elapsed: 0.017 sec
Running org.apache.camel.builder.xml.XPathHeaderTest
Tests run: 3, Failures: 0, Errors: 0, Skipped: 0, Time elapsed: 0.029 sec
Running org.apache.camel.builder.xml.XPathMockTest
Tests run: 6, Failures: 0, Errors: 0, Skipped: 0, Time elapsed: 0.026 sec
Running org.apache.camel.builder.xml.XPathNamespaceResultTypeTest
Tests run: 3, Failures: 0, Errors: 0, Skipped: 0, Time elapsed: 0.014 sec
Running org.apache.camel.builder.xml.XPathNamespaceTest
Tests run: 3, Failures: 0, Errors: 0, Skipped: 0, Time elapsed: 0.014 sec
Running org.apache.camel.builder.xml.XPathNestedNamespaceTest
Tests run: 1, Failures: 0, Errors: 0, Skipped: 0, Time elapsed: 0.006 sec
Running org.apache.camel.builder.xml.XPathTest
Tests run: 33, Failures: 0, Errors: 0, Skipped: 0, Time elapsed: 0.136 sec
Running org.apache.camel.builder.xml.XPathTransformRouteTest
Tests run: 1, Failures: 0, Errors: 0, Skipped: 0, Time elapsed: 0.018 sec
Running org.apache.camel.builder.xml.XPathTransformTest
Tests run: 3, Failures: 0, Errors: 0, Skipped: 0, Time elapsed: 0.029 sec
Running org.apache.camel.builder.xml.XPathWithNamespacesFromDomTest
Tests run: 1, Failures: 0, Errors: 0, Skipped: 0, Time elapsed: 0.004 sec
Running org.apache.camel.builder.xml.XsltBuilderTest
Tests run: 18, Failures: 0, Errors: 0, Skipped: 0, Time elapsed: 17.154 sec
Running org.apache.camel.builder.xml.XsltOutputFileTest
Tests run: 2, Failures: 0, Errors: 0, Skipped: 0, Time elapsed: 0.027 sec
Running org.apache.camel.builder.xml.XsltTest
Tests run: 1, Failures: 0, Errors: 0, Skipped: 0, Time elapsed: 0.009 sec
Running org.apache.camel.builder.xml.XsltTestErrorListenerTest
Tests run: 1, Failures: 0, Errors: 0, Skipped: 0, Time elapsed: 0.005 sec
Running org.apache.camel.component.bean.BeanChoseMethodWithMatchingTypeAndSkipSettersTest
Tests run: 2, Failures: 0, Errors: 0, Skipped: 0, Time elapsed: 9.115 sec
Running org.apache.camel.component.bean.BeanComponentCustomCreateEndpointTest
Tests run: 2, Failures: 0, Errors: 0, Skipped: 0, Time elapsed: 0.014 sec
Running org.apache.camel.component.bean.BeanConcurrentTest
Tests run: 1, Failures: 0, Errors: 0, Skipped: 0, Time elapsed: 0.165 sec
Running org.apache.camel.component.bean.BeanConsumerShutdownTest
Tests run: 1, Failures: 0, Errors: 0, Skipped: 0, Time elapsed: 5.029 sec
Running org.apache.camel.component.bean.BeanConsumerTemplateTest
Tests run: 2, Failures: 0, Errors: 0, Skipped: 0, Time elapsed: 0.014 sec
Running org.apache.camel.component.bean.BeanEndpointTest
Tests run: 6, Failures: 0, Errors: 0, Skipped: 0, Time elapsed: 0.024 sec
Running org.apache.camel.component.bean.BeanExchangeAsReturnTypeNotAllowedTest
Tests run: 1, Failures: 0, Errors: 0, Skipped: 0, Time elapsed: 0.007 sec
Running org.apache.camel.component.bean.BeanExcludedMethodTest
Tests run: 2, Failures: 0, Errors: 0, Skipped: 0, Time elapsed: 0.005 sec
Running org.apache.camel.component.bean.BeanExplicitMethodAmbiguousTest
Tests run: 4, Failures: 0, Errors: 0, Skipped: 0, Time elapsed: 0.022 sec
Running org.apache.camel.component.bean.BeanExplicitMethodTest
Tests run: 2, Failures: 0, Errors: 0, Skipped: 0, Time elapsed: 0.009 sec
Running org.apache.camel.component.bean.BeanExpressionConcurrentTest
Tests run: 1, Failures: 0, Errors: 0, Skipped: 0, Time elapsed: 0.125 sec
Running org.apache.camel.component.bean.BeanHandlerMethodPredicateTest
Tests run: 1, Failures: 0, Errors: 0, Skipped: 0, Time elapsed: 0.014 sec
Running org.apache.camel.component.bean.BeanHandlerMethodTest
Tests run: 5, Failures: 0, Errors: 0, Skipped: 0, Time elapsed: 0.02 sec
Running org.apache.camel.component.bean.BeanImplicitMethodTest
Tests run: 1, Failures: 0, Errors: 0, Skipped: 0, Time elapsed: 0.008 sec
Running org.apache.camel.component.bean.BeanInPipelineTest
Tests run: 1, Failures: 0, Errors: 0, Skipped: 0, Time elapsed: 0.008 sec
Running org.apache.camel.component.bean.BeanInfoAMoreComplexOverloadedTest
Tests run: 3, Failures: 0, Errors: 0, Skipped: 0, Time elapsed: 0.01 sec
Running org.apache.camel.component.bean.BeanInfoInheritanceTest
Tests run: 3, Failures: 0, Errors: 0, Skipped: 0, Time elapsed: 0.011 sec
Running org.apache.camel.component.bean.BeanInfoOverloadedTest
Tests run: 1, Failures: 0, Errors: 0, Skipped: 0, Time elapsed: 0.005 sec
Running org.apache.camel.component.bean.BeanInfoSelectMethodTest
Tests run: 2, Failures: 0, Errors: 0, Skipped: 0, Time elapsed: 0.024 sec
Running org.apache.camel.component.bean.BeanInfoTest
Tests run: 9, Failures: 0, Errors: 0, Skipped: 0, Time elapsed: 0.013 sec
Running org.apache.camel.component.bean.BeanInvocationSerializeTest
Tests run: 2, Failures: 0, Errors: 0, Skipped: 0, Time elapsed: 0.072 sec
Running org.apache.camel.component.bean.BeanInvokeSimpleOgnlToStringMethodTest
Tests run: 1, Failures: 0, Errors: 0, Skipped: 0, Time elapsed: 0.009 sec
Running org.apache.camel.component.bean.BeanInvokeStaticTest
Tests run: 2, Failures: 0, Errors: 0, Skipped: 0, Time elapsed: 0.008 sec
Running org.apache.camel.component.bean.BeanInvokeTest
Tests run: 3, Failures: 0, Errors: 0, Skipped: 0, Time elapsed: 0.086 sec
Running org.apache.camel.component.bean.BeanInvokeToStringMethodTest
Tests run: 1, Failures: 0, Errors: 0, Skipped: 0, Time elapsed: 0.003 sec
Running org.apache.camel.component.bean.BeanInvokeWithNullBodyTest
Tests run: 3, Failures: 0, Errors: 0, Skipped: 0, Time elapsed: 0.011 sec
Running org.apache.camel.component.bean.BeanLookupUsingJndiRegistryIssueTest
Tests run: 1, Failures: 0, Errors: 0, Skipped: 0, Time elapsed: 0.02 sec
Running org.apache.camel.component.bean.BeanMethodBeanTest
Tests run: 1, Failures: 0, Errors: 0, Skipped: 0, Time elapsed: 0 sec
Running org.apache.camel.component.bean.BeanMethodNameHeaderIssueTest
Tests run: 1, Failures: 0, Errors: 0, Skipped: 0, Time elapsed: 0.062 sec
Running org.apache.camel.component.bean.BeanMethodWithMultipleParametersTest
Tests run: 3, Failures: 0, Errors: 0, Skipped: 0, Time elapsed: 0.014 sec
Running org.apache.camel.component.bean.BeanNoTypeConvertionPossibleTest
Tests run: 3, Failures: 0, Errors: 0, Skipped: 0, Time elapsed: 0.026 sec
Running org.apache.camel.component.bean.BeanNoTypeConvertionPossibleWhenHeaderTest
Tests run: 4, Failures: 0, Errors: 0, Skipped: 0, Time elapsed: 0.02 sec
Running org.apache.camel.component.bean.BeanOverloadedMethodFQNTest
Tests run: 6, Failures: 0, Errors: 0, Skipped: 0, Time elapsed: 0.032 sec
Running org.apache.camel.component.bean.BeanOverloadedMethodParameterValueTest
Tests run: 8, Failures: 0, Errors: 0, Skipped: 0, Time elapsed: 0.041 sec
Running org.apache.camel.component.bean.BeanOverloadedMethodTest
Tests run: 11, Failures: 0, Errors: 0, Skipped: 0, Time elapsed: 0.057 sec
Running org.apache.camel.component.bean.BeanParameterInfoTest
Tests run: 1, Failures: 0, Errors: 0, Skipped: 0, Time elapsed: 0.001 sec
Running org.apache.camel.component.bean.BeanParameterInvalidValueTest
Tests run: 4, Failures: 0, Errors: 0, Skipped: 0, Time elapsed: 0.027 sec
Running org.apache.camel.component.bean.BeanParameterMethodCallThreeBodyOgnlTest
Tests run: 1, Failures: 0, Errors: 0, Skipped: 0, Time elapsed: 0.01 sec
Running org.apache.camel.component.bean.BeanParameterNoBeanBindingTest
Tests run: 1, Failures: 0, Errors: 0, Skipped: 0, Time elapsed: 0.006 sec
Running org.apache.camel.component.bean.BeanParameterThreeBodyOgnlTest
Tests run: 1, Failures: 0, Errors: 0, Skipped: 0, Time elapsed: 0.069 sec
Running org.apache.camel.component.bean.BeanParameterValueOgnlTest
Tests run: 3, Failures: 0, Errors: 0, Skipped: 0, Time elapsed: 0.034 sec
Running org.apache.camel.component.bean.BeanParameterValueOverloadedTest
Tests run: 2, Failures: 0, Errors: 0, Skipped: 0, Time elapsed: 0.01 sec
Running org.apache.camel.component.bean.BeanParameterValueTest
Tests run: 8, Failures: 0, Errors: 0, Skipped: 0, Time elapsed: 0.047 sec
Running org.apache.camel.component.bean.BeanPerformanceTest
Tests run: 1, Failures: 0, Errors: 0, Skipped: 0, Time elapsed: 2.241 sec
Running org.apache.camel.component.bean.BeanPipelineTest
Tests run: 1, Failures: 0, Errors: 0, Skipped: 0, Time elapsed: 0.017 sec
Running org.apache.camel.component.bean.BeanPrivateClassWithInterfaceMethodTest
Tests run: 2, Failures: 0, Errors: 0, Skipped: 0, Time elapsed: 0.014 sec
Running org.apache.camel.component.bean.BeanPropagateHeaderTest
Tests run: 1, Failures: 0, Errors: 0, Skipped: 0, Time elapsed: 0.025 sec
Running org.apache.camel.component.bean.BeanProxyTest
[Fatal Error] :1:1: Content is not allowed in prolog.
Tests run: 14, Failures: 0, Errors: 0, Skipped: 0, Time elapsed: 2.233 sec
Running org.apache.camel.component.bean.BeanRefMethodNotFoundTest
Tests run: 1, Failures: 0, Errors: 0, Skipped: 0, Time elapsed: 0.006 sec
Running org.apache.camel.component.bean.BeanRefNotFoundTest
Tests run: 1, Failures: 0, Errors: 0, Skipped: 0, Time elapsed: 0.004 sec
Running org.apache.camel.component.bean.BeanRegistryBeanTest
Tests run: 5, Failures: 0, Errors: 0, Skipped: 0, Time elapsed: 0.009 sec
Running org.apache.camel.component.bean.BeanReturnNullTest
Tests run: 3, Failures: 0, Errors: 0, Skipped: 0, Time elapsed: 0.03 sec
Running org.apache.camel.component.bean.BeanWithAnnotationAndExchangeTest
Tests run: 1, Failures: 0, Errors: 0, Skipped: 0, Time elapsed: 0.004 sec
Running org.apache.camel.component.bean.BeanWithAnnotationInheritedTest
Tests run: 5, Failures: 0, Errors: 0, Skipped: 0, Time elapsed: 0.031 sec
Running org.apache.camel.component.bean.BeanWithAttachmentAnnotationTest
Tests run: 1, Failures: 0, Errors: 0, Skipped: 0, Time elapsed: 0.006 sec
Running org.apache.camel.component.bean.BeanWithExchangeExceptionAnnotationTest
Tests run: 1, Failures: 0, Errors: 0, Skipped: 0, Time elapsed: 0.006 sec
Running org.apache.camel.component.bean.BeanWithExchangeExceptionAnnotationWrappedExceptionTest
Tests run: 1, Failures: 0, Errors: 0, Skipped: 0, Time elapsed: 0.004 sec
Running org.apache.camel.component.bean.BeanWithExpressionInjectionTest
Tests run: 1, Failures: 0, Errors: 0, Skipped: 0, Time elapsed: 0.006 sec
Running org.apache.camel.component.bean.BeanWithHeaderTest
Tests run: 1, Failures: 0, Errors: 0, Skipped: 0, Time elapsed: 0.016 sec
Running org.apache.camel.component.bean.BeanWithHeadersAndBodyInject2Test
Tests run: 3, Failures: 0, Errors: 0, Skipped: 0, Time elapsed: 0.015 sec
Running org.apache.camel.component.bean.BeanWithHeadersAndBodyInject3Test
Tests run: 2, Failures: 0, Errors: 0, Skipped: 0, Time elapsed: 0.01 sec
Running org.apache.camel.component.bean.BeanWithHeadersAndBodyInjectionTest
Tests run: 1, Failures: 0, Errors: 0, Skipped: 0, Time elapsed: 0.005 sec
Running org.apache.camel.component.bean.BeanWithMethodHeaderTest
Tests run: 7, Failures: 0, Errors: 0, Skipped: 0, Time elapsed: 0.031 sec
Running org.apache.camel.component.bean.BeanWithPropertiesAndHeadersAndBodyInjectionTest
Tests run: 1, Failures: 0, Errors: 0, Skipped: 0, Time elapsed: 0.005 sec
Running org.apache.camel.component.bean.BeanWithPropertiesAndHeadersInjectionTest
Tests run: 1, Failures: 0, Errors: 0, Skipped: 0, Time elapsed: 0.004 sec
Running org.apache.camel.component.bean.BeanWithXPathInjectionUsingHeaderValueTest
Tests run: 1, Failures: 0, Errors: 0, Skipped: 0, Time elapsed: 0.008 sec
Running org.apache.camel.component.bean.BeanWithXPathInjectionUsingResultTypeTest
Tests run: 1, Failures: 0, Errors: 0, Skipped: 0, Time elapsed: 0.004 sec
Running org.apache.camel.component.bean.BodyAnnotationToDisambiguateMethodsTest
Tests run: 1, Failures: 0, Errors: 0, Skipped: 0, Time elapsed: 0.003 sec
Running org.apache.camel.component.bean.BridgeMethodTest
Tests run: 1, Failures: 0, Errors: 0, Skipped: 0, Time elapsed: 1.008 sec
Running org.apache.camel.component.bean.ClassComponentInvalidConfigurationTest
Tests run: 2, Failures: 0, Errors: 0, Skipped: 0, Time elapsed: 0.01 sec
Running org.apache.camel.component.bean.ClassComponentTest
Tests run: 1, Failures: 0, Errors: 0, Skipped: 0, Time elapsed: 0.004 sec
Running org.apache.camel.component.bean.ClassComponentWithPropertiesLookupSetFromEndpointTest
Tests run: 1, Failures: 0, Errors: 0, Skipped: 0, Time elapsed: 0.004 sec
Running org.apache.camel.component.bean.ClassComponentWithPropertiesSetFromEndpointTest
Tests run: 1, Failures: 0, Errors: 0, Skipped: 0, Time elapsed: 0.004 sec
Running org.apache.camel.component.bean.CustomParameterMappingStrategyTest
Tests run: 1, Failures: 0, Errors: 0, Skipped: 0, Time elapsed: 0.004 sec
Running org.apache.camel.component.bean.DefaultParameterMappingStrategyTest
Tests run: 6, Failures: 0, Errors: 0, Skipped: 0, Time elapsed: 0.041 sec
Running org.apache.camel.component.bean.ExpressionAnnotationToDisambiguateMethodsTest
Tests run: 2, Failures: 0, Errors: 0, Skipped: 0, Time elapsed: 0.007 sec
Running org.apache.camel.component.bean.FileBeanParameterBindingTest
Tests run: 1, Failures: 0, Errors: 0, Skipped: 0, Time elapsed: 4.541 sec
Running org.apache.camel.component.bean.FromBeanTest
Tests run: 1, Failures: 0, Errors: 0, Skipped: 0, Time elapsed: 1.01 sec
Running org.apache.camel.component.bean.MethodCallBeanRefMethodNotFoundTest
Tests run: 1, Failures: 0, Errors: 0, Skipped: 0, Time elapsed: 0.007 sec
Running org.apache.camel.component.bean.MethodCallBeanRefNotFoundTest
Tests run: 1, Failures: 0, Errors: 0, Skipped: 0, Time elapsed: 0.005 sec
Running org.apache.camel.component.bean.MyServiceProxyTest
Tests run: 5, Failures: 0, Errors: 0, Skipped: 0, Time elapsed: 0.02 sec
Running org.apache.camel.component.bean.NewInstanceTest
Tests run: 1, Failures: 0, Errors: 0, Skipped: 0, Time elapsed: 0.004 sec
Running org.apache.camel.component.bean.PredicateAsBeanTest
Tests run: 1, Failures: 0, Errors: 0, Skipped: 0, Time elapsed: 2.788 sec
Running org.apache.camel.component.bean.ProxyReturnFutureExceptionTest
Tests run: 1, Failures: 0, Errors: 0, Skipped: 0, Time elapsed: 2.009 sec
Running org.apache.camel.component.bean.ProxyReturnFutureListTest
Tests run: 2, Failures: 0, Errors: 0, Skipped: 0, Time elapsed: 6.019 sec
Running org.apache.camel.component.bean.ProxyReturnFutureTest
Tests run: 2, Failures: 0, Errors: 0, Skipped: 0, Time elapsed: 6.019 sec
Running org.apache.camel.component.bean.RouteMethodCallStaticTest
Tests run: 1, Failures: 0, Errors: 0, Skipped: 0, Time elapsed: 0.008 sec
Running org.apache.camel.component.bean.SendBodyToBeanDirectlyTest
Tests run: 2, Failures: 0, Errors: 0, Skipped: 0, Time elapsed: 0.009 sec
Running org.apache.camel.component.bean.issues.BeanRouteToDerivedClassTest
Tests run: 3, Failures: 0, Errors: 0, Skipped: 0, Time elapsed: 0.015 sec
Running org.apache.camel.component.bean.issues.FilterBeanLanguageNonRegistryTest
Tests run: 1, Failures: 0, Errors: 0, Skipped: 0, Time elapsed: 0.005 sec
Running org.apache.camel.component.bean.issues.FilterBeanNonRegistryTest
Tests run: 2, Failures: 0, Errors: 0, Skipped: 0, Time elapsed: 0.01 sec
Running org.apache.camel.component.bean.issues.FilterBeanRegistryTest
Tests run: 2, Failures: 0, Errors: 0, Skipped: 0, Time elapsed: 0.009 sec
Running org.apache.camel.component.bean.issues.FilterPojoIssueTest
Tests run: 2, Failures: 0, Errors: 0, Skipped: 0, Time elapsed: 0.025 sec
Running org.apache.camel.component.bean.pojomessage.PojoProxyHelperOneWayTest
Tests run: 1, Failures: 0, Errors: 0, Skipped: 0, Time elapsed: 0.006 sec
Running org.apache.camel.component.bean.pojomessage.PojoProxyHelperRequestReplyTest
Tests run: 1, Failures: 0, Errors: 0, Skipped: 0, Time elapsed: 0.005 sec
Running org.apache.camel.component.browse.BrowseEndpointTest
Tests run: 2, Failures: 0, Errors: 0, Skipped: 0, Time elapsed: 0.008 sec
Running org.apache.camel.component.browse.BrowseRouteTest
Tests run: 1, Failures: 0, Errors: 0, Skipped: 0, Time elapsed: 0.004 sec
Running org.apache.camel.component.browse.BrowseTest
Tests run: 1, Failures: 0, Errors: 0, Skipped: 0, Time elapsed: 0.004 sec
Running org.apache.camel.component.dataset.BigDataSetTest
Tests run: 1, Failures: 0, Errors: 0, Skipped: 0, Time elapsed: 0.009 sec
Running org.apache.camel.component.dataset.CustomDataSetTest
Tests run: 1, Failures: 0, Errors: 0, Skipped: 0, Time elapsed: 1.05 sec
Running org.apache.camel.component.dataset.DataSetConsumeTest
Tests run: 1, Failures: 0, Errors: 0, Skipped: 0, Time elapsed: 0.006 sec
Running org.apache.camel.component.dataset.DataSetEndpointTest
Tests run: 5, Failures: 0, Errors: 0, Skipped: 0, Time elapsed: 3.151 sec
Running org.apache.camel.component.dataset.DataSetPreloadTest
Tests run: 1, Failures: 0, Errors: 0, Skipped: 0, Time elapsed: 1.083 sec
Running org.apache.camel.component.dataset.DataSetSedaTest
Tests run: 1, Failures: 0, Errors: 0, Skipped: 0, Time elapsed: 1.656 sec
Running org.apache.camel.component.dataset.DataSetTest
Tests run: 1, Failures: 0, Errors: 0, Skipped: 0, Time elapsed: 1.07 sec
Running org.apache.camel.component.direct.DirectEndpointRouteInlinedTest
Tests run: 2, Failures: 0, Errors: 0, Skipped: 0, Time elapsed: 0.009 sec
Running org.apache.camel.component.direct.DirectEndpointTest
Tests run: 2, Failures: 0, Errors: 0, Skipped: 0, Time elapsed: 0.005 sec
Running org.apache.camel.component.direct.DirectNoMultipleConsumersTest
Tests run: 1, Failures: 0, Errors: 0, Skipped: 0, Time elapsed: 0.003 sec
Running org.apache.camel.component.direct.DirectNoToTypeTest
Tests run: 1, Failures: 0, Errors: 0, Skipped: 0, Time elapsed: 2.637 sec
Running org.apache.camel.component.direct.DirectQueueTest
Tests run: 1, Failures: 0, Errors: 0, Skipped: 0, Time elapsed: 0.006 sec
Running org.apache.camel.component.direct.DirectRouteTest
Tests run: 1, Failures: 0, Errors: 0, Skipped: 0, Time elapsed: 0.031 sec
Running org.apache.camel.component.direct.DirectShouldUseSameThreadTest
Tests run: 1, Failures: 0, Errors: 0, Skipped: 0, Time elapsed: 0.006 sec
Running org.apache.camel.component.direct.SendToNonExistingDirectEndpointTest
Tests run: 1, Failures: 0, Errors: 0, Skipped: 0, Time elapsed: 0.003 sec
Running org.apache.camel.component.direct.SendingToAlotOfDifferentDirectEndpointTest
Tests run: 1, Failures: 0, Errors: 0, Skipped: 0, Time elapsed: 0.04 sec
Running org.apache.camel.component.direct.TwoCamelContextDirectEndpointTest
Tests run: 1, Failures: 0, Errors: 0, Skipped: 0, Time elapsed: 0.049 sec
Running org.apache.camel.component.directvm.DirectVmConsumerExpressionTest
Tests run: 1, Failures: 0, Errors: 0, Skipped: 0, Time elapsed: 0.018 sec
Running org.apache.camel.component.directvm.DirectVmShouldUseSameThreadTest
Tests run: 1, Failures: 0, Errors: 0, Skipped: 0, Time elapsed: 0.005 sec
Running org.apache.camel.component.directvm.DirectVmTwoCamelContextDuplicateConsumerTest
Tests run: 1, Failures: 0, Errors: 0, Skipped: 0, Time elapsed: 0.012 sec
Running org.apache.camel.component.directvm.DirectVmTwoCamelContextTest
Tests run: 1, Failures: 0, Errors: 0, Skipped: 0, Time elapsed: 0.007 sec
Running org.apache.camel.component.file.AntPathMatcherGenericFileFilterTest
Tests run: 4, Failures: 4, Errors: 0, Skipped: 0, Time elapsed: 69.416 sec <<< FAILURE!
Running org.apache.camel.component.file.BeanToFileTest
Tests run: 1, Failures: 0, Errors: 0, Skipped: 0, Time elapsed: 3.308 sec
Running org.apache.camel.component.file.ConsumerTemplateFileShutdownTest
Tests run: 1, Failures: 0, Errors: 0, Skipped: 0, Time elapsed: 5.418 sec
Running org.apache.camel.component.file.DirectoryCreateIssueTest
Tests run: 1, Failures: 1, Errors: 0, Skipped: 0, Time elapsed: 28.057 sec <<< FAILURE!
Running org.apache.camel.component.file.FileAbsoluteAndRelativeConsumerTest
Tests run: 2, Failures: 0, Errors: 0, Skipped: 0, Time elapsed: 13.469 sec
Running org.apache.camel.component.file.FileAbsolutePathIssueTest
Tests run: 1, Failures: 0, Errors: 0, Skipped: 0, Time elapsed: 5.682 sec
Running org.apache.camel.component.file.FileBatchConsumerMemoryLeakTest
Tests run: 1, Failures: 0, Errors: 0, Skipped: 0, Time elapsed: 1.529 sec
Running org.apache.camel.component.file.FileBeginFailureOneTimeTest
Tests run: 1, Failures: 0, Errors: 0, Skipped: 0, Time elapsed: 1.949 sec
Running org.apache.camel.component.file.FileBrowsableEndpointTest
Tests run: 4, Failures: 0, Errors: 0, Skipped: 0, Time elapsed: 27.766 sec
Running org.apache.camel.component.file.FileConcurrentWriteAppendSameFileTest
Tests run: 1, Failures: 1, Errors: 0, Skipped: 0, Time elapsed: 41.433 sec <<< FAILURE!
Running org.apache.camel.component.file.FileConfigureTest
Tests run: 3, Failures: 0, Errors: 0, Skipped: 0, Time elapsed: 0.011 sec
Running org.apache.camel.component.file.FileConsumeAlterFileNameHeaderIssueTest
Tests run: 4, Failures: 0, Errors: 0, Skipped: 0, Time elapsed: 34.338 sec
Running org.apache.camel.component.file.FileConsumeAsyncTest
Tests run: 1, Failures: 0, Errors: 0, Skipped: 0, Time elapsed: 18.819 sec
Running org.apache.camel.component.file.FileConsumeCharsetTest
Tests run: 1, Failures: 0, Errors: 0, Skipped: 0, Time elapsed: 5.61 sec
Running org.apache.camel.component.file.FileConsumeFilesAndDeleteTest
Tests run: 1, Failures: 1, Errors: 0, Skipped: 0, Time elapsed: 11.506 sec <<< FAILURE!
Running org.apache.camel.component.file.FileConsumeMaxMessagesPerPollTest
Tests run: 1, Failures: 0, Errors: 0, Skipped: 0, Time elapsed: 8.019 sec
Running org.apache.camel.component.file.FileConsumeMoveRelativeNameTest
Tests run: 1, Failures: 1, Errors: 0, Skipped: 0, Time elapsed: 27.961 sec <<< FAILURE!
Running org.apache.camel.component.file.FileConsumeMultipleDirectoriesTest
Tests run: 1, Failures: 1, Errors: 0, Skipped: 0, Time elapsed: 24.835 sec <<< FAILURE!
Running org.apache.camel.component.file.FileConsumeNoopIdempotentAutoTest
Tests run: 1, Failures: 0, Errors: 0, Skipped: 0, Time elapsed: 4.858 sec
Running org.apache.camel.component.file.FileConsumeNoopIdempotentDisabledTest
Tests run: 1, Failures: 0, Errors: 0, Skipped: 0, Time elapsed: 6.109 sec
Running org.apache.camel.component.file.FileConsumeNoopIdempotentEnabledTest
Tests run: 1, Failures: 0, Errors: 0, Skipped: 0, Time elapsed: 5.77 sec
Running org.apache.camel.component.file.FileConsumeNotEagerMaxMessagesPerPollTest
Tests run: 1, Failures: 1, Errors: 0, Skipped: 0, Time elapsed: 21.265 sec <<< FAILURE!
Running org.apache.camel.component.file.FileConsumePollEnrichFileTest
Tests run: 1, Failures: 0, Errors: 0, Skipped: 0, Time elapsed: 3.254 sec
Running org.apache.camel.component.file.FileConsumePollEnrichFileUsingProcessorTest
Tests run: 1, Failures: 0, Errors: 0, Skipped: 0, Time elapsed: 2.681 sec
Running org.apache.camel.component.file.FileConsumeRootDirManualTest
Tests run: 1, Failures: 0, Errors: 0, Skipped: 0, Time elapsed: 0.008 sec
Running org.apache.camel.component.file.FileConsumeRunLoggingLevelTest
Tests run: 1, Failures: 0, Errors: 0, Skipped: 0, Time elapsed: 2.173 sec
Running org.apache.camel.component.file.FileConsumeSimpleAbsoluteMoveToAbsoluteTest
Tests run: 1, Failures: 0, Errors: 0, Skipped: 0, Time elapsed: 1.062 sec
Running org.apache.camel.component.file.FileConsumeSimpleAbsoluteMoveToRelativeTest
Tests run: 1, Failures: 0, Errors: 0, Skipped: 0, Time elapsed: 2.206 sec
Running org.apache.camel.component.file.FileConsumeSimpleRelativeMoveToAbsoluteTest
Tests run: 1, Failures: 0, Errors: 0, Skipped: 0, Time elapsed: 9.56 sec
Running org.apache.camel.component.file.FileConsumeSimpleRelativeMoveToRelativeTest
Tests run: 1, Failures: 0, Errors: 0, Skipped: 0, Time elapsed: 12.716 sec
Running org.apache.camel.component.file.FileConsumeSingleDirectoryOnlyTest
Tests run: 1, Failures: 1, Errors: 0, Skipped: 0, Time elapsed: 17.859 sec <<< FAILURE!
Running org.apache.camel.component.file.FileConsumeTemplateTest
Tests run: 1, Failures: 0, Errors: 0, Skipped: 0, Time elapsed: 11.181 sec
Running org.apache.camel.component.file.FileConsumeWithDollarInPathTest
Tests run: 1, Failures: 0, Errors: 0, Skipped: 0, Time elapsed: 3.304 sec
Running org.apache.camel.component.file.FileConsumerAbsolutePathDefaultMoveTest
Tests run: 1, Failures: 0, Errors: 0, Skipped: 0, Time elapsed: 1.409 sec
Running org.apache.camel.component.file.FileConsumerAbsolutePathTest
Tests run: 1, Failures: 0, Errors: 0, Skipped: 0, Time elapsed: 1.009 sec
Running org.apache.camel.component.file.FileConsumerAbsolutePathWithAbsoluteMoveTest
Tests run: 1, Failures: 0, Errors: 0, Skipped: 0, Time elapsed: 1.123 sec
Running org.apache.camel.component.file.FileConsumerAbsolutePathWithRelativeMoveTest
Tests run: 1, Failures: 0, Errors: 0, Skipped: 0, Time elapsed: 1.179 sec
Running org.apache.camel.component.file.FileConsumerAbsoluteRootPathDefaultMoveTest
Tests run: 1, Failures: 0, Errors: 0, Skipped: 0, Time elapsed: 0.008 sec
Running org.apache.camel.component.file.FileConsumerAutoCreateDirectoryTest
Tests run: 5, Failures: 0, Errors: 0, Skipped: 0, Time elapsed: 0.022 sec
Running org.apache.camel.component.file.FileConsumerBatchTest
Tests run: 1, Failures: 0, Errors: 0, Skipped: 0, Time elapsed: 2.009 sec
Running org.apache.camel.component.file.FileConsumerBeginAndCommitExpressionRenameStrategyTest
Tests run: 2, Failures: 0, Errors: 0, Skipped: 0, Time elapsed: 1.087 sec
Running org.apache.camel.component.file.FileConsumerBeginAndCommitRenameStrategyTest
Tests run: 2, Failures: 0, Errors: 0, Skipped: 0, Time elapsed: 1.072 sec
Running org.apache.camel.component.file.FileConsumerBeginExpressionRenameStrategyTest
Tests run: 2, Failures: 0, Errors: 0, Skipped: 0, Time elapsed: 13.94 sec
Running org.apache.camel.component.file.FileConsumerBeginRenameStrategyTest
Tests run: 2, Failures: 0, Errors: 0, Skipped: 0, Time elapsed: 20.639 sec
Running org.apache.camel.component.file.FileConsumerBridgeRouteExceptionHandlerTest
Tests run: 1, Failures: 0, Errors: 0, Skipped: 0, Time elapsed: 14.704 sec
Running org.apache.camel.component.file.FileConsumerCommitRenameAbsolutePathStrategyTest
Tests run: 1, Failures: 0, Errors: 0, Skipped: 0, Time elapsed: 14.606 sec
Running org.apache.camel.component.file.FileConsumerCommitRenameStrategyTest
Tests run: 2, Failures: 1, Errors: 0, Skipped: 0, Time elapsed: 16.067 sec <<< FAILURE!
Running org.apache.camel.component.file.FileConsumerCustomExceptionHandlerTest
Tests run: 1, Failures: 0, Errors: 0, Skipped: 0, Time elapsed: 2.315 sec
Running org.apache.camel.component.file.FileConsumerDeleteAndFailureTest
Tests run: 1, Failures: 0, Errors: 0, Skipped: 0, Time elapsed: 1.138 sec
Running org.apache.camel.component.file.FileConsumerDeleteAndMoveFailedTest
Tests run: 1, Failures: 0, Errors: 0, Skipped: 0, Time elapsed: 1.062 sec
Running org.apache.camel.component.file.FileConsumerDirectoryFilterTest
Tests run: 1, Failures: 0, Errors: 0, Skipped: 0, Time elapsed: 1.051 sec
Running org.apache.camel.component.file.FileConsumerDirectoryNotMatchedTest
Tests run: 1, Failures: 0, Errors: 0, Skipped: 0, Time elapsed: 1.009 sec
Running org.apache.camel.component.file.FileConsumerExcludeNameTest
Tests run: 1, Failures: 0, Errors: 0, Skipped: 0, Time elapsed: 1.011 sec
Running org.apache.camel.component.file.FileConsumerFailureHandledTest
Tests run: 4, Failures: 0, Errors: 0, Skipped: 0, Time elapsed: 4.301 sec
Running org.apache.camel.component.file.FileConsumerFileExpressionTest
Tests run: 2, Failures: 0, Errors: 0, Skipped: 0, Time elapsed: 2.542 sec
Running org.apache.camel.component.file.FileConsumerFileFilterTest
Tests run: 2, Failures: 0, Errors: 0, Skipped: 0, Time elapsed: 2.61 sec
Running org.apache.camel.component.file.FileConsumerIdempotentRefTest
Tests run: 1, Failures: 0, Errors: 0, Skipped: 0, Time elapsed: 1.114 sec
Running org.apache.camel.component.file.FileConsumerIdempotentTest
Tests run: 1, Failures: 0, Errors: 0, Skipped: 0, Time elapsed: 1.11 sec
Running org.apache.camel.component.file.FileConsumerIdleMessageTest
Tests run: 1, Failures: 0, Errors: 0, Skipped: 0, Time elapsed: 1.057 sec
Running org.apache.camel.component.file.FileConsumerIncludeAndExcludeNameTest
Tests run: 1, Failures: 0, Errors: 0, Skipped: 0, Time elapsed: 17.963 sec
Running org.apache.camel.component.file.FileConsumerIncludeNameTest
Tests run: 1, Failures: 0, Errors: 0, Skipped: 0, Time elapsed: 37.445 sec
Running org.apache.camel.component.file.FileConsumerInterceptEmptyFileTest
Tests run: 1, Failures: 0, Errors: 0, Skipped: 0, Time elapsed: 41.784 sec
Running org.apache.camel.component.file.FileConsumerMoveAndMoveFailureTest
Tests run: 1, Failures: 0, Errors: 0, Skipped: 0, Time elapsed: 19.64 sec
Running org.apache.camel.component.file.FileConsumerMoveExpressionTest
Tests run: 5, Failures: 0, Errors: 0, Skipped: 0, Time elapsed: 23.544 sec
Running org.apache.camel.component.file.FileConsumerMoveFailureOnCompletionTest
Tests run: 2, Failures: 0, Errors: 0, Skipped: 0, Time elapsed: 34.741 sec
Running org.apache.camel.component.file.FileConsumerMoveFailureTest
Tests run: 1, Failures: 0, Errors: 0, Skipped: 0, Time elapsed: 11.382 sec
Running org.apache.camel.component.file.FileConsumerNoopTest
Tests run: 1, Failures: 0, Errors: 0, Skipped: 0, Time elapsed: 15.886 sec
Running org.apache.camel.component.file.FileConsumerPollStrategyNotBeginTest
Tests run: 1, Failures: 0, Errors: 0, Skipped: 0, Time elapsed: 3.878 sec
Running org.apache.camel.component.file.FileConsumerPollStrategyPolledMessagesTest
Tests run: 1, Failures: 0, Errors: 0, Skipped: 0, Time elapsed: 10.541 sec
Running org.apache.camel.component.file.FileConsumerPollStrategyRollbackThrowExceptionTest
Tests run: 1, Failures: 0, Errors: 0, Skipped: 0, Time elapsed: 3.809 sec
Running org.apache.camel.component.file.FileConsumerPollStrategyStopOnRollbackTest
Tests run: 1, Failures: 0, Errors: 0, Skipped: 0, Time elapsed: 9.647 sec
Running org.apache.camel.component.file.FileConsumerPollStrategyTest
Tests run: 1, Failures: 0, Errors: 0, Skipped: 0, Time elapsed: 4.437 sec
Running org.apache.camel.component.file.FileConsumerPreMoveCopyAndDeleteOnRenameFailFalseTest
Tests run: 2, Failures: 0, Errors: 0, Skipped: 0, Time elapsed: 17.381 sec
Running org.apache.camel.component.file.FileConsumerPreMoveDeleteTest
Tests run: 2, Failures: 0, Errors: 0, Skipped: 0, Time elapsed: 18.881 sec
Running org.apache.camel.component.file.FileConsumerPreMoveIssueTest
Tests run: 1, Failures: 0, Errors: 0, Skipped: 0, Time elapsed: 13.064 sec
Running org.apache.camel.component.file.FileConsumerPreMoveNoopTest
Tests run: 2, Failures: 0, Errors: 0, Skipped: 0, Time elapsed: 23.806 sec
Running org.apache.camel.component.file.FileConsumerPreMoveTest
Tests run: 2, Failures: 0, Errors: 0, Skipped: 0, Time elapsed: 17.719 sec
Running org.apache.camel.component.file.FileConsumerProducerRouteTest
Tests run: 1, Failures: 0, Errors: 0, Skipped: 0, Time elapsed: 23.187 sec
Running org.apache.camel.component.file.FileConsumerRelativeFileNameTest
Tests run: 1, Failures: 1, Errors: 0, Skipped: 0, Time elapsed: 10.144 sec <<< FAILURE!
Running org.apache.camel.component.file.FileConsumerSharedThreadPollStopRouteTest
Tests run: 1, Failures: 0, Errors: 0, Skipped: 0, Time elapsed: 27.612 sec
Running org.apache.camel.component.file.FileConsumerSharedThreadPollTest
Tests run: 1, Failures: 0, Errors: 0, Skipped: 0, Time elapsed: 16.528 sec
Running org.apache.camel.component.file.FileConsumerSkipDotFilesTest
Tests run: 2, Failures: 0, Errors: 0, Skipped: 0, Time elapsed: 23.564 sec
Running org.apache.camel.component.file.FileConsumerSuspendAndResumeTest
Tests run: 1, Failures: 0, Errors: 0, Skipped: 0, Time elapsed: 8.159 sec
Running org.apache.camel.component.file.FileConsumerSuspendTest
Tests run: 1, Failures: 0, Errors: 0, Skipped: 0, Time elapsed: 11.664 sec
Running org.apache.camel.component.file.FileConsumerTemplateTest
Tests run: 1, Failures: 0, Errors: 0, Skipped: 0, Time elapsed: 3.906 sec
Running org.apache.camel.component.file.FileContentBasedRouterTest
Tests run: 3, Failures: 0, Errors: 0, Skipped: 0, Time elapsed: 53.29 sec
Running org.apache.camel.component.file.FileConvertBodyToUTF8Test
Tests run: 1, Failures: 0, Errors: 0, Skipped: 0, Time elapsed: 11.219 sec
Running org.apache.camel.component.file.FileEagerDeleteTargetFileTest
Tests run: 3, Failures: 0, Errors: 0, Skipped: 0, Time elapsed: 0.786 sec
Running org.apache.camel.component.file.FileExclusiveReadManuelTest
Tests run: 1, Failures: 0, Errors: 0, Skipped: 0, Time elapsed: 0.11 sec
Running org.apache.camel.component.file.FileExclusiveReadNoneStrategyTest
Tests run: 1, Failures: 0, Errors: 0, Skipped: 0, Time elapsed: 4.02 sec
Running org.apache.camel.component.file.FileHeaderFileNameProducedTest
Tests run: 1, Failures: 0, Errors: 0, Skipped: 0, Time elapsed: 0.118 sec
Running org.apache.camel.component.file.FileIdempotentReadSameFileAgainTest
Tests run: 1, Failures: 0, Errors: 0, Skipped: 0, Time elapsed: 1.696 sec
Running org.apache.camel.component.file.FileInvalidStartingPathTest
Tests run: 2, Failures: 0, Errors: 0, Skipped: 0, Time elapsed: 0.007 sec
Running org.apache.camel.component.file.FileKeepLastModifiedTest
Tests run: 3, Failures: 2, Errors: 0, Skipped: 0, Time elapsed: 60.327 sec <<< FAILURE!
Running org.apache.camel.component.file.FileLanguageCBRTest
Tests run: 3, Failures: 0, Errors: 0, Skipped: 0, Time elapsed: 13.971 sec
Running org.apache.camel.component.file.FileMEPInOutTest
Tests run: 1, Failures: 0, Errors: 0, Skipped: 0, Time elapsed: 3.427 sec
Running org.apache.camel.component.file.FileMarkerFileDeleteOldLockFilesTest
Tests run: 1, Failures: 0, Errors: 0, Skipped: 0, Time elapsed: 11.266 sec
Running org.apache.camel.component.file.FileMarkerFileRecursiveDeleteOldLockFilesTest
Tests run: 1, Failures: 0, Errors: 0, Skipped: 0, Time elapsed: 19.89 sec
Running org.apache.camel.component.file.FileMoveErrorOnExceptionNotHandledTest
Tests run: 1, Failures: 0, Errors: 0, Skipped: 0, Time elapsed: 3.396 sec
Running org.apache.camel.component.file.FileNoOpLockFileTest
Tests run: 2, Failures: 0, Errors: 0, Skipped: 0, Time elapsed: 11.547 sec
Running org.apache.camel.component.file.FilePollEnrichNoWaitTest
Tests run: 1, Failures: 0, Errors: 0, Skipped: 0, Time elapsed: 9.755 sec
Running org.apache.camel.component.file.FilePollEnrichTest
Tests run: 1, Failures: 0, Errors: 0, Skipped: 0, Time elapsed: 9.971 sec
Running org.apache.camel.component.file.FilePollingConsumerTest
Tests run: 1, Failures: 0, Errors: 0, Skipped: 0, Time elapsed: 8.757 sec
Running org.apache.camel.component.file.FileProduceAppendTest
Tests run: 1, Failures: 0, Errors: 0, Skipped: 0, Time elapsed: 0.057 sec
Running org.apache.camel.component.file.FileProduceGeneratedFileNameTest
Tests run: 1, Failures: 0, Errors: 0, Skipped: 0, Time elapsed: 0.068 sec
Running org.apache.camel.component.file.FileProduceTempFileNameTest
Tests run: 3, Failures: 0, Errors: 0, Skipped: 0, Time elapsed: 0.087 sec
Running org.apache.camel.component.file.FileProduceTempPrefixTest
Tests run: 5, Failures: 0, Errors: 0, Skipped: 0, Time elapsed: 0.084 sec
Running org.apache.camel.component.file.FileProducerAllowNullBodyFileAlreadyExistsTest
Tests run: 2, Failures: 0, Errors: 0, Skipped: 0, Time elapsed: 0.104 sec
Running org.apache.camel.component.file.FileProducerAllowNullBodyTest
Tests run: 2, Failures: 0, Errors: 0, Skipped: 0, Time elapsed: 0.009 sec
Running org.apache.camel.component.file.FileProducerCharsetUTFOptimizedTest
Tests run: 1, Failures: 0, Errors: 0, Skipped: 0, Time elapsed: 1.058 sec
Running org.apache.camel.component.file.FileProducerCharsetUTFtoISOConfiguredTest
Tests run: 1, Failures: 0, Errors: 0, Skipped: 0, Time elapsed: 1.017 sec
Running org.apache.camel.component.file.FileProducerCharsetUTFtoISOConvertBodyToTest
Tests run: 1, Failures: 0, Errors: 0, Skipped: 0, Time elapsed: 1.061 sec
Running org.apache.camel.component.file.FileProducerCharsetUTFtoISOTest
Tests run: 1, Failures: 0, Errors: 0, Skipped: 0, Time elapsed: 1.012 sec
Running org.apache.camel.component.file.FileProducerCharsetUTFtoUTFTest
Tests run: 1, Failures: 0, Errors: 0, Skipped: 0, Time elapsed: 1.042 sec
Running org.apache.camel.component.file.FileProducerExpressionTest
Tests run: 7, Failures: 0, Errors: 0, Skipped: 0, Time elapsed: 0.196 sec
Running org.apache.camel.component.file.FileProducerFileExistAppendNoFileBeforeTest
Tests run: 1, Failures: 0, Errors: 0, Skipped: 0, Time elapsed: 1.008 sec
Running org.apache.camel.component.file.FileProducerFileExistAppendTest
Tests run: 1, Failures: 0, Errors: 0, Skipped: 0, Time elapsed: 1.008 sec
Running org.apache.camel.component.file.FileProducerFileExistFailTest
Tests run: 1, Failures: 0, Errors: 0, Skipped: 0, Time elapsed: 1.008 sec
Running org.apache.camel.component.file.FileProducerFileExistIgnoreTest
Tests run: 1, Failures: 0, Errors: 0, Skipped: 0, Time elapsed: 1.007 sec
Running org.apache.camel.component.file.FileProducerFileExistOverrideNoFileBeforeTest
Tests run: 1, Failures: 0, Errors: 0, Skipped: 0, Time elapsed: 1.008 sec
Running org.apache.camel.component.file.FileProducerFileExistOverrideTest
Tests run: 1, Failures: 1, Errors: 0, Skipped: 0, Time elapsed: 1.466 sec <<< FAILURE!
Running org.apache.camel.component.file.FileProducerFilenameConstantTest
Tests run: 1, Failures: 0, Errors: 0, Skipped: 0, Time elapsed: 0.031 sec
Running org.apache.camel.component.file.FileProducerMoveExistingTest
Tests run: 5, Failures: 0, Errors: 0, Skipped: 0, Time elapsed: 41.333 sec
Running org.apache.camel.component.file.FileProducerTempFileExistsIssueTest
Tests run: 6, Failures: 0, Errors: 0, Skipped: 0, Time elapsed: 44.876 sec
Running org.apache.camel.component.file.FileRecursiveDepthTest
Tests run: 3, Failures: 0, Errors: 0, Skipped: 0, Time elapsed: 96.53 sec
Running org.apache.camel.component.file.FileRecursiveNoopTest
Tests run: 1, Failures: 0, Errors: 0, Skipped: 0, Time elapsed: 14.492 sec
Running org.apache.camel.component.file.FileRenameFileOnCommitIssueTest
Tests run: 1, Failures: 0, Errors: 0, Skipped: 0, Time elapsed: 1.06 sec
Running org.apache.camel.component.file.FileRenameReadLockMustUseMarkerFileTest
Tests run: 1, Failures: 0, Errors: 0, Skipped: 0, Time elapsed: 1.371 sec
Running org.apache.camel.component.file.FileRouteOnDosWithNoVolTest
Tests run: 3, Failures: 0, Errors: 0, Skipped: 0, Time elapsed: 3.367 sec
Running org.apache.camel.component.file.FileSortByExpressionTest
Tests run: 2, Failures: 0, Errors: 0, Skipped: 0, Time elapsed: 18.013 sec
Running org.apache.camel.component.file.FileSortByIgnoreCaseExpressionTest
Tests run: 3, Failures: 0, Errors: 0, Skipped: 0, Time elapsed: 3.383 sec
Running org.apache.camel.component.file.FileSortByNestedExpressionTest
Tests run: 2, Failures: 0, Errors: 0, Skipped: 0, Time elapsed: 3.701 sec
Running org.apache.camel.component.file.FileSorterRefTest
Tests run: 1, Failures: 0, Errors: 0, Skipped: 0, Time elapsed: 1.195 sec
Running org.apache.camel.component.file.FileToFileNioLowBufferTest
Tests run: 1, Failures: 0, Errors: 0, Skipped: 0, Time elapsed: 2.039 sec
Running org.apache.camel.component.file.FileToFileWithFlattenTest
Tests run: 2, Failures: 2, Errors: 0, Skipped: 0, Time elapsed: 54.115 sec <<< FAILURE!
Running org.apache.camel.component.file.FilerConsumerDoneFileNameDeleteTest
Tests run: 1, Failures: 0, Errors: 0, Skipped: 0, Time elapsed: 16.714 sec
Running org.apache.camel.component.file.FilerConsumerDoneFileNamePrefixTest
Tests run: 1, Failures: 0, Errors: 0, Skipped: 0, Time elapsed: 5.034 sec
Running org.apache.camel.component.file.FilerConsumerDoneFileNameSimplePrefixTest
Tests run: 1, Failures: 0, Errors: 0, Skipped: 0, Time elapsed: 5.142 sec
Running org.apache.camel.component.file.FilerConsumerDoneFileNameSuffixTest
Tests run: 1, Failures: 0, Errors: 0, Skipped: 0, Time elapsed: 3.098 sec
Running org.apache.camel.component.file.FilerConsumerDoneFileNameTest
Tests run: 1, Failures: 0, Errors: 0, Skipped: 0, Time elapsed: 0.359 sec
Running org.apache.camel.component.file.FilerConsumerDoneFileNoopTest
Tests run: 1, Failures: 0, Errors: 0, Skipped: 0, Time elapsed: 1.008 sec
Running org.apache.camel.component.file.FilerConsumerDualDoneFileNameTest
Tests run: 2, Failures: 0, Errors: 0, Skipped: 0, Time elapsed: 0.38 sec
Running org.apache.camel.component.file.FilerConsumerPreMoveDoneFileNameTest
Tests run: 1, Failures: 0, Errors: 0, Skipped: 0, Time elapsed: 0.347 sec
Running org.apache.camel.component.file.FilerConsumerShouldSkipDoneFilePrefixTest
Tests run: 1, Failures: 0, Errors: 0, Skipped: 0, Time elapsed: 0.39 sec
Running org.apache.camel.component.file.FilerConsumerShouldSkipDoneFileSuffixTest
Tests run: 1, Failures: 0, Errors: 0, Skipped: 0, Time elapsed: 0.322 sec
Running org.apache.camel.component.file.FilerConsumerShouldSkipDoneFileTest
Tests run: 1, Failures: 0, Errors: 0, Skipped: 0, Time elapsed: 0.359 sec
Running org.apache.camel.component.file.FilerProducerAbsoluteTest
Tests run: 1, Failures: 0, Errors: 0, Skipped: 0, Time elapsed: 0.069 sec
Running org.apache.camel.component.file.FilerProducerDoneFileNameTest
Tests run: 6, Failures: 0, Errors: 0, Skipped: 0, Time elapsed: 0.711 sec
Running org.apache.camel.component.file.FilerProducerFileNamesTest
Tests run: 2, Failures: 0, Errors: 0, Skipped: 0, Time elapsed: 0.335 sec
Running org.apache.camel.component.file.FromFileDoNotDeleteFileIfProcessFailsTest
Tests run: 1, Failures: 0, Errors: 0, Skipped: 0, Time elapsed: 1.008 sec
Running org.apache.camel.component.file.FromFileDoNotMoveFileIfProcessFailsTest
Tests run: 1, Failures: 0, Errors: 0, Skipped: 0, Time elapsed: 1.008 sec
Running org.apache.camel.component.file.FromFileMoveDoneCustomHeaderTest
Tests run: 1, Failures: 0, Errors: 0, Skipped: 0, Time elapsed: 1.058 sec
Running org.apache.camel.component.file.FromFileMoveFileIfProcessFailsTest
Tests run: 1, Failures: 0, Errors: 0, Skipped: 0, Time elapsed: 1.059 sec
Running org.apache.camel.component.file.FromFileMulticastToFilesTest
Tests run: 2, Failures: 1, Errors: 0, Skipped: 0, Time elapsed: 21.549 sec <<< FAILURE!
Running org.apache.camel.component.file.FromFilePollThirdTimeOkTest
Tests run: 1, Failures: 1, Errors: 0, Skipped: 0, Time elapsed: 5.166 sec <<< FAILURE!
Running org.apache.camel.component.file.GenericFileConverterTest
Tests run: 6, Failures: 0, Errors: 0, Skipped: 0, Time elapsed: 48.199 sec
Running org.apache.camel.component.file.NewFileConsumeTest
Tests run: 1, Failures: 0, Errors: 0, Skipped: 0, Time elapsed: 5.407 sec
Running org.apache.camel.component.file.NewFileConsumerTest
Tests run: 1, Failures: 0, Errors: 0, Skipped: 0, Time elapsed: 3.327 sec
Running org.apache.camel.component.file.NewFileProduceTest
Tests run: 1, Failures: 0, Errors: 0, Skipped: 0, Time elapsed: 2.77 sec
Running org.apache.camel.component.file.ToFileRouteTest
Tests run: 1, Failures: 0, Errors: 0, Skipped: 0, Time elapsed: 3.048 sec
Running org.apache.camel.component.file.XPathToFileTest
Tests run: 1, Failures: 0, Errors: 0, Skipped: 0, Time elapsed: 6.193 sec
Running org.apache.camel.component.file.strategy.FileChangedReadLockTest
Tests run: 1, Failures: 0, Errors: 0, Skipped: 0, Time elapsed: 11.066 sec
Running org.apache.camel.component.file.strategy.FileChangedReadLockTimeoutTest
Tests run: 1, Failures: 0, Errors: 0, Skipped: 0, Time elapsed: 9.202 sec
Running org.apache.camel.component.file.strategy.FileChangedZeroLengthReadLockTest
Tests run: 1, Failures: 0, Errors: 0, Skipped: 0, Time elapsed: 4.08 sec
Running org.apache.camel.component.file.strategy.GenericFileDeleteProcessStrategyTest
Tests run: 2, Failures: 0, Errors: 0, Skipped: 0, Time elapsed: 4.008 sec
Running org.apache.camel.component.file.strategy.MarkerFileExclusiveReadLockStrategyTest
Tests run: 1, Failures: 0, Errors: 0, Skipped: 0, Time elapsed: 8.821 sec
Running org.apache.camel.component.file.stress.FileAsyncStressReadLockLockFileTest
Tests run: 1, Failures: 0, Errors: 0, Skipped: 0, Time elapsed: 155.223 sec
Running org.apache.camel.component.file.stress.FileAsyncStressReadLockNoneTest
Tests run: 1, Failures: 0, Errors: 0, Skipped: 0, Time elapsed: 7.723 sec
Running org.apache.camel.component.file.stress.FileAsyncStressReadLockRenameTest
Tests run: 1, Failures: 0, Errors: 0, Skipped: 0, Time elapsed: 346.122 sec
Running org.apache.camel.component.file.stress.FileAsyncStressTest
Tests run: 1, Failures: 0, Errors: 0, Skipped: 0, Time elapsed: 65.372 sec
Running org.apache.camel.component.file.stress.FileConsumerPollManyFilesTest
Tests run: 1, Failures: 1, Errors: 0, Skipped: 0, Time elapsed: 307.479 sec <<< FAILURE!
Running org.apache.camel.component.language.LanguageEndpointScriptRouteTest
Tests run: 1, Failures: 0, Errors: 0, Skipped: 0, Time elapsed: 0.01 sec
Running org.apache.camel.component.language.LanguageHeaderRouteTest
Tests run: 1, Failures: 0, Errors: 0, Skipped: 0, Time elapsed: 0.006 sec
Running org.apache.camel.component.language.LanguageLoadScriptFromClasspathHeaderTest
Tests run: 1, Failures: 0, Errors: 0, Skipped: 0, Time elapsed: 0.006 sec
Running org.apache.camel.component.language.LanguageLoadScriptFromClasspathTest
Tests run: 1, Failures: 0, Errors: 0, Skipped: 0, Time elapsed: 0.006 sec
Running org.apache.camel.component.language.LanguageLoadScriptFromFileCachedTest
Tests run: 1, Failures: 0, Errors: 0, Skipped: 0, Time elapsed: 5.244 sec
Running org.apache.camel.component.language.LanguageLoadScriptFromFileUpdateTest
Tests run: 1, Failures: 0, Errors: 0, Skipped: 0, Time elapsed: 7.013 sec
Running org.apache.camel.component.language.LanguageRouteConvertBodyTest
Tests run: 1, Failures: 0, Errors: 0, Skipped: 0, Time elapsed: 0.009 sec
Running org.apache.camel.component.language.LanguageRouteNoTransformTest
Tests run: 1, Failures: 0, Errors: 0, Skipped: 0, Time elapsed: 0.005 sec
Running org.apache.camel.component.language.LanguageRouteTest
Tests run: 1, Failures: 0, Errors: 0, Skipped: 0, Time elapsed: 0.004 sec
Running org.apache.camel.component.language.LanguageScriptInHeaderRouteTakePrecedenceTest
Tests run: 2, Failures: 0, Errors: 0, Skipped: 0, Time elapsed: 0.023 sec
Running org.apache.camel.component.language.LanguageScriptInHeaderRouteTest
Tests run: 1, Failures: 0, Errors: 0, Skipped: 0, Time elapsed: 0.003 sec
Running org.apache.camel.component.language.LanguageScriptRouteTest
Tests run: 1, Failures: 0, Errors: 0, Skipped: 0, Time elapsed: 0.004 sec
Running org.apache.camel.component.language.LanguageXPathRouteTest
Tests run: 1, Failures: 0, Errors: 0, Skipped: 0, Time elapsed: 0.006 sec
Running org.apache.camel.component.log.LogEndpointTest
Tests run: 1, Failures: 0, Errors: 0, Skipped: 0, Time elapsed: 0.004 sec
Running org.apache.camel.component.log.LogFormatterTest
Tests run: 14, Failures: 0, Errors: 0, Skipped: 0, Time elapsed: 0.024 sec
Running org.apache.camel.component.log.LogInputStreamTest
Tests run: 4, Failures: 0, Errors: 0, Skipped: 0, Time elapsed: 0.017 sec
Running org.apache.camel.component.log.LogRouteTest
Tests run: 4, Failures: 0, Errors: 0, Skipped: 0, Time elapsed: 0.006 sec
Running org.apache.camel.component.log.ThroughputLoggerTest
Tests run: 2, Failures: 0, Errors: 0, Skipped: 0, Time elapsed: 1.439 sec
Running org.apache.camel.component.mock.MockAsBeanTest
Tests run: 3, Failures: 0, Errors: 0, Skipped: 0, Time elapsed: 0.115 sec
Running org.apache.camel.component.mock.MockAssertionClauseTest
Tests run: 2, Failures: 0, Errors: 0, Skipped: 0, Time elapsed: 0.005 sec
Running org.apache.camel.component.mock.MockEndpointTest
Tests run: 69, Failures: 0, Errors: 0, Skipped: 0, Time elapsed: 4.152 sec
Running org.apache.camel.component.mock.MockEndpointTimeClauseTest
Exception in thread "pool-771-thread-1" java.lang.IllegalStateException: ProducerTemplate has not been started
	at org.apache.camel.impl.DefaultProducerTemplate.getProducerCache(DefaultProducerTemplate.java:675)
	at org.apache.camel.impl.DefaultProducerTemplate.send(DefaultProducerTemplate.java:111)
	at org.apache.camel.impl.DefaultProducerTemplate.sendBody(DefaultProducerTemplate.java:124)
	at org.apache.camel.impl.DefaultProducerTemplate.sendBody(DefaultProducerTemplate.java:131)
	at org.apache.camel.component.mock.MockEndpointTimeClauseTest$2.run(MockEndpointTimeClauseTest.java:109)
	at java.util.concurrent.ThreadPoolExecutor.runWorker(ThreadPoolExecutor.java:1149)
	at java.util.concurrent.ThreadPoolExecutor$Worker.run(ThreadPoolExecutor.java:624)
	at java.lang.Thread.run(Thread.java:748)
Tests run: 11, Failures: 0, Errors: 0, Skipped: 0, Time elapsed: 7.805 sec
Running org.apache.camel.component.mock.MockEndpointWithParametersTest
Tests run: 1, Failures: 0, Errors: 0, Skipped: 0, Time elapsed: 0.006 sec
Running org.apache.camel.component.mock.MockExpectedBodiesAsListTest
Tests run: 3, Failures: 0, Errors: 0, Skipped: 0, Time elapsed: 0.009 sec
Running org.apache.camel.component.mock.MockPredicateTest
Tests run: 3, Failures: 0, Errors: 0, Skipped: 0, Time elapsed: 0.008 sec
Running org.apache.camel.component.mock.MockThroughtputTest
Tests run: 1, Failures: 0, Errors: 0, Skipped: 0, Time elapsed: 0.003 sec
Running org.apache.camel.component.mock.MockXpathTest
Tests run: 1, Failures: 0, Errors: 0, Skipped: 0, Time elapsed: 0.004 sec
Running org.apache.camel.component.pojo.PojoRouteTest
Tests run: 1, Failures: 0, Errors: 0, Skipped: 0, Time elapsed: 0.021 sec
Running org.apache.camel.component.properties.OptionalPropertiesDslInvalidSyntaxTest
Tests run: 2, Failures: 0, Errors: 0, Skipped: 0, Time elapsed: 0.005 sec
Running org.apache.camel.component.properties.OptionalPropertiesDslTest
Tests run: 1, Failures: 0, Errors: 0, Skipped: 0, Time elapsed: 0.005 sec
Running org.apache.camel.component.properties.PropertiesComponentAdviceWithInterceptSendToEndpointTest
Tests run: 1, Failures: 0, Errors: 0, Skipped: 0, Time elapsed: 0.005 sec
Running org.apache.camel.component.properties.PropertiesComponentDefaultTest
Tests run: 5, Failures: 0, Errors: 0, Skipped: 0, Time elapsed: 0.015 sec
Running org.apache.camel.component.properties.PropertiesComponentEIPChoiceConvertBodyToTest
Tests run: 2, Failures: 0, Errors: 0, Skipped: 0, Time elapsed: 0.007 sec
Running org.apache.camel.component.properties.PropertiesComponentEIPConvertBodyToTest
Tests run: 1, Failures: 0, Errors: 0, Skipped: 0, Time elapsed: 0.003 sec
Running org.apache.camel.component.properties.PropertiesComponentEIPRoutingSlipTest
Tests run: 1, Failures: 0, Errors: 0, Skipped: 0, Time elapsed: 0.004 sec
Running org.apache.camel.component.properties.PropertiesComponentEndpointTest
Tests run: 3, Failures: 0, Errors: 0, Skipped: 0, Time elapsed: 0.007 sec
Running org.apache.camel.component.properties.PropertiesComponentInterceptSendToEndpointTest
Tests run: 1, Failures: 0, Errors: 0, Skipped: 0, Time elapsed: 0.004 sec
Running org.apache.camel.component.properties.PropertiesComponentLoadPropertiesFromFileTest
Tests run: 24, Failures: 0, Errors: 0, Skipped: 0, Time elapsed: 0.126 sec
Running org.apache.camel.component.properties.PropertiesComponentLoadPropertiesFromFileTrimValuesTest
Tests run: 1, Failures: 0, Errors: 0, Skipped: 0, Time elapsed: 0.002 sec
Running org.apache.camel.component.properties.PropertiesComponentLocationWithJvmPropertyTest
Tests run: 1, Failures: 0, Errors: 0, Skipped: 0, Time elapsed: 0.004 sec
Running org.apache.camel.component.properties.PropertiesComponentLocationWithTwoJvmPropertyTest
Tests run: 1, Failures: 0, Errors: 0, Skipped: 0, Time elapsed: 0.003 sec
Running org.apache.camel.component.properties.PropertiesComponentNestPropertiesTest
Tests run: 1, Failures: 0, Errors: 0, Skipped: 0, Time elapsed: 0.004 sec
Running org.apache.camel.component.properties.PropertiesComponentOnExceptionTest
Tests run: 1, Failures: 0, Errors: 0, Skipped: 0, Time elapsed: 0.081 sec
Running org.apache.camel.component.properties.PropertiesComponentOverridePropertiesTest
Tests run: 1, Failures: 0, Errors: 0, Skipped: 0, Time elapsed: 0.005 sec
Running org.apache.camel.component.properties.PropertiesComponentRefTest
Tests run: 2, Failures: 0, Errors: 0, Skipped: 0, Time elapsed: 0.007 sec
Running org.apache.camel.component.properties.PropertiesComponentRegistryTest
Tests run: 3, Failures: 0, Errors: 0, Skipped: 0, Time elapsed: 0.005 sec
Running org.apache.camel.component.properties.PropertiesComponentSetHeaderSimpleTest
Tests run: 1, Failures: 0, Errors: 0, Skipped: 0, Time elapsed: 0.003 sec
Running org.apache.camel.component.properties.PropertiesComponentSimpleLanguageTest
Tests run: 6, Failures: 0, Errors: 0, Skipped: 0, Time elapsed: 0.019 sec
Running org.apache.camel.component.properties.PropertiesComponentTest
Tests run: 24, Failures: 0, Errors: 0, Skipped: 0, Time elapsed: 0.105 sec
Running org.apache.camel.component.properties.PropertiesEnvironmentVariableOverrideTest
Tests run: 1, Failures: 0, Errors: 0, Skipped: 0, Time elapsed: 0.006 sec
Running org.apache.camel.component.properties.PropertiesResolverTest
Tests run: 1, Failures: 0, Errors: 0, Skipped: 0, Time elapsed: 0.005 sec
Running org.apache.camel.component.ref.RefComponentTest
Tests run: 1, Failures: 0, Errors: 0, Skipped: 0, Time elapsed: 0.002 sec
Running org.apache.camel.component.ref.RefFileEndpointTest
Tests run: 1, Failures: 0, Errors: 0, Skipped: 0, Time elapsed: 3.03 sec
Running org.apache.camel.component.ref.RefInvalidTest
Tests run: 2, Failures: 0, Errors: 0, Skipped: 0, Time elapsed: 0.03 sec
Running org.apache.camel.component.seda.CollectionProducerTest
Tests run: 1, Failures: 0, Errors: 0, Skipped: 0, Time elapsed: 0.006 sec
Running org.apache.camel.component.seda.DirectRequestReplyAndSedaInOnlyTest
Tests run: 1, Failures: 0, Errors: 0, Skipped: 0, Time elapsed: 1.019 sec
Running org.apache.camel.component.seda.FileSedaShutdownCompleteAllTasksTest
Tests run: 1, Failures: 0, Errors: 0, Skipped: 0, Time elapsed: 7.291 sec
Running org.apache.camel.component.seda.SedaAsyncProducerTest
Tests run: 2, Failures: 0, Errors: 0, Skipped: 0, Time elapsed: 0.214 sec
Running org.apache.camel.component.seda.SedaAsyncRouteTest
Tests run: 1, Failures: 0, Errors: 0, Skipped: 0, Time elapsed: 0.017 sec
Running org.apache.camel.component.seda.SedaBlockWhenFullTest
Tests run: 2, Failures: 0, Errors: 0, Skipped: 0, Time elapsed: 1.081 sec
Running org.apache.camel.component.seda.SedaComplexInOutTest
Tests run: 1, Failures: 0, Errors: 0, Skipped: 0, Time elapsed: 0.041 sec
Running org.apache.camel.component.seda.SedaComponentReferenceEndpointTest
Tests run: 1, Failures: 0, Errors: 0, Skipped: 0, Time elapsed: 0.037 sec
Running org.apache.camel.component.seda.SedaConcurrentConsumersNPEIssueTest
Tests run: 2, Failures: 0, Errors: 0, Skipped: 0, Time elapsed: 0.054 sec
Running org.apache.camel.component.seda.SedaConcurrentConsumersTest
Tests run: 1, Failures: 0, Errors: 0, Skipped: 0, Time elapsed: 0.026 sec
Running org.apache.camel.component.seda.SedaConcurrentTest
Tests run: 4, Failures: 0, Errors: 0, Skipped: 0, Time elapsed: 16.174 sec
Running org.apache.camel.component.seda.SedaConfigureTest
Tests run: 4, Failures: 0, Errors: 0, Skipped: 0, Time elapsed: 0.009 sec
Running org.apache.camel.component.seda.SedaConsumerSuspendResumeTest
Tests run: 1, Failures: 0, Errors: 0, Skipped: 0, Time elapsed: 4.038 sec
Running org.apache.camel.component.seda.SedaDefaultUnboundedQueueSizeTest
Tests run: 2, Failures: 0, Errors: 0, Skipped: 0, Time elapsed: 0.023 sec
Running org.apache.camel.component.seda.SedaEndpointTest
Tests run: 6, Failures: 0, Errors: 0, Skipped: 0, Time elapsed: 0.01 sec
Running org.apache.camel.component.seda.SedaFromRouteIdTest
Tests run: 1, Failures: 0, Errors: 0, Skipped: 0, Time elapsed: 0.034 sec
Running org.apache.camel.component.seda.SedaInOnlyChainedTest
Tests run: 1, Failures: 0, Errors: 0, Skipped: 0, Time elapsed: 0.046 sec
Running org.apache.camel.component.seda.SedaInOnlyTest
Tests run: 1, Failures: 0, Errors: 0, Skipped: 0, Time elapsed: 0.014 sec
Running org.apache.camel.component.seda.SedaInOutBigChainedTest
Tests run: 1, Failures: 0, Errors: 0, Skipped: 0, Time elapsed: 0.042 sec
Running org.apache.camel.component.seda.SedaInOutChainedTest
Tests run: 1, Failures: 0, Errors: 0, Skipped: 0, Time elapsed: 0.027 sec
Running org.apache.camel.component.seda.SedaInOutChainedTimeoutTest
Tests run: 1, Failures: 0, Errors: 0, Skipped: 0, Time elapsed: 3.029 sec
Running org.apache.camel.component.seda.SedaInOutChainedWithOnCompletionTest
Tests run: 1, Failures: 0, Errors: 0, Skipped: 0, Time elapsed: 0.043 sec
Running org.apache.camel.component.seda.SedaInOutTest
Tests run: 1, Failures: 0, Errors: 0, Skipped: 0, Time elapsed: 0.016 sec
Running org.apache.camel.component.seda.SedaInOutWithErrorDeadLetterChannelTest
Tests run: 1, Failures: 0, Errors: 0, Skipped: 0, Time elapsed: 0.018 sec
Running org.apache.camel.component.seda.SedaInOutWithErrorTest
Tests run: 1, Failures: 0, Errors: 0, Skipped: 0, Time elapsed: 0.016 sec
Running org.apache.camel.component.seda.SedaMultipleConsumersTest
Tests run: 2, Failures: 0, Errors: 0, Skipped: 0, Time elapsed: 1.061 sec
Running org.apache.camel.component.seda.SedaNoConsumerTest
Tests run: 2, Failures: 0, Errors: 0, Skipped: 0, Time elapsed: 1.013 sec
Running org.apache.camel.component.seda.SedaQueueTest
Tests run: 1, Failures: 0, Errors: 0, Skipped: 0, Time elapsed: 1.017 sec
Running org.apache.camel.component.seda.SedaRemoveRouteThenAddAgainTest
Tests run: 1, Failures: 0, Errors: 0, Skipped: 0, Time elapsed: 0.028 sec
Running org.apache.camel.component.seda.SedaRouteTest
Tests run: 2, Failures: 0, Errors: 0, Skipped: 0, Time elapsed: 0.098 sec
Running org.apache.camel.component.seda.SedaShouldNotUseSameThreadTest
Tests run: 1, Failures: 0, Errors: 0, Skipped: 0, Time elapsed: 0.017 sec
Running org.apache.camel.component.seda.SedaTimeoutDisabledTest
Tests run: 1, Failures: 0, Errors: 0, Skipped: 0, Time elapsed: 0.515 sec
Running org.apache.camel.component.seda.SedaTimeoutTest
Tests run: 3, Failures: 0, Errors: 0, Skipped: 0, Time elapsed: 1.903 sec
Running org.apache.camel.component.seda.SedaUnitOfWorkTest
Tests run: 1, Failures: 0, Errors: 0, Skipped: 0, Time elapsed: 0.02 sec
Running org.apache.camel.component.seda.SedaWaitForTaskAsPropertyTest
Tests run: 2, Failures: 0, Errors: 0, Skipped: 0, Time elapsed: 0.03 sec
Running org.apache.camel.component.seda.SedaWaitForTaskCompleteOnCompletionTest
Tests run: 1, Failures: 0, Errors: 0, Skipped: 0, Time elapsed: 0.023 sec
Running org.apache.camel.component.seda.SedaWaitForTaskCompleteTest
Tests run: 2, Failures: 0, Errors: 0, Skipped: 0, Time elapsed: 0.031 sec
Running org.apache.camel.component.seda.SedaWaitForTaskIfReplyExpectedTest
Tests run: 2, Failures: 0, Errors: 0, Skipped: 0, Time elapsed: 0.032 sec
Running org.apache.camel.component.seda.SedaWaitForTaskNewerOnCompletionTest
Tests run: 1, Failures: 0, Errors: 0, Skipped: 0, Time elapsed: 1.02 sec
Running org.apache.camel.component.seda.SedaWaitForTaskNewerTest
Tests run: 2, Failures: 0, Errors: 0, Skipped: 0, Time elapsed: 0.032 sec
Running org.apache.camel.component.seda.TracingWithDelayTest
Tests run: 1, Failures: 0, Errors: 0, Skipped: 0, Time elapsed: 0.016 sec
Running org.apache.camel.component.stub.StubInOnlyTest
Tests run: 1, Failures: 0, Errors: 0, Skipped: 0, Time elapsed: 0.027 sec
Running org.apache.camel.component.test.TestEndpointTest
Tests run: 1, Failures: 0, Errors: 0, Skipped: 0, Time elapsed: 2.017 sec
Running org.apache.camel.component.timer.TimerDelayTest
Tests run: 1, Failures: 0, Errors: 0, Skipped: 0, Time elapsed: 0.506 sec
Running org.apache.camel.component.timer.TimerEndpointTest
Tests run: 3, Failures: 0, Errors: 0, Skipped: 0, Time elapsed: 2.015 sec
Running org.apache.camel.component.timer.TimerFiredTimeTest
Tests run: 1, Failures: 0, Errors: 0, Skipped: 0, Time elapsed: 1.005 sec
Running org.apache.camel.component.timer.TimerMultipleConsumerStopRouteTest
Tests run: 1, Failures: 0, Errors: 0, Skipped: 0, Time elapsed: 1.208 sec
Running org.apache.camel.component.timer.TimerMultipleConsumerTest
Tests run: 1, Failures: 0, Errors: 0, Skipped: 0, Time elapsed: 1.007 sec
Running org.apache.camel.component.timer.TimerNameTest
Tests run: 1, Failures: 0, Errors: 0, Skipped: 0, Time elapsed: 2.007 sec
Running org.apache.camel.component.timer.TimerRepeatCountTest
Tests run: 1, Failures: 0, Errors: 0, Skipped: 0, Time elapsed: 1.527 sec
Running org.apache.camel.component.timer.TimerRestartTest
Tests run: 1, Failures: 0, Errors: 0, Skipped: 0, Time elapsed: 2.513 sec
Running org.apache.camel.component.timer.TimerRouteTest
Tests run: 1, Failures: 0, Errors: 0, Skipped: 0, Time elapsed: 1.009 sec
Running org.apache.camel.component.timer.TimerRouteWithTracerTest
Tests run: 1, Failures: 0, Errors: 0, Skipped: 0, Time elapsed: 1.007 sec
Running org.apache.camel.component.timer.TimerSuspendCamelContextTest
Tests run: 1, Failures: 0, Errors: 0, Skipped: 0, Time elapsed: 3.006 sec
Running org.apache.camel.component.timer.TimerWithTimeOptionTest
Tests run: 8, Failures: 0, Errors: 0, Skipped: 0, Time elapsed: 13.441 sec
Running org.apache.camel.component.validator.FileValidatorRouteTest
Tests run: 2, Failures: 0, Errors: 0, Skipped: 0, Time elapsed: 7.192 sec
Running org.apache.camel.component.validator.ValidatorIllegalImportTest
Tests run: 2, Failures: 0, Errors: 0, Skipped: 0, Time elapsed: 0.018 sec
Running org.apache.camel.component.validator.ValidatorIncludeRouteTest
Tests run: 6, Failures: 0, Errors: 0, Skipped: 0, Time elapsed: 0.06 sec
Running org.apache.camel.component.validator.ValidatorRouteTest
Tests run: 2, Failures: 0, Errors: 0, Skipped: 0, Time elapsed: 0.01 sec
Running org.apache.camel.component.validator.ValidatorWithResourceResolverRouteTest
Tests run: 2, Failures: 0, Errors: 0, Skipped: 0, Time elapsed: 0.031 sec
Running org.apache.camel.component.vm.VMSplitterTest
Tests run: 1, Failures: 0, Errors: 0, Skipped: 0, Time elapsed: 0.018 sec
Running org.apache.camel.component.vm.VmComponentReferenceEndpointTest
Tests run: 1, Failures: 0, Errors: 0, Skipped: 0, Time elapsed: 0.035 sec
Running org.apache.camel.component.vm.VmConcurrentConsumersTest
Tests run: 1, Failures: 0, Errors: 0, Skipped: 0, Time elapsed: 0.027 sec
Running org.apache.camel.component.vm.VmDifferentOptionsOnConsumerAndProducerTest
Tests run: 1, Failures: 0, Errors: 0, Skipped: 0, Time elapsed: 0.025 sec
Running org.apache.camel.component.vm.VmInOnlyChainedTest
Tests run: 1, Failures: 0, Errors: 0, Skipped: 0, Time elapsed: 0.046 sec
Running org.apache.camel.component.vm.VmInOnlyTest
Tests run: 1, Failures: 0, Errors: 0, Skipped: 0, Time elapsed: 0.017 sec
Running org.apache.camel.component.vm.VmInOutChainedTest
Tests run: 1, Failures: 0, Errors: 0, Skipped: 0, Time elapsed: 0.038 sec
Running org.apache.camel.component.vm.VmInOutChainedTimeoutTest
Tests run: 1, Failures: 0, Errors: 0, Skipped: 0, Time elapsed: 1.226 sec
Running org.apache.camel.component.vm.VmInOutTest
Tests run: 1, Failures: 0, Errors: 0, Skipped: 0, Time elapsed: 0.019 sec
Running org.apache.camel.component.vm.VmInOutWithErrorTest
Tests run: 1, Failures: 0, Errors: 0, Skipped: 0, Time elapsed: 0.019 sec
Running org.apache.camel.component.vm.VmQueueTest
Tests run: 1, Failures: 0, Errors: 0, Skipped: 0, Time elapsed: 0.031 sec
Running org.apache.camel.component.vm.VmShouldNotUseSameThreadTest
Tests run: 1, Failures: 0, Errors: 0, Skipped: 0, Time elapsed: 0.022 sec
Running org.apache.camel.component.vm.VmTimeoutIssueTest
Tests run: 2, Failures: 0, Errors: 0, Skipped: 0, Time elapsed: 3.064 sec
Running org.apache.camel.component.vm.VmUseSameQueueTest
Tests run: 1, Failures: 0, Errors: 0, Skipped: 0, Time elapsed: 0.025 sec
Running org.apache.camel.component.vm.VmWaitForTaskCompleteTest
Tests run: 2, Failures: 0, Errors: 0, Skipped: 0, Time elapsed: 0.048 sec
Running org.apache.camel.component.vm.VmWaitForTaskIfReplyExpectedTest
Tests run: 2, Failures: 0, Errors: 0, Skipped: 0, Time elapsed: 0.05 sec
Running org.apache.camel.component.vm.VmWaitForTaskNewerTest
Tests run: 2, Failures: 0, Errors: 0, Skipped: 0, Time elapsed: 0.048 sec
Running org.apache.camel.component.xslt.InvalidXsltFileTest
Tests run: 1, Failures: 0, Errors: 0, Skipped: 0, Time elapsed: 0.028 sec
Running org.apache.camel.component.xslt.XsltContentCacheTest
Tests run: 4, Failures: 0, Errors: 0, Skipped: 0, Time elapsed: 38.073 sec
Running org.apache.camel.component.xslt.XsltCustomizeURIResolverTest
Tests run: 1, Failures: 0, Errors: 0, Skipped: 0, Time elapsed: 1.019 sec
Running org.apache.camel.component.xslt.XsltFileNotFoundTest
Tests run: 1, Failures: 0, Errors: 0, Skipped: 0, Time elapsed: 0.013 sec
Running org.apache.camel.component.xslt.XsltFromFileExceptionTest
Tests run: 2, Failures: 0, Errors: 0, Skipped: 0, Time elapsed: 2.03 sec
Running org.apache.camel.component.xslt.XsltFromHeaderOverrideEndpointUriTest
Tests run: 1, Failures: 0, Errors: 0, Skipped: 0, Time elapsed: 0.128 sec
Running org.apache.camel.component.xslt.XsltIncludeClasspathDotInDirectoryTest
Tests run: 1, Failures: 0, Errors: 0, Skipped: 0, Time elapsed: 1.027 sec
Running org.apache.camel.component.xslt.XsltIncludeClasspathTest
Tests run: 1, Failures: 0, Errors: 0, Skipped: 0, Time elapsed: 1.024 sec
Running org.apache.camel.component.xslt.XsltIncludeRelativeOtherTest
Tests run: 1, Failures: 0, Errors: 0, Skipped: 0, Time elapsed: 1.018 sec
Running org.apache.camel.component.xslt.XsltIncludeRelativeTest
Tests run: 1, Failures: 0, Errors: 0, Skipped: 0, Time elapsed: 1.023 sec
Running org.apache.camel.component.xslt.XsltIncludeTest
Tests run: 1, Failures: 0, Errors: 0, Skipped: 0, Time elapsed: 1.021 sec
Running org.apache.camel.component.xslt.XsltOutputBytesTest
Tests run: 1, Failures: 0, Errors: 0, Skipped: 0, Time elapsed: 0.011 sec
Running org.apache.camel.component.xslt.XsltOutputDOMTest
Tests run: 1, Failures: 0, Errors: 0, Skipped: 0, Time elapsed: 0.009 sec
Running org.apache.camel.component.xslt.XsltOutputFileDeleteTest
Tests run: 1, Failures: 0, Errors: 0, Skipped: 0, Time elapsed: 0.01 sec
Running org.apache.camel.component.xslt.XsltOutputFileTest
Tests run: 2, Failures: 0, Errors: 0, Skipped: 0, Time elapsed: 0.019 sec
Running org.apache.camel.component.xslt.XsltOutputStringTest
Tests run: 1, Failures: 0, Errors: 0, Skipped: 0, Time elapsed: 0.009 sec
Running org.apache.camel.component.xslt.XsltReferenceParameterTest
Tests run: 2, Failures: 0, Errors: 0, Skipped: 0, Time elapsed: 0.05 sec
Running org.apache.camel.component.xslt.XsltRouteAllowStAXTest
Tests run: 1, Failures: 0, Errors: 0, Skipped: 0, Time elapsed: 0.016 sec
Running org.apache.camel.component.xslt.XsltRouteFileTest
Tests run: 1, Failures: 0, Errors: 0, Skipped: 0, Time elapsed: 0.015 sec
Running org.apache.camel.component.xslt.XsltRouteTest
Tests run: 1, Failures: 0, Errors: 0, Skipped: 0, Time elapsed: 0.01 sec
Running org.apache.camel.component.xslt.XsltTransformingExceptionTest
Tests run: 2, Failures: 0, Errors: 0, Skipped: 0, Time elapsed: 0.015 sec
Running org.apache.camel.converter.CamelConverterTest
Tests run: 2, Failures: 0, Errors: 0, Skipped: 0, Time elapsed: 0.003 sec
Running org.apache.camel.converter.CollectionConverterTest
Tests run: 8, Failures: 0, Errors: 0, Skipped: 0, Time elapsed: 0.002 sec
Running org.apache.camel.converter.ConverterTest
Tests run: 17, Failures: 0, Errors: 0, Skipped: 0, Time elapsed: 0.014 sec
Running org.apache.camel.converter.DateTimeConverterTest
Tests run: 1, Failures: 0, Errors: 0, Skipped: 0, Time elapsed: 0.002 sec
Running org.apache.camel.converter.EnumConverterTest
Tests run: 3, Failures: 0, Errors: 0, Skipped: 0, Time elapsed: 0.004 sec
Running org.apache.camel.converter.FallbackPromoteTest
Tests run: 1, Failures: 0, Errors: 0, Skipped: 0, Time elapsed: 0.001 sec
Running org.apache.camel.converter.FutureConverterTest
Tests run: 7, Failures: 0, Errors: 0, Skipped: 0, Time elapsed: 3.034 sec
Running org.apache.camel.converter.IOConverterTest
Tests run: 20, Failures: 0, Errors: 0, Skipped: 0, Time elapsed: 9.259 sec
Running org.apache.camel.converter.InstanceFallbackConverterTest
Tests run: 4, Failures: 0, Errors: 0, Skipped: 0, Time elapsed: 0.006 sec
Running org.apache.camel.converter.JaxpTest
Tests run: 4, Failures: 0, Errors: 0, Skipped: 0, Time elapsed: 0.005 sec
Running org.apache.camel.converter.NIOConverterTest
Tests run: 11, Failures: 0, Errors: 0, Skipped: 0, Time elapsed: 0.212 sec
Running org.apache.camel.converter.ObjectConverterNaNTest
Tests run: 10, Failures: 0, Errors: 0, Skipped: 0, Time elapsed: 0.013 sec
Running org.apache.camel.converter.ObjectConverterTest
Tests run: 11, Failures: 0, Errors: 0, Skipped: 0, Time elapsed: 0.002 sec
Running org.apache.camel.converter.ObjectHelperTest
Tests run: 10, Failures: 0, Errors: 0, Skipped: 0, Time elapsed: 0.001 sec
Running org.apache.camel.converter.PrimitiveTypeConverterIssueTest
Tests run: 1, Failures: 0, Errors: 0, Skipped: 0, Time elapsed: 0.009 sec
Running org.apache.camel.converter.PropertyEditorTypeConverterIssueTest
Tests run: 1, Failures: 0, Errors: 0, Skipped: 0, Time elapsed: 0.004 sec
Running org.apache.camel.converter.StaticFallbackConverterTest
Tests run: 4, Failures: 0, Errors: 0, Skipped: 0, Time elapsed: 0.004 sec
Running org.apache.camel.converter.StringSourceTest
Tests run: 1, Failures: 0, Errors: 0, Skipped: 0, Time elapsed: 0.002 sec
Running org.apache.camel.converter.TimePatternConverterTest
Tests run: 18, Failures: 0, Errors: 0, Skipped: 0, Time elapsed: 0.018 sec
Running org.apache.camel.converter.TimePatternTypeConversionTest
Tests run: 4, Failures: 0, Errors: 0, Skipped: 0, Time elapsed: 0.004 sec
Running org.apache.camel.converter.TimerDrivenTimePatternConverterTest
Tests run: 2, Failures: 0, Errors: 0, Skipped: 0, Time elapsed: 6.01 sec
Running org.apache.camel.converter.TypeConverterAwareTest
Tests run: 1, Failures: 0, Errors: 0, Skipped: 0, Time elapsed: 0.007 sec
Running org.apache.camel.converter.jaxp.BytesSourceTest
Tests run: 2, Failures: 0, Errors: 0, Skipped: 0, Time elapsed: 0.005 sec
Running org.apache.camel.converter.jaxp.DomConverterTest
Tests run: 6, Failures: 0, Errors: 0, Skipped: 0, Time elapsed: 0.012 sec
Running org.apache.camel.converter.jaxp.StreamSourceConverterTest
Tests run: 2, Failures: 0, Errors: 0, Skipped: 0, Time elapsed: 0.003 sec
Running org.apache.camel.converter.jaxp.XmlConverterTest
Tests run: 45, Failures: 0, Errors: 0, Skipped: 0, Time elapsed: 14.366 sec
Running org.apache.camel.converter.stream.CachedOutputStreamTest
Tests run: 5, Failures: 0, Errors: 0, Skipped: 0, Time elapsed: 0.052 sec
Running org.apache.camel.converter.stream.FileInputStreamCacheTest
Tests run: 1, Failures: 0, Errors: 0, Skipped: 0, Time elapsed: 0.003 sec
Running org.apache.camel.converter.stream.InputStreamCacheTest
Tests run: 1, Failures: 0, Errors: 0, Skipped: 0, Time elapsed: 0.002 sec
Running org.apache.camel.converter.stream.ReaderCacheTest
Tests run: 1, Failures: 0, Errors: 0, Skipped: 0, Time elapsed: 0.002 sec
Running org.apache.camel.converter.stream.SourceCacheTest
Tests run: 1, Failures: 0, Errors: 0, Skipped: 0, Time elapsed: 0.002 sec
Running org.apache.camel.converter.stream.StreamCacheConverterTest
Tests run: 6, Failures: 0, Errors: 0, Skipped: 0, Time elapsed: 0.01 sec
Running org.apache.camel.converter.stream.StreamSourceCacheTest
Tests run: 1, Failures: 0, Errors: 0, Skipped: 0, Time elapsed: 0.002 sec
Running org.apache.camel.impl.ActiveMQUuidGeneratorTest
Tests run: 2, Failures: 0, Errors: 0, Skipped: 0, Time elapsed: 0.086 sec
Running org.apache.camel.impl.CamelContextAddRouteDefinitionsFromXmlTest
Tests run: 5, Failures: 0, Errors: 0, Skipped: 0, Time elapsed: 0.408 sec
Running org.apache.camel.impl.CamelContextSharedProducerServicePoolTest
Tests run: 2, Failures: 0, Errors: 0, Skipped: 0, Time elapsed: 0.003 sec
Running org.apache.camel.impl.CamelCustomDefaultThreadPoolProfileTest
Tests run: 1, Failures: 0, Errors: 0, Skipped: 0, Time elapsed: 0.004 sec
Running org.apache.camel.impl.CamelPostProcessorHelperConsumePropertyTest
Tests run: 5, Failures: 0, Errors: 0, Skipped: 0, Time elapsed: 0.017 sec
Running org.apache.camel.impl.CamelPostProcessorHelperTest
Tests run: 15, Failures: 0, Errors: 0, Skipped: 0, Time elapsed: 1.033 sec
Running org.apache.camel.impl.CamelProduceInterfaceTest
Tests run: 1, Failures: 0, Errors: 0, Skipped: 0, Time elapsed: 0.01 sec
Running org.apache.camel.impl.ConfigurationHelperTest
Tests run: 7, Failures: 0, Errors: 0, Skipped: 0, Time elapsed: 0.056 sec
Running org.apache.camel.impl.CustomExchangePatternTest
Tests run: 3, Failures: 0, Errors: 0, Skipped: 0, Time elapsed: 0.009 sec
Running org.apache.camel.impl.CustomIdFactoryTest
Tests run: 2, Failures: 0, Errors: 0, Skipped: 0, Time elapsed: 0.011 sec
Running org.apache.camel.impl.CustomProducerServicePoolTest
Tests run: 2, Failures: 0, Errors: 0, Skipped: 0, Time elapsed: 0.006 sec
Running org.apache.camel.impl.CustomThreadPoolFactoryTest
Tests run: 1, Failures: 0, Errors: 0, Skipped: 0, Time elapsed: 0.003 sec
Running org.apache.camel.impl.DefaultCamelBeanPostProcessorTest
Tests run: 1, Failures: 0, Errors: 0, Skipped: 0, Time elapsed: 0.006 sec
Running org.apache.camel.impl.DefaultCamelContextAutoStartupTest
Tests run: 3, Failures: 0, Errors: 0, Skipped: 0, Time elapsed: 0.007 sec
Running org.apache.camel.impl.DefaultCamelContextEndpointCacheLimitTest
Tests run: 1, Failures: 0, Errors: 0, Skipped: 0, Time elapsed: 0.003 sec
Running org.apache.camel.impl.DefaultCamelContextEndpointCacheTest
Tests run: 1, Failures: 0, Errors: 0, Skipped: 0, Time elapsed: 0.014 sec
Running org.apache.camel.impl.DefaultCamelContextLazyLoadTypeConvertersTest
Tests run: 3, Failures: 0, Errors: 0, Skipped: 0, Time elapsed: 0.012 sec
Running org.apache.camel.impl.DefaultCamelContextRestartTest
Tests run: 1, Failures: 0, Errors: 0, Skipped: 0, Time elapsed: 0.005 sec
Running org.apache.camel.impl.DefaultCamelContextStopFailureTest
Tests run: 1, Failures: 0, Errors: 0, Skipped: 0, Time elapsed: 0.003 sec
Running org.apache.camel.impl.DefaultCamelContextSuspendResumeRouteStartupOrderTest
Tests run: 1, Failures: 0, Errors: 0, Skipped: 0, Time elapsed: 1.038 sec
Running org.apache.camel.impl.DefaultCamelContextSuspendResumeRouteTest
Tests run: 1, Failures: 0, Errors: 0, Skipped: 0, Time elapsed: 1.049 sec
Running org.apache.camel.impl.DefaultCamelContextTest
Tests run: 20, Failures: 0, Errors: 0, Skipped: 0, Time elapsed: 0.031 sec
Running org.apache.camel.impl.DefaultCamelContextWithLifecycleStrategyRestartTest
Tests run: 2, Failures: 0, Errors: 0, Skipped: 0, Time elapsed: 0.009 sec
Running org.apache.camel.impl.DefaultClassResolverTest
Tests run: 11, Failures: 0, Errors: 0, Skipped: 0, Time elapsed: 0.001 sec
Running org.apache.camel.impl.DefaultComponentReferencePropertiesTest
Tests run: 8, Failures: 0, Errors: 0, Skipped: 0, Time elapsed: 0.012 sec
Running org.apache.camel.impl.DefaultComponentTest
Tests run: 15, Failures: 0, Errors: 0, Skipped: 0, Time elapsed: 0.019 sec
Running org.apache.camel.impl.DefaultComponentValidateURITest
Tests run: 6, Failures: 0, Errors: 0, Skipped: 0, Time elapsed: 0.014 sec
Running org.apache.camel.impl.DefaultConsumerCacheTest
Tests run: 1, Failures: 0, Errors: 0, Skipped: 0, Time elapsed: 0.066 sec
Running org.apache.camel.impl.DefaultConsumerTemplateTest
Tests run: 25, Failures: 0, Errors: 0, Skipped: 0, Time elapsed: 9.886 sec
Running org.apache.camel.impl.DefaultConsumerTemplateWithCustomCacheMaxSizeTest
Tests run: 3, Failures: 0, Errors: 0, Skipped: 0, Time elapsed: 0.009 sec
Running org.apache.camel.impl.DefaultEndpointTest
Tests run: 1, Failures: 0, Errors: 0, Skipped: 0, Time elapsed: 0.001 sec
Running org.apache.camel.impl.DefaultExchangeHolderTest
Tests run: 6, Failures: 0, Errors: 0, Skipped: 0, Time elapsed: 0.007 sec
Running org.apache.camel.impl.DefaultExchangeTest
Tests run: 8, Failures: 0, Errors: 0, Skipped: 0, Time elapsed: 0.009 sec
Running org.apache.camel.impl.DefaultExecutorServiceManagerTest
Tests run: 26, Failures: 0, Errors: 0, Skipped: 0, Time elapsed: 0.024 sec
Running org.apache.camel.impl.DefaultExecutorServiceStrategyTest
Tests run: 18, Failures: 0, Errors: 0, Skipped: 0, Time elapsed: 0.025 sec
Running org.apache.camel.impl.DefaultHeaderFilterStrategyTest
Tests run: 5, Failures: 0, Errors: 0, Skipped: 0, Time elapsed: 0.008 sec
Running org.apache.camel.impl.DefaultInflightRepositoryTest
Tests run: 1, Failures: 0, Errors: 0, Skipped: 0, Time elapsed: 0.002 sec
Running org.apache.camel.impl.DefaultInjectorTest
Tests run: 1, Failures: 0, Errors: 0, Skipped: 0, Time elapsed: 0.012 sec
Running org.apache.camel.impl.DefaultMessageHeaderTest
Tests run: 16, Failures: 0, Errors: 0, Skipped: 0, Time elapsed: 0.003 sec
Running org.apache.camel.impl.DefaultProducerCacheTest
Tests run: 2, Failures: 1, Errors: 0, Skipped: 0, Time elapsed: 0.018 sec <<< FAILURE!
Running org.apache.camel.impl.DefaultProducerTemplateAsyncTest
Tests run: 23, Failures: 0, Errors: 0, Skipped: 0, Time elapsed: 6.979 sec
Running org.apache.camel.impl.DefaultProducerTemplateTest
Tests run: 14, Failures: 0, Errors: 0, Skipped: 0, Time elapsed: 0.1 sec
Running org.apache.camel.impl.DefaultProducerTemplateWithCustomCacheMaxSizeTest
Tests run: 3, Failures: 0, Errors: 0, Skipped: 0, Time elapsed: 0.01 sec
Running org.apache.camel.impl.DefaultUnitOfWorkTest
Tests run: 1, Failures: 0, Errors: 0, Skipped: 0, Time elapsed: 0.004 sec
Running org.apache.camel.impl.EndpointConfigurationTest
Tests run: 3, Failures: 0, Errors: 0, Skipped: 1, Time elapsed: 0.009 sec
Running org.apache.camel.impl.EndpointShutdownOnceTest
Tests run: 1, Failures: 0, Errors: 0, Skipped: 0, Time elapsed: 0.004 sec
Running org.apache.camel.impl.ExpressionAdapterTest
Tests run: 2, Failures: 0, Errors: 0, Skipped: 0, Time elapsed: 0.003 sec
Running org.apache.camel.impl.ExpressionSupportTest
Tests run: 2, Failures: 0, Errors: 0, Skipped: 0, Time elapsed: 0.003 sec
Running org.apache.camel.impl.FromEndpointTest
Tests run: 1, Failures: 0, Errors: 0, Skipped: 0, Time elapsed: 0.003 sec
Running org.apache.camel.impl.FromHasNoOutputRouteTest
Tests run: 1, Failures: 0, Errors: 0, Skipped: 0, Time elapsed: 0.002 sec
Running org.apache.camel.impl.FromMultipleEndpointTest
Tests run: 1, Failures: 0, Errors: 0, Skipped: 0, Time elapsed: 0.024 sec
Running org.apache.camel.impl.GracefulShutdownNoAutoStartOrderClashTest
Tests run: 1, Failures: 0, Errors: 0, Skipped: 0, Time elapsed: 0.004 sec
Running org.apache.camel.impl.GzipDataFormatFileDeleteTest
Tests run: 1, Failures: 0, Errors: 0, Skipped: 0, Time elapsed: 8.561 sec
Running org.apache.camel.impl.GzipDataFormatFileUnmarshalDeleteTest
Tests run: 1, Failures: 0, Errors: 0, Skipped: 0, Time elapsed: 5.914 sec
Running org.apache.camel.impl.GzipDataFormatTest
Tests run: 2, Failures: 0, Errors: 0, Skipped: 0, Time elapsed: 0.011 sec
Running org.apache.camel.impl.HeaderFilterStrategyComponentTest
Tests run: 2, Failures: 0, Errors: 0, Skipped: 0, Time elapsed: 0.002 sec
Running org.apache.camel.impl.InflightRepositoryRouteTest
Tests run: 1, Failures: 0, Errors: 0, Skipped: 0, Time elapsed: 0.008 sec
Running org.apache.camel.impl.InterceptSendToMockEndpointStrategyTest
Tests run: 2, Failures: 0, Errors: 0, Skipped: 0, Time elapsed: 0.009 sec
Running org.apache.camel.impl.JavaUuidGeneratorTest
Tests run: 2, Failures: 0, Errors: 0, Skipped: 0, Time elapsed: 0.6 sec
Running org.apache.camel.impl.LifecycleStrategyFailOnStartupTest
Tests run: 1, Failures: 0, Errors: 0, Skipped: 0, Time elapsed: 0.007 sec
Running org.apache.camel.impl.LifecycleStrategyServiceTest
Tests run: 1, Failures: 0, Errors: 0, Skipped: 0, Time elapsed: 0.008 sec
Running org.apache.camel.impl.LimitedPollingConsumerPollStrategyTest
Tests run: 6, Failures: 0, Errors: 0, Skipped: 0, Time elapsed: 0.024 sec
Running org.apache.camel.impl.LogDebugBodyMaxCharsTest
Tests run: 1, Failures: 0, Errors: 0, Skipped: 0, Time elapsed: 0.005 sec
Running org.apache.camel.impl.LogDebugBodyStreamsTest
Tests run: 6, Failures: 0, Errors: 0, Skipped: 0, Time elapsed: 0.019 sec
Running org.apache.camel.impl.MainSupportTest
Apache Camel Runner takes the following options

  -h or -help = Displays the help screen
  -r or -routers <routerBuilderClasses> = Sets the router builder classes which will be loaded while starting the camel context
  -o or -outdir <dot> = Sets the DOT output directory where the visual representations of the routes are generated
  -ad or -aggregate-dot <aggregate-dot> = Aggregates all routes (in addition to individual route generation) into one context to create one monolithic DOT file for visual representations the entire system.
  -d or -duration <duration> = Sets the time duration that the application will run for, by default in milliseconds. You can use '10s' for 10 seconds etc
  -t or -trace = Enables tracing
  -out or -output <filename> = Output all routes to the specified XML file
Tests run: 2, Failures: 0, Errors: 0, Skipped: 0, Time elapsed: 1.008 sec
Running org.apache.camel.impl.MessageSupportTest
Tests run: 4, Failures: 0, Errors: 0, Skipped: 0, Time elapsed: 0.009 sec
Running org.apache.camel.impl.MultipleConsumersSupportTest
Tests run: 2, Failures: 0, Errors: 0, Skipped: 0, Time elapsed: 0.009 sec
Running org.apache.camel.impl.MultipleLifecycleStrategyTest
Tests run: 1, Failures: 0, Errors: 0, Skipped: 0, Time elapsed: 0.01 sec
Running org.apache.camel.impl.PendingExchangesShutdownGracefulTest
Tests run: 1, Failures: 0, Errors: 0, Skipped: 0, Time elapsed: 3.508 sec
Running org.apache.camel.impl.PendingExchangesTwoRouteShutdownGracefulTest
Tests run: 1, Failures: 0, Errors: 0, Skipped: 0, Time elapsed: 5.032 sec
Running org.apache.camel.impl.ProxyInstantiationExceptionTest
Tests run: 1, Failures: 0, Errors: 0, Skipped: 0, Time elapsed: 0.004 sec
Running org.apache.camel.impl.RefDataFormatTest
Tests run: 2, Failures: 0, Errors: 0, Skipped: 0, Time elapsed: 0.009 sec
Running org.apache.camel.impl.RegistryLookupTypeClassCastExceptionTest
Tests run: 4, Failures: 0, Errors: 0, Skipped: 0, Time elapsed: 0.001 sec
Running org.apache.camel.impl.RegistryTest
Tests run: 3, Failures: 0, Errors: 0, Skipped: 0, Time elapsed: 0.001 sec
Running org.apache.camel.impl.RouteDirectSuspendResumeTest
Tests run: 1, Failures: 0, Errors: 0, Skipped: 0, Time elapsed: 0.005 sec
Running org.apache.camel.impl.RouteMustHaveOutputOnExceptionTest
Tests run: 2, Failures: 0, Errors: 0, Skipped: 0, Time elapsed: 0.007 sec
Running org.apache.camel.impl.RouteNoOutputTest
Tests run: 1, Failures: 0, Errors: 0, Skipped: 0, Time elapsed: 0.002 sec
Running org.apache.camel.impl.RoutePolicyCallbackTest
Tests run: 1, Failures: 0, Errors: 0, Skipped: 0, Time elapsed: 0.007 sec
Running org.apache.camel.impl.RoutePolicyRefCallbackTest
Tests run: 1, Failures: 0, Errors: 0, Skipped: 0, Time elapsed: 0.004 sec
Running org.apache.camel.impl.RoutePolicyTest
Tests run: 8, Failures: 0, Errors: 0, Skipped: 0, Time elapsed: 0.023 sec
Running org.apache.camel.impl.RouteRemove2Test
Tests run: 1, Failures: 0, Errors: 0, Skipped: 0, Time elapsed: 0.036 sec
Running org.apache.camel.impl.RouteRemoveTest
Tests run: 2, Failures: 0, Errors: 0, Skipped: 0, Time elapsed: 0.05 sec
Running org.apache.camel.impl.RouteSedaSuspendResumeTest
Tests run: 1, Failures: 0, Errors: 0, Skipped: 0, Time elapsed: 1.038 sec
Running org.apache.camel.impl.RouteSuspendResumeWarmUpTest
Tests run: 1, Failures: 0, Errors: 0, Skipped: 0, Time elapsed: 0.008 sec
Running org.apache.camel.impl.RouteWithMistypedComponentNameTest
Tests run: 2, Failures: 0, Errors: 0, Skipped: 0, Time elapsed: 0.003 sec
Running org.apache.camel.impl.ScheduledPollConsumerTest
Tests run: 3, Failures: 0, Errors: 0, Skipped: 0, Time elapsed: 0.008 sec
Running org.apache.camel.impl.ScheduledPollEndpointConfigureConsumerRestartTest
Tests run: 1, Failures: 0, Errors: 0, Skipped: 0, Time elapsed: 2.008 sec
Running org.apache.camel.impl.SerializationDataFormatTest
Tests run: 1, Failures: 0, Errors: 0, Skipped: 0, Time elapsed: 0.009 sec
Running org.apache.camel.impl.ServicePoolTest
Tests run: 8, Failures: 0, Errors: 0, Skipped: 0, Time elapsed: 0.017 sec
Running org.apache.camel.impl.ShutdownGracefuTimeoutTriggerTest
Tests run: 1, Failures: 0, Errors: 0, Skipped: 0, Time elapsed: 2.006 sec
Running org.apache.camel.impl.ShutdownGracefulNoAutoStartedRoutesTest
Tests run: 1, Failures: 0, Errors: 0, Skipped: 0, Time elapsed: 0.006 sec
Running org.apache.camel.impl.ShutdownRouteGracefulTimeoutTriggerTest
Process 1584135467772 is killed.
[INFO] ------------------------------------------------------------------------
[INFO] BUILD FAILURE
[INFO] ------------------------------------------------------------------------
[INFO] Total time: 50:19 min
[INFO] Finished at: 2020-03-13T15:27:47-07:00
[INFO] Final Memory: 27M/1237M
[INFO] ------------------------------------------------------------------------
[ERROR] Failed to execute goal org.apache.maven.plugins:maven-surefire-plugin:2.8:test (default-test) on project camel-core: There are test failures.
[ERROR] 
[ERROR] Please refer to /bam/scratch/tmp-rta/Bugs.jar_Camel_0c3c7d1b_java-8/camel-core/target/surefire-reports for the individual test results.
[ERROR] -> [Help 1]
[ERROR] 
[ERROR] To see the full stack trace of the errors, re-run Maven with the -e switch.
[ERROR] Re-run Maven using the -X switch to enable full debug logging.
[ERROR] 
[ERROR] For more information about the errors and possible solutions, please read the following articles:
[ERROR] [Help 1] http://cwiki.apache.org/confluence/display/MAVEN/MojoFailureException
