Picked up JAVA_TOOL_OPTIONS: -XX:CICompilerCount=2 -XX:ParallelGCThreads=2 -XX:ConcGCThreads=2 -Djdk.net.URLClassPath.disableClassPathURLCheck=true 
Picked up _JAVA_OPTIONS: -Djdk.net.URLClassPath.disableClassPathURLCheck=true
Apache Maven 3.5.0 (Red Hat 3.5.0-4.3)
Maven home: /opt/rh/rh-maven35/root/usr/share/maven
Java version: 1.7.0_80, vendor: Oracle Corporation
Java home: /bam/scratch/jmcampos/RTA/repair_them_all_framework/jdks/jdk1.7.0_80/jre
Default locale: en_US, platform encoding: UTF-8
OS name: "linux", version: "4.14.147-1.el7.retpoline.x86_64", arch: "amd64", family: "unix"
[INFO] Scanning for projects...
[INFO] 
[INFO] ------------------------------------------------------------------------
[INFO] Building flink-runtime 0.10-SNAPSHOT
[INFO] ------------------------------------------------------------------------
[INFO] Downloading: http://repository.apache.org/snapshots/org/apache/flink/flink-core/0.10-SNAPSHOT/maven-metadata.xml
[INFO] Downloaded: http://repository.apache.org/snapshots/org/apache/flink/flink-core/0.10-SNAPSHOT/maven-metadata.xml (1.4 kB at 3.5 kB/s)
[INFO] Downloading: http://repository.apache.org/snapshots/org/apache/flink/flink-parent/0.10-SNAPSHOT/maven-metadata.xml
[INFO] Downloaded: http://repository.apache.org/snapshots/org/apache/flink/flink-parent/0.10-SNAPSHOT/maven-metadata.xml (607 B at 1.9 kB/s)
[INFO] Downloading: http://repository.apache.org/snapshots/org/apache/flink/flink-shaded-include-yarn/0.10-SNAPSHOT/maven-metadata.xml
[INFO] Downloaded: http://repository.apache.org/snapshots/org/apache/flink/flink-shaded-include-yarn/0.10-SNAPSHOT/maven-metadata.xml (1.2 kB at 3.7 kB/s)
[INFO] Downloading: http://repository.apache.org/snapshots/org/apache/flink/flink-shaded-hadoop/0.10-SNAPSHOT/maven-metadata.xml
[INFO] Downloaded: http://repository.apache.org/snapshots/org/apache/flink/flink-shaded-hadoop/0.10-SNAPSHOT/maven-metadata.xml (614 B at 1.9 kB/s)
[INFO] Downloading: http://repository.apache.org/snapshots/org/apache/flink/flink-java/0.10-SNAPSHOT/maven-metadata.xml
[INFO] Downloaded: http://repository.apache.org/snapshots/org/apache/flink/flink-java/0.10-SNAPSHOT/maven-metadata.xml (1.4 kB at 4.4 kB/s)
[INFO] 
[INFO] --- maven-checkstyle-plugin:2.12.1:check (validate) @ flink-runtime ---
[INFO] 
[INFO] --- maven-enforcer-plugin:1.3.1:enforce (enforce-maven) @ flink-runtime ---
[INFO] Skipping Rule Enforcement.
[INFO] 
[INFO] --- git-commit-id-plugin:2.1.5:revision (default) @ flink-runtime ---
[info] 
[info] /bam/scratch/tmp-rta/Bugs.jar_Flink_a17d4e82_java-7/.git
[info] 
[info] 
[info] 
[info] 
[info] 
[info] 
[info] 
[info] 
[info] 
[info] 
[info] 
[info] 
[info] 
[info] 
[INFO] 
[INFO] --- build-helper-maven-plugin:1.7:add-source (add-source) @ flink-runtime ---
[INFO] Source directory: /bam/scratch/tmp-rta/Bugs.jar_Flink_a17d4e82_java-7/flink-runtime/src/main/scala added.
[INFO] 
[INFO] --- maven-remote-resources-plugin:1.5:process (default) @ flink-runtime ---
[INFO] 
[INFO] --- maven-resources-plugin:2.6:resources (default-resources) @ flink-runtime ---
[INFO] Using 'UTF-8' encoding to copy filtered resources.
[INFO] Copying 61 resources
[INFO] Copying 3 resources
[INFO] 
[INFO] --- scala-maven-plugin:3.1.4:compile (scala-compile-first) @ flink-runtime ---
[INFO] Nothing to compile - all classes are up to date
[INFO] 
[INFO] --- maven-compiler-plugin:3.1:compile (default-compile) @ flink-runtime ---
[INFO] Changes detected - recompiling the module!
[INFO] Compiling 464 source files to /bam/scratch/tmp-rta/Bugs.jar_Flink_a17d4e82_java-7/flink-runtime/target/classes
[WARNING] /bam/scratch/tmp-rta/Bugs.jar_Flink_a17d4e82_java-7/flink-runtime/src/main/java/org/apache/flink/runtime/operators/chaining/ChainedCollectorMapDriver.java:[22,45] org.apache.flink.api.common.functions.GenericCollectorMap in org.apache.flink.api.common.functions has been deprecated
[WARNING] /bam/scratch/tmp-rta/Bugs.jar_Flink_a17d4e82_java-7/flink-runtime/src/main/java/org/apache/flink/runtime/operators/CollectorMapDriver.java:[23,45] org.apache.flink.api.common.functions.GenericCollectorMap in org.apache.flink.api.common.functions has been deprecated
[WARNING] /bam/scratch/tmp-rta/Bugs.jar_Flink_a17d4e82_java-7/flink-runtime/src/main/java/org/apache/flink/runtime/operators/CollectorMapDriver.java:[43,63] org.apache.flink.api.common.functions.GenericCollectorMap in org.apache.flink.api.common.functions has been deprecated
[WARNING] /bam/scratch/tmp-rta/Bugs.jar_Flink_a17d4e82_java-7/flink-runtime/src/main/java/org/apache/flink/runtime/util/SignalHandler.java:[21,16] sun.misc.Signal is internal proprietary API and may be removed in a future release
[WARNING] /bam/scratch/tmp-rta/Bugs.jar_Flink_a17d4e82_java-7/flink-runtime/src/main/java/org/apache/flink/runtime/util/SignalHandler.java:[32,57] sun.misc.SignalHandler is internal proprietary API and may be removed in a future release
[WARNING] /bam/scratch/tmp-rta/Bugs.jar_Flink_a17d4e82_java-7/flink-runtime/src/main/java/org/apache/flink/runtime/util/DataOutputSerializer.java:[303,38] sun.misc.Unsafe is internal proprietary API and may be removed in a future release
[WARNING] /bam/scratch/tmp-rta/Bugs.jar_Flink_a17d4e82_java-7/flink-runtime/src/main/java/org/apache/flink/runtime/util/DataInputDeserializer.java:[316,38] sun.misc.Unsafe is internal proprietary API and may be removed in a future release
[WARNING] /bam/scratch/tmp-rta/Bugs.jar_Flink_a17d4e82_java-7/flink-runtime/src/main/java/org/apache/flink/runtime/util/SignalHandler.java:[34,39] sun.misc.SignalHandler is internal proprietary API and may be removed in a future release
[WARNING] /bam/scratch/tmp-rta/Bugs.jar_Flink_a17d4e82_java-7/flink-runtime/src/main/java/org/apache/flink/runtime/util/SignalHandler.java:[38,57] sun.misc.Signal is internal proprietary API and may be removed in a future release
[WARNING] /bam/scratch/tmp-rta/Bugs.jar_Flink_a17d4e82_java-7/flink-runtime/src/main/java/org/apache/flink/runtime/util/SignalHandler.java:[38,39] sun.misc.Signal is internal proprietary API and may be removed in a future release
[WARNING] /bam/scratch/tmp-rta/Bugs.jar_Flink_a17d4e82_java-7/flink-runtime/src/main/java/org/apache/flink/runtime/util/SignalHandler.java:[47,36] sun.misc.Signal is internal proprietary API and may be removed in a future release
[WARNING] /bam/scratch/tmp-rta/Bugs.jar_Flink_a17d4e82_java-7/flink-runtime/src/main/java/org/apache/flink/runtime/jobmanager/web/JobManagerInfoServlet.java:[127,81] unchecked conversion
  required: scala.Tuple3<java.lang.Integer,java.lang.Integer,java.lang.Integer>
  found:    scala.Tuple3
[WARNING] /bam/scratch/tmp-rta/Bugs.jar_Flink_a17d4e82_java-7/flink-runtime/src/main/java/org/apache/flink/runtime/memorymanager/UnsafeMemorySegment.java:[385,38] sun.misc.Unsafe is internal proprietary API and may be removed in a future release
[WARNING] /bam/scratch/tmp-rta/Bugs.jar_Flink_a17d4e82_java-7/flink-runtime/src/main/java/org/apache/flink/runtime/util/DependencyVisitor.java:[191,29] visitMethodInsn(int,java.lang.String,java.lang.String,java.lang.String) in org.objectweb.asm.MethodVisitor has been deprecated
[INFO] 
[INFO] --- build-helper-maven-plugin:1.7:add-test-source (add-test-source) @ flink-runtime ---
[INFO] Test Source directory: /bam/scratch/tmp-rta/Bugs.jar_Flink_a17d4e82_java-7/flink-runtime/src/test/scala added.
[INFO] 
[INFO] --- maven-resources-plugin:2.6:testResources (default-testResources) @ flink-runtime ---
[INFO] Using 'UTF-8' encoding to copy filtered resources.
[INFO] Copying 2 resources
[INFO] Copying 3 resources
[INFO] 
[INFO] --- scala-maven-plugin:3.1.4:testCompile (scala-test-compile) @ flink-runtime ---
[INFO] Nothing to compile - all classes are up to date
[INFO] 
[INFO] --- maven-compiler-plugin:3.1:testCompile (default-testCompile) @ flink-runtime ---
[INFO] Nothing to compile - all classes are up to date
[INFO] 
[INFO] --- maven-surefire-plugin:2.17:test (default-test) @ flink-runtime ---
[INFO] Surefire report directory: /bam/scratch/tmp-rta/Bugs.jar_Flink_a17d4e82_java-7/flink-runtime/target/surefire-reports
[INFO] Downloading: https://repo.maven.apache.org/maven2/org/apache/maven/surefire/surefire-junit4/2.17/surefire-junit4-2.17.pom
[INFO] Downloaded: https://repo.maven.apache.org/maven2/org/apache/maven/surefire/surefire-junit4/2.17/surefire-junit4-2.17.pom (2.5 kB at 4.1 kB/s)
[INFO] Downloading: https://repo.maven.apache.org/maven2/org/apache/maven/surefire/surefire-providers/2.17/surefire-providers-2.17.pom
[INFO] Downloaded: https://repo.maven.apache.org/maven2/org/apache/maven/surefire/surefire-providers/2.17/surefire-providers-2.17.pom (2.4 kB at 3.3 kB/s)
[INFO] Downloading: https://repo.maven.apache.org/maven2/org/apache/maven/surefire/surefire-junit4/2.17/surefire-junit4-2.17.jar
[INFO] Downloaded: https://repo.maven.apache.org/maven2/org/apache/maven/surefire/surefire-junit4/2.17/surefire-junit4-2.17.jar (64 kB at 487 kB/s)

-------------------------------------------------------
 T E S T S
-------------------------------------------------------

-------------------------------------------------------
 T E S T S
-------------------------------------------------------
Picked up JAVA_TOOL_OPTIONS: -XX:CICompilerCount=2 -XX:ParallelGCThreads=2 -XX:ConcGCThreads=2 -Djdk.net.URLClassPath.disableClassPathURLCheck=true -XX:CICompilerCount=2 -XX:ParallelGCThreads=2 -XX:ConcGCThreads=2 -Djdk.net.URLClassPath.disableClassPathURLCheck=true 
Picked up _JAVA_OPTIONS: -Djdk.net.URLClassPath.disableClassPathURLCheck=true
Picked up JAVA_TOOL_OPTIONS: -XX:CICompilerCount=2 -XX:ParallelGCThreads=2 -XX:ConcGCThreads=2 -Djdk.net.URLClassPath.disableClassPathURLCheck=true -XX:CICompilerCount=2 -XX:ParallelGCThreads=2 -XX:ConcGCThreads=2 -Djdk.net.URLClassPath.disableClassPathURLCheck=true 
Picked up _JAVA_OPTIONS: -Djdk.net.URLClassPath.disableClassPathURLCheck=true
Picked up JAVA_TOOL_OPTIONS: -XX:CICompilerCount=2 -XX:ParallelGCThreads=2 -XX:ConcGCThreads=2 -Djdk.net.URLClassPath.disableClassPathURLCheck=true -XX:CICompilerCount=2 -XX:ParallelGCThreads=2 -XX:ConcGCThreads=2 -Djdk.net.URLClassPath.disableClassPathURLCheck=true 
Picked up _JAVA_OPTIONS: -Djdk.net.URLClassPath.disableClassPathURLCheck=true
Picked up JAVA_TOOL_OPTIONS: -XX:CICompilerCount=2 -XX:ParallelGCThreads=2 -XX:ConcGCThreads=2 -Djdk.net.URLClassPath.disableClassPathURLCheck=true -XX:CICompilerCount=2 -XX:ParallelGCThreads=2 -XX:ConcGCThreads=2 -Djdk.net.URLClassPath.disableClassPathURLCheck=true 
Picked up _JAVA_OPTIONS: -Djdk.net.URLClassPath.disableClassPathURLCheck=true
Picked up JAVA_TOOL_OPTIONS: -XX:CICompilerCount=2 -XX:ParallelGCThreads=2 -XX:ConcGCThreads=2 -Djdk.net.URLClassPath.disableClassPathURLCheck=true -XX:CICompilerCount=2 -XX:ParallelGCThreads=2 -XX:ConcGCThreads=2 -Djdk.net.URLClassPath.disableClassPathURLCheck=true 
Picked up JAVA_TOOL_OPTIONS: -XX:CICompilerCount=2 -XX:ParallelGCThreads=2 -XX:ConcGCThreads=2 -Djdk.net.URLClassPath.disableClassPathURLCheck=true -XX:CICompilerCount=2 -XX:ParallelGCThreads=2 -XX:ConcGCThreads=2 -Djdk.net.URLClassPath.disableClassPathURLCheck=true 
Picked up JAVA_TOOL_OPTIONS: -XX:CICompilerCount=2 -XX:ParallelGCThreads=2 -XX:ConcGCThreads=2 -Djdk.net.URLClassPath.disableClassPathURLCheck=true -XX:CICompilerCount=2 -XX:ParallelGCThreads=2 -XX:ConcGCThreads=2 -Djdk.net.URLClassPath.disableClassPathURLCheck=true 
Picked up JAVA_TOOL_OPTIONS: -XX:CICompilerCount=2 -XX:ParallelGCThreads=2 -XX:ConcGCThreads=2 -Djdk.net.URLClassPath.disableClassPathURLCheck=true -XX:CICompilerCount=2 -XX:ParallelGCThreads=2 -XX:ConcGCThreads=2 -Djdk.net.URLClassPath.disableClassPathURLCheck=true 
Picked up JAVA_TOOL_OPTIONS: -XX:CICompilerCount=2 -XX:ParallelGCThreads=2 -XX:ConcGCThreads=2 -Djdk.net.URLClassPath.disableClassPathURLCheck=true -XX:CICompilerCount=2 -XX:ParallelGCThreads=2 -XX:ConcGCThreads=2 -Djdk.net.URLClassPath.disableClassPathURLCheck=true 
Picked up JAVA_TOOL_OPTIONS: -XX:CICompilerCount=2 -XX:ParallelGCThreads=2 -XX:ConcGCThreads=2 -Djdk.net.URLClassPath.disableClassPathURLCheck=true -XX:CICompilerCount=2 -XX:ParallelGCThreads=2 -XX:ConcGCThreads=2 -Djdk.net.URLClassPath.disableClassPathURLCheck=true 
Picked up _JAVA_OPTIONS: -Djdk.net.URLClassPath.disableClassPathURLCheck=true
Picked up JAVA_TOOL_OPTIONS: -XX:CICompilerCount=2 -XX:ParallelGCThreads=2 -XX:ConcGCThreads=2 -Djdk.net.URLClassPath.disableClassPathURLCheck=true -XX:CICompilerCount=2 -XX:ParallelGCThreads=2 -XX:ConcGCThreads=2 -Djdk.net.URLClassPath.disableClassPathURLCheck=true 
Picked up JAVA_TOOL_OPTIONS: -XX:CICompilerCount=2 -XX:ParallelGCThreads=2 -XX:ConcGCThreads=2 -Djdk.net.URLClassPath.disableClassPathURLCheck=true -XX:CICompilerCount=2 -XX:ParallelGCThreads=2 -XX:ConcGCThreads=2 -Djdk.net.URLClassPath.disableClassPathURLCheck=true 
Picked up JAVA_TOOL_OPTIONS: -XX:CICompilerCount=2 -XX:ParallelGCThreads=2 -XX:ConcGCThreads=2 -Djdk.net.URLClassPath.disableClassPathURLCheck=true -XX:CICompilerCount=2 -XX:ParallelGCThreads=2 -XX:ConcGCThreads=2 -Djdk.net.URLClassPath.disableClassPathURLCheck=true 
Picked up JAVA_TOOL_OPTIONS: -XX:CICompilerCount=2 -XX:ParallelGCThreads=2 -XX:ConcGCThreads=2 -Djdk.net.URLClassPath.disableClassPathURLCheck=true -XX:CICompilerCount=2 -XX:ParallelGCThreads=2 -XX:ConcGCThreads=2 -Djdk.net.URLClassPath.disableClassPathURLCheck=true 
Picked up _JAVA_OPTIONS: -Djdk.net.URLClassPath.disableClassPathURLCheck=true
Picked up JAVA_TOOL_OPTIONS: -XX:CICompilerCount=2 -XX:ParallelGCThreads=2 -XX:ConcGCThreads=2 -Djdk.net.URLClassPath.disableClassPathURLCheck=true -XX:CICompilerCount=2 -XX:ParallelGCThreads=2 -XX:ConcGCThreads=2 -Djdk.net.URLClassPath.disableClassPathURLCheck=true 
Picked up JAVA_TOOL_OPTIONS: -XX:CICompilerCount=2 -XX:ParallelGCThreads=2 -XX:ConcGCThreads=2 -Djdk.net.URLClassPath.disableClassPathURLCheck=true -XX:CICompilerCount=2 -XX:ParallelGCThreads=2 -XX:ConcGCThreads=2 -Djdk.net.URLClassPath.disableClassPathURLCheck=true 
Picked up JAVA_TOOL_OPTIONS: -XX:CICompilerCount=2 -XX:ParallelGCThreads=2 -XX:ConcGCThreads=2 -Djdk.net.URLClassPath.disableClassPathURLCheck=true -XX:CICompilerCount=2 -XX:ParallelGCThreads=2 -XX:ConcGCThreads=2 -Djdk.net.URLClassPath.disableClassPathURLCheck=true 
Picked up JAVA_TOOL_OPTIONS: -XX:CICompilerCount=2 -XX:ParallelGCThreads=2 -XX:ConcGCThreads=2 -Djdk.net.URLClassPath.disableClassPathURLCheck=true -XX:CICompilerCount=2 -XX:ParallelGCThreads=2 -XX:ConcGCThreads=2 -Djdk.net.URLClassPath.disableClassPathURLCheck=true 
Picked up _JAVA_OPTIONS: -Djdk.net.URLClassPath.disableClassPathURLCheck=true
Picked up JAVA_TOOL_OPTIONS: -XX:CICompilerCount=2 -XX:ParallelGCThreads=2 -XX:ConcGCThreads=2 -Djdk.net.URLClassPath.disableClassPathURLCheck=true -XX:CICompilerCount=2 -XX:ParallelGCThreads=2 -XX:ConcGCThreads=2 -Djdk.net.URLClassPath.disableClassPathURLCheck=true 
Picked up _JAVA_OPTIONS: -Djdk.net.URLClassPath.disableClassPathURLCheck=true
Picked up _JAVA_OPTIONS: -Djdk.net.URLClassPath.disableClassPathURLCheck=true
Picked up _JAVA_OPTIONS: -Djdk.net.URLClassPath.disableClassPathURLCheck=true
Picked up JAVA_TOOL_OPTIONS: -XX:CICompilerCount=2 -XX:ParallelGCThreads=2 -XX:ConcGCThreads=2 -Djdk.net.URLClassPath.disableClassPathURLCheck=true -XX:CICompilerCount=2 -XX:ParallelGCThreads=2 -XX:ConcGCThreads=2 -Djdk.net.URLClassPath.disableClassPathURLCheck=true 
Picked up _JAVA_OPTIONS: -Djdk.net.URLClassPath.disableClassPathURLCheck=true
Picked up _JAVA_OPTIONS: -Djdk.net.URLClassPath.disableClassPathURLCheck=true
Picked up _JAVA_OPTIONS: -Djdk.net.URLClassPath.disableClassPathURLCheck=true
Picked up _JAVA_OPTIONS: -Djdk.net.URLClassPath.disableClassPathURLCheck=true
Picked up _JAVA_OPTIONS: -Djdk.net.URLClassPath.disableClassPathURLCheck=true
Picked up _JAVA_OPTIONS: -Djdk.net.URLClassPath.disableClassPathURLCheck=true
Picked up _JAVA_OPTIONS: -Djdk.net.URLClassPath.disableClassPathURLCheck=true
Picked up _JAVA_OPTIONS: -Djdk.net.URLClassPath.disableClassPathURLCheck=true
Picked up _JAVA_OPTIONS: -Djdk.net.URLClassPath.disableClassPathURLCheck=true
Picked up _JAVA_OPTIONS: -Djdk.net.URLClassPath.disableClassPathURLCheck=true
Picked up JAVA_TOOL_OPTIONS: -XX:CICompilerCount=2 -XX:ParallelGCThreads=2 -XX:ConcGCThreads=2 -Djdk.net.URLClassPath.disableClassPathURLCheck=true -XX:CICompilerCount=2 -XX:ParallelGCThreads=2 -XX:ConcGCThreads=2 -Djdk.net.URLClassPath.disableClassPathURLCheck=true 
Picked up _JAVA_OPTIONS: -Djdk.net.URLClassPath.disableClassPathURLCheck=true
Picked up JAVA_TOOL_OPTIONS: -XX:CICompilerCount=2 -XX:ParallelGCThreads=2 -XX:ConcGCThreads=2 -Djdk.net.URLClassPath.disableClassPathURLCheck=true -XX:CICompilerCount=2 -XX:ParallelGCThreads=2 -XX:ConcGCThreads=2 -Djdk.net.URLClassPath.disableClassPathURLCheck=true 
Picked up _JAVA_OPTIONS: -Djdk.net.URLClassPath.disableClassPathURLCheck=true
Picked up JAVA_TOOL_OPTIONS: -XX:CICompilerCount=2 -XX:ParallelGCThreads=2 -XX:ConcGCThreads=2 -Djdk.net.URLClassPath.disableClassPathURLCheck=true -XX:CICompilerCount=2 -XX:ParallelGCThreads=2 -XX:ConcGCThreads=2 -Djdk.net.URLClassPath.disableClassPathURLCheck=true 
Picked up _JAVA_OPTIONS: -Djdk.net.URLClassPath.disableClassPathURLCheck=true
Picked up JAVA_TOOL_OPTIONS: -XX:CICompilerCount=2 -XX:ParallelGCThreads=2 -XX:ConcGCThreads=2 -Djdk.net.URLClassPath.disableClassPathURLCheck=true -XX:CICompilerCount=2 -XX:ParallelGCThreads=2 -XX:ConcGCThreads=2 -Djdk.net.URLClassPath.disableClassPathURLCheck=true 
Picked up _JAVA_OPTIONS: -Djdk.net.URLClassPath.disableClassPathURLCheck=true
Picked up JAVA_TOOL_OPTIONS: -XX:CICompilerCount=2 -XX:ParallelGCThreads=2 -XX:ConcGCThreads=2 -Djdk.net.URLClassPath.disableClassPathURLCheck=true -XX:CICompilerCount=2 -XX:ParallelGCThreads=2 -XX:ConcGCThreads=2 -Djdk.net.URLClassPath.disableClassPathURLCheck=true 
Picked up _JAVA_OPTIONS: -Djdk.net.URLClassPath.disableClassPathURLCheck=true
Picked up JAVA_TOOL_OPTIONS: -XX:CICompilerCount=2 -XX:ParallelGCThreads=2 -XX:ConcGCThreads=2 -Djdk.net.URLClassPath.disableClassPathURLCheck=true -XX:CICompilerCount=2 -XX:ParallelGCThreads=2 -XX:ConcGCThreads=2 -Djdk.net.URLClassPath.disableClassPathURLCheck=true 
Picked up _JAVA_OPTIONS: -Djdk.net.URLClassPath.disableClassPathURLCheck=true
Picked up JAVA_TOOL_OPTIONS: -XX:CICompilerCount=2 -XX:ParallelGCThreads=2 -XX:ConcGCThreads=2 -Djdk.net.URLClassPath.disableClassPathURLCheck=true -XX:CICompilerCount=2 -XX:ParallelGCThreads=2 -XX:ConcGCThreads=2 -Djdk.net.URLClassPath.disableClassPathURLCheck=true 
Picked up _JAVA_OPTIONS: -Djdk.net.URLClassPath.disableClassPathURLCheck=true
Picked up JAVA_TOOL_OPTIONS: -XX:CICompilerCount=2 -XX:ParallelGCThreads=2 -XX:ConcGCThreads=2 -Djdk.net.URLClassPath.disableClassPathURLCheck=true -XX:CICompilerCount=2 -XX:ParallelGCThreads=2 -XX:ConcGCThreads=2 -Djdk.net.URLClassPath.disableClassPathURLCheck=true 
Picked up _JAVA_OPTIONS: -Djdk.net.URLClassPath.disableClassPathURLCheck=true
Picked up JAVA_TOOL_OPTIONS: -XX:CICompilerCount=2 -XX:ParallelGCThreads=2 -XX:ConcGCThreads=2 -Djdk.net.URLClassPath.disableClassPathURLCheck=true -XX:CICompilerCount=2 -XX:ParallelGCThreads=2 -XX:ConcGCThreads=2 -Djdk.net.URLClassPath.disableClassPathURLCheck=true 
Picked up _JAVA_OPTIONS: -Djdk.net.URLClassPath.disableClassPathURLCheck=true
Picked up JAVA_TOOL_OPTIONS: -XX:CICompilerCount=2 -XX:ParallelGCThreads=2 -XX:ConcGCThreads=2 -Djdk.net.URLClassPath.disableClassPathURLCheck=true -XX:CICompilerCount=2 -XX:ParallelGCThreads=2 -XX:ConcGCThreads=2 -Djdk.net.URLClassPath.disableClassPathURLCheck=true 
Picked up _JAVA_OPTIONS: -Djdk.net.URLClassPath.disableClassPathURLCheck=true
Running org.apache.flink.runtime.akka.FlinkActorTest
Picked up JAVA_TOOL_OPTIONS: -XX:CICompilerCount=2 -XX:ParallelGCThreads=2 -XX:ConcGCThreads=2 -Djdk.net.URLClassPath.disableClassPathURLCheck=true -XX:CICompilerCount=2 -XX:ParallelGCThreads=2 -XX:ConcGCThreads=2 -Djdk.net.URLClassPath.disableClassPathURLCheck=true 
Picked up _JAVA_OPTIONS: -Djdk.net.URLClassPath.disableClassPathURLCheck=true
Picked up JAVA_TOOL_OPTIONS: -XX:CICompilerCount=2 -XX:ParallelGCThreads=2 -XX:ConcGCThreads=2 -Djdk.net.URLClassPath.disableClassPathURLCheck=true -XX:CICompilerCount=2 -XX:ParallelGCThreads=2 -XX:ConcGCThreads=2 -Djdk.net.URLClassPath.disableClassPathURLCheck=true 
Picked up _JAVA_OPTIONS: -Djdk.net.URLClassPath.disableClassPathURLCheck=true
Running org.apache.flink.runtime.executiongraph.ExecutionVertexDeploymentTest
Running org.apache.flink.runtime.executiongraph.PointwisePatternTest
Running org.apache.flink.runtime.executiongraph.TerminalStateDeadlockTest
Running org.apache.flink.runtime.executiongraph.ExecutionGraphDeploymentTest
Running org.apache.flink.runtime.executiongraph.VertexSlotSharingTest
Running org.apache.flink.runtime.akka.FlinkUntypedActorTest
Running org.apache.flink.runtime.executiongraph.ExecutionStateProgressTest
Running org.apache.flink.runtime.executiongraph.ExecutionGraphConstructionTest
Running org.apache.flink.runtime.executiongraph.AllVerticesIteratorTest
Running org.apache.flink.runtime.jobmanager.JobManagerConnectionTest
Running org.apache.flink.runtime.executiongraph.VertexLocationConstraintTest
Running org.apache.flink.runtime.executiongraph.ExecutionVertexCancelTest
Running org.apache.flink.runtime.executiongraph.ExecutionVertexSchedulingTest
Running org.apache.flink.runtime.jobmanager.scheduler.SchedulerIsolatedTasksTest
Running org.apache.flink.runtime.jobmanager.scheduler.LifoSetQueueTest
Running org.apache.flink.runtime.jobmanager.scheduler.SchedulerSlotSharingTest
Running org.apache.flink.runtime.jobmanager.scheduler.ScheduleOrUpdateConsumersTest
Picked up JAVA_TOOL_OPTIONS: -XX:CICompilerCount=2 -XX:ParallelGCThreads=2 -XX:ConcGCThreads=2 -Djdk.net.URLClassPath.disableClassPathURLCheck=true -XX:CICompilerCount=2 -XX:ParallelGCThreads=2 -XX:ConcGCThreads=2 -Djdk.net.URLClassPath.disableClassPathURLCheck=true 
Running org.apache.flink.runtime.executiongraph.LocalInputSplitsTest
Picked up _JAVA_OPTIONS: -Djdk.net.URLClassPath.disableClassPathURLCheck=true
Picked up JAVA_TOOL_OPTIONS: -XX:CICompilerCount=2 -XX:ParallelGCThreads=2 -XX:ConcGCThreads=2 -Djdk.net.URLClassPath.disableClassPathURLCheck=true -XX:CICompilerCount=2 -XX:ParallelGCThreads=2 -XX:ConcGCThreads=2 -Djdk.net.URLClassPath.disableClassPathURLCheck=true 
Picked up _JAVA_OPTIONS: -Djdk.net.URLClassPath.disableClassPathURLCheck=true
Running org.apache.flink.runtime.jobmanager.scheduler.SetQueueTest
Picked up JAVA_TOOL_OPTIONS: -XX:CICompilerCount=2 -XX:ParallelGCThreads=2 -XX:ConcGCThreads=2 -Djdk.net.URLClassPath.disableClassPathURLCheck=true -XX:CICompilerCount=2 -XX:ParallelGCThreads=2 -XX:ConcGCThreads=2 -Djdk.net.URLClassPath.disableClassPathURLCheck=true 
Picked up _JAVA_OPTIONS: -Djdk.net.URLClassPath.disableClassPathURLCheck=true
Picked up JAVA_TOOL_OPTIONS: -XX:CICompilerCount=2 -XX:ParallelGCThreads=2 -XX:ConcGCThreads=2 -Djdk.net.URLClassPath.disableClassPathURLCheck=true -XX:CICompilerCount=2 -XX:ParallelGCThreads=2 -XX:ConcGCThreads=2 -Djdk.net.URLClassPath.disableClassPathURLCheck=true 
Picked up _JAVA_OPTIONS: -Djdk.net.URLClassPath.disableClassPathURLCheck=true
Picked up JAVA_TOOL_OPTIONS: -XX:CICompilerCount=2 -XX:ParallelGCThreads=2 -XX:ConcGCThreads=2 -Djdk.net.URLClassPath.disableClassPathURLCheck=true -XX:CICompilerCount=2 -XX:ParallelGCThreads=2 -XX:ConcGCThreads=2 -Djdk.net.URLClassPath.disableClassPathURLCheck=true 
Picked up _JAVA_OPTIONS: -Djdk.net.URLClassPath.disableClassPathURLCheck=true
Picked up JAVA_TOOL_OPTIONS: -XX:CICompilerCount=2 -XX:ParallelGCThreads=2 -XX:ConcGCThreads=2 -Djdk.net.URLClassPath.disableClassPathURLCheck=true -XX:CICompilerCount=2 -XX:ParallelGCThreads=2 -XX:ConcGCThreads=2 -Djdk.net.URLClassPath.disableClassPathURLCheck=true 
Picked up JAVA_TOOL_OPTIONS: -XX:CICompilerCount=2 -XX:ParallelGCThreads=2 -XX:ConcGCThreads=2 -Djdk.net.URLClassPath.disableClassPathURLCheck=true -XX:CICompilerCount=2 -XX:ParallelGCThreads=2 -XX:ConcGCThreads=2 -Djdk.net.URLClassPath.disableClassPathURLCheck=true 
Picked up _JAVA_OPTIONS: -Djdk.net.URLClassPath.disableClassPathURLCheck=true
Picked up _JAVA_OPTIONS: -Djdk.net.URLClassPath.disableClassPathURLCheck=true
Picked up JAVA_TOOL_OPTIONS: -XX:CICompilerCount=2 -XX:ParallelGCThreads=2 -XX:ConcGCThreads=2 -Djdk.net.URLClassPath.disableClassPathURLCheck=true -XX:CICompilerCount=2 -XX:ParallelGCThreads=2 -XX:ConcGCThreads=2 -Djdk.net.URLClassPath.disableClassPathURLCheck=true 
Picked up _JAVA_OPTIONS: -Djdk.net.URLClassPath.disableClassPathURLCheck=true
Picked up JAVA_TOOL_OPTIONS: -XX:CICompilerCount=2 -XX:ParallelGCThreads=2 -XX:ConcGCThreads=2 -Djdk.net.URLClassPath.disableClassPathURLCheck=true -XX:CICompilerCount=2 -XX:ParallelGCThreads=2 -XX:ConcGCThreads=2 -Djdk.net.URLClassPath.disableClassPathURLCheck=true 
Picked up _JAVA_OPTIONS: -Djdk.net.URLClassPath.disableClassPathURLCheck=true
Running org.apache.flink.runtime.io.network.api.reader.BufferReaderTest
Running org.apache.flink.runtime.io.network.api.serialization.PagedViewsTest
Picked up JAVA_TOOL_OPTIONS: -XX:CICompilerCount=2 -XX:ParallelGCThreads=2 -XX:ConcGCThreads=2 -Djdk.net.URLClassPath.disableClassPathURLCheck=true -XX:CICompilerCount=2 -XX:ParallelGCThreads=2 -XX:ConcGCThreads=2 -Djdk.net.URLClassPath.disableClassPathURLCheck=true 
Picked up _JAVA_OPTIONS: -Djdk.net.URLClassPath.disableClassPathURLCheck=true
Tests run: 2, Failures: 0, Errors: 0, Skipped: 0, Time elapsed: 0.062 sec - in org.apache.flink.runtime.jobmanager.scheduler.LifoSetQueueTest
Running org.apache.flink.runtime.io.network.api.writer.RecordWriterTest
Running org.apache.flink.runtime.io.network.api.serialization.EventSerializerTest
Running org.apache.flink.runtime.jobmanager.JobSubmitTest
Running org.apache.flink.runtime.io.network.api.reader.AbstractReaderTest
Picked up JAVA_TOOL_OPTIONS: -XX:CICompilerCount=2 -XX:ParallelGCThreads=2 -XX:ConcGCThreads=2 -Djdk.net.URLClassPath.disableClassPathURLCheck=true -XX:CICompilerCount=2 -XX:ParallelGCThreads=2 -XX:ConcGCThreads=2 -Djdk.net.URLClassPath.disableClassPathURLCheck=true 
Running org.apache.flink.runtime.jobmanager.JobManagerStartupTest
Running org.apache.flink.runtime.jobmanager.JobManagerProcessReapingTest
Picked up JAVA_TOOL_OPTIONS: -XX:CICompilerCount=2 -XX:ParallelGCThreads=2 -XX:ConcGCThreads=2 -Djdk.net.URLClassPath.disableClassPathURLCheck=true -XX:CICompilerCount=2 -XX:ParallelGCThreads=2 -XX:ConcGCThreads=2 -Djdk.net.URLClassPath.disableClassPathURLCheck=true 
Picked up JAVA_TOOL_OPTIONS: -XX:CICompilerCount=2 -XX:ParallelGCThreads=2 -XX:ConcGCThreads=2 -Djdk.net.URLClassPath.disableClassPathURLCheck=true -XX:CICompilerCount=2 -XX:ParallelGCThreads=2 -XX:ConcGCThreads=2 -Djdk.net.URLClassPath.disableClassPathURLCheck=true 
Running org.apache.flink.runtime.jobmanager.scheduler.SlotAllocationFutureTest
Picked up JAVA_TOOL_OPTIONS: -XX:CICompilerCount=2 -XX:ParallelGCThreads=2 -XX:ConcGCThreads=2 -Djdk.net.URLClassPath.disableClassPathURLCheck=true -XX:CICompilerCount=2 -XX:ParallelGCThreads=2 -XX:ConcGCThreads=2 -Djdk.net.URLClassPath.disableClassPathURLCheck=true 
Picked up JAVA_TOOL_OPTIONS: -XX:CICompilerCount=2 -XX:ParallelGCThreads=2 -XX:ConcGCThreads=2 -Djdk.net.URLClassPath.disableClassPathURLCheck=true -XX:CICompilerCount=2 -XX:ParallelGCThreads=2 -XX:ConcGCThreads=2 -Djdk.net.URLClassPath.disableClassPathURLCheck=true 
Picked up JAVA_TOOL_OPTIONS: -XX:CICompilerCount=2 -XX:ParallelGCThreads=2 -XX:ConcGCThreads=2 -Djdk.net.URLClassPath.disableClassPathURLCheck=true -XX:CICompilerCount=2 -XX:ParallelGCThreads=2 -XX:ConcGCThreads=2 -Djdk.net.URLClassPath.disableClassPathURLCheck=true 
Picked up _JAVA_OPTIONS: -Djdk.net.URLClassPath.disableClassPathURLCheck=true
Picked up JAVA_TOOL_OPTIONS: -XX:CICompilerCount=2 -XX:ParallelGCThreads=2 -XX:ConcGCThreads=2 -Djdk.net.URLClassPath.disableClassPathURLCheck=true -XX:CICompilerCount=2 -XX:ParallelGCThreads=2 -XX:ConcGCThreads=2 -Djdk.net.URLClassPath.disableClassPathURLCheck=true 
Picked up _JAVA_OPTIONS: -Djdk.net.URLClassPath.disableClassPathURLCheck=true
Picked up JAVA_TOOL_OPTIONS: -XX:CICompilerCount=2 -XX:ParallelGCThreads=2 -XX:ConcGCThreads=2 -Djdk.net.URLClassPath.disableClassPathURLCheck=true -XX:CICompilerCount=2 -XX:ParallelGCThreads=2 -XX:ConcGCThreads=2 -Djdk.net.URLClassPath.disableClassPathURLCheck=true 
Picked up _JAVA_OPTIONS: -Djdk.net.URLClassPath.disableClassPathURLCheck=true
Picked up JAVA_TOOL_OPTIONS: -XX:CICompilerCount=2 -XX:ParallelGCThreads=2 -XX:ConcGCThreads=2 -Djdk.net.URLClassPath.disableClassPathURLCheck=true -XX:CICompilerCount=2 -XX:ParallelGCThreads=2 -XX:ConcGCThreads=2 -Djdk.net.URLClassPath.disableClassPathURLCheck=true 
Picked up _JAVA_OPTIONS: -Djdk.net.URLClassPath.disableClassPathURLCheck=true
Running org.apache.flink.runtime.jobmanager.JobManagerTest
Picked up _JAVA_OPTIONS: -Djdk.net.URLClassPath.disableClassPathURLCheck=true
Running org.apache.flink.runtime.jobmanager.scheduler.CoLocationConstraintTest
Picked up JAVA_TOOL_OPTIONS: -XX:CICompilerCount=2 -XX:ParallelGCThreads=2 -XX:ConcGCThreads=2 -Djdk.net.URLClassPath.disableClassPathURLCheck=true -XX:CICompilerCount=2 -XX:ParallelGCThreads=2 -XX:ConcGCThreads=2 -Djdk.net.URLClassPath.disableClassPathURLCheck=true 
Picked up _JAVA_OPTIONS: -Djdk.net.URLClassPath.disableClassPathURLCheck=true
Picked up JAVA_TOOL_OPTIONS: -XX:CICompilerCount=2 -XX:ParallelGCThreads=2 -XX:ConcGCThreads=2 -Djdk.net.URLClassPath.disableClassPathURLCheck=true -XX:CICompilerCount=2 -XX:ParallelGCThreads=2 -XX:ConcGCThreads=2 -Djdk.net.URLClassPath.disableClassPathURLCheck=true 
Picked up JAVA_TOOL_OPTIONS: -XX:CICompilerCount=2 -XX:ParallelGCThreads=2 -XX:ConcGCThreads=2 -Djdk.net.URLClassPath.disableClassPathURLCheck=true -XX:CICompilerCount=2 -XX:ParallelGCThreads=2 -XX:ConcGCThreads=2 -Djdk.net.URLClassPath.disableClassPathURLCheck=true 
Running org.apache.flink.runtime.jobmanager.SlotCountExceedingParallelismTest
Running org.apache.flink.runtime.jobmanager.scheduler.ScheduleWithCoLocationHintTest
Picked up _JAVA_OPTIONS: -Djdk.net.URLClassPath.disableClassPathURLCheck=true
Picked up _JAVA_OPTIONS: -Djdk.net.URLClassPath.disableClassPathURLCheck=true
Picked up JAVA_TOOL_OPTIONS: -XX:CICompilerCount=2 -XX:ParallelGCThreads=2 -XX:ConcGCThreads=2 -Djdk.net.URLClassPath.disableClassPathURLCheck=true -XX:CICompilerCount=2 -XX:ParallelGCThreads=2 -XX:ConcGCThreads=2 -Djdk.net.URLClassPath.disableClassPathURLCheck=true 
Picked up _JAVA_OPTIONS: -Djdk.net.URLClassPath.disableClassPathURLCheck=true
Picked up JAVA_TOOL_OPTIONS: -XX:CICompilerCount=2 -XX:ParallelGCThreads=2 -XX:ConcGCThreads=2 -Djdk.net.URLClassPath.disableClassPathURLCheck=true -XX:CICompilerCount=2 -XX:ParallelGCThreads=2 -XX:ConcGCThreads=2 -Djdk.net.URLClassPath.disableClassPathURLCheck=true 
Picked up _JAVA_OPTIONS: -Djdk.net.URLClassPath.disableClassPathURLCheck=true
Picked up JAVA_TOOL_OPTIONS: -XX:CICompilerCount=2 -XX:ParallelGCThreads=2 -XX:ConcGCThreads=2 -Djdk.net.URLClassPath.disableClassPathURLCheck=true -XX:CICompilerCount=2 -XX:ParallelGCThreads=2 -XX:ConcGCThreads=2 -Djdk.net.URLClassPath.disableClassPathURLCheck=true 
Picked up _JAVA_OPTIONS: -Djdk.net.URLClassPath.disableClassPathURLCheck=true
Picked up JAVA_TOOL_OPTIONS: -XX:CICompilerCount=2 -XX:ParallelGCThreads=2 -XX:ConcGCThreads=2 -Djdk.net.URLClassPath.disableClassPathURLCheck=true -XX:CICompilerCount=2 -XX:ParallelGCThreads=2 -XX:ConcGCThreads=2 -Djdk.net.URLClassPath.disableClassPathURLCheck=true 
Picked up _JAVA_OPTIONS: -Djdk.net.URLClassPath.disableClassPathURLCheck=true
Picked up JAVA_TOOL_OPTIONS: -XX:CICompilerCount=2 -XX:ParallelGCThreads=2 -XX:ConcGCThreads=2 -Djdk.net.URLClassPath.disableClassPathURLCheck=true -XX:CICompilerCount=2 -XX:ParallelGCThreads=2 -XX:ConcGCThreads=2 -Djdk.net.URLClassPath.disableClassPathURLCheck=true 
Picked up _JAVA_OPTIONS: -Djdk.net.URLClassPath.disableClassPathURLCheck=true
Picked up JAVA_TOOL_OPTIONS: -XX:CICompilerCount=2 -XX:ParallelGCThreads=2 -XX:ConcGCThreads=2 -Djdk.net.URLClassPath.disableClassPathURLCheck=true -XX:CICompilerCount=2 -XX:ParallelGCThreads=2 -XX:ConcGCThreads=2 -Djdk.net.URLClassPath.disableClassPathURLCheck=true 
Picked up _JAVA_OPTIONS: -Djdk.net.URLClassPath.disableClassPathURLCheck=true
Picked up JAVA_TOOL_OPTIONS: -XX:CICompilerCount=2 -XX:ParallelGCThreads=2 -XX:ConcGCThreads=2 -Djdk.net.URLClassPath.disableClassPathURLCheck=true -XX:CICompilerCount=2 -XX:ParallelGCThreads=2 -XX:ConcGCThreads=2 -Djdk.net.URLClassPath.disableClassPathURLCheck=true 
Picked up _JAVA_OPTIONS: -Djdk.net.URLClassPath.disableClassPathURLCheck=true
Running org.apache.flink.runtime.io.network.partition.SpilledSubpartitionViewAsyncIOTest
Picked up _JAVA_OPTIONS: -Djdk.net.URLClassPath.disableClassPathURLCheck=true
Picked up JAVA_TOOL_OPTIONS: -XX:CICompilerCount=2 -XX:ParallelGCThreads=2 -XX:ConcGCThreads=2 -Djdk.net.URLClassPath.disableClassPathURLCheck=true -XX:CICompilerCount=2 -XX:ParallelGCThreads=2 -XX:ConcGCThreads=2 -Djdk.net.URLClassPath.disableClassPathURLCheck=true 
Running org.apache.flink.runtime.io.network.partition.consumer.InputChannelTest
Picked up JAVA_TOOL_OPTIONS: -XX:CICompilerCount=2 -XX:ParallelGCThreads=2 -XX:ConcGCThreads=2 -Djdk.net.URLClassPath.disableClassPathURLCheck=true -XX:CICompilerCount=2 -XX:ParallelGCThreads=2 -XX:ConcGCThreads=2 -Djdk.net.URLClassPath.disableClassPathURLCheck=true 
Picked up _JAVA_OPTIONS: -Djdk.net.URLClassPath.disableClassPathURLCheck=true
Picked up JAVA_TOOL_OPTIONS: -XX:CICompilerCount=2 -XX:ParallelGCThreads=2 -XX:ConcGCThreads=2 -Djdk.net.URLClassPath.disableClassPathURLCheck=true -XX:CICompilerCount=2 -XX:ParallelGCThreads=2 -XX:ConcGCThreads=2 -Djdk.net.URLClassPath.disableClassPathURLCheck=true 
Picked up JAVA_TOOL_OPTIONS: -XX:CICompilerCount=2 -XX:ParallelGCThreads=2 -XX:ConcGCThreads=2 -Djdk.net.URLClassPath.disableClassPathURLCheck=true -XX:CICompilerCount=2 -XX:ParallelGCThreads=2 -XX:ConcGCThreads=2 -Djdk.net.URLClassPath.disableClassPathURLCheck=true 
Picked up _JAVA_OPTIONS: -Djdk.net.URLClassPath.disableClassPathURLCheck=true
Picked up JAVA_TOOL_OPTIONS: -XX:CICompilerCount=2 -XX:ParallelGCThreads=2 -XX:ConcGCThreads=2 -Djdk.net.URLClassPath.disableClassPathURLCheck=true -XX:CICompilerCount=2 -XX:ParallelGCThreads=2 -XX:ConcGCThreads=2 -Djdk.net.URLClassPath.disableClassPathURLCheck=true 
Picked up _JAVA_OPTIONS: -Djdk.net.URLClassPath.disableClassPathURLCheck=true
Running org.apache.flink.runtime.io.network.partition.consumer.LocalInputChannelTest
Running org.apache.flink.runtime.io.network.partition.ProducerFailedExceptionTest
Picked up JAVA_TOOL_OPTIONS: -XX:CICompilerCount=2 -XX:ParallelGCThreads=2 -XX:ConcGCThreads=2 -Djdk.net.URLClassPath.disableClassPathURLCheck=true -XX:CICompilerCount=2 -XX:ParallelGCThreads=2 -XX:ConcGCThreads=2 -Djdk.net.URLClassPath.disableClassPathURLCheck=true 
Picked up _JAVA_OPTIONS: -Djdk.net.URLClassPath.disableClassPathURLCheck=true
Running org.apache.flink.runtime.io.network.partition.PipelinedSubpartitionTest
Picked up JAVA_TOOL_OPTIONS: -XX:CICompilerCount=2 -XX:ParallelGCThreads=2 -XX:ConcGCThreads=2 -Djdk.net.URLClassPath.disableClassPathURLCheck=true -XX:CICompilerCount=2 -XX:ParallelGCThreads=2 -XX:ConcGCThreads=2 -Djdk.net.URLClassPath.disableClassPathURLCheck=true 
Picked up _JAVA_OPTIONS: -Djdk.net.URLClassPath.disableClassPathURLCheck=true
Picked up JAVA_TOOL_OPTIONS: -XX:CICompilerCount=2 -XX:ParallelGCThreads=2 -XX:ConcGCThreads=2 -Djdk.net.URLClassPath.disableClassPathURLCheck=true -XX:CICompilerCount=2 -XX:ParallelGCThreads=2 -XX:ConcGCThreads=2 -Djdk.net.URLClassPath.disableClassPathURLCheck=true 
Picked up _JAVA_OPTIONS: -Djdk.net.URLClassPath.disableClassPathURLCheck=true
Picked up _JAVA_OPTIONS: -Djdk.net.URLClassPath.disableClassPathURLCheck=true
Picked up JAVA_TOOL_OPTIONS: -XX:CICompilerCount=2 -XX:ParallelGCThreads=2 -XX:ConcGCThreads=2 -Djdk.net.URLClassPath.disableClassPathURLCheck=true -XX:CICompilerCount=2 -XX:ParallelGCThreads=2 -XX:ConcGCThreads=2 -Djdk.net.URLClassPath.disableClassPathURLCheck=true 
Picked up JAVA_TOOL_OPTIONS: -XX:CICompilerCount=2 -XX:ParallelGCThreads=2 -XX:ConcGCThreads=2 -Djdk.net.URLClassPath.disableClassPathURLCheck=true -XX:CICompilerCount=2 -XX:ParallelGCThreads=2 -XX:ConcGCThreads=2 -Djdk.net.URLClassPath.disableClassPathURLCheck=true 
Picked up _JAVA_OPTIONS: -Djdk.net.URLClassPath.disableClassPathURLCheck=true
Running org.apache.flink.runtime.io.network.buffer.BufferPoolFactoryTest
Running org.apache.flink.runtime.io.network.netty.ServerTransportErrorHandlingTest
Picked up JAVA_TOOL_OPTIONS: -XX:CICompilerCount=2 -XX:ParallelGCThreads=2 -XX:ConcGCThreads=2 -Djdk.net.URLClassPath.disableClassPathURLCheck=true -XX:CICompilerCount=2 -XX:ParallelGCThreads=2 -XX:ConcGCThreads=2 -Djdk.net.URLClassPath.disableClassPathURLCheck=true 
Running org.apache.flink.runtime.io.network.buffer.NetworkBufferPoolTest
Picked up _JAVA_OPTIONS: -Djdk.net.URLClassPath.disableClassPathURLCheck=true
Picked up _JAVA_OPTIONS: -Djdk.net.URLClassPath.disableClassPathURLCheck=true
Running org.apache.flink.runtime.io.network.api.serialization.SpanningRecordSerializerTest
Picked up _JAVA_OPTIONS: -Djdk.net.URLClassPath.disableClassPathURLCheck=true
Picked up _JAVA_OPTIONS: -Djdk.net.URLClassPath.disableClassPathURLCheck=true
Picked up JAVA_TOOL_OPTIONS: -XX:CICompilerCount=2 -XX:ParallelGCThreads=2 -XX:ConcGCThreads=2 -Djdk.net.URLClassPath.disableClassPathURLCheck=true -XX:CICompilerCount=2 -XX:ParallelGCThreads=2 -XX:ConcGCThreads=2 -Djdk.net.URLClassPath.disableClassPathURLCheck=true 
Picked up _JAVA_OPTIONS: -Djdk.net.URLClassPath.disableClassPathURLCheck=true
Picked up _JAVA_OPTIONS: -Djdk.net.URLClassPath.disableClassPathURLCheck=true
Picked up JAVA_TOOL_OPTIONS: -XX:CICompilerCount=2 -XX:ParallelGCThreads=2 -XX:ConcGCThreads=2 -Djdk.net.URLClassPath.disableClassPathURLCheck=true -XX:CICompilerCount=2 -XX:ParallelGCThreads=2 -XX:ConcGCThreads=2 -Djdk.net.URLClassPath.disableClassPathURLCheck=true 
Picked up _JAVA_OPTIONS: -Djdk.net.URLClassPath.disableClassPathURLCheck=true
Picked up JAVA_TOOL_OPTIONS: -XX:CICompilerCount=2 -XX:ParallelGCThreads=2 -XX:ConcGCThreads=2 -Djdk.net.URLClassPath.disableClassPathURLCheck=true -XX:CICompilerCount=2 -XX:ParallelGCThreads=2 -XX:ConcGCThreads=2 -Djdk.net.URLClassPath.disableClassPathURLCheck=true 
Picked up _JAVA_OPTIONS: -Djdk.net.URLClassPath.disableClassPathURLCheck=true
Running org.apache.flink.runtime.io.network.partition.SpilledSubpartitionViewSyncIOTest
Picked up _JAVA_OPTIONS: -Djdk.net.URLClassPath.disableClassPathURLCheck=true
Running org.apache.flink.runtime.io.network.partition.consumer.UnionInputGateTest
Running org.apache.flink.runtime.io.network.buffer.BufferTest
Running org.apache.flink.runtime.io.network.api.serialization.SpanningRecordSerializationTest
Running org.apache.flink.runtime.io.network.buffer.LocalBufferPoolTest
Running org.apache.flink.runtime.io.network.partition.consumer.RemoteInputChannelTest
Running org.apache.flink.runtime.io.network.partition.consumer.SingleInputGateTest
Running org.apache.flink.runtime.io.network.netty.CancelPartitionRequestTest
Running org.apache.flink.runtime.io.network.partition.PartialConsumePipelinedResultTest
Running org.apache.flink.runtime.io.network.partition.SpilledSubpartitionViewTest
Running org.apache.flink.runtime.io.network.partition.SpillableSubpartitionTest
Tests run: 2, Failures: 0, Errors: 0, Skipped: 0, Time elapsed: 0.088 sec - in org.apache.flink.runtime.jobmanager.scheduler.SetQueueTest
Picked up JAVA_TOOL_OPTIONS: -XX:CICompilerCount=2 -XX:ParallelGCThreads=2 -XX:ConcGCThreads=2 -Djdk.net.URLClassPath.disableClassPathURLCheck=true -XX:CICompilerCount=2 -XX:ParallelGCThreads=2 -XX:ConcGCThreads=2 -Djdk.net.URLClassPath.disableClassPathURLCheck=true 
Picked up _JAVA_OPTIONS: -Djdk.net.URLClassPath.disableClassPathURLCheck=true
Picked up JAVA_TOOL_OPTIONS: -XX:CICompilerCount=2 -XX:ParallelGCThreads=2 -XX:ConcGCThreads=2 -Djdk.net.URLClassPath.disableClassPathURLCheck=true -XX:CICompilerCount=2 -XX:ParallelGCThreads=2 -XX:ConcGCThreads=2 -Djdk.net.URLClassPath.disableClassPathURLCheck=true 
Picked up _JAVA_OPTIONS: -Djdk.net.URLClassPath.disableClassPathURLCheck=true
Picked up JAVA_TOOL_OPTIONS: -XX:CICompilerCount=2 -XX:ParallelGCThreads=2 -XX:ConcGCThreads=2 -Djdk.net.URLClassPath.disableClassPathURLCheck=true -XX:CICompilerCount=2 -XX:ParallelGCThreads=2 -XX:ConcGCThreads=2 -Djdk.net.URLClassPath.disableClassPathURLCheck=true 
Picked up _JAVA_OPTIONS: -Djdk.net.URLClassPath.disableClassPathURLCheck=true
Tests run: 2, Failures: 0, Errors: 0, Skipped: 0, Time elapsed: 0.099 sec - in org.apache.flink.runtime.io.network.partition.ProducerFailedExceptionTest
Picked up JAVA_TOOL_OPTIONS: -XX:CICompilerCount=2 -XX:ParallelGCThreads=2 -XX:ConcGCThreads=2 -Djdk.net.URLClassPath.disableClassPathURLCheck=true -XX:CICompilerCount=2 -XX:ParallelGCThreads=2 -XX:ConcGCThreads=2 -Djdk.net.URLClassPath.disableClassPathURLCheck=true 
Picked up _JAVA_OPTIONS: -Djdk.net.URLClassPath.disableClassPathURLCheck=true
Picked up JAVA_TOOL_OPTIONS: -XX:CICompilerCount=2 -XX:ParallelGCThreads=2 -XX:ConcGCThreads=2 -Djdk.net.URLClassPath.disableClassPathURLCheck=true -XX:CICompilerCount=2 -XX:ParallelGCThreads=2 -XX:ConcGCThreads=2 -Djdk.net.URLClassPath.disableClassPathURLCheck=true 
Picked up _JAVA_OPTIONS: -Djdk.net.URLClassPath.disableClassPathURLCheck=true
Running org.apache.flink.runtime.io.network.netty.PartitionRequestClientFactoryTest
Picked up JAVA_TOOL_OPTIONS: -XX:CICompilerCount=2 -XX:ParallelGCThreads=2 -XX:ConcGCThreads=2 -Djdk.net.URLClassPath.disableClassPathURLCheck=true -XX:CICompilerCount=2 -XX:ParallelGCThreads=2 -XX:ConcGCThreads=2 -Djdk.net.URLClassPath.disableClassPathURLCheck=true 
Picked up _JAVA_OPTIONS: -Djdk.net.URLClassPath.disableClassPathURLCheck=true
Picked up JAVA_TOOL_OPTIONS: -XX:CICompilerCount=2 -XX:ParallelGCThreads=2 -XX:ConcGCThreads=2 -Djdk.net.URLClassPath.disableClassPathURLCheck=true -XX:CICompilerCount=2 -XX:ParallelGCThreads=2 -XX:ConcGCThreads=2 -Djdk.net.URLClassPath.disableClassPathURLCheck=true 
Picked up _JAVA_OPTIONS: -Djdk.net.URLClassPath.disableClassPathURLCheck=true
Tests run: 2, Failures: 0, Errors: 0, Skipped: 0, Time elapsed: 0.299 sec - in org.apache.flink.runtime.jobmanager.scheduler.CoLocationConstraintTest
Tests run: 2, Failures: 0, Errors: 0, Skipped: 0, Time elapsed: 0.315 sec - in org.apache.flink.runtime.io.network.buffer.NetworkBufferPoolTest
Picked up JAVA_TOOL_OPTIONS: -XX:CICompilerCount=2 -XX:ParallelGCThreads=2 -XX:ConcGCThreads=2 -Djdk.net.URLClassPath.disableClassPathURLCheck=true -XX:CICompilerCount=2 -XX:ParallelGCThreads=2 -XX:ConcGCThreads=2 -Djdk.net.URLClassPath.disableClassPathURLCheck=true 
Picked up _JAVA_OPTIONS: -Djdk.net.URLClassPath.disableClassPathURLCheck=true
Picked up JAVA_TOOL_OPTIONS: -XX:CICompilerCount=2 -XX:ParallelGCThreads=2 -XX:ConcGCThreads=2 -Djdk.net.URLClassPath.disableClassPathURLCheck=true -XX:CICompilerCount=2 -XX:ParallelGCThreads=2 -XX:ConcGCThreads=2 -Djdk.net.URLClassPath.disableClassPathURLCheck=true 
Picked up _JAVA_OPTIONS: -Djdk.net.URLClassPath.disableClassPathURLCheck=true
Tests run: 1, Failures: 0, Errors: 0, Skipped: 0, Time elapsed: 0.394 sec - in org.apache.flink.runtime.io.network.api.serialization.EventSerializerTest
Tests run: 7, Failures: 0, Errors: 0, Skipped: 0, Time elapsed: 0.415 sec - in org.apache.flink.runtime.io.network.buffer.BufferPoolFactoryTest
Tests run: 3, Failures: 0, Errors: 0, Skipped: 0, Time elapsed: 0.432 sec - in org.apache.flink.runtime.jobmanager.scheduler.SlotAllocationFutureTest
Picked up JAVA_TOOL_OPTIONS: -XX:CICompilerCount=2 -XX:ParallelGCThreads=2 -XX:ConcGCThreads=2 -Djdk.net.URLClassPath.disableClassPathURLCheck=true -XX:CICompilerCount=2 -XX:ParallelGCThreads=2 -XX:ConcGCThreads=2 -Djdk.net.URLClassPath.disableClassPathURLCheck=true 
Picked up _JAVA_OPTIONS: -Djdk.net.URLClassPath.disableClassPathURLCheck=true
Picked up JAVA_TOOL_OPTIONS: -XX:CICompilerCount=2 -XX:ParallelGCThreads=2 -XX:ConcGCThreads=2 -Djdk.net.URLClassPath.disableClassPathURLCheck=true -XX:CICompilerCount=2 -XX:ParallelGCThreads=2 -XX:ConcGCThreads=2 -Djdk.net.URLClassPath.disableClassPathURLCheck=true 
Picked up _JAVA_OPTIONS: -Djdk.net.URLClassPath.disableClassPathURLCheck=true
Tests run: 4, Failures: 0, Errors: 0, Skipped: 0, Time elapsed: 0.529 sec - in org.apache.flink.runtime.io.network.api.reader.AbstractReaderTest
Picked up JAVA_TOOL_OPTIONS: -XX:CICompilerCount=2 -XX:ParallelGCThreads=2 -XX:ConcGCThreads=2 -Djdk.net.URLClassPath.disableClassPathURLCheck=true -XX:CICompilerCount=2 -XX:ParallelGCThreads=2 -XX:ConcGCThreads=2 -Djdk.net.URLClassPath.disableClassPathURLCheck=true 
Picked up _JAVA_OPTIONS: -Djdk.net.URLClassPath.disableClassPathURLCheck=true
Running org.apache.flink.runtime.io.network.netty.NettyMessageSerializationTest
Running org.apache.flink.runtime.io.network.netty.PartitionRequestQueueTest
Picked up JAVA_TOOL_OPTIONS: -XX:CICompilerCount=2 -XX:ParallelGCThreads=2 -XX:ConcGCThreads=2 -Djdk.net.URLClassPath.disableClassPathURLCheck=true -XX:CICompilerCount=2 -XX:ParallelGCThreads=2 -XX:ConcGCThreads=2 -Djdk.net.URLClassPath.disableClassPathURLCheck=true 
Picked up _JAVA_OPTIONS: -Djdk.net.URLClassPath.disableClassPathURLCheck=true
Picked up JAVA_TOOL_OPTIONS: -XX:CICompilerCount=2 -XX:ParallelGCThreads=2 -XX:ConcGCThreads=2 -Djdk.net.URLClassPath.disableClassPathURLCheck=true -XX:CICompilerCount=2 -XX:ParallelGCThreads=2 -XX:ConcGCThreads=2 -Djdk.net.URLClassPath.disableClassPathURLCheck=true 
Picked up _JAVA_OPTIONS: -Djdk.net.URLClassPath.disableClassPathURLCheck=true
Picked up JAVA_TOOL_OPTIONS: -XX:CICompilerCount=2 -XX:ParallelGCThreads=2 -XX:ConcGCThreads=2 -Djdk.net.URLClassPath.disableClassPathURLCheck=true -XX:CICompilerCount=2 -XX:ParallelGCThreads=2 -XX:ConcGCThreads=2 -Djdk.net.URLClassPath.disableClassPathURLCheck=true 
Picked up _JAVA_OPTIONS: -Djdk.net.URLClassPath.disableClassPathURLCheck=true
Picked up JAVA_TOOL_OPTIONS: -XX:CICompilerCount=2 -XX:ParallelGCThreads=2 -XX:ConcGCThreads=2 -Djdk.net.URLClassPath.disableClassPathURLCheck=true -XX:CICompilerCount=2 -XX:ParallelGCThreads=2 -XX:ConcGCThreads=2 -Djdk.net.URLClassPath.disableClassPathURLCheck=true 
Picked up _JAVA_OPTIONS: -Djdk.net.URLClassPath.disableClassPathURLCheck=true
Picked up JAVA_TOOL_OPTIONS: -XX:CICompilerCount=2 -XX:ParallelGCThreads=2 -XX:ConcGCThreads=2 -Djdk.net.URLClassPath.disableClassPathURLCheck=true -XX:CICompilerCount=2 -XX:ParallelGCThreads=2 -XX:ConcGCThreads=2 -Djdk.net.URLClassPath.disableClassPathURLCheck=true 
Picked up _JAVA_OPTIONS: -Djdk.net.URLClassPath.disableClassPathURLCheck=true
Picked up JAVA_TOOL_OPTIONS: -XX:CICompilerCount=2 -XX:ParallelGCThreads=2 -XX:ConcGCThreads=2 -Djdk.net.URLClassPath.disableClassPathURLCheck=true -XX:CICompilerCount=2 -XX:ParallelGCThreads=2 -XX:ConcGCThreads=2 -Djdk.net.URLClassPath.disableClassPathURLCheck=true 
Picked up _JAVA_OPTIONS: -Djdk.net.URLClassPath.disableClassPathURLCheck=true
Picked up JAVA_TOOL_OPTIONS: -XX:CICompilerCount=2 -XX:ParallelGCThreads=2 -XX:ConcGCThreads=2 -Djdk.net.URLClassPath.disableClassPathURLCheck=true -XX:CICompilerCount=2 -XX:ParallelGCThreads=2 -XX:ConcGCThreads=2 -Djdk.net.URLClassPath.disableClassPathURLCheck=true 
Picked up _JAVA_OPTIONS: -Djdk.net.URLClassPath.disableClassPathURLCheck=true
Running org.apache.flink.runtime.io.network.netty.PartitionRequestClientHandlerTest
Picked up JAVA_TOOL_OPTIONS: -XX:CICompilerCount=2 -XX:ParallelGCThreads=2 -XX:ConcGCThreads=2 -Djdk.net.URLClassPath.disableClassPathURLCheck=true -XX:CICompilerCount=2 -XX:ParallelGCThreads=2 -XX:ConcGCThreads=2 -Djdk.net.URLClassPath.disableClassPathURLCheck=true 
Picked up _JAVA_OPTIONS: -Djdk.net.URLClassPath.disableClassPathURLCheck=true
Running org.apache.flink.runtime.io.network.NetworkEnvironmentTest
Running org.apache.flink.runtime.io.network.serialization.LargeRecordsTest
Running org.apache.flink.runtime.io.network.netty.ClientTransportErrorHandlingTest
Running org.apache.flink.runtime.io.network.netty.NettyServerLowAndHighWatermarkTest
Running org.apache.flink.runtime.io.network.DataExchangeModeTest
Running org.apache.flink.runtime.io.network.DefaultChannelSelectorTest
Running org.apache.flink.runtime.io.disk.iomanager.IOManagerAsyncTest
Picked up JAVA_TOOL_OPTIONS: -XX:CICompilerCount=2 -XX:ParallelGCThreads=2 -XX:ConcGCThreads=2 -Djdk.net.URLClassPath.disableClassPathURLCheck=true -XX:CICompilerCount=2 -XX:ParallelGCThreads=2 -XX:ConcGCThreads=2 -Djdk.net.URLClassPath.disableClassPathURLCheck=true 
Picked up _JAVA_OPTIONS: -Djdk.net.URLClassPath.disableClassPathURLCheck=true
Picked up JAVA_TOOL_OPTIONS: -XX:CICompilerCount=2 -XX:ParallelGCThreads=2 -XX:ConcGCThreads=2 -Djdk.net.URLClassPath.disableClassPathURLCheck=true -XX:CICompilerCount=2 -XX:ParallelGCThreads=2 -XX:ConcGCThreads=2 -Djdk.net.URLClassPath.disableClassPathURLCheck=true 
Picked up _JAVA_OPTIONS: -Djdk.net.URLClassPath.disableClassPathURLCheck=true
Picked up JAVA_TOOL_OPTIONS: -XX:CICompilerCount=2 -XX:ParallelGCThreads=2 -XX:ConcGCThreads=2 -Djdk.net.URLClassPath.disableClassPathURLCheck=true -XX:CICompilerCount=2 -XX:ParallelGCThreads=2 -XX:ConcGCThreads=2 -Djdk.net.URLClassPath.disableClassPathURLCheck=true 
Picked up _JAVA_OPTIONS: -Djdk.net.URLClassPath.disableClassPathURLCheck=true
Picked up JAVA_TOOL_OPTIONS: -XX:CICompilerCount=2 -XX:ParallelGCThreads=2 -XX:ConcGCThreads=2 -Djdk.net.URLClassPath.disableClassPathURLCheck=true -XX:CICompilerCount=2 -XX:ParallelGCThreads=2 -XX:ConcGCThreads=2 -Djdk.net.URLClassPath.disableClassPathURLCheck=true 
Picked up _JAVA_OPTIONS: -Djdk.net.URLClassPath.disableClassPathURLCheck=true
Running org.apache.flink.runtime.io.disk.iomanager.AsynchronousBufferFileWriterTest
Running org.apache.flink.runtime.io.disk.iomanager.BufferFileWriterFileSegmentReaderTest
Running org.apache.flink.runtime.io.disk.FileChannelStreamsTest
Picked up JAVA_TOOL_OPTIONS: -XX:CICompilerCount=2 -XX:ParallelGCThreads=2 -XX:ConcGCThreads=2 -Djdk.net.URLClassPath.disableClassPathURLCheck=true -XX:CICompilerCount=2 -XX:ParallelGCThreads=2 -XX:ConcGCThreads=2 -Djdk.net.URLClassPath.disableClassPathURLCheck=true 
Picked up _JAVA_OPTIONS: -Djdk.net.URLClassPath.disableClassPathURLCheck=true
Running org.apache.flink.runtime.io.disk.iomanager.AsynchronousFileIOChannelTest
Running org.apache.flink.runtime.io.disk.ChannelViewsTest
Running org.apache.flink.runtime.io.disk.iomanager.BufferFileWriterReaderTest
Running org.apache.flink.runtime.io.disk.iomanager.IOManagerTest
Picked up JAVA_TOOL_OPTIONS: -XX:CICompilerCount=2 -XX:ParallelGCThreads=2 -XX:ConcGCThreads=2 -Djdk.net.URLClassPath.disableClassPathURLCheck=true -XX:CICompilerCount=2 -XX:ParallelGCThreads=2 -XX:ConcGCThreads=2 -Djdk.net.URLClassPath.disableClassPathURLCheck=true 
Picked up _JAVA_OPTIONS: -Djdk.net.URLClassPath.disableClassPathURLCheck=true
Running org.apache.flink.runtime.io.disk.SeekableFileChannelInputViewTest
Picked up JAVA_TOOL_OPTIONS: -XX:CICompilerCount=2 -XX:ParallelGCThreads=2 -XX:ConcGCThreads=2 -Djdk.net.URLClassPath.disableClassPathURLCheck=true -XX:CICompilerCount=2 -XX:ParallelGCThreads=2 -XX:ConcGCThreads=2 -Djdk.net.URLClassPath.disableClassPathURLCheck=true 
Picked up _JAVA_OPTIONS: -Djdk.net.URLClassPath.disableClassPathURLCheck=true
Picked up JAVA_TOOL_OPTIONS: -XX:CICompilerCount=2 -XX:ParallelGCThreads=2 -XX:ConcGCThreads=2 -Djdk.net.URLClassPath.disableClassPathURLCheck=true -XX:CICompilerCount=2 -XX:ParallelGCThreads=2 -XX:ConcGCThreads=2 -Djdk.net.URLClassPath.disableClassPathURLCheck=true 
Picked up JAVA_TOOL_OPTIONS: -XX:CICompilerCount=2 -XX:ParallelGCThreads=2 -XX:ConcGCThreads=2 -Djdk.net.URLClassPath.disableClassPathURLCheck=true -XX:CICompilerCount=2 -XX:ParallelGCThreads=2 -XX:ConcGCThreads=2 -Djdk.net.URLClassPath.disableClassPathURLCheck=true 
Picked up _JAVA_OPTIONS: -Djdk.net.URLClassPath.disableClassPathURLCheck=true
Running org.apache.flink.runtime.blob.BlobCacheRetriesTest
Picked up _JAVA_OPTIONS: -Djdk.net.URLClassPath.disableClassPathURLCheck=true
Running org.apache.flink.runtime.io.disk.SpillingBufferTest
Running org.apache.flink.runtime.instance.InstanceConnectionInfoTest
Running org.apache.flink.runtime.instance.SharedSlotsTest
Running org.apache.flink.runtime.instance.SimpleSlotTest
Running org.apache.flink.runtime.blob.BlobUtilsTest
Running org.apache.flink.runtime.blob.BlobServerGetTest
Running org.apache.flink.runtime.instance.InstanceManagerTest
Running org.apache.flink.runtime.blob.BlobKeyTest
Running org.apache.flink.runtime.blob.BlobServerDeleteTest
Picked up JAVA_TOOL_OPTIONS: -XX:CICompilerCount=2 -XX:ParallelGCThreads=2 -XX:ConcGCThreads=2 -Djdk.net.URLClassPath.disableClassPathURLCheck=true -XX:CICompilerCount=2 -XX:ParallelGCThreads=2 -XX:ConcGCThreads=2 -Djdk.net.URLClassPath.disableClassPathURLCheck=true 
Picked up _JAVA_OPTIONS: -Djdk.net.URLClassPath.disableClassPathURLCheck=true
Running org.apache.flink.runtime.blob.BlobClientTest
Running org.apache.flink.runtime.instance.InstanceTest
Running org.apache.flink.runtime.instance.HardwareTest
Running org.apache.flink.runtime.operators.sort.NormalizedKeySorterTest
Running org.apache.flink.runtime.operators.sort.LargeRecordHandlerTest
Running org.apache.flink.runtime.operators.sort.FixedLengthRecordSorterTest
Running org.apache.flink.runtime.operators.sort.MergeIteratorTest
Picked up JAVA_TOOL_OPTIONS: -XX:CICompilerCount=2 -XX:ParallelGCThreads=2 -XX:ConcGCThreads=2 -Djdk.net.URLClassPath.disableClassPathURLCheck=true -XX:CICompilerCount=2 -XX:ParallelGCThreads=2 -XX:ConcGCThreads=2 -Djdk.net.URLClassPath.disableClassPathURLCheck=true 
Picked up JAVA_TOOL_OPTIONS: -XX:CICompilerCount=2 -XX:ParallelGCThreads=2 -XX:ConcGCThreads=2 -Djdk.net.URLClassPath.disableClassPathURLCheck=true -XX:CICompilerCount=2 -XX:ParallelGCThreads=2 -XX:ConcGCThreads=2 -Djdk.net.URLClassPath.disableClassPathURLCheck=true 
Picked up _JAVA_OPTIONS: -Djdk.net.URLClassPath.disableClassPathURLCheck=true
Picked up JAVA_TOOL_OPTIONS: -XX:CICompilerCount=2 -XX:ParallelGCThreads=2 -XX:ConcGCThreads=2 -Djdk.net.URLClassPath.disableClassPathURLCheck=true -XX:CICompilerCount=2 -XX:ParallelGCThreads=2 -XX:ConcGCThreads=2 -Djdk.net.URLClassPath.disableClassPathURLCheck=true 
Picked up _JAVA_OPTIONS: -Djdk.net.URLClassPath.disableClassPathURLCheck=true
Picked up _JAVA_OPTIONS: -Djdk.net.URLClassPath.disableClassPathURLCheck=true
Running org.apache.flink.runtime.blob.BlobCacheSuccessTest
Running org.apache.flink.runtime.blob.BlobServerPutTest
Running org.apache.flink.runtime.operators.hash.CompactingHashTableTest
Running org.apache.flink.runtime.operators.drivers.AllReduceDriverTest
Running org.apache.flink.runtime.operators.drivers.AllGroupReduceDriverTest
Running org.apache.flink.runtime.operators.drivers.ReduceDriverTest
Running org.apache.flink.runtime.operators.resettable.NonReusingBlockResettableIteratorTest
Running org.apache.flink.runtime.operators.chaining.ChainTaskTest
Running org.apache.flink.runtime.operators.DataSinkTaskTest
Running org.apache.flink.runtime.operators.ReduceTaskTest
Running org.apache.flink.runtime.operators.resettable.SpillingResettableIteratorTest
Running org.apache.flink.runtime.operators.resettable.SpillingResettableMutableObjectIteratorTest
Running org.apache.flink.runtime.operators.resettable.BlockResettableMutableObjectIteratorTest
Running org.apache.flink.runtime.operators.util.OutputEmitterTest
Running org.apache.flink.runtime.operators.DataSourceTaskTest
Running org.apache.flink.runtime.operators.hash.MemoryHashTableTest
Running org.apache.flink.runtime.operators.drivers.ReduceCombineDriverTest
Running org.apache.flink.runtime.operators.CombineTaskTest
Running org.apache.flink.runtime.operators.util.BloomFilterTest
Running org.apache.flink.runtime.operators.CrossTaskTest
Running org.apache.flink.runtime.operators.resettable.ReusingBlockResettableIteratorTest
Running org.apache.flink.runtime.operators.drivers.GroupReduceDriverTest
Running org.apache.flink.runtime.operators.CachedMatchTaskTest
Running org.apache.flink.runtime.operators.CombinerOversizedRecordsTest
Running org.apache.flink.runtime.operators.CoGroupTaskTest
Running org.apache.flink.runtime.operators.MatchTaskTest
Running org.apache.flink.runtime.operators.util.RecordOutputEmitterTest
Running org.apache.flink.runtime.operators.MapTaskTest
Signal 15 (TERM) caught by ps (procps-ng version 3.3.10).
ps:display.c:66: please report this bug
Signal 15 (TERM) caught by ps (procps-ng version 3.3.10).
ps:display.c:66: please report this bug
Terminate 24798!
Killed 24798! at /bam/scratch/jmcampos/RTA/repair_them_all_framework/jdks/jdk1.7.0_80/jre/bin/java line 73.
Terminate 26394!
Killed 26394! at /bam/scratch/jmcampos/RTA/repair_them_all_framework/jdks/jdk1.7.0_80/jre/bin/java line 73.
Terminate 25713!
Killed 25713! at /bam/scratch/jmcampos/RTA/repair_them_all_framework/jdks/jdk1.7.0_80/jre/bin/java line 73.
Terminate 25592!
Killed 25592! at /bam/scratch/jmcampos/RTA/repair_them_all_framework/jdks/jdk1.7.0_80/jre/bin/java line 73.
Terminate 25846!
Killed 25846! at /bam/scratch/jmcampos/RTA/repair_them_all_framework/jdks/jdk1.7.0_80/jre/bin/java line 73.
Terminate 25280!
Killed 25280! at /bam/scratch/jmcampos/RTA/repair_them_all_framework/jdks/jdk1.7.0_80/jre/bin/java line 73.
Terminate 26378!
Killed 26378! at /bam/scratch/jmcampos/RTA/repair_them_all_framework/jdks/jdk1.7.0_80/jre/bin/java line 73.
Terminate 26373!
Killed 26373! at /bam/scratch/jmcampos/RTA/repair_them_all_framework/jdks/jdk1.7.0_80/jre/bin/java line 73.
Terminate 25370!
Killed 25370! at /bam/scratch/jmcampos/RTA/repair_them_all_framework/jdks/jdk1.7.0_80/jre/bin/java line 73.
Terminate 26376!
Killed 26376! at /bam/scratch/jmcampos/RTA/repair_them_all_framework/jdks/jdk1.7.0_80/jre/bin/java line 73.
Terminate 25576!
Killed 25576! at /bam/scratch/jmcampos/RTA/repair_them_all_framework/jdks/jdk1.7.0_80/jre/bin/java line 73.
Terminate 25697!
Killed 25697! at /bam/scratch/jmcampos/RTA/repair_them_all_framework/jdks/jdk1.7.0_80/jre/bin/java line 73.
Terminate 24608!
Killed 24608! at /bam/scratch/jmcampos/RTA/repair_them_all_framework/jdks/jdk1.7.0_80/jre/bin/java line 73.
Terminate 25055!
Killed 25055! at /bam/scratch/jmcampos/RTA/repair_them_all_framework/jdks/jdk1.7.0_80/jre/bin/java line 73.
Terminate 24784!
Killed 24784! at /bam/scratch/jmcampos/RTA/repair_them_all_framework/jdks/jdk1.7.0_80/jre/bin/java line 73.
Terminate 25380!
Terminate 25350!
Terminate 25196!
Killed 25196! at /bam/scratch/jmcampos/RTA/repair_them_all_framework/jdks/jdk1.7.0_80/jre/bin/java line 73.
Terminate 25175!
Killed 25175! at /bam/scratch/jmcampos/RTA/repair_them_all_framework/jdks/jdk1.7.0_80/jre/bin/java line 73.
java.io.IOException: I/O channel already closed. Could not fulfill: org.apache.flink.runtime.io.disk.iomanager.SegmentWriteRequeKilled 25350! at /bam/scratch/jmcampos/RTA/repair_them_all_framework/jdks/jdk1.7.0_80/jre/bin/java line 73.
st@7342f820
Killed 25380! at /bam/scratch/jmcampos/RTA/repair_them_all_framework/jdks/jdk1.7.0_80/jre/bin/java line 73.
	at org.apache.flink.runtime.io.disk.iomanager.AsynchronousFileIOChannel.addRequest(AsynchronousFileIOChannel.java:249)
	at org.apache.flink.runtime.io.disk.iomanager.AsynchronousBlockWriterWithCallback.writeBlock(AsynchronousBlockWriterWithCallback.java:54)
	at org.apache.flink.runtime.io.disk.iomanager.AsynchronousBlockWriterWithCallback.writeBlock(AsynchronousBlockWriterWithCallback.java:29)
	at org.apache.flink.runtime.io.disk.FileChannelOutputView.writeSegment(FileChannelOutputView.java:144)
Terminate 25096!
Killed 25096! at /bam/scratch/jmcampos/RTA/repair_them_all_framework/jdks/jdk1.7.0_80/jre/bin/java line 73.
Terminate 25113!
Killed 25113! at /bam/scratch/jmcampos/RTA/repair_them_all_framework/jdks/jdk1.7.0_80/jre/bin/java line 73.
Terminate 25125!
Killed 25125! at /bam/scratch/jmcampos/RTA/repair_them_all_framework/jdks/jdk1.7.0_80/jre/bin/java line 73.
Terminate 26528!
Killed 26528! at /bam/scratch/jmcampos/RTA/repair_them_all_framework/jdks/jdk1.7.0_80/jre/bin/java line 73.
Terminate 25185!
Killed 25185! at /bam/scratch/jmcampos/RTA/repair_them_all_framework/jdks/jdk1.7.0_80/jre/bin/java line 73.
Terminate 25073!
Killed 25073! at /bam/scratch/jmcampos/RTA/repair_them_all_framework/jdks/jdk1.7.0_80/jre/bin/java line 73.
Terminate 25588!
Killed 25588! at /bam/scratch/jmcampos/RTA/repair_them_all_framework/jdks/jdk1.7.0_80/jre/bin/java line 73.
Terminate 25725!
Killed 25725! at /bam/scratch/jmcampos/RTA/repair_them_all_framework/jdks/jdk1.7.0_80/jre/bin/java line 73.
Terminate 25201!
Killed 25201! at /bam/scratch/jmcampos/RTA/repair_them_all_framework/jdks/jdk1.7.0_80/jre/bin/java line 73.
Terminate 25597!
Killed 25597! at /bam/scratch/jmcampos/RTA/repair_them_all_framework/jdks/jdk1.7.0_80/jre/bin/java line 73.
Terminate 25514!
Terminate 25203!
Killed 25203! at /bam/scratch/jmcampos/RTA/repair_them_all_framework/jdks/jdk1.7.0_80/jre/bin/java line 73.
Killed 25514! at /bam/scratch/jmcampos/RTA/repair_them_all_framework/jdks/jdk1.7.0_80/jre/bin/java line 73.
Terminate 25070!
Killed 25070! at /bam/scratch/jmcampos/RTA/repair_them_all_framework/jdks/jdk1.7.0_80/jre/bin/java line 73.
Terminate 25079!
Killed 25079! at /bam/scratch/jmcampos/RTA/repair_them_all_framework/jdks/jdk1.7.0_80/jre/bin/java line 73.
Terminate 25317!
Killed 25317! at /bam/scratch/jmcampos/RTA/repair_them_all_framework/jdks/jdk1.7.0_80/jre/bin/java line 73.
Terminate 25416!
Killed 25416! at /bam/scratch/jmcampos/RTA/repair_them_all_framework/jdks/jdk1.7.0_80/jre/bin/java line 73.
Terminate 25016!
Killed 25016! at /bam/scratch/jmcampos/RTA/repair_them_all_framework/jdks/jdk1.7.0_80/jre/bin/java line 73.
Terminate 24536!
Killed 24536! at /bam/scratch/jmcampos/RTA/repair_them_all_framework/jdks/jdk1.7.0_80/jre/bin/java line 73.
Terminate 26043!
Killed 26043! at /bam/scratch/jmcampos/RTA/repair_them_all_framework/jdks/jdk1.7.0_80/jre/bin/java line 73.
Terminate 25609!
Killed 25609! at /bam/scratch/jmcampos/RTA/repair_them_all_framework/jdks/jdk1.7.0_80/jre/bin/java line 73.
Terminate 25228!
Killed 25228! at /bam/scratch/jmcampos/RTA/repair_them_all_framework/jdks/jdk1.7.0_80/jre/bin/java line 73.
Terminate 25372!
Killed 25372! at /bam/scratch/jmcampos/RTA/repair_them_all_framework/jdks/jdk1.7.0_80/jre/bin/java line 73.
Terminate 25049!
Killed 25049! at /bam/scratch/jmcampos/RTA/repair_them_all_framework/jdks/jdk1.7.0_80/jre/bin/java line 73.
Terminate 24577!
Killed 24577! at /bam/scratch/jmcampos/RTA/repair_them_all_framework/jdks/jdk1.7.0_80/jre/bin/java line 73.
Terminate 25536!
Killed 25536! at /bam/scratch/jmcampos/RTA/repair_them_all_framework/jdks/jdk1.7.0_80/jre/bin/java line 73.
Terminate 25133!
Killed 25133! at /bam/scratch/jmcampos/RTA/repair_them_all_framework/jdks/jdk1.7.0_80/jre/bin/java line 73.
Terminate 24582!
Killed 24582! at /bam/scratch/jmcampos/RTA/repair_them_all_framework/jdks/jdk1.7.0_80/jre/bin/java line 73.
Terminate 25321!
Killed 25321! at /bam/scratch/jmcampos/RTA/repair_them_all_framework/jdks/jdk1.7.0_80/jre/bin/java line 73.
Terminate 25745!
Killed 25745! at /bam/scratch/jmcampos/RTA/repair_them_all_framework/jdks/jdk1.7.0_80/jre/bin/java line 73.
Terminate 26375!
Killed 26375! at /bam/scratch/jmcampos/RTA/repair_them_all_framework/jdks/jdk1.7.0_80/jre/bin/java line 73.
Terminate 25129!
Killed 25129! at /bam/scratch/jmcampos/RTA/repair_them_all_framework/jdks/jdk1.7.0_80/jre/bin/java line 73.
Terminate 25100!
Killed 25100! at /bam/scratch/jmcampos/RTA/repair_them_all_framework/jdks/jdk1.7.0_80/jre/bin/java line 73.
Terminate 24683!
Killed 24683! at /bam/scratch/jmcampos/RTA/repair_them_all_framework/jdks/jdk1.7.0_80/jre/bin/java line 73.
Terminate 24574!
Killed 24574! at /bam/scratch/jmcampos/RTA/repair_them_all_framework/jdks/jdk1.7.0_80/jre/bin/java line 73.
Terminate 24729!
Killed 24729! at /bam/scratch/jmcampos/RTA/repair_them_all_framework/jdks/jdk1.7.0_80/jre/bin/java line 73.
Terminate 24945!
Killed 24945! at /bam/scratch/jmcampos/RTA/repair_them_all_framework/jdks/jdk1.7.0_80/jre/bin/java line 73.
Terminate 24542!
Killed 24542! at /bam/scratch/jmcampos/RTA/repair_them_all_framework/jdks/jdk1.7.0_80/jre/bin/java line 73.
Terminate 25086!
Killed 25086! at /bam/scratch/jmcampos/RTA/repair_them_all_framework/jdks/jdk1.7.0_80/jre/bin/java line 73.
Terminate 25240!
Killed 25240! at /bam/scratch/jmcampos/RTA/repair_them_all_framework/jdks/jdk1.7.0_80/jre/bin/java line 73.
Terminate 24545!
Killed 24545! at /bam/scratch/jmcampos/RTA/repair_them_all_framework/jdks/jdk1.7.0_80/jre/bin/java line 73.
Terminate 25139!
Killed 25139! at /bam/scratch/jmcampos/RTA/repair_them_all_framework/jdks/jdk1.7.0_80/jre/bin/java line 73.
Terminate 25340!
Killed 25340! at /bam/scratch/jmcampos/RTA/repair_them_all_framework/jdks/jdk1.7.0_80/jre/bin/java line 73.
Terminate 25151!
Killed 25151! at /bam/scratch/jmcampos/RTA/repair_them_all_framework/jdks/jdk1.7.0_80/jre/bin/java line 73.
Terminate 24735!
Killed 24735! at /bam/scratch/jmcampos/RTA/repair_them_all_framework/jdks/jdk1.7.0_80/jre/bin/java line 73.
Terminate 25477!
Killed 25477! at /bam/scratch/jmcampos/RTA/repair_them_all_framework/jdks/jdk1.7.0_80/jre/bin/java line 73.
Terminate 24512!
Killed 24512! at /bam/scratch/jmcampos/RTA/repair_them_all_framework/jdks/jdk1.7.0_80/jre/bin/java line 73.
Terminate 25170!
Killed 25170! at /bam/scratch/jmcampos/RTA/repair_them_all_framework/jdks/jdk1.7.0_80/jre/bin/java line 73.
Terminate 25666!
Killed 25666! at /bam/scratch/jmcampos/RTA/repair_them_all_framework/jdks/jdk1.7.0_80/jre/bin/java line 73.
Terminate 24734!
Killed 24734! at /bam/scratch/jmcampos/RTA/repair_them_all_framework/jdks/jdk1.7.0_80/jre/bin/java line 73.
Terminate 24623!
Killed 24623! at /bam/scratch/jmcampos/RTA/repair_them_all_framework/jdks/jdk1.7.0_80/jre/bin/java line 73.
Terminate 24908!
Killed 24908! at /bam/scratch/jmcampos/RTA/repair_them_all_framework/jdks/jdk1.7.0_80/jre/bin/java line 73.
Terminate 24845!
Killed 24845! at /bam/scratch/jmcampos/RTA/repair_them_all_framework/jdks/jdk1.7.0_80/jre/bin/java line 73.
Terminate 24703!
Killed 24703! at /bam/scratch/jmcampos/RTA/repair_them_all_framework/jdks/jdk1.7.0_80/jre/bin/java line 73.
Terminate 24863!
Killed 24863! at /bam/scratch/jmcampos/RTA/repair_them_all_framework/jdks/jdk1.7.0_80/jre/bin/java line 73.
Terminate 24775!
Killed 24775! at /bam/scratch/jmcampos/RTA/repair_them_all_framework/jdks/jdk1.7.0_80/jre/bin/java line 73.
Terminate 24998!
Killed 24998! at /bam/scratch/jmcampos/RTA/repair_them_all_framework/jdks/jdk1.7.0_80/jre/bin/java line 73.
Terminate 25239!
Killed 25239! at /bam/scratch/jmcampos/RTA/repair_them_all_framework/jdks/jdk1.7.0_80/jre/bin/java line 73.
Terminate 24631!
Terminate 24881!
Killed 24881! at /bam/scratch/jmcampos/RTA/repair_them_all_framework/jdks/jdk1.7.0_80/jre/bin/java line 73.
Terminate 24830!
Killed 24830! at /bam/scratch/jmcampos/RTA/repair_them_all_framework/jdks/jdk1.7.0_80/jre/bin/java line 73.
Killed 24631! at /bam/scratch/jmcampos/RTA/repair_them_all_framework/jdks/jdk1.7.0_80/jre/bin/java line 73.
Terminate 24828!
Terminate 24544!
Killed 24544! at /bam/scratch/jmcampos/RTA/repair_them_all_framework/jdks/jdk1.7.0_80/jre/bin/java line 73.
Terminate 24876!
Terminate 24857!
Killed 24857! at /bam/scratch/jmcampos/RTA/repair_them_all_framework/jdks/jdk1.7.0_80/jre/bin/java line 73.
Terminate 25085!
Terminate 24719!
Terminate 25173!
Killed 25173! at /bam/scratch/jmcampos/RTA/repair_them_all_framework/jdks/jdk1.7.0_80/jre/bin/java line 73.
Killed 25085! at /bam/scratch/jmcampos/RTA/repair_them_all_framework/jdks/jdk1.7.0_80/jre/bin/java line 73.
Terminate 24618!
Killed 24618! at /bam/scratch/jmcampos/RTA/repair_them_all_framework/jdks/jdk1.7.0_80/jre/bin/java line 73.
Killed 24876! at /bam/scratch/jmcampos/RTA/repair_them_all_framework/jdks/jdk1.7.0_80/jre/bin/java line 73.
Terminate 24917!
Killed 24917! at /bam/scratch/jmcampos/RTA/repair_them_all_framework/jdks/jdk1.7.0_80/jre/bin/java line 73.
Terminate 25327!
Killed 25327! at /bam/scratch/jmcampos/RTA/repair_them_all_framework/jdks/jdk1.7.0_80/jre/bin/java line 73.
Terminate 24780!
Killed 24780! at /bam/scratch/jmcampos/RTA/repair_them_all_framework/jdks/jdk1.7.0_80/jre/bin/java line 73.
Killed 24828! at /bam/scratch/jmcampos/RTA/repair_them_all_framework/jdks/jdk1.7.0_80/jre/bin/java line 73.
Terminate 24886!
Terminate 24680!
Killed 24680! at /bam/scratch/jmcampos/RTA/repair_them_all_framework/jdks/jdk1.7.0_80/jre/bin/java line 73.
Terminate 24681!
Killed 24681! at /bam/scratch/jmcampos/RTA/repair_them_all_framework/jdks/jdk1.7.0_80/jre/bin/java line 73.
Terminate 25302!
Killed 25302! at /bam/scratch/jmcampos/RTA/repair_them_all_framework/jdks/jdk1.7.0_80/jre/bin/java line 73.
Terminate 24850!
Killed 24719! at /bam/scratch/jmcampos/RTA/repair_them_all_framework/jdks/jdk1.7.0_80/jre/bin/java line 73.
Terminate 26318!
Killed 26318! at /bam/scratch/jmcampos/RTA/repair_them_all_framework/jdks/jdk1.7.0_80/jre/bin/java line 73.
Killed 24850! at /bam/scratch/jmcampos/RTA/repair_them_all_framework/jdks/jdk1.7.0_80/jre/bin/java line 73.
Terminate 24695!
Killed 24695! at /bam/scratch/jmcampos/RTA/repair_them_all_framework/jdks/jdk1.7.0_80/jre/bin/java line 73.
Killed 24886! at /bam/scratch/jmcampos/RTA/repair_them_all_framework/jdks/jdk1.7.0_80/jre/bin/java line 73.
Terminate 24541!
Killed 24541! at /bam/scratch/jmcampos/RTA/repair_them_all_framework/jdks/jdk1.7.0_80/jre/bin/java line 73.
Terminate 25121!
Killed 25121! at /bam/scratch/jmcampos/RTA/repair_them_all_framework/jdks/jdk1.7.0_80/jre/bin/java line 73.
Terminate 24931!
Killed 24931! at /bam/scratch/jmcampos/RTA/repair_them_all_framework/jdks/jdk1.7.0_80/jre/bin/java line 73.
Terminate 24579!
Killed 24579! at /bam/scratch/jmcampos/RTA/repair_them_all_framework/jdks/jdk1.7.0_80/jre/bin/java line 73.
Tests run: 9, Failures: 0, Errors: 0, Skipped: 0, Time elapsed: 0.131 sec - in org.apache.flink.runtime.operators.util.BloomFilterTest
Tests run: 2, Failures: 0, Errors: 0, Skipped: 0, Time elapsed: 0.696 sec - in org.apache.flink.runtime.io.network.buffer.BufferTest
Terminate 25216!
Killed 25216! at /bam/scratch/jmcampos/RTA/repair_them_all_framework/jdks/jdk1.7.0_80/jre/bin/java line 73.
Terminate 24585!
Killed 24585! at /bam/scratch/jmcampos/RTA/repair_them_all_framework/jdks/jdk1.7.0_80/jre/bin/java line 73.
Tests run: 3, Failures: 0, Errors: 0, Skipped: 0, Time elapsed: 0.203 sec - in org.apache.flink.runtime.io.network.DataExchangeModeTest
Terminate 25303!
Killed 25303! at /bam/scratch/jmcampos/RTA/repair_them_all_framework/jdks/jdk1.7.0_80/jre/bin/java line 73.
Tests run: 1, Failures: 0, Errors: 0, Skipped: 0, Time elapsed: 0.13 sec - in org.apache.flink.runtime.io.network.DefaultChannelSelectorTest
Tests run: 4, Failures: 0, Errors: 0, Skipped: 0, Time elapsed: 0.055 sec - in org.apache.flink.runtime.blob.BlobKeyTest
Terminate 25573!
Killed 25573! at /bam/scratch/jmcampos/RTA/repair_them_all_framework/jdks/jdk1.7.0_80/jre/bin/java line 73.
Terminate 25132!
Killed 25132! at /bam/scratch/jmcampos/RTA/repair_them_all_framework/jdks/jdk1.7.0_80/jre/bin/java line 73.
Tests run: 8, Failures: 0, Errors: 0, Skipped: 0, Time elapsed: 0.075 sec - in org.apache.flink.runtime.instance.SharedSlotsTest
Terminate 24779!
Killed 24779! at /bam/scratch/jmcampos/RTA/repair_them_all_framework/jdks/jdk1.7.0_80/jre/bin/java line 73.
Tests run: 1, Failures: 0, Errors: 1, Skipped: 0, Time elapsed: 0.941 sec <<< FAILURE! - in org.apache.flink.runtime.io.network.partition.SpilledSubpartitionViewAsyncIOTest
testWriteConsume(org.apache.flink.runtime.io.network.partition.SpilledSubpartitionViewAsyncIOTest)  Time elapsed: 0.601 sec  <<< ERROR!
java.io.IOException: I/O channel already closed. Could not fulfill: org.apache.flink.runtime.io.disk.iomanager.BufferReadRequest@736afade
	at org.apache.flink.runtime.io.disk.iomanager.AsynchronousFileIOChannel.addRequest(AsynchronousFileIOChannel.java:249)
	at org.apache.flink.runtime.io.disk.iomanager.AsynchronousBufferFileReader.readInto(AsynchronousBufferFileReader.java:36)
	at org.apache.flink.runtime.io.network.partition.SpilledSubpartitionViewAsyncIO.onAvailableBuffer(SpilledSubpartitionViewAsyncIO.java:253)
	at org.apache.flink.runtime.io.network.partition.SpilledSubpartitionViewAsyncIO.access$300(SpilledSubpartitionViewAsyncIO.java:42)
	at org.apache.flink.runtime.io.network.partition.SpilledSubpartitionViewAsyncIO$BufferProviderCallback.onEvent(SpilledSubpartitionViewAsyncIO.java:367)
	at org.apache.flink.runtime.io.network.partition.SpilledSubpartitionViewAsyncIO$BufferProviderCallback.onEvent(SpilledSubpartitionViewAsyncIO.java:353)
	at org.apache.flink.runtime.io.network.util.TestPooledBufferProvider$PooledBufferProviderRecycler.recycle(TestPooledBufferProvider.java:135)
	at org.apache.flink.runtime.io.network.buffer.Buffer.recycle(Buffer.java:119)
	at org.apache.flink.runtime.io.network.util.TestConsumerCallback$RecyclingCallback.onBuffer(TestConsumerCallback.java:72)
	at org.apache.flink.runtime.io.network.util.TestSubpartitionConsumer.call(TestSubpartitionConsumer.java:87)
	at org.apache.flink.runtime.io.network.partition.SpilledSubpartitionViewAsyncIOTest.testWriteConsume(SpilledSubpartitionViewAsyncIOTest.java:63)

Terminate 24854!
Killed 24854! at /bam/scratch/jmcampos/RTA/repair_them_all_framework/jdks/jdk1.7.0_80/jre/bin/java line 73.

Results :

Tests in error: 
  SpilledSubpartitionViewAsyncIOTest.testWriteConsume:63 » IO I/O channel alread...

Tests run: 53, Failures: 0, Errors: 1, Skipped: 0

JVM seems rogue. Kill 17389!
Terminate 17389!
Kill 17389!
Killed 17389! at /scratch/jmcampos/RTA/repair_them_all_framework/jdks/jdk1.7.0_80/bin/java line 73.
