Picked up JAVA_TOOL_OPTIONS: -XX:CICompilerCount=2 -XX:ParallelGCThreads=2 -XX:ConcGCThreads=2 -Djdk.net.URLClassPath.disableClassPathURLCheck=true 
Picked up _JAVA_OPTIONS: -Djdk.net.URLClassPath.disableClassPathURLCheck=true
Apache Maven 3.5.0 (Red Hat 3.5.0-4.3)
Maven home: /opt/rh/rh-maven35/root/usr/share/maven
Java version: 1.7.0_80, vendor: Oracle Corporation
Java home: /boom/scratch/jmcampos/RTA/repair_them_all_framework/jdks/jdk1.7.0_80/jre
Default locale: en_US, platform encoding: UTF-8
OS name: "linux", version: "4.14.147-1.el7.retpoline.x86_64", arch: "amd64", family: "unix"
[INFO] Scanning for projects...
[INFO] 
[INFO] ------------------------------------------------------------------------
[INFO] Building Camel :: Core 2.10-SNAPSHOT
[INFO] ------------------------------------------------------------------------
[INFO] 
[INFO] --- maven-bundle-plugin:2.3.7:cleanVersions (versions) @ camel-core ---
[INFO] 
[INFO] --- maven-remote-resources-plugin:1.3:process (default) @ camel-core ---
[INFO] 
[INFO] --- maven-resources-plugin:2.4.3:resources (default-resources) @ camel-core ---
[INFO] Using 'UTF-8' encoding to copy filtered resources.
[INFO] Copying 36 resources
[INFO] Copying 3 resources
[INFO] 
[INFO] --- maven-compiler-plugin:2.5:compile (default-compile) @ camel-core ---
[INFO] Nothing to compile - all classes are up to date
[INFO] 
[INFO] --- maven-resources-plugin:2.4.3:testResources (default-testResources) @ camel-core ---
[INFO] Using 'UTF-8' encoding to copy filtered resources.
[INFO] Copying 90 resources
[INFO] Copying 3 resources
[INFO] 
[INFO] --- maven-compiler-plugin:2.5:testCompile (default-testCompile) @ camel-core ---
[INFO] Nothing to compile - all classes are up to date
[INFO] 
[INFO] --- maven-surefire-plugin:2.8:test (default-test) @ camel-core ---
[INFO] Surefire report directory: /boom/scratch/Bugs.jar_Camel_4cf7e80e_java-7/camel-core/target/surefire-reports
[INFO] Downloading: https://repo.maven.apache.org/maven2/org/apache/maven/surefire/surefire-junit4/2.8/surefire-junit4-2.8.pom
[INFO] Downloaded: https://repo.maven.apache.org/maven2/org/apache/maven/surefire/surefire-junit4/2.8/surefire-junit4-2.8.pom (2.6 kB at 501 B/s)
[INFO] Downloading: https://repo.maven.apache.org/maven2/org/apache/maven/surefire/surefire-providers/2.8/surefire-providers-2.8.pom
[INFO] Downloaded: https://repo.maven.apache.org/maven2/org/apache/maven/surefire/surefire-providers/2.8/surefire-providers-2.8.pom (1.9 kB at 447 B/s)
[INFO] Downloading: https://repo.maven.apache.org/maven2/org/apache/maven/surefire/surefire-junit4/2.8/surefire-junit4-2.8.jar
[INFO] Downloaded: https://repo.maven.apache.org/maven2/org/apache/maven/surefire/surefire-junit4/2.8/surefire-junit4-2.8.jar (33 kB at 890 kB/s)
Picked up JAVA_TOOL_OPTIONS: -XX:CICompilerCount=2 -XX:ParallelGCThreads=2 -XX:ConcGCThreads=2 -Djdk.net.URLClassPath.disableClassPathURLCheck=true -XX:CICompilerCount=2 -XX:ParallelGCThreads=2 -XX:ConcGCThreads=2 -Djdk.net.URLClassPath.disableClassPathURLCheck=true 
Picked up _JAVA_OPTIONS: -Djdk.net.URLClassPath.disableClassPathURLCheck=true

-------------------------------------------------------
 T E S T S
-------------------------------------------------------
Running org.apache.camel.BodyAndHeaderConvertTest
Tests run: 4, Failures: 0, Errors: 0, Skipped: 0, Time elapsed: 0.485 sec
Running org.apache.camel.CamelExceptionsTest
Tests run: 26, Failures: 0, Errors: 0, Skipped: 0, Time elapsed: 0.755 sec
Running org.apache.camel.ExchangePatternTest
Tests run: 2, Failures: 0, Errors: 0, Skipped: 0, Time elapsed: 0.001 sec
Running org.apache.camel.InjectorDefaultsTest
Tests run: 3, Failures: 0, Errors: 0, Skipped: 0, Time elapsed: 0.048 sec
Running org.apache.camel.SuspendableServiceTest
Tests run: 1, Failures: 0, Errors: 0, Skipped: 0, Time elapsed: 0.001 sec
Running org.apache.camel.UnitOfWorkSyncProcessTest
Tests run: 1, Failures: 0, Errors: 0, Skipped: 0, Time elapsed: 0.28 sec
Running org.apache.camel.builder.AddRoutesAtRuntimeTest
Tests run: 1, Failures: 0, Errors: 0, Skipped: 0, Time elapsed: 0.056 sec
Running org.apache.camel.builder.BuilderWithScopesTest
Tests run: 22, Failures: 0, Errors: 0, Skipped: 0, Time elapsed: 0.625 sec
Running org.apache.camel.builder.ContextErrorHandlerTest
Tests run: 2, Failures: 0, Errors: 0, Skipped: 0, Time elapsed: 0.077 sec
Running org.apache.camel.builder.ErrorHandlerTest
Tests run: 5, Failures: 0, Errors: 0, Skipped: 0, Time elapsed: 11.564 sec
Running org.apache.camel.builder.ExceptionBuilderTest
Tests run: 6, Failures: 0, Errors: 0, Skipped: 0, Time elapsed: 1.036 sec
Running org.apache.camel.builder.ExceptionBuilderWithHandledExceptionTest
Tests run: 3, Failures: 0, Errors: 0, Skipped: 0, Time elapsed: 0.07 sec
Running org.apache.camel.builder.ExpressionBuilderTest
Tests run: 6, Failures: 0, Errors: 0, Skipped: 0, Time elapsed: 0.032 sec
Running org.apache.camel.builder.ExpressionClauseTest
Tests run: 2, Failures: 0, Errors: 0, Skipped: 0, Time elapsed: 0.082 sec
Running org.apache.camel.builder.LoggingErrorHandlerBuilderTest
Tests run: 5, Failures: 0, Errors: 0, Skipped: 0, Time elapsed: 0.091 sec
Running org.apache.camel.builder.NotifyBuilderTest
Tests run: 43, Failures: 0, Errors: 0, Skipped: 0, Time elapsed: 1.625 sec
Running org.apache.camel.builder.NotifyBuilderWhenDoneByIndexTest
Tests run: 1, Failures: 0, Errors: 0, Skipped: 0, Time elapsed: 0.54 sec
Running org.apache.camel.builder.PredicateBinaryCoerceRouteTest
Tests run: 14, Failures: 0, Errors: 0, Skipped: 0, Time elapsed: 0.374 sec
Running org.apache.camel.builder.PredicateBinaryCoerceTypeTest
Tests run: 10, Failures: 0, Errors: 0, Skipped: 0, Time elapsed: 0.039 sec
Running org.apache.camel.builder.PredicateBuilderConcurrentTest
Tests run: 1, Failures: 0, Errors: 0, Skipped: 0, Time elapsed: 0.019 sec
Running org.apache.camel.builder.PredicateBuilderTest
Tests run: 12, Failures: 0, Errors: 0, Skipped: 0, Time elapsed: 0.046 sec
Running org.apache.camel.builder.ProxyBuilderTest
Tests run: 1, Failures: 0, Errors: 0, Skipped: 0, Time elapsed: 1.021 sec
Running org.apache.camel.builder.RouteBuilderAddRoutesOnlyInterceptTest
Tests run: 1, Failures: 0, Errors: 0, Skipped: 0, Time elapsed: 0.018 sec
Running org.apache.camel.builder.RouteBuilderAddRoutesTest
Tests run: 1, Failures: 0, Errors: 0, Skipped: 0, Time elapsed: 0.023 sec
Running org.apache.camel.builder.RouteBuilderTest
Tests run: 13, Failures: 0, Errors: 0, Skipped: 0, Time elapsed: 0.586 sec
Running org.apache.camel.builder.SimpleBuilderTest
Tests run: 3, Failures: 0, Errors: 0, Skipped: 0, Time elapsed: 0.033 sec
Running org.apache.camel.builder.ThreadPoolBuilderTest
Tests run: 8, Failures: 0, Errors: 0, Skipped: 0, Time elapsed: 0.038 sec
Running org.apache.camel.builder.ValueBuilderTest
Tests run: 3, Failures: 0, Errors: 0, Skipped: 0, Time elapsed: 0.04 sec
Running org.apache.camel.builder.xml.DefaultNamespaceContextTest
Tests run: 6, Failures: 0, Errors: 0, Skipped: 0, Time elapsed: 0.027 sec
Running org.apache.camel.builder.xml.ExtractXPathWithNamespaceTest
Tests run: 3, Failures: 0, Errors: 0, Skipped: 0, Time elapsed: 0.055 sec
Running org.apache.camel.builder.xml.XPathContentBasedRouterTest
Tests run: 1, Failures: 0, Errors: 0, Skipped: 0, Time elapsed: 0.026 sec
Running org.apache.camel.builder.xml.XPathFunctionsTest
Tests run: 3, Failures: 0, Errors: 0, Skipped: 0, Time elapsed: 0.063 sec
Running org.apache.camel.builder.xml.XPathHeaderTest
Tests run: 3, Failures: 0, Errors: 0, Skipped: 0, Time elapsed: 0.053 sec
Running org.apache.camel.builder.xml.XPathMockTest
Tests run: 6, Failures: 0, Errors: 0, Skipped: 0, Time elapsed: 0.073 sec
Running org.apache.camel.builder.xml.XPathNamespaceResultTypeTest
Tests run: 3, Failures: 0, Errors: 0, Skipped: 0, Time elapsed: 0.047 sec
Running org.apache.camel.builder.xml.XPathNamespaceTest
Tests run: 3, Failures: 0, Errors: 0, Skipped: 0, Time elapsed: 0.043 sec
Running org.apache.camel.builder.xml.XPathNestedNamespaceTest
Tests run: 1, Failures: 0, Errors: 0, Skipped: 0, Time elapsed: 0.019 sec
Running org.apache.camel.builder.xml.XPathTest
Tests run: 33, Failures: 0, Errors: 0, Skipped: 0, Time elapsed: 0.38 sec
Running org.apache.camel.builder.xml.XPathTransformRouteTest
Tests run: 1, Failures: 0, Errors: 0, Skipped: 0, Time elapsed: 0.046 sec
Running org.apache.camel.builder.xml.XPathTransformTest
Tests run: 3, Failures: 0, Errors: 0, Skipped: 0, Time elapsed: 0.125 sec
Running org.apache.camel.builder.xml.XPathWithNamespacesFromDomTest
Tests run: 1, Failures: 0, Errors: 0, Skipped: 0, Time elapsed: 0.012 sec
Running org.apache.camel.builder.xml.XsltBuilderTest
Tests run: 18, Failures: 0, Errors: 0, Skipped: 0, Time elapsed: 6.118 sec
Running org.apache.camel.builder.xml.XsltOutputFileTest
Tests run: 2, Failures: 0, Errors: 0, Skipped: 0, Time elapsed: 0.047 sec
Running org.apache.camel.builder.xml.XsltTest
Tests run: 1, Failures: 0, Errors: 0, Skipped: 0, Time elapsed: 0.021 sec
Running org.apache.camel.builder.xml.XsltTestErrorListenerTest
Tests run: 1, Failures: 0, Errors: 0, Skipped: 0, Time elapsed: 0.008 sec
Running org.apache.camel.component.bean.BeanChoseMethodWithMatchingTypeAndSkipSettersTest
Tests run: 2, Failures: 0, Errors: 0, Skipped: 0, Time elapsed: 9.048 sec
Running org.apache.camel.component.bean.BeanComponentCustomCreateEndpointTest
Tests run: 2, Failures: 0, Errors: 0, Skipped: 0, Time elapsed: 0.014 sec
Running org.apache.camel.component.bean.BeanConcurrentTest
Tests run: 1, Failures: 0, Errors: 0, Skipped: 0, Time elapsed: 0.385 sec
Running org.apache.camel.component.bean.BeanConsumerShutdownTest
Tests run: 1, Failures: 0, Errors: 0, Skipped: 0, Time elapsed: 5.035 sec
Running org.apache.camel.component.bean.BeanConsumerTemplateTest
Tests run: 2, Failures: 0, Errors: 0, Skipped: 0, Time elapsed: 0.03 sec
Running org.apache.camel.component.bean.BeanEndpointTest
Tests run: 6, Failures: 0, Errors: 0, Skipped: 0, Time elapsed: 0.068 sec
Running org.apache.camel.component.bean.BeanExchangeAsReturnTypeNotAllowedTest
Tests run: 1, Failures: 0, Errors: 0, Skipped: 0, Time elapsed: 0.018 sec
Running org.apache.camel.component.bean.BeanExcludedMethodTest
Tests run: 2, Failures: 0, Errors: 0, Skipped: 0, Time elapsed: 0.011 sec
Running org.apache.camel.component.bean.BeanExplicitMethodAmbiguousTest
Tests run: 4, Failures: 0, Errors: 0, Skipped: 0, Time elapsed: 0.07 sec
Running org.apache.camel.component.bean.BeanExplicitMethodTest
Tests run: 2, Failures: 0, Errors: 0, Skipped: 0, Time elapsed: 0.028 sec
Running org.apache.camel.component.bean.BeanHandlerMethodPredicateTest
Tests run: 1, Failures: 0, Errors: 0, Skipped: 0, Time elapsed: 0.015 sec
Running org.apache.camel.component.bean.BeanHandlerMethodTest
Tests run: 5, Failures: 0, Errors: 0, Skipped: 0, Time elapsed: 0.029 sec
Running org.apache.camel.component.bean.BeanImplicitMethodTest
Tests run: 1, Failures: 0, Errors: 0, Skipped: 0, Time elapsed: 0.013 sec
Running org.apache.camel.component.bean.BeanInPipelineTest
Tests run: 1, Failures: 0, Errors: 0, Skipped: 0, Time elapsed: 0.023 sec
Running org.apache.camel.component.bean.BeanInfoAMoreComplexOverloadedTest
Tests run: 3, Failures: 0, Errors: 0, Skipped: 0, Time elapsed: 0.015 sec
Running org.apache.camel.component.bean.BeanInfoInheritanceTest
Tests run: 3, Failures: 0, Errors: 0, Skipped: 0, Time elapsed: 0.015 sec
Running org.apache.camel.component.bean.BeanInfoOverloadedTest
Tests run: 1, Failures: 0, Errors: 0, Skipped: 0, Time elapsed: 0.006 sec
Running org.apache.camel.component.bean.BeanInfoSelectMethodTest
Tests run: 2, Failures: 0, Errors: 0, Skipped: 0, Time elapsed: 0.046 sec
Running org.apache.camel.component.bean.BeanInfoTest
Tests run: 9, Failures: 0, Errors: 0, Skipped: 0, Time elapsed: 0.013 sec
Running org.apache.camel.component.bean.BeanInvocationSerializeTest
Tests run: 2, Failures: 0, Errors: 0, Skipped: 0, Time elapsed: 0.017 sec
Running org.apache.camel.component.bean.BeanInvokeSimpleOgnlToStringMethodTest
Tests run: 1, Failures: 0, Errors: 0, Skipped: 0, Time elapsed: 0.023 sec
Running org.apache.camel.component.bean.BeanInvokeStaticTest
Tests run: 2, Failures: 0, Errors: 0, Skipped: 0, Time elapsed: 0.023 sec
Running org.apache.camel.component.bean.BeanInvokeTest
Tests run: 3, Failures: 0, Errors: 0, Skipped: 0, Time elapsed: 0.212 sec
Running org.apache.camel.component.bean.BeanInvokeToStringMethodTest
Tests run: 1, Failures: 0, Errors: 0, Skipped: 0, Time elapsed: 0.014 sec
Running org.apache.camel.component.bean.BeanInvokeWithNullBodyTest
Tests run: 3, Failures: 0, Errors: 0, Skipped: 0, Time elapsed: 0.041 sec
Running org.apache.camel.component.bean.BeanLookupUsingJndiRegistryIssueTest
Tests run: 1, Failures: 0, Errors: 0, Skipped: 0, Time elapsed: 0.037 sec
Running org.apache.camel.component.bean.BeanMethodBeanTest
Tests run: 1, Failures: 0, Errors: 0, Skipped: 0, Time elapsed: 0.001 sec
Running org.apache.camel.component.bean.BeanMethodNameHeaderIssueTest
Tests run: 1, Failures: 0, Errors: 0, Skipped: 0, Time elapsed: 0.076 sec
Running org.apache.camel.component.bean.BeanMethodWithMultipleParametersTest
Tests run: 3, Failures: 0, Errors: 0, Skipped: 0, Time elapsed: 0.034 sec
Running org.apache.camel.component.bean.BeanNoTypeConvertionPossibleTest
Tests run: 3, Failures: 0, Errors: 0, Skipped: 0, Time elapsed: 0.049 sec
Running org.apache.camel.component.bean.BeanNoTypeConvertionPossibleWhenHeaderTest
Tests run: 4, Failures: 0, Errors: 0, Skipped: 0, Time elapsed: 0.059 sec
Running org.apache.camel.component.bean.BeanOverloadedMethodFQNTest
Tests run: 6, Failures: 0, Errors: 0, Skipped: 0, Time elapsed: 0.105 sec
Running org.apache.camel.component.bean.BeanOverloadedMethodParameterValueTest
Tests run: 8, Failures: 0, Errors: 0, Skipped: 0, Time elapsed: 0.114 sec
Running org.apache.camel.component.bean.BeanOverloadedMethodTest
Tests run: 11, Failures: 0, Errors: 0, Skipped: 0, Time elapsed: 0.154 sec
Running org.apache.camel.component.bean.BeanParameterInfoTest
Tests run: 1, Failures: 0, Errors: 0, Skipped: 0, Time elapsed: 0.005 sec
Running org.apache.camel.component.bean.BeanParameterInvalidValueTest
Tests run: 4, Failures: 0, Errors: 0, Skipped: 0, Time elapsed: 0.138 sec
Running org.apache.camel.component.bean.BeanParameterMethodCallThreeBodyOgnlTest
Tests run: 1, Failures: 0, Errors: 0, Skipped: 0, Time elapsed: 0.022 sec
Running org.apache.camel.component.bean.BeanParameterNoBeanBindingTest
Tests run: 1, Failures: 0, Errors: 0, Skipped: 0, Time elapsed: 0.018 sec
Running org.apache.camel.component.bean.BeanParameterThreeBodyOgnlTest
Tests run: 1, Failures: 0, Errors: 0, Skipped: 0, Time elapsed: 0.1 sec
Running org.apache.camel.component.bean.BeanParameterValueOgnlTest
Tests run: 3, Failures: 0, Errors: 0, Skipped: 0, Time elapsed: 0.083 sec
Running org.apache.camel.component.bean.BeanParameterValueOverloadedTest
Tests run: 2, Failures: 0, Errors: 0, Skipped: 0, Time elapsed: 0.043 sec
Running org.apache.camel.component.bean.BeanParameterValueTest
Tests run: 8, Failures: 0, Errors: 0, Skipped: 0, Time elapsed: 0.415 sec
Running org.apache.camel.component.bean.BeanPerformanceTest
Tests run: 1, Failures: 0, Errors: 0, Skipped: 0, Time elapsed: 5.263 sec
Running org.apache.camel.component.bean.BeanPipelineTest
Tests run: 1, Failures: 0, Errors: 0, Skipped: 0, Time elapsed: 0.016 sec
Running org.apache.camel.component.bean.BeanPrivateClassWithInterfaceMethodTest
Tests run: 2, Failures: 0, Errors: 0, Skipped: 0, Time elapsed: 0.03 sec
Running org.apache.camel.component.bean.BeanPropagateHeaderTest
Tests run: 1, Failures: 0, Errors: 0, Skipped: 0, Time elapsed: 0.033 sec
Running org.apache.camel.component.bean.BeanProxyTest
[Fatal Error] :1:1: Content is not allowed in prolog.
Tests run: 14, Failures: 0, Errors: 0, Skipped: 0, Time elapsed: 2.468 sec
Running org.apache.camel.component.bean.BeanRefMethodNotFoundTest
Tests run: 1, Failures: 0, Errors: 0, Skipped: 0, Time elapsed: 0.012 sec
Running org.apache.camel.component.bean.BeanRefNotFoundTest
Tests run: 1, Failures: 0, Errors: 0, Skipped: 0, Time elapsed: 0.012 sec
Running org.apache.camel.component.bean.BeanRegistryBeanTest
Tests run: 5, Failures: 0, Errors: 0, Skipped: 0, Time elapsed: 0.02 sec
Running org.apache.camel.component.bean.BeanReturnNullTest
Tests run: 3, Failures: 0, Errors: 0, Skipped: 0, Time elapsed: 0.051 sec
Running org.apache.camel.component.bean.BeanWithAnnotationAndExchangeTest
Tests run: 1, Failures: 0, Errors: 0, Skipped: 0, Time elapsed: 0.014 sec
Running org.apache.camel.component.bean.BeanWithAnnotationInheritedTest
Tests run: 5, Failures: 0, Errors: 0, Skipped: 0, Time elapsed: 0.243 sec
Running org.apache.camel.component.bean.BeanWithAttachmentAnnotationTest
Tests run: 1, Failures: 0, Errors: 0, Skipped: 0, Time elapsed: 0.013 sec
Running org.apache.camel.component.bean.BeanWithExchangeExceptionAnnotationTest
Tests run: 1, Failures: 0, Errors: 0, Skipped: 0, Time elapsed: 0.014 sec
Running org.apache.camel.component.bean.BeanWithExchangeExceptionAnnotationWrappedExceptionTest
Tests run: 1, Failures: 0, Errors: 0, Skipped: 0, Time elapsed: 0.013 sec
Running org.apache.camel.component.bean.BeanWithExpressionInjectionTest
Tests run: 1, Failures: 0, Errors: 0, Skipped: 0, Time elapsed: 0.013 sec
Running org.apache.camel.component.bean.BeanWithHeaderTest
Tests run: 1, Failures: 0, Errors: 0, Skipped: 0, Time elapsed: 0.029 sec
Running org.apache.camel.component.bean.BeanWithHeadersAndBodyInject2Test
Tests run: 3, Failures: 0, Errors: 0, Skipped: 0, Time elapsed: 0.028 sec
Running org.apache.camel.component.bean.BeanWithHeadersAndBodyInject3Test
Tests run: 2, Failures: 0, Errors: 0, Skipped: 0, Time elapsed: 0.026 sec
Running org.apache.camel.component.bean.BeanWithHeadersAndBodyInjectionTest
Tests run: 1, Failures: 0, Errors: 0, Skipped: 0, Time elapsed: 0.01 sec
Running org.apache.camel.component.bean.BeanWithMethodHeaderTest
Tests run: 7, Failures: 0, Errors: 0, Skipped: 0, Time elapsed: 0.193 sec
Running org.apache.camel.component.bean.BeanWithPropertiesAndHeadersAndBodyInjectionTest
Tests run: 1, Failures: 0, Errors: 0, Skipped: 0, Time elapsed: 0.011 sec
Running org.apache.camel.component.bean.BeanWithPropertiesAndHeadersInjectionTest
Tests run: 1, Failures: 0, Errors: 0, Skipped: 0, Time elapsed: 0.008 sec
Running org.apache.camel.component.bean.BeanWithXPathInjectionUsingResultTypeTest
Tests run: 1, Failures: 0, Errors: 0, Skipped: 0, Time elapsed: 0.013 sec
Running org.apache.camel.component.bean.BodyAnnotationToDisambiguateMethodsTest
Tests run: 1, Failures: 0, Errors: 0, Skipped: 0, Time elapsed: 0.008 sec
Running org.apache.camel.component.bean.BridgeMethodTest
Tests run: 1, Failures: 0, Errors: 0, Skipped: 0, Time elapsed: 2.013 sec
Running org.apache.camel.component.bean.ClassComponentInvalidConfigurationTest
Tests run: 2, Failures: 0, Errors: 0, Skipped: 0, Time elapsed: 0.015 sec
Running org.apache.camel.component.bean.ClassComponentTest
Tests run: 1, Failures: 0, Errors: 0, Skipped: 0, Time elapsed: 0.012 sec
Running org.apache.camel.component.bean.ClassComponentWithPropertiesLookupSetFromEndpointTest
Tests run: 1, Failures: 0, Errors: 0, Skipped: 0, Time elapsed: 0.009 sec
Running org.apache.camel.component.bean.ClassComponentWithPropertiesSetFromEndpointTest
Tests run: 1, Failures: 0, Errors: 0, Skipped: 0, Time elapsed: 0.012 sec
Running org.apache.camel.component.bean.CustomParameterMappingStrategyTest
Tests run: 1, Failures: 0, Errors: 0, Skipped: 0, Time elapsed: 0.012 sec
Running org.apache.camel.component.bean.DefaultParameterMappingStrategyTest
Tests run: 6, Failures: 0, Errors: 0, Skipped: 0, Time elapsed: 0.24 sec
Running org.apache.camel.component.bean.ExpressionAnnotationToDisambiguateMethodsTest
Tests run: 2, Failures: 0, Errors: 0, Skipped: 0, Time elapsed: 0.019 sec
Running org.apache.camel.component.bean.FileBeanParameterBindingTest
Tests run: 1, Failures: 0, Errors: 0, Skipped: 0, Time elapsed: 4.59 sec
Running org.apache.camel.component.bean.FromBeanTest
Tests run: 1, Failures: 0, Errors: 0, Skipped: 0, Time elapsed: 2.011 sec
Running org.apache.camel.component.bean.MethodCallBeanRefMethodNotFoundTest
Tests run: 1, Failures: 0, Errors: 0, Skipped: 0, Time elapsed: 0.017 sec
Running org.apache.camel.component.bean.MethodCallBeanRefNotFoundTest
Tests run: 1, Failures: 0, Errors: 0, Skipped: 0, Time elapsed: 0.016 sec
Running org.apache.camel.component.bean.MyServiceProxyTest
Tests run: 5, Failures: 0, Errors: 0, Skipped: 0, Time elapsed: 0.072 sec
Running org.apache.camel.component.bean.NewInstanceTest
Tests run: 1, Failures: 0, Errors: 0, Skipped: 0, Time elapsed: 0.012 sec
Running org.apache.camel.component.bean.PredicateAsBeanTest
Tests run: 1, Failures: 0, Errors: 0, Skipped: 0, Time elapsed: 0.013 sec
Running org.apache.camel.component.bean.ProxyReturnFutureExceptionTest
Tests run: 1, Failures: 0, Errors: 0, Skipped: 0, Time elapsed: 2.017 sec
Running org.apache.camel.component.bean.ProxyReturnFutureListTest
Tests run: 2, Failures: 0, Errors: 0, Skipped: 0, Time elapsed: 6.024 sec
Running org.apache.camel.component.bean.ProxyReturnFutureTest
Tests run: 2, Failures: 0, Errors: 0, Skipped: 0, Time elapsed: 6.028 sec
Running org.apache.camel.component.bean.RouteMethodCallStaticTest
Tests run: 1, Failures: 0, Errors: 0, Skipped: 0, Time elapsed: 0.011 sec
Running org.apache.camel.component.bean.SendBodyToBeanDirectlyTest
Tests run: 2, Failures: 0, Errors: 0, Skipped: 0, Time elapsed: 0.029 sec
Running org.apache.camel.component.bean.issues.BeanRouteToDerivedClassTest
Tests run: 3, Failures: 0, Errors: 0, Skipped: 0, Time elapsed: 0.037 sec
Running org.apache.camel.component.bean.issues.FilterBeanLanguageNonRegistryTest
Tests run: 1, Failures: 0, Errors: 0, Skipped: 0, Time elapsed: 0.012 sec
Running org.apache.camel.component.bean.issues.FilterBeanNonRegistryTest
Tests run: 2, Failures: 0, Errors: 0, Skipped: 0, Time elapsed: 0.025 sec
Running org.apache.camel.component.bean.issues.FilterBeanRegistryTest
Tests run: 2, Failures: 0, Errors: 0, Skipped: 0, Time elapsed: 0.022 sec
Running org.apache.camel.component.bean.issues.FilterPojoIssueTest
Tests run: 2, Failures: 0, Errors: 0, Skipped: 0, Time elapsed: 0.044 sec
Running org.apache.camel.component.bean.pojomessage.PojoProxyHelperOneWayTest
Tests run: 1, Failures: 0, Errors: 0, Skipped: 0, Time elapsed: 0.013 sec
Running org.apache.camel.component.bean.pojomessage.PojoProxyHelperRequestReplyTest
Tests run: 1, Failures: 0, Errors: 0, Skipped: 0, Time elapsed: 0.01 sec
Running org.apache.camel.component.browse.BrowseEndpointTest
Tests run: 2, Failures: 0, Errors: 0, Skipped: 0, Time elapsed: 0.02 sec
Running org.apache.camel.component.browse.BrowseRouteTest
Tests run: 1, Failures: 0, Errors: 0, Skipped: 0, Time elapsed: 0.012 sec
Running org.apache.camel.component.browse.BrowseTest
Tests run: 1, Failures: 0, Errors: 0, Skipped: 0, Time elapsed: 0.009 sec
Running org.apache.camel.component.dataset.BigDataSetTest
Tests run: 1, Failures: 0, Errors: 0, Skipped: 0, Time elapsed: 0.015 sec
Running org.apache.camel.component.dataset.CustomDataSetTest
Tests run: 1, Failures: 0, Errors: 0, Skipped: 0, Time elapsed: 1.055 sec
Running org.apache.camel.component.dataset.DataSetConsumeTest
Tests run: 1, Failures: 0, Errors: 0, Skipped: 0, Time elapsed: 0.007 sec
Running org.apache.camel.component.dataset.DataSetEndpointTest
Tests run: 5, Failures: 0, Errors: 0, Skipped: 0, Time elapsed: 3.15 sec
Running org.apache.camel.component.dataset.DataSetPreloadTest
Tests run: 1, Failures: 0, Errors: 0, Skipped: 0, Time elapsed: 10.048 sec
Running org.apache.camel.component.dataset.DataSetSedaTest
Tests run: 1, Failures: 0, Errors: 0, Skipped: 0, Time elapsed: 1.656 sec
Running org.apache.camel.component.dataset.DataSetTest
Tests run: 1, Failures: 0, Errors: 0, Skipped: 0, Time elapsed: 1.073 sec
Running org.apache.camel.component.direct.DirectEndpointRouteInlinedTest
Tests run: 2, Failures: 0, Errors: 0, Skipped: 0, Time elapsed: 0.018 sec
Running org.apache.camel.component.direct.DirectEndpointTest
Tests run: 2, Failures: 0, Errors: 0, Skipped: 0, Time elapsed: 0.017 sec
Running org.apache.camel.component.direct.DirectNoMultipleConsumersTest
Tests run: 1, Failures: 0, Errors: 0, Skipped: 0, Time elapsed: 0.01 sec
Running org.apache.camel.component.direct.DirectNoToTypeTest
Tests run: 1, Failures: 0, Errors: 0, Skipped: 0, Time elapsed: 0.008 sec
Running org.apache.camel.component.direct.DirectQueueTest
Tests run: 1, Failures: 0, Errors: 0, Skipped: 0, Time elapsed: 0.011 sec
Running org.apache.camel.component.direct.DirectRouteTest
Tests run: 1, Failures: 0, Errors: 0, Skipped: 0, Time elapsed: 0.037 sec
Running org.apache.camel.component.direct.DirectShouldUseSameThreadTest
Tests run: 1, Failures: 0, Errors: 0, Skipped: 0, Time elapsed: 0.017 sec
Running org.apache.camel.component.direct.SendToNonExistingDirectEndpointTest
Tests run: 1, Failures: 0, Errors: 0, Skipped: 0, Time elapsed: 0.004 sec
Running org.apache.camel.component.direct.SendingToAlotOfDifferentDirectEndpointTest
Tests run: 1, Failures: 0, Errors: 0, Skipped: 0, Time elapsed: 0.089 sec
Running org.apache.camel.component.direct.TwoCamelContextDirectEndpointTest
Tests run: 1, Failures: 0, Errors: 0, Skipped: 0, Time elapsed: 0.072 sec
Running org.apache.camel.component.file.AntPathMatcherGenericFileFilterTest
Tests run: 4, Failures: 2, Errors: 0, Skipped: 0, Time elapsed: 38.997 sec <<< FAILURE!
Running org.apache.camel.component.file.BeanToFileTest
Tests run: 1, Failures: 0, Errors: 0, Skipped: 0, Time elapsed: 0.069 sec
Running org.apache.camel.component.file.ConsumerTemplateFileShutdownTest
Tests run: 1, Failures: 0, Errors: 0, Skipped: 0, Time elapsed: 1.047 sec
Running org.apache.camel.component.file.DirectoryCreateIssueTest
Tests run: 1, Failures: 0, Errors: 0, Skipped: 0, Time elapsed: 0.53 sec
Running org.apache.camel.component.file.FileAbsoluteAndRelativeConsumerTest
Tests run: 2, Failures: 0, Errors: 0, Skipped: 0, Time elapsed: 3.042 sec
Running org.apache.camel.component.file.FileAbsolutePathIssueTest
Tests run: 1, Failures: 0, Errors: 0, Skipped: 0, Time elapsed: 1.094 sec
Running org.apache.camel.component.file.FileBatchConsumerMemoryLeakTest
Tests run: 1, Failures: 0, Errors: 0, Skipped: 0, Time elapsed: 0.001 sec
Running org.apache.camel.component.file.FileBeginFailureOneTimeTest
Tests run: 1, Failures: 0, Errors: 0, Skipped: 0, Time elapsed: 1.526 sec
Running org.apache.camel.component.file.FileBrowsableEndpointTest
Tests run: 4, Failures: 0, Errors: 0, Skipped: 0, Time elapsed: 0.191 sec
Running org.apache.camel.component.file.FileConcurrentWriteAppendSameFileTest
Tests run: 1, Failures: 1, Errors: 0, Skipped: 0, Time elapsed: 40.593 sec <<< FAILURE!
Running org.apache.camel.component.file.FileConfigureTest
Tests run: 3, Failures: 0, Errors: 0, Skipped: 0, Time elapsed: 0.017 sec
Running org.apache.camel.component.file.FileConsumeAlterFileNameHeaderIssueTest
Tests run: 4, Failures: 0, Errors: 0, Skipped: 0, Time elapsed: 14.731 sec
Running org.apache.camel.component.file.FileConsumeAsyncTest
Tests run: 1, Failures: 0, Errors: 0, Skipped: 0, Time elapsed: 7.941 sec
Running org.apache.camel.component.file.FileConsumeCharsetTest
Tests run: 1, Failures: 0, Errors: 0, Skipped: 0, Time elapsed: 1.016 sec
Running org.apache.camel.component.file.FileConsumeFilesAndDeleteTest
Tests run: 1, Failures: 1, Errors: 0, Skipped: 0, Time elapsed: 15.439 sec <<< FAILURE!
Running org.apache.camel.component.file.FileConsumeMaxMessagesPerPollTest
Tests run: 1, Failures: 1, Errors: 0, Skipped: 0, Time elapsed: 34.097 sec <<< FAILURE!
Running org.apache.camel.component.file.FileConsumeMoveRelativeNameTest
Tests run: 1, Failures: 1, Errors: 0, Skipped: 0, Time elapsed: 25.872 sec <<< FAILURE!
Running org.apache.camel.component.file.FileConsumeMultipleDirectoriesTest
Tests run: 1, Failures: 1, Errors: 0, Skipped: 0, Time elapsed: 25.452 sec <<< FAILURE!
Running org.apache.camel.component.file.FileConsumeNoopIdempotentAutoTest
Tests run: 1, Failures: 0, Errors: 0, Skipped: 0, Time elapsed: 7.221 sec
Running org.apache.camel.component.file.FileConsumeNoopIdempotentDisabledTest
Tests run: 1, Failures: 0, Errors: 0, Skipped: 0, Time elapsed: 6.011 sec
Running org.apache.camel.component.file.FileConsumeNoopIdempotentEnabledTest
Tests run: 1, Failures: 0, Errors: 0, Skipped: 0, Time elapsed: 7.709 sec
Running org.apache.camel.component.file.FileConsumeNotEagerMaxMessagesPerPollTest
Tests run: 1, Failures: 1, Errors: 0, Skipped: 0, Time elapsed: 9.706 sec <<< FAILURE!
Running org.apache.camel.component.file.FileConsumePollEnrichFileTest
Tests run: 1, Failures: 0, Errors: 0, Skipped: 0, Time elapsed: 2.071 sec
Running org.apache.camel.component.file.FileConsumePollEnrichFileUsingProcessorTest
Tests run: 1, Failures: 0, Errors: 0, Skipped: 0, Time elapsed: 2.103 sec
Running org.apache.camel.component.file.FileConsumeRunLoggingLevelTest
Tests run: 1, Failures: 0, Errors: 0, Skipped: 0, Time elapsed: 1.841 sec
Running org.apache.camel.component.file.FileConsumeSimpleAbsoluteMoveToAbsoluteTest
Tests run: 1, Failures: 0, Errors: 0, Skipped: 0, Time elapsed: 11.305 sec
Running org.apache.camel.component.file.FileConsumeSimpleAbsoluteMoveToRelativeTest
Tests run: 1, Failures: 0, Errors: 0, Skipped: 0, Time elapsed: 21.679 sec
Running org.apache.camel.component.file.FileConsumeSimpleRelativeMoveToAbsoluteTest
Tests run: 1, Failures: 0, Errors: 0, Skipped: 0, Time elapsed: 21.21 sec
Running org.apache.camel.component.file.FileConsumeSimpleRelativeMoveToRelativeTest
Tests run: 1, Failures: 0, Errors: 0, Skipped: 0, Time elapsed: 18.288 sec
Running org.apache.camel.component.file.FileConsumeSingleDirectoryOnlyTest
Tests run: 1, Failures: 1, Errors: 0, Skipped: 0, Time elapsed: 10.666 sec <<< FAILURE!
Running org.apache.camel.component.file.FileConsumeTemplateTest
Tests run: 1, Failures: 0, Errors: 0, Skipped: 0, Time elapsed: 8.455 sec
Running org.apache.camel.component.file.FileConsumeWithDollarInPathTest
Tests run: 1, Failures: 0, Errors: 0, Skipped: 0, Time elapsed: 4.919 sec
Running org.apache.camel.component.file.FileConsumerAbsolutePathDefaultMoveTest
Tests run: 1, Failures: 0, Errors: 0, Skipped: 0, Time elapsed: 1.711 sec
Running org.apache.camel.component.file.FileConsumerAbsolutePathTest
Tests run: 1, Failures: 0, Errors: 0, Skipped: 0, Time elapsed: 4.258 sec
Running org.apache.camel.component.file.FileConsumerAbsolutePathWithAbsoluteMoveTest
Tests run: 1, Failures: 0, Errors: 0, Skipped: 0, Time elapsed: 1.066 sec
Running org.apache.camel.component.file.FileConsumerAbsolutePathWithRelativeMoveTest
Tests run: 1, Failures: 0, Errors: 0, Skipped: 0, Time elapsed: 1.068 sec
Running org.apache.camel.component.file.FileConsumerAbsoluteRootPathDefaultMoveTest
Tests run: 1, Failures: 0, Errors: 0, Skipped: 0, Time elapsed: 0.017 sec
Running org.apache.camel.component.file.FileConsumerAutoCreateDirectoryTest
Tests run: 5, Failures: 0, Errors: 0, Skipped: 0, Time elapsed: 0.065 sec
Running org.apache.camel.component.file.FileConsumerBatchTest
Tests run: 1, Failures: 0, Errors: 0, Skipped: 0, Time elapsed: 2.016 sec
Running org.apache.camel.component.file.FileConsumerBeginAndCommitExpressionRenameStrategyTest
Tests run: 2, Failures: 0, Errors: 0, Skipped: 0, Time elapsed: 1.052 sec
Running org.apache.camel.component.file.FileConsumerBeginAndCommitRenameStrategyTest
Tests run: 2, Failures: 0, Errors: 0, Skipped: 0, Time elapsed: 1.097 sec
Running org.apache.camel.component.file.FileConsumerBeginExpressionRenameStrategyTest
Tests run: 2, Failures: 0, Errors: 0, Skipped: 0, Time elapsed: 7.539 sec
Running org.apache.camel.component.file.FileConsumerBeginRenameStrategyTest
Tests run: 2, Failures: 0, Errors: 0, Skipped: 0, Time elapsed: 17.959 sec
Running org.apache.camel.component.file.FileConsumerBridgeRouteExceptionHandlerTest
Tests run: 1, Failures: 0, Errors: 0, Skipped: 0, Time elapsed: 1.524 sec
Running org.apache.camel.component.file.FileConsumerCommitRenameAbsolutePathStrategyTest
Tests run: 1, Failures: 0, Errors: 0, Skipped: 0, Time elapsed: 7.373 sec
Running org.apache.camel.component.file.FileConsumerCommitRenameStrategyTest
Tests run: 2, Failures: 0, Errors: 0, Skipped: 0, Time elapsed: 10.678 sec
Running org.apache.camel.component.file.FileConsumerCustomExceptionHandlerTest
Tests run: 1, Failures: 0, Errors: 0, Skipped: 0, Time elapsed: 20.381 sec
Running org.apache.camel.component.file.FileConsumerDeleteAndFailureTest
Tests run: 1, Failures: 1, Errors: 0, Skipped: 0, Time elapsed: 22.009 sec <<< FAILURE!
Running org.apache.camel.component.file.FileConsumerDeleteAndMoveFailedTest
Tests run: 1, Failures: 0, Errors: 0, Skipped: 0, Time elapsed: 10.951 sec
Running org.apache.camel.component.file.FileConsumerDirectoryFilterTest
Tests run: 1, Failures: 1, Errors: 0, Skipped: 0, Time elapsed: 15.442 sec <<< FAILURE!
Running org.apache.camel.component.file.FileConsumerDirectoryNotMatchedTest
Tests run: 1, Failures: 0, Errors: 0, Skipped: 0, Time elapsed: 10.521 sec
Running org.apache.camel.component.file.FileConsumerExcludeNameTest
Tests run: 1, Failures: 0, Errors: 0, Skipped: 0, Time elapsed: 1.013 sec
Running org.apache.camel.component.file.FileConsumerFailureHandledTest
Tests run: 4, Failures: 0, Errors: 0, Skipped: 0, Time elapsed: 4.064 sec
Running org.apache.camel.component.file.FileConsumerFileExpressionTest
Tests run: 2, Failures: 0, Errors: 0, Skipped: 0, Time elapsed: 3.162 sec
Running org.apache.camel.component.file.FileConsumerFileFilterTest
Tests run: 2, Failures: 0, Errors: 0, Skipped: 0, Time elapsed: 2.064 sec
Running org.apache.camel.component.file.FileConsumerIdempotentRefTest
Tests run: 1, Failures: 0, Errors: 0, Skipped: 0, Time elapsed: 1.115 sec
Running org.apache.camel.component.file.FileConsumerIdempotentTest
Tests run: 1, Failures: 0, Errors: 0, Skipped: 0, Time elapsed: 1.114 sec
Running org.apache.camel.component.file.FileConsumerIdleMessageTest
Tests run: 1, Failures: 0, Errors: 0, Skipped: 0, Time elapsed: 1.062 sec
Running org.apache.camel.component.file.FileConsumerIncludeAndExcludeNameTest
Tests run: 1, Failures: 0, Errors: 0, Skipped: 0, Time elapsed: 1.016 sec
Running org.apache.camel.component.file.FileConsumerIncludeNameTest
Tests run: 1, Failures: 0, Errors: 0, Skipped: 0, Time elapsed: 1.015 sec
Running org.apache.camel.component.file.FileConsumerInterceptEmptyFileTest
Tests run: 1, Failures: 0, Errors: 0, Skipped: 0, Time elapsed: 1.137 sec
Running org.apache.camel.component.file.FileConsumerMoveAndMoveFailureTest
Tests run: 1, Failures: 0, Errors: 0, Skipped: 0, Time elapsed: 15.588 sec
Running org.apache.camel.component.file.FileConsumerMoveExpressionTest
Tests run: 5, Failures: 1, Errors: 0, Skipped: 0, Time elapsed: 48.396 sec <<< FAILURE!
Running org.apache.camel.component.file.FileConsumerMoveFailureOnCompletionTest
Tests run: 2, Failures: 0, Errors: 0, Skipped: 0, Time elapsed: 25.25 sec
Running org.apache.camel.component.file.FileConsumerMoveFailureTest
Tests run: 1, Failures: 0, Errors: 0, Skipped: 0, Time elapsed: 14.75 sec
Running org.apache.camel.component.file.FileConsumerNoopTest
Tests run: 1, Failures: 0, Errors: 0, Skipped: 0, Time elapsed: 20.019 sec
Running org.apache.camel.component.file.FileConsumerPollStrategyNotBeginTest
Tests run: 1, Failures: 0, Errors: 0, Skipped: 0, Time elapsed: 0.127 sec
Running org.apache.camel.component.file.FileConsumerPollStrategyPolledMessagesTest
Tests run: 1, Failures: 0, Errors: 0, Skipped: 0, Time elapsed: 1.036 sec
Running org.apache.camel.component.file.FileConsumerPollStrategyRollbackThrowExceptionTest
Tests run: 1, Failures: 0, Errors: 0, Skipped: 0, Time elapsed: 0.046 sec
Running org.apache.camel.component.file.FileConsumerPollStrategyStopOnRollbackTest
Tests run: 1, Failures: 0, Errors: 0, Skipped: 0, Time elapsed: 2.942 sec
Running org.apache.camel.component.file.FileConsumerPollStrategyTest
Tests run: 1, Failures: 0, Errors: 0, Skipped: 0, Time elapsed: 0.074 sec
Running org.apache.camel.component.file.FileConsumerPreMoveCopyAndDeleteOnRenameFailFalseTest
Tests run: 2, Failures: 0, Errors: 0, Skipped: 0, Time elapsed: 0.276 sec
Running org.apache.camel.component.file.FileConsumerPreMoveDeleteTest
Tests run: 2, Failures: 0, Errors: 0, Skipped: 0, Time elapsed: 0.167 sec
Running org.apache.camel.component.file.FileConsumerPreMoveIssueTest
Tests run: 1, Failures: 0, Errors: 0, Skipped: 0, Time elapsed: 1.017 sec
Running org.apache.camel.component.file.FileConsumerPreMoveNoopTest
Tests run: 2, Failures: 0, Errors: 0, Skipped: 0, Time elapsed: 0.111 sec
Running org.apache.camel.component.file.FileConsumerPreMoveTest
Tests run: 2, Failures: 0, Errors: 0, Skipped: 0, Time elapsed: 0.362 sec
Running org.apache.camel.component.file.FileConsumerProducerRouteTest
Tests run: 1, Failures: 0, Errors: 0, Skipped: 0, Time elapsed: 1.54 sec
Running org.apache.camel.component.file.FileConsumerRelativeFileNameTest
Tests run: 1, Failures: 0, Errors: 0, Skipped: 0, Time elapsed: 1.04 sec
Running org.apache.camel.component.file.FileConsumerSkipDotFilesTest
Tests run: 2, Failures: 0, Errors: 0, Skipped: 0, Time elapsed: 1.071 sec
Running org.apache.camel.component.file.FileConsumerSuspendAndResumeTest
Tests run: 1, Failures: 0, Errors: 0, Skipped: 0, Time elapsed: 0.12 sec
Running org.apache.camel.component.file.FileConsumerSuspendTest
Tests run: 1, Failures: 0, Errors: 0, Skipped: 0, Time elapsed: 0.108 sec
Running org.apache.camel.component.file.FileConsumerTemplateTest
Tests run: 1, Failures: 0, Errors: 0, Skipped: 0, Time elapsed: 1.051 sec
Running org.apache.camel.component.file.FileContentBasedRouterTest
Tests run: 3, Failures: 0, Errors: 0, Skipped: 0, Time elapsed: 65.119 sec
Running org.apache.camel.component.file.FileConvertBodyToUTF8Test
Tests run: 1, Failures: 0, Errors: 0, Skipped: 0, Time elapsed: 10.383 sec
Running org.apache.camel.component.file.FileEagerDeleteTargetFileTest
Tests run: 3, Failures: 0, Errors: 0, Skipped: 0, Time elapsed: 37.402 sec
Running org.apache.camel.component.file.FileExclusiveReadManuelTest
Tests run: 1, Failures: 0, Errors: 0, Skipped: 0, Time elapsed: 3.202 sec
Running org.apache.camel.component.file.FileExclusiveReadNoneStrategyTest
Tests run: 1, Failures: 0, Errors: 0, Skipped: 0, Time elapsed: 4.024 sec
Running org.apache.camel.component.file.FileHeaderFileNameProducedTest
Tests run: 1, Failures: 0, Errors: 0, Skipped: 0, Time elapsed: 7.712 sec
Running org.apache.camel.component.file.FileIdempotentReadSameFileAgainTest
Tests run: 1, Failures: 0, Errors: 0, Skipped: 0, Time elapsed: 11.341 sec
Running org.apache.camel.component.file.FileInvalidStartingPathTest
Tests run: 2, Failures: 0, Errors: 0, Skipped: 0, Time elapsed: 0.01 sec
Running org.apache.camel.component.file.FileKeepLastModifiedTest
Tests run: 3, Failures: 2, Errors: 0, Skipped: 0, Time elapsed: 58.204 sec <<< FAILURE!
Running org.apache.camel.component.file.FileLanguageCBRTest
Tests run: 3, Failures: 0, Errors: 0, Skipped: 0, Time elapsed: 8.852 sec
Running org.apache.camel.component.file.FileMEPInOutTest
Tests run: 1, Failures: 0, Errors: 0, Skipped: 0, Time elapsed: 0.047 sec
Running org.apache.camel.component.file.FileMarkerFileDeleteOldLockFilesTest
Tests run: 1, Failures: 0, Errors: 0, Skipped: 0, Time elapsed: 2.139 sec
Running org.apache.camel.component.file.FileMarkerFileRecursiveDeleteOldLockFilesTest
Tests run: 1, Failures: 0, Errors: 0, Skipped: 0, Time elapsed: 2.72 sec
Running org.apache.camel.component.file.FileMoveErrorOnExceptionNotHandledTest
Tests run: 1, Failures: 0, Errors: 0, Skipped: 0, Time elapsed: 1.135 sec
Running org.apache.camel.component.file.FileNoOpLockFileTest
Tests run: 2, Failures: 0, Errors: 0, Skipped: 0, Time elapsed: 2.993 sec
Running org.apache.camel.component.file.FilePollEnrichNoWaitTest
Tests run: 1, Failures: 0, Errors: 0, Skipped: 0, Time elapsed: 8.345 sec
Running org.apache.camel.component.file.FilePollEnrichTest
Tests run: 1, Failures: 0, Errors: 0, Skipped: 0, Time elapsed: 17.092 sec
Running org.apache.camel.component.file.FilePollingConsumerTest
Tests run: 1, Failures: 0, Errors: 0, Skipped: 0, Time elapsed: 24.4 sec
Running org.apache.camel.component.file.FileProduceAppendTest
Tests run: 1, Failures: 0, Errors: 0, Skipped: 0, Time elapsed: 13.595 sec
Running org.apache.camel.component.file.FileProduceGeneratedFileNameTest
Tests run: 1, Failures: 0, Errors: 0, Skipped: 0, Time elapsed: 6.663 sec
Running org.apache.camel.component.file.FileProduceTempFileNameTest
Tests run: 3, Failures: 0, Errors: 0, Skipped: 0, Time elapsed: 9.565 sec
Running org.apache.camel.component.file.FileProduceTempPrefixTest
Tests run: 5, Failures: 0, Errors: 0, Skipped: 0, Time elapsed: 12.251 sec
Running org.apache.camel.component.file.FileProducerCharsetUTFOptimizedTest
Tests run: 1, Failures: 0, Errors: 0, Skipped: 0, Time elapsed: 5.216 sec
Running org.apache.camel.component.file.FileProducerCharsetUTFtoISOConfiguredTest
Tests run: 1, Failures: 0, Errors: 0, Skipped: 0, Time elapsed: 7.983 sec
Running org.apache.camel.component.file.FileProducerCharsetUTFtoISOConvertBodyToTest
Tests run: 1, Failures: 0, Errors: 0, Skipped: 0, Time elapsed: 5.833 sec
Running org.apache.camel.component.file.FileProducerCharsetUTFtoISOTest
Tests run: 1, Failures: 0, Errors: 0, Skipped: 0, Time elapsed: 8.253 sec
Running org.apache.camel.component.file.FileProducerCharsetUTFtoUTFTest
Tests run: 1, Failures: 0, Errors: 0, Skipped: 0, Time elapsed: 1.365 sec
Running org.apache.camel.component.file.FileProducerExpressionTest
Tests run: 7, Failures: 0, Errors: 0, Skipped: 0, Time elapsed: 0.91 sec
Running org.apache.camel.component.file.FileProducerFileExistAppendNoFileBeforeTest
Tests run: 1, Failures: 0, Errors: 0, Skipped: 0, Time elapsed: 1.022 sec
Running org.apache.camel.component.file.FileProducerFileExistAppendTest
Tests run: 1, Failures: 0, Errors: 0, Skipped: 0, Time elapsed: 1.107 sec
Running org.apache.camel.component.file.FileProducerFileExistFailTest
Tests run: 1, Failures: 0, Errors: 0, Skipped: 0, Time elapsed: 1.017 sec
Running org.apache.camel.component.file.FileProducerFileExistIgnoreTest
Tests run: 1, Failures: 0, Errors: 0, Skipped: 0, Time elapsed: 1.023 sec
Running org.apache.camel.component.file.FileProducerFileExistOverrideNoFileBeforeTest
Tests run: 1, Failures: 0, Errors: 0, Skipped: 0, Time elapsed: 1.037 sec
Running org.apache.camel.component.file.FileProducerFileExistOverrideTest
Tests run: 1, Failures: 0, Errors: 0, Skipped: 0, Time elapsed: 1.027 sec
Running org.apache.camel.component.file.FileProducerFilenameConstantTest
Tests run: 1, Failures: 0, Errors: 0, Skipped: 0, Time elapsed: 0.073 sec
Running org.apache.camel.component.file.FileProducerTempFileExistsIssueTest
Tests run: 6, Failures: 0, Errors: 0, Skipped: 0, Time elapsed: 0.723 sec
Running org.apache.camel.component.file.FileRecursiveDepthTest
Tests run: 3, Failures: 0, Errors: 0, Skipped: 0, Time elapsed: 3.632 sec
Running org.apache.camel.component.file.FileRecursiveNoopTest
Tests run: 1, Failures: 0, Errors: 0, Skipped: 0, Time elapsed: 1.526 sec
Running org.apache.camel.component.file.FileRenameFileOnCommitIssueTest
Tests run: 1, Failures: 0, Errors: 0, Skipped: 0, Time elapsed: 1.094 sec
Running org.apache.camel.component.file.FileRenameReadLockMustUseMarkerFileTest
Tests run: 1, Failures: 0, Errors: 0, Skipped: 0, Time elapsed: 14.535 sec
Running org.apache.camel.component.file.FileSortByExpressionTest
Tests run: 2, Failures: 0, Errors: 0, Skipped: 0, Time elapsed: 69.612 sec
Running org.apache.camel.component.file.FileSortByIgnoreCaseExpressionTest
Tests run: 3, Failures: 0, Errors: 0, Skipped: 0, Time elapsed: 34.771 sec
Running org.apache.camel.component.file.FileSortByNestedExpressionTest
Tests run: 2, Failures: 0, Errors: 0, Skipped: 0, Time elapsed: 2.746 sec
Running org.apache.camel.component.file.FileSorterRefTest
Tests run: 1, Failures: 0, Errors: 0, Skipped: 0, Time elapsed: 1.214 sec
Running org.apache.camel.component.file.FileToFileNioLowBufferTest
Tests run: 1, Failures: 0, Errors: 0, Skipped: 0, Time elapsed: 1.125 sec
Running org.apache.camel.component.file.FileToFileWithFlattenTest
Tests run: 2, Failures: 0, Errors: 0, Skipped: 0, Time elapsed: 2.841 sec
Running org.apache.camel.component.file.FilerConsumerDoneFileNameDeleteTest
Tests run: 1, Failures: 0, Errors: 0, Skipped: 0, Time elapsed: 0.439 sec
Running org.apache.camel.component.file.FilerConsumerDoneFileNamePrefixTest
Tests run: 1, Failures: 0, Errors: 0, Skipped: 0, Time elapsed: 0.711 sec
Running org.apache.camel.component.file.FilerConsumerDoneFileNameSimplePrefixTest
Tests run: 1, Failures: 0, Errors: 0, Skipped: 0, Time elapsed: 0.559 sec
Running org.apache.camel.component.file.FilerConsumerDoneFileNameSuffixTest
Tests run: 1, Failures: 0, Errors: 0, Skipped: 0, Time elapsed: 0.378 sec
Running org.apache.camel.component.file.FilerConsumerDoneFileNameTest
Tests run: 1, Failures: 0, Errors: 0, Skipped: 0, Time elapsed: 0.43 sec
Running org.apache.camel.component.file.FilerConsumerDoneFileNoopTest
Tests run: 1, Failures: 0, Errors: 0, Skipped: 0, Time elapsed: 1.032 sec
Running org.apache.camel.component.file.FilerConsumerDualDoneFileNameTest
Tests run: 2, Failures: 0, Errors: 0, Skipped: 0, Time elapsed: 0.908 sec
Running org.apache.camel.component.file.FilerConsumerPreMoveDoneFileNameTest
Tests run: 1, Failures: 0, Errors: 0, Skipped: 0, Time elapsed: 0.551 sec
Running org.apache.camel.component.file.FilerConsumerShouldSkipDoneFilePrefixTest
Tests run: 1, Failures: 0, Errors: 0, Skipped: 0, Time elapsed: 0.358 sec
Running org.apache.camel.component.file.FilerConsumerShouldSkipDoneFileSuffixTest
Tests run: 1, Failures: 0, Errors: 0, Skipped: 0, Time elapsed: 0.513 sec
Running org.apache.camel.component.file.FilerConsumerShouldSkipDoneFileTest
Tests run: 1, Failures: 0, Errors: 0, Skipped: 0, Time elapsed: 0.838 sec
Running org.apache.camel.component.file.FilerProducerAbsoluteTest
Tests run: 1, Failures: 0, Errors: 0, Skipped: 0, Time elapsed: 0.09 sec
Running org.apache.camel.component.file.FilerProducerDoneFileNameTest
Tests run: 6, Failures: 0, Errors: 0, Skipped: 0, Time elapsed: 0.461 sec
Running org.apache.camel.component.file.FilerProducerFileNamesTest
Tests run: 2, Failures: 0, Errors: 0, Skipped: 0, Time elapsed: 0.324 sec
Running org.apache.camel.component.file.FromFileDoNotDeleteFileIfProcessFailsTest
Tests run: 1, Failures: 0, Errors: 0, Skipped: 0, Time elapsed: 1.032 sec
Running org.apache.camel.component.file.FromFileDoNotMoveFileIfProcessFailsTest
Tests run: 1, Failures: 0, Errors: 0, Skipped: 0, Time elapsed: 1.031 sec
Running org.apache.camel.component.file.FromFileMoveDoneCustomHeaderTest
Tests run: 1, Failures: 1, Errors: 0, Skipped: 0, Time elapsed: 25.507 sec <<< FAILURE!
Running org.apache.camel.component.file.FromFileMoveFileIfProcessFailsTest
Tests run: 1, Failures: 0, Errors: 0, Skipped: 0, Time elapsed: 7.345 sec
Running org.apache.camel.component.file.FromFileMulticastToFilesTest
Tests run: 2, Failures: 1, Errors: 0, Skipped: 0, Time elapsed: 45.078 sec <<< FAILURE!
Running org.apache.camel.component.file.FromFilePollThirdTimeOkTest
Tests run: 1, Failures: 1, Errors: 0, Skipped: 0, Time elapsed: 9.332 sec <<< FAILURE!
Running org.apache.camel.component.file.GenericFileConverterTest
Tests run: 6, Failures: 0, Errors: 0, Skipped: 0, Time elapsed: 15.647 sec
Running org.apache.camel.component.file.NewFileConsumeTest
Tests run: 1, Failures: 0, Errors: 0, Skipped: 0, Time elapsed: 11.191 sec
Running org.apache.camel.component.file.NewFileConsumerTest
Tests run: 1, Failures: 0, Errors: 0, Skipped: 0, Time elapsed: 6.984 sec
Running org.apache.camel.component.file.NewFileProduceTest
Tests run: 1, Failures: 0, Errors: 0, Skipped: 0, Time elapsed: 0.388 sec
Running org.apache.camel.component.file.ToFileRouteTest
Tests run: 1, Failures: 0, Errors: 0, Skipped: 0, Time elapsed: 0.144 sec
Running org.apache.camel.component.file.XPathToFileTest
Tests run: 1, Failures: 0, Errors: 0, Skipped: 0, Time elapsed: 0.168 sec
Running org.apache.camel.component.file.strategy.FileChangedReadLockTest
Tests run: 1, Failures: 0, Errors: 0, Skipped: 0, Time elapsed: 5.205 sec
Running org.apache.camel.component.file.strategy.FileChangedReadLockTimeoutTest
Tests run: 1, Failures: 1, Errors: 0, Skipped: 0, Time elapsed: 21.02 sec <<< FAILURE!
Running org.apache.camel.component.file.strategy.GenericFileDeleteProcessStrategyTest
Tests run: 2, Failures: 0, Errors: 0, Skipped: 0, Time elapsed: 4.011 sec
Running org.apache.camel.component.file.strategy.MarkerFileExclusiveReadLockStrategyTest
Tests run: 1, Failures: 0, Errors: 0, Skipped: 0, Time elapsed: 9.51 sec
Running org.apache.camel.component.file.stress.FileAsyncStressReadLockLockFileTest
Tests run: 1, Failures: 0, Errors: 0, Skipped: 0, Time elapsed: 96.324 sec
Running org.apache.camel.component.file.stress.FileAsyncStressReadLockNoneTest
Tests run: 1, Failures: 0, Errors: 0, Skipped: 0, Time elapsed: 211.711 sec
Running org.apache.camel.component.file.stress.FileAsyncStressReadLockRenameTest
Tests run: 1, Failures: 0, Errors: 0, Skipped: 0, Time elapsed: 21.76 sec
Running org.apache.camel.component.file.stress.FileAsyncStressTest
Tests run: 1, Failures: 0, Errors: 0, Skipped: 0, Time elapsed: 390.912 sec
Running org.apache.camel.component.file.stress.FileConsumerPollManyFilesTest
Tests run: 1, Failures: 0, Errors: 0, Skipped: 0, Time elapsed: 194.314 sec
Running org.apache.camel.component.language.LanguageEndpointScriptRouteTest
Tests run: 1, Failures: 0, Errors: 0, Skipped: 0, Time elapsed: 0.016 sec
Running org.apache.camel.component.language.LanguageHeaderRouteTest
Tests run: 1, Failures: 0, Errors: 0, Skipped: 0, Time elapsed: 0.022 sec
Running org.apache.camel.component.language.LanguageLoadScriptFromClasspathHeaderTest
Tests run: 1, Failures: 0, Errors: 0, Skipped: 0, Time elapsed: 0.013 sec
Running org.apache.camel.component.language.LanguageLoadScriptFromClasspathTest
Tests run: 1, Failures: 0, Errors: 0, Skipped: 0, Time elapsed: 0.013 sec
Running org.apache.camel.component.language.LanguageLoadScriptFromFileCachedTest
Tests run: 1, Failures: 0, Errors: 0, Skipped: 0, Time elapsed: 0.118 sec
Running org.apache.camel.component.language.LanguageLoadScriptFromFileUpdateTest
Tests run: 1, Failures: 0, Errors: 0, Skipped: 0, Time elapsed: 0.236 sec
Running org.apache.camel.component.language.LanguageRouteConvertBodyTest
Tests run: 1, Failures: 0, Errors: 0, Skipped: 0, Time elapsed: 0.018 sec
Running org.apache.camel.component.language.LanguageRouteNoTransformTest
Tests run: 1, Failures: 0, Errors: 0, Skipped: 0, Time elapsed: 0.039 sec
Running org.apache.camel.component.language.LanguageRouteTest
Tests run: 1, Failures: 0, Errors: 0, Skipped: 0, Time elapsed: 0.018 sec
Running org.apache.camel.component.language.LanguageScriptInHeaderRouteTakePrecedenceTest
Tests run: 2, Failures: 0, Errors: 0, Skipped: 0, Time elapsed: 0.025 sec
Running org.apache.camel.component.language.LanguageScriptInHeaderRouteTest
Tests run: 1, Failures: 0, Errors: 0, Skipped: 0, Time elapsed: 0.015 sec
Running org.apache.camel.component.language.LanguageScriptRouteTest
Tests run: 1, Failures: 0, Errors: 0, Skipped: 0, Time elapsed: 0.014 sec
Running org.apache.camel.component.language.LanguageXPathRouteTest
Tests run: 1, Failures: 0, Errors: 0, Skipped: 0, Time elapsed: 0.029 sec
Running org.apache.camel.component.log.LogEndpointTest
Tests run: 1, Failures: 0, Errors: 0, Skipped: 0, Time elapsed: 0.013 sec
Running org.apache.camel.component.log.LogFormatterTest
Tests run: 14, Failures: 0, Errors: 0, Skipped: 0, Time elapsed: 0.072 sec
Running org.apache.camel.component.log.LogInputStreamTest
Tests run: 4, Failures: 0, Errors: 0, Skipped: 0, Time elapsed: 0.155 sec
Running org.apache.camel.component.log.LogRouteTest
Tests run: 4, Failures: 0, Errors: 0, Skipped: 0, Time elapsed: 0.017 sec
Running org.apache.camel.component.log.ThroughputLoggerTest
Tests run: 2, Failures: 0, Errors: 0, Skipped: 0, Time elapsed: 1.48 sec
Running org.apache.camel.component.mock.MockAsBeanTest
Tests run: 3, Failures: 0, Errors: 0, Skipped: 0, Time elapsed: 0.118 sec
Running org.apache.camel.component.mock.MockAssertionClauseTest
Tests run: 2, Failures: 0, Errors: 0, Skipped: 0, Time elapsed: 0.015 sec
Running org.apache.camel.component.mock.MockEndpointTest
Tests run: 65, Failures: 0, Errors: 0, Skipped: 0, Time elapsed: 5.461 sec
Running org.apache.camel.component.mock.MockEndpointTimeClauseTest
Exception in thread "pool-737-thread-1" java.lang.IllegalStateException: ProducerTemplate has not been started
	at org.apache.camel.impl.DefaultProducerTemplate.getProducerCache(DefaultProducerTemplate.java:675)
	at org.apache.camel.impl.DefaultProducerTemplate.send(DefaultProducerTemplate.java:111)
	at org.apache.camel.impl.DefaultProducerTemplate.sendBody(DefaultProducerTemplate.java:124)
	at org.apache.camel.impl.DefaultProducerTemplate.sendBody(DefaultProducerTemplate.java:131)
	at org.apache.camel.component.mock.MockEndpointTimeClauseTest$2.run(MockEndpointTimeClauseTest.java:109)
	at java.util.concurrent.ThreadPoolExecutor.runWorker(ThreadPoolExecutor.java:1145)
	at java.util.concurrent.ThreadPoolExecutor$Worker.run(ThreadPoolExecutor.java:615)
	at java.lang.Thread.run(Thread.java:745)
Tests run: 11, Failures: 0, Errors: 0, Skipped: 0, Time elapsed: 7.914 sec
Running org.apache.camel.component.mock.MockEndpointWithParametersTest
Tests run: 1, Failures: 0, Errors: 0, Skipped: 0, Time elapsed: 0.01 sec
Running org.apache.camel.component.mock.MockExpectedBodiesAsListTest
Tests run: 3, Failures: 0, Errors: 0, Skipped: 0, Time elapsed: 0.026 sec
Running org.apache.camel.component.mock.MockPredicateTest
Tests run: 3, Failures: 0, Errors: 0, Skipped: 0, Time elapsed: 0.028 sec
Running org.apache.camel.component.mock.MockThroughtputTest
Tests run: 1, Failures: 0, Errors: 0, Skipped: 0, Time elapsed: 0.011 sec
Running org.apache.camel.component.mock.MockXpathTest
Tests run: 1, Failures: 0, Errors: 0, Skipped: 0, Time elapsed: 0.013 sec
Running org.apache.camel.component.pojo.PojoRouteTest
Tests run: 1, Failures: 0, Errors: 0, Skipped: 0, Time elapsed: 0.062 sec
Running org.apache.camel.component.properties.OptionalPropertiesDslInvalidSyntaxTest
Tests run: 2, Failures: 0, Errors: 0, Skipped: 0, Time elapsed: 0.013 sec
Running org.apache.camel.component.properties.OptionalPropertiesDslTest
Tests run: 1, Failures: 0, Errors: 0, Skipped: 0, Time elapsed: 0.016 sec
Running org.apache.camel.component.properties.PropertiesComponentAdviceWithInterceptSendToEndpointTest
Tests run: 1, Failures: 0, Errors: 0, Skipped: 0, Time elapsed: 0.016 sec
Running org.apache.camel.component.properties.PropertiesComponentDefaultTest
Tests run: 5, Failures: 0, Errors: 0, Skipped: 0, Time elapsed: 0.046 sec
Running org.apache.camel.component.properties.PropertiesComponentEIPChoiceConvertBodyToTest
Tests run: 2, Failures: 0, Errors: 0, Skipped: 0, Time elapsed: 0.024 sec
Running org.apache.camel.component.properties.PropertiesComponentEIPConvertBodyToTest
Tests run: 1, Failures: 0, Errors: 0, Skipped: 0, Time elapsed: 0.011 sec
Running org.apache.camel.component.properties.PropertiesComponentEIPRoutingSlipTest
Tests run: 1, Failures: 0, Errors: 0, Skipped: 0, Time elapsed: 0.01 sec
Running org.apache.camel.component.properties.PropertiesComponentEndpointTest
Tests run: 3, Failures: 0, Errors: 0, Skipped: 0, Time elapsed: 0.032 sec
Running org.apache.camel.component.properties.PropertiesComponentInterceptSendToEndpointTest
Tests run: 1, Failures: 0, Errors: 0, Skipped: 0, Time elapsed: 0.012 sec
Running org.apache.camel.component.properties.PropertiesComponentLoadPropertiesFromFileTest
Tests run: 24, Failures: 0, Errors: 0, Skipped: 0, Time elapsed: 0.581 sec
Running org.apache.camel.component.properties.PropertiesComponentLoadPropertiesFromFileTrimValuesTest
Tests run: 1, Failures: 0, Errors: 0, Skipped: 0, Time elapsed: 0.004 sec
Running org.apache.camel.component.properties.PropertiesComponentLocationWithJvmPropertyTest
Tests run: 1, Failures: 0, Errors: 0, Skipped: 0, Time elapsed: 0.008 sec
Running org.apache.camel.component.properties.PropertiesComponentLocationWithTwoJvmPropertyTest
Tests run: 1, Failures: 0, Errors: 0, Skipped: 0, Time elapsed: 0.008 sec
Running org.apache.camel.component.properties.PropertiesComponentOnExceptionTest
Tests run: 1, Failures: 0, Errors: 0, Skipped: 0, Time elapsed: 0.089 sec
Running org.apache.camel.component.properties.PropertiesComponentOverridePropertiesTest
Tests run: 1, Failures: 0, Errors: 0, Skipped: 0, Time elapsed: 0.011 sec
Running org.apache.camel.component.properties.PropertiesComponentRefTest
Tests run: 2, Failures: 0, Errors: 0, Skipped: 0, Time elapsed: 0.018 sec
Running org.apache.camel.component.properties.PropertiesComponentRegistryTest
Tests run: 3, Failures: 0, Errors: 0, Skipped: 0, Time elapsed: 0.012 sec
Running org.apache.camel.component.properties.PropertiesComponentSetHeaderSimpleTest
Tests run: 1, Failures: 0, Errors: 0, Skipped: 0, Time elapsed: 0.012 sec
Running org.apache.camel.component.properties.PropertiesComponentSimpleLanguageTest
Tests run: 6, Failures: 0, Errors: 0, Skipped: 0, Time elapsed: 0.055 sec
Running org.apache.camel.component.properties.PropertiesComponentTest
Tests run: 24, Failures: 0, Errors: 0, Skipped: 0, Time elapsed: 0.489 sec
Running org.apache.camel.component.properties.PropertiesEnvironmentVariableOverrideTest
Tests run: 1, Failures: 0, Errors: 0, Skipped: 0, Time elapsed: 0.012 sec
Running org.apache.camel.component.properties.PropertiesResolverTest
Tests run: 1, Failures: 0, Errors: 0, Skipped: 0, Time elapsed: 0.01 sec
Running org.apache.camel.component.ref.RefComponentTest
Tests run: 1, Failures: 0, Errors: 0, Skipped: 0, Time elapsed: 0.005 sec
Running org.apache.camel.component.ref.RefFileEndpointTest
Tests run: 1, Failures: 0, Errors: 0, Skipped: 0, Time elapsed: 19.968 sec
Running org.apache.camel.component.ref.RefInvalidTest
Tests run: 2, Failures: 0, Errors: 0, Skipped: 0, Time elapsed: 0.044 sec
Running org.apache.camel.component.seda.CollectionProducerTest
Tests run: 1, Failures: 0, Errors: 0, Skipped: 0, Time elapsed: 0.005 sec
Running org.apache.camel.component.seda.DirectRequestReplyAndSedaInOnlyTest
Tests run: 1, Failures: 0, Errors: 0, Skipped: 0, Time elapsed: 1.029 sec
Running org.apache.camel.component.seda.FileSedaShutdownCompleteAllTasksTest
Tests run: 1, Failures: 0, Errors: 0, Skipped: 0, Time elapsed: 25.365 sec
Running org.apache.camel.component.seda.SedaAsyncProducerTest
Tests run: 2, Failures: 0, Errors: 0, Skipped: 0, Time elapsed: 0.228 sec
Running org.apache.camel.component.seda.SedaAsyncRouteTest
Tests run: 1, Failures: 0, Errors: 0, Skipped: 0, Time elapsed: 0.022 sec
Running org.apache.camel.component.seda.SedaBlockWhenFullTest
Tests run: 2, Failures: 0, Errors: 0, Skipped: 0, Time elapsed: 1.099 sec
Running org.apache.camel.component.seda.SedaComplexInOutTest
Tests run: 1, Failures: 0, Errors: 0, Skipped: 0, Time elapsed: 0.074 sec
Running org.apache.camel.component.seda.SedaComponentReferenceEndpointTest
Tests run: 1, Failures: 0, Errors: 0, Skipped: 0, Time elapsed: 0.059 sec
Running org.apache.camel.component.seda.SedaConcurrentConsumersNPEIssueTest
Tests run: 2, Failures: 0, Errors: 0, Skipped: 0, Time elapsed: 0.113 sec
Running org.apache.camel.component.seda.SedaConcurrentConsumersTest
Tests run: 1, Failures: 0, Errors: 0, Skipped: 0, Time elapsed: 0.045 sec
Running org.apache.camel.component.seda.SedaConcurrentTest
Tests run: 4, Failures: 0, Errors: 0, Skipped: 0, Time elapsed: 16.236 sec
Running org.apache.camel.component.seda.SedaConfigureTest
Tests run: 4, Failures: 0, Errors: 0, Skipped: 0, Time elapsed: 0.017 sec
Running org.apache.camel.component.seda.SedaConsumerSuspendResumeTest
Tests run: 1, Failures: 0, Errors: 0, Skipped: 0, Time elapsed: 4.05 sec
Running org.apache.camel.component.seda.SedaDefaultUnboundedQueueSizeTest
Tests run: 2, Failures: 0, Errors: 0, Skipped: 0, Time elapsed: 0.12 sec
Running org.apache.camel.component.seda.SedaEndpointTest
Tests run: 6, Failures: 0, Errors: 0, Skipped: 0, Time elapsed: 0.024 sec
Running org.apache.camel.component.seda.SedaFromRouteIdTest
Tests run: 1, Failures: 0, Errors: 0, Skipped: 0, Time elapsed: 0.045 sec
Running org.apache.camel.component.seda.SedaInOnlyChainedTest
Tests run: 1, Failures: 0, Errors: 0, Skipped: 0, Time elapsed: 0.065 sec
Running org.apache.camel.component.seda.SedaInOnlyTest
Tests run: 1, Failures: 0, Errors: 0, Skipped: 0, Time elapsed: 0.022 sec
Running org.apache.camel.component.seda.SedaInOutBigChainedTest
Tests run: 1, Failures: 0, Errors: 0, Skipped: 0, Time elapsed: 0.078 sec
Running org.apache.camel.component.seda.SedaInOutChainedTest
Tests run: 1, Failures: 0, Errors: 0, Skipped: 0, Time elapsed: 0.045 sec
Running org.apache.camel.component.seda.SedaInOutChainedTimeoutTest
Tests run: 1, Failures: 0, Errors: 0, Skipped: 0, Time elapsed: 3.048 sec
Running org.apache.camel.component.seda.SedaInOutChainedWithOnCompletionTest
Tests run: 1, Failures: 0, Errors: 0, Skipped: 0, Time elapsed: 1.402 sec
Running org.apache.camel.component.seda.SedaInOutTest
Tests run: 1, Failures: 0, Errors: 0, Skipped: 0, Time elapsed: 0.027 sec
Running org.apache.camel.component.seda.SedaInOutWithErrorDeadLetterChannelTest
Tests run: 1, Failures: 0, Errors: 0, Skipped: 0, Time elapsed: 0.032 sec
Running org.apache.camel.component.seda.SedaInOutWithErrorTest
Tests run: 1, Failures: 0, Errors: 0, Skipped: 0, Time elapsed: 0.032 sec
Running org.apache.camel.component.seda.SedaMultipleConsumersTest
Tests run: 2, Failures: 0, Errors: 0, Skipped: 0, Time elapsed: 1.128 sec
Running org.apache.camel.component.seda.SedaNoConsumerTest
Tests run: 2, Failures: 0, Errors: 0, Skipped: 0, Time elapsed: 1.018 sec
Running org.apache.camel.component.seda.SedaQueueTest
Tests run: 1, Failures: 0, Errors: 0, Skipped: 0, Time elapsed: 1.03 sec
Running org.apache.camel.component.seda.SedaRouteTest
Tests run: 2, Failures: 0, Errors: 0, Skipped: 0, Time elapsed: 6.082 sec
Running org.apache.camel.component.seda.SedaShouldNotUseSameThreadTest
Tests run: 1, Failures: 0, Errors: 0, Skipped: 0, Time elapsed: 0.027 sec
Running org.apache.camel.component.seda.SedaTimeoutDisabledTest
Tests run: 1, Failures: 0, Errors: 0, Skipped: 0, Time elapsed: 0.533 sec
Running org.apache.camel.component.seda.SedaTimeoutTest
Tests run: 3, Failures: 0, Errors: 0, Skipped: 0, Time elapsed: 1.918 sec
Running org.apache.camel.component.seda.SedaUnitOfWorkTest
Tests run: 1, Failures: 0, Errors: 0, Skipped: 0, Time elapsed: 0.029 sec
Running org.apache.camel.component.seda.SedaWaitForTaskAsPropertyTest
Tests run: 2, Failures: 0, Errors: 0, Skipped: 0, Time elapsed: 0.06 sec
Running org.apache.camel.component.seda.SedaWaitForTaskCompleteOnCompletionTest
Tests run: 1, Failures: 0, Errors: 0, Skipped: 0, Time elapsed: 0.04 sec
Running org.apache.camel.component.seda.SedaWaitForTaskCompleteTest
Tests run: 2, Failures: 0, Errors: 0, Skipped: 0, Time elapsed: 0.054 sec
Running org.apache.camel.component.seda.SedaWaitForTaskIfReplyExpectedTest
Tests run: 2, Failures: 0, Errors: 0, Skipped: 0, Time elapsed: 0.092 sec
Running org.apache.camel.component.seda.SedaWaitForTaskNewerOnCompletionTest
Tests run: 1, Failures: 0, Errors: 0, Skipped: 0, Time elapsed: 1.071 sec
Running org.apache.camel.component.seda.SedaWaitForTaskNewerTest
Tests run: 2, Failures: 0, Errors: 0, Skipped: 0, Time elapsed: 0.063 sec
Running org.apache.camel.component.seda.TracingWithDelayTest
Tests run: 1, Failures: 0, Errors: 0, Skipped: 0, Time elapsed: 0.057 sec
Running org.apache.camel.component.stub.StubInOnlyTest
Tests run: 1, Failures: 0, Errors: 0, Skipped: 0, Time elapsed: 0.074 sec
Running org.apache.camel.component.test.TestEndpointTest
Tests run: 1, Failures: 0, Errors: 0, Skipped: 0, Time elapsed: 2.04 sec
Running org.apache.camel.component.timer.TimerDelayTest
Tests run: 1, Failures: 0, Errors: 0, Skipped: 0, Time elapsed: 0.516 sec
Running org.apache.camel.component.timer.TimerEndpointTest
Tests run: 3, Failures: 0, Errors: 0, Skipped: 0, Time elapsed: 0.031 sec
Running org.apache.camel.component.timer.TimerFiredTimeTest
Tests run: 1, Failures: 0, Errors: 0, Skipped: 0, Time elapsed: 0.011 sec
Running org.apache.camel.component.timer.TimerMultipleConsumerStopRouteTest
Tests run: 1, Failures: 0, Errors: 0, Skipped: 0, Time elapsed: 0.215 sec
Running org.apache.camel.component.timer.TimerMultipleConsumerTest
Tests run: 1, Failures: 0, Errors: 0, Skipped: 0, Time elapsed: 0.032 sec
Running org.apache.camel.component.timer.TimerNameTest
Tests run: 1, Failures: 0, Errors: 0, Skipped: 0, Time elapsed: 2.011 sec
Running org.apache.camel.component.timer.TimerRepeatCountTest
Tests run: 1, Failures: 0, Errors: 0, Skipped: 0, Time elapsed: 10.511 sec
Running org.apache.camel.component.timer.TimerRestartTest
Tests run: 1, Failures: 0, Errors: 0, Skipped: 0, Time elapsed: 2.019 sec
Running org.apache.camel.component.timer.TimerRouteTest
Tests run: 1, Failures: 0, Errors: 0, Skipped: 0, Time elapsed: 0.514 sec
Running org.apache.camel.component.timer.TimerRouteWithTracerTest
Tests run: 1, Failures: 0, Errors: 0, Skipped: 0, Time elapsed: 0.512 sec
Running org.apache.camel.component.timer.TimerSuspendCamelContextTest
Tests run: 1, Failures: 0, Errors: 0, Skipped: 0, Time elapsed: 2.512 sec
Running org.apache.camel.component.timer.TimerWithTimeOptionTest
Tests run: 8, Failures: 0, Errors: 0, Skipped: 0, Time elapsed: 13.552 sec
Running org.apache.camel.component.validator.FileValidatorRouteTest
Tests run: 2, Failures: 0, Errors: 0, Skipped: 0, Time elapsed: 6.071 sec
Running org.apache.camel.component.validator.ValidatorIllegalImportTest
Tests run: 2, Failures: 0, Errors: 0, Skipped: 0, Time elapsed: 0.031 sec
Running org.apache.camel.component.validator.ValidatorIncludeRouteTest
Tests run: 6, Failures: 0, Errors: 0, Skipped: 0, Time elapsed: 0.127 sec
Running org.apache.camel.component.validator.ValidatorRouteTest
Tests run: 2, Failures: 0, Errors: 0, Skipped: 0, Time elapsed: 0.034 sec
Running org.apache.camel.component.validator.ValidatorWithResourceResolverRouteTest
Tests run: 2, Failures: 0, Errors: 0, Skipped: 0, Time elapsed: 0.066 sec
Running org.apache.camel.component.vm.VMSplitterTest
Tests run: 1, Failures: 0, Errors: 0, Skipped: 0, Time elapsed: 0.035 sec
Running org.apache.camel.component.vm.VmComponentReferenceEndpointTest
Tests run: 1, Failures: 0, Errors: 0, Skipped: 0, Time elapsed: 0.042 sec
Running org.apache.camel.component.vm.VmConcurrentConsumersTest
Tests run: 1, Failures: 0, Errors: 0, Skipped: 0, Time elapsed: 0.031 sec
Running org.apache.camel.component.vm.VmDifferentOptionsOnConsumerAndProducerTest
Tests run: 1, Failures: 0, Errors: 0, Skipped: 0, Time elapsed: 0.03 sec
Running org.apache.camel.component.vm.VmInOnlyChainedTest
Tests run: 1, Failures: 0, Errors: 0, Skipped: 0, Time elapsed: 0.062 sec
Running org.apache.camel.component.vm.VmInOnlyTest
Tests run: 1, Failures: 0, Errors: 0, Skipped: 0, Time elapsed: 0.026 sec
Running org.apache.camel.component.vm.VmInOutChainedTest
Tests run: 1, Failures: 0, Errors: 0, Skipped: 0, Time elapsed: 0.063 sec
Running org.apache.camel.component.vm.VmInOutChainedTimeoutTest
Tests run: 1, Failures: 0, Errors: 0, Skipped: 0, Time elapsed: 1.245 sec
Running org.apache.camel.component.vm.VmInOutTest
Tests run: 1, Failures: 0, Errors: 0, Skipped: 0, Time elapsed: 0.029 sec
Running org.apache.camel.component.vm.VmInOutWithErrorTest
Tests run: 1, Failures: 0, Errors: 0, Skipped: 0, Time elapsed: 0.038 sec
Running org.apache.camel.component.vm.VmQueueTest
Tests run: 1, Failures: 0, Errors: 0, Skipped: 0, Time elapsed: 0.037 sec
Running org.apache.camel.component.vm.VmShouldNotUseSameThreadTest
Tests run: 1, Failures: 0, Errors: 0, Skipped: 0, Time elapsed: 0.029 sec
Running org.apache.camel.component.vm.VmTimeoutIssueTest
Tests run: 2, Failures: 0, Errors: 0, Skipped: 0, Time elapsed: 3.109 sec
Running org.apache.camel.component.vm.VmUseSameQueueTest
Tests run: 1, Failures: 0, Errors: 0, Skipped: 0, Time elapsed: 0.025 sec
Running org.apache.camel.component.vm.VmWaitForTaskCompleteTest
Tests run: 2, Failures: 0, Errors: 0, Skipped: 0, Time elapsed: 0.063 sec
Running org.apache.camel.component.vm.VmWaitForTaskIfReplyExpectedTest
Tests run: 2, Failures: 0, Errors: 0, Skipped: 0, Time elapsed: 0.063 sec
Running org.apache.camel.component.vm.VmWaitForTaskNewerTest
Tests run: 2, Failures: 0, Errors: 0, Skipped: 0, Time elapsed: 0.064 sec
Running org.apache.camel.component.xslt.InvalidXsltFileTest
Tests run: 1, Failures: 0, Errors: 0, Skipped: 0, Time elapsed: 0.049 sec
Running org.apache.camel.component.xslt.XsltContentCacheTest
Tests run: 4, Failures: 0, Errors: 0, Skipped: 0, Time elapsed: 55.134 sec
Running org.apache.camel.component.xslt.XsltFileNotFoundTest
Tests run: 1, Failures: 0, Errors: 0, Skipped: 0, Time elapsed: 0.023 sec
Running org.apache.camel.component.xslt.XsltFromFileExceptionTest
Tests run: 2, Failures: 0, Errors: 0, Skipped: 0, Time elapsed: 16.97 sec
Running org.apache.camel.component.xslt.XsltFromHeaderOverrideEndpointUriTest
Tests run: 1, Failures: 0, Errors: 0, Skipped: 0, Time elapsed: 0.047 sec
Running org.apache.camel.component.xslt.XsltIncludeClasspathDotInDirectoryTest
Tests run: 1, Failures: 0, Errors: 0, Skipped: 0, Time elapsed: 2.159 sec
Running org.apache.camel.component.xslt.XsltIncludeClasspathTest
Tests run: 1, Failures: 0, Errors: 0, Skipped: 0, Time elapsed: 1.039 sec
Running org.apache.camel.component.xslt.XsltIncludeRelativeOtherTest
Tests run: 1, Failures: 0, Errors: 0, Skipped: 0, Time elapsed: 1.034 sec
Running org.apache.camel.component.xslt.XsltIncludeRelativeTest
Tests run: 1, Failures: 0, Errors: 0, Skipped: 0, Time elapsed: 1.035 sec
Running org.apache.camel.component.xslt.XsltIncludeTest
Tests run: 1, Failures: 0, Errors: 0, Skipped: 0, Time elapsed: 1.037 sec
Running org.apache.camel.component.xslt.XsltOutputBytesTest
Tests run: 1, Failures: 0, Errors: 0, Skipped: 0, Time elapsed: 0.022 sec
Running org.apache.camel.component.xslt.XsltOutputDOMTest
Tests run: 1, Failures: 0, Errors: 0, Skipped: 0, Time elapsed: 0.021 sec
Running org.apache.camel.component.xslt.XsltOutputFileDeleteTest
Tests run: 1, Failures: 0, Errors: 0, Skipped: 0, Time elapsed: 0.023 sec
Running org.apache.camel.component.xslt.XsltOutputFileTest
Tests run: 2, Failures: 0, Errors: 0, Skipped: 0, Time elapsed: 0.04 sec
Running org.apache.camel.component.xslt.XsltOutputStringTest
Tests run: 1, Failures: 0, Errors: 0, Skipped: 0, Time elapsed: 0.018 sec
Running org.apache.camel.component.xslt.XsltReferenceParameterTest
Tests run: 2, Failures: 0, Errors: 0, Skipped: 0, Time elapsed: 0.109 sec
Running org.apache.camel.component.xslt.XsltRouteAllowStAXTest
Tests run: 1, Failures: 0, Errors: 0, Skipped: 0, Time elapsed: 0.036 sec
Running org.apache.camel.component.xslt.XsltRouteFileTest
Tests run: 1, Failures: 0, Errors: 0, Skipped: 0, Time elapsed: 0.033 sec
Running org.apache.camel.component.xslt.XsltRouteTest
Tests run: 1, Failures: 0, Errors: 0, Skipped: 0, Time elapsed: 0.029 sec
Running org.apache.camel.component.xslt.XsltTransformingExceptionTest
Tests run: 2, Failures: 0, Errors: 0, Skipped: 0, Time elapsed: 0.041 sec
Running org.apache.camel.converter.CamelConverterTest
Tests run: 2, Failures: 0, Errors: 0, Skipped: 0, Time elapsed: 0.008 sec
Running org.apache.camel.converter.CollectionConverterTest
Tests run: 8, Failures: 0, Errors: 0, Skipped: 0, Time elapsed: 0.002 sec
Running org.apache.camel.converter.ConverterTest
Tests run: 17, Failures: 0, Errors: 0, Skipped: 0, Time elapsed: 0.051 sec
Running org.apache.camel.converter.DateTimeConverterTest
Tests run: 1, Failures: 0, Errors: 0, Skipped: 0, Time elapsed: 0.005 sec
Running org.apache.camel.converter.EnumConverterTest
Tests run: 3, Failures: 0, Errors: 0, Skipped: 0, Time elapsed: 0.012 sec
Running org.apache.camel.converter.FallbackPromoteTest
Tests run: 1, Failures: 0, Errors: 0, Skipped: 0, Time elapsed: 0.005 sec
Running org.apache.camel.converter.FutureConverterTest
Tests run: 7, Failures: 0, Errors: 0, Skipped: 0, Time elapsed: 3.153 sec
Running org.apache.camel.converter.IOConverterTest
Tests run: 20, Failures: 0, Errors: 0, Skipped: 0, Time elapsed: 10.519 sec
Running org.apache.camel.converter.InstanceFallbackConverterTest
Tests run: 4, Failures: 0, Errors: 0, Skipped: 0, Time elapsed: 0.017 sec
Running org.apache.camel.converter.JaxpTest
Tests run: 4, Failures: 0, Errors: 0, Skipped: 0, Time elapsed: 0.016 sec
Running org.apache.camel.converter.NIOConverterTest
Tests run: 11, Failures: 0, Errors: 0, Skipped: 0, Time elapsed: 0.146 sec
Running org.apache.camel.converter.ObjectConverterNaNTest
Tests run: 10, Failures: 0, Errors: 0, Skipped: 0, Time elapsed: 0.038 sec
Running org.apache.camel.converter.ObjectConverterTest
Tests run: 11, Failures: 0, Errors: 0, Skipped: 0, Time elapsed: 0.004 sec
Running org.apache.camel.converter.ObjectHelperTest
Tests run: 10, Failures: 0, Errors: 0, Skipped: 0, Time elapsed: 0.003 sec
Running org.apache.camel.converter.PrimitiveTypeConverterIssueTest
Tests run: 1, Failures: 0, Errors: 0, Skipped: 0, Time elapsed: 0.053 sec
Running org.apache.camel.converter.PropertyEditorTypeConverterIssueTest
Tests run: 1, Failures: 0, Errors: 0, Skipped: 0, Time elapsed: 0.022 sec
Running org.apache.camel.converter.StaticFallbackConverterTest
Tests run: 4, Failures: 0, Errors: 0, Skipped: 0, Time elapsed: 0.018 sec
Running org.apache.camel.converter.StringSourceTest
Tests run: 1, Failures: 0, Errors: 0, Skipped: 0, Time elapsed: 0.006 sec
Running org.apache.camel.converter.TimePatternConverterTest
Tests run: 18, Failures: 0, Errors: 0, Skipped: 0, Time elapsed: 0.078 sec
Running org.apache.camel.converter.TimePatternTypeConversionTest
Tests run: 4, Failures: 0, Errors: 0, Skipped: 0, Time elapsed: 0.024 sec
Running org.apache.camel.converter.TimerDrivenTimePatternConverterTest
Tests run: 2, Failures: 0, Errors: 0, Skipped: 0, Time elapsed: 6.042 sec
Running org.apache.camel.converter.TypeConverterAwareTest
Tests run: 1, Failures: 0, Errors: 0, Skipped: 0, Time elapsed: 0.007 sec
Running org.apache.camel.converter.jaxp.BytesSourceTest
Tests run: 2, Failures: 0, Errors: 0, Skipped: 0, Time elapsed: 0.008 sec
Running org.apache.camel.converter.jaxp.DomConverterTest
Tests run: 6, Failures: 0, Errors: 0, Skipped: 0, Time elapsed: 0.055 sec
Running org.apache.camel.converter.jaxp.StreamSourceConverterTest
Tests run: 2, Failures: 0, Errors: 0, Skipped: 0, Time elapsed: 0.009 sec
Running org.apache.camel.converter.jaxp.XmlConverterTest
Tests run: 45, Failures: 0, Errors: 0, Skipped: 0, Time elapsed: 0.463 sec
Running org.apache.camel.converter.stream.CachedOutputStreamTest
Tests run: 4, Failures: 0, Errors: 0, Skipped: 0, Time elapsed: 0.034 sec
Running org.apache.camel.converter.stream.FileInputStreamCacheTest
Tests run: 1, Failures: 0, Errors: 0, Skipped: 0, Time elapsed: 0.006 sec
Running org.apache.camel.converter.stream.InputStreamCacheTest
Tests run: 1, Failures: 0, Errors: 0, Skipped: 0, Time elapsed: 0.005 sec
Running org.apache.camel.converter.stream.ReaderCacheTest
Tests run: 1, Failures: 0, Errors: 0, Skipped: 0, Time elapsed: 0.006 sec
Running org.apache.camel.converter.stream.SourceCacheTest
Tests run: 1, Failures: 0, Errors: 0, Skipped: 0, Time elapsed: 0.006 sec
Running org.apache.camel.converter.stream.StreamCacheConverterTest
Tests run: 6, Failures: 0, Errors: 0, Skipped: 0, Time elapsed: 0.056 sec
Running org.apache.camel.converter.stream.StreamSourceCacheTest
Tests run: 1, Failures: 0, Errors: 0, Skipped: 0, Time elapsed: 0.006 sec
Running org.apache.camel.impl.ActiveMQUuidGeneratorTest
Tests run: 2, Failures: 0, Errors: 0, Skipped: 0, Time elapsed: 0.124 sec
Running org.apache.camel.impl.CamelContextAddRouteDefinitionsFromXmlTest
Tests run: 5, Failures: 0, Errors: 0, Skipped: 0, Time elapsed: 1.469 sec
Running org.apache.camel.impl.CamelContextSharedProducerServicePoolTest
Tests run: 2, Failures: 0, Errors: 0, Skipped: 0, Time elapsed: 0.009 sec
Running org.apache.camel.impl.CamelCustomDefaultThreadPoolProfileTest
Tests run: 1, Failures: 0, Errors: 0, Skipped: 0, Time elapsed: 0.017 sec
Running org.apache.camel.impl.CamelPostProcessorHelperTest
Tests run: 15, Failures: 0, Errors: 0, Skipped: 0, Time elapsed: 1.11 sec
Running org.apache.camel.impl.CamelProduceInterfaceTest
Tests run: 1, Failures: 0, Errors: 0, Skipped: 0, Time elapsed: 0.021 sec
Running org.apache.camel.impl.ConfigurationHelperTest
Tests run: 7, Failures: 0, Errors: 0, Skipped: 0, Time elapsed: 0.228 sec
Running org.apache.camel.impl.CustomExchangePatternTest
Tests run: 3, Failures: 0, Errors: 0, Skipped: 0, Time elapsed: 0.086 sec
Running org.apache.camel.impl.CustomIdFactoryTest
Tests run: 2, Failures: 0, Errors: 0, Skipped: 0, Time elapsed: 0.035 sec
Running org.apache.camel.impl.CustomProducerServicePoolTest
Tests run: 2, Failures: 0, Errors: 0, Skipped: 0, Time elapsed: 0.017 sec
Running org.apache.camel.impl.CustomThreadPoolFactoryTest
Tests run: 1, Failures: 0, Errors: 0, Skipped: 0, Time elapsed: 0.005 sec
Running org.apache.camel.impl.DefaultCamelContextAutoStartupTest
Tests run: 3, Failures: 0, Errors: 0, Skipped: 0, Time elapsed: 0.032 sec
Running org.apache.camel.impl.DefaultCamelContextEndpointCacheLimitTest
Tests run: 1, Failures: 0, Errors: 0, Skipped: 0, Time elapsed: 0.012 sec
Running org.apache.camel.impl.DefaultCamelContextEndpointCacheTest
Tests run: 1, Failures: 0, Errors: 0, Skipped: 0, Time elapsed: 0.103 sec
Running org.apache.camel.impl.DefaultCamelContextLazyLoadTypeConvertersTest
Tests run: 3, Failures: 0, Errors: 0, Skipped: 0, Time elapsed: 0.034 sec
Running org.apache.camel.impl.DefaultCamelContextRestartTest
Tests run: 1, Failures: 0, Errors: 0, Skipped: 0, Time elapsed: 0.033 sec
Running org.apache.camel.impl.DefaultCamelContextStopFailureTest
Tests run: 1, Failures: 0, Errors: 0, Skipped: 0, Time elapsed: 0.008 sec
Running org.apache.camel.impl.DefaultCamelContextSuspendResumeRouteStartupOrderTest
Tests run: 1, Failures: 0, Errors: 0, Skipped: 0, Time elapsed: 1.058 sec
Running org.apache.camel.impl.DefaultCamelContextSuspendResumeRouteTest
Tests run: 1, Failures: 0, Errors: 0, Skipped: 0, Time elapsed: 1.067 sec
Running org.apache.camel.impl.DefaultCamelContextTest
Tests run: 20, Failures: 0, Errors: 0, Skipped: 0, Time elapsed: 0.192 sec
Running org.apache.camel.impl.DefaultCamelContextWithLifecycleStrategyRestartTest
Tests run: 2, Failures: 0, Errors: 0, Skipped: 0, Time elapsed: 0.074 sec
Running org.apache.camel.impl.DefaultClassResolverTest
Tests run: 11, Failures: 0, Errors: 0, Skipped: 0, Time elapsed: 0.002 sec
Running org.apache.camel.impl.DefaultComponentReferencePropertiesTest
Tests run: 8, Failures: 0, Errors: 0, Skipped: 0, Time elapsed: 0.045 sec
Running org.apache.camel.impl.DefaultComponentTest
Tests run: 15, Failures: 0, Errors: 0, Skipped: 0, Time elapsed: 0.075 sec
Running org.apache.camel.impl.DefaultComponentValidateURITest
Tests run: 6, Failures: 0, Errors: 0, Skipped: 0, Time elapsed: 0.036 sec
Running org.apache.camel.impl.DefaultConsumerCacheTest
Tests run: 1, Failures: 0, Errors: 0, Skipped: 0, Time elapsed: 0.147 sec
Running org.apache.camel.impl.DefaultConsumerTemplateTest
Tests run: 25, Failures: 0, Errors: 0, Skipped: 0, Time elapsed: 3.666 sec
Running org.apache.camel.impl.DefaultConsumerTemplateWithCustomCacheMaxSizeTest
Tests run: 3, Failures: 0, Errors: 0, Skipped: 0, Time elapsed: 0.041 sec
Running org.apache.camel.impl.DefaultEndpointTest
Tests run: 1, Failures: 0, Errors: 0, Skipped: 0, Time elapsed: 0.007 sec
Running org.apache.camel.impl.DefaultExchangeHolderTest
Tests run: 6, Failures: 0, Errors: 0, Skipped: 0, Time elapsed: 0.027 sec
Running org.apache.camel.impl.DefaultExchangeTest
Tests run: 8, Failures: 0, Errors: 0, Skipped: 0, Time elapsed: 0.077 sec
Running org.apache.camel.impl.DefaultExecutorServiceManagerTest
Tests run: 25, Failures: 0, Errors: 0, Skipped: 0, Time elapsed: 0.086 sec
Running org.apache.camel.impl.DefaultExecutorServiceStrategyTest
Tests run: 18, Failures: 0, Errors: 0, Skipped: 0, Time elapsed: 0.066 sec
Running org.apache.camel.impl.DefaultHeaderFilterStrategyTest
Tests run: 5, Failures: 0, Errors: 0, Skipped: 0, Time elapsed: 0.03 sec
Running org.apache.camel.impl.DefaultInflightRepositoryTest
Tests run: 1, Failures: 0, Errors: 0, Skipped: 0, Time elapsed: 0.004 sec
Running org.apache.camel.impl.DefaultInjectorTest
Tests run: 1, Failures: 0, Errors: 0, Skipped: 0, Time elapsed: 0.017 sec
Running org.apache.camel.impl.DefaultMessageHeaderTest
Tests run: 16, Failures: 0, Errors: 0, Skipped: 0, Time elapsed: 0.006 sec
Running org.apache.camel.impl.DefaultProducerCacheTest
Tests run: 1, Failures: 0, Errors: 0, Skipped: 0, Time elapsed: 0.09 sec
Running org.apache.camel.impl.DefaultProducerTemplateAsyncTest
Tests run: 23, Failures: 0, Errors: 0, Skipped: 0, Time elapsed: 7.428 sec
Running org.apache.camel.impl.DefaultProducerTemplateTest
Tests run: 14, Failures: 0, Errors: 0, Skipped: 0, Time elapsed: 0.497 sec
Running org.apache.camel.impl.DefaultProducerTemplateWithCustomCacheMaxSizeTest
Tests run: 3, Failures: 0, Errors: 0, Skipped: 0, Time elapsed: 0.04 sec
Running org.apache.camel.impl.DefaultUnitOfWorkTest
Tests run: 1, Failures: 0, Errors: 0, Skipped: 0, Time elapsed: 0.002 sec
Running org.apache.camel.impl.EndpointConfigurationTest
Tests run: 3, Failures: 0, Errors: 0, Skipped: 1, Time elapsed: 0.019 sec
Running org.apache.camel.impl.EndpointShutdownOnceTest
Tests run: 1, Failures: 0, Errors: 0, Skipped: 0, Time elapsed: 0.013 sec
Running org.apache.camel.impl.ExpressionAdapterTest
Tests run: 2, Failures: 0, Errors: 0, Skipped: 0, Time elapsed: 0.007 sec
Running org.apache.camel.impl.ExpressionSupportTest
Tests run: 2, Failures: 0, Errors: 0, Skipped: 0, Time elapsed: 0.006 sec
Running org.apache.camel.impl.FromEndpointTest
Tests run: 1, Failures: 0, Errors: 0, Skipped: 0, Time elapsed: 0.007 sec
Running org.apache.camel.impl.FromHasNoOutputRouteTest
Tests run: 1, Failures: 0, Errors: 0, Skipped: 0, Time elapsed: 0.004 sec
Running org.apache.camel.impl.FromMultipleEndpointTest
Tests run: 1, Failures: 0, Errors: 0, Skipped: 0, Time elapsed: 0.021 sec
Running org.apache.camel.impl.GracefulShutdownNoAutoStartOrderClashTest
Tests run: 1, Failures: 0, Errors: 0, Skipped: 0, Time elapsed: 0.008 sec
Running org.apache.camel.impl.GzipDataFormatFileDeleteTest
Tests run: 1, Failures: 0, Errors: 0, Skipped: 0, Time elapsed: 10.085 sec
Running org.apache.camel.impl.GzipDataFormatFileUnmarshalDeleteTest
Tests run: 1, Failures: 0, Errors: 0, Skipped: 0, Time elapsed: 14.567 sec
Running org.apache.camel.impl.GzipDataFormatTest
Tests run: 2, Failures: 0, Errors: 0, Skipped: 0, Time elapsed: 0.036 sec
Running org.apache.camel.impl.HeaderFilterStrategyComponentTest
Tests run: 2, Failures: 0, Errors: 0, Skipped: 0, Time elapsed: 0.002 sec
Running org.apache.camel.impl.InflightRepositoryRouteTest
Tests run: 1, Failures: 0, Errors: 0, Skipped: 0, Time elapsed: 0.01 sec
Running org.apache.camel.impl.InterceptSendToMockEndpointStrategyTest
Tests run: 2, Failures: 0, Errors: 0, Skipped: 0, Time elapsed: 0.046 sec
Running org.apache.camel.impl.JavaUuidGeneratorTest
Tests run: 2, Failures: 0, Errors: 0, Skipped: 0, Time elapsed: 1.385 sec
Running org.apache.camel.impl.LifecycleStrategyFailOnStartupTest
Tests run: 1, Failures: 0, Errors: 0, Skipped: 0, Time elapsed: 0.009 sec
Running org.apache.camel.impl.LifecycleStrategyServiceTest
Tests run: 1, Failures: 0, Errors: 0, Skipped: 0, Time elapsed: 0.013 sec
Running org.apache.camel.impl.LimitedPollingConsumerPollStrategyTest
Tests run: 6, Failures: 0, Errors: 0, Skipped: 0, Time elapsed: 0.026 sec
Running org.apache.camel.impl.LogDebugBodyMaxCharsTest
Tests run: 1, Failures: 0, Errors: 0, Skipped: 0, Time elapsed: 0.014 sec
Running org.apache.camel.impl.LogDebugBodyStreamsTest
Tests run: 6, Failures: 0, Errors: 0, Skipped: 0, Time elapsed: 0.064 sec
Running org.apache.camel.impl.MainSupportTest
Apache Camel Runner takes the following options

  -h or -help = Displays the help screen
  -o or -outdir <dot> = Sets the DOT output directory where the visual representations of the routes are generated
  -ad or -aggregate-dot <aggregate-dot> = Aggregates all routes (in addition to individual route generation) into one context to create one monolithic DOT file for visual representations the entire system.
  -d or -duration <duration> = Sets the time duration that the application will run for, by default in milliseconds. You can use '10s' for 10 seconds etc
  -t or -trace = Enables tracing
  -out or -output <filename> = Output all routes to the specified XML file
Tests run: 2, Failures: 0, Errors: 0, Skipped: 0, Time elapsed: 1.014 sec
Running org.apache.camel.impl.MessageSupportTest
Tests run: 4, Failures: 0, Errors: 0, Skipped: 0, Time elapsed: 0.015 sec
Running org.apache.camel.impl.MultipleConsumersSupportTest
Tests run: 2, Failures: 0, Errors: 0, Skipped: 0, Time elapsed: 0.03 sec
Running org.apache.camel.impl.MultipleLifecycleStrategyTest
Tests run: 1, Failures: 0, Errors: 0, Skipped: 0, Time elapsed: 0.014 sec
Running org.apache.camel.impl.PendingExchangesShutdownGracefulTest
Tests run: 1, Failures: 0, Errors: 0, Skipped: 0, Time elapsed: 3.529 sec
Running org.apache.camel.impl.PendingExchangesTwoRouteShutdownGracefulTest
Tests run: 1, Failures: 0, Errors: 0, Skipped: 0, Time elapsed: 6.03 sec
Running org.apache.camel.impl.ProxyInstantiationExceptionTest
Tests run: 1, Failures: 0, Errors: 0, Skipped: 0, Time elapsed: 0.005 sec
Running org.apache.camel.impl.RefDataFormatTest
Tests run: 2, Failures: 0, Errors: 0, Skipped: 0, Time elapsed: 0.029 sec
Running org.apache.camel.impl.RegistryLookupTypeClassCastExceptionTest
Tests run: 4, Failures: 0, Errors: 0, Skipped: 0, Time elapsed: 0.002 sec
Running org.apache.camel.impl.RegistryTest
Tests run: 3, Failures: 0, Errors: 0, Skipped: 0, Time elapsed: 0.002 sec
Running org.apache.camel.impl.RouteDirectSuspendResumeTest
Tests run: 1, Failures: 0, Errors: 0, Skipped: 0, Time elapsed: 0.015 sec
Running org.apache.camel.impl.RouteMustHaveOutputOnExceptionTest
Tests run: 2, Failures: 0, Errors: 0, Skipped: 0, Time elapsed: 0.013 sec
Running org.apache.camel.impl.RouteNoOutputTest
Tests run: 1, Failures: 0, Errors: 0, Skipped: 0, Time elapsed: 0.004 sec
Running org.apache.camel.impl.RoutePolicyTest
Tests run: 8, Failures: 0, Errors: 0, Skipped: 0, Time elapsed: 0.059 sec
Running org.apache.camel.impl.RouteRemove2Test
Tests run: 1, Failures: 0, Errors: 0, Skipped: 0, Time elapsed: 0.044 sec
Running org.apache.camel.impl.RouteRemoveTest
Tests run: 2, Failures: 0, Errors: 0, Skipped: 0, Time elapsed: 0.042 sec
Running org.apache.camel.impl.RouteSedaSuspendResumeTest
Tests run: 1, Failures: 0, Errors: 0, Skipped: 0, Time elapsed: 1.033 sec
Running org.apache.camel.impl.RouteSuspendResumeWarmUpTest
Tests run: 1, Failures: 0, Errors: 0, Skipped: 0, Time elapsed: 0.012 sec
Running org.apache.camel.impl.RouteWithMistypedComponentNameTest
Tests run: 2, Failures: 0, Errors: 0, Skipped: 0, Time elapsed: 0.002 sec
Running org.apache.camel.impl.ScheduledPollConsumerTest
Tests run: 3, Failures: 0, Errors: 0, Skipped: 0, Time elapsed: 0.013 sec
Running org.apache.camel.impl.ScheduledPollEndpointConfigureConsumerRestartTest
Tests run: 1, Failures: 0, Errors: 0, Skipped: 0, Time elapsed: 2.013 sec
Running org.apache.camel.impl.SerializationDataFormatTest
Tests run: 1, Failures: 0, Errors: 0, Skipped: 0, Time elapsed: 0.013 sec
Running org.apache.camel.impl.ServicePoolTest
Tests run: 8, Failures: 0, Errors: 0, Skipped: 0, Time elapsed: 0.037 sec
Running org.apache.camel.impl.ShutdownGracefuTimeoutTriggerTest
Tests run: 1, Failures: 0, Errors: 0, Skipped: 0, Time elapsed: 2.023 sec
Running org.apache.camel.impl.ShutdownGracefulNoAutoStartedRoutesTest
Tests run: 1, Failures: 0, Errors: 0, Skipped: 0, Time elapsed: 0.011 sec
Running org.apache.camel.impl.ShutdownRouteGracefulTimeoutTriggerTest
Tests run: 1, Failures: 0, Errors: 0, Skipped: 0, Time elapsed: 13.025 sec
Running org.apache.camel.impl.SimpleRegistryTest
Tests run: 6, Failures: 0, Errors: 0, Skipped: 0, Time elapsed: 0.001 sec
Running org.apache.camel.impl.SimpleShutdownGracefulNoAtuoStartedTest
Tests run: 1, Failures: 0, Errors: 0, Skipped: 0, Time elapsed: 3.027 sec
Running org.apache.camel.impl.SimpleShutdownGracefulTest
Tests run: 1, Failures: 0, Errors: 0, Skipped: 0, Time elapsed: 3.021 sec
Running org.apache.camel.impl.SimpleUuidGeneratorTest
Tests run: 2, Failures: 0, Errors: 0, Skipped: 0, Time elapsed: 0.057 sec
Running org.apache.camel.impl.StartAndStopRoutesTest
Tests run: 1, Failures: 0, Errors: 0, Skipped: 0, Time elapsed: 0.051 sec
Running org.apache.camel.impl.StartStopAndShutdownRouteTest
Tests run: 1, Failures: 0, Errors: 0, Skipped: 0, Time elapsed: 0.01 sec
Running org.apache.camel.impl.StartupListenerComponentFromRegistryTest
Tests run: 1, Failures: 0, Errors: 0, Skipped: 0, Time elapsed: 0.012 sec
Running org.apache.camel.impl.StartupListenerComponentTest
Tests run: 1, Failures: 0, Errors: 0, Skipped: 0, Time elapsed: 0.012 sec
Running org.apache.camel.impl.StartupListenerTest
Tests run: 2, Failures: 0, Errors: 0, Skipped: 0, Time elapsed: 0.033 sec
Running org.apache.camel.impl.StopRouteAbortAfterTimeoutTest
Tests run: 2, Failures: 0, Errors: 0, Skipped: 0, Time elapsed: 13.038 sec
Running org.apache.camel.impl.StringDataFormatTest
Tests run: 4, Failures: 0, Errors: 0, Skipped: 0, Time elapsed: 0.124 sec
Running org.apache.camel.impl.TwoRouteSuspendResumeTest
Tests run: 1, Failures: 0, Errors: 0, Skipped: 0, Time elapsed: 1.048 sec
Running org.apache.camel.impl.TypeConverterRegistryMissesThenAddTest
Tests run: 1, Failures: 0, Errors: 0, Skipped: 0, Time elapsed: 0.004 sec
Running org.apache.camel.impl.TypeConverterRegistryTest
Tests run: 2, Failures: 0, Errors: 0, Skipped: 0, Time elapsed: 0.007 sec
Running org.apache.camel.impl.VetoCamelContextStartTest
Tests run: 1, Failures: 0, Errors: 0, Skipped: 0, Time elapsed: 0.003 sec
Running org.apache.camel.impl.ZipDataFormatFileDeleteTest
Tests run: 1, Failures: 0, Errors: 0, Skipped: 0, Time elapsed: 10.246 sec
Running org.apache.camel.impl.ZipDataFormatFileUnmarshalDeleteTest
Tests run: 1, Failures: 0, Errors: 0, Skipped: 0, Time elapsed: 12.164 sec
Running org.apache.camel.impl.ZipDataFormatTest
Tests run: 5, Failures: 0, Errors: 0, Skipped: 0, Time elapsed: 0.087 sec
Running org.apache.camel.issues.AdviceWithContextScopedErrorHandlerIssueTest
Tests run: 1, Failures: 0, Errors: 0, Skipped: 0, Time elapsed: 0.018 sec
Running org.apache.camel.issues.AdviceWithInvalidConfiguredTest
Tests run: 2, Failures: 0, Errors: 0, Skipped: 0, Time elapsed: 0.024 sec
Running org.apache.camel.issues.AdviceWithIssueTest
Tests run: 6, Failures: 0, Errors: 0, Skipped: 0, Time elapsed: 0.091 sec
Running org.apache.camel.issues.AdviceWithOnExceptionAndInterceptTest
Tests run: 1, Failures: 0, Errors: 0, Skipped: 0, Time elapsed: 0.026 sec
Running org.apache.camel.issues.AdviceWithRouteScopedErrorHandlerIssueTest
Tests run: 1, Failures: 0, Errors: 0, Skipped: 0, Time elapsed: 0.016 sec
Running org.apache.camel.issues.AdviceWithTwoRoutesOnExceptionIssueTest
Tests run: 1, Failures: 0, Errors: 0, Skipped: 0, Time elapsed: 0.032 sec
Running org.apache.camel.issues.AdviceWithUrlIssueTest
Tests run: 2, Failures: 0, Errors: 0, Skipped: 0, Time elapsed: 0.104 sec
Running org.apache.camel.issues.AggregatorWithBatchConsumingIssueTest
Tests run: 1, Failures: 0, Errors: 0, Skipped: 0, Time elapsed: 0.025 sec
Running org.apache.camel.issues.AmahDeadLetterTest
Tests run: 1, Failures: 0, Errors: 0, Skipped: 0, Time elapsed: 0.028 sec
Running org.apache.camel.issues.CBRConcurrencyIssueTest
Tests run: 2, Failures: 0, Errors: 0, Skipped: 0, Time elapsed: 0.101 sec
Running org.apache.camel.issues.CBRContainsIssueTest
Tests run: 6, Failures: 0, Errors: 0, Skipped: 0, Time elapsed: 0.068 sec
Running org.apache.camel.issues.CBRCustomPredicateAsFilterTest
Tests run: 1, Failures: 0, Errors: 0, Skipped: 0, Time elapsed: 0.012 sec
Running org.apache.camel.issues.CacheInputStreamInDeadLetterIssue520Test
Tests run: 3, Failures: 0, Errors: 0, Skipped: 0, Time elapsed: 0.032 sec
Running org.apache.camel.issues.ChangeHeaderCaseIssueTest
Tests run: 1, Failures: 0, Errors: 0, Skipped: 0, Time elapsed: 0.012 sec
Running org.apache.camel.issues.CharlesSplitAndTryCatchRollbackIssueTest
Tests run: 4, Failures: 0, Errors: 0, Skipped: 0, Time elapsed: 0.069 sec
Running org.apache.camel.issues.CharlesSplitUseBeanAsErrorHandlerIssueTest
Tests run: 2, Failures: 0, Errors: 0, Skipped: 0, Time elapsed: 0.046 sec
Running org.apache.camel.issues.ChoicePredicateSimpleHeaderTest
Tests run: 4, Failures: 0, Errors: 0, Skipped: 0, Time elapsed: 0.078 sec
Running org.apache.camel.issues.ContextScopedOnExceptionErrorHandlerRefIssueTest
Tests run: 1, Failures: 0, Errors: 0, Skipped: 0, Time elapsed: 0.014 sec
Running org.apache.camel.issues.ContextScopedOnExceptionErrorHandlerRefIssueTwoRoutesTest
Tests run: 2, Failures: 0, Errors: 0, Skipped: 0, Time elapsed: 0.043 sec
Running org.apache.camel.issues.ContextScopedOnExceptionNotHandledErrorHandlerRefIssueTest
Tests run: 1, Failures: 0, Errors: 0, Skipped: 0, Time elapsed: 0.021 sec
Running org.apache.camel.issues.ContextScopedOnExceptionNotHandledErrorHandlerRefIssueTwoRoutesTest
Tests run: 2, Failures: 0, Errors: 0, Skipped: 0, Time elapsed: 0.035 sec
Running org.apache.camel.issues.ContextScopedOnExceptionNotHandledRouteScopedErrorHandlerRefIssueTest
Tests run: 1, Failures: 0, Errors: 0, Skipped: 0, Time elapsed: 0.019 sec
Running org.apache.camel.issues.ContextScopedOnExceptionNotHandledRouteScopedErrorHandlerRefIssueTwoRoutesTest
Tests run: 2, Failures: 0, Errors: 0, Skipped: 0, Time elapsed: 0.041 sec
Running org.apache.camel.issues.ContextScopedOnExceptionRouteScopedErrorHandlerRefIssueTest
Tests run: 1, Failures: 0, Errors: 0, Skipped: 0, Time elapsed: 0.013 sec
Running org.apache.camel.issues.ContextScopedOnExceptionRouteScopedErrorHandlerRefIssueTwoRoutesTest
Tests run: 2, Failures: 0, Errors: 0, Skipped: 0, Time elapsed: 0.034 sec
Running org.apache.camel.issues.DavidSiefertTest
Tests run: 2, Failures: 0, Errors: 0, Skipped: 0, Time elapsed: 0.026 sec
Running org.apache.camel.issues.DoCatchCaughExceptionIssueTest
Tests run: 1, Failures: 0, Errors: 0, Skipped: 0, Time elapsed: 0.011 sec
Running org.apache.camel.issues.ErrorHandlerAdviceIssueTest
Tests run: 1, Failures: 0, Errors: 0, Skipped: 0, Time elapsed: 0.041 sec
Running org.apache.camel.issues.ExceptionCamel4022Test
Tests run: 1, Failures: 0, Errors: 0, Skipped: 0, Time elapsed: 0.033 sec
Running org.apache.camel.issues.ExceptionPolicyIssueTest
Tests run: 1, Failures: 0, Errors: 0, Skipped: 0, Time elapsed: 0.01 sec
Running org.apache.camel.issues.ExceptionTest
Tests run: 4, Failures: 0, Errors: 0, Skipped: 0, Time elapsed: 0.106 sec
Running org.apache.camel.issues.ExceptionThrownFromOnExceptionNoEndlessLoopTest
Tests run: 1, Failures: 0, Errors: 0, Skipped: 0, Time elapsed: 0.043 sec
Running org.apache.camel.issues.ExceptionThrownFromOnExceptionTest
Tests run: 6, Failures: 0, Errors: 0, Skipped: 0, Time elapsed: 0.22 sec
Running org.apache.camel.issues.FilePollingConsumerIssueTest
Tests run: 1, Failures: 0, Errors: 0, Skipped: 0, Time elapsed: 1.115 sec
Running org.apache.camel.issues.FileSplitStreamingWithChoiceTest
Tests run: 1, Failures: 0, Errors: 0, Skipped: 0, Time elapsed: 1.081 sec
Running org.apache.camel.issues.FilterCustomPredicateAsFilterTest
Tests run: 1, Failures: 0, Errors: 0, Skipped: 0, Time elapsed: 0.014 sec
Running org.apache.camel.issues.GertJBIIssueTest
Tests run: 2, Failures: 0, Errors: 0, Skipped: 0, Time elapsed: 0.07 sec
Running org.apache.camel.issues.InterceptCustomPredicateAsFilterTest
Tests run: 1, Failures: 0, Errors: 0, Skipped: 0, Time elapsed: 0.016 sec
Running org.apache.camel.issues.InterceptFromLogTest
Tests run: 1, Failures: 0, Errors: 0, Skipped: 0, Time elapsed: 0.117 sec
Running org.apache.camel.issues.InterceptFromPredicateProceedAndStopTest
Tests run: 6, Failures: 0, Errors: 0, Skipped: 0, Time elapsed: 0.225 sec
Running org.apache.camel.issues.Issue170Test
Tests run: 1, Failures: 0, Errors: 0, Skipped: 0, Time elapsed: 0.028 sec
Running org.apache.camel.issues.Issue3Test
Tests run: 1, Failures: 0, Errors: 0, Skipped: 0, Time elapsed: 0.027 sec
Running org.apache.camel.issues.MessageWithAttachmentRedeliveryIssueTest
Tests run: 1, Failures: 0, Errors: 0, Skipped: 0, Time elapsed: 0.026 sec
Running org.apache.camel.issues.MethodClassByTypeIssueTest
Tests run: 2, Failures: 0, Errors: 0, Skipped: 0, Time elapsed: 0.076 sec
Running org.apache.camel.issues.MockExepctedHeadersIssueTest
Tests run: 2, Failures: 0, Errors: 0, Skipped: 0, Time elapsed: 0.027 sec
Running org.apache.camel.issues.MulticastParallelStopOnExceptionWithOnExceptionIssueTest
Tests run: 4, Failures: 0, Errors: 0, Skipped: 0, Time elapsed: 0.111 sec
Running org.apache.camel.issues.MulticastParallelWithOnExceptionIssueTest
Tests run: 4, Failures: 0, Errors: 0, Skipped: 0, Time elapsed: 0.079 sec
Running org.apache.camel.issues.MulticastPipelineAggregateIssueTest
Tests run: 1, Failures: 0, Errors: 0, Skipped: 0, Time elapsed: 0.052 sec
Running org.apache.camel.issues.MulticastStopOnExceptionWithOnExceptionIssueTest
Tests run: 4, Failures: 0, Errors: 0, Skipped: 0, Time elapsed: 0.093 sec
Running org.apache.camel.issues.MulticastWithOnExceptionIssueTest
Tests run: 4, Failures: 0, Errors: 0, Skipped: 0, Time elapsed: 0.079 sec
Running org.apache.camel.issues.MultipleErrorHandlerOnExceptionIssueTest
Tests run: 2, Failures: 0, Errors: 0, Skipped: 0, Time elapsed: 0.075 sec
Running org.apache.camel.issues.MultipleFromTest
Tests run: 1, Failures: 0, Errors: 0, Skipped: 0, Time elapsed: 0.035 sec
Running org.apache.camel.issues.NeilSplitterTest
Tests run: 2, Failures: 0, Errors: 0, Skipped: 0, Time elapsed: 0.043 sec
Running org.apache.camel.issues.NotifyBuilderOnFailureShutdownCamelIssueTest
Tests run: 1, Failures: 0, Errors: 0, Skipped: 0, Time elapsed: 0.915 sec
Running org.apache.camel.issues.OnExceptionBeforeErrorHandlerIssueTest
Tests run: 3, Failures: 0, Errors: 0, Skipped: 0, Time elapsed: 0.039 sec
Running org.apache.camel.issues.OnExceptionErrorHandlerRefIssueTest
Tests run: 1, Failures: 0, Errors: 0, Skipped: 0, Time elapsed: 0.012 sec
Running org.apache.camel.issues.OnExceptionErrorHandlerRefIssueTwoRoutesTest
Tests run: 2, Failures: 0, Errors: 0, Skipped: 0, Time elapsed: 0.031 sec
Running org.apache.camel.issues.OnExceptionHandledNoFailureProcessorTest
Tests run: 1, Failures: 0, Errors: 0, Skipped: 0, Time elapsed: 0.01 sec
Running org.apache.camel.issues.OnExceptionNotHandledErrorHandlerRefIssueTest
Tests run: 1, Failures: 0, Errors: 0, Skipped: 0, Time elapsed: 0.014 sec
Running org.apache.camel.issues.OnExceptionNotHandledErrorHandlerRefIssueTwoRoutesTest
Tests run: 2, Failures: 0, Errors: 0, Skipped: 0, Time elapsed: 0.033 sec
Running org.apache.camel.issues.OnExceptionNotHandledRouteScopedErrorHandlerRefIssueTest
Tests run: 1, Failures: 0, Errors: 0, Skipped: 0, Time elapsed: 0.018 sec
Running org.apache.camel.issues.OnExceptionNotHandledRouteScopedErrorHandlerRefIssueTwoRoutesTest
Tests run: 2, Failures: 0, Errors: 0, Skipped: 0, Time elapsed: 0.033 sec
Running org.apache.camel.issues.OnExceptionProcessIssueTest
Tests run: 1, Failures: 0, Errors: 0, Skipped: 0, Time elapsed: 0.012 sec
Running org.apache.camel.issues.OnExceptionRouteScopedErrorHandlerRefIssueTest
Tests run: 1, Failures: 0, Errors: 0, Skipped: 0, Time elapsed: 0.013 sec
Running org.apache.camel.issues.OnExceptionRouteScopedErrorHandlerRefIssueTwoRoutesTest
Tests run: 2, Failures: 0, Errors: 0, Skipped: 0, Time elapsed: 0.031 sec
Running org.apache.camel.issues.ProxyReturnNullIssueTest
Tests run: 2, Failures: 0, Errors: 0, Skipped: 0, Time elapsed: 0.018 sec
Running org.apache.camel.issues.RecipientListDirectNoConsumerIssueTest
Tests run: 2, Failures: 0, Errors: 0, Skipped: 0, Time elapsed: 0.026 sec
Running org.apache.camel.issues.RecipientListErrorHandlingIssueTest
Tests run: 2, Failures: 0, Errors: 0, Skipped: 0, Time elapsed: 0.052 sec
Running org.apache.camel.issues.RecipientListUseOriginalMessageIssueTest
Tests run: 1, Failures: 0, Errors: 0, Skipped: 0, Time elapsed: 22.774 sec
Running org.apache.camel.issues.RegExPredicateIssueTest
Tests run: 2, Failures: 0, Errors: 0, Skipped: 0, Time elapsed: 0.023 sec
Running org.apache.camel.issues.RetryContextScopedUntilRecipientListIssueTest
Tests run: 8, Failures: 0, Errors: 0, Skipped: 0, Time elapsed: 1.393 sec
Running org.apache.camel.issues.RetryContextScopedUntilRecipientListParallelIssueTest
Tests run: 8, Failures: 0, Errors: 0, Skipped: 0, Time elapsed: 3.312 sec
Running org.apache.camel.issues.RetryRouteScopedUntilRecipientListIssueTest
Tests run: 8, Failures: 0, Errors: 0, Skipped: 0, Time elapsed: 1.329 sec
Running org.apache.camel.issues.RetryRouteScopedUntilRecipientListParallelIssueTest
Tests run: 8, Failures: 0, Errors: 0, Skipped: 0, Time elapsed: 3.296 sec
Running org.apache.camel.issues.RetryWhilePredicateExpressionIssueTest
Tests run: 1, Failures: 0, Errors: 0, Skipped: 0, Time elapsed: 0.012 sec
Running org.apache.camel.issues.RetryWhileSimpleExpressionIssueTest
Tests run: 1, Failures: 0, Errors: 0, Skipped: 0, Time elapsed: 0.012 sec
Running org.apache.camel.issues.RomeksExceptionTest
Tests run: 2, Failures: 0, Errors: 0, Skipped: 0, Time elapsed: 0.06 sec
Running org.apache.camel.issues.RouteScopedErrorHandlerAndOnExceptionTest
Tests run: 2, Failures: 0, Errors: 0, Skipped: 0, Time elapsed: 0.036 sec
Running org.apache.camel.issues.RouteScopedOnExceptionWithInterceptSendToEndpointIssueTest
Tests run: 1, Failures: 0, Errors: 0, Skipped: 0, Time elapsed: 0.019 sec
Running org.apache.camel.issues.RouteScopedOnExceptionWithInterceptSendToEndpointIssueWithPredicateTest
Tests run: 1, Failures: 0, Errors: 0, Skipped: 0, Time elapsed: 0.02 sec
Running org.apache.camel.issues.RouteWithCustomIdTest
Tests run: 1, Failures: 0, Errors: 0, Skipped: 0, Time elapsed: 0.01 sec
Running org.apache.camel.issues.SameRouteAndContextScopedErrorHandlerIssueTest
Tests run: 1, Failures: 0, Errors: 0, Skipped: 0, Time elapsed: 0.012 sec
Running org.apache.camel.issues.SedaFileIdempotentIssueTest
Tests run: 1, Failures: 0, Errors: 0, Skipped: 0, Time elapsed: 5.083 sec
Running org.apache.camel.issues.SedaFileIdempotentNoTimeoutIssueTest
Tests run: 1, Failures: 0, Errors: 0, Skipped: 0, Time elapsed: 2.034 sec
Running org.apache.camel.issues.SedaFileIdempotentTimeoutIssueTest
Tests run: 1, Failures: 0, Errors: 0, Skipped: 0, Time elapsed: 2.028 sec
Running org.apache.camel.issues.SedaMultipleConsumersIssueTest
Tests run: 1, Failures: 0, Errors: 0, Skipped: 0, Time elapsed: 0.04 sec
Running org.apache.camel.issues.SetHeaderInDoCatchIssueTest
Tests run: 3, Failures: 0, Errors: 0, Skipped: 0, Time elapsed: 0.055 sec
Running org.apache.camel.issues.SetHeaderIssueTest
Tests run: 2, Failures: 0, Errors: 0, Skipped: 0, Time elapsed: 0.038 sec
Running org.apache.camel.issues.SplitPropertiesFileIssueTest
Tests run: 1, Failures: 0, Errors: 0, Skipped: 0, Time elapsed: 6.148 sec
Running org.apache.camel.issues.SplitWithCustomAggregationStrategyTest
Tests run: 1, Failures: 0, Errors: 0, Skipped: 0, Time elapsed: 0.13 sec
Running org.apache.camel.issues.SplitterCorrelationIdIssueTest
Tests run: 1, Failures: 0, Errors: 0, Skipped: 0, Time elapsed: 0.017 sec
Running org.apache.camel.issues.SplitterParallelIssueTest
Tests run: 1, Failures: 0, Errors: 0, Skipped: 0, Time elapsed: 2.835 sec
Running org.apache.camel.issues.SplitterThrowExceptionInExpressionTest
Tests run: 1, Failures: 0, Errors: 0, Skipped: 0, Time elapsed: 0.016 sec
Running org.apache.camel.issues.SplitterUsingBeanReturningMessageTest
Tests run: 1, Failures: 0, Errors: 0, Skipped: 0, Time elapsed: 0.013 sec
Running org.apache.camel.issues.StopCamelFromRouteTest
Tests run: 1, Failures: 0, Errors: 0, Skipped: 0, Time elapsed: 0.035 sec
Running org.apache.camel.issues.StopRouteFromRouteTest
Tests run: 1, Failures: 0, Errors: 0, Skipped: 0, Time elapsed: 1.549 sec
Running org.apache.camel.issues.StopRouteImpactsErrorHandlerTest
Tests run: 1, Failures: 0, Errors: 0, Skipped: 0, Time elapsed: 0.033 sec
Running org.apache.camel.issues.StopRouteShouldNotStopContextScopedErrorHandlerIssueTest
Tests run: 1, Failures: 0, Errors: 0, Skipped: 0, Time elapsed: 0.017 sec
Running org.apache.camel.issues.StopRouteShouldNotStopRouteScopedErrorHandlerIssueTest
Tests run: 1, Failures: 0, Errors: 0, Skipped: 0, Time elapsed: 0.016 sec
Running org.apache.camel.issues.TimerAndErrorHandlerIssueTest
Tests run: 1, Failures: 0, Errors: 0, Skipped: 0, Time elapsed: 1.009 sec
Running org.apache.camel.issues.TryCatchFinallyOnExceptionIssueTest
Tests run: 1, Failures: 0, Errors: 0, Skipped: 0, Time elapsed: 0.035 sec
Running org.apache.camel.issues.TryCatchSetHeaderIssueTest
Tests run: 2, Failures: 0, Errors: 0, Skipped: 0, Time elapsed: 0.031 sec
Running org.apache.camel.issues.TryCatchWithSplitIssueTest
Tests run: 2, Failures: 0, Errors: 0, Skipped: 0, Time elapsed: 0.042 sec
Running org.apache.camel.issues.TryCatchWithSplitNotHandledIssueTest
Tests run: 1, Failures: 0, Errors: 0, Skipped: 0, Time elapsed: 0.02 sec
Running org.apache.camel.issues.TwoRouteScopedOnExceptionWithInterceptSendToEndpointIssueWithPredicateTest
Tests run: 1, Failures: 0, Errors: 0, Skipped: 0, Time elapsed: 0.026 sec
Running org.apache.camel.issues.TypeConverterConcurrencyIssueTest
Tests run: 1, Failures: 0, Errors: 0, Skipped: 0, Time elapsed: 0.475 sec
Running org.apache.camel.issues.XPathSplitStreamTest
Tests run: 1, Failures: 0, Errors: 0, Skipped: 0, Time elapsed: 6.455 sec
Running org.apache.camel.language.BeanAnnotationParameterTest
Tests run: 4, Failures: 0, Errors: 0, Skipped: 0, Time elapsed: 0.124 sec
Running org.apache.camel.language.BeanAnnotationParameterTwoTest
Tests run: 4, Failures: 0, Errors: 0, Skipped: 0, Time elapsed: 0.131 sec
Running org.apache.camel.language.BeanLanguageInvalidOGNLTest
Tests run: 1, Failures: 0, Errors: 0, Skipped: 0, Time elapsed: 0.008 sec
Running org.apache.camel.language.BeanLanguageOGNLTest
Tests run: 1, Failures: 0, Errors: 0, Skipped: 0, Time elapsed: 0.01 sec
Running org.apache.camel.language.BeanTest
Tests run: 7, Failures: 0, Errors: 0, Skipped: 0, Time elapsed: 0.03 sec
Running org.apache.camel.language.ConstantTest
Tests run: 2, Failures: 0, Errors: 0, Skipped: 0, Time elapsed: 0.008 sec
Running org.apache.camel.language.FileLanguageTest
Tests run: 13, Failures: 0, Errors: 0, Skipped: 0, Time elapsed: 39.292 sec
Running org.apache.camel.language.HeaderTest
Tests run: 3, Failures: 0, Errors: 0, Skipped: 0, Time elapsed: 0.012 sec
Running org.apache.camel.language.NoSuchLanguageTest
Tests run: 1, Failures: 0, Errors: 0, Skipped: 0, Time elapsed: 0.004 sec
Running org.apache.camel.language.PropertyTest
Tests run: 3, Failures: 0, Errors: 0, Skipped: 0, Time elapsed: 0.022 sec
Running org.apache.camel.language.RefTest
Tests run: 3, Failures: 0, Errors: 0, Skipped: 0, Time elapsed: 0.014 sec
Running org.apache.camel.language.SimpleLanguageRouteTest
Tests run: 1, Failures: 0, Errors: 0, Skipped: 0, Time elapsed: 0.037 sec
Running org.apache.camel.language.SimpleOgnlMapIssueTest
Tests run: 2, Failures: 0, Errors: 0, Skipped: 0, Time elapsed: 0.024 sec
Running org.apache.camel.language.TokenPairIteratorSplitChoicePerformanceTest
Tests run: 1, Failures: 0, Errors: 0, Skipped: 0, Time elapsed: 0.363 sec
Running org.apache.camel.language.TokenPairPredicateTest
Tests run: 1, Failures: 0, Errors: 0, Skipped: 0, Time elapsed: 1.013 sec
Running org.apache.camel.language.TokenXMLPairMultiNamespaceSplitTest
Tests run: 1, Failures: 0, Errors: 0, Skipped: 0, Time elapsed: 2.489 sec
Running org.apache.camel.language.TokenXMLPairNamespaceMultilineSplitTest
Tests run: 1, Failures: 0, Errors: 0, Skipped: 0, Time elapsed: 2.213 sec
Running org.apache.camel.language.TokenXMLPairNamespaceSplitTest
Tests run: 1, Failures: 0, Errors: 0, Skipped: 0, Time elapsed: 2.018 sec
Running org.apache.camel.language.TokenizerTest
Tests run: 23, Failures: 0, Errors: 0, Skipped: 0, Time elapsed: 0.093 sec
Running org.apache.camel.language.XPathAnotherRouteConcurrentTest
Tests run: 1, Failures: 0, Errors: 0, Skipped: 0, Time elapsed: 0.663 sec
Running org.apache.camel.language.XPathFromFileExceptionTest
[Fatal Error] :1:21: XML document structures must start and end within the same entity.
Tests run: 2, Failures: 0, Errors: 0, Skipped: 0, Time elapsed: 2.067 sec
Running org.apache.camel.language.XPathFunctionTest
Tests run: 3, Failures: 0, Errors: 0, Skipped: 0, Time elapsed: 0.147 sec
Running org.apache.camel.language.XPathOutFunctionTest
Tests run: 3, Failures: 0, Errors: 0, Skipped: 0, Time elapsed: 0.178 sec
Running org.apache.camel.language.XPathRouteConcurrentBigTest
Tests run: 1, Failures: 0, Errors: 0, Skipped: 0, Time elapsed: 0.638 sec
Running org.apache.camel.language.XPathRouteConcurrentTest
Tests run: 5, Failures: 0, Errors: 0, Skipped: 0, Time elapsed: 0.588 sec
Running org.apache.camel.language.XPathSplitChoicePerformanceTest
Tests run: 1, Failures: 0, Errors: 0, Skipped: 0, Time elapsed: 0.333 sec
Running org.apache.camel.language.XPathTest
Tests run: 3, Failures: 0, Errors: 0, Skipped: 0, Time elapsed: 0.025 sec
Running org.apache.camel.language.simple.SimpleBackwardsCompatibleTest
Tests run: 4, Failures: 0, Errors: 0, Skipped: 0, Time elapsed: 0.019 sec
Running org.apache.camel.language.simple.SimpleChangeFunctionTokensTest
Tests run: 4, Failures: 0, Errors: 0, Skipped: 0, Time elapsed: 0.026 sec
Running org.apache.camel.language.simple.SimpleDecHeaderTest
Tests run: 1, Failures: 0, Errors: 0, Skipped: 0, Time elapsed: 0.022 sec
Running org.apache.camel.language.simple.SimpleIncHeaderTest
Tests run: 1, Failures: 0, Errors: 0, Skipped: 0, Time elapsed: 0.012 sec
Running org.apache.camel.language.simple.SimpleOperatorTest
Tests run: 33, Failures: 0, Errors: 0, Skipped: 0, Time elapsed: 0.215 sec
Running org.apache.camel.language.simple.SimpleParserExpressionInvalidTest
Tests run: 5, Failures: 0, Errors: 0, Skipped: 0, Time elapsed: 0.02 sec
Running org.apache.camel.language.simple.SimpleParserExpressionTest
Tests run: 16, Failures: 0, Errors: 0, Skipped: 0, Time elapsed: 0.066 sec
Running org.apache.camel.language.simple.SimpleParserPredicateInvalidTest
Tests run: 7, Failures: 0, Errors: 0, Skipped: 0, Time elapsed: 0.025 sec
Running org.apache.camel.language.simple.SimpleParserPredicateTest
Tests run: 15, Failures: 0, Errors: 0, Skipped: 0, Time elapsed: 0.056 sec
Running org.apache.camel.language.simple.SimpleParserRegexpPredicateTest
Tests run: 1, Failures: 0, Errors: 0, Skipped: 0, Time elapsed: 0.005 sec
Running org.apache.camel.language.simple.SimplePropertiesNestedTest
Tests run: 1, Failures: 0, Errors: 0, Skipped: 0, Time elapsed: 0.012 sec
Running org.apache.camel.language.simple.SimpleTest
Tests run: 83, Failures: 0, Errors: 0, Skipped: 0, Time elapsed: 1.164 sec
Running org.apache.camel.language.simple.SimpleWithPropertiesTest
Tests run: 1, Failures: 0, Errors: 0, Skipped: 0, Time elapsed: 0.004 sec
Running org.apache.camel.main.MainTest
Tests run: 1, Failures: 0, Errors: 0, Skipped: 0, Time elapsed: 0.033 sec
Running org.apache.camel.management.AddEventNotifierTest
Tests run: 1, Failures: 0, Errors: 0, Skipped: 0, Time elapsed: 0.012 sec
Running org.apache.camel.management.CamelChoiceWithManagementTest
Tests run: 2, Failures: 0, Errors: 0, Skipped: 0, Time elapsed: 0.113 sec
Running org.apache.camel.management.DefaultManagementAgentMockTest
Tests run: 1, Failures: 0, Errors: 0, Skipped: 0, Time elapsed: 0.044 sec
Running org.apache.camel.management.DualManagedThreadPoolProfileTest
Tests run: 1, Failures: 0, Errors: 0, Skipped: 0, Time elapsed: 0.049 sec
Running org.apache.camel.management.DualManagedThreadPoolWithIdTest
Tests run: 1, Failures: 0, Errors: 0, Skipped: 0, Time elapsed: 0.057 sec
Running org.apache.camel.management.EventNotifierEventsTest
Tests run: 3, Failures: 0, Errors: 0, Skipped: 0, Time elapsed: 0.043 sec
Running org.apache.camel.management.EventNotifierExchangeCompletedTest
Tests run: 1, Failures: 0, Errors: 0, Skipped: 0, Time elapsed: 0.518 sec
Running org.apache.camel.management.EventNotifierExchangeSentParallelTest
Tests run: 2, Failures: 0, Errors: 0, Skipped: 0, Time elapsed: 1.76 sec
Running org.apache.camel.management.EventNotifierExchangeSentTest
Tests run: 2, Failures: 0, Errors: 0, Skipped: 0, Time elapsed: 2.246 sec
Running org.apache.camel.management.EventNotifierFailureHandledEventsTest
Tests run: 2, Failures: 0, Errors: 0, Skipped: 0, Time elapsed: 0.023 sec
Running org.apache.camel.management.EventNotifierRedeliveryEventsTest
Tests run: 2, Failures: 0, Errors: 0, Skipped: 0, Time elapsed: 0.311 sec
Running org.apache.camel.management.EventNotifierServiceStoppingFailedEventTest
Tests run: 1, Failures: 0, Errors: 0, Skipped: 0, Time elapsed: 0.008 sec
Running org.apache.camel.management.ExceptionWithManagementTest
Tests run: 1, Failures: 0, Errors: 0, Skipped: 0, Time elapsed: 0.038 sec
Running org.apache.camel.management.JmxInstrumentationCustomMBeanTest
Tests run: 4, Failures: 0, Errors: 0, Skipped: 0, Time elapsed: 0.132 sec
Running org.apache.camel.management.JmxInstrumentationDisableOnCamelContextTest
Tests run: 3, Failures: 0, Errors: 0, Skipped: 0, Time elapsed: 0.046 sec
Running org.apache.camel.management.JmxInstrumentationDisableTest
Tests run: 3, Failures: 0, Errors: 0, Skipped: 0, Time elapsed: 0.037 sec
Running org.apache.camel.management.JmxInstrumentationOnlyRegisterProcessorWithCustomIdTest
Tests run: 1, Failures: 0, Errors: 0, Skipped: 0, Time elapsed: 0.056 sec
Running org.apache.camel.management.JmxInstrumentationUsingDefaultsTest
Tests run: 2, Failures: 0, Errors: 0, Skipped: 0, Time elapsed: 0.082 sec
Running org.apache.camel.management.JmxInstrumentationUsingPlatformMBSTest
Tests run: 3, Failures: 0, Errors: 0, Skipped: 0, Time elapsed: 0.125 sec
Running org.apache.camel.management.JmxInstrumentationUsingPropertiesTest
Tests run: 3, Failures: 0, Errors: 0, Skipped: 0, Time elapsed: 0.117 sec
Running org.apache.camel.management.JmxInstrumentationWithConnectorTest
Tests run: 2, Failures: 0, Errors: 0, Skipped: 0, Time elapsed: 6.5 sec
Running org.apache.camel.management.JmxNotificationEventNotifierTest
Tests run: 2, Failures: 0, Errors: 0, Skipped: 0, Time elapsed: 0.086 sec
Running org.apache.camel.management.JmxRecipientListTest
Tests run: 2, Failures: 0, Errors: 0, Skipped: 0, Time elapsed: 0.059 sec
Running org.apache.camel.management.LoadTimerTest
Tests run: 1, Failures: 0, Errors: 0, Skipped: 0, Time elapsed: 4.002 sec
Running org.apache.camel.management.LoadTripletTest
Tests run: 2, Failures: 0, Errors: 0, Skipped: 0, Time elapsed: 0.108 sec
Running org.apache.camel.management.LoggingEventNotifierTest
Tests run: 2, Failures: 0, Errors: 0, Skipped: 0, Time elapsed: 0.082 sec
Running org.apache.camel.management.ManagedBrowsableEndpointAsXmlTest
Tests run: 7, Failures: 0, Errors: 0, Skipped: 0, Time elapsed: 0.176 sec
Running org.apache.camel.management.ManagedBrowsableEndpointEmptyTest
Tests run: 1, Failures: 0, Errors: 0, Skipped: 0, Time elapsed: 0.029 sec
Running org.apache.camel.management.ManagedBrowsableEndpointTest
Tests run: 1, Failures: 0, Errors: 0, Skipped: 0, Time elapsed: 0.031 sec
Running org.apache.camel.management.ManagedCBRTest
Tests run: 1, Failures: 0, Errors: 0, Skipped: 0, Time elapsed: 0.055 sec
Running org.apache.camel.management.ManagedCamelContextAutoStartupTest
Tests run: 1, Failures: 0, Errors: 0, Skipped: 0, Time elapsed: 0.025 sec
Running org.apache.camel.management.ManagedCamelContextDumpRoutesAsXmlTest
Tests run: 1, Failures: 0, Errors: 0, Skipped: 0, Time elapsed: 0.204 sec
Running org.apache.camel.management.ManagedCamelContextDumpStatsAsXmlTest
Tests run: 1, Failures: 0, Errors: 0, Skipped: 0, Time elapsed: 0.173 sec
Running org.apache.camel.management.ManagedCamelContextSuspendResumeTest
Tests run: 1, Failures: 0, Errors: 0, Skipped: 0, Time elapsed: 0.028 sec
Running org.apache.camel.management.ManagedCamelContextSuspendStartTest
Tests run: 1, Failures: 0, Errors: 0, Skipped: 0, Time elapsed: 0.025 sec
Running org.apache.camel.management.ManagedCamelContextTest
Tests run: 3, Failures: 0, Errors: 0, Skipped: 0, Time elapsed: 0.102 sec
Running org.apache.camel.management.ManagedCamelContextTracerTest
Tests run: 1, Failures: 0, Errors: 0, Skipped: 0, Time elapsed: 0.036 sec
Running org.apache.camel.management.ManagedCamelContextUpdateRoutesFromXmlTest
Tests run: 1, Failures: 0, Errors: 0, Skipped: 0, Time elapsed: 0.196 sec
Running org.apache.camel.management.ManagedCanekContextExchangeStatisticsTest
Tests run: 1, Failures: 0, Errors: 0, Skipped: 0, Time elapsed: 0.045 sec
Running org.apache.camel.management.ManagedConsumerCacheHitsTest
Tests run: 1, Failures: 0, Errors: 0, Skipped: 0, Time elapsed: 0.049 sec
Running org.apache.camel.management.ManagedConsumerCacheTest
Tests run: 1, Failures: 0, Errors: 0, Skipped: 0, Time elapsed: 0.038 sec
Running org.apache.camel.management.ManagedCustomBeanTest
Tests run: 1, Failures: 0, Errors: 0, Skipped: 0, Time elapsed: 0.032 sec
Running org.apache.camel.management.ManagedCustomPolicyTest
Tests run: 1, Failures: 0, Errors: 0, Skipped: 0, Time elapsed: 0.041 sec
Running org.apache.camel.management.ManagedCustomProcessorTest
Tests run: 1, Failures: 0, Errors: 0, Skipped: 0, Time elapsed: 0.031 sec
Running org.apache.camel.management.ManagedDelayerTest
Tests run: 1, Failures: 0, Errors: 0, Skipped: 0, Time elapsed: 3.036 sec
Running org.apache.camel.management.ManagedDualCamelContextTest
Tests run: 1, Failures: 0, Errors: 0, Skipped: 0, Time elapsed: 0.05 sec
Running org.apache.camel.management.ManagedEndpointRegistryTest
Tests run: 1, Failures: 0, Errors: 0, Skipped: 0, Time elapsed: 0.02 sec
Running org.apache.camel.management.ManagedErrorHandlerOptionsTest
Tests run: 1, Failures: 0, Errors: 0, Skipped: 0, Time elapsed: 2.031 sec
Running org.apache.camel.management.ManagedErrorHandlerRedeliveryTest
Tests run: 1, Failures: 0, Errors: 0, Skipped: 0, Time elapsed: 0.035 sec
Running org.apache.camel.management.ManagedErrorHandlerTest
Tests run: 1, Failures: 0, Errors: 0, Skipped: 0, Time elapsed: 0.043 sec
Running org.apache.camel.management.ManagedFileIdempotentConsumerTest
Tests run: 1, Failures: 0, Errors: 0, Skipped: 0, Time elapsed: 1.694 sec
Running org.apache.camel.management.ManagedInterceptTest
Tests run: 1, Failures: 0, Errors: 0, Skipped: 0, Time elapsed: 0.034 sec
Running org.apache.camel.management.ManagedLoadBalancerTest
Tests run: 1, Failures: 0, Errors: 0, Skipped: 0, Time elapsed: 0.029 sec
Running org.apache.camel.management.ManagedMemoryIdempotentConsumerTest
Tests run: 2, Failures: 0, Errors: 0, Skipped: 0, Time elapsed: 0.055 sec
Running org.apache.camel.management.ManagedMulticastTest
Tests run: 1, Failures: 0, Errors: 0, Skipped: 0, Time elapsed: 0.03 sec
Running org.apache.camel.management.ManagedNamePatternFixedTest
Tests run: 1, Failures: 0, Errors: 0, Skipped: 0, Time elapsed: 0.031 sec
Running org.apache.camel.management.ManagedNamePatternTest
Tests run: 1, Failures: 0, Errors: 0, Skipped: 0, Time elapsed: 0.025 sec
Running org.apache.camel.management.ManagedRedeliverRouteOnlyTest
Tests run: 1, Failures: 0, Errors: 0, Skipped: 0, Time elapsed: 0.032 sec
Running org.apache.camel.management.ManagedRedeliverTest
Tests run: 1, Failures: 0, Errors: 0, Skipped: 0, Time elapsed: 0.032 sec
Running org.apache.camel.management.ManagedRegisterCamelContextTest
Tests run: 1, Failures: 0, Errors: 0, Skipped: 0, Time elapsed: 0.027 sec
Running org.apache.camel.management.ManagedRegisterEndpointTest
Tests run: 1, Failures: 0, Errors: 0, Skipped: 0, Time elapsed: 0.028 sec
Running org.apache.camel.management.ManagedRegisterExchangeStatisticsTest
Tests run: 1, Failures: 0, Errors: 0, Skipped: 0, Time elapsed: 0.029 sec
Running org.apache.camel.management.ManagedRegisterRouteTest
Tests run: 1, Failures: 0, Errors: 0, Skipped: 0, Time elapsed: 0.031 sec
Running org.apache.camel.management.ManagedRegisterTwoRoutesTest
Tests run: 1, Failures: 0, Errors: 0, Skipped: 0, Time elapsed: 0.038 sec
Running org.apache.camel.management.ManagedRouteAddFromRouteTest
Tests run: 1, Failures: 0, Errors: 0, Skipped: 0, Time elapsed: 0.05 sec
Running org.apache.camel.management.ManagedRouteAddRemoveTest
Tests run: 7, Failures: 0, Errors: 0, Skipped: 0, Time elapsed: 0.258 sec
Running org.apache.camel.management.ManagedRouteAddSecondRouteNotRegisterNewRoutesTest
Tests run: 1, Failures: 0, Errors: 0, Skipped: 0, Time elapsed: 0.024 sec
Running org.apache.camel.management.ManagedRouteAddSecondRouteTest
Tests run: 1, Failures: 0, Errors: 0, Skipped: 0, Time elapsed: 0.032 sec
Running org.apache.camel.management.ManagedRouteAutoStartupTest
Tests run: 1, Failures: 0, Errors: 0, Skipped: 0, Time elapsed: 0.029 sec
Running org.apache.camel.management.ManagedRouteContextTracerTest
Tests run: 1, Failures: 0, Errors: 0, Skipped: 0, Time elapsed: 0.037 sec
Running org.apache.camel.management.ManagedRouteDumpRouteAsXmlTest
Tests run: 1, Failures: 0, Errors: 0, Skipped: 0, Time elapsed: 0.152 sec
Running org.apache.camel.management.ManagedRouteDumpStatsAsXmlTest
Tests run: 1, Failures: 0, Errors: 0, Skipped: 0, Time elapsed: 0.137 sec
Running org.apache.camel.management.ManagedRouteNoAutoStartupTest
Tests run: 1, Failures: 0, Errors: 0, Skipped: 0, Time elapsed: 1.025 sec
Running org.apache.camel.management.ManagedRoutePerformanceCounterTest
Tests run: 1, Failures: 0, Errors: 0, Skipped: 0, Time elapsed: 9.035 sec
Running org.apache.camel.management.ManagedRoutePolicyTest
Tests run: 1, Failures: 0, Errors: 0, Skipped: 0, Time elapsed: 0.034 sec
Running org.apache.camel.management.ManagedRouteRemoveContextScopedErrorHandlerTest
Tests run: 1, Failures: 0, Errors: 0, Skipped: 0, Time elapsed: 0.036 sec
Running org.apache.camel.management.ManagedRouteRemoveRouteAndContextScopedErrorHandlerTest
Tests run: 2, Failures: 0, Errors: 0, Skipped: 0, Time elapsed: 0.109 sec
Running org.apache.camel.management.ManagedRouteRemoveRouteScopedErrorHandlerTest
Tests run: 1, Failures: 0, Errors: 0, Skipped: 0, Time elapsed: 0.042 sec
Running org.apache.camel.management.ManagedRouteRemoveTest
Tests run: 1, Failures: 0, Errors: 0, Skipped: 0, Time elapsed: 3.424 sec
Running org.apache.camel.management.ManagedRouteRemoveWireTapExplicitThreadPoolTest
Tests run: 1, Failures: 0, Errors: 0, Skipped: 0, Time elapsed: 0.099 sec
Running org.apache.camel.management.ManagedRouteRemoveWireTapTest
Tests run: 1, Failures: 0, Errors: 0, Skipped: 0, Time elapsed: 0.085 sec
Running org.apache.camel.management.ManagedRouteShutdownAndStartTest
Tests run: 1, Failures: 0, Errors: 0, Skipped: 0, Time elapsed: 7.953 sec
Running org.apache.camel.management.ManagedRouteStopAndStartCleanupTest
Tests run: 1, Failures: 0, Errors: 0, Skipped: 0, Time elapsed: 7.617 sec
Running org.apache.camel.management.ManagedRouteStopAndStartTest
Tests run: 1, Failures: 0, Errors: 0, Skipped: 0, Time elapsed: 6.088 sec
Running org.apache.camel.management.ManagedRouteStopTest
Tests run: 1, Failures: 0, Errors: 0, Skipped: 0, Time elapsed: 0.07 sec
Running org.apache.camel.management.ManagedRouteStopUsingMBeanAPITest
Tests run: 1, Failures: 0, Errors: 0, Skipped: 0, Time elapsed: 0.097 sec
Running org.apache.camel.management.ManagedRouteStopWithAbortAfterTimeoutTest
Tests run: 2, Failures: 0, Errors: 0, Skipped: 0, Time elapsed: 13.153 sec
Running org.apache.camel.management.ManagedRouteSuspendAndResumeTest
Tests run: 1, Failures: 0, Errors: 0, Skipped: 0, Time elapsed: 39.521 sec
Running org.apache.camel.management.ManagedRouteUpdateRouteFromXmlTest
Tests run: 1, Failures: 0, Errors: 0, Skipped: 0, Time elapsed: 0.184 sec
Running org.apache.camel.management.ManagedRouteWithOnExceptionTest
Tests run: 3, Failures: 0, Errors: 0, Skipped: 0, Time elapsed: 0.538 sec
Running org.apache.camel.management.ManagedScheduledPollConsumerTest
Tests run: 1, Failures: 0, Errors: 0, Skipped: 0, Time elapsed: 0.048 sec
Running org.apache.camel.management.ManagedSedaEndpointTest
Tests run: 1, Failures: 0, Errors: 0, Skipped: 0, Time elapsed: 0.061 sec
Running org.apache.camel.management.ManagedSedaRouteRemoveTest
Tests run: 1, Failures: 0, Errors: 0, Skipped: 0, Time elapsed: 0.06 sec
Running org.apache.camel.management.ManagedSendProcessorTest
Tests run: 1, Failures: 0, Errors: 0, Skipped: 0, Time elapsed: 0.039 sec
Running org.apache.camel.management.ManagedServiceUrlPathTest
Tests run: 1, Failures: 0, Errors: 0, Skipped: 0, Time elapsed: 0.001 sec
Running org.apache.camel.management.ManagedShutdownStrategyTest
Tests run: 1, Failures: 0, Errors: 0, Skipped: 0, Time elapsed: 0.028 sec
Running org.apache.camel.management.ManagedStatisticsDisabledTest
Tests run: 1, Failures: 0, Errors: 0, Skipped: 0, Time elapsed: 0.026 sec
Running org.apache.camel.management.ManagedStatisticsLevelOffTest
Tests run: 1, Failures: 0, Errors: 0, Skipped: 0, Time elapsed: 0.026 sec
Running org.apache.camel.management.ManagedStatisticsLevelRoutesOnlyTest
Tests run: 1, Failures: 0, Errors: 0, Skipped: 0, Time elapsed: 0.034 sec
Running org.apache.camel.management.ManagedStatisticsTest
Tests run: 1, Failures: 0, Errors: 0, Skipped: 0, Time elapsed: 0.038 sec
Running org.apache.camel.management.ManagedStatisticsWithSplitterTest
Tests run: 1, Failures: 0, Errors: 0, Skipped: 0, Time elapsed: 0.048 sec
Running org.apache.camel.management.ManagedSuspendedServiceTest
Tests run: 1, Failures: 0, Errors: 0, Skipped: 0, Time elapsed: 5.545 sec
Running org.apache.camel.management.ManagedThreadPoolProfileTest
Tests run: 1, Failures: 0, Errors: 0, Skipped: 0, Time elapsed: 0.078 sec
Running org.apache.camel.management.ManagedThreadPoolTest
Tests run: 1, Failures: 0, Errors: 0, Skipped: 0, Time elapsed: 2.069 sec
Running org.apache.camel.management.ManagedThreadPoolWithIdTest
Tests run: 1, Failures: 0, Errors: 0, Skipped: 0, Time elapsed: 0.038 sec
Running org.apache.camel.management.ManagedThrottlerTest
Process 1583889853559 is killed.
[INFO] ------------------------------------------------------------------------
[INFO] BUILD FAILURE
[INFO] ------------------------------------------------------------------------
[INFO] Total time: 50:28 min
[INFO] Finished at: 2020-03-10T19:14:13-07:00
[INFO] Final Memory: 22M/982M
[INFO] ------------------------------------------------------------------------
[ERROR] Failed to execute goal org.apache.maven.plugins:maven-surefire-plugin:2.8:test (default-test) on project camel-core: There are test failures.
[ERROR] 
[ERROR] Please refer to /boom/scratch/Bugs.jar_Camel_4cf7e80e_java-7/camel-core/target/surefire-reports for the individual test results.
[ERROR] -> [Help 1]
[ERROR] 
[ERROR] To see the full stack trace of the errors, re-run Maven with the -e switch.
[ERROR] Re-run Maven using the -X switch to enable full debug logging.
[ERROR] 
[ERROR] For more information about the errors and possible solutions, please read the following articles:
[ERROR] [Help 1] http://cwiki.apache.org/confluence/display/MAVEN/MojoFailureException
