Picked up JAVA_TOOL_OPTIONS: -XX:CICompilerCount=2 -XX:ParallelGCThreads=2 -XX:ConcGCThreads=2 -Djdk.net.URLClassPath.disableClassPathURLCheck=true 
Picked up _JAVA_OPTIONS: -Djdk.net.URLClassPath.disableClassPathURLCheck=true
Apache Maven 3.5.0 (Red Hat 3.5.0-4.3)
Maven home: /opt/rh/rh-maven35/root/usr/share/maven
Java version: 1.8.0_181, vendor: Oracle Corporation
Java home: /scratch/rjust/projects/calling-bs/repair-them-all/RepairThemAll/jdks/jdk1.8.0_181/jre
Default locale: en_US, platform encoding: UTF-8
OS name: "linux", version: "4.14.132-1.el7.retpoline.x86_64", arch: "amd64", family: "unix"
[INFO] Scanning for projects...
[INFO] 
[INFO] ------------------------------------------------------------------------
[INFO] Building Apache Log4j SLF4J Binding 2.4-SNAPSHOT
[INFO] ------------------------------------------------------------------------
[INFO] 
[INFO] --- maven-remote-resources-plugin:1.1:process (default) @ log4j-slf4j-impl ---
[INFO] Setting property: classpath.resource.loader.class => 'org.codehaus.plexus.velocity.ContextClassLoaderResourceLoader'.
[INFO] Setting property: velocimacro.messages.on => 'false'.
[INFO] Setting property: resource.loader => 'classpath'.
[INFO] Setting property: resource.manager.logwhenfound => 'false'.
[INFO] 
[INFO] --- maven-resources-plugin:2.7:resources (default-resources) @ log4j-slf4j-impl ---
[INFO] Using 'UTF-8' encoding to copy filtered resources.
[INFO] skip non existing resourceDirectory /tmp/DynaMoth_Bugs.jar_Logging-Log4J2_c8fd3c53/log4j-slf4j-impl/src/main/resources
[INFO] Copying 3 resources
[INFO] 
[INFO] --- maven-compiler-plugin:3.3:compile (default-compile) @ log4j-slf4j-impl ---
[INFO] Changes detected - recompiling the module!
[INFO] Compiling 12 source files to /tmp/DynaMoth_Bugs.jar_Logging-Log4J2_c8fd3c53/log4j-slf4j-impl/target/classes
[WARNING] bootstrap class path not set in conjunction with -source 1.7
Note: CAL10NAnnotationProcessor 0.8.1 initialized
warning: Supported source version 'RELEASE_5' from annotation processor 'ch.qos.cal10n.verifier.processor.CAL10NAnnotationProcessor' less than -source '1.7'
/tmp/DynaMoth_Bugs.jar_Logging-Log4J2_c8fd3c53/log4j-slf4j-impl/src/main/java/org/apache/logging/slf4j/Log4jMarker.java:[73,19] [deprecation] hasChildren() in Marker has been deprecated
[INFO] 
[INFO] --- maven-bundle-plugin:2.5.3:manifest (default) @ log4j-slf4j-impl ---
[INFO] 
[INFO] --- maven-resources-plugin:2.7:testResources (default-testResources) @ log4j-slf4j-impl ---
[INFO] Using 'UTF-8' encoding to copy filtered resources.
[INFO] Copying 1 resource
[INFO] Copying 3 resources
[INFO] 
[INFO] --- maven-compiler-plugin:3.3:testCompile (default-testCompile) @ log4j-slf4j-impl ---
[INFO] Nothing to compile - all classes are up to date
[INFO] 
[INFO] --- maven-surefire-plugin:2.18.1:test (default-test) @ log4j-slf4j-impl ---
[INFO] 
[INFO] --- maven-surefire-plugin:2.18.1:test (default-tests) @ log4j-slf4j-impl ---
[INFO] Surefire report directory: /tmp/DynaMoth_Bugs.jar_Logging-Log4J2_c8fd3c53/log4j-slf4j-impl/target/surefire-reports
[INFO] Downloading: https://repository.apache.org/content/repositories/releases/org/apache/maven/surefire/surefire-junit4/2.18.1/surefire-junit4-2.18.1.pom
[INFO] Downloaded: https://repository.apache.org/content/repositories/releases/org/apache/maven/surefire/surefire-junit4/2.18.1/surefire-junit4-2.18.1.pom (2.5 kB at 2.6 kB/s)
[INFO] Downloading: https://repository.apache.org/content/repositories/releases/org/apache/maven/surefire/surefire-providers/2.18.1/surefire-providers-2.18.1.pom
[INFO] Downloaded: https://repository.apache.org/content/repositories/releases/org/apache/maven/surefire/surefire-providers/2.18.1/surefire-providers-2.18.1.pom (2.5 kB at 3.7 kB/s)
[INFO] Downloading: https://repository.apache.org/content/repositories/releases/org/apache/maven/surefire/surefire-junit4/2.18.1/surefire-junit4-2.18.1.jar
[INFO] Downloaded: https://repository.apache.org/content/repositories/releases/org/apache/maven/surefire/surefire-junit4/2.18.1/surefire-junit4-2.18.1.jar (68 kB at 81 kB/s)

-------------------------------------------------------
 T E S T S
-------------------------------------------------------
Picked up JAVA_TOOL_OPTIONS: -XX:CICompilerCount=2 -XX:ParallelGCThreads=2 -XX:ConcGCThreads=2 -Djdk.net.URLClassPath.disableClassPathURLCheck=true -XX:CICompilerCount=2 -XX:ParallelGCThreads=2 -XX:ConcGCThreads=2 -Djdk.net.URLClassPath.disableClassPathURLCheck=true 
Picked up _JAVA_OPTIONS: -Djdk.net.URLClassPath.disableClassPathURLCheck=true
Picked up JAVA_TOOL_OPTIONS: -XX:CICompilerCount=2 -XX:ParallelGCThreads=2 -XX:ConcGCThreads=2 -Djdk.net.URLClassPath.disableClassPathURLCheck=true -XX:CICompilerCount=2 -XX:ParallelGCThreads=2 -XX:ConcGCThreads=2 -Djdk.net.URLClassPath.disableClassPathURLCheck=true 
Picked up _JAVA_OPTIONS: -Djdk.net.URLClassPath.disableClassPathURLCheck=true
Picked up JAVA_TOOL_OPTIONS: -XX:CICompilerCount=2 -XX:ParallelGCThreads=2 -XX:ConcGCThreads=2 -Djdk.net.URLClassPath.disableClassPathURLCheck=true -XX:CICompilerCount=2 -XX:ParallelGCThreads=2 -XX:ConcGCThreads=2 -Djdk.net.URLClassPath.disableClassPathURLCheck=true 
Picked up _JAVA_OPTIONS: -Djdk.net.URLClassPath.disableClassPathURLCheck=true
Picked up JAVA_TOOL_OPTIONS: -XX:CICompilerCount=2 -XX:ParallelGCThreads=2 -XX:ConcGCThreads=2 -Djdk.net.URLClassPath.disableClassPathURLCheck=true -XX:CICompilerCount=2 -XX:ParallelGCThreads=2 -XX:ConcGCThreads=2 -Djdk.net.URLClassPath.disableClassPathURLCheck=true 
Picked up _JAVA_OPTIONS: -Djdk.net.URLClassPath.disableClassPathURLCheck=true
Running org.apache.logging.slf4j.CallerInformationTest
Tests run: 2, Failures: 0, Errors: 0, Skipped: 0, Time elapsed: 0.463 sec - in org.apache.logging.slf4j.CallerInformationTest
Running org.apache.logging.slf4j.MarkerTest
Tests run: 3, Failures: 0, Errors: 1, Skipped: 0, Time elapsed: 0.001 sec <<< FAILURE! - in org.apache.logging.slf4j.MarkerTest
testContainsMarker(org.apache.logging.slf4j.MarkerTest)  Time elapsed: 0 sec  <<< ERROR!
java.lang.NullPointerException: null
	at org.apache.logging.slf4j.Log4jMarker.contains(Log4jMarker.java:88)
	at org.apache.logging.slf4j.MarkerTest.testContainsMarker(MarkerTest.java:53)

Running org.apache.logging.slf4j.LoggerTest
2019-08-21 13:06:12,547 ERROR Appenders contains an invalid element or attribute "SLF4J"
Tests run: 12, Failures: 0, Errors: 0, Skipped: 0, Time elapsed: 0.1 sec - in org.apache.logging.slf4j.LoggerTest
Running org.apache.logging.slf4j.SerializeTest
2019-08-21 13:06:12,640 ERROR Appenders contains an invalid element or attribute "SLF4J"
2019-08-21 13:06:12,734 ERROR No log4j2 configuration file found. Using default configuration: logging only errors to the console.
Tests run: 1, Failures: 0, Errors: 0, Skipped: 0, Time elapsed: 0.11 sec - in org.apache.logging.slf4j.SerializeTest

Results :

Tests in error: 
  MarkerTest.testContainsMarker:53 Â» NullPointer

Tests run: 18, Failures: 0, Errors: 1, Skipped: 0

[INFO] ------------------------------------------------------------------------
[INFO] BUILD FAILURE
[INFO] ------------------------------------------------------------------------
[INFO] Total time: 8.289 s
[INFO] Finished at: 2019-08-21T13:06:12-07:00
[INFO] Final Memory: 28M/1120M
[INFO] ------------------------------------------------------------------------
[ERROR] Failed to execute goal org.apache.maven.plugins:maven-surefire-plugin:2.18.1:test (default-tests) on project log4j-slf4j-impl: There are test failures.
[ERROR] 
[ERROR] Please refer to /tmp/DynaMoth_Bugs.jar_Logging-Log4J2_c8fd3c53/log4j-slf4j-impl/target/surefire-reports for the individual test results.
[ERROR] -> [Help 1]
[ERROR] 
[ERROR] To see the full stack trace of the errors, re-run Maven with the -e switch.
[ERROR] Re-run Maven using the -X switch to enable full debug logging.
[ERROR] 
[ERROR] For more information about the errors and possible solutions, please read the following articles:
[ERROR] [Help 1] http://cwiki.apache.org/confluence/display/MAVEN/MojoFailureException
