Picked up JAVA_TOOL_OPTIONS: -XX:CICompilerCount=2 -XX:ParallelGCThreads=2 -XX:ConcGCThreads=2 -Djdk.net.URLClassPath.disableClassPathURLCheck=true 
Picked up _JAVA_OPTIONS: -Djdk.net.URLClassPath.disableClassPathURLCheck=true
Apache Maven 3.5.0 (Red Hat 3.5.0-4.3)
Maven home: /opt/rh/rh-maven35/root/usr/share/maven
Java version: 1.7.0_80, vendor: Oracle Corporation
Java home: /scratch/jmcampos/RTA/repair_them_all_framework/jdks/jdk1.7.0_80/jre
Default locale: en_US, platform encoding: UTF-8
OS name: "linux", version: "4.14.125-1.el7.retpoline.x86_64", arch: "amd64", family: "unix"
[INFO] Scanning for projects...
[INFO] 
[INFO] ------------------------------------------------------------------------
[INFO] Building Maven Core 3.2.4-SNAPSHOT
[INFO] ------------------------------------------------------------------------
[INFO] Downloading: http://repository.apache.org/snapshots/org/apache/maven/maven-model/3.2.4-SNAPSHOT/maven-metadata.xml
[INFO] Downloading: http://repository.apache.org/snapshots/org/apache/maven/maven/3.2.4-SNAPSHOT/maven-metadata.xml
[INFO] Downloading: http://repository.apache.org/snapshots/org/apache/maven/maven-settings/3.2.4-SNAPSHOT/maven-metadata.xml
[INFO] Downloading: http://repository.apache.org/snapshots/org/apache/maven/maven-settings-builder/3.2.4-SNAPSHOT/maven-metadata.xml
[INFO] Downloading: http://repository.apache.org/snapshots/org/apache/maven/maven-repository-metadata/3.2.4-SNAPSHOT/maven-metadata.xml
[INFO] Downloading: http://repository.apache.org/snapshots/org/apache/maven/maven-artifact/3.2.4-SNAPSHOT/maven-metadata.xml
[INFO] Downloading: http://repository.apache.org/snapshots/org/apache/maven/maven-plugin-api/3.2.4-SNAPSHOT/maven-metadata.xml
[INFO] Downloading: http://repository.apache.org/snapshots/org/apache/maven/maven-model-builder/3.2.4-SNAPSHOT/maven-metadata.xml
[INFO] Downloading: http://repository.apache.org/snapshots/org/apache/maven/maven-aether-provider/3.2.4-SNAPSHOT/maven-metadata.xml
[INFO] 
[INFO] --- maven-enforcer-plugin:1.3.1:enforce (enforce-bytecode-version) @ maven-core ---
[INFO] Skipping Rule Enforcement.
[INFO] 
[INFO] --- maven-enforcer-plugin:1.3.1:enforce (ban-known-bad-maven-versions) @ maven-core ---
[INFO] Skipping Rule Enforcement.
[INFO] 
[INFO] --- apache-rat-plugin:0.10:check (check) @ maven-core ---
[INFO] 51 implicit excludes (use -debug for more details).
[INFO] Exclude: src/test/resources*/**
[INFO] Exclude: src/test/projects/**
[INFO] Exclude: src/test/remote-repo/**
[INFO] Exclude: **/*.odg
[INFO] Exclude: lifecycle-executor.txt
[INFO] Exclude: plugin-manager.txt
[INFO] Exclude: project-builder.txt
[INFO] Exclude: src/site/resources/design/**
[INFO] Exclude: bootstrap/**
[INFO] Exclude: README.bootstrap.txt
[INFO] Exclude: .repository/**
[INFO] Exclude: .maven/spy.log
[INFO] 412 resources included (use -debug for more details)
Warning:  org.apache.xerces.jaxp.SAXParserImpl$JAXPSAXParser: Property 'http://www.oracle.com/xml/jaxp/properties/entityExpansionLimit' is not recognized.
Compiler warnings:
  WARNING:  'org.apache.xerces.jaxp.SAXParserImpl: Property 'http://javax.xml.XMLConstants/property/accessExternalDTD' is not recognized.'
Warning:  org.apache.xerces.parsers.SAXParser: Feature 'http://javax.xml.XMLConstants/feature/secure-processing' is not recognized.
Warning:  org.apache.xerces.parsers.SAXParser: Property 'http://javax.xml.XMLConstants/property/accessExternalDTD' is not recognized.
Warning:  org.apache.xerces.parsers.SAXParser: Property 'http://www.oracle.com/xml/jaxp/properties/entityExpansionLimit' is not recognized.
[INFO] Rat check: Summary of files. Unapproved: 1 unknown: 1 generated: 0 approved: 411 licence.
[INFO] 
[INFO] --- buildnumber-maven-plugin:1.2:create-timestamp (create-noncanonicalrev) @ maven-core ---
[INFO] 
[INFO] --- buildnumber-maven-plugin:1.2:create (create-buildnumber) @ maven-core ---
[INFO] Checking for local modifications: skipped.
[INFO] Updating project files from SCM: skipped.
[INFO] Executing: /bin/sh -c cd /tmp/Bugs.jar_Maven_3d2d8619_java-7/maven-core && git rev-parse --verify HEAD
[INFO] Working directory: /tmp/Bugs.jar_Maven_3d2d8619_java-7/maven-core
[INFO] Storing buildNumber: 3b9726be812ab5911690833409ce4b47c148961a at timestamp: 1583858213277
[INFO] Executing: /bin/sh -c cd /tmp/Bugs.jar_Maven_3d2d8619_java-7/maven-core && git rev-parse --verify HEAD
[INFO] Working directory: /tmp/Bugs.jar_Maven_3d2d8619_java-7/maven-core
[INFO] Storing buildScmBranch: UNKNOWN
[INFO] 
[INFO] --- modello-maven-plugin:1.8.1:java (standard) @ maven-core ---
[INFO] outputDirectory: /tmp/Bugs.jar_Maven_3d2d8619_java-7/maven-core/target/generated-sources/modello
[INFO] Working on model: src/main/mdo/toolchains.mdo
[INFO] Generating current version: 1.0.0
[INFO] 
[INFO] --- modello-maven-plugin:1.8.1:xpp3-reader (standard) @ maven-core ---
[INFO] outputDirectory: /tmp/Bugs.jar_Maven_3d2d8619_java-7/maven-core/target/generated-sources/modello
[INFO] Working on model: src/main/mdo/toolchains.mdo
[INFO] Generating current version: 1.0.0
[INFO] 
[INFO] --- modello-maven-plugin:1.8.1:xpp3-writer (standard) @ maven-core ---
[INFO] outputDirectory: /tmp/Bugs.jar_Maven_3d2d8619_java-7/maven-core/target/generated-sources/modello
[INFO] Working on model: src/main/mdo/toolchains.mdo
[INFO] Generating current version: 1.0.0
[INFO] 
[INFO] --- maven-remote-resources-plugin:1.5:process (default) @ maven-core ---
[INFO] 
[INFO] --- maven-resources-plugin:2.6:resources (default-resources) @ maven-core ---
[INFO] Using 'UTF-8' encoding to copy filtered resources.
[INFO] Copying 17 resources
[INFO] Copying 3 resources
[INFO] 
[INFO] --- maven-compiler-plugin:3.1:compile (default-compile) @ maven-core ---
[INFO] Changes detected - recompiling the module!
[INFO] Compiling 310 source files to /tmp/Bugs.jar_Maven_3d2d8619_java-7/maven-core/target/classes
[WARNING] /tmp/Bugs.jar_Maven_3d2d8619_java-7/maven-core/src/main/java/org/apache/maven/lifecycle/internal/LifecycleDependencyResolver.java: Some input files use or override a deprecated API.
[WARNING] /tmp/Bugs.jar_Maven_3d2d8619_java-7/maven-core/src/main/java/org/apache/maven/lifecycle/internal/LifecycleDependencyResolver.java: Recompile with -Xlint:deprecation for details.
[WARNING] /tmp/Bugs.jar_Maven_3d2d8619_java-7/maven-core/src/main/java/org/apache/maven/execution/ReactorManager.java: Some input files use unchecked or unsafe operations.
[WARNING] /tmp/Bugs.jar_Maven_3d2d8619_java-7/maven-core/src/main/java/org/apache/maven/execution/ReactorManager.java: Recompile with -Xlint:unchecked for details.
[INFO] 
[INFO] --- animal-sniffer-maven-plugin:1.10:check (check-java-1.6-compat) @ maven-core ---
[INFO] Checking unresolved references to org.codehaus.mojo.signature:java16:1.1
[INFO] 
[INFO] --- plexus-component-metadata:1.5.5:generate-metadata (default) @ maven-core ---
[INFO] Discovered 60 component descriptors(s)
[INFO] 
[INFO] --- sisu-maven-plugin:1.1:main-index (default) @ maven-core ---
[INFO] 
[INFO] --- maven-resources-plugin:2.6:testResources (default-testResources) @ maven-core ---
[INFO] Using 'UTF-8' encoding to copy filtered resources.
[INFO] Copying 216 resources
[INFO] Copying 3 resources
[INFO] 
[INFO] --- maven-compiler-plugin:3.1:testCompile (default-testCompile) @ maven-core ---
[INFO] Nothing to compile - all classes are up to date
[INFO] 
[INFO] --- plexus-component-metadata:1.5.5:generate-test-metadata (default) @ maven-core ---
[INFO] Discovered 4 component descriptors(s)
[INFO] 
[INFO] --- sisu-maven-plugin:1.1:test-index (default) @ maven-core ---
[INFO] 
[INFO] --- maven-surefire-plugin:2.16:test (default-test) @ maven-core ---
[INFO] Surefire report directory: /tmp/Bugs.jar_Maven_3d2d8619_java-7/maven-core/target/surefire-reports
[INFO] Downloading: https://repo.maven.apache.org/maven2/org/apache/maven/surefire/surefire-junit3/2.16/surefire-junit3-2.16.pom
[INFO] Downloaded: https://repo.maven.apache.org/maven2/org/apache/maven/surefire/surefire-junit3/2.16/surefire-junit3-2.16.pom (1.7 kB at 1.2 kB/s)
[INFO] Downloading: https://repo.maven.apache.org/maven2/org/apache/maven/surefire/surefire-providers/2.16/surefire-providers-2.16.pom
[INFO] Downloaded: https://repo.maven.apache.org/maven2/org/apache/maven/surefire/surefire-providers/2.16/surefire-providers-2.16.pom (2.4 kB at 5.7 kB/s)
[INFO] Downloading: https://repo.maven.apache.org/maven2/org/apache/maven/surefire/surefire-junit3/2.16/surefire-junit3-2.16.jar
[INFO] Downloaded: https://repo.maven.apache.org/maven2/org/apache/maven/surefire/surefire-junit3/2.16/surefire-junit3-2.16.jar (26 kB at 23 kB/s)

-------------------------------------------------------
 T E S T S
-------------------------------------------------------
Picked up JAVA_TOOL_OPTIONS: -XX:CICompilerCount=2 -XX:ParallelGCThreads=2 -XX:ConcGCThreads=2 -Djdk.net.URLClassPath.disableClassPathURLCheck=true -XX:CICompilerCount=2 -XX:ParallelGCThreads=2 -XX:ConcGCThreads=2 -Djdk.net.URLClassPath.disableClassPathURLCheck=true 
Picked up _JAVA_OPTIONS: -Djdk.net.URLClassPath.disableClassPathURLCheck=true
Running org.apache.maven.execution.scope.internal.MojoExecutionScopeTest
Tests run: 2, Failures: 0, Errors: 0, Skipped: 0, Time elapsed: 0.072 sec - in org.apache.maven.execution.scope.internal.MojoExecutionScopeTest
Running org.apache.maven.execution.DefaultMavenExecutionTest
Tests run: 2, Failures: 0, Errors: 0, Skipped: 0, Time elapsed: 0 sec - in org.apache.maven.execution.DefaultMavenExecutionTest
Running org.apache.maven.lifecycle.internal.stub.ProjectDependencyGraphStubTest
Tests run: 1, Failures: 0, Errors: 0, Skipped: 0, Time elapsed: 0 sec - in org.apache.maven.lifecycle.internal.stub.ProjectDependencyGraphStubTest
Running org.apache.maven.lifecycle.internal.BuildListCalculatorTest
Tests run: 1, Failures: 0, Errors: 0, Skipped: 0, Time elapsed: 0.017 sec - in org.apache.maven.lifecycle.internal.BuildListCalculatorTest
Running org.apache.maven.lifecycle.internal.builder.multithreaded.ThreadOutputMuxerTest
Tests run: 2, Failures: 0, Errors: 0, Skipped: 0, Time elapsed: 0.25 sec - in org.apache.maven.lifecycle.internal.builder.multithreaded.ThreadOutputMuxerTest
Running org.apache.maven.lifecycle.internal.ProjectBuildListTest
Tests run: 1, Failures: 0, Errors: 0, Skipped: 0, Time elapsed: 0 sec - in org.apache.maven.lifecycle.internal.ProjectBuildListTest
Running org.apache.maven.lifecycle.internal.ConcurrencyDependencyGraphTest
Tests run: 2, Failures: 0, Errors: 0, Skipped: 0, Time elapsed: 0.004 sec - in org.apache.maven.lifecycle.internal.ConcurrencyDependencyGraphTest
Running org.apache.maven.lifecycle.internal.LifecycleExecutionPlanCalculatorTest
Tests run: 1, Failures: 0, Errors: 0, Skipped: 0, Time elapsed: 2.316 sec - in org.apache.maven.lifecycle.internal.LifecycleExecutionPlanCalculatorTest
Running org.apache.maven.lifecycle.internal.BuilderCommonTest
Tests run: 4, Failures: 0, Errors: 0, Skipped: 0, Time elapsed: 0.009 sec - in org.apache.maven.lifecycle.internal.BuilderCommonTest
Running org.apache.maven.lifecycle.internal.LifecycleTaskSegmentCalculatorImplTest
Tests run: 1, Failures: 0, Errors: 0, Skipped: 0, Time elapsed: 0.001 sec - in org.apache.maven.lifecycle.internal.LifecycleTaskSegmentCalculatorImplTest
Running org.apache.maven.lifecycle.internal.PhaseRecorderTest
Tests run: 1, Failures: 0, Errors: 0, Skipped: 0, Time elapsed: 0 sec - in org.apache.maven.lifecycle.internal.PhaseRecorderTest
Running org.apache.maven.lifecycle.DefaultLifecyclesTest
Tests run: 1, Failures: 0, Errors: 0, Skipped: 0, Time elapsed: 0.263 sec - in org.apache.maven.lifecycle.DefaultLifecyclesTest
Running org.apache.maven.lifecycle.MavenExecutionPlanTest
Tests run: 4, Failures: 0, Errors: 0, Skipped: 0, Time elapsed: 0.005 sec - in org.apache.maven.lifecycle.MavenExecutionPlanTest
Running org.apache.maven.lifecycle.LifecycleExecutorSubModulesTest
Tests run: 1, Failures: 0, Errors: 0, Skipped: 0, Time elapsed: 0.436 sec - in org.apache.maven.lifecycle.LifecycleExecutorSubModulesTest
Running org.apache.maven.lifecycle.LifecycleExecutorTest
Tests run: 13, Failures: 0, Errors: 0, Skipped: 0, Time elapsed: 7.654 sec - in org.apache.maven.lifecycle.LifecycleExecutorTest
Running org.apache.maven.plugin.PluginParameterExpressionEvaluatorTest
Tests run: 16, Failures: 0, Errors: 0, Skipped: 0, Time elapsed: 2.103 sec - in org.apache.maven.plugin.PluginParameterExpressionEvaluatorTest
Running org.apache.maven.plugin.internal.DefaultLegacySupportTest
Tests run: 1, Failures: 0, Errors: 0, Skipped: 0, Time elapsed: 0 sec - in org.apache.maven.plugin.internal.DefaultLegacySupportTest
Running org.apache.maven.plugin.PluginParameterExceptionTest
Tests run: 4, Failures: 0, Errors: 0, Skipped: 0, Time elapsed: 0 sec - in org.apache.maven.plugin.PluginParameterExceptionTest
Running org.apache.maven.plugin.PluginManagerTest
Tests run: 11, Failures: 0, Errors: 0, Skipped: 0, Time elapsed: 1.246 sec - in org.apache.maven.plugin.PluginManagerTest
Running org.apache.maven.project.canonical.CanonicalProjectBuilderTest
Tests run: 1, Failures: 0, Errors: 0, Skipped: 0, Time elapsed: 0 sec - in org.apache.maven.project.canonical.CanonicalProjectBuilderTest
Running org.apache.maven.project.MavenProjectTest
Tests run: 9, Failures: 0, Errors: 0, Skipped: 0, Time elapsed: 0.736 sec - in org.apache.maven.project.MavenProjectTest
Running org.apache.maven.project.ProjectBuilderTest
Tests run: 2, Failures: 0, Errors: 0, Skipped: 0, Time elapsed: 0.661 sec - in org.apache.maven.project.ProjectBuilderTest
Running org.apache.maven.project.artifact.DefaultMavenMetadataCacheTest
Tests run: 1, Failures: 0, Errors: 0, Skipped: 0, Time elapsed: 0.038 sec - in org.apache.maven.project.artifact.DefaultMavenMetadataCacheTest
Running org.apache.maven.project.artifact.MavenMetadataSourceTest
Tests run: 1, Failures: 0, Errors: 0, Skipped: 0, Time elapsed: 0.041 sec - in org.apache.maven.project.artifact.MavenMetadataSourceTest
Running org.apache.maven.project.PomConstructionTest
Tests run: 122, Failures: 0, Errors: 0, Skipped: 0, Time elapsed: 10.595 sec - in org.apache.maven.project.PomConstructionTest
Running org.apache.maven.project.TestMetadataSource
Tests run: 0, Failures: 0, Errors: 0, Skipped: 0, Time elapsed: 0 sec - in org.apache.maven.project.TestMetadataSource
Running org.apache.maven.project.DefaultMavenProjectBuilderTest
Tests run: 5, Failures: 0, Errors: 0, Skipped: 0, Time elapsed: 1.252 sec - in org.apache.maven.project.DefaultMavenProjectBuilderTest
Running org.apache.maven.project.ProjectSorterTest
Tests run: 12, Failures: 0, Errors: 0, Skipped: 0, Time elapsed: 0.001 sec - in org.apache.maven.project.ProjectSorterTest
Running org.apache.maven.project.ExtensionDescriptorBuilderTest
Tests run: 2, Failures: 0, Errors: 0, Skipped: 0, Time elapsed: 0 sec - in org.apache.maven.project.ExtensionDescriptorBuilderTest
Running org.apache.maven.settings.SettingsUtilsTest
Tests run: 2, Failures: 0, Errors: 0, Skipped: 0, Time elapsed: 0 sec - in org.apache.maven.settings.SettingsUtilsTest
Running org.apache.maven.settings.PomConstructionWithSettingsTest
Tests run: 3, Failures: 0, Errors: 0, Skipped: 0, Time elapsed: 0.222 sec - in org.apache.maven.settings.PomConstructionWithSettingsTest
Running org.apache.maven.rtinfo.internal.DefaultRuntimeInformationTest
Tests run: 2, Failures: 0, Errors: 0, Skipped: 0, Time elapsed: 0.068 sec - in org.apache.maven.rtinfo.internal.DefaultRuntimeInformationTest
Running org.apache.maven.artifact.handler.ArtifactHandlerTest
Tests run: 1, Failures: 0, Errors: 0, Skipped: 0, Time elapsed: 0.035 sec - in org.apache.maven.artifact.handler.ArtifactHandlerTest
Running org.apache.maven.repository.TestRepositoryConnectorFactory
Tests run: 0, Failures: 0, Errors: 0, Skipped: 0, Time elapsed: 0 sec - in org.apache.maven.repository.TestRepositoryConnectorFactory
Running org.apache.maven.repository.TestRepositorySystem
Tests run: 0, Failures: 0, Errors: 0, Skipped: 0, Time elapsed: 0 sec - in org.apache.maven.repository.TestRepositorySystem
Running org.apache.maven.exception.DefaultExceptionHandlerTest
Tests run: 1, Failures: 0, Errors: 0, Skipped: 0, Time elapsed: 0 sec - in org.apache.maven.exception.DefaultExceptionHandlerTest
Running org.apache.maven.DefaultMavenTest
Tests run: 1, Failures: 0, Errors: 0, Skipped: 0, Time elapsed: 0.123 sec - in org.apache.maven.DefaultMavenTest
Running org.apache.maven.DefaultProjectDependencyGraphTest
Tests run: 8, Failures: 4, Errors: 0, Skipped: 0, Time elapsed: 0.008 sec <<< FAILURE! - in org.apache.maven.DefaultProjectDependencyGraphTest
testVerifyThatDownsteamProjectsComeInSortedOrder(org.apache.maven.DefaultProjectDependencyGraphTest)  Time elapsed: 0.006 sec  <<< FAILURE!
junit.framework.AssertionFailedError: expected:<MavenProject: org.apache:depender2:1.2 @ > but was:<MavenProject: org.apache:depender3:1.2 @ >
	at junit.framework.Assert.fail(Assert.java:47)
	at junit.framework.Assert.failNotEquals(Assert.java:280)
	at junit.framework.Assert.assertEquals(Assert.java:64)
	at junit.framework.Assert.assertEquals(Assert.java:71)
	at org.apache.maven.DefaultProjectDependencyGraphTest.testVerifyThatDownsteamProjectsComeInSortedOrder(DefaultProjectDependencyGraphTest.java:75)

testTransitivesInOrder(org.apache.maven.DefaultProjectDependencyGraphTest)  Time elapsed: 0 sec  <<< FAILURE!
junit.framework.AssertionFailedError: expected:<MavenProject: org.apache:depender4:1.2 @ > but was:<MavenProject: org.apache:depender2:1.2 @ >
	at junit.framework.Assert.fail(Assert.java:47)
	at junit.framework.Assert.failNotEquals(Assert.java:280)
	at junit.framework.Assert.assertEquals(Assert.java:64)
	at junit.framework.Assert.assertEquals(Assert.java:71)
	at org.apache.maven.DefaultProjectDependencyGraphTest.testTransitivesInOrder(DefaultProjectDependencyGraphTest.java:88)

testNonTransitivesInOrder(org.apache.maven.DefaultProjectDependencyGraphTest)  Time elapsed: 0 sec  <<< FAILURE!
junit.framework.AssertionFailedError: expected:<MavenProject: org.apache:depender4:1.2 @ > but was:<MavenProject: org.apache:depender2:1.2 @ >
	at junit.framework.Assert.fail(Assert.java:47)
	at junit.framework.Assert.failNotEquals(Assert.java:280)
	at junit.framework.Assert.assertEquals(Assert.java:64)
	at junit.framework.Assert.assertEquals(Assert.java:71)
	at org.apache.maven.DefaultProjectDependencyGraphTest.testNonTransitivesInOrder(DefaultProjectDependencyGraphTest.java:101)

testWithTranistiveOnly(org.apache.maven.DefaultProjectDependencyGraphTest)  Time elapsed: 0 sec  <<< FAILURE!
junit.framework.AssertionFailedError: expected:<MavenProject: org.apache:depender5:1.2 @ > but was:<MavenProject: org.apache:depender2:1.2 @ >
	at junit.framework.Assert.fail(Assert.java:47)
	at junit.framework.Assert.failNotEquals(Assert.java:280)
	at junit.framework.Assert.assertEquals(Assert.java:64)
	at junit.framework.Assert.assertEquals(Assert.java:71)
	at org.apache.maven.DefaultProjectDependencyGraphTest.testWithTranistiveOnly(DefaultProjectDependencyGraphTest.java:114)

Running org.apache.maven.MavenTest
Tests run: 1, Failures: 0, Errors: 0, Skipped: 0, Time elapsed: 0.086 sec - in org.apache.maven.MavenTest
Running org.apache.maven.MavenLifecycleParticipantTest
Tests run: 2, Failures: 0, Errors: 0, Skipped: 0, Time elapsed: 0.98 sec - in org.apache.maven.MavenLifecycleParticipantTest
Running org.apache.maven.configuration.DefaultBeanConfiguratorTest
Tests run: 3, Failures: 0, Errors: 0, Skipped: 0, Time elapsed: 0.001 sec - in org.apache.maven.configuration.DefaultBeanConfiguratorTest
Running org.apache.maven.toolchain.RequirementMatcherFactoryTest
Tests run: 2, Failures: 0, Errors: 0, Skipped: 0, Time elapsed: 0 sec - in org.apache.maven.toolchain.RequirementMatcherFactoryTest
Running org.apache.maven.ProjectDependenciesResolverTest
Tests run: 2, Failures: 0, Errors: 0, Skipped: 0, Time elapsed: 0 sec - in org.apache.maven.ProjectDependenciesResolverTest

Results :

Failed tests: 
  org.apache.maven.DefaultProjectDependencyGraphTest#testVerifyThatDownsteamProjectsComeInSortedOrder AssertionFailedError
  org.apache.maven.DefaultProjectDependencyGraphTest#testTransitivesInOrder AssertionFailedError
  org.apache.maven.DefaultProjectDependencyGraphTest#testNonTransitivesInOrder AssertionFailedError
  org.apache.maven.DefaultProjectDependencyGraphTest#testWithTranistiveOnly AssertionFailedError

Tests run: 252, Failures: 4, Errors: 0, Skipped: 0

[INFO] ------------------------------------------------------------------------
[INFO] BUILD FAILURE
[INFO] ------------------------------------------------------------------------
[INFO] Total time: 01:38 min
[INFO] Finished at: 2020-03-10T09:38:22-07:00
[INFO] Final Memory: 47M/982M
[INFO] ------------------------------------------------------------------------
[ERROR] Failed to execute goal org.apache.maven.plugins:maven-surefire-plugin:2.16:test (default-test) on project maven-core: There are test failures.
[ERROR] 
[ERROR] Please refer to /tmp/Bugs.jar_Maven_3d2d8619_java-7/maven-core/target/surefire-reports for the individual test results.
[ERROR] -> [Help 1]
[ERROR] 
[ERROR] To see the full stack trace of the errors, re-run Maven with the -e switch.
[ERROR] Re-run Maven using the -X switch to enable full debug logging.
[ERROR] 
[ERROR] For more information about the errors and possible solutions, please read the following articles:
[ERROR] [Help 1] http://cwiki.apache.org/confluence/display/MAVEN/MojoFailureException
