Picked up JAVA_TOOL_OPTIONS: -XX:CICompilerCount=2 -XX:ParallelGCThreads=2 -XX:ConcGCThreads=2 -Djdk.net.URLClassPath.disableClassPathURLCheck=true 
Picked up _JAVA_OPTIONS: -Djdk.net.URLClassPath.disableClassPathURLCheck=true
Apache Maven 3.5.0 (Red Hat 3.5.0-4.3)
Maven home: /opt/rh/rh-maven35/root/usr/share/maven
Java version: 1.7.0_80, vendor: Oracle Corporation
Java home: /scratch/jmcampos/RTA/repair_them_all_framework/jdks/jdk1.7.0_80/jre
Default locale: en_US, platform encoding: UTF-8
OS name: "linux", version: "4.14.158-1.el7.retpoline.x86_64", arch: "amd64", family: "unix"
[INFO] Scanning for projects...
[INFO] 
[INFO] ------------------------------------------------------------------------
[INFO] Building Oak Core 0.5-SNAPSHOT
[INFO] ------------------------------------------------------------------------
[INFO] Downloading: http://repository.apache.org/snapshots/org/apache/jackrabbit/oak-mk-api/0.5-SNAPSHOT/maven-metadata.xml
[INFO] Downloading: http://repository.apache.org/snapshots/org/apache/jackrabbit/oak-parent/0.5-SNAPSHOT/maven-metadata.xml
[INFO] Downloading: http://repository.apache.org/snapshots/org/apache/jackrabbit/oak-mk/0.5-SNAPSHOT/maven-metadata.xml
[INFO] Downloading: http://repository.apache.org/snapshots/org/apache/jackrabbit/oak-commons/0.5-SNAPSHOT/maven-metadata.xml
[INFO] Downloading: http://repository.apache.org/snapshots/org/apache/jackrabbit/oak-mk-remote/0.5-SNAPSHOT/maven-metadata.xml
[INFO] Downloading: http://repository.apache.org/snapshots/org/apache/jackrabbit/jackrabbit-api/2.6-SNAPSHOT/maven-metadata.xml
[INFO] Downloaded: http://repository.apache.org/snapshots/org/apache/jackrabbit/jackrabbit-api/2.6-SNAPSHOT/maven-metadata.xml (785 B at 2.3 kB/s)
[INFO] Downloading: http://repository.apache.org/snapshots/org/apache/jackrabbit/jackrabbit-parent/2.6-SNAPSHOT/maven-metadata.xml
[INFO] Downloaded: http://repository.apache.org/snapshots/org/apache/jackrabbit/jackrabbit-parent/2.6-SNAPSHOT/maven-metadata.xml (615 B at 1.8 kB/s)
[INFO] Downloading: http://repository.apache.org/snapshots/org/apache/jackrabbit/jackrabbit-jcr-commons/2.6-SNAPSHOT/maven-metadata.xml
[INFO] Downloaded: http://repository.apache.org/snapshots/org/apache/jackrabbit/jackrabbit-jcr-commons/2.6-SNAPSHOT/maven-metadata.xml (793 B at 391 B/s)
[INFO] Downloading: http://repository.apache.org/snapshots/org/apache/jackrabbit/oak-it-mk/0.5-SNAPSHOT/maven-metadata.xml
[INFO] 
[INFO] --- maven-remote-resources-plugin:1.2.1:process (default) @ oak-core ---
[INFO] 
[INFO] --- maven-resources-plugin:2.5:resources (default-resources) @ oak-core ---
[debug] execute contextualize
[INFO] Using 'UTF-8' encoding to copy filtered resources.
[INFO] Copying 1 resource
[INFO] Copying 3 resources
[INFO] 
[INFO] --- maven-compiler-plugin:2.3.2:compile (default-compile) @ oak-core ---
[INFO] Compiling 1 source file to /tmp/Bugs.jar_Jackrabbit-Oak_e115fd90_java-7/oak-core/target/classes
[INFO] 
[INFO] --- maven-scr-plugin:1.7.4:scr (generate-scr-scrdescriptor) @ oak-core ---
[INFO] Writing abstract service descriptor /tmp/Bugs.jar_Jackrabbit-Oak_e115fd90_java-7/oak-core/target/scr-plugin-generated/OSGI-INF/scr-plugin/scrinfo.xml with 4 entries.
[INFO] Generating 4 Service Component Descriptors to /tmp/Bugs.jar_Jackrabbit-Oak_e115fd90_java-7/oak-core/target/scr-plugin-generated/OSGI-INF/serviceComponents.xml
[INFO] 
[INFO] --- maven-resources-plugin:2.5:testResources (default-testResources) @ oak-core ---
[debug] execute contextualize
[INFO] Using 'UTF-8' encoding to copy filtered resources.
[INFO] Copying 7 resources
[INFO] Copying 3 resources
[INFO] 
[INFO] --- maven-compiler-plugin:2.3.2:testCompile (default-testCompile) @ oak-core ---
[INFO] Nothing to compile - all classes are up to date
[INFO] 
[INFO] --- maven-surefire-plugin:2.9:test (default-test) @ oak-core ---
[INFO] Surefire report directory: /tmp/Bugs.jar_Jackrabbit-Oak_e115fd90_java-7/oak-core/target/surefire-reports
[INFO] Downloading: https://repo.maven.apache.org/maven2/org/apache/maven/surefire/surefire-junit4/2.9/surefire-junit4-2.9.pom
[INFO] Downloaded: https://repo.maven.apache.org/maven2/org/apache/maven/surefire/surefire-junit4/2.9/surefire-junit4-2.9.pom (2.6 kB at 2.5 kB/s)
[INFO] Downloading: https://repo.maven.apache.org/maven2/org/apache/maven/surefire/surefire-providers/2.9/surefire-providers-2.9.pom
[INFO] Downloaded: https://repo.maven.apache.org/maven2/org/apache/maven/surefire/surefire-providers/2.9/surefire-providers-2.9.pom (2.3 kB at 6.6 kB/s)
[INFO] Downloading: https://repo.maven.apache.org/maven2/org/apache/maven/surefire/surefire-junit4/2.9/surefire-junit4-2.9.jar
[INFO] Downloaded: https://repo.maven.apache.org/maven2/org/apache/maven/surefire/surefire-junit4/2.9/surefire-junit4-2.9.jar (33 kB at 1.1 MB/s)

-------------------------------------------------------
 T E S T S
-------------------------------------------------------
Picked up JAVA_TOOL_OPTIONS: -XX:CICompilerCount=2 -XX:ParallelGCThreads=2 -XX:ConcGCThreads=2 -Djdk.net.URLClassPath.disableClassPathURLCheck=true -XX:CICompilerCount=2 -XX:ParallelGCThreads=2 -XX:ConcGCThreads=2 -Djdk.net.URLClassPath.disableClassPathURLCheck=true 
Picked up _JAVA_OPTIONS: -Djdk.net.URLClassPath.disableClassPathURLCheck=true
Running org.apache.jackrabbit.oak.query.index.TraversingCursorTest
Tests run: 1, Failures: 0, Errors: 0, Skipped: 0, Time elapsed: 0.486 sec
Running org.apache.jackrabbit.oak.query.index.FilterTest
Tests run: 3, Failures: 0, Errors: 0, Skipped: 0, Time elapsed: 1.205 sec
Running org.apache.jackrabbit.oak.query.index.LikePatternTest
Tests run: 1, Failures: 0, Errors: 0, Skipped: 0, Time elapsed: 0 sec
Running org.apache.jackrabbit.oak.query.FullTextTest
Tests run: 6, Failures: 0, Errors: 0, Skipped: 0, Time elapsed: 0.002 sec
Running org.apache.jackrabbit.oak.query.QueryTest
Tests run: 5, Failures: 0, Errors: 0, Skipped: 0, Time elapsed: 1.767 sec
Running org.apache.jackrabbit.oak.util.JsopUtilTest
Tests run: 1, Failures: 0, Errors: 0, Skipped: 0, Time elapsed: 0.07 sec
Running org.apache.jackrabbit.oak.util.ArrayUtilsTest
Tests run: 9, Failures: 0, Errors: 0, Skipped: 0, Time elapsed: 0.003 sec
Running org.apache.jackrabbit.oak.spi.security.user.PasswordUtilityTest
Tests run: 7, Failures: 0, Errors: 0, Skipped: 0, Time elapsed: 0.285 sec
Running org.apache.jackrabbit.oak.spi.commit.SubtreeValidatorTest
Tests run: 1, Failures: 0, Errors: 0, Skipped: 0, Time elapsed: 0.001 sec
Running org.apache.jackrabbit.oak.namepath.NamePathMapperImplTest
Tests run: 8, Failures: 1, Errors: 0, Skipped: 0, Time elapsed: 0.017 sec <<< FAILURE!
Running org.apache.jackrabbit.oak.plugins.name.NamespaceRegistryImplTest
Tests run: 1, Failures: 0, Errors: 0, Skipped: 0, Time elapsed: 0.081 sec
Running org.apache.jackrabbit.oak.plugins.name.NameValidatorTest
Tests run: 9, Failures: 0, Errors: 0, Skipped: 0, Time elapsed: 0.003 sec
Running org.apache.jackrabbit.oak.plugins.lucene.Sql2QueryTest
Tests run: 1, Failures: 0, Errors: 0, Skipped: 0, Time elapsed: 0.405 sec
Running org.apache.jackrabbit.oak.plugins.lucene.LuceneEditorTest
Tests run: 1, Failures: 0, Errors: 0, Skipped: 0, Time elapsed: 0.564 sec
Running org.apache.jackrabbit.oak.plugins.index.PropertyIndexTest
Tests run: 1, Failures: 0, Errors: 0, Skipped: 0, Time elapsed: 0.005 sec
Running org.apache.jackrabbit.oak.plugins.index.IndexTest
Tests run: 9, Failures: 0, Errors: 0, Skipped: 0, Time elapsed: 0.052 sec
Running org.apache.jackrabbit.oak.plugins.index.PrefixIndexTest
Tests run: 1, Failures: 1, Errors: 0, Skipped: 0, Time elapsed: 0.003 sec <<< FAILURE!
Running org.apache.jackrabbit.oak.plugins.memory.MemoryNodeBuilderTest
Tests run: 5, Failures: 0, Errors: 0, Skipped: 0, Time elapsed: 0.008 sec
Running org.apache.jackrabbit.oak.security.user.UserProviderImplTest
Tests run: 13, Failures: 0, Errors: 0, Skipped: 1, Time elapsed: 1.116 sec
Running org.apache.jackrabbit.oak.core.TreeImplTest
Tests run: 16, Failures: 0, Errors: 0, Skipped: 0, Time elapsed: 1.603 sec
Running org.apache.jackrabbit.oak.core.DefaultConflictHandlerTest
Tests run: 14, Failures: 0, Errors: 0, Skipped: 0, Time elapsed: 0.02 sec
Running org.apache.jackrabbit.oak.core.RootImplTest
Tests run: 8, Failures: 0, Errors: 0, Skipped: 0, Time elapsed: 0.012 sec
Running org.apache.jackrabbit.oak.kernel.JsopDiffTest
Tests run: 2, Failures: 0, Errors: 0, Skipped: 0, Time elapsed: 0.002 sec
Running org.apache.jackrabbit.oak.kernel.KernelNodeStateTest
Tests run: 6, Failures: 0, Errors: 0, Skipped: 0, Time elapsed: 0.003 sec
Running org.apache.jackrabbit.oak.kernel.LargeKernelNodeStateTest
Tests run: 3, Failures: 0, Errors: 0, Skipped: 0, Time elapsed: 0.031 sec
Running org.apache.jackrabbit.oak.kernel.KernelNodeStoreTest
Tests run: 4, Failures: 0, Errors: 0, Skipped: 0, Time elapsed: 0.006 sec
Running org.apache.jackrabbit.oak.kernel.CoreValueFactoryTest
Tests run: 3, Failures: 0, Errors: 0, Skipped: 0, Time elapsed: 0.006 sec
Running org.apache.jackrabbit.mk.large.DescendantCountTest
Tests run: 4, Failures: 0, Errors: 0, Skipped: 0, Time elapsed: 1.112 sec
Running org.apache.jackrabbit.mk.large.LargeNodeTest
Tests run: 20, Failures: 0, Errors: 0, Skipped: 0, Time elapsed: 48.377 sec
Running org.apache.jackrabbit.mk.large.ManyRevisionsTest
Tests run: 8, Failures: 0, Errors: 0, Skipped: 0, Time elapsed: 12.249 sec
Running org.apache.jackrabbit.mk.large.CreateNodesTraverseTest
Tests run: 4, Failures: 0, Errors: 0, Skipped: 0, Time elapsed: 3.935 sec
Running org.apache.jackrabbit.mk.large.CreateRandomNodesTraverseTest
Tests run: 4, Failures: 0, Errors: 0, Skipped: 0, Time elapsed: 1.217 sec
Running org.apache.jackrabbit.mk.json.fast.JsopObjectTest
Tests run: 8, Failures: 0, Errors: 0, Skipped: 0, Time elapsed: 0.009 sec
Running org.apache.jackrabbit.mk.simple.NodeVersionTest
Tests run: 1, Failures: 0, Errors: 0, Skipped: 0, Time elapsed: 0 sec
Running org.apache.jackrabbit.mk.simple.AscendingClockTest
Tests run: 2, Failures: 0, Errors: 0, Skipped: 0, Time elapsed: 0.007 sec
Running org.apache.jackrabbit.mk.simple.SimpleKernelTest
Tests run: 2, Failures: 0, Errors: 0, Skipped: 0, Time elapsed: 0 sec
Running org.apache.jackrabbit.mk.LargeObjectTest
Tests run: 4, Failures: 0, Errors: 0, Skipped: 0, Time elapsed: 0.937 sec
Running org.apache.jackrabbit.mk.mem.MemoryNodeTest
Tests run: 2, Failures: 0, Errors: 0, Skipped: 0, Time elapsed: 0.001 sec
Running org.apache.jackrabbit.mk.wrapper.VirtualRepositoryWrapperTest
Tests run: 8, Failures: 0, Errors: 0, Skipped: 0, Time elapsed: 3.571 sec
Running org.apache.jackrabbit.mk.wrapper.IndexWrapperTest
Tests run: 4, Failures: 0, Errors: 0, Skipped: 0, Time elapsed: 0.009 sec
Running org.apache.jackrabbit.mk.wrapper.SecurityWrapperTest
Tests run: 4, Failures: 0, Errors: 0, Skipped: 0, Time elapsed: 0.01 sec
Running org.apache.jackrabbit.mk.ConflictingMoveTest
Tests run: 12, Failures: 0, Errors: 0, Skipped: 0, Time elapsed: 0.522 sec
Running org.apache.jackrabbit.mk.hash.HashTest
Tests run: 4, Failures: 0, Errors: 0, Skipped: 0, Time elapsed: 0.154 sec

Results :

Failed tests:   testTrailingSlash(org.apache.jackrabbit.oak.namepath.NamePathMapperImplTest): expected:</a/b/c[]> but was:</a/b/c[/]>
  test(org.apache.jackrabbit.oak.plugins.index.PrefixIndexTest): expected:<...:childNodeCount":2,"[prefix@d:":{":childNodeCount":1,":data":{}},":data":{":childNodeCount":0]}}> but was:<...:childNodeCount":2,"[:data":{":childNodeCount":0},"prefix@d:":{":childNodeCount":1,":data":{}]}}>

Tests run: 230, Failures: 2, Errors: 0, Skipped: 1

[INFO] ------------------------------------------------------------------------
[INFO] BUILD FAILURE
[INFO] ------------------------------------------------------------------------
[INFO] Total time: 01:34 min
[INFO] Finished at: 2020-03-09T05:28:46-07:00
[INFO] Final Memory: 34M/1238M
[INFO] ------------------------------------------------------------------------
[ERROR] Failed to execute goal org.apache.maven.plugins:maven-surefire-plugin:2.9:test (default-test) on project oak-core: There are test failures.
[ERROR] 
[ERROR] Please refer to /tmp/Bugs.jar_Jackrabbit-Oak_e115fd90_java-7/oak-core/target/surefire-reports for the individual test results.
[ERROR] -> [Help 1]
[ERROR] 
[ERROR] To see the full stack trace of the errors, re-run Maven with the -e switch.
[ERROR] Re-run Maven using the -X switch to enable full debug logging.
[ERROR] 
[ERROR] For more information about the errors and possible solutions, please read the following articles:
[ERROR] [Help 1] http://cwiki.apache.org/confluence/display/MAVEN/MojoFailureException
