Picked up JAVA_TOOL_OPTIONS: -XX:CICompilerCount=2 -XX:ParallelGCThreads=2 -XX:ConcGCThreads=2 -Djdk.net.URLClassPath.disableClassPathURLCheck=true 
Java HotSpot(TM) 64-Bit Server VM warning: ignoring option MaxPermSize=512m; support was removed in 8.0
Picked up _JAVA_OPTIONS: -Djdk.net.URLClassPath.disableClassPathURLCheck=true
Apache Maven 3.5.0 (Red Hat 3.5.0-4.3)
Maven home: /opt/rh/rh-maven35/root/usr/share/maven
Java version: 1.8.0_181, vendor: Oracle Corporation
Java home: /boom/scratch/jmcampos/RTA/repair_them_all_framework/jdks/jdk1.8.0_181/jre
Default locale: en_US, platform encoding: UTF-8
OS name: "linux", version: "4.14.147-1.el7.retpoline.x86_64", arch: "amd64", family: "unix"
[INFO] Scanning for projects...
[INFO] 
[INFO] ------------------------------------------------------------------------
[INFO] Building flink-compiler 0.7-incubating-SNAPSHOT
[INFO] ------------------------------------------------------------------------
[INFO] Downloading: http://repository.apache.org/snapshots/org/apache/flink/flink-core/0.7-incubating-SNAPSHOT/maven-metadata.xml
[INFO] Downloaded: http://repository.apache.org/snapshots/org/apache/flink/flink-core/0.7-incubating-SNAPSHOT/maven-metadata.xml (1.5 kB at 112 B/s)
[INFO] Downloading: http://repository.apache.org/snapshots/org/apache/flink/flink-parent/0.7-incubating-SNAPSHOT/maven-metadata.xml
[INFO] Downloaded: http://repository.apache.org/snapshots/org/apache/flink/flink-parent/0.7-incubating-SNAPSHOT/maven-metadata.xml (627 B at 1.9 kB/s)
[INFO] Downloading: http://repository.apache.org/snapshots/org/apache/flink/flink-shaded/0.7-incubating-SNAPSHOT/maven-metadata.xml
[INFO] Downloaded: http://repository.apache.org/snapshots/org/apache/flink/flink-shaded/0.7-incubating-SNAPSHOT/maven-metadata.xml (1.0 kB at 3.0 kB/s)
[INFO] Downloading: http://repository.apache.org/snapshots/org/apache/flink/flink-runtime/0.7-incubating-SNAPSHOT/maven-metadata.xml
[INFO] Downloaded: http://repository.apache.org/snapshots/org/apache/flink/flink-runtime/0.7-incubating-SNAPSHOT/maven-metadata.xml (1.3 kB at 3.8 kB/s)
[INFO] Downloading: http://repository.apache.org/snapshots/joda-time/joda-time/maven-metadata.xml
[INFO] Downloading: https://repo.maven.apache.org/maven2/joda-time/joda-time/maven-metadata.xml
[INFO] Downloaded: https://repo.maven.apache.org/maven2/joda-time/joda-time/maven-metadata.xml (1.5 kB at 3.8 kB/s)
[INFO] Downloading: http://repository.apache.org/snapshots/org/apache/flink/flink-java/0.7-incubating-SNAPSHOT/maven-metadata.xml
[INFO] Downloaded: http://repository.apache.org/snapshots/org/apache/flink/flink-java/0.7-incubating-SNAPSHOT/maven-metadata.xml (1.5 kB at 4.3 kB/s)
[INFO] 
[INFO] --- maven-checkstyle-plugin:2.12.1:check (validate) @ flink-compiler ---
[INFO] 
[INFO] --- maven-enforcer-plugin:1.3.1:enforce (enforce-maven) @ flink-compiler ---
[INFO] Skipping Rule Enforcement.
[INFO] 
[INFO] --- maven-remote-resources-plugin:1.5:process (default) @ flink-compiler ---
[INFO] artifact joda-time:joda-time: checking for updates from central
[INFO] 
[INFO] --- maven-resources-plugin:2.6:resources (default-resources) @ flink-compiler ---
[INFO] Using 'UTF-8' encoding to copy filtered resources.
[INFO] skip non existing resourceDirectory /boom/scratch/tmp-rta/Bugs.jar_Flink_259f10c0_java-8/flink-compiler/src/main/resources
[INFO] Copying 3 resources
[INFO] 
[INFO] --- maven-compiler-plugin:3.1:compile (default-compile) @ flink-compiler ---
[INFO] Nothing to compile - all classes are up to date
[INFO] 
[INFO] --- maven-resources-plugin:2.6:testResources (default-testResources) @ flink-compiler ---
[INFO] Using 'UTF-8' encoding to copy filtered resources.
[INFO] Copying 2 resources
[INFO] Copying 3 resources
[INFO] 
[INFO] --- maven-compiler-plugin:3.1:testCompile (default-testCompile) @ flink-compiler ---
[INFO] Nothing to compile - all classes are up to date
[INFO] 
[INFO] --- maven-surefire-plugin:2.17:test (default-test) @ flink-compiler ---
[INFO] Surefire report directory: /boom/scratch/tmp-rta/Bugs.jar_Flink_259f10c0_java-8/flink-compiler/target/surefire-reports
[INFO] Downloading: https://repo.maven.apache.org/maven2/org/apache/maven/surefire/surefire-junit4/2.17/surefire-junit4-2.17.pom
[INFO] Downloaded: https://repo.maven.apache.org/maven2/org/apache/maven/surefire/surefire-junit4/2.17/surefire-junit4-2.17.pom (2.5 kB at 720 B/s)
[INFO] Downloading: https://repo.maven.apache.org/maven2/org/apache/maven/surefire/surefire-providers/2.17/surefire-providers-2.17.pom
[INFO] Downloaded: https://repo.maven.apache.org/maven2/org/apache/maven/surefire/surefire-providers/2.17/surefire-providers-2.17.pom (2.4 kB at 593 B/s)
[INFO] Downloading: https://repo.maven.apache.org/maven2/org/apache/maven/surefire/surefire-junit4/2.17/surefire-junit4-2.17.jar
[INFO] Downloaded: https://repo.maven.apache.org/maven2/org/apache/maven/surefire/surefire-junit4/2.17/surefire-junit4-2.17.jar (64 kB at 3.1 MB/s)

-------------------------------------------------------
 T E S T S
-------------------------------------------------------

-------------------------------------------------------
 T E S T S
-------------------------------------------------------
Picked up JAVA_TOOL_OPTIONS: -XX:CICompilerCount=2 -XX:ParallelGCThreads=2 -XX:ConcGCThreads=2 -Djdk.net.URLClassPath.disableClassPathURLCheck=true -XX:CICompilerCount=2 -XX:ParallelGCThreads=2 -XX:ConcGCThreads=2 -Djdk.net.URLClassPath.disableClassPathURLCheck=true 
Picked up _JAVA_OPTIONS: -Djdk.net.URLClassPath.disableClassPathURLCheck=true
Picked up JAVA_TOOL_OPTIONS: -XX:CICompilerCount=2 -XX:ParallelGCThreads=2 -XX:ConcGCThreads=2 -Djdk.net.URLClassPath.disableClassPathURLCheck=true -XX:CICompilerCount=2 -XX:ParallelGCThreads=2 -XX:ConcGCThreads=2 -Djdk.net.URLClassPath.disableClassPathURLCheck=true 
Picked up _JAVA_OPTIONS: -Djdk.net.URLClassPath.disableClassPathURLCheck=true
Picked up JAVA_TOOL_OPTIONS: -XX:CICompilerCount=2 -XX:ParallelGCThreads=2 -XX:ConcGCThreads=2 -Djdk.net.URLClassPath.disableClassPathURLCheck=true -XX:CICompilerCount=2 -XX:ParallelGCThreads=2 -XX:ConcGCThreads=2 -Djdk.net.URLClassPath.disableClassPathURLCheck=true 
Picked up JAVA_TOOL_OPTIONS: -XX:CICompilerCount=2 -XX:ParallelGCThreads=2 -XX:ConcGCThreads=2 -Djdk.net.URLClassPath.disableClassPathURLCheck=true -XX:CICompilerCount=2 -XX:ParallelGCThreads=2 -XX:ConcGCThreads=2 -Djdk.net.URLClassPath.disableClassPathURLCheck=true 
Picked up JAVA_TOOL_OPTIONS: -XX:CICompilerCount=2 -XX:ParallelGCThreads=2 -XX:ConcGCThreads=2 -Djdk.net.URLClassPath.disableClassPathURLCheck=true -XX:CICompilerCount=2 -XX:ParallelGCThreads=2 -XX:ConcGCThreads=2 -Djdk.net.URLClassPath.disableClassPathURLCheck=true 
Picked up _JAVA_OPTIONS: -Djdk.net.URLClassPath.disableClassPathURLCheck=true
Picked up _JAVA_OPTIONS: -Djdk.net.URLClassPath.disableClassPathURLCheck=true
Picked up _JAVA_OPTIONS: -Djdk.net.URLClassPath.disableClassPathURLCheck=true
Picked up JAVA_TOOL_OPTIONS: -XX:CICompilerCount=2 -XX:ParallelGCThreads=2 -XX:ConcGCThreads=2 -Djdk.net.URLClassPath.disableClassPathURLCheck=true -XX:CICompilerCount=2 -XX:ParallelGCThreads=2 -XX:ConcGCThreads=2 -Djdk.net.URLClassPath.disableClassPathURLCheck=true 
Picked up _JAVA_OPTIONS: -Djdk.net.URLClassPath.disableClassPathURLCheck=true
Picked up JAVA_TOOL_OPTIONS: -XX:CICompilerCount=2 -XX:ParallelGCThreads=2 -XX:ConcGCThreads=2 -Djdk.net.URLClassPath.disableClassPathURLCheck=true -XX:CICompilerCount=2 -XX:ParallelGCThreads=2 -XX:ConcGCThreads=2 -Djdk.net.URLClassPath.disableClassPathURLCheck=true 
Picked up JAVA_TOOL_OPTIONS: -XX:CICompilerCount=2 -XX:ParallelGCThreads=2 -XX:ConcGCThreads=2 -Djdk.net.URLClassPath.disableClassPathURLCheck=true -XX:CICompilerCount=2 -XX:ParallelGCThreads=2 -XX:ConcGCThreads=2 -Djdk.net.URLClassPath.disableClassPathURLCheck=true 
Picked up _JAVA_OPTIONS: -Djdk.net.URLClassPath.disableClassPathURLCheck=true
Picked up JAVA_TOOL_OPTIONS: -XX:CICompilerCount=2 -XX:ParallelGCThreads=2 -XX:ConcGCThreads=2 -Djdk.net.URLClassPath.disableClassPathURLCheck=true -XX:CICompilerCount=2 -XX:ParallelGCThreads=2 -XX:ConcGCThreads=2 -Djdk.net.URLClassPath.disableClassPathURLCheck=true 
Picked up _JAVA_OPTIONS: -Djdk.net.URLClassPath.disableClassPathURLCheck=true
Picked up _JAVA_OPTIONS: -Djdk.net.URLClassPath.disableClassPathURLCheck=true
Picked up JAVA_TOOL_OPTIONS: -XX:CICompilerCount=2 -XX:ParallelGCThreads=2 -XX:ConcGCThreads=2 -Djdk.net.URLClassPath.disableClassPathURLCheck=true -XX:CICompilerCount=2 -XX:ParallelGCThreads=2 -XX:ConcGCThreads=2 -Djdk.net.URLClassPath.disableClassPathURLCheck=true 
Picked up _JAVA_OPTIONS: -Djdk.net.URLClassPath.disableClassPathURLCheck=true
Picked up JAVA_TOOL_OPTIONS: -XX:CICompilerCount=2 -XX:ParallelGCThreads=2 -XX:ConcGCThreads=2 -Djdk.net.URLClassPath.disableClassPathURLCheck=true -XX:CICompilerCount=2 -XX:ParallelGCThreads=2 -XX:ConcGCThreads=2 -Djdk.net.URLClassPath.disableClassPathURLCheck=true 
Picked up _JAVA_OPTIONS: -Djdk.net.URLClassPath.disableClassPathURLCheck=true
Picked up JAVA_TOOL_OPTIONS: -XX:CICompilerCount=2 -XX:ParallelGCThreads=2 -XX:ConcGCThreads=2 -Djdk.net.URLClassPath.disableClassPathURLCheck=true -XX:CICompilerCount=2 -XX:ParallelGCThreads=2 -XX:ConcGCThreads=2 -Djdk.net.URLClassPath.disableClassPathURLCheck=true 
Picked up _JAVA_OPTIONS: -Djdk.net.URLClassPath.disableClassPathURLCheck=true
Picked up JAVA_TOOL_OPTIONS: -XX:CICompilerCount=2 -XX:ParallelGCThreads=2 -XX:ConcGCThreads=2 -Djdk.net.URLClassPath.disableClassPathURLCheck=true -XX:CICompilerCount=2 -XX:ParallelGCThreads=2 -XX:ConcGCThreads=2 -Djdk.net.URLClassPath.disableClassPathURLCheck=true 
Picked up _JAVA_OPTIONS: -Djdk.net.URLClassPath.disableClassPathURLCheck=true
Picked up JAVA_TOOL_OPTIONS: -XX:CICompilerCount=2 -XX:ParallelGCThreads=2 -XX:ConcGCThreads=2 -Djdk.net.URLClassPath.disableClassPathURLCheck=true -XX:CICompilerCount=2 -XX:ParallelGCThreads=2 -XX:ConcGCThreads=2 -Djdk.net.URLClassPath.disableClassPathURLCheck=true 
Picked up _JAVA_OPTIONS: -Djdk.net.URLClassPath.disableClassPathURLCheck=true
Picked up JAVA_TOOL_OPTIONS: -XX:CICompilerCount=2 -XX:ParallelGCThreads=2 -XX:ConcGCThreads=2 -Djdk.net.URLClassPath.disableClassPathURLCheck=true -XX:CICompilerCount=2 -XX:ParallelGCThreads=2 -XX:ConcGCThreads=2 -Djdk.net.URLClassPath.disableClassPathURLCheck=true 
Picked up JAVA_TOOL_OPTIONS: -XX:CICompilerCount=2 -XX:ParallelGCThreads=2 -XX:ConcGCThreads=2 -Djdk.net.URLClassPath.disableClassPathURLCheck=true -XX:CICompilerCount=2 -XX:ParallelGCThreads=2 -XX:ConcGCThreads=2 -Djdk.net.URLClassPath.disableClassPathURLCheck=true 
Picked up _JAVA_OPTIONS: -Djdk.net.URLClassPath.disableClassPathURLCheck=true
Picked up _JAVA_OPTIONS: -Djdk.net.URLClassPath.disableClassPathURLCheck=true
Picked up JAVA_TOOL_OPTIONS: -XX:CICompilerCount=2 -XX:ParallelGCThreads=2 -XX:ConcGCThreads=2 -Djdk.net.URLClassPath.disableClassPathURLCheck=true -XX:CICompilerCount=2 -XX:ParallelGCThreads=2 -XX:ConcGCThreads=2 -Djdk.net.URLClassPath.disableClassPathURLCheck=true 
Picked up _JAVA_OPTIONS: -Djdk.net.URLClassPath.disableClassPathURLCheck=true
Picked up JAVA_TOOL_OPTIONS: -XX:CICompilerCount=2 -XX:ParallelGCThreads=2 -XX:ConcGCThreads=2 -Djdk.net.URLClassPath.disableClassPathURLCheck=true -XX:CICompilerCount=2 -XX:ParallelGCThreads=2 -XX:ConcGCThreads=2 -Djdk.net.URLClassPath.disableClassPathURLCheck=true 
Picked up _JAVA_OPTIONS: -Djdk.net.URLClassPath.disableClassPathURLCheck=true
Picked up JAVA_TOOL_OPTIONS: -XX:CICompilerCount=2 -XX:ParallelGCThreads=2 -XX:ConcGCThreads=2 -Djdk.net.URLClassPath.disableClassPathURLCheck=true -XX:CICompilerCount=2 -XX:ParallelGCThreads=2 -XX:ConcGCThreads=2 -Djdk.net.URLClassPath.disableClassPathURLCheck=true 
Picked up _JAVA_OPTIONS: -Djdk.net.URLClassPath.disableClassPathURLCheck=true
Picked up JAVA_TOOL_OPTIONS: -XX:CICompilerCount=2 -XX:ParallelGCThreads=2 -XX:ConcGCThreads=2 -Djdk.net.URLClassPath.disableClassPathURLCheck=true -XX:CICompilerCount=2 -XX:ParallelGCThreads=2 -XX:ConcGCThreads=2 -Djdk.net.URLClassPath.disableClassPathURLCheck=true 
Picked up _JAVA_OPTIONS: -Djdk.net.URLClassPath.disableClassPathURLCheck=true
Picked up JAVA_TOOL_OPTIONS: -XX:CICompilerCount=2 -XX:ParallelGCThreads=2 -XX:ConcGCThreads=2 -Djdk.net.URLClassPath.disableClassPathURLCheck=true -XX:CICompilerCount=2 -XX:ParallelGCThreads=2 -XX:ConcGCThreads=2 -Djdk.net.URLClassPath.disableClassPathURLCheck=true 
Picked up _JAVA_OPTIONS: -Djdk.net.URLClassPath.disableClassPathURLCheck=true
Picked up JAVA_TOOL_OPTIONS: -XX:CICompilerCount=2 -XX:ParallelGCThreads=2 -XX:ConcGCThreads=2 -Djdk.net.URLClassPath.disableClassPathURLCheck=true -XX:CICompilerCount=2 -XX:ParallelGCThreads=2 -XX:ConcGCThreads=2 -Djdk.net.URLClassPath.disableClassPathURLCheck=true 
Picked up _JAVA_OPTIONS: -Djdk.net.URLClassPath.disableClassPathURLCheck=true
Picked up JAVA_TOOL_OPTIONS: -XX:CICompilerCount=2 -XX:ParallelGCThreads=2 -XX:ConcGCThreads=2 -Djdk.net.URLClassPath.disableClassPathURLCheck=true -XX:CICompilerCount=2 -XX:ParallelGCThreads=2 -XX:ConcGCThreads=2 -Djdk.net.URLClassPath.disableClassPathURLCheck=true 
Picked up _JAVA_OPTIONS: -Djdk.net.URLClassPath.disableClassPathURLCheck=true
Picked up JAVA_TOOL_OPTIONS: -XX:CICompilerCount=2 -XX:ParallelGCThreads=2 -XX:ConcGCThreads=2 -Djdk.net.URLClassPath.disableClassPathURLCheck=true -XX:CICompilerCount=2 -XX:ParallelGCThreads=2 -XX:ConcGCThreads=2 -Djdk.net.URLClassPath.disableClassPathURLCheck=true 
Picked up _JAVA_OPTIONS: -Djdk.net.URLClassPath.disableClassPathURLCheck=true
Running org.apache.flink.compiler.DOPChangeTest
Running org.apache.flink.compiler.java.IterationCompilerTest
Running org.apache.flink.compiler.java.ReduceCompilationTest
Running org.apache.flink.compiler.java.GroupReduceCompilationTest
Running org.apache.flink.compiler.java.WorksetIterationsJavaApiCompilerTest
Running org.apache.flink.compiler.java.JoinTranslationTest
Running org.apache.flink.compiler.PipelineBreakerTest
Running org.apache.flink.compiler.HardPlansCompilationTest
Running org.apache.flink.compiler.ReduceAllTest
Running org.apache.flink.compiler.IterationsCompilerTest
Running org.apache.flink.compiler.GroupOrderTest
Running org.apache.flink.compiler.AdditionalOperatorsTest
Running org.apache.flink.compiler.plandump.NumberFormattingTest
Running org.apache.flink.compiler.BroadcastVariablePipelinebreakerTest
Running org.apache.flink.compiler.plan.ChannelTest
Running org.apache.flink.compiler.WorksetIterationCornerCasesTest
Running org.apache.flink.compiler.BranchingPlansCompilerTest
Running org.apache.flink.compiler.CachedMatchStrategyCompilerTest
Running org.apache.flink.compiler.UnionPropertyPropagationTest
Running org.apache.flink.compiler.WorksetIterationsRecordApiCompilerTest
Running org.apache.flink.compiler.FeedbackPropertiesMatchTest
Running org.apache.flink.compiler.CoGroupSolutionSetFirstTest
Running org.apache.flink.compiler.costs.DefaultCostEstimatorTest
Running org.apache.flink.compiler.UnionReplacementTest
org.apache.flink.compiler.CompilerException: An error occurred while translating the optimized plan to a nephele JobGraph: Error translating node 'Union "Union" : UNION [[ GlobalProperties [partitioning=RANDOM] ]] [[ LocalProperties [ordering=null, grouped=null, unique=null] ]]': null
	at org.apache.flink.compiler.plantranslate.NepheleJobGraphGenerator.postVisit(NepheleJobGraphGenerator.java:544)
	at org.apache.flink.compiler.plantranslate.NepheleJobGraphGenerator.postVisit(NepheleJobGraphGenerator.java:95)
	at org.apache.flink.compiler.plan.SingleInputPlanNode.accept(SingleInputPlanNode.java:202)
	at org.apache.flink.compiler.plan.SingleInputPlanNode.accept(SingleInputPlanNode.java:196)
	at org.apache.flink.compiler.plan.OptimizedPlan.accept(OptimizedPlan.java:165)
	at org.apache.flink.compiler.plantranslate.NepheleJobGraphGenerator.compileJobGraph(NepheleJobGraphGenerator.java:163)
	at org.apache.flink.compiler.java.IterationCompilerTest.testIterationWithUnionRoot(IterationCompilerTest.java:102)
	at sun.reflect.NativeMethodAccessorImpl.invoke0(Native Method)
	at sun.reflect.NativeMethodAccessorImpl.invoke(NativeMethodAccessorImpl.java:62)
	at sun.reflect.DelegatingMethodAccessorImpl.invoke(DelegatingMethodAccessorImpl.java:43)
	at java.lang.reflect.Method.invoke(Method.java:498)
	at org.junit.runners.model.FrameworkMethod$1.runReflectiveCall(FrameworkMethod.java:47)
	at org.junit.internal.runners.model.ReflectiveCallable.run(ReflectiveCallable.java:12)
	at org.junit.runners.model.FrameworkMethod.invokeExplosively(FrameworkMethod.java:44)
	at org.junit.internal.runners.statements.InvokeMethod.evaluate(InvokeMethod.java:17)
	at org.junit.internal.runners.statements.RunBefores.evaluate(RunBefores.java:26)
	at org.junit.runners.ParentRunner.runLeaf(ParentRunner.java:271)
	at org.junit.runners.BlockJUnit4ClassRunner.runChild(BlockJUnit4ClassRunner.java:70)
	at org.junit.runners.BlockJUnit4ClassRunner.runChild(BlockJUnit4ClassRunner.java:50)
	at org.junit.runners.ParentRunner$3.run(ParentRunner.java:238)
	at org.junit.runners.ParentRunner$1.schedule(ParentRunner.java:63)
	at org.junit.runners.ParentRunner.runChildren(ParentRunner.java:236)
	at org.junit.runners.ParentRunner.access$000(ParentRunner.java:53)
	at org.junit.runners.ParentRunner$2.evaluate(ParentRunner.java:229)
	at org.junit.runners.ParentRunner.run(ParentRunner.java:309)
	at org.apache.maven.surefire.junit4.JUnit4Provider.execute(JUnit4Provider.java:264)
	at org.apache.maven.surefire.junit4.JUnit4Provider.executeTestSet(JUnit4Provider.java:153)
	at org.apache.maven.surefire.junit4.JUnit4Provider.invoke(JUnit4Provider.java:124)
	at org.apache.maven.surefire.booter.ForkedBooter.invokeProviderInSameClassLoader(ForkedBooter.java:200)
	at org.apache.maven.surefire.booter.ForkedBooter.runSuitesInProcess(ForkedBooter.java:153)
	at org.apache.maven.surefire.booter.ForkedBooter.main(ForkedBooter.java:103)
Caused by: org.apache.flink.compiler.CompilerException: Error translating node 'Union "Union" : UNION [[ GlobalProperties [partitioning=RANDOM] ]] [[ LocalProperties [ordering=null, grouped=null, unique=null] ]]': null
	at org.apache.flink.compiler.plantranslate.NepheleJobGraphGenerator.preVisit(NepheleJobGraphGenerator.java:338)
	at org.apache.flink.compiler.plantranslate.NepheleJobGraphGenerator.preVisit(NepheleJobGraphGenerator.java:95)
	at org.apache.flink.compiler.plan.DualInputPlanNode.accept(DualInputPlanNode.java:162)
	at org.apache.flink.compiler.plan.BulkIterationPlanNode.acceptForStepFunction(BulkIterationPlanNode.java:137)
	at org.apache.flink.compiler.plantranslate.NepheleJobGraphGenerator.postVisit(NepheleJobGraphGenerator.java:398)
	... 30 more
Caused by: java.lang.NullPointerException
	at org.apache.flink.runtime.operators.util.TaskConfig.setDriver(TaskConfig.java:307)
	at org.apache.flink.compiler.plantranslate.NepheleJobGraphGenerator.createDualInputVertex(NepheleJobGraphGenerator.java:793)
	at org.apache.flink.compiler.plantranslate.NepheleJobGraphGenerator.preVisit(NepheleJobGraphGenerator.java:286)
	... 34 more
org.apache.flink.compiler.CompilerException: An error occurred while translating the optimized plan to a nephele JobGraph: Error translating node 'Union "Union" : UNION [[ GlobalProperties [partitioning=RANDOM] ]] [[ LocalProperties [ordering=null, grouped=null, unique=null] ]]': null
	at org.apache.flink.compiler.plantranslate.NepheleJobGraphGenerator.postVisit(NepheleJobGraphGenerator.java:544)
	at org.apache.flink.compiler.plantranslate.NepheleJobGraphGenerator.postVisit(NepheleJobGraphGenerator.java:95)
	at org.apache.flink.compiler.plan.DualInputPlanNode.accept(DualInputPlanNode.java:170)
	at org.apache.flink.compiler.plan.SingleInputPlanNode.accept(SingleInputPlanNode.java:196)
	at org.apache.flink.compiler.plan.OptimizedPlan.accept(OptimizedPlan.java:165)
	at org.apache.flink.compiler.plantranslate.NepheleJobGraphGenerator.compileJobGraph(NepheleJobGraphGenerator.java:163)
	at org.apache.flink.compiler.java.IterationCompilerTest.testWorksetIterationWithUnionRoot(IterationCompilerTest.java:137)
	at sun.reflect.NativeMethodAccessorImpl.invoke0(Native Method)
	at sun.reflect.NativeMethodAccessorImpl.invoke(NativeMethodAccessorImpl.java:62)
	at sun.reflect.DelegatingMethodAccessorImpl.invoke(DelegatingMethodAccessorImpl.java:43)
	at java.lang.reflect.Method.invoke(Method.java:498)
	at org.junit.runners.model.FrameworkMethod$1.runReflectiveCall(FrameworkMethod.java:47)
	at org.junit.internal.runners.model.ReflectiveCallable.run(ReflectiveCallable.java:12)
	at org.junit.runners.model.FrameworkMethod.invokeExplosively(FrameworkMethod.java:44)
	at org.junit.internal.runners.statements.InvokeMethod.evaluate(InvokeMethod.java:17)
	at org.junit.internal.runners.statements.RunBefores.evaluate(RunBefores.java:26)
	at org.junit.runners.ParentRunner.runLeaf(ParentRunner.java:271)
	at org.junit.runners.BlockJUnit4ClassRunner.runChild(BlockJUnit4ClassRunner.java:70)
	at org.junit.runners.BlockJUnit4ClassRunner.runChild(BlockJUnit4ClassRunner.java:50)
	at org.junit.runners.ParentRunner$3.run(ParentRunner.java:238)
	at org.junit.runners.ParentRunner$1.schedule(ParentRunner.java:63)
	at org.junit.runners.ParentRunner.runChildren(ParentRunner.java:236)
	at org.junit.runners.ParentRunner.access$000(ParentRunner.java:53)
	at org.junit.runners.ParentRunner$2.evaluate(ParentRunner.java:229)
	at org.junit.runners.ParentRunner.run(ParentRunner.java:309)
	at org.apache.maven.surefire.junit4.JUnit4Provider.execute(JUnit4Provider.java:264)
	at org.apache.maven.surefire.junit4.JUnit4Provider.executeTestSet(JUnit4Provider.java:153)
	at org.apache.maven.surefire.junit4.JUnit4Provider.invoke(JUnit4Provider.java:124)
	at org.apache.maven.surefire.booter.ForkedBooter.invokeProviderInSameClassLoader(ForkedBooter.java:200)
	at org.apache.maven.surefire.booter.ForkedBooter.runSuitesInProcess(ForkedBooter.java:153)
	at org.apache.maven.surefire.booter.ForkedBooter.main(ForkedBooter.java:103)
Caused by: org.apache.flink.compiler.CompilerException: Error translating node 'Union "Union" : UNION [[ GlobalProperties [partitioning=RANDOM] ]] [[ LocalProperties [ordering=null, grouped=null, unique=null] ]]': null
	at org.apache.flink.compiler.plantranslate.NepheleJobGraphGenerator.preVisit(NepheleJobGraphGenerator.java:338)
	at org.apache.flink.compiler.plantranslate.NepheleJobGraphGenerator.preVisit(NepheleJobGraphGenerator.java:95)
	at org.apache.flink.compiler.plan.DualInputPlanNode.accept(DualInputPlanNode.java:162)
	at org.apache.flink.compiler.plan.WorksetIterationPlanNode.acceptForStepFunction(WorksetIterationPlanNode.java:196)
	at org.apache.flink.compiler.plantranslate.NepheleJobGraphGenerator.postVisit(NepheleJobGraphGenerator.java:398)
	... 30 more
Caused by: java.lang.NullPointerException
	at org.apache.flink.runtime.operators.util.TaskConfig.setDriver(TaskConfig.java:307)
	at org.apache.flink.compiler.plantranslate.NepheleJobGraphGenerator.createDualInputVertex(NepheleJobGraphGenerator.java:793)
	at org.apache.flink.compiler.plantranslate.NepheleJobGraphGenerator.preVisit(NepheleJobGraphGenerator.java:286)
	... 34 more
Tests run: 5, Failures: 0, Errors: 0, Skipped: 0, Time elapsed: 0.477 sec - in org.apache.flink.compiler.IterationsCompilerTest
Tests run: 1, Failures: 0, Errors: 0, Skipped: 0, Time elapsed: 0.298 sec - in org.apache.flink.compiler.ReduceAllTest
Tests run: 2, Failures: 0, Errors: 0, Skipped: 0, Time elapsed: 0.281 sec - in org.apache.flink.compiler.AdditionalOperatorsTest
Tests run: 1, Failures: 0, Errors: 0, Skipped: 0, Time elapsed: 0.291 sec - in org.apache.flink.compiler.UnionReplacementTest
Tests run: 2, Failures: 0, Errors: 0, Skipped: 0, Time elapsed: 0.289 sec - in org.apache.flink.compiler.BroadcastVariablePipelinebreakerTest
Tests run: 5, Failures: 0, Errors: 0, Skipped: 0, Time elapsed: 0.329 sec - in org.apache.flink.compiler.DOPChangeTest
Tests run: 5, Failures: 0, Errors: 0, Skipped: 0, Time elapsed: 0.381 sec - in org.apache.flink.compiler.CachedMatchStrategyCompilerTest
Tests run: 6, Failures: 0, Errors: 0, Skipped: 0, Time elapsed: 0.35 sec - in org.apache.flink.compiler.java.JoinTranslationTest
Tests run: 3, Failures: 0, Errors: 0, Skipped: 0, Time elapsed: 0.317 sec - in org.apache.flink.compiler.WorksetIterationsRecordApiCompilerTest
Tests run: 2, Failures: 0, Errors: 0, Skipped: 0, Time elapsed: 0.266 sec - in org.apache.flink.compiler.GroupOrderTest
Tests run: 1, Failures: 0, Errors: 0, Skipped: 0, Time elapsed: 0.308 sec - in org.apache.flink.compiler.WorksetIterationCornerCasesTest
Tests run: 1, Failures: 0, Errors: 0, Skipped: 0, Time elapsed: 0.315 sec - in org.apache.flink.compiler.HardPlansCompilationTest
Tests run: 2, Failures: 0, Errors: 0, Skipped: 0, Time elapsed: 0.368 sec - in org.apache.flink.compiler.UnionPropertyPropagationTest
Tests run: 6, Failures: 0, Errors: 0, Skipped: 0, Time elapsed: 0.076 sec - in org.apache.flink.compiler.costs.DefaultCostEstimatorTest
Tests run: 4, Failures: 0, Errors: 0, Skipped: 0, Time elapsed: 0.458 sec - in org.apache.flink.compiler.java.WorksetIterationsJavaApiCompilerTest
Tests run: 1, Failures: 0, Errors: 0, Skipped: 0, Time elapsed: 0.308 sec - in org.apache.flink.compiler.CoGroupSolutionSetFirstTest
Tests run: 2, Failures: 0, Errors: 0, Skipped: 0, Time elapsed: 0.151 sec - in org.apache.flink.compiler.plan.ChannelTest
Tests run: 6, Failures: 0, Errors: 0, Skipped: 0, Time elapsed: 0.335 sec - in org.apache.flink.compiler.java.GroupReduceCompilationTest
Tests run: 4, Failures: 0, Errors: 0, Skipped: 0, Time elapsed: 0.337 sec - in org.apache.flink.compiler.java.ReduceCompilationTest
Tests run: 7, Failures: 0, Errors: 0, Skipped: 0, Time elapsed: 0.207 sec - in org.apache.flink.compiler.FeedbackPropertiesMatchTest
Tests run: 1, Failures: 0, Errors: 0, Skipped: 0, Time elapsed: 0.088 sec - in org.apache.flink.compiler.plandump.NumberFormattingTest
Tests run: 4, Failures: 0, Errors: 0, Skipped: 0, Time elapsed: 0.331 sec - in org.apache.flink.compiler.PipelineBreakerTest
Tests run: 18, Failures: 0, Errors: 0, Skipped: 0, Time elapsed: 0.604 sec - in org.apache.flink.compiler.BranchingPlansCompilerTest
Tests run: 4, Failures: 2, Errors: 0, Skipped: 0, Time elapsed: 0.354 sec <<< FAILURE! - in org.apache.flink.compiler.java.IterationCompilerTest
testIterationWithUnionRoot(org.apache.flink.compiler.java.IterationCompilerTest)  Time elapsed: 0.015 sec  <<< FAILURE!
java.lang.AssertionError: An error occurred while translating the optimized plan to a nephele JobGraph: Error translating node 'Union "Union" : UNION [[ GlobalProperties [partitioning=RANDOM] ]] [[ LocalProperties [ordering=null, grouped=null, unique=null] ]]': null
	at org.junit.Assert.fail(Assert.java:88)
	at org.apache.flink.compiler.java.IterationCompilerTest.testIterationWithUnionRoot(IterationCompilerTest.java:106)

testWorksetIterationWithUnionRoot(org.apache.flink.compiler.java.IterationCompilerTest)  Time elapsed: 0.01 sec  <<< FAILURE!
java.lang.AssertionError: An error occurred while translating the optimized plan to a nephele JobGraph: Error translating node 'Union "Union" : UNION [[ GlobalProperties [partitioning=RANDOM] ]] [[ LocalProperties [ordering=null, grouped=null, unique=null] ]]': null
	at org.junit.Assert.fail(Assert.java:88)
	at org.apache.flink.compiler.java.IterationCompilerTest.testWorksetIterationWithUnionRoot(IterationCompilerTest.java:141)


Results :

Failed tests: 
  IterationCompilerTest.testIterationWithUnionRoot:106 An error occurred while translating the optimized plan to a nephele JobGraph: Error translating node 'Union "Union" : UNION [[ GlobalProperties [partitioning=RANDOM] ]] [[ LocalProperties [ordering=null, grouped=null, unique=null] ]]': null
  IterationCompilerTest.testWorksetIterationWithUnionRoot:141 An error occurred while translating the optimized plan to a nephele JobGraph: Error translating node 'Union "Union" : UNION [[ GlobalProperties [partitioning=RANDOM] ]] [[ LocalProperties [ordering=null, grouped=null, unique=null] ]]': null

Tests run: 93, Failures: 2, Errors: 0, Skipped: 0

[INFO] ------------------------------------------------------------------------
[INFO] BUILD FAILURE
[INFO] ------------------------------------------------------------------------
[INFO] Total time: 56.681 s
[INFO] Finished at: 2020-03-13T18:05:57-07:00
[INFO] Final Memory: 21M/981M
[INFO] ------------------------------------------------------------------------
[ERROR] Failed to execute goal org.apache.maven.plugins:maven-surefire-plugin:2.17:test (default-test) on project flink-compiler: There are test failures.
[ERROR] 
[ERROR] Please refer to /boom/scratch/tmp-rta/Bugs.jar_Flink_259f10c0_java-8/flink-compiler/target/surefire-reports for the individual test results.
[ERROR] -> [Help 1]
[ERROR] 
[ERROR] To see the full stack trace of the errors, re-run Maven with the -e switch.
[ERROR] Re-run Maven using the -X switch to enable full debug logging.
[ERROR] 
[ERROR] For more information about the errors and possible solutions, please read the following articles:
[ERROR] [Help 1] http://cwiki.apache.org/confluence/display/MAVEN/MojoFailureException
