Picked up JAVA_TOOL_OPTIONS: -XX:CICompilerCount=2 -XX:ParallelGCThreads=2 -XX:ConcGCThreads=2 -Djdk.net.URLClassPath.disableClassPathURLCheck=true 
Picked up _JAVA_OPTIONS: -Djdk.net.URLClassPath.disableClassPathURLCheck=true
Apache Maven 3.5.0 (Red Hat 3.5.0-4.3)
Maven home: /opt/rh/rh-maven35/root/usr/share/maven
Java version: 1.7.0_80, vendor: Oracle Corporation
Java home: /scratch/jmcampos/RTA/repair_them_all_framework/jdks/jdk1.7.0_80/jre
Default locale: en_US, platform encoding: UTF-8
OS name: "linux", version: "4.14.158-1.el7.retpoline.x86_64", arch: "amd64", family: "unix"
[INFO] Scanning for projects...
[INFO] 
[INFO] ------------------------------------------------------------------------
[INFO] Building Apache Log4j SLF4J Binding 2.0-rc2-SNAPSHOT
[INFO] ------------------------------------------------------------------------
[INFO] Downloading: http://repository.apache.org/snapshots/org/apache/logging/log4j/log4j-api/2.0-rc2-SNAPSHOT/maven-metadata.xml
[INFO] Downloading: http://download.oracle.com/maven/org/apache/logging/log4j/log4j-api/2.0-rc2-SNAPSHOT/maven-metadata.xml
[INFO] Downloading: http://download.oracle.com/maven/org/apache/logging/log4j/log4j/2.0-rc2-SNAPSHOT/maven-metadata.xml
[INFO] Downloading: http://repository.apache.org/snapshots/org/apache/logging/log4j/log4j/2.0-rc2-SNAPSHOT/maven-metadata.xml
[INFO] Downloading: http://download.oracle.com/maven/org/apache/logging/log4j/log4j-core/2.0-rc2-SNAPSHOT/maven-metadata.xml
[INFO] Downloading: http://repository.apache.org/snapshots/org/apache/logging/log4j/log4j-core/2.0-rc2-SNAPSHOT/maven-metadata.xml
[INFO] 
[INFO] --- maven-remote-resources-plugin:1.1:process (default) @ log4j-slf4j-impl ---
[INFO] Setting property: classpath.resource.loader.class => 'org.codehaus.plexus.velocity.ContextClassLoaderResourceLoader'.
[INFO] Setting property: velocimacro.messages.on => 'false'.
[INFO] Setting property: resource.loader => 'classpath'.
[INFO] Setting property: resource.manager.logwhenfound => 'false'.
[INFO] 
[INFO] --- maven-resources-plugin:2.5:resources (default-resources) @ log4j-slf4j-impl ---
[debug] execute contextualize
[INFO] Using 'UTF-8' encoding to copy filtered resources.
[INFO] skip non existing resourceDirectory /tmp/Bugs.jar_Logging-Log4J2_8f0c4871_java-7/log4j-slf4j-impl/src/main/resources
[INFO] Copying 3 resources
[INFO] 
[INFO] --- maven-compiler-plugin:3.1:compile (default-compile) @ log4j-slf4j-impl ---
[INFO] Changes detected - recompiling the module!
[INFO] Compiling 13 source files to /tmp/Bugs.jar_Logging-Log4J2_8f0c4871_java-7/log4j-slf4j-impl/target/classes
[WARNING] bootstrap class path not set in conjunction with -source 1.6
[INFO] 
[INFO] --- maven-bundle-plugin:2.3.7:manifest (bundle-manifest) @ log4j-slf4j-impl ---
[WARNING] Manifest org.apache.logging.log4j:log4j-slf4j-impl:jar:2.0-rc2-SNAPSHOT : Superfluous export-package instructions: [org.apache.logging.log4j.*]
[INFO] 
[INFO] --- maven-resources-plugin:2.5:testResources (default-testResources) @ log4j-slf4j-impl ---
[debug] execute contextualize
[INFO] Using 'UTF-8' encoding to copy filtered resources.
[INFO] Copying 1 resource
[INFO] Copying 3 resources
[INFO] 
[INFO] --- maven-compiler-plugin:3.1:testCompile (default-testCompile) @ log4j-slf4j-impl ---
[INFO] Nothing to compile - all classes are up to date
[INFO] 
[INFO] --- maven-surefire-plugin:2.16:test (default-test) @ log4j-slf4j-impl ---
[WARNING] The parameter forkMode is deprecated since version 2.14. Use forkCount and reuseForks instead.
[INFO] 
[INFO] --- maven-surefire-plugin:2.16:test (default-tests) @ log4j-slf4j-impl ---
[WARNING] The parameter forkMode is deprecated since version 2.14. Use forkCount and reuseForks instead.
[INFO] Surefire report directory: /tmp/Bugs.jar_Logging-Log4J2_8f0c4871_java-7/log4j-slf4j-impl/target/surefire-reports
[INFO] Downloading: https://repository.apache.org/content/repositories/releases/org/apache/maven/surefire/surefire-junit4/2.16/surefire-junit4-2.16.pom
[INFO] Downloaded: https://repository.apache.org/content/repositories/releases/org/apache/maven/surefire/surefire-junit4/2.16/surefire-junit4-2.16.pom (2.5 kB at 3.7 kB/s)
[INFO] Downloading: https://repository.apache.org/content/repositories/releases/org/apache/maven/surefire/surefire-providers/2.16/surefire-providers-2.16.pom
[INFO] Downloaded: https://repository.apache.org/content/repositories/releases/org/apache/maven/surefire/surefire-providers/2.16/surefire-providers-2.16.pom (2.4 kB at 4.6 kB/s)
[INFO] Downloading: https://repository.apache.org/content/repositories/releases/org/apache/maven/surefire/surefire-junit4/2.16/surefire-junit4-2.16.jar
[INFO] Downloaded: https://repository.apache.org/content/repositories/releases/org/apache/maven/surefire/surefire-junit4/2.16/surefire-junit4-2.16.jar (64 kB at 97 kB/s)

-------------------------------------------------------
 T E S T S
-------------------------------------------------------

-------------------------------------------------------
 T E S T S
-------------------------------------------------------
Picked up JAVA_TOOL_OPTIONS: -XX:CICompilerCount=2 -XX:ParallelGCThreads=2 -XX:ConcGCThreads=2 -Djdk.net.URLClassPath.disableClassPathURLCheck=true -XX:CICompilerCount=2 -XX:ParallelGCThreads=2 -XX:ConcGCThreads=2 -Djdk.net.URLClassPath.disableClassPathURLCheck=true 
Picked up _JAVA_OPTIONS: -Djdk.net.URLClassPath.disableClassPathURLCheck=true
Running org.apache.logging.slf4j.SerializeTest
2020-03-09 07:34:23,645 DEBUG Found Plugin Map at jar:file:/tmp/Bugs.jar_Logging-Log4J2_8f0c4871_java-7/.m2/org/apache/logging/log4j/log4j-core/2.0-rc2-SNAPSHOT/log4j-core-2.0-rc2-SNAPSHOT.jar!/org/apache/logging/log4j/core/config/plugins/Log4j2Plugins.dat
2020-03-09 07:34:23,699 DEBUG Generated plugins in 0.057554294 seconds
2020-03-09 07:34:23,742 DEBUG Generated plugins in 0.042060757 seconds
2020-03-09 07:34:23,762 DEBUG Calling createProperty on class org.apache.logging.log4j.core.config.Property for element property with params(name="filename", value="target/test.log")
2020-03-09 07:34:23,770 DEBUG Calling configureSubstitutor on class org.apache.logging.log4j.core.config.plugins.PropertiesPlugin for element properties with params(Properties={filename=target/test.log}, Configuration(LoggerTest))
2020-03-09 07:34:23,805 DEBUG Generated plugins in 0.033226050 seconds
2020-03-09 07:34:23,810 DEBUG Calling createFilter on class org.apache.logging.log4j.core.filter.ThresholdFilter for element ThresholdFilter with params(level="trace", onMatch="null", onMismatch="null")
2020-03-09 07:34:23,813 DEBUG Calling createLayout on class org.apache.logging.log4j.core.layout.PatternLayout for element PatternLayout with params(pattern="%C{1.} %m%n", Configuration(LoggerTest), null, charset="null", alwaysWriteExceptions="null", noConsoleNoAnsi="null")
2020-03-09 07:34:23,844 DEBUG Generated plugins in 0.030036910 seconds
2020-03-09 07:34:23,848 DEBUG Calling createAppender on class org.apache.logging.log4j.test.appender.ListAppender for element List with params(name="EventLogger", entryPerNewLine="null", raw="null", PatternLayout(%C{1.} %m%n), null)
2020-03-09 07:34:23,849 DEBUG Calling createLayout on class org.apache.logging.log4j.core.layout.PatternLayout for element PatternLayout with params(pattern="%C{1.} %m MDC%X%n", Configuration(LoggerTest), null, charset="null", alwaysWriteExceptions="null", noConsoleNoAnsi="null")
2020-03-09 07:34:23,852 DEBUG Calling createAppender on class org.apache.logging.log4j.core.appender.ConsoleAppender for element Console with params(PatternLayout(%C{1.} %m MDC%X%n), null, target="null", name="STDOUT", follow="null", ignoreExceptions="null")
2020-03-09 07:34:23,853 DEBUG Calling createLayout on class org.apache.logging.log4j.core.layout.PatternLayout for element PatternLayout with params(pattern="%d %p %C{1.} [%t] %m%n", Configuration(LoggerTest), null, charset="null", alwaysWriteExceptions="null", noConsoleNoAnsi="null")
2020-03-09 07:34:23,856 DEBUG Calling createAppender on class org.apache.logging.log4j.core.appender.FileAppender for element File with params(fileName="target/test.log", append="null", locking="null", name="File", immediateFlush="null", ignoreExceptions="null", bufferedIO="null", bufferSize="null", PatternLayout(%d %p %C{1.} [%t] %m%n), null, advertise="null", advertiseURI="null", Configuration(LoggerTest))
2020-03-09 07:34:23,859 DEBUG Starting FileManager target/test.log
2020-03-09 07:34:23,860 DEBUG Calling createLayout on class org.apache.logging.log4j.core.layout.PatternLayout for element PatternLayout with params(pattern="%C{1.} %m MDC%X%n%ex{0}", Configuration(LoggerTest), null, charset="null", alwaysWriteExceptions="null", noConsoleNoAnsi="null")
2020-03-09 07:34:23,865 DEBUG Calling createAppender on class org.apache.logging.log4j.test.appender.ListAppender for element List with params(name="List", entryPerNewLine="null", raw="null", PatternLayout(%C{1.} %m MDC%X%n%ex{0}), null)
2020-03-09 07:34:23,865 ERROR Appenders contains an invalid element or attribute "SLF4J"
2020-03-09 07:34:23,866 DEBUG Calling createAppenders on class org.apache.logging.log4j.core.config.plugins.AppendersPlugin for element Appenders with params(Appenders={EventLogger, STDOUT, File, List})
2020-03-09 07:34:23,867 DEBUG Calling createAppenderRef on class org.apache.logging.log4j.core.config.AppenderRef for element AppenderRef with params(ref="EventLogger", level="null", null)
2020-03-09 07:34:23,869 DEBUG Calling createLogger on class org.apache.logging.log4j.core.config.LoggerConfig for element Logger with params(additivity="false", level="info", name="EventLogger", includeLocation="null", AppenderRef={EventLogger}, Properties={}, Configuration(LoggerTest), null)
2020-03-09 07:34:23,871 DEBUG Calling createAppenderRef on class org.apache.logging.log4j.core.config.AppenderRef for element AppenderRef with params(ref="File", level="null", null)
2020-03-09 07:34:23,872 DEBUG Calling createLogger on class org.apache.logging.log4j.core.config.LoggerConfig for element Logger with params(additivity="false", level="debug", name="org.apache.logging.log4j.test2", includeLocation="null", AppenderRef={File}, Properties={}, Configuration(LoggerTest), null)
2020-03-09 07:34:23,873 DEBUG Calling createAppenderRef on class org.apache.logging.log4j.core.config.AppenderRef for element AppenderRef with params(ref="List", level="null", null)
2020-03-09 07:34:23,874 DEBUG Calling createLogger on class org.apache.logging.log4j.core.config.LoggerConfig$RootLogger for element Root with params(additivity="null", level="trace", includeLocation="null", AppenderRef={List}, Properties={}, Configuration(LoggerTest), null)
2020-03-09 07:34:23,876 DEBUG Calling createLoggers on class org.apache.logging.log4j.core.config.plugins.LoggersPlugin for element Loggers with params(Loggers={EventLogger, org.apache.logging.log4j.test2, root})
2020-03-09 07:34:23,942 DEBUG Registering MBean org.apache.logging.log4j2:type=sun.misc.Launcher$AppClassLoader@1ba4806
2020-03-09 07:34:23,945 DEBUG Registering MBean org.apache.logging.log4j2:type=sun.misc.Launcher$AppClassLoader@1ba4806,component=StatusLogger
2020-03-09 07:34:23,947 DEBUG Registering MBean org.apache.logging.log4j2:type=sun.misc.Launcher$AppClassLoader@1ba4806,component=ContextSelector
2020-03-09 07:34:23,949 DEBUG Registering MBean org.apache.logging.log4j2:type=sun.misc.Launcher$AppClassLoader@1ba4806,component=Loggers,name=org.apache.logging.log4j.test2
2020-03-09 07:34:23,950 DEBUG Registering MBean org.apache.logging.log4j2:type=sun.misc.Launcher$AppClassLoader@1ba4806,component=Loggers,name=EventLogger
2020-03-09 07:34:23,951 DEBUG Registering MBean org.apache.logging.log4j2:type=sun.misc.Launcher$AppClassLoader@1ba4806,component=Loggers,name=
2020-03-09 07:34:23,952 DEBUG Registering MBean org.apache.logging.log4j2:type=sun.misc.Launcher$AppClassLoader@1ba4806,component=Appenders,name=List
2020-03-09 07:34:23,953 DEBUG Registering MBean org.apache.logging.log4j2:type=sun.misc.Launcher$AppClassLoader@1ba4806,component=Appenders,name=EventLogger
2020-03-09 07:34:23,954 DEBUG Registering MBean org.apache.logging.log4j2:type=sun.misc.Launcher$AppClassLoader@1ba4806,component=Appenders,name=STDOUT
2020-03-09 07:34:23,954 DEBUG Registering MBean org.apache.logging.log4j2:type=sun.misc.Launcher$AppClassLoader@1ba4806,component=Appenders,name=File
2020-03-09 07:34:23,955 DEBUG Reconfiguration completed
2020-03-09 07:34:24,008 DEBUG Reconfiguration started for context sun.misc.Launcher$AppClassLoader@1ba4806
2020-03-09 07:34:24,023 DEBUG ServletContext not present - WebLookup not added
2020-03-09 07:34:24,052 DEBUG Generated plugins in 0.028259504 seconds
2020-03-09 07:34:24,084 DEBUG Generated plugins in 0.030798616 seconds
2020-03-09 07:34:24,111 DEBUG Generated plugins in 0.025847361 seconds
2020-03-09 07:34:24,111 DEBUG Shutting down FileManager target/test.log
2020-03-09 07:34:24,112 DEBUG Unregistering MBean org.apache.logging.log4j2:type=sun.misc.Launcher$AppClassLoader@1ba4806
2020-03-09 07:34:24,113 DEBUG Unregistering MBean org.apache.logging.log4j2:type=sun.misc.Launcher$AppClassLoader@1ba4806,component=StatusLogger
2020-03-09 07:34:24,113 DEBUG Unregistering MBean org.apache.logging.log4j2:type=sun.misc.Launcher$AppClassLoader@1ba4806,component=ContextSelector
2020-03-09 07:34:24,114 DEBUG Unregistering MBean org.apache.logging.log4j2:type=sun.misc.Launcher$AppClassLoader@1ba4806,component=Loggers,name=EventLogger
2020-03-09 07:34:24,114 DEBUG Unregistering MBean org.apache.logging.log4j2:type=sun.misc.Launcher$AppClassLoader@1ba4806,component=Loggers,name=org.apache.logging.log4j.test2
2020-03-09 07:34:24,114 DEBUG Unregistering MBean org.apache.logging.log4j2:type=sun.misc.Launcher$AppClassLoader@1ba4806,component=Loggers,name=
2020-03-09 07:34:24,115 DEBUG Unregistering MBean org.apache.logging.log4j2:type=sun.misc.Launcher$AppClassLoader@1ba4806,component=Appenders,name=STDOUT
2020-03-09 07:34:24,115 DEBUG Unregistering MBean org.apache.logging.log4j2:type=sun.misc.Launcher$AppClassLoader@1ba4806,component=Appenders,name=EventLogger
2020-03-09 07:34:24,116 DEBUG Unregistering MBean org.apache.logging.log4j2:type=sun.misc.Launcher$AppClassLoader@1ba4806,component=Appenders,name=List
2020-03-09 07:34:24,116 DEBUG Unregistering MBean org.apache.logging.log4j2:type=sun.misc.Launcher$AppClassLoader@1ba4806,component=Appenders,name=File
2020-03-09 07:34:24,117 DEBUG Registering MBean org.apache.logging.log4j2:type=sun.misc.Launcher$AppClassLoader@1ba4806
2020-03-09 07:34:24,117 DEBUG Registering MBean org.apache.logging.log4j2:type=sun.misc.Launcher$AppClassLoader@1ba4806,component=StatusLogger
2020-03-09 07:34:24,118 DEBUG Registering MBean org.apache.logging.log4j2:type=sun.misc.Launcher$AppClassLoader@1ba4806,component=ContextSelector
2020-03-09 07:34:24,118 DEBUG Registering MBean org.apache.logging.log4j2:type=sun.misc.Launcher$AppClassLoader@1ba4806,component=Appenders,name=Console
2020-03-09 07:34:24,118 DEBUG Reconfiguration completed
Tests run: 1, Failures: 0, Errors: 1, Skipped: 0, Time elapsed: 0.841 sec <<< FAILURE! - in org.apache.logging.slf4j.SerializeTest
testLogger(org.apache.logging.slf4j.SerializeTest)  Time elapsed: 0.033 sec  <<< ERROR!
java.io.NotSerializableException: org.slf4j.impl.SLF4JLogger
	at java.io.ObjectOutputStream.writeObject0(ObjectOutputStream.java:1183)
	at java.io.ObjectOutputStream.writeObject(ObjectOutputStream.java:347)
	at org.apache.logging.slf4j.SerializeTest.testLogger(SerializeTest.java:70)

Picked up JAVA_TOOL_OPTIONS: -XX:CICompilerCount=2 -XX:ParallelGCThreads=2 -XX:ConcGCThreads=2 -Djdk.net.URLClassPath.disableClassPathURLCheck=true -XX:CICompilerCount=2 -XX:ParallelGCThreads=2 -XX:ConcGCThreads=2 -Djdk.net.URLClassPath.disableClassPathURLCheck=true 
Picked up _JAVA_OPTIONS: -Djdk.net.URLClassPath.disableClassPathURLCheck=true
Running org.apache.logging.slf4j.MarkerTest
Tests run: 1, Failures: 0, Errors: 0, Skipped: 0, Time elapsed: 0.073 sec - in org.apache.logging.slf4j.MarkerTest
Picked up JAVA_TOOL_OPTIONS: -XX:CICompilerCount=2 -XX:ParallelGCThreads=2 -XX:ConcGCThreads=2 -Djdk.net.URLClassPath.disableClassPathURLCheck=true -XX:CICompilerCount=2 -XX:ParallelGCThreads=2 -XX:ConcGCThreads=2 -Djdk.net.URLClassPath.disableClassPathURLCheck=true 
Picked up _JAVA_OPTIONS: -Djdk.net.URLClassPath.disableClassPathURLCheck=true
Running org.apache.logging.slf4j.LoggerTest
2020-03-09 07:34:25,081 DEBUG Found Plugin Map at jar:file:/tmp/Bugs.jar_Logging-Log4J2_8f0c4871_java-7/.m2/org/apache/logging/log4j/log4j-core/2.0-rc2-SNAPSHOT/log4j-core-2.0-rc2-SNAPSHOT.jar!/org/apache/logging/log4j/core/config/plugins/Log4j2Plugins.dat
2020-03-09 07:34:25,134 DEBUG Generated plugins in 0.054665001 seconds
2020-03-09 07:34:25,188 DEBUG Generated plugins in 0.053788673 seconds
2020-03-09 07:34:25,207 DEBUG Calling createProperty on class org.apache.logging.log4j.core.config.Property for element property with params(name="filename", value="target/test.log")
2020-03-09 07:34:25,215 DEBUG Calling configureSubstitutor on class org.apache.logging.log4j.core.config.plugins.PropertiesPlugin for element properties with params(Properties={filename=target/test.log}, Configuration(LoggerTest))
2020-03-09 07:34:25,249 DEBUG Generated plugins in 0.032383625 seconds
2020-03-09 07:34:25,252 DEBUG Calling createFilter on class org.apache.logging.log4j.core.filter.ThresholdFilter for element ThresholdFilter with params(level="trace", onMatch="null", onMismatch="null")
2020-03-09 07:34:25,254 DEBUG Calling createLayout on class org.apache.logging.log4j.core.layout.PatternLayout for element PatternLayout with params(pattern="%C{1.} %m%n", Configuration(LoggerTest), null, charset="null", alwaysWriteExceptions="null", noConsoleNoAnsi="null")
2020-03-09 07:34:25,284 DEBUG Generated plugins in 0.029856891 seconds
2020-03-09 07:34:25,288 DEBUG Calling createAppender on class org.apache.logging.log4j.test.appender.ListAppender for element List with params(name="EventLogger", entryPerNewLine="null", raw="null", PatternLayout(%C{1.} %m%n), null)
2020-03-09 07:34:25,289 DEBUG Calling createLayout on class org.apache.logging.log4j.core.layout.PatternLayout for element PatternLayout with params(pattern="%C{1.} %m MDC%X%n", Configuration(LoggerTest), null, charset="null", alwaysWriteExceptions="null", noConsoleNoAnsi="null")
2020-03-09 07:34:25,292 DEBUG Calling createAppender on class org.apache.logging.log4j.core.appender.ConsoleAppender for element Console with params(PatternLayout(%C{1.} %m MDC%X%n), null, target="null", name="STDOUT", follow="null", ignoreExceptions="null")
2020-03-09 07:34:25,293 DEBUG Calling createLayout on class org.apache.logging.log4j.core.layout.PatternLayout for element PatternLayout with params(pattern="%d %p %C{1.} [%t] %m%n", Configuration(LoggerTest), null, charset="null", alwaysWriteExceptions="null", noConsoleNoAnsi="null")
2020-03-09 07:34:25,296 DEBUG Calling createAppender on class org.apache.logging.log4j.core.appender.FileAppender for element File with params(fileName="target/test.log", append="null", locking="null", name="File", immediateFlush="null", ignoreExceptions="null", bufferedIO="null", bufferSize="null", PatternLayout(%d %p %C{1.} [%t] %m%n), null, advertise="null", advertiseURI="null", Configuration(LoggerTest))
2020-03-09 07:34:25,298 DEBUG Starting FileManager target/test.log
2020-03-09 07:34:25,299 DEBUG Calling createLayout on class org.apache.logging.log4j.core.layout.PatternLayout for element PatternLayout with params(pattern="%C{1.} %m MDC%X%n%ex{0}", Configuration(LoggerTest), null, charset="null", alwaysWriteExceptions="null", noConsoleNoAnsi="null")
2020-03-09 07:34:25,304 DEBUG Calling createAppender on class org.apache.logging.log4j.test.appender.ListAppender for element List with params(name="List", entryPerNewLine="null", raw="null", PatternLayout(%C{1.} %m MDC%X%n%ex{0}), null)
2020-03-09 07:34:25,305 ERROR Appenders contains an invalid element or attribute "SLF4J"
2020-03-09 07:34:25,305 DEBUG Calling createAppenders on class org.apache.logging.log4j.core.config.plugins.AppendersPlugin for element Appenders with params(Appenders={EventLogger, STDOUT, File, List})
2020-03-09 07:34:25,306 DEBUG Calling createAppenderRef on class org.apache.logging.log4j.core.config.AppenderRef for element AppenderRef with params(ref="EventLogger", level="null", null)
2020-03-09 07:34:25,309 DEBUG Calling createLogger on class org.apache.logging.log4j.core.config.LoggerConfig for element Logger with params(additivity="false", level="info", name="EventLogger", includeLocation="null", AppenderRef={EventLogger}, Properties={}, Configuration(LoggerTest), null)
2020-03-09 07:34:25,310 DEBUG Calling createAppenderRef on class org.apache.logging.log4j.core.config.AppenderRef for element AppenderRef with params(ref="File", level="null", null)
2020-03-09 07:34:25,312 DEBUG Calling createLogger on class org.apache.logging.log4j.core.config.LoggerConfig for element Logger with params(additivity="false", level="debug", name="org.apache.logging.log4j.test2", includeLocation="null", AppenderRef={File}, Properties={}, Configuration(LoggerTest), null)
2020-03-09 07:34:25,313 DEBUG Calling createAppenderRef on class org.apache.logging.log4j.core.config.AppenderRef for element AppenderRef with params(ref="List", level="null", null)
2020-03-09 07:34:25,314 DEBUG Calling createLogger on class org.apache.logging.log4j.core.config.LoggerConfig$RootLogger for element Root with params(additivity="null", level="trace", includeLocation="null", AppenderRef={List}, Properties={}, Configuration(LoggerTest), null)
2020-03-09 07:34:25,316 DEBUG Calling createLoggers on class org.apache.logging.log4j.core.config.plugins.LoggersPlugin for element Loggers with params(Loggers={EventLogger, org.apache.logging.log4j.test2, root})
2020-03-09 07:34:25,381 DEBUG Registering MBean org.apache.logging.log4j2:type=sun.misc.Launcher$AppClassLoader@6102d81c
2020-03-09 07:34:25,385 DEBUG Registering MBean org.apache.logging.log4j2:type=sun.misc.Launcher$AppClassLoader@6102d81c,component=StatusLogger
2020-03-09 07:34:25,387 DEBUG Registering MBean org.apache.logging.log4j2:type=sun.misc.Launcher$AppClassLoader@6102d81c,component=ContextSelector
2020-03-09 07:34:25,390 DEBUG Registering MBean org.apache.logging.log4j2:type=sun.misc.Launcher$AppClassLoader@6102d81c,component=Loggers,name=org.apache.logging.log4j.test2
2020-03-09 07:34:25,391 DEBUG Registering MBean org.apache.logging.log4j2:type=sun.misc.Launcher$AppClassLoader@6102d81c,component=Loggers,name=EventLogger
2020-03-09 07:34:25,391 DEBUG Registering MBean org.apache.logging.log4j2:type=sun.misc.Launcher$AppClassLoader@6102d81c,component=Loggers,name=
2020-03-09 07:34:25,393 DEBUG Registering MBean org.apache.logging.log4j2:type=sun.misc.Launcher$AppClassLoader@6102d81c,component=Appenders,name=List
2020-03-09 07:34:25,394 DEBUG Registering MBean org.apache.logging.log4j2:type=sun.misc.Launcher$AppClassLoader@6102d81c,component=Appenders,name=EventLogger
2020-03-09 07:34:25,394 DEBUG Registering MBean org.apache.logging.log4j2:type=sun.misc.Launcher$AppClassLoader@6102d81c,component=Appenders,name=STDOUT
2020-03-09 07:34:25,395 DEBUG Registering MBean org.apache.logging.log4j2:type=sun.misc.Launcher$AppClassLoader@6102d81c,component=Appenders,name=File
2020-03-09 07:34:25,395 DEBUG Reconfiguration completed
2020-03-09 07:34:25,767 DEBUG Reconfiguration started for context sun.misc.Launcher$AppClassLoader@6102d81c
2020-03-09 07:34:25,784 DEBUG ServletContext not present - WebLookup not added
2020-03-09 07:34:25,814 DEBUG Generated plugins in 0.029804668 seconds
2020-03-09 07:34:25,844 DEBUG Generated plugins in 0.027511220 seconds
2020-03-09 07:34:25,871 DEBUG Generated plugins in 0.027203701 seconds
2020-03-09 07:34:25,872 DEBUG Shutting down FileManager target/test.log
2020-03-09 07:34:25,873 DEBUG Unregistering MBean org.apache.logging.log4j2:type=sun.misc.Launcher$AppClassLoader@6102d81c
2020-03-09 07:34:25,873 DEBUG Unregistering MBean org.apache.logging.log4j2:type=sun.misc.Launcher$AppClassLoader@6102d81c,component=StatusLogger
2020-03-09 07:34:25,874 DEBUG Unregistering MBean org.apache.logging.log4j2:type=sun.misc.Launcher$AppClassLoader@6102d81c,component=ContextSelector
2020-03-09 07:34:25,875 DEBUG Unregistering MBean org.apache.logging.log4j2:type=sun.misc.Launcher$AppClassLoader@6102d81c,component=Loggers,name=
2020-03-09 07:34:25,875 DEBUG Unregistering MBean org.apache.logging.log4j2:type=sun.misc.Launcher$AppClassLoader@6102d81c,component=Loggers,name=EventLogger
2020-03-09 07:34:25,875 DEBUG Unregistering MBean org.apache.logging.log4j2:type=sun.misc.Launcher$AppClassLoader@6102d81c,component=Loggers,name=org.apache.logging.log4j.test2
2020-03-09 07:34:25,876 DEBUG Unregistering MBean org.apache.logging.log4j2:type=sun.misc.Launcher$AppClassLoader@6102d81c,component=Appenders,name=STDOUT
2020-03-09 07:34:25,876 DEBUG Unregistering MBean org.apache.logging.log4j2:type=sun.misc.Launcher$AppClassLoader@6102d81c,component=Appenders,name=EventLogger
2020-03-09 07:34:25,876 DEBUG Unregistering MBean org.apache.logging.log4j2:type=sun.misc.Launcher$AppClassLoader@6102d81c,component=Appenders,name=List
2020-03-09 07:34:25,877 DEBUG Unregistering MBean org.apache.logging.log4j2:type=sun.misc.Launcher$AppClassLoader@6102d81c,component=Appenders,name=File
2020-03-09 07:34:25,878 DEBUG Registering MBean org.apache.logging.log4j2:type=sun.misc.Launcher$AppClassLoader@6102d81c
2020-03-09 07:34:25,878 DEBUG Registering MBean org.apache.logging.log4j2:type=sun.misc.Launcher$AppClassLoader@6102d81c,component=StatusLogger
2020-03-09 07:34:25,878 DEBUG Registering MBean org.apache.logging.log4j2:type=sun.misc.Launcher$AppClassLoader@6102d81c,component=ContextSelector
2020-03-09 07:34:25,879 DEBUG Registering MBean org.apache.logging.log4j2:type=sun.misc.Launcher$AppClassLoader@6102d81c,component=Appenders,name=Console
2020-03-09 07:34:25,879 DEBUG Reconfiguration completed
Tests run: 11, Failures: 0, Errors: 0, Skipped: 0, Time elapsed: 1.181 sec - in org.apache.logging.slf4j.LoggerTest

Results :

Tests in error: 
  SerializeTest.testLogger:70 Â» NotSerializable org.slf4j.impl.SLF4JLogger

Tests run: 13, Failures: 0, Errors: 1, Skipped: 0

[INFO] ------------------------------------------------------------------------
[INFO] BUILD FAILURE
[INFO] ------------------------------------------------------------------------
[INFO] Total time: 16.340 s
[INFO] Finished at: 2020-03-09T07:34:25-07:00
[INFO] Final Memory: 26M/982M
[INFO] ------------------------------------------------------------------------
[ERROR] Failed to execute goal org.apache.maven.plugins:maven-surefire-plugin:2.16:test (default-tests) on project log4j-slf4j-impl: There are test failures.
[ERROR] 
[ERROR] Please refer to /tmp/Bugs.jar_Logging-Log4J2_8f0c4871_java-7/log4j-slf4j-impl/target/surefire-reports for the individual test results.
[ERROR] -> [Help 1]
[ERROR] 
[ERROR] To see the full stack trace of the errors, re-run Maven with the -e switch.
[ERROR] Re-run Maven using the -X switch to enable full debug logging.
[ERROR] 
[ERROR] For more information about the errors and possible solutions, please read the following articles:
[ERROR] [Help 1] http://cwiki.apache.org/confluence/display/MAVEN/MojoFailureException
