Picked up JAVA_TOOL_OPTIONS: -XX:CICompilerCount=2 -XX:ParallelGCThreads=2 -XX:ConcGCThreads=2 -Djdk.net.URLClassPath.disableClassPathURLCheck=true 
Picked up _JAVA_OPTIONS: -Djdk.net.URLClassPath.disableClassPathURLCheck=true
Apache Maven 3.5.0 (Red Hat 3.5.0-4.3)
Maven home: /opt/rh/rh-maven35/root/usr/share/maven
Java version: 1.7.0_80, vendor: Oracle Corporation
Java home: /boom/scratch/jmcampos/RTA/repair_them_all_framework/jdks/jdk1.7.0_80/jre
Default locale: en_US, platform encoding: UTF-8
OS name: "linux", version: "4.14.147-1.el7.retpoline.x86_64", arch: "amd64", family: "unix"
[INFO] Scanning for projects...
[INFO] 
[INFO] ------------------------------------------------------------------------
[INFO] Building Apache Log4j Core 2.0-rc2-SNAPSHOT
[INFO] ------------------------------------------------------------------------
[INFO] Downloading: http://repository.apache.org/snapshots/org/apache/logging/log4j/log4j-api/2.0-rc2-SNAPSHOT/maven-metadata.xml
[INFO] Downloading: http://download.oracle.com/maven/org/apache/logging/log4j/log4j-api/2.0-rc2-SNAPSHOT/maven-metadata.xml
[INFO] Downloading: http://download.oracle.com/maven/org/apache/logging/log4j/log4j/2.0-rc2-SNAPSHOT/maven-metadata.xml
[INFO] Downloading: http://repository.apache.org/snapshots/org/apache/logging/log4j/log4j/2.0-rc2-SNAPSHOT/maven-metadata.xml
[INFO] 
[INFO] --- maven-remote-resources-plugin:1.1:process (default) @ log4j-core ---
[INFO] Setting property: classpath.resource.loader.class => 'org.codehaus.plexus.velocity.ContextClassLoaderResourceLoader'.
[INFO] Setting property: velocimacro.messages.on => 'false'.
[INFO] Setting property: resource.loader => 'classpath'.
[INFO] Setting property: resource.manager.logwhenfound => 'false'.
[INFO] 
[INFO] --- maven-resources-plugin:2.5:resources (default-resources) @ log4j-core ---
[debug] execute contextualize
[INFO] Using 'UTF-8' encoding to copy filtered resources.
[INFO] Copying 8 resources
[INFO] 
[INFO] --- maven-compiler-plugin:3.1:compile (default-compile) @ log4j-core ---
[INFO] Changes detected - recompiling the module!
[INFO] Compiling 379 source files to /boom/scratch/tmp-rta/Bugs.jar_Logging-Log4J2_60f64cc1_java-7/log4j-core/target/classes
[WARNING] bootstrap class path not set in conjunction with -source 1.6
[WARNING] Signature attribute introduced in version 49.0 class files is ignored in version 48.0 class files
[WARNING] Signature attribute introduced in version 49.0 class files is ignored in version 48.0 class files
[WARNING] Signature attribute introduced in version 49.0 class files is ignored in version 48.0 class files
[WARNING] Signature attribute introduced in version 49.0 class files is ignored in version 48.0 class files
[WARNING] /boom/scratch/tmp-rta/Bugs.jar_Logging-Log4J2_60f64cc1_java-7/log4j-core/src/main/java/org/apache/logging/log4j/core/impl/ThrowableProxy.java:[20,20] sun.reflect.Reflection is internal proprietary API and may be removed in a future release
[WARNING] /boom/scratch/tmp-rta/Bugs.jar_Logging-Log4J2_60f64cc1_java-7/log4j-core/src/main/java/org/apache/logging/log4j/core/impl/ThrowableProxy.java:[643,54] getSuppressed(java.lang.Throwable) in org.apache.logging.log4j.core.util.Throwables has been deprecated
[WARNING] /boom/scratch/tmp-rta/Bugs.jar_Logging-Log4J2_60f64cc1_java-7/log4j-core/src/main/java/org/apache/logging/log4j/core/async/AsyncLogger.java:[126,35] unchecked generic array creation for varargs parameter of type com.lmax.disruptor.EventHandler<org.apache.logging.log4j.core.async.RingBufferLogEvent>[]
[WARNING] /boom/scratch/tmp-rta/Bugs.jar_Logging-Log4J2_60f64cc1_java-7/log4j-core/src/main/java/org/apache/logging/log4j/core/config/json/JsonConfiguration.java:[93,38] addPackage(java.lang.String) in org.apache.logging.log4j.core.config.plugins.util.PluginManager has been deprecated
[WARNING] /boom/scratch/tmp-rta/Bugs.jar_Logging-Log4J2_60f64cc1_java-7/log4j-core/src/main/java/org/apache/logging/log4j/core/config/xml/XmlConfiguration.java:[163,38] addPackage(java.lang.String) in org.apache.logging.log4j.core.config.plugins.util.PluginManager has been deprecated
[INFO] 
[INFO] --- maven-compiler-plugin:3.1:compile (process-plugins) @ log4j-core ---
[INFO] Changes detected - recompiling the module!
[INFO] Compiling 379 source files to /boom/scratch/tmp-rta/Bugs.jar_Logging-Log4J2_60f64cc1_java-7/log4j-core/target/classes
[WARNING] bootstrap class path not set in conjunction with -source 1.6
[WARNING] Signature attribute introduced in version 49.0 class files is ignored in version 48.0 class files
[WARNING] Signature attribute introduced in version 49.0 class files is ignored in version 48.0 class files
[WARNING] Signature attribute introduced in version 49.0 class files is ignored in version 48.0 class files
[WARNING] Signature attribute introduced in version 49.0 class files is ignored in version 48.0 class files
[WARNING] No processor claimed any of these annotations: javax.persistence.Convert,org.apache.logging.log4j.core.pattern.ConverterKeys,com.fasterxml.jackson.databind.annotation.JsonSerialize,org.apache.logging.log4j.core.config.Order,com.fasterxml.jackson.annotation.JsonFilter,com.fasterxml.jackson.annotation.JsonCreator,com.fasterxml.jackson.databind.annotation.JsonDeserialize,javax.annotation.processing.SupportedAnnotationTypes,com.fasterxml.jackson.annotation.JsonPropertyOrder,javax.persistence.MappedSuperclass,com.fasterxml.jackson.annotation.JsonIgnore,com.fasterxml.jackson.dataformat.xml.annotation.JacksonXmlElementWrapper,com.fasterxml.jackson.annotation.JsonRootName,com.fasterxml.jackson.annotation.JsonIgnoreProperties,javax.persistence.Converter,javax.persistence.Basic,com.fasterxml.jackson.annotation.JsonValue,com.fasterxml.jackson.annotation.JsonProperty,javax.annotation.processing.SupportedSourceVersion,com.fasterxml.jackson.dataformat.xml.annotation.JacksonXmlProperty,javax.persistence.Transient,com.fasterxml.jackson.dataformat.xml.annotation.JacksonXmlRootElement,javax.persistence.Inheritance
[WARNING] Signature attribute introduced in version 49.0 class files is ignored in version 48.0 class files
[WARNING] Signature attribute introduced in version 49.0 class files is ignored in version 48.0 class files
[WARNING] Signature attribute introduced in version 49.0 class files is ignored in version 48.0 class files
[WARNING] Signature attribute introduced in version 49.0 class files is ignored in version 48.0 class files
[INFO] 
[INFO] --- maven-bundle-plugin:2.4.0:manifest (default) @ log4j-core ---
[INFO] 
[INFO] --- maven-resources-plugin:2.5:testResources (default-testResources) @ log4j-core ---
[debug] execute contextualize
[INFO] Using 'UTF-8' encoding to copy filtered resources.
[INFO] Copying 142 resources
[INFO] 
[INFO] --- maven-compiler-plugin:3.1:testCompile (default-testCompile) @ log4j-core ---
[INFO] Changes detected - recompiling the module!
[INFO] Compiling 256 source files to /boom/scratch/tmp-rta/Bugs.jar_Logging-Log4J2_60f64cc1_java-7/log4j-core/target/test-classes
[WARNING] bootstrap class path not set in conjunction with -source 1.6
[WARNING] /boom/scratch/tmp-rta/Bugs.jar_Logging-Log4J2_60f64cc1_java-7/log4j-core/src/test/java/org/apache/logging/log4j/core/impl/ReflectionComparison.java:[28,19] sun.reflect.Reflection is internal proprietary API and may be removed in a future release
[WARNING] CAL10NAnnotationProcessor 0.8.1 initialized
[WARNING] Supported source version 'RELEASE_5' from annotation processor 'ch.qos.cal10n.verifier.processor.CAL10NAnnotationProcessor' less than -source '1.6'
[WARNING] No processor claimed any of these annotations: javax.persistence.Convert,org.junit.AfterClass,org.junit.Ignore,javax.persistence.Column,javax.persistence.Id,com.fasterxml.jackson.databind.annotation.JsonDeserialize,org.junit.Before,javax.persistence.Temporal,org.junit.Rule,javax.persistence.GeneratedValue,org.junit.experimental.categories.Category,javax.persistence.Table,org.junit.ClassRule,org.junit.Test,javax.persistence.Basic,com.fasterxml.jackson.annotation.JsonProperty,javax.persistence.Transient,org.junit.runners.Parameterized.Parameters,javax.persistence.Entity,org.junit.After,org.junit.runner.RunWith,org.junit.BeforeClass
[WARNING] /boom/scratch/tmp-rta/Bugs.jar_Logging-Log4J2_60f64cc1_java-7/log4j-core/src/test/java/org/apache/logging/log4j/core/impl/ReflectionComparison.java:[28,19] sun.reflect.Reflection is internal proprietary API and may be removed in a future release
[WARNING] /boom/scratch/tmp-rta/Bugs.jar_Logging-Log4J2_60f64cc1_java-7/log4j-core/src/test/java/org/apache/logging/log4j/core/impl/ReflectionComparison.java:[28,19] sun.reflect.Reflection is internal proprietary API and may be removed in a future release
[WARNING] /boom/scratch/tmp-rta/Bugs.jar_Logging-Log4J2_60f64cc1_java-7/log4j-core/src/test/java/org/apache/logging/log4j/core/layout/LogEventFixtures.java:[57,19] addSuppressed(java.lang.Throwable,java.lang.Throwable) in org.apache.logging.log4j.core.util.Throwables has been deprecated
[WARNING] /boom/scratch/tmp-rta/Bugs.jar_Logging-Log4J2_60f64cc1_java-7/log4j-core/src/test/java/org/apache/logging/log4j/core/layout/LogEventFixtures.java:[58,19] addSuppressed(java.lang.Throwable,java.lang.Throwable) in org.apache.logging.log4j.core.util.Throwables has been deprecated
[WARNING] /boom/scratch/tmp-rta/Bugs.jar_Logging-Log4J2_60f64cc1_java-7/log4j-core/src/test/java/org/apache/logging/log4j/core/impl/ReflectionComparison.java:[58,13] sun.reflect.Reflection is internal proprietary API and may be removed in a future release
[WARNING] /boom/scratch/tmp-rta/Bugs.jar_Logging-Log4J2_60f64cc1_java-7/log4j-core/src/test/java/org/apache/logging/log4j/core/impl/ReflectionComparison.java:[68,17] sun.reflect.Reflection is internal proprietary API and may be removed in a future release
[WARNING] /boom/scratch/tmp-rta/Bugs.jar_Logging-Log4J2_60f64cc1_java-7/log4j-core/src/test/java/org/apache/logging/log4j/core/impl/ReflectionComparison.java:[71,17] sun.reflect.Reflection is internal proprietary API and may be removed in a future release
[WARNING] /boom/scratch/tmp-rta/Bugs.jar_Logging-Log4J2_60f64cc1_java-7/log4j-core/src/test/java/org/apache/logging/log4j/core/impl/ReflectionComparison.java:[74,17] sun.reflect.Reflection is internal proprietary API and may be removed in a future release
[WARNING] /boom/scratch/tmp-rta/Bugs.jar_Logging-Log4J2_60f64cc1_java-7/log4j-core/src/test/java/org/apache/logging/log4j/core/impl/ReflectionComparison.java:[77,17] sun.reflect.Reflection is internal proprietary API and may be removed in a future release
[WARNING] /boom/scratch/tmp-rta/Bugs.jar_Logging-Log4J2_60f64cc1_java-7/log4j-core/src/test/java/org/apache/logging/log4j/core/impl/ReflectionComparison.java:[80,17] sun.reflect.Reflection is internal proprietary API and may be removed in a future release
[WARNING] /boom/scratch/tmp-rta/Bugs.jar_Logging-Log4J2_60f64cc1_java-7/log4j-core/src/test/java/org/apache/logging/log4j/core/impl/ReflectionComparison.java:[83,17] sun.reflect.Reflection is internal proprietary API and may be removed in a future release
[INFO] 
[INFO] --- maven-surefire-plugin:2.17:test (default-test) @ log4j-core ---
[INFO] Surefire report directory: /boom/scratch/tmp-rta/Bugs.jar_Logging-Log4J2_60f64cc1_java-7/log4j-core/target/surefire-reports
[INFO] parallel='none', perCoreThreadCount=true, threadCount=0, useUnlimitedThreads=false, threadCountSuites=0, threadCountClasses=0, threadCountMethods=0, parallelOptimized=true
[INFO] Downloading: https://repository.apache.org/content/repositories/releases/org/apache/maven/surefire/surefire-junit47/2.17/surefire-junit47-2.17.pom
[INFO] Downloaded: https://repository.apache.org/content/repositories/releases/org/apache/maven/surefire/surefire-junit47/2.17/surefire-junit47-2.17.pom (4.2 kB at 6.8 kB/s)
[INFO] Downloading: https://repository.apache.org/content/repositories/releases/org/apache/maven/surefire/surefire-providers/2.17/surefire-providers-2.17.pom
[INFO] Downloaded: https://repository.apache.org/content/repositories/releases/org/apache/maven/surefire/surefire-providers/2.17/surefire-providers-2.17.pom (2.4 kB at 4.8 kB/s)
[INFO] Downloading: https://repository.apache.org/content/repositories/releases/org/apache/maven/surefire/common-junit48/2.17/common-junit48-2.17.pom
[INFO] Downloaded: https://repository.apache.org/content/repositories/releases/org/apache/maven/surefire/common-junit48/2.17/common-junit48-2.17.pom (3.4 kB at 6.8 kB/s)
[INFO] Downloading: https://repository.apache.org/content/repositories/releases/org/apache/maven/surefire/common-junit4/2.17/common-junit4-2.17.pom
[INFO] Downloaded: https://repository.apache.org/content/repositories/releases/org/apache/maven/surefire/common-junit4/2.17/common-junit4-2.17.pom (2.0 kB at 3.6 kB/s)
[INFO] Downloading: https://repository.apache.org/content/repositories/releases/org/apache/maven/surefire/common-junit3/2.17/common-junit3-2.17.pom
[INFO] Downloaded: https://repository.apache.org/content/repositories/releases/org/apache/maven/surefire/common-junit3/2.17/common-junit3-2.17.pom (1.6 kB at 2.4 kB/s)
[INFO] Downloading: https://repository.apache.org/content/repositories/releases/org/apache/maven/surefire/common-java5/2.17/common-java5-2.17.pom
[INFO] Downloaded: https://repository.apache.org/content/repositories/releases/org/apache/maven/surefire/common-java5/2.17/common-java5-2.17.pom (1.7 kB at 1.9 kB/s)
[INFO] Downloading: https://repository.apache.org/content/repositories/releases/org/apache/maven/shared/maven-shared-utils/0.4/maven-shared-utils-0.4.pom
[INFO] Downloaded: https://repository.apache.org/content/repositories/releases/org/apache/maven/shared/maven-shared-utils/0.4/maven-shared-utils-0.4.pom (4.0 kB at 8.3 kB/s)
[INFO] Downloading: https://repository.apache.org/content/repositories/releases/org/apache/maven/surefire/surefire-grouper/2.17/surefire-grouper-2.17.pom
[INFO] Downloaded: https://repository.apache.org/content/repositories/releases/org/apache/maven/surefire/surefire-grouper/2.17/surefire-grouper-2.17.pom (2.5 kB at 5.2 kB/s)
[INFO] Downloading: https://repository.apache.org/content/repositories/releases/org/apache/maven/surefire/common-junit3/2.17/common-junit3-2.17.jar
[INFO] Downloading: https://repository.apache.org/content/repositories/releases/org/apache/maven/surefire/common-junit4/2.17/common-junit4-2.17.jar
[INFO] Downloading: https://repository.apache.org/content/repositories/releases/org/apache/maven/surefire/common-junit48/2.17/common-junit48-2.17.jar
[INFO] Downloading: https://repository.apache.org/content/repositories/releases/org/apache/maven/surefire/common-java5/2.17/common-java5-2.17.jar
[INFO] Downloading: https://repository.apache.org/content/repositories/releases/org/apache/maven/surefire/surefire-junit47/2.17/surefire-junit47-2.17.jar
[INFO] Downloaded: https://repository.apache.org/content/repositories/releases/org/apache/maven/surefire/common-junit3/2.17/common-junit3-2.17.jar (11 kB at 23 kB/s)
[INFO] Downloading: https://repository.apache.org/content/repositories/releases/org/apache/maven/surefire/surefire-grouper/2.17/surefire-grouper-2.17.jar
[INFO] Downloaded: https://repository.apache.org/content/repositories/releases/org/apache/maven/surefire/common-java5/2.17/common-java5-2.17.jar (37 kB at 66 kB/s)
[INFO] Downloaded: https://repository.apache.org/content/repositories/releases/org/apache/maven/surefire/common-junit4/2.17/common-junit4-2.17.jar (16 kB at 29 kB/s)
[INFO] Downloaded: https://repository.apache.org/content/repositories/releases/org/apache/maven/surefire/common-junit48/2.17/common-junit48-2.17.jar (18 kB at 28 kB/s)
[INFO] Downloaded: https://repository.apache.org/content/repositories/releases/org/apache/maven/surefire/surefire-junit47/2.17/surefire-junit47-2.17.jar (119 kB at 165 kB/s)
[INFO] Downloaded: https://repository.apache.org/content/repositories/releases/org/apache/maven/surefire/surefire-grouper/2.17/surefire-grouper-2.17.jar (38 kB at 68 kB/s)

-------------------------------------------------------
 T E S T S
-------------------------------------------------------

-------------------------------------------------------
 T E S T S
-------------------------------------------------------
Picked up JAVA_TOOL_OPTIONS: -XX:CICompilerCount=2 -XX:ParallelGCThreads=2 -XX:ConcGCThreads=2 -Djdk.net.URLClassPath.disableClassPathURLCheck=true -XX:CICompilerCount=2 -XX:ParallelGCThreads=2 -XX:ConcGCThreads=2 -Djdk.net.URLClassPath.disableClassPathURLCheck=true 
Picked up _JAVA_OPTIONS: -Djdk.net.URLClassPath.disableClassPathURLCheck=true
Running org.apache.logging.log4j.core.appender.db.jdbc.ColumnConfigTest
ERROR StatusLogger The pattern, literal, and isEventTimestamp attributes are mutually exclusive.
ERROR StatusLogger The pattern, literal, and isEventTimestamp attributes are mutually exclusive.
ERROR StatusLogger The column config is not valid because it does not contain a column name.
ERROR StatusLogger The pattern, literal, and isEventTimestamp attributes are mutually exclusive.
ERROR StatusLogger To configure a column you must specify a pattern or literal or set isEventDate to true.
ERROR StatusLogger To configure a column you must specify a pattern or literal or set isEventDate to true.
ERROR StatusLogger To configure a column you must specify a pattern or literal or set isEventDate to true.
Tests run: 14, Failures: 0, Errors: 0, Skipped: 0, Time elapsed: 0.126 sec - in org.apache.logging.log4j.core.appender.db.jdbc.ColumnConfigTest
Picked up JAVA_TOOL_OPTIONS: -XX:CICompilerCount=2 -XX:ParallelGCThreads=2 -XX:ConcGCThreads=2 -Djdk.net.URLClassPath.disableClassPathURLCheck=true -XX:CICompilerCount=2 -XX:ParallelGCThreads=2 -XX:ConcGCThreads=2 -Djdk.net.URLClassPath.disableClassPathURLCheck=true 
Picked up _JAVA_OPTIONS: -Djdk.net.URLClassPath.disableClassPathURLCheck=true
Running org.apache.logging.log4j.core.appender.db.jdbc.DataSourceConnectionSourceTest
log4j:WARN No appenders could be found for logger (org.mockejb.jndi.MockContext).
log4j:WARN Please initialize the log4j system properly.
log4j:WARN See http://logging.apache.org/log4j/1.2/faq.html#noconfig for more info.
Tests run: 8, Failures: 0, Errors: 0, Skipped: 0, Time elapsed: 0.161 sec - in org.apache.logging.log4j.core.appender.db.jdbc.DataSourceConnectionSourceTest
Picked up JAVA_TOOL_OPTIONS: -XX:CICompilerCount=2 -XX:ParallelGCThreads=2 -XX:ConcGCThreads=2 -Djdk.net.URLClassPath.disableClassPathURLCheck=true -XX:CICompilerCount=2 -XX:ParallelGCThreads=2 -XX:ConcGCThreads=2 -Djdk.net.URLClassPath.disableClassPathURLCheck=true 
Picked up _JAVA_OPTIONS: -Djdk.net.URLClassPath.disableClassPathURLCheck=true
Running org.apache.logging.log4j.core.appender.db.jdbc.JdbcH2AppenderTest
log4j:WARN No appenders could be found for logger (org.mockejb.jndi.MockContext).
log4j:WARN Please initialize the log4j system properly.
log4j:WARN See http://logging.apache.org/log4j/1.2/faq.html#noconfig for more info.
Tests run: 2, Failures: 0, Errors: 0, Skipped: 0, Time elapsed: 0.719 sec - in org.apache.logging.log4j.core.appender.db.jdbc.JdbcH2AppenderTest
Picked up JAVA_TOOL_OPTIONS: -XX:CICompilerCount=2 -XX:ParallelGCThreads=2 -XX:ConcGCThreads=2 -Djdk.net.URLClassPath.disableClassPathURLCheck=true -XX:CICompilerCount=2 -XX:ParallelGCThreads=2 -XX:ConcGCThreads=2 -Djdk.net.URLClassPath.disableClassPathURLCheck=true 
Picked up _JAVA_OPTIONS: -Djdk.net.URLClassPath.disableClassPathURLCheck=true
Running org.apache.logging.log4j.core.appender.db.jdbc.FactoryMethodConnectionSourceTest
Tests run: 7, Failures: 0, Errors: 0, Skipped: 0, Time elapsed: 0.04 sec - in org.apache.logging.log4j.core.appender.db.jdbc.FactoryMethodConnectionSourceTest
Picked up JAVA_TOOL_OPTIONS: -XX:CICompilerCount=2 -XX:ParallelGCThreads=2 -XX:ConcGCThreads=2 -Djdk.net.URLClassPath.disableClassPathURLCheck=true -XX:CICompilerCount=2 -XX:ParallelGCThreads=2 -XX:ConcGCThreads=2 -Djdk.net.URLClassPath.disableClassPathURLCheck=true 
Picked up _JAVA_OPTIONS: -Djdk.net.URLClassPath.disableClassPathURLCheck=true
Running org.apache.logging.log4j.core.appender.db.jdbc.JdbcHyperSqlAppenderTest
log4j:WARN No appenders could be found for logger (org.mockejb.jndi.MockContext).
log4j:WARN Please initialize the log4j system properly.
log4j:WARN See http://logging.apache.org/log4j/1.2/faq.html#noconfig for more info.
Tests run: 2, Failures: 0, Errors: 0, Skipped: 0, Time elapsed: 0.938 sec - in org.apache.logging.log4j.core.appender.db.jdbc.JdbcHyperSqlAppenderTest
Picked up JAVA_TOOL_OPTIONS: -XX:CICompilerCount=2 -XX:ParallelGCThreads=2 -XX:ConcGCThreads=2 -Djdk.net.URLClassPath.disableClassPathURLCheck=true -XX:CICompilerCount=2 -XX:ParallelGCThreads=2 -XX:ConcGCThreads=2 -Djdk.net.URLClassPath.disableClassPathURLCheck=true 
Picked up _JAVA_OPTIONS: -Djdk.net.URLClassPath.disableClassPathURLCheck=true
Running org.apache.logging.log4j.core.appender.db.jpa.converter.ContextMapJsonAttributeConverterTest
Tests run: 4, Failures: 0, Errors: 0, Skipped: 0, Time elapsed: 0.19 sec - in org.apache.logging.log4j.core.appender.db.jpa.converter.ContextMapJsonAttributeConverterTest
Picked up JAVA_TOOL_OPTIONS: -XX:CICompilerCount=2 -XX:ParallelGCThreads=2 -XX:ConcGCThreads=2 -Djdk.net.URLClassPath.disableClassPathURLCheck=true -XX:CICompilerCount=2 -XX:ParallelGCThreads=2 -XX:ConcGCThreads=2 -Djdk.net.URLClassPath.disableClassPathURLCheck=true 
Picked up _JAVA_OPTIONS: -Djdk.net.URLClassPath.disableClassPathURLCheck=true
Running org.apache.logging.log4j.core.appender.db.jpa.converter.MessageAttributeConverterTest
Tests run: 3, Failures: 0, Errors: 0, Skipped: 0, Time elapsed: 0.005 sec - in org.apache.logging.log4j.core.appender.db.jpa.converter.MessageAttributeConverterTest
Picked up JAVA_TOOL_OPTIONS: -XX:CICompilerCount=2 -XX:ParallelGCThreads=2 -XX:ConcGCThreads=2 -Djdk.net.URLClassPath.disableClassPathURLCheck=true -XX:CICompilerCount=2 -XX:ParallelGCThreads=2 -XX:ConcGCThreads=2 -Djdk.net.URLClassPath.disableClassPathURLCheck=true 
Picked up _JAVA_OPTIONS: -Djdk.net.URLClassPath.disableClassPathURLCheck=true
Running org.apache.logging.log4j.core.appender.db.jpa.converter.ContextStackAttributeConverterTest
Tests run: 4, Failures: 0, Errors: 0, Skipped: 0, Time elapsed: 0.004 sec - in org.apache.logging.log4j.core.appender.db.jpa.converter.ContextStackAttributeConverterTest
Picked up JAVA_TOOL_OPTIONS: -XX:CICompilerCount=2 -XX:ParallelGCThreads=2 -XX:ConcGCThreads=2 -Djdk.net.URLClassPath.disableClassPathURLCheck=true -XX:CICompilerCount=2 -XX:ParallelGCThreads=2 -XX:ConcGCThreads=2 -Djdk.net.URLClassPath.disableClassPathURLCheck=true 
Picked up _JAVA_OPTIONS: -Djdk.net.URLClassPath.disableClassPathURLCheck=true
Running org.apache.logging.log4j.core.appender.db.jpa.converter.ContextMapAttributeConverterTest
Tests run: 4, Failures: 0, Errors: 0, Skipped: 0, Time elapsed: 0.005 sec - in org.apache.logging.log4j.core.appender.db.jpa.converter.ContextMapAttributeConverterTest
Picked up JAVA_TOOL_OPTIONS: -XX:CICompilerCount=2 -XX:ParallelGCThreads=2 -XX:ConcGCThreads=2 -Djdk.net.URLClassPath.disableClassPathURLCheck=true -XX:CICompilerCount=2 -XX:ParallelGCThreads=2 -XX:ConcGCThreads=2 -Djdk.net.URLClassPath.disableClassPathURLCheck=true 
Picked up _JAVA_OPTIONS: -Djdk.net.URLClassPath.disableClassPathURLCheck=true
Running org.apache.logging.log4j.core.appender.db.jpa.converter.ContextStackJsonAttributeConverterTest
Tests run: 4, Failures: 0, Errors: 0, Skipped: 0, Time elapsed: 0.204 sec - in org.apache.logging.log4j.core.appender.db.jpa.converter.ContextStackJsonAttributeConverterTest
Picked up JAVA_TOOL_OPTIONS: -XX:CICompilerCount=2 -XX:ParallelGCThreads=2 -XX:ConcGCThreads=2 -Djdk.net.URLClassPath.disableClassPathURLCheck=true -XX:CICompilerCount=2 -XX:ParallelGCThreads=2 -XX:ConcGCThreads=2 -Djdk.net.URLClassPath.disableClassPathURLCheck=true 
Picked up _JAVA_OPTIONS: -Djdk.net.URLClassPath.disableClassPathURLCheck=true
Running org.apache.logging.log4j.core.appender.db.jpa.converter.StackTraceElementAttributeConverterTest
Tests run: 6, Failures: 0, Errors: 0, Skipped: 0, Time elapsed: 0.005 sec - in org.apache.logging.log4j.core.appender.db.jpa.converter.StackTraceElementAttributeConverterTest
Picked up JAVA_TOOL_OPTIONS: -XX:CICompilerCount=2 -XX:ParallelGCThreads=2 -XX:ConcGCThreads=2 -Djdk.net.URLClassPath.disableClassPathURLCheck=true -XX:CICompilerCount=2 -XX:ParallelGCThreads=2 -XX:ConcGCThreads=2 -Djdk.net.URLClassPath.disableClassPathURLCheck=true 
Picked up _JAVA_OPTIONS: -Djdk.net.URLClassPath.disableClassPathURLCheck=true
Running org.apache.logging.log4j.core.appender.db.jpa.converter.MarkerAttributeConverterTest
Tests run: 4, Failures: 0, Errors: 0, Skipped: 0, Time elapsed: 0.006 sec - in org.apache.logging.log4j.core.appender.db.jpa.converter.MarkerAttributeConverterTest
Picked up JAVA_TOOL_OPTIONS: -XX:CICompilerCount=2 -XX:ParallelGCThreads=2 -XX:ConcGCThreads=2 -Djdk.net.URLClassPath.disableClassPathURLCheck=true -XX:CICompilerCount=2 -XX:ParallelGCThreads=2 -XX:ConcGCThreads=2 -Djdk.net.URLClassPath.disableClassPathURLCheck=true 
Picked up _JAVA_OPTIONS: -Djdk.net.URLClassPath.disableClassPathURLCheck=true
Running org.apache.logging.log4j.core.appender.db.jpa.converter.ThrowableAttributeConverterTest
Tests run: 4, Failures: 0, Errors: 0, Skipped: 0, Time elapsed: 0.038 sec - in org.apache.logging.log4j.core.appender.db.jpa.converter.ThrowableAttributeConverterTest
Picked up JAVA_TOOL_OPTIONS: -XX:CICompilerCount=2 -XX:ParallelGCThreads=2 -XX:ConcGCThreads=2 -Djdk.net.URLClassPath.disableClassPathURLCheck=true -XX:CICompilerCount=2 -XX:ParallelGCThreads=2 -XX:ConcGCThreads=2 -Djdk.net.URLClassPath.disableClassPathURLCheck=true 
Picked up _JAVA_OPTIONS: -Djdk.net.URLClassPath.disableClassPathURLCheck=true
Running org.apache.logging.log4j.core.appender.db.jpa.JpaHyperSqlAppenderTest
ERROR StatusLogger Attributes entityClassName and persistenceUnitName are required for JPA Appender.
ERROR StatusLogger Entity class [org.apache.logging.log4j.core.appender.db.jpa.JpaHyperSqlAppenderTest$BadConstructorEntity1] does not have a no-arg constructor. The JPA provider will reject it.
ERROR StatusLogger Entity class [org.apache.logging.log4j.core.appender.db.jpa.JpaHyperSqlAppenderTest$BadConstructorEntity2] does not have a constructor with a single argument of type LogEvent.
ERROR StatusLogger Attributes entityClassName and persistenceUnitName are required for JPA Appender.
ERROR StatusLogger Could not load entity class [com.foo.Bar]. java.lang.ClassNotFoundException: com.foo.Bar
	at java.net.URLClassLoader$1.run(URLClassLoader.java:366)
	at java.net.URLClassLoader$1.run(URLClassLoader.java:355)
	at java.security.AccessController.doPrivileged(Native Method)
	at java.net.URLClassLoader.findClass(URLClassLoader.java:354)
	at java.lang.ClassLoader.loadClass(ClassLoader.java:425)
	at sun.misc.Launcher$AppClassLoader.loadClass(Launcher.java:308)
	at java.lang.ClassLoader.loadClass(ClassLoader.java:358)
	at java.lang.Class.forName0(Native Method)
	at java.lang.Class.forName(Class.java:195)
	at org.apache.logging.log4j.core.util.Loader.loadClassWithDefaultClassLoader(Loader.java:268)
	at org.apache.logging.log4j.core.util.Loader.loadClass(Loader.java:263)
	at org.apache.logging.log4j.core.appender.db.jpa.JpaAppender.createAppender(JpaAppender.java:87)
	at org.apache.logging.log4j.core.appender.db.jpa.JpaHyperSqlAppenderTest.testBadEntityClassName(JpaHyperSqlAppenderTest.java:78)
	at sun.reflect.NativeMethodAccessorImpl.invoke0(Native Method)
	at sun.reflect.NativeMethodAccessorImpl.invoke(NativeMethodAccessorImpl.java:57)
	at sun.reflect.DelegatingMethodAccessorImpl.invoke(DelegatingMethodAccessorImpl.java:43)
	at java.lang.reflect.Method.invoke(Method.java:606)
	at org.junit.runners.model.FrameworkMethod$1.runReflectiveCall(FrameworkMethod.java:47)
	at org.junit.internal.runners.model.ReflectiveCallable.run(ReflectiveCallable.java:12)
	at org.junit.runners.model.FrameworkMethod.invokeExplosively(FrameworkMethod.java:44)
	at org.junit.internal.runners.statements.InvokeMethod.evaluate(InvokeMethod.java:17)
	at org.junit.runners.ParentRunner.runLeaf(ParentRunner.java:271)
	at org.junit.runners.BlockJUnit4ClassRunner.runChild(BlockJUnit4ClassRunner.java:70)
	at org.junit.runners.BlockJUnit4ClassRunner.runChild(BlockJUnit4ClassRunner.java:50)
	at org.junit.runners.ParentRunner$3.run(ParentRunner.java:238)
	at org.junit.runners.ParentRunner$1.schedule(ParentRunner.java:63)
	at org.junit.runners.ParentRunner.runChildren(ParentRunner.java:236)
	at org.junit.runners.ParentRunner.access$000(ParentRunner.java:53)
	at org.junit.runners.ParentRunner$2.evaluate(ParentRunner.java:229)
	at org.junit.runners.ParentRunner.run(ParentRunner.java:309)
	at org.junit.runners.Suite.runChild(Suite.java:127)
	at org.junit.runners.Suite.runChild(Suite.java:26)
	at org.junit.runners.ParentRunner$3.run(ParentRunner.java:238)
	at org.junit.runners.ParentRunner$1.schedule(ParentRunner.java:63)
	at org.junit.runners.ParentRunner.runChildren(ParentRunner.java:236)
	at org.junit.runners.ParentRunner.access$000(ParentRunner.java:53)
	at org.junit.runners.ParentRunner$2.evaluate(ParentRunner.java:229)
	at org.junit.runners.ParentRunner.run(ParentRunner.java:309)
	at org.junit.runner.JUnitCore.run(JUnitCore.java:160)
	at org.junit.runner.JUnitCore.run(JUnitCore.java:138)
	at org.apache.maven.surefire.junitcore.JUnitCoreWrapper.createRequestAndRun(JUnitCoreWrapper.java:113)
	at org.apache.maven.surefire.junitcore.JUnitCoreWrapper.executeEager(JUnitCoreWrapper.java:85)
	at org.apache.maven.surefire.junitcore.JUnitCoreWrapper.execute(JUnitCoreWrapper.java:54)
	at org.apache.maven.surefire.junitcore.JUnitCoreProvider.invoke(JUnitCoreProvider.java:134)
	at org.apache.maven.surefire.booter.ForkedBooter.invokeProviderInSameClassLoader(ForkedBooter.java:200)
	at org.apache.maven.surefire.booter.ForkedBooter.runSuitesInProcess(ForkedBooter.java:153)
	at org.apache.maven.surefire.booter.ForkedBooter.main(ForkedBooter.java:103)

ERROR StatusLogger Entity class [java.lang.Object] does not extend AbstractLogEventWrapperEntity.
[EL Info]: 2020-03-11 19:26:12.051--ServerSession(275320212)--EclipseLink, version: Eclipse Persistence Services - 2.5.1.v20130918-f2b9fc5
[EL Info]: connection: 2020-03-11 19:26:12.126--ServerSession(275320212)--file:/boom/scratch/tmp-rta/Bugs.jar_Logging-Log4J2_60f64cc1_java-7/log4j-core/target/test-classes/_hyperSqlJpaAppenderTestUnit login successful
[EL Info]: connection: 2020-03-11 19:26:12.178--ServerSession(275320212)--file:/boom/scratch/tmp-rta/Bugs.jar_Logging-Log4J2_60f64cc1_java-7/log4j-core/target/test-classes/_hyperSqlJpaAppenderTestUnit logout successful
[EL Info]: 2020-03-11 19:26:12.37--ServerSession(872005669)--EclipseLink, version: Eclipse Persistence Services - 2.5.1.v20130918-f2b9fc5
[EL Info]: connection: 2020-03-11 19:26:12.373--ServerSession(872005669)--file:/boom/scratch/tmp-rta/Bugs.jar_Logging-Log4J2_60f64cc1_java-7/log4j-core/target/test-classes/_hyperSqlJpaAppenderTestUnit login successful
[EL Info]: connection: 2020-03-11 19:26:12.401--ServerSession(872005669)--file:/boom/scratch/tmp-rta/Bugs.jar_Logging-Log4J2_60f64cc1_java-7/log4j-core/target/test-classes/_hyperSqlJpaAppenderTestUnit logout successful
Tests run: 8, Failures: 0, Errors: 0, Skipped: 0, Time elapsed: 2.433 sec - in org.apache.logging.log4j.core.appender.db.jpa.JpaHyperSqlAppenderTest
Picked up JAVA_TOOL_OPTIONS: -XX:CICompilerCount=2 -XX:ParallelGCThreads=2 -XX:ConcGCThreads=2 -Djdk.net.URLClassPath.disableClassPathURLCheck=true -XX:CICompilerCount=2 -XX:ParallelGCThreads=2 -XX:ConcGCThreads=2 -Djdk.net.URLClassPath.disableClassPathURLCheck=true 
Picked up _JAVA_OPTIONS: -Djdk.net.URLClassPath.disableClassPathURLCheck=true
Running org.apache.logging.log4j.core.appender.db.jpa.JpaH2AppenderTest
[EL Info]: 2020-03-11 19:26:19.391--ServerSession(1137961419)--EclipseLink, version: Eclipse Persistence Services - 2.5.1.v20130918-f2b9fc5
[EL Info]: connection: 2020-03-11 19:26:19.469--ServerSession(1137961419)--file:/boom/scratch/tmp-rta/Bugs.jar_Logging-Log4J2_60f64cc1_java-7/log4j-core/target/test-classes/_h2JpaAppenderTestUnit login successful
[EL Info]: connection: 2020-03-11 19:26:19.526--ServerSession(1137961419)--file:/boom/scratch/tmp-rta/Bugs.jar_Logging-Log4J2_60f64cc1_java-7/log4j-core/target/test-classes/_h2JpaAppenderTestUnit logout successful
[EL Info]: 2020-03-11 19:26:19.677--ServerSession(1010345682)--EclipseLink, version: Eclipse Persistence Services - 2.5.1.v20130918-f2b9fc5
[EL Info]: connection: 2020-03-11 19:26:19.68--ServerSession(1010345682)--file:/boom/scratch/tmp-rta/Bugs.jar_Logging-Log4J2_60f64cc1_java-7/log4j-core/target/test-classes/_h2JpaAppenderTestUnit login successful
[EL Info]: connection: 2020-03-11 19:26:19.707--ServerSession(1010345682)--file:/boom/scratch/tmp-rta/Bugs.jar_Logging-Log4J2_60f64cc1_java-7/log4j-core/target/test-classes/_h2JpaAppenderTestUnit logout successful
Tests run: 2, Failures: 0, Errors: 0, Skipped: 0, Time elapsed: 2.074 sec - in org.apache.logging.log4j.core.appender.db.jpa.JpaH2AppenderTest
Picked up JAVA_TOOL_OPTIONS: -XX:CICompilerCount=2 -XX:ParallelGCThreads=2 -XX:ConcGCThreads=2 -Djdk.net.URLClassPath.disableClassPathURLCheck=true -XX:CICompilerCount=2 -XX:ParallelGCThreads=2 -XX:ConcGCThreads=2 -Djdk.net.URLClassPath.disableClassPathURLCheck=true 
Picked up _JAVA_OPTIONS: -Djdk.net.URLClassPath.disableClassPathURLCheck=true
Running org.apache.logging.log4j.core.appender.db.AbstractDatabaseAppenderTest
Tests run: 5, Failures: 0, Errors: 0, Skipped: 0, Time elapsed: 0.187 sec - in org.apache.logging.log4j.core.appender.db.AbstractDatabaseAppenderTest
Picked up JAVA_TOOL_OPTIONS: -XX:CICompilerCount=2 -XX:ParallelGCThreads=2 -XX:ConcGCThreads=2 -Djdk.net.URLClassPath.disableClassPathURLCheck=true -XX:CICompilerCount=2 -XX:ParallelGCThreads=2 -XX:ConcGCThreads=2 -Djdk.net.URLClassPath.disableClassPathURLCheck=true 
Picked up _JAVA_OPTIONS: -Djdk.net.URLClassPath.disableClassPathURLCheck=true
Running org.apache.logging.log4j.core.appender.db.AbstractDatabaseManagerTest
Tests run: 8, Failures: 0, Errors: 0, Skipped: 0, Time elapsed: 0.162 sec - in org.apache.logging.log4j.core.appender.db.AbstractDatabaseManagerTest
Picked up JAVA_TOOL_OPTIONS: -XX:CICompilerCount=2 -XX:ParallelGCThreads=2 -XX:ConcGCThreads=2 -Djdk.net.URLClassPath.disableClassPathURLCheck=true -XX:CICompilerCount=2 -XX:ParallelGCThreads=2 -XX:ConcGCThreads=2 -Djdk.net.URLClassPath.disableClassPathURLCheck=true 
Picked up _JAVA_OPTIONS: -Djdk.net.URLClassPath.disableClassPathURLCheck=true
Running org.apache.logging.log4j.core.appender.routing.RoutingAppenderWithJndiTest
Context [Test ] This is a message from unknown context
log4j:WARN No appenders could be found for logger (org.mockejb.jndi.MockContext).
log4j:WARN Please initialize the log4j system properly.
log4j:WARN See http://logging.apache.org/log4j/1.2/faq.html#noconfig for more info.
Context [Test ] This is a message from Application1
Context [Test ] This is a message from Application2
Context [Test ] This is another message from Application2
Context [Test ] This is a message from Application3
Context [Test ] This is a message from Application4
Tests run: 1, Failures: 0, Errors: 0, Skipped: 0, Time elapsed: 0.545 sec - in org.apache.logging.log4j.core.appender.routing.RoutingAppenderWithJndiTest
Picked up JAVA_TOOL_OPTIONS: -XX:CICompilerCount=2 -XX:ParallelGCThreads=2 -XX:ConcGCThreads=2 -Djdk.net.URLClassPath.disableClassPathURLCheck=true -XX:CICompilerCount=2 -XX:ParallelGCThreads=2 -XX:ConcGCThreads=2 -Djdk.net.URLClassPath.disableClassPathURLCheck=true 
Picked up _JAVA_OPTIONS: -Djdk.net.URLClassPath.disableClassPathURLCheck=true
Running org.apache.logging.log4j.core.appender.routing.RoutingAppenderTest
Tests run: 1, Failures: 0, Errors: 0, Skipped: 0, Time elapsed: 6.49 sec - in org.apache.logging.log4j.core.appender.routing.RoutingAppenderTest
Picked up JAVA_TOOL_OPTIONS: -XX:CICompilerCount=2 -XX:ParallelGCThreads=2 -XX:ConcGCThreads=2 -Djdk.net.URLClassPath.disableClassPathURLCheck=true -XX:CICompilerCount=2 -XX:ParallelGCThreads=2 -XX:ConcGCThreads=2 -Djdk.net.URLClassPath.disableClassPathURLCheck=true 
Picked up _JAVA_OPTIONS: -Djdk.net.URLClassPath.disableClassPathURLCheck=true
Running org.apache.logging.log4j.core.appender.routing.RoutingDefaultAppenderTest
Tests run: 1, Failures: 0, Errors: 0, Skipped: 0, Time elapsed: 3.452 sec - in org.apache.logging.log4j.core.appender.routing.RoutingDefaultAppenderTest
Picked up JAVA_TOOL_OPTIONS: -XX:CICompilerCount=2 -XX:ParallelGCThreads=2 -XX:ConcGCThreads=2 -Djdk.net.URLClassPath.disableClassPathURLCheck=true -XX:CICompilerCount=2 -XX:ParallelGCThreads=2 -XX:ConcGCThreads=2 -Djdk.net.URLClassPath.disableClassPathURLCheck=true 
Picked up _JAVA_OPTIONS: -Djdk.net.URLClassPath.disableClassPathURLCheck=true
Running org.apache.logging.log4j.core.appender.routing.JsonRoutingAppenderTest
Tests run: 1, Failures: 0, Errors: 0, Skipped: 0, Time elapsed: 0.036 sec - in org.apache.logging.log4j.core.appender.routing.JsonRoutingAppenderTest
Picked up JAVA_TOOL_OPTIONS: -XX:CICompilerCount=2 -XX:ParallelGCThreads=2 -XX:ConcGCThreads=2 -Djdk.net.URLClassPath.disableClassPathURLCheck=true -XX:CICompilerCount=2 -XX:ParallelGCThreads=2 -XX:ConcGCThreads=2 -Djdk.net.URLClassPath.disableClassPathURLCheck=true 
Picked up _JAVA_OPTIONS: -Djdk.net.URLClassPath.disableClassPathURLCheck=true
Running org.apache.logging.log4j.core.appender.routing.JsonRoutingAppender2Test
Tests run: 1, Failures: 0, Errors: 0, Skipped: 0, Time elapsed: 0.035 sec - in org.apache.logging.log4j.core.appender.routing.JsonRoutingAppender2Test
Picked up JAVA_TOOL_OPTIONS: -XX:CICompilerCount=2 -XX:ParallelGCThreads=2 -XX:ConcGCThreads=2 -Djdk.net.URLClassPath.disableClassPathURLCheck=true -XX:CICompilerCount=2 -XX:ParallelGCThreads=2 -XX:ConcGCThreads=2 -Djdk.net.URLClassPath.disableClassPathURLCheck=true 
Picked up _JAVA_OPTIONS: -Djdk.net.URLClassPath.disableClassPathURLCheck=true
Running org.apache.logging.log4j.core.appender.rewrite.MapRewritePolicyTest
Tests run: 3, Failures: 0, Errors: 0, Skipped: 0, Time elapsed: 0.012 sec - in org.apache.logging.log4j.core.appender.rewrite.MapRewritePolicyTest
Picked up JAVA_TOOL_OPTIONS: -XX:CICompilerCount=2 -XX:ParallelGCThreads=2 -XX:ConcGCThreads=2 -Djdk.net.URLClassPath.disableClassPathURLCheck=true -XX:CICompilerCount=2 -XX:ParallelGCThreads=2 -XX:ConcGCThreads=2 -Djdk.net.URLClassPath.disableClassPathURLCheck=true 
Picked up _JAVA_OPTIONS: -Djdk.net.URLClassPath.disableClassPathURLCheck=true
Running org.apache.logging.log4j.core.appender.rewrite.RewriteAppenderTest
Tests run: 3, Failures: 0, Errors: 0, Skipped: 0, Time elapsed: 0.43 sec - in org.apache.logging.log4j.core.appender.rewrite.RewriteAppenderTest
Picked up JAVA_TOOL_OPTIONS: -XX:CICompilerCount=2 -XX:ParallelGCThreads=2 -XX:ConcGCThreads=2 -Djdk.net.URLClassPath.disableClassPathURLCheck=true -XX:CICompilerCount=2 -XX:ParallelGCThreads=2 -XX:ConcGCThreads=2 -Djdk.net.URLClassPath.disableClassPathURLCheck=true 
Picked up _JAVA_OPTIONS: -Djdk.net.URLClassPath.disableClassPathURLCheck=true
Running org.apache.logging.log4j.core.appender.rolling.action.FileRenameActionTest
Tests run: 3, Failures: 0, Errors: 0, Skipped: 0, Time elapsed: 0.025 sec - in org.apache.logging.log4j.core.appender.rolling.action.FileRenameActionTest
Picked up JAVA_TOOL_OPTIONS: -XX:CICompilerCount=2 -XX:ParallelGCThreads=2 -XX:ConcGCThreads=2 -Djdk.net.URLClassPath.disableClassPathURLCheck=true -XX:CICompilerCount=2 -XX:ParallelGCThreads=2 -XX:ConcGCThreads=2 -Djdk.net.URLClassPath.disableClassPathURLCheck=true 
Picked up _JAVA_OPTIONS: -Djdk.net.URLClassPath.disableClassPathURLCheck=true
Running org.apache.logging.log4j.core.appender.rolling.RollingAppenderUncompressedTest
Tests run: 1, Failures: 0, Errors: 0, Skipped: 0, Time elapsed: 5.054 sec - in org.apache.logging.log4j.core.appender.rolling.RollingAppenderUncompressedTest
Picked up JAVA_TOOL_OPTIONS: -XX:CICompilerCount=2 -XX:ParallelGCThreads=2 -XX:ConcGCThreads=2 -Djdk.net.URLClassPath.disableClassPathURLCheck=true -XX:CICompilerCount=2 -XX:ParallelGCThreads=2 -XX:ConcGCThreads=2 -Djdk.net.URLClassPath.disableClassPathURLCheck=true 
Picked up _JAVA_OPTIONS: -Djdk.net.URLClassPath.disableClassPathURLCheck=true
Running org.apache.logging.log4j.core.appender.rolling.PatternProcessorTest
Tests run: 10, Failures: 0, Errors: 0, Skipped: 0, Time elapsed: 0.101 sec - in org.apache.logging.log4j.core.appender.rolling.PatternProcessorTest
Picked up JAVA_TOOL_OPTIONS: -XX:CICompilerCount=2 -XX:ParallelGCThreads=2 -XX:ConcGCThreads=2 -Djdk.net.URLClassPath.disableClassPathURLCheck=true -XX:CICompilerCount=2 -XX:ParallelGCThreads=2 -XX:ConcGCThreads=2 -Djdk.net.URLClassPath.disableClassPathURLCheck=true 
Picked up _JAVA_OPTIONS: -Djdk.net.URLClassPath.disableClassPathURLCheck=true
Running org.apache.logging.log4j.core.appender.rolling.RollingAppenderTimeTest
Tests run: 1, Failures: 0, Errors: 0, Skipped: 0, Time elapsed: 2.045 sec - in org.apache.logging.log4j.core.appender.rolling.RollingAppenderTimeTest
Picked up JAVA_TOOL_OPTIONS: -XX:CICompilerCount=2 -XX:ParallelGCThreads=2 -XX:ConcGCThreads=2 -Djdk.net.URLClassPath.disableClassPathURLCheck=true -XX:CICompilerCount=2 -XX:ParallelGCThreads=2 -XX:ConcGCThreads=2 -Djdk.net.URLClassPath.disableClassPathURLCheck=true 
Picked up _JAVA_OPTIONS: -Djdk.net.URLClassPath.disableClassPathURLCheck=true
Running org.apache.logging.log4j.core.appender.rolling.RollingRandomAccessFileManagerTest
Tests run: 6, Failures: 0, Errors: 0, Skipped: 0, Time elapsed: 0.107 sec - in org.apache.logging.log4j.core.appender.rolling.RollingRandomAccessFileManagerTest
Picked up JAVA_TOOL_OPTIONS: -XX:CICompilerCount=2 -XX:ParallelGCThreads=2 -XX:ConcGCThreads=2 -Djdk.net.URLClassPath.disableClassPathURLCheck=true -XX:CICompilerCount=2 -XX:ParallelGCThreads=2 -XX:ConcGCThreads=2 -Djdk.net.URLClassPath.disableClassPathURLCheck=true 
Picked up _JAVA_OPTIONS: -Djdk.net.URLClassPath.disableClassPathURLCheck=true
Running org.apache.logging.log4j.core.appender.rolling.OnStartupTriggeringPolicyTest
Tests run: 1, Failures: 0, Errors: 0, Skipped: 0, Time elapsed: 0.086 sec - in org.apache.logging.log4j.core.appender.rolling.OnStartupTriggeringPolicyTest
Picked up JAVA_TOOL_OPTIONS: -XX:CICompilerCount=2 -XX:ParallelGCThreads=2 -XX:ConcGCThreads=2 -Djdk.net.URLClassPath.disableClassPathURLCheck=true -XX:CICompilerCount=2 -XX:ParallelGCThreads=2 -XX:ConcGCThreads=2 -Djdk.net.URLClassPath.disableClassPathURLCheck=true 
Picked up _JAVA_OPTIONS: -Djdk.net.URLClassPath.disableClassPathURLCheck=true
Running org.apache.logging.log4j.core.appender.rolling.RollingFileAppenderAccessTest
Tests run: 1, Failures: 0, Errors: 0, Skipped: 0, Time elapsed: 0.308 sec - in org.apache.logging.log4j.core.appender.rolling.RollingFileAppenderAccessTest
Picked up JAVA_TOOL_OPTIONS: -XX:CICompilerCount=2 -XX:ParallelGCThreads=2 -XX:ConcGCThreads=2 -Djdk.net.URLClassPath.disableClassPathURLCheck=true -XX:CICompilerCount=2 -XX:ParallelGCThreads=2 -XX:ConcGCThreads=2 -Djdk.net.URLClassPath.disableClassPathURLCheck=true 
Picked up _JAVA_OPTIONS: -Djdk.net.URLClassPath.disableClassPathURLCheck=true
Running org.apache.logging.log4j.core.appender.rolling.RollingAppenderTimeAndSizeTest
Tests run: 1, Failures: 0, Errors: 0, Skipped: 0, Time elapsed: 3.379 sec - in org.apache.logging.log4j.core.appender.rolling.RollingAppenderTimeAndSizeTest
Picked up JAVA_TOOL_OPTIONS: -XX:CICompilerCount=2 -XX:ParallelGCThreads=2 -XX:ConcGCThreads=2 -Djdk.net.URLClassPath.disableClassPathURLCheck=true -XX:CICompilerCount=2 -XX:ParallelGCThreads=2 -XX:ConcGCThreads=2 -Djdk.net.URLClassPath.disableClassPathURLCheck=true 
Picked up _JAVA_OPTIONS: -Djdk.net.URLClassPath.disableClassPathURLCheck=true
Running org.apache.logging.log4j.core.appender.rolling.RollingAppenderSizeTest
Tests run: 2, Failures: 0, Errors: 0, Skipped: 0, Time elapsed: 19.546 sec - in org.apache.logging.log4j.core.appender.rolling.RollingAppenderSizeTest
Picked up JAVA_TOOL_OPTIONS: -XX:CICompilerCount=2 -XX:ParallelGCThreads=2 -XX:ConcGCThreads=2 -Djdk.net.URLClassPath.disableClassPathURLCheck=true -XX:CICompilerCount=2 -XX:ParallelGCThreads=2 -XX:ConcGCThreads=2 -Djdk.net.URLClassPath.disableClassPathURLCheck=true 
Picked up _JAVA_OPTIONS: -Djdk.net.URLClassPath.disableClassPathURLCheck=true
Running org.apache.logging.log4j.core.appender.XmlCompleteFileAppenderTest
Tests run: 1, Failures: 0, Errors: 0, Skipped: 0, Time elapsed: 1.931 sec - in org.apache.logging.log4j.core.appender.XmlCompleteFileAppenderTest
Picked up JAVA_TOOL_OPTIONS: -XX:CICompilerCount=2 -XX:ParallelGCThreads=2 -XX:ConcGCThreads=2 -Djdk.net.URLClassPath.disableClassPathURLCheck=true -XX:CICompilerCount=2 -XX:ParallelGCThreads=2 -XX:ConcGCThreads=2 -Djdk.net.URLClassPath.disableClassPathURLCheck=true 
Picked up _JAVA_OPTIONS: -Djdk.net.URLClassPath.disableClassPathURLCheck=true
Running org.apache.logging.log4j.core.appender.SyslogAppenderTest
Tests run: 5, Failures: 0, Errors: 0, Skipped: 0, Time elapsed: 1.464 sec - in org.apache.logging.log4j.core.appender.SyslogAppenderTest
Picked up JAVA_TOOL_OPTIONS: -XX:CICompilerCount=2 -XX:ParallelGCThreads=2 -XX:ConcGCThreads=2 -Djdk.net.URLClassPath.disableClassPathURLCheck=true -XX:CICompilerCount=2 -XX:ParallelGCThreads=2 -XX:ConcGCThreads=2 -Djdk.net.URLClassPath.disableClassPathURLCheck=true 
Picked up _JAVA_OPTIONS: -Djdk.net.URLClassPath.disableClassPathURLCheck=true
Running org.apache.logging.log4j.core.appender.XmlCompactFileAsyncAppenderValidationTest
Tests run: 1, Failures: 0, Errors: 0, Skipped: 1, Time elapsed: 0.001 sec - in org.apache.logging.log4j.core.appender.XmlCompactFileAsyncAppenderValidationTest
Picked up JAVA_TOOL_OPTIONS: -XX:CICompilerCount=2 -XX:ParallelGCThreads=2 -XX:ConcGCThreads=2 -Djdk.net.URLClassPath.disableClassPathURLCheck=true -XX:CICompilerCount=2 -XX:ParallelGCThreads=2 -XX:ConcGCThreads=2 -Djdk.net.URLClassPath.disableClassPathURLCheck=true 
Picked up _JAVA_OPTIONS: -Djdk.net.URLClassPath.disableClassPathURLCheck=true
Running org.apache.logging.log4j.core.appender.SmtpAppenderTest
Tests run: 6, Failures: 0, Errors: 0, Skipped: 0, Time elapsed: 0.416 sec - in org.apache.logging.log4j.core.appender.SmtpAppenderTest
Picked up JAVA_TOOL_OPTIONS: -XX:CICompilerCount=2 -XX:ParallelGCThreads=2 -XX:ConcGCThreads=2 -Djdk.net.URLClassPath.disableClassPathURLCheck=true -XX:CICompilerCount=2 -XX:ParallelGCThreads=2 -XX:ConcGCThreads=2 -Djdk.net.URLClassPath.disableClassPathURLCheck=true 
Picked up _JAVA_OPTIONS: -Djdk.net.URLClassPath.disableClassPathURLCheck=true
Running org.apache.logging.log4j.core.appender.XmlCompactFileAppenderTest
Tests run: 1, Failures: 0, Errors: 0, Skipped: 0, Time elapsed: 0.634 sec - in org.apache.logging.log4j.core.appender.XmlCompactFileAppenderTest
Picked up JAVA_TOOL_OPTIONS: -XX:CICompilerCount=2 -XX:ParallelGCThreads=2 -XX:ConcGCThreads=2 -Djdk.net.URLClassPath.disableClassPathURLCheck=true -XX:CICompilerCount=2 -XX:ParallelGCThreads=2 -XX:ConcGCThreads=2 -Djdk.net.URLClassPath.disableClassPathURLCheck=true 
Picked up _JAVA_OPTIONS: -Djdk.net.URLClassPath.disableClassPathURLCheck=true
Running org.apache.logging.log4j.core.appender.SocketAppenderTest
ERROR StatusLogger TcpSocketManager (TCP:localhost:1102) java.net.ConnectException: Connection refused
ERROR StatusLogger TcpSocketManager (TCP:localhost:1103) java.net.ConnectException: Connection refused
ERROR StatusLogger Unable to write to stream TCP:localhost:1103 for appender Test
ERROR StatusLogger An exception occurred processing Appender Test org.apache.logging.log4j.core.appender.AppenderLoggingException: Error writing to TCP:localhost:1103 socket not available
	at org.apache.logging.log4j.core.net.TcpSocketManager.write(TcpSocketManager.java:120)
	at org.apache.logging.log4j.core.appender.OutputStreamManager.write(OutputStreamManager.java:127)
	at org.apache.logging.log4j.core.appender.AbstractOutputStreamAppender.append(AbstractOutputStreamAppender.java:106)
	at org.apache.logging.log4j.core.config.AppenderControl.callAppender(AppenderControl.java:97)
	at org.apache.logging.log4j.core.config.LoggerConfig.callAppenders(LoggerConfig.java:426)
	at org.apache.logging.log4j.core.config.LoggerConfig.log(LoggerConfig.java:405)
	at org.apache.logging.log4j.core.config.LoggerConfig.log(LoggerConfig.java:365)
	at org.apache.logging.log4j.core.Logger.logMessage(Logger.java:103)
	at org.apache.logging.log4j.spi.AbstractLogger.logMessage(AbstractLogger.java:1336)
	at org.apache.logging.log4j.spi.AbstractLogger.logIfEnabled(AbstractLogger.java:1325)
	at org.apache.logging.log4j.spi.AbstractLogger.debug(AbstractLogger.java:319)
	at org.apache.logging.log4j.core.appender.SocketAppenderTest.testTcpAppenderNoWait(SocketAppenderTest.java:184)
	at sun.reflect.NativeMethodAccessorImpl.invoke0(Native Method)
	at sun.reflect.NativeMethodAccessorImpl.invoke(NativeMethodAccessorImpl.java:57)
	at sun.reflect.DelegatingMethodAccessorImpl.invoke(DelegatingMethodAccessorImpl.java:43)
	at java.lang.reflect.Method.invoke(Method.java:606)
	at org.junit.runners.model.FrameworkMethod$1.runReflectiveCall(FrameworkMethod.java:47)
	at org.junit.internal.runners.model.ReflectiveCallable.run(ReflectiveCallable.java:12)
	at org.junit.runners.model.FrameworkMethod.invokeExplosively(FrameworkMethod.java:44)
	at org.junit.internal.runners.statements.InvokeMethod.evaluate(InvokeMethod.java:17)
	at org.junit.internal.runners.statements.RunAfters.evaluate(RunAfters.java:27)
	at org.junit.runners.ParentRunner.runLeaf(ParentRunner.java:271)
	at org.junit.runners.BlockJUnit4ClassRunner.runChild(BlockJUnit4ClassRunner.java:70)
	at org.junit.runners.BlockJUnit4ClassRunner.runChild(BlockJUnit4ClassRunner.java:50)
	at org.junit.runners.ParentRunner$3.run(ParentRunner.java:238)
	at org.junit.runners.ParentRunner$1.schedule(ParentRunner.java:63)
	at org.junit.runners.ParentRunner.runChildren(ParentRunner.java:236)
	at org.junit.runners.ParentRunner.access$000(ParentRunner.java:53)
	at org.junit.runners.ParentRunner$2.evaluate(ParentRunner.java:229)
	at org.junit.internal.runners.statements.RunBefores.evaluate(RunBefores.java:26)
	at org.junit.internal.runners.statements.RunAfters.evaluate(RunAfters.java:27)
	at org.junit.runners.ParentRunner.run(ParentRunner.java:309)
	at org.junit.runners.Suite.runChild(Suite.java:127)
	at org.junit.runners.Suite.runChild(Suite.java:26)
	at org.junit.runners.ParentRunner$3.run(ParentRunner.java:238)
	at org.junit.runners.ParentRunner$1.schedule(ParentRunner.java:63)
	at org.junit.runners.ParentRunner.runChildren(ParentRunner.java:236)
	at org.junit.runners.ParentRunner.access$000(ParentRunner.java:53)
	at org.junit.runners.ParentRunner$2.evaluate(ParentRunner.java:229)
	at org.junit.runners.ParentRunner.run(ParentRunner.java:309)
	at org.junit.runner.JUnitCore.run(JUnitCore.java:160)
	at org.junit.runner.JUnitCore.run(JUnitCore.java:138)
	at org.apache.maven.surefire.junitcore.JUnitCoreWrapper.createRequestAndRun(JUnitCoreWrapper.java:113)
	at org.apache.maven.surefire.junitcore.JUnitCoreWrapper.executeEager(JUnitCoreWrapper.java:85)
	at org.apache.maven.surefire.junitcore.JUnitCoreWrapper.execute(JUnitCoreWrapper.java:54)
	at org.apache.maven.surefire.junitcore.JUnitCoreProvider.invoke(JUnitCoreProvider.java:134)
	at org.apache.maven.surefire.booter.ForkedBooter.invokeProviderInSameClassLoader(ForkedBooter.java:200)
	at org.apache.maven.surefire.booter.ForkedBooter.runSuitesInProcess(ForkedBooter.java:153)
	at org.apache.maven.surefire.booter.ForkedBooter.main(ForkedBooter.java:103)

Tests run: 5, Failures: 0, Errors: 0, Skipped: 0, Time elapsed: 0.404 sec - in org.apache.logging.log4j.core.appender.SocketAppenderTest
Picked up JAVA_TOOL_OPTIONS: -XX:CICompilerCount=2 -XX:ParallelGCThreads=2 -XX:ConcGCThreads=2 -Djdk.net.URLClassPath.disableClassPathURLCheck=true -XX:CICompilerCount=2 -XX:ParallelGCThreads=2 -XX:ConcGCThreads=2 -Djdk.net.URLClassPath.disableClassPathURLCheck=true 
Picked up _JAVA_OPTIONS: -Djdk.net.URLClassPath.disableClassPathURLCheck=true
Running org.apache.logging.log4j.core.appender.FailoverAppenderTest
ERROR StatusLogger appender Failover has no parameter that matches element Failovers
ERROR StatusLogger appender Failover has no parameter that matches element Failovers
ERROR StatusLogger appender Failover has no parameter that matches element Failovers
ERROR StatusLogger appender Failover has no parameter that matches element Failovers
Tests run: 2, Failures: 0, Errors: 0, Skipped: 0, Time elapsed: 1.478 sec - in org.apache.logging.log4j.core.appender.FailoverAppenderTest
Picked up JAVA_TOOL_OPTIONS: -XX:CICompilerCount=2 -XX:ParallelGCThreads=2 -XX:ConcGCThreads=2 -Djdk.net.URLClassPath.disableClassPathURLCheck=true -XX:CICompilerCount=2 -XX:ParallelGCThreads=2 -XX:ConcGCThreads=2 -Djdk.net.URLClassPath.disableClassPathURLCheck=true 
Picked up _JAVA_OPTIONS: -Djdk.net.URLClassPath.disableClassPathURLCheck=true
Running org.apache.logging.log4j.core.appender.TlsSyslogFrameTest
Tests run: 5, Failures: 0, Errors: 0, Skipped: 0, Time elapsed: 0.003 sec - in org.apache.logging.log4j.core.appender.TlsSyslogFrameTest
Picked up JAVA_TOOL_OPTIONS: -XX:CICompilerCount=2 -XX:ParallelGCThreads=2 -XX:ConcGCThreads=2 -Djdk.net.URLClassPath.disableClassPathURLCheck=true -XX:CICompilerCount=2 -XX:ParallelGCThreads=2 -XX:ConcGCThreads=2 -Djdk.net.URLClassPath.disableClassPathURLCheck=true 
Picked up _JAVA_OPTIONS: -Djdk.net.URLClassPath.disableClassPathURLCheck=true
Running org.apache.logging.log4j.core.appender.JsonCompleteFileAppenderTest
Tests run: 1, Failures: 0, Errors: 0, Skipped: 0, Time elapsed: 1.802 sec - in org.apache.logging.log4j.core.appender.JsonCompleteFileAppenderTest
Picked up JAVA_TOOL_OPTIONS: -XX:CICompilerCount=2 -XX:ParallelGCThreads=2 -XX:ConcGCThreads=2 -Djdk.net.URLClassPath.disableClassPathURLCheck=true -XX:CICompilerCount=2 -XX:ParallelGCThreads=2 -XX:ConcGCThreads=2 -Djdk.net.URLClassPath.disableClassPathURLCheck=true 
Picked up _JAVA_OPTIONS: -Djdk.net.URLClassPath.disableClassPathURLCheck=true
Running org.apache.logging.log4j.core.appender.FileAppenderTest
Tests run: 6, Failures: 0, Errors: 0, Skipped: 1, Time elapsed: 6.331 sec - in org.apache.logging.log4j.core.appender.FileAppenderTest
Picked up JAVA_TOOL_OPTIONS: -XX:CICompilerCount=2 -XX:ParallelGCThreads=2 -XX:ConcGCThreads=2 -Djdk.net.URLClassPath.disableClassPathURLCheck=true -XX:CICompilerCount=2 -XX:ParallelGCThreads=2 -XX:ConcGCThreads=2 -Djdk.net.URLClassPath.disableClassPathURLCheck=true 
Picked up _JAVA_OPTIONS: -Djdk.net.URLClassPath.disableClassPathURLCheck=true
Running org.apache.logging.log4j.core.appender.RandomAccessFileManagerTest
Tests run: 5, Failures: 0, Errors: 0, Skipped: 0, Time elapsed: 0.044 sec - in org.apache.logging.log4j.core.appender.RandomAccessFileManagerTest
Picked up JAVA_TOOL_OPTIONS: -XX:CICompilerCount=2 -XX:ParallelGCThreads=2 -XX:ConcGCThreads=2 -Djdk.net.URLClassPath.disableClassPathURLCheck=true -XX:CICompilerCount=2 -XX:ParallelGCThreads=2 -XX:ConcGCThreads=2 -Djdk.net.URLClassPath.disableClassPathURLCheck=true 
Picked up _JAVA_OPTIONS: -Djdk.net.URLClassPath.disableClassPathURLCheck=true
Running org.apache.logging.log4j.core.appender.OutputStreamAppenderTest
Tests run: 1, Failures: 0, Errors: 0, Skipped: 0, Time elapsed: 0.118 sec - in org.apache.logging.log4j.core.appender.OutputStreamAppenderTest
Picked up JAVA_TOOL_OPTIONS: -XX:CICompilerCount=2 -XX:ParallelGCThreads=2 -XX:ConcGCThreads=2 -Djdk.net.URLClassPath.disableClassPathURLCheck=true -XX:CICompilerCount=2 -XX:ParallelGCThreads=2 -XX:ConcGCThreads=2 -Djdk.net.URLClassPath.disableClassPathURLCheck=true 
Picked up _JAVA_OPTIONS: -Djdk.net.URLClassPath.disableClassPathURLCheck=true
Running org.apache.logging.log4j.core.appender.XmlFileAppenderTest
Tests run: 1, Failures: 0, Errors: 0, Skipped: 0, Time elapsed: 0.674 sec - in org.apache.logging.log4j.core.appender.XmlFileAppenderTest
Picked up JAVA_TOOL_OPTIONS: -XX:CICompilerCount=2 -XX:ParallelGCThreads=2 -XX:ConcGCThreads=2 -Djdk.net.URLClassPath.disableClassPathURLCheck=true -XX:CICompilerCount=2 -XX:ParallelGCThreads=2 -XX:ConcGCThreads=2 -Djdk.net.URLClassPath.disableClassPathURLCheck=true 
Picked up _JAVA_OPTIONS: -Djdk.net.URLClassPath.disableClassPathURLCheck=true
Running org.apache.logging.log4j.core.appender.XmlRandomAccessFileAppenderTest
Tests run: 1, Failures: 0, Errors: 0, Skipped: 1, Time elapsed: 0.001 sec - in org.apache.logging.log4j.core.appender.XmlRandomAccessFileAppenderTest
Picked up JAVA_TOOL_OPTIONS: -XX:CICompilerCount=2 -XX:ParallelGCThreads=2 -XX:ConcGCThreads=2 -Djdk.net.URLClassPath.disableClassPathURLCheck=true -XX:CICompilerCount=2 -XX:ParallelGCThreads=2 -XX:ConcGCThreads=2 -Djdk.net.URLClassPath.disableClassPathURLCheck=true 
Picked up _JAVA_OPTIONS: -Djdk.net.URLClassPath.disableClassPathURLCheck=true
Running org.apache.logging.log4j.core.appender.XmlCompactFileAppenderValidationTest
Tests run: 1, Failures: 0, Errors: 0, Skipped: 1, Time elapsed: 0.001 sec - in org.apache.logging.log4j.core.appender.XmlCompactFileAppenderValidationTest
Picked up JAVA_TOOL_OPTIONS: -XX:CICompilerCount=2 -XX:ParallelGCThreads=2 -XX:ConcGCThreads=2 -Djdk.net.URLClassPath.disableClassPathURLCheck=true -XX:CICompilerCount=2 -XX:ParallelGCThreads=2 -XX:ConcGCThreads=2 -Djdk.net.URLClassPath.disableClassPathURLCheck=true 
Picked up _JAVA_OPTIONS: -Djdk.net.URLClassPath.disableClassPathURLCheck=true
Running org.apache.logging.log4j.core.appender.ConsoleAppenderTest
Tests run: 1, Failures: 0, Errors: 0, Skipped: 0, Time elapsed: 0.136 sec - in org.apache.logging.log4j.core.appender.ConsoleAppenderTest
Picked up JAVA_TOOL_OPTIONS: -XX:CICompilerCount=2 -XX:ParallelGCThreads=2 -XX:ConcGCThreads=2 -Djdk.net.URLClassPath.disableClassPathURLCheck=true -XX:CICompilerCount=2 -XX:ParallelGCThreads=2 -XX:ConcGCThreads=2 -Djdk.net.URLClassPath.disableClassPathURLCheck=true 
Picked up _JAVA_OPTIONS: -Djdk.net.URLClassPath.disableClassPathURLCheck=true
Running org.apache.logging.log4j.core.appender.AsyncAppenderNoLocationTest
Tests run: 1, Failures: 0, Errors: 0, Skipped: 0, Time elapsed: 0.457 sec - in org.apache.logging.log4j.core.appender.AsyncAppenderNoLocationTest
Picked up JAVA_TOOL_OPTIONS: -XX:CICompilerCount=2 -XX:ParallelGCThreads=2 -XX:ConcGCThreads=2 -Djdk.net.URLClassPath.disableClassPathURLCheck=true -XX:CICompilerCount=2 -XX:ParallelGCThreads=2 -XX:ConcGCThreads=2 -Djdk.net.URLClassPath.disableClassPathURLCheck=true 
Picked up _JAVA_OPTIONS: -Djdk.net.URLClassPath.disableClassPathURLCheck=true
Running org.apache.logging.log4j.core.appender.AsyncAppenderTest
Tests run: 2, Failures: 0, Errors: 0, Skipped: 0, Time elapsed: 0.239 sec - in org.apache.logging.log4j.core.appender.AsyncAppenderTest
Picked up JAVA_TOOL_OPTIONS: -XX:CICompilerCount=2 -XX:ParallelGCThreads=2 -XX:ConcGCThreads=2 -Djdk.net.URLClassPath.disableClassPathURLCheck=true -XX:CICompilerCount=2 -XX:ParallelGCThreads=2 -XX:ConcGCThreads=2 -Djdk.net.URLClassPath.disableClassPathURLCheck=true 
Picked up _JAVA_OPTIONS: -Djdk.net.URLClassPath.disableClassPathURLCheck=true
Running org.apache.logging.log4j.core.appender.TlsSyslogAppenderTest
Tests run: 9, Failures: 0, Errors: 0, Skipped: 0, Time elapsed: 3.485 sec - in org.apache.logging.log4j.core.appender.TlsSyslogAppenderTest
Picked up JAVA_TOOL_OPTIONS: -XX:CICompilerCount=2 -XX:ParallelGCThreads=2 -XX:ConcGCThreads=2 -Djdk.net.URLClassPath.disableClassPathURLCheck=true -XX:CICompilerCount=2 -XX:ParallelGCThreads=2 -XX:ConcGCThreads=2 -Djdk.net.URLClassPath.disableClassPathURLCheck=true 
Picked up _JAVA_OPTIONS: -Djdk.net.URLClassPath.disableClassPathURLCheck=true
Running org.apache.logging.log4j.core.appender.RollingRandomAccessFileAppenderRolloverTest
Tests run: 1, Failures: 0, Errors: 0, Skipped: 0, Time elapsed: 0.796 sec - in org.apache.logging.log4j.core.appender.RollingRandomAccessFileAppenderRolloverTest
Picked up JAVA_TOOL_OPTIONS: -XX:CICompilerCount=2 -XX:ParallelGCThreads=2 -XX:ConcGCThreads=2 -Djdk.net.URLClassPath.disableClassPathURLCheck=true -XX:CICompilerCount=2 -XX:ParallelGCThreads=2 -XX:ConcGCThreads=2 -Djdk.net.URLClassPath.disableClassPathURLCheck=true 
Picked up _JAVA_OPTIONS: -Djdk.net.URLClassPath.disableClassPathURLCheck=true
Running org.apache.logging.log4j.core.lookup.SystemPropertiesLookupTest
Tests run: 1, Failures: 0, Errors: 0, Skipped: 0, Time elapsed: 0.021 sec - in org.apache.logging.log4j.core.lookup.SystemPropertiesLookupTest
Picked up JAVA_TOOL_OPTIONS: -XX:CICompilerCount=2 -XX:ParallelGCThreads=2 -XX:ConcGCThreads=2 -Djdk.net.URLClassPath.disableClassPathURLCheck=true -XX:CICompilerCount=2 -XX:ParallelGCThreads=2 -XX:ConcGCThreads=2 -Djdk.net.URLClassPath.disableClassPathURLCheck=true 
Picked up _JAVA_OPTIONS: -Djdk.net.URLClassPath.disableClassPathURLCheck=true
Running org.apache.logging.log4j.core.lookup.StructuredDataLookupTest
Tests run: 1, Failures: 0, Errors: 0, Skipped: 0, Time elapsed: 0.113 sec - in org.apache.logging.log4j.core.lookup.StructuredDataLookupTest
Picked up JAVA_TOOL_OPTIONS: -XX:CICompilerCount=2 -XX:ParallelGCThreads=2 -XX:ConcGCThreads=2 -Djdk.net.URLClassPath.disableClassPathURLCheck=true -XX:CICompilerCount=2 -XX:ParallelGCThreads=2 -XX:ConcGCThreads=2 -Djdk.net.URLClassPath.disableClassPathURLCheck=true 
Picked up _JAVA_OPTIONS: -Djdk.net.URLClassPath.disableClassPathURLCheck=true
Running org.apache.logging.log4j.core.lookup.DateLookupTest
Tests run: 1, Failures: 0, Errors: 0, Skipped: 0, Time elapsed: 0.056 sec - in org.apache.logging.log4j.core.lookup.DateLookupTest
Picked up JAVA_TOOL_OPTIONS: -XX:CICompilerCount=2 -XX:ParallelGCThreads=2 -XX:ConcGCThreads=2 -Djdk.net.URLClassPath.disableClassPathURLCheck=true -XX:CICompilerCount=2 -XX:ParallelGCThreads=2 -XX:ConcGCThreads=2 -Djdk.net.URLClassPath.disableClassPathURLCheck=true 
Picked up _JAVA_OPTIONS: -Djdk.net.URLClassPath.disableClassPathURLCheck=true
Running org.apache.logging.log4j.core.lookup.StrSubstitutorTest
Tests run: 1, Failures: 0, Errors: 0, Skipped: 0, Time elapsed: 0.335 sec - in org.apache.logging.log4j.core.lookup.StrSubstitutorTest
Picked up JAVA_TOOL_OPTIONS: -XX:CICompilerCount=2 -XX:ParallelGCThreads=2 -XX:ConcGCThreads=2 -Djdk.net.URLClassPath.disableClassPathURLCheck=true -XX:CICompilerCount=2 -XX:ParallelGCThreads=2 -XX:ConcGCThreads=2 -Djdk.net.URLClassPath.disableClassPathURLCheck=true 
Picked up _JAVA_OPTIONS: -Djdk.net.URLClassPath.disableClassPathURLCheck=true
Running org.apache.logging.log4j.core.lookup.EnvironmentLookupTest
Tests run: 1, Failures: 0, Errors: 0, Skipped: 0, Time elapsed: 0.006 sec - in org.apache.logging.log4j.core.lookup.EnvironmentLookupTest
Picked up JAVA_TOOL_OPTIONS: -XX:CICompilerCount=2 -XX:ParallelGCThreads=2 -XX:ConcGCThreads=2 -Djdk.net.URLClassPath.disableClassPathURLCheck=true -XX:CICompilerCount=2 -XX:ParallelGCThreads=2 -XX:ConcGCThreads=2 -Djdk.net.URLClassPath.disableClassPathURLCheck=true 
Picked up _JAVA_OPTIONS: -Djdk.net.URLClassPath.disableClassPathURLCheck=true
Running org.apache.logging.log4j.core.lookup.ResourceBundleLookupTest
Tests run: 3, Failures: 0, Errors: 0, Skipped: 0, Time elapsed: 0.018 sec - in org.apache.logging.log4j.core.lookup.ResourceBundleLookupTest
Picked up JAVA_TOOL_OPTIONS: -XX:CICompilerCount=2 -XX:ParallelGCThreads=2 -XX:ConcGCThreads=2 -Djdk.net.URLClassPath.disableClassPathURLCheck=true -XX:CICompilerCount=2 -XX:ParallelGCThreads=2 -XX:ConcGCThreads=2 -Djdk.net.URLClassPath.disableClassPathURLCheck=true 
Picked up _JAVA_OPTIONS: -Djdk.net.URLClassPath.disableClassPathURLCheck=true
log4j:WARN No appenders could be found for logger (org.mockejb.jndi.MockContext).
log4j:WARN Please initialize the log4j system properly.
log4j:WARN See http://logging.apache.org/log4j/1.2/faq.html#noconfig for more info.
Running org.apache.logging.log4j.core.lookup.InterpolatorTest
Tests run: 2, Failures: 0, Errors: 0, Skipped: 0, Time elapsed: 0.151 sec - in org.apache.logging.log4j.core.lookup.InterpolatorTest
Picked up JAVA_TOOL_OPTIONS: -XX:CICompilerCount=2 -XX:ParallelGCThreads=2 -XX:ConcGCThreads=2 -Djdk.net.URLClassPath.disableClassPathURLCheck=true -XX:CICompilerCount=2 -XX:ParallelGCThreads=2 -XX:ConcGCThreads=2 -Djdk.net.URLClassPath.disableClassPathURLCheck=true 
Picked up _JAVA_OPTIONS: -Djdk.net.URLClassPath.disableClassPathURLCheck=true
Running org.apache.logging.log4j.core.lookup.JndiLookupTest
log4j:WARN No appenders could be found for logger (org.mockejb.jndi.MockContext).
log4j:WARN Please initialize the log4j system properly.
log4j:WARN See http://logging.apache.org/log4j/1.2/faq.html#noconfig for more info.
Tests run: 1, Failures: 0, Errors: 0, Skipped: 0, Time elapsed: 0.218 sec - in org.apache.logging.log4j.core.lookup.JndiLookupTest
Picked up JAVA_TOOL_OPTIONS: -XX:CICompilerCount=2 -XX:ParallelGCThreads=2 -XX:ConcGCThreads=2 -Djdk.net.URLClassPath.disableClassPathURLCheck=true -XX:CICompilerCount=2 -XX:ParallelGCThreads=2 -XX:ConcGCThreads=2 -Djdk.net.URLClassPath.disableClassPathURLCheck=true 
Picked up _JAVA_OPTIONS: -Djdk.net.URLClassPath.disableClassPathURLCheck=true
Running org.apache.logging.log4j.core.lookup.ContextMapLookupTest
Tests run: 1, Failures: 0, Errors: 0, Skipped: 0, Time elapsed: 0.041 sec - in org.apache.logging.log4j.core.lookup.ContextMapLookupTest
Picked up JAVA_TOOL_OPTIONS: -XX:CICompilerCount=2 -XX:ParallelGCThreads=2 -XX:ConcGCThreads=2 -Djdk.net.URLClassPath.disableClassPathURLCheck=true -XX:CICompilerCount=2 -XX:ParallelGCThreads=2 -XX:ConcGCThreads=2 -Djdk.net.URLClassPath.disableClassPathURLCheck=true 
Picked up _JAVA_OPTIONS: -Djdk.net.URLClassPath.disableClassPathURLCheck=true
Running org.apache.logging.log4j.core.net.ssl.StoreConfigurationTest
Tests run: 1, Failures: 0, Errors: 0, Skipped: 1, Time elapsed: 0 sec - in org.apache.logging.log4j.core.net.ssl.StoreConfigurationTest
Picked up JAVA_TOOL_OPTIONS: -XX:CICompilerCount=2 -XX:ParallelGCThreads=2 -XX:ConcGCThreads=2 -Djdk.net.URLClassPath.disableClassPathURLCheck=true -XX:CICompilerCount=2 -XX:ParallelGCThreads=2 -XX:ConcGCThreads=2 -Djdk.net.URLClassPath.disableClassPathURLCheck=true 
Picked up _JAVA_OPTIONS: -Djdk.net.URLClassPath.disableClassPathURLCheck=true
Running org.apache.logging.log4j.core.net.ssl.SslConfigurationTest
ERROR StatusLogger The key cannot be recovered (e.g. the given password is wrong)
Tests run: 4, Failures: 0, Errors: 0, Skipped: 0, Time elapsed: 0.928 sec - in org.apache.logging.log4j.core.net.ssl.SslConfigurationTest
Picked up JAVA_TOOL_OPTIONS: -XX:CICompilerCount=2 -XX:ParallelGCThreads=2 -XX:ConcGCThreads=2 -Djdk.net.URLClassPath.disableClassPathURLCheck=true -XX:CICompilerCount=2 -XX:ParallelGCThreads=2 -XX:ConcGCThreads=2 -Djdk.net.URLClassPath.disableClassPathURLCheck=true 
Picked up _JAVA_OPTIONS: -Djdk.net.URLClassPath.disableClassPathURLCheck=true
Running org.apache.logging.log4j.core.net.ssl.TrustStoreConfigurationTest
ERROR StatusLogger Something is wrong with the format of the keystore or the given password
ERROR StatusLogger Something is wrong with the format of the keystore or the given password
Tests run: 4, Failures: 0, Errors: 0, Skipped: 0, Time elapsed: 0.097 sec - in org.apache.logging.log4j.core.net.ssl.TrustStoreConfigurationTest
Picked up JAVA_TOOL_OPTIONS: -XX:CICompilerCount=2 -XX:ParallelGCThreads=2 -XX:ConcGCThreads=2 -Djdk.net.URLClassPath.disableClassPathURLCheck=true -XX:CICompilerCount=2 -XX:ParallelGCThreads=2 -XX:ConcGCThreads=2 -Djdk.net.URLClassPath.disableClassPathURLCheck=true 
Picked up _JAVA_OPTIONS: -Djdk.net.URLClassPath.disableClassPathURLCheck=true
Running org.apache.logging.log4j.core.net.ssl.KeyStoreConfigurationTest
ERROR StatusLogger Something is wrong with the format of the keystore or the given password
ERROR StatusLogger Something is wrong with the format of the keystore or the given password
Tests run: 4, Failures: 0, Errors: 0, Skipped: 0, Time elapsed: 0.097 sec - in org.apache.logging.log4j.core.net.ssl.KeyStoreConfigurationTest
Picked up JAVA_TOOL_OPTIONS: -XX:CICompilerCount=2 -XX:ParallelGCThreads=2 -XX:ConcGCThreads=2 -Djdk.net.URLClassPath.disableClassPathURLCheck=true -XX:CICompilerCount=2 -XX:ParallelGCThreads=2 -XX:ConcGCThreads=2 -Djdk.net.URLClassPath.disableClassPathURLCheck=true 
Picked up _JAVA_OPTIONS: -Djdk.net.URLClassPath.disableClassPathURLCheck=true
log4j:WARN No appenders could be found for logger (org.mockejb.jndi.MockContext).
log4j:WARN Please initialize the log4j system properly.
log4j:WARN See http://logging.apache.org/log4j/1.2/faq.html#noconfig for more info.
Running org.apache.logging.log4j.core.net.jms.JmsTopicTest
Tests run: 1, Failures: 0, Errors: 0, Skipped: 0, Time elapsed: 0.119 sec - in org.apache.logging.log4j.core.net.jms.JmsTopicTest
Picked up JAVA_TOOL_OPTIONS: -XX:CICompilerCount=2 -XX:ParallelGCThreads=2 -XX:ConcGCThreads=2 -Djdk.net.URLClassPath.disableClassPathURLCheck=true -XX:CICompilerCount=2 -XX:ParallelGCThreads=2 -XX:ConcGCThreads=2 -Djdk.net.URLClassPath.disableClassPathURLCheck=true 
Picked up _JAVA_OPTIONS: -Djdk.net.URLClassPath.disableClassPathURLCheck=true
log4j:WARN No appenders could be found for logger (org.mockejb.jndi.MockContext).
log4j:WARN Please initialize the log4j system properly.
log4j:WARN See http://logging.apache.org/log4j/1.2/faq.html#noconfig for more info.
2020-03-11 19:28:14,910 ERROR appender Failover has no parameter that matches element Failovers
Running org.apache.logging.log4j.core.net.jms.JmsQueueFailoverTest
2020-03-11 19:28:14,988 ERROR An exception occurred processing Appender Log4j2Queue org.apache.logging.log4j.core.appender.AppenderLoggingException: javax.naming.NameNotFoundException: Name Log4j2Queue not found. 
	at org.apache.logging.log4j.core.appender.jms.JmsQueueAppender.append(JmsQueueAppender.java:58)
	at org.apache.logging.log4j.core.config.AppenderControl.callAppender(AppenderControl.java:97)
	at org.apache.logging.log4j.core.appender.rewrite.RewriteAppender.append(RewriteAppender.java:87)
	at org.apache.logging.log4j.core.config.AppenderControl.callAppender(AppenderControl.java:97)
	at org.apache.logging.log4j.core.appender.FailoverAppender.callAppender(FailoverAppender.java:117)
	at org.apache.logging.log4j.core.appender.FailoverAppender.append(FailoverAppender.java:109)
	at org.apache.logging.log4j.core.config.AppenderControl.callAppender(AppenderControl.java:97)
	at org.apache.logging.log4j.core.config.LoggerConfig.callAppenders(LoggerConfig.java:426)
	at org.apache.logging.log4j.core.config.LoggerConfig.log(LoggerConfig.java:405)
	at org.apache.logging.log4j.core.config.LoggerConfig.log(LoggerConfig.java:365)
	at org.apache.logging.log4j.core.Logger.logMessage(Logger.java:103)
	at org.apache.logging.log4j.spi.AbstractLogger.logMessage(AbstractLogger.java:1336)
	at org.apache.logging.log4j.spi.AbstractLogger.logIfEnabled(AbstractLogger.java:1325)
	at org.apache.logging.log4j.spi.AbstractLogger.debug(AbstractLogger.java:319)
	at org.apache.logging.log4j.core.net.jms.JmsQueueFailoverTest.testFailover(JmsQueueFailoverTest.java:103)
	at sun.reflect.NativeMethodAccessorImpl.invoke0(Native Method)
	at sun.reflect.NativeMethodAccessorImpl.invoke(NativeMethodAccessorImpl.java:57)
	at sun.reflect.DelegatingMethodAccessorImpl.invoke(DelegatingMethodAccessorImpl.java:43)
	at java.lang.reflect.Method.invoke(Method.java:606)
	at org.junit.runners.model.FrameworkMethod$1.runReflectiveCall(FrameworkMethod.java:47)
	at org.junit.internal.runners.model.ReflectiveCallable.run(ReflectiveCallable.java:12)
	at org.junit.runners.model.FrameworkMethod.invokeExplosively(FrameworkMethod.java:44)
	at org.junit.internal.runners.statements.InvokeMethod.evaluate(InvokeMethod.java:17)
	at org.junit.internal.runners.statements.RunBefores.evaluate(RunBefores.java:26)
	at org.junit.runners.ParentRunner.runLeaf(ParentRunner.java:271)
	at org.junit.runners.BlockJUnit4ClassRunner.runChild(BlockJUnit4ClassRunner.java:70)
	at org.junit.runners.BlockJUnit4ClassRunner.runChild(BlockJUnit4ClassRunner.java:50)
	at org.junit.runners.ParentRunner$3.run(ParentRunner.java:238)
	at org.junit.runners.ParentRunner$1.schedule(ParentRunner.java:63)
	at org.junit.runners.ParentRunner.runChildren(ParentRunner.java:236)
	at org.junit.runners.ParentRunner.access$000(ParentRunner.java:53)
	at org.junit.runners.ParentRunner$2.evaluate(ParentRunner.java:229)
	at org.junit.internal.runners.statements.RunBefores.evaluate(RunBefores.java:26)
	at org.junit.internal.runners.statements.RunAfters.evaluate(RunAfters.java:27)
	at org.junit.runners.ParentRunner.run(ParentRunner.java:309)
	at org.junit.runners.Suite.runChild(Suite.java:127)
	at org.junit.runners.Suite.runChild(Suite.java:26)
	at org.junit.runners.ParentRunner$3.run(ParentRunner.java:238)
	at org.junit.runners.ParentRunner$1.schedule(ParentRunner.java:63)
	at org.junit.runners.ParentRunner.runChildren(ParentRunner.java:236)
	at org.junit.runners.ParentRunner.access$000(ParentRunner.java:53)
	at org.junit.runners.ParentRunner$2.evaluate(ParentRunner.java:229)
	at org.junit.runners.ParentRunner.run(ParentRunner.java:309)
	at org.junit.runner.JUnitCore.run(JUnitCore.java:160)
	at org.junit.runner.JUnitCore.run(JUnitCore.java:138)
	at org.apache.maven.surefire.junitcore.JUnitCoreWrapper.createRequestAndRun(JUnitCoreWrapper.java:113)
	at org.apache.maven.surefire.junitcore.JUnitCoreWrapper.executeEager(JUnitCoreWrapper.java:85)
	at org.apache.maven.surefire.junitcore.JUnitCoreWrapper.execute(JUnitCoreWrapper.java:54)
	at org.apache.maven.surefire.junitcore.JUnitCoreProvider.invoke(JUnitCoreProvider.java:134)
	at org.apache.maven.surefire.booter.ForkedBooter.invokeProviderInSameClassLoader(ForkedBooter.java:200)
	at org.apache.maven.surefire.booter.ForkedBooter.runSuitesInProcess(ForkedBooter.java:153)
	at org.apache.maven.surefire.booter.ForkedBooter.main(ForkedBooter.java:103)
Caused by: javax.naming.NameNotFoundException: Name Log4j2Queue not found. 
	at org.mockejb.jndi.MockContext.lookup(MockContext.java:543)
	at org.mockejb.jndi.MockContext$$FastClassByCGLIB$$8f78c5.invoke(<generated>)
	at net.sf.cglib.reflect.FastMethod.invoke(FastMethod.java:53)
	at org.mockejb.interceptor.InterceptorInvoker$CglibMethodInvoker.intercept(InterceptorInvoker.java:95)
	at org.mockejb.interceptor.InvocationContext.proceed(InvocationContext.java:177)
	at org.mockejb.interceptor.InterceptorInvoker.invoke(InterceptorInvoker.java:53)
	at org.mockejb.interceptor.InterceptableProxy.intercept(InterceptableProxy.java:58)
	at $javax.naming.Context$$EnhancerByCGLIB$$79966087.lookup(<generated>)
	at javax.naming.InitialContext.lookup(InitialContext.java:411)
	at org.apache.logging.log4j.core.net.jms.AbstractJmsManager.lookup(AbstractJmsManager.java:78)
	at org.apache.logging.log4j.core.net.jms.JmsQueueManager.connect(JmsQueueManager.java:183)
	at org.apache.logging.log4j.core.net.jms.JmsQueueManager.send(JmsQueueManager.java:106)
	at org.apache.logging.log4j.core.appender.jms.JmsQueueAppender.append(JmsQueueAppender.java:56)
	... 51 more

2020-03-11 19:28:14,991 ERROR An exception occurred processing Appender Rewrite org.apache.logging.log4j.core.appender.AppenderLoggingException: javax.naming.NameNotFoundException: Name Log4j2Queue not found. 
	at org.apache.logging.log4j.core.appender.jms.JmsQueueAppender.append(JmsQueueAppender.java:58)
	at org.apache.logging.log4j.core.config.AppenderControl.callAppender(AppenderControl.java:97)
	at org.apache.logging.log4j.core.appender.rewrite.RewriteAppender.append(RewriteAppender.java:87)
	at org.apache.logging.log4j.core.config.AppenderControl.callAppender(AppenderControl.java:97)
	at org.apache.logging.log4j.core.appender.FailoverAppender.callAppender(FailoverAppender.java:117)
	at org.apache.logging.log4j.core.appender.FailoverAppender.append(FailoverAppender.java:109)
	at org.apache.logging.log4j.core.config.AppenderControl.callAppender(AppenderControl.java:97)
	at org.apache.logging.log4j.core.config.LoggerConfig.callAppenders(LoggerConfig.java:426)
	at org.apache.logging.log4j.core.config.LoggerConfig.log(LoggerConfig.java:405)
	at org.apache.logging.log4j.core.config.LoggerConfig.log(LoggerConfig.java:365)
	at org.apache.logging.log4j.core.Logger.logMessage(Logger.java:103)
	at org.apache.logging.log4j.spi.AbstractLogger.logMessage(AbstractLogger.java:1336)
	at org.apache.logging.log4j.spi.AbstractLogger.logIfEnabled(AbstractLogger.java:1325)
	at org.apache.logging.log4j.spi.AbstractLogger.debug(AbstractLogger.java:319)
	at org.apache.logging.log4j.core.net.jms.JmsQueueFailoverTest.testFailover(JmsQueueFailoverTest.java:103)
	at sun.reflect.NativeMethodAccessorImpl.invoke0(Native Method)
	at sun.reflect.NativeMethodAccessorImpl.invoke(NativeMethodAccessorImpl.java:57)
	at sun.reflect.DelegatingMethodAccessorImpl.invoke(DelegatingMethodAccessorImpl.java:43)
	at java.lang.reflect.Method.invoke(Method.java:606)
	at org.junit.runners.model.FrameworkMethod$1.runReflectiveCall(FrameworkMethod.java:47)
	at org.junit.internal.runners.model.ReflectiveCallable.run(ReflectiveCallable.java:12)
	at org.junit.runners.model.FrameworkMethod.invokeExplosively(FrameworkMethod.java:44)
	at org.junit.internal.runners.statements.InvokeMethod.evaluate(InvokeMethod.java:17)
	at org.junit.internal.runners.statements.RunBefores.evaluate(RunBefores.java:26)
	at org.junit.runners.ParentRunner.runLeaf(ParentRunner.java:271)
	at org.junit.runners.BlockJUnit4ClassRunner.runChild(BlockJUnit4ClassRunner.java:70)
	at org.junit.runners.BlockJUnit4ClassRunner.runChild(BlockJUnit4ClassRunner.java:50)
	at org.junit.runners.ParentRunner$3.run(ParentRunner.java:238)
	at org.junit.runners.ParentRunner$1.schedule(ParentRunner.java:63)
	at org.junit.runners.ParentRunner.runChildren(ParentRunner.java:236)
	at org.junit.runners.ParentRunner.access$000(ParentRunner.java:53)
	at org.junit.runners.ParentRunner$2.evaluate(ParentRunner.java:229)
	at org.junit.internal.runners.statements.RunBefores.evaluate(RunBefores.java:26)
	at org.junit.internal.runners.statements.RunAfters.evaluate(RunAfters.java:27)
	at org.junit.runners.ParentRunner.run(ParentRunner.java:309)
	at org.junit.runners.Suite.runChild(Suite.java:127)
	at org.junit.runners.Suite.runChild(Suite.java:26)
	at org.junit.runners.ParentRunner$3.run(ParentRunner.java:238)
	at org.junit.runners.ParentRunner$1.schedule(ParentRunner.java:63)
	at org.junit.runners.ParentRunner.runChildren(ParentRunner.java:236)
	at org.junit.runners.ParentRunner.access$000(ParentRunner.java:53)
	at org.junit.runners.ParentRunner$2.evaluate(ParentRunner.java:229)
	at org.junit.runners.ParentRunner.run(ParentRunner.java:309)
	at org.junit.runner.JUnitCore.run(JUnitCore.java:160)
	at org.junit.runner.JUnitCore.run(JUnitCore.java:138)
	at org.apache.maven.surefire.junitcore.JUnitCoreWrapper.createRequestAndRun(JUnitCoreWrapper.java:113)
	at org.apache.maven.surefire.junitcore.JUnitCoreWrapper.executeEager(JUnitCoreWrapper.java:85)
	at org.apache.maven.surefire.junitcore.JUnitCoreWrapper.execute(JUnitCoreWrapper.java:54)
	at org.apache.maven.surefire.junitcore.JUnitCoreProvider.invoke(JUnitCoreProvider.java:134)
	at org.apache.maven.surefire.booter.ForkedBooter.invokeProviderInSameClassLoader(ForkedBooter.java:200)
	at org.apache.maven.surefire.booter.ForkedBooter.runSuitesInProcess(ForkedBooter.java:153)
	at org.apache.maven.surefire.booter.ForkedBooter.main(ForkedBooter.java:103)
Caused by: javax.naming.NameNotFoundException: Name Log4j2Queue not found. 
	at org.mockejb.jndi.MockContext.lookup(MockContext.java:543)
	at org.mockejb.jndi.MockContext$$FastClassByCGLIB$$8f78c5.invoke(<generated>)
	at net.sf.cglib.reflect.FastMethod.invoke(FastMethod.java:53)
	at org.mockejb.interceptor.InterceptorInvoker$CglibMethodInvoker.intercept(InterceptorInvoker.java:95)
	at org.mockejb.interceptor.InvocationContext.proceed(InvocationContext.java:177)
	at org.mockejb.interceptor.InterceptorInvoker.invoke(InterceptorInvoker.java:53)
	at org.mockejb.interceptor.InterceptableProxy.intercept(InterceptableProxy.java:58)
	at $javax.naming.Context$$EnhancerByCGLIB$$79966087.lookup(<generated>)
	at javax.naming.InitialContext.lookup(InitialContext.java:411)
	at org.apache.logging.log4j.core.net.jms.AbstractJmsManager.lookup(AbstractJmsManager.java:78)
	at org.apache.logging.log4j.core.net.jms.JmsQueueManager.connect(JmsQueueManager.java:183)
	at org.apache.logging.log4j.core.net.jms.JmsQueueManager.send(JmsQueueManager.java:106)
	at org.apache.logging.log4j.core.appender.jms.JmsQueueAppender.append(JmsQueueAppender.java:56)
	... 51 more

Tests run: 2, Failures: 0, Errors: 0, Skipped: 0, Time elapsed: 0.037 sec - in org.apache.logging.log4j.core.net.jms.JmsQueueFailoverTest
Picked up JAVA_TOOL_OPTIONS: -XX:CICompilerCount=2 -XX:ParallelGCThreads=2 -XX:ConcGCThreads=2 -Djdk.net.URLClassPath.disableClassPathURLCheck=true -XX:CICompilerCount=2 -XX:ParallelGCThreads=2 -XX:ConcGCThreads=2 -Djdk.net.URLClassPath.disableClassPathURLCheck=true 
Picked up _JAVA_OPTIONS: -Djdk.net.URLClassPath.disableClassPathURLCheck=true
log4j:WARN No appenders could be found for logger (org.mockejb.jndi.MockContext).
log4j:WARN Please initialize the log4j system properly.
log4j:WARN See http://logging.apache.org/log4j/1.2/faq.html#noconfig for more info.
Running org.apache.logging.log4j.core.net.jms.JmsQueueTest
Tests run: 1, Failures: 0, Errors: 0, Skipped: 0, Time elapsed: 0.115 sec - in org.apache.logging.log4j.core.net.jms.JmsQueueTest
Picked up JAVA_TOOL_OPTIONS: -XX:CICompilerCount=2 -XX:ParallelGCThreads=2 -XX:ConcGCThreads=2 -Djdk.net.URLClassPath.disableClassPathURLCheck=true -XX:CICompilerCount=2 -XX:ParallelGCThreads=2 -XX:ConcGCThreads=2 -Djdk.net.URLClassPath.disableClassPathURLCheck=true 
Picked up _JAVA_OPTIONS: -Djdk.net.URLClassPath.disableClassPathURLCheck=true
log4j:WARN No appenders could be found for logger (org.mockejb.jndi.MockContext).
log4j:WARN Please initialize the log4j system properly.
log4j:WARN See http://logging.apache.org/log4j/1.2/faq.html#noconfig for more info.
Running org.apache.logging.log4j.core.net.jms.JmsQueueAppenderTest
Tests run: 1, Failures: 0, Errors: 0, Skipped: 0, Time elapsed: 0.002 sec - in org.apache.logging.log4j.core.net.jms.JmsQueueAppenderTest
Picked up JAVA_TOOL_OPTIONS: -XX:CICompilerCount=2 -XX:ParallelGCThreads=2 -XX:ConcGCThreads=2 -Djdk.net.URLClassPath.disableClassPathURLCheck=true -XX:CICompilerCount=2 -XX:ParallelGCThreads=2 -XX:ConcGCThreads=2 -Djdk.net.URLClassPath.disableClassPathURLCheck=true 
Picked up _JAVA_OPTIONS: -Djdk.net.URLClassPath.disableClassPathURLCheck=true
log4j:WARN No appenders could be found for logger (org.mockejb.jndi.MockContext).
log4j:WARN Please initialize the log4j system properly.
log4j:WARN See http://logging.apache.org/log4j/1.2/faq.html#noconfig for more info.
2020-03-11 19:28:17,366 ERROR appender Failover has no parameter that matches element Failovers
Running org.apache.logging.log4j.core.net.jms.JmsTopicFailoverTest
2020-03-11 19:28:17,466 ERROR An exception occurred processing Appender Log4j2Topic org.apache.logging.log4j.core.appender.AppenderLoggingException: javax.naming.NameNotFoundException: Name Log4j2Topic not found. 
	at org.apache.logging.log4j.core.appender.jms.JmsTopicAppender.append(JmsTopicAppender.java:58)
	at org.apache.logging.log4j.core.config.AppenderControl.callAppender(AppenderControl.java:97)
	at org.apache.logging.log4j.core.appender.rewrite.RewriteAppender.append(RewriteAppender.java:87)
	at org.apache.logging.log4j.core.config.AppenderControl.callAppender(AppenderControl.java:97)
	at org.apache.logging.log4j.core.appender.FailoverAppender.callAppender(FailoverAppender.java:117)
	at org.apache.logging.log4j.core.appender.FailoverAppender.append(FailoverAppender.java:109)
	at org.apache.logging.log4j.core.config.AppenderControl.callAppender(AppenderControl.java:97)
	at org.apache.logging.log4j.core.config.LoggerConfig.callAppenders(LoggerConfig.java:426)
	at org.apache.logging.log4j.core.config.LoggerConfig.log(LoggerConfig.java:405)
	at org.apache.logging.log4j.core.config.LoggerConfig.log(LoggerConfig.java:365)
	at org.apache.logging.log4j.core.Logger.logMessage(Logger.java:103)
	at org.apache.logging.log4j.spi.AbstractLogger.logMessage(AbstractLogger.java:1336)
	at org.apache.logging.log4j.spi.AbstractLogger.logIfEnabled(AbstractLogger.java:1325)
	at org.apache.logging.log4j.spi.AbstractLogger.debug(AbstractLogger.java:319)
	at org.apache.logging.log4j.core.net.jms.JmsTopicFailoverTest.testFailover(JmsTopicFailoverTest.java:102)
	at sun.reflect.NativeMethodAccessorImpl.invoke0(Native Method)
	at sun.reflect.NativeMethodAccessorImpl.invoke(NativeMethodAccessorImpl.java:57)
	at sun.reflect.DelegatingMethodAccessorImpl.invoke(DelegatingMethodAccessorImpl.java:43)
	at java.lang.reflect.Method.invoke(Method.java:606)
	at org.junit.runners.model.FrameworkMethod$1.runReflectiveCall(FrameworkMethod.java:47)
	at org.junit.internal.runners.model.ReflectiveCallable.run(ReflectiveCallable.java:12)
	at org.junit.runners.model.FrameworkMethod.invokeExplosively(FrameworkMethod.java:44)
	at org.junit.internal.runners.statements.InvokeMethod.evaluate(InvokeMethod.java:17)
	at org.junit.internal.runners.statements.RunBefores.evaluate(RunBefores.java:26)
	at org.junit.runners.ParentRunner.runLeaf(ParentRunner.java:271)
	at org.junit.runners.BlockJUnit4ClassRunner.runChild(BlockJUnit4ClassRunner.java:70)
	at org.junit.runners.BlockJUnit4ClassRunner.runChild(BlockJUnit4ClassRunner.java:50)
	at org.junit.runners.ParentRunner$3.run(ParentRunner.java:238)
	at org.junit.runners.ParentRunner$1.schedule(ParentRunner.java:63)
	at org.junit.runners.ParentRunner.runChildren(ParentRunner.java:236)
	at org.junit.runners.ParentRunner.access$000(ParentRunner.java:53)
	at org.junit.runners.ParentRunner$2.evaluate(ParentRunner.java:229)
	at org.junit.internal.runners.statements.RunBefores.evaluate(RunBefores.java:26)
	at org.junit.internal.runners.statements.RunAfters.evaluate(RunAfters.java:27)
	at org.junit.runners.ParentRunner.run(ParentRunner.java:309)
	at org.junit.runners.Suite.runChild(Suite.java:127)
	at org.junit.runners.Suite.runChild(Suite.java:26)
	at org.junit.runners.ParentRunner$3.run(ParentRunner.java:238)
	at org.junit.runners.ParentRunner$1.schedule(ParentRunner.java:63)
	at org.junit.runners.ParentRunner.runChildren(ParentRunner.java:236)
	at org.junit.runners.ParentRunner.access$000(ParentRunner.java:53)
	at org.junit.runners.ParentRunner$2.evaluate(ParentRunner.java:229)
	at org.junit.runners.ParentRunner.run(ParentRunner.java:309)
	at org.junit.runner.JUnitCore.run(JUnitCore.java:160)
	at org.junit.runner.JUnitCore.run(JUnitCore.java:138)
	at org.apache.maven.surefire.junitcore.JUnitCoreWrapper.createRequestAndRun(JUnitCoreWrapper.java:113)
	at org.apache.maven.surefire.junitcore.JUnitCoreWrapper.executeEager(JUnitCoreWrapper.java:85)
	at org.apache.maven.surefire.junitcore.JUnitCoreWrapper.execute(JUnitCoreWrapper.java:54)
	at org.apache.maven.surefire.junitcore.JUnitCoreProvider.invoke(JUnitCoreProvider.java:134)
	at org.apache.maven.surefire.booter.ForkedBooter.invokeProviderInSameClassLoader(ForkedBooter.java:200)
	at org.apache.maven.surefire.booter.ForkedBooter.runSuitesInProcess(ForkedBooter.java:153)
	at org.apache.maven.surefire.booter.ForkedBooter.main(ForkedBooter.java:103)
Caused by: javax.naming.NameNotFoundException: Name Log4j2Topic not found. 
	at org.mockejb.jndi.MockContext.lookup(MockContext.java:543)
	at org.mockejb.jndi.MockContext$$FastClassByCGLIB$$8f78c5.invoke(<generated>)
	at net.sf.cglib.reflect.FastMethod.invoke(FastMethod.java:53)
	at org.mockejb.interceptor.InterceptorInvoker$CglibMethodInvoker.intercept(InterceptorInvoker.java:95)
	at org.mockejb.interceptor.InvocationContext.proceed(InvocationContext.java:177)
	at org.mockejb.interceptor.InterceptorInvoker.invoke(InterceptorInvoker.java:53)
	at org.mockejb.interceptor.InterceptableProxy.intercept(InterceptableProxy.java:58)
	at $javax.naming.Context$$EnhancerByCGLIB$$d01595b3.lookup(<generated>)
	at javax.naming.InitialContext.lookup(InitialContext.java:411)
	at org.apache.logging.log4j.core.net.jms.AbstractJmsManager.lookup(AbstractJmsManager.java:78)
	at org.apache.logging.log4j.core.net.jms.JmsTopicManager.connect(JmsTopicManager.java:183)
	at org.apache.logging.log4j.core.net.jms.JmsTopicManager.send(JmsTopicManager.java:106)
	at org.apache.logging.log4j.core.appender.jms.JmsTopicAppender.append(JmsTopicAppender.java:56)
	... 51 more

2020-03-11 19:28:17,469 ERROR An exception occurred processing Appender Rewrite org.apache.logging.log4j.core.appender.AppenderLoggingException: javax.naming.NameNotFoundException: Name Log4j2Topic not found. 
	at org.apache.logging.log4j.core.appender.jms.JmsTopicAppender.append(JmsTopicAppender.java:58)
	at org.apache.logging.log4j.core.config.AppenderControl.callAppender(AppenderControl.java:97)
	at org.apache.logging.log4j.core.appender.rewrite.RewriteAppender.append(RewriteAppender.java:87)
	at org.apache.logging.log4j.core.config.AppenderControl.callAppender(AppenderControl.java:97)
	at org.apache.logging.log4j.core.appender.FailoverAppender.callAppender(FailoverAppender.java:117)
	at org.apache.logging.log4j.core.appender.FailoverAppender.append(FailoverAppender.java:109)
	at org.apache.logging.log4j.core.config.AppenderControl.callAppender(AppenderControl.java:97)
	at org.apache.logging.log4j.core.config.LoggerConfig.callAppenders(LoggerConfig.java:426)
	at org.apache.logging.log4j.core.config.LoggerConfig.log(LoggerConfig.java:405)
	at org.apache.logging.log4j.core.config.LoggerConfig.log(LoggerConfig.java:365)
	at org.apache.logging.log4j.core.Logger.logMessage(Logger.java:103)
	at org.apache.logging.log4j.spi.AbstractLogger.logMessage(AbstractLogger.java:1336)
	at org.apache.logging.log4j.spi.AbstractLogger.logIfEnabled(AbstractLogger.java:1325)
	at org.apache.logging.log4j.spi.AbstractLogger.debug(AbstractLogger.java:319)
	at org.apache.logging.log4j.core.net.jms.JmsTopicFailoverTest.testFailover(JmsTopicFailoverTest.java:102)
	at sun.reflect.NativeMethodAccessorImpl.invoke0(Native Method)
	at sun.reflect.NativeMethodAccessorImpl.invoke(NativeMethodAccessorImpl.java:57)
	at sun.reflect.DelegatingMethodAccessorImpl.invoke(DelegatingMethodAccessorImpl.java:43)
	at java.lang.reflect.Method.invoke(Method.java:606)
	at org.junit.runners.model.FrameworkMethod$1.runReflectiveCall(FrameworkMethod.java:47)
	at org.junit.internal.runners.model.ReflectiveCallable.run(ReflectiveCallable.java:12)
	at org.junit.runners.model.FrameworkMethod.invokeExplosively(FrameworkMethod.java:44)
	at org.junit.internal.runners.statements.InvokeMethod.evaluate(InvokeMethod.java:17)
	at org.junit.internal.runners.statements.RunBefores.evaluate(RunBefores.java:26)
	at org.junit.runners.ParentRunner.runLeaf(ParentRunner.java:271)
	at org.junit.runners.BlockJUnit4ClassRunner.runChild(BlockJUnit4ClassRunner.java:70)
	at org.junit.runners.BlockJUnit4ClassRunner.runChild(BlockJUnit4ClassRunner.java:50)
	at org.junit.runners.ParentRunner$3.run(ParentRunner.java:238)
	at org.junit.runners.ParentRunner$1.schedule(ParentRunner.java:63)
	at org.junit.runners.ParentRunner.runChildren(ParentRunner.java:236)
	at org.junit.runners.ParentRunner.access$000(ParentRunner.java:53)
	at org.junit.runners.ParentRunner$2.evaluate(ParentRunner.java:229)
	at org.junit.internal.runners.statements.RunBefores.evaluate(RunBefores.java:26)
	at org.junit.internal.runners.statements.RunAfters.evaluate(RunAfters.java:27)
	at org.junit.runners.ParentRunner.run(ParentRunner.java:309)
	at org.junit.runners.Suite.runChild(Suite.java:127)
	at org.junit.runners.Suite.runChild(Suite.java:26)
	at org.junit.runners.ParentRunner$3.run(ParentRunner.java:238)
	at org.junit.runners.ParentRunner$1.schedule(ParentRunner.java:63)
	at org.junit.runners.ParentRunner.runChildren(ParentRunner.java:236)
	at org.junit.runners.ParentRunner.access$000(ParentRunner.java:53)
	at org.junit.runners.ParentRunner$2.evaluate(ParentRunner.java:229)
	at org.junit.runners.ParentRunner.run(ParentRunner.java:309)
	at org.junit.runner.JUnitCore.run(JUnitCore.java:160)
	at org.junit.runner.JUnitCore.run(JUnitCore.java:138)
	at org.apache.maven.surefire.junitcore.JUnitCoreWrapper.createRequestAndRun(JUnitCoreWrapper.java:113)
	at org.apache.maven.surefire.junitcore.JUnitCoreWrapper.executeEager(JUnitCoreWrapper.java:85)
	at org.apache.maven.surefire.junitcore.JUnitCoreWrapper.execute(JUnitCoreWrapper.java:54)
	at org.apache.maven.surefire.junitcore.JUnitCoreProvider.invoke(JUnitCoreProvider.java:134)
	at org.apache.maven.surefire.booter.ForkedBooter.invokeProviderInSameClassLoader(ForkedBooter.java:200)
	at org.apache.maven.surefire.booter.ForkedBooter.runSuitesInProcess(ForkedBooter.java:153)
	at org.apache.maven.surefire.booter.ForkedBooter.main(ForkedBooter.java:103)
Caused by: javax.naming.NameNotFoundException: Name Log4j2Topic not found. 
	at org.mockejb.jndi.MockContext.lookup(MockContext.java:543)
	at org.mockejb.jndi.MockContext$$FastClassByCGLIB$$8f78c5.invoke(<generated>)
	at net.sf.cglib.reflect.FastMethod.invoke(FastMethod.java:53)
	at org.mockejb.interceptor.InterceptorInvoker$CglibMethodInvoker.intercept(InterceptorInvoker.java:95)
	at org.mockejb.interceptor.InvocationContext.proceed(InvocationContext.java:177)
	at org.mockejb.interceptor.InterceptorInvoker.invoke(InterceptorInvoker.java:53)
	at org.mockejb.interceptor.InterceptableProxy.intercept(InterceptableProxy.java:58)
	at $javax.naming.Context$$EnhancerByCGLIB$$d01595b3.lookup(<generated>)
	at javax.naming.InitialContext.lookup(InitialContext.java:411)
	at org.apache.logging.log4j.core.net.jms.AbstractJmsManager.lookup(AbstractJmsManager.java:78)
	at org.apache.logging.log4j.core.net.jms.JmsTopicManager.connect(JmsTopicManager.java:183)
	at org.apache.logging.log4j.core.net.jms.JmsTopicManager.send(JmsTopicManager.java:106)
	at org.apache.logging.log4j.core.appender.jms.JmsTopicAppender.append(JmsTopicAppender.java:56)
	... 51 more

Tests run: 2, Failures: 0, Errors: 0, Skipped: 0, Time elapsed: 0.042 sec - in org.apache.logging.log4j.core.net.jms.JmsTopicFailoverTest
Picked up JAVA_TOOL_OPTIONS: -XX:CICompilerCount=2 -XX:ParallelGCThreads=2 -XX:ConcGCThreads=2 -Djdk.net.URLClassPath.disableClassPathURLCheck=true -XX:CICompilerCount=2 -XX:ParallelGCThreads=2 -XX:ConcGCThreads=2 -Djdk.net.URLClassPath.disableClassPathURLCheck=true 
Picked up _JAVA_OPTIONS: -Djdk.net.URLClassPath.disableClassPathURLCheck=true
Running org.apache.logging.log4j.core.net.server.TcpXmlSocketServerTest
Tests run: 6, Failures: 0, Errors: 0, Skipped: 2, Time elapsed: 0.419 sec - in org.apache.logging.log4j.core.net.server.TcpXmlSocketServerTest
Picked up JAVA_TOOL_OPTIONS: -XX:CICompilerCount=2 -XX:ParallelGCThreads=2 -XX:ConcGCThreads=2 -Djdk.net.URLClassPath.disableClassPathURLCheck=true -XX:CICompilerCount=2 -XX:ParallelGCThreads=2 -XX:ConcGCThreads=2 -Djdk.net.URLClassPath.disableClassPathURLCheck=true 
Picked up _JAVA_OPTIONS: -Djdk.net.URLClassPath.disableClassPathURLCheck=true
Running org.apache.logging.log4j.core.net.server.UdpSerializedSocketServerTest
Tests run: 6, Failures: 0, Errors: 0, Skipped: 2, Time elapsed: 0.199 sec - in org.apache.logging.log4j.core.net.server.UdpSerializedSocketServerTest
Picked up JAVA_TOOL_OPTIONS: -XX:CICompilerCount=2 -XX:ParallelGCThreads=2 -XX:ConcGCThreads=2 -Djdk.net.URLClassPath.disableClassPathURLCheck=true -XX:CICompilerCount=2 -XX:ParallelGCThreads=2 -XX:ConcGCThreads=2 -Djdk.net.URLClassPath.disableClassPathURLCheck=true 
Picked up _JAVA_OPTIONS: -Djdk.net.URLClassPath.disableClassPathURLCheck=true
Running org.apache.logging.log4j.core.net.server.TcpJsonSocketServerTest
Tests run: 6, Failures: 0, Errors: 0, Skipped: 2, Time elapsed: 0.342 sec - in org.apache.logging.log4j.core.net.server.TcpJsonSocketServerTest
Picked up JAVA_TOOL_OPTIONS: -XX:CICompilerCount=2 -XX:ParallelGCThreads=2 -XX:ConcGCThreads=2 -Djdk.net.URLClassPath.disableClassPathURLCheck=true -XX:CICompilerCount=2 -XX:ParallelGCThreads=2 -XX:ConcGCThreads=2 -Djdk.net.URLClassPath.disableClassPathURLCheck=true 
Picked up _JAVA_OPTIONS: -Djdk.net.URLClassPath.disableClassPathURLCheck=true
Running org.apache.logging.log4j.core.net.server.UdpXmlSocketServerTest
Tests run: 6, Failures: 0, Errors: 0, Skipped: 2, Time elapsed: 0.27 sec - in org.apache.logging.log4j.core.net.server.UdpXmlSocketServerTest
Picked up JAVA_TOOL_OPTIONS: -XX:CICompilerCount=2 -XX:ParallelGCThreads=2 -XX:ConcGCThreads=2 -Djdk.net.URLClassPath.disableClassPathURLCheck=true -XX:CICompilerCount=2 -XX:ParallelGCThreads=2 -XX:ConcGCThreads=2 -Djdk.net.URLClassPath.disableClassPathURLCheck=true 
Picked up _JAVA_OPTIONS: -Djdk.net.URLClassPath.disableClassPathURLCheck=true
Running org.apache.logging.log4j.core.net.server.UdpJsonSocketServerTest
Tests run: 6, Failures: 0, Errors: 0, Skipped: 2, Time elapsed: 0.254 sec - in org.apache.logging.log4j.core.net.server.UdpJsonSocketServerTest
Picked up JAVA_TOOL_OPTIONS: -XX:CICompilerCount=2 -XX:ParallelGCThreads=2 -XX:ConcGCThreads=2 -Djdk.net.URLClassPath.disableClassPathURLCheck=true -XX:CICompilerCount=2 -XX:ParallelGCThreads=2 -XX:ConcGCThreads=2 -Djdk.net.URLClassPath.disableClassPathURLCheck=true 
Picked up _JAVA_OPTIONS: -Djdk.net.URLClassPath.disableClassPathURLCheck=true
Running org.apache.logging.log4j.core.net.server.TcpSerializedSocketServerTest
Tests run: 6, Failures: 0, Errors: 0, Skipped: 2, Time elapsed: 0.265 sec - in org.apache.logging.log4j.core.net.server.TcpSerializedSocketServerTest
Picked up JAVA_TOOL_OPTIONS: -XX:CICompilerCount=2 -XX:ParallelGCThreads=2 -XX:ConcGCThreads=2 -Djdk.net.URLClassPath.disableClassPathURLCheck=true -XX:CICompilerCount=2 -XX:ParallelGCThreads=2 -XX:ConcGCThreads=2 -Djdk.net.URLClassPath.disableClassPathURLCheck=true 
Picked up _JAVA_OPTIONS: -Djdk.net.URLClassPath.disableClassPathURLCheck=true
Running org.apache.logging.log4j.core.net.server.SslXmlSocketServerTest
Tests run: 6, Failures: 0, Errors: 0, Skipped: 2, Time elapsed: 0.605 sec - in org.apache.logging.log4j.core.net.server.SslXmlSocketServerTest
Picked up JAVA_TOOL_OPTIONS: -XX:CICompilerCount=2 -XX:ParallelGCThreads=2 -XX:ConcGCThreads=2 -Djdk.net.URLClassPath.disableClassPathURLCheck=true -XX:CICompilerCount=2 -XX:ParallelGCThreads=2 -XX:ConcGCThreads=2 -Djdk.net.URLClassPath.disableClassPathURLCheck=true 
Picked up _JAVA_OPTIONS: -Djdk.net.URLClassPath.disableClassPathURLCheck=true
Running org.apache.logging.log4j.core.net.SocketReconnectTest
Tests run: 1, Failures: 0, Errors: 0, Skipped: 1, Time elapsed: 0 sec - in org.apache.logging.log4j.core.net.SocketReconnectTest
Picked up JAVA_TOOL_OPTIONS: -XX:CICompilerCount=2 -XX:ParallelGCThreads=2 -XX:ConcGCThreads=2 -Djdk.net.URLClassPath.disableClassPathURLCheck=true -XX:CICompilerCount=2 -XX:ParallelGCThreads=2 -XX:ConcGCThreads=2 -Djdk.net.URLClassPath.disableClassPathURLCheck=true 
Picked up _JAVA_OPTIONS: -Djdk.net.URLClassPath.disableClassPathURLCheck=true
Running org.apache.logging.log4j.core.net.SocketMessageLossTest
Tests run: 1, Failures: 0, Errors: 0, Skipped: 1, Time elapsed: 0 sec - in org.apache.logging.log4j.core.net.SocketMessageLossTest
Picked up JAVA_TOOL_OPTIONS: -XX:CICompilerCount=2 -XX:ParallelGCThreads=2 -XX:ConcGCThreads=2 -Djdk.net.URLClassPath.disableClassPathURLCheck=true -XX:CICompilerCount=2 -XX:ParallelGCThreads=2 -XX:ConcGCThreads=2 -Djdk.net.URLClassPath.disableClassPathURLCheck=true 
Picked up _JAVA_OPTIONS: -Djdk.net.URLClassPath.disableClassPathURLCheck=true
Running org.apache.logging.log4j.core.net.SocketTest
Tests run: 1, Failures: 0, Errors: 0, Skipped: 1, Time elapsed: 0.001 sec - in org.apache.logging.log4j.core.net.SocketTest
Picked up JAVA_TOOL_OPTIONS: -XX:CICompilerCount=2 -XX:ParallelGCThreads=2 -XX:ConcGCThreads=2 -Djdk.net.URLClassPath.disableClassPathURLCheck=true -XX:CICompilerCount=2 -XX:ParallelGCThreads=2 -XX:ConcGCThreads=2 -Djdk.net.URLClassPath.disableClassPathURLCheck=true 
Picked up _JAVA_OPTIONS: -Djdk.net.URLClassPath.disableClassPathURLCheck=true
Running org.apache.logging.log4j.core.net.PriorityTest
Tests run: 1, Failures: 0, Errors: 0, Skipped: 0, Time elapsed: 0.005 sec - in org.apache.logging.log4j.core.net.PriorityTest
Picked up JAVA_TOOL_OPTIONS: -XX:CICompilerCount=2 -XX:ParallelGCThreads=2 -XX:ConcGCThreads=2 -Djdk.net.URLClassPath.disableClassPathURLCheck=true -XX:CICompilerCount=2 -XX:ParallelGCThreads=2 -XX:ConcGCThreads=2 -Djdk.net.URLClassPath.disableClassPathURLCheck=true 
Picked up _JAVA_OPTIONS: -Djdk.net.URLClassPath.disableClassPathURLCheck=true
Running org.apache.logging.log4j.core.async.AsyncLoggerContextTest
Tests run: 1, Failures: 0, Errors: 0, Skipped: 0, Time elapsed: 0.306 sec - in org.apache.logging.log4j.core.async.AsyncLoggerContextTest
Picked up JAVA_TOOL_OPTIONS: -XX:CICompilerCount=2 -XX:ParallelGCThreads=2 -XX:ConcGCThreads=2 -Djdk.net.URLClassPath.disableClassPathURLCheck=true -XX:CICompilerCount=2 -XX:ParallelGCThreads=2 -XX:ConcGCThreads=2 -Djdk.net.URLClassPath.disableClassPathURLCheck=true 
Picked up _JAVA_OPTIONS: -Djdk.net.URLClassPath.disableClassPathURLCheck=true
Running org.apache.logging.log4j.core.async.AsyncLoggerTest
Tests run: 1, Failures: 0, Errors: 0, Skipped: 0, Time elapsed: 0.432 sec - in org.apache.logging.log4j.core.async.AsyncLoggerTest
Picked up JAVA_TOOL_OPTIONS: -XX:CICompilerCount=2 -XX:ParallelGCThreads=2 -XX:ConcGCThreads=2 -Djdk.net.URLClassPath.disableClassPathURLCheck=true -XX:CICompilerCount=2 -XX:ParallelGCThreads=2 -XX:ConcGCThreads=2 -Djdk.net.URLClassPath.disableClassPathURLCheck=true 
Picked up _JAVA_OPTIONS: -Djdk.net.URLClassPath.disableClassPathURLCheck=true
Running org.apache.logging.log4j.core.async.AsyncLoggerLocationTest
Tests run: 1, Failures: 0, Errors: 0, Skipped: 0, Time elapsed: 0.443 sec - in org.apache.logging.log4j.core.async.AsyncLoggerLocationTest
Picked up JAVA_TOOL_OPTIONS: -XX:CICompilerCount=2 -XX:ParallelGCThreads=2 -XX:ConcGCThreads=2 -Djdk.net.URLClassPath.disableClassPathURLCheck=true -XX:CICompilerCount=2 -XX:ParallelGCThreads=2 -XX:ConcGCThreads=2 -Djdk.net.URLClassPath.disableClassPathURLCheck=true 
Picked up _JAVA_OPTIONS: -Djdk.net.URLClassPath.disableClassPathURLCheck=true
Running org.apache.logging.log4j.core.async.AsyncLoggerContextSelectorTest
Tests run: 4, Failures: 0, Errors: 0, Skipped: 0, Time elapsed: 0.117 sec - in org.apache.logging.log4j.core.async.AsyncLoggerContextSelectorTest
Picked up JAVA_TOOL_OPTIONS: -XX:CICompilerCount=2 -XX:ParallelGCThreads=2 -XX:ConcGCThreads=2 -Djdk.net.URLClassPath.disableClassPathURLCheck=true -XX:CICompilerCount=2 -XX:ParallelGCThreads=2 -XX:ConcGCThreads=2 -Djdk.net.URLClassPath.disableClassPathURLCheck=true 
Picked up _JAVA_OPTIONS: -Djdk.net.URLClassPath.disableClassPathURLCheck=true
Running org.apache.logging.log4j.core.async.AsyncLoggerUseAfterShutdownTest
2020-03-11 19:29:07,125 FATAL Ignoring log event after log4j was shut down
Tests run: 1, Failures: 0, Errors: 0, Skipped: 0, Time elapsed: 0.428 sec - in org.apache.logging.log4j.core.async.AsyncLoggerUseAfterShutdownTest
Picked up JAVA_TOOL_OPTIONS: -XX:CICompilerCount=2 -XX:ParallelGCThreads=2 -XX:ConcGCThreads=2 -Djdk.net.URLClassPath.disableClassPathURLCheck=true -XX:CICompilerCount=2 -XX:ParallelGCThreads=2 -XX:ConcGCThreads=2 -Djdk.net.URLClassPath.disableClassPathURLCheck=true 
Picked up _JAVA_OPTIONS: -Djdk.net.URLClassPath.disableClassPathURLCheck=true
Running org.apache.logging.log4j.core.async.AsyncLoggerThreadNameStrategyTest
Tests run: 5, Failures: 0, Errors: 0, Skipped: 0, Time elapsed: 0.06 sec - in org.apache.logging.log4j.core.async.AsyncLoggerThreadNameStrategyTest
Picked up JAVA_TOOL_OPTIONS: -XX:CICompilerCount=2 -XX:ParallelGCThreads=2 -XX:ConcGCThreads=2 -Djdk.net.URLClassPath.disableClassPathURLCheck=true -XX:CICompilerCount=2 -XX:ParallelGCThreads=2 -XX:ConcGCThreads=2 -Djdk.net.URLClassPath.disableClassPathURLCheck=true 
Picked up _JAVA_OPTIONS: -Djdk.net.URLClassPath.disableClassPathURLCheck=true
Running org.apache.logging.log4j.core.async.AsyncLoggerConfigUseAfterShutdownTest
2020-03-11 19:29:08,194 FATAL Ignoring log event after log4j was shut down
Tests run: 1, Failures: 0, Errors: 0, Skipped: 0, Time elapsed: 0.42 sec - in org.apache.logging.log4j.core.async.AsyncLoggerConfigUseAfterShutdownTest
Picked up JAVA_TOOL_OPTIONS: -XX:CICompilerCount=2 -XX:ParallelGCThreads=2 -XX:ConcGCThreads=2 -Djdk.net.URLClassPath.disableClassPathURLCheck=true -XX:CICompilerCount=2 -XX:ParallelGCThreads=2 -XX:ConcGCThreads=2 -Djdk.net.URLClassPath.disableClassPathURLCheck=true 
Picked up _JAVA_OPTIONS: -Djdk.net.URLClassPath.disableClassPathURLCheck=true
2020-03-11 19:29:08,771 ERROR Unable to set up error Appender. No appender named STDOUT was configured
Running org.apache.logging.log4j.core.async.AsyncLoggersWithAsyncAppenderTest
Tests run: 1, Failures: 1, Errors: 0, Skipped: 0, Time elapsed: 0.133 sec <<< FAILURE! - in org.apache.logging.log4j.core.async.AsyncLoggersWithAsyncAppenderTest
testLoggingWorks(org.apache.logging.log4j.core.async.AsyncLoggersWithAsyncAppenderTest)  Time elapsed: 0.116 sec  <<< FAILURE!
java.lang.AssertionError: Incorrect number of events. Expected 2, got 0
	at org.junit.Assert.fail(Assert.java:88)
	at org.junit.Assert.assertTrue(Assert.java:41)
	at org.apache.logging.log4j.core.async.AsyncLoggersWithAsyncAppenderTest.testLoggingWorks(AsyncLoggersWithAsyncAppenderTest.java:66)

Picked up JAVA_TOOL_OPTIONS: -XX:CICompilerCount=2 -XX:ParallelGCThreads=2 -XX:ConcGCThreads=2 -Djdk.net.URLClassPath.disableClassPathURLCheck=true -XX:CICompilerCount=2 -XX:ParallelGCThreads=2 -XX:ConcGCThreads=2 -Djdk.net.URLClassPath.disableClassPathURLCheck=true 
Picked up _JAVA_OPTIONS: -Djdk.net.URLClassPath.disableClassPathURLCheck=true
Running org.apache.logging.log4j.core.async.RingBufferLogEventTest
Tests run: 6, Failures: 0, Errors: 0, Skipped: 0, Time elapsed: 0.054 sec - in org.apache.logging.log4j.core.async.RingBufferLogEventTest
Picked up JAVA_TOOL_OPTIONS: -XX:CICompilerCount=2 -XX:ParallelGCThreads=2 -XX:ConcGCThreads=2 -Djdk.net.URLClassPath.disableClassPathURLCheck=true -XX:CICompilerCount=2 -XX:ParallelGCThreads=2 -XX:ConcGCThreads=2 -Djdk.net.URLClassPath.disableClassPathURLCheck=true 
Picked up _JAVA_OPTIONS: -Djdk.net.URLClassPath.disableClassPathURLCheck=true
Running org.apache.logging.log4j.core.async.AsyncLoggerConfigTest
Tests run: 1, Failures: 0, Errors: 0, Skipped: 0, Time elapsed: 0.357 sec - in org.apache.logging.log4j.core.async.AsyncLoggerConfigTest
Picked up JAVA_TOOL_OPTIONS: -XX:CICompilerCount=2 -XX:ParallelGCThreads=2 -XX:ConcGCThreads=2 -Djdk.net.URLClassPath.disableClassPathURLCheck=true -XX:CICompilerCount=2 -XX:ParallelGCThreads=2 -XX:ConcGCThreads=2 -Djdk.net.URLClassPath.disableClassPathURLCheck=true 
Picked up _JAVA_OPTIONS: -Djdk.net.URLClassPath.disableClassPathURLCheck=true
Running org.apache.logging.log4j.core.async.AsyncLoggersWithAsyncLoggerConfigTest
Tests run: 1, Failures: 0, Errors: 0, Skipped: 0, Time elapsed: 0.123 sec - in org.apache.logging.log4j.core.async.AsyncLoggersWithAsyncLoggerConfigTest
Picked up JAVA_TOOL_OPTIONS: -XX:CICompilerCount=2 -XX:ParallelGCThreads=2 -XX:ConcGCThreads=2 -Djdk.net.URLClassPath.disableClassPathURLCheck=true -XX:CICompilerCount=2 -XX:ParallelGCThreads=2 -XX:ConcGCThreads=2 -Djdk.net.URLClassPath.disableClassPathURLCheck=true 
Picked up _JAVA_OPTIONS: -Djdk.net.URLClassPath.disableClassPathURLCheck=true
Running org.apache.logging.log4j.core.pattern.ThrowableTest
Tests run: 1, Failures: 0, Errors: 0, Skipped: 0, Time elapsed: 0.013 sec - in org.apache.logging.log4j.core.pattern.ThrowableTest
Picked up JAVA_TOOL_OPTIONS: -XX:CICompilerCount=2 -XX:ParallelGCThreads=2 -XX:ConcGCThreads=2 -Djdk.net.URLClassPath.disableClassPathURLCheck=true -XX:CICompilerCount=2 -XX:ParallelGCThreads=2 -XX:ConcGCThreads=2 -Djdk.net.URLClassPath.disableClassPathURLCheck=true 
Picked up _JAVA_OPTIONS: -Djdk.net.URLClassPath.disableClassPathURLCheck=true
Running org.apache.logging.log4j.core.pattern.CallerInformationTest
Tests run: 2, Failures: 0, Errors: 0, Skipped: 0, Time elapsed: 0.014 sec - in org.apache.logging.log4j.core.pattern.CallerInformationTest
Picked up JAVA_TOOL_OPTIONS: -XX:CICompilerCount=2 -XX:ParallelGCThreads=2 -XX:ConcGCThreads=2 -Djdk.net.URLClassPath.disableClassPathURLCheck=true -XX:CICompilerCount=2 -XX:ParallelGCThreads=2 -XX:ConcGCThreads=2 -Djdk.net.URLClassPath.disableClassPathURLCheck=true 
Picked up _JAVA_OPTIONS: -Djdk.net.URLClassPath.disableClassPathURLCheck=true
Running org.apache.logging.log4j.core.pattern.ExtendedThrowableTest
Tests run: 1, Failures: 0, Errors: 0, Skipped: 0, Time elapsed: 0.02 sec - in org.apache.logging.log4j.core.pattern.ExtendedThrowableTest
Picked up JAVA_TOOL_OPTIONS: -XX:CICompilerCount=2 -XX:ParallelGCThreads=2 -XX:ConcGCThreads=2 -Djdk.net.URLClassPath.disableClassPathURLCheck=true -XX:CICompilerCount=2 -XX:ParallelGCThreads=2 -XX:ConcGCThreads=2 -Djdk.net.URLClassPath.disableClassPathURLCheck=true 
Picked up _JAVA_OPTIONS: -Djdk.net.URLClassPath.disableClassPathURLCheck=true
Running org.apache.logging.log4j.core.pattern.RootThrowableTest
Tests run: 1, Failures: 0, Errors: 0, Skipped: 0, Time elapsed: 0.02 sec - in org.apache.logging.log4j.core.pattern.RootThrowableTest
Picked up JAVA_TOOL_OPTIONS: -XX:CICompilerCount=2 -XX:ParallelGCThreads=2 -XX:ConcGCThreads=2 -Djdk.net.URLClassPath.disableClassPathURLCheck=true -XX:CICompilerCount=2 -XX:ParallelGCThreads=2 -XX:ConcGCThreads=2 -Djdk.net.URLClassPath.disableClassPathURLCheck=true 
Picked up _JAVA_OPTIONS: -Djdk.net.URLClassPath.disableClassPathURLCheck=true
Running org.apache.logging.log4j.core.pattern.RegexReplacementTest
Tests run: 2, Failures: 0, Errors: 0, Skipped: 0, Time elapsed: 0.013 sec - in org.apache.logging.log4j.core.pattern.RegexReplacementTest
Picked up JAVA_TOOL_OPTIONS: -XX:CICompilerCount=2 -XX:ParallelGCThreads=2 -XX:ConcGCThreads=2 -Djdk.net.URLClassPath.disableClassPathURLCheck=true -XX:CICompilerCount=2 -XX:ParallelGCThreads=2 -XX:ConcGCThreads=2 -Djdk.net.URLClassPath.disableClassPathURLCheck=true 
Picked up _JAVA_OPTIONS: -Djdk.net.URLClassPath.disableClassPathURLCheck=true
Running org.apache.logging.log4j.core.pattern.ThrowablePatternConverterTest
Tests run: 8, Failures: 0, Errors: 0, Skipped: 0, Time elapsed: 0.046 sec - in org.apache.logging.log4j.core.pattern.ThrowablePatternConverterTest
Picked up JAVA_TOOL_OPTIONS: -XX:CICompilerCount=2 -XX:ParallelGCThreads=2 -XX:ConcGCThreads=2 -Djdk.net.URLClassPath.disableClassPathURLCheck=true -XX:CICompilerCount=2 -XX:ParallelGCThreads=2 -XX:ConcGCThreads=2 -Djdk.net.URLClassPath.disableClassPathURLCheck=true 
Picked up _JAVA_OPTIONS: -Djdk.net.URLClassPath.disableClassPathURLCheck=true
Running org.apache.logging.log4j.core.pattern.MapPatternConverterTest
Tests run: 2, Failures: 0, Errors: 0, Skipped: 0, Time elapsed: 0.033 sec - in org.apache.logging.log4j.core.pattern.MapPatternConverterTest
Picked up JAVA_TOOL_OPTIONS: -XX:CICompilerCount=2 -XX:ParallelGCThreads=2 -XX:ConcGCThreads=2 -Djdk.net.URLClassPath.disableClassPathURLCheck=true -XX:CICompilerCount=2 -XX:ParallelGCThreads=2 -XX:ConcGCThreads=2 -Djdk.net.URLClassPath.disableClassPathURLCheck=true 
Picked up _JAVA_OPTIONS: -Djdk.net.URLClassPath.disableClassPathURLCheck=true
Running org.apache.logging.log4j.core.pattern.LevelPatternConverterTest
Tests run: 8, Failures: 0, Errors: 0, Skipped: 0, Time elapsed: 0.045 sec - in org.apache.logging.log4j.core.pattern.LevelPatternConverterTest
Picked up JAVA_TOOL_OPTIONS: -XX:CICompilerCount=2 -XX:ParallelGCThreads=2 -XX:ConcGCThreads=2 -Djdk.net.URLClassPath.disableClassPathURLCheck=true -XX:CICompilerCount=2 -XX:ParallelGCThreads=2 -XX:ConcGCThreads=2 -Djdk.net.URLClassPath.disableClassPathURLCheck=true 
Picked up _JAVA_OPTIONS: -Djdk.net.URLClassPath.disableClassPathURLCheck=true
Running org.apache.logging.log4j.core.pattern.StyleConverterTest
Tests run: 1, Failures: 0, Errors: 0, Skipped: 0, Time elapsed: 0.316 sec - in org.apache.logging.log4j.core.pattern.StyleConverterTest
Picked up JAVA_TOOL_OPTIONS: -XX:CICompilerCount=2 -XX:ParallelGCThreads=2 -XX:ConcGCThreads=2 -Djdk.net.URLClassPath.disableClassPathURLCheck=true -XX:CICompilerCount=2 -XX:ParallelGCThreads=2 -XX:ConcGCThreads=2 -Djdk.net.URLClassPath.disableClassPathURLCheck=true 
Picked up _JAVA_OPTIONS: -Djdk.net.URLClassPath.disableClassPathURLCheck=true
Running org.apache.logging.log4j.core.pattern.RegexReplacementConverterTest
Tests run: 1, Failures: 0, Errors: 0, Skipped: 0, Time elapsed: 0.28 sec - in org.apache.logging.log4j.core.pattern.RegexReplacementConverterTest
Picked up JAVA_TOOL_OPTIONS: -XX:CICompilerCount=2 -XX:ParallelGCThreads=2 -XX:ConcGCThreads=2 -Djdk.net.URLClassPath.disableClassPathURLCheck=true -XX:CICompilerCount=2 -XX:ParallelGCThreads=2 -XX:ConcGCThreads=2 -Djdk.net.URLClassPath.disableClassPathURLCheck=true 
Picked up _JAVA_OPTIONS: -Djdk.net.URLClassPath.disableClassPathURLCheck=true
Running org.apache.logging.log4j.core.pattern.RootThrowablePatternConverterTest
Tests run: 2, Failures: 0, Errors: 0, Skipped: 0, Time elapsed: 0.042 sec - in org.apache.logging.log4j.core.pattern.RootThrowablePatternConverterTest
Picked up JAVA_TOOL_OPTIONS: -XX:CICompilerCount=2 -XX:ParallelGCThreads=2 -XX:ConcGCThreads=2 -Djdk.net.URLClassPath.disableClassPathURLCheck=true -XX:CICompilerCount=2 -XX:ParallelGCThreads=2 -XX:ConcGCThreads=2 -Djdk.net.URLClassPath.disableClassPathURLCheck=true 
Picked up _JAVA_OPTIONS: -Djdk.net.URLClassPath.disableClassPathURLCheck=true
Running org.apache.logging.log4j.core.pattern.ExtendedThrowablePatternConverterTest
Tests run: 2, Failures: 0, Errors: 0, Skipped: 0, Time elapsed: 0.052 sec - in org.apache.logging.log4j.core.pattern.ExtendedThrowablePatternConverterTest
Picked up JAVA_TOOL_OPTIONS: -XX:CICompilerCount=2 -XX:ParallelGCThreads=2 -XX:ConcGCThreads=2 -Djdk.net.URLClassPath.disableClassPathURLCheck=true -XX:CICompilerCount=2 -XX:ParallelGCThreads=2 -XX:ConcGCThreads=2 -Djdk.net.URLClassPath.disableClassPathURLCheck=true 
Picked up _JAVA_OPTIONS: -Djdk.net.URLClassPath.disableClassPathURLCheck=true
Running org.apache.logging.log4j.core.pattern.PatternParserTest
Tests run: 3, Failures: 0, Errors: 0, Skipped: 0, Time elapsed: 0.021 sec - in org.apache.logging.log4j.core.pattern.PatternParserTest
Picked up JAVA_TOOL_OPTIONS: -XX:CICompilerCount=2 -XX:ParallelGCThreads=2 -XX:ConcGCThreads=2 -Djdk.net.URLClassPath.disableClassPathURLCheck=true -XX:CICompilerCount=2 -XX:ParallelGCThreads=2 -XX:ConcGCThreads=2 -Djdk.net.URLClassPath.disableClassPathURLCheck=true 
Picked up _JAVA_OPTIONS: -Djdk.net.URLClassPath.disableClassPathURLCheck=true
Running org.apache.logging.log4j.core.pattern.EncodingPatternConverterTest
Tests run: 1, Failures: 0, Errors: 0, Skipped: 0, Time elapsed: 0.259 sec - in org.apache.logging.log4j.core.pattern.EncodingPatternConverterTest
Picked up JAVA_TOOL_OPTIONS: -XX:CICompilerCount=2 -XX:ParallelGCThreads=2 -XX:ConcGCThreads=2 -Djdk.net.URLClassPath.disableClassPathURLCheck=true -XX:CICompilerCount=2 -XX:ParallelGCThreads=2 -XX:ConcGCThreads=2 -Djdk.net.URLClassPath.disableClassPathURLCheck=true 
Picked up _JAVA_OPTIONS: -Djdk.net.URLClassPath.disableClassPathURLCheck=true
Running org.apache.logging.log4j.core.pattern.NameAbbreviatorTest
Tests run: 7, Failures: 0, Errors: 0, Skipped: 0, Time elapsed: 0.004 sec - in org.apache.logging.log4j.core.pattern.NameAbbreviatorTest
Picked up JAVA_TOOL_OPTIONS: -XX:CICompilerCount=2 -XX:ParallelGCThreads=2 -XX:ConcGCThreads=2 -Djdk.net.URLClassPath.disableClassPathURLCheck=true -XX:CICompilerCount=2 -XX:ParallelGCThreads=2 -XX:ConcGCThreads=2 -Djdk.net.URLClassPath.disableClassPathURLCheck=true 
Picked up _JAVA_OPTIONS: -Djdk.net.URLClassPath.disableClassPathURLCheck=true
Running org.apache.logging.log4j.core.pattern.MessagePatternConverterTest
Tests run: 2, Failures: 0, Errors: 0, Skipped: 0, Time elapsed: 0.12 sec - in org.apache.logging.log4j.core.pattern.MessagePatternConverterTest
Picked up JAVA_TOOL_OPTIONS: -XX:CICompilerCount=2 -XX:ParallelGCThreads=2 -XX:ConcGCThreads=2 -Djdk.net.URLClassPath.disableClassPathURLCheck=true -XX:CICompilerCount=2 -XX:ParallelGCThreads=2 -XX:ConcGCThreads=2 -Djdk.net.URLClassPath.disableClassPathURLCheck=true 
Picked up _JAVA_OPTIONS: -Djdk.net.URLClassPath.disableClassPathURLCheck=true
Running org.apache.logging.log4j.core.pattern.MarkerPatternConverterTest
Tests run: 1, Failures: 0, Errors: 0, Skipped: 0, Time elapsed: 0.032 sec - in org.apache.logging.log4j.core.pattern.MarkerPatternConverterTest
Picked up JAVA_TOOL_OPTIONS: -XX:CICompilerCount=2 -XX:ParallelGCThreads=2 -XX:ConcGCThreads=2 -Djdk.net.URLClassPath.disableClassPathURLCheck=true -XX:CICompilerCount=2 -XX:ParallelGCThreads=2 -XX:ConcGCThreads=2 -Djdk.net.URLClassPath.disableClassPathURLCheck=true 
Picked up _JAVA_OPTIONS: -Djdk.net.URLClassPath.disableClassPathURLCheck=true
Running org.apache.logging.log4j.core.util.UuidTest
Elapsed for 2000 UUIDS = 463212243 Average = 231606 ns
Elapsed for 200 UUIDS = 113448 Average = 567 ns
Tests run: 2, Failures: 0, Errors: 0, Skipped: 0, Time elapsed: 0.073 sec - in org.apache.logging.log4j.core.util.UuidTest
Picked up JAVA_TOOL_OPTIONS: -XX:CICompilerCount=2 -XX:ParallelGCThreads=2 -XX:ConcGCThreads=2 -Djdk.net.URLClassPath.disableClassPathURLCheck=true -XX:CICompilerCount=2 -XX:ParallelGCThreads=2 -XX:ConcGCThreads=2 -Djdk.net.URLClassPath.disableClassPathURLCheck=true 
Picked up _JAVA_OPTIONS: -Djdk.net.URLClassPath.disableClassPathURLCheck=true
Running org.apache.logging.log4j.core.util.CachedClockTest
Tests run: 1, Failures: 0, Errors: 0, Skipped: 0, Time elapsed: 0.104 sec - in org.apache.logging.log4j.core.util.CachedClockTest
Picked up JAVA_TOOL_OPTIONS: -XX:CICompilerCount=2 -XX:ParallelGCThreads=2 -XX:ConcGCThreads=2 -Djdk.net.URLClassPath.disableClassPathURLCheck=true -XX:CICompilerCount=2 -XX:ParallelGCThreads=2 -XX:ConcGCThreads=2 -Djdk.net.URLClassPath.disableClassPathURLCheck=true 
Picked up _JAVA_OPTIONS: -Djdk.net.URLClassPath.disableClassPathURLCheck=true
Running org.apache.logging.log4j.core.util.SystemClockTest
Tests run: 2, Failures: 0, Errors: 0, Skipped: 0, Time elapsed: 0.103 sec - in org.apache.logging.log4j.core.util.SystemClockTest
Picked up JAVA_TOOL_OPTIONS: -XX:CICompilerCount=2 -XX:ParallelGCThreads=2 -XX:ConcGCThreads=2 -Djdk.net.URLClassPath.disableClassPathURLCheck=true -XX:CICompilerCount=2 -XX:ParallelGCThreads=2 -XX:ConcGCThreads=2 -Djdk.net.URLClassPath.disableClassPathURLCheck=true 
Picked up _JAVA_OPTIONS: -Djdk.net.URLClassPath.disableClassPathURLCheck=true
Running org.apache.logging.log4j.core.util.FileUtilsTest
Tests run: 4, Failures: 0, Errors: 0, Skipped: 0, Time elapsed: 0.023 sec - in org.apache.logging.log4j.core.util.FileUtilsTest
Picked up JAVA_TOOL_OPTIONS: -XX:CICompilerCount=2 -XX:ParallelGCThreads=2 -XX:ConcGCThreads=2 -Djdk.net.URLClassPath.disableClassPathURLCheck=true -XX:CICompilerCount=2 -XX:ParallelGCThreads=2 -XX:ConcGCThreads=2 -Djdk.net.URLClassPath.disableClassPathURLCheck=true 
Picked up _JAVA_OPTIONS: -Djdk.net.URLClassPath.disableClassPathURLCheck=true
Running org.apache.logging.log4j.core.util.ClockFactoryTest
Tests run: 8, Failures: 0, Errors: 0, Skipped: 0, Time elapsed: 0.026 sec - in org.apache.logging.log4j.core.util.ClockFactoryTest
Picked up JAVA_TOOL_OPTIONS: -XX:CICompilerCount=2 -XX:ParallelGCThreads=2 -XX:ConcGCThreads=2 -Djdk.net.URLClassPath.disableClassPathURLCheck=true -XX:CICompilerCount=2 -XX:ParallelGCThreads=2 -XX:ConcGCThreads=2 -Djdk.net.URLClassPath.disableClassPathURLCheck=true 
Picked up _JAVA_OPTIONS: -Djdk.net.URLClassPath.disableClassPathURLCheck=true
Running org.apache.logging.log4j.core.util.CharsetsTest
ERROR StatusLogger Charset INeedMoreSupport is not supported for layout, using UTF-8
Tests run: 4, Failures: 0, Errors: 0, Skipped: 0, Time elapsed: 0.043 sec - in org.apache.logging.log4j.core.util.CharsetsTest
Picked up JAVA_TOOL_OPTIONS: -XX:CICompilerCount=2 -XX:ParallelGCThreads=2 -XX:ConcGCThreads=2 -Djdk.net.URLClassPath.disableClassPathURLCheck=true -XX:CICompilerCount=2 -XX:ParallelGCThreads=2 -XX:ConcGCThreads=2 -Djdk.net.URLClassPath.disableClassPathURLCheck=true 
Picked up _JAVA_OPTIONS: -Djdk.net.URLClassPath.disableClassPathURLCheck=true
Running org.apache.logging.log4j.core.config.plugins.processor.PluginProcessorTest
Tests run: 4, Failures: 0, Errors: 0, Skipped: 0, Time elapsed: 0.002 sec - in org.apache.logging.log4j.core.config.plugins.processor.PluginProcessorTest
Picked up JAVA_TOOL_OPTIONS: -XX:CICompilerCount=2 -XX:ParallelGCThreads=2 -XX:ConcGCThreads=2 -Djdk.net.URLClassPath.disableClassPathURLCheck=true -XX:CICompilerCount=2 -XX:ParallelGCThreads=2 -XX:ConcGCThreads=2 -Djdk.net.URLClassPath.disableClassPathURLCheck=true 
Picked up _JAVA_OPTIONS: -Djdk.net.URLClassPath.disableClassPathURLCheck=true
Running org.apache.logging.log4j.core.config.plugins.util.TypeConvertersTest
Tests run: 90, Failures: 0, Errors: 0, Skipped: 0, Time elapsed: 0.07 sec - in org.apache.logging.log4j.core.config.plugins.util.TypeConvertersTest
Picked up JAVA_TOOL_OPTIONS: -XX:CICompilerCount=2 -XX:ParallelGCThreads=2 -XX:ConcGCThreads=2 -Djdk.net.URLClassPath.disableClassPathURLCheck=true -XX:CICompilerCount=2 -XX:ParallelGCThreads=2 -XX:ConcGCThreads=2 -Djdk.net.URLClassPath.disableClassPathURLCheck=true 
Picked up _JAVA_OPTIONS: -Djdk.net.URLClassPath.disableClassPathURLCheck=true
Running org.apache.logging.log4j.core.config.plugins.util.ResolverUtilTest
Tests run: 15, Failures: 0, Errors: 0, Skipped: 4, Time elapsed: 0.026 sec - in org.apache.logging.log4j.core.config.plugins.util.ResolverUtilTest
Picked up JAVA_TOOL_OPTIONS: -XX:CICompilerCount=2 -XX:ParallelGCThreads=2 -XX:ConcGCThreads=2 -Djdk.net.URLClassPath.disableClassPathURLCheck=true -XX:CICompilerCount=2 -XX:ParallelGCThreads=2 -XX:ConcGCThreads=2 -Djdk.net.URLClassPath.disableClassPathURLCheck=true 
Picked up _JAVA_OPTIONS: -Djdk.net.URLClassPath.disableClassPathURLCheck=true
Running org.apache.logging.log4j.core.config.xml.XmlConfigurationPropsTest
2020-03-11 19:29:37,305 WARN Error while converting string [${sys:log.level}] to type [class org.apache.logging.log4j.Level]. Using default value [null]. java.lang.IllegalArgumentException: Unknown level constant [${SYS:LOG.LEVEL}].
	at org.apache.logging.log4j.Level.valueOf(Level.java:267)
	at org.apache.logging.log4j.core.config.plugins.util.TypeConverters$LevelConverter.convert(TypeConverters.java:240)
	at org.apache.logging.log4j.core.config.plugins.util.TypeConverters$LevelConverter.convert(TypeConverters.java:237)
	at org.apache.logging.log4j.core.config.plugins.util.TypeConverters.convert(TypeConverters.java:342)
	at org.apache.logging.log4j.core.config.plugins.visitors.AbstractPluginVisitor.convert(AbstractPluginVisitor.java:130)
	at org.apache.logging.log4j.core.config.plugins.visitors.PluginAttributeVisitor.visit(PluginAttributeVisitor.java:43)
	at org.apache.logging.log4j.core.config.plugins.util.PluginBuilder.generateParameters(PluginBuilder.java:212)
	at org.apache.logging.log4j.core.config.plugins.util.PluginBuilder.build(PluginBuilder.java:125)
	at org.apache.logging.log4j.core.config.AbstractConfiguration.createPluginObject(AbstractConfiguration.java:724)
	at org.apache.logging.log4j.core.config.AbstractConfiguration.createConfiguration(AbstractConfiguration.java:663)
	at org.apache.logging.log4j.core.config.AbstractConfiguration.createConfiguration(AbstractConfiguration.java:655)
	at org.apache.logging.log4j.core.config.AbstractConfiguration.doConfigure(AbstractConfiguration.java:329)
	at org.apache.logging.log4j.core.config.AbstractConfiguration.start(AbstractConfiguration.java:150)
	at org.apache.logging.log4j.core.LoggerContext.setConfiguration(LoggerContext.java:351)
	at org.apache.logging.log4j.core.LoggerContext.reconfigure(LoggerContext.java:398)
	at org.apache.logging.log4j.core.LoggerContext.start(LoggerContext.java:144)
	at org.apache.logging.log4j.core.impl.Log4jContextFactory.getContext(Log4jContextFactory.java:74)
	at org.apache.logging.log4j.core.impl.Log4jContextFactory.getContext(Log4jContextFactory.java:36)
	at org.apache.logging.log4j.LogManager.getContext(LogManager.java:151)
	at org.apache.logging.log4j.core.config.xml.XmlConfigurationPropsTest.testDefaultStatus(XmlConfigurationPropsTest.java:61)
	at sun.reflect.NativeMethodAccessorImpl.invoke0(Native Method)
	at sun.reflect.NativeMethodAccessorImpl.invoke(NativeMethodAccessorImpl.java:57)
	at sun.reflect.DelegatingMethodAccessorImpl.invoke(DelegatingMethodAccessorImpl.java:43)
	at java.lang.reflect.Method.invoke(Method.java:606)
	at org.junit.runners.model.FrameworkMethod$1.runReflectiveCall(FrameworkMethod.java:47)
	at org.junit.internal.runners.model.ReflectiveCallable.run(ReflectiveCallable.java:12)
	at org.junit.runners.model.FrameworkMethod.invokeExplosively(FrameworkMethod.java:44)
	at org.junit.internal.runners.statements.InvokeMethod.evaluate(InvokeMethod.java:17)
	at org.junit.runners.ParentRunner.runLeaf(ParentRunner.java:271)
	at org.junit.runners.BlockJUnit4ClassRunner.runChild(BlockJUnit4ClassRunner.java:70)
	at org.junit.runners.BlockJUnit4ClassRunner.runChild(BlockJUnit4ClassRunner.java:50)
	at org.junit.runners.ParentRunner$3.run(ParentRunner.java:238)
	at org.junit.runners.ParentRunner$1.schedule(ParentRunner.java:63)
	at org.junit.runners.ParentRunner.runChildren(ParentRunner.java:236)
	at org.junit.runners.ParentRunner.access$000(ParentRunner.java:53)
	at org.junit.runners.ParentRunner$2.evaluate(ParentRunner.java:229)
	at org.junit.internal.runners.statements.RunAfters.evaluate(RunAfters.java:27)
	at org.junit.runners.ParentRunner.run(ParentRunner.java:309)
	at org.junit.runners.Suite.runChild(Suite.java:127)
	at org.junit.runners.Suite.runChild(Suite.java:26)
	at org.junit.runners.ParentRunner$3.run(ParentRunner.java:238)
	at org.junit.runners.ParentRunner$1.schedule(ParentRunner.java:63)
	at org.junit.runners.ParentRunner.runChildren(ParentRunner.java:236)
	at org.junit.runners.ParentRunner.access$000(ParentRunner.java:53)
	at org.junit.runners.ParentRunner$2.evaluate(ParentRunner.java:229)
	at org.junit.runners.ParentRunner.run(ParentRunner.java:309)
	at org.junit.runner.JUnitCore.run(JUnitCore.java:160)
	at org.junit.runner.JUnitCore.run(JUnitCore.java:138)
	at org.apache.maven.surefire.junitcore.JUnitCoreWrapper.createRequestAndRun(JUnitCoreWrapper.java:113)
	at org.apache.maven.surefire.junitcore.JUnitCoreWrapper.executeEager(JUnitCoreWrapper.java:85)
	at org.apache.maven.surefire.junitcore.JUnitCoreWrapper.execute(JUnitCoreWrapper.java:54)
	at org.apache.maven.surefire.junitcore.JUnitCoreProvider.invoke(JUnitCoreProvider.java:134)
	at org.apache.maven.surefire.booter.ForkedBooter.invokeProviderInSameClassLoader(ForkedBooter.java:200)
	at org.apache.maven.surefire.booter.ForkedBooter.runSuitesInProcess(ForkedBooter.java:153)
	at org.apache.maven.surefire.booter.ForkedBooter.main(ForkedBooter.java:103)

2020-03-11 19:29:37,354 WARN Error while converting string [${sys:log.level}] to type [class org.apache.logging.log4j.Level]. Using default value [null]. java.lang.IllegalArgumentException: Unknown level constant [${SYS:LOG.LEVEL}].
	at org.apache.logging.log4j.Level.valueOf(Level.java:267)
	at org.apache.logging.log4j.core.config.plugins.util.TypeConverters$LevelConverter.convert(TypeConverters.java:240)
	at org.apache.logging.log4j.core.config.plugins.util.TypeConverters$LevelConverter.convert(TypeConverters.java:237)
	at org.apache.logging.log4j.core.config.plugins.util.TypeConverters.convert(TypeConverters.java:342)
	at org.apache.logging.log4j.core.config.plugins.visitors.AbstractPluginVisitor.convert(AbstractPluginVisitor.java:130)
	at org.apache.logging.log4j.core.config.plugins.visitors.PluginAttributeVisitor.visit(PluginAttributeVisitor.java:43)
	at org.apache.logging.log4j.core.config.plugins.util.PluginBuilder.generateParameters(PluginBuilder.java:212)
	at org.apache.logging.log4j.core.config.plugins.util.PluginBuilder.build(PluginBuilder.java:125)
	at org.apache.logging.log4j.core.config.AbstractConfiguration.createPluginObject(AbstractConfiguration.java:724)
	at org.apache.logging.log4j.core.config.AbstractConfiguration.createConfiguration(AbstractConfiguration.java:663)
	at org.apache.logging.log4j.core.config.AbstractConfiguration.createConfiguration(AbstractConfiguration.java:655)
	at org.apache.logging.log4j.core.config.AbstractConfiguration.doConfigure(AbstractConfiguration.java:329)
	at org.apache.logging.log4j.core.config.AbstractConfiguration.start(AbstractConfiguration.java:150)
	at org.apache.logging.log4j.core.LoggerContext.setConfiguration(LoggerContext.java:351)
	at org.apache.logging.log4j.core.LoggerContext.reconfigure(LoggerContext.java:398)
	at org.apache.logging.log4j.core.config.xml.XmlConfigurationPropsTest.testDefaultStatus(XmlConfigurationPropsTest.java:62)
	at sun.reflect.NativeMethodAccessorImpl.invoke0(Native Method)
	at sun.reflect.NativeMethodAccessorImpl.invoke(NativeMethodAccessorImpl.java:57)
	at sun.reflect.DelegatingMethodAccessorImpl.invoke(DelegatingMethodAccessorImpl.java:43)
	at java.lang.reflect.Method.invoke(Method.java:606)
	at org.junit.runners.model.FrameworkMethod$1.runReflectiveCall(FrameworkMethod.java:47)
	at org.junit.internal.runners.model.ReflectiveCallable.run(ReflectiveCallable.java:12)
	at org.junit.runners.model.FrameworkMethod.invokeExplosively(FrameworkMethod.java:44)
	at org.junit.internal.runners.statements.InvokeMethod.evaluate(InvokeMethod.java:17)
	at org.junit.runners.ParentRunner.runLeaf(ParentRunner.java:271)
	at org.junit.runners.BlockJUnit4ClassRunner.runChild(BlockJUnit4ClassRunner.java:70)
	at org.junit.runners.BlockJUnit4ClassRunner.runChild(BlockJUnit4ClassRunner.java:50)
	at org.junit.runners.ParentRunner$3.run(ParentRunner.java:238)
	at org.junit.runners.ParentRunner$1.schedule(ParentRunner.java:63)
	at org.junit.runners.ParentRunner.runChildren(ParentRunner.java:236)
	at org.junit.runners.ParentRunner.access$000(ParentRunner.java:53)
	at org.junit.runners.ParentRunner$2.evaluate(ParentRunner.java:229)
	at org.junit.internal.runners.statements.RunAfters.evaluate(RunAfters.java:27)
	at org.junit.runners.ParentRunner.run(ParentRunner.java:309)
	at org.junit.runners.Suite.runChild(Suite.java:127)
	at org.junit.runners.Suite.runChild(Suite.java:26)
	at org.junit.runners.ParentRunner$3.run(ParentRunner.java:238)
	at org.junit.runners.ParentRunner$1.schedule(ParentRunner.java:63)
	at org.junit.runners.ParentRunner.runChildren(ParentRunner.java:236)
	at org.junit.runners.ParentRunner.access$000(ParentRunner.java:53)
	at org.junit.runners.ParentRunner$2.evaluate(ParentRunner.java:229)
	at org.junit.runners.ParentRunner.run(ParentRunner.java:309)
	at org.junit.runner.JUnitCore.run(JUnitCore.java:160)
	at org.junit.runner.JUnitCore.run(JUnitCore.java:138)
	at org.apache.maven.surefire.junitcore.JUnitCoreWrapper.createRequestAndRun(JUnitCoreWrapper.java:113)
	at org.apache.maven.surefire.junitcore.JUnitCoreWrapper.executeEager(JUnitCoreWrapper.java:85)
	at org.apache.maven.surefire.junitcore.JUnitCoreWrapper.execute(JUnitCoreWrapper.java:54)
	at org.apache.maven.surefire.junitcore.JUnitCoreProvider.invoke(JUnitCoreProvider.java:134)
	at org.apache.maven.surefire.booter.ForkedBooter.invokeProviderInSameClassLoader(ForkedBooter.java:200)
	at org.apache.maven.surefire.booter.ForkedBooter.runSuitesInProcess(ForkedBooter.java:153)
	at org.apache.maven.surefire.booter.ForkedBooter.main(ForkedBooter.java:103)

2020-03-11 19:29:37,364 WARN Error while converting string [${sys:log.level}] to type [class org.apache.logging.log4j.Level]. Using default value [null]. java.lang.IllegalArgumentException: Unknown level constant [${SYS:LOG.LEVEL}].
	at org.apache.logging.log4j.Level.valueOf(Level.java:267)
	at org.apache.logging.log4j.core.config.plugins.util.TypeConverters$LevelConverter.convert(TypeConverters.java:240)
	at org.apache.logging.log4j.core.config.plugins.util.TypeConverters$LevelConverter.convert(TypeConverters.java:237)
	at org.apache.logging.log4j.core.config.plugins.util.TypeConverters.convert(TypeConverters.java:342)
	at org.apache.logging.log4j.core.config.plugins.visitors.AbstractPluginVisitor.convert(AbstractPluginVisitor.java:130)
	at org.apache.logging.log4j.core.config.plugins.visitors.PluginAttributeVisitor.visit(PluginAttributeVisitor.java:43)
	at org.apache.logging.log4j.core.config.plugins.util.PluginBuilder.generateParameters(PluginBuilder.java:212)
	at org.apache.logging.log4j.core.config.plugins.util.PluginBuilder.build(PluginBuilder.java:125)
	at org.apache.logging.log4j.core.config.AbstractConfiguration.createPluginObject(AbstractConfiguration.java:724)
	at org.apache.logging.log4j.core.config.AbstractConfiguration.createConfiguration(AbstractConfiguration.java:663)
	at org.apache.logging.log4j.core.config.AbstractConfiguration.createConfiguration(AbstractConfiguration.java:655)
	at org.apache.logging.log4j.core.config.AbstractConfiguration.doConfigure(AbstractConfiguration.java:329)
	at org.apache.logging.log4j.core.config.AbstractConfiguration.start(AbstractConfiguration.java:150)
	at org.apache.logging.log4j.core.LoggerContext.setConfiguration(LoggerContext.java:351)
	at org.apache.logging.log4j.core.LoggerContext.reconfigure(LoggerContext.java:398)
	at org.apache.logging.log4j.core.config.xml.XmlConfigurationPropsTest.testWithConfigProp(XmlConfigurationPropsTest.java:76)
	at sun.reflect.NativeMethodAccessorImpl.invoke0(Native Method)
	at sun.reflect.NativeMethodAccessorImpl.invoke(NativeMethodAccessorImpl.java:57)
	at sun.reflect.DelegatingMethodAccessorImpl.invoke(DelegatingMethodAccessorImpl.java:43)
	at java.lang.reflect.Method.invoke(Method.java:606)
	at org.junit.runners.model.FrameworkMethod$1.runReflectiveCall(FrameworkMethod.java:47)
	at org.junit.internal.runners.model.ReflectiveCallable.run(ReflectiveCallable.java:12)
	at org.junit.runners.model.FrameworkMethod.invokeExplosively(FrameworkMethod.java:44)
	at org.junit.internal.runners.statements.InvokeMethod.evaluate(InvokeMethod.java:17)
	at org.junit.runners.ParentRunner.runLeaf(ParentRunner.java:271)
	at org.junit.runners.BlockJUnit4ClassRunner.runChild(BlockJUnit4ClassRunner.java:70)
	at org.junit.runners.BlockJUnit4ClassRunner.runChild(BlockJUnit4ClassRunner.java:50)
	at org.junit.runners.ParentRunner$3.run(ParentRunner.java:238)
	at org.junit.runners.ParentRunner$1.schedule(ParentRunner.java:63)
	at org.junit.runners.ParentRunner.runChildren(ParentRunner.java:236)
	at org.junit.runners.ParentRunner.access$000(ParentRunner.java:53)
	at org.junit.runners.ParentRunner$2.evaluate(ParentRunner.java:229)
	at org.junit.internal.runners.statements.RunAfters.evaluate(RunAfters.java:27)
	at org.junit.runners.ParentRunner.run(ParentRunner.java:309)
	at org.junit.runners.Suite.runChild(Suite.java:127)
	at org.junit.runners.Suite.runChild(Suite.java:26)
	at org.junit.runners.ParentRunner$3.run(ParentRunner.java:238)
	at org.junit.runners.ParentRunner$1.schedule(ParentRunner.java:63)
	at org.junit.runners.ParentRunner.runChildren(ParentRunner.java:236)
	at org.junit.runners.ParentRunner.access$000(ParentRunner.java:53)
	at org.junit.runners.ParentRunner$2.evaluate(ParentRunner.java:229)
	at org.junit.runners.ParentRunner.run(ParentRunner.java:309)
	at org.junit.runner.JUnitCore.run(JUnitCore.java:160)
	at org.junit.runner.JUnitCore.run(JUnitCore.java:138)
	at org.apache.maven.surefire.junitcore.JUnitCoreWrapper.createRequestAndRun(JUnitCoreWrapper.java:113)
	at org.apache.maven.surefire.junitcore.JUnitCoreWrapper.executeEager(JUnitCoreWrapper.java:85)
	at org.apache.maven.surefire.junitcore.JUnitCoreWrapper.execute(JUnitCoreWrapper.java:54)
	at org.apache.maven.surefire.junitcore.JUnitCoreProvider.invoke(JUnitCoreProvider.java:134)
	at org.apache.maven.surefire.booter.ForkedBooter.invokeProviderInSameClassLoader(ForkedBooter.java:200)
	at org.apache.maven.surefire.booter.ForkedBooter.runSuitesInProcess(ForkedBooter.java:153)
	at org.apache.maven.surefire.booter.ForkedBooter.main(ForkedBooter.java:103)

2020-03-11 19:29:37,376 ERROR Invalid status level specified: ${sys:log4j.level}. Defaulting to ERROR.
Tests run: 4, Failures: 0, Errors: 0, Skipped: 0, Time elapsed: 0.352 sec - in org.apache.logging.log4j.core.config.xml.XmlConfigurationPropsTest
Picked up JAVA_TOOL_OPTIONS: -XX:CICompilerCount=2 -XX:ParallelGCThreads=2 -XX:ConcGCThreads=2 -Djdk.net.URLClassPath.disableClassPathURLCheck=true -XX:CICompilerCount=2 -XX:ParallelGCThreads=2 -XX:ConcGCThreads=2 -Djdk.net.URLClassPath.disableClassPathURLCheck=true 
Picked up _JAVA_OPTIONS: -Djdk.net.URLClassPath.disableClassPathURLCheck=true
Running org.apache.logging.log4j.core.config.xml.XmlLoggerPropsTest
Tests run: 1, Failures: 0, Errors: 0, Skipped: 0, Time elapsed: 0.03 sec - in org.apache.logging.log4j.core.config.xml.XmlLoggerPropsTest
Picked up JAVA_TOOL_OPTIONS: -XX:CICompilerCount=2 -XX:ParallelGCThreads=2 -XX:ConcGCThreads=2 -Djdk.net.URLClassPath.disableClassPathURLCheck=true -XX:CICompilerCount=2 -XX:ParallelGCThreads=2 -XX:ConcGCThreads=2 -Djdk.net.URLClassPath.disableClassPathURLCheck=true 
Picked up _JAVA_OPTIONS: -Djdk.net.URLClassPath.disableClassPathURLCheck=true
Running org.apache.logging.log4j.core.config.TestConfiguratorError
ERROR StatusLogger LogManager returned an instance of org.apache.logging.log4j.simple.SimpleLoggerContextFactory which does not implement org.apache.logging.log4j.core.impl.Log4jContextFactory. Unable to initialize Log4j.
ERROR StatusLogger LogManager returned an instance of org.apache.logging.log4j.simple.SimpleLoggerContextFactory which does not implement org.apache.logging.log4j.core.impl.Log4jContextFactory. Unable to initialize Log4j.
Tests run: 2, Failures: 0, Errors: 0, Skipped: 0, Time elapsed: 0.026 sec - in org.apache.logging.log4j.core.config.TestConfiguratorError
Picked up JAVA_TOOL_OPTIONS: -XX:CICompilerCount=2 -XX:ParallelGCThreads=2 -XX:ConcGCThreads=2 -Djdk.net.URLClassPath.disableClassPathURLCheck=true -XX:CICompilerCount=2 -XX:ParallelGCThreads=2 -XX:ConcGCThreads=2 -Djdk.net.URLClassPath.disableClassPathURLCheck=true 
Picked up _JAVA_OPTIONS: -Djdk.net.URLClassPath.disableClassPathURLCheck=true
Running org.apache.logging.log4j.core.config.ReconfigurationDeadlockTest
Tests run: 1, Failures: 0, Errors: 0, Skipped: 0, Time elapsed: 7.936 sec - in org.apache.logging.log4j.core.config.ReconfigurationDeadlockTest
Picked up JAVA_TOOL_OPTIONS: -XX:CICompilerCount=2 -XX:ParallelGCThreads=2 -XX:ConcGCThreads=2 -Djdk.net.URLClassPath.disableClassPathURLCheck=true -XX:CICompilerCount=2 -XX:ParallelGCThreads=2 -XX:ConcGCThreads=2 -Djdk.net.URLClassPath.disableClassPathURLCheck=true 
Picked up _JAVA_OPTIONS: -Djdk.net.URLClassPath.disableClassPathURLCheck=true
Running org.apache.logging.log4j.core.config.FileOutputTest
Tests run: 1, Failures: 0, Errors: 0, Skipped: 0, Time elapsed: 0.377 sec - in org.apache.logging.log4j.core.config.FileOutputTest
Picked up JAVA_TOOL_OPTIONS: -XX:CICompilerCount=2 -XX:ParallelGCThreads=2 -XX:ConcGCThreads=2 -Djdk.net.URLClassPath.disableClassPathURLCheck=true -XX:CICompilerCount=2 -XX:ParallelGCThreads=2 -XX:ConcGCThreads=2 -Djdk.net.URLClassPath.disableClassPathURLCheck=true 
Picked up _JAVA_OPTIONS: -Djdk.net.URLClassPath.disableClassPathURLCheck=true
Running org.apache.logging.log4j.core.config.MissingRootLoggerTest
Tests run: 1, Failures: 0, Errors: 0, Skipped: 0, Time elapsed: 0.329 sec - in org.apache.logging.log4j.core.config.MissingRootLoggerTest
Picked up JAVA_TOOL_OPTIONS: -XX:CICompilerCount=2 -XX:ParallelGCThreads=2 -XX:ConcGCThreads=2 -Djdk.net.URLClassPath.disableClassPathURLCheck=true -XX:CICompilerCount=2 -XX:ParallelGCThreads=2 -XX:ConcGCThreads=2 -Djdk.net.URLClassPath.disableClassPathURLCheck=true 
Picked up _JAVA_OPTIONS: -Djdk.net.URLClassPath.disableClassPathURLCheck=true
ERROR StatusLogger TcpSocketManager (TCP:localhost:5560) java.net.ConnectException: Connection refused
Running org.apache.logging.log4j.core.config.AdvertiserTest
ERROR StatusLogger TcpSocketManager (TCP:localhost:5560) java.net.ConnectException: Connection refused
ERROR StatusLogger TcpSocketManager (TCP:localhost:5560) java.net.ConnectException: Connection refused
Tests run: 3, Failures: 0, Errors: 0, Skipped: 0, Time elapsed: 0.073 sec - in org.apache.logging.log4j.core.config.AdvertiserTest
Picked up JAVA_TOOL_OPTIONS: -XX:CICompilerCount=2 -XX:ParallelGCThreads=2 -XX:ConcGCThreads=2 -Djdk.net.URLClassPath.disableClassPathURLCheck=true -XX:CICompilerCount=2 -XX:ParallelGCThreads=2 -XX:ConcGCThreads=2 -Djdk.net.URLClassPath.disableClassPathURLCheck=true 
Picked up _JAVA_OPTIONS: -Djdk.net.URLClassPath.disableClassPathURLCheck=true
Running org.apache.logging.log4j.core.config.TestConfigurator
Tests run: 16, Failures: 0, Errors: 0, Skipped: 0, Time elapsed: 1.297 sec - in org.apache.logging.log4j.core.config.TestConfigurator
Picked up JAVA_TOOL_OPTIONS: -XX:CICompilerCount=2 -XX:ParallelGCThreads=2 -XX:ConcGCThreads=2 -Djdk.net.URLClassPath.disableClassPathURLCheck=true -XX:CICompilerCount=2 -XX:ParallelGCThreads=2 -XX:ConcGCThreads=2 -Djdk.net.URLClassPath.disableClassPathURLCheck=true 
Picked up _JAVA_OPTIONS: -Djdk.net.URLClassPath.disableClassPathURLCheck=true
Running org.apache.logging.log4j.core.config.CustomConfigurationTest
2020-03-11 19:30:15,689 WARN The bufferSize is set to 4000 but bufferedIO is not true: false
Tests run: 1, Failures: 0, Errors: 0, Skipped: 0, Time elapsed: 0.386 sec - in org.apache.logging.log4j.core.config.CustomConfigurationTest
Picked up JAVA_TOOL_OPTIONS: -XX:CICompilerCount=2 -XX:ParallelGCThreads=2 -XX:ConcGCThreads=2 -Djdk.net.URLClassPath.disableClassPathURLCheck=true -XX:CICompilerCount=2 -XX:ParallelGCThreads=2 -XX:ConcGCThreads=2 -Djdk.net.URLClassPath.disableClassPathURLCheck=true 
Picked up _JAVA_OPTIONS: -Djdk.net.URLClassPath.disableClassPathURLCheck=true
Running org.apache.logging.log4j.core.config.ConfigurationTest
2020-03-11 19:30:24,208 WARN The bufferSize is set to 8192 but bufferedIO is not true: false
2020-03-11 19:30:24,226 WARN The bufferSize is set to 8192 but bufferedIO is not true: false
2020-03-11 19:30:24,245 WARN The bufferSize is set to 8192 but bufferedIO is not true: false
2020-03-11 19:30:24,290 WARN The bufferSize is set to 8192 but bufferedIO is not true: false
2020-03-11 19:30:24,312 WARN The bufferSize is set to 8192 but bufferedIO is not true: false
2020-03-11 19:30:24,331 WARN The bufferSize is set to 8192 but bufferedIO is not true: false
Tests run: 9, Failures: 0, Errors: 0, Skipped: 0, Time elapsed: 4.264 sec - in org.apache.logging.log4j.core.config.ConfigurationTest
Picked up JAVA_TOOL_OPTIONS: -XX:CICompilerCount=2 -XX:ParallelGCThreads=2 -XX:ConcGCThreads=2 -Djdk.net.URLClassPath.disableClassPathURLCheck=true -XX:CICompilerCount=2 -XX:ParallelGCThreads=2 -XX:ConcGCThreads=2 -Djdk.net.URLClassPath.disableClassPathURLCheck=true 
Picked up _JAVA_OPTIONS: -Djdk.net.URLClassPath.disableClassPathURLCheck=true
Running org.apache.logging.log4j.core.filter.MarkerFilterTest
Tests run: 1, Failures: 0, Errors: 0, Skipped: 0, Time elapsed: 0.032 sec - in org.apache.logging.log4j.core.filter.MarkerFilterTest
Picked up JAVA_TOOL_OPTIONS: -XX:CICompilerCount=2 -XX:ParallelGCThreads=2 -XX:ConcGCThreads=2 -Djdk.net.URLClassPath.disableClassPathURLCheck=true -XX:CICompilerCount=2 -XX:ParallelGCThreads=2 -XX:ConcGCThreads=2 -Djdk.net.URLClassPath.disableClassPathURLCheck=true 
Picked up _JAVA_OPTIONS: -Djdk.net.URLClassPath.disableClassPathURLCheck=true
Running org.apache.logging.log4j.core.filter.RegexFilterTest
Tests run: 2, Failures: 0, Errors: 0, Skipped: 0, Time elapsed: 0.026 sec - in org.apache.logging.log4j.core.filter.RegexFilterTest
Picked up JAVA_TOOL_OPTIONS: -XX:CICompilerCount=2 -XX:ParallelGCThreads=2 -XX:ConcGCThreads=2 -Djdk.net.URLClassPath.disableClassPathURLCheck=true -XX:CICompilerCount=2 -XX:ParallelGCThreads=2 -XX:ConcGCThreads=2 -Djdk.net.URLClassPath.disableClassPathURLCheck=true 
Picked up _JAVA_OPTIONS: -Djdk.net.URLClassPath.disableClassPathURLCheck=true
Running org.apache.logging.log4j.core.filter.StructuredDataFilterTest
Tests run: 2, Failures: 0, Errors: 0, Skipped: 0, Time elapsed: 0.315 sec - in org.apache.logging.log4j.core.filter.StructuredDataFilterTest
Picked up JAVA_TOOL_OPTIONS: -XX:CICompilerCount=2 -XX:ParallelGCThreads=2 -XX:ConcGCThreads=2 -Djdk.net.URLClassPath.disableClassPathURLCheck=true -XX:CICompilerCount=2 -XX:ParallelGCThreads=2 -XX:ConcGCThreads=2 -Djdk.net.URLClassPath.disableClassPathURLCheck=true 
Picked up _JAVA_OPTIONS: -Djdk.net.URLClassPath.disableClassPathURLCheck=true
Running org.apache.logging.log4j.core.filter.MapFilterTest
Tests run: 2, Failures: 0, Errors: 0, Skipped: 0, Time elapsed: 0.369 sec - in org.apache.logging.log4j.core.filter.MapFilterTest
Picked up JAVA_TOOL_OPTIONS: -XX:CICompilerCount=2 -XX:ParallelGCThreads=2 -XX:ConcGCThreads=2 -Djdk.net.URLClassPath.disableClassPathURLCheck=true -XX:CICompilerCount=2 -XX:ParallelGCThreads=2 -XX:ConcGCThreads=2 -Djdk.net.URLClassPath.disableClassPathURLCheck=true 
Picked up _JAVA_OPTIONS: -Djdk.net.URLClassPath.disableClassPathURLCheck=true
Running org.apache.logging.log4j.core.filter.TimeFilterTest
Tests run: 1, Failures: 0, Errors: 0, Skipped: 0, Time elapsed: 0.045 sec - in org.apache.logging.log4j.core.filter.TimeFilterTest
Picked up JAVA_TOOL_OPTIONS: -XX:CICompilerCount=2 -XX:ParallelGCThreads=2 -XX:ConcGCThreads=2 -Djdk.net.URLClassPath.disableClassPathURLCheck=true -XX:CICompilerCount=2 -XX:ParallelGCThreads=2 -XX:ConcGCThreads=2 -Djdk.net.URLClassPath.disableClassPathURLCheck=true 
Picked up _JAVA_OPTIONS: -Djdk.net.URLClassPath.disableClassPathURLCheck=true
Running org.apache.logging.log4j.core.filter.DynamicThresholdFilterTest
Tests run: 2, Failures: 0, Errors: 0, Skipped: 0, Time elapsed: 0.362 sec - in org.apache.logging.log4j.core.filter.DynamicThresholdFilterTest
Picked up JAVA_TOOL_OPTIONS: -XX:CICompilerCount=2 -XX:ParallelGCThreads=2 -XX:ConcGCThreads=2 -Djdk.net.URLClassPath.disableClassPathURLCheck=true -XX:CICompilerCount=2 -XX:ParallelGCThreads=2 -XX:ConcGCThreads=2 -Djdk.net.URLClassPath.disableClassPathURLCheck=true 
Picked up _JAVA_OPTIONS: -Djdk.net.URLClassPath.disableClassPathURLCheck=true
Running org.apache.logging.log4j.core.filter.ThreadContextMapFilterTest
Tests run: 1, Failures: 0, Errors: 0, Skipped: 0, Time elapsed: 0.036 sec - in org.apache.logging.log4j.core.filter.ThreadContextMapFilterTest
Picked up JAVA_TOOL_OPTIONS: -XX:CICompilerCount=2 -XX:ParallelGCThreads=2 -XX:ConcGCThreads=2 -Djdk.net.URLClassPath.disableClassPathURLCheck=true -XX:CICompilerCount=2 -XX:ParallelGCThreads=2 -XX:ConcGCThreads=2 -Djdk.net.URLClassPath.disableClassPathURLCheck=true 
Picked up _JAVA_OPTIONS: -Djdk.net.URLClassPath.disableClassPathURLCheck=true
Running org.apache.logging.log4j.core.filter.BurstFilterTest
Tests run: 1, Failures: 0, Errors: 0, Skipped: 0, Time elapsed: 6.887 sec - in org.apache.logging.log4j.core.filter.BurstFilterTest
Picked up JAVA_TOOL_OPTIONS: -XX:CICompilerCount=2 -XX:ParallelGCThreads=2 -XX:ConcGCThreads=2 -Djdk.net.URLClassPath.disableClassPathURLCheck=true -XX:CICompilerCount=2 -XX:ParallelGCThreads=2 -XX:ConcGCThreads=2 -Djdk.net.URLClassPath.disableClassPathURLCheck=true 
Picked up _JAVA_OPTIONS: -Djdk.net.URLClassPath.disableClassPathURLCheck=true
Running org.apache.logging.log4j.core.filter.ThresholdFilterTest
Tests run: 1, Failures: 0, Errors: 0, Skipped: 0, Time elapsed: 0.036 sec - in org.apache.logging.log4j.core.filter.ThresholdFilterTest
Picked up JAVA_TOOL_OPTIONS: -XX:CICompilerCount=2 -XX:ParallelGCThreads=2 -XX:ConcGCThreads=2 -Djdk.net.URLClassPath.disableClassPathURLCheck=true -XX:CICompilerCount=2 -XX:ParallelGCThreads=2 -XX:ConcGCThreads=2 -Djdk.net.URLClassPath.disableClassPathURLCheck=true 
Picked up _JAVA_OPTIONS: -Djdk.net.URLClassPath.disableClassPathURLCheck=true
Running org.apache.logging.log4j.core.jackson.JacksonIssue429Test
Tests run: 1, Failures: 0, Errors: 0, Skipped: 0, Time elapsed: 0.049 sec - in org.apache.logging.log4j.core.jackson.JacksonIssue429Test
Picked up JAVA_TOOL_OPTIONS: -XX:CICompilerCount=2 -XX:ParallelGCThreads=2 -XX:ConcGCThreads=2 -Djdk.net.URLClassPath.disableClassPathURLCheck=true -XX:CICompilerCount=2 -XX:ParallelGCThreads=2 -XX:ConcGCThreads=2 -Djdk.net.URLClassPath.disableClassPathURLCheck=true 
Picked up _JAVA_OPTIONS: -Djdk.net.URLClassPath.disableClassPathURLCheck=true
Running org.apache.logging.log4j.core.jackson.JacksonIssue429MyNamesTest
Tests run: 1, Failures: 0, Errors: 0, Skipped: 0, Time elapsed: 0.05 sec - in org.apache.logging.log4j.core.jackson.JacksonIssue429MyNamesTest
Picked up JAVA_TOOL_OPTIONS: -XX:CICompilerCount=2 -XX:ParallelGCThreads=2 -XX:ConcGCThreads=2 -Djdk.net.URLClassPath.disableClassPathURLCheck=true -XX:CICompilerCount=2 -XX:ParallelGCThreads=2 -XX:ConcGCThreads=2 -Djdk.net.URLClassPath.disableClassPathURLCheck=true 
Picked up _JAVA_OPTIONS: -Djdk.net.URLClassPath.disableClassPathURLCheck=true
Running org.apache.logging.log4j.core.jackson.LevelMixInTest
Tests run: 2, Failures: 0, Errors: 0, Skipped: 0, Time elapsed: 0.202 sec - in org.apache.logging.log4j.core.jackson.LevelMixInTest
Picked up JAVA_TOOL_OPTIONS: -XX:CICompilerCount=2 -XX:ParallelGCThreads=2 -XX:ConcGCThreads=2 -Djdk.net.URLClassPath.disableClassPathURLCheck=true -XX:CICompilerCount=2 -XX:ParallelGCThreads=2 -XX:ConcGCThreads=2 -Djdk.net.URLClassPath.disableClassPathURLCheck=true 
Picked up _JAVA_OPTIONS: -Djdk.net.URLClassPath.disableClassPathURLCheck=true
Running org.apache.logging.log4j.core.jackson.StackTraceElementMixInTest
Tests run: 4, Failures: 0, Errors: 0, Skipped: 0, Time elapsed: 0.282 sec - in org.apache.logging.log4j.core.jackson.StackTraceElementMixInTest
Picked up JAVA_TOOL_OPTIONS: -XX:CICompilerCount=2 -XX:ParallelGCThreads=2 -XX:ConcGCThreads=2 -Djdk.net.URLClassPath.disableClassPathURLCheck=true -XX:CICompilerCount=2 -XX:ParallelGCThreads=2 -XX:ConcGCThreads=2 -Djdk.net.URLClassPath.disableClassPathURLCheck=true 
Picked up _JAVA_OPTIONS: -Djdk.net.URLClassPath.disableClassPathURLCheck=true
Running org.apache.logging.log4j.core.layout.JsonLayoutTest
Tests run: 7, Failures: 0, Errors: 0, Skipped: 0, Time elapsed: 0.383 sec - in org.apache.logging.log4j.core.layout.JsonLayoutTest
Picked up JAVA_TOOL_OPTIONS: -XX:CICompilerCount=2 -XX:ParallelGCThreads=2 -XX:ConcGCThreads=2 -Djdk.net.URLClassPath.disableClassPathURLCheck=true -XX:CICompilerCount=2 -XX:ParallelGCThreads=2 -XX:ConcGCThreads=2 -Djdk.net.URLClassPath.disableClassPathURLCheck=true 
Picked up _JAVA_OPTIONS: -Djdk.net.URLClassPath.disableClassPathURLCheck=true
Running org.apache.logging.log4j.core.layout.SerializedLayoutTest
Tests run: 3, Failures: 0, Errors: 0, Skipped: 0, Time elapsed: 7.408 sec - in org.apache.logging.log4j.core.layout.SerializedLayoutTest
Picked up JAVA_TOOL_OPTIONS: -XX:CICompilerCount=2 -XX:ParallelGCThreads=2 -XX:ConcGCThreads=2 -Djdk.net.URLClassPath.disableClassPathURLCheck=true -XX:CICompilerCount=2 -XX:ParallelGCThreads=2 -XX:ConcGCThreads=2 -Djdk.net.URLClassPath.disableClassPathURLCheck=true 
Picked up _JAVA_OPTIONS: -Djdk.net.URLClassPath.disableClassPathURLCheck=true
Running org.apache.logging.log4j.core.layout.XmlLayoutTest
Tests run: 6, Failures: 0, Errors: 0, Skipped: 0, Time elapsed: 0.454 sec - in org.apache.logging.log4j.core.layout.XmlLayoutTest
Picked up JAVA_TOOL_OPTIONS: -XX:CICompilerCount=2 -XX:ParallelGCThreads=2 -XX:ConcGCThreads=2 -Djdk.net.URLClassPath.disableClassPathURLCheck=true -XX:CICompilerCount=2 -XX:ParallelGCThreads=2 -XX:ConcGCThreads=2 -Djdk.net.URLClassPath.disableClassPathURLCheck=true 
Picked up _JAVA_OPTIONS: -Djdk.net.URLClassPath.disableClassPathURLCheck=true
Running org.apache.logging.log4j.core.layout.PatternLayoutTest
Tests run: 5, Failures: 0, Errors: 0, Skipped: 0, Time elapsed: 0.015 sec - in org.apache.logging.log4j.core.layout.PatternLayoutTest
Picked up JAVA_TOOL_OPTIONS: -XX:CICompilerCount=2 -XX:ParallelGCThreads=2 -XX:ConcGCThreads=2 -Djdk.net.URLClassPath.disableClassPathURLCheck=true -XX:CICompilerCount=2 -XX:ParallelGCThreads=2 -XX:ConcGCThreads=2 -Djdk.net.URLClassPath.disableClassPathURLCheck=true 
Picked up _JAVA_OPTIONS: -Djdk.net.URLClassPath.disableClassPathURLCheck=true
Running org.apache.logging.log4j.core.layout.Rfc5424LayoutTest
Tests run: 8, Failures: 0, Errors: 0, Skipped: 0, Time elapsed: 0.038 sec - in org.apache.logging.log4j.core.layout.Rfc5424LayoutTest
Picked up JAVA_TOOL_OPTIONS: -XX:CICompilerCount=2 -XX:ParallelGCThreads=2 -XX:ConcGCThreads=2 -Djdk.net.URLClassPath.disableClassPathURLCheck=true -XX:CICompilerCount=2 -XX:ParallelGCThreads=2 -XX:ConcGCThreads=2 -Djdk.net.URLClassPath.disableClassPathURLCheck=true 
Picked up _JAVA_OPTIONS: -Djdk.net.URLClassPath.disableClassPathURLCheck=true
Running org.apache.logging.log4j.core.layout.HtmlLayoutTest
Tests run: 5, Failures: 0, Errors: 0, Skipped: 0, Time elapsed: 0.017 sec - in org.apache.logging.log4j.core.layout.HtmlLayoutTest
Picked up JAVA_TOOL_OPTIONS: -XX:CICompilerCount=2 -XX:ParallelGCThreads=2 -XX:ConcGCThreads=2 -Djdk.net.URLClassPath.disableClassPathURLCheck=true -XX:CICompilerCount=2 -XX:ParallelGCThreads=2 -XX:ConcGCThreads=2 -Djdk.net.URLClassPath.disableClassPathURLCheck=true 
Picked up _JAVA_OPTIONS: -Djdk.net.URLClassPath.disableClassPathURLCheck=true
Running org.apache.logging.log4j.core.layout.SyslogLayoutTest
Tests run: 1, Failures: 0, Errors: 0, Skipped: 0, Time elapsed: 0.016 sec - in org.apache.logging.log4j.core.layout.SyslogLayoutTest
Picked up JAVA_TOOL_OPTIONS: -XX:CICompilerCount=2 -XX:ParallelGCThreads=2 -XX:ConcGCThreads=2 -Djdk.net.URLClassPath.disableClassPathURLCheck=true -XX:CICompilerCount=2 -XX:ParallelGCThreads=2 -XX:ConcGCThreads=2 -Djdk.net.URLClassPath.disableClassPathURLCheck=true 
Picked up _JAVA_OPTIONS: -Djdk.net.URLClassPath.disableClassPathURLCheck=true
Running org.apache.logging.log4j.core.osgi.felix.FelixLoadCoreBundleTest
Tests run: 1, Failures: 0, Errors: 0, Skipped: 1, Time elapsed: 0.001 sec - in org.apache.logging.log4j.core.osgi.felix.FelixLoadCoreBundleTest
Picked up JAVA_TOOL_OPTIONS: -XX:CICompilerCount=2 -XX:ParallelGCThreads=2 -XX:ConcGCThreads=2 -Djdk.net.URLClassPath.disableClassPathURLCheck=true -XX:CICompilerCount=2 -XX:ParallelGCThreads=2 -XX:ConcGCThreads=2 -Djdk.net.URLClassPath.disableClassPathURLCheck=true 
Picked up _JAVA_OPTIONS: -Djdk.net.URLClassPath.disableClassPathURLCheck=true
Running org.apache.logging.log4j.core.osgi.equinox.EquinoxLoadCoreBundleTest
Tests run: 1, Failures: 0, Errors: 0, Skipped: 1, Time elapsed: 0 sec - in org.apache.logging.log4j.core.osgi.equinox.EquinoxLoadCoreBundleTest
Picked up JAVA_TOOL_OPTIONS: -XX:CICompilerCount=2 -XX:ParallelGCThreads=2 -XX:ConcGCThreads=2 -Djdk.net.URLClassPath.disableClassPathURLCheck=true -XX:CICompilerCount=2 -XX:ParallelGCThreads=2 -XX:ConcGCThreads=2 -Djdk.net.URLClassPath.disableClassPathURLCheck=true 
Picked up _JAVA_OPTIONS: -Djdk.net.URLClassPath.disableClassPathURLCheck=true
Running org.apache.logging.log4j.core.jmx.ServerTest
Tests run: 10, Failures: 0, Errors: 0, Skipped: 0, Time elapsed: 0.022 sec - in org.apache.logging.log4j.core.jmx.ServerTest
Picked up JAVA_TOOL_OPTIONS: -XX:CICompilerCount=2 -XX:ParallelGCThreads=2 -XX:ConcGCThreads=2 -Djdk.net.URLClassPath.disableClassPathURLCheck=true -XX:CICompilerCount=2 -XX:ParallelGCThreads=2 -XX:ConcGCThreads=2 -Djdk.net.URLClassPath.disableClassPathURLCheck=true 
Picked up _JAVA_OPTIONS: -Djdk.net.URLClassPath.disableClassPathURLCheck=true
Running org.apache.logging.log4j.core.impl.ThrowableFormatOptionsTest
Tests run: 35, Failures: 0, Errors: 0, Skipped: 0, Time elapsed: 0.04 sec - in org.apache.logging.log4j.core.impl.ThrowableFormatOptionsTest
Picked up JAVA_TOOL_OPTIONS: -XX:CICompilerCount=2 -XX:ParallelGCThreads=2 -XX:ConcGCThreads=2 -Djdk.net.URLClassPath.disableClassPathURLCheck=true -XX:CICompilerCount=2 -XX:ParallelGCThreads=2 -XX:ConcGCThreads=2 -Djdk.net.URLClassPath.disableClassPathURLCheck=true 
Picked up _JAVA_OPTIONS: -Djdk.net.URLClassPath.disableClassPathURLCheck=true
Running org.apache.logging.log4j.core.impl.Log4jLogEventTest
Tests run: 5, Failures: 0, Errors: 0, Skipped: 0, Time elapsed: 0.067 sec - in org.apache.logging.log4j.core.impl.Log4jLogEventTest
Picked up JAVA_TOOL_OPTIONS: -XX:CICompilerCount=2 -XX:ParallelGCThreads=2 -XX:ConcGCThreads=2 -Djdk.net.URLClassPath.disableClassPathURLCheck=true -XX:CICompilerCount=2 -XX:ParallelGCThreads=2 -XX:ConcGCThreads=2 -Djdk.net.URLClassPath.disableClassPathURLCheck=true 
Picked up _JAVA_OPTIONS: -Djdk.net.URLClassPath.disableClassPathURLCheck=true
Running org.apache.logging.log4j.core.impl.ThrowableProxyTest
Tests run: 4, Failures: 0, Errors: 0, Skipped: 0, Time elapsed: 0.282 sec - in org.apache.logging.log4j.core.impl.ThrowableProxyTest
Picked up JAVA_TOOL_OPTIONS: -XX:CICompilerCount=2 -XX:ParallelGCThreads=2 -XX:ConcGCThreads=2 -Djdk.net.URLClassPath.disableClassPathURLCheck=true -XX:CICompilerCount=2 -XX:ParallelGCThreads=2 -XX:ConcGCThreads=2 -Djdk.net.URLClassPath.disableClassPathURLCheck=true 
Picked up _JAVA_OPTIONS: -Djdk.net.URLClassPath.disableClassPathURLCheck=true
Running org.apache.logging.log4j.core.LoggerDateTest
Tests run: 1, Failures: 0, Errors: 0, Skipped: 0, Time elapsed: 0.004 sec - in org.apache.logging.log4j.core.LoggerDateTest
Picked up JAVA_TOOL_OPTIONS: -XX:CICompilerCount=2 -XX:ParallelGCThreads=2 -XX:ConcGCThreads=2 -Djdk.net.URLClassPath.disableClassPathURLCheck=true -XX:CICompilerCount=2 -XX:ParallelGCThreads=2 -XX:ConcGCThreads=2 -Djdk.net.URLClassPath.disableClassPathURLCheck=true 
Picked up _JAVA_OPTIONS: -Djdk.net.URLClassPath.disableClassPathURLCheck=true
Picked up JAVA_TOOL_OPTIONS: -XX:CICompilerCount=2 -XX:ParallelGCThreads=2 -XX:ConcGCThreads=2 -Djdk.net.URLClassPath.disableClassPathURLCheck=true -XX:CICompilerCount=2 -XX:ParallelGCThreads=2 -XX:ConcGCThreads=2 -Djdk.net.URLClassPath.disableClassPathURLCheck=true 
Picked up _JAVA_OPTIONS: -Djdk.net.URLClassPath.disableClassPathURLCheck=true
Running org.apache.logging.log4j.core.StrictXmlConfigTest
Tests run: 9, Failures: 0, Errors: 0, Skipped: 0, Time elapsed: 0.03 sec - in org.apache.logging.log4j.core.StrictXmlConfigTest
Picked up JAVA_TOOL_OPTIONS: -XX:CICompilerCount=2 -XX:ParallelGCThreads=2 -XX:ConcGCThreads=2 -Djdk.net.URLClassPath.disableClassPathURLCheck=true -XX:CICompilerCount=2 -XX:ParallelGCThreads=2 -XX:ConcGCThreads=2 -Djdk.net.URLClassPath.disableClassPathURLCheck=true 
Picked up _JAVA_OPTIONS: -Djdk.net.URLClassPath.disableClassPathURLCheck=true
Running org.apache.logging.log4j.core.ExtendedLevelTest
Tests run: 1, Failures: 0, Errors: 0, Skipped: 0, Time elapsed: 0.018 sec - in org.apache.logging.log4j.core.ExtendedLevelTest
Picked up JAVA_TOOL_OPTIONS: -XX:CICompilerCount=2 -XX:ParallelGCThreads=2 -XX:ConcGCThreads=2 -Djdk.net.URLClassPath.disableClassPathURLCheck=true -XX:CICompilerCount=2 -XX:ParallelGCThreads=2 -XX:ConcGCThreads=2 -Djdk.net.URLClassPath.disableClassPathURLCheck=true 
Picked up _JAVA_OPTIONS: -Djdk.net.URLClassPath.disableClassPathURLCheck=true
Picked up JAVA_TOOL_OPTIONS: -XX:CICompilerCount=2 -XX:ParallelGCThreads=2 -XX:ConcGCThreads=2 -Djdk.net.URLClassPath.disableClassPathURLCheck=true -XX:CICompilerCount=2 -XX:ParallelGCThreads=2 -XX:ConcGCThreads=2 -Djdk.net.URLClassPath.disableClassPathURLCheck=true 
Picked up _JAVA_OPTIONS: -Djdk.net.URLClassPath.disableClassPathURLCheck=true
Picked up JAVA_TOOL_OPTIONS: -XX:CICompilerCount=2 -XX:ParallelGCThreads=2 -XX:ConcGCThreads=2 -Djdk.net.URLClassPath.disableClassPathURLCheck=true -XX:CICompilerCount=2 -XX:ParallelGCThreads=2 -XX:ConcGCThreads=2 -Djdk.net.URLClassPath.disableClassPathURLCheck=true 
Picked up _JAVA_OPTIONS: -Djdk.net.URLClassPath.disableClassPathURLCheck=true
Running org.apache.logging.log4j.core.LateConfigTest
Tests run: 1, Failures: 0, Errors: 0, Skipped: 0, Time elapsed: 0.102 sec - in org.apache.logging.log4j.core.LateConfigTest
Picked up JAVA_TOOL_OPTIONS: -XX:CICompilerCount=2 -XX:ParallelGCThreads=2 -XX:ConcGCThreads=2 -Djdk.net.URLClassPath.disableClassPathURLCheck=true -XX:CICompilerCount=2 -XX:ParallelGCThreads=2 -XX:ConcGCThreads=2 -Djdk.net.URLClassPath.disableClassPathURLCheck=true 
Picked up _JAVA_OPTIONS: -Djdk.net.URLClassPath.disableClassPathURLCheck=true
Running org.apache.logging.log4j.core.LevelTest
Tests run: 1, Failures: 0, Errors: 0, Skipped: 0, Time elapsed: 0.024 sec - in org.apache.logging.log4j.core.LevelTest
Picked up JAVA_TOOL_OPTIONS: -XX:CICompilerCount=2 -XX:ParallelGCThreads=2 -XX:ConcGCThreads=2 -Djdk.net.URLClassPath.disableClassPathURLCheck=true -XX:CICompilerCount=2 -XX:ParallelGCThreads=2 -XX:ConcGCThreads=2 -Djdk.net.URLClassPath.disableClassPathURLCheck=true 
Picked up _JAVA_OPTIONS: -Djdk.net.URLClassPath.disableClassPathURLCheck=true
Running org.apache.logging.log4j.core.ShutdownDisabledTest
Tests run: 1, Failures: 0, Errors: 0, Skipped: 0, Time elapsed: 0.004 sec - in org.apache.logging.log4j.core.ShutdownDisabledTest
Picked up JAVA_TOOL_OPTIONS: -XX:CICompilerCount=2 -XX:ParallelGCThreads=2 -XX:ConcGCThreads=2 -Djdk.net.URLClassPath.disableClassPathURLCheck=true -XX:CICompilerCount=2 -XX:ParallelGCThreads=2 -XX:ConcGCThreads=2 -Djdk.net.URLClassPath.disableClassPathURLCheck=true 
Picked up _JAVA_OPTIONS: -Djdk.net.URLClassPath.disableClassPathURLCheck=true
Running org.apache.logging.log4j.core.LoggerTest
Tests run: 15, Failures: 0, Errors: 0, Skipped: 0, Time elapsed: 2.146 sec - in org.apache.logging.log4j.core.LoggerTest
Picked up JAVA_TOOL_OPTIONS: -XX:CICompilerCount=2 -XX:ParallelGCThreads=2 -XX:ConcGCThreads=2 -Djdk.net.URLClassPath.disableClassPathURLCheck=true -XX:CICompilerCount=2 -XX:ParallelGCThreads=2 -XX:ConcGCThreads=2 -Djdk.net.URLClassPath.disableClassPathURLCheck=true 
Picked up _JAVA_OPTIONS: -Djdk.net.URLClassPath.disableClassPathURLCheck=true
Running org.apache.logging.log4j.core.AppenderRefLevelTest
Tests run: 3, Failures: 0, Errors: 0, Skipped: 0, Time elapsed: 0.011 sec - in org.apache.logging.log4j.core.AppenderRefLevelTest
Picked up JAVA_TOOL_OPTIONS: -XX:CICompilerCount=2 -XX:ParallelGCThreads=2 -XX:ConcGCThreads=2 -Djdk.net.URLClassPath.disableClassPathURLCheck=true -XX:CICompilerCount=2 -XX:ParallelGCThreads=2 -XX:ConcGCThreads=2 -Djdk.net.URLClassPath.disableClassPathURLCheck=true 
Picked up _JAVA_OPTIONS: -Djdk.net.URLClassPath.disableClassPathURLCheck=true
Running org.apache.logging.log4j.core.BasicLoggingTest
19:31:06.654 [main] ERROR org.apache.logging.log4j.core.BasicLoggingTest - Test message
Tests run: 1, Failures: 0, Errors: 0, Skipped: 0, Time elapsed: 0.294 sec - in org.apache.logging.log4j.core.BasicLoggingTest
Picked up JAVA_TOOL_OPTIONS: -XX:CICompilerCount=2 -XX:ParallelGCThreads=2 -XX:ConcGCThreads=2 -Djdk.net.URLClassPath.disableClassPathURLCheck=true -XX:CICompilerCount=2 -XX:ParallelGCThreads=2 -XX:ConcGCThreads=2 -Djdk.net.URLClassPath.disableClassPathURLCheck=true 
Picked up _JAVA_OPTIONS: -Djdk.net.URLClassPath.disableClassPathURLCheck=true
Running org.apache.logging.log4j.core.LookupTest
Tests run: 1, Failures: 0, Errors: 0, Skipped: 0, Time elapsed: 0.003 sec - in org.apache.logging.log4j.core.LookupTest
Picked up JAVA_TOOL_OPTIONS: -XX:CICompilerCount=2 -XX:ParallelGCThreads=2 -XX:ConcGCThreads=2 -Djdk.net.URLClassPath.disableClassPathURLCheck=true -XX:CICompilerCount=2 -XX:ParallelGCThreads=2 -XX:ConcGCThreads=2 -Djdk.net.URLClassPath.disableClassPathURLCheck=true 
Picked up _JAVA_OPTIONS: -Djdk.net.URLClassPath.disableClassPathURLCheck=true
Running org.apache.logging.log4j.core.LogEventTest
Tests run: 1, Failures: 0, Errors: 0, Skipped: 0, Time elapsed: 0.063 sec - in org.apache.logging.log4j.core.LogEventTest
Picked up JAVA_TOOL_OPTIONS: -XX:CICompilerCount=2 -XX:ParallelGCThreads=2 -XX:ConcGCThreads=2 -Djdk.net.URLClassPath.disableClassPathURLCheck=true -XX:CICompilerCount=2 -XX:ParallelGCThreads=2 -XX:ConcGCThreads=2 -Djdk.net.URLClassPath.disableClassPathURLCheck=true 
Picked up _JAVA_OPTIONS: -Djdk.net.URLClassPath.disableClassPathURLCheck=true
Running org.apache.logging.log4j.core.HostNameTest
Tests run: 1, Failures: 0, Errors: 0, Skipped: 0, Time elapsed: 0.012 sec - in org.apache.logging.log4j.core.HostNameTest
Picked up JAVA_TOOL_OPTIONS: -XX:CICompilerCount=2 -XX:ParallelGCThreads=2 -XX:ConcGCThreads=2 -Djdk.net.URLClassPath.disableClassPathURLCheck=true -XX:CICompilerCount=2 -XX:ParallelGCThreads=2 -XX:ConcGCThreads=2 -Djdk.net.URLClassPath.disableClassPathURLCheck=true 
Picked up _JAVA_OPTIONS: -Djdk.net.URLClassPath.disableClassPathURLCheck=true
Running org.apache.logging.log4j.core.FileConfigTest
Tests run: 1, Failures: 0, Errors: 0, Skipped: 0, Time elapsed: 2.122 sec - in org.apache.logging.log4j.core.FileConfigTest
Picked up JAVA_TOOL_OPTIONS: -XX:CICompilerCount=2 -XX:ParallelGCThreads=2 -XX:ConcGCThreads=2 -Djdk.net.URLClassPath.disableClassPathURLCheck=true -XX:CICompilerCount=2 -XX:ParallelGCThreads=2 -XX:ConcGCThreads=2 -Djdk.net.URLClassPath.disableClassPathURLCheck=true 
Picked up _JAVA_OPTIONS: -Djdk.net.URLClassPath.disableClassPathURLCheck=true
Running org.apache.logging.log4j.core.LoggerUpdateTest
Tests run: 1, Failures: 0, Errors: 0, Skipped: 0, Time elapsed: 0.01 sec - in org.apache.logging.log4j.core.LoggerUpdateTest
Picked up JAVA_TOOL_OPTIONS: -XX:CICompilerCount=2 -XX:ParallelGCThreads=2 -XX:ConcGCThreads=2 -Djdk.net.URLClassPath.disableClassPathURLCheck=true -XX:CICompilerCount=2 -XX:ParallelGCThreads=2 -XX:ConcGCThreads=2 -Djdk.net.URLClassPath.disableClassPathURLCheck=true 
Picked up _JAVA_OPTIONS: -Djdk.net.URLClassPath.disableClassPathURLCheck=true
Running org.apache.logging.log4j.core.CollectionLoggingTest
Tests run: 4, Failures: 0, Errors: 0, Skipped: 0, Time elapsed: 0.072 sec - in org.apache.logging.log4j.core.CollectionLoggingTest
Picked up JAVA_TOOL_OPTIONS: -XX:CICompilerCount=2 -XX:ParallelGCThreads=2 -XX:ConcGCThreads=2 -Djdk.net.URLClassPath.disableClassPathURLCheck=true -XX:CICompilerCount=2 -XX:ParallelGCThreads=2 -XX:ConcGCThreads=2 -Djdk.net.URLClassPath.disableClassPathURLCheck=true 
Picked up _JAVA_OPTIONS: -Djdk.net.URLClassPath.disableClassPathURLCheck=true
Running org.apache.logging.log4j.core.AppenderRefLevelJsonTest
Tests run: 3, Failures: 0, Errors: 0, Skipped: 0, Time elapsed: 0.011 sec - in org.apache.logging.log4j.core.AppenderRefLevelJsonTest
Picked up JAVA_TOOL_OPTIONS: -XX:CICompilerCount=2 -XX:ParallelGCThreads=2 -XX:ConcGCThreads=2 -Djdk.net.URLClassPath.disableClassPathURLCheck=true -XX:CICompilerCount=2 -XX:ParallelGCThreads=2 -XX:ConcGCThreads=2 -Djdk.net.URLClassPath.disableClassPathURLCheck=true 
Picked up _JAVA_OPTIONS: -Djdk.net.URLClassPath.disableClassPathURLCheck=true
Running org.apache.logging.log4j.core.LogEventFactoryTest
Tests run: 1, Failures: 0, Errors: 0, Skipped: 0, Time elapsed: 0.012 sec - in org.apache.logging.log4j.core.LogEventFactoryTest
Picked up JAVA_TOOL_OPTIONS: -XX:CICompilerCount=2 -XX:ParallelGCThreads=2 -XX:ConcGCThreads=2 -Djdk.net.URLClassPath.disableClassPathURLCheck=true -XX:CICompilerCount=2 -XX:ParallelGCThreads=2 -XX:ConcGCThreads=2 -Djdk.net.URLClassPath.disableClassPathURLCheck=true 
Picked up _JAVA_OPTIONS: -Djdk.net.URLClassPath.disableClassPathURLCheck=true
Running org.apache.logging.log4j.MarkerMixInTest
Tests run: 3, Failures: 0, Errors: 0, Skipped: 0, Time elapsed: 0.232 sec - in org.apache.logging.log4j.MarkerMixInTest

Results :

Failed tests: 
  AsyncLoggersWithAsyncAppenderTest.testLoggingWorks:66 Incorrect number of events. Expected 2, got 0

Tests run: 658, Failures: 1, Errors: 0, Skipped: 28

[INFO] ------------------------------------------------------------------------
[INFO] BUILD FAILURE
[INFO] ------------------------------------------------------------------------
[INFO] Total time: 08:25 min
[INFO] Finished at: 2020-03-11T19:31:22-07:00
[INFO] Final Memory: 34M/985M
[INFO] ------------------------------------------------------------------------
[ERROR] Failed to execute goal org.apache.maven.plugins:maven-surefire-plugin:2.17:test (default-test) on project log4j-core: There are test failures.
[ERROR] 
[ERROR] Please refer to /boom/scratch/tmp-rta/Bugs.jar_Logging-Log4J2_60f64cc1_java-7/log4j-core/target/surefire-reports for the individual test results.
[ERROR] -> [Help 1]
[ERROR] 
[ERROR] To see the full stack trace of the errors, re-run Maven with the -e switch.
[ERROR] Re-run Maven using the -X switch to enable full debug logging.
[ERROR] 
[ERROR] For more information about the errors and possible solutions, please read the following articles:
[ERROR] [Help 1] http://cwiki.apache.org/confluence/display/MAVEN/MojoFailureException
