Picked up JAVA_TOOL_OPTIONS: -XX:CICompilerCount=2 -XX:ParallelGCThreads=2 -XX:ConcGCThreads=2 -Djdk.net.URLClassPath.disableClassPathURLCheck=true 
Picked up _JAVA_OPTIONS: -Djdk.net.URLClassPath.disableClassPathURLCheck=true
Apache Maven 3.5.0 (Red Hat 3.5.0-4.3)
Maven home: /opt/rh/rh-maven35/root/usr/share/maven
Java version: 1.7.0_80, vendor: Oracle Corporation
Java home: /scratch/jmcampos/RTA/repair_them_all_framework/jdks/jdk1.7.0_80/jre
Default locale: en_US, platform encoding: UTF-8
OS name: "linux", version: "4.14.158-1.el7.retpoline.x86_64", arch: "amd64", family: "unix"
[INFO] Scanning for projects...
[INFO] 
[INFO] ------------------------------------------------------------------------
[INFO] Building flink-streaming-core 0.10-SNAPSHOT
[INFO] ------------------------------------------------------------------------
[INFO] Downloading: http://repository.apache.org/snapshots/org/apache/flink/flink-core/0.10-SNAPSHOT/maven-metadata.xml
[INFO] Downloaded: http://repository.apache.org/snapshots/org/apache/flink/flink-core/0.10-SNAPSHOT/maven-metadata.xml (1.4 kB at 2.7 kB/s)
[INFO] Downloading: http://repository.apache.org/snapshots/org/apache/flink/flink-parent/0.10-SNAPSHOT/maven-metadata.xml
[INFO] Downloaded: http://repository.apache.org/snapshots/org/apache/flink/flink-parent/0.10-SNAPSHOT/maven-metadata.xml (607 B at 443 B/s)
[INFO] Downloading: http://repository.apache.org/snapshots/org/apache/flink/flink-shaded-include-yarn/0.10-SNAPSHOT/maven-metadata.xml
[INFO] Downloaded: http://repository.apache.org/snapshots/org/apache/flink/flink-shaded-include-yarn/0.10-SNAPSHOT/maven-metadata.xml (1.2 kB at 1.1 kB/s)
[INFO] Downloading: http://repository.apache.org/snapshots/org/apache/flink/flink-shaded-hadoop/0.10-SNAPSHOT/maven-metadata.xml
[INFO] Downloaded: http://repository.apache.org/snapshots/org/apache/flink/flink-shaded-hadoop/0.10-SNAPSHOT/maven-metadata.xml (614 B at 445 B/s)
[INFO] Downloading: http://repository.apache.org/snapshots/org/apache/flink/flink-runtime/0.10-SNAPSHOT/maven-metadata.xml
[INFO] Downloaded: http://repository.apache.org/snapshots/org/apache/flink/flink-runtime/0.10-SNAPSHOT/maven-metadata.xml (1.4 kB at 3.9 kB/s)
[INFO] Downloading: http://repository.apache.org/snapshots/org/apache/flink/flink-java/0.10-SNAPSHOT/maven-metadata.xml
[INFO] Downloaded: http://repository.apache.org/snapshots/org/apache/flink/flink-java/0.10-SNAPSHOT/maven-metadata.xml (1.4 kB at 3.6 kB/s)
[INFO] Downloading: http://repository.apache.org/snapshots/org/apache/flink/flink-clients/0.10-SNAPSHOT/maven-metadata.xml
[INFO] Downloaded: http://repository.apache.org/snapshots/org/apache/flink/flink-clients/0.10-SNAPSHOT/maven-metadata.xml (1.4 kB at 4.1 kB/s)
[INFO] Downloading: http://repository.apache.org/snapshots/org/apache/flink/flink-optimizer/0.10-SNAPSHOT/maven-metadata.xml
[INFO] Downloaded: http://repository.apache.org/snapshots/org/apache/flink/flink-optimizer/0.10-SNAPSHOT/maven-metadata.xml (1.4 kB at 4.3 kB/s)
[INFO] Downloading: http://repository.apache.org/snapshots/org/apache/flink/flink-test-utils/0.10-SNAPSHOT/maven-metadata.xml
[INFO] Downloaded: http://repository.apache.org/snapshots/org/apache/flink/flink-test-utils/0.10-SNAPSHOT/maven-metadata.xml (1.4 kB at 1.2 kB/s)
[INFO] 
[INFO] --- maven-checkstyle-plugin:2.12.1:check (validate) @ flink-streaming-core ---
[INFO] 
[INFO] --- maven-enforcer-plugin:1.3.1:enforce (enforce-maven) @ flink-streaming-core ---
[INFO] Skipping Rule Enforcement.
[INFO] 
[INFO] --- maven-remote-resources-plugin:1.5:process (default) @ flink-streaming-core ---
[INFO] 
[INFO] --- maven-resources-plugin:2.6:resources (default-resources) @ flink-streaming-core ---
[INFO] Using 'UTF-8' encoding to copy filtered resources.
[INFO] skip non existing resourceDirectory /tmp/Bugs.jar_Flink_d738430c_java-7/flink-staging/flink-streaming/flink-streaming-core/src/main/resources
[INFO] Copying 3 resources
[INFO] 
[INFO] --- maven-compiler-plugin:3.1:compile (default-compile) @ flink-streaming-core ---
[INFO] Nothing to compile - all classes are up to date
[INFO] 
[INFO] --- maven-resources-plugin:2.6:testResources (default-testResources) @ flink-streaming-core ---
[INFO] Using 'UTF-8' encoding to copy filtered resources.
[INFO] Copying 3 resources
[INFO] Copying 3 resources
[INFO] 
[INFO] --- maven-compiler-plugin:3.1:testCompile (default-testCompile) @ flink-streaming-core ---
[INFO] Changes detected - recompiling the module!
[INFO] Compiling 113 source files to /tmp/Bugs.jar_Flink_d738430c_java-7/flink-staging/flink-streaming/flink-streaming-core/target/test-classes
[WARNING] /tmp/Bugs.jar_Flink_d738430c_java-7/flink-staging/flink-streaming/flink-streaming-core/src/test/java/org/apache/flink/streaming/api/StreamExecutionEnvironmentTest.java:[125,68] unchecked cast
  required: org.apache.flink.streaming.api.functions.source.SourceFunction<T>
  found:    capture#1 of ?
[WARNING] /tmp/Bugs.jar_Flink_d738430c_java-7/flink-staging/flink-streaming/flink-streaming-core/src/test/java/org/apache/flink/streaming/api/DataStreamTest.java:[275,76] unchecked generic array creation for varargs parameter of type org.apache.flink.api.java.tuple.Tuple2<java.lang.Long,java.lang.Long>[]
[WARNING] /tmp/Bugs.jar_Flink_d738430c_java-7/flink-staging/flink-streaming/flink-streaming-core/src/test/java/org/apache/flink/streaming/api/DataStreamTest.java:[401,39] unchecked generic array creation for varargs parameter of type org.apache.flink.streaming.api.datastream.DataStream<java.lang.Integer>[]
[WARNING] /tmp/Bugs.jar_Flink_d738430c_java-7/flink-staging/flink-streaming/flink-streaming-core/src/test/java/org/apache/flink/streaming/api/DataStreamTest.java:[570,38] unchecked call to <OUT>map(org.apache.flink.streaming.api.functions.co.CoMapFunction<IN1,IN2,OUT>) as a member of the raw type org.apache.flink.streaming.api.datastream.ConnectedDataStream
[WARNING] /tmp/Bugs.jar_Flink_d738430c_java-7/flink-staging/flink-streaming/flink-streaming-core/src/test/java/org/apache/flink/streaming/api/PartitionerTest.java:[66,66] unchecked generic array creation for varargs parameter of type org.apache.flink.api.java.tuple.Tuple1<java.lang.String>[]
[WARNING] /tmp/Bugs.jar_Flink_d738430c_java-7/flink-staging/flink-streaming/flink-streaming-core/src/test/java/org/apache/flink/streaming/api/PartitionerTest.java:[154,71] unchecked generic array creation for varargs parameter of type org.apache.flink.api.java.tuple.Tuple2<java.lang.Integer,java.lang.String>[]
[WARNING] /tmp/Bugs.jar_Flink_d738430c_java-7/flink-staging/flink-streaming/flink-streaming-core/src/test/java/org/apache/flink/streaming/api/PartitionerTest.java:[183,71] unchecked generic array creation for varargs parameter of type org.apache.flink.api.java.tuple.Tuple2<java.lang.Integer,java.lang.String>[]
[WARNING] /tmp/Bugs.jar_Flink_d738430c_java-7/flink-staging/flink-streaming/flink-streaming-core/src/test/java/org/apache/flink/streaming/api/PartitionerTest.java:[198,71] unchecked generic array creation for varargs parameter of type org.apache.flink.api.java.tuple.Tuple2<java.lang.Integer,java.lang.String>[]
[INFO] 
[INFO] --- maven-surefire-plugin:2.17:test (default-test) @ flink-streaming-core ---
[INFO] Surefire report directory: /tmp/Bugs.jar_Flink_d738430c_java-7/flink-staging/flink-streaming/flink-streaming-core/target/surefire-reports
[INFO] Downloading: https://repo.maven.apache.org/maven2/org/apache/maven/surefire/surefire-junit4/2.17/surefire-junit4-2.17.pom
[INFO] Downloaded: https://repo.maven.apache.org/maven2/org/apache/maven/surefire/surefire-junit4/2.17/surefire-junit4-2.17.pom (2.5 kB at 2.0 kB/s)
[INFO] Downloading: https://repo.maven.apache.org/maven2/org/apache/maven/surefire/surefire-providers/2.17/surefire-providers-2.17.pom
[INFO] Downloaded: https://repo.maven.apache.org/maven2/org/apache/maven/surefire/surefire-providers/2.17/surefire-providers-2.17.pom (2.4 kB at 5.1 kB/s)
[INFO] Downloading: https://repo.maven.apache.org/maven2/org/apache/maven/surefire/surefire-junit4/2.17/surefire-junit4-2.17.jar
[INFO] Downloaded: https://repo.maven.apache.org/maven2/org/apache/maven/surefire/surefire-junit4/2.17/surefire-junit4-2.17.jar (64 kB at 2.1 MB/s)

-------------------------------------------------------
 T E S T S
-------------------------------------------------------

-------------------------------------------------------
 T E S T S
-------------------------------------------------------
Picked up JAVA_TOOL_OPTIONS: -XX:CICompilerCount=2 -XX:ParallelGCThreads=2 -XX:ConcGCThreads=2 -Djdk.net.URLClassPath.disableClassPathURLCheck=true -XX:CICompilerCount=2 -XX:ParallelGCThreads=2 -XX:ConcGCThreads=2 -Djdk.net.URLClassPath.disableClassPathURLCheck=true 
Picked up _JAVA_OPTIONS: -Djdk.net.URLClassPath.disableClassPathURLCheck=true
Picked up JAVA_TOOL_OPTIONS: -XX:CICompilerCount=2 -XX:ParallelGCThreads=2 -XX:ConcGCThreads=2 -Djdk.net.URLClassPath.disableClassPathURLCheck=true -XX:CICompilerCount=2 -XX:ParallelGCThreads=2 -XX:ConcGCThreads=2 -Djdk.net.URLClassPath.disableClassPathURLCheck=true 
Picked up _JAVA_OPTIONS: -Djdk.net.URLClassPath.disableClassPathURLCheck=true
Picked up JAVA_TOOL_OPTIONS: -XX:CICompilerCount=2 -XX:ParallelGCThreads=2 -XX:ConcGCThreads=2 -Djdk.net.URLClassPath.disableClassPathURLCheck=true -XX:CICompilerCount=2 -XX:ParallelGCThreads=2 -XX:ConcGCThreads=2 -Djdk.net.URLClassPath.disableClassPathURLCheck=true 
Picked up _JAVA_OPTIONS: -Djdk.net.URLClassPath.disableClassPathURLCheck=true
Picked up JAVA_TOOL_OPTIONS: -XX:CICompilerCount=2 -XX:ParallelGCThreads=2 -XX:ConcGCThreads=2 -Djdk.net.URLClassPath.disableClassPathURLCheck=true -XX:CICompilerCount=2 -XX:ParallelGCThreads=2 -XX:ConcGCThreads=2 -Djdk.net.URLClassPath.disableClassPathURLCheck=true 
Picked up _JAVA_OPTIONS: -Djdk.net.URLClassPath.disableClassPathURLCheck=true
Picked up JAVA_TOOL_OPTIONS: -XX:CICompilerCount=2 -XX:ParallelGCThreads=2 -XX:ConcGCThreads=2 -Djdk.net.URLClassPath.disableClassPathURLCheck=true -XX:CICompilerCount=2 -XX:ParallelGCThreads=2 -XX:ConcGCThreads=2 -Djdk.net.URLClassPath.disableClassPathURLCheck=true 
Picked up JAVA_TOOL_OPTIONS: -XX:CICompilerCount=2 -XX:ParallelGCThreads=2 -XX:ConcGCThreads=2 -Djdk.net.URLClassPath.disableClassPathURLCheck=true -XX:CICompilerCount=2 -XX:ParallelGCThreads=2 -XX:ConcGCThreads=2 -Djdk.net.URLClassPath.disableClassPathURLCheck=true 
Picked up JAVA_TOOL_OPTIONS: -XX:CICompilerCount=2 -XX:ParallelGCThreads=2 -XX:ConcGCThreads=2 -Djdk.net.URLClassPath.disableClassPathURLCheck=true -XX:CICompilerCount=2 -XX:ParallelGCThreads=2 -XX:ConcGCThreads=2 -Djdk.net.URLClassPath.disableClassPathURLCheck=true 
Picked up JAVA_TOOL_OPTIONS: -XX:CICompilerCount=2 -XX:ParallelGCThreads=2 -XX:ConcGCThreads=2 -Djdk.net.URLClassPath.disableClassPathURLCheck=true -XX:CICompilerCount=2 -XX:ParallelGCThreads=2 -XX:ConcGCThreads=2 -Djdk.net.URLClassPath.disableClassPathURLCheck=true 
Picked up JAVA_TOOL_OPTIONS: -XX:CICompilerCount=2 -XX:ParallelGCThreads=2 -XX:ConcGCThreads=2 -Djdk.net.URLClassPath.disableClassPathURLCheck=true -XX:CICompilerCount=2 -XX:ParallelGCThreads=2 -XX:ConcGCThreads=2 -Djdk.net.URLClassPath.disableClassPathURLCheck=true 
Picked up JAVA_TOOL_OPTIONS: -XX:CICompilerCount=2 -XX:ParallelGCThreads=2 -XX:ConcGCThreads=2 -Djdk.net.URLClassPath.disableClassPathURLCheck=true -XX:CICompilerCount=2 -XX:ParallelGCThreads=2 -XX:ConcGCThreads=2 -Djdk.net.URLClassPath.disableClassPathURLCheck=true 
Picked up JAVA_TOOL_OPTIONS: -XX:CICompilerCount=2 -XX:ParallelGCThreads=2 -XX:ConcGCThreads=2 -Djdk.net.URLClassPath.disableClassPathURLCheck=true -XX:CICompilerCount=2 -XX:ParallelGCThreads=2 -XX:ConcGCThreads=2 -Djdk.net.URLClassPath.disableClassPathURLCheck=true 
Picked up JAVA_TOOL_OPTIONS: -XX:CICompilerCount=2 -XX:ParallelGCThreads=2 -XX:ConcGCThreads=2 -Djdk.net.URLClassPath.disableClassPathURLCheck=true -XX:CICompilerCount=2 -XX:ParallelGCThreads=2 -XX:ConcGCThreads=2 -Djdk.net.URLClassPath.disableClassPathURLCheck=true 
Picked up JAVA_TOOL_OPTIONS: -XX:CICompilerCount=2 -XX:ParallelGCThreads=2 -XX:ConcGCThreads=2 -Djdk.net.URLClassPath.disableClassPathURLCheck=true -XX:CICompilerCount=2 -XX:ParallelGCThreads=2 -XX:ConcGCThreads=2 -Djdk.net.URLClassPath.disableClassPathURLCheck=true 
Picked up JAVA_TOOL_OPTIONS: -XX:CICompilerCount=2 -XX:ParallelGCThreads=2 -XX:ConcGCThreads=2 -Djdk.net.URLClassPath.disableClassPathURLCheck=true -XX:CICompilerCount=2 -XX:ParallelGCThreads=2 -XX:ConcGCThreads=2 -Djdk.net.URLClassPath.disableClassPathURLCheck=true 
Picked up _JAVA_OPTIONS: -Djdk.net.URLClassPath.disableClassPathURLCheck=true
Picked up JAVA_TOOL_OPTIONS: -XX:CICompilerCount=2 -XX:ParallelGCThreads=2 -XX:ConcGCThreads=2 -Djdk.net.URLClassPath.disableClassPathURLCheck=true -XX:CICompilerCount=2 -XX:ParallelGCThreads=2 -XX:ConcGCThreads=2 -Djdk.net.URLClassPath.disableClassPathURLCheck=true 
Picked up _JAVA_OPTIONS: -Djdk.net.URLClassPath.disableClassPathURLCheck=true
Picked up _JAVA_OPTIONS: -Djdk.net.URLClassPath.disableClassPathURLCheck=true
Picked up _JAVA_OPTIONS: -Djdk.net.URLClassPath.disableClassPathURLCheck=true
Picked up JAVA_TOOL_OPTIONS: -XX:CICompilerCount=2 -XX:ParallelGCThreads=2 -XX:ConcGCThreads=2 -Djdk.net.URLClassPath.disableClassPathURLCheck=true -XX:CICompilerCount=2 -XX:ParallelGCThreads=2 -XX:ConcGCThreads=2 -Djdk.net.URLClassPath.disableClassPathURLCheck=true 
Picked up _JAVA_OPTIONS: -Djdk.net.URLClassPath.disableClassPathURLCheck=true
Picked up JAVA_TOOL_OPTIONS: -XX:CICompilerCount=2 -XX:ParallelGCThreads=2 -XX:ConcGCThreads=2 -Djdk.net.URLClassPath.disableClassPathURLCheck=true -XX:CICompilerCount=2 -XX:ParallelGCThreads=2 -XX:ConcGCThreads=2 -Djdk.net.URLClassPath.disableClassPathURLCheck=true 
Picked up _JAVA_OPTIONS: -Djdk.net.URLClassPath.disableClassPathURLCheck=true
Picked up JAVA_TOOL_OPTIONS: -XX:CICompilerCount=2 -XX:ParallelGCThreads=2 -XX:ConcGCThreads=2 -Djdk.net.URLClassPath.disableClassPathURLCheck=true -XX:CICompilerCount=2 -XX:ParallelGCThreads=2 -XX:ConcGCThreads=2 -Djdk.net.URLClassPath.disableClassPathURLCheck=true 
Picked up _JAVA_OPTIONS: -Djdk.net.URLClassPath.disableClassPathURLCheck=true
Picked up JAVA_TOOL_OPTIONS: -XX:CICompilerCount=2 -XX:ParallelGCThreads=2 -XX:ConcGCThreads=2 -Djdk.net.URLClassPath.disableClassPathURLCheck=true -XX:CICompilerCount=2 -XX:ParallelGCThreads=2 -XX:ConcGCThreads=2 -Djdk.net.URLClassPath.disableClassPathURLCheck=true 
Picked up _JAVA_OPTIONS: -Djdk.net.URLClassPath.disableClassPathURLCheck=true
Picked up _JAVA_OPTIONS: -Djdk.net.URLClassPath.disableClassPathURLCheck=true
Picked up _JAVA_OPTIONS: -Djdk.net.URLClassPath.disableClassPathURLCheck=true
Picked up JAVA_TOOL_OPTIONS: -XX:CICompilerCount=2 -XX:ParallelGCThreads=2 -XX:ConcGCThreads=2 -Djdk.net.URLClassPath.disableClassPathURLCheck=true -XX:CICompilerCount=2 -XX:ParallelGCThreads=2 -XX:ConcGCThreads=2 -Djdk.net.URLClassPath.disableClassPathURLCheck=true 
Picked up JAVA_TOOL_OPTIONS: -XX:CICompilerCount=2 -XX:ParallelGCThreads=2 -XX:ConcGCThreads=2 -Djdk.net.URLClassPath.disableClassPathURLCheck=true -XX:CICompilerCount=2 -XX:ParallelGCThreads=2 -XX:ConcGCThreads=2 -Djdk.net.URLClassPath.disableClassPathURLCheck=true 
Picked up _JAVA_OPTIONS: -Djdk.net.URLClassPath.disableClassPathURLCheck=true
Picked up _JAVA_OPTIONS: -Djdk.net.URLClassPath.disableClassPathURLCheck=true
Picked up JAVA_TOOL_OPTIONS: -XX:CICompilerCount=2 -XX:ParallelGCThreads=2 -XX:ConcGCThreads=2 -Djdk.net.URLClassPath.disableClassPathURLCheck=true -XX:CICompilerCount=2 -XX:ParallelGCThreads=2 -XX:ConcGCThreads=2 -Djdk.net.URLClassPath.disableClassPathURLCheck=true 
Picked up _JAVA_OPTIONS: -Djdk.net.URLClassPath.disableClassPathURLCheck=true
Picked up JAVA_TOOL_OPTIONS: -XX:CICompilerCount=2 -XX:ParallelGCThreads=2 -XX:ConcGCThreads=2 -Djdk.net.URLClassPath.disableClassPathURLCheck=true -XX:CICompilerCount=2 -XX:ParallelGCThreads=2 -XX:ConcGCThreads=2 -Djdk.net.URLClassPath.disableClassPathURLCheck=true 
Picked up _JAVA_OPTIONS: -Djdk.net.URLClassPath.disableClassPathURLCheck=true
Picked up _JAVA_OPTIONS: -Djdk.net.URLClassPath.disableClassPathURLCheck=true
Picked up JAVA_TOOL_OPTIONS: -XX:CICompilerCount=2 -XX:ParallelGCThreads=2 -XX:ConcGCThreads=2 -Djdk.net.URLClassPath.disableClassPathURLCheck=true -XX:CICompilerCount=2 -XX:ParallelGCThreads=2 -XX:ConcGCThreads=2 -Djdk.net.URLClassPath.disableClassPathURLCheck=true 
Picked up _JAVA_OPTIONS: -Djdk.net.URLClassPath.disableClassPathURLCheck=true
Picked up _JAVA_OPTIONS: -Djdk.net.URLClassPath.disableClassPathURLCheck=true
Picked up JAVA_TOOL_OPTIONS: -XX:CICompilerCount=2 -XX:ParallelGCThreads=2 -XX:ConcGCThreads=2 -Djdk.net.URLClassPath.disableClassPathURLCheck=true -XX:CICompilerCount=2 -XX:ParallelGCThreads=2 -XX:ConcGCThreads=2 -Djdk.net.URLClassPath.disableClassPathURLCheck=true 
Picked up _JAVA_OPTIONS: -Djdk.net.URLClassPath.disableClassPathURLCheck=true
Picked up JAVA_TOOL_OPTIONS: -XX:CICompilerCount=2 -XX:ParallelGCThreads=2 -XX:ConcGCThreads=2 -Djdk.net.URLClassPath.disableClassPathURLCheck=true -XX:CICompilerCount=2 -XX:ParallelGCThreads=2 -XX:ConcGCThreads=2 -Djdk.net.URLClassPath.disableClassPathURLCheck=true 
Picked up _JAVA_OPTIONS: -Djdk.net.URLClassPath.disableClassPathURLCheck=true
Picked up _JAVA_OPTIONS: -Djdk.net.URLClassPath.disableClassPathURLCheck=true
Picked up _JAVA_OPTIONS: -Djdk.net.URLClassPath.disableClassPathURLCheck=true
Picked up _JAVA_OPTIONS: -Djdk.net.URLClassPath.disableClassPathURLCheck=true
Picked up JAVA_TOOL_OPTIONS: -XX:CICompilerCount=2 -XX:ParallelGCThreads=2 -XX:ConcGCThreads=2 -Djdk.net.URLClassPath.disableClassPathURLCheck=true -XX:CICompilerCount=2 -XX:ParallelGCThreads=2 -XX:ConcGCThreads=2 -Djdk.net.URLClassPath.disableClassPathURLCheck=true 
Picked up _JAVA_OPTIONS: -Djdk.net.URLClassPath.disableClassPathURLCheck=true
Picked up JAVA_TOOL_OPTIONS: -XX:CICompilerCount=2 -XX:ParallelGCThreads=2 -XX:ConcGCThreads=2 -Djdk.net.URLClassPath.disableClassPathURLCheck=true -XX:CICompilerCount=2 -XX:ParallelGCThreads=2 -XX:ConcGCThreads=2 -Djdk.net.URLClassPath.disableClassPathURLCheck=true 
Picked up _JAVA_OPTIONS: -Djdk.net.URLClassPath.disableClassPathURLCheck=true
Picked up JAVA_TOOL_OPTIONS: -XX:CICompilerCount=2 -XX:ParallelGCThreads=2 -XX:ConcGCThreads=2 -Djdk.net.URLClassPath.disableClassPathURLCheck=true -XX:CICompilerCount=2 -XX:ParallelGCThreads=2 -XX:ConcGCThreads=2 -Djdk.net.URLClassPath.disableClassPathURLCheck=true 
Picked up _JAVA_OPTIONS: -Djdk.net.URLClassPath.disableClassPathURLCheck=true
Running org.apache.flink.streaming.runtime.partitioner.ShufflePartitionerTest
Picked up JAVA_TOOL_OPTIONS: -XX:CICompilerCount=2 -XX:ParallelGCThreads=2 -XX:ConcGCThreads=2 -Djdk.net.URLClassPath.disableClassPathURLCheck=true -XX:CICompilerCount=2 -XX:ParallelGCThreads=2 -XX:ConcGCThreads=2 -Djdk.net.URLClassPath.disableClassPathURLCheck=true 
Picked up _JAVA_OPTIONS: -Djdk.net.URLClassPath.disableClassPathURLCheck=true
Picked up JAVA_TOOL_OPTIONS: -XX:CICompilerCount=2 -XX:ParallelGCThreads=2 -XX:ConcGCThreads=2 -Djdk.net.URLClassPath.disableClassPathURLCheck=true -XX:CICompilerCount=2 -XX:ParallelGCThreads=2 -XX:ConcGCThreads=2 -Djdk.net.URLClassPath.disableClassPathURLCheck=true 
Picked up _JAVA_OPTIONS: -Djdk.net.URLClassPath.disableClassPathURLCheck=true
Picked up JAVA_TOOL_OPTIONS: -XX:CICompilerCount=2 -XX:ParallelGCThreads=2 -XX:ConcGCThreads=2 -Djdk.net.URLClassPath.disableClassPathURLCheck=true -XX:CICompilerCount=2 -XX:ParallelGCThreads=2 -XX:ConcGCThreads=2 -Djdk.net.URLClassPath.disableClassPathURLCheck=true 
Picked up _JAVA_OPTIONS: -Djdk.net.URLClassPath.disableClassPathURLCheck=true
Picked up JAVA_TOOL_OPTIONS: -XX:CICompilerCount=2 -XX:ParallelGCThreads=2 -XX:ConcGCThreads=2 -Djdk.net.URLClassPath.disableClassPathURLCheck=true -XX:CICompilerCount=2 -XX:ParallelGCThreads=2 -XX:ConcGCThreads=2 -Djdk.net.URLClassPath.disableClassPathURLCheck=true 
Picked up _JAVA_OPTIONS: -Djdk.net.URLClassPath.disableClassPathURLCheck=true
Picked up JAVA_TOOL_OPTIONS: -XX:CICompilerCount=2 -XX:ParallelGCThreads=2 -XX:ConcGCThreads=2 -Djdk.net.URLClassPath.disableClassPathURLCheck=true -XX:CICompilerCount=2 -XX:ParallelGCThreads=2 -XX:ConcGCThreads=2 -Djdk.net.URLClassPath.disableClassPathURLCheck=true 
Picked up _JAVA_OPTIONS: -Djdk.net.URLClassPath.disableClassPathURLCheck=true
Picked up JAVA_TOOL_OPTIONS: -XX:CICompilerCount=2 -XX:ParallelGCThreads=2 -XX:ConcGCThreads=2 -Djdk.net.URLClassPath.disableClassPathURLCheck=true -XX:CICompilerCount=2 -XX:ParallelGCThreads=2 -XX:ConcGCThreads=2 -Djdk.net.URLClassPath.disableClassPathURLCheck=true 
Picked up _JAVA_OPTIONS: -Djdk.net.URLClassPath.disableClassPathURLCheck=true
Picked up JAVA_TOOL_OPTIONS: -XX:CICompilerCount=2 -XX:ParallelGCThreads=2 -XX:ConcGCThreads=2 -Djdk.net.URLClassPath.disableClassPathURLCheck=true -XX:CICompilerCount=2 -XX:ParallelGCThreads=2 -XX:ConcGCThreads=2 -Djdk.net.URLClassPath.disableClassPathURLCheck=true 
Picked up JAVA_TOOL_OPTIONS: -XX:CICompilerCount=2 -XX:ParallelGCThreads=2 -XX:ConcGCThreads=2 -Djdk.net.URLClassPath.disableClassPathURLCheck=true -XX:CICompilerCount=2 -XX:ParallelGCThreads=2 -XX:ConcGCThreads=2 -Djdk.net.URLClassPath.disableClassPathURLCheck=true 
Picked up _JAVA_OPTIONS: -Djdk.net.URLClassPath.disableClassPathURLCheck=true
Picked up _JAVA_OPTIONS: -Djdk.net.URLClassPath.disableClassPathURLCheck=true
Picked up JAVA_TOOL_OPTIONS: -XX:CICompilerCount=2 -XX:ParallelGCThreads=2 -XX:ConcGCThreads=2 -Djdk.net.URLClassPath.disableClassPathURLCheck=true -XX:CICompilerCount=2 -XX:ParallelGCThreads=2 -XX:ConcGCThreads=2 -Djdk.net.URLClassPath.disableClassPathURLCheck=true 
Picked up _JAVA_OPTIONS: -Djdk.net.URLClassPath.disableClassPathURLCheck=true
Picked up JAVA_TOOL_OPTIONS: -XX:CICompilerCount=2 -XX:ParallelGCThreads=2 -XX:ConcGCThreads=2 -Djdk.net.URLClassPath.disableClassPathURLCheck=true -XX:CICompilerCount=2 -XX:ParallelGCThreads=2 -XX:ConcGCThreads=2 -Djdk.net.URLClassPath.disableClassPathURLCheck=true 
Picked up _JAVA_OPTIONS: -Djdk.net.URLClassPath.disableClassPathURLCheck=true
Picked up JAVA_TOOL_OPTIONS: -XX:CICompilerCount=2 -XX:ParallelGCThreads=2 -XX:ConcGCThreads=2 -Djdk.net.URLClassPath.disableClassPathURLCheck=true -XX:CICompilerCount=2 -XX:ParallelGCThreads=2 -XX:ConcGCThreads=2 -Djdk.net.URLClassPath.disableClassPathURLCheck=true 
Picked up JAVA_TOOL_OPTIONS: -XX:CICompilerCount=2 -XX:ParallelGCThreads=2 -XX:ConcGCThreads=2 -Djdk.net.URLClassPath.disableClassPathURLCheck=true -XX:CICompilerCount=2 -XX:ParallelGCThreads=2 -XX:ConcGCThreads=2 -Djdk.net.URLClassPath.disableClassPathURLCheck=true 
Picked up JAVA_TOOL_OPTIONS: -XX:CICompilerCount=2 -XX:ParallelGCThreads=2 -XX:ConcGCThreads=2 -Djdk.net.URLClassPath.disableClassPathURLCheck=true -XX:CICompilerCount=2 -XX:ParallelGCThreads=2 -XX:ConcGCThreads=2 -Djdk.net.URLClassPath.disableClassPathURLCheck=true 
Picked up _JAVA_OPTIONS: -Djdk.net.URLClassPath.disableClassPathURLCheck=true
Picked up _JAVA_OPTIONS: -Djdk.net.URLClassPath.disableClassPathURLCheck=true
Picked up JAVA_TOOL_OPTIONS: -XX:CICompilerCount=2 -XX:ParallelGCThreads=2 -XX:ConcGCThreads=2 -Djdk.net.URLClassPath.disableClassPathURLCheck=true -XX:CICompilerCount=2 -XX:ParallelGCThreads=2 -XX:ConcGCThreads=2 -Djdk.net.URLClassPath.disableClassPathURLCheck=true 
Picked up JAVA_TOOL_OPTIONS: -XX:CICompilerCount=2 -XX:ParallelGCThreads=2 -XX:ConcGCThreads=2 -Djdk.net.URLClassPath.disableClassPathURLCheck=true -XX:CICompilerCount=2 -XX:ParallelGCThreads=2 -XX:ConcGCThreads=2 -Djdk.net.URLClassPath.disableClassPathURLCheck=true 
Picked up _JAVA_OPTIONS: -Djdk.net.URLClassPath.disableClassPathURLCheck=true
Picked up _JAVA_OPTIONS: -Djdk.net.URLClassPath.disableClassPathURLCheck=true
Picked up JAVA_TOOL_OPTIONS: -XX:CICompilerCount=2 -XX:ParallelGCThreads=2 -XX:ConcGCThreads=2 -Djdk.net.URLClassPath.disableClassPathURLCheck=true -XX:CICompilerCount=2 -XX:ParallelGCThreads=2 -XX:ConcGCThreads=2 -Djdk.net.URLClassPath.disableClassPathURLCheck=true 
Picked up _JAVA_OPTIONS: -Djdk.net.URLClassPath.disableClassPathURLCheck=true
Picked up JAVA_TOOL_OPTIONS: -XX:CICompilerCount=2 -XX:ParallelGCThreads=2 -XX:ConcGCThreads=2 -Djdk.net.URLClassPath.disableClassPathURLCheck=true -XX:CICompilerCount=2 -XX:ParallelGCThreads=2 -XX:ConcGCThreads=2 -Djdk.net.URLClassPath.disableClassPathURLCheck=true 
Picked up _JAVA_OPTIONS: -Djdk.net.URLClassPath.disableClassPathURLCheck=true
Picked up JAVA_TOOL_OPTIONS: -XX:CICompilerCount=2 -XX:ParallelGCThreads=2 -XX:ConcGCThreads=2 -Djdk.net.URLClassPath.disableClassPathURLCheck=true -XX:CICompilerCount=2 -XX:ParallelGCThreads=2 -XX:ConcGCThreads=2 -Djdk.net.URLClassPath.disableClassPathURLCheck=true 
Picked up JAVA_TOOL_OPTIONS: -XX:CICompilerCount=2 -XX:ParallelGCThreads=2 -XX:ConcGCThreads=2 -Djdk.net.URLClassPath.disableClassPathURLCheck=true -XX:CICompilerCount=2 -XX:ParallelGCThreads=2 -XX:ConcGCThreads=2 -Djdk.net.URLClassPath.disableClassPathURLCheck=true 
Picked up _JAVA_OPTIONS: -Djdk.net.URLClassPath.disableClassPathURLCheck=true
Picked up JAVA_TOOL_OPTIONS: -XX:CICompilerCount=2 -XX:ParallelGCThreads=2 -XX:ConcGCThreads=2 -Djdk.net.URLClassPath.disableClassPathURLCheck=true -XX:CICompilerCount=2 -XX:ParallelGCThreads=2 -XX:ConcGCThreads=2 -Djdk.net.URLClassPath.disableClassPathURLCheck=true 
Picked up JAVA_TOOL_OPTIONS: -XX:CICompilerCount=2 -XX:ParallelGCThreads=2 -XX:ConcGCThreads=2 -Djdk.net.URLClassPath.disableClassPathURLCheck=true -XX:CICompilerCount=2 -XX:ParallelGCThreads=2 -XX:ConcGCThreads=2 -Djdk.net.URLClassPath.disableClassPathURLCheck=true 
Picked up _JAVA_OPTIONS: -Djdk.net.URLClassPath.disableClassPathURLCheck=true
Picked up _JAVA_OPTIONS: -Djdk.net.URLClassPath.disableClassPathURLCheck=true
Picked up JAVA_TOOL_OPTIONS: -XX:CICompilerCount=2 -XX:ParallelGCThreads=2 -XX:ConcGCThreads=2 -Djdk.net.URLClassPath.disableClassPathURLCheck=true -XX:CICompilerCount=2 -XX:ParallelGCThreads=2 -XX:ConcGCThreads=2 -Djdk.net.URLClassPath.disableClassPathURLCheck=true 
Picked up _JAVA_OPTIONS: -Djdk.net.URLClassPath.disableClassPathURLCheck=true
Running org.apache.flink.streaming.runtime.partitioner.FieldsPartitionerTest
Picked up JAVA_TOOL_OPTIONS: -XX:CICompilerCount=2 -XX:ParallelGCThreads=2 -XX:ConcGCThreads=2 -Djdk.net.URLClassPath.disableClassPathURLCheck=true -XX:CICompilerCount=2 -XX:ParallelGCThreads=2 -XX:ConcGCThreads=2 -Djdk.net.URLClassPath.disableClassPathURLCheck=true 
Picked up _JAVA_OPTIONS: -Djdk.net.URLClassPath.disableClassPathURLCheck=true
Picked up JAVA_TOOL_OPTIONS: -XX:CICompilerCount=2 -XX:ParallelGCThreads=2 -XX:ConcGCThreads=2 -Djdk.net.URLClassPath.disableClassPathURLCheck=true -XX:CICompilerCount=2 -XX:ParallelGCThreads=2 -XX:ConcGCThreads=2 -Djdk.net.URLClassPath.disableClassPathURLCheck=true 
Picked up _JAVA_OPTIONS: -Djdk.net.URLClassPath.disableClassPathURLCheck=true
Picked up JAVA_TOOL_OPTIONS: -XX:CICompilerCount=2 -XX:ParallelGCThreads=2 -XX:ConcGCThreads=2 -Djdk.net.URLClassPath.disableClassPathURLCheck=true -XX:CICompilerCount=2 -XX:ParallelGCThreads=2 -XX:ConcGCThreads=2 -Djdk.net.URLClassPath.disableClassPathURLCheck=true 
Picked up _JAVA_OPTIONS: -Djdk.net.URLClassPath.disableClassPathURLCheck=true
Picked up JAVA_TOOL_OPTIONS: -XX:CICompilerCount=2 -XX:ParallelGCThreads=2 -XX:ConcGCThreads=2 -Djdk.net.URLClassPath.disableClassPathURLCheck=true -XX:CICompilerCount=2 -XX:ParallelGCThreads=2 -XX:ConcGCThreads=2 -Djdk.net.URLClassPath.disableClassPathURLCheck=true 
Picked up _JAVA_OPTIONS: -Djdk.net.URLClassPath.disableClassPathURLCheck=true
Picked up JAVA_TOOL_OPTIONS: -XX:CICompilerCount=2 -XX:ParallelGCThreads=2 -XX:ConcGCThreads=2 -Djdk.net.URLClassPath.disableClassPathURLCheck=true -XX:CICompilerCount=2 -XX:ParallelGCThreads=2 -XX:ConcGCThreads=2 -Djdk.net.URLClassPath.disableClassPathURLCheck=true 
Picked up _JAVA_OPTIONS: -Djdk.net.URLClassPath.disableClassPathURLCheck=true
Running org.apache.flink.streaming.runtime.tasks.OneInputStreamTaskTest
Running org.apache.flink.streaming.runtime.streamrecord.StreamRecordSerializerTest
Running org.apache.flink.streaming.api.windowing.extractor.ConcatenatedExtractTest
Picked up JAVA_TOOL_OPTIONS: -XX:CICompilerCount=2 -XX:ParallelGCThreads=2 -XX:ConcGCThreads=2 -Djdk.net.URLClassPath.disableClassPathURLCheck=true -XX:CICompilerCount=2 -XX:ParallelGCThreads=2 -XX:ConcGCThreads=2 -Djdk.net.URLClassPath.disableClassPathURLCheck=true 
Picked up JAVA_TOOL_OPTIONS: -XX:CICompilerCount=2 -XX:ParallelGCThreads=2 -XX:ConcGCThreads=2 -Djdk.net.URLClassPath.disableClassPathURLCheck=true -XX:CICompilerCount=2 -XX:ParallelGCThreads=2 -XX:ConcGCThreads=2 -Djdk.net.URLClassPath.disableClassPathURLCheck=true 
Picked up JAVA_TOOL_OPTIONS: -XX:CICompilerCount=2 -XX:ParallelGCThreads=2 -XX:ConcGCThreads=2 -Djdk.net.URLClassPath.disableClassPathURLCheck=true -XX:CICompilerCount=2 -XX:ParallelGCThreads=2 -XX:ConcGCThreads=2 -Djdk.net.URLClassPath.disableClassPathURLCheck=true 
Picked up JAVA_TOOL_OPTIONS: -XX:CICompilerCount=2 -XX:ParallelGCThreads=2 -XX:ConcGCThreads=2 -Djdk.net.URLClassPath.disableClassPathURLCheck=true -XX:CICompilerCount=2 -XX:ParallelGCThreads=2 -XX:ConcGCThreads=2 -Djdk.net.URLClassPath.disableClassPathURLCheck=true 
Picked up JAVA_TOOL_OPTIONS: -XX:CICompilerCount=2 -XX:ParallelGCThreads=2 -XX:ConcGCThreads=2 -Djdk.net.URLClassPath.disableClassPathURLCheck=true -XX:CICompilerCount=2 -XX:ParallelGCThreads=2 -XX:ConcGCThreads=2 -Djdk.net.URLClassPath.disableClassPathURLCheck=true 
Picked up JAVA_TOOL_OPTIONS: -XX:CICompilerCount=2 -XX:ParallelGCThreads=2 -XX:ConcGCThreads=2 -Djdk.net.URLClassPath.disableClassPathURLCheck=true -XX:CICompilerCount=2 -XX:ParallelGCThreads=2 -XX:ConcGCThreads=2 -Djdk.net.URLClassPath.disableClassPathURLCheck=true 
Picked up JAVA_TOOL_OPTIONS: -XX:CICompilerCount=2 -XX:ParallelGCThreads=2 -XX:ConcGCThreads=2 -Djdk.net.URLClassPath.disableClassPathURLCheck=true -XX:CICompilerCount=2 -XX:ParallelGCThreads=2 -XX:ConcGCThreads=2 -Djdk.net.URLClassPath.disableClassPathURLCheck=true 
Picked up JAVA_TOOL_OPTIONS: -XX:CICompilerCount=2 -XX:ParallelGCThreads=2 -XX:ConcGCThreads=2 -Djdk.net.URLClassPath.disableClassPathURLCheck=true -XX:CICompilerCount=2 -XX:ParallelGCThreads=2 -XX:ConcGCThreads=2 -Djdk.net.URLClassPath.disableClassPathURLCheck=true 
Picked up JAVA_TOOL_OPTIONS: -XX:CICompilerCount=2 -XX:ParallelGCThreads=2 -XX:ConcGCThreads=2 -Djdk.net.URLClassPath.disableClassPathURLCheck=true -XX:CICompilerCount=2 -XX:ParallelGCThreads=2 -XX:ConcGCThreads=2 -Djdk.net.URLClassPath.disableClassPathURLCheck=true 
Picked up JAVA_TOOL_OPTIONS: -XX:CICompilerCount=2 -XX:ParallelGCThreads=2 -XX:ConcGCThreads=2 -Djdk.net.URLClassPath.disableClassPathURLCheck=true -XX:CICompilerCount=2 -XX:ParallelGCThreads=2 -XX:ConcGCThreads=2 -Djdk.net.URLClassPath.disableClassPathURLCheck=true 
Picked up JAVA_TOOL_OPTIONS: -XX:CICompilerCount=2 -XX:ParallelGCThreads=2 -XX:ConcGCThreads=2 -Djdk.net.URLClassPath.disableClassPathURLCheck=true -XX:CICompilerCount=2 -XX:ParallelGCThreads=2 -XX:ConcGCThreads=2 -Djdk.net.URLClassPath.disableClassPathURLCheck=true 
Picked up JAVA_TOOL_OPTIONS: -XX:CICompilerCount=2 -XX:ParallelGCThreads=2 -XX:ConcGCThreads=2 -Djdk.net.URLClassPath.disableClassPathURLCheck=true -XX:CICompilerCount=2 -XX:ParallelGCThreads=2 -XX:ConcGCThreads=2 -Djdk.net.URLClassPath.disableClassPathURLCheck=true 
Picked up JAVA_TOOL_OPTIONS: -XX:CICompilerCount=2 -XX:ParallelGCThreads=2 -XX:ConcGCThreads=2 -Djdk.net.URLClassPath.disableClassPathURLCheck=true -XX:CICompilerCount=2 -XX:ParallelGCThreads=2 -XX:ConcGCThreads=2 -Djdk.net.URLClassPath.disableClassPathURLCheck=true 
Picked up JAVA_TOOL_OPTIONS: -XX:CICompilerCount=2 -XX:ParallelGCThreads=2 -XX:ConcGCThreads=2 -Djdk.net.URLClassPath.disableClassPathURLCheck=true -XX:CICompilerCount=2 -XX:ParallelGCThreads=2 -XX:ConcGCThreads=2 -Djdk.net.URLClassPath.disableClassPathURLCheck=true 
Picked up JAVA_TOOL_OPTIONS: -XX:CICompilerCount=2 -XX:ParallelGCThreads=2 -XX:ConcGCThreads=2 -Djdk.net.URLClassPath.disableClassPathURLCheck=true -XX:CICompilerCount=2 -XX:ParallelGCThreads=2 -XX:ConcGCThreads=2 -Djdk.net.URLClassPath.disableClassPathURLCheck=true 
Picked up JAVA_TOOL_OPTIONS: -XX:CICompilerCount=2 -XX:ParallelGCThreads=2 -XX:ConcGCThreads=2 -Djdk.net.URLClassPath.disableClassPathURLCheck=true -XX:CICompilerCount=2 -XX:ParallelGCThreads=2 -XX:ConcGCThreads=2 -Djdk.net.URLClassPath.disableClassPathURLCheck=true 
Picked up JAVA_TOOL_OPTIONS: -XX:CICompilerCount=2 -XX:ParallelGCThreads=2 -XX:ConcGCThreads=2 -Djdk.net.URLClassPath.disableClassPathURLCheck=true -XX:CICompilerCount=2 -XX:ParallelGCThreads=2 -XX:ConcGCThreads=2 -Djdk.net.URLClassPath.disableClassPathURLCheck=true 
Running org.apache.flink.streaming.runtime.io.SpilledBufferOrEventSequenceTest
Running org.apache.flink.streaming.runtime.io.StreamRecordWriterTest
Running org.apache.flink.streaming.runtime.tasks.SourceStreamTaskTest
Running org.apache.flink.streaming.runtime.io.BarrierBufferTest
Running org.apache.flink.streaming.runtime.io.BarrierBufferMassiveRandomTest
Running org.apache.flink.streaming.runtime.io.BarrierTrackerTest
Running org.apache.flink.streaming.runtime.io.BufferSpillerTest
Running org.apache.flink.streaming.runtime.partitioner.GlobalPartitionerTest
Running org.apache.flink.streaming.runtime.partitioner.DistributePartitionerTest
Running org.apache.flink.streaming.runtime.partitioner.BroadcastPartitionerTest
Running org.apache.flink.streaming.runtime.partitioner.ForwardPartitionerTest
Picked up JAVA_TOOL_OPTIONS: -XX:CICompilerCount=2 -XX:ParallelGCThreads=2 -XX:ConcGCThreads=2 -Djdk.net.URLClassPath.disableClassPathURLCheck=true -XX:CICompilerCount=2 -XX:ParallelGCThreads=2 -XX:ConcGCThreads=2 -Djdk.net.URLClassPath.disableClassPathURLCheck=true 
Picked up _JAVA_OPTIONS: -Djdk.net.URLClassPath.disableClassPathURLCheck=true
Picked up _JAVA_OPTIONS: -Djdk.net.URLClassPath.disableClassPathURLCheck=true
Picked up _JAVA_OPTIONS: -Djdk.net.URLClassPath.disableClassPathURLCheck=true
Picked up _JAVA_OPTIONS: -Djdk.net.URLClassPath.disableClassPathURLCheck=true
Picked up _JAVA_OPTIONS: -Djdk.net.URLClassPath.disableClassPathURLCheck=true
Picked up _JAVA_OPTIONS: -Djdk.net.URLClassPath.disableClassPathURLCheck=true
Picked up _JAVA_OPTIONS: -Djdk.net.URLClassPath.disableClassPathURLCheck=true
Picked up _JAVA_OPTIONS: -Djdk.net.URLClassPath.disableClassPathURLCheck=true
Picked up _JAVA_OPTIONS: -Djdk.net.URLClassPath.disableClassPathURLCheck=true
Picked up _JAVA_OPTIONS: -Djdk.net.URLClassPath.disableClassPathURLCheck=true
Picked up _JAVA_OPTIONS: -Djdk.net.URLClassPath.disableClassPathURLCheck=true
Picked up _JAVA_OPTIONS: -Djdk.net.URLClassPath.disableClassPathURLCheck=true
Picked up _JAVA_OPTIONS: -Djdk.net.URLClassPath.disableClassPathURLCheck=true
Running org.apache.flink.streaming.runtime.tasks.TwoInputStreamTaskTest
Picked up _JAVA_OPTIONS: -Djdk.net.URLClassPath.disableClassPathURLCheck=true
Picked up _JAVA_OPTIONS: -Djdk.net.URLClassPath.disableClassPathURLCheck=true
Picked up _JAVA_OPTIONS: -Djdk.net.URLClassPath.disableClassPathURLCheck=true
Picked up _JAVA_OPTIONS: -Djdk.net.URLClassPath.disableClassPathURLCheck=true
Picked up _JAVA_OPTIONS: -Djdk.net.URLClassPath.disableClassPathURLCheck=true
Running org.apache.flink.streaming.api.functions.FromElementsFunctionTest
Picked up JAVA_TOOL_OPTIONS: -XX:CICompilerCount=2 -XX:ParallelGCThreads=2 -XX:ConcGCThreads=2 -Djdk.net.URLClassPath.disableClassPathURLCheck=true -XX:CICompilerCount=2 -XX:ParallelGCThreads=2 -XX:ConcGCThreads=2 -Djdk.net.URLClassPath.disableClassPathURLCheck=true 
Picked up JAVA_TOOL_OPTIONS: -XX:CICompilerCount=2 -XX:ParallelGCThreads=2 -XX:ConcGCThreads=2 -Djdk.net.URLClassPath.disableClassPathURLCheck=true -XX:CICompilerCount=2 -XX:ParallelGCThreads=2 -XX:ConcGCThreads=2 -Djdk.net.URLClassPath.disableClassPathURLCheck=true 
Picked up _JAVA_OPTIONS: -Djdk.net.URLClassPath.disableClassPathURLCheck=true
Running org.apache.flink.streaming.api.windowing.extractor.FieldFromTupleTest
Running org.apache.flink.streaming.api.windowing.extractor.FieldsFromArrayTest
Picked up _JAVA_OPTIONS: -Djdk.net.URLClassPath.disableClassPathURLCheck=true
Running org.apache.flink.streaming.api.windowing.extractor.ArrayFromTupleTest
Picked up _JAVA_OPTIONS: -Djdk.net.URLClassPath.disableClassPathURLCheck=true
Picked up JAVA_TOOL_OPTIONS: -XX:CICompilerCount=2 -XX:ParallelGCThreads=2 -XX:ConcGCThreads=2 -Djdk.net.URLClassPath.disableClassPathURLCheck=true -XX:CICompilerCount=2 -XX:ParallelGCThreads=2 -XX:ConcGCThreads=2 -Djdk.net.URLClassPath.disableClassPathURLCheck=true 
Picked up _JAVA_OPTIONS: -Djdk.net.URLClassPath.disableClassPathURLCheck=true
Running org.apache.flink.streaming.api.windowing.extractor.FieldFromArrayTest
Picked up _JAVA_OPTIONS: -Djdk.net.URLClassPath.disableClassPathURLCheck=true
Running org.apache.flink.streaming.api.windowing.extractor.FieldsFromTupleTest
Running org.apache.flink.streaming.api.windowing.policy.DeltaPolicyTest
Running org.apache.flink.streaming.api.windowing.policy.TumblingEvictionPolicyTest
Running org.apache.flink.streaming.api.windowing.windowbuffer.JumpingCountPreReducerTest
Running org.apache.flink.streaming.api.windowing.windowbuffer.SlidingTimePreReducerTest
Running org.apache.flink.streaming.api.windowing.windowbuffer.TumblingGroupedPreReducerTest
Running org.apache.flink.streaming.api.windowing.policy.MultiEvictionPolicyTest
Running org.apache.flink.streaming.api.windowing.windowbuffer.TumblingPreReducerTest
Picked up JAVA_TOOL_OPTIONS: -XX:CICompilerCount=2 -XX:ParallelGCThreads=2 -XX:ConcGCThreads=2 -Djdk.net.URLClassPath.disableClassPathURLCheck=true -XX:CICompilerCount=2 -XX:ParallelGCThreads=2 -XX:ConcGCThreads=2 -Djdk.net.URLClassPath.disableClassPathURLCheck=true 
Picked up _JAVA_OPTIONS: -Djdk.net.URLClassPath.disableClassPathURLCheck=true
Running org.apache.flink.streaming.api.windowing.policy.TimeEvictionPolicyTest
Running org.apache.flink.streaming.api.windowing.policy.CountEvictionPolicyTest
Running org.apache.flink.streaming.api.windowing.windowbuffer.JumpingCountGroupedPreReducerTest
Picked up JAVA_TOOL_OPTIONS: -XX:CICompilerCount=2 -XX:ParallelGCThreads=2 -XX:ConcGCThreads=2 -Djdk.net.URLClassPath.disableClassPathURLCheck=true -XX:CICompilerCount=2 -XX:ParallelGCThreads=2 -XX:ConcGCThreads=2 -Djdk.net.URLClassPath.disableClassPathURLCheck=true 
Picked up _JAVA_OPTIONS: -Djdk.net.URLClassPath.disableClassPathURLCheck=true
Running org.apache.flink.streaming.api.windowing.policy.TimeTriggerPolicyTest
Running org.apache.flink.streaming.api.windowing.windowbuffer.BasicWindowBufferTest
Running org.apache.flink.streaming.api.windowing.windowbuffer.SlidingCountGroupedPreReducerTest
Running org.apache.flink.streaming.api.windowing.policy.PunctuationPolicyTest
Running org.apache.flink.streaming.api.windowing.policy.MultiTriggerPolicyTest
Running org.apache.flink.streaming.api.windowing.windowbuffer.JumpingTimePreReducerTest
Running org.apache.flink.streaming.api.windowing.windowbuffer.SlidingCountPreReducerTest
Running org.apache.flink.streaming.api.windowing.windowbuffer.SlidingTimeGroupedPreReducerTest
Picked up JAVA_TOOL_OPTIONS: -XX:CICompilerCount=2 -XX:ParallelGCThreads=2 -XX:ConcGCThreads=2 -Djdk.net.URLClassPath.disableClassPathURLCheck=true -XX:CICompilerCount=2 -XX:ParallelGCThreads=2 -XX:ConcGCThreads=2 -Djdk.net.URLClassPath.disableClassPathURLCheck=true 
Picked up _JAVA_OPTIONS: -Djdk.net.URLClassPath.disableClassPathURLCheck=true
Running org.apache.flink.streaming.api.windowing.policy.CountTriggerPolicyTest
Picked up JAVA_TOOL_OPTIONS: -XX:CICompilerCount=2 -XX:ParallelGCThreads=2 -XX:ConcGCThreads=2 -Djdk.net.URLClassPath.disableClassPathURLCheck=true -XX:CICompilerCount=2 -XX:ParallelGCThreads=2 -XX:ConcGCThreads=2 -Djdk.net.URLClassPath.disableClassPathURLCheck=true 
Picked up JAVA_TOOL_OPTIONS: -XX:CICompilerCount=2 -XX:ParallelGCThreads=2 -XX:ConcGCThreads=2 -Djdk.net.URLClassPath.disableClassPathURLCheck=true -XX:CICompilerCount=2 -XX:ParallelGCThreads=2 -XX:ConcGCThreads=2 -Djdk.net.URLClassPath.disableClassPathURLCheck=true 
Picked up _JAVA_OPTIONS: -Djdk.net.URLClassPath.disableClassPathURLCheck=true
Picked up JAVA_TOOL_OPTIONS: -XX:CICompilerCount=2 -XX:ParallelGCThreads=2 -XX:ConcGCThreads=2 -Djdk.net.URLClassPath.disableClassPathURLCheck=true -XX:CICompilerCount=2 -XX:ParallelGCThreads=2 -XX:ConcGCThreads=2 -Djdk.net.URLClassPath.disableClassPathURLCheck=true 
Picked up _JAVA_OPTIONS: -Djdk.net.URLClassPath.disableClassPathURLCheck=true
Picked up _JAVA_OPTIONS: -Djdk.net.URLClassPath.disableClassPathURLCheck=true
Picked up JAVA_TOOL_OPTIONS: -XX:CICompilerCount=2 -XX:ParallelGCThreads=2 -XX:ConcGCThreads=2 -Djdk.net.URLClassPath.disableClassPathURLCheck=true -XX:CICompilerCount=2 -XX:ParallelGCThreads=2 -XX:ConcGCThreads=2 -Djdk.net.URLClassPath.disableClassPathURLCheck=true 
Picked up _JAVA_OPTIONS: -Djdk.net.URLClassPath.disableClassPathURLCheck=true
Running org.apache.flink.streaming.api.operators.windowing.WindowFolderTest
Running org.apache.flink.streaming.api.operators.windowing.WindowReducerTest
Running org.apache.flink.streaming.api.operators.windowing.ParallelMergeTest
Running org.apache.flink.streaming.api.operators.StreamProjectTest
Running org.apache.flink.streaming.api.SourceFunctionTest
Running org.apache.flink.streaming.api.operators.co.CoStreamFlatMapTest
Running org.apache.flink.streaming.api.operators.StreamGroupedReduceTest
Running org.apache.flink.streaming.api.DataStreamTest
Running org.apache.flink.streaming.api.operators.co.CoStreamMapTest
Running org.apache.flink.streaming.api.streamtask.StreamVertexTest
Picked up JAVA_TOOL_OPTIONS: -XX:CICompilerCount=2 -XX:ParallelGCThreads=2 -XX:ConcGCThreads=2 -Djdk.net.URLClassPath.disableClassPathURLCheck=true -XX:CICompilerCount=2 -XX:ParallelGCThreads=2 -XX:ConcGCThreads=2 -Djdk.net.URLClassPath.disableClassPathURLCheck=true 
Picked up _JAVA_OPTIONS: -Djdk.net.URLClassPath.disableClassPathURLCheck=true
Running org.apache.flink.streaming.api.operators.StreamCounterTest
Running org.apache.flink.streaming.api.operators.StreamFlatMapTest
Running org.apache.flink.streaming.api.operators.windowing.WindowMergerTest
Running org.apache.flink.streaming.api.operators.windowing.WindowFlattenerTest
Running org.apache.flink.streaming.api.state.StateHandleTest
Running org.apache.flink.streaming.api.windowing.deltafunction.CosineDistanceTest
Running org.apache.flink.streaming.api.operators.StreamFilterTest
Running org.apache.flink.streaming.api.ChainedRuntimeContextTest
Running org.apache.flink.streaming.api.IterateTest
Running org.apache.flink.streaming.api.operators.windowing.WindowMapperTest
Running org.apache.flink.streaming.api.windowing.StreamWindowTest
Running org.apache.flink.streaming.api.state.StatefulOperatorTest
Running org.apache.flink.streaming.api.collector.OutputSelectorTest
Running org.apache.flink.streaming.api.OutputSplitterTest
Running org.apache.flink.streaming.api.CoStreamTest
Running org.apache.flink.streaming.api.operators.windowing.StreamDiscretizerTest
Running org.apache.flink.streaming.api.graph.SlotAllocationTest
Running org.apache.flink.streaming.api.complex.ComplexIntegrationTest
Running org.apache.flink.streaming.api.StreamExecutionEnvironmentTest
Running org.apache.flink.streaming.api.operators.windowing.WindowPartitionerTest
Running org.apache.flink.streaming.api.TypeFillTest
Running org.apache.flink.streaming.api.WindowCrossJoinTest
Running org.apache.flink.streaming.api.PartitionerTest
Running org.apache.flink.streaming.api.AggregationFunctionTest
Running org.apache.flink.streaming.api.windowing.deltafunction.EuclideanDistanceTest
Running org.apache.flink.streaming.util.FieldAccessorTest
Running org.apache.flink.streaming.api.graph.StreamingJobGraphGeneratorTest
Running org.apache.flink.streaming.api.operators.windowing.GroupedStreamDiscretizerTest
Running org.apache.flink.streaming.graph.TranslationTest
Running org.apache.flink.streaming.api.operators.StreamMapTest
Running org.apache.flink.streaming.api.operators.co.SelfConnectionTest
Running org.apache.flink.streaming.api.operators.StreamGroupedFoldTest
Running org.apache.flink.streaming.api.collector.DirectedOutputTest
Tests run: 2, Failures: 0, Errors: 0, Skipped: 0, Time elapsed: 0.105 sec - in org.apache.flink.streaming.runtime.partitioner.ShufflePartitionerTest
Tests run: 2, Failures: 0, Errors: 0, Skipped: 0, Time elapsed: 0.112 sec - in org.apache.flink.streaming.runtime.partitioner.FieldsPartitionerTest
Tests run: 2, Failures: 0, Errors: 0, Skipped: 0, Time elapsed: 0.151 sec - in org.apache.flink.streaming.runtime.partitioner.ForwardPartitionerTest
Tests run: 1, Failures: 0, Errors: 0, Skipped: 0, Time elapsed: 0.134 sec - in org.apache.flink.streaming.runtime.partitioner.GlobalPartitionerTest
Tests run: 2, Failures: 0, Errors: 0, Skipped: 0, Time elapsed: 0.162 sec - in org.apache.flink.streaming.runtime.partitioner.DistributePartitionerTest
Tests run: 1, Failures: 0, Errors: 0, Skipped: 0, Time elapsed: 0.212 sec - in org.apache.flink.streaming.runtime.partitioner.BroadcastPartitionerTest
Tests run: 2, Failures: 0, Errors: 0, Skipped: 0, Time elapsed: 0.18 sec - in org.apache.flink.streaming.api.windowing.policy.DeltaPolicyTest
Tests run: 3, Failures: 0, Errors: 0, Skipped: 0, Time elapsed: 0.164 sec - in org.apache.flink.streaming.api.windowing.extractor.FieldFromArrayTest
Tests run: 1, Failures: 0, Errors: 0, Skipped: 0, Time elapsed: 0.163 sec - in org.apache.flink.streaming.api.windowing.policy.TumblingEvictionPolicyTest
Tests run: 1, Failures: 0, Errors: 0, Skipped: 0, Time elapsed: 0.147 sec - in org.apache.flink.streaming.api.windowing.deltafunction.CosineDistanceTest
Tests run: 7, Failures: 0, Errors: 0, Skipped: 0, Time elapsed: 0.203 sec - in org.apache.flink.streaming.runtime.io.BarrierTrackerTest
Tests run: 3, Failures: 0, Errors: 0, Skipped: 0, Time elapsed: 0.178 sec - in org.apache.flink.streaming.api.windowing.extractor.FieldsFromArrayTest
Tests run: 3, Failures: 0, Errors: 0, Skipped: 0, Time elapsed: 0.172 sec - in org.apache.flink.streaming.api.windowing.policy.CountTriggerPolicyTest
Tests run: 1, Failures: 0, Errors: 0, Skipped: 0, Time elapsed: 0.183 sec - in org.apache.flink.streaming.api.windowing.extractor.FieldsFromTupleTest
Tests run: 2, Failures: 0, Errors: 0, Skipped: 0, Time elapsed: 0.19 sec - in org.apache.flink.streaming.api.windowing.extractor.ConcatenatedExtractTest
Tests run: 3, Failures: 0, Errors: 0, Skipped: 0, Time elapsed: 0.187 sec - in org.apache.flink.streaming.api.windowing.policy.TimeTriggerPolicyTest
Tests run: 1, Failures: 0, Errors: 0, Skipped: 0, Time elapsed: 0.188 sec - in org.apache.flink.streaming.api.windowing.extractor.FieldFromTupleTest
Tests run: 3, Failures: 0, Errors: 0, Skipped: 0, Time elapsed: 0.193 sec - in org.apache.flink.streaming.api.windowing.policy.CountEvictionPolicyTest
Tests run: 5, Failures: 0, Errors: 0, Skipped: 0, Time elapsed: 0.192 sec - in org.apache.flink.streaming.api.windowing.policy.PunctuationPolicyTest
Tests run: 2, Failures: 0, Errors: 0, Skipped: 0, Time elapsed: 0.198 sec - in org.apache.flink.streaming.api.windowing.policy.TimeEvictionPolicyTest
Tests run: 4, Failures: 0, Errors: 0, Skipped: 0, Time elapsed: 0.187 sec - in org.apache.flink.streaming.api.windowing.StreamWindowTest
Tests run: 1, Failures: 0, Errors: 0, Skipped: 0, Time elapsed: 0.179 sec - in org.apache.flink.streaming.api.windowing.deltafunction.EuclideanDistanceTest
Tests run: 1, Failures: 0, Errors: 0, Skipped: 0, Time elapsed: 0.208 sec - in org.apache.flink.streaming.api.windowing.windowbuffer.BasicWindowBufferTest
Tests run: 2, Failures: 0, Errors: 0, Skipped: 0, Time elapsed: 0.258 sec - in org.apache.flink.streaming.api.operators.windowing.ParallelMergeTest
Tests run: 3, Failures: 0, Errors: 0, Skipped: 0, Time elapsed: 0.267 sec - in org.apache.flink.streaming.api.windowing.policy.MultiTriggerPolicyTest
Tests run: 8, Failures: 0, Errors: 0, Skipped: 0, Time elapsed: 0.264 sec - in org.apache.flink.streaming.api.windowing.policy.MultiEvictionPolicyTest
Tests run: 2, Failures: 0, Errors: 0, Skipped: 0, Time elapsed: 0.266 sec - in org.apache.flink.streaming.api.windowing.extractor.ArrayFromTupleTest
Tests run: 1, Failures: 0, Errors: 0, Skipped: 0, Time elapsed: 0.242 sec - in org.apache.flink.streaming.api.collector.OutputSelectorTest
Tests run: 2, Failures: 0, Errors: 0, Skipped: 0, Time elapsed: 0.308 sec - in org.apache.flink.streaming.util.FieldAccessorTest
Tests run: 4, Failures: 0, Errors: 0, Skipped: 0, Time elapsed: 0.406 sec - in org.apache.flink.streaming.api.windowing.windowbuffer.SlidingCountPreReducerTest
Tests run: 1, Failures: 0, Errors: 0, Skipped: 0, Time elapsed: 0.431 sec - in org.apache.flink.streaming.api.windowing.windowbuffer.JumpingCountPreReducerTest
Tests run: 1, Failures: 0, Errors: 0, Skipped: 0, Time elapsed: 0.467 sec - in org.apache.flink.streaming.api.windowing.windowbuffer.JumpingTimePreReducerTest
Tests run: 1, Failures: 0, Errors: 0, Skipped: 0, Time elapsed: 0.477 sec - in org.apache.flink.streaming.api.windowing.windowbuffer.TumblingPreReducerTest
Tests run: 4, Failures: 0, Errors: 0, Skipped: 0, Time elapsed: 0.482 sec - in org.apache.flink.streaming.api.windowing.windowbuffer.SlidingTimePreReducerTest
Tests run: 2, Failures: 0, Errors: 0, Skipped: 0, Time elapsed: 0.502 sec - in org.apache.flink.streaming.api.operators.StreamFlatMapTest
Tests run: 1, Failures: 0, Errors: 0, Skipped: 0, Time elapsed: 0.496 sec - in org.apache.flink.streaming.api.graph.StreamingJobGraphGeneratorTest
Tests run: 4, Failures: 0, Errors: 0, Skipped: 0, Time elapsed: 0.542 sec - in org.apache.flink.streaming.api.windowing.windowbuffer.SlidingCountGroupedPreReducerTest
Tests run: 2, Failures: 0, Errors: 0, Skipped: 0, Time elapsed: 0.507 sec - in org.apache.flink.streaming.api.state.StateHandleTest
Tests run: 2, Failures: 0, Errors: 0, Skipped: 0, Time elapsed: 0.535 sec - in org.apache.flink.streaming.api.windowing.windowbuffer.TumblingGroupedPreReducerTest
Tests run: 4, Failures: 0, Errors: 0, Skipped: 0, Time elapsed: 0.536 sec - in org.apache.flink.streaming.api.SourceFunctionTest
Tests run: 1, Failures: 0, Errors: 0, Skipped: 0, Time elapsed: 0.529 sec - in org.apache.flink.streaming.api.operators.windowing.WindowMergerTest
Tests run: 2, Failures: 0, Errors: 0, Skipped: 0, Time elapsed: 0.529 sec - in org.apache.flink.streaming.api.windowing.windowbuffer.JumpingCountGroupedPreReducerTest
Tests run: 1, Failures: 0, Errors: 0, Skipped: 0, Time elapsed: 0.56 sec - in org.apache.flink.streaming.api.operators.windowing.WindowReducerTest
Tests run: 1, Failures: 0, Errors: 0, Skipped: 0, Time elapsed: 0.551 sec - in org.apache.flink.streaming.api.operators.windowing.WindowMapperTest
Tests run: 1, Failures: 0, Errors: 0, Skipped: 0, Time elapsed: 0.542 sec - in org.apache.flink.streaming.api.operators.windowing.WindowFolderTest
Tests run: 2, Failures: 0, Errors: 0, Skipped: 0, Time elapsed: 0.557 sec - in org.apache.flink.streaming.api.operators.StreamFilterTest
Tests run: 1, Failures: 0, Errors: 0, Skipped: 0, Time elapsed: 0.572 sec - in org.apache.flink.streaming.api.operators.windowing.WindowFlattenerTest
Tests run: 1, Failures: 0, Errors: 0, Skipped: 0, Time elapsed: 0.562 sec - in org.apache.flink.streaming.api.operators.windowing.WindowPartitionerTest
Tests run: 1, Failures: 0, Errors: 0, Skipped: 0, Time elapsed: 0.577 sec - in org.apache.flink.streaming.api.operators.StreamCounterTest
Tests run: 4, Failures: 0, Errors: 0, Skipped: 0, Time elapsed: 0.598 sec - in org.apache.flink.streaming.api.windowing.windowbuffer.SlidingTimeGroupedPreReducerTest
Tests run: 2, Failures: 0, Errors: 0, Skipped: 0, Time elapsed: 0.599 sec - in org.apache.flink.streaming.api.operators.co.CoStreamMapTest
Tests run: 2, Failures: 0, Errors: 0, Skipped: 0, Time elapsed: 0.603 sec - in org.apache.flink.streaming.api.operators.StreamGroupedReduceTest
Tests run: 2, Failures: 0, Errors: 0, Skipped: 0, Time elapsed: 0.585 sec - in org.apache.flink.streaming.api.operators.StreamGroupedFoldTest
Tests run: 2, Failures: 0, Errors: 0, Skipped: 0, Time elapsed: 0.597 sec - in org.apache.flink.streaming.api.operators.StreamMapTest
Tests run: 10, Failures: 10, Errors: 0, Skipped: 0, Time elapsed: 0.674 sec <<< FAILURE! - in org.apache.flink.streaming.runtime.io.BarrierBufferTest
testMultiChannelJumpingOverCheckpoint(org.apache.flink.streaming.runtime.io.BarrierBufferTest)  Time elapsed: 0.044 sec  <<< FAILURE!
java.lang.AssertionError: barrier buffer did not clean up temp files. remaining file: d90d128f52733f1b172becd4ae49c4b7474e853e721691cbc5ef991270df73f2.0.buffer
	at org.junit.Assert.fail(Assert.java:88)
	at org.apache.flink.streaming.runtime.io.BarrierBufferTest.checkNoTempFilesRemain(BarrierBufferTest.java:839)
	at org.apache.flink.streaming.runtime.io.BarrierBufferTest.testMultiChannelJumpingOverCheckpoint(BarrierBufferTest.java:639)

testMultiChannelSkippingCheckpoints(org.apache.flink.streaming.runtime.io.BarrierBufferTest)  Time elapsed: 0.032 sec  <<< FAILURE!
java.lang.AssertionError: barrier buffer did not clean up temp files. remaining file: d90d128f52733f1b172becd4ae49c4b7474e853e721691cbc5ef991270df73f2.0.buffer
	at org.junit.Assert.fail(Assert.java:88)
	at org.apache.flink.streaming.runtime.io.BarrierBufferTest.checkNoTempFilesRemain(BarrierBufferTest.java:839)
	at org.apache.flink.streaming.runtime.io.BarrierBufferTest.testMultiChannelSkippingCheckpoints(BarrierBufferTest.java:550)

testMultiChannelTrailingBlockedData(org.apache.flink.streaming.runtime.io.BarrierBufferTest)  Time elapsed: 0.018 sec  <<< FAILURE!
java.lang.AssertionError: barrier buffer did not clean up temp files. remaining file: d90d128f52733f1b172becd4ae49c4b7474e853e721691cbc5ef991270df73f2.0.buffer
	at org.junit.Assert.fail(Assert.java:88)
	at org.apache.flink.streaming.runtime.io.BarrierBufferTest.checkNoTempFilesRemain(BarrierBufferTest.java:839)
	at org.apache.flink.streaming.runtime.io.BarrierBufferTest.testMultiChannelTrailingBlockedData(BarrierBufferTest.java:353)

testEarlyCleanup(org.apache.flink.streaming.runtime.io.BarrierBufferTest)  Time elapsed: 0.003 sec  <<< FAILURE!
java.lang.AssertionError: barrier buffer did not clean up temp files. remaining file: d90d128f52733f1b172becd4ae49c4b7474e853e721691cbc5ef991270df73f2.0.buffer
	at org.junit.Assert.fail(Assert.java:88)
	at org.apache.flink.streaming.runtime.io.BarrierBufferTest.checkNoTempFilesRemain(BarrierBufferTest.java:839)
	at org.apache.flink.streaming.runtime.io.BarrierBufferTest.testEarlyCleanup(BarrierBufferTest.java:791)

testSingleChannelNoBarriers(org.apache.flink.streaming.runtime.io.BarrierBufferTest)  Time elapsed: 0.006 sec  <<< FAILURE!
java.lang.AssertionError: barrier buffer did not clean up temp files. remaining file: d90d128f52733f1b172becd4ae49c4b7474e853e721691cbc5ef991270df73f2.0.buffer
	at org.junit.Assert.fail(Assert.java:88)
	at org.apache.flink.streaming.runtime.io.BarrierBufferTest.checkNoTempFilesRemain(BarrierBufferTest.java:839)
	at org.apache.flink.streaming.runtime.io.BarrierBufferTest.testSingleChannelNoBarriers(BarrierBufferTest.java:99)

testSingleChannelWithBarriers(org.apache.flink.streaming.runtime.io.BarrierBufferTest)  Time elapsed: 0.007 sec  <<< FAILURE!
java.lang.AssertionError: barrier buffer did not clean up temp files. remaining file: d90d128f52733f1b172becd4ae49c4b7474e853e721691cbc5ef991270df73f2.0.buffer
	at org.junit.Assert.fail(Assert.java:88)
	at org.apache.flink.streaming.runtime.io.BarrierBufferTest.checkNoTempFilesRemain(BarrierBufferTest.java:839)
	at org.apache.flink.streaming.runtime.io.BarrierBufferTest.testSingleChannelWithBarriers(BarrierBufferTest.java:175)

testMultiChannelNoBarriers(org.apache.flink.streaming.runtime.io.BarrierBufferTest)  Time elapsed: 0.006 sec  <<< FAILURE!
java.lang.AssertionError: barrier buffer did not clean up temp files. remaining file: d90d128f52733f1b172becd4ae49c4b7474e853e721691cbc5ef991270df73f2.0.buffer
	at org.junit.Assert.fail(Assert.java:88)
	at org.apache.flink.streaming.runtime.io.BarrierBufferTest.checkNoTempFilesRemain(BarrierBufferTest.java:839)
	at org.apache.flink.streaming.runtime.io.BarrierBufferTest.testMultiChannelNoBarriers(BarrierBufferTest.java:132)

testMultiChannelWithQueuedFutureBarriers(org.apache.flink.streaming.runtime.io.BarrierBufferTest)  Time elapsed: 0.01 sec  <<< FAILURE!
java.lang.AssertionError: barrier buffer did not clean up temp files. remaining file: d90d128f52733f1b172becd4ae49c4b7474e853e721691cbc5ef991270df73f2.0.buffer
	at org.junit.Assert.fail(Assert.java:88)
	at org.apache.flink.streaming.runtime.io.BarrierBufferTest.checkNoTempFilesRemain(BarrierBufferTest.java:839)
	at org.apache.flink.streaming.runtime.io.BarrierBufferTest.testMultiChannelWithQueuedFutureBarriers(BarrierBufferTest.java:471)

testMultiChannelSkippingCheckpointsViaBlockedInputs(org.apache.flink.streaming.runtime.io.BarrierBufferTest)  Time elapsed: 0.009 sec  <<< FAILURE!
java.lang.AssertionError: barrier buffer did not clean up temp files. remaining file: d90d128f52733f1b172becd4ae49c4b7474e853e721691cbc5ef991270df73f2.0.buffer
	at org.junit.Assert.fail(Assert.java:88)
	at org.apache.flink.streaming.runtime.io.BarrierBufferTest.checkNoTempFilesRemain(BarrierBufferTest.java:839)
	at org.apache.flink.streaming.runtime.io.BarrierBufferTest.testMultiChannelSkippingCheckpointsViaBlockedInputs(BarrierBufferTest.java:740)

testMultiChannelWithBarriers(org.apache.flink.streaming.runtime.io.BarrierBufferTest)  Time elapsed: 0.008 sec  <<< FAILURE!
java.lang.AssertionError: barrier buffer did not clean up temp files. remaining file: d90d128f52733f1b172becd4ae49c4b7474e853e721691cbc5ef991270df73f2.0.buffer
	at org.junit.Assert.fail(Assert.java:88)
	at org.apache.flink.streaming.runtime.io.BarrierBufferTest.checkNoTempFilesRemain(BarrierBufferTest.java:839)
	at org.apache.flink.streaming.runtime.io.BarrierBufferTest.testMultiChannelWithBarriers(BarrierBufferTest.java:294)

Tests run: 3, Failures: 0, Errors: 0, Skipped: 0, Time elapsed: 0.637 sec - in org.apache.flink.streaming.api.operators.co.CoStreamFlatMapTest
Tests run: 1, Failures: 0, Errors: 0, Skipped: 0, Time elapsed: 0.62 sec - in org.apache.flink.streaming.api.operators.windowing.GroupedStreamDiscretizerTest
Tests run: 1, Failures: 0, Errors: 0, Skipped: 0, Time elapsed: 0.634 sec - in org.apache.flink.streaming.api.TypeFillTest
Tests run: 2, Failures: 0, Errors: 0, Skipped: 0, Time elapsed: 0.663 sec - in org.apache.flink.streaming.api.StreamExecutionEnvironmentTest
Tests run: 2, Failures: 0, Errors: 0, Skipped: 0, Time elapsed: 0.728 sec - in org.apache.flink.streaming.runtime.streamrecord.StreamRecordSerializerTest
Tests run: 1, Failures: 0, Errors: 0, Skipped: 0, Time elapsed: 0.728 sec - in org.apache.flink.streaming.api.graph.SlotAllocationTest
Tests run: 1, Failures: 0, Errors: 0, Skipped: 0, Time elapsed: 0.788 sec - in org.apache.flink.streaming.graph.TranslationTest
Tests run: 7, Failures: 0, Errors: 0, Skipped: 0, Time elapsed: 0.899 sec - in org.apache.flink.streaming.api.DataStreamTest
Tests run: 5, Failures: 0, Errors: 0, Skipped: 0, Time elapsed: 1.469 sec - in org.apache.flink.streaming.api.functions.FromElementsFunctionTest
Tests run: 1, Failures: 0, Errors: 0, Skipped: 0, Time elapsed: 1.655 sec - in org.apache.flink.streaming.runtime.io.StreamRecordWriterTest
Tests run: 2, Failures: 0, Errors: 0, Skipped: 0, Time elapsed: 1.973 sec - in org.apache.flink.streaming.api.operators.windowing.StreamDiscretizerTest
Tests run: 8, Failures: 0, Errors: 0, Skipped: 0, Time elapsed: 3.023 sec - in org.apache.flink.streaming.runtime.io.SpilledBufferOrEventSequenceTest
Tests run: 4, Failures: 0, Errors: 0, Skipped: 0, Time elapsed: 3.648 sec - in org.apache.flink.streaming.api.AggregationFunctionTest
Tests run: 1, Failures: 0, Errors: 0, Skipped: 0, Time elapsed: 3.673 sec - in org.apache.flink.streaming.api.ChainedRuntimeContextTest
Tests run: 1, Failures: 0, Errors: 0, Skipped: 0, Time elapsed: 3.664 sec - in org.apache.flink.streaming.api.PartitionerTest
Tests run: 2, Failures: 0, Errors: 0, Skipped: 0, Time elapsed: 3.684 sec - in org.apache.flink.streaming.api.operators.StreamProjectTest
Tests run: 1, Failures: 0, Errors: 0, Skipped: 0, Time elapsed: 3.667 sec - in org.apache.flink.streaming.api.WindowCrossJoinTest
Tests run: 1, Failures: 0, Errors: 0, Skipped: 0, Time elapsed: 3.675 sec - in org.apache.flink.streaming.api.CoStreamTest
Tests run: 1, Failures: 0, Errors: 0, Skipped: 0, Time elapsed: 3.663 sec - in org.apache.flink.streaming.api.collector.DirectedOutputTest
Tests run: 2, Failures: 0, Errors: 0, Skipped: 0, Time elapsed: 3.736 sec - in org.apache.flink.streaming.api.state.StatefulOperatorTest
Tests run: 4, Failures: 0, Errors: 0, Skipped: 0, Time elapsed: 3.885 sec - in org.apache.flink.streaming.runtime.tasks.OneInputStreamTaskTest
Tests run: 4, Failures: 0, Errors: 0, Skipped: 0, Time elapsed: 3.916 sec - in org.apache.flink.streaming.runtime.tasks.TwoInputStreamTaskTest
Tests run: 2, Failures: 0, Errors: 0, Skipped: 0, Time elapsed: 4.006 sec - in org.apache.flink.streaming.runtime.tasks.SourceStreamTaskTest
Tests run: 3, Failures: 0, Errors: 0, Skipped: 0, Time elapsed: 3.999 sec - in org.apache.flink.streaming.api.streamtask.StreamVertexTest
Tests run: 3, Failures: 0, Errors: 0, Skipped: 0, Time elapsed: 4.084 sec - in org.apache.flink.streaming.runtime.io.BufferSpillerTest
Tests run: 2, Failures: 0, Errors: 0, Skipped: 0, Time elapsed: 4.111 sec - in org.apache.flink.streaming.api.OutputSplitterTest
Tests run: 3, Failures: 0, Errors: 0, Skipped: 0, Time elapsed: 4.376 sec - in org.apache.flink.streaming.api.operators.co.SelfConnectionTest
Tests run: 1, Failures: 0, Errors: 0, Skipped: 0, Time elapsed: 10.021 sec - in org.apache.flink.streaming.runtime.io.BarrierBufferMassiveRandomTest
Tests run: 8, Failures: 0, Errors: 0, Skipped: 0, Time elapsed: 14.325 sec - in org.apache.flink.streaming.api.IterateTest
Tests run: 6, Failures: 0, Errors: 0, Skipped: 1, Time elapsed: 20.379 sec - in org.apache.flink.streaming.api.complex.ComplexIntegrationTest

Results :

Failed tests: 
  BarrierBufferTest.testMultiChannelJumpingOverCheckpoint:639->checkNoTempFilesRemain:839 barrier buffer did not clean up temp files. remaining file: d90d128f52733f1b172becd4ae49c4b7474e853e721691cbc5ef991270df73f2.0.buffer
  BarrierBufferTest.testMultiChannelSkippingCheckpoints:550->checkNoTempFilesRemain:839 barrier buffer did not clean up temp files. remaining file: d90d128f52733f1b172becd4ae49c4b7474e853e721691cbc5ef991270df73f2.0.buffer
  BarrierBufferTest.testMultiChannelTrailingBlockedData:353->checkNoTempFilesRemain:839 barrier buffer did not clean up temp files. remaining file: d90d128f52733f1b172becd4ae49c4b7474e853e721691cbc5ef991270df73f2.0.buffer
  BarrierBufferTest.testEarlyCleanup:791->checkNoTempFilesRemain:839 barrier buffer did not clean up temp files. remaining file: d90d128f52733f1b172becd4ae49c4b7474e853e721691cbc5ef991270df73f2.0.buffer
  BarrierBufferTest.testSingleChannelNoBarriers:99->checkNoTempFilesRemain:839 barrier buffer did not clean up temp files. remaining file: d90d128f52733f1b172becd4ae49c4b7474e853e721691cbc5ef991270df73f2.0.buffer
  BarrierBufferTest.testSingleChannelWithBarriers:175->checkNoTempFilesRemain:839 barrier buffer did not clean up temp files. remaining file: d90d128f52733f1b172becd4ae49c4b7474e853e721691cbc5ef991270df73f2.0.buffer
  BarrierBufferTest.testMultiChannelNoBarriers:132->checkNoTempFilesRemain:839 barrier buffer did not clean up temp files. remaining file: d90d128f52733f1b172becd4ae49c4b7474e853e721691cbc5ef991270df73f2.0.buffer
  BarrierBufferTest.testMultiChannelWithQueuedFutureBarriers:471->checkNoTempFilesRemain:839 barrier buffer did not clean up temp files. remaining file: d90d128f52733f1b172becd4ae49c4b7474e853e721691cbc5ef991270df73f2.0.buffer
  BarrierBufferTest.testMultiChannelSkippingCheckpointsViaBlockedInputs:740->checkNoTempFilesRemain:839 barrier buffer did not clean up temp files. remaining file: d90d128f52733f1b172becd4ae49c4b7474e853e721691cbc5ef991270df73f2.0.buffer
  BarrierBufferTest.testMultiChannelWithBarriers:294->checkNoTempFilesRemain:839 barrier buffer did not clean up temp files. remaining file: d90d128f52733f1b172becd4ae49c4b7474e853e721691cbc5ef991270df73f2.0.buffer

Tests run: 213, Failures: 10, Errors: 0, Skipped: 1

[INFO] ------------------------------------------------------------------------
[INFO] BUILD FAILURE
[INFO] ------------------------------------------------------------------------
[INFO] Total time: 01:10 min
[INFO] Finished at: 2020-03-09T06:44:58-07:00
[INFO] Final Memory: 38M/1238M
[INFO] ------------------------------------------------------------------------
[ERROR] Failed to execute goal org.apache.maven.plugins:maven-surefire-plugin:2.17:test (default-test) on project flink-streaming-core: There are test failures.
[ERROR] 
[ERROR] Please refer to /tmp/Bugs.jar_Flink_d738430c_java-7/flink-staging/flink-streaming/flink-streaming-core/target/surefire-reports for the individual test results.
[ERROR] -> [Help 1]
[ERROR] 
[ERROR] To see the full stack trace of the errors, re-run Maven with the -e switch.
[ERROR] Re-run Maven using the -X switch to enable full debug logging.
[ERROR] 
[ERROR] For more information about the errors and possible solutions, please read the following articles:
[ERROR] [Help 1] http://cwiki.apache.org/confluence/display/MAVEN/MojoFailureException
