Picked up JAVA_TOOL_OPTIONS: -XX:CICompilerCount=2 -XX:ParallelGCThreads=2 -XX:ConcGCThreads=2 -Djdk.net.URLClassPath.disableClassPathURLCheck=true 
Picked up _JAVA_OPTIONS: -Djdk.net.URLClassPath.disableClassPathURLCheck=true
Apache Maven 3.5.0 (Red Hat 3.5.0-4.3)
Maven home: /opt/rh/rh-maven35/root/usr/share/maven
Java version: 1.7.0_80, vendor: Oracle Corporation
Java home: /boom/scratch/jmcampos/RTA/repair_them_all_framework/jdks/jdk1.7.0_80/jre
Default locale: en_US, platform encoding: UTF-8
OS name: "linux", version: "4.14.147-1.el7.retpoline.x86_64", arch: "amd64", family: "unix"
[INFO] Scanning for projects...
[INFO] 
[INFO] ------------------------------------------------------------------------
[INFO] Building Wicket Extensions 1.5-SNAPSHOT
[INFO] ------------------------------------------------------------------------
[INFO] Downloading: http://repository.apache.org/snapshots/org/apache/wicket/wicket-core/1.5-SNAPSHOT/maven-metadata.xml
[INFO] Downloaded: http://repository.apache.org/snapshots/org/apache/wicket/wicket-core/1.5-SNAPSHOT/maven-metadata.xml (1.4 kB at 3.0 kB/s)
[INFO] Downloading: http://repository.apache.org/snapshots/org/apache/wicket/wicket-parent/1.5-SNAPSHOT/maven-metadata.xml
[INFO] Downloaded: http://repository.apache.org/snapshots/org/apache/wicket/wicket-parent/1.5-SNAPSHOT/maven-metadata.xml (609 B at 1.8 kB/s)
[INFO] Downloading: http://repository.apache.org/snapshots/org/apache/wicket/wicket-util/1.5-SNAPSHOT/maven-metadata.xml
[INFO] Downloaded: http://repository.apache.org/snapshots/org/apache/wicket/wicket-util/1.5-SNAPSHOT/maven-metadata.xml (1.4 kB at 4.3 kB/s)
[INFO] Downloading: http://repository.apache.org/snapshots/org/apache/wicket/wicket-request/1.5-SNAPSHOT/maven-metadata.xml
[INFO] Downloaded: http://repository.apache.org/snapshots/org/apache/wicket/wicket-request/1.5-SNAPSHOT/maven-metadata.xml (1.4 kB at 4.3 kB/s)
[INFO] 
[INFO] --- maven-remote-resources-plugin:1.2:process (default) @ wicket-extensions ---
[INFO] Setting property: classpath.resource.loader.class => 'org.codehaus.plexus.velocity.ContextClassLoaderResourceLoader'.
[INFO] Setting property: velocimacro.messages.on => 'false'.
[INFO] Setting property: resource.loader => 'classpath'.
[INFO] Setting property: resource.manager.logwhenfound => 'false'.
[INFO] 
[INFO] --- maven-resources-plugin:2.4.3:resources (default-resources) @ wicket-extensions ---
[INFO] Using 'UTF-8' encoding to copy filtered resources.
[INFO] Copying 110 resources
[INFO] skip non existing resourceDirectory /boom/scratch/Bugs.jar_Wicket_2737d7c7_java-7/wicket-extensions/src/main/resources
[INFO] Copying 3 resources
[INFO] 
[INFO] --- maven-compiler-plugin:2.3.2:compile (default-compile) @ wicket-extensions ---
[INFO] Nothing to compile - all classes are up to date
[INFO] 
[INFO] --- maven-bundle-plugin:2.2.0:manifest (bundle-manifest) @ wicket-extensions ---
[WARNING] Warning in manifest for org.apache.wicket:wicket-extensions:jar:1.5-SNAPSHOT : Superfluous export-package instructions: [org.apache.wicket.extensions.markup.html.repeater, org.apache.wicket.extensions.markup.html.image, org.apache.wicket.extensions.markup, org.apache, org.apache.wicket.extensions.ajax.markup, org.apache.wicket.extensions.markup.html, org.apache.wicket.extensions.markup.html.repeater.data, org.apache.wicket, org.apache.wicket.extensions.captcha, org.apache.wicket.extensions.util, org.apache.wicket.extensions.ajax, org, org.apache.wicket.extensions.validation, org.apache.wicket.extensions.ajax.markup.html.repeater.data, org.apache.wicket.extensions.ajax.markup.html.form, org.apache.wicket.extensions.ajax.markup.html.repeater]
[INFO] 
[INFO] --- maven-resources-plugin:2.4.3:testResources (default-testResources) @ wicket-extensions ---
[INFO] Using 'UTF-8' encoding to copy filtered resources.
[INFO] Copying 4 resources
[INFO] Copying 3 resources
[INFO] 
[INFO] --- maven-compiler-plugin:2.3.2:testCompile (default-testCompile) @ wicket-extensions ---
[INFO] Nothing to compile - all classes are up to date
[INFO] 
[INFO] --- maven-surefire-plugin:2.9:test (default-test) @ wicket-extensions ---
[INFO] Surefire report directory: /boom/scratch/Bugs.jar_Wicket_2737d7c7_java-7/wicket-extensions/target/surefire-reports
[INFO] Downloading: https://repo.maven.apache.org/maven2/org/apache/maven/surefire/surefire-junit4/2.9/surefire-junit4-2.9.pom
[INFO] Downloaded: https://repo.maven.apache.org/maven2/org/apache/maven/surefire/surefire-junit4/2.9/surefire-junit4-2.9.pom (2.6 kB at 7.0 kB/s)
[INFO] Downloading: https://repo.maven.apache.org/maven2/org/apache/maven/surefire/surefire-providers/2.9/surefire-providers-2.9.pom
[INFO] Downloaded: https://repo.maven.apache.org/maven2/org/apache/maven/surefire/surefire-providers/2.9/surefire-providers-2.9.pom (2.3 kB at 8.7 kB/s)
[INFO] Downloading: https://repo.maven.apache.org/maven2/org/apache/maven/surefire/surefire-junit4/2.9/surefire-junit4-2.9.jar
[INFO] Downloaded: https://repo.maven.apache.org/maven2/org/apache/maven/surefire/surefire-junit4/2.9/surefire-junit4-2.9.jar (33 kB at 1.3 MB/s)

-------------------------------------------------------
 T E S T S
-------------------------------------------------------
Picked up JAVA_TOOL_OPTIONS: -XX:CICompilerCount=2 -XX:ParallelGCThreads=2 -XX:ConcGCThreads=2 -Djdk.net.URLClassPath.disableClassPathURLCheck=true -XX:CICompilerCount=2 -XX:ParallelGCThreads=2 -XX:ConcGCThreads=2 -Djdk.net.URLClassPath.disableClassPathURLCheck=true 
Picked up _JAVA_OPTIONS: -Djdk.net.URLClassPath.disableClassPathURLCheck=true
Running org.apache.wicket.extensions.ajax.markup.html.AjaxEditableTest
Tests run: 3, Failures: 0, Errors: 0, Skipped: 0, Time elapsed: 0.869 sec
Running org.apache.wicket.extensions.markup.html.repeater.data.table.DataTableTest
ERROR - DataTableTest              - <html xmlns:wicket>
<body>
  <table class="dataview" cellspacing="0" wicket:id="table"><wicket:panel xmlns:wicket="http://wicket.apache.org">

<thead wicket:id="topToolbars">
	<wicket:container wicket:id="toolbars"><wicket:panel xmlns:wicket="http://wicket.apache.org">
	<tr class="navigation">
		<td wicket:id="span" colspan="6">
			<div class="navigatorLabel"><span wicket:id="navigatorLabel">Showing 1 to 8 of 50</span></div>
			<div class="navigator"><span wicket:id="navigator"><wicket:panel>
	<span wicket:id="first" class="first" title="Go to first page"><em>&lt;&lt;</em></span>
	<span wicket:id="prev" class="prev" title="Go to previous page"><em>&lt;</em></span>
	<span wicket:id="navigation" class="goto">
		<span wicket:id="pageLink" title="Go to page 1"><em><span wicket:id="pageNumber">1</span></em></span>
	</span><span wicket:id="navigation" class="goto">
		<a wicket:id="pageLink" href="?0-1.ILinkListener-table-topToolbars-toolbars-3-span-navigator-navigation-1-pageLink" title="Go to page 2"><span wicket:id="pageNumber">2</span></a>
	</span><span wicket:id="navigation" class="goto">
		<a wicket:id="pageLink" href="?0-1.ILinkListener-table-topToolbars-toolbars-3-span-navigator-navigation-2-pageLink" title="Go to page 3"><span wicket:id="pageNumber">3</span></a>
	</span><span wicket:id="navigation" class="goto">
		<a wicket:id="pageLink" href="?0-1.ILinkListener-table-topToolbars-toolbars-3-span-navigator-navigation-3-pageLink" title="Go to page 4"><span wicket:id="pageNumber">4</span></a>
	</span><span wicket:id="navigation" class="goto">
		<a wicket:id="pageLink" href="?0-1.ILinkListener-table-topToolbars-toolbars-3-span-navigator-navigation-4-pageLink" title="Go to page 5"><span wicket:id="pageNumber">5</span></a>
	</span><span wicket:id="navigation" class="goto">
		<a wicket:id="pageLink" href="?0-1.ILinkListener-table-topToolbars-toolbars-3-span-navigator-navigation-5-pageLink" title="Go to page 6"><span wicket:id="pageNumber">6</span></a>
	</span><span wicket:id="navigation" class="goto">
		<a wicket:id="pageLink" href="?0-1.ILinkListener-table-topToolbars-toolbars-3-span-navigator-navigation-6-pageLink" title="Go to page 7"><span wicket:id="pageNumber">7</span></a>
	</span>
	<a wicket:id="next" class="next" href="?0-1.ILinkListener-table-topToolbars-toolbars-3-span-navigator-next" title="Go to next page">&gt;</a>
	<a wicket:id="last" class="last" href="?0-1.ILinkListener-table-topToolbars-toolbars-3-span-navigator-last" title="Go to last page">&gt;&gt;</a>
</wicket:panel></span></div>
		</td>
	</tr>
</wicket:panel></wicket:container><wicket:container wicket:id="toolbars"><wicket:panel xmlns:wicket="http://wicket.apache.org">
	<tr class="headers">
		
			<th wicket:id="header"><span wicket:id="label">Actions</span></th>
		
			<th wicket:id="header" class="numeric"><span wicket:id="label">ID</span></th>
		
			<th wicket:id="header" class="wicket_orderUp"><wicket:border xmlns:wicket="http://wicket.apache.org"><a href="?0-1.ILinkListener-table-topToolbars-toolbars-4-headers-3-header-orderByLink" wicket:id="orderByLink"><wicket:body><span wicket:id="label">First Name</span></wicket:body></a></wicket:border></th>
		
			<th wicket:id="header" class="wicket_orderNone last-name"><wicket:border xmlns:wicket="http://wicket.apache.org"><a href="?0-1.ILinkListener-table-topToolbars-toolbars-4-headers-4-header-orderByLink" wicket:id="orderByLink"><wicket:body><span wicket:id="label">Last Name</span></wicket:body></a></wicket:border></th>
		
			<th wicket:id="header"><span wicket:id="label">Home Phone</span></th>
		
			<th wicket:id="header"><span wicket:id="label">Cell Phone</span></th>
		
	</tr>
</wicket:panel></wicket:container>
</thead>

<tbody wicket:id="body">
	<tr wicket:id="rows" class="even">
		<td wicket:id="cells">
			<span wicket:id="cell">[cell]</span>
		</td><td wicket:id="cells" class="numeric">
			<span wicket:id="cell">51</span>
		</td><td wicket:id="cells">
			<span wicket:id="cell">Abby</span>
		</td><td wicket:id="cells" class="last-name">
			<span wicket:id="cell">Graham</span>
		</td><td wicket:id="cells">
			<span wicket:id="cell">230-555-2741</span>
		</td><td wicket:id="cells">
			<span wicket:id="cell">475-555-6236</span>
		</td>
	</tr><tr wicket:id="rows" class="odd">
		<td wicket:id="cells">
			<span wicket:id="cell">[cell]</span>
		</td><td wicket:id="cells" class="numeric">
			<span wicket:id="cell">75</span>
		</td><td wicket:id="cells">
			<span wicket:id="cell">Abby</span>
		</td><td wicket:id="cells" class="last-name">
			<span wicket:id="cell">Allen</span>
		</td><td wicket:id="cells">
			<span wicket:id="cell">731-555-4062</span>
		</td><td wicket:id="cells">
			<span wicket:id="cell">306-555-4321</span>
		</td>
	</tr><tr wicket:id="rows" class="even">
		<td wicket:id="cells">
			<span wicket:id="cell">[cell]</span>
		</td><td wicket:id="cells" class="numeric">
			<span wicket:id="cell">90</span>
		</td><td wicket:id="cells">
			<span wicket:id="cell">Abby</span>
		</td><td wicket:id="cells" class="last-name">
			<span wicket:id="cell">Baker</span>
		</td><td wicket:id="cells">
			<span wicket:id="cell">325-555-5487</span>
		</td><td wicket:id="cells">
			<span wicket:id="cell">344-555-4435</span>
		</td>
	</tr><tr wicket:id="rows" class="odd">
		<td wicket:id="cells">
			<span wicket:id="cell">[cell]</span>
		</td><td wicket:id="cells" class="numeric">
			<span wicket:id="cell">64</span>
		</td><td wicket:id="cells">
			<span wicket:id="cell">Brianna</span>
		</td><td wicket:id="cells" class="last-name">
			<span wicket:id="cell">Jones</span>
		</td><td wicket:id="cells">
			<span wicket:id="cell">752-555-7014</span>
		</td><td wicket:id="cells">
			<span wicket:id="cell">424-555-3511</span>
		</td>
	</tr><tr wicket:id="rows" class="even">
		<td wicket:id="cells">
			<span wicket:id="cell">[cell]</span>
		</td><td wicket:id="cells" class="numeric">
			<span wicket:id="cell">71</span>
		</td><td wicket:id="cells">
			<span wicket:id="cell">Brianna</span>
		</td><td wicket:id="cells" class="last-name">
			<span wicket:id="cell">Brown</span>
		</td><td wicket:id="cells">
			<span wicket:id="cell">458-555-4618</span>
		</td><td wicket:id="cells">
			<span wicket:id="cell">261-555-5070</span>
		</td>
	</tr><tr wicket:id="rows" class="odd">
		<td wicket:id="cells">
			<span wicket:id="cell">[cell]</span>
		</td><td wicket:id="cells" class="numeric">
			<span wicket:id="cell">99</span>
		</td><td wicket:id="cells">
			<span wicket:id="cell">Brianna</span>
		</td><td wicket:id="cells" class="last-name">
			<span wicket:id="cell">Moore</span>
		</td><td wicket:id="cells">
			<span wicket:id="cell">486-555-2408</span>
		</td><td wicket:id="cells">
			<span wicket:id="cell">584-555-8724</span>
		</td>
	</tr><tr wicket:id="rows" class="even">
		<td wicket:id="cells">
			<span wicket:id="cell">[cell]</span>
		</td><td wicket:id="cells" class="numeric">
			<span wicket:id="cell">62</span>
		</td><td wicket:id="cells">
			<span wicket:id="cell">Christopher</span>
		</td><td wicket:id="cells" class="last-name">
			<span wicket:id="cell">Smiith</span>
		</td><td wicket:id="cells">
			<span wicket:id="cell">884-555-5423</span>
		</td><td wicket:id="cells">
			<span wicket:id="cell">437-555-1271</span>
		</td>
	</tr><tr wicket:id="rows" class="odd">
		<td wicket:id="cells">
			<span wicket:id="cell">[cell]</span>
		</td><td wicket:id="cells" class="numeric">
			<span wicket:id="cell">98</span>
		</td><td wicket:id="cells">
			<span wicket:id="cell">Christopher</span>
		</td><td wicket:id="cells" class="last-name">
			<span wicket:id="cell">Baker</span>
		</td><td wicket:id="cells">
			<span wicket:id="cell">855-555-1563</span>
		</td><td wicket:id="cells">
			<span wicket:id="cell">281-555-5268</span>
		</td>
	</tr>
</tbody>
</wicket:panel></table>
</body>
</html>

ERROR - DataTableTest              - ==============================================
ERROR - DataTableTest              - ==============================================
ERROR - DataTableTest              - <html xmlns:wicket>
<body>
  <table class="dataview" cellspacing="0" wicket:id="table"><wicket:panel xmlns:wicket="http://wicket.apache.org">
<thead wicket:id="topToolbars">
	<wicket:container wicket:id="toolbars"><wicket:panel xmlns:wicket="http://wicket.apache.org">
	<tr class="navigation">
		<td wicket:id="span" colspan="6">
			<x/>
			<x/></td><x/></tr><x/></wicket:panel></wicket:container><wicket:container wicket:id="toolbars"><wicket:panel xmlns:wicket="http://wicket.apache.org">
	<tr class="headers">
			<th wicket:id="header"><x/></th>
			<th wicket:id="header" class="numeric"><x/></th>
			<th wicket:id="header" class="wicket_orderUp"><wicket:border xmlns:wicket="http://wicket.apache.org"><x/></wicket:border></th>
			<th wicket:id="header" class="wicket_orderNone last-name"><wicket:border xmlns:wicket="http://wicket.apache.org"><x/></wicket:border></th>
			<th wicket:id="header"><x/></th>
			<th wicket:id="header"><x/></th><x/></tr><x/></wicket:panel></wicket:container><x/></thead>
<tbody wicket:id="body">
	<tr wicket:id="rows" class="even">
		<td wicket:id="cells">
			<x/></td><td wicket:id="cells" class="numeric">
			<x/></td><td wicket:id="cells">
			<x/></td><td wicket:id="cells" class="last-name">
			<x/></td><td wicket:id="cells">
			<x/></td><td wicket:id="cells">
			<x/></td><x/></tr><tr wicket:id="rows" class="odd">
		<td wicket:id="cells">
			<x/></td><td wicket:id="cells" class="numeric">
			<x/></td><td wicket:id="cells">
			<x/></td><td wicket:id="cells" class="last-name">
			<x/></td><td wicket:id="cells">
			<x/></td><td wicket:id="cells">
			<x/></td><x/></tr><tr wicket:id="rows" class="even">
		<td wicket:id="cells">
			<x/></td><td wicket:id="cells" class="numeric">
			<x/></td><td wicket:id="cells">
			<x/></td><td wicket:id="cells" class="last-name">
			<x/></td><td wicket:id="cells">
			<x/></td><td wicket:id="cells">
			<x/></td><x/></tr><tr wicket:id="rows" class="odd">
		<td wicket:id="cells">
			<x/></td><td wicket:id="cells" class="numeric">
			<x/></td><td wicket:id="cells">
			<x/></td><td wicket:id="cells" class="last-name">
			<x/></td><td wicket:id="cells">
			<x/></td><td wicket:id="cells">
			<x/></td><x/></tr><tr wicket:id="rows" class="even">
		<td wicket:id="cells">
			<x/></td><td wicket:id="cells" class="numeric">
			<x/></td><td wicket:id="cells">
			<x/></td><td wicket:id="cells" class="last-name">
			<x/></td><td wicket:id="cells">
			<x/></td><td wicket:id="cells">
			<x/></td><x/></tr><tr wicket:id="rows" class="odd">
		<td wicket:id="cells">
			<x/></td><td wicket:id="cells" class="numeric">
			<x/></td><td wicket:id="cells">
			<x/></td><td wicket:id="cells" class="last-name">
			<x/></td><td wicket:id="cells">
			<x/></td><td wicket:id="cells">
			<x/></td><x/></tr><tr wicket:id="rows" class="even">
		<td wicket:id="cells">
			<x/></td><td wicket:id="cells" class="numeric">
			<x/></td><td wicket:id="cells">
			<x/></td><td wicket:id="cells" class="last-name">
			<x/></td><td wicket:id="cells">
			<x/></td><td wicket:id="cells">
			<x/></td><x/></tr><tr wicket:id="rows" class="odd">
		<td wicket:id="cells">
			<x/></td><td wicket:id="cells" class="numeric">
			<x/></td><td wicket:id="cells">
			<x/></td><td wicket:id="cells" class="last-name">
			<x/></td><td wicket:id="cells">
			<x/></td><td wicket:id="cells">
			<x/></td><x/></tr><x/></tbody><x/></wicket:panel></table><x/></body><x/></html>

<html><body><table wicket:id="table"><wicket:panel xmlns:wicket="http://wicket.apache.org">

<thead wicket:id="topToolbars">
	<wicket:container wicket:id="toolbars"><wicket:panel xmlns:wicket="http://wicket.apache.org">
	<tr class="norecords-tr">
		<td wicket:id="td" class="norecords-td" colspan="1">
			<span wicket:id="msg" class="norecords">No Records Found</span>
		</td>
	</tr>
</wicket:panel></wicket:container>
</thead>
<tfoot wicket:id="bottomToolbars">
	<wicket:container wicket:id="toolbars"><wicket:panel xmlns:wicket="http://wicket.apache.org">
	<tr class="norecords-tr">
		<td wicket:id="td" class="norecords-td" colspan="1">
			<span wicket:id="msg" class="norecords">No Records Found</span>
		</td>
	</tr>
</wicket:panel></wicket:container>
</tfoot>
<tbody wicket:id="body">
	
</tbody>
</wicket:panel></table></body></html>
Tests run: 3, Failures: 1, Errors: 0, Skipped: 0, Time elapsed: 1.436 sec <<< FAILURE!
Running org.apache.wicket.extensions.markup.html.tree.MoveChildToParentNodeMarkedForRecreationTest
Tests run: 1, Failures: 0, Errors: 0, Skipped: 0, Time elapsed: 0.087 sec
Running org.apache.wicket.extensions.markup.html.image.resource.ThumbnailImageResourceTest
Tests run: 1, Failures: 0, Errors: 0, Skipped: 0, Time elapsed: 2.981 sec
Running org.apache.wicket.extensions.markup.html.AjaxLazyLoadPanelTesterTest
Tests run: 1, Failures: 0, Errors: 0, Skipped: 0, Time elapsed: 0.024 sec
Running org.apache.wicket.extensions.markup.html.upload.UploadFormWithProgressBarTest
Tests run: 1, Failures: 0, Errors: 0, Skipped: 0, Time elapsed: 0.136 sec
Running org.apache.wicket.extensions.markup.html.basic.DefaultLinkParserTest
Tests run: 3, Failures: 0, Errors: 0, Skipped: 0, Time elapsed: 0 sec
Running org.apache.wicket.extensions.wizard.WizardModelTest
Tests run: 1, Failures: 0, Errors: 0, Skipped: 0, Time elapsed: 0.001 sec
Running org.apache.wicket.extensions.validation.validator.RfcCompliantEmailValidatorTest
Tests run: 2, Failures: 0, Errors: 0, Skipped: 0, Time elapsed: 0.001 sec
Running org.apache.wicket.util.markup.xhtml.WellFormedXmlTest
Tests run: 1, Failures: 0, Errors: 0, Skipped: 0, Time elapsed: 0 sec
Running org.apache.wicket.util.license.ApacheLicenceHeaderTest
Tests run: 1, Failures: 0, Errors: 0, Skipped: 0, Time elapsed: 0 sec

Results :

Failed tests:   testTableHeaderFooterBody(org.apache.wicket.extensions.markup.html.repeater.data.table.DataTableTest)

Tests run: 18, Failures: 1, Errors: 0, Skipped: 0

[INFO] ------------------------------------------------------------------------
[INFO] BUILD FAILURE
[INFO] ------------------------------------------------------------------------
[INFO] Total time: 32.743 s
[INFO] Finished at: 2020-03-10T14:22:49-07:00
[INFO] Final Memory: 20M/982M
[INFO] ------------------------------------------------------------------------
[ERROR] Failed to execute goal org.apache.maven.plugins:maven-surefire-plugin:2.9:test (default-test) on project wicket-extensions: There are test failures.
[ERROR] 
[ERROR] Please refer to /boom/scratch/Bugs.jar_Wicket_2737d7c7_java-7/wicket-extensions/target/surefire-reports for the individual test results.
[ERROR] -> [Help 1]
[ERROR] 
[ERROR] To see the full stack trace of the errors, re-run Maven with the -e switch.
[ERROR] Re-run Maven using the -X switch to enable full debug logging.
[ERROR] 
[ERROR] For more information about the errors and possible solutions, please read the following articles:
[ERROR] [Help 1] http://cwiki.apache.org/confluence/display/MAVEN/MojoFailureException
