Picked up JAVA_TOOL_OPTIONS: -XX:CICompilerCount=2 -XX:ParallelGCThreads=2 -XX:ConcGCThreads=2 -Djdk.net.URLClassPath.disableClassPathURLCheck=true 
Picked up _JAVA_OPTIONS: -Djdk.net.URLClassPath.disableClassPathURLCheck=true
Apache Maven 3.5.0 (Red Hat 3.5.0-4.3)
Maven home: /opt/rh/rh-maven35/root/usr/share/maven
Java version: 1.7.0_80, vendor: Oracle Corporation
Java home: /scratch/jmcampos/RTA/repair_them_all_framework/jdks/jdk1.7.0_80/jre
Default locale: en_US, platform encoding: UTF-8
OS name: "linux", version: "4.14.125-1.el7.retpoline.x86_64", arch: "amd64", family: "unix"
[INFO] Scanning for projects...
[INFO] 
[INFO] ------------------------------------------------------------------------
[INFO] Building Oak upgrade 0.21.0-SNAPSHOT
[INFO] ------------------------------------------------------------------------
[INFO] Downloading: http://repository.apache.org/snapshots/org/apache/jackrabbit/oak-core/0.21.0-SNAPSHOT/maven-metadata.xml
[INFO] Downloading: http://repository.apache.org/snapshots/org/apache/jackrabbit/oak-parent/0.21.0-SNAPSHOT/maven-metadata.xml
[INFO] Downloading: http://repository.apache.org/snapshots/org/apache/jackrabbit/oak-mk-api/0.21.0-SNAPSHOT/maven-metadata.xml
[INFO] Downloading: http://repository.apache.org/snapshots/org/apache/jackrabbit/oak-commons/0.21.0-SNAPSHOT/maven-metadata.xml
[INFO] Downloading: http://repository.apache.org/snapshots/org/apache/jackrabbit/oak-blob/0.21.0-SNAPSHOT/maven-metadata.xml
[INFO] Downloading: http://repository.apache.org/snapshots/org/apache/jackrabbit/oak-jcr/0.21.0-SNAPSHOT/maven-metadata.xml
[INFO] Downloading: http://repository.apache.org/snapshots/org/apache/jackrabbit/oak-mk/0.21.0-SNAPSHOT/maven-metadata.xml
[INFO] 
[INFO] --- maven-remote-resources-plugin:1.4:process (default) @ oak-upgrade ---
[INFO] 
[INFO] --- maven-resources-plugin:2.6:resources (default-resources) @ oak-upgrade ---
[INFO] Using 'UTF-8' encoding to copy filtered resources.
[INFO] skip non existing resourceDirectory /tmp/Bugs.jar_Jackrabbit-Oak_c3773d53_java-7/oak-upgrade/src/main/resources
[INFO] Copying 3 resources
[INFO] 
[INFO] --- maven-compiler-plugin:2.5.1:compile (default-compile) @ oak-upgrade ---
[INFO] Nothing to compile - all classes are up to date
[INFO] 
[INFO] --- maven-resources-plugin:2.6:testResources (default-testResources) @ oak-upgrade ---
[INFO] Using 'UTF-8' encoding to copy filtered resources.
[INFO] Copying 3 resources
[INFO] Copying 3 resources
[INFO] 
[INFO] --- maven-compiler-plugin:2.5.1:testCompile (default-testCompile) @ oak-upgrade ---
[INFO] Nothing to compile - all classes are up to date
[INFO] 
[INFO] --- maven-surefire-plugin:2.12.4:test (default-test) @ oak-upgrade ---
[INFO] Surefire report directory: /tmp/Bugs.jar_Jackrabbit-Oak_c3773d53_java-7/oak-upgrade/target/surefire-reports
[INFO] Downloading: https://repo.maven.apache.org/maven2/org/apache/maven/surefire/surefire-junit4/2.12.4/surefire-junit4-2.12.4.pom
[INFO] Downloaded: https://repo.maven.apache.org/maven2/org/apache/maven/surefire/surefire-junit4/2.12.4/surefire-junit4-2.12.4.pom (2.4 kB at 2.2 kB/s)
[INFO] Downloading: https://repo.maven.apache.org/maven2/org/apache/maven/surefire/surefire-providers/2.12.4/surefire-providers-2.12.4.pom
[INFO] Downloaded: https://repo.maven.apache.org/maven2/org/apache/maven/surefire/surefire-providers/2.12.4/surefire-providers-2.12.4.pom (2.3 kB at 168 kB/s)
[INFO] Downloading: https://repo.maven.apache.org/maven2/org/apache/maven/surefire/surefire-junit4/2.12.4/surefire-junit4-2.12.4.jar
[INFO] Downloaded: https://repo.maven.apache.org/maven2/org/apache/maven/surefire/surefire-junit4/2.12.4/surefire-junit4-2.12.4.jar (37 kB at 97 kB/s)

-------------------------------------------------------
 T E S T S
-------------------------------------------------------
Picked up JAVA_TOOL_OPTIONS: -XX:CICompilerCount=2 -XX:ParallelGCThreads=2 -XX:ConcGCThreads=2 -Djdk.net.URLClassPath.disableClassPathURLCheck=true -XX:CICompilerCount=2 -XX:ParallelGCThreads=2 -XX:ConcGCThreads=2 -Djdk.net.URLClassPath.disableClassPathURLCheck=true 
Picked up _JAVA_OPTIONS: -Djdk.net.URLClassPath.disableClassPathURLCheck=true
Running org.apache.jackrabbit.oak.upgrade.RepositoryGroupMemberUpgradeTest
Tests run: 3, Failures: 0, Errors: 3, Skipped: 0, Time elapsed: 350.645 sec <<< FAILURE!
verifyGroupNodeTypes(org.apache.jackrabbit.oak.upgrade.RepositoryGroupMemberUpgradeTest)  Time elapsed: 154.975 sec  <<< ERROR!
javax.jcr.RepositoryException: Failed to copy content
	at org.apache.jackrabbit.oak.upgrade.RepositoryUpgrade.copy(RepositoryUpgrade.java:250)
	at org.apache.jackrabbit.oak.upgrade.RepositoryUpgrade.copy(RepositoryUpgrade.java:169)
	at org.apache.jackrabbit.oak.upgrade.RepositoryUpgrade.copy(RepositoryUpgrade.java:154)
	at org.apache.jackrabbit.oak.upgrade.AbstractRepositoryUpgradeTest.upgradeRepository(AbstractRepositoryUpgradeTest.java:85)
	at sun.reflect.NativeMethodAccessorImpl.invoke0(Native Method)
	at sun.reflect.NativeMethodAccessorImpl.invoke(NativeMethodAccessorImpl.java:57)
	at sun.reflect.DelegatingMethodAccessorImpl.invoke(DelegatingMethodAccessorImpl.java:43)
	at java.lang.reflect.Method.invoke(Method.java:606)
	at org.junit.runners.model.FrameworkMethod$1.runReflectiveCall(FrameworkMethod.java:45)
	at org.junit.internal.runners.model.ReflectiveCallable.run(ReflectiveCallable.java:15)
	at org.junit.runners.model.FrameworkMethod.invokeExplosively(FrameworkMethod.java:42)
	at org.junit.internal.runners.statements.RunBefores.evaluate(RunBefores.java:27)
	at org.junit.runners.ParentRunner.runLeaf(ParentRunner.java:263)
	at org.junit.runners.BlockJUnit4ClassRunner.runChild(BlockJUnit4ClassRunner.java:68)
	at org.junit.runners.BlockJUnit4ClassRunner.runChild(BlockJUnit4ClassRunner.java:47)
	at org.junit.runners.ParentRunner$3.run(ParentRunner.java:231)
	at org.junit.runners.ParentRunner$1.schedule(ParentRunner.java:60)
	at org.junit.runners.ParentRunner.runChildren(ParentRunner.java:229)
	at org.junit.runners.ParentRunner.access$000(ParentRunner.java:50)
	at org.junit.runners.ParentRunner$2.evaluate(ParentRunner.java:222)
	at org.junit.internal.runners.statements.RunBefores.evaluate(RunBefores.java:28)
	at org.junit.runners.ParentRunner.run(ParentRunner.java:300)
	at org.apache.maven.surefire.junit4.JUnit4Provider.execute(JUnit4Provider.java:252)
	at org.apache.maven.surefire.junit4.JUnit4Provider.executeTestSet(JUnit4Provider.java:141)
	at org.apache.maven.surefire.junit4.JUnit4Provider.invoke(JUnit4Provider.java:112)
	at sun.reflect.NativeMethodAccessorImpl.invoke0(Native Method)
	at sun.reflect.NativeMethodAccessorImpl.invoke(NativeMethodAccessorImpl.java:57)
	at sun.reflect.DelegatingMethodAccessorImpl.invoke(DelegatingMethodAccessorImpl.java:43)
	at java.lang.reflect.Method.invoke(Method.java:606)
	at org.apache.maven.surefire.util.ReflectionUtils.invokeMethodWithArray(ReflectionUtils.java:189)
	at org.apache.maven.surefire.booter.ProviderFactory$ProviderProxy.invoke(ProviderFactory.java:165)
	at org.apache.maven.surefire.booter.ProviderFactory.invokeProvider(ProviderFactory.java:85)
	at org.apache.maven.surefire.booter.ForkedBooter.runSuitesInProcess(ForkedBooter.java:115)
	at org.apache.maven.surefire.booter.ForkedBooter.main(ForkedBooter.java:75)
Caused by: org.apache.jackrabbit.oak.api.CommitFailedException: OakMerge0001: OakMerge0001: Failed to merge changes to the underlying store (retries 7, 23434 ms)
	at org.apache.jackrabbit.oak.spi.state.AbstractNodeStoreBranch.merge(AbstractNodeStoreBranch.java:315)
	at org.apache.jackrabbit.oak.kernel.KernelNodeStoreBranch.merge(KernelNodeStoreBranch.java:135)
	at org.apache.jackrabbit.oak.kernel.KernelRootBuilder.merge(KernelRootBuilder.java:144)
	at org.apache.jackrabbit.oak.kernel.KernelNodeStore.merge(KernelNodeStore.java:164)
	at org.apache.jackrabbit.oak.upgrade.RepositoryUpgrade.copy(RepositoryUpgrade.java:248)
	... 33 more
Caused by: java.lang.IllegalStateException: This builder does not exist: default
	at com.google.common.base.Preconditions.checkState(Preconditions.java:150)
	at org.apache.jackrabbit.oak.plugins.memory.MemoryNodeBuilder.setChildNode(MemoryNodeBuilder.java:326)
	at org.apache.jackrabbit.oak.plugins.memory.MemoryNodeBuilder.setChildNode(MemoryNodeBuilder.java:321)
	at org.apache.jackrabbit.oak.plugins.memory.MemoryNodeBuilder.child(MemoryNodeBuilder.java:309)
	at org.apache.jackrabbit.oak.security.authorization.permission.PermissionStoreEditor.updatePermissionEntries(PermissionStoreEditor.java:200)
	at org.apache.jackrabbit.oak.security.authorization.permission.PermissionHook.apply(PermissionHook.java:112)
	at org.apache.jackrabbit.oak.security.authorization.permission.PermissionHook.processCommit(PermissionHook.java:103)
	at org.apache.jackrabbit.oak.spi.commit.CompositeHook.processCommit(CompositeHook.java:60)
	at org.apache.jackrabbit.oak.spi.state.AbstractNodeStoreBranch$Persisted$1.call(AbstractNodeStoreBranch.java:596)
	at org.apache.jackrabbit.oak.spi.state.AbstractNodeStoreBranch$Persisted$1.call(AbstractNodeStoreBranch.java:593)
	at org.apache.jackrabbit.oak.spi.state.AbstractNodeStoreBranch.withCurrentBranch(AbstractNodeStoreBranch.java:726)
	at org.apache.jackrabbit.oak.spi.state.AbstractNodeStoreBranch.access$300(AbstractNodeStoreBranch.java:50)
	at org.apache.jackrabbit.oak.spi.state.AbstractNodeStoreBranch$Persisted.merge(AbstractNodeStoreBranch.java:593)
	at org.apache.jackrabbit.oak.spi.state.AbstractNodeStoreBranch.merge(AbstractNodeStoreBranch.java:299)
	... 37 more

verifyMembers(org.apache.jackrabbit.oak.upgrade.RepositoryGroupMemberUpgradeTest)  Time elapsed: 119.789 sec  <<< ERROR!
javax.jcr.RepositoryException: Failed to copy content
	at org.apache.jackrabbit.oak.upgrade.RepositoryUpgrade.copy(RepositoryUpgrade.java:250)
	at org.apache.jackrabbit.oak.upgrade.RepositoryUpgrade.copy(RepositoryUpgrade.java:169)
	at org.apache.jackrabbit.oak.upgrade.RepositoryUpgrade.copy(RepositoryUpgrade.java:154)
	at org.apache.jackrabbit.oak.upgrade.AbstractRepositoryUpgradeTest.upgradeRepository(AbstractRepositoryUpgradeTest.java:85)
	at sun.reflect.NativeMethodAccessorImpl.invoke0(Native Method)
	at sun.reflect.NativeMethodAccessorImpl.invoke(NativeMethodAccessorImpl.java:57)
	at sun.reflect.DelegatingMethodAccessorImpl.invoke(DelegatingMethodAccessorImpl.java:43)
	at java.lang.reflect.Method.invoke(Method.java:606)
	at org.junit.runners.model.FrameworkMethod$1.runReflectiveCall(FrameworkMethod.java:45)
	at org.junit.internal.runners.model.ReflectiveCallable.run(ReflectiveCallable.java:15)
	at org.junit.runners.model.FrameworkMethod.invokeExplosively(FrameworkMethod.java:42)
	at org.junit.internal.runners.statements.RunBefores.evaluate(RunBefores.java:27)
	at org.junit.runners.ParentRunner.runLeaf(ParentRunner.java:263)
	at org.junit.runners.BlockJUnit4ClassRunner.runChild(BlockJUnit4ClassRunner.java:68)
	at org.junit.runners.BlockJUnit4ClassRunner.runChild(BlockJUnit4ClassRunner.java:47)
	at org.junit.runners.ParentRunner$3.run(ParentRunner.java:231)
	at org.junit.runners.ParentRunner$1.schedule(ParentRunner.java:60)
	at org.junit.runners.ParentRunner.runChildren(ParentRunner.java:229)
	at org.junit.runners.ParentRunner.access$000(ParentRunner.java:50)
	at org.junit.runners.ParentRunner$2.evaluate(ParentRunner.java:222)
	at org.junit.internal.runners.statements.RunBefores.evaluate(RunBefores.java:28)
	at org.junit.runners.ParentRunner.run(ParentRunner.java:300)
	at org.apache.maven.surefire.junit4.JUnit4Provider.execute(JUnit4Provider.java:252)
	at org.apache.maven.surefire.junit4.JUnit4Provider.executeTestSet(JUnit4Provider.java:141)
	at org.apache.maven.surefire.junit4.JUnit4Provider.invoke(JUnit4Provider.java:112)
	at sun.reflect.NativeMethodAccessorImpl.invoke0(Native Method)
	at sun.reflect.NativeMethodAccessorImpl.invoke(NativeMethodAccessorImpl.java:57)
	at sun.reflect.DelegatingMethodAccessorImpl.invoke(DelegatingMethodAccessorImpl.java:43)
	at java.lang.reflect.Method.invoke(Method.java:606)
	at org.apache.maven.surefire.util.ReflectionUtils.invokeMethodWithArray(ReflectionUtils.java:189)
	at org.apache.maven.surefire.booter.ProviderFactory$ProviderProxy.invoke(ProviderFactory.java:165)
	at org.apache.maven.surefire.booter.ProviderFactory.invokeProvider(ProviderFactory.java:85)
	at org.apache.maven.surefire.booter.ForkedBooter.runSuitesInProcess(ForkedBooter.java:115)
	at org.apache.maven.surefire.booter.ForkedBooter.main(ForkedBooter.java:75)
Caused by: org.apache.jackrabbit.oak.api.CommitFailedException: OakMerge0001: OakMerge0001: Failed to merge changes to the underlying store (retries 7, 18907 ms)
	at org.apache.jackrabbit.oak.spi.state.AbstractNodeStoreBranch.merge(AbstractNodeStoreBranch.java:315)
	at org.apache.jackrabbit.oak.kernel.KernelNodeStoreBranch.merge(KernelNodeStoreBranch.java:135)
	at org.apache.jackrabbit.oak.kernel.KernelRootBuilder.merge(KernelRootBuilder.java:144)
	at org.apache.jackrabbit.oak.kernel.KernelNodeStore.merge(KernelNodeStore.java:164)
	at org.apache.jackrabbit.oak.upgrade.RepositoryUpgrade.copy(RepositoryUpgrade.java:248)
	... 33 more
Caused by: java.lang.IllegalStateException: This builder does not exist: default
	at com.google.common.base.Preconditions.checkState(Preconditions.java:150)
	at org.apache.jackrabbit.oak.plugins.memory.MemoryNodeBuilder.setChildNode(MemoryNodeBuilder.java:326)
	at org.apache.jackrabbit.oak.plugins.memory.MemoryNodeBuilder.setChildNode(MemoryNodeBuilder.java:321)
	at org.apache.jackrabbit.oak.plugins.memory.MemoryNodeBuilder.child(MemoryNodeBuilder.java:309)
	at org.apache.jackrabbit.oak.security.authorization.permission.PermissionStoreEditor.updatePermissionEntries(PermissionStoreEditor.java:200)
	at org.apache.jackrabbit.oak.security.authorization.permission.PermissionHook.apply(PermissionHook.java:112)
	at org.apache.jackrabbit.oak.security.authorization.permission.PermissionHook.processCommit(PermissionHook.java:103)
	at org.apache.jackrabbit.oak.spi.commit.CompositeHook.processCommit(CompositeHook.java:60)
	at org.apache.jackrabbit.oak.spi.state.AbstractNodeStoreBranch$Persisted$1.call(AbstractNodeStoreBranch.java:596)
	at org.apache.jackrabbit.oak.spi.state.AbstractNodeStoreBranch$Persisted$1.call(AbstractNodeStoreBranch.java:593)
	at org.apache.jackrabbit.oak.spi.state.AbstractNodeStoreBranch.withCurrentBranch(AbstractNodeStoreBranch.java:726)
	at org.apache.jackrabbit.oak.spi.state.AbstractNodeStoreBranch.access$300(AbstractNodeStoreBranch.java:50)
	at org.apache.jackrabbit.oak.spi.state.AbstractNodeStoreBranch$Persisted.merge(AbstractNodeStoreBranch.java:593)
	at org.apache.jackrabbit.oak.spi.state.AbstractNodeStoreBranch.merge(AbstractNodeStoreBranch.java:299)
	... 37 more

verifyMemberOf(org.apache.jackrabbit.oak.upgrade.RepositoryGroupMemberUpgradeTest)  Time elapsed: 75.809 sec  <<< ERROR!
javax.jcr.RepositoryException: Failed to copy content
	at org.apache.jackrabbit.oak.upgrade.RepositoryUpgrade.copy(RepositoryUpgrade.java:250)
	at org.apache.jackrabbit.oak.upgrade.RepositoryUpgrade.copy(RepositoryUpgrade.java:169)
	at org.apache.jackrabbit.oak.upgrade.RepositoryUpgrade.copy(RepositoryUpgrade.java:154)
	at org.apache.jackrabbit.oak.upgrade.AbstractRepositoryUpgradeTest.upgradeRepository(AbstractRepositoryUpgradeTest.java:85)
	at sun.reflect.NativeMethodAccessorImpl.invoke0(Native Method)
	at sun.reflect.NativeMethodAccessorImpl.invoke(NativeMethodAccessorImpl.java:57)
	at sun.reflect.DelegatingMethodAccessorImpl.invoke(DelegatingMethodAccessorImpl.java:43)
	at java.lang.reflect.Method.invoke(Method.java:606)
	at org.junit.runners.model.FrameworkMethod$1.runReflectiveCall(FrameworkMethod.java:45)
	at org.junit.internal.runners.model.ReflectiveCallable.run(ReflectiveCallable.java:15)
	at org.junit.runners.model.FrameworkMethod.invokeExplosively(FrameworkMethod.java:42)
	at org.junit.internal.runners.statements.RunBefores.evaluate(RunBefores.java:27)
	at org.junit.runners.ParentRunner.runLeaf(ParentRunner.java:263)
	at org.junit.runners.BlockJUnit4ClassRunner.runChild(BlockJUnit4ClassRunner.java:68)
	at org.junit.runners.BlockJUnit4ClassRunner.runChild(BlockJUnit4ClassRunner.java:47)
	at org.junit.runners.ParentRunner$3.run(ParentRunner.java:231)
	at org.junit.runners.ParentRunner$1.schedule(ParentRunner.java:60)
	at org.junit.runners.ParentRunner.runChildren(ParentRunner.java:229)
	at org.junit.runners.ParentRunner.access$000(ParentRunner.java:50)
	at org.junit.runners.ParentRunner$2.evaluate(ParentRunner.java:222)
	at org.junit.internal.runners.statements.RunBefores.evaluate(RunBefores.java:28)
	at org.junit.runners.ParentRunner.run(ParentRunner.java:300)
	at org.apache.maven.surefire.junit4.JUnit4Provider.execute(JUnit4Provider.java:252)
	at org.apache.maven.surefire.junit4.JUnit4Provider.executeTestSet(JUnit4Provider.java:141)
	at org.apache.maven.surefire.junit4.JUnit4Provider.invoke(JUnit4Provider.java:112)
	at sun.reflect.NativeMethodAccessorImpl.invoke0(Native Method)
	at sun.reflect.NativeMethodAccessorImpl.invoke(NativeMethodAccessorImpl.java:57)
	at sun.reflect.DelegatingMethodAccessorImpl.invoke(DelegatingMethodAccessorImpl.java:43)
	at java.lang.reflect.Method.invoke(Method.java:606)
	at org.apache.maven.surefire.util.ReflectionUtils.invokeMethodWithArray(ReflectionUtils.java:189)
	at org.apache.maven.surefire.booter.ProviderFactory$ProviderProxy.invoke(ProviderFactory.java:165)
	at org.apache.maven.surefire.booter.ProviderFactory.invokeProvider(ProviderFactory.java:85)
	at org.apache.maven.surefire.booter.ForkedBooter.runSuitesInProcess(ForkedBooter.java:115)
	at org.apache.maven.surefire.booter.ForkedBooter.main(ForkedBooter.java:75)
Caused by: org.apache.jackrabbit.oak.api.CommitFailedException: OakMerge0001: OakMerge0001: Failed to merge changes to the underlying store (retries 7, 15755 ms)
	at org.apache.jackrabbit.oak.spi.state.AbstractNodeStoreBranch.merge(AbstractNodeStoreBranch.java:315)
	at org.apache.jackrabbit.oak.kernel.KernelNodeStoreBranch.merge(KernelNodeStoreBranch.java:135)
	at org.apache.jackrabbit.oak.kernel.KernelRootBuilder.merge(KernelRootBuilder.java:144)
	at org.apache.jackrabbit.oak.kernel.KernelNodeStore.merge(KernelNodeStore.java:164)
	at org.apache.jackrabbit.oak.upgrade.RepositoryUpgrade.copy(RepositoryUpgrade.java:248)
	... 33 more
Caused by: java.lang.IllegalStateException: This builder does not exist: default
	at com.google.common.base.Preconditions.checkState(Preconditions.java:150)
	at org.apache.jackrabbit.oak.plugins.memory.MemoryNodeBuilder.setChildNode(MemoryNodeBuilder.java:326)
	at org.apache.jackrabbit.oak.plugins.memory.MemoryNodeBuilder.setChildNode(MemoryNodeBuilder.java:321)
	at org.apache.jackrabbit.oak.plugins.memory.MemoryNodeBuilder.child(MemoryNodeBuilder.java:309)
	at org.apache.jackrabbit.oak.security.authorization.permission.PermissionStoreEditor.updatePermissionEntries(PermissionStoreEditor.java:200)
	at org.apache.jackrabbit.oak.security.authorization.permission.PermissionHook.apply(PermissionHook.java:112)
	at org.apache.jackrabbit.oak.security.authorization.permission.PermissionHook.processCommit(PermissionHook.java:103)
	at org.apache.jackrabbit.oak.spi.commit.CompositeHook.processCommit(CompositeHook.java:60)
	at org.apache.jackrabbit.oak.spi.state.AbstractNodeStoreBranch$Persisted$1.call(AbstractNodeStoreBranch.java:596)
	at org.apache.jackrabbit.oak.spi.state.AbstractNodeStoreBranch$Persisted$1.call(AbstractNodeStoreBranch.java:593)
	at org.apache.jackrabbit.oak.spi.state.AbstractNodeStoreBranch.withCurrentBranch(AbstractNodeStoreBranch.java:726)
	at org.apache.jackrabbit.oak.spi.state.AbstractNodeStoreBranch.access$300(AbstractNodeStoreBranch.java:50)
	at org.apache.jackrabbit.oak.spi.state.AbstractNodeStoreBranch$Persisted.merge(AbstractNodeStoreBranch.java:593)
	at org.apache.jackrabbit.oak.spi.state.AbstractNodeStoreBranch.merge(AbstractNodeStoreBranch.java:299)
	... 37 more

Running org.apache.jackrabbit.oak.upgrade.RepositoryUpgradeTest
Tests run: 7, Failures: 0, Errors: 7, Skipped: 0, Time elapsed: 912.243 sec <<< FAILURE!
verifyNameSpaces(org.apache.jackrabbit.oak.upgrade.RepositoryUpgradeTest)  Time elapsed: 192.018 sec  <<< ERROR!
javax.jcr.RepositoryException: Failed to copy content
	at org.apache.jackrabbit.oak.upgrade.RepositoryUpgrade.copy(RepositoryUpgrade.java:250)
	at org.apache.jackrabbit.oak.upgrade.RepositoryUpgrade.copy(RepositoryUpgrade.java:169)
	at org.apache.jackrabbit.oak.upgrade.RepositoryUpgrade.copy(RepositoryUpgrade.java:154)
	at org.apache.jackrabbit.oak.upgrade.AbstractRepositoryUpgradeTest.upgradeRepository(AbstractRepositoryUpgradeTest.java:85)
	at sun.reflect.NativeMethodAccessorImpl.invoke0(Native Method)
	at sun.reflect.NativeMethodAccessorImpl.invoke(NativeMethodAccessorImpl.java:57)
	at sun.reflect.DelegatingMethodAccessorImpl.invoke(DelegatingMethodAccessorImpl.java:43)
	at java.lang.reflect.Method.invoke(Method.java:606)
	at org.junit.runners.model.FrameworkMethod$1.runReflectiveCall(FrameworkMethod.java:45)
	at org.junit.internal.runners.model.ReflectiveCallable.run(ReflectiveCallable.java:15)
	at org.junit.runners.model.FrameworkMethod.invokeExplosively(FrameworkMethod.java:42)
	at org.junit.internal.runners.statements.RunBefores.evaluate(RunBefores.java:27)
	at org.junit.runners.ParentRunner.runLeaf(ParentRunner.java:263)
	at org.junit.runners.BlockJUnit4ClassRunner.runChild(BlockJUnit4ClassRunner.java:68)
	at org.junit.runners.BlockJUnit4ClassRunner.runChild(BlockJUnit4ClassRunner.java:47)
	at org.junit.runners.ParentRunner$3.run(ParentRunner.java:231)
	at org.junit.runners.ParentRunner$1.schedule(ParentRunner.java:60)
	at org.junit.runners.ParentRunner.runChildren(ParentRunner.java:229)
	at org.junit.runners.ParentRunner.access$000(ParentRunner.java:50)
	at org.junit.runners.ParentRunner$2.evaluate(ParentRunner.java:222)
	at org.junit.internal.runners.statements.RunBefores.evaluate(RunBefores.java:28)
	at org.junit.runners.ParentRunner.run(ParentRunner.java:300)
	at org.apache.maven.surefire.junit4.JUnit4Provider.execute(JUnit4Provider.java:252)
	at org.apache.maven.surefire.junit4.JUnit4Provider.executeTestSet(JUnit4Provider.java:141)
	at org.apache.maven.surefire.junit4.JUnit4Provider.invoke(JUnit4Provider.java:112)
	at sun.reflect.NativeMethodAccessorImpl.invoke0(Native Method)
	at sun.reflect.NativeMethodAccessorImpl.invoke(NativeMethodAccessorImpl.java:57)
	at sun.reflect.DelegatingMethodAccessorImpl.invoke(DelegatingMethodAccessorImpl.java:43)
	at java.lang.reflect.Method.invoke(Method.java:606)
	at org.apache.maven.surefire.util.ReflectionUtils.invokeMethodWithArray(ReflectionUtils.java:189)
	at org.apache.maven.surefire.booter.ProviderFactory$ProviderProxy.invoke(ProviderFactory.java:165)
	at org.apache.maven.surefire.booter.ProviderFactory.invokeProvider(ProviderFactory.java:85)
	at org.apache.maven.surefire.booter.ForkedBooter.runSuitesInProcess(ForkedBooter.java:115)
	at org.apache.maven.surefire.booter.ForkedBooter.main(ForkedBooter.java:75)
Caused by: org.apache.jackrabbit.oak.api.CommitFailedException: OakMerge0001: OakMerge0001: Failed to merge changes to the underlying store (retries 7, 23809 ms)
	at org.apache.jackrabbit.oak.spi.state.AbstractNodeStoreBranch.merge(AbstractNodeStoreBranch.java:315)
	at org.apache.jackrabbit.oak.kernel.KernelNodeStoreBranch.merge(KernelNodeStoreBranch.java:135)
	at org.apache.jackrabbit.oak.kernel.KernelRootBuilder.merge(KernelRootBuilder.java:144)
	at org.apache.jackrabbit.oak.kernel.KernelNodeStore.merge(KernelNodeStore.java:164)
	at org.apache.jackrabbit.oak.upgrade.RepositoryUpgrade.copy(RepositoryUpgrade.java:248)
	... 33 more
Caused by: java.lang.IllegalStateException: This builder does not exist: default
	at com.google.common.base.Preconditions.checkState(Preconditions.java:150)
	at org.apache.jackrabbit.oak.plugins.memory.MemoryNodeBuilder.setChildNode(MemoryNodeBuilder.java:326)
	at org.apache.jackrabbit.oak.plugins.memory.MemoryNodeBuilder.setChildNode(MemoryNodeBuilder.java:321)
	at org.apache.jackrabbit.oak.plugins.memory.MemoryNodeBuilder.child(MemoryNodeBuilder.java:309)
	at org.apache.jackrabbit.oak.security.authorization.permission.PermissionStoreEditor.updatePermissionEntries(PermissionStoreEditor.java:200)
	at org.apache.jackrabbit.oak.security.authorization.permission.PermissionHook.apply(PermissionHook.java:112)
	at org.apache.jackrabbit.oak.security.authorization.permission.PermissionHook.processCommit(PermissionHook.java:103)
	at org.apache.jackrabbit.oak.spi.commit.CompositeHook.processCommit(CompositeHook.java:60)
	at org.apache.jackrabbit.oak.spi.state.AbstractNodeStoreBranch$Persisted$1.call(AbstractNodeStoreBranch.java:596)
	at org.apache.jackrabbit.oak.spi.state.AbstractNodeStoreBranch$Persisted$1.call(AbstractNodeStoreBranch.java:593)
	at org.apache.jackrabbit.oak.spi.state.AbstractNodeStoreBranch.withCurrentBranch(AbstractNodeStoreBranch.java:726)
	at org.apache.jackrabbit.oak.spi.state.AbstractNodeStoreBranch.access$300(AbstractNodeStoreBranch.java:50)
	at org.apache.jackrabbit.oak.spi.state.AbstractNodeStoreBranch$Persisted.merge(AbstractNodeStoreBranch.java:593)
	at org.apache.jackrabbit.oak.spi.state.AbstractNodeStoreBranch.merge(AbstractNodeStoreBranch.java:299)
	... 37 more

verifyCustomPrivileges(org.apache.jackrabbit.oak.upgrade.RepositoryUpgradeTest)  Time elapsed: 28.38 sec  <<< ERROR!
javax.jcr.RepositoryException: Failed to copy content
	at org.apache.jackrabbit.oak.upgrade.RepositoryUpgrade.copy(RepositoryUpgrade.java:250)
	at org.apache.jackrabbit.oak.upgrade.RepositoryUpgrade.copy(RepositoryUpgrade.java:169)
	at org.apache.jackrabbit.oak.upgrade.RepositoryUpgrade.copy(RepositoryUpgrade.java:154)
	at org.apache.jackrabbit.oak.upgrade.AbstractRepositoryUpgradeTest.upgradeRepository(AbstractRepositoryUpgradeTest.java:85)
	at sun.reflect.NativeMethodAccessorImpl.invoke0(Native Method)
	at sun.reflect.NativeMethodAccessorImpl.invoke(NativeMethodAccessorImpl.java:57)
	at sun.reflect.DelegatingMethodAccessorImpl.invoke(DelegatingMethodAccessorImpl.java:43)
	at java.lang.reflect.Method.invoke(Method.java:606)
	at org.junit.runners.model.FrameworkMethod$1.runReflectiveCall(FrameworkMethod.java:45)
	at org.junit.internal.runners.model.ReflectiveCallable.run(ReflectiveCallable.java:15)
	at org.junit.runners.model.FrameworkMethod.invokeExplosively(FrameworkMethod.java:42)
	at org.junit.internal.runners.statements.RunBefores.evaluate(RunBefores.java:27)
	at org.junit.runners.ParentRunner.runLeaf(ParentRunner.java:263)
	at org.junit.runners.BlockJUnit4ClassRunner.runChild(BlockJUnit4ClassRunner.java:68)
	at org.junit.runners.BlockJUnit4ClassRunner.runChild(BlockJUnit4ClassRunner.java:47)
	at org.junit.runners.ParentRunner$3.run(ParentRunner.java:231)
	at org.junit.runners.ParentRunner$1.schedule(ParentRunner.java:60)
	at org.junit.runners.ParentRunner.runChildren(ParentRunner.java:229)
	at org.junit.runners.ParentRunner.access$000(ParentRunner.java:50)
	at org.junit.runners.ParentRunner$2.evaluate(ParentRunner.java:222)
	at org.junit.internal.runners.statements.RunBefores.evaluate(RunBefores.java:28)
	at org.junit.runners.ParentRunner.run(ParentRunner.java:300)
	at org.apache.maven.surefire.junit4.JUnit4Provider.execute(JUnit4Provider.java:252)
	at org.apache.maven.surefire.junit4.JUnit4Provider.executeTestSet(JUnit4Provider.java:141)
	at org.apache.maven.surefire.junit4.JUnit4Provider.invoke(JUnit4Provider.java:112)
	at sun.reflect.NativeMethodAccessorImpl.invoke0(Native Method)
	at sun.reflect.NativeMethodAccessorImpl.invoke(NativeMethodAccessorImpl.java:57)
	at sun.reflect.DelegatingMethodAccessorImpl.invoke(DelegatingMethodAccessorImpl.java:43)
	at java.lang.reflect.Method.invoke(Method.java:606)
	at org.apache.maven.surefire.util.ReflectionUtils.invokeMethodWithArray(ReflectionUtils.java:189)
	at org.apache.maven.surefire.booter.ProviderFactory$ProviderProxy.invoke(ProviderFactory.java:165)
	at org.apache.maven.surefire.booter.ProviderFactory.invokeProvider(ProviderFactory.java:85)
	at org.apache.maven.surefire.booter.ForkedBooter.runSuitesInProcess(ForkedBooter.java:115)
	at org.apache.maven.surefire.booter.ForkedBooter.main(ForkedBooter.java:75)
Caused by: org.apache.jackrabbit.oak.api.CommitFailedException: OakMerge0001: OakMerge0001: Failed to merge changes to the underlying store (retries 7, 19870 ms)
	at org.apache.jackrabbit.oak.spi.state.AbstractNodeStoreBranch.merge(AbstractNodeStoreBranch.java:315)
	at org.apache.jackrabbit.oak.kernel.KernelNodeStoreBranch.merge(KernelNodeStoreBranch.java:135)
	at org.apache.jackrabbit.oak.kernel.KernelRootBuilder.merge(KernelRootBuilder.java:144)
	at org.apache.jackrabbit.oak.kernel.KernelNodeStore.merge(KernelNodeStore.java:164)
	at org.apache.jackrabbit.oak.upgrade.RepositoryUpgrade.copy(RepositoryUpgrade.java:248)
	... 33 more
Caused by: java.lang.IllegalStateException: This builder does not exist: default
	at com.google.common.base.Preconditions.checkState(Preconditions.java:150)
	at org.apache.jackrabbit.oak.plugins.memory.MemoryNodeBuilder.setChildNode(MemoryNodeBuilder.java:326)
	at org.apache.jackrabbit.oak.plugins.memory.MemoryNodeBuilder.setChildNode(MemoryNodeBuilder.java:321)
	at org.apache.jackrabbit.oak.plugins.memory.MemoryNodeBuilder.child(MemoryNodeBuilder.java:309)
	at org.apache.jackrabbit.oak.security.authorization.permission.PermissionStoreEditor.updatePermissionEntries(PermissionStoreEditor.java:200)
	at org.apache.jackrabbit.oak.security.authorization.permission.PermissionHook.apply(PermissionHook.java:112)
	at org.apache.jackrabbit.oak.security.authorization.permission.PermissionHook.processCommit(PermissionHook.java:103)
	at org.apache.jackrabbit.oak.spi.commit.CompositeHook.processCommit(CompositeHook.java:60)
	at org.apache.jackrabbit.oak.spi.state.AbstractNodeStoreBranch$Persisted$1.call(AbstractNodeStoreBranch.java:596)
	at org.apache.jackrabbit.oak.spi.state.AbstractNodeStoreBranch$Persisted$1.call(AbstractNodeStoreBranch.java:593)
	at org.apache.jackrabbit.oak.spi.state.AbstractNodeStoreBranch.withCurrentBranch(AbstractNodeStoreBranch.java:726)
	at org.apache.jackrabbit.oak.spi.state.AbstractNodeStoreBranch.access$300(AbstractNodeStoreBranch.java:50)
	at org.apache.jackrabbit.oak.spi.state.AbstractNodeStoreBranch$Persisted.merge(AbstractNodeStoreBranch.java:593)
	at org.apache.jackrabbit.oak.spi.state.AbstractNodeStoreBranch.merge(AbstractNodeStoreBranch.java:299)
	... 37 more

verifyCustomNodeTypes(org.apache.jackrabbit.oak.upgrade.RepositoryUpgradeTest)  Time elapsed: 44.856 sec  <<< ERROR!
javax.jcr.RepositoryException: Failed to copy content
	at org.apache.jackrabbit.oak.upgrade.RepositoryUpgrade.copy(RepositoryUpgrade.java:250)
	at org.apache.jackrabbit.oak.upgrade.RepositoryUpgrade.copy(RepositoryUpgrade.java:169)
	at org.apache.jackrabbit.oak.upgrade.RepositoryUpgrade.copy(RepositoryUpgrade.java:154)
	at org.apache.jackrabbit.oak.upgrade.AbstractRepositoryUpgradeTest.upgradeRepository(AbstractRepositoryUpgradeTest.java:85)
	at sun.reflect.NativeMethodAccessorImpl.invoke0(Native Method)
	at sun.reflect.NativeMethodAccessorImpl.invoke(NativeMethodAccessorImpl.java:57)
	at sun.reflect.DelegatingMethodAccessorImpl.invoke(DelegatingMethodAccessorImpl.java:43)
	at java.lang.reflect.Method.invoke(Method.java:606)
	at org.junit.runners.model.FrameworkMethod$1.runReflectiveCall(FrameworkMethod.java:45)
	at org.junit.internal.runners.model.ReflectiveCallable.run(ReflectiveCallable.java:15)
	at org.junit.runners.model.FrameworkMethod.invokeExplosively(FrameworkMethod.java:42)
	at org.junit.internal.runners.statements.RunBefores.evaluate(RunBefores.java:27)
	at org.junit.runners.ParentRunner.runLeaf(ParentRunner.java:263)
	at org.junit.runners.BlockJUnit4ClassRunner.runChild(BlockJUnit4ClassRunner.java:68)
	at org.junit.runners.BlockJUnit4ClassRunner.runChild(BlockJUnit4ClassRunner.java:47)
	at org.junit.runners.ParentRunner$3.run(ParentRunner.java:231)
	at org.junit.runners.ParentRunner$1.schedule(ParentRunner.java:60)
	at org.junit.runners.ParentRunner.runChildren(ParentRunner.java:229)
	at org.junit.runners.ParentRunner.access$000(ParentRunner.java:50)
	at org.junit.runners.ParentRunner$2.evaluate(ParentRunner.java:222)
	at org.junit.internal.runners.statements.RunBefores.evaluate(RunBefores.java:28)
	at org.junit.runners.ParentRunner.run(ParentRunner.java:300)
	at org.apache.maven.surefire.junit4.JUnit4Provider.execute(JUnit4Provider.java:252)
	at org.apache.maven.surefire.junit4.JUnit4Provider.executeTestSet(JUnit4Provider.java:141)
	at org.apache.maven.surefire.junit4.JUnit4Provider.invoke(JUnit4Provider.java:112)
	at sun.reflect.NativeMethodAccessorImpl.invoke0(Native Method)
	at sun.reflect.NativeMethodAccessorImpl.invoke(NativeMethodAccessorImpl.java:57)
	at sun.reflect.DelegatingMethodAccessorImpl.invoke(DelegatingMethodAccessorImpl.java:43)
	at java.lang.reflect.Method.invoke(Method.java:606)
	at org.apache.maven.surefire.util.ReflectionUtils.invokeMethodWithArray(ReflectionUtils.java:189)
	at org.apache.maven.surefire.booter.ProviderFactory$ProviderProxy.invoke(ProviderFactory.java:165)
	at org.apache.maven.surefire.booter.ProviderFactory.invokeProvider(ProviderFactory.java:85)
	at org.apache.maven.surefire.booter.ForkedBooter.runSuitesInProcess(ForkedBooter.java:115)
	at org.apache.maven.surefire.booter.ForkedBooter.main(ForkedBooter.java:75)
Caused by: org.apache.jackrabbit.oak.api.CommitFailedException: OakMerge0001: OakMerge0001: Failed to merge changes to the underlying store (retries 7, 23773 ms)
	at org.apache.jackrabbit.oak.spi.state.AbstractNodeStoreBranch.merge(AbstractNodeStoreBranch.java:315)
	at org.apache.jackrabbit.oak.kernel.KernelNodeStoreBranch.merge(KernelNodeStoreBranch.java:135)
	at org.apache.jackrabbit.oak.kernel.KernelRootBuilder.merge(KernelRootBuilder.java:144)
	at org.apache.jackrabbit.oak.kernel.KernelNodeStore.merge(KernelNodeStore.java:164)
	at org.apache.jackrabbit.oak.upgrade.RepositoryUpgrade.copy(RepositoryUpgrade.java:248)
	... 33 more
Caused by: java.lang.IllegalStateException: This builder does not exist: default
	at com.google.common.base.Preconditions.checkState(Preconditions.java:150)
	at org.apache.jackrabbit.oak.plugins.memory.MemoryNodeBuilder.setChildNode(MemoryNodeBuilder.java:326)
	at org.apache.jackrabbit.oak.plugins.memory.MemoryNodeBuilder.setChildNode(MemoryNodeBuilder.java:321)
	at org.apache.jackrabbit.oak.plugins.memory.MemoryNodeBuilder.child(MemoryNodeBuilder.java:309)
	at org.apache.jackrabbit.oak.security.authorization.permission.PermissionStoreEditor.updatePermissionEntries(PermissionStoreEditor.java:200)
	at org.apache.jackrabbit.oak.security.authorization.permission.PermissionHook.apply(PermissionHook.java:112)
	at org.apache.jackrabbit.oak.security.authorization.permission.PermissionHook.processCommit(PermissionHook.java:103)
	at org.apache.jackrabbit.oak.spi.commit.CompositeHook.processCommit(CompositeHook.java:60)
	at org.apache.jackrabbit.oak.spi.state.AbstractNodeStoreBranch$Persisted$1.call(AbstractNodeStoreBranch.java:596)
	at org.apache.jackrabbit.oak.spi.state.AbstractNodeStoreBranch$Persisted$1.call(AbstractNodeStoreBranch.java:593)
	at org.apache.jackrabbit.oak.spi.state.AbstractNodeStoreBranch.withCurrentBranch(AbstractNodeStoreBranch.java:726)
	at org.apache.jackrabbit.oak.spi.state.AbstractNodeStoreBranch.access$300(AbstractNodeStoreBranch.java:50)
	at org.apache.jackrabbit.oak.spi.state.AbstractNodeStoreBranch$Persisted.merge(AbstractNodeStoreBranch.java:593)
	at org.apache.jackrabbit.oak.spi.state.AbstractNodeStoreBranch.merge(AbstractNodeStoreBranch.java:299)
	... 37 more

verifyNewBuiltinNodeTypes(org.apache.jackrabbit.oak.upgrade.RepositoryUpgradeTest)  Time elapsed: 108.016 sec  <<< ERROR!
javax.jcr.RepositoryException: Failed to copy content
	at org.apache.jackrabbit.oak.upgrade.RepositoryUpgrade.copy(RepositoryUpgrade.java:250)
	at org.apache.jackrabbit.oak.upgrade.RepositoryUpgrade.copy(RepositoryUpgrade.java:169)
	at org.apache.jackrabbit.oak.upgrade.RepositoryUpgrade.copy(RepositoryUpgrade.java:154)
	at org.apache.jackrabbit.oak.upgrade.AbstractRepositoryUpgradeTest.upgradeRepository(AbstractRepositoryUpgradeTest.java:85)
	at sun.reflect.NativeMethodAccessorImpl.invoke0(Native Method)
	at sun.reflect.NativeMethodAccessorImpl.invoke(NativeMethodAccessorImpl.java:57)
	at sun.reflect.DelegatingMethodAccessorImpl.invoke(DelegatingMethodAccessorImpl.java:43)
	at java.lang.reflect.Method.invoke(Method.java:606)
	at org.junit.runners.model.FrameworkMethod$1.runReflectiveCall(FrameworkMethod.java:45)
	at org.junit.internal.runners.model.ReflectiveCallable.run(ReflectiveCallable.java:15)
	at org.junit.runners.model.FrameworkMethod.invokeExplosively(FrameworkMethod.java:42)
	at org.junit.internal.runners.statements.RunBefores.evaluate(RunBefores.java:27)
	at org.junit.runners.ParentRunner.runLeaf(ParentRunner.java:263)
	at org.junit.runners.BlockJUnit4ClassRunner.runChild(BlockJUnit4ClassRunner.java:68)
	at org.junit.runners.BlockJUnit4ClassRunner.runChild(BlockJUnit4ClassRunner.java:47)
	at org.junit.runners.ParentRunner$3.run(ParentRunner.java:231)
	at org.junit.runners.ParentRunner$1.schedule(ParentRunner.java:60)
	at org.junit.runners.ParentRunner.runChildren(ParentRunner.java:229)
	at org.junit.runners.ParentRunner.access$000(ParentRunner.java:50)
	at org.junit.runners.ParentRunner$2.evaluate(ParentRunner.java:222)
	at org.junit.internal.runners.statements.RunBefores.evaluate(RunBefores.java:28)
	at org.junit.runners.ParentRunner.run(ParentRunner.java:300)
	at org.apache.maven.surefire.junit4.JUnit4Provider.execute(JUnit4Provider.java:252)
	at org.apache.maven.surefire.junit4.JUnit4Provider.executeTestSet(JUnit4Provider.java:141)
	at org.apache.maven.surefire.junit4.JUnit4Provider.invoke(JUnit4Provider.java:112)
	at sun.reflect.NativeMethodAccessorImpl.invoke0(Native Method)
	at sun.reflect.NativeMethodAccessorImpl.invoke(NativeMethodAccessorImpl.java:57)
	at sun.reflect.DelegatingMethodAccessorImpl.invoke(DelegatingMethodAccessorImpl.java:43)
	at java.lang.reflect.Method.invoke(Method.java:606)
	at org.apache.maven.surefire.util.ReflectionUtils.invokeMethodWithArray(ReflectionUtils.java:189)
	at org.apache.maven.surefire.booter.ProviderFactory$ProviderProxy.invoke(ProviderFactory.java:165)
	at org.apache.maven.surefire.booter.ProviderFactory.invokeProvider(ProviderFactory.java:85)
	at org.apache.maven.surefire.booter.ForkedBooter.runSuitesInProcess(ForkedBooter.java:115)
	at org.apache.maven.surefire.booter.ForkedBooter.main(ForkedBooter.java:75)
Caused by: org.apache.jackrabbit.oak.api.CommitFailedException: OakMerge0001: OakMerge0001: Failed to merge changes to the underlying store (retries 7, 20325 ms)
	at org.apache.jackrabbit.oak.spi.state.AbstractNodeStoreBranch.merge(AbstractNodeStoreBranch.java:315)
	at org.apache.jackrabbit.oak.kernel.KernelNodeStoreBranch.merge(KernelNodeStoreBranch.java:135)
	at org.apache.jackrabbit.oak.kernel.KernelRootBuilder.merge(KernelRootBuilder.java:144)
	at org.apache.jackrabbit.oak.kernel.KernelNodeStore.merge(KernelNodeStore.java:164)
	at org.apache.jackrabbit.oak.upgrade.RepositoryUpgrade.copy(RepositoryUpgrade.java:248)
	... 33 more
Caused by: java.lang.IllegalStateException: This builder does not exist: default
	at com.google.common.base.Preconditions.checkState(Preconditions.java:150)
	at org.apache.jackrabbit.oak.plugins.memory.MemoryNodeBuilder.setChildNode(MemoryNodeBuilder.java:326)
	at org.apache.jackrabbit.oak.plugins.memory.MemoryNodeBuilder.setChildNode(MemoryNodeBuilder.java:321)
	at org.apache.jackrabbit.oak.plugins.memory.MemoryNodeBuilder.child(MemoryNodeBuilder.java:309)
	at org.apache.jackrabbit.oak.security.authorization.permission.PermissionStoreEditor.updatePermissionEntries(PermissionStoreEditor.java:200)
	at org.apache.jackrabbit.oak.security.authorization.permission.PermissionHook.apply(PermissionHook.java:112)
	at org.apache.jackrabbit.oak.security.authorization.permission.PermissionHook.processCommit(PermissionHook.java:103)
	at org.apache.jackrabbit.oak.spi.commit.CompositeHook.processCommit(CompositeHook.java:60)
	at org.apache.jackrabbit.oak.spi.state.AbstractNodeStoreBranch$Persisted$1.call(AbstractNodeStoreBranch.java:596)
	at org.apache.jackrabbit.oak.spi.state.AbstractNodeStoreBranch$Persisted$1.call(AbstractNodeStoreBranch.java:593)
	at org.apache.jackrabbit.oak.spi.state.AbstractNodeStoreBranch.withCurrentBranch(AbstractNodeStoreBranch.java:726)
	at org.apache.jackrabbit.oak.spi.state.AbstractNodeStoreBranch.access$300(AbstractNodeStoreBranch.java:50)
	at org.apache.jackrabbit.oak.spi.state.AbstractNodeStoreBranch$Persisted.merge(AbstractNodeStoreBranch.java:593)
	at org.apache.jackrabbit.oak.spi.state.AbstractNodeStoreBranch.merge(AbstractNodeStoreBranch.java:299)
	... 37 more

verifyReplacedBuiltinNodeTypes(org.apache.jackrabbit.oak.upgrade.RepositoryUpgradeTest)  Time elapsed: 80.535 sec  <<< ERROR!
javax.jcr.RepositoryException: Failed to copy content
	at org.apache.jackrabbit.oak.upgrade.RepositoryUpgrade.copy(RepositoryUpgrade.java:250)
	at org.apache.jackrabbit.oak.upgrade.RepositoryUpgrade.copy(RepositoryUpgrade.java:169)
	at org.apache.jackrabbit.oak.upgrade.RepositoryUpgrade.copy(RepositoryUpgrade.java:154)
	at org.apache.jackrabbit.oak.upgrade.AbstractRepositoryUpgradeTest.upgradeRepository(AbstractRepositoryUpgradeTest.java:85)
	at sun.reflect.NativeMethodAccessorImpl.invoke0(Native Method)
	at sun.reflect.NativeMethodAccessorImpl.invoke(NativeMethodAccessorImpl.java:57)
	at sun.reflect.DelegatingMethodAccessorImpl.invoke(DelegatingMethodAccessorImpl.java:43)
	at java.lang.reflect.Method.invoke(Method.java:606)
	at org.junit.runners.model.FrameworkMethod$1.runReflectiveCall(FrameworkMethod.java:45)
	at org.junit.internal.runners.model.ReflectiveCallable.run(ReflectiveCallable.java:15)
	at org.junit.runners.model.FrameworkMethod.invokeExplosively(FrameworkMethod.java:42)
	at org.junit.internal.runners.statements.RunBefores.evaluate(RunBefores.java:27)
	at org.junit.runners.ParentRunner.runLeaf(ParentRunner.java:263)
	at org.junit.runners.BlockJUnit4ClassRunner.runChild(BlockJUnit4ClassRunner.java:68)
	at org.junit.runners.BlockJUnit4ClassRunner.runChild(BlockJUnit4ClassRunner.java:47)
	at org.junit.runners.ParentRunner$3.run(ParentRunner.java:231)
	at org.junit.runners.ParentRunner$1.schedule(ParentRunner.java:60)
	at org.junit.runners.ParentRunner.runChildren(ParentRunner.java:229)
	at org.junit.runners.ParentRunner.access$000(ParentRunner.java:50)
	at org.junit.runners.ParentRunner$2.evaluate(ParentRunner.java:222)
	at org.junit.internal.runners.statements.RunBefores.evaluate(RunBefores.java:28)
	at org.junit.runners.ParentRunner.run(ParentRunner.java:300)
	at org.apache.maven.surefire.junit4.JUnit4Provider.execute(JUnit4Provider.java:252)
	at org.apache.maven.surefire.junit4.JUnit4Provider.executeTestSet(JUnit4Provider.java:141)
	at org.apache.maven.surefire.junit4.JUnit4Provider.invoke(JUnit4Provider.java:112)
	at sun.reflect.NativeMethodAccessorImpl.invoke0(Native Method)
	at sun.reflect.NativeMethodAccessorImpl.invoke(NativeMethodAccessorImpl.java:57)
	at sun.reflect.DelegatingMethodAccessorImpl.invoke(DelegatingMethodAccessorImpl.java:43)
	at java.lang.reflect.Method.invoke(Method.java:606)
	at org.apache.maven.surefire.util.ReflectionUtils.invokeMethodWithArray(ReflectionUtils.java:189)
	at org.apache.maven.surefire.booter.ProviderFactory$ProviderProxy.invoke(ProviderFactory.java:165)
	at org.apache.maven.surefire.booter.ProviderFactory.invokeProvider(ProviderFactory.java:85)
	at org.apache.maven.surefire.booter.ForkedBooter.runSuitesInProcess(ForkedBooter.java:115)
	at org.apache.maven.surefire.booter.ForkedBooter.main(ForkedBooter.java:75)
Caused by: org.apache.jackrabbit.oak.api.CommitFailedException: OakMerge0001: OakMerge0001: Failed to merge changes to the underlying store (retries 7, 20575 ms)
	at org.apache.jackrabbit.oak.spi.state.AbstractNodeStoreBranch.merge(AbstractNodeStoreBranch.java:315)
	at org.apache.jackrabbit.oak.kernel.KernelNodeStoreBranch.merge(KernelNodeStoreBranch.java:135)
	at org.apache.jackrabbit.oak.kernel.KernelRootBuilder.merge(KernelRootBuilder.java:144)
	at org.apache.jackrabbit.oak.kernel.KernelNodeStore.merge(KernelNodeStore.java:164)
	at org.apache.jackrabbit.oak.upgrade.RepositoryUpgrade.copy(RepositoryUpgrade.java:248)
	... 33 more
Caused by: java.lang.IllegalStateException: This builder does not exist: default
	at com.google.common.base.Preconditions.checkState(Preconditions.java:150)
	at org.apache.jackrabbit.oak.plugins.memory.MemoryNodeBuilder.setChildNode(MemoryNodeBuilder.java:326)
	at org.apache.jackrabbit.oak.plugins.memory.MemoryNodeBuilder.setChildNode(MemoryNodeBuilder.java:321)
	at org.apache.jackrabbit.oak.plugins.memory.MemoryNodeBuilder.child(MemoryNodeBuilder.java:309)
	at org.apache.jackrabbit.oak.security.authorization.permission.PermissionStoreEditor.updatePermissionEntries(PermissionStoreEditor.java:200)
	at org.apache.jackrabbit.oak.security.authorization.permission.PermissionHook.apply(PermissionHook.java:112)
	at org.apache.jackrabbit.oak.security.authorization.permission.PermissionHook.processCommit(PermissionHook.java:103)
	at org.apache.jackrabbit.oak.spi.commit.CompositeHook.processCommit(CompositeHook.java:60)
	at org.apache.jackrabbit.oak.spi.state.AbstractNodeStoreBranch$Persisted$1.call(AbstractNodeStoreBranch.java:596)
	at org.apache.jackrabbit.oak.spi.state.AbstractNodeStoreBranch$Persisted$1.call(AbstractNodeStoreBranch.java:593)
	at org.apache.jackrabbit.oak.spi.state.AbstractNodeStoreBranch.withCurrentBranch(AbstractNodeStoreBranch.java:726)
	at org.apache.jackrabbit.oak.spi.state.AbstractNodeStoreBranch.access$300(AbstractNodeStoreBranch.java:50)
	at org.apache.jackrabbit.oak.spi.state.AbstractNodeStoreBranch$Persisted.merge(AbstractNodeStoreBranch.java:593)
	at org.apache.jackrabbit.oak.spi.state.AbstractNodeStoreBranch.merge(AbstractNodeStoreBranch.java:299)
	... 37 more

verifyGenericProperties(org.apache.jackrabbit.oak.upgrade.RepositoryUpgradeTest)  Time elapsed: 101.24 sec  <<< ERROR!
javax.jcr.RepositoryException: Failed to copy content
	at org.apache.jackrabbit.oak.upgrade.RepositoryUpgrade.copy(RepositoryUpgrade.java:250)
	at org.apache.jackrabbit.oak.upgrade.RepositoryUpgrade.copy(RepositoryUpgrade.java:169)
	at org.apache.jackrabbit.oak.upgrade.RepositoryUpgrade.copy(RepositoryUpgrade.java:154)
	at org.apache.jackrabbit.oak.upgrade.AbstractRepositoryUpgradeTest.upgradeRepository(AbstractRepositoryUpgradeTest.java:85)
	at sun.reflect.NativeMethodAccessorImpl.invoke0(Native Method)
	at sun.reflect.NativeMethodAccessorImpl.invoke(NativeMethodAccessorImpl.java:57)
	at sun.reflect.DelegatingMethodAccessorImpl.invoke(DelegatingMethodAccessorImpl.java:43)
	at java.lang.reflect.Method.invoke(Method.java:606)
	at org.junit.runners.model.FrameworkMethod$1.runReflectiveCall(FrameworkMethod.java:45)
	at org.junit.internal.runners.model.ReflectiveCallable.run(ReflectiveCallable.java:15)
	at org.junit.runners.model.FrameworkMethod.invokeExplosively(FrameworkMethod.java:42)
	at org.junit.internal.runners.statements.RunBefores.evaluate(RunBefores.java:27)
	at org.junit.runners.ParentRunner.runLeaf(ParentRunner.java:263)
	at org.junit.runners.BlockJUnit4ClassRunner.runChild(BlockJUnit4ClassRunner.java:68)
	at org.junit.runners.BlockJUnit4ClassRunner.runChild(BlockJUnit4ClassRunner.java:47)
	at org.junit.runners.ParentRunner$3.run(ParentRunner.java:231)
	at org.junit.runners.ParentRunner$1.schedule(ParentRunner.java:60)
	at org.junit.runners.ParentRunner.runChildren(ParentRunner.java:229)
	at org.junit.runners.ParentRunner.access$000(ParentRunner.java:50)
	at org.junit.runners.ParentRunner$2.evaluate(ParentRunner.java:222)
	at org.junit.internal.runners.statements.RunBefores.evaluate(RunBefores.java:28)
	at org.junit.runners.ParentRunner.run(ParentRunner.java:300)
	at org.apache.maven.surefire.junit4.JUnit4Provider.execute(JUnit4Provider.java:252)
	at org.apache.maven.surefire.junit4.JUnit4Provider.executeTestSet(JUnit4Provider.java:141)
	at org.apache.maven.surefire.junit4.JUnit4Provider.invoke(JUnit4Provider.java:112)
	at sun.reflect.NativeMethodAccessorImpl.invoke0(Native Method)
	at sun.reflect.NativeMethodAccessorImpl.invoke(NativeMethodAccessorImpl.java:57)
	at sun.reflect.DelegatingMethodAccessorImpl.invoke(DelegatingMethodAccessorImpl.java:43)
	at java.lang.reflect.Method.invoke(Method.java:606)
	at org.apache.maven.surefire.util.ReflectionUtils.invokeMethodWithArray(ReflectionUtils.java:189)
	at org.apache.maven.surefire.booter.ProviderFactory$ProviderProxy.invoke(ProviderFactory.java:165)
	at org.apache.maven.surefire.booter.ProviderFactory.invokeProvider(ProviderFactory.java:85)
	at org.apache.maven.surefire.booter.ForkedBooter.runSuitesInProcess(ForkedBooter.java:115)
	at org.apache.maven.surefire.booter.ForkedBooter.main(ForkedBooter.java:75)
Caused by: org.apache.jackrabbit.oak.api.CommitFailedException: OakMerge0001: OakMerge0001: Failed to merge changes to the underlying store (retries 7, 21398 ms)
	at org.apache.jackrabbit.oak.spi.state.AbstractNodeStoreBranch.merge(AbstractNodeStoreBranch.java:315)
	at org.apache.jackrabbit.oak.kernel.KernelNodeStoreBranch.merge(KernelNodeStoreBranch.java:135)
	at org.apache.jackrabbit.oak.kernel.KernelRootBuilder.merge(KernelRootBuilder.java:144)
	at org.apache.jackrabbit.oak.kernel.KernelNodeStore.merge(KernelNodeStore.java:164)
	at org.apache.jackrabbit.oak.upgrade.RepositoryUpgrade.copy(RepositoryUpgrade.java:248)
	... 33 more
Caused by: java.lang.IllegalStateException: This builder does not exist: default
	at com.google.common.base.Preconditions.checkState(Preconditions.java:150)
	at org.apache.jackrabbit.oak.plugins.memory.MemoryNodeBuilder.setChildNode(MemoryNodeBuilder.java:326)
	at org.apache.jackrabbit.oak.plugins.memory.MemoryNodeBuilder.setChildNode(MemoryNodeBuilder.java:321)
	at org.apache.jackrabbit.oak.plugins.memory.MemoryNodeBuilder.child(MemoryNodeBuilder.java:309)
	at org.apache.jackrabbit.oak.security.authorization.permission.PermissionStoreEditor.updatePermissionEntries(PermissionStoreEditor.java:200)
	at org.apache.jackrabbit.oak.security.authorization.permission.PermissionHook.apply(PermissionHook.java:112)
	at org.apache.jackrabbit.oak.security.authorization.permission.PermissionHook.processCommit(PermissionHook.java:103)
	at org.apache.jackrabbit.oak.spi.commit.CompositeHook.processCommit(CompositeHook.java:60)
	at org.apache.jackrabbit.oak.spi.state.AbstractNodeStoreBranch$Persisted$1.call(AbstractNodeStoreBranch.java:596)
	at org.apache.jackrabbit.oak.spi.state.AbstractNodeStoreBranch$Persisted$1.call(AbstractNodeStoreBranch.java:593)
	at org.apache.jackrabbit.oak.spi.state.AbstractNodeStoreBranch.withCurrentBranch(AbstractNodeStoreBranch.java:726)
	at org.apache.jackrabbit.oak.spi.state.AbstractNodeStoreBranch.access$300(AbstractNodeStoreBranch.java:50)
	at org.apache.jackrabbit.oak.spi.state.AbstractNodeStoreBranch$Persisted.merge(AbstractNodeStoreBranch.java:593)
	at org.apache.jackrabbit.oak.spi.state.AbstractNodeStoreBranch.merge(AbstractNodeStoreBranch.java:299)
	... 37 more

verifyReferencePropertiesContent(org.apache.jackrabbit.oak.upgrade.RepositoryUpgradeTest)  Time elapsed: 357.195 sec  <<< ERROR!
javax.jcr.RepositoryException: Failed to copy content
	at org.apache.jackrabbit.oak.upgrade.RepositoryUpgrade.copy(RepositoryUpgrade.java:250)
	at org.apache.jackrabbit.oak.upgrade.RepositoryUpgrade.copy(RepositoryUpgrade.java:169)
	at org.apache.jackrabbit.oak.upgrade.RepositoryUpgrade.copy(RepositoryUpgrade.java:154)
	at org.apache.jackrabbit.oak.upgrade.AbstractRepositoryUpgradeTest.upgradeRepository(AbstractRepositoryUpgradeTest.java:85)
	at sun.reflect.NativeMethodAccessorImpl.invoke0(Native Method)
	at sun.reflect.NativeMethodAccessorImpl.invoke(NativeMethodAccessorImpl.java:57)
	at sun.reflect.DelegatingMethodAccessorImpl.invoke(DelegatingMethodAccessorImpl.java:43)
	at java.lang.reflect.Method.invoke(Method.java:606)
	at org.junit.runners.model.FrameworkMethod$1.runReflectiveCall(FrameworkMethod.java:45)
	at org.junit.internal.runners.model.ReflectiveCallable.run(ReflectiveCallable.java:15)
	at org.junit.runners.model.FrameworkMethod.invokeExplosively(FrameworkMethod.java:42)
	at org.junit.internal.runners.statements.RunBefores.evaluate(RunBefores.java:27)
	at org.junit.runners.ParentRunner.runLeaf(ParentRunner.java:263)
	at org.junit.runners.BlockJUnit4ClassRunner.runChild(BlockJUnit4ClassRunner.java:68)
	at org.junit.runners.BlockJUnit4ClassRunner.runChild(BlockJUnit4ClassRunner.java:47)
	at org.junit.runners.ParentRunner$3.run(ParentRunner.java:231)
	at org.junit.runners.ParentRunner$1.schedule(ParentRunner.java:60)
	at org.junit.runners.ParentRunner.runChildren(ParentRunner.java:229)
	at org.junit.runners.ParentRunner.access$000(ParentRunner.java:50)
	at org.junit.runners.ParentRunner$2.evaluate(ParentRunner.java:222)
	at org.junit.internal.runners.statements.RunBefores.evaluate(RunBefores.java:28)
	at org.junit.runners.ParentRunner.run(ParentRunner.java:300)
	at org.apache.maven.surefire.junit4.JUnit4Provider.execute(JUnit4Provider.java:252)
	at org.apache.maven.surefire.junit4.JUnit4Provider.executeTestSet(JUnit4Provider.java:141)
	at org.apache.maven.surefire.junit4.JUnit4Provider.invoke(JUnit4Provider.java:112)
	at sun.reflect.NativeMethodAccessorImpl.invoke0(Native Method)
	at sun.reflect.NativeMethodAccessorImpl.invoke(NativeMethodAccessorImpl.java:57)
	at sun.reflect.DelegatingMethodAccessorImpl.invoke(DelegatingMethodAccessorImpl.java:43)
	at java.lang.reflect.Method.invoke(Method.java:606)
	at org.apache.maven.surefire.util.ReflectionUtils.invokeMethodWithArray(ReflectionUtils.java:189)
	at org.apache.maven.surefire.booter.ProviderFactory$ProviderProxy.invoke(ProviderFactory.java:165)
	at org.apache.maven.surefire.booter.ProviderFactory.invokeProvider(ProviderFactory.java:85)
	at org.apache.maven.surefire.booter.ForkedBooter.runSuitesInProcess(ForkedBooter.java:115)
	at org.apache.maven.surefire.booter.ForkedBooter.main(ForkedBooter.java:75)
Caused by: org.apache.jackrabbit.oak.api.CommitFailedException: OakMerge0001: OakMerge0001: Failed to merge changes to the underlying store (retries 7, 22322 ms)
	at org.apache.jackrabbit.oak.spi.state.AbstractNodeStoreBranch.merge(AbstractNodeStoreBranch.java:315)
	at org.apache.jackrabbit.oak.kernel.KernelNodeStoreBranch.merge(KernelNodeStoreBranch.java:135)
	at org.apache.jackrabbit.oak.kernel.KernelRootBuilder.merge(KernelRootBuilder.java:144)
	at org.apache.jackrabbit.oak.kernel.KernelNodeStore.merge(KernelNodeStore.java:164)
	at org.apache.jackrabbit.oak.upgrade.RepositoryUpgrade.copy(RepositoryUpgrade.java:248)
	... 33 more
Caused by: java.lang.IllegalStateException: This builder does not exist: default
	at com.google.common.base.Preconditions.checkState(Preconditions.java:150)
	at org.apache.jackrabbit.oak.plugins.memory.MemoryNodeBuilder.setChildNode(MemoryNodeBuilder.java:326)
	at org.apache.jackrabbit.oak.plugins.memory.MemoryNodeBuilder.setChildNode(MemoryNodeBuilder.java:321)
	at org.apache.jackrabbit.oak.plugins.memory.MemoryNodeBuilder.child(MemoryNodeBuilder.java:309)
	at org.apache.jackrabbit.oak.security.authorization.permission.PermissionStoreEditor.updatePermissionEntries(PermissionStoreEditor.java:200)
	at org.apache.jackrabbit.oak.security.authorization.permission.PermissionHook.apply(PermissionHook.java:112)
	at org.apache.jackrabbit.oak.security.authorization.permission.PermissionHook.processCommit(PermissionHook.java:103)
	at org.apache.jackrabbit.oak.spi.commit.CompositeHook.processCommit(CompositeHook.java:60)
	at org.apache.jackrabbit.oak.spi.state.AbstractNodeStoreBranch$Persisted$1.call(AbstractNodeStoreBranch.java:596)
	at org.apache.jackrabbit.oak.spi.state.AbstractNodeStoreBranch$Persisted$1.call(AbstractNodeStoreBranch.java:593)
	at org.apache.jackrabbit.oak.spi.state.AbstractNodeStoreBranch.withCurrentBranch(AbstractNodeStoreBranch.java:726)
	at org.apache.jackrabbit.oak.spi.state.AbstractNodeStoreBranch.access$300(AbstractNodeStoreBranch.java:50)
	at org.apache.jackrabbit.oak.spi.state.AbstractNodeStoreBranch$Persisted.merge(AbstractNodeStoreBranch.java:593)
	at org.apache.jackrabbit.oak.spi.state.AbstractNodeStoreBranch.merge(AbstractNodeStoreBranch.java:299)
	... 37 more

Running org.apache.jackrabbit.oak.upgrade.RepositoryGroupMemberSplitUpgradeTest
Tests run: 3, Failures: 0, Errors: 3, Skipped: 0, Time elapsed: 517.787 sec <<< FAILURE!
verifyGroupNodeTypes(org.apache.jackrabbit.oak.upgrade.RepositoryGroupMemberSplitUpgradeTest)  Time elapsed: 187.205 sec  <<< ERROR!
javax.jcr.RepositoryException: Failed to copy content
	at org.apache.jackrabbit.oak.upgrade.RepositoryUpgrade.copy(RepositoryUpgrade.java:250)
	at org.apache.jackrabbit.oak.upgrade.RepositoryUpgrade.copy(RepositoryUpgrade.java:169)
	at org.apache.jackrabbit.oak.upgrade.RepositoryUpgrade.copy(RepositoryUpgrade.java:154)
	at org.apache.jackrabbit.oak.upgrade.AbstractRepositoryUpgradeTest.upgradeRepository(AbstractRepositoryUpgradeTest.java:85)
	at sun.reflect.NativeMethodAccessorImpl.invoke0(Native Method)
	at sun.reflect.NativeMethodAccessorImpl.invoke(NativeMethodAccessorImpl.java:57)
	at sun.reflect.DelegatingMethodAccessorImpl.invoke(DelegatingMethodAccessorImpl.java:43)
	at java.lang.reflect.Method.invoke(Method.java:606)
	at org.junit.runners.model.FrameworkMethod$1.runReflectiveCall(FrameworkMethod.java:45)
	at org.junit.internal.runners.model.ReflectiveCallable.run(ReflectiveCallable.java:15)
	at org.junit.runners.model.FrameworkMethod.invokeExplosively(FrameworkMethod.java:42)
	at org.junit.internal.runners.statements.RunBefores.evaluate(RunBefores.java:27)
	at org.junit.runners.ParentRunner.runLeaf(ParentRunner.java:263)
	at org.junit.runners.BlockJUnit4ClassRunner.runChild(BlockJUnit4ClassRunner.java:68)
	at org.junit.runners.BlockJUnit4ClassRunner.runChild(BlockJUnit4ClassRunner.java:47)
	at org.junit.runners.ParentRunner$3.run(ParentRunner.java:231)
	at org.junit.runners.ParentRunner$1.schedule(ParentRunner.java:60)
	at org.junit.runners.ParentRunner.runChildren(ParentRunner.java:229)
	at org.junit.runners.ParentRunner.access$000(ParentRunner.java:50)
	at org.junit.runners.ParentRunner$2.evaluate(ParentRunner.java:222)
	at org.junit.internal.runners.statements.RunBefores.evaluate(RunBefores.java:28)
	at org.junit.runners.ParentRunner.run(ParentRunner.java:300)
	at org.apache.maven.surefire.junit4.JUnit4Provider.execute(JUnit4Provider.java:252)
	at org.apache.maven.surefire.junit4.JUnit4Provider.executeTestSet(JUnit4Provider.java:141)
	at org.apache.maven.surefire.junit4.JUnit4Provider.invoke(JUnit4Provider.java:112)
	at sun.reflect.NativeMethodAccessorImpl.invoke0(Native Method)
	at sun.reflect.NativeMethodAccessorImpl.invoke(NativeMethodAccessorImpl.java:57)
	at sun.reflect.DelegatingMethodAccessorImpl.invoke(DelegatingMethodAccessorImpl.java:43)
	at java.lang.reflect.Method.invoke(Method.java:606)
	at org.apache.maven.surefire.util.ReflectionUtils.invokeMethodWithArray(ReflectionUtils.java:189)
	at org.apache.maven.surefire.booter.ProviderFactory$ProviderProxy.invoke(ProviderFactory.java:165)
	at org.apache.maven.surefire.booter.ProviderFactory.invokeProvider(ProviderFactory.java:85)
	at org.apache.maven.surefire.booter.ForkedBooter.runSuitesInProcess(ForkedBooter.java:115)
	at org.apache.maven.surefire.booter.ForkedBooter.main(ForkedBooter.java:75)
Caused by: org.apache.jackrabbit.oak.api.CommitFailedException: OakMerge0001: OakMerge0001: Failed to merge changes to the underlying store (retries 7, 19025 ms)
	at org.apache.jackrabbit.oak.spi.state.AbstractNodeStoreBranch.merge(AbstractNodeStoreBranch.java:315)
	at org.apache.jackrabbit.oak.kernel.KernelNodeStoreBranch.merge(KernelNodeStoreBranch.java:135)
	at org.apache.jackrabbit.oak.kernel.KernelRootBuilder.merge(KernelRootBuilder.java:144)
	at org.apache.jackrabbit.oak.kernel.KernelNodeStore.merge(KernelNodeStore.java:164)
	at org.apache.jackrabbit.oak.upgrade.RepositoryUpgrade.copy(RepositoryUpgrade.java:248)
	... 33 more
Caused by: java.lang.IllegalStateException: This builder does not exist: default
	at com.google.common.base.Preconditions.checkState(Preconditions.java:150)
	at org.apache.jackrabbit.oak.plugins.memory.MemoryNodeBuilder.setChildNode(MemoryNodeBuilder.java:326)
	at org.apache.jackrabbit.oak.plugins.memory.MemoryNodeBuilder.setChildNode(MemoryNodeBuilder.java:321)
	at org.apache.jackrabbit.oak.plugins.memory.MemoryNodeBuilder.child(MemoryNodeBuilder.java:309)
	at org.apache.jackrabbit.oak.security.authorization.permission.PermissionStoreEditor.updatePermissionEntries(PermissionStoreEditor.java:200)
	at org.apache.jackrabbit.oak.security.authorization.permission.PermissionHook.apply(PermissionHook.java:112)
	at org.apache.jackrabbit.oak.security.authorization.permission.PermissionHook.processCommit(PermissionHook.java:103)
	at org.apache.jackrabbit.oak.spi.commit.CompositeHook.processCommit(CompositeHook.java:60)
	at org.apache.jackrabbit.oak.spi.state.AbstractNodeStoreBranch$Persisted$1.call(AbstractNodeStoreBranch.java:596)
	at org.apache.jackrabbit.oak.spi.state.AbstractNodeStoreBranch$Persisted$1.call(AbstractNodeStoreBranch.java:593)
	at org.apache.jackrabbit.oak.spi.state.AbstractNodeStoreBranch.withCurrentBranch(AbstractNodeStoreBranch.java:726)
	at org.apache.jackrabbit.oak.spi.state.AbstractNodeStoreBranch.access$300(AbstractNodeStoreBranch.java:50)
	at org.apache.jackrabbit.oak.spi.state.AbstractNodeStoreBranch$Persisted.merge(AbstractNodeStoreBranch.java:593)
	at org.apache.jackrabbit.oak.spi.state.AbstractNodeStoreBranch.merge(AbstractNodeStoreBranch.java:299)
	... 37 more

verifyMembers(org.apache.jackrabbit.oak.upgrade.RepositoryGroupMemberSplitUpgradeTest)  Time elapsed: 176.593 sec  <<< ERROR!
javax.jcr.RepositoryException: Failed to copy content
	at org.apache.jackrabbit.oak.upgrade.RepositoryUpgrade.copy(RepositoryUpgrade.java:250)
	at org.apache.jackrabbit.oak.upgrade.RepositoryUpgrade.copy(RepositoryUpgrade.java:169)
	at org.apache.jackrabbit.oak.upgrade.RepositoryUpgrade.copy(RepositoryUpgrade.java:154)
	at org.apache.jackrabbit.oak.upgrade.AbstractRepositoryUpgradeTest.upgradeRepository(AbstractRepositoryUpgradeTest.java:85)
	at sun.reflect.NativeMethodAccessorImpl.invoke0(Native Method)
	at sun.reflect.NativeMethodAccessorImpl.invoke(NativeMethodAccessorImpl.java:57)
	at sun.reflect.DelegatingMethodAccessorImpl.invoke(DelegatingMethodAccessorImpl.java:43)
	at java.lang.reflect.Method.invoke(Method.java:606)
	at org.junit.runners.model.FrameworkMethod$1.runReflectiveCall(FrameworkMethod.java:45)
	at org.junit.internal.runners.model.ReflectiveCallable.run(ReflectiveCallable.java:15)
	at org.junit.runners.model.FrameworkMethod.invokeExplosively(FrameworkMethod.java:42)
	at org.junit.internal.runners.statements.RunBefores.evaluate(RunBefores.java:27)
	at org.junit.runners.ParentRunner.runLeaf(ParentRunner.java:263)
	at org.junit.runners.BlockJUnit4ClassRunner.runChild(BlockJUnit4ClassRunner.java:68)
	at org.junit.runners.BlockJUnit4ClassRunner.runChild(BlockJUnit4ClassRunner.java:47)
	at org.junit.runners.ParentRunner$3.run(ParentRunner.java:231)
	at org.junit.runners.ParentRunner$1.schedule(ParentRunner.java:60)
	at org.junit.runners.ParentRunner.runChildren(ParentRunner.java:229)
	at org.junit.runners.ParentRunner.access$000(ParentRunner.java:50)
	at org.junit.runners.ParentRunner$2.evaluate(ParentRunner.java:222)
	at org.junit.internal.runners.statements.RunBefores.evaluate(RunBefores.java:28)
	at org.junit.runners.ParentRunner.run(ParentRunner.java:300)
	at org.apache.maven.surefire.junit4.JUnit4Provider.execute(JUnit4Provider.java:252)
	at org.apache.maven.surefire.junit4.JUnit4Provider.executeTestSet(JUnit4Provider.java:141)
	at org.apache.maven.surefire.junit4.JUnit4Provider.invoke(JUnit4Provider.java:112)
	at sun.reflect.NativeMethodAccessorImpl.invoke0(Native Method)
	at sun.reflect.NativeMethodAccessorImpl.invoke(NativeMethodAccessorImpl.java:57)
	at sun.reflect.DelegatingMethodAccessorImpl.invoke(DelegatingMethodAccessorImpl.java:43)
	at java.lang.reflect.Method.invoke(Method.java:606)
	at org.apache.maven.surefire.util.ReflectionUtils.invokeMethodWithArray(ReflectionUtils.java:189)
	at org.apache.maven.surefire.booter.ProviderFactory$ProviderProxy.invoke(ProviderFactory.java:165)
	at org.apache.maven.surefire.booter.ProviderFactory.invokeProvider(ProviderFactory.java:85)
	at org.apache.maven.surefire.booter.ForkedBooter.runSuitesInProcess(ForkedBooter.java:115)
	at org.apache.maven.surefire.booter.ForkedBooter.main(ForkedBooter.java:75)
Caused by: org.apache.jackrabbit.oak.api.CommitFailedException: OakMerge0001: OakMerge0001: Failed to merge changes to the underlying store (retries 7, 19198 ms)
	at org.apache.jackrabbit.oak.spi.state.AbstractNodeStoreBranch.merge(AbstractNodeStoreBranch.java:315)
	at org.apache.jackrabbit.oak.kernel.KernelNodeStoreBranch.merge(KernelNodeStoreBranch.java:135)
	at org.apache.jackrabbit.oak.kernel.KernelRootBuilder.merge(KernelRootBuilder.java:144)
	at org.apache.jackrabbit.oak.kernel.KernelNodeStore.merge(KernelNodeStore.java:164)
	at org.apache.jackrabbit.oak.upgrade.RepositoryUpgrade.copy(RepositoryUpgrade.java:248)
	... 33 more
Caused by: java.lang.IllegalStateException: This builder does not exist: default
	at com.google.common.base.Preconditions.checkState(Preconditions.java:150)
	at org.apache.jackrabbit.oak.plugins.memory.MemoryNodeBuilder.setChildNode(MemoryNodeBuilder.java:326)
	at org.apache.jackrabbit.oak.plugins.memory.MemoryNodeBuilder.setChildNode(MemoryNodeBuilder.java:321)
	at org.apache.jackrabbit.oak.plugins.memory.MemoryNodeBuilder.child(MemoryNodeBuilder.java:309)
	at org.apache.jackrabbit.oak.security.authorization.permission.PermissionStoreEditor.updatePermissionEntries(PermissionStoreEditor.java:200)
	at org.apache.jackrabbit.oak.security.authorization.permission.PermissionHook.apply(PermissionHook.java:112)
	at org.apache.jackrabbit.oak.security.authorization.permission.PermissionHook.processCommit(PermissionHook.java:103)
	at org.apache.jackrabbit.oak.spi.commit.CompositeHook.processCommit(CompositeHook.java:60)
	at org.apache.jackrabbit.oak.spi.state.AbstractNodeStoreBranch$Persisted$1.call(AbstractNodeStoreBranch.java:596)
	at org.apache.jackrabbit.oak.spi.state.AbstractNodeStoreBranch$Persisted$1.call(AbstractNodeStoreBranch.java:593)
	at org.apache.jackrabbit.oak.spi.state.AbstractNodeStoreBranch.withCurrentBranch(AbstractNodeStoreBranch.java:726)
	at org.apache.jackrabbit.oak.spi.state.AbstractNodeStoreBranch.access$300(AbstractNodeStoreBranch.java:50)
	at org.apache.jackrabbit.oak.spi.state.AbstractNodeStoreBranch$Persisted.merge(AbstractNodeStoreBranch.java:593)
	at org.apache.jackrabbit.oak.spi.state.AbstractNodeStoreBranch.merge(AbstractNodeStoreBranch.java:299)
	... 37 more

verifyMemberOf(org.apache.jackrabbit.oak.upgrade.RepositoryGroupMemberSplitUpgradeTest)  Time elapsed: 153.988 sec  <<< ERROR!
javax.jcr.RepositoryException: Failed to copy content
	at org.apache.jackrabbit.oak.upgrade.RepositoryUpgrade.copy(RepositoryUpgrade.java:250)
	at org.apache.jackrabbit.oak.upgrade.RepositoryUpgrade.copy(RepositoryUpgrade.java:169)
	at org.apache.jackrabbit.oak.upgrade.RepositoryUpgrade.copy(RepositoryUpgrade.java:154)
	at org.apache.jackrabbit.oak.upgrade.AbstractRepositoryUpgradeTest.upgradeRepository(AbstractRepositoryUpgradeTest.java:85)
	at sun.reflect.NativeMethodAccessorImpl.invoke0(Native Method)
	at sun.reflect.NativeMethodAccessorImpl.invoke(NativeMethodAccessorImpl.java:57)
	at sun.reflect.DelegatingMethodAccessorImpl.invoke(DelegatingMethodAccessorImpl.java:43)
	at java.lang.reflect.Method.invoke(Method.java:606)
	at org.junit.runners.model.FrameworkMethod$1.runReflectiveCall(FrameworkMethod.java:45)
	at org.junit.internal.runners.model.ReflectiveCallable.run(ReflectiveCallable.java:15)
	at org.junit.runners.model.FrameworkMethod.invokeExplosively(FrameworkMethod.java:42)
	at org.junit.internal.runners.statements.RunBefores.evaluate(RunBefores.java:27)
	at org.junit.runners.ParentRunner.runLeaf(ParentRunner.java:263)
	at org.junit.runners.BlockJUnit4ClassRunner.runChild(BlockJUnit4ClassRunner.java:68)
	at org.junit.runners.BlockJUnit4ClassRunner.runChild(BlockJUnit4ClassRunner.java:47)
	at org.junit.runners.ParentRunner$3.run(ParentRunner.java:231)
	at org.junit.runners.ParentRunner$1.schedule(ParentRunner.java:60)
	at org.junit.runners.ParentRunner.runChildren(ParentRunner.java:229)
	at org.junit.runners.ParentRunner.access$000(ParentRunner.java:50)
	at org.junit.runners.ParentRunner$2.evaluate(ParentRunner.java:222)
	at org.junit.internal.runners.statements.RunBefores.evaluate(RunBefores.java:28)
	at org.junit.runners.ParentRunner.run(ParentRunner.java:300)
	at org.apache.maven.surefire.junit4.JUnit4Provider.execute(JUnit4Provider.java:252)
	at org.apache.maven.surefire.junit4.JUnit4Provider.executeTestSet(JUnit4Provider.java:141)
	at org.apache.maven.surefire.junit4.JUnit4Provider.invoke(JUnit4Provider.java:112)
	at sun.reflect.NativeMethodAccessorImpl.invoke0(Native Method)
	at sun.reflect.NativeMethodAccessorImpl.invoke(NativeMethodAccessorImpl.java:57)
	at sun.reflect.DelegatingMethodAccessorImpl.invoke(DelegatingMethodAccessorImpl.java:43)
	at java.lang.reflect.Method.invoke(Method.java:606)
	at org.apache.maven.surefire.util.ReflectionUtils.invokeMethodWithArray(ReflectionUtils.java:189)
	at org.apache.maven.surefire.booter.ProviderFactory$ProviderProxy.invoke(ProviderFactory.java:165)
	at org.apache.maven.surefire.booter.ProviderFactory.invokeProvider(ProviderFactory.java:85)
	at org.apache.maven.surefire.booter.ForkedBooter.runSuitesInProcess(ForkedBooter.java:115)
	at org.apache.maven.surefire.booter.ForkedBooter.main(ForkedBooter.java:75)
Caused by: org.apache.jackrabbit.oak.api.CommitFailedException: OakMerge0001: OakMerge0001: Failed to merge changes to the underlying store (retries 7, 18544 ms)
	at org.apache.jackrabbit.oak.spi.state.AbstractNodeStoreBranch.merge(AbstractNodeStoreBranch.java:315)
	at org.apache.jackrabbit.oak.kernel.KernelNodeStoreBranch.merge(KernelNodeStoreBranch.java:135)
	at org.apache.jackrabbit.oak.kernel.KernelRootBuilder.merge(KernelRootBuilder.java:144)
	at org.apache.jackrabbit.oak.kernel.KernelNodeStore.merge(KernelNodeStore.java:164)
	at org.apache.jackrabbit.oak.upgrade.RepositoryUpgrade.copy(RepositoryUpgrade.java:248)
	... 33 more
Caused by: java.lang.IllegalStateException: This builder does not exist: default
	at com.google.common.base.Preconditions.checkState(Preconditions.java:150)
	at org.apache.jackrabbit.oak.plugins.memory.MemoryNodeBuilder.setChildNode(MemoryNodeBuilder.java:326)
	at org.apache.jackrabbit.oak.plugins.memory.MemoryNodeBuilder.setChildNode(MemoryNodeBuilder.java:321)
	at org.apache.jackrabbit.oak.plugins.memory.MemoryNodeBuilder.child(MemoryNodeBuilder.java:309)
	at org.apache.jackrabbit.oak.security.authorization.permission.PermissionStoreEditor.updatePermissionEntries(PermissionStoreEditor.java:200)
	at org.apache.jackrabbit.oak.security.authorization.permission.PermissionHook.apply(PermissionHook.java:112)
	at org.apache.jackrabbit.oak.security.authorization.permission.PermissionHook.processCommit(PermissionHook.java:103)
	at org.apache.jackrabbit.oak.spi.commit.CompositeHook.processCommit(CompositeHook.java:60)
	at org.apache.jackrabbit.oak.spi.state.AbstractNodeStoreBranch$Persisted$1.call(AbstractNodeStoreBranch.java:596)
	at org.apache.jackrabbit.oak.spi.state.AbstractNodeStoreBranch$Persisted$1.call(AbstractNodeStoreBranch.java:593)
	at org.apache.jackrabbit.oak.spi.state.AbstractNodeStoreBranch.withCurrentBranch(AbstractNodeStoreBranch.java:726)
	at org.apache.jackrabbit.oak.spi.state.AbstractNodeStoreBranch.access$300(AbstractNodeStoreBranch.java:50)
	at org.apache.jackrabbit.oak.spi.state.AbstractNodeStoreBranch$Persisted.merge(AbstractNodeStoreBranch.java:593)
	at org.apache.jackrabbit.oak.spi.state.AbstractNodeStoreBranch.merge(AbstractNodeStoreBranch.java:299)
	... 37 more


Results :

Tests in error: 
  verifyGroupNodeTypes(org.apache.jackrabbit.oak.upgrade.RepositoryGroupMemberUpgradeTest): Failed to copy content
  verifyMembers(org.apache.jackrabbit.oak.upgrade.RepositoryGroupMemberUpgradeTest): Failed to copy content
  verifyMemberOf(org.apache.jackrabbit.oak.upgrade.RepositoryGroupMemberUpgradeTest): Failed to copy content
  verifyNameSpaces(org.apache.jackrabbit.oak.upgrade.RepositoryUpgradeTest): Failed to copy content
  verifyCustomPrivileges(org.apache.jackrabbit.oak.upgrade.RepositoryUpgradeTest): Failed to copy content
  verifyCustomNodeTypes(org.apache.jackrabbit.oak.upgrade.RepositoryUpgradeTest): Failed to copy content
  verifyNewBuiltinNodeTypes(org.apache.jackrabbit.oak.upgrade.RepositoryUpgradeTest): Failed to copy content
  verifyReplacedBuiltinNodeTypes(org.apache.jackrabbit.oak.upgrade.RepositoryUpgradeTest): Failed to copy content
  verifyGenericProperties(org.apache.jackrabbit.oak.upgrade.RepositoryUpgradeTest): Failed to copy content
  verifyReferencePropertiesContent(org.apache.jackrabbit.oak.upgrade.RepositoryUpgradeTest): Failed to copy content
  verifyGroupNodeTypes(org.apache.jackrabbit.oak.upgrade.RepositoryGroupMemberSplitUpgradeTest): Failed to copy content
  verifyMembers(org.apache.jackrabbit.oak.upgrade.RepositoryGroupMemberSplitUpgradeTest): Failed to copy content
  verifyMemberOf(org.apache.jackrabbit.oak.upgrade.RepositoryGroupMemberSplitUpgradeTest): Failed to copy content

Tests run: 13, Failures: 0, Errors: 13, Skipped: 0

[INFO] ------------------------------------------------------------------------
[INFO] BUILD FAILURE
[INFO] ------------------------------------------------------------------------
[INFO] Total time: 29:56 min
[INFO] Finished at: 2020-03-10T09:07:11-07:00
[INFO] Final Memory: 20M/982M
[INFO] ------------------------------------------------------------------------
[ERROR] Failed to execute goal org.apache.maven.plugins:maven-surefire-plugin:2.12.4:test (default-test) on project oak-upgrade: There are test failures.
[ERROR] 
[ERROR] Please refer to /tmp/Bugs.jar_Jackrabbit-Oak_c3773d53_java-7/oak-upgrade/target/surefire-reports for the individual test results.
[ERROR] -> [Help 1]
[ERROR] 
[ERROR] To see the full stack trace of the errors, re-run Maven with the -e switch.
[ERROR] Re-run Maven using the -X switch to enable full debug logging.
[ERROR] 
[ERROR] For more information about the errors and possible solutions, please read the following articles:
[ERROR] [Help 1] http://cwiki.apache.org/confluence/display/MAVEN/MojoFailureException
