Picked up JAVA_TOOL_OPTIONS: -XX:CICompilerCount=2 -XX:ParallelGCThreads=2 -XX:ConcGCThreads=2 -Djdk.net.URLClassPath.disableClassPathURLCheck=true 
Picked up _JAVA_OPTIONS: -Djdk.net.URLClassPath.disableClassPathURLCheck=true
Apache Maven 3.5.0 (Red Hat 3.5.0-4.3)
Maven home: /opt/rh/rh-maven35/root/usr/share/maven
Java version: 1.7.0_80, vendor: Oracle Corporation
Java home: /scratch/jmcampos/RTA/repair_them_all_framework/jdks/jdk1.7.0_80/jre
Default locale: en_US, platform encoding: UTF-8
OS name: "linux", version: "4.14.125-1.el7.retpoline.x86_64", arch: "amd64", family: "unix"
[INFO] Scanning for projects...
[INFO] 
[INFO] ------------------------------------------------------------------------
[INFO] Building Oak External Authentication Support 1.6-SNAPSHOT
[INFO] ------------------------------------------------------------------------
[INFO] Downloading: http://repository.apache.org/snapshots/org/apache/jackrabbit/oak-core/1.6-SNAPSHOT/maven-metadata.xml
[INFO] Downloaded: http://repository.apache.org/snapshots/org/apache/jackrabbit/oak-core/1.6-SNAPSHOT/maven-metadata.xml (983 B at 2.3 kB/s)
[INFO] Downloading: http://repository.apache.org/snapshots/org/apache/jackrabbit/oak-parent/1.6-SNAPSHOT/maven-metadata.xml
[INFO] Downloaded: http://repository.apache.org/snapshots/org/apache/jackrabbit/oak-parent/1.6-SNAPSHOT/maven-metadata.xml (814 B at 2.5 kB/s)
[INFO] Downloading: http://repository.apache.org/snapshots/org/apache/jackrabbit/oak-commons/1.6-SNAPSHOT/maven-metadata.xml
[INFO] Downloaded: http://repository.apache.org/snapshots/org/apache/jackrabbit/oak-commons/1.6-SNAPSHOT/maven-metadata.xml (986 B at 309 B/s)
[INFO] Downloading: http://repository.apache.org/snapshots/org/apache/jackrabbit/oak-blob/1.6-SNAPSHOT/maven-metadata.xml
[INFO] Downloaded: http://repository.apache.org/snapshots/org/apache/jackrabbit/oak-blob/1.6-SNAPSHOT/maven-metadata.xml (983 B at 686 B/s)
[INFO] Downloading: http://repository.apache.org/snapshots/org/apache/jackrabbit/oak-jcr/1.6-SNAPSHOT/maven-metadata.xml
[INFO] Downloaded: http://repository.apache.org/snapshots/org/apache/jackrabbit/oak-jcr/1.6-SNAPSHOT/maven-metadata.xml (982 B at 3.0 kB/s)
[WARNING] The POM for org.apache.jackrabbit:oak-jcr:jar:1.6-20161102.141651-5 is invalid, transitive dependencies (if any) will not be available, enable debug logging for more details
[INFO] 
[INFO] --- jacoco-maven-plugin:0.7.1.201405082137:prepare-agent (pre-unit-test) @ oak-auth-external ---
[INFO] Skipping JaCoCo execution because property jacoco.skip is set.
[INFO] test.opts.coverage set to empty
[INFO] 
[INFO] --- maven-remote-resources-plugin:1.4:process (default) @ oak-auth-external ---
[WARNING] Invalid POM for org.apache.jackrabbit:oak-jcr:jar:1.6-SNAPSHOT, transitive dependencies (if any) will not be available, enable debug logging for more details
[INFO] 
[INFO] --- maven-resources-plugin:2.6:resources (default-resources) @ oak-auth-external ---
[INFO] Using 'UTF-8' encoding to copy filtered resources.
[INFO] skip non existing resourceDirectory /tmp/Bugs.jar_Jackrabbit-Oak_e33516d5_java-7/oak-auth-external/src/main/resources
[INFO] Copying 3 resources
[INFO] 
[INFO] --- maven-compiler-plugin:2.5.1:compile (default-compile) @ oak-auth-external ---
[INFO] Nothing to compile - all classes are up to date
[INFO] 
[INFO] --- maven-scr-plugin:1.16.0:scr (generate-scr-scrdescriptor) @ oak-auth-external ---
[WARNING] /tmp/Bugs.jar_Jackrabbit-Oak_e33516d5_java-7/oak-auth-external/src/main/java/org/apache/jackrabbit/oak/spi/security/authentication/external/impl/principal/ExternalPrincipalConfiguration.java [1:1]: @Component : Component is defined to generate metatype information, however no properties have been defined; in case no properties are wanted, consider to use 'metatype=false'
[INFO] Generating 1 MetaType Descriptors in /tmp/Bugs.jar_Jackrabbit-Oak_e33516d5_java-7/oak-auth-external/target/classes/OSGI-INF/metatype/org.apache.jackrabbit.oak.spi.security.authentication.external.impl.DefaultSyncConfigImpl.xml
[INFO] Generating 1 MetaType Descriptors in /tmp/Bugs.jar_Jackrabbit-Oak_e33516d5_java-7/oak-auth-external/target/classes/OSGI-INF/metatype/org.apache.jackrabbit.oak.spi.security.authentication.external.impl.ExternalLoginModuleFactory.xml
[INFO] Generating 1 MetaType Descriptors in /tmp/Bugs.jar_Jackrabbit-Oak_e33516d5_java-7/oak-auth-external/target/classes/OSGI-INF/metatype/org.apache.jackrabbit.oak.spi.security.authentication.external.impl.principal.ExternalPrincipalConfiguration.xml
[INFO] Writing 1 Service Component Descriptors to /tmp/Bugs.jar_Jackrabbit-Oak_e33516d5_java-7/oak-auth-external/target/classes/OSGI-INF/org.apache.jackrabbit.oak.spi.security.authentication.external.impl.DefaultSyncHandler.xml
[INFO] Writing 1 Service Component Descriptors to /tmp/Bugs.jar_Jackrabbit-Oak_e33516d5_java-7/oak-auth-external/target/classes/OSGI-INF/org.apache.jackrabbit.oak.spi.security.authentication.external.impl.ExternalIDPManagerImpl.xml
[INFO] Writing 1 Service Component Descriptors to /tmp/Bugs.jar_Jackrabbit-Oak_e33516d5_java-7/oak-auth-external/target/classes/OSGI-INF/org.apache.jackrabbit.oak.spi.security.authentication.external.impl.ExternalLoginModuleFactory.xml
[INFO] Writing 1 Service Component Descriptors to /tmp/Bugs.jar_Jackrabbit-Oak_e33516d5_java-7/oak-auth-external/target/classes/OSGI-INF/org.apache.jackrabbit.oak.spi.security.authentication.external.impl.SyncManagerImpl.xml
[INFO] Writing 1 Service Component Descriptors to /tmp/Bugs.jar_Jackrabbit-Oak_e33516d5_java-7/oak-auth-external/target/classes/OSGI-INF/org.apache.jackrabbit.oak.spi.security.authentication.external.impl.principal.ExternalPrincipalConfiguration.xml
[INFO] 
[INFO] --- maven-resources-plugin:2.6:testResources (default-testResources) @ oak-auth-external ---
[INFO] Using 'UTF-8' encoding to copy filtered resources.
[INFO] Copying 2 resources
[INFO] Copying 3 resources
[INFO] 
[INFO] --- maven-compiler-plugin:2.5.1:testCompile (default-testCompile) @ oak-auth-external ---
[INFO] Nothing to compile - all classes are up to date
[INFO] 
[INFO] --- maven-surefire-plugin:2.12.4:test (default-test) @ oak-auth-external ---
[INFO] Surefire report directory: /tmp/Bugs.jar_Jackrabbit-Oak_e33516d5_java-7/oak-auth-external/target/surefire-reports
[INFO] Downloading: https://repo.maven.apache.org/maven2/org/apache/maven/surefire/surefire-junit4/2.12.4/surefire-junit4-2.12.4.pom
[INFO] Downloaded: https://repo.maven.apache.org/maven2/org/apache/maven/surefire/surefire-junit4/2.12.4/surefire-junit4-2.12.4.pom (2.4 kB at 2.2 kB/s)
[INFO] Downloading: https://repo.maven.apache.org/maven2/org/apache/maven/surefire/surefire-providers/2.12.4/surefire-providers-2.12.4.pom
[INFO] Downloaded: https://repo.maven.apache.org/maven2/org/apache/maven/surefire/surefire-providers/2.12.4/surefire-providers-2.12.4.pom (2.3 kB at 2.0 kB/s)
[INFO] Downloading: https://repo.maven.apache.org/maven2/org/apache/maven/surefire/surefire-junit4/2.12.4/surefire-junit4-2.12.4.jar
[INFO] Downloaded: https://repo.maven.apache.org/maven2/org/apache/maven/surefire/surefire-junit4/2.12.4/surefire-junit4-2.12.4.jar (37 kB at 1.1 MB/s)

-------------------------------------------------------
 T E S T S
-------------------------------------------------------
Picked up JAVA_TOOL_OPTIONS: -XX:CICompilerCount=2 -XX:ParallelGCThreads=2 -XX:ConcGCThreads=2 -Djdk.net.URLClassPath.disableClassPathURLCheck=true -XX:CICompilerCount=2 -XX:ParallelGCThreads=2 -XX:ConcGCThreads=2 -Djdk.net.URLClassPath.disableClassPathURLCheck=true 
Picked up _JAVA_OPTIONS: -Djdk.net.URLClassPath.disableClassPathURLCheck=true
Running org.apache.jackrabbit.oak.spi.security.authentication.external.impl.jmx.SyncMBeanImplTest
Tests run: 47, Failures: 0, Errors: 0, Skipped: 0, Time elapsed: 5.154 sec
Running org.apache.jackrabbit.oak.spi.security.authentication.external.impl.ExternalLoginModuleFactoryTest
Tests run: 1, Failures: 0, Errors: 0, Skipped: 0, Time elapsed: 0.001 sec
Running org.apache.jackrabbit.oak.spi.security.authentication.external.impl.CustomCredentialsSupportTest
Tests run: 2, Failures: 0, Errors: 0, Skipped: 0, Time elapsed: 0.277 sec
Running org.apache.jackrabbit.oak.spi.security.authentication.external.impl.principal.ExternalIdentityRepositoryInitializerTest
Tests run: 1, Failures: 0, Errors: 0, Skipped: 0, Time elapsed: 0.19 sec
Running org.apache.jackrabbit.oak.spi.security.authentication.external.impl.principal.EmptyPrincipalProviderTest
Tests run: 5, Failures: 0, Errors: 0, Skipped: 0, Time elapsed: 0.568 sec
Running org.apache.jackrabbit.oak.spi.security.authentication.external.impl.principal.ExternalGroupPrincipalProviderTest
Tests run: 31, Failures: 0, Errors: 0, Skipped: 1, Time elapsed: 0.002 sec
Running org.apache.jackrabbit.oak.spi.security.authentication.external.impl.principal.ExternalPrincipalConfigurationTest
Tests run: 14, Failures: 0, Errors: 0, Skipped: 1, Time elapsed: 0.301 sec
Running org.apache.jackrabbit.oak.spi.security.authentication.external.impl.principal.ExternalGroupPrincipalTest
Tests run: 9, Failures: 0, Errors: 0, Skipped: 0, Time elapsed: 0.28 sec
Running org.apache.jackrabbit.oak.spi.security.authentication.external.impl.principal.ExternalIdentityImporterTest
Tests run: 2, Failures: 0, Errors: 0, Skipped: 0, Time elapsed: 0.23 sec
Running org.apache.jackrabbit.oak.spi.security.authentication.external.impl.principal.ExternalIdentityValidatorTest
Tests run: 10, Failures: 0, Errors: 0, Skipped: 0, Time elapsed: 0.679 sec
Running org.apache.jackrabbit.oak.spi.security.authentication.external.impl.DynamicSyncContextTest
Tests run: 16, Failures: 0, Errors: 0, Skipped: 0, Time elapsed: 0.963 sec
Running org.apache.jackrabbit.oak.spi.security.authentication.external.impl.DefaultSyncHandlerTest
Tests run: 15, Failures: 0, Errors: 0, Skipped: 0, Time elapsed: 0.983 sec
Running org.apache.jackrabbit.oak.spi.security.authentication.external.ExternalLoginModuleDynamicMembershipTest
Tests run: 11, Failures: 0, Errors: 0, Skipped: 0, Time elapsed: 0.739 sec
Running org.apache.jackrabbit.oak.spi.security.authentication.external.ExternalLoginModuleTest
Tests run: 6, Failures: 0, Errors: 0, Skipped: 0, Time elapsed: 0.381 sec
Running org.apache.jackrabbit.oak.spi.security.authentication.external.basic.DefaultSyncResultImplTest
Tests run: 4, Failures: 0, Errors: 0, Skipped: 0, Time elapsed: 0 sec
Running org.apache.jackrabbit.oak.spi.security.authentication.external.basic.DefaultSyncConfigTest
Tests run: 3, Failures: 0, Errors: 0, Skipped: 0, Time elapsed: 0 sec
Running org.apache.jackrabbit.oak.spi.security.authentication.external.basic.RepExternalIdTest
Tests run: 2, Failures: 0, Errors: 0, Skipped: 0, Time elapsed: 0.112 sec
Running org.apache.jackrabbit.oak.spi.security.authentication.external.basic.DefaultSyncContextTest
Tests run: 80, Failures: 1, Errors: 0, Skipped: 0, Time elapsed: 4.462 sec <<< FAILURE!
testMembershipForExistingForeignGroup(org.apache.jackrabbit.oak.spi.security.authentication.external.basic.DefaultSyncContextTest)  Time elapsed: 0.06 sec  <<< FAILURE!
java.lang.AssertionError
	at org.junit.Assert.fail(Assert.java:86)
	at org.junit.Assert.assertTrue(Assert.java:41)
	at org.junit.Assert.assertFalse(Assert.java:64)
	at org.junit.Assert.assertFalse(Assert.java:74)
	at org.apache.jackrabbit.oak.spi.security.authentication.external.basic.DefaultSyncContextTest.testMembershipForExistingForeignGroup(DefaultSyncContextTest.java:631)
	at sun.reflect.NativeMethodAccessorImpl.invoke0(Native Method)
	at sun.reflect.NativeMethodAccessorImpl.invoke(NativeMethodAccessorImpl.java:57)
	at sun.reflect.DelegatingMethodAccessorImpl.invoke(DelegatingMethodAccessorImpl.java:43)
	at java.lang.reflect.Method.invoke(Method.java:606)
	at org.junit.runners.model.FrameworkMethod$1.runReflectiveCall(FrameworkMethod.java:50)
	at org.junit.internal.runners.model.ReflectiveCallable.run(ReflectiveCallable.java:12)
	at org.junit.runners.model.FrameworkMethod.invokeExplosively(FrameworkMethod.java:47)
	at org.junit.internal.runners.statements.InvokeMethod.evaluate(InvokeMethod.java:17)
	at org.junit.internal.runners.statements.RunBefores.evaluate(RunBefores.java:26)
	at org.junit.internal.runners.statements.RunAfters.evaluate(RunAfters.java:27)
	at org.junit.runners.ParentRunner.runLeaf(ParentRunner.java:325)
	at org.junit.runners.BlockJUnit4ClassRunner.runChild(BlockJUnit4ClassRunner.java:78)
	at org.junit.runners.BlockJUnit4ClassRunner.runChild(BlockJUnit4ClassRunner.java:57)
	at org.junit.runners.ParentRunner$3.run(ParentRunner.java:290)
	at org.junit.runners.ParentRunner$1.schedule(ParentRunner.java:71)
	at org.junit.runners.ParentRunner.runChildren(ParentRunner.java:288)
	at org.junit.runners.ParentRunner.access$000(ParentRunner.java:58)
	at org.junit.runners.ParentRunner$2.evaluate(ParentRunner.java:268)
	at org.junit.runners.ParentRunner.run(ParentRunner.java:363)
	at org.apache.maven.surefire.junit4.JUnit4Provider.execute(JUnit4Provider.java:252)
	at org.apache.maven.surefire.junit4.JUnit4Provider.executeTestSet(JUnit4Provider.java:141)
	at org.apache.maven.surefire.junit4.JUnit4Provider.invoke(JUnit4Provider.java:112)
	at sun.reflect.NativeMethodAccessorImpl.invoke0(Native Method)
	at sun.reflect.NativeMethodAccessorImpl.invoke(NativeMethodAccessorImpl.java:57)
	at sun.reflect.DelegatingMethodAccessorImpl.invoke(DelegatingMethodAccessorImpl.java:43)
	at java.lang.reflect.Method.invoke(Method.java:606)
	at org.apache.maven.surefire.util.ReflectionUtils.invokeMethodWithArray(ReflectionUtils.java:189)
	at org.apache.maven.surefire.booter.ProviderFactory$ProviderProxy.invoke(ProviderFactory.java:165)
	at org.apache.maven.surefire.booter.ProviderFactory.invokeProvider(ProviderFactory.java:85)
	at org.apache.maven.surefire.booter.ForkedBooter.runSuitesInProcess(ForkedBooter.java:115)
	at org.apache.maven.surefire.booter.ForkedBooter.main(ForkedBooter.java:75)

Running org.apache.jackrabbit.oak.spi.security.authentication.external.basic.DefaultSyncedIdentityTest
Tests run: 4, Failures: 0, Errors: 0, Skipped: 0, Time elapsed: 0.001 sec
Running org.apache.jackrabbit.oak.spi.security.authentication.external.ExternalIdentityRefTest
Tests run: 8, Failures: 0, Errors: 0, Skipped: 0, Time elapsed: 0 sec

Results :

Failed tests:   testMembershipForExistingForeignGroup(org.apache.jackrabbit.oak.spi.security.authentication.external.basic.DefaultSyncContextTest)

Tests run: 271, Failures: 1, Errors: 0, Skipped: 2

[INFO] ------------------------------------------------------------------------
[INFO] BUILD FAILURE
[INFO] ------------------------------------------------------------------------
[INFO] Total time: 47.002 s
[INFO] Finished at: 2020-03-09T06:32:49-07:00
[INFO] Final Memory: 28M/982M
[INFO] ------------------------------------------------------------------------
[ERROR] Failed to execute goal org.apache.maven.plugins:maven-surefire-plugin:2.12.4:test (default-test) on project oak-auth-external: There are test failures.
[ERROR] 
[ERROR] Please refer to /tmp/Bugs.jar_Jackrabbit-Oak_e33516d5_java-7/oak-auth-external/target/surefire-reports for the individual test results.
[ERROR] -> [Help 1]
[ERROR] 
[ERROR] To see the full stack trace of the errors, re-run Maven with the -e switch.
[ERROR] Re-run Maven using the -X switch to enable full debug logging.
[ERROR] 
[ERROR] For more information about the errors and possible solutions, please read the following articles:
[ERROR] [Help 1] http://cwiki.apache.org/confluence/display/MAVEN/MojoFailureException
