Picked up JAVA_TOOL_OPTIONS: -XX:CICompilerCount=2 -XX:ParallelGCThreads=2 -XX:ConcGCThreads=2 -Djdk.net.URLClassPath.disableClassPathURLCheck=true 
Java HotSpot(TM) 64-Bit Server VM warning: ignoring option MaxPermSize=512m; support was removed in 8.0
Picked up _JAVA_OPTIONS: -Djdk.net.URLClassPath.disableClassPathURLCheck=true
Apache Maven 3.5.0 (Red Hat 3.5.0-4.3)
Maven home: /opt/rh/rh-maven35/root/usr/share/maven
Java version: 1.8.0_181, vendor: Oracle Corporation
Java home: /scratch/jmcampos/RTA/repair_them_all_framework/jdks/jdk1.8.0_181/jre
Default locale: en_US, platform encoding: UTF-8
OS name: "linux", version: "4.14.125-1.el7.retpoline.x86_64", arch: "amd64", family: "unix"
[INFO] Scanning for projects...
[INFO] 
[INFO] ------------------------------------------------------------------------
[INFO] Building flink-streaming-java 1.0-SNAPSHOT
[INFO] ------------------------------------------------------------------------
[INFO] Downloading: http://repository.apache.org/snapshots/org/apache/flink/flink-core/1.0-SNAPSHOT/maven-metadata.xml
[INFO] Downloaded: http://repository.apache.org/snapshots/org/apache/flink/flink-core/1.0-SNAPSHOT/maven-metadata.xml (988 B at 2.3 kB/s)
[INFO] Downloading: http://repository.apache.org/snapshots/org/apache/flink/flink-parent/1.0-SNAPSHOT/maven-metadata.xml
[INFO] Downloaded: http://repository.apache.org/snapshots/org/apache/flink/flink-parent/1.0-SNAPSHOT/maven-metadata.xml (605 B at 531 B/s)
[INFO] Downloading: http://repository.apache.org/snapshots/org/apache/flink/flink-shaded-hadoop2/1.0-SNAPSHOT/maven-metadata.xml
[INFO] Downloaded: http://repository.apache.org/snapshots/org/apache/flink/flink-shaded-hadoop2/1.0-SNAPSHOT/maven-metadata.xml (786 B at 1.5 kB/s)
[INFO] Downloading: http://repository.apache.org/snapshots/org/apache/flink/flink-shaded-hadoop/1.0-SNAPSHOT/maven-metadata.xml
[INFO] Downloaded: http://repository.apache.org/snapshots/org/apache/flink/flink-shaded-hadoop/1.0-SNAPSHOT/maven-metadata.xml (612 B at 1.9 kB/s)
[INFO] Downloading: http://repository.apache.org/snapshots/org/apache/flink/flink-runtime/1.0-SNAPSHOT/maven-metadata.xml
[INFO] Downloaded: http://repository.apache.org/snapshots/org/apache/flink/flink-runtime/1.0-SNAPSHOT/maven-metadata.xml (1.4 kB at 4.4 kB/s)
[INFO] Downloading: http://repository.apache.org/snapshots/org/apache/flink/flink-java/1.0-SNAPSHOT/maven-metadata.xml
[INFO] Downloaded: http://repository.apache.org/snapshots/org/apache/flink/flink-java/1.0-SNAPSHOT/maven-metadata.xml (988 B at 844 B/s)
[INFO] Downloading: http://repository.apache.org/snapshots/org/apache/flink/flink-clients/1.0-SNAPSHOT/maven-metadata.xml
[INFO] Downloaded: http://repository.apache.org/snapshots/org/apache/flink/flink-clients/1.0-SNAPSHOT/maven-metadata.xml (1.4 kB at 2.8 kB/s)
[INFO] Downloading: http://repository.apache.org/snapshots/org/apache/flink/flink-optimizer/1.0-SNAPSHOT/maven-metadata.xml
[INFO] Downloaded: http://repository.apache.org/snapshots/org/apache/flink/flink-optimizer/1.0-SNAPSHOT/maven-metadata.xml (1.4 kB at 4.4 kB/s)
[INFO] Downloading: http://repository.apache.org/snapshots/org/apache/flink/flink-test-utils/1.0-SNAPSHOT/maven-metadata.xml
[INFO] Downloaded: http://repository.apache.org/snapshots/org/apache/flink/flink-test-utils/1.0-SNAPSHOT/maven-metadata.xml (1.4 kB at 289 B/s)
[INFO] 
[INFO] --- maven-checkstyle-plugin:2.16:check (validate) @ flink-streaming-java ---
[INFO] 
[INFO] --- maven-enforcer-plugin:1.3.1:enforce (enforce-maven) @ flink-streaming-java ---
[INFO] Skipping Rule Enforcement.
[INFO] 
[INFO] --- maven-remote-resources-plugin:1.5:process (default) @ flink-streaming-java ---
[INFO] 
[INFO] --- maven-resources-plugin:2.6:resources (default-resources) @ flink-streaming-java ---
[INFO] Using 'UTF-8' encoding to copy filtered resources.
[INFO] skip non existing resourceDirectory /scratch/tmp-rta/Bugs.jar_Flink_59685903_java-8/flink-streaming-java/src/main/resources
[INFO] Copying 3 resources
[INFO] 
[INFO] --- maven-compiler-plugin:3.1:compile (default-compile) @ flink-streaming-java ---
[INFO] Changes detected - recompiling the module!
[INFO] Compiling 217 source files to /scratch/tmp-rta/Bugs.jar_Flink_59685903_java-8/flink-streaming-java/target/classes
[WARNING] /scratch/tmp-rta/Bugs.jar_Flink_59685903_java-8/flink-streaming-java/src/main/java/org/apache/flink/streaming/api/datastream/KeyedStream.java:[135,119] unchecked cast
  required: org.apache.flink.streaming.api.transformations.OneInputTransformation<T,R>
  found:    org.apache.flink.streaming.api.transformations.StreamTransformation<R>
[WARNING] /scratch/tmp-rta/Bugs.jar_Flink_59685903_java-8/flink-streaming-java/src/main/java/org/apache/flink/streaming/api/datastream/CoGroupedStreams.java:[345,32] unchecked conversion
  required: java.lang.Class<org.apache.flink.streaming.api.datastream.CoGroupedStreams.TaggedUnion<T1,T2>>
  found:    java.lang.Class
[WARNING] /scratch/tmp-rta/Bugs.jar_Flink_59685903_java-8/flink-streaming-java/src/main/java/org/apache/flink/streaming/api/functions/source/FromElementsFunction.java:[66,55] Possible heap pollution from parameterized vararg type T
[WARNING] /scratch/tmp-rta/Bugs.jar_Flink_59685903_java-8/flink-streaming-java/src/main/java/org/apache/flink/streaming/util/FieldAccessor.java:[125,66] unchecked method invocation: method getInfoFor in class org.apache.flink.api.common.typeinfo.BasicTypeInfo is applied to given types
  required: java.lang.Class<X>
  found: java.lang.Class
[WARNING] /scratch/tmp-rta/Bugs.jar_Flink_59685903_java-8/flink-streaming-java/src/main/java/org/apache/flink/streaming/util/FieldAccessor.java:[125,107] unchecked conversion
  required: java.lang.Class<X>
  found:    java.lang.Class
[WARNING] /scratch/tmp-rta/Bugs.jar_Flink_59685903_java-8/flink-streaming-java/src/main/java/org/apache/flink/streaming/runtime/operators/windowing/EvictingWindowOperator.java:[72,48] unchecked method invocation: method evict in interface org.apache.flink.streaming.api.windowing.evictors.Evictor is applied to given types
  required: java.lang.Iterable<org.apache.flink.streaming.runtime.streamrecord.StreamRecord<T>>,int,W
  found: java.lang.Iterable,int,W
[WARNING] /scratch/tmp-rta/Bugs.jar_Flink_59685903_java-8/flink-streaming-java/src/main/java/org/apache/flink/streaming/runtime/operators/windowing/EvictingWindowOperator.java:[72,49] unchecked conversion
  required: java.lang.Iterable<org.apache.flink.streaming.runtime.streamrecord.StreamRecord<T>>
  found:    java.lang.Iterable
[WARNING] /scratch/tmp-rta/Bugs.jar_Flink_59685903_java-8/flink-streaming-java/src/main/java/org/apache/flink/streaming/runtime/operators/windowing/EvictingNonKeyedWindowOperator.java:[66,48] unchecked method invocation: method evict in interface org.apache.flink.streaming.api.windowing.evictors.Evictor is applied to given types
  required: java.lang.Iterable<org.apache.flink.streaming.runtime.streamrecord.StreamRecord<T>>,int,W
  found: java.lang.Iterable,int,W
[WARNING] /scratch/tmp-rta/Bugs.jar_Flink_59685903_java-8/flink-streaming-java/src/main/java/org/apache/flink/streaming/runtime/operators/windowing/EvictingNonKeyedWindowOperator.java:[66,49] unchecked conversion
  required: java.lang.Iterable<org.apache.flink.streaming.runtime.streamrecord.StreamRecord<T>>
  found:    java.lang.Iterable
[INFO] 
[INFO] --- maven-resources-plugin:2.6:testResources (default-testResources) @ flink-streaming-java ---
[INFO] Using 'UTF-8' encoding to copy filtered resources.
[INFO] Copying 3 resources
[INFO] Copying 3 resources
[INFO] 
[INFO] --- maven-compiler-plugin:3.1:testCompile (default-testCompile) @ flink-streaming-java ---
[INFO] Changes detected - recompiling the module!
[INFO] Compiling 112 source files to /scratch/tmp-rta/Bugs.jar_Flink_59685903_java-8/flink-streaming-java/target/test-classes
[WARNING] /scratch/tmp-rta/Bugs.jar_Flink_59685903_java-8/flink-streaming-java/src/test/java/org/apache/flink/streaming/api/StreamExecutionEnvironmentTest.java:[131,68] unchecked cast
  required: org.apache.flink.streaming.api.functions.source.SourceFunction<T>
  found:    capture#1 of ?
[WARNING] /scratch/tmp-rta/Bugs.jar_Flink_59685903_java-8/flink-streaming-java/src/test/java/org/apache/flink/streaming/runtime/operators/windowing/NonKeyedWindowOperatorTest.java:[403,64] unchecked call to Factory(org.apache.flink.api.common.functions.ReduceFunction<T>) as a member of the raw type org.apache.flink.streaming.runtime.operators.windowing.buffers.PreAggregatingHeapWindowBuffer.Factory
[WARNING] /scratch/tmp-rta/Bugs.jar_Flink_59685903_java-8/flink-streaming-java/src/test/java/org/apache/flink/streaming/api/graph/StreamGraphGeneratorTest.java:[257,39] unchecked method invocation: method collect in interface org.apache.flink.util.Collector is applied to given types
  required: T
  found: org.apache.flink.streaming.runtime.streamrecord.StreamRecord
[WARNING] /scratch/tmp-rta/Bugs.jar_Flink_59685903_java-8/flink-streaming-java/src/test/java/org/apache/flink/streaming/api/graph/StreamGraphGeneratorTest.java:[257,40] unchecked conversion
  required: T
  found:    org.apache.flink.streaming.runtime.streamrecord.StreamRecord
[WARNING] /scratch/tmp-rta/Bugs.jar_Flink_59685903_java-8/flink-streaming-java/src/test/java/org/apache/flink/streaming/api/graph/StreamGraphGeneratorTest.java:[262,39] unchecked method invocation: method collect in interface org.apache.flink.util.Collector is applied to given types
  required: T
  found: org.apache.flink.streaming.runtime.streamrecord.StreamRecord
[WARNING] /scratch/tmp-rta/Bugs.jar_Flink_59685903_java-8/flink-streaming-java/src/test/java/org/apache/flink/streaming/api/graph/StreamGraphGeneratorTest.java:[262,40] unchecked conversion
  required: T
  found:    org.apache.flink.streaming.runtime.streamrecord.StreamRecord
[WARNING] /scratch/tmp-rta/Bugs.jar_Flink_59685903_java-8/flink-streaming-java/src/test/java/org/apache/flink/streaming/runtime/operators/windowing/WindowOperatorTest.java:[435,64] unchecked call to Factory(org.apache.flink.api.common.functions.ReduceFunction<T>) as a member of the raw type org.apache.flink.streaming.runtime.operators.windowing.buffers.PreAggregatingHeapWindowBuffer.Factory
[WARNING] /scratch/tmp-rta/Bugs.jar_Flink_59685903_java-8/flink-streaming-java/src/test/java/org/apache/flink/streaming/runtime/operators/windowing/WindowTranslationTest.java:[72,203] unchecked cast
  required: org.apache.flink.streaming.api.transformations.OneInputTransformation<org.apache.flink.api.java.tuple.Tuple2<java.lang.String,java.lang.Integer>,org.apache.flink.api.java.tuple.Tuple2<java.lang.String,java.lang.Integer>>
  found:    org.apache.flink.streaming.api.transformations.StreamTransformation<org.apache.flink.api.java.tuple.Tuple2<java.lang.String,java.lang.Integer>>
[WARNING] /scratch/tmp-rta/Bugs.jar_Flink_59685903_java-8/flink-streaming-java/src/test/java/org/apache/flink/streaming/runtime/operators/windowing/WindowTranslationTest.java:[91,203] unchecked cast
  required: org.apache.flink.streaming.api.transformations.OneInputTransformation<org.apache.flink.api.java.tuple.Tuple2<java.lang.String,java.lang.Integer>,org.apache.flink.api.java.tuple.Tuple2<java.lang.String,java.lang.Integer>>
  found:    org.apache.flink.streaming.api.transformations.StreamTransformation<org.apache.flink.api.java.tuple.Tuple2<java.lang.String,java.lang.Integer>>
[WARNING] /scratch/tmp-rta/Bugs.jar_Flink_59685903_java-8/flink-streaming-java/src/test/java/org/apache/flink/streaming/runtime/operators/windowing/WindowTranslationTest.java:[114,203] unchecked cast
  required: org.apache.flink.streaming.api.transformations.OneInputTransformation<org.apache.flink.api.java.tuple.Tuple2<java.lang.String,java.lang.Integer>,org.apache.flink.api.java.tuple.Tuple2<java.lang.String,java.lang.Integer>>
  found:    org.apache.flink.streaming.api.transformations.StreamTransformation<org.apache.flink.api.java.tuple.Tuple2<java.lang.String,java.lang.Integer>>
[WARNING] /scratch/tmp-rta/Bugs.jar_Flink_59685903_java-8/flink-streaming-java/src/test/java/org/apache/flink/streaming/runtime/operators/windowing/WindowTranslationTest.java:[138,203] unchecked cast
  required: org.apache.flink.streaming.api.transformations.OneInputTransformation<org.apache.flink.api.java.tuple.Tuple2<java.lang.String,java.lang.Integer>,org.apache.flink.api.java.tuple.Tuple2<java.lang.String,java.lang.Integer>>
  found:    org.apache.flink.streaming.api.transformations.StreamTransformation<org.apache.flink.api.java.tuple.Tuple2<java.lang.String,java.lang.Integer>>
[WARNING] /scratch/tmp-rta/Bugs.jar_Flink_59685903_java-8/flink-streaming-java/src/test/java/org/apache/flink/streaming/runtime/operators/windowing/WindowTranslationTest.java:[164,203] unchecked cast
  required: org.apache.flink.streaming.api.transformations.OneInputTransformation<org.apache.flink.api.java.tuple.Tuple2<java.lang.String,java.lang.Integer>,org.apache.flink.api.java.tuple.Tuple2<java.lang.String,java.lang.Integer>>
  found:    org.apache.flink.streaming.api.transformations.StreamTransformation<org.apache.flink.api.java.tuple.Tuple2<java.lang.String,java.lang.Integer>>
[WARNING] /scratch/tmp-rta/Bugs.jar_Flink_59685903_java-8/flink-streaming-java/src/test/java/org/apache/flink/streaming/runtime/operators/windowing/WindowTranslationTest.java:[189,203] unchecked cast
  required: org.apache.flink.streaming.api.transformations.OneInputTransformation<org.apache.flink.api.java.tuple.Tuple2<java.lang.String,java.lang.Integer>,org.apache.flink.api.java.tuple.Tuple2<java.lang.String,java.lang.Integer>>
  found:    org.apache.flink.streaming.api.transformations.StreamTransformation<org.apache.flink.api.java.tuple.Tuple2<java.lang.String,java.lang.Integer>>
[WARNING] /scratch/tmp-rta/Bugs.jar_Flink_59685903_java-8/flink-streaming-java/src/test/java/org/apache/flink/streaming/runtime/operators/windowing/WindowTranslationTest.java:[215,203] unchecked cast
  required: org.apache.flink.streaming.api.transformations.OneInputTransformation<org.apache.flink.api.java.tuple.Tuple2<java.lang.String,java.lang.Integer>,org.apache.flink.api.java.tuple.Tuple2<java.lang.String,java.lang.Integer>>
  found:    org.apache.flink.streaming.api.transformations.StreamTransformation<org.apache.flink.api.java.tuple.Tuple2<java.lang.String,java.lang.Integer>>
[WARNING] /scratch/tmp-rta/Bugs.jar_Flink_59685903_java-8/flink-streaming-java/src/test/java/org/apache/flink/streaming/runtime/operators/windowing/WindowTranslationTest.java:[242,203] unchecked cast
  required: org.apache.flink.streaming.api.transformations.OneInputTransformation<org.apache.flink.api.java.tuple.Tuple2<java.lang.String,java.lang.Integer>,org.apache.flink.api.java.tuple.Tuple2<java.lang.String,java.lang.Integer>>
  found:    org.apache.flink.streaming.api.transformations.StreamTransformation<org.apache.flink.api.java.tuple.Tuple2<java.lang.String,java.lang.Integer>>
[WARNING] /scratch/tmp-rta/Bugs.jar_Flink_59685903_java-8/flink-streaming-java/src/test/java/org/apache/flink/streaming/api/DataStreamTest.java:[633,72] unchecked call to <OUT>map(org.apache.flink.streaming.api.functions.co.CoMapFunction<IN1,IN2,OUT>) as a member of the raw type org.apache.flink.streaming.api.datastream.ConnectedStreams
[WARNING] /scratch/tmp-rta/Bugs.jar_Flink_59685903_java-8/flink-streaming-java/src/test/java/org/apache/flink/streaming/api/DataStreamTest.java:[646,30] unchecked method invocation: method addSink in class org.apache.flink.streaming.api.datastream.DataStream is applied to given types
  required: org.apache.flink.streaming.api.functions.sink.SinkFunction<T>
  found: org.apache.flink.streaming.util.NoOpSink
[WARNING] /scratch/tmp-rta/Bugs.jar_Flink_59685903_java-8/flink-streaming-java/src/test/java/org/apache/flink/streaming/api/DataStreamTest.java:[646,31] unchecked conversion
  required: org.apache.flink.streaming.api.functions.sink.SinkFunction<T>
  found:    org.apache.flink.streaming.util.NoOpSink
[WARNING] /scratch/tmp-rta/Bugs.jar_Flink_59685903_java-8/flink-streaming-java/src/test/java/org/apache/flink/streaming/runtime/operators/windowing/TimeWindowTranslationTest.java:[64,203] unchecked cast
  required: org.apache.flink.streaming.api.transformations.OneInputTransformation<org.apache.flink.api.java.tuple.Tuple2<java.lang.String,java.lang.Integer>,org.apache.flink.api.java.tuple.Tuple2<java.lang.String,java.lang.Integer>>
  found:    org.apache.flink.streaming.api.transformations.StreamTransformation<org.apache.flink.api.java.tuple.Tuple2<java.lang.String,java.lang.Integer>>
[WARNING] /scratch/tmp-rta/Bugs.jar_Flink_59685903_java-8/flink-streaming-java/src/test/java/org/apache/flink/streaming/runtime/operators/windowing/TimeWindowTranslationTest.java:[83,203] unchecked cast
  required: org.apache.flink.streaming.api.transformations.OneInputTransformation<org.apache.flink.api.java.tuple.Tuple2<java.lang.String,java.lang.Integer>,org.apache.flink.api.java.tuple.Tuple2<java.lang.String,java.lang.Integer>>
  found:    org.apache.flink.streaming.api.transformations.StreamTransformation<org.apache.flink.api.java.tuple.Tuple2<java.lang.String,java.lang.Integer>>
[WARNING] /scratch/tmp-rta/Bugs.jar_Flink_59685903_java-8/flink-streaming-java/src/test/java/org/apache/flink/streaming/runtime/operators/windowing/TimeWindowTranslationTest.java:[108,203] unchecked cast
  required: org.apache.flink.streaming.api.transformations.OneInputTransformation<org.apache.flink.api.java.tuple.Tuple2<java.lang.String,java.lang.Integer>,org.apache.flink.api.java.tuple.Tuple2<java.lang.String,java.lang.Integer>>
  found:    org.apache.flink.streaming.api.transformations.StreamTransformation<org.apache.flink.api.java.tuple.Tuple2<java.lang.String,java.lang.Integer>>
[WARNING] /scratch/tmp-rta/Bugs.jar_Flink_59685903_java-8/flink-streaming-java/src/test/java/org/apache/flink/streaming/runtime/operators/windowing/TimeWindowTranslationTest.java:[126,203] unchecked cast
  required: org.apache.flink.streaming.api.transformations.OneInputTransformation<org.apache.flink.api.java.tuple.Tuple2<java.lang.String,java.lang.Integer>,org.apache.flink.api.java.tuple.Tuple2<java.lang.String,java.lang.Integer>>
  found:    org.apache.flink.streaming.api.transformations.StreamTransformation<org.apache.flink.api.java.tuple.Tuple2<java.lang.String,java.lang.Integer>>
[WARNING] /scratch/tmp-rta/Bugs.jar_Flink_59685903_java-8/flink-streaming-java/src/test/java/org/apache/flink/streaming/runtime/operators/windowing/AllWindowTranslationTest.java:[69,203] unchecked cast
  required: org.apache.flink.streaming.api.transformations.OneInputTransformation<org.apache.flink.api.java.tuple.Tuple2<java.lang.String,java.lang.Integer>,org.apache.flink.api.java.tuple.Tuple2<java.lang.String,java.lang.Integer>>
  found:    org.apache.flink.streaming.api.transformations.StreamTransformation<org.apache.flink.api.java.tuple.Tuple2<java.lang.String,java.lang.Integer>>
[WARNING] /scratch/tmp-rta/Bugs.jar_Flink_59685903_java-8/flink-streaming-java/src/test/java/org/apache/flink/streaming/runtime/operators/windowing/AllWindowTranslationTest.java:[92,203] unchecked cast
  required: org.apache.flink.streaming.api.transformations.OneInputTransformation<org.apache.flink.api.java.tuple.Tuple2<java.lang.String,java.lang.Integer>,org.apache.flink.api.java.tuple.Tuple2<java.lang.String,java.lang.Integer>>
  found:    org.apache.flink.streaming.api.transformations.StreamTransformation<org.apache.flink.api.java.tuple.Tuple2<java.lang.String,java.lang.Integer>>
[WARNING] /scratch/tmp-rta/Bugs.jar_Flink_59685903_java-8/flink-streaming-java/src/test/java/org/apache/flink/streaming/runtime/operators/windowing/AllWindowTranslationTest.java:[117,203] unchecked cast
  required: org.apache.flink.streaming.api.transformations.OneInputTransformation<org.apache.flink.api.java.tuple.Tuple2<java.lang.String,java.lang.Integer>,org.apache.flink.api.java.tuple.Tuple2<java.lang.String,java.lang.Integer>>
  found:    org.apache.flink.streaming.api.transformations.StreamTransformation<org.apache.flink.api.java.tuple.Tuple2<java.lang.String,java.lang.Integer>>
[WARNING] /scratch/tmp-rta/Bugs.jar_Flink_59685903_java-8/flink-streaming-java/src/test/java/org/apache/flink/streaming/runtime/operators/windowing/AllWindowTranslationTest.java:[141,203] unchecked cast
  required: org.apache.flink.streaming.api.transformations.OneInputTransformation<org.apache.flink.api.java.tuple.Tuple2<java.lang.String,java.lang.Integer>,org.apache.flink.api.java.tuple.Tuple2<java.lang.String,java.lang.Integer>>
  found:    org.apache.flink.streaming.api.transformations.StreamTransformation<org.apache.flink.api.java.tuple.Tuple2<java.lang.String,java.lang.Integer>>
[WARNING] /scratch/tmp-rta/Bugs.jar_Flink_59685903_java-8/flink-streaming-java/src/test/java/org/apache/flink/streaming/runtime/operators/windowing/AllWindowTranslationTest.java:[166,203] unchecked cast
  required: org.apache.flink.streaming.api.transformations.OneInputTransformation<org.apache.flink.api.java.tuple.Tuple2<java.lang.String,java.lang.Integer>,org.apache.flink.api.java.tuple.Tuple2<java.lang.String,java.lang.Integer>>
  found:    org.apache.flink.streaming.api.transformations.StreamTransformation<org.apache.flink.api.java.tuple.Tuple2<java.lang.String,java.lang.Integer>>
[WARNING] /scratch/tmp-rta/Bugs.jar_Flink_59685903_java-8/flink-streaming-java/src/test/java/org/apache/flink/streaming/runtime/operators/windowing/AllWindowTranslationTest.java:[192,203] unchecked cast
  required: org.apache.flink.streaming.api.transformations.OneInputTransformation<org.apache.flink.api.java.tuple.Tuple2<java.lang.String,java.lang.Integer>,org.apache.flink.api.java.tuple.Tuple2<java.lang.String,java.lang.Integer>>
  found:    org.apache.flink.streaming.api.transformations.StreamTransformation<org.apache.flink.api.java.tuple.Tuple2<java.lang.String,java.lang.Integer>>
[INFO] 
[INFO] --- maven-surefire-plugin:2.18.1:test (default-test) @ flink-streaming-java ---
[INFO] Surefire report directory: /scratch/tmp-rta/Bugs.jar_Flink_59685903_java-8/flink-streaming-java/target/surefire-reports
[INFO] Downloading: https://repo.maven.apache.org/maven2/org/apache/maven/surefire/surefire-junit4/2.18.1/surefire-junit4-2.18.1.pom
[INFO] Downloaded: https://repo.maven.apache.org/maven2/org/apache/maven/surefire/surefire-junit4/2.18.1/surefire-junit4-2.18.1.pom (2.5 kB at 9.0 kB/s)
[INFO] Downloading: https://repo.maven.apache.org/maven2/org/apache/maven/surefire/surefire-providers/2.18.1/surefire-providers-2.18.1.pom
[INFO] Downloaded: https://repo.maven.apache.org/maven2/org/apache/maven/surefire/surefire-providers/2.18.1/surefire-providers-2.18.1.pom (2.5 kB at 170 kB/s)
[INFO] Downloading: https://repo.maven.apache.org/maven2/org/apache/maven/surefire/surefire-junit4/2.18.1/surefire-junit4-2.18.1.jar
[INFO] Downloaded: https://repo.maven.apache.org/maven2/org/apache/maven/surefire/surefire-junit4/2.18.1/surefire-junit4-2.18.1.jar (68 kB at 1.7 MB/s)

-------------------------------------------------------
 T E S T S
-------------------------------------------------------
Picked up JAVA_TOOL_OPTIONS: -XX:CICompilerCount=2 -XX:ParallelGCThreads=2 -XX:ConcGCThreads=2 -Djdk.net.URLClassPath.disableClassPathURLCheck=true -XX:CICompilerCount=2 -XX:ParallelGCThreads=2 -XX:ConcGCThreads=2 -Djdk.net.URLClassPath.disableClassPathURLCheck=true 
Picked up _JAVA_OPTIONS: -Djdk.net.URLClassPath.disableClassPathURLCheck=true
Picked up JAVA_TOOL_OPTIONS: -XX:CICompilerCount=2 -XX:ParallelGCThreads=2 -XX:ConcGCThreads=2 -Djdk.net.URLClassPath.disableClassPathURLCheck=true -XX:CICompilerCount=2 -XX:ParallelGCThreads=2 -XX:ConcGCThreads=2 -Djdk.net.URLClassPath.disableClassPathURLCheck=true 
Picked up JAVA_TOOL_OPTIONS: -XX:CICompilerCount=2 -XX:ParallelGCThreads=2 -XX:ConcGCThreads=2 -Djdk.net.URLClassPath.disableClassPathURLCheck=true -XX:CICompilerCount=2 -XX:ParallelGCThreads=2 -XX:ConcGCThreads=2 -Djdk.net.URLClassPath.disableClassPathURLCheck=true 
Picked up JAVA_TOOL_OPTIONS: -XX:CICompilerCount=2 -XX:ParallelGCThreads=2 -XX:ConcGCThreads=2 -Djdk.net.URLClassPath.disableClassPathURLCheck=true -XX:CICompilerCount=2 -XX:ParallelGCThreads=2 -XX:ConcGCThreads=2 -Djdk.net.URLClassPath.disableClassPathURLCheck=true 
Picked up JAVA_TOOL_OPTIONS: -XX:CICompilerCount=2 -XX:ParallelGCThreads=2 -XX:ConcGCThreads=2 -Djdk.net.URLClassPath.disableClassPathURLCheck=true -XX:CICompilerCount=2 -XX:ParallelGCThreads=2 -XX:ConcGCThreads=2 -Djdk.net.URLClassPath.disableClassPathURLCheck=true 
Picked up JAVA_TOOL_OPTIONS: -XX:CICompilerCount=2 -XX:ParallelGCThreads=2 -XX:ConcGCThreads=2 -Djdk.net.URLClassPath.disableClassPathURLCheck=true -XX:CICompilerCount=2 -XX:ParallelGCThreads=2 -XX:ConcGCThreads=2 -Djdk.net.URLClassPath.disableClassPathURLCheck=true 
Picked up JAVA_TOOL_OPTIONS: -XX:CICompilerCount=2 -XX:ParallelGCThreads=2 -XX:ConcGCThreads=2 -Djdk.net.URLClassPath.disableClassPathURLCheck=true -XX:CICompilerCount=2 -XX:ParallelGCThreads=2 -XX:ConcGCThreads=2 -Djdk.net.URLClassPath.disableClassPathURLCheck=true 
Picked up JAVA_TOOL_OPTIONS: -XX:CICompilerCount=2 -XX:ParallelGCThreads=2 -XX:ConcGCThreads=2 -Djdk.net.URLClassPath.disableClassPathURLCheck=true -XX:CICompilerCount=2 -XX:ParallelGCThreads=2 -XX:ConcGCThreads=2 -Djdk.net.URLClassPath.disableClassPathURLCheck=true 
Picked up JAVA_TOOL_OPTIONS: -XX:CICompilerCount=2 -XX:ParallelGCThreads=2 -XX:ConcGCThreads=2 -Djdk.net.URLClassPath.disableClassPathURLCheck=true -XX:CICompilerCount=2 -XX:ParallelGCThreads=2 -XX:ConcGCThreads=2 -Djdk.net.URLClassPath.disableClassPathURLCheck=true 
Picked up JAVA_TOOL_OPTIONS: -XX:CICompilerCount=2 -XX:ParallelGCThreads=2 -XX:ConcGCThreads=2 -Djdk.net.URLClassPath.disableClassPathURLCheck=true -XX:CICompilerCount=2 -XX:ParallelGCThreads=2 -XX:ConcGCThreads=2 -Djdk.net.URLClassPath.disableClassPathURLCheck=true 
Picked up JAVA_TOOL_OPTIONS: -XX:CICompilerCount=2 -XX:ParallelGCThreads=2 -XX:ConcGCThreads=2 -Djdk.net.URLClassPath.disableClassPathURLCheck=true -XX:CICompilerCount=2 -XX:ParallelGCThreads=2 -XX:ConcGCThreads=2 -Djdk.net.URLClassPath.disableClassPathURLCheck=true 
Picked up JAVA_TOOL_OPTIONS: -XX:CICompilerCount=2 -XX:ParallelGCThreads=2 -XX:ConcGCThreads=2 -Djdk.net.URLClassPath.disableClassPathURLCheck=true -XX:CICompilerCount=2 -XX:ParallelGCThreads=2 -XX:ConcGCThreads=2 -Djdk.net.URLClassPath.disableClassPathURLCheck=true 
Picked up JAVA_TOOL_OPTIONS: -XX:CICompilerCount=2 -XX:ParallelGCThreads=2 -XX:ConcGCThreads=2 -Djdk.net.URLClassPath.disableClassPathURLCheck=true -XX:CICompilerCount=2 -XX:ParallelGCThreads=2 -XX:ConcGCThreads=2 -Djdk.net.URLClassPath.disableClassPathURLCheck=true 
Picked up JAVA_TOOL_OPTIONS: -XX:CICompilerCount=2 -XX:ParallelGCThreads=2 -XX:ConcGCThreads=2 -Djdk.net.URLClassPath.disableClassPathURLCheck=true -XX:CICompilerCount=2 -XX:ParallelGCThreads=2 -XX:ConcGCThreads=2 -Djdk.net.URLClassPath.disableClassPathURLCheck=true 
Picked up JAVA_TOOL_OPTIONS: -XX:CICompilerCount=2 -XX:ParallelGCThreads=2 -XX:ConcGCThreads=2 -Djdk.net.URLClassPath.disableClassPathURLCheck=true -XX:CICompilerCount=2 -XX:ParallelGCThreads=2 -XX:ConcGCThreads=2 -Djdk.net.URLClassPath.disableClassPathURLCheck=true 
Picked up JAVA_TOOL_OPTIONS: -XX:CICompilerCount=2 -XX:ParallelGCThreads=2 -XX:ConcGCThreads=2 -Djdk.net.URLClassPath.disableClassPathURLCheck=true -XX:CICompilerCount=2 -XX:ParallelGCThreads=2 -XX:ConcGCThreads=2 -Djdk.net.URLClassPath.disableClassPathURLCheck=true 
Picked up _JAVA_OPTIONS: -Djdk.net.URLClassPath.disableClassPathURLCheck=true
Picked up JAVA_TOOL_OPTIONS: -XX:CICompilerCount=2 -XX:ParallelGCThreads=2 -XX:ConcGCThreads=2 -Djdk.net.URLClassPath.disableClassPathURLCheck=true -XX:CICompilerCount=2 -XX:ParallelGCThreads=2 -XX:ConcGCThreads=2 -Djdk.net.URLClassPath.disableClassPathURLCheck=true 
Picked up JAVA_TOOL_OPTIONS: -XX:CICompilerCount=2 -XX:ParallelGCThreads=2 -XX:ConcGCThreads=2 -Djdk.net.URLClassPath.disableClassPathURLCheck=true -XX:CICompilerCount=2 -XX:ParallelGCThreads=2 -XX:ConcGCThreads=2 -Djdk.net.URLClassPath.disableClassPathURLCheck=true 
Picked up JAVA_TOOL_OPTIONS: -XX:CICompilerCount=2 -XX:ParallelGCThreads=2 -XX:ConcGCThreads=2 -Djdk.net.URLClassPath.disableClassPathURLCheck=true -XX:CICompilerCount=2 -XX:ParallelGCThreads=2 -XX:ConcGCThreads=2 -Djdk.net.URLClassPath.disableClassPathURLCheck=true 
Picked up JAVA_TOOL_OPTIONS: -XX:CICompilerCount=2 -XX:ParallelGCThreads=2 -XX:ConcGCThreads=2 -Djdk.net.URLClassPath.disableClassPathURLCheck=true -XX:CICompilerCount=2 -XX:ParallelGCThreads=2 -XX:ConcGCThreads=2 -Djdk.net.URLClassPath.disableClassPathURLCheck=true 
Picked up _JAVA_OPTIONS: -Djdk.net.URLClassPath.disableClassPathURLCheck=true
Picked up JAVA_TOOL_OPTIONS: -XX:CICompilerCount=2 -XX:ParallelGCThreads=2 -XX:ConcGCThreads=2 -Djdk.net.URLClassPath.disableClassPathURLCheck=true -XX:CICompilerCount=2 -XX:ParallelGCThreads=2 -XX:ConcGCThreads=2 -Djdk.net.URLClassPath.disableClassPathURLCheck=true 
Picked up JAVA_TOOL_OPTIONS: -XX:CICompilerCount=2 -XX:ParallelGCThreads=2 -XX:ConcGCThreads=2 -Djdk.net.URLClassPath.disableClassPathURLCheck=true -XX:CICompilerCount=2 -XX:ParallelGCThreads=2 -XX:ConcGCThreads=2 -Djdk.net.URLClassPath.disableClassPathURLCheck=true 
Picked up _JAVA_OPTIONS: -Djdk.net.URLClassPath.disableClassPathURLCheck=true
Picked up JAVA_TOOL_OPTIONS: -XX:CICompilerCount=2 -XX:ParallelGCThreads=2 -XX:ConcGCThreads=2 -Djdk.net.URLClassPath.disableClassPathURLCheck=true -XX:CICompilerCount=2 -XX:ParallelGCThreads=2 -XX:ConcGCThreads=2 -Djdk.net.URLClassPath.disableClassPathURLCheck=true 
Picked up JAVA_TOOL_OPTIONS: -XX:CICompilerCount=2 -XX:ParallelGCThreads=2 -XX:ConcGCThreads=2 -Djdk.net.URLClassPath.disableClassPathURLCheck=true -XX:CICompilerCount=2 -XX:ParallelGCThreads=2 -XX:ConcGCThreads=2 -Djdk.net.URLClassPath.disableClassPathURLCheck=true 
Picked up JAVA_TOOL_OPTIONS: -XX:CICompilerCount=2 -XX:ParallelGCThreads=2 -XX:ConcGCThreads=2 -Djdk.net.URLClassPath.disableClassPathURLCheck=true -XX:CICompilerCount=2 -XX:ParallelGCThreads=2 -XX:ConcGCThreads=2 -Djdk.net.URLClassPath.disableClassPathURLCheck=true 
Picked up _JAVA_OPTIONS: -Djdk.net.URLClassPath.disableClassPathURLCheck=true
Picked up JAVA_TOOL_OPTIONS: -XX:CICompilerCount=2 -XX:ParallelGCThreads=2 -XX:ConcGCThreads=2 -Djdk.net.URLClassPath.disableClassPathURLCheck=true -XX:CICompilerCount=2 -XX:ParallelGCThreads=2 -XX:ConcGCThreads=2 -Djdk.net.URLClassPath.disableClassPathURLCheck=true 
Picked up _JAVA_OPTIONS: -Djdk.net.URLClassPath.disableClassPathURLCheck=true
Picked up JAVA_TOOL_OPTIONS: -XX:CICompilerCount=2 -XX:ParallelGCThreads=2 -XX:ConcGCThreads=2 -Djdk.net.URLClassPath.disableClassPathURLCheck=true -XX:CICompilerCount=2 -XX:ParallelGCThreads=2 -XX:ConcGCThreads=2 -Djdk.net.URLClassPath.disableClassPathURLCheck=true 
Picked up _JAVA_OPTIONS: -Djdk.net.URLClassPath.disableClassPathURLCheck=true
Picked up JAVA_TOOL_OPTIONS: -XX:CICompilerCount=2 -XX:ParallelGCThreads=2 -XX:ConcGCThreads=2 -Djdk.net.URLClassPath.disableClassPathURLCheck=true -XX:CICompilerCount=2 -XX:ParallelGCThreads=2 -XX:ConcGCThreads=2 -Djdk.net.URLClassPath.disableClassPathURLCheck=true 
Picked up JAVA_TOOL_OPTIONS: -XX:CICompilerCount=2 -XX:ParallelGCThreads=2 -XX:ConcGCThreads=2 -Djdk.net.URLClassPath.disableClassPathURLCheck=true -XX:CICompilerCount=2 -XX:ParallelGCThreads=2 -XX:ConcGCThreads=2 -Djdk.net.URLClassPath.disableClassPathURLCheck=true 
Picked up JAVA_TOOL_OPTIONS: -XX:CICompilerCount=2 -XX:ParallelGCThreads=2 -XX:ConcGCThreads=2 -Djdk.net.URLClassPath.disableClassPathURLCheck=true -XX:CICompilerCount=2 -XX:ParallelGCThreads=2 -XX:ConcGCThreads=2 -Djdk.net.URLClassPath.disableClassPathURLCheck=true 
Picked up JAVA_TOOL_OPTIONS: -XX:CICompilerCount=2 -XX:ParallelGCThreads=2 -XX:ConcGCThreads=2 -Djdk.net.URLClassPath.disableClassPathURLCheck=true -XX:CICompilerCount=2 -XX:ParallelGCThreads=2 -XX:ConcGCThreads=2 -Djdk.net.URLClassPath.disableClassPathURLCheck=true 
Picked up _JAVA_OPTIONS: -Djdk.net.URLClassPath.disableClassPathURLCheck=true
Picked up _JAVA_OPTIONS: -Djdk.net.URLClassPath.disableClassPathURLCheck=true
Picked up _JAVA_OPTIONS: -Djdk.net.URLClassPath.disableClassPathURLCheck=true
Picked up JAVA_TOOL_OPTIONS: -XX:CICompilerCount=2 -XX:ParallelGCThreads=2 -XX:ConcGCThreads=2 -Djdk.net.URLClassPath.disableClassPathURLCheck=true -XX:CICompilerCount=2 -XX:ParallelGCThreads=2 -XX:ConcGCThreads=2 -Djdk.net.URLClassPath.disableClassPathURLCheck=true 
Picked up JAVA_TOOL_OPTIONS: -XX:CICompilerCount=2 -XX:ParallelGCThreads=2 -XX:ConcGCThreads=2 -Djdk.net.URLClassPath.disableClassPathURLCheck=true -XX:CICompilerCount=2 -XX:ParallelGCThreads=2 -XX:ConcGCThreads=2 -Djdk.net.URLClassPath.disableClassPathURLCheck=true 
Picked up _JAVA_OPTIONS: -Djdk.net.URLClassPath.disableClassPathURLCheck=true
Picked up _JAVA_OPTIONS: -Djdk.net.URLClassPath.disableClassPathURLCheck=true
Picked up _JAVA_OPTIONS: -Djdk.net.URLClassPath.disableClassPathURLCheck=true
Picked up _JAVA_OPTIONS: -Djdk.net.URLClassPath.disableClassPathURLCheck=true
Picked up _JAVA_OPTIONS: -Djdk.net.URLClassPath.disableClassPathURLCheck=true
Picked up _JAVA_OPTIONS: -Djdk.net.URLClassPath.disableClassPathURLCheck=true
Picked up _JAVA_OPTIONS: -Djdk.net.URLClassPath.disableClassPathURLCheck=true
Picked up _JAVA_OPTIONS: -Djdk.net.URLClassPath.disableClassPathURLCheck=true
Picked up _JAVA_OPTIONS: -Djdk.net.URLClassPath.disableClassPathURLCheck=true
Picked up _JAVA_OPTIONS: -Djdk.net.URLClassPath.disableClassPathURLCheck=true
Picked up _JAVA_OPTIONS: -Djdk.net.URLClassPath.disableClassPathURLCheck=true
Picked up JAVA_TOOL_OPTIONS: -XX:CICompilerCount=2 -XX:ParallelGCThreads=2 -XX:ConcGCThreads=2 -Djdk.net.URLClassPath.disableClassPathURLCheck=true -XX:CICompilerCount=2 -XX:ParallelGCThreads=2 -XX:ConcGCThreads=2 -Djdk.net.URLClassPath.disableClassPathURLCheck=true 
Picked up _JAVA_OPTIONS: -Djdk.net.URLClassPath.disableClassPathURLCheck=true
Picked up JAVA_TOOL_OPTIONS: -XX:CICompilerCount=2 -XX:ParallelGCThreads=2 -XX:ConcGCThreads=2 -Djdk.net.URLClassPath.disableClassPathURLCheck=true -XX:CICompilerCount=2 -XX:ParallelGCThreads=2 -XX:ConcGCThreads=2 -Djdk.net.URLClassPath.disableClassPathURLCheck=true 
Picked up _JAVA_OPTIONS: -Djdk.net.URLClassPath.disableClassPathURLCheck=true
Picked up JAVA_TOOL_OPTIONS: -XX:CICompilerCount=2 -XX:ParallelGCThreads=2 -XX:ConcGCThreads=2 -Djdk.net.URLClassPath.disableClassPathURLCheck=true -XX:CICompilerCount=2 -XX:ParallelGCThreads=2 -XX:ConcGCThreads=2 -Djdk.net.URLClassPath.disableClassPathURLCheck=true 
Picked up _JAVA_OPTIONS: -Djdk.net.URLClassPath.disableClassPathURLCheck=true
Picked up JAVA_TOOL_OPTIONS: -XX:CICompilerCount=2 -XX:ParallelGCThreads=2 -XX:ConcGCThreads=2 -Djdk.net.URLClassPath.disableClassPathURLCheck=true -XX:CICompilerCount=2 -XX:ParallelGCThreads=2 -XX:ConcGCThreads=2 -Djdk.net.URLClassPath.disableClassPathURLCheck=true 
Picked up _JAVA_OPTIONS: -Djdk.net.URLClassPath.disableClassPathURLCheck=true
Picked up JAVA_TOOL_OPTIONS: -XX:CICompilerCount=2 -XX:ParallelGCThreads=2 -XX:ConcGCThreads=2 -Djdk.net.URLClassPath.disableClassPathURLCheck=true -XX:CICompilerCount=2 -XX:ParallelGCThreads=2 -XX:ConcGCThreads=2 -Djdk.net.URLClassPath.disableClassPathURLCheck=true 
Picked up JAVA_TOOL_OPTIONS: -XX:CICompilerCount=2 -XX:ParallelGCThreads=2 -XX:ConcGCThreads=2 -Djdk.net.URLClassPath.disableClassPathURLCheck=true -XX:CICompilerCount=2 -XX:ParallelGCThreads=2 -XX:ConcGCThreads=2 -Djdk.net.URLClassPath.disableClassPathURLCheck=true 
Picked up _JAVA_OPTIONS: -Djdk.net.URLClassPath.disableClassPathURLCheck=true
Running org.apache.flink.streaming.api.functions.windowing.delta.extractor.FieldFromArrayTest
Picked up _JAVA_OPTIONS: -Djdk.net.URLClassPath.disableClassPathURLCheck=true
Running org.apache.flink.streaming.api.collector.OutputSelectorTest
Running org.apache.flink.streaming.api.operators.StreamCounterTest
Picked up _JAVA_OPTIONS: -Djdk.net.URLClassPath.disableClassPathURLCheck=true
Running org.apache.flink.streaming.api.operators.co.SelfConnectionTest
Running org.apache.flink.streaming.runtime.operators.windowing.AggregatingAlignedProcessingTimeWindowOperatorTest
Running org.apache.flink.streaming.api.operators.co.CoStreamFlatMapTest
Running org.apache.flink.streaming.runtime.io.BufferSpillerTest
Running org.apache.flink.streaming.api.functions.windowing.delta.extractor.FieldsFromTupleTest
Running org.apache.flink.streaming.runtime.operators.windowing.EvictingWindowOperatorTest
Picked up _JAVA_OPTIONS: -Djdk.net.URLClassPath.disableClassPathURLCheck=true
Picked up _JAVA_OPTIONS: -Djdk.net.URLClassPath.disableClassPathURLCheck=true
Running org.apache.flink.streaming.runtime.operators.windowing.AccumulatingAlignedProcessingTimeWindowOperatorTest
Running org.apache.flink.streaming.api.operators.StreamFlatMapTest
Running org.apache.flink.streaming.runtime.partitioner.ShufflePartitionerTest
Running org.apache.flink.streaming.runtime.io.BarrierBufferMassiveRandomTest
Picked up _JAVA_OPTIONS: -Djdk.net.URLClassPath.disableClassPathURLCheck=true
Running org.apache.flink.streaming.api.functions.windowing.delta.extractor.ArrayFromTupleTest
Picked up JAVA_TOOL_OPTIONS: -XX:CICompilerCount=2 -XX:ParallelGCThreads=2 -XX:ConcGCThreads=2 -Djdk.net.URLClassPath.disableClassPathURLCheck=true -XX:CICompilerCount=2 -XX:ParallelGCThreads=2 -XX:ConcGCThreads=2 -Djdk.net.URLClassPath.disableClassPathURLCheck=true 
Picked up _JAVA_OPTIONS: -Djdk.net.URLClassPath.disableClassPathURLCheck=true
Picked up JAVA_TOOL_OPTIONS: -XX:CICompilerCount=2 -XX:ParallelGCThreads=2 -XX:ConcGCThreads=2 -Djdk.net.URLClassPath.disableClassPathURLCheck=true -XX:CICompilerCount=2 -XX:ParallelGCThreads=2 -XX:ConcGCThreads=2 -Djdk.net.URLClassPath.disableClassPathURLCheck=true 
Running org.apache.flink.streaming.runtime.partitioner.BroadcastPartitionerTest
Picked up JAVA_TOOL_OPTIONS: -XX:CICompilerCount=2 -XX:ParallelGCThreads=2 -XX:ConcGCThreads=2 -Djdk.net.URLClassPath.disableClassPathURLCheck=true -XX:CICompilerCount=2 -XX:ParallelGCThreads=2 -XX:ConcGCThreads=2 -Djdk.net.URLClassPath.disableClassPathURLCheck=true 
Running org.apache.flink.streaming.api.CoStreamTest
Picked up _JAVA_OPTIONS: -Djdk.net.URLClassPath.disableClassPathURLCheck=true
Picked up JAVA_TOOL_OPTIONS: -XX:CICompilerCount=2 -XX:ParallelGCThreads=2 -XX:ConcGCThreads=2 -Djdk.net.URLClassPath.disableClassPathURLCheck=true -XX:CICompilerCount=2 -XX:ParallelGCThreads=2 -XX:ConcGCThreads=2 -Djdk.net.URLClassPath.disableClassPathURLCheck=true 
Picked up _JAVA_OPTIONS: -Djdk.net.URLClassPath.disableClassPathURLCheck=true
Tests run: 2, Failures: 0, Errors: 0, Skipped: 0, Time elapsed: 0.003 sec - in org.apache.flink.streaming.api.functions.windowing.delta.extractor.ArrayFromTupleTest
Picked up _JAVA_OPTIONS: -Djdk.net.URLClassPath.disableClassPathURLCheck=true
Picked up JAVA_TOOL_OPTIONS: -XX:CICompilerCount=2 -XX:ParallelGCThreads=2 -XX:ConcGCThreads=2 -Djdk.net.URLClassPath.disableClassPathURLCheck=true -XX:CICompilerCount=2 -XX:ParallelGCThreads=2 -XX:ConcGCThreads=2 -Djdk.net.URLClassPath.disableClassPathURLCheck=true 
Picked up _JAVA_OPTIONS: -Djdk.net.URLClassPath.disableClassPathURLCheck=true
Picked up JAVA_TOOL_OPTIONS: -XX:CICompilerCount=2 -XX:ParallelGCThreads=2 -XX:ConcGCThreads=2 -Djdk.net.URLClassPath.disableClassPathURLCheck=true -XX:CICompilerCount=2 -XX:ParallelGCThreads=2 -XX:ConcGCThreads=2 -Djdk.net.URLClassPath.disableClassPathURLCheck=true 
Picked up _JAVA_OPTIONS: -Djdk.net.URLClassPath.disableClassPathURLCheck=true
Picked up JAVA_TOOL_OPTIONS: -XX:CICompilerCount=2 -XX:ParallelGCThreads=2 -XX:ConcGCThreads=2 -Djdk.net.URLClassPath.disableClassPathURLCheck=true -XX:CICompilerCount=2 -XX:ParallelGCThreads=2 -XX:ConcGCThreads=2 -Djdk.net.URLClassPath.disableClassPathURLCheck=true 
Picked up _JAVA_OPTIONS: -Djdk.net.URLClassPath.disableClassPathURLCheck=true
Picked up JAVA_TOOL_OPTIONS: -XX:CICompilerCount=2 -XX:ParallelGCThreads=2 -XX:ConcGCThreads=2 -Djdk.net.URLClassPath.disableClassPathURLCheck=true -XX:CICompilerCount=2 -XX:ParallelGCThreads=2 -XX:ConcGCThreads=2 -Djdk.net.URLClassPath.disableClassPathURLCheck=true 
Picked up _JAVA_OPTIONS: -Djdk.net.URLClassPath.disableClassPathURLCheck=true
Picked up JAVA_TOOL_OPTIONS: -XX:CICompilerCount=2 -XX:ParallelGCThreads=2 -XX:ConcGCThreads=2 -Djdk.net.URLClassPath.disableClassPathURLCheck=true -XX:CICompilerCount=2 -XX:ParallelGCThreads=2 -XX:ConcGCThreads=2 -Djdk.net.URLClassPath.disableClassPathURLCheck=true 
Picked up _JAVA_OPTIONS: -Djdk.net.URLClassPath.disableClassPathURLCheck=true
Picked up JAVA_TOOL_OPTIONS: -XX:CICompilerCount=2 -XX:ParallelGCThreads=2 -XX:ConcGCThreads=2 -Djdk.net.URLClassPath.disableClassPathURLCheck=true -XX:CICompilerCount=2 -XX:ParallelGCThreads=2 -XX:ConcGCThreads=2 -Djdk.net.URLClassPath.disableClassPathURLCheck=true 
Picked up _JAVA_OPTIONS: -Djdk.net.URLClassPath.disableClassPathURLCheck=true
Picked up JAVA_TOOL_OPTIONS: -XX:CICompilerCount=2 -XX:ParallelGCThreads=2 -XX:ConcGCThreads=2 -Djdk.net.URLClassPath.disableClassPathURLCheck=true -XX:CICompilerCount=2 -XX:ParallelGCThreads=2 -XX:ConcGCThreads=2 -Djdk.net.URLClassPath.disableClassPathURLCheck=true 
Picked up _JAVA_OPTIONS: -Djdk.net.URLClassPath.disableClassPathURLCheck=true
Picked up JAVA_TOOL_OPTIONS: -XX:CICompilerCount=2 -XX:ParallelGCThreads=2 -XX:ConcGCThreads=2 -Djdk.net.URLClassPath.disableClassPathURLCheck=true -XX:CICompilerCount=2 -XX:ParallelGCThreads=2 -XX:ConcGCThreads=2 -Djdk.net.URLClassPath.disableClassPathURLCheck=true 
Picked up _JAVA_OPTIONS: -Djdk.net.URLClassPath.disableClassPathURLCheck=true
Picked up JAVA_TOOL_OPTIONS: -XX:CICompilerCount=2 -XX:ParallelGCThreads=2 -XX:ConcGCThreads=2 -Djdk.net.URLClassPath.disableClassPathURLCheck=true -XX:CICompilerCount=2 -XX:ParallelGCThreads=2 -XX:ConcGCThreads=2 -Djdk.net.URLClassPath.disableClassPathURLCheck=true 
Picked up _JAVA_OPTIONS: -Djdk.net.URLClassPath.disableClassPathURLCheck=true
Picked up JAVA_TOOL_OPTIONS: -XX:CICompilerCount=2 -XX:ParallelGCThreads=2 -XX:ConcGCThreads=2 -Djdk.net.URLClassPath.disableClassPathURLCheck=true -XX:CICompilerCount=2 -XX:ParallelGCThreads=2 -XX:ConcGCThreads=2 -Djdk.net.URLClassPath.disableClassPathURLCheck=true 
Picked up _JAVA_OPTIONS: -Djdk.net.URLClassPath.disableClassPathURLCheck=true
Picked up JAVA_TOOL_OPTIONS: -XX:CICompilerCount=2 -XX:ParallelGCThreads=2 -XX:ConcGCThreads=2 -Djdk.net.URLClassPath.disableClassPathURLCheck=true -XX:CICompilerCount=2 -XX:ParallelGCThreads=2 -XX:ConcGCThreads=2 -Djdk.net.URLClassPath.disableClassPathURLCheck=true 
Picked up _JAVA_OPTIONS: -Djdk.net.URLClassPath.disableClassPathURLCheck=true
Picked up JAVA_TOOL_OPTIONS: -XX:CICompilerCount=2 -XX:ParallelGCThreads=2 -XX:ConcGCThreads=2 -Djdk.net.URLClassPath.disableClassPathURLCheck=true -XX:CICompilerCount=2 -XX:ParallelGCThreads=2 -XX:ConcGCThreads=2 -Djdk.net.URLClassPath.disableClassPathURLCheck=true 
Picked up _JAVA_OPTIONS: -Djdk.net.URLClassPath.disableClassPathURLCheck=true
Picked up JAVA_TOOL_OPTIONS: -XX:CICompilerCount=2 -XX:ParallelGCThreads=2 -XX:ConcGCThreads=2 -Djdk.net.URLClassPath.disableClassPathURLCheck=true -XX:CICompilerCount=2 -XX:ParallelGCThreads=2 -XX:ConcGCThreads=2 -Djdk.net.URLClassPath.disableClassPathURLCheck=true 
Picked up _JAVA_OPTIONS: -Djdk.net.URLClassPath.disableClassPathURLCheck=true
Picked up JAVA_TOOL_OPTIONS: -XX:CICompilerCount=2 -XX:ParallelGCThreads=2 -XX:ConcGCThreads=2 -Djdk.net.URLClassPath.disableClassPathURLCheck=true -XX:CICompilerCount=2 -XX:ParallelGCThreads=2 -XX:ConcGCThreads=2 -Djdk.net.URLClassPath.disableClassPathURLCheck=true 
Picked up _JAVA_OPTIONS: -Djdk.net.URLClassPath.disableClassPathURLCheck=true
Picked up JAVA_TOOL_OPTIONS: -XX:CICompilerCount=2 -XX:ParallelGCThreads=2 -XX:ConcGCThreads=2 -Djdk.net.URLClassPath.disableClassPathURLCheck=true -XX:CICompilerCount=2 -XX:ParallelGCThreads=2 -XX:ConcGCThreads=2 -Djdk.net.URLClassPath.disableClassPathURLCheck=true 
Picked up _JAVA_OPTIONS: -Djdk.net.URLClassPath.disableClassPathURLCheck=true
Picked up JAVA_TOOL_OPTIONS: -XX:CICompilerCount=2 -XX:ParallelGCThreads=2 -XX:ConcGCThreads=2 -Djdk.net.URLClassPath.disableClassPathURLCheck=true -XX:CICompilerCount=2 -XX:ParallelGCThreads=2 -XX:ConcGCThreads=2 -Djdk.net.URLClassPath.disableClassPathURLCheck=true 
Picked up _JAVA_OPTIONS: -Djdk.net.URLClassPath.disableClassPathURLCheck=true
Picked up JAVA_TOOL_OPTIONS: -XX:CICompilerCount=2 -XX:ParallelGCThreads=2 -XX:ConcGCThreads=2 -Djdk.net.URLClassPath.disableClassPathURLCheck=true -XX:CICompilerCount=2 -XX:ParallelGCThreads=2 -XX:ConcGCThreads=2 -Djdk.net.URLClassPath.disableClassPathURLCheck=true 
Picked up _JAVA_OPTIONS: -Djdk.net.URLClassPath.disableClassPathURLCheck=true
Picked up JAVA_TOOL_OPTIONS: -XX:CICompilerCount=2 -XX:ParallelGCThreads=2 -XX:ConcGCThreads=2 -Djdk.net.URLClassPath.disableClassPathURLCheck=true -XX:CICompilerCount=2 -XX:ParallelGCThreads=2 -XX:ConcGCThreads=2 -Djdk.net.URLClassPath.disableClassPathURLCheck=true 
Picked up _JAVA_OPTIONS: -Djdk.net.URLClassPath.disableClassPathURLCheck=true
Picked up JAVA_TOOL_OPTIONS: -XX:CICompilerCount=2 -XX:ParallelGCThreads=2 -XX:ConcGCThreads=2 -Djdk.net.URLClassPath.disableClassPathURLCheck=true -XX:CICompilerCount=2 -XX:ParallelGCThreads=2 -XX:ConcGCThreads=2 -Djdk.net.URLClassPath.disableClassPathURLCheck=true 
Picked up _JAVA_OPTIONS: -Djdk.net.URLClassPath.disableClassPathURLCheck=true
Picked up JAVA_TOOL_OPTIONS: -XX:CICompilerCount=2 -XX:ParallelGCThreads=2 -XX:ConcGCThreads=2 -Djdk.net.URLClassPath.disableClassPathURLCheck=true -XX:CICompilerCount=2 -XX:ParallelGCThreads=2 -XX:ConcGCThreads=2 -Djdk.net.URLClassPath.disableClassPathURLCheck=true 
Picked up _JAVA_OPTIONS: -Djdk.net.URLClassPath.disableClassPathURLCheck=true
Picked up JAVA_TOOL_OPTIONS: -XX:CICompilerCount=2 -XX:ParallelGCThreads=2 -XX:ConcGCThreads=2 -Djdk.net.URLClassPath.disableClassPathURLCheck=true -XX:CICompilerCount=2 -XX:ParallelGCThreads=2 -XX:ConcGCThreads=2 -Djdk.net.URLClassPath.disableClassPathURLCheck=true 
Picked up _JAVA_OPTIONS: -Djdk.net.URLClassPath.disableClassPathURLCheck=true
Running org.apache.flink.streaming.runtime.streamrecord.StreamRecordSerializerTest
Running org.apache.flink.streaming.api.streamtask.StreamVertexTest
Running org.apache.flink.streaming.runtime.io.BarrierBufferTest
Running org.apache.flink.streaming.api.functions.windowing.delta.extractor.ConcatenatedExtractTest
Running org.apache.flink.streaming.runtime.partitioner.GlobalPartitionerTest
Running org.apache.flink.streaming.api.functions.windowing.delta.extractor.FieldFromTupleTest
Tests run: 1, Failures: 0, Errors: 0, Skipped: 0, Time elapsed: 0 sec - in org.apache.flink.streaming.api.functions.windowing.delta.extractor.FieldFromTupleTest
Picked up JAVA_TOOL_OPTIONS: -XX:CICompilerCount=2 -XX:ParallelGCThreads=2 -XX:ConcGCThreads=2 -Djdk.net.URLClassPath.disableClassPathURLCheck=true -XX:CICompilerCount=2 -XX:ParallelGCThreads=2 -XX:ConcGCThreads=2 -Djdk.net.URLClassPath.disableClassPathURLCheck=true 
Picked up _JAVA_OPTIONS: -Djdk.net.URLClassPath.disableClassPathURLCheck=true
Tests run: 2, Failures: 0, Errors: 0, Skipped: 0, Time elapsed: 0.001 sec - in org.apache.flink.streaming.runtime.streamrecord.StreamRecordSerializerTest
Running org.apache.flink.streaming.api.collector.DirectedOutputTest
Picked up _JAVA_OPTIONS: -Djdk.net.URLClassPath.disableClassPathURLCheck=true
Running org.apache.flink.streaming.util.keys.ArrayKeySelectorTest
Tests run: 1, Failures: 0, Errors: 0, Skipped: 0, Time elapsed: 0.001 sec - in org.apache.flink.streaming.runtime.partitioner.GlobalPartitionerTest
Tests run: 2, Failures: 0, Errors: 0, Skipped: 0, Time elapsed: 0 sec - in org.apache.flink.streaming.util.keys.ArrayKeySelectorTest
Tests run: 2, Failures: 0, Errors: 0, Skipped: 0, Time elapsed: 0 sec - in org.apache.flink.streaming.api.functions.windowing.delta.extractor.ConcatenatedExtractTest
Running org.apache.flink.streaming.runtime.io.SpilledBufferOrEventSequenceTest
Running org.apache.flink.streaming.runtime.operators.windowing.TimeWindowTranslationTest
Picked up _JAVA_OPTIONS: -Djdk.net.URLClassPath.disableClassPathURLCheck=true
Picked up _JAVA_OPTIONS: -Djdk.net.URLClassPath.disableClassPathURLCheck=true
Running org.apache.flink.streaming.api.functions.source.SocketTextStreamFunctionTest
Running org.apache.flink.streaming.runtime.operators.windowing.EvictingNonKeyedWindowOperatorTest
Picked up _JAVA_OPTIONS: -Djdk.net.URLClassPath.disableClassPathURLCheck=true
Running org.apache.flink.streaming.api.operators.StreamMapTest
Running org.apache.flink.streaming.runtime.operators.windowing.KeyMapPutIfAbsentTest
Picked up JAVA_TOOL_OPTIONS: -XX:CICompilerCount=2 -XX:ParallelGCThreads=2 -XX:ConcGCThreads=2 -Djdk.net.URLClassPath.disableClassPathURLCheck=true -XX:CICompilerCount=2 -XX:ParallelGCThreads=2 -XX:ConcGCThreads=2 -Djdk.net.URLClassPath.disableClassPathURLCheck=true 
Picked up _JAVA_OPTIONS: -Djdk.net.URLClassPath.disableClassPathURLCheck=true
Running org.apache.flink.streaming.api.windowing.deltafunction.EuclideanDistanceTest
Running org.apache.flink.streaming.api.OutputSplitterTest
Tests run: 1, Failures: 0, Errors: 0, Skipped: 0, Time elapsed: 0.001 sec - in org.apache.flink.streaming.api.windowing.deltafunction.EuclideanDistanceTest
Picked up _JAVA_OPTIONS: -Djdk.net.URLClassPath.disableClassPathURLCheck=true
Running org.apache.flink.streaming.runtime.operators.windowing.WindowTranslationTest
Running org.apache.flink.streaming.util.TypeInformationSerializationSchemaTest
Picked up _JAVA_OPTIONS: -Djdk.net.URLClassPath.disableClassPathURLCheck=true
Running org.apache.flink.streaming.api.operators.StreamGroupedReduceTest
Running org.apache.flink.streaming.runtime.operators.windowing.KeyMapTest
Running org.apache.flink.streaming.api.graph.SlotAllocationTest
Picked up JAVA_TOOL_OPTIONS: -XX:CICompilerCount=2 -XX:ParallelGCThreads=2 -XX:ConcGCThreads=2 -Djdk.net.URLClassPath.disableClassPathURLCheck=true -XX:CICompilerCount=2 -XX:ParallelGCThreads=2 -XX:ConcGCThreads=2 -Djdk.net.URLClassPath.disableClassPathURLCheck=true 
Picked up _JAVA_OPTIONS: -Djdk.net.URLClassPath.disableClassPathURLCheck=true
Picked up JAVA_TOOL_OPTIONS: -XX:CICompilerCount=2 -XX:ParallelGCThreads=2 -XX:ConcGCThreads=2 -Djdk.net.URLClassPath.disableClassPathURLCheck=true -XX:CICompilerCount=2 -XX:ParallelGCThreads=2 -XX:ConcGCThreads=2 -Djdk.net.URLClassPath.disableClassPathURLCheck=true 
Picked up _JAVA_OPTIONS: -Djdk.net.URLClassPath.disableClassPathURLCheck=true
Running org.apache.flink.streaming.api.operators.StreamProjectTest
Tests run: 2, Failures: 0, Errors: 0, Skipped: 0, Time elapsed: 0.015 sec - in org.apache.flink.streaming.api.operators.StreamMapTest
Running org.apache.flink.streaming.runtime.operators.windowing.NonKeyedWindowOperatorTest
Running org.apache.flink.streaming.runtime.partitioner.ForwardPartitionerTest
Picked up JAVA_TOOL_OPTIONS: -XX:CICompilerCount=2 -XX:ParallelGCThreads=2 -XX:ConcGCThreads=2 -Djdk.net.URLClassPath.disableClassPathURLCheck=true -XX:CICompilerCount=2 -XX:ParallelGCThreads=2 -XX:ConcGCThreads=2 -Djdk.net.URLClassPath.disableClassPathURLCheck=true 
Picked up _JAVA_OPTIONS: -Djdk.net.URLClassPath.disableClassPathURLCheck=true
Running org.apache.flink.streaming.api.functions.sink.SocketClientSinkTest
Running org.apache.flink.streaming.api.windowing.deltafunction.CosineDistanceTest
Picked up JAVA_TOOL_OPTIONS: -XX:CICompilerCount=2 -XX:ParallelGCThreads=2 -XX:ConcGCThreads=2 -Djdk.net.URLClassPath.disableClassPathURLCheck=true -XX:CICompilerCount=2 -XX:ParallelGCThreads=2 -XX:ConcGCThreads=2 -Djdk.net.URLClassPath.disableClassPathURLCheck=true 
Picked up _JAVA_OPTIONS: -Djdk.net.URLClassPath.disableClassPathURLCheck=true
Running org.apache.flink.streaming.api.complex.ComplexIntegrationTest
Tests run: 1, Failures: 0, Errors: 0, Skipped: 0, Time elapsed: 0.002 sec - in org.apache.flink.streaming.runtime.operators.windowing.EvictingWindowOperatorTest
Tests run: 1, Failures: 0, Errors: 0, Skipped: 0, Time elapsed: 0.003 sec - in org.apache.flink.streaming.api.collector.OutputSelectorTest
Tests run: 3, Failures: 0, Errors: 0, Skipped: 0, Time elapsed: 0.004 sec - in org.apache.flink.streaming.api.functions.windowing.delta.extractor.FieldFromArrayTest
Picked up _JAVA_OPTIONS: -Djdk.net.URLClassPath.disableClassPathURLCheck=true
Running org.apache.flink.streaming.api.IterateTest
Running org.apache.flink.streaming.runtime.operators.windowing.KeyMapPutTest
Running org.apache.flink.streaming.runtime.partitioner.HashPartitionerTest
Tests run: 2, Failures: 0, Errors: 0, Skipped: 0, Time elapsed: 0.001 sec - in org.apache.flink.streaming.runtime.partitioner.ShufflePartitionerTest
Running org.apache.flink.streaming.api.StreamExecutionEnvironmentTest
Running org.apache.flink.streaming.api.operators.StreamGroupedFoldTest
Running org.apache.flink.streaming.api.functions.source.FileMonitoringFunctionTest
Running org.apache.flink.streaming.api.operators.co.CoStreamMapTest
Running org.apache.flink.streaming.api.SourceFunctionTest
Running org.apache.flink.streaming.api.TypeFillTest
Running org.apache.flink.streaming.runtime.operators.windowing.AllWindowTranslationTest
Running org.apache.flink.streaming.api.ChainedRuntimeContextTest
Running org.apache.flink.streaming.util.FieldAccessorTest
Running org.apache.flink.streaming.runtime.operators.windowing.WindowOperatorTest
Tests run: 2, Failures: 0, Errors: 0, Skipped: 0, Time elapsed: 0.164 sec - in org.apache.flink.streaming.api.operators.co.CoStreamFlatMapTest
Running org.apache.flink.streaming.api.operators.FoldWindowFunctionTest
Running org.apache.flink.streaming.api.functions.windowing.delta.extractor.FieldsFromArrayTest
Running org.apache.flink.streaming.runtime.partitioner.RebalancePartitionerTest
Picked up JAVA_TOOL_OPTIONS: -XX:CICompilerCount=2 -XX:ParallelGCThreads=2 -XX:ConcGCThreads=2 -Djdk.net.URLClassPath.disableClassPathURLCheck=true -XX:CICompilerCount=2 -XX:ParallelGCThreads=2 -XX:ConcGCThreads=2 -Djdk.net.URLClassPath.disableClassPathURLCheck=true 
Picked up _JAVA_OPTIONS: -Djdk.net.URLClassPath.disableClassPathURLCheck=true
Running org.apache.flink.streaming.runtime.io.BarrierTrackerTest
Running org.apache.flink.streaming.api.functions.PrintSinkFunctionTest
Running org.apache.flink.streaming.api.operators.StreamFilterTest
Picked up JAVA_TOOL_OPTIONS: -XX:CICompilerCount=2 -XX:ParallelGCThreads=2 -XX:ConcGCThreads=2 -Djdk.net.URLClassPath.disableClassPathURLCheck=true -XX:CICompilerCount=2 -XX:ParallelGCThreads=2 -XX:ConcGCThreads=2 -Djdk.net.URLClassPath.disableClassPathURLCheck=true 
Picked up _JAVA_OPTIONS: -Djdk.net.URLClassPath.disableClassPathURLCheck=true
Running org.apache.flink.streaming.graph.TranslationTest
Tests run: 2, Failures: 0, Errors: 0, Skipped: 0, Time elapsed: 0 sec - in org.apache.flink.streaming.util.FieldAccessorTest
Tests run: 2, Failures: 0, Errors: 0, Skipped: 0, Time elapsed: 0.001 sec - in org.apache.flink.streaming.runtime.partitioner.RebalancePartitionerTest
Picked up JAVA_TOOL_OPTIONS: -XX:CICompilerCount=2 -XX:ParallelGCThreads=2 -XX:ConcGCThreads=2 -Djdk.net.URLClassPath.disableClassPathURLCheck=true -XX:CICompilerCount=2 -XX:ParallelGCThreads=2 -XX:ConcGCThreads=2 -Djdk.net.URLClassPath.disableClassPathURLCheck=true 
Picked up _JAVA_OPTIONS: -Djdk.net.URLClassPath.disableClassPathURLCheck=true
Running org.apache.flink.streaming.api.graph.StreamGraphGeneratorTest
Tests run: 2, Failures: 0, Errors: 0, Skipped: 0, Time elapsed: 0.193 sec - in org.apache.flink.streaming.api.operators.StreamFlatMapTest
Tests run: 2, Failures: 0, Errors: 0, Skipped: 0, Time elapsed: 0.001 sec - in org.apache.flink.streaming.api.operators.co.CoStreamMapTest
Tests run: 1, Failures: 0, Errors: 0, Skipped: 0, Time elapsed: 0 sec - in org.apache.flink.streaming.api.windowing.deltafunction.CosineDistanceTest
Tests run: 1, Failures: 0, Errors: 0, Skipped: 0, Time elapsed: 0 sec - in org.apache.flink.streaming.runtime.partitioner.BroadcastPartitionerTest
Picked up _JAVA_OPTIONS: -Djdk.net.URLClassPath.disableClassPathURLCheck=true
Running org.apache.flink.streaming.api.PartitionerTest
Tests run: 2, Failures: 0, Errors: 0, Skipped: 0, Time elapsed: 0.001 sec - in org.apache.flink.streaming.runtime.partitioner.ForwardPartitionerTest
Tests run: 1, Failures: 0, Errors: 0, Skipped: 0, Time elapsed: 0.002 sec - in org.apache.flink.streaming.api.functions.windowing.delta.extractor.FieldsFromTupleTest
Running org.apache.flink.streaming.api.functions.FromElementsFunctionTest
Tests run: 2, Failures: 0, Errors: 0, Skipped: 0, Time elapsed: 0 sec - in org.apache.flink.streaming.api.operators.StreamFilterTest
Running org.apache.flink.streaming.api.DataStreamTest
Tests run: 3, Failures: 0, Errors: 0, Skipped: 0, Time elapsed: 0 sec - in org.apache.flink.streaming.api.functions.windowing.delta.extractor.FieldsFromArrayTest
Picked up JAVA_TOOL_OPTIONS: -XX:CICompilerCount=2 -XX:ParallelGCThreads=2 -XX:ConcGCThreads=2 -Djdk.net.URLClassPath.disableClassPathURLCheck=true -XX:CICompilerCount=2 -XX:ParallelGCThreads=2 -XX:ConcGCThreads=2 -Djdk.net.URLClassPath.disableClassPathURLCheck=true 
Picked up _JAVA_OPTIONS: -Djdk.net.URLClassPath.disableClassPathURLCheck=true
Tests run: 1, Failures: 0, Errors: 1, Skipped: 0, Time elapsed: 0.001 sec <<< FAILURE! - in org.apache.flink.streaming.api.operators.FoldWindowFunctionTest
testFoldWindowFunctionOutputTypeConfigurable(org.apache.flink.streaming.api.operators.FoldWindowFunctionTest)  Time elapsed: 0.001 sec  <<< ERROR!
java.lang.NullPointerException: null
	at org.apache.flink.streaming.api.functions.windowing.FoldWindowFunction.apply(FoldWindowFunction.java:70)
	at org.apache.flink.streaming.api.operators.FoldWindowFunctionTest.testFoldWindowFunctionOutputTypeConfigurable(FoldWindowFunctionTest.java:120)

Tests run: 7, Failures: 0, Errors: 0, Skipped: 0, Time elapsed: 0.062 sec - in org.apache.flink.streaming.runtime.io.BarrierTrackerTest
Tests run: 2, Failures: 0, Errors: 0, Skipped: 0, Time elapsed: 0.003 sec - in org.apache.flink.streaming.runtime.partitioner.HashPartitionerTest
Running org.apache.flink.streaming.api.graph.StreamingJobGraphGeneratorTest
Picked up JAVA_TOOL_OPTIONS: -XX:CICompilerCount=2 -XX:ParallelGCThreads=2 -XX:ConcGCThreads=2 -Djdk.net.URLClassPath.disableClassPathURLCheck=true -XX:CICompilerCount=2 -XX:ParallelGCThreads=2 -XX:ConcGCThreads=2 -Djdk.net.URLClassPath.disableClassPathURLCheck=true 
Picked up _JAVA_OPTIONS: -Djdk.net.URLClassPath.disableClassPathURLCheck=true
Tests run: 8, Failures: 0, Errors: 0, Skipped: 0, Time elapsed: 0.227 sec - in org.apache.flink.streaming.runtime.io.SpilledBufferOrEventSequenceTest
Tests run: 2, Failures: 0, Errors: 0, Skipped: 0, Time elapsed: 0.203 sec - in org.apache.flink.streaming.api.operators.StreamGroupedFoldTest
Tests run: 4, Failures: 0, Errors: 0, Skipped: 0, Time elapsed: 0.263 sec - in org.apache.flink.streaming.api.functions.sink.SocketClientSinkTest
Tests run: 1, Failures: 0, Errors: 0, Skipped: 0, Time elapsed: 0.348 sec - in org.apache.flink.streaming.runtime.operators.windowing.EvictingNonKeyedWindowOperatorTest
Tests run: 5, Failures: 0, Errors: 0, Skipped: 0, Time elapsed: 0.387 sec - in org.apache.flink.streaming.api.functions.source.SocketTextStreamFunctionTest
Tests run: 1, Failures: 0, Errors: 0, Skipped: 0, Time elapsed: 0.807 sec - in org.apache.flink.streaming.api.operators.StreamCounterTest
Running org.apache.flink.streaming.runtime.io.StreamRecordWriterTest
Running org.apache.flink.streaming.api.streamtask.StreamIterationHeadTest
Running org.apache.flink.streaming.runtime.tasks.SourceStreamTaskTest
Tests run: 1, Failures: 0, Errors: 0, Skipped: 0, Time elapsed: 0.683 sec - in org.apache.flink.streaming.api.graph.SlotAllocationTest
Tests run: 3, Failures: 0, Errors: 0, Skipped: 0, Time elapsed: 0.637 sec - in org.apache.flink.streaming.api.functions.PrintSinkFunctionTest
Tests run: 2, Failures: 0, Errors: 0, Skipped: 0, Time elapsed: 0.752 sec - in org.apache.flink.streaming.util.TypeInformationSerializationSchemaTest
Tests run: 2, Failures: 0, Errors: 0, Skipped: 0, Time elapsed: 0.764 sec - in org.apache.flink.streaming.api.operators.StreamGroupedReduceTest
Running org.apache.flink.streaming.runtime.tasks.OneInputStreamTaskTest
Running org.apache.flink.streaming.runtime.tasks.TwoInputStreamTaskTest
Running org.apache.flink.streaming.api.AggregationFunctionTest
Tests run: 1, Failures: 0, Errors: 0, Skipped: 0, Time elapsed: 1.036 sec - in org.apache.flink.streaming.api.functions.source.FileMonitoringFunctionTest
Tests run: 4, Failures: 0, Errors: 0, Skipped: 0, Time elapsed: 1.055 sec - in org.apache.flink.streaming.api.SourceFunctionTest
Running org.apache.flink.streaming.runtime.operators.StreamTaskTimerTest
Tests run: 8, Failures: 0, Errors: 0, Skipped: 0, Time elapsed: 1.701 sec - in org.apache.flink.streaming.runtime.operators.windowing.WindowOperatorTest
Tests run: 12, Failures: 0, Errors: 0, Skipped: 0, Time elapsed: 1.77 sec - in org.apache.flink.streaming.runtime.io.BarrierBufferTest
Tests run: 8, Failures: 0, Errors: 0, Skipped: 0, Time elapsed: 1.804 sec - in org.apache.flink.streaming.runtime.operators.windowing.NonKeyedWindowOperatorTest
Tests run: 1, Failures: 0, Errors: 0, Skipped: 0, Time elapsed: 1.49 sec - in org.apache.flink.streaming.runtime.io.StreamRecordWriterTest
Tests run: 5, Failures: 0, Errors: 0, Skipped: 0, Time elapsed: 2.062 sec - in org.apache.flink.streaming.api.functions.FromElementsFunctionTest
Tests run: 1, Failures: 0, Errors: 0, Skipped: 0, Time elapsed: 2.17 sec - in org.apache.flink.streaming.api.streamtask.StreamIterationHeadTest
Tests run: 4, Failures: 0, Errors: 0, Skipped: 0, Time elapsed: 1.825 sec - in org.apache.flink.streaming.api.AggregationFunctionTest
Tests run: 2, Failures: 0, Errors: 0, Skipped: 1, Time elapsed: 2.912 sec - in org.apache.flink.streaming.runtime.operators.windowing.TimeWindowTranslationTest
Tests run: 1, Failures: 0, Errors: 0, Skipped: 0, Time elapsed: 2.836 sec - in org.apache.flink.streaming.graph.TranslationTest
Tests run: 2, Failures: 0, Errors: 0, Skipped: 0, Time elapsed: 2.93 sec - in org.apache.flink.streaming.api.StreamExecutionEnvironmentTest
Tests run: 3, Failures: 0, Errors: 0, Skipped: 0, Time elapsed: 3.28 sec - in org.apache.flink.streaming.runtime.operators.windowing.AllWindowTranslationTest
Tests run: 4, Failures: 0, Errors: 0, Skipped: 0, Time elapsed: 3.316 sec - in org.apache.flink.streaming.runtime.operators.windowing.WindowTranslationTest
Tests run: 4, Failures: 0, Errors: 0, Skipped: 0, Time elapsed: 3.268 sec - in org.apache.flink.streaming.api.graph.StreamGraphGeneratorTest
Tests run: 1, Failures: 0, Errors: 0, Skipped: 0, Time elapsed: 3.358 sec - in org.apache.flink.streaming.api.ChainedRuntimeContextTest
Tests run: 1, Failures: 0, Errors: 0, Skipped: 0, Time elapsed: 3.572 sec - in org.apache.flink.streaming.api.collector.DirectedOutputTest
Tests run: 2, Failures: 0, Errors: 0, Skipped: 0, Time elapsed: 3.756 sec - in org.apache.flink.streaming.api.OutputSplitterTest
Tests run: 2, Failures: 0, Errors: 0, Skipped: 0, Time elapsed: 4.09 sec - in org.apache.flink.streaming.api.operators.co.SelfConnectionTest
Tests run: 2, Failures: 0, Errors: 0, Skipped: 0, Time elapsed: 3.88 sec - in org.apache.flink.streaming.runtime.operators.windowing.KeyMapPutTest
Tests run: 3, Failures: 0, Errors: 0, Skipped: 0, Time elapsed: 3.784 sec - in org.apache.flink.streaming.api.streamtask.StreamVertexTest
Tests run: 1, Failures: 0, Errors: 0, Skipped: 0, Time elapsed: 3.736 sec - in org.apache.flink.streaming.api.TypeFillTest
Tests run: 4, Failures: 0, Errors: 0, Skipped: 0, Time elapsed: 3.029 sec - in org.apache.flink.streaming.runtime.tasks.OneInputStreamTaskTest
Tests run: 2, Failures: 0, Errors: 0, Skipped: 0, Time elapsed: 4.22 sec - in org.apache.flink.streaming.api.operators.StreamProjectTest
Tests run: 1, Failures: 0, Errors: 0, Skipped: 0, Time elapsed: 4.554 sec - in org.apache.flink.streaming.api.CoStreamTest
Tests run: 1, Failures: 0, Errors: 0, Skipped: 0, Time elapsed: 3.806 sec - in org.apache.flink.streaming.api.graph.StreamingJobGraphGeneratorTest
Tests run: 2, Failures: 0, Errors: 0, Skipped: 0, Time elapsed: 2.628 sec - in org.apache.flink.streaming.runtime.operators.StreamTaskTimerTest
Tests run: 4, Failures: 0, Errors: 0, Skipped: 0, Time elapsed: 3.279 sec - in org.apache.flink.streaming.runtime.tasks.TwoInputStreamTaskTest
Tests run: 7, Failures: 0, Errors: 0, Skipped: 0, Time elapsed: 4.083 sec - in org.apache.flink.streaming.api.DataStreamTest
Tests run: 3, Failures: 0, Errors: 0, Skipped: 0, Time elapsed: 4.804 sec - in org.apache.flink.streaming.api.PartitionerTest
Tests run: 2, Failures: 0, Errors: 0, Skipped: 0, Time elapsed: 5.059 sec - in org.apache.flink.streaming.runtime.operators.windowing.KeyMapPutIfAbsentTest
Tests run: 2, Failures: 0, Errors: 0, Skipped: 0, Time elapsed: 4.476 sec - in org.apache.flink.streaming.runtime.tasks.SourceStreamTaskTest
Tests run: 3, Failures: 0, Errors: 0, Skipped: 0, Time elapsed: 5.763 sec - in org.apache.flink.streaming.runtime.io.BufferSpillerTest
Tests run: 4, Failures: 0, Errors: 0, Skipped: 0, Time elapsed: 5.935 sec - in org.apache.flink.streaming.runtime.operators.windowing.KeyMapTest
Tests run: 12, Failures: 0, Errors: 0, Skipped: 0, Time elapsed: 6.599 sec - in org.apache.flink.streaming.runtime.operators.windowing.AccumulatingAlignedProcessingTimeWindowOperatorTest
Tests run: 13, Failures: 0, Errors: 0, Skipped: 0, Time elapsed: 7.055 sec - in org.apache.flink.streaming.runtime.operators.windowing.AggregatingAlignedProcessingTimeWindowOperatorTest
Tests run: 1, Failures: 0, Errors: 0, Skipped: 0, Time elapsed: 10.826 sec - in org.apache.flink.streaming.runtime.io.BarrierBufferMassiveRandomTest
Tests run: 14, Failures: 0, Errors: 0, Skipped: 0, Time elapsed: 12.626 sec - in org.apache.flink.streaming.api.IterateTest
Tests run: 6, Failures: 0, Errors: 0, Skipped: 3, Time elapsed: 15.596 sec - in org.apache.flink.streaming.api.complex.ComplexIntegrationTest

Results :

Tests in error: 
  FoldWindowFunctionTest.testFoldWindowFunctionOutputTypeConfigurable:120 » NullPointer

Tests run: 232, Failures: 0, Errors: 1, Skipped: 4

[INFO] ------------------------------------------------------------------------
[INFO] BUILD FAILURE
[INFO] ------------------------------------------------------------------------
[INFO] Total time: 53.547 s
[INFO] Finished at: 2020-03-13T18:13:57-07:00
[INFO] Final Memory: 43M/1302M
[INFO] ------------------------------------------------------------------------
[ERROR] Failed to execute goal org.apache.maven.plugins:maven-surefire-plugin:2.18.1:test (default-test) on project flink-streaming-java: There are test failures.
[ERROR] 
[ERROR] Please refer to /scratch/tmp-rta/Bugs.jar_Flink_59685903_java-8/flink-streaming-java/target/surefire-reports for the individual test results.
[ERROR] -> [Help 1]
[ERROR] 
[ERROR] To see the full stack trace of the errors, re-run Maven with the -e switch.
[ERROR] Re-run Maven using the -X switch to enable full debug logging.
[ERROR] 
[ERROR] For more information about the errors and possible solutions, please read the following articles:
[ERROR] [Help 1] http://cwiki.apache.org/confluence/display/MAVEN/MojoFailureException
