Picked up JAVA_TOOL_OPTIONS: -XX:CICompilerCount=2 -XX:ParallelGCThreads=2 -XX:ConcGCThreads=2 -Djdk.net.URLClassPath.disableClassPathURLCheck=true 
Java HotSpot(TM) 64-Bit Server VM warning: ignoring option MaxPermSize=512m; support was removed in 8.0
Picked up _JAVA_OPTIONS: -Djdk.net.URLClassPath.disableClassPathURLCheck=true
Apache Maven 3.5.0 (Red Hat 3.5.0-4.3)
Maven home: /opt/rh/rh-maven35/root/usr/share/maven
Java version: 1.8.0_181, vendor: Oracle Corporation
Java home: /boom/scratch/jmcampos/RTA/repair_them_all_framework/jdks/jdk1.8.0_181/jre
Default locale: en_US, platform encoding: UTF-8
OS name: "linux", version: "4.14.147-1.el7.retpoline.x86_64", arch: "amd64", family: "unix"
[INFO] Scanning for projects...
[INFO] Downloading: https://repo.maven.apache.org/maven2/org/apache/maven/wagon/wagon-ssh/maven-metadata.xml
[INFO] Downloaded: https://repo.maven.apache.org/maven2/org/apache/maven/wagon/wagon-ssh/maven-metadata.xml (1.4 kB at 8.2 kB/s)
[INFO] Inspecting build with total of 1 modules...
[INFO] Installing Nexus Staging features:
[INFO]   ... total of 1 executions of maven-deploy-plugin replaced with nexus-staging-maven-plugin
[INFO] 
[INFO] ------------------------------------------------------------------------
[INFO] Building Spoon Core 5.5.0-SNAPSHOT
[INFO] ------------------------------------------------------------------------
[INFO] Downloading: https://oss.sonatype.org/content/repositories/snapshots/junit/junit-dep/maven-metadata.xml
[INFO] Downloading: https://repo.maven.apache.org/maven2/junit/junit-dep/maven-metadata.xml
[INFO] Downloading: http://spoon.gforge.inria.fr/repositories/releases/junit/junit-dep/maven-metadata.xml
[INFO] Downloaded: https://repo.maven.apache.org/maven2/junit/junit-dep/maven-metadata.xml (563 B at 16 kB/s)
[INFO] Downloading: http://spoon.gforge.inria.fr/repositories/releases/commons-io/commons-io/maven-metadata.xml
[INFO] Downloading: https://repo.maven.apache.org/maven2/commons-io/commons-io/maven-metadata.xml
[INFO] Downloading: https://oss.sonatype.org/content/repositories/snapshots/commons-io/commons-io/maven-metadata.xml
[INFO] Downloaded: https://repo.maven.apache.org/maven2/commons-io/commons-io/maven-metadata.xml (783 B at 137 B/s)
[INFO] 
[INFO] --- maven-enforcer-plugin:1.4.1:enforce (enforce-maven) @ spoon-core ---
[INFO] Skipping Rule Enforcement.
[INFO] 
[INFO] --- maven-enforcer-plugin:1.4.1:enforce (enforce-bytecode-version) @ spoon-core ---
[INFO] Skipping Rule Enforcement.
[INFO] 
[INFO] --- jacoco-maven-plugin:0.7.5.201505241946:prepare-agent (default) @ spoon-core ---
[INFO] Skipping JaCoCo execution because property jacoco.skip is set.
[INFO] argLine set to empty
[INFO] 
[INFO] --- maven-resources-plugin:2.6:resources (default-resources) @ spoon-core ---
[INFO] Using 'UTF-8' encoding to copy filtered resources.
[INFO] Copying 3 resources
[INFO] Copying 1 resource
[INFO] 
[INFO] --- maven-compiler-plugin:3.1:compile (default-compile) @ spoon-core ---
[INFO] Nothing to compile - all classes are up to date
[INFO] 
[INFO] --- maven-resources-plugin:2.6:testResources (default-testResources) @ spoon-core ---
[INFO] Using 'UTF-8' encoding to copy filtered resources.
[INFO] Copying 86 resources
[INFO] 
[INFO] --- maven-compiler-plugin:3.1:testCompile (default-testCompile) @ spoon-core ---
[INFO] Nothing to compile - all classes are up to date
[INFO] 
[INFO] --- maven-surefire-plugin:2.19.1:test (default-test) @ spoon-core ---
[INFO] Downloading: https://repo.maven.apache.org/maven2/org/apache/maven/surefire/surefire-junit4/2.19.1/surefire-junit4-2.19.1.pom
[INFO] Downloaded: https://repo.maven.apache.org/maven2/org/apache/maven/surefire/surefire-junit4/2.19.1/surefire-junit4-2.19.1.pom (3.3 kB at 204 kB/s)
[INFO] Downloading: https://repo.maven.apache.org/maven2/org/apache/maven/surefire/surefire-providers/2.19.1/surefire-providers-2.19.1.pom
[INFO] Downloaded: https://repo.maven.apache.org/maven2/org/apache/maven/surefire/surefire-providers/2.19.1/surefire-providers-2.19.1.pom (2.6 kB at 214 kB/s)
[INFO] Downloading: https://repo.maven.apache.org/maven2/org/apache/maven/surefire/surefire-junit4/2.19.1/surefire-junit4-2.19.1.jar
[INFO] Downloaded: https://repo.maven.apache.org/maven2/org/apache/maven/surefire/surefire-junit4/2.19.1/surefire-junit4-2.19.1.jar (75 kB at 3.6 MB/s)

-------------------------------------------------------
 T E S T S
-------------------------------------------------------
Picked up JAVA_TOOL_OPTIONS: -XX:CICompilerCount=2 -XX:ParallelGCThreads=2 -XX:ConcGCThreads=2 -Djdk.net.URLClassPath.disableClassPathURLCheck=true -XX:CICompilerCount=2 -XX:ParallelGCThreads=2 -XX:ConcGCThreads=2 -Djdk.net.URLClassPath.disableClassPathURLCheck=true 
Picked up _JAVA_OPTIONS: -Djdk.net.URLClassPath.disableClassPathURLCheck=true
Running spoon.test.api.APITest
Tests run: 14, Failures: 0, Errors: 0, Skipped: 0, Time elapsed: 49.526 sec - in spoon.test.api.APITest
Running spoon.test.api.FileSystemFolderTest
Tests run: 2, Failures: 0, Errors: 0, Skipped: 0, Time elapsed: 0 sec - in spoon.test.api.FileSystemFolderTest
Running spoon.test.api.NoClasspathTest
Tests run: 3, Failures: 0, Errors: 0, Skipped: 0, Time elapsed: 2.429 sec - in spoon.test.api.NoClasspathTest
Running spoon.test.exceptions.ExceptionTest
Tests run: 5, Failures: 0, Errors: 0, Skipped: 0, Time elapsed: 0.42 sec - in spoon.test.exceptions.ExceptionTest
Running spoon.test.intercession.insertBefore.InsertMethodsTest
Tests run: 9, Failures: 0, Errors: 0, Skipped: 0, Time elapsed: 2.343 sec - in spoon.test.intercession.insertBefore.InsertMethodsTest
Running spoon.test.intercession.IntercessionContractTest
Tests run: 92, Failures: 0, Errors: 0, Skipped: 0, Time elapsed: 0.977 sec - in spoon.test.intercession.IntercessionContractTest
Running spoon.test.intercession.IntercessionTest
Tests run: 8, Failures: 0, Errors: 0, Skipped: 1, Time elapsed: 3.109 sec - in spoon.test.intercession.IntercessionTest
Running spoon.test.intercession.RemoveTest
Tests run: 1, Failures: 0, Errors: 0, Skipped: 0, Time elapsed: 0.129 sec - in spoon.test.intercession.RemoveTest
Running spoon.test.loop.LoopTest
Tests run: 2, Failures: 0, Errors: 0, Skipped: 0, Time elapsed: 0.258 sec - in spoon.test.loop.LoopTest
Running spoon.test.prettyprinter.PrinterTest
Tests run: 5, Failures: 0, Errors: 0, Skipped: 0, Time elapsed: 10.582 sec - in spoon.test.prettyprinter.PrinterTest
Running spoon.test.prettyprinter.QualifiedThisRefTest
Tests run: 2, Failures: 0, Errors: 0, Skipped: 0, Time elapsed: 0.376 sec - in spoon.test.prettyprinter.QualifiedThisRefTest
Running spoon.test.prettyprinter.LinesTest
Tests run: 1, Failures: 0, Errors: 0, Skipped: 0, Time elapsed: 0.118 sec - in spoon.test.prettyprinter.LinesTest
Running spoon.test.prettyprinter.DefaultPrettyPrinterTest
Tests run: 10, Failures: 0, Errors: 0, Skipped: 0, Time elapsed: 3.331 sec - in spoon.test.prettyprinter.DefaultPrettyPrinterTest
Running spoon.test.variable.AccessFullyQualifiedFieldTest
Tests run: 9, Failures: 0, Errors: 0, Skipped: 0, Time elapsed: 34.317 sec - in spoon.test.variable.AccessFullyQualifiedFieldTest
Running spoon.test.variable.AccessTest
Tests run: 8, Failures: 0, Errors: 0, Skipped: 0, Time elapsed: 1.483 sec - in spoon.test.variable.AccessTest
Running spoon.test.visitor.VisitorTest
Tests run: 1, Failures: 0, Errors: 0, Skipped: 0, Time elapsed: 0.149 sec - in spoon.test.visitor.VisitorTest
Running spoon.test.pkg.PackageTest
Tests run: 4, Failures: 0, Errors: 0, Skipped: 0, Time elapsed: 9.945 sec - in spoon.test.pkg.PackageTest
Running spoon.test.annotation.AnnotationValuesTest
Tests run: 6, Failures: 0, Errors: 0, Skipped: 0, Time elapsed: 0.439 sec - in spoon.test.annotation.AnnotationValuesTest
Running spoon.test.annotation.AnnotationLoopTest
Tests run: 1, Failures: 0, Errors: 0, Skipped: 0, Time elapsed: 0.137 sec - in spoon.test.annotation.AnnotationLoopTest
Running spoon.test.annotation.AnnotationTest
Tests run: 35, Failures: 0, Errors: 0, Skipped: 0, Time elapsed: 8.324 sec - in spoon.test.annotation.AnnotationTest
Running spoon.test.comment.CommentTest
Tests run: 10, Failures: 0, Errors: 0, Skipped: 0, Time elapsed: 20.516 sec - in spoon.test.comment.CommentTest
Running spoon.test.imports.ImportAndExtendWithPackageNameTest
Tests run: 1, Failures: 0, Errors: 0, Skipped: 0, Time elapsed: 0.124 sec - in spoon.test.imports.ImportAndExtendWithPackageNameTest
Running spoon.test.imports.ImportScannerTest
Tests run: 3, Failures: 0, Errors: 0, Skipped: 0, Time elapsed: 0.372 sec - in spoon.test.imports.ImportScannerTest
Running spoon.test.imports.ImportTest
Tests run: 23, Failures: 0, Errors: 0, Skipped: 0, Time elapsed: 36.183 sec - in spoon.test.imports.ImportTest
Running spoon.test.refactoring.RefactoringTest
Tests run: 4, Failures: 0, Errors: 0, Skipped: 0, Time elapsed: 4.414 sec - in spoon.test.refactoring.RefactoringTest
Running spoon.test.ctClass.CtClassTest
Tests run: 4, Failures: 0, Errors: 0, Skipped: 0, Time elapsed: 18.436 sec - in spoon.test.ctClass.CtClassTest
Running spoon.test.reference.ExecutableReferenceGenericTest
Tests run: 12, Failures: 0, Errors: 0, Skipped: 0, Time elapsed: 1.883 sec - in spoon.test.reference.ExecutableReferenceGenericTest
Running spoon.test.reference.AnnotationFieldReferenceTest
Tests run: 1, Failures: 0, Errors: 0, Skipped: 0, Time elapsed: 0.142 sec - in spoon.test.reference.AnnotationFieldReferenceTest
Running spoon.test.reference.ExecutableReferenceTest
Tests run: 5, Failures: 0, Errors: 0, Skipped: 0, Time elapsed: 0.73 sec - in spoon.test.reference.ExecutableReferenceTest
Running spoon.test.reference.CloneReferenceTest
Tests run: 1, Failures: 0, Errors: 0, Skipped: 0, Time elapsed: 0.152 sec - in spoon.test.reference.CloneReferenceTest
Running spoon.test.reference.TypeReferenceTest
Tests run: 26, Failures: 1, Errors: 0, Skipped: 0, Time elapsed: 6.715 sec <<< FAILURE! - in spoon.test.reference.TypeReferenceTest
testEqualityTypeReference(spoon.test.reference.TypeReferenceTest)  Time elapsed: 0.114 sec  <<< FAILURE!
java.lang.AssertionError: expected:<spoon.test.reference.testclasses.ParamRefs> but was:<void>
	at spoon.test.reference.TypeReferenceTest.testEqualityTypeReference(TypeReferenceTest.java:606)

Running spoon.test.reference.VariableAccessTest
Tests run: 8, Failures: 0, Errors: 0, Skipped: 0, Time elapsed: 1.207 sec - in spoon.test.reference.VariableAccessTest
Running spoon.test.condition.ConditionalTest
Tests run: 4, Failures: 0, Errors: 0, Skipped: 0, Time elapsed: 0.484 sec - in spoon.test.condition.ConditionalTest
Running spoon.test.methodreference.MethodReferenceTest
Tests run: 9, Failures: 0, Errors: 0, Skipped: 0, Time elapsed: 4.811 sec - in spoon.test.methodreference.MethodReferenceTest
Running spoon.test.template.TemplateTest
Tests run: 8, Failures: 0, Errors: 0, Skipped: 0, Time elapsed: 2.934 sec - in spoon.test.template.TemplateTest
Running spoon.test.replace.ReplaceTest
Tests run: 14, Failures: 0, Errors: 0, Skipped: 0, Time elapsed: 3.268 sec - in spoon.test.replace.ReplaceTest
Running spoon.test.replace.ReplaceParametrizedTest
Tests run: 71, Failures: 0, Errors: 0, Skipped: 0, Time elapsed: 1.046 sec - in spoon.test.replace.ReplaceParametrizedTest
Running spoon.test.filters.CUFilterTest
Tests run: 3, Failures: 0, Errors: 0, Skipped: 0, Time elapsed: 0.397 sec - in spoon.test.filters.CUFilterTest
Running spoon.test.filters.FilterTest
2020-03-14 09:48:25,100 INFO spoon.Launcher - Spoon version 5.5.0-SNAPSHOT
2020-03-14 09:48:25,101 INFO spoon.Launcher - running Spoon...
2020-03-14 09:48:25,101 INFO spoon.Launcher - start processing...
2020-03-14 09:48:25,221 INFO spoon.Launcher - end of processing: 
2020-03-14 09:48:25,221 INFO spoon.Launcher - no errors, no warnings
2020-03-14 09:48:25,224 INFO spoon.Launcher - Step 1) CtScanner received
Parameter 1) unnamed package
2020-03-14 09:48:25,224 INFO spoon.Launcher - Step 1) spoon.reflect.CtModelImpl$CtRootPackage cannot be cast to spoon.reflect.declaration.CtClass
Parameter 1) unnamed package
2020-03-14 09:48:25,224 INFO spoon.Launcher - Step 1) spoon.support.reflect.declaration.CtPackageImpl cannot be cast to spoon.reflect.declaration.CtClass
Parameter 1) spoon
2020-03-14 09:48:25,224 INFO spoon.Launcher - Step 1) spoon.support.reflect.declaration.CtPackageImpl cannot be cast to spoon.reflect.declaration.CtClass
Parameter 1) spoon.test
2020-03-14 09:48:25,225 INFO spoon.Launcher - Step 1) spoon.support.reflect.declaration.CtPackageImpl cannot be cast to spoon.reflect.declaration.CtClass
Parameter 1) spoon.test.filters
2020-03-14 09:48:25,225 INFO spoon.Launcher - Step 1) spoon.support.reflect.declaration.CtPackageImpl cannot be cast to spoon.reflect.declaration.CtClass
Parameter 1) spoon.test.filters.testclasses
2020-03-14 09:48:25,225 INFO spoon.Launcher - Step 2) received
Parameter 1) public abstract class AbstractTostada implements spoon.test.filters.testclasses.ITostada {
    @java.lang.Override
    public spoon.test.filters.testclasses.ITostada make() {
        return new spoon.test.filters.testclasses.Tostada() {
            @java.lang.Override
            public void prepare() {
                super.prepare();
            }

            @java.lang.Override
            public spoon.test.filters.testclasses.ITostada make() {
                return super.make();
            }
        };
    }

    public abstract void prepare();
}
2020-03-14 09:48:25,225 INFO spoon.Launcher - Step 3) received
Parameter 1) spoon.test.filters.testclasses.ITostada
2020-03-14 09:48:25,226 INFO spoon.Launcher - Step 4) received
Parameter 1) public interface ITostada {
    spoon.test.filters.testclasses.ITostada make();
}
2020-03-14 09:48:25,226 INFO spoon.Launcher - Step 5) received
Parameter 1) spoon.test.filters.testclasses.ITostada make();
2020-03-14 09:48:25,226 INFO spoon.Launcher - Step 6) received
Parameter 1) spoon.test.filters.testclasses.ITostada make();
2020-03-14 09:48:25,226 INFO spoon.Launcher - Step 7) received
Parameter 1) spoon.test.filters.testclasses.ITostada
2020-03-14 09:48:25,226 INFO spoon.Launcher - Step 8) received
Parameter 1) public interface ITostada {
    spoon.test.filters.testclasses.ITostada make();
}
2020-03-14 09:48:25,226 INFO spoon.Launcher - Step TailConsumer) received
Parameter 1) public interface ITostada {
    spoon.test.filters.testclasses.ITostada make();
}
2020-03-14 09:48:25,227 INFO spoon.Launcher - Step 1) spoon.support.reflect.reference.CtTypeReferenceImpl cannot be cast to spoon.reflect.declaration.CtClass
Parameter 1) spoon.test.filters.testclasses.ITostada
2020-03-14 09:48:25,227 INFO spoon.Launcher - Step 1) spoon.support.reflect.reference.CtPackageReferenceImpl cannot be cast to spoon.reflect.declaration.CtClass
Parameter 1) spoon.test.filters.testclasses
2020-03-14 09:48:25,227 INFO spoon.Launcher - Step 1) spoon.support.reflect.declaration.CtConstructorImpl cannot be cast to spoon.reflect.declaration.CtClass
Parameter 1) public AbstractTostada() {
}
2020-03-14 09:48:25,227 INFO spoon.Launcher - Step 1) spoon.support.reflect.code.CtBlockImpl cannot be cast to spoon.reflect.declaration.CtClass
Parameter 1) {
}
2020-03-14 09:48:25,227 INFO spoon.Launcher - Step 1) spoon.support.reflect.code.CtInvocationImpl cannot be cast to spoon.reflect.declaration.CtClass
Parameter 1) super()
2020-03-14 09:48:25,227 INFO spoon.Launcher - Step 1) spoon.support.reflect.reference.CtExecutableReferenceImpl cannot be cast to spoon.reflect.declaration.CtClass
Parameter 1) java.lang.Object#Object()
2020-03-14 09:48:25,228 INFO spoon.Launcher - Step 1) spoon.support.reflect.reference.CtTypeReferenceImpl cannot be cast to spoon.reflect.declaration.CtClass
Parameter 1) java.lang.Object
2020-03-14 09:48:25,228 INFO spoon.Launcher - Step 1) spoon.support.reflect.reference.CtPackageReferenceImpl cannot be cast to spoon.reflect.declaration.CtClass
Parameter 1) java.lang
2020-03-14 09:48:25,228 INFO spoon.Launcher - Step 1) spoon.support.reflect.reference.CtTypeReferenceImpl cannot be cast to spoon.reflect.declaration.CtClass
Parameter 1) java.lang.Object
2020-03-14 09:48:25,228 INFO spoon.Launcher - Step 1) spoon.support.reflect.reference.CtPackageReferenceImpl cannot be cast to spoon.reflect.declaration.CtClass
Parameter 1) java.lang
2020-03-14 09:48:25,228 INFO spoon.Launcher - Step 1) spoon.support.reflect.declaration.CtMethodImpl cannot be cast to spoon.reflect.declaration.CtClass
Parameter 1) @java.lang.Override
public spoon.test.filters.testclasses.ITostada make() {
    return new spoon.test.filters.testclasses.Tostada() {
        @java.lang.Override
        public void prepare() {
            super.prepare();
        }

        @java.lang.Override
        public spoon.test.filters.testclasses.ITostada make() {
            return super.make();
        }
    };
}
2020-03-14 09:48:25,229 INFO spoon.Launcher - Step 1) spoon.support.reflect.declaration.CtAnnotationImpl cannot be cast to spoon.reflect.declaration.CtClass
Parameter 1) @java.lang.Override

2020-03-14 09:48:25,229 INFO spoon.Launcher - Step 1) spoon.support.reflect.reference.CtTypeReferenceImpl cannot be cast to spoon.reflect.declaration.CtClass
Parameter 1) java.lang.Override
2020-03-14 09:48:25,229 INFO spoon.Launcher - Step 1) spoon.support.reflect.reference.CtPackageReferenceImpl cannot be cast to spoon.reflect.declaration.CtClass
Parameter 1) java.lang
2020-03-14 09:48:25,229 INFO spoon.Launcher - Step 1) spoon.support.reflect.reference.CtTypeReferenceImpl cannot be cast to spoon.reflect.declaration.CtClass
Parameter 1) java.lang.Override
2020-03-14 09:48:25,229 INFO spoon.Launcher - Step 1) spoon.support.reflect.reference.CtPackageReferenceImpl cannot be cast to spoon.reflect.declaration.CtClass
Parameter 1) java.lang
2020-03-14 09:48:25,229 INFO spoon.Launcher - Step 1) spoon.support.reflect.reference.CtTypeReferenceImpl cannot be cast to spoon.reflect.declaration.CtClass
Parameter 1) spoon.test.filters.testclasses.ITostada
2020-03-14 09:48:25,229 INFO spoon.Launcher - Step 1) spoon.support.reflect.reference.CtPackageReferenceImpl cannot be cast to spoon.reflect.declaration.CtClass
Parameter 1) spoon.test.filters.testclasses
2020-03-14 09:48:25,230 INFO spoon.Launcher - Step 1) spoon.support.reflect.code.CtBlockImpl cannot be cast to spoon.reflect.declaration.CtClass
Parameter 1) {
    return new spoon.test.filters.testclasses.Tostada() {
        @java.lang.Override
        public void prepare() {
            super.prepare();
        }

        @java.lang.Override
        public spoon.test.filters.testclasses.ITostada make() {
            return super.make();
        }
    };
}
2020-03-14 09:48:25,230 INFO spoon.Launcher - Step 1) spoon.support.reflect.code.CtReturnImpl cannot be cast to spoon.reflect.declaration.CtClass
Parameter 1) return new spoon.test.filters.testclasses.Tostada() {
    @java.lang.Override
    public void prepare() {
        super.prepare();
    }

    @java.lang.Override
    public spoon.test.filters.testclasses.ITostada make() {
        return super.make();
    }
}
2020-03-14 09:48:25,230 INFO spoon.Launcher - Step 1) spoon.support.reflect.code.CtNewClassImpl cannot be cast to spoon.reflect.declaration.CtClass
Parameter 1) new spoon.test.filters.testclasses.Tostada() {
    @java.lang.Override
    public void prepare() {
        super.prepare();
    }

    @java.lang.Override
    public spoon.test.filters.testclasses.ITostada make() {
        return super.make();
    }
}
2020-03-14 09:48:25,230 INFO spoon.Launcher - Step 1) spoon.support.reflect.reference.CtExecutableReferenceImpl cannot be cast to spoon.reflect.declaration.CtClass
Parameter 1) spoon.test.filters.testclasses.AbstractTostada$1#1()
2020-03-14 09:48:25,237 INFO spoon.Launcher - Step 1) spoon.support.reflect.reference.CtTypeReferenceImpl cannot be cast to spoon.reflect.declaration.CtClass
Parameter 1) spoon.test.filters.testclasses.AbstractTostada.1
2020-03-14 09:48:25,238 INFO spoon.Launcher - Step 1) spoon.support.reflect.reference.CtTypeReferenceImpl cannot be cast to spoon.reflect.declaration.CtClass
Parameter 1) spoon.test.filters.testclasses.AbstractTostada
2020-03-14 09:48:25,238 INFO spoon.Launcher - Step 1) spoon.support.reflect.reference.CtPackageReferenceImpl cannot be cast to spoon.reflect.declaration.CtClass
Parameter 1) spoon.test.filters.testclasses
2020-03-14 09:48:25,238 INFO spoon.Launcher - Step 1) spoon.support.reflect.reference.CtTypeReferenceImpl cannot be cast to spoon.reflect.declaration.CtClass
Parameter 1) spoon.test.filters.testclasses.Tostada
2020-03-14 09:48:25,238 INFO spoon.Launcher - Step 1) spoon.support.reflect.reference.CtPackageReferenceImpl cannot be cast to spoon.reflect.declaration.CtClass
Parameter 1) spoon.test.filters.testclasses
2020-03-14 09:48:25,238 INFO spoon.Launcher - Step 2) received
Parameter 1)  {
    @java.lang.Override
    public void prepare() {
        super.prepare();
    }

    @java.lang.Override
    public spoon.test.filters.testclasses.ITostada make() {
        return super.make();
    }
}
2020-03-14 09:48:25,238 INFO spoon.Launcher - Step 1) spoon.support.reflect.reference.CtTypeReferenceImpl cannot be cast to spoon.reflect.declaration.CtClass
Parameter 1) spoon.test.filters.testclasses.Tostada
2020-03-14 09:48:25,239 INFO spoon.Launcher - Step 1) spoon.support.reflect.reference.CtPackageReferenceImpl cannot be cast to spoon.reflect.declaration.CtClass
Parameter 1) spoon.test.filters.testclasses
2020-03-14 09:48:25,239 INFO spoon.Launcher - Step 1) spoon.support.reflect.declaration.CtConstructorImpl cannot be cast to spoon.reflect.declaration.CtClass
Parameter 1) 1() {
}
2020-03-14 09:48:25,239 INFO spoon.Launcher - Step 1) spoon.support.reflect.code.CtBlockImpl cannot be cast to spoon.reflect.declaration.CtClass
Parameter 1) {
}
2020-03-14 09:48:25,239 INFO spoon.Launcher - Step 1) spoon.support.reflect.code.CtInvocationImpl cannot be cast to spoon.reflect.declaration.CtClass
Parameter 1) super()
2020-03-14 09:48:25,239 INFO spoon.Launcher - Step 1) spoon.support.reflect.reference.CtExecutableReferenceImpl cannot be cast to spoon.reflect.declaration.CtClass
Parameter 1) spoon.test.filters.testclasses.Tostada#Tostada()
2020-03-14 09:48:25,239 INFO spoon.Launcher - Step 1) spoon.support.reflect.reference.CtTypeReferenceImpl cannot be cast to spoon.reflect.declaration.CtClass
Parameter 1) spoon.test.filters.testclasses.Tostada
2020-03-14 09:48:25,240 INFO spoon.Launcher - Step 1) spoon.support.reflect.reference.CtPackageReferenceImpl cannot be cast to spoon.reflect.declaration.CtClass
Parameter 1) spoon.test.filters.testclasses
2020-03-14 09:48:25,240 INFO spoon.Launcher - Step 1) spoon.support.reflect.reference.CtTypeReferenceImpl cannot be cast to spoon.reflect.declaration.CtClass
Parameter 1) spoon.test.filters.testclasses.Tostada
2020-03-14 09:48:25,240 INFO spoon.Launcher - Step 1) spoon.support.reflect.reference.CtPackageReferenceImpl cannot be cast to spoon.reflect.declaration.CtClass
Parameter 1) spoon.test.filters.testclasses
2020-03-14 09:48:25,240 INFO spoon.Launcher - Step 1) spoon.support.reflect.declaration.CtMethodImpl cannot be cast to spoon.reflect.declaration.CtClass
Parameter 1) @java.lang.Override
public void prepare() {
    super.prepare();
}
2020-03-14 09:48:25,240 INFO spoon.Launcher - Step 1) spoon.support.reflect.declaration.CtAnnotationImpl cannot be cast to spoon.reflect.declaration.CtClass
Parameter 1) @java.lang.Override

2020-03-14 09:48:25,240 INFO spoon.Launcher - Step 1) spoon.support.reflect.reference.CtTypeReferenceImpl cannot be cast to spoon.reflect.declaration.CtClass
Parameter 1) java.lang.Override
2020-03-14 09:48:25,241 INFO spoon.Launcher - Step 1) spoon.support.reflect.reference.CtPackageReferenceImpl cannot be cast to spoon.reflect.declaration.CtClass
Parameter 1) java.lang
2020-03-14 09:48:25,241 INFO spoon.Launcher - Step 1) spoon.support.reflect.reference.CtTypeReferenceImpl cannot be cast to spoon.reflect.declaration.CtClass
Parameter 1) java.lang.Override
2020-03-14 09:48:25,241 INFO spoon.Launcher - Step 1) spoon.support.reflect.reference.CtPackageReferenceImpl cannot be cast to spoon.reflect.declaration.CtClass
Parameter 1) java.lang
2020-03-14 09:48:25,241 INFO spoon.Launcher - Step 1) spoon.support.reflect.reference.CtTypeReferenceImpl cannot be cast to spoon.reflect.declaration.CtClass
Parameter 1) void
2020-03-14 09:48:25,241 INFO spoon.Launcher - Step 1) spoon.support.reflect.code.CtBlockImpl cannot be cast to spoon.reflect.declaration.CtClass
Parameter 1) {
    super.prepare();
}
2020-03-14 09:48:25,241 INFO spoon.Launcher - Step 1) spoon.support.reflect.code.CtInvocationImpl cannot be cast to spoon.reflect.declaration.CtClass
Parameter 1) super.prepare()
2020-03-14 09:48:25,242 INFO spoon.Launcher - Step 1) spoon.support.reflect.code.CtSuperAccessImpl cannot be cast to spoon.reflect.declaration.CtClass
Parameter 1) super
2020-03-14 09:48:25,242 INFO spoon.Launcher - Step 1) spoon.support.reflect.reference.CtLocalVariableReferenceImpl cannot be cast to spoon.reflect.declaration.CtClass
Parameter 1) 
2020-03-14 09:48:25,242 INFO spoon.Launcher - Step 1) spoon.support.reflect.reference.CtExecutableReferenceImpl cannot be cast to spoon.reflect.declaration.CtClass
Parameter 1) spoon.test.filters.testclasses.Tostada#prepare()
2020-03-14 09:48:25,242 INFO spoon.Launcher - Step 1) spoon.support.reflect.reference.CtTypeReferenceImpl cannot be cast to spoon.reflect.declaration.CtClass
Parameter 1) spoon.test.filters.testclasses.Tostada
2020-03-14 09:48:25,242 INFO spoon.Launcher - Step 1) spoon.support.reflect.reference.CtPackageReferenceImpl cannot be cast to spoon.reflect.declaration.CtClass
Parameter 1) spoon.test.filters.testclasses
2020-03-14 09:48:25,242 INFO spoon.Launcher - Step 1) spoon.support.reflect.reference.CtTypeReferenceImpl cannot be cast to spoon.reflect.declaration.CtClass
Parameter 1) void
2020-03-14 09:48:25,242 INFO spoon.Launcher - Step 1) spoon.support.reflect.declaration.CtMethodImpl cannot be cast to spoon.reflect.declaration.CtClass
Parameter 1) @java.lang.Override
public spoon.test.filters.testclasses.ITostada make() {
    return super.make();
}
2020-03-14 09:48:25,243 INFO spoon.Launcher - Step 1) spoon.support.reflect.declaration.CtAnnotationImpl cannot be cast to spoon.reflect.declaration.CtClass
Parameter 1) @java.lang.Override

2020-03-14 09:48:25,243 INFO spoon.Launcher - Step 1) spoon.support.reflect.reference.CtTypeReferenceImpl cannot be cast to spoon.reflect.declaration.CtClass
Parameter 1) java.lang.Override
2020-03-14 09:48:25,243 INFO spoon.Launcher - Step 1) spoon.support.reflect.reference.CtPackageReferenceImpl cannot be cast to spoon.reflect.declaration.CtClass
Parameter 1) java.lang
2020-03-14 09:48:25,243 INFO spoon.Launcher - Step 1) spoon.support.reflect.reference.CtTypeReferenceImpl cannot be cast to spoon.reflect.declaration.CtClass
Parameter 1) java.lang.Override
2020-03-14 09:48:25,243 INFO spoon.Launcher - Step 1) spoon.support.reflect.reference.CtPackageReferenceImpl cannot be cast to spoon.reflect.declaration.CtClass
Parameter 1) java.lang
2020-03-14 09:48:25,243 INFO spoon.Launcher - Step 1) spoon.support.reflect.reference.CtTypeReferenceImpl cannot be cast to spoon.reflect.declaration.CtClass
Parameter 1) spoon.test.filters.testclasses.ITostada
2020-03-14 09:48:25,243 INFO spoon.Launcher - Step 1) spoon.support.reflect.reference.CtPackageReferenceImpl cannot be cast to spoon.reflect.declaration.CtClass
Parameter 1) spoon.test.filters.testclasses
2020-03-14 09:48:25,244 INFO spoon.Launcher - Step 1) spoon.support.reflect.code.CtBlockImpl cannot be cast to spoon.reflect.declaration.CtClass
Parameter 1) {
    return super.make();
}
2020-03-14 09:48:25,244 INFO spoon.Launcher - Step 1) spoon.support.reflect.code.CtReturnImpl cannot be cast to spoon.reflect.declaration.CtClass
Parameter 1) return super.make()
2020-03-14 09:48:25,244 INFO spoon.Launcher - Step 1) spoon.support.reflect.code.CtInvocationImpl cannot be cast to spoon.reflect.declaration.CtClass
Parameter 1) super.make()
2020-03-14 09:48:25,244 INFO spoon.Launcher - Step 1) spoon.support.reflect.code.CtSuperAccessImpl cannot be cast to spoon.reflect.declaration.CtClass
Parameter 1) super
2020-03-14 09:48:25,244 INFO spoon.Launcher - Step 1) spoon.support.reflect.reference.CtLocalVariableReferenceImpl cannot be cast to spoon.reflect.declaration.CtClass
Parameter 1) 
2020-03-14 09:48:25,244 INFO spoon.Launcher - Step 1) spoon.support.reflect.reference.CtExecutableReferenceImpl cannot be cast to spoon.reflect.declaration.CtClass
Parameter 1) spoon.test.filters.testclasses.Tostada#make()
2020-03-14 09:48:25,244 INFO spoon.Launcher - Step 1) spoon.support.reflect.reference.CtTypeReferenceImpl cannot be cast to spoon.reflect.declaration.CtClass
Parameter 1) spoon.test.filters.testclasses.Tostada
2020-03-14 09:48:25,245 INFO spoon.Launcher - Step 1) spoon.support.reflect.reference.CtPackageReferenceImpl cannot be cast to spoon.reflect.declaration.CtClass
Parameter 1) spoon.test.filters.testclasses
2020-03-14 09:48:25,245 INFO spoon.Launcher - Step 1) spoon.support.reflect.reference.CtTypeReferenceImpl cannot be cast to spoon.reflect.declaration.CtClass
Parameter 1) spoon.test.filters.testclasses.ITostada
2020-03-14 09:48:25,245 INFO spoon.Launcher - Step 1) spoon.support.reflect.reference.CtPackageReferenceImpl cannot be cast to spoon.reflect.declaration.CtClass
Parameter 1) spoon.test.filters.testclasses
2020-03-14 09:48:25,245 INFO spoon.Launcher - Step 1) spoon.support.reflect.declaration.CtMethodImpl cannot be cast to spoon.reflect.declaration.CtClass
Parameter 1) public abstract void prepare();
2020-03-14 09:48:25,245 INFO spoon.Launcher - Step 1) spoon.support.reflect.reference.CtTypeReferenceImpl cannot be cast to spoon.reflect.declaration.CtClass
Parameter 1) void
2020-03-14 09:48:25,245 INFO spoon.Launcher - Step 2) received
Parameter 1) public class Antojito extends spoon.test.filters.testclasses.AbstractTostada {
    @java.lang.Override
    public void prepare() {
        java.lang.System.out.println("Antojito");
    }

    public void prepare(java.lang.String ingredient) {
    }
}
2020-03-14 09:48:25,246 INFO spoon.Launcher - Step 1) spoon.support.reflect.reference.CtTypeReferenceImpl cannot be cast to spoon.reflect.declaration.CtClass
Parameter 1) spoon.test.filters.testclasses.AbstractTostada
2020-03-14 09:48:25,246 INFO spoon.Launcher - Step 1) spoon.support.reflect.reference.CtPackageReferenceImpl cannot be cast to spoon.reflect.declaration.CtClass
Parameter 1) spoon.test.filters.testclasses
2020-03-14 09:48:25,246 INFO spoon.Launcher - Step 1) spoon.support.reflect.declaration.CtConstructorImpl cannot be cast to spoon.reflect.declaration.CtClass
Parameter 1) public Antojito() {
}
2020-03-14 09:48:25,246 INFO spoon.Launcher - Step 1) spoon.support.reflect.code.CtBlockImpl cannot be cast to spoon.reflect.declaration.CtClass
Parameter 1) {
}
2020-03-14 09:48:25,246 INFO spoon.Launcher - Step 1) spoon.support.reflect.code.CtInvocationImpl cannot be cast to spoon.reflect.declaration.CtClass
Parameter 1) super()
2020-03-14 09:48:25,246 INFO spoon.Launcher - Step 1) spoon.support.reflect.reference.CtExecutableReferenceImpl cannot be cast to spoon.reflect.declaration.CtClass
Parameter 1) spoon.test.filters.testclasses.AbstractTostada#AbstractTostada()
2020-03-14 09:48:25,246 INFO spoon.Launcher - Step 1) spoon.support.reflect.reference.CtTypeReferenceImpl cannot be cast to spoon.reflect.declaration.CtClass
Parameter 1) spoon.test.filters.testclasses.AbstractTostada
2020-03-14 09:48:25,247 INFO spoon.Launcher - Step 1) spoon.support.reflect.reference.CtPackageReferenceImpl cannot be cast to spoon.reflect.declaration.CtClass
Parameter 1) spoon.test.filters.testclasses
2020-03-14 09:48:25,247 INFO spoon.Launcher - Step 1) spoon.support.reflect.reference.CtTypeReferenceImpl cannot be cast to spoon.reflect.declaration.CtClass
Parameter 1) spoon.test.filters.testclasses.AbstractTostada
2020-03-14 09:48:25,247 INFO spoon.Launcher - Step 1) spoon.support.reflect.reference.CtPackageReferenceImpl cannot be cast to spoon.reflect.declaration.CtClass
Parameter 1) spoon.test.filters.testclasses
2020-03-14 09:48:25,247 INFO spoon.Launcher - Step 1) spoon.support.reflect.declaration.CtMethodImpl cannot be cast to spoon.reflect.declaration.CtClass
Parameter 1) @java.lang.Override
public void prepare() {
    java.lang.System.out.println("Antojito");
}
2020-03-14 09:48:25,247 INFO spoon.Launcher - Step 1) spoon.support.reflect.declaration.CtAnnotationImpl cannot be cast to spoon.reflect.declaration.CtClass
Parameter 1) @java.lang.Override

2020-03-14 09:48:25,247 INFO spoon.Launcher - Step 1) spoon.support.reflect.reference.CtTypeReferenceImpl cannot be cast to spoon.reflect.declaration.CtClass
Parameter 1) java.lang.Override
2020-03-14 09:48:25,247 INFO spoon.Launcher - Step 1) spoon.support.reflect.reference.CtPackageReferenceImpl cannot be cast to spoon.reflect.declaration.CtClass
Parameter 1) java.lang
2020-03-14 09:48:25,248 INFO spoon.Launcher - Step 1) spoon.support.reflect.reference.CtTypeReferenceImpl cannot be cast to spoon.reflect.declaration.CtClass
Parameter 1) java.lang.Override
2020-03-14 09:48:25,248 INFO spoon.Launcher - Step 1) spoon.support.reflect.reference.CtPackageReferenceImpl cannot be cast to spoon.reflect.declaration.CtClass
Parameter 1) java.lang
2020-03-14 09:48:25,248 INFO spoon.Launcher - Step 1) spoon.support.reflect.reference.CtTypeReferenceImpl cannot be cast to spoon.reflect.declaration.CtClass
Parameter 1) void
2020-03-14 09:48:25,248 INFO spoon.Launcher - Step 1) spoon.support.reflect.code.CtBlockImpl cannot be cast to spoon.reflect.declaration.CtClass
Parameter 1) {
    java.lang.System.out.println("Antojito");
}
2020-03-14 09:48:25,248 INFO spoon.Launcher - Step 1) spoon.support.reflect.code.CtInvocationImpl cannot be cast to spoon.reflect.declaration.CtClass
Parameter 1) java.lang.System.out.println("Antojito")
2020-03-14 09:48:25,248 INFO spoon.Launcher - Step 1) spoon.support.reflect.code.CtFieldReadImpl cannot be cast to spoon.reflect.declaration.CtClass
Parameter 1) java.lang.System.out
2020-03-14 09:48:25,248 INFO spoon.Launcher - Step 1) spoon.support.reflect.code.CtTypeAccessImpl cannot be cast to spoon.reflect.declaration.CtClass
Parameter 1) java.lang.System
2020-03-14 09:48:25,249 INFO spoon.Launcher - Step 1) spoon.support.reflect.reference.CtTypeReferenceImpl cannot be cast to spoon.reflect.declaration.CtClass
Parameter 1) java.lang.System
2020-03-14 09:48:25,249 INFO spoon.Launcher - Step 1) spoon.support.reflect.reference.CtPackageReferenceImpl cannot be cast to spoon.reflect.declaration.CtClass
Parameter 1) java.lang
2020-03-14 09:48:25,249 INFO spoon.Launcher - Step 1) spoon.support.reflect.reference.CtFieldReferenceImpl cannot be cast to spoon.reflect.declaration.CtClass
Parameter 1) java.lang.System.out
2020-03-14 09:48:25,249 INFO spoon.Launcher - Step 1) spoon.support.reflect.reference.CtTypeReferenceImpl cannot be cast to spoon.reflect.declaration.CtClass
Parameter 1) java.lang.System
2020-03-14 09:48:25,249 INFO spoon.Launcher - Step 1) spoon.support.reflect.reference.CtPackageReferenceImpl cannot be cast to spoon.reflect.declaration.CtClass
Parameter 1) java.lang
2020-03-14 09:48:25,249 INFO spoon.Launcher - Step 1) spoon.support.reflect.reference.CtTypeReferenceImpl cannot be cast to spoon.reflect.declaration.CtClass
Parameter 1) java.io.PrintStream
2020-03-14 09:48:25,250 INFO spoon.Launcher - Step 1) spoon.support.reflect.reference.CtPackageReferenceImpl cannot be cast to spoon.reflect.declaration.CtClass
Parameter 1) java.io
2020-03-14 09:48:25,250 INFO spoon.Launcher - Step 1) spoon.support.reflect.reference.CtExecutableReferenceImpl cannot be cast to spoon.reflect.declaration.CtClass
Parameter 1) java.io.PrintStream#println(java.lang.String)
2020-03-14 09:48:25,250 INFO spoon.Launcher - Step 1) spoon.support.reflect.reference.CtTypeReferenceImpl cannot be cast to spoon.reflect.declaration.CtClass
Parameter 1) java.io.PrintStream
2020-03-14 09:48:25,250 INFO spoon.Launcher - Step 1) spoon.support.reflect.reference.CtPackageReferenceImpl cannot be cast to spoon.reflect.declaration.CtClass
Parameter 1) java.io
2020-03-14 09:48:25,250 INFO spoon.Launcher - Step 1) spoon.support.reflect.reference.CtTypeReferenceImpl cannot be cast to spoon.reflect.declaration.CtClass
Parameter 1) void
2020-03-14 09:48:25,250 INFO spoon.Launcher - Step 1) spoon.support.reflect.reference.CtTypeReferenceImpl cannot be cast to spoon.reflect.declaration.CtClass
Parameter 1) java.lang.String
2020-03-14 09:48:25,250 INFO spoon.Launcher - Step 1) spoon.support.reflect.reference.CtPackageReferenceImpl cannot be cast to spoon.reflect.declaration.CtClass
Parameter 1) java.lang
2020-03-14 09:48:25,250 INFO spoon.Launcher - Step 1) spoon.support.reflect.code.CtLiteralImpl cannot be cast to spoon.reflect.declaration.CtClass
Parameter 1) "Antojito"
2020-03-14 09:48:25,251 INFO spoon.Launcher - Step 1) spoon.support.reflect.reference.CtTypeReferenceImpl cannot be cast to spoon.reflect.declaration.CtClass
Parameter 1) java.lang.String
2020-03-14 09:48:25,251 INFO spoon.Launcher - Step 1) spoon.support.reflect.reference.CtPackageReferenceImpl cannot be cast to spoon.reflect.declaration.CtClass
Parameter 1) java.lang
2020-03-14 09:48:25,251 INFO spoon.Launcher - Step 1) spoon.support.reflect.declaration.CtMethodImpl cannot be cast to spoon.reflect.declaration.CtClass
Parameter 1) public void prepare(java.lang.String ingredient) {
}
2020-03-14 09:48:25,251 INFO spoon.Launcher - Step 1) spoon.support.reflect.reference.CtTypeReferenceImpl cannot be cast to spoon.reflect.declaration.CtClass
Parameter 1) void
2020-03-14 09:48:25,251 INFO spoon.Launcher - Step 1) spoon.support.reflect.declaration.CtParameterImpl cannot be cast to spoon.reflect.declaration.CtClass
Parameter 1) java.lang.String ingredient
2020-03-14 09:48:25,251 INFO spoon.Launcher - Step 1) spoon.support.reflect.reference.CtTypeReferenceImpl cannot be cast to spoon.reflect.declaration.CtClass
Parameter 1) java.lang.String
2020-03-14 09:48:25,251 INFO spoon.Launcher - Step 1) spoon.support.reflect.reference.CtPackageReferenceImpl cannot be cast to spoon.reflect.declaration.CtClass
Parameter 1) java.lang
2020-03-14 09:48:25,252 INFO spoon.Launcher - Step 1) spoon.support.reflect.code.CtBlockImpl cannot be cast to spoon.reflect.declaration.CtClass
Parameter 1) {
}
2020-03-14 09:48:25,252 INFO spoon.Launcher - Step 2) received
Parameter 1) public class FieldAccessFilterTacos extends java.util.ArrayList {
    private int myfield = 0;

    FieldAccessFilterTacos() {
        super();
        this.myfield = 0;
    }

    public void m() {
        myfield = super.size();
        java.lang.Object o = super.get(myfield);
    }
}
2020-03-14 09:48:25,252 INFO spoon.Launcher - Step 1) spoon.support.reflect.reference.CtTypeReferenceImpl cannot be cast to spoon.reflect.declaration.CtClass
Parameter 1) java.util.ArrayList
2020-03-14 09:48:25,252 INFO spoon.Launcher - Step 1) spoon.support.reflect.reference.CtPackageReferenceImpl cannot be cast to spoon.reflect.declaration.CtClass
Parameter 1) java.util
2020-03-14 09:48:25,252 INFO spoon.Launcher - Step 1) spoon.support.reflect.declaration.CtFieldImpl cannot be cast to spoon.reflect.declaration.CtClass
Parameter 1) private int myfield = 0;
2020-03-14 09:48:25,252 INFO spoon.Launcher - Step 1) spoon.support.reflect.reference.CtTypeReferenceImpl cannot be cast to spoon.reflect.declaration.CtClass
Parameter 1) int
2020-03-14 09:48:25,252 INFO spoon.Launcher - Step 1) spoon.support.reflect.code.CtLiteralImpl cannot be cast to spoon.reflect.declaration.CtClass
Parameter 1) 0
2020-03-14 09:48:25,253 INFO spoon.Launcher - Step 1) spoon.support.reflect.reference.CtTypeReferenceImpl cannot be cast to spoon.reflect.declaration.CtClass
Parameter 1) int
2020-03-14 09:48:25,253 INFO spoon.Launcher - Step 1) spoon.support.reflect.declaration.CtConstructorImpl cannot be cast to spoon.reflect.declaration.CtClass
Parameter 1) FieldAccessFilterTacos() {
    super();
    this.myfield = 0;
}
2020-03-14 09:48:25,253 INFO spoon.Launcher - Step 1) spoon.support.reflect.code.CtBlockImpl cannot be cast to spoon.reflect.declaration.CtClass
Parameter 1) {
    super();
    this.myfield = 0;
}
2020-03-14 09:48:25,253 INFO spoon.Launcher - Step 1) spoon.support.reflect.code.CtInvocationImpl cannot be cast to spoon.reflect.declaration.CtClass
Parameter 1) super()
2020-03-14 09:48:25,253 INFO spoon.Launcher - Step 1) spoon.support.reflect.reference.CtExecutableReferenceImpl cannot be cast to spoon.reflect.declaration.CtClass
Parameter 1) java.util.ArrayList#ArrayList()
2020-03-14 09:48:25,253 INFO spoon.Launcher - Step 1) spoon.support.reflect.reference.CtTypeReferenceImpl cannot be cast to spoon.reflect.declaration.CtClass
Parameter 1) java.util.ArrayList
2020-03-14 09:48:25,253 INFO spoon.Launcher - Step 1) spoon.support.reflect.reference.CtPackageReferenceImpl cannot be cast to spoon.reflect.declaration.CtClass
Parameter 1) java.util
2020-03-14 09:48:25,253 INFO spoon.Launcher - Step 1) spoon.support.reflect.reference.CtTypeReferenceImpl cannot be cast to spoon.reflect.declaration.CtClass
Parameter 1) java.util.ArrayList
2020-03-14 09:48:25,254 INFO spoon.Launcher - Step 1) spoon.support.reflect.reference.CtPackageReferenceImpl cannot be cast to spoon.reflect.declaration.CtClass
Parameter 1) java.util
2020-03-14 09:48:25,254 INFO spoon.Launcher - Step 1) spoon.support.reflect.code.CtAssignmentImpl cannot be cast to spoon.reflect.declaration.CtClass
Parameter 1) this.myfield = 0
2020-03-14 09:48:25,254 INFO spoon.Launcher - Step 1) spoon.support.reflect.reference.CtTypeReferenceImpl cannot be cast to spoon.reflect.declaration.CtClass
Parameter 1) int
2020-03-14 09:48:25,254 INFO spoon.Launcher - Step 1) spoon.support.reflect.code.CtFieldWriteImpl cannot be cast to spoon.reflect.declaration.CtClass
Parameter 1) this.myfield
2020-03-14 09:48:25,254 INFO spoon.Launcher - Step 1) spoon.support.reflect.code.CtThisAccessImpl cannot be cast to spoon.reflect.declaration.CtClass
Parameter 1) this
2020-03-14 09:48:25,254 INFO spoon.Launcher - Step 1) spoon.support.reflect.reference.CtTypeReferenceImpl cannot be cast to spoon.reflect.declaration.CtClass
Parameter 1) spoon.test.filters.testclasses.FieldAccessFilterTacos
2020-03-14 09:48:25,254 INFO spoon.Launcher - Step 1) spoon.support.reflect.reference.CtPackageReferenceImpl cannot be cast to spoon.reflect.declaration.CtClass
Parameter 1) spoon.test.filters.testclasses
2020-03-14 09:48:25,254 INFO spoon.Launcher - Step 1) spoon.support.reflect.code.CtTypeAccessImpl cannot be cast to spoon.reflect.declaration.CtClass
Parameter 1) spoon.test.filters.testclasses.FieldAccessFilterTacos
2020-03-14 09:48:25,255 INFO spoon.Launcher - Step 1) spoon.support.reflect.reference.CtTypeReferenceImpl cannot be cast to spoon.reflect.declaration.CtClass
Parameter 1) spoon.test.filters.testclasses.FieldAccessFilterTacos
2020-03-14 09:48:25,255 INFO spoon.Launcher - Step 1) spoon.support.reflect.reference.CtPackageReferenceImpl cannot be cast to spoon.reflect.declaration.CtClass
Parameter 1) spoon.test.filters.testclasses
2020-03-14 09:48:25,255 INFO spoon.Launcher - Step 1) spoon.support.reflect.reference.CtFieldReferenceImpl cannot be cast to spoon.reflect.declaration.CtClass
Parameter 1) myfield
2020-03-14 09:48:25,255 INFO spoon.Launcher - Step 1) spoon.support.reflect.reference.CtTypeReferenceImpl cannot be cast to spoon.reflect.declaration.CtClass
Parameter 1) spoon.test.filters.testclasses.FieldAccessFilterTacos
2020-03-14 09:48:25,255 INFO spoon.Launcher - Step 1) spoon.support.reflect.reference.CtPackageReferenceImpl cannot be cast to spoon.reflect.declaration.CtClass
Parameter 1) spoon.test.filters.testclasses
2020-03-14 09:48:25,255 INFO spoon.Launcher - Step 1) spoon.support.reflect.reference.CtTypeReferenceImpl cannot be cast to spoon.reflect.declaration.CtClass
Parameter 1) int
2020-03-14 09:48:25,255 INFO spoon.Launcher - Step 1) spoon.support.reflect.code.CtLiteralImpl cannot be cast to spoon.reflect.declaration.CtClass
Parameter 1) 0
2020-03-14 09:48:25,255 INFO spoon.Launcher - Step 1) spoon.support.reflect.reference.CtTypeReferenceImpl cannot be cast to spoon.reflect.declaration.CtClass
Parameter 1) int
2020-03-14 09:48:25,255 INFO spoon.Launcher - Step 1) spoon.support.reflect.declaration.CtMethodImpl cannot be cast to spoon.reflect.declaration.CtClass
Parameter 1) public void m() {
    myfield = super.size();
    java.lang.Object o = super.get(myfield);
}
2020-03-14 09:48:25,256 INFO spoon.Launcher - Step 1) spoon.support.reflect.reference.CtTypeReferenceImpl cannot be cast to spoon.reflect.declaration.CtClass
Parameter 1) void
2020-03-14 09:48:25,256 INFO spoon.Launcher - Step 1) spoon.support.reflect.code.CtBlockImpl cannot be cast to spoon.reflect.declaration.CtClass
Parameter 1) {
    myfield = super.size();
    java.lang.Object o = super.get(myfield);
}
2020-03-14 09:48:25,256 INFO spoon.Launcher - Step 1) spoon.support.reflect.code.CtAssignmentImpl cannot be cast to spoon.reflect.declaration.CtClass
Parameter 1) myfield = super.size()
2020-03-14 09:48:25,256 INFO spoon.Launcher - Step 1) spoon.support.reflect.reference.CtTypeReferenceImpl cannot be cast to spoon.reflect.declaration.CtClass
Parameter 1) int
2020-03-14 09:48:25,256 INFO spoon.Launcher - Step 1) spoon.support.reflect.code.CtFieldWriteImpl cannot be cast to spoon.reflect.declaration.CtClass
Parameter 1) myfield
2020-03-14 09:48:25,256 INFO spoon.Launcher - Step 1) spoon.support.reflect.code.CtThisAccessImpl cannot be cast to spoon.reflect.declaration.CtClass
Parameter 1) 
2020-03-14 09:48:25,256 INFO spoon.Launcher - Step 1) spoon.support.reflect.reference.CtTypeReferenceImpl cannot be cast to spoon.reflect.declaration.CtClass
Parameter 1) spoon.test.filters.testclasses.FieldAccessFilterTacos
2020-03-14 09:48:25,256 INFO spoon.Launcher - Step 1) spoon.support.reflect.reference.CtPackageReferenceImpl cannot be cast to spoon.reflect.declaration.CtClass
Parameter 1) spoon.test.filters.testclasses
2020-03-14 09:48:25,257 INFO spoon.Launcher - Step 1) spoon.support.reflect.code.CtTypeAccessImpl cannot be cast to spoon.reflect.declaration.CtClass
Parameter 1) spoon.test.filters.testclasses.FieldAccessFilterTacos
2020-03-14 09:48:25,257 INFO spoon.Launcher - Step 1) spoon.support.reflect.reference.CtTypeReferenceImpl cannot be cast to spoon.reflect.declaration.CtClass
Parameter 1) spoon.test.filters.testclasses.FieldAccessFilterTacos
2020-03-14 09:48:25,257 INFO spoon.Launcher - Step 1) spoon.support.reflect.reference.CtPackageReferenceImpl cannot be cast to spoon.reflect.declaration.CtClass
Parameter 1) spoon.test.filters.testclasses
2020-03-14 09:48:25,257 INFO spoon.Launcher - Step 1) spoon.support.reflect.reference.CtFieldReferenceImpl cannot be cast to spoon.reflect.declaration.CtClass
Parameter 1) myfield
2020-03-14 09:48:25,257 INFO spoon.Launcher - Step 1) spoon.support.reflect.reference.CtTypeReferenceImpl cannot be cast to spoon.reflect.declaration.CtClass
Parameter 1) spoon.test.filters.testclasses.FieldAccessFilterTacos
2020-03-14 09:48:25,257 INFO spoon.Launcher - Step 1) spoon.support.reflect.reference.CtPackageReferenceImpl cannot be cast to spoon.reflect.declaration.CtClass
Parameter 1) spoon.test.filters.testclasses
2020-03-14 09:48:25,257 INFO spoon.Launcher - Step 1) spoon.support.reflect.reference.CtTypeReferenceImpl cannot be cast to spoon.reflect.declaration.CtClass
Parameter 1) int
2020-03-14 09:48:25,257 INFO spoon.Launcher - Step 1) spoon.support.reflect.code.CtInvocationImpl cannot be cast to spoon.reflect.declaration.CtClass
Parameter 1) super.size()
2020-03-14 09:48:25,257 INFO spoon.Launcher - Step 1) spoon.support.reflect.code.CtSuperAccessImpl cannot be cast to spoon.reflect.declaration.CtClass
Parameter 1) super
2020-03-14 09:48:25,257 INFO spoon.Launcher - Step 1) spoon.support.reflect.reference.CtLocalVariableReferenceImpl cannot be cast to spoon.reflect.declaration.CtClass
Parameter 1) 
2020-03-14 09:48:25,258 INFO spoon.Launcher - Step 1) spoon.support.reflect.reference.CtExecutableReferenceImpl cannot be cast to spoon.reflect.declaration.CtClass
Parameter 1) java.util.ArrayList#size()
2020-03-14 09:48:25,258 INFO spoon.Launcher - Step 1) spoon.support.reflect.reference.CtTypeReferenceImpl cannot be cast to spoon.reflect.declaration.CtClass
Parameter 1) java.util.ArrayList
2020-03-14 09:48:25,258 INFO spoon.Launcher - Step 1) spoon.support.reflect.reference.CtPackageReferenceImpl cannot be cast to spoon.reflect.declaration.CtClass
Parameter 1) java.util
2020-03-14 09:48:25,258 INFO spoon.Launcher - Step 1) spoon.support.reflect.reference.CtTypeReferenceImpl cannot be cast to spoon.reflect.declaration.CtClass
Parameter 1) int
2020-03-14 09:48:25,258 INFO spoon.Launcher - Step 1) spoon.support.reflect.code.CtLocalVariableImpl cannot be cast to spoon.reflect.declaration.CtClass
Parameter 1) java.lang.Object o = super.get(myfield)
2020-03-14 09:48:25,258 INFO spoon.Launcher - Step 1) spoon.support.reflect.reference.CtTypeReferenceImpl cannot be cast to spoon.reflect.declaration.CtClass
Parameter 1) java.lang.Object
2020-03-14 09:48:25,258 INFO spoon.Launcher - Step 1) spoon.support.reflect.reference.CtPackageReferenceImpl cannot be cast to spoon.reflect.declaration.CtClass
Parameter 1) java.lang
2020-03-14 09:48:25,258 INFO spoon.Launcher - Step 1) spoon.support.reflect.code.CtInvocationImpl cannot be cast to spoon.reflect.declaration.CtClass
Parameter 1) super.get(myfield)
2020-03-14 09:48:25,258 INFO spoon.Launcher - Step 1) spoon.support.reflect.code.CtSuperAccessImpl cannot be cast to spoon.reflect.declaration.CtClass
Parameter 1) super
2020-03-14 09:48:25,259 INFO spoon.Launcher - Step 1) spoon.support.reflect.reference.CtLocalVariableReferenceImpl cannot be cast to spoon.reflect.declaration.CtClass
Parameter 1) 
2020-03-14 09:48:25,259 INFO spoon.Launcher - Step 1) spoon.support.reflect.reference.CtExecutableReferenceImpl cannot be cast to spoon.reflect.declaration.CtClass
Parameter 1) java.util.ArrayList#get(int)
2020-03-14 09:48:25,259 INFO spoon.Launcher - Step 1) spoon.support.reflect.reference.CtTypeReferenceImpl cannot be cast to spoon.reflect.declaration.CtClass
Parameter 1) java.util.ArrayList
2020-03-14 09:48:25,259 INFO spoon.Launcher - Step 1) spoon.support.reflect.reference.CtPackageReferenceImpl cannot be cast to spoon.reflect.declaration.CtClass
Parameter 1) java.util
2020-03-14 09:48:25,259 INFO spoon.Launcher - Step 1) spoon.support.reflect.reference.CtTypeReferenceImpl cannot be cast to spoon.reflect.declaration.CtClass
Parameter 1) java.lang.Object
2020-03-14 09:48:25,259 INFO spoon.Launcher - Step 1) spoon.support.reflect.reference.CtPackageReferenceImpl cannot be cast to spoon.reflect.declaration.CtClass
Parameter 1) java.lang
2020-03-14 09:48:25,259 INFO spoon.Launcher - Step 1) spoon.support.reflect.reference.CtTypeReferenceImpl cannot be cast to spoon.reflect.declaration.CtClass
Parameter 1) int
2020-03-14 09:48:25,259 INFO spoon.Launcher - Step 1) spoon.support.reflect.code.CtFieldReadImpl cannot be cast to spoon.reflect.declaration.CtClass
Parameter 1) myfield
2020-03-14 09:48:25,259 INFO spoon.Launcher - Step 1) spoon.support.reflect.code.CtThisAccessImpl cannot be cast to spoon.reflect.declaration.CtClass
Parameter 1) 
2020-03-14 09:48:25,260 INFO spoon.Launcher - Step 1) spoon.support.reflect.reference.CtTypeReferenceImpl cannot be cast to spoon.reflect.declaration.CtClass
Parameter 1) spoon.test.filters.testclasses.FieldAccessFilterTacos
2020-03-14 09:48:25,260 INFO spoon.Launcher - Step 1) spoon.support.reflect.reference.CtPackageReferenceImpl cannot be cast to spoon.reflect.declaration.CtClass
Parameter 1) spoon.test.filters.testclasses
2020-03-14 09:48:25,260 INFO spoon.Launcher - Step 1) spoon.support.reflect.code.CtTypeAccessImpl cannot be cast to spoon.reflect.declaration.CtClass
Parameter 1) spoon.test.filters.testclasses.FieldAccessFilterTacos
2020-03-14 09:48:25,260 INFO spoon.Launcher - Step 1) spoon.support.reflect.reference.CtTypeReferenceImpl cannot be cast to spoon.reflect.declaration.CtClass
Parameter 1) spoon.test.filters.testclasses.FieldAccessFilterTacos
2020-03-14 09:48:25,260 INFO spoon.Launcher - Step 1) spoon.support.reflect.reference.CtPackageReferenceImpl cannot be cast to spoon.reflect.declaration.CtClass
Parameter 1) spoon.test.filters.testclasses
2020-03-14 09:48:25,260 INFO spoon.Launcher - Step 1) spoon.support.reflect.reference.CtFieldReferenceImpl cannot be cast to spoon.reflect.declaration.CtClass
Parameter 1) myfield
2020-03-14 09:48:25,260 INFO spoon.Launcher - Step 1) spoon.support.reflect.reference.CtTypeReferenceImpl cannot be cast to spoon.reflect.declaration.CtClass
Parameter 1) spoon.test.filters.testclasses.FieldAccessFilterTacos
2020-03-14 09:48:25,260 INFO spoon.Launcher - Step 1) spoon.support.reflect.reference.CtPackageReferenceImpl cannot be cast to spoon.reflect.declaration.CtClass
Parameter 1) spoon.test.filters.testclasses
2020-03-14 09:48:25,260 INFO spoon.Launcher - Step 1) spoon.support.reflect.reference.CtTypeReferenceImpl cannot be cast to spoon.reflect.declaration.CtClass
Parameter 1) int
2020-03-14 09:48:25,261 INFO spoon.Launcher - Step 1) spoon.support.reflect.declaration.CtInterfaceImpl cannot be cast to spoon.reflect.declaration.CtClass
Parameter 1) public interface ITostada {
    spoon.test.filters.testclasses.ITostada make();
}
2020-03-14 09:48:25,261 INFO spoon.Launcher - Step 1) spoon.support.reflect.declaration.CtMethodImpl cannot be cast to spoon.reflect.declaration.CtClass
Parameter 1) spoon.test.filters.testclasses.ITostada make();
2020-03-14 09:48:25,261 INFO spoon.Launcher - Step 1) spoon.support.reflect.reference.CtTypeReferenceImpl cannot be cast to spoon.reflect.declaration.CtClass
Parameter 1) spoon.test.filters.testclasses.ITostada
2020-03-14 09:48:25,261 INFO spoon.Launcher - Step 1) spoon.support.reflect.reference.CtPackageReferenceImpl cannot be cast to spoon.reflect.declaration.CtClass
Parameter 1) spoon.test.filters.testclasses
2020-03-14 09:48:25,261 INFO spoon.Launcher - Step 2) received
Parameter 1) public class SubTostada extends spoon.test.filters.testclasses.Tostada {
    @java.lang.Override
    public void prepare() {
        java.lang.System.out.println("SubTostada");
        super.prepare();
    }
}
2020-03-14 09:48:25,261 INFO spoon.Launcher - Step 1) spoon.support.reflect.reference.CtTypeReferenceImpl cannot be cast to spoon.reflect.declaration.CtClass
Parameter 1) spoon.test.filters.testclasses.Tostada
2020-03-14 09:48:25,261 INFO spoon.Launcher - Step 1) spoon.support.reflect.reference.CtPackageReferenceImpl cannot be cast to spoon.reflect.declaration.CtClass
Parameter 1) spoon.test.filters.testclasses
2020-03-14 09:48:25,261 INFO spoon.Launcher - Step 1) spoon.support.reflect.declaration.CtConstructorImpl cannot be cast to spoon.reflect.declaration.CtClass
Parameter 1) public SubTostada() {
}
2020-03-14 09:48:25,261 INFO spoon.Launcher - Step 1) spoon.support.reflect.code.CtBlockImpl cannot be cast to spoon.reflect.declaration.CtClass
Parameter 1) {
}
2020-03-14 09:48:25,262 INFO spoon.Launcher - Step 1) spoon.support.reflect.code.CtInvocationImpl cannot be cast to spoon.reflect.declaration.CtClass
Parameter 1) super()
2020-03-14 09:48:25,262 INFO spoon.Launcher - Step 1) spoon.support.reflect.reference.CtExecutableReferenceImpl cannot be cast to spoon.reflect.declaration.CtClass
Parameter 1) spoon.test.filters.testclasses.Tostada#Tostada()
2020-03-14 09:48:25,262 INFO spoon.Launcher - Step 1) spoon.support.reflect.reference.CtTypeReferenceImpl cannot be cast to spoon.reflect.declaration.CtClass
Parameter 1) spoon.test.filters.testclasses.Tostada
2020-03-14 09:48:25,262 INFO spoon.Launcher - Step 1) spoon.support.reflect.reference.CtPackageReferenceImpl cannot be cast to spoon.reflect.declaration.CtClass
Parameter 1) spoon.test.filters.testclasses
2020-03-14 09:48:25,262 INFO spoon.Launcher - Step 1) spoon.support.reflect.reference.CtTypeReferenceImpl cannot be cast to spoon.reflect.declaration.CtClass
Parameter 1) spoon.test.filters.testclasses.Tostada
2020-03-14 09:48:25,262 INFO spoon.Launcher - Step 1) spoon.support.reflect.reference.CtPackageReferenceImpl cannot be cast to spoon.reflect.declaration.CtClass
Parameter 1) spoon.test.filters.testclasses
2020-03-14 09:48:25,262 INFO spoon.Launcher - Step 1) spoon.support.reflect.declaration.CtMethodImpl cannot be cast to spoon.reflect.declaration.CtClass
Parameter 1) @java.lang.Override
public void prepare() {
    java.lang.System.out.println("SubTostada");
    super.prepare();
}
2020-03-14 09:48:25,262 INFO spoon.Launcher - Step 1) spoon.support.reflect.declaration.CtAnnotationImpl cannot be cast to spoon.reflect.declaration.CtClass
Parameter 1) @java.lang.Override

2020-03-14 09:48:25,262 INFO spoon.Launcher - Step 1) spoon.support.reflect.reference.CtTypeReferenceImpl cannot be cast to spoon.reflect.declaration.CtClass
Parameter 1) java.lang.Override
2020-03-14 09:48:25,263 INFO spoon.Launcher - Step 1) spoon.support.reflect.reference.CtPackageReferenceImpl cannot be cast to spoon.reflect.declaration.CtClass
Parameter 1) java.lang
2020-03-14 09:48:25,263 INFO spoon.Launcher - Step 1) spoon.support.reflect.reference.CtTypeReferenceImpl cannot be cast to spoon.reflect.declaration.CtClass
Parameter 1) java.lang.Override
2020-03-14 09:48:25,263 INFO spoon.Launcher - Step 1) spoon.support.reflect.reference.CtPackageReferenceImpl cannot be cast to spoon.reflect.declaration.CtClass
Parameter 1) java.lang
2020-03-14 09:48:25,263 INFO spoon.Launcher - Step 1) spoon.support.reflect.reference.CtTypeReferenceImpl cannot be cast to spoon.reflect.declaration.CtClass
Parameter 1) void
2020-03-14 09:48:25,263 INFO spoon.Launcher - Step 1) spoon.support.reflect.code.CtBlockImpl cannot be cast to spoon.reflect.declaration.CtClass
Parameter 1) {
    java.lang.System.out.println("SubTostada");
    super.prepare();
}
2020-03-14 09:48:25,263 INFO spoon.Launcher - Step 1) spoon.support.reflect.code.CtInvocationImpl cannot be cast to spoon.reflect.declaration.CtClass
Parameter 1) java.lang.System.out.println("SubTostada")
2020-03-14 09:48:25,263 INFO spoon.Launcher - Step 1) spoon.support.reflect.code.CtFieldReadImpl cannot be cast to spoon.reflect.declaration.CtClass
Parameter 1) java.lang.System.out
2020-03-14 09:48:25,263 INFO spoon.Launcher - Step 1) spoon.support.reflect.code.CtTypeAccessImpl cannot be cast to spoon.reflect.declaration.CtClass
Parameter 1) java.lang.System
2020-03-14 09:48:25,264 INFO spoon.Launcher - Step 1) spoon.support.reflect.reference.CtTypeReferenceImpl cannot be cast to spoon.reflect.declaration.CtClass
Parameter 1) java.lang.System
2020-03-14 09:48:25,264 INFO spoon.Launcher - Step 1) spoon.support.reflect.reference.CtPackageReferenceImpl cannot be cast to spoon.reflect.declaration.CtClass
Parameter 1) java.lang
2020-03-14 09:48:25,264 INFO spoon.Launcher - Step 1) spoon.support.reflect.reference.CtFieldReferenceImpl cannot be cast to spoon.reflect.declaration.CtClass
Parameter 1) java.lang.System.out
2020-03-14 09:48:25,264 INFO spoon.Launcher - Step 1) spoon.support.reflect.reference.CtTypeReferenceImpl cannot be cast to spoon.reflect.declaration.CtClass
Parameter 1) java.lang.System
2020-03-14 09:48:25,264 INFO spoon.Launcher - Step 1) spoon.support.reflect.reference.CtPackageReferenceImpl cannot be cast to spoon.reflect.declaration.CtClass
Parameter 1) java.lang
2020-03-14 09:48:25,264 INFO spoon.Launcher - Step 1) spoon.support.reflect.reference.CtTypeReferenceImpl cannot be cast to spoon.reflect.declaration.CtClass
Parameter 1) java.io.PrintStream
2020-03-14 09:48:25,264 INFO spoon.Launcher - Step 1) spoon.support.reflect.reference.CtPackageReferenceImpl cannot be cast to spoon.reflect.declaration.CtClass
Parameter 1) java.io
2020-03-14 09:48:25,264 INFO spoon.Launcher - Step 1) spoon.support.reflect.reference.CtExecutableReferenceImpl cannot be cast to spoon.reflect.declaration.CtClass
Parameter 1) java.io.PrintStream#println(java.lang.String)
2020-03-14 09:48:25,264 INFO spoon.Launcher - Step 1) spoon.support.reflect.reference.CtTypeReferenceImpl cannot be cast to spoon.reflect.declaration.CtClass
Parameter 1) java.io.PrintStream
2020-03-14 09:48:25,265 INFO spoon.Launcher - Step 1) spoon.support.reflect.reference.CtPackageReferenceImpl cannot be cast to spoon.reflect.declaration.CtClass
Parameter 1) java.io
2020-03-14 09:48:25,265 INFO spoon.Launcher - Step 1) spoon.support.reflect.reference.CtTypeReferenceImpl cannot be cast to spoon.reflect.declaration.CtClass
Parameter 1) void
2020-03-14 09:48:25,265 INFO spoon.Launcher - Step 1) spoon.support.reflect.reference.CtTypeReferenceImpl cannot be cast to spoon.reflect.declaration.CtClass
Parameter 1) java.lang.String
2020-03-14 09:48:25,265 INFO spoon.Launcher - Step 1) spoon.support.reflect.reference.CtPackageReferenceImpl cannot be cast to spoon.reflect.declaration.CtClass
Parameter 1) java.lang
2020-03-14 09:48:25,265 INFO spoon.Launcher - Step 1) spoon.support.reflect.code.CtLiteralImpl cannot be cast to spoon.reflect.declaration.CtClass
Parameter 1) "SubTostada"
2020-03-14 09:48:25,265 INFO spoon.Launcher - Step 1) spoon.support.reflect.reference.CtTypeReferenceImpl cannot be cast to spoon.reflect.declaration.CtClass
Parameter 1) java.lang.String
2020-03-14 09:48:25,265 INFO spoon.Launcher - Step 1) spoon.support.reflect.reference.CtPackageReferenceImpl cannot be cast to spoon.reflect.declaration.CtClass
Parameter 1) java.lang
2020-03-14 09:48:25,265 INFO spoon.Launcher - Step 1) spoon.support.reflect.code.CtInvocationImpl cannot be cast to spoon.reflect.declaration.CtClass
Parameter 1) super.prepare()
2020-03-14 09:48:25,265 INFO spoon.Launcher - Step 1) spoon.support.reflect.code.CtSuperAccessImpl cannot be cast to spoon.reflect.declaration.CtClass
Parameter 1) super
2020-03-14 09:48:25,266 INFO spoon.Launcher - Step 1) spoon.support.reflect.reference.CtLocalVariableReferenceImpl cannot be cast to spoon.reflect.declaration.CtClass
Parameter 1) 
2020-03-14 09:48:25,266 INFO spoon.Launcher - Step 1) spoon.support.reflect.reference.CtExecutableReferenceImpl cannot be cast to spoon.reflect.declaration.CtClass
Parameter 1) spoon.test.filters.testclasses.Tostada#prepare()
2020-03-14 09:48:25,266 INFO spoon.Launcher - Step 1) spoon.support.reflect.reference.CtTypeReferenceImpl cannot be cast to spoon.reflect.declaration.CtClass
Parameter 1) spoon.test.filters.testclasses.Tostada
2020-03-14 09:48:25,266 INFO spoon.Launcher - Step 1) spoon.support.reflect.reference.CtPackageReferenceImpl cannot be cast to spoon.reflect.declaration.CtClass
Parameter 1) spoon.test.filters.testclasses
2020-03-14 09:48:25,266 INFO spoon.Launcher - Step 1) spoon.support.reflect.reference.CtTypeReferenceImpl cannot be cast to spoon.reflect.declaration.CtClass
Parameter 1) void
2020-03-14 09:48:25,266 INFO spoon.Launcher - Step 2) received
Parameter 1) public class Tacos implements spoon.test.filters.testclasses.ITostada {
    @java.lang.Override
    public spoon.test.filters.testclasses.ITostada make() {
        return null;
    }

    public void prepare() {
        final java.util.ArrayList<java.lang.String> strings = new java.util.ArrayList<java.lang.String>();
        strings.size();
    }
}
2020-03-14 09:48:25,266 INFO spoon.Launcher - Step 3) received
Parameter 1) spoon.test.filters.testclasses.ITostada
2020-03-14 09:48:25,266 INFO spoon.Launcher - Step 4) received
Parameter 1) public interface ITostada {
    spoon.test.filters.testclasses.ITostada make();
}
2020-03-14 09:48:25,267 INFO spoon.Launcher - Step 5) received
Parameter 1) spoon.test.filters.testclasses.ITostada make();
2020-03-14 09:48:25,267 INFO spoon.Launcher - Step 6) received
Parameter 1) spoon.test.filters.testclasses.ITostada make();
2020-03-14 09:48:25,267 INFO spoon.Launcher - Step 7) received
Parameter 1) spoon.test.filters.testclasses.ITostada
2020-03-14 09:48:25,267 INFO spoon.Launcher - Step 8) received
Parameter 1) public interface ITostada {
    spoon.test.filters.testclasses.ITostada make();
}
2020-03-14 09:48:25,267 INFO spoon.Launcher - Step TailConsumer) received
Parameter 1) public interface ITostada {
    spoon.test.filters.testclasses.ITostada make();
}
2020-03-14 09:48:25,267 INFO spoon.Launcher - Step 1) spoon.support.reflect.reference.CtTypeReferenceImpl cannot be cast to spoon.reflect.declaration.CtClass
Parameter 1) spoon.test.filters.testclasses.ITostada
2020-03-14 09:48:25,267 INFO spoon.Launcher - Step 1) spoon.support.reflect.reference.CtPackageReferenceImpl cannot be cast to spoon.reflect.declaration.CtClass
Parameter 1) spoon.test.filters.testclasses
2020-03-14 09:48:25,267 INFO spoon.Launcher - Step 1) spoon.support.reflect.declaration.CtConstructorImpl cannot be cast to spoon.reflect.declaration.CtClass
Parameter 1) public Tacos() {
}
2020-03-14 09:48:25,267 INFO spoon.Launcher - Step 1) spoon.support.reflect.code.CtBlockImpl cannot be cast to spoon.reflect.declaration.CtClass
Parameter 1) {
}
2020-03-14 09:48:25,267 INFO spoon.Launcher - Step 1) spoon.support.reflect.code.CtInvocationImpl cannot be cast to spoon.reflect.declaration.CtClass
Parameter 1) super()
2020-03-14 09:48:25,268 INFO spoon.Launcher - Step 1) spoon.support.reflect.reference.CtExecutableReferenceImpl cannot be cast to spoon.reflect.declaration.CtClass
Parameter 1) java.lang.Object#Object()
2020-03-14 09:48:25,268 INFO spoon.Launcher - Step 1) spoon.support.reflect.reference.CtTypeReferenceImpl cannot be cast to spoon.reflect.declaration.CtClass
Parameter 1) java.lang.Object
2020-03-14 09:48:25,268 INFO spoon.Launcher - Step 1) spoon.support.reflect.reference.CtPackageReferenceImpl cannot be cast to spoon.reflect.declaration.CtClass
Parameter 1) java.lang
2020-03-14 09:48:25,268 INFO spoon.Launcher - Step 1) spoon.support.reflect.reference.CtTypeReferenceImpl cannot be cast to spoon.reflect.declaration.CtClass
Parameter 1) java.lang.Object
2020-03-14 09:48:25,268 INFO spoon.Launcher - Step 1) spoon.support.reflect.reference.CtPackageReferenceImpl cannot be cast to spoon.reflect.declaration.CtClass
Parameter 1) java.lang
2020-03-14 09:48:25,268 INFO spoon.Launcher - Step 1) spoon.support.reflect.declaration.CtMethodImpl cannot be cast to spoon.reflect.declaration.CtClass
Parameter 1) @java.lang.Override
public spoon.test.filters.testclasses.ITostada make() {
    return null;
}
2020-03-14 09:48:25,268 INFO spoon.Launcher - Step 1) spoon.support.reflect.declaration.CtAnnotationImpl cannot be cast to spoon.reflect.declaration.CtClass
Parameter 1) @java.lang.Override

2020-03-14 09:48:25,268 INFO spoon.Launcher - Step 1) spoon.support.reflect.reference.CtTypeReferenceImpl cannot be cast to spoon.reflect.declaration.CtClass
Parameter 1) java.lang.Override
2020-03-14 09:48:25,268 INFO spoon.Launcher - Step 1) spoon.support.reflect.reference.CtPackageReferenceImpl cannot be cast to spoon.reflect.declaration.CtClass
Parameter 1) java.lang
2020-03-14 09:48:25,269 INFO spoon.Launcher - Step 1) spoon.support.reflect.reference.CtTypeReferenceImpl cannot be cast to spoon.reflect.declaration.CtClass
Parameter 1) java.lang.Override
2020-03-14 09:48:25,269 INFO spoon.Launcher - Step 1) spoon.support.reflect.reference.CtPackageReferenceImpl cannot be cast to spoon.reflect.declaration.CtClass
Parameter 1) java.lang
2020-03-14 09:48:25,269 INFO spoon.Launcher - Step 1) spoon.support.reflect.reference.CtTypeReferenceImpl cannot be cast to spoon.reflect.declaration.CtClass
Parameter 1) spoon.test.filters.testclasses.ITostada
2020-03-14 09:48:25,269 INFO spoon.Launcher - Step 1) spoon.support.reflect.reference.CtPackageReferenceImpl cannot be cast to spoon.reflect.declaration.CtClass
Parameter 1) spoon.test.filters.testclasses
2020-03-14 09:48:25,269 INFO spoon.Launcher - Step 1) spoon.support.reflect.code.CtBlockImpl cannot be cast to spoon.reflect.declaration.CtClass
Parameter 1) {
    return null;
}
2020-03-14 09:48:25,269 INFO spoon.Launcher - Step 1) spoon.support.reflect.code.CtReturnImpl cannot be cast to spoon.reflect.declaration.CtClass
Parameter 1) return null
2020-03-14 09:48:25,269 INFO spoon.Launcher - Step 1) spoon.support.reflect.code.CtLiteralImpl cannot be cast to spoon.reflect.declaration.CtClass
Parameter 1) null
2020-03-14 09:48:25,269 INFO spoon.Launcher - Step 1) spoon.support.reflect.reference.CtTypeReferenceImpl cannot be cast to spoon.reflect.declaration.CtClass
Parameter 1) <nulltype>
2020-03-14 09:48:25,269 INFO spoon.Launcher - Step 1) spoon.support.reflect.declaration.CtMethodImpl cannot be cast to spoon.reflect.declaration.CtClass
Parameter 1) public void prepare() {
    final java.util.ArrayList<java.lang.String> strings = new java.util.ArrayList<java.lang.String>();
    strings.size();
}
2020-03-14 09:48:25,269 INFO spoon.Launcher - Step 1) spoon.support.reflect.reference.CtTypeReferenceImpl cannot be cast to spoon.reflect.declaration.CtClass
Parameter 1) void
2020-03-14 09:48:25,270 INFO spoon.Launcher - Step 1) spoon.support.reflect.code.CtBlockImpl cannot be cast to spoon.reflect.declaration.CtClass
Parameter 1) {
    final java.util.ArrayList<java.lang.String> strings = new java.util.ArrayList<java.lang.String>();
    strings.size();
}
2020-03-14 09:48:25,270 INFO spoon.Launcher - Step 1) spoon.support.reflect.code.CtLocalVariableImpl cannot be cast to spoon.reflect.declaration.CtClass
Parameter 1) final java.util.ArrayList<java.lang.String> strings = new java.util.ArrayList<java.lang.String>()
2020-03-14 09:48:25,270 INFO spoon.Launcher - Step 1) spoon.support.reflect.reference.CtTypeReferenceImpl cannot be cast to spoon.reflect.declaration.CtClass
Parameter 1) java.util.ArrayList<java.lang.String>
2020-03-14 09:48:25,270 INFO spoon.Launcher - Step 1) spoon.support.reflect.reference.CtPackageReferenceImpl cannot be cast to spoon.reflect.declaration.CtClass
Parameter 1) java.util
2020-03-14 09:48:25,270 INFO spoon.Launcher - Step 1) spoon.support.reflect.reference.CtTypeReferenceImpl cannot be cast to spoon.reflect.declaration.CtClass
Parameter 1) java.lang.String
2020-03-14 09:48:25,270 INFO spoon.Launcher - Step 1) spoon.support.reflect.reference.CtPackageReferenceImpl cannot be cast to spoon.reflect.declaration.CtClass
Parameter 1) java.lang
2020-03-14 09:48:25,270 INFO spoon.Launcher - Step 1) spoon.support.reflect.code.CtConstructorCallImpl cannot be cast to spoon.reflect.declaration.CtClass
Parameter 1) new java.util.ArrayList<java.lang.String>()
2020-03-14 09:48:25,270 INFO spoon.Launcher - Step 1) spoon.support.reflect.reference.CtExecutableReferenceImpl cannot be cast to spoon.reflect.declaration.CtClass
Parameter 1) java.util.ArrayList#ArrayList()
2020-03-14 09:48:25,270 INFO spoon.Launcher - Step 1) spoon.support.reflect.reference.CtTypeReferenceImpl cannot be cast to spoon.reflect.declaration.CtClass
Parameter 1) java.util.ArrayList
2020-03-14 09:48:25,271 INFO spoon.Launcher - Step 1) spoon.support.reflect.reference.CtPackageReferenceImpl cannot be cast to spoon.reflect.declaration.CtClass
Parameter 1) java.util
2020-03-14 09:48:25,271 INFO spoon.Launcher - Step 1) spoon.support.reflect.reference.CtTypeReferenceImpl cannot be cast to spoon.reflect.declaration.CtClass
Parameter 1) java.util.ArrayList<java.lang.String>
2020-03-14 09:48:25,271 INFO spoon.Launcher - Step 1) spoon.support.reflect.reference.CtPackageReferenceImpl cannot be cast to spoon.reflect.declaration.CtClass
Parameter 1) java.util
2020-03-14 09:48:25,271 INFO spoon.Launcher - Step 1) spoon.support.reflect.reference.CtTypeReferenceImpl cannot be cast to spoon.reflect.declaration.CtClass
Parameter 1) java.lang.String
2020-03-14 09:48:25,271 INFO spoon.Launcher - Step 1) spoon.support.reflect.reference.CtPackageReferenceImpl cannot be cast to spoon.reflect.declaration.CtClass
Parameter 1) java.lang
2020-03-14 09:48:25,271 INFO spoon.Launcher - Step 1) spoon.support.reflect.code.CtInvocationImpl cannot be cast to spoon.reflect.declaration.CtClass
Parameter 1) strings.size()
2020-03-14 09:48:25,271 INFO spoon.Launcher - Step 1) spoon.support.reflect.code.CtVariableReadImpl cannot be cast to spoon.reflect.declaration.CtClass
Parameter 1) strings
2020-03-14 09:48:25,271 INFO spoon.Launcher - Step 1) spoon.support.reflect.reference.CtLocalVariableReferenceImpl cannot be cast to spoon.reflect.declaration.CtClass
Parameter 1) strings
2020-03-14 09:48:25,271 INFO spoon.Launcher - Step 1) spoon.support.reflect.reference.CtTypeReferenceImpl cannot be cast to spoon.reflect.declaration.CtClass
Parameter 1) java.util.ArrayList<java.lang.String>
2020-03-14 09:48:25,271 INFO spoon.Launcher - Step 1) spoon.support.reflect.reference.CtPackageReferenceImpl cannot be cast to spoon.reflect.declaration.CtClass
Parameter 1) java.util
2020-03-14 09:48:25,272 INFO spoon.Launcher - Step 1) spoon.support.reflect.reference.CtTypeReferenceImpl cannot be cast to spoon.reflect.declaration.CtClass
Parameter 1) java.lang.String
2020-03-14 09:48:25,272 INFO spoon.Launcher - Step 1) spoon.support.reflect.reference.CtPackageReferenceImpl cannot be cast to spoon.reflect.declaration.CtClass
Parameter 1) java.lang
2020-03-14 09:48:25,272 INFO spoon.Launcher - Step 1) spoon.support.reflect.reference.CtExecutableReferenceImpl cannot be cast to spoon.reflect.declaration.CtClass
Parameter 1) java.util.ArrayList#size()
2020-03-14 09:48:25,272 INFO spoon.Launcher - Step 1) spoon.support.reflect.reference.CtTypeReferenceImpl cannot be cast to spoon.reflect.declaration.CtClass
Parameter 1) java.util.ArrayList
2020-03-14 09:48:25,272 INFO spoon.Launcher - Step 1) spoon.support.reflect.reference.CtPackageReferenceImpl cannot be cast to spoon.reflect.declaration.CtClass
Parameter 1) java.util
2020-03-14 09:48:25,272 INFO spoon.Launcher - Step 1) spoon.support.reflect.reference.CtTypeReferenceImpl cannot be cast to spoon.reflect.declaration.CtClass
Parameter 1) int
2020-03-14 09:48:25,272 INFO spoon.Launcher - Step 2) received
Parameter 1) public class Tostada extends spoon.test.filters.testclasses.AbstractTostada {
    @java.lang.Override
    public spoon.test.filters.testclasses.ITostada make() {
        return new spoon.test.filters.testclasses.Tostada() {
            @java.lang.Override
            public void prepare() {
                int a = 3;
                super.prepare();
            }
        };
    }

    @java.lang.Override
    public void prepare() {
    }
}
2020-03-14 09:48:25,272 INFO spoon.Launcher - Step 1) spoon.support.reflect.reference.CtTypeReferenceImpl cannot be cast to spoon.reflect.declaration.CtClass
Parameter 1) spoon.test.filters.testclasses.AbstractTostada
2020-03-14 09:48:25,273 INFO spoon.Launcher - Step 1) spoon.support.reflect.reference.CtPackageReferenceImpl cannot be cast to spoon.reflect.declaration.CtClass
Parameter 1) spoon.test.filters.testclasses
2020-03-14 09:48:25,273 INFO spoon.Launcher - Step 1) spoon.support.reflect.declaration.CtConstructorImpl cannot be cast to spoon.reflect.declaration.CtClass
Parameter 1) public Tostada() {
}
2020-03-14 09:48:25,273 INFO spoon.Launcher - Step 1) spoon.support.reflect.code.CtBlockImpl cannot be cast to spoon.reflect.declaration.CtClass
Parameter 1) {
}
2020-03-14 09:48:25,273 INFO spoon.Launcher - Step 1) spoon.support.reflect.code.CtInvocationImpl cannot be cast to spoon.reflect.declaration.CtClass
Parameter 1) super()
2020-03-14 09:48:25,273 INFO spoon.Launcher - Step 1) spoon.support.reflect.reference.CtExecutableReferenceImpl cannot be cast to spoon.reflect.declaration.CtClass
Parameter 1) spoon.test.filters.testclasses.AbstractTostada#AbstractTostada()
2020-03-14 09:48:25,273 INFO spoon.Launcher - Step 1) spoon.support.reflect.reference.CtTypeReferenceImpl cannot be cast to spoon.reflect.declaration.CtClass
Parameter 1) spoon.test.filters.testclasses.AbstractTostada
2020-03-14 09:48:25,273 INFO spoon.Launcher - Step 1) spoon.support.reflect.reference.CtPackageReferenceImpl cannot be cast to spoon.reflect.declaration.CtClass
Parameter 1) spoon.test.filters.testclasses
2020-03-14 09:48:25,273 INFO spoon.Launcher - Step 1) spoon.support.reflect.reference.CtTypeReferenceImpl cannot be cast to spoon.reflect.declaration.CtClass
Parameter 1) spoon.test.filters.testclasses.AbstractTostada
2020-03-14 09:48:25,273 INFO spoon.Launcher - Step 1) spoon.support.reflect.reference.CtPackageReferenceImpl cannot be cast to spoon.reflect.declaration.CtClass
Parameter 1) spoon.test.filters.testclasses
2020-03-14 09:48:25,274 INFO spoon.Launcher - Step 1) spoon.support.reflect.declaration.CtMethodImpl cannot be cast to spoon.reflect.declaration.CtClass
Parameter 1) @java.lang.Override
public spoon.test.filters.testclasses.ITostada make() {
    return new spoon.test.filters.testclasses.Tostada() {
        @java.lang.Override
        public void prepare() {
            int a = 3;
            super.prepare();
        }
    };
}
2020-03-14 09:48:25,274 INFO spoon.Launcher - Step 1) spoon.support.reflect.declaration.CtAnnotationImpl cannot be cast to spoon.reflect.declaration.CtClass
Parameter 1) @java.lang.Override

2020-03-14 09:48:25,274 INFO spoon.Launcher - Step 1) spoon.support.reflect.reference.CtTypeReferenceImpl cannot be cast to spoon.reflect.declaration.CtClass
Parameter 1) java.lang.Override
2020-03-14 09:48:25,274 INFO spoon.Launcher - Step 1) spoon.support.reflect.reference.CtPackageReferenceImpl cannot be cast to spoon.reflect.declaration.CtClass
Parameter 1) java.lang
2020-03-14 09:48:25,274 INFO spoon.Launcher - Step 1) spoon.support.reflect.reference.CtTypeReferenceImpl cannot be cast to spoon.reflect.declaration.CtClass
Parameter 1) java.lang.Override
2020-03-14 09:48:25,274 INFO spoon.Launcher - Step 1) spoon.support.reflect.reference.CtPackageReferenceImpl cannot be cast to spoon.reflect.declaration.CtClass
Parameter 1) java.lang
2020-03-14 09:48:25,274 INFO spoon.Launcher - Step 1) spoon.support.reflect.reference.CtTypeReferenceImpl cannot be cast to spoon.reflect.declaration.CtClass
Parameter 1) spoon.test.filters.testclasses.ITostada
2020-03-14 09:48:25,274 INFO spoon.Launcher - Step 1) spoon.support.reflect.reference.CtPackageReferenceImpl cannot be cast to spoon.reflect.declaration.CtClass
Parameter 1) spoon.test.filters.testclasses
2020-03-14 09:48:25,274 INFO spoon.Launcher - Step 1) spoon.support.reflect.code.CtBlockImpl cannot be cast to spoon.reflect.declaration.CtClass
Parameter 1) {
    return new spoon.test.filters.testclasses.Tostada() {
        @java.lang.Override
        public void prepare() {
            int a = 3;
            super.prepare();
        }
    };
}
2020-03-14 09:48:25,275 INFO spoon.Launcher - Step 1) spoon.support.reflect.code.CtReturnImpl cannot be cast to spoon.reflect.declaration.CtClass
Parameter 1) return new spoon.test.filters.testclasses.Tostada() {
    @java.lang.Override
    public void prepare() {
        int a = 3;
        super.prepare();
    }
}
2020-03-14 09:48:25,275 INFO spoon.Launcher - Step 1) spoon.support.reflect.code.CtNewClassImpl cannot be cast to spoon.reflect.declaration.CtClass
Parameter 1) new spoon.test.filters.testclasses.Tostada() {
    @java.lang.Override
    public void prepare() {
        int a = 3;
        super.prepare();
    }
}
2020-03-14 09:48:25,275 INFO spoon.Launcher - Step 1) spoon.support.reflect.reference.CtExecutableReferenceImpl cannot be cast to spoon.reflect.declaration.CtClass
Parameter 1) spoon.test.filters.testclasses.Tostada$1#1()
2020-03-14 09:48:25,280 INFO spoon.Launcher - Step 1) spoon.support.reflect.reference.CtTypeReferenceImpl cannot be cast to spoon.reflect.declaration.CtClass
Parameter 1) spoon.test.filters.testclasses.Tostada.1
2020-03-14 09:48:25,280 INFO spoon.Launcher - Step 1) spoon.support.reflect.reference.CtTypeReferenceImpl cannot be cast to spoon.reflect.declaration.CtClass
Parameter 1) spoon.test.filters.testclasses.Tostada
2020-03-14 09:48:25,281 INFO spoon.Launcher - Step 1) spoon.support.reflect.reference.CtPackageReferenceImpl cannot be cast to spoon.reflect.declaration.CtClass
Parameter 1) spoon.test.filters.testclasses
2020-03-14 09:48:25,281 INFO spoon.Launcher - Step 1) spoon.support.reflect.reference.CtTypeReferenceImpl cannot be cast to spoon.reflect.declaration.CtClass
Parameter 1) spoon.test.filters.testclasses.Tostada
2020-03-14 09:48:25,281 INFO spoon.Launcher - Step 1) spoon.support.reflect.reference.CtPackageReferenceImpl cannot be cast to spoon.reflect.declaration.CtClass
Parameter 1) spoon.test.filters.testclasses
2020-03-14 09:48:25,281 INFO spoon.Launcher - Step 2) received
Parameter 1)  {
    @java.lang.Override
    public void prepare() {
        int a = 3;
        super.prepare();
    }
}
2020-03-14 09:48:25,281 INFO spoon.Launcher - Step 1) spoon.support.reflect.reference.CtTypeReferenceImpl cannot be cast to spoon.reflect.declaration.CtClass
Parameter 1) spoon.test.filters.testclasses.Tostada
2020-03-14 09:48:25,281 INFO spoon.Launcher - Step 1) spoon.support.reflect.reference.CtPackageReferenceImpl cannot be cast to spoon.reflect.declaration.CtClass
Parameter 1) spoon.test.filters.testclasses
2020-03-14 09:48:25,281 INFO spoon.Launcher - Step 1) spoon.support.reflect.declaration.CtConstructorImpl cannot be cast to spoon.reflect.declaration.CtClass
Parameter 1) 1() {
}
2020-03-14 09:48:25,281 INFO spoon.Launcher - Step 1) spoon.support.reflect.code.CtBlockImpl cannot be cast to spoon.reflect.declaration.CtClass
Parameter 1) {
}
2020-03-14 09:48:25,281 INFO spoon.Launcher - Step 1) spoon.support.reflect.code.CtInvocationImpl cannot be cast to spoon.reflect.declaration.CtClass
Parameter 1) super()
2020-03-14 09:48:25,281 INFO spoon.Launcher - Step 1) spoon.support.reflect.reference.CtExecutableReferenceImpl cannot be cast to spoon.reflect.declaration.CtClass
Parameter 1) spoon.test.filters.testclasses.Tostada#Tostada()
2020-03-14 09:48:25,282 INFO spoon.Launcher - Step 1) spoon.support.reflect.reference.CtTypeReferenceImpl cannot be cast to spoon.reflect.declaration.CtClass
Parameter 1) spoon.test.filters.testclasses.Tostada
2020-03-14 09:48:25,282 INFO spoon.Launcher - Step 1) spoon.support.reflect.reference.CtPackageReferenceImpl cannot be cast to spoon.reflect.declaration.CtClass
Parameter 1) spoon.test.filters.testclasses
2020-03-14 09:48:25,282 INFO spoon.Launcher - Step 1) spoon.support.reflect.reference.CtTypeReferenceImpl cannot be cast to spoon.reflect.declaration.CtClass
Parameter 1) spoon.test.filters.testclasses.Tostada
2020-03-14 09:48:25,282 INFO spoon.Launcher - Step 1) spoon.support.reflect.reference.CtPackageReferenceImpl cannot be cast to spoon.reflect.declaration.CtClass
Parameter 1) spoon.test.filters.testclasses
2020-03-14 09:48:25,282 INFO spoon.Launcher - Step 1) spoon.support.reflect.declaration.CtMethodImpl cannot be cast to spoon.reflect.declaration.CtClass
Parameter 1) @java.lang.Override
public void prepare() {
    int a = 3;
    super.prepare();
}
2020-03-14 09:48:25,282 INFO spoon.Launcher - Step 1) spoon.support.reflect.declaration.CtAnnotationImpl cannot be cast to spoon.reflect.declaration.CtClass
Parameter 1) @java.lang.Override

2020-03-14 09:48:25,282 INFO spoon.Launcher - Step 1) spoon.support.reflect.reference.CtTypeReferenceImpl cannot be cast to spoon.reflect.declaration.CtClass
Parameter 1) java.lang.Override
2020-03-14 09:48:25,282 INFO spoon.Launcher - Step 1) spoon.support.reflect.reference.CtPackageReferenceImpl cannot be cast to spoon.reflect.declaration.CtClass
Parameter 1) java.lang
2020-03-14 09:48:25,282 INFO spoon.Launcher - Step 1) spoon.support.reflect.reference.CtTypeReferenceImpl cannot be cast to spoon.reflect.declaration.CtClass
Parameter 1) java.lang.Override
2020-03-14 09:48:25,282 INFO spoon.Launcher - Step 1) spoon.support.reflect.reference.CtPackageReferenceImpl cannot be cast to spoon.reflect.declaration.CtClass
Parameter 1) java.lang
2020-03-14 09:48:25,282 INFO spoon.Launcher - Step 1) spoon.support.reflect.reference.CtTypeReferenceImpl cannot be cast to spoon.reflect.declaration.CtClass
Parameter 1) void
2020-03-14 09:48:25,283 INFO spoon.Launcher - Step 1) spoon.support.reflect.code.CtBlockImpl cannot be cast to spoon.reflect.declaration.CtClass
Parameter 1) {
    int a = 3;
    super.prepare();
}
2020-03-14 09:48:25,283 INFO spoon.Launcher - Step 1) spoon.support.reflect.code.CtLocalVariableImpl cannot be cast to spoon.reflect.declaration.CtClass
Parameter 1) int a = 3
2020-03-14 09:48:25,283 INFO spoon.Launcher - Step 1) spoon.support.reflect.reference.CtTypeReferenceImpl cannot be cast to spoon.reflect.declaration.CtClass
Parameter 1) int
2020-03-14 09:48:25,283 INFO spoon.Launcher - Step 1) spoon.support.reflect.code.CtLiteralImpl cannot be cast to spoon.reflect.declaration.CtClass
Parameter 1) 3
2020-03-14 09:48:25,283 INFO spoon.Launcher - Step 1) spoon.support.reflect.reference.CtTypeReferenceImpl cannot be cast to spoon.reflect.declaration.CtClass
Parameter 1) int
2020-03-14 09:48:25,283 INFO spoon.Launcher - Step 1) spoon.support.reflect.code.CtInvocationImpl cannot be cast to spoon.reflect.declaration.CtClass
Parameter 1) super.prepare()
2020-03-14 09:48:25,283 INFO spoon.Launcher - Step 1) spoon.support.reflect.code.CtSuperAccessImpl cannot be cast to spoon.reflect.declaration.CtClass
Parameter 1) super
2020-03-14 09:48:25,283 INFO spoon.Launcher - Step 1) spoon.support.reflect.reference.CtLocalVariableReferenceImpl cannot be cast to spoon.reflect.declaration.CtClass
Parameter 1) 
2020-03-14 09:48:25,283 INFO spoon.Launcher - Step 1) spoon.support.reflect.reference.CtExecutableReferenceImpl cannot be cast to spoon.reflect.declaration.CtClass
Parameter 1) spoon.test.filters.testclasses.Tostada#prepare()
2020-03-14 09:48:25,283 INFO spoon.Launcher - Step 1) spoon.support.reflect.reference.CtTypeReferenceImpl cannot be cast to spoon.reflect.declaration.CtClass
Parameter 1) spoon.test.filters.testclasses.Tostada
2020-03-14 09:48:25,284 INFO spoon.Launcher - Step 1) spoon.support.reflect.reference.CtPackageReferenceImpl cannot be cast to spoon.reflect.declaration.CtClass
Parameter 1) spoon.test.filters.testclasses
2020-03-14 09:48:25,284 INFO spoon.Launcher - Step 1) spoon.support.reflect.reference.CtTypeReferenceImpl cannot be cast to spoon.reflect.declaration.CtClass
Parameter 1) void
2020-03-14 09:48:25,284 INFO spoon.Launcher - Step 1) spoon.support.reflect.declaration.CtMethodImpl cannot be cast to spoon.reflect.declaration.CtClass
Parameter 1) @java.lang.Override
public void prepare() {
}
2020-03-14 09:48:25,284 INFO spoon.Launcher - Step 1) spoon.support.reflect.declaration.CtAnnotationImpl cannot be cast to spoon.reflect.declaration.CtClass
Parameter 1) @java.lang.Override

2020-03-14 09:48:25,284 INFO spoon.Launcher - Step 1) spoon.support.reflect.reference.CtTypeReferenceImpl cannot be cast to spoon.reflect.declaration.CtClass
Parameter 1) java.lang.Override
2020-03-14 09:48:25,284 INFO spoon.Launcher - Step 1) spoon.support.reflect.reference.CtPackageReferenceImpl cannot be cast to spoon.reflect.declaration.CtClass
Parameter 1) java.lang
2020-03-14 09:48:25,284 INFO spoon.Launcher - Step 1) spoon.support.reflect.reference.CtTypeReferenceImpl cannot be cast to spoon.reflect.declaration.CtClass
Parameter 1) java.lang.Override
2020-03-14 09:48:25,284 INFO spoon.Launcher - Step 1) spoon.support.reflect.reference.CtPackageReferenceImpl cannot be cast to spoon.reflect.declaration.CtClass
Parameter 1) java.lang
2020-03-14 09:48:25,284 INFO spoon.Launcher - Step 1) spoon.support.reflect.reference.CtTypeReferenceImpl cannot be cast to spoon.reflect.declaration.CtClass
Parameter 1) void
2020-03-14 09:48:25,284 INFO spoon.Launcher - Step 1) spoon.support.reflect.code.CtBlockImpl cannot be cast to spoon.reflect.declaration.CtClass
Parameter 1) {
}
Tests run: 22, Failures: 0, Errors: 0, Skipped: 0, Time elapsed: 5.204 sec - in spoon.test.filters.FilterTest
Running spoon.test.fieldaccesses.FieldAccessTest
Tests run: 15, Failures: 0, Errors: 0, Skipped: 0, Time elapsed: 3.052 sec - in spoon.test.fieldaccesses.FieldAccessTest
Running spoon.test.lambda.LambdaTest
Tests run: 17, Failures: 0, Errors: 0, Skipped: 0, Time elapsed: 3.485 sec - in spoon.test.lambda.LambdaTest
Running spoon.test.factory.TypeFactoryTest
Tests run: 3, Failures: 0, Errors: 0, Skipped: 0, Time elapsed: 0.258 sec - in spoon.test.factory.TypeFactoryTest
Running spoon.test.factory.FactoryTest
Tests run: 6, Failures: 0, Errors: 0, Skipped: 0, Time elapsed: 1.387 sec - in spoon.test.factory.FactoryTest
Running spoon.test.factory.AnnotationFactoryTest
Tests run: 1, Failures: 0, Errors: 0, Skipped: 0, Time elapsed: 0.122 sec - in spoon.test.factory.AnnotationFactoryTest
Running spoon.test.factory.ExecutableFactoryTest
Tests run: 1, Failures: 0, Errors: 0, Skipped: 0, Time elapsed: 0 sec - in spoon.test.factory.ExecutableFactoryTest
Running spoon.test.factory.CodeFactoryTest
Tests run: 1, Failures: 0, Errors: 0, Skipped: 0, Time elapsed: 0 sec - in spoon.test.factory.CodeFactoryTest
Running spoon.test.factory.FieldFactoryTest
Tests run: 2, Failures: 0, Errors: 0, Skipped: 0, Time elapsed: 0.352 sec - in spoon.test.factory.FieldFactoryTest
Running spoon.test.factory.ConstructorFactoryTest
Tests run: 2, Failures: 0, Errors: 0, Skipped: 0, Time elapsed: 0.119 sec - in spoon.test.factory.ConstructorFactoryTest
Running spoon.test.factory.ClassFactoryTest
Tests run: 2, Failures: 0, Errors: 0, Skipped: 0, Time elapsed: 0 sec - in spoon.test.factory.ClassFactoryTest
Running spoon.test.ctElement.MetadataTest
Tests run: 1, Failures: 0, Errors: 0, Skipped: 0, Time elapsed: 0.111 sec - in spoon.test.ctElement.MetadataTest
Running spoon.test.position.PositionTest
Tests run: 7, Failures: 0, Errors: 0, Skipped: 0, Time elapsed: 0.693 sec - in spoon.test.position.PositionTest
Running spoon.test.executable.ExecutableRefTest
Tests run: 5, Failures: 0, Errors: 0, Skipped: 0, Time elapsed: 9.725 sec - in spoon.test.executable.ExecutableRefTest
Running spoon.test.executable.ExecutableTest
Tests run: 3, Failures: 0, Errors: 0, Skipped: 0, Time elapsed: 0.366 sec - in spoon.test.executable.ExecutableTest
Running spoon.test.trycatch.TryCatchTest
Tests run: 9, Failures: 0, Errors: 0, Skipped: 0, Time elapsed: 1.335 sec - in spoon.test.trycatch.TryCatchTest
Running spoon.test.visibility.VisibilityTest
Tests run: 5, Failures: 0, Errors: 0, Skipped: 0, Time elapsed: 6.647 sec - in spoon.test.visibility.VisibilityTest
Running spoon.test.generics.GenericsTest
Tests run: 24, Failures: 0, Errors: 0, Skipped: 0, Time elapsed: 15.881 sec - in spoon.test.generics.GenericsTest
Running spoon.test.processing.ProcessingTest
Tests run: 4, Failures: 0, Errors: 0, Skipped: 0, Time elapsed: 0.301 sec - in spoon.test.processing.ProcessingTest
Running spoon.test.staticFieldAccess.StaticAccessTest
Tests run: 2, Failures: 0, Errors: 0, Skipped: 0, Time elapsed: 0.535 sec - in spoon.test.staticFieldAccess.StaticAccessTest
Running spoon.test.reflect.visitor.ReferenceQueryTest
Tests run: 1, Failures: 0, Errors: 0, Skipped: 0, Time elapsed: 0.228 sec - in spoon.test.reflect.visitor.ReferenceQueryTest
Running spoon.test.enums.EnumsTest
Tests run: 4, Failures: 0, Errors: 0, Skipped: 0, Time elapsed: 0.838 sec - in spoon.test.enums.EnumsTest
Running spoon.test.arrays.ArraysTest
Tests run: 4, Failures: 0, Errors: 0, Skipped: 0, Time elapsed: 1.284 sec - in spoon.test.arrays.ArraysTest
Running spoon.test.ctType.CtTypeTest
Tests run: 6, Failures: 0, Errors: 0, Skipped: 0, Time elapsed: 2.205 sec - in spoon.test.ctType.CtTypeTest
Running spoon.test.architecture.SpoonArchitectureEnforcerTest
Tests run: 5, Failures: 0, Errors: 0, Skipped: 0, Time elapsed: 7.84 sec - in spoon.test.architecture.SpoonArchitectureEnforcerTest
Running spoon.test.staticFieldAccess2.ImplicitStaticFieldReferenceTest
Tests run: 16, Failures: 0, Errors: 0, Skipped: 0, Time elapsed: 17.052 sec - in spoon.test.staticFieldAccess2.ImplicitStaticFieldReferenceTest
Running spoon.test.targeted.TargetedExpressionTest
Tests run: 17, Failures: 0, Errors: 0, Skipped: 0, Time elapsed: 2.291 sec - in spoon.test.targeted.TargetedExpressionTest
Running spoon.test.constructor.ConstructorTest
Tests run: 6, Failures: 0, Errors: 0, Skipped: 0, Time elapsed: 2.419 sec - in spoon.test.constructor.ConstructorTest
Running spoon.test.constructorcallnewclass.ConstructorCallTest
Tests run: 6, Failures: 0, Errors: 0, Skipped: 0, Time elapsed: 2.761 sec - in spoon.test.constructorcallnewclass.ConstructorCallTest
Running spoon.test.constructorcallnewclass.NewClassTest
Tests run: 7, Failures: 0, Errors: 0, Skipped: 0, Time elapsed: 1.45 sec - in spoon.test.constructorcallnewclass.NewClassTest
Running spoon.test.interfaces.InterfaceTest
Tests run: 5, Failures: 0, Errors: 0, Skipped: 0, Time elapsed: 0.64 sec - in spoon.test.interfaces.InterfaceTest
Running spoon.test.parent.ParentContractTest
Tests run: 59, Failures: 0, Errors: 0, Skipped: 0, Time elapsed: 0.238 sec - in spoon.test.parent.ParentContractTest
Running spoon.test.parent.ParentTest
Tests run: 11, Failures: 0, Errors: 0, Skipped: 1, Time elapsed: 2.02 sec - in spoon.test.parent.ParentTest
Running spoon.test.parent.TopLevelTypeTest
Tests run: 1, Failures: 0, Errors: 0, Skipped: 0, Time elapsed: 0.127 sec - in spoon.test.parent.TopLevelTypeTest
Running spoon.test.parent.NullParentTest
Tests run: 8, Failures: 0, Errors: 0, Skipped: 0, Time elapsed: 0.969 sec - in spoon.test.parent.NullParentTest
Running spoon.test.limits.utils.InternalTest
Tests run: 2, Failures: 0, Errors: 0, Skipped: 0, Time elapsed: 0.239 sec - in spoon.test.limits.utils.InternalTest
Running spoon.test.eval.EvalTest
Tests run: 4, Failures: 0, Errors: 0, Skipped: 0, Time elapsed: 0.881 sec - in spoon.test.eval.EvalTest
Running spoon.test.literal.LiteralTest
Tests run: 4, Failures: 0, Errors: 0, Skipped: 0, Time elapsed: 0.718 sec - in spoon.test.literal.LiteralTest
Running spoon.test.invocations.InvocationTest
Tests run: 2, Failures: 0, Errors: 0, Skipped: 0, Time elapsed: 6.655 sec - in spoon.test.invocations.InvocationTest
Running spoon.test.compilation.CompilationTest
>> Hello: Bar <<
>> Hello: FooEx <<
>> Hello: IBar <<
>> Hello: SimpleProcessor <<
Tests run: 10, Failures: 0, Errors: 0, Skipped: 0, Time elapsed: 38.479 sec - in spoon.test.compilation.CompilationTest
Running spoon.test.model.TypeTest
Tests run: 7, Failures: 0, Errors: 0, Skipped: 0, Time elapsed: 0.897 sec - in spoon.test.model.TypeTest
Running spoon.test.model.BlockTest
Tests run: 2, Failures: 0, Errors: 0, Skipped: 0, Time elapsed: 0.258 sec - in spoon.test.model.BlockTest
Running spoon.test.model.SwitchCaseTest
Tests run: 2, Failures: 0, Errors: 0, Skipped: 0, Time elapsed: 0.261 sec - in spoon.test.model.SwitchCaseTest
Running spoon.test.model.AnonymousExecutableTest
Tests run: 1, Failures: 0, Errors: 0, Skipped: 0, Time elapsed: 0.12 sec - in spoon.test.model.AnonymousExecutableTest
Running spoon.test.main.MainTest
Tests run: 6, Failures: 0, Errors: 0, Skipped: 0, Time elapsed: 88.231 sec - in spoon.test.main.MainTest
Running spoon.test.initializers.InitializerTest
Tests run: 2, Failures: 0, Errors: 0, Skipped: 0, Time elapsed: 0.326 sec - in spoon.test.initializers.InitializerTest
Running spoon.test.control.ControlTest
Tests run: 2, Failures: 0, Errors: 0, Skipped: 0, Time elapsed: 0.677 sec - in spoon.test.control.ControlTest
Running spoon.test.ctCase.SwitchCaseTest
Tests run: 2, Failures: 0, Errors: 0, Skipped: 0, Time elapsed: 0.677 sec - in spoon.test.ctCase.SwitchCaseTest
Running spoon.test.properties.PropertiesTest
Tests run: 1, Failures: 0, Errors: 0, Skipped: 0, Time elapsed: 0.318 sec - in spoon.test.properties.PropertiesTest
Running spoon.test.secondaryclasses.ClassesTest
Tests run: 6, Failures: 0, Errors: 0, Skipped: 0, Time elapsed: 1.49 sec - in spoon.test.secondaryclasses.ClassesTest
Running spoon.test.field.FieldTest
Tests run: 3, Failures: 0, Errors: 0, Skipped: 0, Time elapsed: 0.313 sec - in spoon.test.field.FieldTest
Running spoon.test.serializable.SerializableTest
Tests run: 3, Failures: 0, Errors: 0, Skipped: 0, Time elapsed: 0.497 sec - in spoon.test.serializable.SerializableTest
Running spoon.test.signature.SignatureTest
Tests run: 8, Failures: 0, Errors: 0, Skipped: 0, Time elapsed: 6.71 sec - in spoon.test.signature.SignatureTest
Running spoon.test.varargs.VarArgsTest
Tests run: 1, Failures: 0, Errors: 0, Skipped: 0, Time elapsed: 0.101 sec - in spoon.test.varargs.VarArgsTest
Running spoon.test.strings.StringTest
Tests run: 1, Failures: 0, Errors: 0, Skipped: 0, Time elapsed: 0.113 sec - in spoon.test.strings.StringTest
Running spoon.test.strings.StringLiteralTest
Tests run: 1, Failures: 0, Errors: 0, Skipped: 0, Time elapsed: 0.092 sec - in spoon.test.strings.StringLiteralTest
Running spoon.test.method.MethodTest
Tests run: 4, Failures: 0, Errors: 0, Skipped: 0, Time elapsed: 0.514 sec - in spoon.test.method.MethodTest
Running spoon.test.path.PathTest
Tests run: 6, Failures: 0, Errors: 0, Skipped: 0, Time elapsed: 0.989 sec - in spoon.test.path.PathTest
Running spoon.test.type.TypeTest
Tests run: 11, Failures: 0, Errors: 0, Skipped: 0, Time elapsed: 2.109 sec - in spoon.test.type.TypeTest
Running spoon.test.parameters.ParameterTest
Tests run: 2, Failures: 0, Errors: 0, Skipped: 0, Time elapsed: 0.361 sec - in spoon.test.parameters.ParameterTest
Running spoon.test.delete.DeleteTest
Tests run: 14, Failures: 0, Errors: 0, Skipped: 0, Time elapsed: 2.483 sec - in spoon.test.delete.DeleteTest
Running spoon.test.javadoc.JavaDocTest
Tests run: 2, Failures: 0, Errors: 0, Skipped: 0, Time elapsed: 0.353 sec - in spoon.test.javadoc.JavaDocTest
Running spoon.test.sourcePosition.SourcePositionTest
Tests run: 1, Failures: 0, Errors: 0, Skipped: 0, Time elapsed: 0.425 sec - in spoon.test.sourcePosition.SourcePositionTest
Running spoon.test.OutputTypeTest
Tests run: 1, Failures: 0, Errors: 0, Skipped: 0, Time elapsed: 0 sec - in spoon.test.OutputTypeTest
Running spoon.test.logging.LogTest
2020-03-14 09:52:47,736 DEBUG spoon.Launcher - output: spooned
2020-03-14 09:52:47,737 DEBUG spoon.Launcher - destination: /boom/scratch/tmp-rta/Bears_INRIA-spoon_190241093-190241752_java-8/spooned-classes
2020-03-14 09:52:47,737 DEBUG spoon.Launcher - source classpath: null
2020-03-14 09:52:47,737 DEBUG spoon.Launcher - template classpath: []
2020-03-14 09:52:47,738 INFO spoon.Launcher - Log info
2020-03-14 09:52:47,738 WARN spoon.Launcher - Log warn
2020-03-14 09:52:47,738 ERROR spoon.Launcher - Log error
2020-03-14 09:52:47,738 DEBUG spoon.Launcher - Log debug
2020-03-14 09:52:47,739 DEBUG spoon.Launcher - output: spooned
2020-03-14 09:52:47,739 DEBUG spoon.Launcher - destination: /boom/scratch/tmp-rta/Bears_INRIA-spoon_190241093-190241752_java-8/spooned-classes
2020-03-14 09:52:47,739 DEBUG spoon.Launcher - source classpath: null
2020-03-14 09:52:47,739 DEBUG spoon.Launcher - template classpath: []
2020-03-14 09:52:47,740 INFO spoon.Launcher - Log info
2020-03-14 09:52:47,740 WARN spoon.Launcher - Log warn
2020-03-14 09:52:47,740 ERROR spoon.Launcher - Log error
2020-03-14 09:52:47,740 DEBUG spoon.Launcher - Log debug
2020-03-14 09:52:47,741 INFO spoon.Launcher - Log info
2020-03-14 09:52:47,741 WARN spoon.Launcher - Log warn
2020-03-14 09:52:47,741 ERROR spoon.Launcher - Log error
2020-03-14 09:52:47,742 WARN spoon.Launcher - Log warn
2020-03-14 09:52:47,742 ERROR spoon.Launcher - Log error
2020-03-14 09:52:47,743 ERROR spoon.Launcher - Log error
Tests run: 6, Failures: 0, Errors: 0, Skipped: 0, Time elapsed: 0.008 sec - in spoon.test.logging.LogTest
Running spoon.test.support.ResourceTest
Tests run: 4, Failures: 0, Errors: 0, Skipped: 0, Time elapsed: 0.654 sec - in spoon.test.support.ResourceTest
Running spoon.test.ctBodyHolder.CtBodyHolderTest
Tests run: 6, Failures: 0, Errors: 0, Skipped: 0, Time elapsed: 1.361 sec - in spoon.test.ctBodyHolder.CtBodyHolderTest
Running spoon.test.comparison.EqualTest
Tests run: 4, Failures: 0, Errors: 0, Skipped: 0, Time elapsed: 1.079 sec - in spoon.test.comparison.EqualTest
Running spoon.test.casts.CastTest
Tests run: 5, Failures: 0, Errors: 0, Skipped: 0, Time elapsed: 0.953 sec - in spoon.test.casts.CastTest
Running spoon.test.snippets.SnippetTest
Tests run: 6, Failures: 0, Errors: 0, Skipped: 0, Time elapsed: 1.209 sec - in spoon.test.snippets.SnippetTest
Running spoon.test.jar.JarTest
Tests run: 3, Failures: 0, Errors: 0, Skipped: 0, Time elapsed: 0.433 sec - in spoon.test.jar.JarTest
Running spoon.support.compiler.jdt.JDTBatchCompilerTest
Tests run: 1, Failures: 0, Errors: 0, Skipped: 0, Time elapsed: 9.622 sec - in spoon.support.compiler.jdt.JDTBatchCompilerTest
Running spoon.support.compiler.jdt.ExtendedStringLiteralTest
Tests run: 1, Failures: 0, Errors: 0, Skipped: 0, Time elapsed: 0.185 sec - in spoon.support.compiler.jdt.ExtendedStringLiteralTest
Running spoon.support.compiler.jdt.JDTBuilderTest
Tests run: 1, Failures: 0, Errors: 0, Skipped: 0, Time elapsed: 0 sec - in spoon.support.compiler.jdt.JDTBuilderTest
Running spoon.support.compiler.classpath.ComputeClasspathTest
Tests run: 1, Failures: 0, Errors: 0, Skipped: 0, Time elapsed: 0 sec - in spoon.support.compiler.classpath.ComputeClasspathTest
Running spoon.support.visitor.java.JavaReflectionTreeBuilderTest
Tests run: 9, Failures: 0, Errors: 0, Skipped: 0, Time elapsed: 0.029 sec - in spoon.support.visitor.java.JavaReflectionTreeBuilderTest
Running spoon.testing.CtElementAssertTest
Tests run: 5, Failures: 0, Errors: 0, Skipped: 0, Time elapsed: 0.655 sec - in spoon.testing.CtElementAssertTest
Running spoon.testing.AbstractAssertTest
Tests run: 4, Failures: 0, Errors: 0, Skipped: 0, Time elapsed: 1.015 sec - in spoon.testing.AbstractAssertTest
Running spoon.testing.CtPackageAssertTest
Tests run: 3, Failures: 0, Errors: 0, Skipped: 0, Time elapsed: 0.436 sec - in spoon.testing.CtPackageAssertTest
Running spoon.testing.FileAssertTest
Tests run: 2, Failures: 0, Errors: 0, Skipped: 0, Time elapsed: 0.574 sec - in spoon.testing.FileAssertTest
Running spoon.reflect.declaration.UnknownDeclarationTest
Tests run: 1, Failures: 0, Errors: 0, Skipped: 0, Time elapsed: 0.136 sec - in spoon.reflect.declaration.UnknownDeclarationTest
Running spoon.reflect.declaration.CtTypeInformationTest
Tests run: 1, Failures: 1, Errors: 0, Skipped: 0, Time elapsed: 0.161 sec <<< FAILURE! - in spoon.reflect.declaration.CtTypeInformationTest
testGetSuperclass(spoon.reflect.declaration.CtTypeInformationTest)  Time elapsed: 0.161 sec  <<< FAILURE!
java.lang.AssertionError: expected:<61> but was:<62>
	at spoon.reflect.declaration.CtTypeInformationTest.testGetSuperclass(CtTypeInformationTest.java:37)

Running spoon.reflect.ast.CloneTest
Tests run: 2, Failures: 0, Errors: 0, Skipped: 0, Time elapsed: 3.558 sec - in spoon.reflect.ast.CloneTest
Running spoon.reflect.visitor.CtInheritanceScannerTest
Tests run: 71, Failures: 0, Errors: 0, Skipped: 0, Time elapsed: 0.206 sec - in spoon.reflect.visitor.CtInheritanceScannerTest
Running spoon.reflect.visitor.CtVisitorTest
Tests run: 1, Failures: 0, Errors: 0, Skipped: 0, Time elapsed: 0.543 sec - in spoon.reflect.visitor.CtVisitorTest
Running spoon.reflect.visitor.CtScannerTest
Tests run: 2, Failures: 0, Errors: 0, Skipped: 0, Time elapsed: 23.457 sec - in spoon.reflect.visitor.CtScannerTest
Running spoon.reflect.visitor.CtInheritanceScannerMethodsTest
Tests run: 1, Failures: 0, Errors: 0, Skipped: 0, Time elapsed: 0.436 sec - in spoon.reflect.visitor.CtInheritanceScannerMethodsTest
Running spoon.processing.CtGenerationTest
Tests run: 3, Failures: 0, Errors: 0, Skipped: 0, Time elapsed: 51.726 sec - in spoon.processing.CtGenerationTest
Running spoon.processing.ProcessingTest
Tests run: 2, Failures: 0, Errors: 0, Skipped: 0, Time elapsed: 4.799 sec - in spoon.processing.ProcessingTest
Running spoon.LauncherTest
Tests run: 2, Failures: 0, Errors: 0, Skipped: 0, Time elapsed: 0.05 sec - in spoon.LauncherTest

Results :

Failed tests: 
  CtTypeInformationTest.testGetSuperclass:37 expected:<61> but was:<62>
  TypeReferenceTest.testEqualityTypeReference:606 expected:<spoon.test.reference.testclasses.ParamRefs> but was:<void>

Tests run: 971, Failures: 2, Errors: 0, Skipped: 2

[INFO] ------------------------------------------------------------------------
[INFO] BUILD FAILURE
[INFO] ------------------------------------------------------------------------
[INFO] Total time: 10:30 min
[INFO] Finished at: 2020-03-14T09:54:42-07:00
[INFO] Final Memory: 21M/1000M
[INFO] ------------------------------------------------------------------------
[ERROR] Failed to execute goal org.apache.maven.plugins:maven-surefire-plugin:2.19.1:test (default-test) on project spoon-core: There are test failures.
[ERROR] 
[ERROR] Please refer to /boom/scratch/tmp-rta/Bears_INRIA-spoon_190241093-190241752_java-8/target/surefire-reports for the individual test results.
[ERROR] -> [Help 1]
[ERROR] 
[ERROR] To see the full stack trace of the errors, re-run Maven with the -e switch.
[ERROR] Re-run Maven using the -X switch to enable full debug logging.
[ERROR] 
[ERROR] For more information about the errors and possible solutions, please read the following articles:
[ERROR] [Help 1] http://cwiki.apache.org/confluence/display/MAVEN/MojoFailureException
