Picked up JAVA_TOOL_OPTIONS: -XX:CICompilerCount=2 -XX:ParallelGCThreads=2 -XX:ConcGCThreads=2 -Djdk.net.URLClassPath.disableClassPathURLCheck=true 
Picked up _JAVA_OPTIONS: -Djdk.net.URLClassPath.disableClassPathURLCheck=true
Apache Maven 3.5.0 (Red Hat 3.5.0-4.3)
Maven home: /opt/rh/rh-maven35/root/usr/share/maven
Java version: 1.7.0_80, vendor: Oracle Corporation
Java home: /scratch/jmcampos/RTA/repair_them_all_framework/jdks/jdk1.7.0_80/jre
Default locale: en_US, platform encoding: UTF-8
OS name: "linux", version: "4.14.158-1.el7.retpoline.x86_64", arch: "amd64", family: "unix"
[INFO] Scanning for projects...
[INFO] 
[INFO] ------------------------------------------------------------------------
[INFO] Building flink-java 0.10-SNAPSHOT
[INFO] ------------------------------------------------------------------------
[INFO] Downloading: http://repository.apache.org/snapshots/org/apache/flink/flink-core/0.10-SNAPSHOT/maven-metadata.xml
[INFO] Downloaded: http://repository.apache.org/snapshots/org/apache/flink/flink-core/0.10-SNAPSHOT/maven-metadata.xml (1.4 kB at 2.7 kB/s)
[INFO] Downloading: http://repository.apache.org/snapshots/org/apache/flink/flink-parent/0.10-SNAPSHOT/maven-metadata.xml
[INFO] Downloaded: http://repository.apache.org/snapshots/org/apache/flink/flink-parent/0.10-SNAPSHOT/maven-metadata.xml (607 B at 1.8 kB/s)
[INFO] Downloading: http://repository.apache.org/snapshots/org/apache/flink/flink-shaded-hadoop2/0.10-SNAPSHOT/maven-metadata.xml
[INFO] Downloaded: http://repository.apache.org/snapshots/org/apache/flink/flink-shaded-hadoop2/0.10-SNAPSHOT/maven-metadata.xml (1.2 kB at 3.6 kB/s)
[INFO] Downloading: http://repository.apache.org/snapshots/org/apache/flink/flink-shaded-hadoop/0.10-SNAPSHOT/maven-metadata.xml
[INFO] Downloaded: http://repository.apache.org/snapshots/org/apache/flink/flink-shaded-hadoop/0.10-SNAPSHOT/maven-metadata.xml (614 B at 1.9 kB/s)
[INFO] 
[INFO] --- maven-checkstyle-plugin:2.16:check (validate) @ flink-java ---
[INFO] 
[INFO] --- maven-enforcer-plugin:1.3.1:enforce (enforce-maven) @ flink-java ---
[INFO] Skipping Rule Enforcement.
[INFO] 
[INFO] --- maven-remote-resources-plugin:1.5:process (default) @ flink-java ---
[INFO] 
[INFO] --- maven-resources-plugin:2.6:resources (default-resources) @ flink-java ---
[INFO] Using 'UTF-8' encoding to copy filtered resources.
[INFO] skip non existing resourceDirectory /scratch/tmp-rta/Bugs.jar_Flink_17e7b423_java-7/flink-java/src/main/resources
[INFO] Copying 3 resources
[INFO] 
[INFO] --- maven-compiler-plugin:3.1:compile (default-compile) @ flink-java ---
[INFO] Changes detected - recompiling the module!
[INFO] Compiling 271 source files to /scratch/tmp-rta/Bugs.jar_Flink_17e7b423_java-7/flink-java/target/classes
[WARNING] /scratch/tmp-rta/Bugs.jar_Flink_17e7b423_java-7/flink-java/src/main/java/org/apache/flink/api/java/record/operators/CoGroupOperator.java:[367,78] org.apache.flink.api.java.record.functions.CoGroupFunction in org.apache.flink.api.java.record.functions has been deprecated
[WARNING] /scratch/tmp-rta/Bugs.jar_Flink_17e7b423_java-7/flink-java/src/main/java/org/apache/flink/api/java/record/operators/MapPartitionOperator.java:[51,84] org.apache.flink.api.java.record.functions.MapPartitionFunction in org.apache.flink.api.java.record.functions has been deprecated
[WARNING] /scratch/tmp-rta/Bugs.jar_Flink_17e7b423_java-7/flink-java/src/main/java/org/apache/flink/api/java/record/operators/JoinOperator.java:[53,81] org.apache.flink.api.java.record.functions.JoinFunction in org.apache.flink.api.java.record.functions has been deprecated
[WARNING] /scratch/tmp-rta/Bugs.jar_Flink_17e7b423_java-7/flink-java/src/main/java/org/apache/flink/api/java/record/operators/CrossWithSmallOperator.java:[26,50] org.apache.flink.api.java.record.functions.CrossFunction in org.apache.flink.api.java.record.functions has been deprecated
[WARNING] /scratch/tmp-rta/Bugs.jar_Flink_17e7b423_java-7/flink-java/src/main/java/org/apache/flink/api/java/record/operators/CrossOperator.java:[33,50] org.apache.flink.api.java.record.functions.CrossFunction in org.apache.flink.api.java.record.functions has been deprecated
[WARNING] /scratch/tmp-rta/Bugs.jar_Flink_17e7b423_java-7/flink-java/src/main/java/org/apache/flink/api/java/record/operators/CrossOperator.java:[52,78] org.apache.flink.api.java.record.functions.CrossFunction in org.apache.flink.api.java.record.functions has been deprecated
[WARNING] /scratch/tmp-rta/Bugs.jar_Flink_17e7b423_java-7/flink-java/src/main/java/org/apache/flink/api/java/record/operators/CrossWithSmallOperator.java:[42,45] org.apache.flink.api.java.record.operators.CrossOperator in org.apache.flink.api.java.record.operators has been deprecated
[WARNING] /scratch/tmp-rta/Bugs.jar_Flink_17e7b423_java-7/flink-java/src/main/java/org/apache/flink/api/java/record/functions/MapFunction.java:[22,45] org.apache.flink.api.common.functions.GenericCollectorMap in org.apache.flink.api.common.functions has been deprecated
[WARNING] /scratch/tmp-rta/Bugs.jar_Flink_17e7b423_java-7/flink-java/src/main/java/org/apache/flink/api/java/record/functions/MapFunction.java:[36,75] org.apache.flink.api.common.functions.GenericCollectorMap in org.apache.flink.api.common.functions has been deprecated
[WARNING] /scratch/tmp-rta/Bugs.jar_Flink_17e7b423_java-7/flink-java/src/main/java/org/apache/flink/api/java/record/operators/MapOperator.java:[29,50] org.apache.flink.api.common.operators.base.CollectorMapOperatorBase in org.apache.flink.api.common.operators.base has been deprecated
[WARNING] /scratch/tmp-rta/Bugs.jar_Flink_17e7b423_java-7/flink-java/src/main/java/org/apache/flink/api/java/record/operators/MapOperator.java:[33,50] org.apache.flink.api.java.record.functions.FunctionAnnotation in org.apache.flink.api.java.record.functions has been deprecated
[WARNING] /scratch/tmp-rta/Bugs.jar_Flink_17e7b423_java-7/flink-java/src/main/java/org/apache/flink/api/java/record/operators/MapOperator.java:[34,50] org.apache.flink.api.java.record.functions.MapFunction in org.apache.flink.api.java.record.functions has been deprecated
[WARNING] /scratch/tmp-rta/Bugs.jar_Flink_17e7b423_java-7/flink-java/src/main/java/org/apache/flink/api/java/record/operators/MapOperator.java:[53,34] org.apache.flink.api.common.operators.base.CollectorMapOperatorBase in org.apache.flink.api.common.operators.base has been deprecated
[WARNING] /scratch/tmp-rta/Bugs.jar_Flink_17e7b423_java-7/flink-java/src/main/java/org/apache/flink/api/java/record/operators/MapOperator.java:[53,75] org.apache.flink.api.java.record.functions.MapFunction in org.apache.flink.api.java.record.functions has been deprecated
[WARNING] /scratch/tmp-rta/Bugs.jar_Flink_17e7b423_java-7/flink-java/src/main/java/org/apache/flink/api/java/record/io/CsvOutputFormat.java:[28,50] org.apache.flink.api.java.record.operators.FileDataSink in org.apache.flink.api.java.record.operators has been deprecated
[WARNING] /scratch/tmp-rta/Bugs.jar_Flink_17e7b423_java-7/flink-java/src/main/java/org/apache/flink/api/java/record/operators/ReduceOperator.java:[44,50] org.apache.flink.api.java.record.functions.FunctionAnnotation in org.apache.flink.api.java.record.functions has been deprecated
[WARNING] /scratch/tmp-rta/Bugs.jar_Flink_17e7b423_java-7/flink-java/src/main/java/org/apache/flink/api/java/record/operators/ReduceOperator.java:[45,50] org.apache.flink.api.java.record.functions.ReduceFunction in org.apache.flink.api.java.record.functions has been deprecated
[WARNING] /scratch/tmp-rta/Bugs.jar_Flink_17e7b423_java-7/flink-java/src/main/java/org/apache/flink/api/java/record/operators/ReduceOperator.java:[371,77] org.apache.flink.api.java.record.functions.ReduceFunction in org.apache.flink.api.java.record.functions has been deprecated
[WARNING] /scratch/tmp-rta/Bugs.jar_Flink_17e7b423_java-7/flink-java/src/main/java/org/apache/flink/api/java/record/operators/CrossWithLargeOperator.java:[26,50] org.apache.flink.api.java.record.functions.CrossFunction in org.apache.flink.api.java.record.functions has been deprecated
[WARNING] /scratch/tmp-rta/Bugs.jar_Flink_17e7b423_java-7/flink-java/src/main/java/org/apache/flink/api/java/record/operators/CrossWithLargeOperator.java:[42,45] org.apache.flink.api.java.record.operators.CrossOperator in org.apache.flink.api.java.record.operators has been deprecated
[WARNING] /scratch/tmp-rta/Bugs.jar_Flink_17e7b423_java-7/flink-java/src/main/java/org/apache/flink/api/java/tuple/Tuple.java:[99,56] unchecked cast
  required: java.lang.Class<? extends org.apache.flink.api.java.tuple.Tuple>
  found:    java.lang.Class<?>
[WARNING] /scratch/tmp-rta/Bugs.jar_Flink_17e7b423_java-7/flink-java/src/main/java/org/apache/flink/api/java/operators/translation/PlanUnwrappingSortedReduceGroupOperator.java:[75,77] unchecked call to combine(java.lang.Iterable<IN>,org.apache.flink.util.Collector<OUT>) as a member of the raw type org.apache.flink.api.common.functions.GroupCombineFunction
[WARNING] /scratch/tmp-rta/Bugs.jar_Flink_17e7b423_java-7/flink-java/src/main/java/org/apache/flink/api/java/operators/Keys.java:[251,98] unchecked call to getFlatFields(java.lang.String,int,java.util.List<org.apache.flink.api.common.typeutils.CompositeType.FlatFieldDescriptor>) as a member of the raw type org.apache.flink.api.common.typeutils.CompositeType
[WARNING] /scratch/tmp-rta/Bugs.jar_Flink_17e7b423_java-7/flink-java/src/main/java/org/apache/flink/api/java/record/operators/GenericDataSink.java:[209,51] Possible heap pollution from parameterized vararg type org.apache.flink.api.common.operators.Operator<org.apache.flink.types.Record>
[WARNING] /scratch/tmp-rta/Bugs.jar_Flink_17e7b423_java-7/flink-java/src/main/java/org/apache/flink/api/java/record/operators/GenericDataSink.java:[233,50] Possible heap pollution from parameterized vararg type org.apache.flink.api.common.operators.Operator<org.apache.flink.types.Record>
[WARNING] /scratch/tmp-rta/Bugs.jar_Flink_17e7b423_java-7/flink-java/src/main/java/org/apache/flink/api/java/record/operators/CoGroupOperator.java:[265,58] Possible heap pollution from parameterized vararg type org.apache.flink.api.common.operators.Operator<org.apache.flink.types.Record>
[WARNING] /scratch/tmp-rta/Bugs.jar_Flink_17e7b423_java-7/flink-java/src/main/java/org/apache/flink/api/java/record/operators/CoGroupOperator.java:[291,58] Possible heap pollution from parameterized vararg type org.apache.flink.api.common.operators.Operator<org.apache.flink.types.Record>
[WARNING] /scratch/tmp-rta/Bugs.jar_Flink_17e7b423_java-7/flink-java/src/main/java/org/apache/flink/api/java/record/operators/MapPartitionOperator.java:[141,57] Possible heap pollution from parameterized vararg type org.apache.flink.api.common.operators.Operator<org.apache.flink.types.Record>
[WARNING] /scratch/tmp-rta/Bugs.jar_Flink_17e7b423_java-7/flink-java/src/main/java/org/apache/flink/api/java/Utils.java:[156,114] unchecked conversion
  required: org.apache.flink.api.common.typeinfo.TypeInformation<T>
  found:    org.apache.flink.api.common.typeinfo.TypeInformation
[WARNING] /scratch/tmp-rta/Bugs.jar_Flink_17e7b423_java-7/flink-java/src/main/java/org/apache/flink/api/java/Utils.java:[156,113] unchecked method invocation: method getSerializerTree in class org.apache.flink.api.java.Utils is applied to given types
  required: org.apache.flink.api.common.typeinfo.TypeInformation<T>,int
  found: org.apache.flink.api.common.typeinfo.TypeInformation,int
[WARNING] /scratch/tmp-rta/Bugs.jar_Flink_17e7b423_java-7/flink-java/src/main/java/org/apache/flink/api/java/typeutils/runtime/kryo/Serializers.java:[102,89] unchecked cast
  required: java.lang.Class<? extends org.apache.avro.specific.SpecificRecordBase>
  found:    java.lang.Class<capture#1 of ?>
[WARNING] /scratch/tmp-rta/Bugs.jar_Flink_17e7b423_java-7/flink-java/src/main/java/org/apache/flink/api/java/record/operators/JoinOperator.java:[243,58] Possible heap pollution from parameterized vararg type org.apache.flink.api.common.operators.Operator<org.apache.flink.types.Record>
[WARNING] /scratch/tmp-rta/Bugs.jar_Flink_17e7b423_java-7/flink-java/src/main/java/org/apache/flink/api/java/record/operators/JoinOperator.java:[256,58] Possible heap pollution from parameterized vararg type org.apache.flink.api.common.operators.Operator<org.apache.flink.types.Record>
[WARNING] /scratch/tmp-rta/Bugs.jar_Flink_17e7b423_java-7/flink-java/src/main/java/org/apache/flink/api/java/record/operators/CrossOperator.java:[155,58] Possible heap pollution from parameterized vararg type org.apache.flink.api.common.operators.Operator<org.apache.flink.types.Record>
[WARNING] /scratch/tmp-rta/Bugs.jar_Flink_17e7b423_java-7/flink-java/src/main/java/org/apache/flink/api/java/record/operators/CrossOperator.java:[168,58] Possible heap pollution from parameterized vararg type org.apache.flink.api.common.operators.Operator<org.apache.flink.types.Record>
[WARNING] /scratch/tmp-rta/Bugs.jar_Flink_17e7b423_java-7/flink-java/src/main/java/org/apache/flink/api/java/typeutils/AvroTypeInfo.java:[64,51] unchecked call to GenericTypeInfo(java.lang.Class<T>) as a member of the raw type org.apache.flink.api.java.typeutils.GenericTypeInfo
[WARNING] /scratch/tmp-rta/Bugs.jar_Flink_17e7b423_java-7/flink-java/src/main/java/org/apache/flink/api/java/utils/DataSetUtils.java:[242,80] unchecked conversion
  required: org.apache.flink.api.common.functions.MapPartitionFunction<T,R>
  found:    org.apache.flink.api.java.functions.SampleInPartition
[WARNING] /scratch/tmp-rta/Bugs.jar_Flink_17e7b423_java-7/flink-java/src/main/java/org/apache/flink/api/java/utils/DataSetUtils.java:[242,79] unchecked method invocation: method mapPartition in class org.apache.flink.api.java.DataSet is applied to given types
  required: org.apache.flink.api.common.functions.MapPartitionFunction<T,R>
  found: org.apache.flink.api.java.functions.SampleInPartition
[WARNING] /scratch/tmp-rta/Bugs.jar_Flink_17e7b423_java-7/flink-java/src/main/java/org/apache/flink/api/java/utils/DataSetUtils.java:[247,78] unchecked conversion
  required: org.apache.flink.api.java.DataSet<org.apache.flink.api.java.sampling.IntermediateSampleData<T>>
  found:    org.apache.flink.api.java.operators.MapPartitionOperator
[WARNING] /scratch/tmp-rta/Bugs.jar_Flink_17e7b423_java-7/flink-java/src/main/java/org/apache/flink/api/java/record/operators/MapOperator.java:[142,57] Possible heap pollution from parameterized vararg type org.apache.flink.api.common.operators.Operator<org.apache.flink.types.Record>
[WARNING] /scratch/tmp-rta/Bugs.jar_Flink_17e7b423_java-7/flink-java/src/main/java/org/apache/flink/api/java/utils/ParameterTool.java:[158,32] unchecked conversion
  required: java.util.Map<java.lang.String,java.lang.String>
  found:    java.util.Map
[WARNING] /scratch/tmp-rta/Bugs.jar_Flink_17e7b423_java-7/flink-java/src/main/java/org/apache/flink/api/java/utils/ParameterTool.java:[180,32] unchecked conversion
  required: java.util.Map<java.lang.String,java.lang.String>
  found:    java.util.Map
[WARNING] /scratch/tmp-rta/Bugs.jar_Flink_17e7b423_java-7/flink-java/src/main/java/org/apache/flink/api/java/typeutils/runtime/AvroSerializer.java:[119,50] unchecked cast
  required: T
  found:    capture#2 of ? extends java.lang.Object
[WARNING] /scratch/tmp-rta/Bugs.jar_Flink_17e7b423_java-7/flink-java/src/main/java/org/apache/flink/api/java/record/io/CsvInputFormat.java:[86,58] Possible heap pollution from parameterized vararg type java.lang.Class<? extends org.apache.flink.types.Value>
[WARNING] /scratch/tmp-rta/Bugs.jar_Flink_17e7b423_java-7/flink-java/src/main/java/org/apache/flink/api/java/record/io/CsvInputFormat.java:[91,36] Possible heap pollution from parameterized vararg type java.lang.Class<? extends org.apache.flink.types.Value>
[WARNING] /scratch/tmp-rta/Bugs.jar_Flink_17e7b423_java-7/flink-java/src/main/java/org/apache/flink/api/java/record/io/CsvInputFormat.java:[103,62] Possible heap pollution from parameterized vararg type java.lang.Class<? extends org.apache.flink.types.Value>
[WARNING] /scratch/tmp-rta/Bugs.jar_Flink_17e7b423_java-7/flink-java/src/main/java/org/apache/flink/api/java/record/io/CsvOutputFormat.java:[111,58] Possible heap pollution from parameterized vararg type java.lang.Class<? extends org.apache.flink.types.Value>
[WARNING] /scratch/tmp-rta/Bugs.jar_Flink_17e7b423_java-7/flink-java/src/main/java/org/apache/flink/api/java/record/io/CsvOutputFormat.java:[126,39] Possible heap pollution from parameterized vararg type java.lang.Class<? extends org.apache.flink.types.Value>
[WARNING] /scratch/tmp-rta/Bugs.jar_Flink_17e7b423_java-7/flink-java/src/main/java/org/apache/flink/api/java/record/io/CsvOutputFormat.java:[143,39] Possible heap pollution from parameterized vararg type java.lang.Class<? extends org.apache.flink.types.Value>
[WARNING] /scratch/tmp-rta/Bugs.jar_Flink_17e7b423_java-7/flink-java/src/main/java/org/apache/flink/api/java/record/io/CsvOutputFormat.java:[162,56] Possible heap pollution from parameterized vararg type java.lang.Class<? extends org.apache.flink.types.Value>
[WARNING] /scratch/tmp-rta/Bugs.jar_Flink_17e7b423_java-7/flink-java/src/main/java/org/apache/flink/api/java/record/operators/ReduceOperator.java:[311,57] Possible heap pollution from parameterized vararg type org.apache.flink.api.common.operators.Operator<org.apache.flink.types.Record>
[INFO] 
[INFO] --- maven-resources-plugin:2.6:testResources (default-testResources) @ flink-java ---
[INFO] Using 'UTF-8' encoding to copy filtered resources.
[INFO] skip non existing resourceDirectory /scratch/tmp-rta/Bugs.jar_Flink_17e7b423_java-7/flink-java/src/test/resources
[INFO] Copying 3 resources
[INFO] 
[INFO] --- maven-compiler-plugin:3.1:testCompile (default-testCompile) @ flink-java ---
[INFO] Nothing to compile - all classes are up to date
[INFO] 
[INFO] --- maven-surefire-plugin:2.18.1:test (default-test) @ flink-java ---
[INFO] Surefire report directory: /scratch/tmp-rta/Bugs.jar_Flink_17e7b423_java-7/flink-java/target/surefire-reports
[INFO] Downloading: https://repo.maven.apache.org/maven2/org/apache/maven/surefire/surefire-junit4/2.18.1/surefire-junit4-2.18.1.pom
[INFO] Downloaded: https://repo.maven.apache.org/maven2/org/apache/maven/surefire/surefire-junit4/2.18.1/surefire-junit4-2.18.1.pom (2.5 kB at 5.5 kB/s)
[INFO] Downloading: https://repo.maven.apache.org/maven2/org/apache/maven/surefire/surefire-providers/2.18.1/surefire-providers-2.18.1.pom
[INFO] Downloaded: https://repo.maven.apache.org/maven2/org/apache/maven/surefire/surefire-providers/2.18.1/surefire-providers-2.18.1.pom (2.5 kB at 159 kB/s)
[INFO] Downloading: https://repo.maven.apache.org/maven2/org/apache/maven/surefire/surefire-junit4/2.18.1/surefire-junit4-2.18.1.jar
[INFO] Downloaded: https://repo.maven.apache.org/maven2/org/apache/maven/surefire/surefire-junit4/2.18.1/surefire-junit4-2.18.1.jar (68 kB at 1.3 MB/s)

-------------------------------------------------------
 T E S T S
-------------------------------------------------------
Picked up JAVA_TOOL_OPTIONS: -XX:CICompilerCount=2 -XX:ParallelGCThreads=2 -XX:ConcGCThreads=2 -Djdk.net.URLClassPath.disableClassPathURLCheck=true -XX:CICompilerCount=2 -XX:ParallelGCThreads=2 -XX:ConcGCThreads=2 -Djdk.net.URLClassPath.disableClassPathURLCheck=true 
Picked up JAVA_TOOL_OPTIONS: -XX:CICompilerCount=2 -XX:ParallelGCThreads=2 -XX:ConcGCThreads=2 -Djdk.net.URLClassPath.disableClassPathURLCheck=true -XX:CICompilerCount=2 -XX:ParallelGCThreads=2 -XX:ConcGCThreads=2 -Djdk.net.URLClassPath.disableClassPathURLCheck=true 
Picked up _JAVA_OPTIONS: -Djdk.net.URLClassPath.disableClassPathURLCheck=true
Picked up JAVA_TOOL_OPTIONS: -XX:CICompilerCount=2 -XX:ParallelGCThreads=2 -XX:ConcGCThreads=2 -Djdk.net.URLClassPath.disableClassPathURLCheck=true -XX:CICompilerCount=2 -XX:ParallelGCThreads=2 -XX:ConcGCThreads=2 -Djdk.net.URLClassPath.disableClassPathURLCheck=true 
Picked up JAVA_TOOL_OPTIONS: -XX:CICompilerCount=2 -XX:ParallelGCThreads=2 -XX:ConcGCThreads=2 -Djdk.net.URLClassPath.disableClassPathURLCheck=true -XX:CICompilerCount=2 -XX:ParallelGCThreads=2 -XX:ConcGCThreads=2 -Djdk.net.URLClassPath.disableClassPathURLCheck=true 
Picked up JAVA_TOOL_OPTIONS: -XX:CICompilerCount=2 -XX:ParallelGCThreads=2 -XX:ConcGCThreads=2 -Djdk.net.URLClassPath.disableClassPathURLCheck=true -XX:CICompilerCount=2 -XX:ParallelGCThreads=2 -XX:ConcGCThreads=2 -Djdk.net.URLClassPath.disableClassPathURLCheck=true 
Picked up JAVA_TOOL_OPTIONS: -XX:CICompilerCount=2 -XX:ParallelGCThreads=2 -XX:ConcGCThreads=2 -Djdk.net.URLClassPath.disableClassPathURLCheck=true -XX:CICompilerCount=2 -XX:ParallelGCThreads=2 -XX:ConcGCThreads=2 -Djdk.net.URLClassPath.disableClassPathURLCheck=true 
Picked up JAVA_TOOL_OPTIONS: -XX:CICompilerCount=2 -XX:ParallelGCThreads=2 -XX:ConcGCThreads=2 -Djdk.net.URLClassPath.disableClassPathURLCheck=true -XX:CICompilerCount=2 -XX:ParallelGCThreads=2 -XX:ConcGCThreads=2 -Djdk.net.URLClassPath.disableClassPathURLCheck=true 
Picked up JAVA_TOOL_OPTIONS: -XX:CICompilerCount=2 -XX:ParallelGCThreads=2 -XX:ConcGCThreads=2 -Djdk.net.URLClassPath.disableClassPathURLCheck=true -XX:CICompilerCount=2 -XX:ParallelGCThreads=2 -XX:ConcGCThreads=2 -Djdk.net.URLClassPath.disableClassPathURLCheck=true 
Picked up JAVA_TOOL_OPTIONS: -XX:CICompilerCount=2 -XX:ParallelGCThreads=2 -XX:ConcGCThreads=2 -Djdk.net.URLClassPath.disableClassPathURLCheck=true -XX:CICompilerCount=2 -XX:ParallelGCThreads=2 -XX:ConcGCThreads=2 -Djdk.net.URLClassPath.disableClassPathURLCheck=true 
Picked up _JAVA_OPTIONS: -Djdk.net.URLClassPath.disableClassPathURLCheck=true
Picked up JAVA_TOOL_OPTIONS: -XX:CICompilerCount=2 -XX:ParallelGCThreads=2 -XX:ConcGCThreads=2 -Djdk.net.URLClassPath.disableClassPathURLCheck=true -XX:CICompilerCount=2 -XX:ParallelGCThreads=2 -XX:ConcGCThreads=2 -Djdk.net.URLClassPath.disableClassPathURLCheck=true 
Picked up _JAVA_OPTIONS: -Djdk.net.URLClassPath.disableClassPathURLCheck=true
Picked up JAVA_TOOL_OPTIONS: -XX:CICompilerCount=2 -XX:ParallelGCThreads=2 -XX:ConcGCThreads=2 -Djdk.net.URLClassPath.disableClassPathURLCheck=true -XX:CICompilerCount=2 -XX:ParallelGCThreads=2 -XX:ConcGCThreads=2 -Djdk.net.URLClassPath.disableClassPathURLCheck=true 
Picked up _JAVA_OPTIONS: -Djdk.net.URLClassPath.disableClassPathURLCheck=true
Picked up JAVA_TOOL_OPTIONS: -XX:CICompilerCount=2 -XX:ParallelGCThreads=2 -XX:ConcGCThreads=2 -Djdk.net.URLClassPath.disableClassPathURLCheck=true -XX:CICompilerCount=2 -XX:ParallelGCThreads=2 -XX:ConcGCThreads=2 -Djdk.net.URLClassPath.disableClassPathURLCheck=true 
Picked up _JAVA_OPTIONS: -Djdk.net.URLClassPath.disableClassPathURLCheck=true
Picked up JAVA_TOOL_OPTIONS: -XX:CICompilerCount=2 -XX:ParallelGCThreads=2 -XX:ConcGCThreads=2 -Djdk.net.URLClassPath.disableClassPathURLCheck=true -XX:CICompilerCount=2 -XX:ParallelGCThreads=2 -XX:ConcGCThreads=2 -Djdk.net.URLClassPath.disableClassPathURLCheck=true 
Picked up _JAVA_OPTIONS: -Djdk.net.URLClassPath.disableClassPathURLCheck=true
Picked up JAVA_TOOL_OPTIONS: -XX:CICompilerCount=2 -XX:ParallelGCThreads=2 -XX:ConcGCThreads=2 -Djdk.net.URLClassPath.disableClassPathURLCheck=true -XX:CICompilerCount=2 -XX:ParallelGCThreads=2 -XX:ConcGCThreads=2 -Djdk.net.URLClassPath.disableClassPathURLCheck=true 
Picked up _JAVA_OPTIONS: -Djdk.net.URLClassPath.disableClassPathURLCheck=true
Picked up JAVA_TOOL_OPTIONS: -XX:CICompilerCount=2 -XX:ParallelGCThreads=2 -XX:ConcGCThreads=2 -Djdk.net.URLClassPath.disableClassPathURLCheck=true -XX:CICompilerCount=2 -XX:ParallelGCThreads=2 -XX:ConcGCThreads=2 -Djdk.net.URLClassPath.disableClassPathURLCheck=true 
Picked up _JAVA_OPTIONS: -Djdk.net.URLClassPath.disableClassPathURLCheck=true
Picked up JAVA_TOOL_OPTIONS: -XX:CICompilerCount=2 -XX:ParallelGCThreads=2 -XX:ConcGCThreads=2 -Djdk.net.URLClassPath.disableClassPathURLCheck=true -XX:CICompilerCount=2 -XX:ParallelGCThreads=2 -XX:ConcGCThreads=2 -Djdk.net.URLClassPath.disableClassPathURLCheck=true 
Picked up _JAVA_OPTIONS: -Djdk.net.URLClassPath.disableClassPathURLCheck=true
Picked up JAVA_TOOL_OPTIONS: -XX:CICompilerCount=2 -XX:ParallelGCThreads=2 -XX:ConcGCThreads=2 -Djdk.net.URLClassPath.disableClassPathURLCheck=true -XX:CICompilerCount=2 -XX:ParallelGCThreads=2 -XX:ConcGCThreads=2 -Djdk.net.URLClassPath.disableClassPathURLCheck=true 
Picked up _JAVA_OPTIONS: -Djdk.net.URLClassPath.disableClassPathURLCheck=true
Picked up JAVA_TOOL_OPTIONS: -XX:CICompilerCount=2 -XX:ParallelGCThreads=2 -XX:ConcGCThreads=2 -Djdk.net.URLClassPath.disableClassPathURLCheck=true -XX:CICompilerCount=2 -XX:ParallelGCThreads=2 -XX:ConcGCThreads=2 -Djdk.net.URLClassPath.disableClassPathURLCheck=true 
Picked up _JAVA_OPTIONS: -Djdk.net.URLClassPath.disableClassPathURLCheck=true
Picked up JAVA_TOOL_OPTIONS: -XX:CICompilerCount=2 -XX:ParallelGCThreads=2 -XX:ConcGCThreads=2 -Djdk.net.URLClassPath.disableClassPathURLCheck=true -XX:CICompilerCount=2 -XX:ParallelGCThreads=2 -XX:ConcGCThreads=2 -Djdk.net.URLClassPath.disableClassPathURLCheck=true 
Picked up _JAVA_OPTIONS: -Djdk.net.URLClassPath.disableClassPathURLCheck=true
Picked up _JAVA_OPTIONS: -Djdk.net.URLClassPath.disableClassPathURLCheck=true
Picked up JAVA_TOOL_OPTIONS: -XX:CICompilerCount=2 -XX:ParallelGCThreads=2 -XX:ConcGCThreads=2 -Djdk.net.URLClassPath.disableClassPathURLCheck=true -XX:CICompilerCount=2 -XX:ParallelGCThreads=2 -XX:ConcGCThreads=2 -Djdk.net.URLClassPath.disableClassPathURLCheck=true 
Picked up _JAVA_OPTIONS: -Djdk.net.URLClassPath.disableClassPathURLCheck=true
Picked up JAVA_TOOL_OPTIONS: -XX:CICompilerCount=2 -XX:ParallelGCThreads=2 -XX:ConcGCThreads=2 -Djdk.net.URLClassPath.disableClassPathURLCheck=true -XX:CICompilerCount=2 -XX:ParallelGCThreads=2 -XX:ConcGCThreads=2 -Djdk.net.URLClassPath.disableClassPathURLCheck=true 
Picked up _JAVA_OPTIONS: -Djdk.net.URLClassPath.disableClassPathURLCheck=true
Picked up JAVA_TOOL_OPTIONS: -XX:CICompilerCount=2 -XX:ParallelGCThreads=2 -XX:ConcGCThreads=2 -Djdk.net.URLClassPath.disableClassPathURLCheck=true -XX:CICompilerCount=2 -XX:ParallelGCThreads=2 -XX:ConcGCThreads=2 -Djdk.net.URLClassPath.disableClassPathURLCheck=true 
Picked up _JAVA_OPTIONS: -Djdk.net.URLClassPath.disableClassPathURLCheck=true
Picked up JAVA_TOOL_OPTIONS: -XX:CICompilerCount=2 -XX:ParallelGCThreads=2 -XX:ConcGCThreads=2 -Djdk.net.URLClassPath.disableClassPathURLCheck=true -XX:CICompilerCount=2 -XX:ParallelGCThreads=2 -XX:ConcGCThreads=2 -Djdk.net.URLClassPath.disableClassPathURLCheck=true 
Picked up _JAVA_OPTIONS: -Djdk.net.URLClassPath.disableClassPathURLCheck=true
Picked up JAVA_TOOL_OPTIONS: -XX:CICompilerCount=2 -XX:ParallelGCThreads=2 -XX:ConcGCThreads=2 -Djdk.net.URLClassPath.disableClassPathURLCheck=true -XX:CICompilerCount=2 -XX:ParallelGCThreads=2 -XX:ConcGCThreads=2 -Djdk.net.URLClassPath.disableClassPathURLCheck=true 
Picked up _JAVA_OPTIONS: -Djdk.net.URLClassPath.disableClassPathURLCheck=true
Picked up JAVA_TOOL_OPTIONS: -XX:CICompilerCount=2 -XX:ParallelGCThreads=2 -XX:ConcGCThreads=2 -Djdk.net.URLClassPath.disableClassPathURLCheck=true -XX:CICompilerCount=2 -XX:ParallelGCThreads=2 -XX:ConcGCThreads=2 -Djdk.net.URLClassPath.disableClassPathURLCheck=true 
Picked up JAVA_TOOL_OPTIONS: -XX:CICompilerCount=2 -XX:ParallelGCThreads=2 -XX:ConcGCThreads=2 -Djdk.net.URLClassPath.disableClassPathURLCheck=true -XX:CICompilerCount=2 -XX:ParallelGCThreads=2 -XX:ConcGCThreads=2 -Djdk.net.URLClassPath.disableClassPathURLCheck=true 
Picked up _JAVA_OPTIONS: -Djdk.net.URLClassPath.disableClassPathURLCheck=true
Picked up JAVA_TOOL_OPTIONS: -XX:CICompilerCount=2 -XX:ParallelGCThreads=2 -XX:ConcGCThreads=2 -Djdk.net.URLClassPath.disableClassPathURLCheck=true -XX:CICompilerCount=2 -XX:ParallelGCThreads=2 -XX:ConcGCThreads=2 -Djdk.net.URLClassPath.disableClassPathURLCheck=true 
Picked up _JAVA_OPTIONS: -Djdk.net.URLClassPath.disableClassPathURLCheck=true
Picked up JAVA_TOOL_OPTIONS: -XX:CICompilerCount=2 -XX:ParallelGCThreads=2 -XX:ConcGCThreads=2 -Djdk.net.URLClassPath.disableClassPathURLCheck=true -XX:CICompilerCount=2 -XX:ParallelGCThreads=2 -XX:ConcGCThreads=2 -Djdk.net.URLClassPath.disableClassPathURLCheck=true 
Picked up _JAVA_OPTIONS: -Djdk.net.URLClassPath.disableClassPathURLCheck=true
Picked up JAVA_TOOL_OPTIONS: -XX:CICompilerCount=2 -XX:ParallelGCThreads=2 -XX:ConcGCThreads=2 -Djdk.net.URLClassPath.disableClassPathURLCheck=true -XX:CICompilerCount=2 -XX:ParallelGCThreads=2 -XX:ConcGCThreads=2 -Djdk.net.URLClassPath.disableClassPathURLCheck=true 
Picked up _JAVA_OPTIONS: -Djdk.net.URLClassPath.disableClassPathURLCheck=true
Picked up JAVA_TOOL_OPTIONS: -XX:CICompilerCount=2 -XX:ParallelGCThreads=2 -XX:ConcGCThreads=2 -Djdk.net.URLClassPath.disableClassPathURLCheck=true -XX:CICompilerCount=2 -XX:ParallelGCThreads=2 -XX:ConcGCThreads=2 -Djdk.net.URLClassPath.disableClassPathURLCheck=true 
Picked up _JAVA_OPTIONS: -Djdk.net.URLClassPath.disableClassPathURLCheck=true
Picked up JAVA_TOOL_OPTIONS: -XX:CICompilerCount=2 -XX:ParallelGCThreads=2 -XX:ConcGCThreads=2 -Djdk.net.URLClassPath.disableClassPathURLCheck=true -XX:CICompilerCount=2 -XX:ParallelGCThreads=2 -XX:ConcGCThreads=2 -Djdk.net.URLClassPath.disableClassPathURLCheck=true 
Picked up _JAVA_OPTIONS: -Djdk.net.URLClassPath.disableClassPathURLCheck=true
Picked up _JAVA_OPTIONS: -Djdk.net.URLClassPath.disableClassPathURLCheck=true
Picked up JAVA_TOOL_OPTIONS: -XX:CICompilerCount=2 -XX:ParallelGCThreads=2 -XX:ConcGCThreads=2 -Djdk.net.URLClassPath.disableClassPathURLCheck=true -XX:CICompilerCount=2 -XX:ParallelGCThreads=2 -XX:ConcGCThreads=2 -Djdk.net.URLClassPath.disableClassPathURLCheck=true 
Picked up _JAVA_OPTIONS: -Djdk.net.URLClassPath.disableClassPathURLCheck=true
Picked up JAVA_TOOL_OPTIONS: -XX:CICompilerCount=2 -XX:ParallelGCThreads=2 -XX:ConcGCThreads=2 -Djdk.net.URLClassPath.disableClassPathURLCheck=true -XX:CICompilerCount=2 -XX:ParallelGCThreads=2 -XX:ConcGCThreads=2 -Djdk.net.URLClassPath.disableClassPathURLCheck=true 
Picked up _JAVA_OPTIONS: -Djdk.net.URLClassPath.disableClassPathURLCheck=true
Picked up JAVA_TOOL_OPTIONS: -XX:CICompilerCount=2 -XX:ParallelGCThreads=2 -XX:ConcGCThreads=2 -Djdk.net.URLClassPath.disableClassPathURLCheck=true -XX:CICompilerCount=2 -XX:ParallelGCThreads=2 -XX:ConcGCThreads=2 -Djdk.net.URLClassPath.disableClassPathURLCheck=true 
Picked up _JAVA_OPTIONS: -Djdk.net.URLClassPath.disableClassPathURLCheck=true
Picked up JAVA_TOOL_OPTIONS: -XX:CICompilerCount=2 -XX:ParallelGCThreads=2 -XX:ConcGCThreads=2 -Djdk.net.URLClassPath.disableClassPathURLCheck=true -XX:CICompilerCount=2 -XX:ParallelGCThreads=2 -XX:ConcGCThreads=2 -Djdk.net.URLClassPath.disableClassPathURLCheck=true 
Picked up _JAVA_OPTIONS: -Djdk.net.URLClassPath.disableClassPathURLCheck=true
Picked up JAVA_TOOL_OPTIONS: -XX:CICompilerCount=2 -XX:ParallelGCThreads=2 -XX:ConcGCThreads=2 -Djdk.net.URLClassPath.disableClassPathURLCheck=true -XX:CICompilerCount=2 -XX:ParallelGCThreads=2 -XX:ConcGCThreads=2 -Djdk.net.URLClassPath.disableClassPathURLCheck=true 
Picked up _JAVA_OPTIONS: -Djdk.net.URLClassPath.disableClassPathURLCheck=true
Picked up JAVA_TOOL_OPTIONS: -XX:CICompilerCount=2 -XX:ParallelGCThreads=2 -XX:ConcGCThreads=2 -Djdk.net.URLClassPath.disableClassPathURLCheck=true -XX:CICompilerCount=2 -XX:ParallelGCThreads=2 -XX:ConcGCThreads=2 -Djdk.net.URLClassPath.disableClassPathURLCheck=true 
Picked up _JAVA_OPTIONS: -Djdk.net.URLClassPath.disableClassPathURLCheck=true
Picked up JAVA_TOOL_OPTIONS: -XX:CICompilerCount=2 -XX:ParallelGCThreads=2 -XX:ConcGCThreads=2 -Djdk.net.URLClassPath.disableClassPathURLCheck=true -XX:CICompilerCount=2 -XX:ParallelGCThreads=2 -XX:ConcGCThreads=2 -Djdk.net.URLClassPath.disableClassPathURLCheck=true 
Picked up JAVA_TOOL_OPTIONS: -XX:CICompilerCount=2 -XX:ParallelGCThreads=2 -XX:ConcGCThreads=2 -Djdk.net.URLClassPath.disableClassPathURLCheck=true -XX:CICompilerCount=2 -XX:ParallelGCThreads=2 -XX:ConcGCThreads=2 -Djdk.net.URLClassPath.disableClassPathURLCheck=true 
Picked up _JAVA_OPTIONS: -Djdk.net.URLClassPath.disableClassPathURLCheck=true
Picked up _JAVA_OPTIONS: -Djdk.net.URLClassPath.disableClassPathURLCheck=true
Picked up JAVA_TOOL_OPTIONS: -XX:CICompilerCount=2 -XX:ParallelGCThreads=2 -XX:ConcGCThreads=2 -Djdk.net.URLClassPath.disableClassPathURLCheck=true -XX:CICompilerCount=2 -XX:ParallelGCThreads=2 -XX:ConcGCThreads=2 -Djdk.net.URLClassPath.disableClassPathURLCheck=true 
Picked up _JAVA_OPTIONS: -Djdk.net.URLClassPath.disableClassPathURLCheck=true
Picked up JAVA_TOOL_OPTIONS: -XX:CICompilerCount=2 -XX:ParallelGCThreads=2 -XX:ConcGCThreads=2 -Djdk.net.URLClassPath.disableClassPathURLCheck=true -XX:CICompilerCount=2 -XX:ParallelGCThreads=2 -XX:ConcGCThreads=2 -Djdk.net.URLClassPath.disableClassPathURLCheck=true 
Picked up _JAVA_OPTIONS: -Djdk.net.URLClassPath.disableClassPathURLCheck=true
Picked up JAVA_TOOL_OPTIONS: -XX:CICompilerCount=2 -XX:ParallelGCThreads=2 -XX:ConcGCThreads=2 -Djdk.net.URLClassPath.disableClassPathURLCheck=true -XX:CICompilerCount=2 -XX:ParallelGCThreads=2 -XX:ConcGCThreads=2 -Djdk.net.URLClassPath.disableClassPathURLCheck=true 
Picked up _JAVA_OPTIONS: -Djdk.net.URLClassPath.disableClassPathURLCheck=true
Picked up _JAVA_OPTIONS: -Djdk.net.URLClassPath.disableClassPathURLCheck=true
Picked up _JAVA_OPTIONS: -Djdk.net.URLClassPath.disableClassPathURLCheck=true
Picked up _JAVA_OPTIONS: -Djdk.net.URLClassPath.disableClassPathURLCheck=true
Picked up JAVA_TOOL_OPTIONS: -XX:CICompilerCount=2 -XX:ParallelGCThreads=2 -XX:ConcGCThreads=2 -Djdk.net.URLClassPath.disableClassPathURLCheck=true -XX:CICompilerCount=2 -XX:ParallelGCThreads=2 -XX:ConcGCThreads=2 -Djdk.net.URLClassPath.disableClassPathURLCheck=true 
Picked up _JAVA_OPTIONS: -Djdk.net.URLClassPath.disableClassPathURLCheck=true
Picked up _JAVA_OPTIONS: -Djdk.net.URLClassPath.disableClassPathURLCheck=true
Picked up JAVA_TOOL_OPTIONS: -XX:CICompilerCount=2 -XX:ParallelGCThreads=2 -XX:ConcGCThreads=2 -Djdk.net.URLClassPath.disableClassPathURLCheck=true -XX:CICompilerCount=2 -XX:ParallelGCThreads=2 -XX:ConcGCThreads=2 -Djdk.net.URLClassPath.disableClassPathURLCheck=true 
Picked up _JAVA_OPTIONS: -Djdk.net.URLClassPath.disableClassPathURLCheck=true
Picked up JAVA_TOOL_OPTIONS: -XX:CICompilerCount=2 -XX:ParallelGCThreads=2 -XX:ConcGCThreads=2 -Djdk.net.URLClassPath.disableClassPathURLCheck=true -XX:CICompilerCount=2 -XX:ParallelGCThreads=2 -XX:ConcGCThreads=2 -Djdk.net.URLClassPath.disableClassPathURLCheck=true 
Picked up _JAVA_OPTIONS: -Djdk.net.URLClassPath.disableClassPathURLCheck=true
Picked up JAVA_TOOL_OPTIONS: -XX:CICompilerCount=2 -XX:ParallelGCThreads=2 -XX:ConcGCThreads=2 -Djdk.net.URLClassPath.disableClassPathURLCheck=true -XX:CICompilerCount=2 -XX:ParallelGCThreads=2 -XX:ConcGCThreads=2 -Djdk.net.URLClassPath.disableClassPathURLCheck=true 
Picked up _JAVA_OPTIONS: -Djdk.net.URLClassPath.disableClassPathURLCheck=true
Picked up _JAVA_OPTIONS: -Djdk.net.URLClassPath.disableClassPathURLCheck=true
Picked up JAVA_TOOL_OPTIONS: -XX:CICompilerCount=2 -XX:ParallelGCThreads=2 -XX:ConcGCThreads=2 -Djdk.net.URLClassPath.disableClassPathURLCheck=true -XX:CICompilerCount=2 -XX:ParallelGCThreads=2 -XX:ConcGCThreads=2 -Djdk.net.URLClassPath.disableClassPathURLCheck=true 
Picked up _JAVA_OPTIONS: -Djdk.net.URLClassPath.disableClassPathURLCheck=true
Picked up _JAVA_OPTIONS: -Djdk.net.URLClassPath.disableClassPathURLCheck=true
Picked up JAVA_TOOL_OPTIONS: -XX:CICompilerCount=2 -XX:ParallelGCThreads=2 -XX:ConcGCThreads=2 -Djdk.net.URLClassPath.disableClassPathURLCheck=true -XX:CICompilerCount=2 -XX:ParallelGCThreads=2 -XX:ConcGCThreads=2 -Djdk.net.URLClassPath.disableClassPathURLCheck=true 
Picked up _JAVA_OPTIONS: -Djdk.net.URLClassPath.disableClassPathURLCheck=true
Picked up JAVA_TOOL_OPTIONS: -XX:CICompilerCount=2 -XX:ParallelGCThreads=2 -XX:ConcGCThreads=2 -Djdk.net.URLClassPath.disableClassPathURLCheck=true -XX:CICompilerCount=2 -XX:ParallelGCThreads=2 -XX:ConcGCThreads=2 -Djdk.net.URLClassPath.disableClassPathURLCheck=true 
Picked up JAVA_TOOL_OPTIONS: -XX:CICompilerCount=2 -XX:ParallelGCThreads=2 -XX:ConcGCThreads=2 -Djdk.net.URLClassPath.disableClassPathURLCheck=true -XX:CICompilerCount=2 -XX:ParallelGCThreads=2 -XX:ConcGCThreads=2 -Djdk.net.URLClassPath.disableClassPathURLCheck=true 
Picked up _JAVA_OPTIONS: -Djdk.net.URLClassPath.disableClassPathURLCheck=true
Picked up JAVA_TOOL_OPTIONS: -XX:CICompilerCount=2 -XX:ParallelGCThreads=2 -XX:ConcGCThreads=2 -Djdk.net.URLClassPath.disableClassPathURLCheck=true -XX:CICompilerCount=2 -XX:ParallelGCThreads=2 -XX:ConcGCThreads=2 -Djdk.net.URLClassPath.disableClassPathURLCheck=true 
Picked up _JAVA_OPTIONS: -Djdk.net.URLClassPath.disableClassPathURLCheck=true
Picked up JAVA_TOOL_OPTIONS: -XX:CICompilerCount=2 -XX:ParallelGCThreads=2 -XX:ConcGCThreads=2 -Djdk.net.URLClassPath.disableClassPathURLCheck=true -XX:CICompilerCount=2 -XX:ParallelGCThreads=2 -XX:ConcGCThreads=2 -Djdk.net.URLClassPath.disableClassPathURLCheck=true 
Picked up JAVA_TOOL_OPTIONS: -XX:CICompilerCount=2 -XX:ParallelGCThreads=2 -XX:ConcGCThreads=2 -Djdk.net.URLClassPath.disableClassPathURLCheck=true -XX:CICompilerCount=2 -XX:ParallelGCThreads=2 -XX:ConcGCThreads=2 -Djdk.net.URLClassPath.disableClassPathURLCheck=true 
Picked up JAVA_TOOL_OPTIONS: -XX:CICompilerCount=2 -XX:ParallelGCThreads=2 -XX:ConcGCThreads=2 -Djdk.net.URLClassPath.disableClassPathURLCheck=true -XX:CICompilerCount=2 -XX:ParallelGCThreads=2 -XX:ConcGCThreads=2 -Djdk.net.URLClassPath.disableClassPathURLCheck=true 
Picked up JAVA_TOOL_OPTIONS: -XX:CICompilerCount=2 -XX:ParallelGCThreads=2 -XX:ConcGCThreads=2 -Djdk.net.URLClassPath.disableClassPathURLCheck=true -XX:CICompilerCount=2 -XX:ParallelGCThreads=2 -XX:ConcGCThreads=2 -Djdk.net.URLClassPath.disableClassPathURLCheck=true 
Picked up _JAVA_OPTIONS: -Djdk.net.URLClassPath.disableClassPathURLCheck=true
Picked up JAVA_TOOL_OPTIONS: -XX:CICompilerCount=2 -XX:ParallelGCThreads=2 -XX:ConcGCThreads=2 -Djdk.net.URLClassPath.disableClassPathURLCheck=true -XX:CICompilerCount=2 -XX:ParallelGCThreads=2 -XX:ConcGCThreads=2 -Djdk.net.URLClassPath.disableClassPathURLCheck=true 
Picked up _JAVA_OPTIONS: -Djdk.net.URLClassPath.disableClassPathURLCheck=true
Picked up JAVA_TOOL_OPTIONS: -XX:CICompilerCount=2 -XX:ParallelGCThreads=2 -XX:ConcGCThreads=2 -Djdk.net.URLClassPath.disableClassPathURLCheck=true -XX:CICompilerCount=2 -XX:ParallelGCThreads=2 -XX:ConcGCThreads=2 -Djdk.net.URLClassPath.disableClassPathURLCheck=true 
Picked up _JAVA_OPTIONS: -Djdk.net.URLClassPath.disableClassPathURLCheck=true
Picked up _JAVA_OPTIONS: -Djdk.net.URLClassPath.disableClassPathURLCheck=true
Picked up JAVA_TOOL_OPTIONS: -XX:CICompilerCount=2 -XX:ParallelGCThreads=2 -XX:ConcGCThreads=2 -Djdk.net.URLClassPath.disableClassPathURLCheck=true -XX:CICompilerCount=2 -XX:ParallelGCThreads=2 -XX:ConcGCThreads=2 -Djdk.net.URLClassPath.disableClassPathURLCheck=true 
Picked up _JAVA_OPTIONS: -Djdk.net.URLClassPath.disableClassPathURLCheck=true
Picked up JAVA_TOOL_OPTIONS: -XX:CICompilerCount=2 -XX:ParallelGCThreads=2 -XX:ConcGCThreads=2 -Djdk.net.URLClassPath.disableClassPathURLCheck=true -XX:CICompilerCount=2 -XX:ParallelGCThreads=2 -XX:ConcGCThreads=2 -Djdk.net.URLClassPath.disableClassPathURLCheck=true 
Picked up _JAVA_OPTIONS: -Djdk.net.URLClassPath.disableClassPathURLCheck=true
Picked up _JAVA_OPTIONS: -Djdk.net.URLClassPath.disableClassPathURLCheck=true
Picked up _JAVA_OPTIONS: -Djdk.net.URLClassPath.disableClassPathURLCheck=true
Picked up JAVA_TOOL_OPTIONS: -XX:CICompilerCount=2 -XX:ParallelGCThreads=2 -XX:ConcGCThreads=2 -Djdk.net.URLClassPath.disableClassPathURLCheck=true -XX:CICompilerCount=2 -XX:ParallelGCThreads=2 -XX:ConcGCThreads=2 -Djdk.net.URLClassPath.disableClassPathURLCheck=true 
Picked up _JAVA_OPTIONS: -Djdk.net.URLClassPath.disableClassPathURLCheck=true
Picked up JAVA_TOOL_OPTIONS: -XX:CICompilerCount=2 -XX:ParallelGCThreads=2 -XX:ConcGCThreads=2 -Djdk.net.URLClassPath.disableClassPathURLCheck=true -XX:CICompilerCount=2 -XX:ParallelGCThreads=2 -XX:ConcGCThreads=2 -Djdk.net.URLClassPath.disableClassPathURLCheck=true 
Picked up _JAVA_OPTIONS: -Djdk.net.URLClassPath.disableClassPathURLCheck=true
Picked up _JAVA_OPTIONS: -Djdk.net.URLClassPath.disableClassPathURLCheck=true
Picked up JAVA_TOOL_OPTIONS: -XX:CICompilerCount=2 -XX:ParallelGCThreads=2 -XX:ConcGCThreads=2 -Djdk.net.URLClassPath.disableClassPathURLCheck=true -XX:CICompilerCount=2 -XX:ParallelGCThreads=2 -XX:ConcGCThreads=2 -Djdk.net.URLClassPath.disableClassPathURLCheck=true 
Picked up _JAVA_OPTIONS: -Djdk.net.URLClassPath.disableClassPathURLCheck=true
Picked up JAVA_TOOL_OPTIONS: -XX:CICompilerCount=2 -XX:ParallelGCThreads=2 -XX:ConcGCThreads=2 -Djdk.net.URLClassPath.disableClassPathURLCheck=true -XX:CICompilerCount=2 -XX:ParallelGCThreads=2 -XX:ConcGCThreads=2 -Djdk.net.URLClassPath.disableClassPathURLCheck=true 
Picked up _JAVA_OPTIONS: -Djdk.net.URLClassPath.disableClassPathURLCheck=true
Picked up JAVA_TOOL_OPTIONS: -XX:CICompilerCount=2 -XX:ParallelGCThreads=2 -XX:ConcGCThreads=2 -Djdk.net.URLClassPath.disableClassPathURLCheck=true -XX:CICompilerCount=2 -XX:ParallelGCThreads=2 -XX:ConcGCThreads=2 -Djdk.net.URLClassPath.disableClassPathURLCheck=true 
Picked up JAVA_TOOL_OPTIONS: -XX:CICompilerCount=2 -XX:ParallelGCThreads=2 -XX:ConcGCThreads=2 -Djdk.net.URLClassPath.disableClassPathURLCheck=true -XX:CICompilerCount=2 -XX:ParallelGCThreads=2 -XX:ConcGCThreads=2 -Djdk.net.URLClassPath.disableClassPathURLCheck=true 
Picked up _JAVA_OPTIONS: -Djdk.net.URLClassPath.disableClassPathURLCheck=true
Picked up JAVA_TOOL_OPTIONS: -XX:CICompilerCount=2 -XX:ParallelGCThreads=2 -XX:ConcGCThreads=2 -Djdk.net.URLClassPath.disableClassPathURLCheck=true -XX:CICompilerCount=2 -XX:ParallelGCThreads=2 -XX:ConcGCThreads=2 -Djdk.net.URLClassPath.disableClassPathURLCheck=true 
Picked up _JAVA_OPTIONS: -Djdk.net.URLClassPath.disableClassPathURLCheck=true
Picked up JAVA_TOOL_OPTIONS: -XX:CICompilerCount=2 -XX:ParallelGCThreads=2 -XX:ConcGCThreads=2 -Djdk.net.URLClassPath.disableClassPathURLCheck=true -XX:CICompilerCount=2 -XX:ParallelGCThreads=2 -XX:ConcGCThreads=2 -Djdk.net.URLClassPath.disableClassPathURLCheck=true 
Picked up _JAVA_OPTIONS: -Djdk.net.URLClassPath.disableClassPathURLCheck=true
Picked up JAVA_TOOL_OPTIONS: -XX:CICompilerCount=2 -XX:ParallelGCThreads=2 -XX:ConcGCThreads=2 -Djdk.net.URLClassPath.disableClassPathURLCheck=true -XX:CICompilerCount=2 -XX:ParallelGCThreads=2 -XX:ConcGCThreads=2 -Djdk.net.URLClassPath.disableClassPathURLCheck=true 
Picked up _JAVA_OPTIONS: -Djdk.net.URLClassPath.disableClassPathURLCheck=true
Picked up _JAVA_OPTIONS: -Djdk.net.URLClassPath.disableClassPathURLCheck=true
Picked up JAVA_TOOL_OPTIONS: -XX:CICompilerCount=2 -XX:ParallelGCThreads=2 -XX:ConcGCThreads=2 -Djdk.net.URLClassPath.disableClassPathURLCheck=true -XX:CICompilerCount=2 -XX:ParallelGCThreads=2 -XX:ConcGCThreads=2 -Djdk.net.URLClassPath.disableClassPathURLCheck=true 
Picked up _JAVA_OPTIONS: -Djdk.net.URLClassPath.disableClassPathURLCheck=true
Picked up JAVA_TOOL_OPTIONS: -XX:CICompilerCount=2 -XX:ParallelGCThreads=2 -XX:ConcGCThreads=2 -Djdk.net.URLClassPath.disableClassPathURLCheck=true -XX:CICompilerCount=2 -XX:ParallelGCThreads=2 -XX:ConcGCThreads=2 -Djdk.net.URLClassPath.disableClassPathURLCheck=true 
Picked up _JAVA_OPTIONS: -Djdk.net.URLClassPath.disableClassPathURLCheck=true
Picked up JAVA_TOOL_OPTIONS: -XX:CICompilerCount=2 -XX:ParallelGCThreads=2 -XX:ConcGCThreads=2 -Djdk.net.URLClassPath.disableClassPathURLCheck=true -XX:CICompilerCount=2 -XX:ParallelGCThreads=2 -XX:ConcGCThreads=2 -Djdk.net.URLClassPath.disableClassPathURLCheck=true 
Picked up _JAVA_OPTIONS: -Djdk.net.URLClassPath.disableClassPathURLCheck=true
Running org.apache.flink.api.java.operator.FirstNOperatorTest
Picked up JAVA_TOOL_OPTIONS: -XX:CICompilerCount=2 -XX:ParallelGCThreads=2 -XX:ConcGCThreads=2 -Djdk.net.URLClassPath.disableClassPathURLCheck=true -XX:CICompilerCount=2 -XX:ParallelGCThreads=2 -XX:ConcGCThreads=2 -Djdk.net.URLClassPath.disableClassPathURLCheck=true 
Picked up JAVA_TOOL_OPTIONS: -XX:CICompilerCount=2 -XX:ParallelGCThreads=2 -XX:ConcGCThreads=2 -Djdk.net.URLClassPath.disableClassPathURLCheck=true -XX:CICompilerCount=2 -XX:ParallelGCThreads=2 -XX:ConcGCThreads=2 -Djdk.net.URLClassPath.disableClassPathURLCheck=true 
Picked up _JAVA_OPTIONS: -Djdk.net.URLClassPath.disableClassPathURLCheck=true
Picked up JAVA_TOOL_OPTIONS: -XX:CICompilerCount=2 -XX:ParallelGCThreads=2 -XX:ConcGCThreads=2 -Djdk.net.URLClassPath.disableClassPathURLCheck=true -XX:CICompilerCount=2 -XX:ParallelGCThreads=2 -XX:ConcGCThreads=2 -Djdk.net.URLClassPath.disableClassPathURLCheck=true 
Picked up _JAVA_OPTIONS: -Djdk.net.URLClassPath.disableClassPathURLCheck=true
Picked up _JAVA_OPTIONS: -Djdk.net.URLClassPath.disableClassPathURLCheck=true
Picked up JAVA_TOOL_OPTIONS: -XX:CICompilerCount=2 -XX:ParallelGCThreads=2 -XX:ConcGCThreads=2 -Djdk.net.URLClassPath.disableClassPathURLCheck=true -XX:CICompilerCount=2 -XX:ParallelGCThreads=2 -XX:ConcGCThreads=2 -Djdk.net.URLClassPath.disableClassPathURLCheck=true 
Picked up _JAVA_OPTIONS: -Djdk.net.URLClassPath.disableClassPathURLCheck=true
Picked up JAVA_TOOL_OPTIONS: -XX:CICompilerCount=2 -XX:ParallelGCThreads=2 -XX:ConcGCThreads=2 -Djdk.net.URLClassPath.disableClassPathURLCheck=true -XX:CICompilerCount=2 -XX:ParallelGCThreads=2 -XX:ConcGCThreads=2 -Djdk.net.URLClassPath.disableClassPathURLCheck=true 
Picked up JAVA_TOOL_OPTIONS: -XX:CICompilerCount=2 -XX:ParallelGCThreads=2 -XX:ConcGCThreads=2 -Djdk.net.URLClassPath.disableClassPathURLCheck=true -XX:CICompilerCount=2 -XX:ParallelGCThreads=2 -XX:ConcGCThreads=2 -Djdk.net.URLClassPath.disableClassPathURLCheck=true 
Picked up _JAVA_OPTIONS: -Djdk.net.URLClassPath.disableClassPathURLCheck=true
Picked up JAVA_TOOL_OPTIONS: -XX:CICompilerCount=2 -XX:ParallelGCThreads=2 -XX:ConcGCThreads=2 -Djdk.net.URLClassPath.disableClassPathURLCheck=true -XX:CICompilerCount=2 -XX:ParallelGCThreads=2 -XX:ConcGCThreads=2 -Djdk.net.URLClassPath.disableClassPathURLCheck=true 
Picked up _JAVA_OPTIONS: -Djdk.net.URLClassPath.disableClassPathURLCheck=true
Running org.apache.flink.api.java.typeutils.runtime.kryo.KryoWithCustomSerializersTest
Picked up JAVA_TOOL_OPTIONS: -XX:CICompilerCount=2 -XX:ParallelGCThreads=2 -XX:ConcGCThreads=2 -Djdk.net.URLClassPath.disableClassPathURLCheck=true -XX:CICompilerCount=2 -XX:ParallelGCThreads=2 -XX:ConcGCThreads=2 -Djdk.net.URLClassPath.disableClassPathURLCheck=true 
Picked up _JAVA_OPTIONS: -Djdk.net.URLClassPath.disableClassPathURLCheck=true
Picked up JAVA_TOOL_OPTIONS: -XX:CICompilerCount=2 -XX:ParallelGCThreads=2 -XX:ConcGCThreads=2 -Djdk.net.URLClassPath.disableClassPathURLCheck=true -XX:CICompilerCount=2 -XX:ParallelGCThreads=2 -XX:ConcGCThreads=2 -Djdk.net.URLClassPath.disableClassPathURLCheck=true 
Picked up _JAVA_OPTIONS: -Djdk.net.URLClassPath.disableClassPathURLCheck=true
Picked up JAVA_TOOL_OPTIONS: -XX:CICompilerCount=2 -XX:ParallelGCThreads=2 -XX:ConcGCThreads=2 -Djdk.net.URLClassPath.disableClassPathURLCheck=true -XX:CICompilerCount=2 -XX:ParallelGCThreads=2 -XX:ConcGCThreads=2 -Djdk.net.URLClassPath.disableClassPathURLCheck=true 
Picked up _JAVA_OPTIONS: -Djdk.net.URLClassPath.disableClassPathURLCheck=true
Picked up JAVA_TOOL_OPTIONS: -XX:CICompilerCount=2 -XX:ParallelGCThreads=2 -XX:ConcGCThreads=2 -Djdk.net.URLClassPath.disableClassPathURLCheck=true -XX:CICompilerCount=2 -XX:ParallelGCThreads=2 -XX:ConcGCThreads=2 -Djdk.net.URLClassPath.disableClassPathURLCheck=true 
Picked up _JAVA_OPTIONS: -Djdk.net.URLClassPath.disableClassPathURLCheck=true
Picked up JAVA_TOOL_OPTIONS: -XX:CICompilerCount=2 -XX:ParallelGCThreads=2 -XX:ConcGCThreads=2 -Djdk.net.URLClassPath.disableClassPathURLCheck=true -XX:CICompilerCount=2 -XX:ParallelGCThreads=2 -XX:ConcGCThreads=2 -Djdk.net.URLClassPath.disableClassPathURLCheck=true 
Picked up _JAVA_OPTIONS: -Djdk.net.URLClassPath.disableClassPathURLCheck=true
Picked up _JAVA_OPTIONS: -Djdk.net.URLClassPath.disableClassPathURLCheck=true
Picked up JAVA_TOOL_OPTIONS: -XX:CICompilerCount=2 -XX:ParallelGCThreads=2 -XX:ConcGCThreads=2 -Djdk.net.URLClassPath.disableClassPathURLCheck=true -XX:CICompilerCount=2 -XX:ParallelGCThreads=2 -XX:ConcGCThreads=2 -Djdk.net.URLClassPath.disableClassPathURLCheck=true 
Picked up _JAVA_OPTIONS: -Djdk.net.URLClassPath.disableClassPathURLCheck=true
Picked up JAVA_TOOL_OPTIONS: -XX:CICompilerCount=2 -XX:ParallelGCThreads=2 -XX:ConcGCThreads=2 -Djdk.net.URLClassPath.disableClassPathURLCheck=true -XX:CICompilerCount=2 -XX:ParallelGCThreads=2 -XX:ConcGCThreads=2 -Djdk.net.URLClassPath.disableClassPathURLCheck=true 
Picked up _JAVA_OPTIONS: -Djdk.net.URLClassPath.disableClassPathURLCheck=true
Picked up JAVA_TOOL_OPTIONS: -XX:CICompilerCount=2 -XX:ParallelGCThreads=2 -XX:ConcGCThreads=2 -Djdk.net.URLClassPath.disableClassPathURLCheck=true -XX:CICompilerCount=2 -XX:ParallelGCThreads=2 -XX:ConcGCThreads=2 -Djdk.net.URLClassPath.disableClassPathURLCheck=true 
Picked up _JAVA_OPTIONS: -Djdk.net.URLClassPath.disableClassPathURLCheck=true
Picked up JAVA_TOOL_OPTIONS: -XX:CICompilerCount=2 -XX:ParallelGCThreads=2 -XX:ConcGCThreads=2 -Djdk.net.URLClassPath.disableClassPathURLCheck=true -XX:CICompilerCount=2 -XX:ParallelGCThreads=2 -XX:ConcGCThreads=2 -Djdk.net.URLClassPath.disableClassPathURLCheck=true 
Picked up _JAVA_OPTIONS: -Djdk.net.URLClassPath.disableClassPathURLCheck=true
Tests run: 3, Failures: 0, Errors: 0, Skipped: 0, Time elapsed: 0.451 sec - in org.apache.flink.api.java.operator.FirstNOperatorTest
Running org.apache.flink.api.java.operator.CrossOperatorTest
Picked up JAVA_TOOL_OPTIONS: -XX:CICompilerCount=2 -XX:ParallelGCThreads=2 -XX:ConcGCThreads=2 -Djdk.net.URLClassPath.disableClassPathURLCheck=true -XX:CICompilerCount=2 -XX:ParallelGCThreads=2 -XX:ConcGCThreads=2 -Djdk.net.URLClassPath.disableClassPathURLCheck=true 
Picked up _JAVA_OPTIONS: -Djdk.net.URLClassPath.disableClassPathURLCheck=true
Picked up JAVA_TOOL_OPTIONS: -XX:CICompilerCount=2 -XX:ParallelGCThreads=2 -XX:ConcGCThreads=2 -Djdk.net.URLClassPath.disableClassPathURLCheck=true -XX:CICompilerCount=2 -XX:ParallelGCThreads=2 -XX:ConcGCThreads=2 -Djdk.net.URLClassPath.disableClassPathURLCheck=true 
Picked up JAVA_TOOL_OPTIONS: -XX:CICompilerCount=2 -XX:ParallelGCThreads=2 -XX:ConcGCThreads=2 -Djdk.net.URLClassPath.disableClassPathURLCheck=true -XX:CICompilerCount=2 -XX:ParallelGCThreads=2 -XX:ConcGCThreads=2 -Djdk.net.URLClassPath.disableClassPathURLCheck=true 
Picked up _JAVA_OPTIONS: -Djdk.net.URLClassPath.disableClassPathURLCheck=true
Tests run: 23, Failures: 0, Errors: 0, Skipped: 0, Time elapsed: 0.077 sec - in org.apache.flink.api.java.operator.CrossOperatorTest
Running org.apache.flink.api.java.operator.GroupingTest
Picked up _JAVA_OPTIONS: -Djdk.net.URLClassPath.disableClassPathURLCheck=true
Picked up JAVA_TOOL_OPTIONS: -XX:CICompilerCount=2 -XX:ParallelGCThreads=2 -XX:ConcGCThreads=2 -Djdk.net.URLClassPath.disableClassPathURLCheck=true -XX:CICompilerCount=2 -XX:ParallelGCThreads=2 -XX:ConcGCThreads=2 -Djdk.net.URLClassPath.disableClassPathURLCheck=true 
Picked up _JAVA_OPTIONS: -Djdk.net.URLClassPath.disableClassPathURLCheck=true
Picked up JAVA_TOOL_OPTIONS: -XX:CICompilerCount=2 -XX:ParallelGCThreads=2 -XX:ConcGCThreads=2 -Djdk.net.URLClassPath.disableClassPathURLCheck=true -XX:CICompilerCount=2 -XX:ParallelGCThreads=2 -XX:ConcGCThreads=2 -Djdk.net.URLClassPath.disableClassPathURLCheck=true 
Picked up _JAVA_OPTIONS: -Djdk.net.URLClassPath.disableClassPathURLCheck=true
Picked up JAVA_TOOL_OPTIONS: -XX:CICompilerCount=2 -XX:ParallelGCThreads=2 -XX:ConcGCThreads=2 -Djdk.net.URLClassPath.disableClassPathURLCheck=true -XX:CICompilerCount=2 -XX:ParallelGCThreads=2 -XX:ConcGCThreads=2 -Djdk.net.URLClassPath.disableClassPathURLCheck=true 
Picked up _JAVA_OPTIONS: -Djdk.net.URLClassPath.disableClassPathURLCheck=true
Picked up JAVA_TOOL_OPTIONS: -XX:CICompilerCount=2 -XX:ParallelGCThreads=2 -XX:ConcGCThreads=2 -Djdk.net.URLClassPath.disableClassPathURLCheck=true -XX:CICompilerCount=2 -XX:ParallelGCThreads=2 -XX:ConcGCThreads=2 -Djdk.net.URLClassPath.disableClassPathURLCheck=true 
Picked up _JAVA_OPTIONS: -Djdk.net.URLClassPath.disableClassPathURLCheck=true
Picked up JAVA_TOOL_OPTIONS: -XX:CICompilerCount=2 -XX:ParallelGCThreads=2 -XX:ConcGCThreads=2 -Djdk.net.URLClassPath.disableClassPathURLCheck=true -XX:CICompilerCount=2 -XX:ParallelGCThreads=2 -XX:ConcGCThreads=2 -Djdk.net.URLClassPath.disableClassPathURLCheck=true 
Picked up _JAVA_OPTIONS: -Djdk.net.URLClassPath.disableClassPathURLCheck=true
Picked up JAVA_TOOL_OPTIONS: -XX:CICompilerCount=2 -XX:ParallelGCThreads=2 -XX:ConcGCThreads=2 -Djdk.net.URLClassPath.disableClassPathURLCheck=true -XX:CICompilerCount=2 -XX:ParallelGCThreads=2 -XX:ConcGCThreads=2 -Djdk.net.URLClassPath.disableClassPathURLCheck=true 
Picked up JAVA_TOOL_OPTIONS: -XX:CICompilerCount=2 -XX:ParallelGCThreads=2 -XX:ConcGCThreads=2 -Djdk.net.URLClassPath.disableClassPathURLCheck=true -XX:CICompilerCount=2 -XX:ParallelGCThreads=2 -XX:ConcGCThreads=2 -Djdk.net.URLClassPath.disableClassPathURLCheck=true 
Picked up _JAVA_OPTIONS: -Djdk.net.URLClassPath.disableClassPathURLCheck=true
Picked up JAVA_TOOL_OPTIONS: -XX:CICompilerCount=2 -XX:ParallelGCThreads=2 -XX:ConcGCThreads=2 -Djdk.net.URLClassPath.disableClassPathURLCheck=true -XX:CICompilerCount=2 -XX:ParallelGCThreads=2 -XX:ConcGCThreads=2 -Djdk.net.URLClassPath.disableClassPathURLCheck=true 
Picked up _JAVA_OPTIONS: -Djdk.net.URLClassPath.disableClassPathURLCheck=true
Picked up _JAVA_OPTIONS: -Djdk.net.URLClassPath.disableClassPathURLCheck=true
Picked up JAVA_TOOL_OPTIONS: -XX:CICompilerCount=2 -XX:ParallelGCThreads=2 -XX:ConcGCThreads=2 -Djdk.net.URLClassPath.disableClassPathURLCheck=true -XX:CICompilerCount=2 -XX:ParallelGCThreads=2 -XX:ConcGCThreads=2 -Djdk.net.URLClassPath.disableClassPathURLCheck=true 
Picked up _JAVA_OPTIONS: -Djdk.net.URLClassPath.disableClassPathURLCheck=true
Picked up JAVA_TOOL_OPTIONS: -XX:CICompilerCount=2 -XX:ParallelGCThreads=2 -XX:ConcGCThreads=2 -Djdk.net.URLClassPath.disableClassPathURLCheck=true -XX:CICompilerCount=2 -XX:ParallelGCThreads=2 -XX:ConcGCThreads=2 -Djdk.net.URLClassPath.disableClassPathURLCheck=true 
Picked up _JAVA_OPTIONS: -Djdk.net.URLClassPath.disableClassPathURLCheck=true
Picked up JAVA_TOOL_OPTIONS: -XX:CICompilerCount=2 -XX:ParallelGCThreads=2 -XX:ConcGCThreads=2 -Djdk.net.URLClassPath.disableClassPathURLCheck=true -XX:CICompilerCount=2 -XX:ParallelGCThreads=2 -XX:ConcGCThreads=2 -Djdk.net.URLClassPath.disableClassPathURLCheck=true 
Picked up _JAVA_OPTIONS: -Djdk.net.URLClassPath.disableClassPathURLCheck=true
Picked up JAVA_TOOL_OPTIONS: -XX:CICompilerCount=2 -XX:ParallelGCThreads=2 -XX:ConcGCThreads=2 -Djdk.net.URLClassPath.disableClassPathURLCheck=true -XX:CICompilerCount=2 -XX:ParallelGCThreads=2 -XX:ConcGCThreads=2 -Djdk.net.URLClassPath.disableClassPathURLCheck=true 
Picked up _JAVA_OPTIONS: -Djdk.net.URLClassPath.disableClassPathURLCheck=true
Tests run: 36, Failures: 0, Errors: 0, Skipped: 0, Time elapsed: 0.238 sec - in org.apache.flink.api.java.operator.GroupingTest
Running org.apache.flink.api.java.operator.DistinctOperatorTest
Tests run: 11, Failures: 0, Errors: 0, Skipped: 0, Time elapsed: 0.01 sec - in org.apache.flink.api.java.operator.DistinctOperatorTest
Running org.apache.flink.api.java.operator.MinByOperatorTest
Picked up JAVA_TOOL_OPTIONS: -XX:CICompilerCount=2 -XX:ParallelGCThreads=2 -XX:ConcGCThreads=2 -Djdk.net.URLClassPath.disableClassPathURLCheck=true -XX:CICompilerCount=2 -XX:ParallelGCThreads=2 -XX:ConcGCThreads=2 -Djdk.net.URLClassPath.disableClassPathURLCheck=true 
Picked up JAVA_TOOL_OPTIONS: -XX:CICompilerCount=2 -XX:ParallelGCThreads=2 -XX:ConcGCThreads=2 -Djdk.net.URLClassPath.disableClassPathURLCheck=true -XX:CICompilerCount=2 -XX:ParallelGCThreads=2 -XX:ConcGCThreads=2 -Djdk.net.URLClassPath.disableClassPathURLCheck=true 
Picked up _JAVA_OPTIONS: -Djdk.net.URLClassPath.disableClassPathURLCheck=true
Picked up _JAVA_OPTIONS: -Djdk.net.URLClassPath.disableClassPathURLCheck=true
Picked up JAVA_TOOL_OPTIONS: -XX:CICompilerCount=2 -XX:ParallelGCThreads=2 -XX:ConcGCThreads=2 -Djdk.net.URLClassPath.disableClassPathURLCheck=true -XX:CICompilerCount=2 -XX:ParallelGCThreads=2 -XX:ConcGCThreads=2 -Djdk.net.URLClassPath.disableClassPathURLCheck=true 
Picked up _JAVA_OPTIONS: -Djdk.net.URLClassPath.disableClassPathURLCheck=true
Tests run: 10, Failures: 0, Errors: 0, Skipped: 0, Time elapsed: 0.017 sec - in org.apache.flink.api.java.operator.MinByOperatorTest
Running org.apache.flink.api.java.operator.ReduceOperatorTest
Picked up JAVA_TOOL_OPTIONS: -XX:CICompilerCount=2 -XX:ParallelGCThreads=2 -XX:ConcGCThreads=2 -Djdk.net.URLClassPath.disableClassPathURLCheck=true -XX:CICompilerCount=2 -XX:ParallelGCThreads=2 -XX:ConcGCThreads=2 -Djdk.net.URLClassPath.disableClassPathURLCheck=true 
Picked up _JAVA_OPTIONS: -Djdk.net.URLClassPath.disableClassPathURLCheck=true
Picked up JAVA_TOOL_OPTIONS: -XX:CICompilerCount=2 -XX:ParallelGCThreads=2 -XX:ConcGCThreads=2 -Djdk.net.URLClassPath.disableClassPathURLCheck=true -XX:CICompilerCount=2 -XX:ParallelGCThreads=2 -XX:ConcGCThreads=2 -Djdk.net.URLClassPath.disableClassPathURLCheck=true 
Picked up _JAVA_OPTIONS: -Djdk.net.URLClassPath.disableClassPathURLCheck=true
Tests run: 4, Failures: 0, Errors: 0, Skipped: 0, Time elapsed: 0.09 sec - in org.apache.flink.api.java.operator.ReduceOperatorTest
Running org.apache.flink.api.java.operator.RightOuterJoinOperatorTest
Tests run: 16, Failures: 0, Errors: 0, Skipped: 0, Time elapsed: 0.082 sec - in org.apache.flink.api.java.operator.RightOuterJoinOperatorTest
Running org.apache.flink.api.java.operator.GroupReduceOperatorTest
Tests run: 7, Failures: 0, Errors: 0, Skipped: 0, Time elapsed: 0.044 sec - in org.apache.flink.api.java.operator.GroupReduceOperatorTest
Running org.apache.flink.api.java.operator.AggregateOperatorTest
Tests run: 2, Failures: 0, Errors: 0, Skipped: 0, Time elapsed: 0.034 sec - in org.apache.flink.api.java.operator.AggregateOperatorTest
Running org.apache.flink.api.java.operator.JoinOperatorTest
Tests run: 7, Failures: 0, Errors: 0, Skipped: 0, Time elapsed: 1.964 sec - in org.apache.flink.api.java.typeutils.runtime.kryo.KryoWithCustomSerializersTest
Running org.apache.flink.api.java.typeutils.runtime.kryo.KryoGenericTypeComparatorTest
Tests run: 63, Failures: 0, Errors: 0, Skipped: 0, Time elapsed: 1.226 sec - in org.apache.flink.api.java.operator.JoinOperatorTest
Running org.apache.flink.api.java.operator.FullOuterJoinOperatorTest
Tests run: 16, Failures: 0, Errors: 0, Skipped: 0, Time elapsed: 0.025 sec - in org.apache.flink.api.java.operator.FullOuterJoinOperatorTest
Running org.apache.flink.api.java.operator.GroupCombineOperatorTest
Tests run: 7, Failures: 0, Errors: 0, Skipped: 0, Time elapsed: 0.032 sec - in org.apache.flink.api.java.operator.GroupCombineOperatorTest
Running org.apache.flink.api.java.operator.DataSinkTest
Tests run: 18, Failures: 0, Errors: 0, Skipped: 0, Time elapsed: 0.039 sec - in org.apache.flink.api.java.operator.DataSinkTest
Running org.apache.flink.api.java.operator.CoGroupOperatorTest
Tests run: 29, Failures: 0, Errors: 0, Skipped: 0, Time elapsed: 0.066 sec - in org.apache.flink.api.java.operator.CoGroupOperatorTest
Running org.apache.flink.api.java.operator.LeftOuterJoinOperatorTest
Tests run: 16, Failures: 0, Errors: 0, Skipped: 0, Time elapsed: 0.026 sec - in org.apache.flink.api.java.operator.LeftOuterJoinOperatorTest
Running org.apache.flink.api.java.operator.ProjectionOperatorTest
Tests run: 3, Failures: 0, Errors: 0, Skipped: 0, Time elapsed: 0.001 sec - in org.apache.flink.api.java.operator.ProjectionOperatorTest
Running org.apache.flink.api.java.operator.MaxByOperatorTest
Tests run: 10, Failures: 0, Errors: 0, Skipped: 0, Time elapsed: 0.006 sec - in org.apache.flink.api.java.operator.MaxByOperatorTest
Running org.apache.flink.api.java.operator.SortPartitionTest
Tests run: 8, Failures: 0, Errors: 0, Skipped: 0, Time elapsed: 0.012 sec - in org.apache.flink.api.java.operator.SortPartitionTest
Running org.apache.flink.api.java.typeutils.runtime.TupleComparatorISD3Test
Tests run: 10, Failures: 0, Errors: 0, Skipped: 0, Time elapsed: 0.036 sec - in org.apache.flink.api.java.typeutils.runtime.TupleComparatorISD3Test
Running org.apache.flink.api.java.typeutils.runtime.MultidimensionalArraySerializerTest
Tests run: 4, Failures: 0, Errors: 0, Skipped: 0, Time elapsed: 0.086 sec - in org.apache.flink.api.java.typeutils.runtime.MultidimensionalArraySerializerTest
Running org.apache.flink.api.java.typeutils.runtime.kryo.SerializersTest
Tests run: 1, Failures: 0, Errors: 0, Skipped: 0, Time elapsed: 0.034 sec - in org.apache.flink.api.java.typeutils.runtime.kryo.SerializersTest
Running org.apache.flink.api.java.typeutils.runtime.kryo.KryoGenericArraySerializerTest
Tests run: 5, Failures: 0, Errors: 0, Skipped: 0, Time elapsed: 0.529 sec - in org.apache.flink.api.java.typeutils.runtime.kryo.KryoGenericArraySerializerTest
Tests run: 4, Failures: 0, Errors: 0, Skipped: 0, Time elapsed: 2.928 sec - in org.apache.flink.api.java.typeutils.runtime.kryo.KryoGenericTypeComparatorTest
Running org.apache.flink.api.java.typeutils.runtime.kryo.KryoGenericTypeSerializerTest
Tests run: 12, Failures: 0, Errors: 0, Skipped: 0, Time elapsed: 0.345 sec - in org.apache.flink.api.java.typeutils.runtime.kryo.KryoGenericTypeSerializerTest
Running org.apache.flink.api.java.typeutils.runtime.AvroSerializerEmptyArrayTest
Tests run: 2, Failures: 0, Errors: 0, Skipped: 0, Time elapsed: 0.388 sec - in org.apache.flink.api.java.typeutils.runtime.AvroSerializerEmptyArrayTest
Running org.apache.flink.api.java.typeutils.runtime.TupleSerializerTest
Tests run: 7, Failures: 0, Errors: 0, Skipped: 0, Time elapsed: 0.755 sec - in org.apache.flink.api.java.typeutils.runtime.TupleSerializerTest
Running org.apache.flink.api.java.typeutils.runtime.TupleComparatorILDXC2Test
Tests run: 10, Failures: 0, Errors: 0, Skipped: 0, Time elapsed: 0.024 sec - in org.apache.flink.api.java.typeutils.runtime.TupleComparatorILDXC2Test
Running org.apache.flink.api.java.typeutils.runtime.SubclassFromInterfaceSerializerTest
Tests run: 12, Failures: 0, Errors: 0, Skipped: 0, Time elapsed: 0.066 sec - in org.apache.flink.api.java.typeutils.runtime.SubclassFromInterfaceSerializerTest
Running org.apache.flink.api.java.typeutils.runtime.TupleComparatorILD3Test
Tests run: 10, Failures: 0, Errors: 0, Skipped: 0, Time elapsed: 0.03 sec - in org.apache.flink.api.java.typeutils.runtime.TupleComparatorILD3Test
Running org.apache.flink.api.java.typeutils.runtime.TupleComparatorTTT3Test
Tests run: 10, Failures: 0, Errors: 0, Skipped: 0, Time elapsed: 0.059 sec - in org.apache.flink.api.java.typeutils.runtime.TupleComparatorTTT3Test
Running org.apache.flink.api.java.typeutils.runtime.WritableComparatorTest
Tests run: 10, Failures: 0, Errors: 0, Skipped: 0, Time elapsed: 0.036 sec - in org.apache.flink.api.java.typeutils.runtime.WritableComparatorTest
Running org.apache.flink.api.java.typeutils.runtime.TupleComparatorISD2Test
Tests run: 10, Failures: 0, Errors: 0, Skipped: 0, Time elapsed: 0.014 sec - in org.apache.flink.api.java.typeutils.runtime.TupleComparatorISD2Test
Running org.apache.flink.api.java.typeutils.runtime.PojoSubclassComparatorTest
Tests run: 10, Failures: 0, Errors: 0, Skipped: 0, Time elapsed: 0.074 sec - in org.apache.flink.api.java.typeutils.runtime.PojoSubclassComparatorTest
Running org.apache.flink.api.java.typeutils.runtime.ValueComparatorTest
Tests run: 10, Failures: 0, Errors: 0, Skipped: 0, Time elapsed: 0.021 sec - in org.apache.flink.api.java.typeutils.runtime.ValueComparatorTest
Running org.apache.flink.api.java.typeutils.runtime.PojoSubclassSerializerTest
Tests run: 12, Failures: 0, Errors: 0, Skipped: 0, Time elapsed: 0.081 sec - in org.apache.flink.api.java.typeutils.runtime.PojoSubclassSerializerTest
Running org.apache.flink.api.java.typeutils.runtime.AvroGenericTypeComparatorTest
Tests run: 4, Failures: 0, Errors: 0, Skipped: 0, Time elapsed: 0.36 sec - in org.apache.flink.api.java.typeutils.runtime.AvroGenericTypeComparatorTest
Running org.apache.flink.api.java.typeutils.runtime.CopyableValueComparatorTest
Tests run: 10, Failures: 0, Errors: 0, Skipped: 0, Time elapsed: 0.011 sec - in org.apache.flink.api.java.typeutils.runtime.CopyableValueComparatorTest
Running org.apache.flink.api.java.typeutils.runtime.AvroGenericArraySerializerTest
Tests run: 5, Failures: 0, Errors: 0, Skipped: 0, Time elapsed: 0.257 sec - in org.apache.flink.api.java.typeutils.runtime.AvroGenericArraySerializerTest
Running org.apache.flink.api.java.typeutils.runtime.TupleComparatorTTT2Test
Tests run: 10, Failures: 0, Errors: 0, Skipped: 0, Time elapsed: 0.03 sec - in org.apache.flink.api.java.typeutils.runtime.TupleComparatorTTT2Test
Running org.apache.flink.api.java.typeutils.runtime.TupleComparatorISD1Test
Tests run: 10, Failures: 0, Errors: 0, Skipped: 0, Time elapsed: 0.012 sec - in org.apache.flink.api.java.typeutils.runtime.TupleComparatorISD1Test
Running org.apache.flink.api.java.typeutils.runtime.PojoGenericTypeSerializerTest
Tests run: 6, Failures: 0, Errors: 0, Skipped: 0, Time elapsed: 0.178 sec - in org.apache.flink.api.java.typeutils.runtime.PojoGenericTypeSerializerTest
Running org.apache.flink.api.java.typeutils.runtime.TupleComparatorILDC3Test
Tests run: 10, Failures: 0, Errors: 0, Skipped: 0, Time elapsed: 0.013 sec - in org.apache.flink.api.java.typeutils.runtime.TupleComparatorILDC3Test
Running org.apache.flink.api.java.typeutils.runtime.AvroGenericTypeSerializerTest
Tests run: 6, Failures: 0, Errors: 0, Skipped: 0, Time elapsed: 0.155 sec - in org.apache.flink.api.java.typeutils.runtime.AvroGenericTypeSerializerTest
Running org.apache.flink.api.java.typeutils.runtime.PojoSerializerTest
Tests run: 13, Failures: 0, Errors: 0, Skipped: 0, Time elapsed: 0 sec - in org.apache.flink.api.java.typeutils.runtime.PojoSerializerTest
Running org.apache.flink.api.java.typeutils.runtime.TupleComparatorILD2Test
Tests run: 10, Failures: 0, Errors: 0, Skipped: 0, Time elapsed: 0.001 sec - in org.apache.flink.api.java.typeutils.runtime.TupleComparatorILD2Test
Running org.apache.flink.api.java.typeutils.runtime.TupleComparatorTTT1Test
Tests run: 10, Failures: 0, Errors: 0, Skipped: 0, Time elapsed: 0.001 sec - in org.apache.flink.api.java.typeutils.runtime.TupleComparatorTTT1Test
Running org.apache.flink.api.java.typeutils.runtime.TupleComparatorILDX1Test
Tests run: 10, Failures: 0, Errors: 0, Skipped: 0, Time elapsed: 0.001 sec - in org.apache.flink.api.java.typeutils.runtime.TupleComparatorILDX1Test
Running org.apache.flink.api.java.typeutils.runtime.PojoComparatorTest
Tests run: 10, Failures: 0, Errors: 0, Skipped: 0, Time elapsed: 0.001 sec - in org.apache.flink.api.java.typeutils.runtime.PojoComparatorTest
Running org.apache.flink.api.java.typeutils.runtime.GenericPairComparatorTest
Tests run: 2, Failures: 0, Errors: 0, Skipped: 0, Time elapsed: 0 sec - in org.apache.flink.api.java.typeutils.runtime.GenericPairComparatorTest
Running org.apache.flink.api.java.typeutils.runtime.WritableSerializerTest
Tests run: 1, Failures: 0, Errors: 0, Skipped: 0, Time elapsed: 0 sec - in org.apache.flink.api.java.typeutils.runtime.WritableSerializerTest
Running org.apache.flink.api.java.typeutils.PojoTypeInfoTest
Tests run: 5, Failures: 2, Errors: 0, Skipped: 0, Time elapsed: 0.002 sec <<< FAILURE! - in org.apache.flink.api.java.typeutils.PojoTypeInfoTest
testPrimitivePojo(org.apache.flink.api.java.typeutils.PojoTypeInfoTest)  Time elapsed: 0.002 sec  <<< FAILURE!
java.lang.AssertionError: null
	at org.junit.Assert.fail(Assert.java:86)
	at org.junit.Assert.assertTrue(Assert.java:41)
	at org.junit.Assert.assertTrue(Assert.java:52)
	at org.apache.flink.api.java.typeutils.PojoTypeInfoTest.testPrimitivePojo(PojoTypeInfoTest.java:82)

testUnderscorePojo(org.apache.flink.api.java.typeutils.PojoTypeInfoTest)  Time elapsed: 0 sec  <<< FAILURE!
java.lang.AssertionError: null
	at org.junit.Assert.fail(Assert.java:86)
	at org.junit.Assert.assertTrue(Assert.java:41)
	at org.junit.Assert.assertTrue(Assert.java:52)
	at org.apache.flink.api.java.typeutils.PojoTypeInfoTest.testUnderscorePojo(PojoTypeInfoTest.java:89)

Running org.apache.flink.api.java.typeutils.TypeInfoParserTest
Tests run: 13, Failures: 0, Errors: 0, Skipped: 0, Time elapsed: 0.001 sec - in org.apache.flink.api.java.typeutils.TypeInfoParserTest
Running org.apache.flink.api.java.typeutils.RecordTypeInfoTest
Tests run: 2, Failures: 0, Errors: 0, Skipped: 0, Time elapsed: 0 sec - in org.apache.flink.api.java.typeutils.RecordTypeInfoTest
Running org.apache.flink.api.java.typeutils.ObjectArrayTypeInfoTest
Tests run: 2, Failures: 0, Errors: 0, Skipped: 0, Time elapsed: 0 sec - in org.apache.flink.api.java.typeutils.ObjectArrayTypeInfoTest
Running org.apache.flink.api.java.typeutils.EnumTypeInfoTest
Tests run: 2, Failures: 0, Errors: 0, Skipped: 0, Time elapsed: 0 sec - in org.apache.flink.api.java.typeutils.EnumTypeInfoTest
Running org.apache.flink.api.java.typeutils.TupleTypeInfoTest
Tests run: 3, Failures: 0, Errors: 0, Skipped: 0, Time elapsed: 0.001 sec - in org.apache.flink.api.java.typeutils.TupleTypeInfoTest
Running org.apache.flink.api.java.typeutils.ValueTypeInfoTest
Tests run: 3, Failures: 0, Errors: 0, Skipped: 0, Time elapsed: 0 sec - in org.apache.flink.api.java.typeutils.ValueTypeInfoTest
Running org.apache.flink.api.java.typeutils.CompositeTypeTest
Tests run: 2, Failures: 0, Errors: 0, Skipped: 0, Time elapsed: 0 sec - in org.apache.flink.api.java.typeutils.CompositeTypeTest
Running org.apache.flink.api.java.typeutils.GenericTypeInfoTest
Tests run: 2, Failures: 0, Errors: 0, Skipped: 0, Time elapsed: 0 sec - in org.apache.flink.api.java.typeutils.GenericTypeInfoTest
Running org.apache.flink.api.java.typeutils.WritableTypeInfoTest
Tests run: 2, Failures: 0, Errors: 0, Skipped: 0, Time elapsed: 0 sec - in org.apache.flink.api.java.typeutils.WritableTypeInfoTest
Running org.apache.flink.api.java.typeutils.MissingTypeInfoTest
Tests run: 2, Failures: 0, Errors: 0, Skipped: 0, Time elapsed: 0 sec - in org.apache.flink.api.java.typeutils.MissingTypeInfoTest
Running org.apache.flink.api.java.operators.translation.DeltaIterationTranslationTest
Tests run: 3, Failures: 0, Errors: 0, Skipped: 0, Time elapsed: 0 sec - in org.apache.flink.api.java.operators.translation.DeltaIterationTranslationTest
Running org.apache.flink.api.java.operators.translation.CoGroupSortTranslationTest
Tests run: 2, Failures: 0, Errors: 0, Skipped: 0, Time elapsed: 0 sec - in org.apache.flink.api.java.operators.translation.CoGroupSortTranslationTest
Running org.apache.flink.api.java.operators.translation.AggregateTranslationTest
Tests run: 1, Failures: 0, Errors: 0, Skipped: 0, Time elapsed: 0 sec - in org.apache.flink.api.java.operators.translation.AggregateTranslationTest
Running org.apache.flink.api.java.operators.translation.DistinctTranslationTest
Tests run: 6, Failures: 0, Errors: 0, Skipped: 0, Time elapsed: 0.001 sec - in org.apache.flink.api.java.operators.translation.DistinctTranslationTest
Running org.apache.flink.api.java.operators.NamesTest
Tests run: 3, Failures: 0, Errors: 0, Skipped: 0, Time elapsed: 0.001 sec - in org.apache.flink.api.java.operators.NamesTest
Running org.apache.flink.api.java.operators.KeysTest
Tests run: 7, Failures: 0, Errors: 0, Skipped: 0, Time elapsed: 0.001 sec - in org.apache.flink.api.java.operators.KeysTest
Running org.apache.flink.api.java.hadoop.mapreduce.HadoopInputFormatTest
Tests run: 1, Failures: 0, Errors: 0, Skipped: 0, Time elapsed: 0 sec - in org.apache.flink.api.java.hadoop.mapreduce.HadoopInputFormatTest
Running org.apache.flink.api.java.hadoop.mapred.HadoopInputFormatTest
Tests run: 1, Failures: 0, Errors: 0, Skipped: 0, Time elapsed: 0 sec - in org.apache.flink.api.java.hadoop.mapred.HadoopInputFormatTest
Running org.apache.flink.api.java.record.io.ExternalProcessInputFormatTest
Tests run: 4, Failures: 0, Errors: 0, Skipped: 0, Time elapsed: 0 sec - in org.apache.flink.api.java.record.io.ExternalProcessInputFormatTest
Running org.apache.flink.api.java.record.io.CsvOutputFormatTest
Tests run: 7, Failures: 0, Errors: 0, Skipped: 0, Time elapsed: 0 sec - in org.apache.flink.api.java.record.io.CsvOutputFormatTest
Running org.apache.flink.api.java.record.io.TextInputFormatTest
Tests run: 2, Failures: 0, Errors: 0, Skipped: 0, Time elapsed: 0 sec - in org.apache.flink.api.java.record.io.TextInputFormatTest
Running org.apache.flink.api.java.record.io.ExternalProcessFixedLengthInputFormatTest
Tests run: 5, Failures: 0, Errors: 0, Skipped: 0, Time elapsed: 0 sec - in org.apache.flink.api.java.record.io.ExternalProcessFixedLengthInputFormatTest
Running org.apache.flink.api.java.record.io.FixedLenghtInputFormatTest
Tests run: 3, Failures: 0, Errors: 0, Skipped: 0, Time elapsed: 0 sec - in org.apache.flink.api.java.record.io.FixedLenghtInputFormatTest
Running org.apache.flink.api.java.record.io.CsvInputFormatTest
Tests run: 8, Failures: 0, Errors: 0, Skipped: 0, Time elapsed: 0.001 sec - in org.apache.flink.api.java.record.io.CsvInputFormatTest
Running org.apache.flink.api.java.record.CoGroupWrappingFunctionTest
Tests run: 3, Failures: 0, Errors: 0, Skipped: 0, Time elapsed: 0 sec - in org.apache.flink.api.java.record.CoGroupWrappingFunctionTest
Running org.apache.flink.api.java.record.ReduceWrappingFunctionTest
Tests run: 4, Failures: 0, Errors: 0, Skipped: 0, Time elapsed: 0 sec - in org.apache.flink.api.java.record.ReduceWrappingFunctionTest
Running org.apache.flink.api.java.functions.ClosureCleanerTest
Tests run: 5, Failures: 0, Errors: 0, Skipped: 0, Time elapsed: 0.001 sec - in org.apache.flink.api.java.functions.ClosureCleanerTest
Running org.apache.flink.api.java.functions.SelectByFunctionsTest
Tests run: 9, Failures: 0, Errors: 0, Skipped: 0, Time elapsed: 0.001 sec - in org.apache.flink.api.java.functions.SelectByFunctionsTest
Running org.apache.flink.api.java.functions.SemanticPropUtilTest
Tests run: 65, Failures: 0, Errors: 0, Skipped: 0, Time elapsed: 0.005 sec - in org.apache.flink.api.java.functions.SemanticPropUtilTest
Running org.apache.flink.api.java.functions.SemanticPropertiesPrecedenceTest
Tests run: 4, Failures: 0, Errors: 0, Skipped: 0, Time elapsed: 0.001 sec - in org.apache.flink.api.java.functions.SemanticPropertiesPrecedenceTest
Running org.apache.flink.api.java.functions.SemanticPropertiesTranslationTest
Tests run: 23, Failures: 0, Errors: 0, Skipped: 0, Time elapsed: 0.002 sec - in org.apache.flink.api.java.functions.SemanticPropertiesTranslationTest
Running org.apache.flink.api.java.functions.SemanticPropertiesProjectionTest
Tests run: 6, Failures: 0, Errors: 0, Skipped: 0, Time elapsed: 0.001 sec - in org.apache.flink.api.java.functions.SemanticPropertiesProjectionTest
Running org.apache.flink.api.java.MultipleInvokationsTest
Tests run: 1, Failures: 0, Errors: 0, Skipped: 0, Time elapsed: 0 sec - in org.apache.flink.api.java.MultipleInvokationsTest
Running org.apache.flink.api.java.io.TypeSerializerFormatTest
Tests run: 40, Failures: 0, Errors: 0, Skipped: 0, Time elapsed: 0.002 sec - in org.apache.flink.api.java.io.TypeSerializerFormatTest
Running org.apache.flink.api.java.io.CollectionInputFormatTest
Tests run: 4, Failures: 0, Errors: 0, Skipped: 0, Time elapsed: 0 sec - in org.apache.flink.api.java.io.CollectionInputFormatTest
Running org.apache.flink.api.java.io.TextInputFormatTest
Tests run: 2, Failures: 0, Errors: 0, Skipped: 0, Time elapsed: 0 sec - in org.apache.flink.api.java.io.TextInputFormatTest
Running org.apache.flink.api.java.io.PrimitiveInputFormatTest
Tests run: 5, Failures: 0, Errors: 0, Skipped: 0, Time elapsed: 0 sec - in org.apache.flink.api.java.io.PrimitiveInputFormatTest
Running org.apache.flink.api.java.io.CsvInputFormatTest
Tests run: 25, Failures: 0, Errors: 0, Skipped: 0, Time elapsed: 0.002 sec - in org.apache.flink.api.java.io.CsvInputFormatTest
Running org.apache.flink.api.java.io.CSVReaderTest
Tests run: 15, Failures: 0, Errors: 0, Skipped: 0, Time elapsed: 0.001 sec - in org.apache.flink.api.java.io.CSVReaderTest
Running org.apache.flink.api.java.sca.UdfAnalyzerTest
HERE
Tests run: 63, Failures: 0, Errors: 0, Skipped: 0, Time elapsed: 0.005 sec - in org.apache.flink.api.java.sca.UdfAnalyzerTest
Running org.apache.flink.api.java.sca.UdfAnalyzerExamplesTest
Tests run: 18, Failures: 0, Errors: 0, Skipped: 0, Time elapsed: 0.001 sec - in org.apache.flink.api.java.sca.UdfAnalyzerExamplesTest
Running org.apache.flink.api.java.sampling.RandomSamplerTest
Tests run: 17, Failures: 0, Errors: 0, Skipped: 0, Time elapsed: 0.001 sec - in org.apache.flink.api.java.sampling.RandomSamplerTest
Running org.apache.flink.api.java.tuple.Tuple2Test
Tests run: 2, Failures: 0, Errors: 0, Skipped: 0, Time elapsed: 0 sec - in org.apache.flink.api.java.tuple.Tuple2Test
Running org.apache.flink.api.java.type.extractor.PojoTypeInformationTest
Tests run: 4, Failures: 0, Errors: 0, Skipped: 0, Time elapsed: 0 sec - in org.apache.flink.api.java.type.extractor.PojoTypeInformationTest
Running org.apache.flink.api.java.type.extractor.TypeExtractorInputFormatsTest
Tests run: 4, Failures: 0, Errors: 0, Skipped: 0, Time elapsed: 0 sec - in org.apache.flink.api.java.type.extractor.TypeExtractorInputFormatsTest
Running org.apache.flink.api.java.type.extractor.TypeExtractorTest
Tests run: 60, Failures: 0, Errors: 0, Skipped: 0, Time elapsed: 0.003 sec - in org.apache.flink.api.java.type.extractor.TypeExtractorTest
Running org.apache.flink.api.java.type.extractor.PojoTypeExtractionTest
Tests run: 22, Failures: 0, Errors: 0, Skipped: 0, Time elapsed: 0.001 sec - in org.apache.flink.api.java.type.extractor.PojoTypeExtractionTest
Running org.apache.flink.api.java.utils.ParameterToolTest
Tests run: 13, Failures: 0, Errors: 0, Skipped: 0, Time elapsed: 0.001 sec - in org.apache.flink.api.java.utils.ParameterToolTest
Running org.apache.flink.api.common.operators.CollectionExecutionAccumulatorsTest
Tests run: 1, Failures: 0, Errors: 0, Skipped: 0, Time elapsed: 0 sec - in org.apache.flink.api.common.operators.CollectionExecutionAccumulatorsTest
Running org.apache.flink.api.common.operators.base.CoGroupOperatorCollectionTest
Tests run: 1, Failures: 0, Errors: 0, Skipped: 0, Time elapsed: 0 sec - in org.apache.flink.api.common.operators.base.CoGroupOperatorCollectionTest
Running org.apache.flink.api.common.operators.base.InnerJoinOperatorBaseTest
Tests run: 1, Failures: 0, Errors: 0, Skipped: 0, Time elapsed: 0 sec - in org.apache.flink.api.common.operators.base.InnerJoinOperatorBaseTest
Running org.apache.flink.api.common.operators.base.ReduceOperatorTest
Tests run: 2, Failures: 0, Errors: 0, Skipped: 0, Time elapsed: 0 sec - in org.apache.flink.api.common.operators.base.ReduceOperatorTest
Running org.apache.flink.api.common.operators.base.GroupReduceOperatorTest
Tests run: 2, Failures: 0, Errors: 0, Skipped: 0, Time elapsed: 0 sec - in org.apache.flink.api.common.operators.base.GroupReduceOperatorTest
Running org.apache.flink.api.common.operators.CollectionExecutionIterationTest
Tests run: 3, Failures: 0, Errors: 0, Skipped: 0, Time elapsed: 0 sec - in org.apache.flink.api.common.operators.CollectionExecutionIterationTest
Running org.apache.flink.api.common.operators.CollectionExecutionWithBroadcastVariableTest
Tests run: 2, Failures: 0, Errors: 0, Skipped: 0, Time elapsed: 0 sec - in org.apache.flink.api.common.operators.CollectionExecutionWithBroadcastVariableTest

Results :

Failed tests: 
  PojoTypeInfoTest.testPrimitivePojo:82 null
  PojoTypeInfoTest.testUnderscorePojo:89 null

Tests run: 1062, Failures: 2, Errors: 0, Skipped: 0

[INFO] ------------------------------------------------------------------------
[INFO] BUILD FAILURE
[INFO] ------------------------------------------------------------------------
[INFO] Total time: 52.239 s
[INFO] Finished at: 2020-03-11T04:42:57-07:00
[INFO] Final Memory: 38M/1751M
[INFO] ------------------------------------------------------------------------
[ERROR] Failed to execute goal org.apache.maven.plugins:maven-surefire-plugin:2.18.1:test (default-test) on project flink-java: There are test failures.
[ERROR] 
[ERROR] Please refer to /scratch/tmp-rta/Bugs.jar_Flink_17e7b423_java-7/flink-java/target/surefire-reports for the individual test results.
[ERROR] -> [Help 1]
[ERROR] 
[ERROR] To see the full stack trace of the errors, re-run Maven with the -e switch.
[ERROR] Re-run Maven using the -X switch to enable full debug logging.
[ERROR] 
[ERROR] For more information about the errors and possible solutions, please read the following articles:
[ERROR] [Help 1] http://cwiki.apache.org/confluence/display/MAVEN/MojoFailureException
