Picked up JAVA_TOOL_OPTIONS: -XX:CICompilerCount=2 -XX:ParallelGCThreads=2 -XX:ConcGCThreads=2 -Djdk.net.URLClassPath.disableClassPathURLCheck=true 
Java HotSpot(TM) 64-Bit Server VM warning: ignoring option MaxPermSize=512m; support was removed in 8.0
Picked up _JAVA_OPTIONS: -Djdk.net.URLClassPath.disableClassPathURLCheck=true
Apache Maven 3.5.0 (Red Hat 3.5.0-4.3)
Maven home: /opt/rh/rh-maven35/root/usr/share/maven
Java version: 1.8.0_181, vendor: Oracle Corporation
Java home: /scratch/jmcampos/RTA/repair_them_all_framework/jdks/jdk1.8.0_181/jre
Default locale: en_US, platform encoding: UTF-8
OS name: "linux", version: "4.14.132-1.el7.retpoline.x86_64", arch: "amd64", family: "unix"
[INFO] Scanning for projects...
[INFO] Downloading: https://repo.maven.apache.org/maven2/org/apache/maven/wagon/wagon-ssh/maven-metadata.xml
[INFO] Downloaded: https://repo.maven.apache.org/maven2/org/apache/maven/wagon/wagon-ssh/maven-metadata.xml (1.4 kB at 4.9 kB/s)
[INFO] Inspecting build with total of 1 modules...
[INFO] Installing Nexus Staging features:
[INFO]   ... total of 1 executions of maven-deploy-plugin replaced with nexus-staging-maven-plugin
[INFO] 
[INFO] ------------------------------------------------------------------------
[INFO] Building Spoon Core 5.6.0-SNAPSHOT
[INFO] ------------------------------------------------------------------------
[INFO] Downloading: https://oss.sonatype.org/content/repositories/snapshots/junit/junit-dep/maven-metadata.xml
[INFO] Downloading: https://repo.maven.apache.org/maven2/junit/junit-dep/maven-metadata.xml
[INFO] Downloading: http://spoon.gforge.inria.fr/repositories/releases/junit/junit-dep/maven-metadata.xml
[INFO] Downloaded: https://repo.maven.apache.org/maven2/junit/junit-dep/maven-metadata.xml (563 B at 14 kB/s)
[INFO] Downloading: http://spoon.gforge.inria.fr/repositories/releases/commons-io/commons-io/maven-metadata.xml
[INFO] Downloading: https://oss.sonatype.org/content/repositories/snapshots/commons-io/commons-io/maven-metadata.xml
[INFO] Downloading: https://repo.maven.apache.org/maven2/commons-io/commons-io/maven-metadata.xml
[INFO] Downloaded: https://repo.maven.apache.org/maven2/commons-io/commons-io/maven-metadata.xml (783 B at 71 kB/s)
[INFO] 
[INFO] --- maven-enforcer-plugin:1.4.1:enforce (enforce-maven) @ spoon-core ---
[INFO] Skipping Rule Enforcement.
[INFO] 
[INFO] --- maven-enforcer-plugin:1.4.1:enforce (enforce-bytecode-version) @ spoon-core ---
[INFO] Skipping Rule Enforcement.
[INFO] 
[INFO] --- jacoco-maven-plugin:0.7.5.201505241946:prepare-agent (default) @ spoon-core ---
[INFO] Skipping JaCoCo execution because property jacoco.skip is set.
[INFO] argLine set to empty
[INFO] 
[INFO] --- maven-resources-plugin:2.6:resources (default-resources) @ spoon-core ---
[INFO] Using 'UTF-8' encoding to copy filtered resources.
[INFO] Copying 3 resources
[INFO] Copying 1 resource
[INFO] 
[INFO] --- maven-compiler-plugin:3.1:compile (default-compile) @ spoon-core ---
[INFO] Nothing to compile - all classes are up to date
[INFO] 
[INFO] --- maven-resources-plugin:2.6:testResources (default-testResources) @ spoon-core ---
[INFO] Using 'UTF-8' encoding to copy filtered resources.
[INFO] Copying 90 resources
[INFO] 
[INFO] --- maven-compiler-plugin:3.1:testCompile (default-testCompile) @ spoon-core ---
[INFO] Nothing to compile - all classes are up to date
[INFO] 
[INFO] --- maven-surefire-plugin:2.19.1:test (default-test) @ spoon-core ---
[INFO] Downloading: https://repo.maven.apache.org/maven2/org/apache/maven/surefire/surefire-junit4/2.19.1/surefire-junit4-2.19.1.pom
[INFO] Downloaded: https://repo.maven.apache.org/maven2/org/apache/maven/surefire/surefire-junit4/2.19.1/surefire-junit4-2.19.1.pom (3.3 kB at 172 kB/s)
[INFO] Downloading: https://repo.maven.apache.org/maven2/org/apache/maven/surefire/surefire-providers/2.19.1/surefire-providers-2.19.1.pom
[INFO] Downloaded: https://repo.maven.apache.org/maven2/org/apache/maven/surefire/surefire-providers/2.19.1/surefire-providers-2.19.1.pom (2.6 kB at 197 kB/s)
[INFO] Downloading: https://repo.maven.apache.org/maven2/org/apache/maven/surefire/surefire-junit4/2.19.1/surefire-junit4-2.19.1.jar
[INFO] Downloaded: https://repo.maven.apache.org/maven2/org/apache/maven/surefire/surefire-junit4/2.19.1/surefire-junit4-2.19.1.jar (75 kB at 2.9 MB/s)

-------------------------------------------------------
 T E S T S
-------------------------------------------------------
Picked up JAVA_TOOL_OPTIONS: -XX:CICompilerCount=2 -XX:ParallelGCThreads=2 -XX:ConcGCThreads=2 -Djdk.net.URLClassPath.disableClassPathURLCheck=true -XX:CICompilerCount=2 -XX:ParallelGCThreads=2 -XX:ConcGCThreads=2 -Djdk.net.URLClassPath.disableClassPathURLCheck=true 
Picked up _JAVA_OPTIONS: -Djdk.net.URLClassPath.disableClassPathURLCheck=true
Running spoon.test.api.FileSystemFolderTest
Tests run: 2, Failures: 0, Errors: 0, Skipped: 0, Time elapsed: 0.458 sec - in spoon.test.api.FileSystemFolderTest
Running spoon.test.api.APITest
Tests run: 14, Failures: 0, Errors: 0, Skipped: 0, Time elapsed: 24.62 sec - in spoon.test.api.APITest
Running spoon.test.api.NoClasspathTest
Tests run: 3, Failures: 0, Errors: 0, Skipped: 0, Time elapsed: 0.378 sec - in spoon.test.api.NoClasspathTest
Running spoon.test.exceptions.ExceptionTest
Tests run: 5, Failures: 0, Errors: 0, Skipped: 0, Time elapsed: 0.646 sec - in spoon.test.exceptions.ExceptionTest
Running spoon.test.intercession.insertBefore.InsertMethodsTest
Tests run: 9, Failures: 0, Errors: 0, Skipped: 0, Time elapsed: 3.69 sec - in spoon.test.intercession.insertBefore.InsertMethodsTest
Running spoon.test.intercession.IntercessionTest
Tests run: 8, Failures: 0, Errors: 0, Skipped: 1, Time elapsed: 4.288 sec - in spoon.test.intercession.IntercessionTest
Running spoon.test.intercession.RemoveTest
Tests run: 1, Failures: 0, Errors: 0, Skipped: 0, Time elapsed: 0.213 sec - in spoon.test.intercession.RemoveTest
Running spoon.test.intercession.IntercessionContractTest
Tests run: 92, Failures: 0, Errors: 0, Skipped: 0, Time elapsed: 1.291 sec - in spoon.test.intercession.IntercessionContractTest
Running spoon.test.loop.LoopTest
Tests run: 2, Failures: 0, Errors: 0, Skipped: 0, Time elapsed: 0.349 sec - in spoon.test.loop.LoopTest
Running spoon.test.prettyprinter.LinesTest
Tests run: 1, Failures: 0, Errors: 0, Skipped: 0, Time elapsed: 0.174 sec - in spoon.test.prettyprinter.LinesTest
Running spoon.test.prettyprinter.DefaultPrettyPrinterTest
Tests run: 10, Failures: 0, Errors: 0, Skipped: 0, Time elapsed: 1.793 sec - in spoon.test.prettyprinter.DefaultPrettyPrinterTest
Running spoon.test.prettyprinter.PrinterTest
Tests run: 5, Failures: 0, Errors: 0, Skipped: 0, Time elapsed: 2.64 sec - in spoon.test.prettyprinter.PrinterTest
Running spoon.test.prettyprinter.QualifiedThisRefTest
Tests run: 2, Failures: 0, Errors: 0, Skipped: 0, Time elapsed: 0.524 sec - in spoon.test.prettyprinter.QualifiedThisRefTest
Running spoon.test.variable.AccessFullyQualifiedFieldTest
Tests run: 9, Failures: 0, Errors: 0, Skipped: 0, Time elapsed: 3.021 sec - in spoon.test.variable.AccessFullyQualifiedFieldTest
Running spoon.test.variable.AccessTest
Tests run: 8, Failures: 0, Errors: 0, Skipped: 0, Time elapsed: 1.481 sec - in spoon.test.variable.AccessTest
Running spoon.test.visitor.VisitorTest
Tests run: 1, Failures: 0, Errors: 0, Skipped: 0, Time elapsed: 0.178 sec - in spoon.test.visitor.VisitorTest
Running spoon.test.pkg.PackageTest
Tests run: 4, Failures: 0, Errors: 0, Skipped: 0, Time elapsed: 1.634 sec - in spoon.test.pkg.PackageTest
Running spoon.test.annotation.AnnotationTest
Tests run: 35, Failures: 0, Errors: 0, Skipped: 0, Time elapsed: 9.223 sec - in spoon.test.annotation.AnnotationTest
Running spoon.test.annotation.AnnotationValuesTest
Tests run: 6, Failures: 0, Errors: 0, Skipped: 0, Time elapsed: 0.545 sec - in spoon.test.annotation.AnnotationValuesTest
Running spoon.test.annotation.AnnotationLoopTest
Tests run: 1, Failures: 0, Errors: 0, Skipped: 0, Time elapsed: 0.172 sec - in spoon.test.annotation.AnnotationLoopTest
Running spoon.test.comment.CommentTest
Tests run: 11, Failures: 0, Errors: 0, Skipped: 0, Time elapsed: 17.778 sec - in spoon.test.comment.CommentTest
Running spoon.test.processing.ProcessingTest
Tests run: 4, Failures: 0, Errors: 0, Skipped: 0, Time elapsed: 0.349 sec - in spoon.test.processing.ProcessingTest
Running spoon.test.staticFieldAccess2.ImplicitStaticFieldReferenceTest
Tests run: 16, Failures: 0, Errors: 0, Skipped: 0, Time elapsed: 7.503 sec - in spoon.test.staticFieldAccess2.ImplicitStaticFieldReferenceTest
Running spoon.test.imports.ImportTest
Tests run: 24, Failures: 0, Errors: 0, Skipped: 0, Time elapsed: 6.239 sec - in spoon.test.imports.ImportTest
Running spoon.test.imports.ImportScannerTest
Tests run: 3, Failures: 0, Errors: 0, Skipped: 0, Time elapsed: 0.679 sec - in spoon.test.imports.ImportScannerTest
Running spoon.test.imports.ImportAndExtendWithPackageNameTest
Tests run: 1, Failures: 0, Errors: 0, Skipped: 0, Time elapsed: 0.177 sec - in spoon.test.imports.ImportAndExtendWithPackageNameTest
Running spoon.test.factory.FieldFactoryTest
Tests run: 2, Failures: 0, Errors: 0, Skipped: 0, Time elapsed: 0.538 sec - in spoon.test.factory.FieldFactoryTest
Running spoon.test.factory.ClassFactoryTest
Tests run: 2, Failures: 0, Errors: 0, Skipped: 0, Time elapsed: 0 sec - in spoon.test.factory.ClassFactoryTest
Running spoon.test.factory.ExecutableFactoryTest
Tests run: 1, Failures: 0, Errors: 0, Skipped: 0, Time elapsed: 0 sec - in spoon.test.factory.ExecutableFactoryTest
Running spoon.test.factory.AnnotationFactoryTest
Tests run: 1, Failures: 0, Errors: 0, Skipped: 0, Time elapsed: 0.175 sec - in spoon.test.factory.AnnotationFactoryTest
Running spoon.test.factory.FactoryTest
Tests run: 6, Failures: 0, Errors: 0, Skipped: 0, Time elapsed: 2.057 sec - in spoon.test.factory.FactoryTest
Running spoon.test.factory.TypeFactoryTest
Tests run: 3, Failures: 0, Errors: 0, Skipped: 0, Time elapsed: 0.382 sec - in spoon.test.factory.TypeFactoryTest
Running spoon.test.factory.ConstructorFactoryTest
Tests run: 2, Failures: 0, Errors: 0, Skipped: 0, Time elapsed: 0.181 sec - in spoon.test.factory.ConstructorFactoryTest
Running spoon.test.factory.CodeFactoryTest
Tests run: 1, Failures: 0, Errors: 0, Skipped: 0, Time elapsed: 0 sec - in spoon.test.factory.CodeFactoryTest
Running spoon.test.staticFieldAccess.StaticAccessTest
Tests run: 2, Failures: 0, Errors: 0, Skipped: 0, Time elapsed: 0.565 sec - in spoon.test.staticFieldAccess.StaticAccessTest
Running spoon.test.interfaces.InterfaceTest
Tests run: 5, Failures: 0, Errors: 0, Skipped: 0, Time elapsed: 0.929 sec - in spoon.test.interfaces.InterfaceTest
Running spoon.test.reference.VariableAccessTest
Tests run: 9, Failures: 0, Errors: 0, Skipped: 0, Time elapsed: 1.936 sec - in spoon.test.reference.VariableAccessTest
Running spoon.test.reference.CloneReferenceTest
Tests run: 1, Failures: 0, Errors: 0, Skipped: 0, Time elapsed: 0.187 sec - in spoon.test.reference.CloneReferenceTest
Running spoon.test.reference.TypeReferenceTest
Tests run: 26, Failures: 0, Errors: 0, Skipped: 0, Time elapsed: 3.946 sec - in spoon.test.reference.TypeReferenceTest
Running spoon.test.reference.ExecutableReferenceTest
Tests run: 6, Failures: 0, Errors: 0, Skipped: 0, Time elapsed: 1.153 sec - in spoon.test.reference.ExecutableReferenceTest
Running spoon.test.reference.AnnotationFieldReferenceTest
Tests run: 1, Failures: 0, Errors: 0, Skipped: 0, Time elapsed: 0.181 sec - in spoon.test.reference.AnnotationFieldReferenceTest
Running spoon.test.reference.ExecutableReferenceGenericTest
Tests run: 12, Failures: 0, Errors: 0, Skipped: 0, Time elapsed: 2.354 sec - in spoon.test.reference.ExecutableReferenceGenericTest
Running spoon.test.visibility.VisibilityTest
Tests run: 5, Failures: 0, Errors: 0, Skipped: 0, Time elapsed: 1.468 sec - in spoon.test.visibility.VisibilityTest
Running spoon.test.parent.TopLevelTypeTest
Tests run: 1, Failures: 0, Errors: 0, Skipped: 0, Time elapsed: 0.174 sec - in spoon.test.parent.TopLevelTypeTest
Running spoon.test.parent.NullParentTest
Tests run: 8, Failures: 0, Errors: 0, Skipped: 0, Time elapsed: 1.597 sec - in spoon.test.parent.NullParentTest
Running spoon.test.parent.ParentContractTest
Tests run: 59, Failures: 0, Errors: 0, Skipped: 0, Time elapsed: 0.289 sec - in spoon.test.parent.ParentContractTest
Running spoon.test.parent.ParentTest
Tests run: 11, Failures: 0, Errors: 0, Skipped: 1, Time elapsed: 2.751 sec - in spoon.test.parent.ParentTest
Running spoon.test.serializable.SerializableTest
Tests run: 3, Failures: 0, Errors: 0, Skipped: 0, Time elapsed: 0.571 sec - in spoon.test.serializable.SerializableTest
Running spoon.test.generics.GenericsTest
Tests run: 24, Failures: 0, Errors: 0, Skipped: 0, Time elapsed: 4.961 sec - in spoon.test.generics.GenericsTest
Running spoon.test.lambda.LambdaTest
Tests run: 17, Failures: 0, Errors: 0, Skipped: 0, Time elapsed: 4.199 sec - in spoon.test.lambda.LambdaTest
Running spoon.test.properties.PropertiesTest
Tests run: 1, Failures: 0, Errors: 0, Skipped: 0, Time elapsed: 0.171 sec - in spoon.test.properties.PropertiesTest
Running spoon.test.secondaryclasses.ClassesTest
Tests run: 6, Failures: 0, Errors: 0, Skipped: 0, Time elapsed: 1.047 sec - in spoon.test.secondaryclasses.ClassesTest
Running spoon.test.control.ControlTest
Tests run: 2, Failures: 0, Errors: 0, Skipped: 0, Time elapsed: 0.34 sec - in spoon.test.control.ControlTest
Running spoon.test.enums.EnumsTest
Tests run: 4, Failures: 0, Errors: 0, Skipped: 0, Time elapsed: 0.696 sec - in spoon.test.enums.EnumsTest
Running spoon.test.template.TemplateTest
Tests run: 8, Failures: 0, Errors: 0, Skipped: 0, Time elapsed: 3.001 sec - in spoon.test.template.TemplateTest
Running spoon.test.javadoc.JavaDocTest
Tests run: 2, Failures: 0, Errors: 0, Skipped: 0, Time elapsed: 0.342 sec - in spoon.test.javadoc.JavaDocTest
Running spoon.test.ctElement.MetadataTest
Tests run: 1, Failures: 0, Errors: 0, Skipped: 0, Time elapsed: 0.169 sec - in spoon.test.ctElement.MetadataTest
Running spoon.test.methodreference.MethodReferenceTest
Tests run: 10, Failures: 0, Errors: 0, Skipped: 0, Time elapsed: 2.701 sec - in spoon.test.methodreference.MethodReferenceTest
Running spoon.test.type.TypeTest
Tests run: 11, Failures: 0, Errors: 0, Skipped: 0, Time elapsed: 2.192 sec - in spoon.test.type.TypeTest
Running spoon.test.ctBodyHolder.CtBodyHolderTest
Tests run: 6, Failures: 0, Errors: 0, Skipped: 0, Time elapsed: 1.071 sec - in spoon.test.ctBodyHolder.CtBodyHolderTest
Running spoon.test.main.MainTest
Tests run: 6, Failures: 0, Errors: 0, Skipped: 0, Time elapsed: 36.425 sec - in spoon.test.main.MainTest
Running spoon.test.targeted.TargetedExpressionTest
Tests run: 17, Failures: 0, Errors: 0, Skipped: 0, Time elapsed: 4.034 sec - in spoon.test.targeted.TargetedExpressionTest
Running spoon.test.limits.utils.InternalTest
Tests run: 2, Failures: 0, Errors: 0, Skipped: 0, Time elapsed: 0.419 sec - in spoon.test.limits.utils.InternalTest
Running spoon.test.model.TypeTest
Tests run: 7, Failures: 0, Errors: 0, Skipped: 0, Time elapsed: 1.427 sec - in spoon.test.model.TypeTest
Running spoon.test.model.SwitchCaseTest
Tests run: 2, Failures: 0, Errors: 0, Skipped: 0, Time elapsed: 0.4 sec - in spoon.test.model.SwitchCaseTest
Running spoon.test.model.AnonymousExecutableTest
Tests run: 1, Failures: 0, Errors: 0, Skipped: 0, Time elapsed: 0.203 sec - in spoon.test.model.AnonymousExecutableTest
Running spoon.test.model.BlockTest
Tests run: 2, Failures: 0, Errors: 0, Skipped: 0, Time elapsed: 0.399 sec - in spoon.test.model.BlockTest
Running spoon.test.constructorcallnewclass.ConstructorCallTest
Tests run: 6, Failures: 0, Errors: 0, Skipped: 0, Time elapsed: 1.281 sec - in spoon.test.constructorcallnewclass.ConstructorCallTest
Running spoon.test.constructorcallnewclass.NewClassTest
Tests run: 7, Failures: 0, Errors: 0, Skipped: 0, Time elapsed: 2.329 sec - in spoon.test.constructorcallnewclass.NewClassTest
Running spoon.test.ctCase.SwitchCaseTest
Tests run: 2, Failures: 0, Errors: 0, Skipped: 0, Time elapsed: 0.403 sec - in spoon.test.ctCase.SwitchCaseTest
Running spoon.test.fieldaccesses.FieldAccessTest
Tests run: 15, Failures: 0, Errors: 0, Skipped: 0, Time elapsed: 3.066 sec - in spoon.test.fieldaccesses.FieldAccessTest
Running spoon.test.executable.ExecutableRefTest
Tests run: 5, Failures: 0, Errors: 0, Skipped: 0, Time elapsed: 1.237 sec - in spoon.test.executable.ExecutableRefTest
Running spoon.test.executable.ExecutableTest
Tests run: 3, Failures: 0, Errors: 0, Skipped: 0, Time elapsed: 0.595 sec - in spoon.test.executable.ExecutableTest
Running spoon.test.position.PositionTest
Tests run: 7, Failures: 0, Errors: 0, Skipped: 0, Time elapsed: 1.205 sec - in spoon.test.position.PositionTest
Running spoon.test.reflect.visitor.ReferenceQueryTest
Tests run: 1, Failures: 0, Errors: 0, Skipped: 0, Time elapsed: 0.202 sec - in spoon.test.reflect.visitor.ReferenceQueryTest
Running spoon.test.initializers.InitializerTest
Tests run: 2, Failures: 0, Errors: 0, Skipped: 0, Time elapsed: 0.394 sec - in spoon.test.initializers.InitializerTest
Running spoon.test.condition.ConditionalTest
Tests run: 4, Failures: 0, Errors: 0, Skipped: 0, Time elapsed: 0.799 sec - in spoon.test.condition.ConditionalTest
Running spoon.test.trycatch.TryCatchTest
Tests run: 9, Failures: 0, Errors: 0, Skipped: 0, Time elapsed: 2.065 sec - in spoon.test.trycatch.TryCatchTest
Running spoon.test.path.PathTest
Tests run: 6, Failures: 0, Errors: 0, Skipped: 0, Time elapsed: 1.2 sec - in spoon.test.path.PathTest
Running spoon.test.replace.ReplaceParametrizedTest
Tests run: 71, Failures: 0, Errors: 0, Skipped: 0, Time elapsed: 1.094 sec - in spoon.test.replace.ReplaceParametrizedTest
Running spoon.test.replace.ReplaceTest
Tests run: 14, Failures: 0, Errors: 0, Skipped: 0, Time elapsed: 4.262 sec - in spoon.test.replace.ReplaceTest
Running spoon.test.casts.CastTest
Tests run: 5, Failures: 0, Errors: 0, Skipped: 0, Time elapsed: 1.028 sec - in spoon.test.casts.CastTest
Running spoon.test.varargs.VarArgsTest
Tests run: 1, Failures: 0, Errors: 0, Skipped: 0, Time elapsed: 0.207 sec - in spoon.test.varargs.VarArgsTest
Running spoon.test.strings.StringLiteralTest
Tests run: 1, Failures: 0, Errors: 0, Skipped: 0, Time elapsed: 0.211 sec - in spoon.test.strings.StringLiteralTest
Running spoon.test.strings.StringTest
Tests run: 1, Failures: 0, Errors: 0, Skipped: 0, Time elapsed: 0.21 sec - in spoon.test.strings.StringTest
Running spoon.test.arrays.ArraysTest
Tests run: 4, Failures: 0, Errors: 0, Skipped: 0, Time elapsed: 2.059 sec - in spoon.test.arrays.ArraysTest
Running spoon.test.invocations.InvocationTest
Tests run: 2, Failures: 0, Errors: 0, Skipped: 0, Time elapsed: 0.733 sec - in spoon.test.invocations.InvocationTest
Running spoon.test.compilation.CompilationTest
>> Hello: Bar <<
>> Hello: FooEx <<
>> Hello: IBar <<
>> Hello: SimpleProcessor <<
Tests run: 10, Failures: 0, Errors: 0, Skipped: 0, Time elapsed: 6.509 sec - in spoon.test.compilation.CompilationTest
Running spoon.test.field.FieldTest
Tests run: 3, Failures: 0, Errors: 0, Skipped: 0, Time elapsed: 0.407 sec - in spoon.test.field.FieldTest
Running spoon.test.ctType.CtTypeTest
Tests run: 6, Failures: 0, Errors: 0, Skipped: 0, Time elapsed: 1.417 sec - in spoon.test.ctType.CtTypeTest
Running spoon.test.support.ResourceTest
Tests run: 4, Failures: 0, Errors: 0, Skipped: 0, Time elapsed: 0.679 sec - in spoon.test.support.ResourceTest
Running spoon.test.refactoring.RefactoringTest
Tests run: 4, Failures: 0, Errors: 0, Skipped: 0, Time elapsed: 1.031 sec - in spoon.test.refactoring.RefactoringTest
Running spoon.test.constructor.ConstructorTest
Tests run: 6, Failures: 0, Errors: 0, Skipped: 0, Time elapsed: 1.46 sec - in spoon.test.constructor.ConstructorTest
Running spoon.test.parameters.ParameterTest
Tests run: 3, Failures: 0, Errors: 0, Skipped: 0, Time elapsed: 0.655 sec - in spoon.test.parameters.ParameterTest
Running spoon.test.delete.DeleteTest
Tests run: 14, Failures: 0, Errors: 0, Skipped: 0, Time elapsed: 2.844 sec - in spoon.test.delete.DeleteTest
Running spoon.test.filters.FilterTest
2020-03-15 05:34:56,811 INFO spoon.Launcher - Spoon version 5.6.0-SNAPSHOT
2020-03-15 05:34:56,814 INFO spoon.Launcher - running Spoon...
2020-03-15 05:34:56,814 INFO spoon.Launcher - start processing...
2020-03-15 05:34:57,016 INFO spoon.Launcher - end of processing: 
2020-03-15 05:34:57,016 INFO spoon.Launcher - no errors, no warnings
2020-03-15 05:34:58,033 INFO spoon.Launcher - Spoon version 5.6.0-SNAPSHOT
2020-03-15 05:34:58,033 INFO spoon.Launcher - running Spoon...
2020-03-15 05:34:58,034 INFO spoon.Launcher - start processing...
2020-03-15 05:34:58,240 INFO spoon.Launcher - end of processing: 
2020-03-15 05:34:58,241 INFO spoon.Launcher - no errors, no warnings
2020-03-15 05:35:01,017 INFO spoon.Launcher - Spoon version 5.6.0-SNAPSHOT
2020-03-15 05:35:01,017 INFO spoon.Launcher - running Spoon...
2020-03-15 05:35:01,018 INFO spoon.Launcher - start processing...
2020-03-15 05:35:01,222 INFO spoon.Launcher - end of processing: 
2020-03-15 05:35:01,222 INFO spoon.Launcher - no errors, no warnings
2020-03-15 05:35:02,321 INFO spoon.Launcher - Spoon version 5.6.0-SNAPSHOT
2020-03-15 05:35:02,322 INFO spoon.Launcher - running Spoon...
2020-03-15 05:35:02,322 INFO spoon.Launcher - start processing...
2020-03-15 05:35:02,528 INFO spoon.Launcher - end of processing: 
2020-03-15 05:35:02,529 INFO spoon.Launcher - no errors, no warnings
2020-03-15 05:35:02,748 INFO spoon.Launcher - Spoon version 5.6.0-SNAPSHOT
2020-03-15 05:35:02,748 INFO spoon.Launcher - running Spoon...
2020-03-15 05:35:02,748 INFO spoon.Launcher - start processing...
2020-03-15 05:35:02,959 INFO spoon.Launcher - end of processing: 
2020-03-15 05:35:02,959 INFO spoon.Launcher - no errors, no warnings
2020-03-15 05:35:03,960 INFO spoon.Launcher - Spoon version 5.6.0-SNAPSHOT
2020-03-15 05:35:03,960 INFO spoon.Launcher - running Spoon...
2020-03-15 05:35:03,960 INFO spoon.Launcher - start processing...
2020-03-15 05:35:04,164 INFO spoon.Launcher - end of processing: 
2020-03-15 05:35:04,164 INFO spoon.Launcher - no errors, no warnings
2020-03-15 05:35:04,366 INFO spoon.Launcher - Spoon version 5.6.0-SNAPSHOT
2020-03-15 05:35:04,366 INFO spoon.Launcher - running Spoon...
2020-03-15 05:35:04,367 INFO spoon.Launcher - start processing...
2020-03-15 05:35:04,567 INFO spoon.Launcher - end of processing: 
2020-03-15 05:35:04,567 INFO spoon.Launcher - no errors, no warnings
2020-03-15 05:35:05,811 INFO spoon.Launcher - Spoon version 5.6.0-SNAPSHOT
2020-03-15 05:35:05,811 INFO spoon.Launcher - running Spoon...
2020-03-15 05:35:05,811 INFO spoon.Launcher - start processing...
2020-03-15 05:35:06,020 INFO spoon.Launcher - end of processing: 
2020-03-15 05:35:06,020 INFO spoon.Launcher - no errors, no warnings
2020-03-15 05:35:07,443 INFO spoon.Launcher - Spoon version 5.6.0-SNAPSHOT
2020-03-15 05:35:07,444 INFO spoon.Launcher - running Spoon...
2020-03-15 05:35:07,444 INFO spoon.Launcher - start processing...
2020-03-15 05:35:07,646 INFO spoon.Launcher - end of processing: 
2020-03-15 05:35:07,646 INFO spoon.Launcher - no errors, no warnings
2020-03-15 05:35:07,650 INFO spoon.Launcher - Step filter CtClass only) received
Parameter 1) CtRootPackage: unnamed package
2020-03-15 05:35:07,650 INFO spoon.Launcher - Step filter CtClass only) spoon.reflect.CtModelImpl$CtRootPackage cannot be cast to spoon.reflect.declaration.CtClass
Parameter 1) CtRootPackage: unnamed package
2020-03-15 05:35:07,651 INFO spoon.Launcher - Step filter CtClass only) spoon.support.reflect.declaration.CtPackageImpl cannot be cast to spoon.reflect.declaration.CtClass
Parameter 1) CtPackageImpl: spoon
2020-03-15 05:35:07,651 INFO spoon.Launcher - Step filter CtClass only) spoon.support.reflect.declaration.CtPackageImpl cannot be cast to spoon.reflect.declaration.CtClass
Parameter 1) CtPackageImpl: spoon.test
2020-03-15 05:35:07,651 INFO spoon.Launcher - Step filter CtClass only) spoon.support.reflect.declaration.CtPackageImpl cannot be cast to spoon.reflect.declaration.CtClass
Parameter 1) CtPackageImpl: spoon.test.filters
2020-03-15 05:35:07,651 INFO spoon.Launcher - Step filter CtClass only) spoon.support.reflect.declaration.CtPackageImpl cannot be cast to spoon.reflect.declaration.CtClass
Parameter 1) CtPackageImpl: spoon.test.filters.testclasses
2020-03-15 05:35:07,651 INFO spoon.Launcher - Step super interfaces) received
Parameter 1) CtClassImpl: public abstract class AbstractTostada implements spoon.test.filters.testclasses.ITostada {
    @java.lang.Override
    public spoon.test.filters.testclasses.ITostada make() {
        return new spoon.test.filters.testclasses.Tostada() {
            @java.lang.Override
            public void prepare() {
                super.prepare();
            }

            @java.lang.Override
            public spoon.test.filters.testclasses.ITostada make() {
                return super.make();
            }
        };
    }

    public abstract void prepare();
}
2020-03-15 05:35:07,652 INFO spoon.Launcher - Step 3) received
Parameter 1) CtTypeReferenceImpl: spoon.test.filters.testclasses.ITostada
2020-03-15 05:35:07,652 INFO spoon.Launcher - Step allMethods if interface) received
Parameter 1) CtInterfaceImpl: public interface ITostada {
    spoon.test.filters.testclasses.ITostada make();
}
2020-03-15 05:35:07,652 INFO spoon.Launcher - Step 5) received
Parameter 1) CtMethodImpl: spoon.test.filters.testclasses.ITostada make();
2020-03-15 05:35:07,652 INFO spoon.Launcher - Step 6) received
Parameter 1) CtMethodImpl: spoon.test.filters.testclasses.ITostada make();
2020-03-15 05:35:07,652 INFO spoon.Launcher - Step 7) received
Parameter 1) CtTypeReferenceImpl: spoon.test.filters.testclasses.ITostada
2020-03-15 05:35:07,653 INFO spoon.Launcher - Step outputConsumer) returning
Parameter 1) CtInterfaceImpl: public interface ITostada {
    spoon.test.filters.testclasses.ITostada make();
}
2020-03-15 05:35:07,653 INFO spoon.Launcher - Step filter CtClass only) spoon.support.reflect.reference.CtTypeReferenceImpl cannot be cast to spoon.reflect.declaration.CtClass
Parameter 1) CtTypeReferenceImpl: spoon.test.filters.testclasses.ITostada
2020-03-15 05:35:07,653 INFO spoon.Launcher - Step filter CtClass only) spoon.support.reflect.reference.CtPackageReferenceImpl cannot be cast to spoon.reflect.declaration.CtClass
Parameter 1) CtPackageReferenceImpl: spoon.test.filters.testclasses
2020-03-15 05:35:07,653 INFO spoon.Launcher - Step filter CtClass only) spoon.support.reflect.declaration.CtConstructorImpl cannot be cast to spoon.reflect.declaration.CtClass
Parameter 1) CtConstructorImpl: public AbstractTostada() {
}
2020-03-15 05:35:07,653 INFO spoon.Launcher - Step filter CtClass only) spoon.support.reflect.code.CtBlockImpl cannot be cast to spoon.reflect.declaration.CtClass
Parameter 1) CtBlockImpl: {
}
2020-03-15 05:35:07,654 INFO spoon.Launcher - Step filter CtClass only) spoon.support.reflect.code.CtInvocationImpl cannot be cast to spoon.reflect.declaration.CtClass
Parameter 1) CtInvocationImpl: super()
2020-03-15 05:35:07,654 INFO spoon.Launcher - Step filter CtClass only) spoon.support.reflect.reference.CtExecutableReferenceImpl cannot be cast to spoon.reflect.declaration.CtClass
Parameter 1) CtExecutableReferenceImpl: java.lang.Object#Object()
2020-03-15 05:35:07,654 INFO spoon.Launcher - Step filter CtClass only) spoon.support.reflect.reference.CtTypeReferenceImpl cannot be cast to spoon.reflect.declaration.CtClass
Parameter 1) CtTypeReferenceImpl: java.lang.Object
2020-03-15 05:35:07,654 INFO spoon.Launcher - Step filter CtClass only) spoon.support.reflect.reference.CtPackageReferenceImpl cannot be cast to spoon.reflect.declaration.CtClass
Parameter 1) CtPackageReferenceImpl: java.lang
2020-03-15 05:35:07,654 INFO spoon.Launcher - Step filter CtClass only) spoon.support.reflect.reference.CtTypeReferenceImpl cannot be cast to spoon.reflect.declaration.CtClass
Parameter 1) CtTypeReferenceImpl: java.lang.Object
2020-03-15 05:35:07,655 INFO spoon.Launcher - Step filter CtClass only) spoon.support.reflect.reference.CtPackageReferenceImpl cannot be cast to spoon.reflect.declaration.CtClass
Parameter 1) CtPackageReferenceImpl: java.lang
2020-03-15 05:35:07,655 INFO spoon.Launcher - Step filter CtClass only) spoon.support.reflect.declaration.CtMethodImpl cannot be cast to spoon.reflect.declaration.CtClass
Parameter 1) CtMethodImpl: @java.lang.Override
public spoon.test.filters.testclasses.ITostada make() {
    return new spoon.test.filters.testclasses.Tostada() {
        @java.lang.Override
        public void prepare() {
            super.prepare();
        }

        @java.lang.Override
        public spoon.test.filters.testclasses.ITostada make() {
            return super.make();
        }
    };
}
2020-03-15 05:35:07,655 INFO spoon.Launcher - Step filter CtClass only) spoon.support.reflect.declaration.CtAnnotationImpl cannot be cast to spoon.reflect.declaration.CtClass
Parameter 1) CtAnnotationImpl: @java.lang.Override

2020-03-15 05:35:07,655 INFO spoon.Launcher - Step filter CtClass only) spoon.support.reflect.reference.CtTypeReferenceImpl cannot be cast to spoon.reflect.declaration.CtClass
Parameter 1) CtTypeReferenceImpl: java.lang.Override
2020-03-15 05:35:07,655 INFO spoon.Launcher - Step filter CtClass only) spoon.support.reflect.reference.CtPackageReferenceImpl cannot be cast to spoon.reflect.declaration.CtClass
Parameter 1) CtPackageReferenceImpl: java.lang
2020-03-15 05:35:07,656 INFO spoon.Launcher - Step filter CtClass only) spoon.support.reflect.reference.CtTypeReferenceImpl cannot be cast to spoon.reflect.declaration.CtClass
Parameter 1) CtTypeReferenceImpl: java.lang.Override
2020-03-15 05:35:07,656 INFO spoon.Launcher - Step filter CtClass only) spoon.support.reflect.reference.CtPackageReferenceImpl cannot be cast to spoon.reflect.declaration.CtClass
Parameter 1) CtPackageReferenceImpl: java.lang
2020-03-15 05:35:07,656 INFO spoon.Launcher - Step filter CtClass only) spoon.support.reflect.reference.CtTypeReferenceImpl cannot be cast to spoon.reflect.declaration.CtClass
Parameter 1) CtTypeReferenceImpl: spoon.test.filters.testclasses.ITostada
2020-03-15 05:35:07,656 INFO spoon.Launcher - Step filter CtClass only) spoon.support.reflect.reference.CtPackageReferenceImpl cannot be cast to spoon.reflect.declaration.CtClass
Parameter 1) CtPackageReferenceImpl: spoon.test.filters.testclasses
2020-03-15 05:35:07,656 INFO spoon.Launcher - Step filter CtClass only) spoon.support.reflect.code.CtBlockImpl cannot be cast to spoon.reflect.declaration.CtClass
Parameter 1) CtBlockImpl: {
    return new spoon.test.filters.testclasses.Tostada() {
        @java.lang.Override
        public void prepare() {
            super.prepare();
        }

        @java.lang.Override
        public spoon.test.filters.testclasses.ITostada make() {
            return super.make();
        }
    };
}
2020-03-15 05:35:07,656 INFO spoon.Launcher - Step filter CtClass only) spoon.support.reflect.code.CtReturnImpl cannot be cast to spoon.reflect.declaration.CtClass
Parameter 1) CtReturnImpl: return new spoon.test.filters.testclasses.Tostada() {
    @java.lang.Override
    public void prepare() {
        super.prepare();
    }

    @java.lang.Override
    public spoon.test.filters.testclasses.ITostada make() {
        return super.make();
    }
}
2020-03-15 05:35:07,657 INFO spoon.Launcher - Step filter CtClass only) spoon.support.reflect.code.CtNewClassImpl cannot be cast to spoon.reflect.declaration.CtClass
Parameter 1) CtNewClassImpl: new spoon.test.filters.testclasses.Tostada() {
    @java.lang.Override
    public void prepare() {
        super.prepare();
    }

    @java.lang.Override
    public spoon.test.filters.testclasses.ITostada make() {
        return super.make();
    }
}
2020-03-15 05:35:07,657 INFO spoon.Launcher - Step filter CtClass only) spoon.support.reflect.reference.CtExecutableReferenceImpl cannot be cast to spoon.reflect.declaration.CtClass
Parameter 1) CtExecutableReferenceImpl: spoon.test.filters.testclasses.AbstractTostada$1#1()
2020-03-15 05:35:07,658 INFO spoon.Launcher - Step filter CtClass only) spoon.support.reflect.reference.CtTypeReferenceImpl cannot be cast to spoon.reflect.declaration.CtClass
Parameter 1) CtTypeReferenceImpl: spoon.test.filters.testclasses.AbstractTostada.1
2020-03-15 05:35:07,658 INFO spoon.Launcher - Step filter CtClass only) spoon.support.reflect.reference.CtTypeReferenceImpl cannot be cast to spoon.reflect.declaration.CtClass
Parameter 1) CtTypeReferenceImpl: spoon.test.filters.testclasses.AbstractTostada
2020-03-15 05:35:07,659 INFO spoon.Launcher - Step filter CtClass only) spoon.support.reflect.reference.CtPackageReferenceImpl cannot be cast to spoon.reflect.declaration.CtClass
Parameter 1) CtPackageReferenceImpl: spoon.test.filters.testclasses
2020-03-15 05:35:07,659 INFO spoon.Launcher - Step filter CtClass only) spoon.support.reflect.reference.CtTypeReferenceImpl cannot be cast to spoon.reflect.declaration.CtClass
Parameter 1) CtTypeReferenceImpl: spoon.test.filters.testclasses.Tostada
2020-03-15 05:35:07,659 INFO spoon.Launcher - Step filter CtClass only) spoon.support.reflect.reference.CtPackageReferenceImpl cannot be cast to spoon.reflect.declaration.CtClass
Parameter 1) CtPackageReferenceImpl: spoon.test.filters.testclasses
2020-03-15 05:35:07,659 INFO spoon.Launcher - Step super interfaces) received
Parameter 1) CtClassImpl:  {
    @java.lang.Override
    public void prepare() {
        super.prepare();
    }

    @java.lang.Override
    public spoon.test.filters.testclasses.ITostada make() {
        return super.make();
    }
}
2020-03-15 05:35:07,659 INFO spoon.Launcher - Step filter CtClass only) spoon.support.reflect.reference.CtTypeReferenceImpl cannot be cast to spoon.reflect.declaration.CtClass
Parameter 1) CtTypeReferenceImpl: spoon.test.filters.testclasses.Tostada
2020-03-15 05:35:07,659 INFO spoon.Launcher - Step filter CtClass only) spoon.support.reflect.reference.CtPackageReferenceImpl cannot be cast to spoon.reflect.declaration.CtClass
Parameter 1) CtPackageReferenceImpl: spoon.test.filters.testclasses
2020-03-15 05:35:07,660 INFO spoon.Launcher - Step filter CtClass only) spoon.support.reflect.declaration.CtConstructorImpl cannot be cast to spoon.reflect.declaration.CtClass
Parameter 1) CtConstructorImpl: 1() {
}
2020-03-15 05:35:07,660 INFO spoon.Launcher - Step filter CtClass only) spoon.support.reflect.code.CtBlockImpl cannot be cast to spoon.reflect.declaration.CtClass
Parameter 1) CtBlockImpl: {
}
2020-03-15 05:35:07,660 INFO spoon.Launcher - Step filter CtClass only) spoon.support.reflect.code.CtInvocationImpl cannot be cast to spoon.reflect.declaration.CtClass
Parameter 1) CtInvocationImpl: super()
2020-03-15 05:35:07,660 INFO spoon.Launcher - Step filter CtClass only) spoon.support.reflect.reference.CtExecutableReferenceImpl cannot be cast to spoon.reflect.declaration.CtClass
Parameter 1) CtExecutableReferenceImpl: spoon.test.filters.testclasses.Tostada#Tostada()
2020-03-15 05:35:07,660 INFO spoon.Launcher - Step filter CtClass only) spoon.support.reflect.reference.CtTypeReferenceImpl cannot be cast to spoon.reflect.declaration.CtClass
Parameter 1) CtTypeReferenceImpl: spoon.test.filters.testclasses.Tostada
2020-03-15 05:35:07,661 INFO spoon.Launcher - Step filter CtClass only) spoon.support.reflect.reference.CtPackageReferenceImpl cannot be cast to spoon.reflect.declaration.CtClass
Parameter 1) CtPackageReferenceImpl: spoon.test.filters.testclasses
2020-03-15 05:35:07,661 INFO spoon.Launcher - Step filter CtClass only) spoon.support.reflect.reference.CtTypeReferenceImpl cannot be cast to spoon.reflect.declaration.CtClass
Parameter 1) CtTypeReferenceImpl: spoon.test.filters.testclasses.Tostada
2020-03-15 05:35:07,661 INFO spoon.Launcher - Step filter CtClass only) spoon.support.reflect.reference.CtPackageReferenceImpl cannot be cast to spoon.reflect.declaration.CtClass
Parameter 1) CtPackageReferenceImpl: spoon.test.filters.testclasses
2020-03-15 05:35:07,661 INFO spoon.Launcher - Step filter CtClass only) spoon.support.reflect.declaration.CtMethodImpl cannot be cast to spoon.reflect.declaration.CtClass
Parameter 1) CtMethodImpl: @java.lang.Override
public void prepare() {
    super.prepare();
}
2020-03-15 05:35:07,661 INFO spoon.Launcher - Step filter CtClass only) spoon.support.reflect.declaration.CtAnnotationImpl cannot be cast to spoon.reflect.declaration.CtClass
Parameter 1) CtAnnotationImpl: @java.lang.Override

2020-03-15 05:35:07,661 INFO spoon.Launcher - Step filter CtClass only) spoon.support.reflect.reference.CtTypeReferenceImpl cannot be cast to spoon.reflect.declaration.CtClass
Parameter 1) CtTypeReferenceImpl: java.lang.Override
2020-03-15 05:35:07,662 INFO spoon.Launcher - Step filter CtClass only) spoon.support.reflect.reference.CtPackageReferenceImpl cannot be cast to spoon.reflect.declaration.CtClass
Parameter 1) CtPackageReferenceImpl: java.lang
2020-03-15 05:35:07,662 INFO spoon.Launcher - Step filter CtClass only) spoon.support.reflect.reference.CtTypeReferenceImpl cannot be cast to spoon.reflect.declaration.CtClass
Parameter 1) CtTypeReferenceImpl: java.lang.Override
2020-03-15 05:35:07,662 INFO spoon.Launcher - Step filter CtClass only) spoon.support.reflect.reference.CtPackageReferenceImpl cannot be cast to spoon.reflect.declaration.CtClass
Parameter 1) CtPackageReferenceImpl: java.lang
2020-03-15 05:35:07,662 INFO spoon.Launcher - Step filter CtClass only) spoon.support.reflect.reference.CtTypeReferenceImpl cannot be cast to spoon.reflect.declaration.CtClass
Parameter 1) CtTypeReferenceImpl: void
2020-03-15 05:35:07,662 INFO spoon.Launcher - Step filter CtClass only) spoon.support.reflect.code.CtBlockImpl cannot be cast to spoon.reflect.declaration.CtClass
Parameter 1) CtBlockImpl: {
    super.prepare();
}
2020-03-15 05:35:07,662 INFO spoon.Launcher - Step filter CtClass only) spoon.support.reflect.code.CtInvocationImpl cannot be cast to spoon.reflect.declaration.CtClass
Parameter 1) CtInvocationImpl: super.prepare()
2020-03-15 05:35:07,663 INFO spoon.Launcher - Step filter CtClass only) spoon.support.reflect.code.CtSuperAccessImpl cannot be cast to spoon.reflect.declaration.CtClass
Parameter 1) CtSuperAccessImpl: super
2020-03-15 05:35:07,663 INFO spoon.Launcher - Step filter CtClass only) spoon.support.reflect.reference.CtLocalVariableReferenceImpl cannot be cast to spoon.reflect.declaration.CtClass
Parameter 1) CtLocalVariableReferenceImpl: 
2020-03-15 05:35:07,663 INFO spoon.Launcher - Step filter CtClass only) spoon.support.reflect.reference.CtExecutableReferenceImpl cannot be cast to spoon.reflect.declaration.CtClass
Parameter 1) CtExecutableReferenceImpl: spoon.test.filters.testclasses.Tostada#prepare()
2020-03-15 05:35:07,663 INFO spoon.Launcher - Step filter CtClass only) spoon.support.reflect.reference.CtTypeReferenceImpl cannot be cast to spoon.reflect.declaration.CtClass
Parameter 1) CtTypeReferenceImpl: spoon.test.filters.testclasses.Tostada
2020-03-15 05:35:07,663 INFO spoon.Launcher - Step filter CtClass only) spoon.support.reflect.reference.CtPackageReferenceImpl cannot be cast to spoon.reflect.declaration.CtClass
Parameter 1) CtPackageReferenceImpl: spoon.test.filters.testclasses
2020-03-15 05:35:07,663 INFO spoon.Launcher - Step filter CtClass only) spoon.support.reflect.reference.CtTypeReferenceImpl cannot be cast to spoon.reflect.declaration.CtClass
Parameter 1) CtTypeReferenceImpl: void
2020-03-15 05:35:07,664 INFO spoon.Launcher - Step filter CtClass only) spoon.support.reflect.declaration.CtMethodImpl cannot be cast to spoon.reflect.declaration.CtClass
Parameter 1) CtMethodImpl: @java.lang.Override
public spoon.test.filters.testclasses.ITostada make() {
    return super.make();
}
2020-03-15 05:35:07,664 INFO spoon.Launcher - Step filter CtClass only) spoon.support.reflect.declaration.CtAnnotationImpl cannot be cast to spoon.reflect.declaration.CtClass
Parameter 1) CtAnnotationImpl: @java.lang.Override

2020-03-15 05:35:07,664 INFO spoon.Launcher - Step filter CtClass only) spoon.support.reflect.reference.CtTypeReferenceImpl cannot be cast to spoon.reflect.declaration.CtClass
Parameter 1) CtTypeReferenceImpl: java.lang.Override
2020-03-15 05:35:07,664 INFO spoon.Launcher - Step filter CtClass only) spoon.support.reflect.reference.CtPackageReferenceImpl cannot be cast to spoon.reflect.declaration.CtClass
Parameter 1) CtPackageReferenceImpl: java.lang
2020-03-15 05:35:07,664 INFO spoon.Launcher - Step filter CtClass only) spoon.support.reflect.reference.CtTypeReferenceImpl cannot be cast to spoon.reflect.declaration.CtClass
Parameter 1) CtTypeReferenceImpl: java.lang.Override
2020-03-15 05:35:07,664 INFO spoon.Launcher - Step filter CtClass only) spoon.support.reflect.reference.CtPackageReferenceImpl cannot be cast to spoon.reflect.declaration.CtClass
Parameter 1) CtPackageReferenceImpl: java.lang
2020-03-15 05:35:07,665 INFO spoon.Launcher - Step filter CtClass only) spoon.support.reflect.reference.CtTypeReferenceImpl cannot be cast to spoon.reflect.declaration.CtClass
Parameter 1) CtTypeReferenceImpl: spoon.test.filters.testclasses.ITostada
2020-03-15 05:35:07,665 INFO spoon.Launcher - Step filter CtClass only) spoon.support.reflect.reference.CtPackageReferenceImpl cannot be cast to spoon.reflect.declaration.CtClass
Parameter 1) CtPackageReferenceImpl: spoon.test.filters.testclasses
2020-03-15 05:35:07,665 INFO spoon.Launcher - Step filter CtClass only) spoon.support.reflect.code.CtBlockImpl cannot be cast to spoon.reflect.declaration.CtClass
Parameter 1) CtBlockImpl: {
    return super.make();
}
2020-03-15 05:35:07,665 INFO spoon.Launcher - Step filter CtClass only) spoon.support.reflect.code.CtReturnImpl cannot be cast to spoon.reflect.declaration.CtClass
Parameter 1) CtReturnImpl: return super.make()
2020-03-15 05:35:07,665 INFO spoon.Launcher - Step filter CtClass only) spoon.support.reflect.code.CtInvocationImpl cannot be cast to spoon.reflect.declaration.CtClass
Parameter 1) CtInvocationImpl: super.make()
2020-03-15 05:35:07,666 INFO spoon.Launcher - Step filter CtClass only) spoon.support.reflect.code.CtSuperAccessImpl cannot be cast to spoon.reflect.declaration.CtClass
Parameter 1) CtSuperAccessImpl: super
2020-03-15 05:35:07,666 INFO spoon.Launcher - Step filter CtClass only) spoon.support.reflect.reference.CtLocalVariableReferenceImpl cannot be cast to spoon.reflect.declaration.CtClass
Parameter 1) CtLocalVariableReferenceImpl: 
2020-03-15 05:35:07,666 INFO spoon.Launcher - Step filter CtClass only) spoon.support.reflect.reference.CtExecutableReferenceImpl cannot be cast to spoon.reflect.declaration.CtClass
Parameter 1) CtExecutableReferenceImpl: spoon.test.filters.testclasses.Tostada#make()
2020-03-15 05:35:07,666 INFO spoon.Launcher - Step filter CtClass only) spoon.support.reflect.reference.CtTypeReferenceImpl cannot be cast to spoon.reflect.declaration.CtClass
Parameter 1) CtTypeReferenceImpl: spoon.test.filters.testclasses.Tostada
2020-03-15 05:35:07,666 INFO spoon.Launcher - Step filter CtClass only) spoon.support.reflect.reference.CtPackageReferenceImpl cannot be cast to spoon.reflect.declaration.CtClass
Parameter 1) CtPackageReferenceImpl: spoon.test.filters.testclasses
2020-03-15 05:35:07,666 INFO spoon.Launcher - Step filter CtClass only) spoon.support.reflect.reference.CtTypeReferenceImpl cannot be cast to spoon.reflect.declaration.CtClass
Parameter 1) CtTypeReferenceImpl: spoon.test.filters.testclasses.ITostada
2020-03-15 05:35:07,667 INFO spoon.Launcher - Step filter CtClass only) spoon.support.reflect.reference.CtPackageReferenceImpl cannot be cast to spoon.reflect.declaration.CtClass
Parameter 1) CtPackageReferenceImpl: spoon.test.filters.testclasses
2020-03-15 05:35:07,667 INFO spoon.Launcher - Step filter CtClass only) spoon.support.reflect.declaration.CtMethodImpl cannot be cast to spoon.reflect.declaration.CtClass
Parameter 1) CtMethodImpl: public abstract void prepare();
2020-03-15 05:35:07,667 INFO spoon.Launcher - Step filter CtClass only) spoon.support.reflect.reference.CtTypeReferenceImpl cannot be cast to spoon.reflect.declaration.CtClass
Parameter 1) CtTypeReferenceImpl: void
2020-03-15 05:35:07,667 INFO spoon.Launcher - Step super interfaces) received
Parameter 1) CtClassImpl: public class Antojito extends spoon.test.filters.testclasses.AbstractTostada {
    @java.lang.Override
    public void prepare() {
        java.lang.System.out.println("Antojito");
    }

    public void prepare(java.lang.String ingredient) {
    }
}
2020-03-15 05:35:07,667 INFO spoon.Launcher - Step filter CtClass only) spoon.support.reflect.reference.CtTypeReferenceImpl cannot be cast to spoon.reflect.declaration.CtClass
Parameter 1) CtTypeReferenceImpl: spoon.test.filters.testclasses.AbstractTostada
2020-03-15 05:35:07,668 INFO spoon.Launcher - Step filter CtClass only) spoon.support.reflect.reference.CtPackageReferenceImpl cannot be cast to spoon.reflect.declaration.CtClass
Parameter 1) CtPackageReferenceImpl: spoon.test.filters.testclasses
2020-03-15 05:35:07,668 INFO spoon.Launcher - Step filter CtClass only) spoon.support.reflect.declaration.CtConstructorImpl cannot be cast to spoon.reflect.declaration.CtClass
Parameter 1) CtConstructorImpl: public Antojito() {
}
2020-03-15 05:35:07,668 INFO spoon.Launcher - Step filter CtClass only) spoon.support.reflect.code.CtBlockImpl cannot be cast to spoon.reflect.declaration.CtClass
Parameter 1) CtBlockImpl: {
}
2020-03-15 05:35:07,668 INFO spoon.Launcher - Step filter CtClass only) spoon.support.reflect.code.CtInvocationImpl cannot be cast to spoon.reflect.declaration.CtClass
Parameter 1) CtInvocationImpl: super()
2020-03-15 05:35:07,668 INFO spoon.Launcher - Step filter CtClass only) spoon.support.reflect.reference.CtExecutableReferenceImpl cannot be cast to spoon.reflect.declaration.CtClass
Parameter 1) CtExecutableReferenceImpl: spoon.test.filters.testclasses.AbstractTostada#AbstractTostada()
2020-03-15 05:35:07,668 INFO spoon.Launcher - Step filter CtClass only) spoon.support.reflect.reference.CtTypeReferenceImpl cannot be cast to spoon.reflect.declaration.CtClass
Parameter 1) CtTypeReferenceImpl: spoon.test.filters.testclasses.AbstractTostada
2020-03-15 05:35:07,669 INFO spoon.Launcher - Step filter CtClass only) spoon.support.reflect.reference.CtPackageReferenceImpl cannot be cast to spoon.reflect.declaration.CtClass
Parameter 1) CtPackageReferenceImpl: spoon.test.filters.testclasses
2020-03-15 05:35:07,669 INFO spoon.Launcher - Step filter CtClass only) spoon.support.reflect.reference.CtTypeReferenceImpl cannot be cast to spoon.reflect.declaration.CtClass
Parameter 1) CtTypeReferenceImpl: spoon.test.filters.testclasses.AbstractTostada
2020-03-15 05:35:07,669 INFO spoon.Launcher - Step filter CtClass only) spoon.support.reflect.reference.CtPackageReferenceImpl cannot be cast to spoon.reflect.declaration.CtClass
Parameter 1) CtPackageReferenceImpl: spoon.test.filters.testclasses
2020-03-15 05:35:07,669 INFO spoon.Launcher - Step filter CtClass only) spoon.support.reflect.declaration.CtMethodImpl cannot be cast to spoon.reflect.declaration.CtClass
Parameter 1) CtMethodImpl: @java.lang.Override
public void prepare() {
    java.lang.System.out.println("Antojito");
}
2020-03-15 05:35:07,669 INFO spoon.Launcher - Step filter CtClass only) spoon.support.reflect.declaration.CtAnnotationImpl cannot be cast to spoon.reflect.declaration.CtClass
Parameter 1) CtAnnotationImpl: @java.lang.Override

2020-03-15 05:35:07,669 INFO spoon.Launcher - Step filter CtClass only) spoon.support.reflect.reference.CtTypeReferenceImpl cannot be cast to spoon.reflect.declaration.CtClass
Parameter 1) CtTypeReferenceImpl: java.lang.Override
2020-03-15 05:35:07,669 INFO spoon.Launcher - Step filter CtClass only) spoon.support.reflect.reference.CtPackageReferenceImpl cannot be cast to spoon.reflect.declaration.CtClass
Parameter 1) CtPackageReferenceImpl: java.lang
2020-03-15 05:35:07,670 INFO spoon.Launcher - Step filter CtClass only) spoon.support.reflect.reference.CtTypeReferenceImpl cannot be cast to spoon.reflect.declaration.CtClass
Parameter 1) CtTypeReferenceImpl: java.lang.Override
2020-03-15 05:35:07,670 INFO spoon.Launcher - Step filter CtClass only) spoon.support.reflect.reference.CtPackageReferenceImpl cannot be cast to spoon.reflect.declaration.CtClass
Parameter 1) CtPackageReferenceImpl: java.lang
2020-03-15 05:35:07,670 INFO spoon.Launcher - Step filter CtClass only) spoon.support.reflect.reference.CtTypeReferenceImpl cannot be cast to spoon.reflect.declaration.CtClass
Parameter 1) CtTypeReferenceImpl: void
2020-03-15 05:35:07,670 INFO spoon.Launcher - Step filter CtClass only) spoon.support.reflect.code.CtBlockImpl cannot be cast to spoon.reflect.declaration.CtClass
Parameter 1) CtBlockImpl: {
    java.lang.System.out.println("Antojito");
}
2020-03-15 05:35:07,670 INFO spoon.Launcher - Step filter CtClass only) spoon.support.reflect.code.CtInvocationImpl cannot be cast to spoon.reflect.declaration.CtClass
Parameter 1) CtInvocationImpl: java.lang.System.out.println("Antojito")
2020-03-15 05:35:07,671 INFO spoon.Launcher - Step filter CtClass only) spoon.support.reflect.code.CtFieldReadImpl cannot be cast to spoon.reflect.declaration.CtClass
Parameter 1) CtFieldReadImpl: java.lang.System.out
2020-03-15 05:35:07,671 INFO spoon.Launcher - Step filter CtClass only) spoon.support.reflect.code.CtTypeAccessImpl cannot be cast to spoon.reflect.declaration.CtClass
Parameter 1) CtTypeAccessImpl: java.lang.System
2020-03-15 05:35:07,671 INFO spoon.Launcher - Step filter CtClass only) spoon.support.reflect.reference.CtTypeReferenceImpl cannot be cast to spoon.reflect.declaration.CtClass
Parameter 1) CtTypeReferenceImpl: java.lang.System
2020-03-15 05:35:07,671 INFO spoon.Launcher - Step filter CtClass only) spoon.support.reflect.reference.CtPackageReferenceImpl cannot be cast to spoon.reflect.declaration.CtClass
Parameter 1) CtPackageReferenceImpl: java.lang
2020-03-15 05:35:07,671 INFO spoon.Launcher - Step filter CtClass only) spoon.support.reflect.reference.CtFieldReferenceImpl cannot be cast to spoon.reflect.declaration.CtClass
Parameter 1) CtFieldReferenceImpl: java.lang.System.out
2020-03-15 05:35:07,671 INFO spoon.Launcher - Step filter CtClass only) spoon.support.reflect.reference.CtTypeReferenceImpl cannot be cast to spoon.reflect.declaration.CtClass
Parameter 1) CtTypeReferenceImpl: java.lang.System
2020-03-15 05:35:07,671 INFO spoon.Launcher - Step filter CtClass only) spoon.support.reflect.reference.CtPackageReferenceImpl cannot be cast to spoon.reflect.declaration.CtClass
Parameter 1) CtPackageReferenceImpl: java.lang
2020-03-15 05:35:07,672 INFO spoon.Launcher - Step filter CtClass only) spoon.support.reflect.reference.CtTypeReferenceImpl cannot be cast to spoon.reflect.declaration.CtClass
Parameter 1) CtTypeReferenceImpl: java.io.PrintStream
2020-03-15 05:35:07,672 INFO spoon.Launcher - Step filter CtClass only) spoon.support.reflect.reference.CtPackageReferenceImpl cannot be cast to spoon.reflect.declaration.CtClass
Parameter 1) CtPackageReferenceImpl: java.io
2020-03-15 05:35:07,672 INFO spoon.Launcher - Step filter CtClass only) spoon.support.reflect.reference.CtExecutableReferenceImpl cannot be cast to spoon.reflect.declaration.CtClass
Parameter 1) CtExecutableReferenceImpl: java.io.PrintStream#println(java.lang.String)
2020-03-15 05:35:07,672 INFO spoon.Launcher - Step filter CtClass only) spoon.support.reflect.reference.CtTypeReferenceImpl cannot be cast to spoon.reflect.declaration.CtClass
Parameter 1) CtTypeReferenceImpl: java.io.PrintStream
2020-03-15 05:35:07,672 INFO spoon.Launcher - Step filter CtClass only) spoon.support.reflect.reference.CtPackageReferenceImpl cannot be cast to spoon.reflect.declaration.CtClass
Parameter 1) CtPackageReferenceImpl: java.io
2020-03-15 05:35:07,672 INFO spoon.Launcher - Step filter CtClass only) spoon.support.reflect.reference.CtTypeReferenceImpl cannot be cast to spoon.reflect.declaration.CtClass
Parameter 1) CtTypeReferenceImpl: void
2020-03-15 05:35:07,673 INFO spoon.Launcher - Step filter CtClass only) spoon.support.reflect.reference.CtTypeReferenceImpl cannot be cast to spoon.reflect.declaration.CtClass
Parameter 1) CtTypeReferenceImpl: java.lang.String
2020-03-15 05:35:07,673 INFO spoon.Launcher - Step filter CtClass only) spoon.support.reflect.reference.CtPackageReferenceImpl cannot be cast to spoon.reflect.declaration.CtClass
Parameter 1) CtPackageReferenceImpl: java.lang
2020-03-15 05:35:07,673 INFO spoon.Launcher - Step filter CtClass only) spoon.support.reflect.code.CtLiteralImpl cannot be cast to spoon.reflect.declaration.CtClass
Parameter 1) CtLiteralImpl: "Antojito"
2020-03-15 05:35:07,673 INFO spoon.Launcher - Step filter CtClass only) spoon.support.reflect.reference.CtTypeReferenceImpl cannot be cast to spoon.reflect.declaration.CtClass
Parameter 1) CtTypeReferenceImpl: java.lang.String
2020-03-15 05:35:07,673 INFO spoon.Launcher - Step filter CtClass only) spoon.support.reflect.reference.CtPackageReferenceImpl cannot be cast to spoon.reflect.declaration.CtClass
Parameter 1) CtPackageReferenceImpl: java.lang
2020-03-15 05:35:07,673 INFO spoon.Launcher - Step filter CtClass only) spoon.support.reflect.declaration.CtMethodImpl cannot be cast to spoon.reflect.declaration.CtClass
Parameter 1) CtMethodImpl: public void prepare(java.lang.String ingredient) {
}
2020-03-15 05:35:07,673 INFO spoon.Launcher - Step filter CtClass only) spoon.support.reflect.reference.CtTypeReferenceImpl cannot be cast to spoon.reflect.declaration.CtClass
Parameter 1) CtTypeReferenceImpl: void
2020-03-15 05:35:07,674 INFO spoon.Launcher - Step filter CtClass only) spoon.support.reflect.declaration.CtParameterImpl cannot be cast to spoon.reflect.declaration.CtClass
Parameter 1) CtParameterImpl: java.lang.String ingredient
2020-03-15 05:35:07,674 INFO spoon.Launcher - Step filter CtClass only) spoon.support.reflect.reference.CtTypeReferenceImpl cannot be cast to spoon.reflect.declaration.CtClass
Parameter 1) CtTypeReferenceImpl: java.lang.String
2020-03-15 05:35:07,674 INFO spoon.Launcher - Step filter CtClass only) spoon.support.reflect.reference.CtPackageReferenceImpl cannot be cast to spoon.reflect.declaration.CtClass
Parameter 1) CtPackageReferenceImpl: java.lang
2020-03-15 05:35:07,674 INFO spoon.Launcher - Step filter CtClass only) spoon.support.reflect.code.CtBlockImpl cannot be cast to spoon.reflect.declaration.CtClass
Parameter 1) CtBlockImpl: {
}
2020-03-15 05:35:07,674 INFO spoon.Launcher - Step super interfaces) received
Parameter 1) CtClassImpl: public class FieldAccessFilterTacos extends java.util.ArrayList {
    private int myfield = 0;

    FieldAccessFilterTacos() {
        super();
        this.myfield = 0;
    }

    public void m() {
        myfield = super.size();
        java.lang.Object o = super.get(myfield);
    }
}
2020-03-15 05:35:07,674 INFO spoon.Launcher - Step filter CtClass only) spoon.support.reflect.reference.CtTypeReferenceImpl cannot be cast to spoon.reflect.declaration.CtClass
Parameter 1) CtTypeReferenceImpl: java.util.ArrayList
2020-03-15 05:35:07,675 INFO spoon.Launcher - Step filter CtClass only) spoon.support.reflect.reference.CtPackageReferenceImpl cannot be cast to spoon.reflect.declaration.CtClass
Parameter 1) CtPackageReferenceImpl: java.util
2020-03-15 05:35:07,675 INFO spoon.Launcher - Step filter CtClass only) spoon.support.reflect.declaration.CtFieldImpl cannot be cast to spoon.reflect.declaration.CtClass
Parameter 1) CtFieldImpl: private int myfield = 0;
2020-03-15 05:35:07,675 INFO spoon.Launcher - Step filter CtClass only) spoon.support.reflect.reference.CtTypeReferenceImpl cannot be cast to spoon.reflect.declaration.CtClass
Parameter 1) CtTypeReferenceImpl: int
2020-03-15 05:35:07,675 INFO spoon.Launcher - Step filter CtClass only) spoon.support.reflect.code.CtLiteralImpl cannot be cast to spoon.reflect.declaration.CtClass
Parameter 1) CtLiteralImpl: 0
2020-03-15 05:35:07,675 INFO spoon.Launcher - Step filter CtClass only) spoon.support.reflect.reference.CtTypeReferenceImpl cannot be cast to spoon.reflect.declaration.CtClass
Parameter 1) CtTypeReferenceImpl: int
2020-03-15 05:35:07,675 INFO spoon.Launcher - Step filter CtClass only) spoon.support.reflect.declaration.CtConstructorImpl cannot be cast to spoon.reflect.declaration.CtClass
Parameter 1) CtConstructorImpl: FieldAccessFilterTacos() {
    super();
    this.myfield = 0;
}
2020-03-15 05:35:07,675 INFO spoon.Launcher - Step filter CtClass only) spoon.support.reflect.code.CtBlockImpl cannot be cast to spoon.reflect.declaration.CtClass
Parameter 1) CtBlockImpl: {
    super();
    this.myfield = 0;
}
2020-03-15 05:35:07,676 INFO spoon.Launcher - Step filter CtClass only) spoon.support.reflect.code.CtInvocationImpl cannot be cast to spoon.reflect.declaration.CtClass
Parameter 1) CtInvocationImpl: super()
2020-03-15 05:35:07,676 INFO spoon.Launcher - Step filter CtClass only) spoon.support.reflect.reference.CtExecutableReferenceImpl cannot be cast to spoon.reflect.declaration.CtClass
Parameter 1) CtExecutableReferenceImpl: java.util.ArrayList#ArrayList()
2020-03-15 05:35:07,676 INFO spoon.Launcher - Step filter CtClass only) spoon.support.reflect.reference.CtTypeReferenceImpl cannot be cast to spoon.reflect.declaration.CtClass
Parameter 1) CtTypeReferenceImpl: java.util.ArrayList
2020-03-15 05:35:07,676 INFO spoon.Launcher - Step filter CtClass only) spoon.support.reflect.reference.CtPackageReferenceImpl cannot be cast to spoon.reflect.declaration.CtClass
Parameter 1) CtPackageReferenceImpl: java.util
2020-03-15 05:35:07,676 INFO spoon.Launcher - Step filter CtClass only) spoon.support.reflect.reference.CtTypeReferenceImpl cannot be cast to spoon.reflect.declaration.CtClass
Parameter 1) CtTypeReferenceImpl: java.util.ArrayList
2020-03-15 05:35:07,676 INFO spoon.Launcher - Step filter CtClass only) spoon.support.reflect.reference.CtPackageReferenceImpl cannot be cast to spoon.reflect.declaration.CtClass
Parameter 1) CtPackageReferenceImpl: java.util
2020-03-15 05:35:07,676 INFO spoon.Launcher - Step filter CtClass only) spoon.support.reflect.code.CtAssignmentImpl cannot be cast to spoon.reflect.declaration.CtClass
Parameter 1) CtAssignmentImpl: this.myfield = 0
2020-03-15 05:35:07,677 INFO spoon.Launcher - Step filter CtClass only) spoon.support.reflect.reference.CtTypeReferenceImpl cannot be cast to spoon.reflect.declaration.CtClass
Parameter 1) CtTypeReferenceImpl: int
2020-03-15 05:35:07,677 INFO spoon.Launcher - Step filter CtClass only) spoon.support.reflect.code.CtFieldWriteImpl cannot be cast to spoon.reflect.declaration.CtClass
Parameter 1) CtFieldWriteImpl: this.myfield
2020-03-15 05:35:07,677 INFO spoon.Launcher - Step filter CtClass only) spoon.support.reflect.code.CtThisAccessImpl cannot be cast to spoon.reflect.declaration.CtClass
Parameter 1) CtThisAccessImpl: this
2020-03-15 05:35:07,677 INFO spoon.Launcher - Step filter CtClass only) spoon.support.reflect.reference.CtTypeReferenceImpl cannot be cast to spoon.reflect.declaration.CtClass
Parameter 1) CtTypeReferenceImpl: spoon.test.filters.testclasses.FieldAccessFilterTacos
2020-03-15 05:35:07,677 INFO spoon.Launcher - Step filter CtClass only) spoon.support.reflect.reference.CtPackageReferenceImpl cannot be cast to spoon.reflect.declaration.CtClass
Parameter 1) CtPackageReferenceImpl: spoon.test.filters.testclasses
2020-03-15 05:35:07,677 INFO spoon.Launcher - Step filter CtClass only) spoon.support.reflect.code.CtTypeAccessImpl cannot be cast to spoon.reflect.declaration.CtClass
Parameter 1) CtTypeAccessImpl: spoon.test.filters.testclasses.FieldAccessFilterTacos
2020-03-15 05:35:07,678 INFO spoon.Launcher - Step filter CtClass only) spoon.support.reflect.reference.CtTypeReferenceImpl cannot be cast to spoon.reflect.declaration.CtClass
Parameter 1) CtTypeReferenceImpl: spoon.test.filters.testclasses.FieldAccessFilterTacos
2020-03-15 05:35:07,678 INFO spoon.Launcher - Step filter CtClass only) spoon.support.reflect.reference.CtPackageReferenceImpl cannot be cast to spoon.reflect.declaration.CtClass
Parameter 1) CtPackageReferenceImpl: spoon.test.filters.testclasses
2020-03-15 05:35:07,678 INFO spoon.Launcher - Step filter CtClass only) spoon.support.reflect.reference.CtFieldReferenceImpl cannot be cast to spoon.reflect.declaration.CtClass
Parameter 1) CtFieldReferenceImpl: myfield
2020-03-15 05:35:07,678 INFO spoon.Launcher - Step filter CtClass only) spoon.support.reflect.reference.CtTypeReferenceImpl cannot be cast to spoon.reflect.declaration.CtClass
Parameter 1) CtTypeReferenceImpl: spoon.test.filters.testclasses.FieldAccessFilterTacos
2020-03-15 05:35:07,678 INFO spoon.Launcher - Step filter CtClass only) spoon.support.reflect.reference.CtPackageReferenceImpl cannot be cast to spoon.reflect.declaration.CtClass
Parameter 1) CtPackageReferenceImpl: spoon.test.filters.testclasses
2020-03-15 05:35:07,678 INFO spoon.Launcher - Step filter CtClass only) spoon.support.reflect.reference.CtTypeReferenceImpl cannot be cast to spoon.reflect.declaration.CtClass
Parameter 1) CtTypeReferenceImpl: int
2020-03-15 05:35:07,678 INFO spoon.Launcher - Step filter CtClass only) spoon.support.reflect.code.CtLiteralImpl cannot be cast to spoon.reflect.declaration.CtClass
Parameter 1) CtLiteralImpl: 0
2020-03-15 05:35:07,679 INFO spoon.Launcher - Step filter CtClass only) spoon.support.reflect.reference.CtTypeReferenceImpl cannot be cast to spoon.reflect.declaration.CtClass
Parameter 1) CtTypeReferenceImpl: int
2020-03-15 05:35:07,679 INFO spoon.Launcher - Step filter CtClass only) spoon.support.reflect.declaration.CtMethodImpl cannot be cast to spoon.reflect.declaration.CtClass
Parameter 1) CtMethodImpl: public void m() {
    myfield = super.size();
    java.lang.Object o = super.get(myfield);
}
2020-03-15 05:35:07,679 INFO spoon.Launcher - Step filter CtClass only) spoon.support.reflect.reference.CtTypeReferenceImpl cannot be cast to spoon.reflect.declaration.CtClass
Parameter 1) CtTypeReferenceImpl: void
2020-03-15 05:35:07,679 INFO spoon.Launcher - Step filter CtClass only) spoon.support.reflect.code.CtBlockImpl cannot be cast to spoon.reflect.declaration.CtClass
Parameter 1) CtBlockImpl: {
    myfield = super.size();
    java.lang.Object o = super.get(myfield);
}
2020-03-15 05:35:07,679 INFO spoon.Launcher - Step filter CtClass only) spoon.support.reflect.code.CtAssignmentImpl cannot be cast to spoon.reflect.declaration.CtClass
Parameter 1) CtAssignmentImpl: myfield = super.size()
2020-03-15 05:35:07,679 INFO spoon.Launcher - Step filter CtClass only) spoon.support.reflect.reference.CtTypeReferenceImpl cannot be cast to spoon.reflect.declaration.CtClass
Parameter 1) CtTypeReferenceImpl: int
2020-03-15 05:35:07,679 INFO spoon.Launcher - Step filter CtClass only) spoon.support.reflect.code.CtFieldWriteImpl cannot be cast to spoon.reflect.declaration.CtClass
Parameter 1) CtFieldWriteImpl: myfield
2020-03-15 05:35:07,680 INFO spoon.Launcher - Step filter CtClass only) spoon.support.reflect.code.CtThisAccessImpl cannot be cast to spoon.reflect.declaration.CtClass
Parameter 1) CtThisAccessImpl: 
2020-03-15 05:35:07,680 INFO spoon.Launcher - Step filter CtClass only) spoon.support.reflect.reference.CtTypeReferenceImpl cannot be cast to spoon.reflect.declaration.CtClass
Parameter 1) CtTypeReferenceImpl: spoon.test.filters.testclasses.FieldAccessFilterTacos
2020-03-15 05:35:07,680 INFO spoon.Launcher - Step filter CtClass only) spoon.support.reflect.reference.CtPackageReferenceImpl cannot be cast to spoon.reflect.declaration.CtClass
Parameter 1) CtPackageReferenceImpl: spoon.test.filters.testclasses
2020-03-15 05:35:07,680 INFO spoon.Launcher - Step filter CtClass only) spoon.support.reflect.code.CtTypeAccessImpl cannot be cast to spoon.reflect.declaration.CtClass
Parameter 1) CtTypeAccessImpl: spoon.test.filters.testclasses.FieldAccessFilterTacos
2020-03-15 05:35:07,680 INFO spoon.Launcher - Step filter CtClass only) spoon.support.reflect.reference.CtTypeReferenceImpl cannot be cast to spoon.reflect.declaration.CtClass
Parameter 1) CtTypeReferenceImpl: spoon.test.filters.testclasses.FieldAccessFilterTacos
2020-03-15 05:35:07,680 INFO spoon.Launcher - Step filter CtClass only) spoon.support.reflect.reference.CtPackageReferenceImpl cannot be cast to spoon.reflect.declaration.CtClass
Parameter 1) CtPackageReferenceImpl: spoon.test.filters.testclasses
2020-03-15 05:35:07,680 INFO spoon.Launcher - Step filter CtClass only) spoon.support.reflect.reference.CtFieldReferenceImpl cannot be cast to spoon.reflect.declaration.CtClass
Parameter 1) CtFieldReferenceImpl: myfield
2020-03-15 05:35:07,681 INFO spoon.Launcher - Step filter CtClass only) spoon.support.reflect.reference.CtTypeReferenceImpl cannot be cast to spoon.reflect.declaration.CtClass
Parameter 1) CtTypeReferenceImpl: spoon.test.filters.testclasses.FieldAccessFilterTacos
2020-03-15 05:35:07,681 INFO spoon.Launcher - Step filter CtClass only) spoon.support.reflect.reference.CtPackageReferenceImpl cannot be cast to spoon.reflect.declaration.CtClass
Parameter 1) CtPackageReferenceImpl: spoon.test.filters.testclasses
2020-03-15 05:35:07,681 INFO spoon.Launcher - Step filter CtClass only) spoon.support.reflect.reference.CtTypeReferenceImpl cannot be cast to spoon.reflect.declaration.CtClass
Parameter 1) CtTypeReferenceImpl: int
2020-03-15 05:35:07,681 INFO spoon.Launcher - Step filter CtClass only) spoon.support.reflect.code.CtInvocationImpl cannot be cast to spoon.reflect.declaration.CtClass
Parameter 1) CtInvocationImpl: super.size()
2020-03-15 05:35:07,681 INFO spoon.Launcher - Step filter CtClass only) spoon.support.reflect.code.CtSuperAccessImpl cannot be cast to spoon.reflect.declaration.CtClass
Parameter 1) CtSuperAccessImpl: super
2020-03-15 05:35:07,681 INFO spoon.Launcher - Step filter CtClass only) spoon.support.reflect.reference.CtLocalVariableReferenceImpl cannot be cast to spoon.reflect.declaration.CtClass
Parameter 1) CtLocalVariableReferenceImpl: 
2020-03-15 05:35:07,681 INFO spoon.Launcher - Step filter CtClass only) spoon.support.reflect.reference.CtExecutableReferenceImpl cannot be cast to spoon.reflect.declaration.CtClass
Parameter 1) CtExecutableReferenceImpl: java.util.ArrayList#size()
2020-03-15 05:35:07,682 INFO spoon.Launcher - Step filter CtClass only) spoon.support.reflect.reference.CtTypeReferenceImpl cannot be cast to spoon.reflect.declaration.CtClass
Parameter 1) CtTypeReferenceImpl: java.util.ArrayList
2020-03-15 05:35:07,682 INFO spoon.Launcher - Step filter CtClass only) spoon.support.reflect.reference.CtPackageReferenceImpl cannot be cast to spoon.reflect.declaration.CtClass
Parameter 1) CtPackageReferenceImpl: java.util
2020-03-15 05:35:07,682 INFO spoon.Launcher - Step filter CtClass only) spoon.support.reflect.reference.CtTypeReferenceImpl cannot be cast to spoon.reflect.declaration.CtClass
Parameter 1) CtTypeReferenceImpl: int
2020-03-15 05:35:07,682 INFO spoon.Launcher - Step filter CtClass only) spoon.support.reflect.code.CtLocalVariableImpl cannot be cast to spoon.reflect.declaration.CtClass
Parameter 1) CtLocalVariableImpl: java.lang.Object o = super.get(myfield)
2020-03-15 05:35:07,682 INFO spoon.Launcher - Step filter CtClass only) spoon.support.reflect.reference.CtTypeReferenceImpl cannot be cast to spoon.reflect.declaration.CtClass
Parameter 1) CtTypeReferenceImpl: java.lang.Object
2020-03-15 05:35:07,682 INFO spoon.Launcher - Step filter CtClass only) spoon.support.reflect.reference.CtPackageReferenceImpl cannot be cast to spoon.reflect.declaration.CtClass
Parameter 1) CtPackageReferenceImpl: java.lang
2020-03-15 05:35:07,682 INFO spoon.Launcher - Step filter CtClass only) spoon.support.reflect.code.CtInvocationImpl cannot be cast to spoon.reflect.declaration.CtClass
Parameter 1) CtInvocationImpl: super.get(myfield)
2020-03-15 05:35:07,683 INFO spoon.Launcher - Step filter CtClass only) spoon.support.reflect.code.CtSuperAccessImpl cannot be cast to spoon.reflect.declaration.CtClass
Parameter 1) CtSuperAccessImpl: super
2020-03-15 05:35:07,683 INFO spoon.Launcher - Step filter CtClass only) spoon.support.reflect.reference.CtLocalVariableReferenceImpl cannot be cast to spoon.reflect.declaration.CtClass
Parameter 1) CtLocalVariableReferenceImpl: 
2020-03-15 05:35:07,683 INFO spoon.Launcher - Step filter CtClass only) spoon.support.reflect.reference.CtExecutableReferenceImpl cannot be cast to spoon.reflect.declaration.CtClass
Parameter 1) CtExecutableReferenceImpl: java.util.ArrayList#get(int)
2020-03-15 05:35:07,683 INFO spoon.Launcher - Step filter CtClass only) spoon.support.reflect.reference.CtTypeReferenceImpl cannot be cast to spoon.reflect.declaration.CtClass
Parameter 1) CtTypeReferenceImpl: java.util.ArrayList
2020-03-15 05:35:07,683 INFO spoon.Launcher - Step filter CtClass only) spoon.support.reflect.reference.CtPackageReferenceImpl cannot be cast to spoon.reflect.declaration.CtClass
Parameter 1) CtPackageReferenceImpl: java.util
2020-03-15 05:35:07,683 INFO spoon.Launcher - Step filter CtClass only) spoon.support.reflect.reference.CtTypeReferenceImpl cannot be cast to spoon.reflect.declaration.CtClass
Parameter 1) CtTypeReferenceImpl: java.lang.Object
2020-03-15 05:35:07,683 INFO spoon.Launcher - Step filter CtClass only) spoon.support.reflect.reference.CtPackageReferenceImpl cannot be cast to spoon.reflect.declaration.CtClass
Parameter 1) CtPackageReferenceImpl: java.lang
2020-03-15 05:35:07,684 INFO spoon.Launcher - Step filter CtClass only) spoon.support.reflect.reference.CtTypeReferenceImpl cannot be cast to spoon.reflect.declaration.CtClass
Parameter 1) CtTypeReferenceImpl: int
2020-03-15 05:35:07,684 INFO spoon.Launcher - Step filter CtClass only) spoon.support.reflect.code.CtFieldReadImpl cannot be cast to spoon.reflect.declaration.CtClass
Parameter 1) CtFieldReadImpl: myfield
2020-03-15 05:35:07,684 INFO spoon.Launcher - Step filter CtClass only) spoon.support.reflect.code.CtThisAccessImpl cannot be cast to spoon.reflect.declaration.CtClass
Parameter 1) CtThisAccessImpl: 
2020-03-15 05:35:07,684 INFO spoon.Launcher - Step filter CtClass only) spoon.support.reflect.reference.CtTypeReferenceImpl cannot be cast to spoon.reflect.declaration.CtClass
Parameter 1) CtTypeReferenceImpl: spoon.test.filters.testclasses.FieldAccessFilterTacos
2020-03-15 05:35:07,684 INFO spoon.Launcher - Step filter CtClass only) spoon.support.reflect.reference.CtPackageReferenceImpl cannot be cast to spoon.reflect.declaration.CtClass
Parameter 1) CtPackageReferenceImpl: spoon.test.filters.testclasses
2020-03-15 05:35:07,684 INFO spoon.Launcher - Step filter CtClass only) spoon.support.reflect.code.CtTypeAccessImpl cannot be cast to spoon.reflect.declaration.CtClass
Parameter 1) CtTypeAccessImpl: spoon.test.filters.testclasses.FieldAccessFilterTacos
2020-03-15 05:35:07,684 INFO spoon.Launcher - Step filter CtClass only) spoon.support.reflect.reference.CtTypeReferenceImpl cannot be cast to spoon.reflect.declaration.CtClass
Parameter 1) CtTypeReferenceImpl: spoon.test.filters.testclasses.FieldAccessFilterTacos
2020-03-15 05:35:07,685 INFO spoon.Launcher - Step filter CtClass only) spoon.support.reflect.reference.CtPackageReferenceImpl cannot be cast to spoon.reflect.declaration.CtClass
Parameter 1) CtPackageReferenceImpl: spoon.test.filters.testclasses
2020-03-15 05:35:07,685 INFO spoon.Launcher - Step filter CtClass only) spoon.support.reflect.reference.CtFieldReferenceImpl cannot be cast to spoon.reflect.declaration.CtClass
Parameter 1) CtFieldReferenceImpl: myfield
2020-03-15 05:35:07,685 INFO spoon.Launcher - Step filter CtClass only) spoon.support.reflect.reference.CtTypeReferenceImpl cannot be cast to spoon.reflect.declaration.CtClass
Parameter 1) CtTypeReferenceImpl: spoon.test.filters.testclasses.FieldAccessFilterTacos
2020-03-15 05:35:07,685 INFO spoon.Launcher - Step filter CtClass only) spoon.support.reflect.reference.CtPackageReferenceImpl cannot be cast to spoon.reflect.declaration.CtClass
Parameter 1) CtPackageReferenceImpl: spoon.test.filters.testclasses
2020-03-15 05:35:07,685 INFO spoon.Launcher - Step filter CtClass only) spoon.support.reflect.reference.CtTypeReferenceImpl cannot be cast to spoon.reflect.declaration.CtClass
Parameter 1) CtTypeReferenceImpl: int
2020-03-15 05:35:07,685 INFO spoon.Launcher - Step filter CtClass only) spoon.support.reflect.declaration.CtInterfaceImpl cannot be cast to spoon.reflect.declaration.CtClass
Parameter 1) CtInterfaceImpl: public interface ITostada {
    spoon.test.filters.testclasses.ITostada make();
}
2020-03-15 05:35:07,685 INFO spoon.Launcher - Step filter CtClass only) spoon.support.reflect.declaration.CtMethodImpl cannot be cast to spoon.reflect.declaration.CtClass
Parameter 1) CtMethodImpl: spoon.test.filters.testclasses.ITostada make();
2020-03-15 05:35:07,686 INFO spoon.Launcher - Step filter CtClass only) spoon.support.reflect.reference.CtTypeReferenceImpl cannot be cast to spoon.reflect.declaration.CtClass
Parameter 1) CtTypeReferenceImpl: spoon.test.filters.testclasses.ITostada
2020-03-15 05:35:07,686 INFO spoon.Launcher - Step filter CtClass only) spoon.support.reflect.reference.CtPackageReferenceImpl cannot be cast to spoon.reflect.declaration.CtClass
Parameter 1) CtPackageReferenceImpl: spoon.test.filters.testclasses
2020-03-15 05:35:07,686 INFO spoon.Launcher - Step super interfaces) received
Parameter 1) CtClassImpl: public class SubTostada extends spoon.test.filters.testclasses.Tostada {
    @java.lang.Override
    public void prepare() {
        java.lang.System.out.println("SubTostada");
        super.prepare();
    }
}
2020-03-15 05:35:07,686 INFO spoon.Launcher - Step filter CtClass only) spoon.support.reflect.reference.CtTypeReferenceImpl cannot be cast to spoon.reflect.declaration.CtClass
Parameter 1) CtTypeReferenceImpl: spoon.test.filters.testclasses.Tostada
2020-03-15 05:35:07,687 INFO spoon.Launcher - Step filter CtClass only) spoon.support.reflect.reference.CtPackageReferenceImpl cannot be cast to spoon.reflect.declaration.CtClass
Parameter 1) CtPackageReferenceImpl: spoon.test.filters.testclasses
2020-03-15 05:35:07,687 INFO spoon.Launcher - Step filter CtClass only) spoon.support.reflect.declaration.CtConstructorImpl cannot be cast to spoon.reflect.declaration.CtClass
Parameter 1) CtConstructorImpl: public SubTostada() {
}
2020-03-15 05:35:07,687 INFO spoon.Launcher - Step filter CtClass only) spoon.support.reflect.code.CtBlockImpl cannot be cast to spoon.reflect.declaration.CtClass
Parameter 1) CtBlockImpl: {
}
2020-03-15 05:35:07,687 INFO spoon.Launcher - Step filter CtClass only) spoon.support.reflect.code.CtInvocationImpl cannot be cast to spoon.reflect.declaration.CtClass
Parameter 1) CtInvocationImpl: super()
2020-03-15 05:35:07,687 INFO spoon.Launcher - Step filter CtClass only) spoon.support.reflect.reference.CtExecutableReferenceImpl cannot be cast to spoon.reflect.declaration.CtClass
Parameter 1) CtExecutableReferenceImpl: spoon.test.filters.testclasses.Tostada#Tostada()
2020-03-15 05:35:07,687 INFO spoon.Launcher - Step filter CtClass only) spoon.support.reflect.reference.CtTypeReferenceImpl cannot be cast to spoon.reflect.declaration.CtClass
Parameter 1) CtTypeReferenceImpl: spoon.test.filters.testclasses.Tostada
2020-03-15 05:35:07,688 INFO spoon.Launcher - Step filter CtClass only) spoon.support.reflect.reference.CtPackageReferenceImpl cannot be cast to spoon.reflect.declaration.CtClass
Parameter 1) CtPackageReferenceImpl: spoon.test.filters.testclasses
2020-03-15 05:35:07,688 INFO spoon.Launcher - Step filter CtClass only) spoon.support.reflect.reference.CtTypeReferenceImpl cannot be cast to spoon.reflect.declaration.CtClass
Parameter 1) CtTypeReferenceImpl: spoon.test.filters.testclasses.Tostada
2020-03-15 05:35:07,688 INFO spoon.Launcher - Step filter CtClass only) spoon.support.reflect.reference.CtPackageReferenceImpl cannot be cast to spoon.reflect.declaration.CtClass
Parameter 1) CtPackageReferenceImpl: spoon.test.filters.testclasses
2020-03-15 05:35:07,688 INFO spoon.Launcher - Step filter CtClass only) spoon.support.reflect.declaration.CtMethodImpl cannot be cast to spoon.reflect.declaration.CtClass
Parameter 1) CtMethodImpl: @java.lang.Override
public void prepare() {
    java.lang.System.out.println("SubTostada");
    super.prepare();
}
2020-03-15 05:35:07,688 INFO spoon.Launcher - Step filter CtClass only) spoon.support.reflect.declaration.CtAnnotationImpl cannot be cast to spoon.reflect.declaration.CtClass
Parameter 1) CtAnnotationImpl: @java.lang.Override

2020-03-15 05:35:07,688 INFO spoon.Launcher - Step filter CtClass only) spoon.support.reflect.reference.CtTypeReferenceImpl cannot be cast to spoon.reflect.declaration.CtClass
Parameter 1) CtTypeReferenceImpl: java.lang.Override
2020-03-15 05:35:07,688 INFO spoon.Launcher - Step filter CtClass only) spoon.support.reflect.reference.CtPackageReferenceImpl cannot be cast to spoon.reflect.declaration.CtClass
Parameter 1) CtPackageReferenceImpl: java.lang
2020-03-15 05:35:07,689 INFO spoon.Launcher - Step filter CtClass only) spoon.support.reflect.reference.CtTypeReferenceImpl cannot be cast to spoon.reflect.declaration.CtClass
Parameter 1) CtTypeReferenceImpl: java.lang.Override
2020-03-15 05:35:07,689 INFO spoon.Launcher - Step filter CtClass only) spoon.support.reflect.reference.CtPackageReferenceImpl cannot be cast to spoon.reflect.declaration.CtClass
Parameter 1) CtPackageReferenceImpl: java.lang
2020-03-15 05:35:07,689 INFO spoon.Launcher - Step filter CtClass only) spoon.support.reflect.reference.CtTypeReferenceImpl cannot be cast to spoon.reflect.declaration.CtClass
Parameter 1) CtTypeReferenceImpl: void
2020-03-15 05:35:07,689 INFO spoon.Launcher - Step filter CtClass only) spoon.support.reflect.code.CtBlockImpl cannot be cast to spoon.reflect.declaration.CtClass
Parameter 1) CtBlockImpl: {
    java.lang.System.out.println("SubTostada");
    super.prepare();
}
2020-03-15 05:35:07,689 INFO spoon.Launcher - Step filter CtClass only) spoon.support.reflect.code.CtInvocationImpl cannot be cast to spoon.reflect.declaration.CtClass
Parameter 1) CtInvocationImpl: java.lang.System.out.println("SubTostada")
2020-03-15 05:35:07,689 INFO spoon.Launcher - Step filter CtClass only) spoon.support.reflect.code.CtFieldReadImpl cannot be cast to spoon.reflect.declaration.CtClass
Parameter 1) CtFieldReadImpl: java.lang.System.out
2020-03-15 05:35:07,690 INFO spoon.Launcher - Step filter CtClass only) spoon.support.reflect.code.CtTypeAccessImpl cannot be cast to spoon.reflect.declaration.CtClass
Parameter 1) CtTypeAccessImpl: java.lang.System
2020-03-15 05:35:07,690 INFO spoon.Launcher - Step filter CtClass only) spoon.support.reflect.reference.CtTypeReferenceImpl cannot be cast to spoon.reflect.declaration.CtClass
Parameter 1) CtTypeReferenceImpl: java.lang.System
2020-03-15 05:35:07,690 INFO spoon.Launcher - Step filter CtClass only) spoon.support.reflect.reference.CtPackageReferenceImpl cannot be cast to spoon.reflect.declaration.CtClass
Parameter 1) CtPackageReferenceImpl: java.lang
2020-03-15 05:35:07,690 INFO spoon.Launcher - Step filter CtClass only) spoon.support.reflect.reference.CtFieldReferenceImpl cannot be cast to spoon.reflect.declaration.CtClass
Parameter 1) CtFieldReferenceImpl: java.lang.System.out
2020-03-15 05:35:07,690 INFO spoon.Launcher - Step filter CtClass only) spoon.support.reflect.reference.CtTypeReferenceImpl cannot be cast to spoon.reflect.declaration.CtClass
Parameter 1) CtTypeReferenceImpl: java.lang.System
2020-03-15 05:35:07,690 INFO spoon.Launcher - Step filter CtClass only) spoon.support.reflect.reference.CtPackageReferenceImpl cannot be cast to spoon.reflect.declaration.CtClass
Parameter 1) CtPackageReferenceImpl: java.lang
2020-03-15 05:35:07,690 INFO spoon.Launcher - Step filter CtClass only) spoon.support.reflect.reference.CtTypeReferenceImpl cannot be cast to spoon.reflect.declaration.CtClass
Parameter 1) CtTypeReferenceImpl: java.io.PrintStream
2020-03-15 05:35:07,690 INFO spoon.Launcher - Step filter CtClass only) spoon.support.reflect.reference.CtPackageReferenceImpl cannot be cast to spoon.reflect.declaration.CtClass
Parameter 1) CtPackageReferenceImpl: java.io
2020-03-15 05:35:07,691 INFO spoon.Launcher - Step filter CtClass only) spoon.support.reflect.reference.CtExecutableReferenceImpl cannot be cast to spoon.reflect.declaration.CtClass
Parameter 1) CtExecutableReferenceImpl: java.io.PrintStream#println(java.lang.String)
2020-03-15 05:35:07,691 INFO spoon.Launcher - Step filter CtClass only) spoon.support.reflect.reference.CtTypeReferenceImpl cannot be cast to spoon.reflect.declaration.CtClass
Parameter 1) CtTypeReferenceImpl: java.io.PrintStream
2020-03-15 05:35:07,691 INFO spoon.Launcher - Step filter CtClass only) spoon.support.reflect.reference.CtPackageReferenceImpl cannot be cast to spoon.reflect.declaration.CtClass
Parameter 1) CtPackageReferenceImpl: java.io
2020-03-15 05:35:07,691 INFO spoon.Launcher - Step filter CtClass only) spoon.support.reflect.reference.CtTypeReferenceImpl cannot be cast to spoon.reflect.declaration.CtClass
Parameter 1) CtTypeReferenceImpl: void
2020-03-15 05:35:07,691 INFO spoon.Launcher - Step filter CtClass only) spoon.support.reflect.reference.CtTypeReferenceImpl cannot be cast to spoon.reflect.declaration.CtClass
Parameter 1) CtTypeReferenceImpl: java.lang.String
2020-03-15 05:35:07,691 INFO spoon.Launcher - Step filter CtClass only) spoon.support.reflect.reference.CtPackageReferenceImpl cannot be cast to spoon.reflect.declaration.CtClass
Parameter 1) CtPackageReferenceImpl: java.lang
2020-03-15 05:35:07,691 INFO spoon.Launcher - Step filter CtClass only) spoon.support.reflect.code.CtLiteralImpl cannot be cast to spoon.reflect.declaration.CtClass
Parameter 1) CtLiteralImpl: "SubTostada"
2020-03-15 05:35:07,692 INFO spoon.Launcher - Step filter CtClass only) spoon.support.reflect.reference.CtTypeReferenceImpl cannot be cast to spoon.reflect.declaration.CtClass
Parameter 1) CtTypeReferenceImpl: java.lang.String
2020-03-15 05:35:07,692 INFO spoon.Launcher - Step filter CtClass only) spoon.support.reflect.reference.CtPackageReferenceImpl cannot be cast to spoon.reflect.declaration.CtClass
Parameter 1) CtPackageReferenceImpl: java.lang
2020-03-15 05:35:07,692 INFO spoon.Launcher - Step filter CtClass only) spoon.support.reflect.code.CtInvocationImpl cannot be cast to spoon.reflect.declaration.CtClass
Parameter 1) CtInvocationImpl: super.prepare()
2020-03-15 05:35:07,692 INFO spoon.Launcher - Step filter CtClass only) spoon.support.reflect.code.CtSuperAccessImpl cannot be cast to spoon.reflect.declaration.CtClass
Parameter 1) CtSuperAccessImpl: super
2020-03-15 05:35:07,692 INFO spoon.Launcher - Step filter CtClass only) spoon.support.reflect.reference.CtLocalVariableReferenceImpl cannot be cast to spoon.reflect.declaration.CtClass
Parameter 1) CtLocalVariableReferenceImpl: 
2020-03-15 05:35:07,692 INFO spoon.Launcher - Step filter CtClass only) spoon.support.reflect.reference.CtExecutableReferenceImpl cannot be cast to spoon.reflect.declaration.CtClass
Parameter 1) CtExecutableReferenceImpl: spoon.test.filters.testclasses.Tostada#prepare()
2020-03-15 05:35:07,692 INFO spoon.Launcher - Step filter CtClass only) spoon.support.reflect.reference.CtTypeReferenceImpl cannot be cast to spoon.reflect.declaration.CtClass
Parameter 1) CtTypeReferenceImpl: spoon.test.filters.testclasses.Tostada
2020-03-15 05:35:07,693 INFO spoon.Launcher - Step filter CtClass only) spoon.support.reflect.reference.CtPackageReferenceImpl cannot be cast to spoon.reflect.declaration.CtClass
Parameter 1) CtPackageReferenceImpl: spoon.test.filters.testclasses
2020-03-15 05:35:07,693 INFO spoon.Launcher - Step filter CtClass only) spoon.support.reflect.reference.CtTypeReferenceImpl cannot be cast to spoon.reflect.declaration.CtClass
Parameter 1) CtTypeReferenceImpl: void
2020-03-15 05:35:07,693 INFO spoon.Launcher - Step super interfaces) received
Parameter 1) CtClassImpl: public class Tacos implements spoon.test.filters.testclasses.ITostada {
    @java.lang.Override
    public spoon.test.filters.testclasses.ITostada make() {
        return null;
    }

    public void prepare() {
        final java.util.ArrayList<java.lang.String> strings = new java.util.ArrayList<java.lang.String>();
        strings.size();
    }
}
2020-03-15 05:35:07,693 INFO spoon.Launcher - Step 3) received
Parameter 1) CtTypeReferenceImpl: spoon.test.filters.testclasses.ITostada
2020-03-15 05:35:07,693 INFO spoon.Launcher - Step allMethods if interface) received
Parameter 1) CtInterfaceImpl: public interface ITostada {
    spoon.test.filters.testclasses.ITostada make();
}
2020-03-15 05:35:07,693 INFO spoon.Launcher - Step 5) received
Parameter 1) CtMethodImpl: spoon.test.filters.testclasses.ITostada make();
2020-03-15 05:35:07,693 INFO spoon.Launcher - Step 6) received
Parameter 1) CtMethodImpl: spoon.test.filters.testclasses.ITostada make();
2020-03-15 05:35:07,693 INFO spoon.Launcher - Step 7) received
Parameter 1) CtTypeReferenceImpl: spoon.test.filters.testclasses.ITostada
2020-03-15 05:35:07,694 INFO spoon.Launcher - Step outputConsumer) returning
Parameter 1) CtInterfaceImpl: public interface ITostada {
    spoon.test.filters.testclasses.ITostada make();
}
2020-03-15 05:35:07,694 INFO spoon.Launcher - Step filter CtClass only) spoon.support.reflect.reference.CtTypeReferenceImpl cannot be cast to spoon.reflect.declaration.CtClass
Parameter 1) CtTypeReferenceImpl: spoon.test.filters.testclasses.ITostada
2020-03-15 05:35:07,694 INFO spoon.Launcher - Step filter CtClass only) spoon.support.reflect.reference.CtPackageReferenceImpl cannot be cast to spoon.reflect.declaration.CtClass
Parameter 1) CtPackageReferenceImpl: spoon.test.filters.testclasses
2020-03-15 05:35:07,694 INFO spoon.Launcher - Step filter CtClass only) spoon.support.reflect.declaration.CtConstructorImpl cannot be cast to spoon.reflect.declaration.CtClass
Parameter 1) CtConstructorImpl: public Tacos() {
}
2020-03-15 05:35:07,694 INFO spoon.Launcher - Step filter CtClass only) spoon.support.reflect.code.CtBlockImpl cannot be cast to spoon.reflect.declaration.CtClass
Parameter 1) CtBlockImpl: {
}
2020-03-15 05:35:07,694 INFO spoon.Launcher - Step filter CtClass only) spoon.support.reflect.code.CtInvocationImpl cannot be cast to spoon.reflect.declaration.CtClass
Parameter 1) CtInvocationImpl: super()
2020-03-15 05:35:07,694 INFO spoon.Launcher - Step filter CtClass only) spoon.support.reflect.reference.CtExecutableReferenceImpl cannot be cast to spoon.reflect.declaration.CtClass
Parameter 1) CtExecutableReferenceImpl: java.lang.Object#Object()
2020-03-15 05:35:07,695 INFO spoon.Launcher - Step filter CtClass only) spoon.support.reflect.reference.CtTypeReferenceImpl cannot be cast to spoon.reflect.declaration.CtClass
Parameter 1) CtTypeReferenceImpl: java.lang.Object
2020-03-15 05:35:07,695 INFO spoon.Launcher - Step filter CtClass only) spoon.support.reflect.reference.CtPackageReferenceImpl cannot be cast to spoon.reflect.declaration.CtClass
Parameter 1) CtPackageReferenceImpl: java.lang
2020-03-15 05:35:07,695 INFO spoon.Launcher - Step filter CtClass only) spoon.support.reflect.reference.CtTypeReferenceImpl cannot be cast to spoon.reflect.declaration.CtClass
Parameter 1) CtTypeReferenceImpl: java.lang.Object
2020-03-15 05:35:07,695 INFO spoon.Launcher - Step filter CtClass only) spoon.support.reflect.reference.CtPackageReferenceImpl cannot be cast to spoon.reflect.declaration.CtClass
Parameter 1) CtPackageReferenceImpl: java.lang
2020-03-15 05:35:07,695 INFO spoon.Launcher - Step filter CtClass only) spoon.support.reflect.declaration.CtMethodImpl cannot be cast to spoon.reflect.declaration.CtClass
Parameter 1) CtMethodImpl: @java.lang.Override
public spoon.test.filters.testclasses.ITostada make() {
    return null;
}
2020-03-15 05:35:07,695 INFO spoon.Launcher - Step filter CtClass only) spoon.support.reflect.declaration.CtAnnotationImpl cannot be cast to spoon.reflect.declaration.CtClass
Parameter 1) CtAnnotationImpl: @java.lang.Override

2020-03-15 05:35:07,695 INFO spoon.Launcher - Step filter CtClass only) spoon.support.reflect.reference.CtTypeReferenceImpl cannot be cast to spoon.reflect.declaration.CtClass
Parameter 1) CtTypeReferenceImpl: java.lang.Override
2020-03-15 05:35:07,696 INFO spoon.Launcher - Step filter CtClass only) spoon.support.reflect.reference.CtPackageReferenceImpl cannot be cast to spoon.reflect.declaration.CtClass
Parameter 1) CtPackageReferenceImpl: java.lang
2020-03-15 05:35:07,696 INFO spoon.Launcher - Step filter CtClass only) spoon.support.reflect.reference.CtTypeReferenceImpl cannot be cast to spoon.reflect.declaration.CtClass
Parameter 1) CtTypeReferenceImpl: java.lang.Override
2020-03-15 05:35:07,696 INFO spoon.Launcher - Step filter CtClass only) spoon.support.reflect.reference.CtPackageReferenceImpl cannot be cast to spoon.reflect.declaration.CtClass
Parameter 1) CtPackageReferenceImpl: java.lang
2020-03-15 05:35:07,696 INFO spoon.Launcher - Step filter CtClass only) spoon.support.reflect.reference.CtTypeReferenceImpl cannot be cast to spoon.reflect.declaration.CtClass
Parameter 1) CtTypeReferenceImpl: spoon.test.filters.testclasses.ITostada
2020-03-15 05:35:07,696 INFO spoon.Launcher - Step filter CtClass only) spoon.support.reflect.reference.CtPackageReferenceImpl cannot be cast to spoon.reflect.declaration.CtClass
Parameter 1) CtPackageReferenceImpl: spoon.test.filters.testclasses
2020-03-15 05:35:07,696 INFO spoon.Launcher - Step filter CtClass only) spoon.support.reflect.code.CtBlockImpl cannot be cast to spoon.reflect.declaration.CtClass
Parameter 1) CtBlockImpl: {
    return null;
}
2020-03-15 05:35:07,697 INFO spoon.Launcher - Step filter CtClass only) spoon.support.reflect.code.CtReturnImpl cannot be cast to spoon.reflect.declaration.CtClass
Parameter 1) CtReturnImpl: return null
2020-03-15 05:35:07,697 INFO spoon.Launcher - Step filter CtClass only) spoon.support.reflect.code.CtLiteralImpl cannot be cast to spoon.reflect.declaration.CtClass
Parameter 1) CtLiteralImpl: null
2020-03-15 05:35:07,697 INFO spoon.Launcher - Step filter CtClass only) spoon.support.reflect.reference.CtTypeReferenceImpl cannot be cast to spoon.reflect.declaration.CtClass
Parameter 1) CtTypeReferenceImpl: <nulltype>
2020-03-15 05:35:07,697 INFO spoon.Launcher - Step filter CtClass only) spoon.support.reflect.declaration.CtMethodImpl cannot be cast to spoon.reflect.declaration.CtClass
Parameter 1) CtMethodImpl: public void prepare() {
    final java.util.ArrayList<java.lang.String> strings = new java.util.ArrayList<java.lang.String>();
    strings.size();
}
2020-03-15 05:35:07,697 INFO spoon.Launcher - Step filter CtClass only) spoon.support.reflect.reference.CtTypeReferenceImpl cannot be cast to spoon.reflect.declaration.CtClass
Parameter 1) CtTypeReferenceImpl: void
2020-03-15 05:35:07,697 INFO spoon.Launcher - Step filter CtClass only) spoon.support.reflect.code.CtBlockImpl cannot be cast to spoon.reflect.declaration.CtClass
Parameter 1) CtBlockImpl: {
    final java.util.ArrayList<java.lang.String> strings = new java.util.ArrayList<java.lang.String>();
    strings.size();
}
2020-03-15 05:35:07,697 INFO spoon.Launcher - Step filter CtClass only) spoon.support.reflect.code.CtLocalVariableImpl cannot be cast to spoon.reflect.declaration.CtClass
Parameter 1) CtLocalVariableImpl: final java.util.ArrayList<java.lang.String> strings = new java.util.ArrayList<java.lang.String>()
2020-03-15 05:35:07,697 INFO spoon.Launcher - Step filter CtClass only) spoon.support.reflect.reference.CtTypeReferenceImpl cannot be cast to spoon.reflect.declaration.CtClass
Parameter 1) CtTypeReferenceImpl: java.util.ArrayList<java.lang.String>
2020-03-15 05:35:07,698 INFO spoon.Launcher - Step filter CtClass only) spoon.support.reflect.reference.CtPackageReferenceImpl cannot be cast to spoon.reflect.declaration.CtClass
Parameter 1) CtPackageReferenceImpl: java.util
2020-03-15 05:35:07,698 INFO spoon.Launcher - Step filter CtClass only) spoon.support.reflect.reference.CtTypeReferenceImpl cannot be cast to spoon.reflect.declaration.CtClass
Parameter 1) CtTypeReferenceImpl: java.lang.String
2020-03-15 05:35:07,698 INFO spoon.Launcher - Step filter CtClass only) spoon.support.reflect.reference.CtPackageReferenceImpl cannot be cast to spoon.reflect.declaration.CtClass
Parameter 1) CtPackageReferenceImpl: java.lang
2020-03-15 05:35:07,698 INFO spoon.Launcher - Step filter CtClass only) spoon.support.reflect.code.CtConstructorCallImpl cannot be cast to spoon.reflect.declaration.CtClass
Parameter 1) CtConstructorCallImpl: new java.util.ArrayList<java.lang.String>()
2020-03-15 05:35:07,698 INFO spoon.Launcher - Step filter CtClass only) spoon.support.reflect.reference.CtExecutableReferenceImpl cannot be cast to spoon.reflect.declaration.CtClass
Parameter 1) CtExecutableReferenceImpl: java.util.ArrayList#ArrayList()
2020-03-15 05:35:07,698 INFO spoon.Launcher - Step filter CtClass only) spoon.support.reflect.reference.CtTypeReferenceImpl cannot be cast to spoon.reflect.declaration.CtClass
Parameter 1) CtTypeReferenceImpl: java.util.ArrayList
2020-03-15 05:35:07,698 INFO spoon.Launcher - Step filter CtClass only) spoon.support.reflect.reference.CtPackageReferenceImpl cannot be cast to spoon.reflect.declaration.CtClass
Parameter 1) CtPackageReferenceImpl: java.util
2020-03-15 05:35:07,699 INFO spoon.Launcher - Step filter CtClass only) spoon.support.reflect.reference.CtTypeReferenceImpl cannot be cast to spoon.reflect.declaration.CtClass
Parameter 1) CtTypeReferenceImpl: java.util.ArrayList<java.lang.String>
2020-03-15 05:35:07,699 INFO spoon.Launcher - Step filter CtClass only) spoon.support.reflect.reference.CtPackageReferenceImpl cannot be cast to spoon.reflect.declaration.CtClass
Parameter 1) CtPackageReferenceImpl: java.util
2020-03-15 05:35:07,699 INFO spoon.Launcher - Step filter CtClass only) spoon.support.reflect.reference.CtTypeReferenceImpl cannot be cast to spoon.reflect.declaration.CtClass
Parameter 1) CtTypeReferenceImpl: java.lang.String
2020-03-15 05:35:07,699 INFO spoon.Launcher - Step filter CtClass only) spoon.support.reflect.reference.CtPackageReferenceImpl cannot be cast to spoon.reflect.declaration.CtClass
Parameter 1) CtPackageReferenceImpl: java.lang
2020-03-15 05:35:07,699 INFO spoon.Launcher - Step filter CtClass only) spoon.support.reflect.code.CtInvocationImpl cannot be cast to spoon.reflect.declaration.CtClass
Parameter 1) CtInvocationImpl: strings.size()
2020-03-15 05:35:07,699 INFO spoon.Launcher - Step filter CtClass only) spoon.support.reflect.code.CtVariableReadImpl cannot be cast to spoon.reflect.declaration.CtClass
Parameter 1) CtVariableReadImpl: strings
2020-03-15 05:35:07,699 INFO spoon.Launcher - Step filter CtClass only) spoon.support.reflect.reference.CtLocalVariableReferenceImpl cannot be cast to spoon.reflect.declaration.CtClass
Parameter 1) CtLocalVariableReferenceImpl: strings
2020-03-15 05:35:07,699 INFO spoon.Launcher - Step filter CtClass only) spoon.support.reflect.reference.CtTypeReferenceImpl cannot be cast to spoon.reflect.declaration.CtClass
Parameter 1) CtTypeReferenceImpl: java.util.ArrayList<java.lang.String>
2020-03-15 05:35:07,700 INFO spoon.Launcher - Step filter CtClass only) spoon.support.reflect.reference.CtPackageReferenceImpl cannot be cast to spoon.reflect.declaration.CtClass
Parameter 1) CtPackageReferenceImpl: java.util
2020-03-15 05:35:07,700 INFO spoon.Launcher - Step filter CtClass only) spoon.support.reflect.reference.CtTypeReferenceImpl cannot be cast to spoon.reflect.declaration.CtClass
Parameter 1) CtTypeReferenceImpl: java.lang.String
2020-03-15 05:35:07,700 INFO spoon.Launcher - Step filter CtClass only) spoon.support.reflect.reference.CtPackageReferenceImpl cannot be cast to spoon.reflect.declaration.CtClass
Parameter 1) CtPackageReferenceImpl: java.lang
2020-03-15 05:35:07,700 INFO spoon.Launcher - Step filter CtClass only) spoon.support.reflect.reference.CtExecutableReferenceImpl cannot be cast to spoon.reflect.declaration.CtClass
Parameter 1) CtExecutableReferenceImpl: java.util.ArrayList#size()
2020-03-15 05:35:07,700 INFO spoon.Launcher - Step filter CtClass only) spoon.support.reflect.reference.CtTypeReferenceImpl cannot be cast to spoon.reflect.declaration.CtClass
Parameter 1) CtTypeReferenceImpl: java.util.ArrayList
2020-03-15 05:35:07,700 INFO spoon.Launcher - Step filter CtClass only) spoon.support.reflect.reference.CtPackageReferenceImpl cannot be cast to spoon.reflect.declaration.CtClass
Parameter 1) CtPackageReferenceImpl: java.util
2020-03-15 05:35:07,700 INFO spoon.Launcher - Step filter CtClass only) spoon.support.reflect.reference.CtTypeReferenceImpl cannot be cast to spoon.reflect.declaration.CtClass
Parameter 1) CtTypeReferenceImpl: int
2020-03-15 05:35:07,701 INFO spoon.Launcher - Step super interfaces) received
Parameter 1) CtClassImpl: public class Tostada extends spoon.test.filters.testclasses.AbstractTostada {
    @java.lang.Override
    public spoon.test.filters.testclasses.ITostada make() {
        return new spoon.test.filters.testclasses.Tostada() {
            @java.lang.Override
            public void prepare() {
                int a = 3;
                super.prepare();
            }
        };
    }

    @java.lang.Override
    public void prepare() {
    }
}
2020-03-15 05:35:07,701 INFO spoon.Launcher - Step filter CtClass only) spoon.support.reflect.reference.CtTypeReferenceImpl cannot be cast to spoon.reflect.declaration.CtClass
Parameter 1) CtTypeReferenceImpl: spoon.test.filters.testclasses.AbstractTostada
2020-03-15 05:35:07,701 INFO spoon.Launcher - Step filter CtClass only) spoon.support.reflect.reference.CtPackageReferenceImpl cannot be cast to spoon.reflect.declaration.CtClass
Parameter 1) CtPackageReferenceImpl: spoon.test.filters.testclasses
2020-03-15 05:35:07,701 INFO spoon.Launcher - Step filter CtClass only) spoon.support.reflect.declaration.CtConstructorImpl cannot be cast to spoon.reflect.declaration.CtClass
Parameter 1) CtConstructorImpl: public Tostada() {
}
2020-03-15 05:35:07,701 INFO spoon.Launcher - Step filter CtClass only) spoon.support.reflect.code.CtBlockImpl cannot be cast to spoon.reflect.declaration.CtClass
Parameter 1) CtBlockImpl: {
}
2020-03-15 05:35:07,701 INFO spoon.Launcher - Step filter CtClass only) spoon.support.reflect.code.CtInvocationImpl cannot be cast to spoon.reflect.declaration.CtClass
Parameter 1) CtInvocationImpl: super()
2020-03-15 05:35:07,701 INFO spoon.Launcher - Step filter CtClass only) spoon.support.reflect.reference.CtExecutableReferenceImpl cannot be cast to spoon.reflect.declaration.CtClass
Parameter 1) CtExecutableReferenceImpl: spoon.test.filters.testclasses.AbstractTostada#AbstractTostada()
2020-03-15 05:35:07,701 INFO spoon.Launcher - Step filter CtClass only) spoon.support.reflect.reference.CtTypeReferenceImpl cannot be cast to spoon.reflect.declaration.CtClass
Parameter 1) CtTypeReferenceImpl: spoon.test.filters.testclasses.AbstractTostada
2020-03-15 05:35:07,702 INFO spoon.Launcher - Step filter CtClass only) spoon.support.reflect.reference.CtPackageReferenceImpl cannot be cast to spoon.reflect.declaration.CtClass
Parameter 1) CtPackageReferenceImpl: spoon.test.filters.testclasses
2020-03-15 05:35:07,702 INFO spoon.Launcher - Step filter CtClass only) spoon.support.reflect.reference.CtTypeReferenceImpl cannot be cast to spoon.reflect.declaration.CtClass
Parameter 1) CtTypeReferenceImpl: spoon.test.filters.testclasses.AbstractTostada
2020-03-15 05:35:07,702 INFO spoon.Launcher - Step filter CtClass only) spoon.support.reflect.reference.CtPackageReferenceImpl cannot be cast to spoon.reflect.declaration.CtClass
Parameter 1) CtPackageReferenceImpl: spoon.test.filters.testclasses
2020-03-15 05:35:07,702 INFO spoon.Launcher - Step filter CtClass only) spoon.support.reflect.declaration.CtMethodImpl cannot be cast to spoon.reflect.declaration.CtClass
Parameter 1) CtMethodImpl: @java.lang.Override
public spoon.test.filters.testclasses.ITostada make() {
    return new spoon.test.filters.testclasses.Tostada() {
        @java.lang.Override
        public void prepare() {
            int a = 3;
            super.prepare();
        }
    };
}
2020-03-15 05:35:07,702 INFO spoon.Launcher - Step filter CtClass only) spoon.support.reflect.declaration.CtAnnotationImpl cannot be cast to spoon.reflect.declaration.CtClass
Parameter 1) CtAnnotationImpl: @java.lang.Override

2020-03-15 05:35:07,702 INFO spoon.Launcher - Step filter CtClass only) spoon.support.reflect.reference.CtTypeReferenceImpl cannot be cast to spoon.reflect.declaration.CtClass
Parameter 1) CtTypeReferenceImpl: java.lang.Override
2020-03-15 05:35:07,702 INFO spoon.Launcher - Step filter CtClass only) spoon.support.reflect.reference.CtPackageReferenceImpl cannot be cast to spoon.reflect.declaration.CtClass
Parameter 1) CtPackageReferenceImpl: java.lang
2020-03-15 05:35:07,703 INFO spoon.Launcher - Step filter CtClass only) spoon.support.reflect.reference.CtTypeReferenceImpl cannot be cast to spoon.reflect.declaration.CtClass
Parameter 1) CtTypeReferenceImpl: java.lang.Override
2020-03-15 05:35:07,703 INFO spoon.Launcher - Step filter CtClass only) spoon.support.reflect.reference.CtPackageReferenceImpl cannot be cast to spoon.reflect.declaration.CtClass
Parameter 1) CtPackageReferenceImpl: java.lang
2020-03-15 05:35:07,703 INFO spoon.Launcher - Step filter CtClass only) spoon.support.reflect.reference.CtTypeReferenceImpl cannot be cast to spoon.reflect.declaration.CtClass
Parameter 1) CtTypeReferenceImpl: spoon.test.filters.testclasses.ITostada
2020-03-15 05:35:07,703 INFO spoon.Launcher - Step filter CtClass only) spoon.support.reflect.reference.CtPackageReferenceImpl cannot be cast to spoon.reflect.declaration.CtClass
Parameter 1) CtPackageReferenceImpl: spoon.test.filters.testclasses
2020-03-15 05:35:07,703 INFO spoon.Launcher - Step filter CtClass only) spoon.support.reflect.code.CtBlockImpl cannot be cast to spoon.reflect.declaration.CtClass
Parameter 1) CtBlockImpl: {
    return new spoon.test.filters.testclasses.Tostada() {
        @java.lang.Override
        public void prepare() {
            int a = 3;
            super.prepare();
        }
    };
}
2020-03-15 05:35:07,703 INFO spoon.Launcher - Step filter CtClass only) spoon.support.reflect.code.CtReturnImpl cannot be cast to spoon.reflect.declaration.CtClass
Parameter 1) CtReturnImpl: return new spoon.test.filters.testclasses.Tostada() {
    @java.lang.Override
    public void prepare() {
        int a = 3;
        super.prepare();
    }
}
2020-03-15 05:35:07,703 INFO spoon.Launcher - Step filter CtClass only) spoon.support.reflect.code.CtNewClassImpl cannot be cast to spoon.reflect.declaration.CtClass
Parameter 1) CtNewClassImpl: new spoon.test.filters.testclasses.Tostada() {
    @java.lang.Override
    public void prepare() {
        int a = 3;
        super.prepare();
    }
}
2020-03-15 05:35:07,704 INFO spoon.Launcher - Step filter CtClass only) spoon.support.reflect.reference.CtExecutableReferenceImpl cannot be cast to spoon.reflect.declaration.CtClass
Parameter 1) CtExecutableReferenceImpl: spoon.test.filters.testclasses.Tostada$1#1()
2020-03-15 05:35:07,704 INFO spoon.Launcher - Step filter CtClass only) spoon.support.reflect.reference.CtTypeReferenceImpl cannot be cast to spoon.reflect.declaration.CtClass
Parameter 1) CtTypeReferenceImpl: spoon.test.filters.testclasses.Tostada.1
2020-03-15 05:35:07,704 INFO spoon.Launcher - Step filter CtClass only) spoon.support.reflect.reference.CtTypeReferenceImpl cannot be cast to spoon.reflect.declaration.CtClass
Parameter 1) CtTypeReferenceImpl: spoon.test.filters.testclasses.Tostada
2020-03-15 05:35:07,704 INFO spoon.Launcher - Step filter CtClass only) spoon.support.reflect.reference.CtPackageReferenceImpl cannot be cast to spoon.reflect.declaration.CtClass
Parameter 1) CtPackageReferenceImpl: spoon.test.filters.testclasses
2020-03-15 05:35:07,704 INFO spoon.Launcher - Step filter CtClass only) spoon.support.reflect.reference.CtTypeReferenceImpl cannot be cast to spoon.reflect.declaration.CtClass
Parameter 1) CtTypeReferenceImpl: spoon.test.filters.testclasses.Tostada
2020-03-15 05:35:07,705 INFO spoon.Launcher - Step filter CtClass only) spoon.support.reflect.reference.CtPackageReferenceImpl cannot be cast to spoon.reflect.declaration.CtClass
Parameter 1) CtPackageReferenceImpl: spoon.test.filters.testclasses
2020-03-15 05:35:07,705 INFO spoon.Launcher - Step super interfaces) received
Parameter 1) CtClassImpl:  {
    @java.lang.Override
    public void prepare() {
        int a = 3;
        super.prepare();
    }
}
2020-03-15 05:35:07,705 INFO spoon.Launcher - Step filter CtClass only) spoon.support.reflect.reference.CtTypeReferenceImpl cannot be cast to spoon.reflect.declaration.CtClass
Parameter 1) CtTypeReferenceImpl: spoon.test.filters.testclasses.Tostada
2020-03-15 05:35:07,705 INFO spoon.Launcher - Step filter CtClass only) spoon.support.reflect.reference.CtPackageReferenceImpl cannot be cast to spoon.reflect.declaration.CtClass
Parameter 1) CtPackageReferenceImpl: spoon.test.filters.testclasses
2020-03-15 05:35:07,705 INFO spoon.Launcher - Step filter CtClass only) spoon.support.reflect.declaration.CtConstructorImpl cannot be cast to spoon.reflect.declaration.CtClass
Parameter 1) CtConstructorImpl: 1() {
}
2020-03-15 05:35:07,705 INFO spoon.Launcher - Step filter CtClass only) spoon.support.reflect.code.CtBlockImpl cannot be cast to spoon.reflect.declaration.CtClass
Parameter 1) CtBlockImpl: {
}
2020-03-15 05:35:07,705 INFO spoon.Launcher - Step filter CtClass only) spoon.support.reflect.code.CtInvocationImpl cannot be cast to spoon.reflect.declaration.CtClass
Parameter 1) CtInvocationImpl: super()
2020-03-15 05:35:07,706 INFO spoon.Launcher - Step filter CtClass only) spoon.support.reflect.reference.CtExecutableReferenceImpl cannot be cast to spoon.reflect.declaration.CtClass
Parameter 1) CtExecutableReferenceImpl: spoon.test.filters.testclasses.Tostada#Tostada()
2020-03-15 05:35:07,706 INFO spoon.Launcher - Step filter CtClass only) spoon.support.reflect.reference.CtTypeReferenceImpl cannot be cast to spoon.reflect.declaration.CtClass
Parameter 1) CtTypeReferenceImpl: spoon.test.filters.testclasses.Tostada
2020-03-15 05:35:07,706 INFO spoon.Launcher - Step filter CtClass only) spoon.support.reflect.reference.CtPackageReferenceImpl cannot be cast to spoon.reflect.declaration.CtClass
Parameter 1) CtPackageReferenceImpl: spoon.test.filters.testclasses
2020-03-15 05:35:07,706 INFO spoon.Launcher - Step filter CtClass only) spoon.support.reflect.reference.CtTypeReferenceImpl cannot be cast to spoon.reflect.declaration.CtClass
Parameter 1) CtTypeReferenceImpl: spoon.test.filters.testclasses.Tostada
2020-03-15 05:35:07,706 INFO spoon.Launcher - Step filter CtClass only) spoon.support.reflect.reference.CtPackageReferenceImpl cannot be cast to spoon.reflect.declaration.CtClass
Parameter 1) CtPackageReferenceImpl: spoon.test.filters.testclasses
2020-03-15 05:35:07,706 INFO spoon.Launcher - Step filter CtClass only) spoon.support.reflect.declaration.CtMethodImpl cannot be cast to spoon.reflect.declaration.CtClass
Parameter 1) CtMethodImpl: @java.lang.Override
public void prepare() {
    int a = 3;
    super.prepare();
}
2020-03-15 05:35:07,706 INFO spoon.Launcher - Step filter CtClass only) spoon.support.reflect.declaration.CtAnnotationImpl cannot be cast to spoon.reflect.declaration.CtClass
Parameter 1) CtAnnotationImpl: @java.lang.Override

2020-03-15 05:35:07,707 INFO spoon.Launcher - Step filter CtClass only) spoon.support.reflect.reference.CtTypeReferenceImpl cannot be cast to spoon.reflect.declaration.CtClass
Parameter 1) CtTypeReferenceImpl: java.lang.Override
2020-03-15 05:35:07,707 INFO spoon.Launcher - Step filter CtClass only) spoon.support.reflect.reference.CtPackageReferenceImpl cannot be cast to spoon.reflect.declaration.CtClass
Parameter 1) CtPackageReferenceImpl: java.lang
2020-03-15 05:35:07,707 INFO spoon.Launcher - Step filter CtClass only) spoon.support.reflect.reference.CtTypeReferenceImpl cannot be cast to spoon.reflect.declaration.CtClass
Parameter 1) CtTypeReferenceImpl: java.lang.Override
2020-03-15 05:35:07,707 INFO spoon.Launcher - Step filter CtClass only) spoon.support.reflect.reference.CtPackageReferenceImpl cannot be cast to spoon.reflect.declaration.CtClass
Parameter 1) CtPackageReferenceImpl: java.lang
2020-03-15 05:35:07,707 INFO spoon.Launcher - Step filter CtClass only) spoon.support.reflect.reference.CtTypeReferenceImpl cannot be cast to spoon.reflect.declaration.CtClass
Parameter 1) CtTypeReferenceImpl: void
2020-03-15 05:35:07,707 INFO spoon.Launcher - Step filter CtClass only) spoon.support.reflect.code.CtBlockImpl cannot be cast to spoon.reflect.declaration.CtClass
Parameter 1) CtBlockImpl: {
    int a = 3;
    super.prepare();
}
2020-03-15 05:35:07,707 INFO spoon.Launcher - Step filter CtClass only) spoon.support.reflect.code.CtLocalVariableImpl cannot be cast to spoon.reflect.declaration.CtClass
Parameter 1) CtLocalVariableImpl: int a = 3
2020-03-15 05:35:07,707 INFO spoon.Launcher - Step filter CtClass only) spoon.support.reflect.reference.CtTypeReferenceImpl cannot be cast to spoon.reflect.declaration.CtClass
Parameter 1) CtTypeReferenceImpl: int
2020-03-15 05:35:07,708 INFO spoon.Launcher - Step filter CtClass only) spoon.support.reflect.code.CtLiteralImpl cannot be cast to spoon.reflect.declaration.CtClass
Parameter 1) CtLiteralImpl: 3
2020-03-15 05:35:07,708 INFO spoon.Launcher - Step filter CtClass only) spoon.support.reflect.reference.CtTypeReferenceImpl cannot be cast to spoon.reflect.declaration.CtClass
Parameter 1) CtTypeReferenceImpl: int
2020-03-15 05:35:07,708 INFO spoon.Launcher - Step filter CtClass only) spoon.support.reflect.code.CtInvocationImpl cannot be cast to spoon.reflect.declaration.CtClass
Parameter 1) CtInvocationImpl: super.prepare()
2020-03-15 05:35:07,708 INFO spoon.Launcher - Step filter CtClass only) spoon.support.reflect.code.CtSuperAccessImpl cannot be cast to spoon.reflect.declaration.CtClass
Parameter 1) CtSuperAccessImpl: super
2020-03-15 05:35:07,708 INFO spoon.Launcher - Step filter CtClass only) spoon.support.reflect.reference.CtLocalVariableReferenceImpl cannot be cast to spoon.reflect.declaration.CtClass
Parameter 1) CtLocalVariableReferenceImpl: 
2020-03-15 05:35:07,708 INFO spoon.Launcher - Step filter CtClass only) spoon.support.reflect.reference.CtExecutableReferenceImpl cannot be cast to spoon.reflect.declaration.CtClass
Parameter 1) CtExecutableReferenceImpl: spoon.test.filters.testclasses.Tostada#prepare()
2020-03-15 05:35:07,708 INFO spoon.Launcher - Step filter CtClass only) spoon.support.reflect.reference.CtTypeReferenceImpl cannot be cast to spoon.reflect.declaration.CtClass
Parameter 1) CtTypeReferenceImpl: spoon.test.filters.testclasses.Tostada
2020-03-15 05:35:07,709 INFO spoon.Launcher - Step filter CtClass only) spoon.support.reflect.reference.CtPackageReferenceImpl cannot be cast to spoon.reflect.declaration.CtClass
Parameter 1) CtPackageReferenceImpl: spoon.test.filters.testclasses
2020-03-15 05:35:07,709 INFO spoon.Launcher - Step filter CtClass only) spoon.support.reflect.reference.CtTypeReferenceImpl cannot be cast to spoon.reflect.declaration.CtClass
Parameter 1) CtTypeReferenceImpl: void
2020-03-15 05:35:07,709 INFO spoon.Launcher - Step filter CtClass only) spoon.support.reflect.declaration.CtMethodImpl cannot be cast to spoon.reflect.declaration.CtClass
Parameter 1) CtMethodImpl: @java.lang.Override
public void prepare() {
}
2020-03-15 05:35:07,709 INFO spoon.Launcher - Step filter CtClass only) spoon.support.reflect.declaration.CtAnnotationImpl cannot be cast to spoon.reflect.declaration.CtClass
Parameter 1) CtAnnotationImpl: @java.lang.Override

2020-03-15 05:35:07,709 INFO spoon.Launcher - Step filter CtClass only) spoon.support.reflect.reference.CtTypeReferenceImpl cannot be cast to spoon.reflect.declaration.CtClass
Parameter 1) CtTypeReferenceImpl: java.lang.Override
2020-03-15 05:35:07,709 INFO spoon.Launcher - Step filter CtClass only) spoon.support.reflect.reference.CtPackageReferenceImpl cannot be cast to spoon.reflect.declaration.CtClass
Parameter 1) CtPackageReferenceImpl: java.lang
2020-03-15 05:35:07,709 INFO spoon.Launcher - Step filter CtClass only) spoon.support.reflect.reference.CtTypeReferenceImpl cannot be cast to spoon.reflect.declaration.CtClass
Parameter 1) CtTypeReferenceImpl: java.lang.Override
2020-03-15 05:35:07,709 INFO spoon.Launcher - Step filter CtClass only) spoon.support.reflect.reference.CtPackageReferenceImpl cannot be cast to spoon.reflect.declaration.CtClass
Parameter 1) CtPackageReferenceImpl: java.lang
2020-03-15 05:35:07,709 INFO spoon.Launcher - Step filter CtClass only) spoon.support.reflect.reference.CtTypeReferenceImpl cannot be cast to spoon.reflect.declaration.CtClass
Parameter 1) CtTypeReferenceImpl: void
2020-03-15 05:35:07,710 INFO spoon.Launcher - Step filter CtClass only) spoon.support.reflect.code.CtBlockImpl cannot be cast to spoon.reflect.declaration.CtClass
Parameter 1) CtBlockImpl: {
}
Tests run: 34, Failures: 0, Errors: 0, Skipped: 0, Time elapsed: 12.907 sec - in spoon.test.filters.FilterTest
Running spoon.test.filters.CUFilterTest
Tests run: 3, Failures: 0, Errors: 0, Skipped: 0, Time elapsed: 0.5 sec - in spoon.test.filters.CUFilterTest
Running spoon.test.method.MethodTest
Tests run: 4, Failures: 0, Errors: 0, Skipped: 0, Time elapsed: 0.605 sec - in spoon.test.method.MethodTest
Running spoon.test.snippets.SnippetTest
Tests run: 6, Failures: 0, Errors: 0, Skipped: 0, Time elapsed: 1.907 sec - in spoon.test.snippets.SnippetTest
Running spoon.test.literal.LiteralTest
Tests run: 4, Failures: 0, Errors: 0, Skipped: 0, Time elapsed: 1.084 sec - in spoon.test.literal.LiteralTest
Running spoon.test.ctClass.CtClassTest
Tests run: 4, Failures: 0, Errors: 0, Skipped: 0, Time elapsed: 2.749 sec - in spoon.test.ctClass.CtClassTest
Running spoon.test.eval.EvalTest
Tests run: 4, Failures: 0, Errors: 0, Skipped: 0, Time elapsed: 1.459 sec - in spoon.test.eval.EvalTest
Running spoon.test.architecture.SpoonArchitectureEnforcerTest
Tests run: 5, Failures: 0, Errors: 0, Skipped: 0, Time elapsed: 6.841 sec - in spoon.test.architecture.SpoonArchitectureEnforcerTest
Running spoon.test.signature.SignatureTest
Tests run: 8, Failures: 0, Errors: 0, Skipped: 0, Time elapsed: 3 sec - in spoon.test.signature.SignatureTest
Running spoon.test.sourcePosition.SourcePositionTest
Tests run: 1, Failures: 0, Errors: 0, Skipped: 0, Time elapsed: 0.394 sec - in spoon.test.sourcePosition.SourcePositionTest
Running spoon.test.jar.JarTest
Tests run: 3, Failures: 0, Errors: 0, Skipped: 0, Time elapsed: 0.594 sec - in spoon.test.jar.JarTest
Running spoon.test.comparison.EqualTest
Tests run: 4, Failures: 0, Errors: 0, Skipped: 0, Time elapsed: 0.999 sec - in spoon.test.comparison.EqualTest
Running spoon.test.logging.LogTest
2020-03-15 05:35:28,421 DEBUG spoon.Launcher - output: spooned
2020-03-15 05:35:28,421 DEBUG spoon.Launcher - destination: /scratch/tmp-rta/Bears_INRIA-spoon_193004144-193023299_java-8/spooned-classes
2020-03-15 05:35:28,421 DEBUG spoon.Launcher - source classpath: null
2020-03-15 05:35:28,421 DEBUG spoon.Launcher - template classpath: []
2020-03-15 05:35:28,422 INFO spoon.Launcher - Log info
2020-03-15 05:35:28,422 WARN spoon.Launcher - Log warn
2020-03-15 05:35:28,422 ERROR spoon.Launcher - Log error
2020-03-15 05:35:28,422 DEBUG spoon.Launcher - Log debug
2020-03-15 05:35:28,423 DEBUG spoon.Launcher - output: spooned
2020-03-15 05:35:28,423 DEBUG spoon.Launcher - destination: /scratch/tmp-rta/Bears_INRIA-spoon_193004144-193023299_java-8/spooned-classes
2020-03-15 05:35:28,423 DEBUG spoon.Launcher - source classpath: null
2020-03-15 05:35:28,423 DEBUG spoon.Launcher - template classpath: []
2020-03-15 05:35:28,423 INFO spoon.Launcher - Log info
2020-03-15 05:35:28,423 WARN spoon.Launcher - Log warn
2020-03-15 05:35:28,423 ERROR spoon.Launcher - Log error
2020-03-15 05:35:28,423 DEBUG spoon.Launcher - Log debug
2020-03-15 05:35:28,424 INFO spoon.Launcher - Log info
2020-03-15 05:35:28,424 WARN spoon.Launcher - Log warn
2020-03-15 05:35:28,424 ERROR spoon.Launcher - Log error
2020-03-15 05:35:28,425 WARN spoon.Launcher - Log warn
2020-03-15 05:35:28,425 ERROR spoon.Launcher - Log error
2020-03-15 05:35:28,426 ERROR spoon.Launcher - Log error
Tests run: 6, Failures: 0, Errors: 0, Skipped: 0, Time elapsed: 0.006 sec - in spoon.test.logging.LogTest
Running spoon.test.OutputTypeTest
Tests run: 1, Failures: 0, Errors: 0, Skipped: 0, Time elapsed: 0 sec - in spoon.test.OutputTypeTest
Running spoon.support.compiler.jdt.JDTBuilderTest
Tests run: 1, Failures: 0, Errors: 0, Skipped: 0, Time elapsed: 0 sec - in spoon.support.compiler.jdt.JDTBuilderTest
Running spoon.support.compiler.jdt.ExtendedStringLiteralTest
Tests run: 1, Failures: 0, Errors: 0, Skipped: 0, Time elapsed: 0.2 sec - in spoon.support.compiler.jdt.ExtendedStringLiteralTest
Running spoon.support.compiler.jdt.JDTBatchCompilerTest
Tests run: 1, Failures: 0, Errors: 0, Skipped: 0, Time elapsed: 0.384 sec - in spoon.support.compiler.jdt.JDTBatchCompilerTest
Running spoon.support.compiler.classpath.ComputeClasspathTest
Tests run: 1, Failures: 0, Errors: 0, Skipped: 0, Time elapsed: 0 sec - in spoon.support.compiler.classpath.ComputeClasspathTest
Running spoon.support.visitor.java.JavaReflectionTreeBuilderTest
Tests run: 9, Failures: 0, Errors: 0, Skipped: 0, Time elapsed: 0.032 sec - in spoon.support.visitor.java.JavaReflectionTreeBuilderTest
Running spoon.testing.CtElementAssertTest
Tests run: 5, Failures: 0, Errors: 0, Skipped: 0, Time elapsed: 0.83 sec - in spoon.testing.CtElementAssertTest
Running spoon.testing.FileAssertTest
Tests run: 2, Failures: 0, Errors: 0, Skipped: 0, Time elapsed: 0.785 sec - in spoon.testing.FileAssertTest
Running spoon.testing.AbstractAssertTest
Tests run: 4, Failures: 0, Errors: 0, Skipped: 0, Time elapsed: 1.376 sec - in spoon.testing.AbstractAssertTest
Running spoon.testing.CtPackageAssertTest
Tests run: 3, Failures: 0, Errors: 0, Skipped: 0, Time elapsed: 0.593 sec - in spoon.testing.CtPackageAssertTest
Running spoon.reflect.declaration.CtTypeInformationTest
Tests run: 1, Failures: 1, Errors: 0, Skipped: 0, Time elapsed: 0.22 sec <<< FAILURE! - in spoon.reflect.declaration.CtTypeInformationTest
testGetSuperclass(spoon.reflect.declaration.CtTypeInformationTest)  Time elapsed: 0.22 sec  <<< FAILURE!
java.lang.AssertionError: expected:<61> but was:<62>
	at spoon.reflect.declaration.CtTypeInformationTest.testGetSuperclass(CtTypeInformationTest.java:37)

Running spoon.reflect.declaration.UnknownDeclarationTest
Tests run: 1, Failures: 0, Errors: 0, Skipped: 0, Time elapsed: 0.204 sec - in spoon.reflect.declaration.UnknownDeclarationTest
Running spoon.reflect.ast.CloneTest
Tests run: 2, Failures: 0, Errors: 0, Skipped: 0, Time elapsed: 5.117 sec - in spoon.reflect.ast.CloneTest
Running spoon.reflect.visitor.CtVisitorTest
Tests run: 1, Failures: 0, Errors: 0, Skipped: 0, Time elapsed: 0.665 sec - in spoon.reflect.visitor.CtVisitorTest
Running spoon.reflect.visitor.CtInheritanceScannerTest
Tests run: 71, Failures: 0, Errors: 0, Skipped: 0, Time elapsed: 0.293 sec - in spoon.reflect.visitor.CtInheritanceScannerTest
Running spoon.reflect.visitor.CtScannerTest
Tests run: 2, Failures: 0, Errors: 0, Skipped: 0, Time elapsed: 2.813 sec - in spoon.reflect.visitor.CtScannerTest
Running spoon.reflect.visitor.CtInheritanceScannerMethodsTest
Tests run: 1, Failures: 0, Errors: 0, Skipped: 0, Time elapsed: 0.667 sec - in spoon.reflect.visitor.CtInheritanceScannerMethodsTest
Running spoon.processing.ProcessingTest
Tests run: 2, Failures: 0, Errors: 0, Skipped: 0, Time elapsed: 0.216 sec - in spoon.processing.ProcessingTest
Running spoon.processing.CtGenerationTest
Tests run: 3, Failures: 0, Errors: 0, Skipped: 0, Time elapsed: 17.51 sec - in spoon.processing.CtGenerationTest
Running spoon.LauncherTest
Tests run: 2, Failures: 0, Errors: 0, Skipped: 0, Time elapsed: 0.046 sec - in spoon.LauncherTest

Results :

Failed tests: 
  CtTypeInformationTest.testGetSuperclass:37 expected:<61> but was:<62>

Tests run: 989, Failures: 1, Errors: 0, Skipped: 2

[INFO] ------------------------------------------------------------------------
[INFO] BUILD FAILURE
[INFO] ------------------------------------------------------------------------
[INFO] Total time: 04:45 min
[INFO] Finished at: 2020-03-15T05:36:00-07:00
[INFO] Final Memory: 22M/1022M
[INFO] ------------------------------------------------------------------------
[ERROR] Failed to execute goal org.apache.maven.plugins:maven-surefire-plugin:2.19.1:test (default-test) on project spoon-core: There are test failures.
[ERROR] 
[ERROR] Please refer to /scratch/tmp-rta/Bears_INRIA-spoon_193004144-193023299_java-8/target/surefire-reports for the individual test results.
[ERROR] -> [Help 1]
[ERROR] 
[ERROR] To see the full stack trace of the errors, re-run Maven with the -e switch.
[ERROR] Re-run Maven using the -X switch to enable full debug logging.
[ERROR] 
[ERROR] For more information about the errors and possible solutions, please read the following articles:
[ERROR] [Help 1] http://cwiki.apache.org/confluence/display/MAVEN/MojoFailureException
