Picked up JAVA_TOOL_OPTIONS: -XX:CICompilerCount=2 -XX:ParallelGCThreads=2 -XX:ConcGCThreads=2 -Djdk.net.URLClassPath.disableClassPathURLCheck=true 
Java HotSpot(TM) 64-Bit Server VM warning: ignoring option MaxPermSize=512m; support was removed in 8.0
Picked up _JAVA_OPTIONS: -Djdk.net.URLClassPath.disableClassPathURLCheck=true
Apache Maven 3.5.0 (Red Hat 3.5.0-4.3)
Maven home: /opt/rh/rh-maven35/root/usr/share/maven
Java version: 1.8.0_181, vendor: Oracle Corporation
Java home: /bam/scratch/jmcampos/RTA/repair_them_all_framework/jdks/jdk1.8.0_181/jre
Default locale: en_US, platform encoding: UTF-8
OS name: "linux", version: "4.14.147-1.el7.retpoline.x86_64", arch: "amd64", family: "unix"
[INFO] Scanning for projects...
[WARNING] 
[WARNING] Some problems were encountered while building the effective model for org.apache.maven:maven-project:jar:2.1-SNAPSHOT
[WARNING] 'build.pluginManagement.plugins.plugin.(groupId:artifactId)' must be unique but found duplicate declaration of plugin org.apache.maven.plugins:maven-release-plugin @ org.apache.maven:maven:2.1-SNAPSHOT, /bam/scratch/tmp-rta/Bugs.jar_Maven_faa5cf27_java-8/pom.xml, line 166, column 17
[WARNING] 'build.pluginManagement.plugins.plugin.(groupId:artifactId)' must be unique but found duplicate declaration of plugin org.apache.maven.plugins:maven-release-plugin @ org.apache.maven:maven:2.1-SNAPSHOT, /bam/scratch/tmp-rta/Bugs.jar_Maven_faa5cf27_java-8/pom.xml, line 172, column 17
[WARNING] 'build.pluginManagement.plugins.plugin.(groupId:artifactId)' must be unique but found duplicate declaration of plugin org.apache.maven.plugins:maven-release-plugin @ org.apache.maven:maven:2.1-SNAPSHOT, /bam/scratch/tmp-rta/Bugs.jar_Maven_faa5cf27_java-8/pom.xml, line 178, column 17
[WARNING] 'build.pluginManagement.plugins.plugin.(groupId:artifactId)' must be unique but found duplicate declaration of plugin org.apache.maven.plugins:maven-release-plugin @ org.apache.maven:maven:2.1-SNAPSHOT, /bam/scratch/tmp-rta/Bugs.jar_Maven_faa5cf27_java-8/pom.xml, line 184, column 17
[WARNING] 'build.pluginManagement.plugins.plugin.(groupId:artifactId)' must be unique but found duplicate declaration of plugin org.apache.maven.plugins:maven-release-plugin @ org.apache.maven:maven:2.1-SNAPSHOT, /bam/scratch/tmp-rta/Bugs.jar_Maven_faa5cf27_java-8/pom.xml, line 190, column 17
[WARNING] 'build.pluginManagement.plugins.plugin.(groupId:artifactId)' must be unique but found duplicate declaration of plugin org.apache.maven.plugins:maven-release-plugin @ org.apache.maven:maven:2.1-SNAPSHOT, /bam/scratch/tmp-rta/Bugs.jar_Maven_faa5cf27_java-8/pom.xml, line 196, column 17
[WARNING] 'build.pluginManagement.plugins.plugin.(groupId:artifactId)' must be unique but found duplicate declaration of plugin org.apache.maven.plugins:maven-release-plugin @ org.apache.maven:maven:2.1-SNAPSHOT, /bam/scratch/tmp-rta/Bugs.jar_Maven_faa5cf27_java-8/pom.xml, line 202, column 17
[WARNING] 
[WARNING] It is highly recommended to fix these problems because they threaten the stability of your build.
[WARNING] 
[WARNING] For this reason, future Maven versions might no longer support building such malformed projects.
[WARNING] 
[INFO] 
[INFO] ------------------------------------------------------------------------
[INFO] Building Maven Project Builder 2.1-SNAPSHOT
[INFO] ------------------------------------------------------------------------
[INFO] Downloading: http://cvs.apache.org/maven-snapshot-repository/org/apache/maven/maven-artifact-test/2.1-SNAPSHOT/maven-metadata.xml
[INFO] Downloading: http://snapshots.maven.codehaus.org/maven2/org/apache/maven/maven-artifact-test/2.1-SNAPSHOT/maven-metadata.xml
[WARNING] Could not transfer metadata org.apache.maven:maven-artifact-test:2.1-SNAPSHOT/maven-metadata.xml from/to snapshots (http://snapshots.maven.codehaus.org/maven2): snapshots.maven.codehaus.org: Name or service not known
[WARNING] Failure to transfer org.apache.maven:maven-artifact-test:2.1-SNAPSHOT/maven-metadata.xml from http://snapshots.maven.codehaus.org/maven2 was cached in the local repository, resolution will not be reattempted until the update interval of snapshots has elapsed or updates are forced. Original error: Could not transfer metadata org.apache.maven:maven-artifact-test:2.1-SNAPSHOT/maven-metadata.xml from/to snapshots (http://snapshots.maven.codehaus.org/maven2): snapshots.maven.codehaus.org: Name or service not known
[INFO] Downloading: http://cvs.apache.org/maven-snapshot-repository/org/apache/maven/maven/2.1-SNAPSHOT/maven-metadata.xml
[INFO] Downloading: http://snapshots.maven.codehaus.org/maven2/org/apache/maven/maven/2.1-SNAPSHOT/maven-metadata.xml
[WARNING] Could not transfer metadata org.apache.maven:maven:2.1-SNAPSHOT/maven-metadata.xml from/to snapshots (http://snapshots.maven.codehaus.org/maven2): snapshots.maven.codehaus.org
[INFO] Downloading: http://cvs.apache.org/maven-snapshot-repository/org/apache/maven/maven-settings/2.1-SNAPSHOT/maven-metadata.xml
[INFO] Downloading: http://snapshots.maven.codehaus.org/maven2/org/apache/maven/maven-settings/2.1-SNAPSHOT/maven-metadata.xml
[WARNING] Could not transfer metadata org.apache.maven:maven-settings:2.1-SNAPSHOT/maven-metadata.xml from/to snapshots (http://snapshots.maven.codehaus.org/maven2): snapshots.maven.codehaus.org
[WARNING] Failure to transfer org.apache.maven:maven-settings:2.1-SNAPSHOT/maven-metadata.xml from http://snapshots.maven.codehaus.org/maven2 was cached in the local repository, resolution will not be reattempted until the update interval of snapshots has elapsed or updates are forced. Original error: Could not transfer metadata org.apache.maven:maven-settings:2.1-SNAPSHOT/maven-metadata.xml from/to snapshots (http://snapshots.maven.codehaus.org/maven2): snapshots.maven.codehaus.org
[INFO] Downloading: http://snapshots.maven.codehaus.org/maven2/org/apache/maven/maven-model/2.1-SNAPSHOT/maven-metadata.xml
[INFO] Downloading: http://cvs.apache.org/maven-snapshot-repository/org/apache/maven/maven-model/2.1-SNAPSHOT/maven-metadata.xml
[WARNING] Could not transfer metadata org.apache.maven:maven-model:2.1-SNAPSHOT/maven-metadata.xml from/to snapshots (http://snapshots.maven.codehaus.org/maven2): snapshots.maven.codehaus.org
[WARNING] Failure to transfer org.apache.maven:maven-model:2.1-SNAPSHOT/maven-metadata.xml from http://snapshots.maven.codehaus.org/maven2 was cached in the local repository, resolution will not be reattempted until the update interval of snapshots has elapsed or updates are forced. Original error: Could not transfer metadata org.apache.maven:maven-model:2.1-SNAPSHOT/maven-metadata.xml from/to snapshots (http://snapshots.maven.codehaus.org/maven2): snapshots.maven.codehaus.org
[INFO] Downloading: http://snapshots.maven.codehaus.org/maven2/org/apache/maven/maven-artifact-manager/2.1-SNAPSHOT/maven-metadata.xml
[INFO] Downloading: http://cvs.apache.org/maven-snapshot-repository/org/apache/maven/maven-artifact-manager/2.1-SNAPSHOT/maven-metadata.xml
[WARNING] Could not transfer metadata org.apache.maven:maven-artifact-manager:2.1-SNAPSHOT/maven-metadata.xml from/to snapshots (http://snapshots.maven.codehaus.org/maven2): snapshots.maven.codehaus.org
[WARNING] Failure to transfer org.apache.maven:maven-artifact-manager:2.1-SNAPSHOT/maven-metadata.xml from http://snapshots.maven.codehaus.org/maven2 was cached in the local repository, resolution will not be reattempted until the update interval of snapshots has elapsed or updates are forced. Original error: Could not transfer metadata org.apache.maven:maven-artifact-manager:2.1-SNAPSHOT/maven-metadata.xml from/to snapshots (http://snapshots.maven.codehaus.org/maven2): snapshots.maven.codehaus.org
[INFO] Downloading: http://snapshots.maven.codehaus.org/maven2/org/apache/maven/maven-repository-metadata/2.1-SNAPSHOT/maven-metadata.xml
[INFO] Downloading: http://cvs.apache.org/maven-snapshot-repository/org/apache/maven/maven-repository-metadata/2.1-SNAPSHOT/maven-metadata.xml
[WARNING] Could not transfer metadata org.apache.maven:maven-repository-metadata:2.1-SNAPSHOT/maven-metadata.xml from/to snapshots (http://snapshots.maven.codehaus.org/maven2): snapshots.maven.codehaus.org
[WARNING] Failure to transfer org.apache.maven:maven-repository-metadata:2.1-SNAPSHOT/maven-metadata.xml from http://snapshots.maven.codehaus.org/maven2 was cached in the local repository, resolution will not be reattempted until the update interval of snapshots has elapsed or updates are forced. Original error: Could not transfer metadata org.apache.maven:maven-repository-metadata:2.1-SNAPSHOT/maven-metadata.xml from/to snapshots (http://snapshots.maven.codehaus.org/maven2): snapshots.maven.codehaus.org
[INFO] Downloading: http://snapshots.maven.codehaus.org/maven2/org/apache/maven/maven-artifact/2.1-SNAPSHOT/maven-metadata.xml
[INFO] Downloading: http://cvs.apache.org/maven-snapshot-repository/org/apache/maven/maven-artifact/2.1-SNAPSHOT/maven-metadata.xml
[WARNING] Could not transfer metadata org.apache.maven:maven-artifact:2.1-SNAPSHOT/maven-metadata.xml from/to snapshots (http://snapshots.maven.codehaus.org/maven2): snapshots.maven.codehaus.org
[WARNING] Failure to transfer org.apache.maven:maven-artifact:2.1-SNAPSHOT/maven-metadata.xml from http://snapshots.maven.codehaus.org/maven2 was cached in the local repository, resolution will not be reattempted until the update interval of snapshots has elapsed or updates are forced. Original error: Could not transfer metadata org.apache.maven:maven-artifact:2.1-SNAPSHOT/maven-metadata.xml from/to snapshots (http://snapshots.maven.codehaus.org/maven2): snapshots.maven.codehaus.org
[INFO] Downloading: http://snapshots.maven.codehaus.org/maven2/org/apache/maven/maven-profile/2.1-SNAPSHOT/maven-metadata.xml
[INFO] Downloading: http://cvs.apache.org/maven-snapshot-repository/org/apache/maven/maven-profile/2.1-SNAPSHOT/maven-metadata.xml
[WARNING] Could not transfer metadata org.apache.maven:maven-profile:2.1-SNAPSHOT/maven-metadata.xml from/to snapshots (http://snapshots.maven.codehaus.org/maven2): snapshots.maven.codehaus.org
[WARNING] Failure to transfer org.apache.maven:maven-profile:2.1-SNAPSHOT/maven-metadata.xml from http://snapshots.maven.codehaus.org/maven2 was cached in the local repository, resolution will not be reattempted until the update interval of snapshots has elapsed or updates are forced. Original error: Could not transfer metadata org.apache.maven:maven-profile:2.1-SNAPSHOT/maven-metadata.xml from/to snapshots (http://snapshots.maven.codehaus.org/maven2): snapshots.maven.codehaus.org
[INFO] 
[INFO] --- maven-resources-plugin:2.6:resources (default-resources) @ maven-project ---
[WARNING] Using platform encoding (UTF-8 actually) to copy filtered resources, i.e. build is platform dependent!
[INFO] Copying 2 resources
[INFO] 
[INFO] --- maven-compiler-plugin:3.1:compile (default-compile) @ maven-project ---
[INFO] Nothing to compile - all classes are up to date
[INFO] 
[INFO] --- maven-resources-plugin:2.6:testResources (default-testResources) @ maven-project ---
[WARNING] Using platform encoding (UTF-8 actually) to copy filtered resources, i.e. build is platform dependent!
[INFO] Copying 57 resources
[INFO] 
[INFO] --- maven-compiler-plugin:3.1:testCompile (default-testCompile) @ maven-project ---
[INFO] Nothing to compile - all classes are up to date
[INFO] 
[INFO] --- maven-surefire-plugin:2.12.4:test (default-test) @ maven-project ---
[INFO] Surefire report directory: /bam/scratch/tmp-rta/Bugs.jar_Maven_faa5cf27_java-8/maven-project/target/surefire-reports
[INFO] Downloading: https://repo.maven.apache.org/maven2/org/apache/maven/surefire/surefire-junit3/2.12.4/surefire-junit3-2.12.4.pom
[INFO] Downloaded: https://repo.maven.apache.org/maven2/org/apache/maven/surefire/surefire-junit3/2.12.4/surefire-junit3-2.12.4.pom (1.7 kB at 30 kB/s)
[INFO] Downloading: https://repo.maven.apache.org/maven2/org/apache/maven/surefire/surefire-providers/2.12.4/surefire-providers-2.12.4.pom
[INFO] Downloaded: https://repo.maven.apache.org/maven2/org/apache/maven/surefire/surefire-providers/2.12.4/surefire-providers-2.12.4.pom (2.3 kB at 60 kB/s)
[INFO] Downloading: https://repo.maven.apache.org/maven2/org/apache/maven/surefire/surefire-junit3/2.12.4/surefire-junit3-2.12.4.jar
[INFO] Downloaded: https://repo.maven.apache.org/maven2/org/apache/maven/surefire/surefire-junit3/2.12.4/surefire-junit3-2.12.4.jar (26 kB at 1.3 MB/s)

-------------------------------------------------------
 T E S T S
-------------------------------------------------------
Picked up JAVA_TOOL_OPTIONS: -XX:CICompilerCount=2 -XX:ParallelGCThreads=2 -XX:ConcGCThreads=2 -Djdk.net.URLClassPath.disableClassPathURLCheck=true -XX:CICompilerCount=2 -XX:ParallelGCThreads=2 -XX:ConcGCThreads=2 -Djdk.net.URLClassPath.disableClassPathURLCheck=true 
Picked up _JAVA_OPTIONS: -Djdk.net.URLClassPath.disableClassPathURLCheck=true
Running org.apache.maven.project.canonical.CanonicalProjectBuilderTest
Tests run: 1, Failures: 0, Errors: 0, Skipped: 0, Time elapsed: 0.429 sec
Running org.apache.maven.project.ModelUtilsTest
Tests run: 5, Failures: 1, Errors: 0, Skipped: 0, Time elapsed: 0.002 sec <<< FAILURE!
testShouldKeepOriginalPluginOrdering(org.apache.maven.project.ModelUtilsTest)  Time elapsed: 0.001 sec  <<< FAILURE!
junit.framework.AssertionFailedError: expected same:<org.apache.maven.model.Plugin@7d907bac> was not:<org.apache.maven.model.Plugin@7791a895>
	at junit.framework.Assert.fail(Assert.java:47)
	at junit.framework.Assert.failNotSame(Assert.java:278)
	at junit.framework.Assert.assertSame(Assert.java:242)
	at junit.framework.Assert.assertSame(Assert.java:249)
	at org.apache.maven.project.ModelUtilsTest.testShouldKeepOriginalPluginOrdering(ModelUtilsTest.java:161)

Running org.apache.maven.project.inheritance.t00.ProjectInheritanceTest
Tests run: 1, Failures: 0, Errors: 0, Skipped: 0, Time elapsed: 0.035 sec
Running org.apache.maven.project.inheritance.t01.ProjectInheritanceTest
Tests run: 1, Failures: 0, Errors: 0, Skipped: 0, Time elapsed: 0.068 sec
Running org.apache.maven.project.inheritance.DefaultModelInheritanceAssemblerTest
Resulting path is: 'http://maven.apache.org/shared/file-management'
Tests run: 20, Failures: 0, Errors: 0, Skipped: 0, Time elapsed: 0.012 sec
Running org.apache.maven.project.TestProjectBuilder
Tests run: 0, Failures: 0, Errors: 0, Skipped: 0, Time elapsed: 0 sec
Running org.apache.maven.project.validation.DefaultModelValidatorTest
Tests run: 16, Failures: 0, Errors: 0, Skipped: 0, Time elapsed: 0.305 sec
Running org.apache.maven.project.artifact.MavenMetadataSourceTest
Tests run: 2, Failures: 0, Errors: 0, Skipped: 0, Time elapsed: 0.022 sec
Running org.apache.maven.project.MavenProjectTest
Tests run: 1, Failures: 0, Errors: 0, Skipped: 0, Time elapsed: 0.018 sec
Running org.apache.maven.project.injection.DefaultProfileInjectorTest
Tests run: 4, Failures: 0, Errors: 0, Skipped: 0, Time elapsed: 0.001 sec
Running org.apache.maven.project.injection.DefaultModelDefaultsInjectorTest
Tests run: 10, Failures: 0, Errors: 0, Skipped: 0, Time elapsed: 0.004 sec
Running org.apache.maven.project.injection.TestProfileInjector
Tests run: 0, Failures: 0, Errors: 0, Skipped: 0, Time elapsed: 0.001 sec
Running org.apache.maven.project.TestArtifactResolver
Tests run: 0, Failures: 0, Errors: 0, Skipped: 0, Time elapsed: 0 sec
Running org.apache.maven.project.ProjectClasspathTest
Tests run: 1, Failures: 0, Errors: 0, Skipped: 0, Time elapsed: 0.022 sec
Running org.apache.maven.project.interpolation.RegexBasedModelInterpolatorTest
>>> ${env.DOES_NOT_EXIST}
>>> ${DOES_NOT_EXIST}
Tests run: 7, Failures: 0, Errors: 0, Skipped: 0, Time elapsed: 0.016 sec
Running org.apache.maven.project.ProjectBaseDirectoryAlignmentTest
Tests run: 1, Failures: 0, Errors: 0, Skipped: 0, Time elapsed: 0.019 sec
Running org.apache.maven.project.ProjectSorterTest
Tests run: 4, Failures: 0, Errors: 0, Skipped: 0, Time elapsed: 0.002 sec
Running org.apache.maven.profiles.DefaultProfileManagerTest
Tests run: 6, Failures: 0, Errors: 0, Skipped: 0, Time elapsed: 0.063 sec

Results :

Failed tests:   testShouldKeepOriginalPluginOrdering(org.apache.maven.project.ModelUtilsTest): expected same:<org.apache.maven.model.Plugin@7d907bac> was not:<org.apache.maven.model.Plugin@7791a895>

Tests run: 80, Failures: 1, Errors: 0, Skipped: 0

[INFO] ------------------------------------------------------------------------
[INFO] BUILD FAILURE
[INFO] ------------------------------------------------------------------------
[INFO] Total time: 20.219 s
[INFO] Finished at: 2020-03-15T01:48:54-07:00
[INFO] Final Memory: 17M/1031M
[INFO] ------------------------------------------------------------------------
[ERROR] Failed to execute goal org.apache.maven.plugins:maven-surefire-plugin:2.12.4:test (default-test) on project maven-project: There are test failures.
[ERROR] 
[ERROR] Please refer to /bam/scratch/tmp-rta/Bugs.jar_Maven_faa5cf27_java-8/maven-project/target/surefire-reports for the individual test results.
[ERROR] -> [Help 1]
[ERROR] 
[ERROR] To see the full stack trace of the errors, re-run Maven with the -e switch.
[ERROR] Re-run Maven using the -X switch to enable full debug logging.
[ERROR] 
[ERROR] For more information about the errors and possible solutions, please read the following articles:
[ERROR] [Help 1] http://cwiki.apache.org/confluence/display/MAVEN/MojoFailureException
