Picked up JAVA_TOOL_OPTIONS: -XX:CICompilerCount=2 -XX:ParallelGCThreads=2 -XX:ConcGCThreads=2 -Djdk.net.URLClassPath.disableClassPathURLCheck=true 
Java HotSpot(TM) 64-Bit Server VM warning: ignoring option MaxPermSize=512m; support was removed in 8.0
Picked up _JAVA_OPTIONS: -Djdk.net.URLClassPath.disableClassPathURLCheck=true
Apache Maven 3.5.0 (Red Hat 3.5.0-4.3)
Maven home: /opt/rh/rh-maven35/root/usr/share/maven
Java version: 1.8.0_181, vendor: Oracle Corporation
Java home: /scratch/jmcampos/RTA/repair_them_all_framework/jdks/jdk1.8.0_181/jre
Default locale: en_US, platform encoding: UTF-8
OS name: "linux", version: "4.14.132-1.el7.retpoline.x86_64", arch: "amd64", family: "unix"
[INFO] Scanning for projects...
[INFO] 
[INFO] ------------------------------------------------------------------------
[INFO] Building Oak Core 0.18-SNAPSHOT
[INFO] ------------------------------------------------------------------------
[INFO] Downloading: http://repository.apache.org/snapshots/org/apache/jackrabbit/oak-mk-api/0.18-SNAPSHOT/maven-metadata.xml
[INFO] Downloading: http://repository.apache.org/snapshots/org/apache/jackrabbit/oak-parent/0.18-SNAPSHOT/maven-metadata.xml
[INFO] Downloading: http://repository.apache.org/snapshots/org/apache/jackrabbit/oak-commons/0.18-SNAPSHOT/maven-metadata.xml
[INFO] Downloading: http://repository.apache.org/snapshots/org/apache/jackrabbit/oak-blob/0.18-SNAPSHOT/maven-metadata.xml
[INFO] Downloading: http://repository.apache.org/snapshots/org/apache/jackrabbit/oak-mk/0.18-SNAPSHOT/maven-metadata.xml
[INFO] 
[INFO] --- maven-remote-resources-plugin:1.4:process (default) @ oak-core ---
[INFO] 
[INFO] --- maven-resources-plugin:2.6:resources (default-resources) @ oak-core ---
[INFO] Using 'UTF-8' encoding to copy filtered resources.
[INFO] Copying 3 resources
[INFO] Copying 3 resources
[INFO] 
[INFO] --- maven-compiler-plugin:2.5.1:compile (default-compile) @ oak-core ---
[INFO] Compiling 3 source files to /scratch/tmp-rta/Bugs.jar_Jackrabbit-Oak_f1ba7a42_java-8/oak-core/target/classes
[INFO] 
[INFO] --- maven-scr-plugin:1.15.0:scr (generate-scr-scrdescriptor) @ oak-core ---
[WARNING] /scratch/tmp-rta/Bugs.jar_Jackrabbit-Oak_f1ba7a42_java-8/oak-core/src/main/java/org/apache/jackrabbit/oak/security/authentication/AuthenticationConfigurationImpl.java [1:1]:  Component org.apache.jackrabbit.oak.security.authentication.AuthenticationConfigurationImpl is using the deprecated inheritance feature and inherits from org.apache.jackrabbit.oak.spi.security.ConfigurationBase. This feature will be removed in future versions.
[WARNING] /scratch/tmp-rta/Bugs.jar_Jackrabbit-Oak_f1ba7a42_java-8/oak-core/src/main/java/org/apache/jackrabbit/oak/security/authentication/token/TokenConfigurationImpl.java [1:1]:  Component org.apache.jackrabbit.oak.security.authentication.token.TokenConfigurationImpl is using the deprecated inheritance feature and inherits from org.apache.jackrabbit.oak.spi.security.ConfigurationBase. This feature will be removed in future versions.
[WARNING] /scratch/tmp-rta/Bugs.jar_Jackrabbit-Oak_f1ba7a42_java-8/oak-core/src/main/java/org/apache/jackrabbit/oak/security/principal/PrincipalConfigurationImpl.java [1:1]:  Component org.apache.jackrabbit.oak.security.principal.PrincipalConfigurationImpl is using the deprecated inheritance feature and inherits from org.apache.jackrabbit.oak.spi.security.ConfigurationBase. This feature will be removed in future versions.
[WARNING] /scratch/tmp-rta/Bugs.jar_Jackrabbit-Oak_f1ba7a42_java-8/oak-core/src/main/java/org/apache/jackrabbit/oak/security/privilege/PrivilegeConfigurationImpl.java [1:1]:  Component org.apache.jackrabbit.oak.security.privilege.PrivilegeConfigurationImpl is using the deprecated inheritance feature and inherits from org.apache.jackrabbit.oak.spi.security.ConfigurationBase. This feature will be removed in future versions.
[WARNING] /scratch/tmp-rta/Bugs.jar_Jackrabbit-Oak_f1ba7a42_java-8/oak-core/src/main/java/org/apache/jackrabbit/oak/security/user/UserConfigurationImpl.java [1:1]:  Component org.apache.jackrabbit.oak.security.user.UserConfigurationImpl is using the deprecated inheritance feature and inherits from org.apache.jackrabbit.oak.spi.security.ConfigurationBase. This feature will be removed in future versions.
[WARNING] /scratch/tmp-rta/Bugs.jar_Jackrabbit-Oak_f1ba7a42_java-8/oak-core/src/main/java/org/apache/jackrabbit/oak/security/authorization/AuthorizationConfigurationImpl.java [1:1]:  Component org.apache.jackrabbit.oak.security.authorization.AuthorizationConfigurationImpl is using the deprecated inheritance feature and inherits from org.apache.jackrabbit.oak.spi.security.ConfigurationBase. This feature will be removed in future versions.
[INFO] Generating 1 MetaType Descriptors in /scratch/tmp-rta/Bugs.jar_Jackrabbit-Oak_f1ba7a42_java-8/oak-core/target/classes/OSGI-INF/metatype/org.apache.jackrabbit.oak.plugins.document.DocumentNodeStoreService.xml
[INFO] Writing 1 Service Component Descriptors to /scratch/tmp-rta/Bugs.jar_Jackrabbit-Oak_f1ba7a42_java-8/oak-core/target/classes/OSGI-INF/org.apache.jackrabbit.oak.plugins.name.NameValidatorProvider.xml
[INFO] Writing 1 Service Component Descriptors to /scratch/tmp-rta/Bugs.jar_Jackrabbit-Oak_f1ba7a42_java-8/oak-core/target/classes/OSGI-INF/org.apache.jackrabbit.oak.plugins.name.NamespaceEditorProvider.xml
[INFO] Writing 1 Service Component Descriptors to /scratch/tmp-rta/Bugs.jar_Jackrabbit-Oak_f1ba7a42_java-8/oak-core/target/classes/OSGI-INF/org.apache.jackrabbit.oak.plugins.commit.ConflictValidatorProvider.xml
[INFO] Writing 1 Service Component Descriptors to /scratch/tmp-rta/Bugs.jar_Jackrabbit-Oak_f1ba7a42_java-8/oak-core/target/classes/OSGI-INF/org.apache.jackrabbit.oak.plugins.index.nodetype.NodeTypeIndexProvider.xml
[INFO] Writing 1 Service Component Descriptors to /scratch/tmp-rta/Bugs.jar_Jackrabbit-Oak_f1ba7a42_java-8/oak-core/target/classes/OSGI-INF/org.apache.jackrabbit.oak.plugins.index.property.PropertyIndexEditorProvider.xml
[INFO] Writing 1 Service Component Descriptors to /scratch/tmp-rta/Bugs.jar_Jackrabbit-Oak_f1ba7a42_java-8/oak-core/target/classes/OSGI-INF/org.apache.jackrabbit.oak.plugins.index.property.PropertyIndexProvider.xml
[INFO] Writing 1 Service Component Descriptors to /scratch/tmp-rta/Bugs.jar_Jackrabbit-Oak_f1ba7a42_java-8/oak-core/target/classes/OSGI-INF/org.apache.jackrabbit.oak.plugins.index.reference.ReferenceEditorProvider.xml
[INFO] Writing 1 Service Component Descriptors to /scratch/tmp-rta/Bugs.jar_Jackrabbit-Oak_f1ba7a42_java-8/oak-core/target/classes/OSGI-INF/org.apache.jackrabbit.oak.plugins.index.reference.ReferenceIndexProvider.xml
[INFO] Writing 1 Service Component Descriptors to /scratch/tmp-rta/Bugs.jar_Jackrabbit-Oak_f1ba7a42_java-8/oak-core/target/classes/OSGI-INF/org.apache.jackrabbit.oak.plugins.nodetype.TypeEditorProvider.xml
[INFO] Writing 1 Service Component Descriptors to /scratch/tmp-rta/Bugs.jar_Jackrabbit-Oak_f1ba7a42_java-8/oak-core/target/classes/OSGI-INF/org.apache.jackrabbit.oak.plugins.segment.SegmentNodeStoreService.xml
[INFO] Writing 1 Service Component Descriptors to /scratch/tmp-rta/Bugs.jar_Jackrabbit-Oak_f1ba7a42_java-8/oak-core/target/classes/OSGI-INF/org.apache.jackrabbit.oak.plugins.version.VersionEditorProvider.xml
[INFO] Writing 1 Service Component Descriptors to /scratch/tmp-rta/Bugs.jar_Jackrabbit-Oak_f1ba7a42_java-8/oak-core/target/classes/OSGI-INF/org.apache.jackrabbit.oak.plugins.document.DocumentNodeStoreService.xml
[INFO] Writing 1 Service Component Descriptors to /scratch/tmp-rta/Bugs.jar_Jackrabbit-Oak_f1ba7a42_java-8/oak-core/target/classes/OSGI-INF/org.apache.jackrabbit.oak.plugins.itemsave.ItemSaveValidatorProvider.xml
[INFO] Writing 1 Service Component Descriptors to /scratch/tmp-rta/Bugs.jar_Jackrabbit-Oak_f1ba7a42_java-8/oak-core/target/classes/OSGI-INF/org.apache.jackrabbit.oak.security.authentication.AuthenticationConfigurationImpl.xml
[INFO] Writing 1 Service Component Descriptors to /scratch/tmp-rta/Bugs.jar_Jackrabbit-Oak_f1ba7a42_java-8/oak-core/target/classes/OSGI-INF/org.apache.jackrabbit.oak.security.authentication.token.TokenConfigurationImpl.xml
[INFO] Writing 1 Service Component Descriptors to /scratch/tmp-rta/Bugs.jar_Jackrabbit-Oak_f1ba7a42_java-8/oak-core/target/classes/OSGI-INF/org.apache.jackrabbit.oak.security.principal.PrincipalConfigurationImpl.xml
[INFO] Writing 1 Service Component Descriptors to /scratch/tmp-rta/Bugs.jar_Jackrabbit-Oak_f1ba7a42_java-8/oak-core/target/classes/OSGI-INF/org.apache.jackrabbit.oak.security.privilege.PrivilegeConfigurationImpl.xml
[INFO] Writing 1 Service Component Descriptors to /scratch/tmp-rta/Bugs.jar_Jackrabbit-Oak_f1ba7a42_java-8/oak-core/target/classes/OSGI-INF/org.apache.jackrabbit.oak.security.user.UserConfigurationImpl.xml
[INFO] Writing 1 Service Component Descriptors to /scratch/tmp-rta/Bugs.jar_Jackrabbit-Oak_f1ba7a42_java-8/oak-core/target/classes/OSGI-INF/org.apache.jackrabbit.oak.security.authorization.restriction.RestrictionProviderImpl.xml
[INFO] Writing 1 Service Component Descriptors to /scratch/tmp-rta/Bugs.jar_Jackrabbit-Oak_f1ba7a42_java-8/oak-core/target/classes/OSGI-INF/org.apache.jackrabbit.oak.security.authorization.AuthorizationConfigurationImpl.xml
[INFO] Writing 1 Service Component Descriptors to /scratch/tmp-rta/Bugs.jar_Jackrabbit-Oak_f1ba7a42_java-8/oak-core/target/classes/OSGI-INF/org.apache.jackrabbit.oak.security.SecurityProviderImpl.xml
[INFO] Writing 1 Service Component Descriptors to /scratch/tmp-rta/Bugs.jar_Jackrabbit-Oak_f1ba7a42_java-8/oak-core/target/classes/OSGI-INF/org.apache.jackrabbit.oak.spi.security.user.action.DefaultAuthorizableActionProvider.xml
[INFO] 
[INFO] --- maven-resources-plugin:2.6:testResources (default-testResources) @ oak-core ---
[INFO] Using 'UTF-8' encoding to copy filtered resources.
[INFO] Copying 11 resources
[INFO] Copying 3 resources
[INFO] 
[INFO] --- maven-compiler-plugin:2.5.1:testCompile (default-testCompile) @ oak-core ---
[INFO] Nothing to compile - all classes are up to date
[INFO] 
[INFO] --- maven-surefire-plugin:2.12.4:test (default-test) @ oak-core ---
[INFO] Surefire report directory: /scratch/tmp-rta/Bugs.jar_Jackrabbit-Oak_f1ba7a42_java-8/oak-core/target/surefire-reports
[INFO] Downloading: https://repo.maven.apache.org/maven2/org/apache/maven/surefire/surefire-junit4/2.12.4/surefire-junit4-2.12.4.pom
[INFO] Downloaded: https://repo.maven.apache.org/maven2/org/apache/maven/surefire/surefire-junit4/2.12.4/surefire-junit4-2.12.4.pom (2.4 kB at 338 B/s)
[INFO] Downloading: https://repo.maven.apache.org/maven2/org/apache/maven/surefire/surefire-providers/2.12.4/surefire-providers-2.12.4.pom
[INFO] Downloaded: https://repo.maven.apache.org/maven2/org/apache/maven/surefire/surefire-providers/2.12.4/surefire-providers-2.12.4.pom (2.3 kB at 130 kB/s)
[INFO] Downloading: https://repo.maven.apache.org/maven2/org/apache/maven/surefire/surefire-junit4/2.12.4/surefire-junit4-2.12.4.jar
[INFO] Downloaded: https://repo.maven.apache.org/maven2/org/apache/maven/surefire/surefire-junit4/2.12.4/surefire-junit4-2.12.4.jar (37 kB at 1.5 MB/s)

-------------------------------------------------------
 T E S T S
-------------------------------------------------------
Picked up JAVA_TOOL_OPTIONS: -XX:CICompilerCount=2 -XX:ParallelGCThreads=2 -XX:ConcGCThreads=2 -Djdk.net.URLClassPath.disableClassPathURLCheck=true -XX:CICompilerCount=2 -XX:ParallelGCThreads=2 -XX:ConcGCThreads=2 -Djdk.net.URLClassPath.disableClassPathURLCheck=true 
Java HotSpot(TM) 64-Bit Server VM warning: ignoring option MaxPermSize=48m; support was removed in 8.0
Picked up _JAVA_OPTIONS: -Djdk.net.URLClassPath.disableClassPathURLCheck=true
Running org.apache.jackrabbit.oak.query.IteratorsTest
Tests run: 5, Failures: 0, Errors: 0, Skipped: 0, Time elapsed: 0.03 sec
Running org.apache.jackrabbit.oak.query.index.FilterTest
Tests run: 3, Failures: 0, Errors: 0, Skipped: 0, Time elapsed: 0.291 sec
Running org.apache.jackrabbit.oak.query.index.TraversingIndexTest
Tests run: 1, Failures: 0, Errors: 0, Skipped: 0, Time elapsed: 0.303 sec
Running org.apache.jackrabbit.oak.query.index.TraversingIndexQueryTest
Tests run: 10, Failures: 0, Errors: 0, Skipped: 0, Time elapsed: 1.568 sec
Running org.apache.jackrabbit.oak.query.ast.LikePatternTest
Tests run: 1, Failures: 0, Errors: 0, Skipped: 0, Time elapsed: 0 sec
Running org.apache.jackrabbit.oak.query.ast.FullTextTest
Tests run: 8, Failures: 0, Errors: 0, Skipped: 0, Time elapsed: 0.001 sec
Running org.apache.jackrabbit.oak.query.FilterTest
Tests run: 1, Failures: 0, Errors: 0, Skipped: 0, Time elapsed: 0 sec
Running org.apache.jackrabbit.oak.query.SQL2ParserTest
Tests run: 4, Failures: 0, Errors: 0, Skipped: 0, Time elapsed: 0.001 sec
Running org.apache.jackrabbit.oak.plugins.segment.MapRecordTest
Tests run: 1, Failures: 0, Errors: 0, Skipped: 0, Time elapsed: 0.093 sec
Running org.apache.jackrabbit.oak.plugins.segment.ExternalBlobTest
Tests run: 1, Failures: 0, Errors: 0, Skipped: 0, Time elapsed: 5.025 sec
Running org.apache.jackrabbit.oak.plugins.segment.SegmentIdFactoryTest
Tests run: 3, Failures: 0, Errors: 0, Skipped: 0, Time elapsed: 0.001 sec
Running org.apache.jackrabbit.oak.plugins.segment.RecordTest
Tests run: 12, Failures: 0, Errors: 0, Skipped: 0, Time elapsed: 0.001 sec
Running org.apache.jackrabbit.oak.plugins.segment.SegmentSizeTest
Tests run: 5, Failures: 0, Errors: 0, Skipped: 0, Time elapsed: 0 sec
Running org.apache.jackrabbit.oak.plugins.segment.CheckpointTest
Tests run: 1, Failures: 0, Errors: 0, Skipped: 0, Time elapsed: 0 sec
Running org.apache.jackrabbit.oak.plugins.segment.file.TarFileTest
Tests run: 2, Failures: 0, Errors: 0, Skipped: 0, Time elapsed: 1.445 sec
Running org.apache.jackrabbit.oak.plugins.segment.CompareAgainstBaseStateTest
Tests run: 8, Failures: 0, Errors: 0, Skipped: 0, Time elapsed: 0.001 sec
Running org.apache.jackrabbit.oak.plugins.segment.MergeTest
Tests run: 3, Failures: 0, Errors: 0, Skipped: 0, Time elapsed: 0 sec
Running org.apache.jackrabbit.oak.plugins.segment.JournalTest
Tests run: 3, Failures: 0, Errors: 0, Skipped: 0, Time elapsed: 0 sec
Running org.apache.jackrabbit.oak.plugins.document.blob.DocumentMKWriteTest
Tests run: 1, Failures: 0, Errors: 0, Skipped: 1, Time elapsed: 0.004 sec
Running org.apache.jackrabbit.oak.plugins.document.blob.cloud.MongoCloudBlobGCTest
Tests run: 1, Failures: 0, Errors: 0, Skipped: 1, Time elapsed: 0 sec
Running org.apache.jackrabbit.oak.plugins.document.blob.cloud.DocumentMKCloudGetLengthTest
Tests run: 1, Failures: 0, Errors: 0, Skipped: 1, Time elapsed: 0 sec
Running org.apache.jackrabbit.oak.plugins.document.blob.cloud.DocumentMKCloudReadTest
Tests run: 1, Failures: 0, Errors: 0, Skipped: 1, Time elapsed: 0 sec
Running org.apache.jackrabbit.oak.plugins.document.blob.cloud.DocumentMKCloudWriteTest
Tests run: 1, Failures: 0, Errors: 0, Skipped: 1, Time elapsed: 0 sec
Running org.apache.jackrabbit.oak.plugins.document.blob.cloud.MongoCloudBlobStoreTest
Tests run: 1, Failures: 0, Errors: 0, Skipped: 1, Time elapsed: 0 sec
Running org.apache.jackrabbit.oak.plugins.document.blob.DocumentMKWriteGridFSTest
Tests run: 1, Failures: 0, Errors: 0, Skipped: 1, Time elapsed: 0 sec
Running org.apache.jackrabbit.oak.plugins.document.blob.ds.MongoDataStoreBlobGCTest
Tests run: 1, Failures: 0, Errors: 0, Skipped: 1, Time elapsed: 0 sec
Running org.apache.jackrabbit.oak.plugins.document.blob.ds.DocumentMKDataStoreGetLengthTest
Tests run: 1, Failures: 0, Errors: 0, Skipped: 1, Time elapsed: 0 sec
Running org.apache.jackrabbit.oak.plugins.document.blob.ds.DocumentMKDataStoreWriteTest
Tests run: 1, Failures: 0, Errors: 0, Skipped: 1, Time elapsed: 0.001 sec
Running org.apache.jackrabbit.oak.plugins.document.blob.ds.MongoDataStoreBlobStoreTest
Tests run: 12, Failures: 0, Errors: 0, Skipped: 0, Time elapsed: 53.797 sec
Running org.apache.jackrabbit.oak.plugins.document.blob.ds.DocumentMKDataStoreReadTest
Tests run: 1, Failures: 0, Errors: 0, Skipped: 1, Time elapsed: 0 sec
Running org.apache.jackrabbit.oak.plugins.document.blob.DocumentMKGetLengthTest
Tests run: 1, Failures: 0, Errors: 0, Skipped: 1, Time elapsed: 0.001 sec
Running org.apache.jackrabbit.oak.plugins.document.blob.DocumentMKReadTest
Tests run: 1, Failures: 0, Errors: 0, Skipped: 1, Time elapsed: 0 sec
Running org.apache.jackrabbit.oak.plugins.document.blob.DocumentMKGetLengthGridFSTest
Tests run: 1, Failures: 0, Errors: 0, Skipped: 1, Time elapsed: 0 sec
Running org.apache.jackrabbit.oak.plugins.document.blob.DocumentMKReadGridFSTest
Tests run: 1, Failures: 0, Errors: 0, Skipped: 1, Time elapsed: 0 sec
Running org.apache.jackrabbit.oak.plugins.document.blob.RDBBlobStoreTest
Tests run: 12, Failures: 0, Errors: 0, Skipped: 0, Time elapsed: 0.646 sec
Running org.apache.jackrabbit.oak.plugins.document.blob.MongoBlobStoreTest
Tests run: 1, Failures: 0, Errors: 0, Skipped: 1, Time elapsed: 0 sec
Running org.apache.jackrabbit.oak.plugins.document.MongoBlobGCTest
Tests run: 1, Failures: 0, Errors: 0, Skipped: 1, Time elapsed: 0 sec
Running org.apache.jackrabbit.oak.plugins.document.cache.SerializerTest
Tests run: 2, Failures: 0, Errors: 0, Skipped: 0, Time elapsed: 0.077 sec
Running org.apache.jackrabbit.oak.plugins.document.ClusterTest
Tests run: 10, Failures: 0, Errors: 0, Skipped: 0, Time elapsed: 0.145 sec
Running org.apache.jackrabbit.oak.plugins.document.DocumentMKDiffTest
Tests run: 1, Failures: 0, Errors: 0, Skipped: 1, Time elapsed: 0 sec
Running org.apache.jackrabbit.oak.plugins.document.impl.DocumentMKConcurrentAddTest
Tests run: 1, Failures: 0, Errors: 0, Skipped: 1, Time elapsed: 0 sec
Running org.apache.jackrabbit.oak.plugins.document.impl.DocumentMKGetChildCountTest
Tests run: 1, Failures: 0, Errors: 0, Skipped: 1, Time elapsed: 0 sec
Running org.apache.jackrabbit.oak.plugins.document.impl.DocumentMKLimitsTest
Tests run: 1, Failures: 0, Errors: 0, Skipped: 1, Time elapsed: 0 sec
Running org.apache.jackrabbit.oak.plugins.document.impl.DocumentMKGetJournalTest
Tests run: 1, Failures: 0, Errors: 0, Skipped: 1, Time elapsed: 0.001 sec
Running org.apache.jackrabbit.oak.plugins.document.impl.command.ConcurrentWriteMultipleMkMongoTest
Tests run: 1, Failures: 0, Errors: 0, Skipped: 1, Time elapsed: 0 sec
Running org.apache.jackrabbit.oak.plugins.document.impl.DocumentMKGetRevisionHistoryTest
Tests run: 1, Failures: 0, Errors: 0, Skipped: 1, Time elapsed: 0 sec
Running org.apache.jackrabbit.oak.plugins.document.impl.DocumentMKWaitForCommitTest
Tests run: 1, Failures: 0, Errors: 0, Skipped: 1, Time elapsed: 0 sec
Running org.apache.jackrabbit.oak.plugins.document.BlobTest
Tests run: 1, Failures: 0, Errors: 0, Skipped: 0, Time elapsed: 0.023 sec
Running org.apache.jackrabbit.oak.plugins.document.util.UtilsTest
Tests run: 3, Failures: 0, Errors: 0, Skipped: 2, Time elapsed: 0 sec
Running org.apache.jackrabbit.oak.plugins.document.util.MergeSortedIteratorsTest
Tests run: 2, Failures: 0, Errors: 0, Skipped: 1, Time elapsed: 0 sec
Running org.apache.jackrabbit.oak.plugins.document.BackgroundWriteTest
Tests run: 1, Failures: 0, Errors: 0, Skipped: 0, Time elapsed: 0.477 sec
Running org.apache.jackrabbit.oak.plugins.document.ConcurrentConflictTest
Tests run: 2, Failures: 0, Errors: 0, Skipped: 1, Time elapsed: 0.23 sec
Running org.apache.jackrabbit.oak.plugins.document.DocumentMKCommitRemoveTest
Tests run: 6, Failures: 0, Errors: 0, Skipped: 1, Time elapsed: 0.008 sec
Running org.apache.jackrabbit.oak.plugins.document.RevisionTest
Tests run: 8, Failures: 0, Errors: 0, Skipped: 0, Time elapsed: 0.041 sec
Running org.apache.jackrabbit.oak.plugins.document.DocumentNodeStoreTest
Tests run: 3, Failures: 0, Errors: 0, Skipped: 0, Time elapsed: 0.044 sec
Running org.apache.jackrabbit.oak.plugins.document.ConflictTest
Tests run: 54, Failures: 0, Errors: 0, Skipped: 0, Time elapsed: 0.108 sec
Running org.apache.jackrabbit.oak.plugins.document.DocumentMKNodeExistsTest
Tests run: 8, Failures: 0, Errors: 0, Skipped: 0, Time elapsed: 0.011 sec
Running org.apache.jackrabbit.oak.plugins.document.ManyChildNodesTest
Tests run: 1, Failures: 0, Errors: 0, Skipped: 0, Time elapsed: 0.19 sec
Running org.apache.jackrabbit.oak.plugins.document.MongoDocumentStoreTest
Tests run: 6, Failures: 0, Errors: 0, Skipped: 1, Time elapsed: 0.018 sec
Running org.apache.jackrabbit.oak.plugins.document.DocumentMKGetHeadRevisionTest
Tests run: 1, Failures: 0, Errors: 0, Skipped: 0, Time elapsed: 0 sec
Running org.apache.jackrabbit.oak.plugins.document.DocumentSplitTest
Tests run: 6, Failures: 0, Errors: 0, Skipped: 0, Time elapsed: 0.869 sec
Running org.apache.jackrabbit.oak.plugins.document.DocumentMKGetNodesTest
Tests run: 7, Failures: 0, Errors: 0, Skipped: 3, Time elapsed: 0.004 sec
Running org.apache.jackrabbit.oak.plugins.document.DocumentMKCommitAddTest
Tests run: 14, Failures: 0, Errors: 0, Skipped: 1, Time elapsed: 0.023 sec
Running org.apache.jackrabbit.oak.plugins.document.DocumentMKBranchMergeTest
Tests run: 19, Failures: 0, Errors: 0, Skipped: 2, Time elapsed: 0.213 sec
Running org.apache.jackrabbit.oak.plugins.document.ConcurrentUpdatesTest
Tests run: 1, Failures: 0, Errors: 0, Skipped: 1, Time elapsed: 0 sec
Running org.apache.jackrabbit.oak.plugins.document.DocumentMKResetTest
Tests run: 7, Failures: 0, Errors: 0, Skipped: 1, Time elapsed: 0.009 sec
Running org.apache.jackrabbit.oak.plugins.document.RandomizedClusterTest
Tests run: 1, Failures: 0, Errors: 0, Skipped: 0, Time elapsed: 0.16 sec
Running org.apache.jackrabbit.oak.plugins.document.IsolationTest
Tests run: 2, Failures: 0, Errors: 0, Skipped: 0, Time elapsed: 0.001 sec
Running org.apache.jackrabbit.oak.plugins.document.ClusterInfoTest
Tests run: 1, Failures: 0, Errors: 0, Skipped: 0, Time elapsed: 0.015 sec
Running org.apache.jackrabbit.oak.plugins.document.MergeRetryTest
Tests run: 2, Failures: 0, Errors: 0, Skipped: 0, Time elapsed: 7.206 sec
Running org.apache.jackrabbit.oak.plugins.document.multitenancy.MultiTenancyTest
Tests run: 1, Failures: 0, Errors: 0, Skipped: 1, Time elapsed: 0 sec
Running org.apache.jackrabbit.oak.plugins.document.ClusterJoinTest
Tests run: 1, Failures: 0, Errors: 0, Skipped: 1, Time elapsed: 0 sec
Running org.apache.jackrabbit.oak.plugins.document.BlobThroughPutTest
Tests run: 2, Failures: 0, Errors: 0, Skipped: 2, Time elapsed: 0 sec
Running org.apache.jackrabbit.oak.plugins.document.RangeTest
Tests run: 1, Failures: 0, Errors: 0, Skipped: 0, Time elapsed: 0 sec
Running org.apache.jackrabbit.oak.plugins.document.BlobReferenceTest
Tests run: 1, Failures: 0, Errors: 0, Skipped: 0, Time elapsed: 0 sec
Running org.apache.jackrabbit.oak.plugins.document.PathComparatorTest
Tests run: 1, Failures: 0, Errors: 0, Skipped: 0, Time elapsed: 0.001 sec
Running org.apache.jackrabbit.oak.plugins.document.DocumentMKBranchTest
Tests run: 4, Failures: 0, Errors: 0, Skipped: 0, Time elapsed: 0.001 sec
Running org.apache.jackrabbit.oak.plugins.document.DocumentMKCommitCopyTest
Tests run: 21, Failures: 0, Errors: 0, Skipped: 14, Time elapsed: 0.001 sec
Running org.apache.jackrabbit.oak.plugins.document.MongoDbTest
Tests run: 2, Failures: 0, Errors: 0, Skipped: 2, Time elapsed: 0 sec
Running org.apache.jackrabbit.oak.plugins.document.OptimizedChildFetchTest
Tests run: 2, Failures: 0, Errors: 0, Skipped: 0, Time elapsed: 0 sec
Running org.apache.jackrabbit.oak.plugins.document.DocumentMKCommitMoveTest
Tests run: 1, Failures: 0, Errors: 0, Skipped: 1, Time elapsed: 0 sec
Running org.apache.jackrabbit.oak.plugins.document.ValueMapTest
Tests run: 2, Failures: 0, Errors: 0, Skipped: 0, Time elapsed: 0 sec
Running org.apache.jackrabbit.oak.plugins.document.SimpleTest
Tests run: 18, Failures: 0, Errors: 0, Skipped: 0, Time elapsed: 0 sec
Running org.apache.jackrabbit.oak.plugins.document.DocumentMKRebaseTest
Tests run: 20, Failures: 0, Errors: 0, Skipped: 9, Time elapsed: 0.001 sec
Running org.apache.jackrabbit.oak.plugins.document.CommitQueueTest
Tests run: 1, Failures: 0, Errors: 0, Skipped: 0, Time elapsed: 0.006 sec
Running org.apache.jackrabbit.oak.plugins.memory.MemoryNodeBuilderTest
Tests run: 31, Failures: 0, Errors: 0, Skipped: 0, Time elapsed: 0.001 sec
Running org.apache.jackrabbit.oak.plugins.memory.PropertyBuilderTest
Tests run: 12, Failures: 0, Errors: 0, Skipped: 0, Time elapsed: 0 sec
Running org.apache.jackrabbit.oak.plugins.memory.PropertyStatesTest
Tests run: 3, Failures: 0, Errors: 0, Skipped: 0, Time elapsed: 0 sec
Running org.apache.jackrabbit.oak.plugins.index.nodetype.NodeTypeIndexQueryTest
Tests run: 1, Failures: 0, Errors: 0, Skipped: 0, Time elapsed: 0.084 sec
Running org.apache.jackrabbit.oak.plugins.index.nodetype.NodeTypeIndexTest
Tests run: 1, Failures: 0, Errors: 0, Skipped: 0, Time elapsed: 0.06 sec
Running org.apache.jackrabbit.oak.plugins.index.property.RelativePathTest
Tests run: 1, Failures: 0, Errors: 0, Skipped: 0, Time elapsed: 0.063 sec
Running org.apache.jackrabbit.oak.plugins.index.property.PropertyIndexQueryTest
Tests run: 6, Failures: 0, Errors: 0, Skipped: 0, Time elapsed: 0.807 sec
Running org.apache.jackrabbit.oak.plugins.index.property.MultipleIndicesTest
Tests run: 2, Failures: 0, Errors: 0, Skipped: 0, Time elapsed: 0.109 sec
Running org.apache.jackrabbit.oak.plugins.index.property.strategy.ContentMirrorStoreStrategyTest
Tests run: 2, Failures: 0, Errors: 0, Skipped: 0, Time elapsed: 0 sec
Running org.apache.jackrabbit.oak.plugins.index.property.PropertyIndexTest
Tests run: 10, Failures: 0, Errors: 0, Skipped: 0, Time elapsed: 0.107 sec
Running org.apache.jackrabbit.oak.plugins.index.AsyncIndexUpdateTest
Tests run: 3, Failures: 0, Errors: 0, Skipped: 0, Time elapsed: 0.007 sec
Running org.apache.jackrabbit.oak.plugins.index.diffindex.DiffCollectorTest
Tests run: 3, Failures: 0, Errors: 0, Skipped: 0, Time elapsed: 0.001 sec
Running org.apache.jackrabbit.oak.plugins.index.IndexUpdateTest
Tests run: 4, Failures: 0, Errors: 0, Skipped: 0, Time elapsed: 0.08 sec
Running org.apache.jackrabbit.oak.plugins.index.aggregate.SimpleNodeAggregatorTest
Tests run: 7, Failures: 0, Errors: 0, Skipped: 0, Time elapsed: 0.001 sec
Running org.apache.jackrabbit.oak.plugins.observation.filter.UuidPredicateTest
Tests run: 5, Failures: 0, Errors: 0, Skipped: 0, Time elapsed: 0.001 sec
Running org.apache.jackrabbit.oak.plugins.observation.filter.FilterBuilderTest
Tests run: 4, Failures: 0, Errors: 0, Skipped: 0, Time elapsed: 0.002 sec
Running org.apache.jackrabbit.oak.plugins.observation.filter.GlobbingPathFilterTest
Tests run: 11, Failures: 0, Errors: 0, Skipped: 0, Time elapsed: 0.002 sec
Running org.apache.jackrabbit.oak.plugins.observation.filter.NodeTypePredicateTest
Tests run: 5, Failures: 0, Errors: 0, Skipped: 0, Time elapsed: 0 sec
Running org.apache.jackrabbit.oak.plugins.observation.filter.SelectorTest
Tests run: 1, Failures: 0, Errors: 0, Skipped: 0, Time elapsed: 0.001 sec
Running org.apache.jackrabbit.oak.plugins.observation.filter.PropertyPredicateTest
Tests run: 3, Failures: 0, Errors: 0, Skipped: 0, Time elapsed: 0 sec
Running org.apache.jackrabbit.oak.plugins.identifier.IdentifierManagerTest
Tests run: 4, Failures: 0, Errors: 0, Skipped: 0, Time elapsed: 0.14 sec
Running org.apache.jackrabbit.oak.plugins.blob.db.DbBlobStoreTest
Tests run: 12, Failures: 0, Errors: 0, Skipped: 0, Time elapsed: 0.288 sec
Running org.apache.jackrabbit.oak.plugins.nodetype.TypeEditorTest
Tests run: 5, Failures: 0, Errors: 0, Skipped: 0, Time elapsed: 0.174 sec
Running org.apache.jackrabbit.oak.plugins.tree.TreeLocationTest
Tests run: 20, Failures: 0, Errors: 0, Skipped: 0, Time elapsed: 0.083 sec
Running org.apache.jackrabbit.oak.plugins.name.NameValidatorTest
Tests run: 10, Failures: 0, Errors: 0, Skipped: 0, Time elapsed: 0.001 sec
Running org.apache.jackrabbit.oak.plugins.name.ReadWriteNamespaceRegistryTest
Tests run: 4, Failures: 0, Errors: 0, Skipped: 0, Time elapsed: 0.734 sec
Running org.apache.jackrabbit.oak.plugins.backup.FileStoreBackupTest
Tests run: 3, Failures: 0, Errors: 0, Skipped: 1, Time elapsed: 24.756 sec
Running org.apache.jackrabbit.oak.security.authentication.user.UserAuthenticationTest
Tests run: 8, Failures: 0, Errors: 0, Skipped: 0, Time elapsed: 0.65 sec
Running org.apache.jackrabbit.oak.security.authentication.user.LoginModuleImplTest
Tests run: 8, Failures: 0, Errors: 0, Skipped: 0, Time elapsed: 0.458 sec
Running org.apache.jackrabbit.oak.security.authentication.GuestDefaultLoginModuleTest
Tests run: 2, Failures: 0, Errors: 0, Skipped: 0, Time elapsed: 0.114 sec
Running org.apache.jackrabbit.oak.security.authentication.token.TokenInfoTest
Tests run: 10, Failures: 0, Errors: 0, Skipped: 0, Time elapsed: 0.676 sec
Running org.apache.jackrabbit.oak.security.authentication.token.TokenAuthenticationTest
Tests run: 6, Failures: 0, Errors: 0, Skipped: 0, Time elapsed: 0.368 sec
Running org.apache.jackrabbit.oak.security.authentication.token.TokenLoginModuleTest
Tests run: 6, Failures: 0, Errors: 0, Skipped: 0, Time elapsed: 0.372 sec
Running org.apache.jackrabbit.oak.security.authentication.token.TokenProviderImplTest
Tests run: 14, Failures: 0, Errors: 0, Skipped: 0, Time elapsed: 0.745 sec
Running org.apache.jackrabbit.oak.security.authentication.Jackrabbit2ConfigurationTest
Tests run: 13, Failures: 0, Errors: 0, Skipped: 0, Time elapsed: 0.68 sec
Running org.apache.jackrabbit.oak.security.authentication.TokenDefaultLoginModuleTest
Tests run: 13, Failures: 0, Errors: 0, Skipped: 0, Time elapsed: 0.592 sec
Running org.apache.jackrabbit.oak.security.user.UserInitializerTest
Tests run: 7, Failures: 0, Errors: 0, Skipped: 0, Time elapsed: 0.412 sec
Running org.apache.jackrabbit.oak.security.user.UserManagerImplTest
Tests run: 7, Failures: 0, Errors: 0, Skipped: 0, Time elapsed: 0.261 sec
Running org.apache.jackrabbit.oak.security.user.UserValidatorTest
Tests run: 14, Failures: 0, Errors: 0, Skipped: 0, Time elapsed: 0.706 sec
Running org.apache.jackrabbit.oak.security.user.UserProviderTest
Tests run: 11, Failures: 0, Errors: 0, Skipped: 0, Time elapsed: 0.368 sec
Running org.apache.jackrabbit.oak.security.user.EveryoneGroupTest
Tests run: 15, Failures: 0, Errors: 0, Skipped: 0, Time elapsed: 0.771 sec
Running org.apache.jackrabbit.oak.security.user.AuthorizableImplTest
Tests run: 3, Failures: 0, Errors: 0, Skipped: 0, Time elapsed: 0.14 sec
Running org.apache.jackrabbit.oak.security.user.autosave.AutoSaveEnabledManagerTest
Tests run: 14, Failures: 0, Errors: 0, Skipped: 0, Time elapsed: 0.641 sec
Running org.apache.jackrabbit.oak.security.user.query.UserQueryManagerTest
Tests run: 4, Failures: 0, Errors: 0, Skipped: 0, Time elapsed: 0.24 sec
Running org.apache.jackrabbit.oak.security.user.MembershipProviderTest
Tests run: 5, Failures: 0, Errors: 0, Skipped: 0, Time elapsed: 10.493 sec
Running org.apache.jackrabbit.oak.security.authorization.accesscontrol.AccessControlValidatorTest
Tests run: 15, Failures: 0, Errors: 0, Skipped: 0, Time elapsed: 0.841 sec
Running org.apache.jackrabbit.oak.security.authorization.accesscontrol.AccessControlManagerImplTest
Tests run: 101, Failures: 1, Errors: 0, Skipped: 0, Time elapsed: 5.101 sec <<< FAILURE!
testSetPolicyWritesAcContent(org.apache.jackrabbit.oak.security.authorization.accesscontrol.AccessControlManagerImplTest)  Time elapsed: 0.058 sec  <<< FAILURE!
arrays first differed at element [0]; expected:<jcr:addChildNodes> but was:<jcr:read>
	at org.junit.internal.ComparisonCriteria.arrayEquals(ComparisonCriteria.java:52)
	at org.junit.Assert.internalArrayEquals(Assert.java:416)
	at org.junit.Assert.assertArrayEquals(Assert.java:168)
	at org.junit.Assert.assertArrayEquals(Assert.java:185)
	at org.apache.jackrabbit.oak.security.authorization.accesscontrol.AccessControlManagerImplTest.testSetPolicyWritesAcContent(AccessControlManagerImplTest.java:1245)
	at sun.reflect.NativeMethodAccessorImpl.invoke0(Native Method)
	at sun.reflect.NativeMethodAccessorImpl.invoke(NativeMethodAccessorImpl.java:62)
	at sun.reflect.DelegatingMethodAccessorImpl.invoke(DelegatingMethodAccessorImpl.java:43)
	at java.lang.reflect.Method.invoke(Method.java:498)
	at org.junit.runners.model.FrameworkMethod$1.runReflectiveCall(FrameworkMethod.java:45)
	at org.junit.internal.runners.model.ReflectiveCallable.run(ReflectiveCallable.java:15)
	at org.junit.runners.model.FrameworkMethod.invokeExplosively(FrameworkMethod.java:42)
	at org.junit.internal.runners.statements.InvokeMethod.evaluate(InvokeMethod.java:20)
	at org.junit.internal.runners.statements.RunBefores.evaluate(RunBefores.java:28)
	at org.junit.internal.runners.statements.RunAfters.evaluate(RunAfters.java:30)
	at org.junit.runners.ParentRunner.runLeaf(ParentRunner.java:263)
	at org.junit.runners.BlockJUnit4ClassRunner.runChild(BlockJUnit4ClassRunner.java:68)
	at org.junit.runners.BlockJUnit4ClassRunner.runChild(BlockJUnit4ClassRunner.java:47)
	at org.junit.runners.ParentRunner$3.run(ParentRunner.java:231)
	at org.junit.runners.ParentRunner$1.schedule(ParentRunner.java:60)
	at org.junit.runners.ParentRunner.runChildren(ParentRunner.java:229)
	at org.junit.runners.ParentRunner.access$000(ParentRunner.java:50)
	at org.junit.runners.ParentRunner$2.evaluate(ParentRunner.java:222)
	at org.junit.runners.ParentRunner.run(ParentRunner.java:300)
	at org.apache.maven.surefire.junit4.JUnit4Provider.execute(JUnit4Provider.java:252)
	at org.apache.maven.surefire.junit4.JUnit4Provider.executeTestSet(JUnit4Provider.java:141)
	at org.apache.maven.surefire.junit4.JUnit4Provider.invoke(JUnit4Provider.java:112)
	at sun.reflect.NativeMethodAccessorImpl.invoke0(Native Method)
	at sun.reflect.NativeMethodAccessorImpl.invoke(NativeMethodAccessorImpl.java:62)
	at sun.reflect.DelegatingMethodAccessorImpl.invoke(DelegatingMethodAccessorImpl.java:43)
	at java.lang.reflect.Method.invoke(Method.java:498)
	at org.apache.maven.surefire.util.ReflectionUtils.invokeMethodWithArray(ReflectionUtils.java:189)
	at org.apache.maven.surefire.booter.ProviderFactory$ProviderProxy.invoke(ProviderFactory.java:165)
	at org.apache.maven.surefire.booter.ProviderFactory.invokeProvider(ProviderFactory.java:85)
	at org.apache.maven.surefire.booter.ForkedBooter.runSuitesInProcess(ForkedBooter.java:115)
	at org.apache.maven.surefire.booter.ForkedBooter.main(ForkedBooter.java:75)

Running org.apache.jackrabbit.oak.security.authorization.accesscontrol.ReadPolicyTest
Tests run: 2, Failures: 0, Errors: 0, Skipped: 0, Time elapsed: 0.087 sec
Running org.apache.jackrabbit.oak.security.authorization.accesscontrol.ACLTest
Tests run: 48, Failures: 0, Errors: 0, Skipped: 0, Time elapsed: 2.445 sec
Running org.apache.jackrabbit.oak.security.authorization.permission.TreePermissionImplTest
Tests run: 2, Failures: 0, Errors: 0, Skipped: 0, Time elapsed: 0.105 sec
Running org.apache.jackrabbit.oak.security.authorization.permission.ClusterPermissionsTest
Tests run: 3, Failures: 0, Errors: 0, Skipped: 0, Time elapsed: 1.841 sec
Running org.apache.jackrabbit.oak.security.authorization.permission.AllPermissionsTest
Tests run: 4, Failures: 0, Errors: 0, Skipped: 0, Time elapsed: 0.238 sec
Running org.apache.jackrabbit.oak.security.authorization.permission.PermissionProviderImplTest
Tests run: 6, Failures: 0, Errors: 0, Skipped: 0, Time elapsed: 0.394 sec
Running org.apache.jackrabbit.oak.security.authorization.permission.PermissionStoreTest
Tests run: 6, Failures: 0, Errors: 0, Skipped: 0, Time elapsed: 0.351 sec
Running org.apache.jackrabbit.oak.security.authorization.permission.PermissionHookTest
Tests run: 8, Failures: 0, Errors: 0, Skipped: 0, Time elapsed: 0.452 sec
Running org.apache.jackrabbit.oak.security.authorization.evaluation.RootTest
Tests run: 8, Failures: 0, Errors: 0, Skipped: 0, Time elapsed: 0.466 sec
Running org.apache.jackrabbit.oak.security.authorization.evaluation.HiddenPropertyTest
Tests run: 8, Failures: 0, Errors: 0, Skipped: 0, Time elapsed: 0.38 sec
Running org.apache.jackrabbit.oak.security.authorization.evaluation.MultipleSessionsACLStabilityTest
Tests run: 3, Failures: 0, Errors: 0, Skipped: 0, Time elapsed: 0.156 sec
Running org.apache.jackrabbit.oak.security.authorization.evaluation.JcrUUIDTest
Tests run: 7, Failures: 0, Errors: 0, Skipped: 0, Time elapsed: 0.599 sec
Running org.apache.jackrabbit.oak.security.authorization.evaluation.ShadowInvisibleContentTest
Tests run: 4, Failures: 0, Errors: 0, Skipped: 1, Time elapsed: 0.156 sec
Running org.apache.jackrabbit.oak.security.authorization.evaluation.VersionStorageTest
Tests run: 6, Failures: 0, Errors: 0, Skipped: 0, Time elapsed: 0.401 sec
Running org.apache.jackrabbit.oak.security.authorization.evaluation.HiddenTreeTest
Tests run: 7, Failures: 0, Errors: 0, Skipped: 0, Time elapsed: 0.579 sec
Running org.apache.jackrabbit.oak.security.authorization.evaluation.Jr2CompatibilityTest
Tests run: 3, Failures: 0, Errors: 0, Skipped: 0, Time elapsed: 0.174 sec
Running org.apache.jackrabbit.oak.security.authorization.evaluation.ChildOrderPropertyTest
Tests run: 5, Failures: 0, Errors: 0, Skipped: 0, Time elapsed: 0.243 sec
Running org.apache.jackrabbit.oak.security.authorization.evaluation.TreeTest
Tests run: 11, Failures: 0, Errors: 0, Skipped: 0, Time elapsed: 0.622 sec
Running org.apache.jackrabbit.oak.security.authorization.restriction.RestrictionProviderImplTest
Tests run: 2, Failures: 0, Errors: 0, Skipped: 0, Time elapsed: 0.092 sec
Running org.apache.jackrabbit.oak.security.privilege.PrivilegeDefinitionWriterTest
Tests run: 3, Failures: 0, Errors: 0, Skipped: 0, Time elapsed: 0.145 sec
Running org.apache.jackrabbit.oak.security.privilege.PrivilegeValidatorTest
Tests run: 6, Failures: 0, Errors: 0, Skipped: 0, Time elapsed: 0.294 sec
Running org.apache.jackrabbit.oak.security.privilege.PrivilegeDefinitionReaderTest
Tests run: 3, Failures: 0, Errors: 0, Skipped: 0, Time elapsed: 0.147 sec
Running org.apache.jackrabbit.oak.security.ConfigurationParametersTest
Tests run: 11, Failures: 0, Errors: 0, Skipped: 0, Time elapsed: 0.001 sec
Running org.apache.jackrabbit.oak.security.principal.PrincipalProviderImplTest
Tests run: 8, Failures: 0, Errors: 0, Skipped: 0, Time elapsed: 0.411 sec
Running org.apache.jackrabbit.oak.kernel.NodeStoreTest
Tests run: 80, Failures: 0, Errors: 0, Skipped: 0, Time elapsed: 4.217 sec
Running org.apache.jackrabbit.oak.kernel.JsopDiffTest
Tests run: 2, Failures: 0, Errors: 0, Skipped: 0, Time elapsed: 0.001 sec
Running org.apache.jackrabbit.oak.kernel.LargeKernelNodeStateTest
Tests run: 3, Failures: 0, Errors: 0, Skipped: 0, Time elapsed: 0.006 sec
Running org.apache.jackrabbit.oak.kernel.KernelNodeBuilderTest
Tests run: 5, Failures: 0, Errors: 0, Skipped: 0, Time elapsed: 0.002 sec
Running org.apache.jackrabbit.oak.kernel.TypeCodesTest
Tests run: 4, Failures: 0, Errors: 0, Skipped: 0, Time elapsed: 0 sec
Running org.apache.jackrabbit.oak.kernel.KernelNodeStoreCacheTest
Tests run: 4, Failures: 0, Errors: 0, Skipped: 0, Time elapsed: 0.004 sec
Running org.apache.jackrabbit.oak.kernel.KernelNodeStateTest
Tests run: 6, Failures: 0, Errors: 0, Skipped: 0, Time elapsed: 0.004 sec
Running org.apache.jackrabbit.oak.core.DefaultConflictHandlerTheirsTest
Tests run: 7, Failures: 0, Errors: 0, Skipped: 0, Time elapsed: 0.012 sec
Running org.apache.jackrabbit.oak.core.RootTest
Tests run: 76, Failures: 0, Errors: 0, Skipped: 0, Time elapsed: 2.781 sec
Running org.apache.jackrabbit.oak.core.ImmutableRootTest
Tests run: 8, Failures: 0, Errors: 0, Skipped: 0, Time elapsed: 0.007 sec
Running org.apache.jackrabbit.oak.core.MutableTreeTest
Tests run: 92, Failures: 0, Errors: 0, Skipped: 0, Time elapsed: 6.065 sec
Running org.apache.jackrabbit.oak.core.DefaultConflictHandlerOursTest
Tests run: 7, Failures: 0, Errors: 0, Skipped: 0, Time elapsed: 0 sec
Running org.apache.jackrabbit.oak.core.ImmutableTreeTest
Tests run: 20, Failures: 0, Errors: 0, Skipped: 0, Time elapsed: 0.029 sec
Running org.apache.jackrabbit.oak.api.ContentSessionTest
Tests run: 12, Failures: 0, Errors: 0, Skipped: 0, Time elapsed: 0.007 sec
Running org.apache.jackrabbit.oak.api.TreeTest
Tests run: 48, Failures: 0, Errors: 0, Skipped: 0, Time elapsed: 0.092 sec
Running org.apache.jackrabbit.oak.api.RootTest
Tests run: 4, Failures: 0, Errors: 0, Skipped: 0, Time elapsed: 0.007 sec
Running org.apache.jackrabbit.oak.api.UniquePropertyTest
Tests run: 1, Failures: 0, Errors: 0, Skipped: 0, Time elapsed: 0.024 sec
Running org.apache.jackrabbit.oak.api.QueryTest
Tests run: 1, Failures: 0, Errors: 0, Skipped: 0, Time elapsed: 0.014 sec
Running org.apache.jackrabbit.oak.spi.security.authentication.PreAuthTest
Tests run: 6, Failures: 0, Errors: 0, Skipped: 0, Time elapsed: 0.245 sec
Running org.apache.jackrabbit.oak.spi.security.authentication.GuestLoginModuleTest
Tests run: 3, Failures: 0, Errors: 0, Skipped: 0, Time elapsed: 0 sec
Running org.apache.jackrabbit.oak.spi.security.authentication.AbstractLoginModuleTest
Tests run: 4, Failures: 0, Errors: 0, Skipped: 0, Time elapsed: 0 sec
Running org.apache.jackrabbit.oak.spi.security.authorization.restriction.RestrictionImplTest
Tests run: 6, Failures: 0, Errors: 0, Skipped: 0, Time elapsed: 0.239 sec
Running org.apache.jackrabbit.oak.spi.security.authorization.restriction.RestrictionDefinitionImplTest
Tests run: 6, Failures: 0, Errors: 0, Skipped: 0, Time elapsed: 0.238 sec
Running org.apache.jackrabbit.oak.spi.security.authorization.restriction.CompositeRestrictionProviderTest
Tests run: 15, Failures: 0, Errors: 0, Skipped: 0, Time elapsed: 0.59 sec
Running org.apache.jackrabbit.oak.spi.security.authorization.restriction.AbstractRestrictionProviderTest
Tests run: 21, Failures: 0, Errors: 0, Skipped: 0, Time elapsed: 0.066 sec
Running org.apache.jackrabbit.oak.spi.security.authorization.accesscontrol.ImmutableACLTest
Tests run: 14, Failures: 0, Errors: 0, Skipped: 0, Time elapsed: 0.58 sec
Running org.apache.jackrabbit.oak.spi.security.authorization.accesscontrol.ACETest
Tests run: 26, Failures: 0, Errors: 0, Skipped: 0, Time elapsed: 1.038 sec
Running org.apache.jackrabbit.oak.spi.security.user.util.PasswordUtilTest
Tests run: 8, Failures: 0, Errors: 0, Skipped: 0, Time elapsed: 0.437 sec
Running org.apache.jackrabbit.oak.spi.security.user.action.PasswordValidationActionTest
Tests run: 4, Failures: 0, Errors: 0, Skipped: 0, Time elapsed: 0.135 sec
Running org.apache.jackrabbit.oak.spi.security.user.action.PasswordChangeActionTest
Tests run: 4, Failures: 0, Errors: 0, Skipped: 0, Time elapsed: 0.034 sec
Running org.apache.jackrabbit.oak.spi.security.user.action.AccessControlActionTest
Tests run: 2, Failures: 0, Errors: 0, Skipped: 0, Time elapsed: 0.096 sec
Running org.apache.jackrabbit.oak.spi.security.principal.PrincipalImplTest
Tests run: 3, Failures: 0, Errors: 0, Skipped: 0, Time elapsed: 0 sec
Running org.apache.jackrabbit.oak.spi.security.principal.EveryonePrincipalTest
Tests run: 7, Failures: 0, Errors: 0, Skipped: 0, Time elapsed: 0.001 sec
Running org.apache.jackrabbit.oak.spi.security.privilege.PrivilegeBitsProviderTest
Tests run: 10, Failures: 0, Errors: 0, Skipped: 0, Time elapsed: 0.163 sec
Running org.apache.jackrabbit.oak.spi.security.privilege.PrivilegeBitsTest
Tests run: 13, Failures: 0, Errors: 0, Skipped: 0, Time elapsed: 0.552 sec
Running org.apache.jackrabbit.oak.spi.state.MoveDetectorTest
Tests run: 6, Failures: 0, Errors: 0, Skipped: 0, Time elapsed: 0.001 sec
Running org.apache.jackrabbit.oak.spi.commit.SubtreeValidatorTest
Tests run: 1, Failures: 0, Errors: 0, Skipped: 0, Time elapsed: 0 sec
Running org.apache.jackrabbit.oak.spi.commit.BackgroundObserverTest
Tests run: 1, Failures: 0, Errors: 0, Skipped: 0, Time elapsed: 0.126 sec
Running org.apache.jackrabbit.oak.spi.commit.MoveTrackerTest
Tests run: 18, Failures: 0, Errors: 0, Skipped: 1, Time elapsed: 0.002 sec
Running org.apache.jackrabbit.oak.namepath.GlobalNameMapperTest
Tests run: 4, Failures: 0, Errors: 0, Skipped: 0, Time elapsed: 0 sec
Running org.apache.jackrabbit.oak.namepath.NamePathMapperImplTest
Tests run: 11, Failures: 0, Errors: 0, Skipped: 0, Time elapsed: 0.002 sec
Running org.apache.jackrabbit.oak.cache.CacheTest
Tests run: 13, Failures: 0, Errors: 0, Skipped: 0, Time elapsed: 0.532 sec
Running org.apache.jackrabbit.oak.cache.ConcurrentTest
Tests run: 1, Failures: 0, Errors: 0, Skipped: 0, Time elapsed: 1.059 sec
Running org.apache.jackrabbit.oak.OakTest
Tests run: 1, Failures: 0, Errors: 0, Skipped: 0, Time elapsed: 0 sec

Results :

Failed tests:   testSetPolicyWritesAcContent(org.apache.jackrabbit.oak.security.authorization.accesscontrol.AccessControlManagerImplTest): arrays first differed at element [0]; expected:<jcr:addChildNodes> but was:<jcr:read>

Tests run: 1578, Failures: 1, Errors: 0, Skipped: 72

[INFO] ------------------------------------------------------------------------
[INFO] BUILD FAILURE
[INFO] ------------------------------------------------------------------------
[INFO] Total time: 03:09 min
[INFO] Finished at: 2020-03-15T02:15:57-07:00
[INFO] Final Memory: 34M/1299M
[INFO] ------------------------------------------------------------------------
[ERROR] Failed to execute goal org.apache.maven.plugins:maven-surefire-plugin:2.12.4:test (default-test) on project oak-core: There are test failures.
[ERROR] 
[ERROR] Please refer to /scratch/tmp-rta/Bugs.jar_Jackrabbit-Oak_f1ba7a42_java-8/oak-core/target/surefire-reports for the individual test results.
[ERROR] -> [Help 1]
[ERROR] 
[ERROR] To see the full stack trace of the errors, re-run Maven with the -e switch.
[ERROR] Re-run Maven using the -X switch to enable full debug logging.
[ERROR] 
[ERROR] For more information about the errors and possible solutions, please read the following articles:
[ERROR] [Help 1] http://cwiki.apache.org/confluence/display/MAVEN/MojoFailureException
