Picked up JAVA_TOOL_OPTIONS: -XX:CICompilerCount=2 -XX:ParallelGCThreads=2 -XX:ConcGCThreads=2 -Djdk.net.URLClassPath.disableClassPathURLCheck=true 
Picked up _JAVA_OPTIONS: -Djdk.net.URLClassPath.disableClassPathURLCheck=true
Apache Maven 3.5.0 (Red Hat 3.5.0-4.3)
Maven home: /opt/rh/rh-maven35/root/usr/share/maven
Java version: 1.7.0_80, vendor: Oracle Corporation
Java home: /scratch/jmcampos/RTA/repair_them_all_framework/jdks/jdk1.7.0_80/jre
Default locale: en_US, platform encoding: UTF-8
OS name: "linux", version: "4.14.125-1.el7.retpoline.x86_64", arch: "amd64", family: "unix"
[INFO] Scanning for projects...
[INFO] 
[INFO] ------------------------------------------------------------------------
[INFO] Building Oak JCR Binding 0.6-SNAPSHOT
[INFO] ------------------------------------------------------------------------
[INFO] Downloading: http://repository.apache.org/snapshots/org/apache/jackrabbit/oak-core/0.6-SNAPSHOT/maven-metadata.xml
[INFO] Downloading: http://repository.apache.org/snapshots/org/apache/jackrabbit/oak-parent/0.6-SNAPSHOT/maven-metadata.xml
[INFO] Downloading: http://repository.apache.org/snapshots/org/apache/jackrabbit/oak-mk-api/0.6-SNAPSHOT/maven-metadata.xml
[INFO] Downloading: http://repository.apache.org/snapshots/org/apache/jackrabbit/oak-mk/0.6-SNAPSHOT/maven-metadata.xml
[INFO] Downloading: http://repository.apache.org/snapshots/org/apache/jackrabbit/oak-commons/0.6-SNAPSHOT/maven-metadata.xml
[INFO] Downloading: http://repository.apache.org/snapshots/org/apache/jackrabbit/oak-mk-remote/0.6-SNAPSHOT/maven-metadata.xml
[INFO] 
[INFO] --- maven-remote-resources-plugin:1.2.1:process (default) @ oak-jcr ---
[INFO] 
[INFO] --- maven-resources-plugin:2.5:resources (default-resources) @ oak-jcr ---
[debug] execute contextualize
[INFO] Using 'UTF-8' encoding to copy filtered resources.
[INFO] Copying 1 resource
[INFO] Copying 3 resources
[INFO] 
[INFO] --- maven-compiler-plugin:2.3.2:compile (default-compile) @ oak-jcr ---
[INFO] Nothing to compile - all classes are up to date
[INFO] 
[INFO] --- maven-resources-plugin:2.5:testResources (default-testResources) @ oak-jcr ---
[debug] execute contextualize
[INFO] Using 'UTF-8' encoding to copy filtered resources.
[INFO] Copying 3 resources
[INFO] Copying 3 resources
[INFO] 
[INFO] --- maven-compiler-plugin:2.3.2:testCompile (default-testCompile) @ oak-jcr ---
[INFO] Nothing to compile - all classes are up to date
[INFO] 
[INFO] --- maven-surefire-plugin:2.9:test (default-test) @ oak-jcr ---
[INFO] Surefire report directory: /tmp/Bugs.jar_Jackrabbit-Oak_4ed7bc8e_java-7/oak-jcr/target/surefire-reports
[INFO] Downloading: https://repo.maven.apache.org/maven2/org/apache/maven/surefire/surefire-junit4/2.9/surefire-junit4-2.9.pom
[INFO] Downloaded: https://repo.maven.apache.org/maven2/org/apache/maven/surefire/surefire-junit4/2.9/surefire-junit4-2.9.pom (2.6 kB at 3.1 kB/s)
[INFO] Downloading: https://repo.maven.apache.org/maven2/org/apache/maven/surefire/surefire-providers/2.9/surefire-providers-2.9.pom
[INFO] Downloaded: https://repo.maven.apache.org/maven2/org/apache/maven/surefire/surefire-providers/2.9/surefire-providers-2.9.pom (2.3 kB at 4.9 kB/s)
[INFO] Downloading: https://repo.maven.apache.org/maven2/org/apache/maven/surefire/surefire-junit4/2.9/surefire-junit4-2.9.jar
[INFO] Downloaded: https://repo.maven.apache.org/maven2/org/apache/maven/surefire/surefire-junit4/2.9/surefire-junit4-2.9.jar (33 kB at 1.1 MB/s)

-------------------------------------------------------
 T E S T S
-------------------------------------------------------
Picked up JAVA_TOOL_OPTIONS: -XX:CICompilerCount=2 -XX:ParallelGCThreads=2 -XX:ConcGCThreads=2 -Djdk.net.URLClassPath.disableClassPathURLCheck=true -XX:CICompilerCount=2 -XX:ParallelGCThreads=2 -XX:ConcGCThreads=2 -Djdk.net.URLClassPath.disableClassPathURLCheck=true 
Picked up _JAVA_OPTIONS: -Djdk.net.URLClassPath.disableClassPathURLCheck=true
Running org.apache.jackrabbit.oak.jcr.security.user.AdministratorTest
Tests run: 4, Failures: 0, Errors: 0, Skipped: 0, Time elapsed: 7.141 sec
Running org.apache.jackrabbit.oak.jcr.security.user.GroupTest
Tests run: 26, Failures: 0, Errors: 0, Skipped: 0, Time elapsed: 10.044 sec
Running org.apache.jackrabbit.oak.jcr.security.user.UserManagerTest
Tests run: 32, Failures: 0, Errors: 0, Skipped: 0, Time elapsed: 3.343 sec
Running org.apache.jackrabbit.oak.jcr.security.user.ImpersonationTest
Tests run: 3, Failures: 0, Errors: 0, Skipped: 0, Time elapsed: 3.342 sec
Running org.apache.jackrabbit.oak.jcr.security.user.CreateGroupTest
Tests run: 3, Failures: 0, Errors: 0, Skipped: 0, Time elapsed: 0 sec
Running org.apache.jackrabbit.oak.jcr.security.user.NestedGroupTest
Tests run: 4, Failures: 0, Errors: 0, Skipped: 0, Time elapsed: 0.001 sec
Running org.apache.jackrabbit.oak.jcr.security.user.UserTest
Tests run: 22, Failures: 0, Errors: 0, Skipped: 0, Time elapsed: 0.705 sec
Running org.apache.jackrabbit.oak.jcr.security.user.UserQueryTest
Tests run: 25, Failures: 0, Errors: 0, Skipped: 0, Time elapsed: 1.785 sec
Running org.apache.jackrabbit.oak.jcr.security.user.AuthorizableTest
Tests run: 25, Failures: 0, Errors: 0, Skipped: 0, Time elapsed: 0.147 sec
Running org.apache.jackrabbit.oak.jcr.security.user.CreateUserTest
Tests run: 12, Failures: 0, Errors: 0, Skipped: 0, Time elapsed: 1.255 sec
Running org.apache.jackrabbit.oak.jcr.security.user.EveryoneGroupTest
Tests run: 5, Failures: 0, Errors: 0, Skipped: 0, Time elapsed: 0.544 sec
Running org.apache.jackrabbit.oak.jcr.security.privilege.PrivilegeManagerTest
Tests run: 7, Failures: 0, Errors: 0, Skipped: 0, Time elapsed: 0.238 sec
Running org.apache.jackrabbit.oak.jcr.security.privilege.PrivilegeRegistrationTest
Tests run: 13, Failures: 0, Errors: 0, Skipped: 0, Time elapsed: 26.736 sec
Running org.apache.jackrabbit.oak.jcr.security.principal.PrincipalManagerTest
Tests run: 17, Failures: 0, Errors: 0, Skipped: 0, Time elapsed: 4.915 sec
Running org.apache.jackrabbit.oak.jcr.OrderableNodesTest
Tests run: 2, Failures: 0, Errors: 0, Skipped: 0, Time elapsed: 0.18 sec
Running org.apache.jackrabbit.oak.jcr.ValueFactoryTest
Tests run: 2, Failures: 0, Errors: 0, Skipped: 0, Time elapsed: 0.001 sec
Running org.apache.jackrabbit.oak.jcr.query.QueryTest
Tests run: 3, Failures: 0, Errors: 0, Skipped: 0, Time elapsed: 0 sec
Running org.apache.jackrabbit.oak.jcr.query.PrefetchIteratorTest
Tests run: 3, Failures: 0, Errors: 0, Skipped: 0, Time elapsed: 0.001 sec
Running org.apache.jackrabbit.oak.jcr.query.qom.QomTest
Tests run: 29, Failures: 0, Errors: 0, Skipped: 0, Time elapsed: 0.996 sec
Running org.apache.jackrabbit.oak.jcr.CRUDTest
Tests run: 6, Failures: 2, Errors: 0, Skipped: 0, Time elapsed: 0.181 sec <<< FAILURE!
Running org.apache.jackrabbit.oak.jcr.CompatibilityIssuesTest
Tests run: 1, Failures: 0, Errors: 0, Skipped: 0, Time elapsed: 0.102 sec
Running org.apache.jackrabbit.oak.jcr.AutoCreatedItemsTest
Tests run: 1, Failures: 0, Errors: 0, Skipped: 0, Time elapsed: 0.105 sec
Running org.apache.jackrabbit.oak.jcr.RepositoryTest
Tests run: 86, Failures: 0, Errors: 0, Skipped: 4, Time elapsed: 8.327 sec

Results :

Failed tests:   testRemoveBySetProperty(org.apache.jackrabbit.oak.jcr.CRUDTest)
  testRemoveMissingProperty(org.apache.jackrabbit.oak.jcr.CRUDTest): removing a missing property should fail

Tests run: 331, Failures: 2, Errors: 0, Skipped: 4

[INFO] ------------------------------------------------------------------------
[INFO] BUILD FAILURE
[INFO] ------------------------------------------------------------------------
[INFO] Total time: 01:37 min
[INFO] Finished at: 2020-03-09T05:22:10-07:00
[INFO] Final Memory: 20M/982M
[INFO] ------------------------------------------------------------------------
[ERROR] Failed to execute goal org.apache.maven.plugins:maven-surefire-plugin:2.9:test (default-test) on project oak-jcr: There are test failures.
[ERROR] 
[ERROR] Please refer to /tmp/Bugs.jar_Jackrabbit-Oak_4ed7bc8e_java-7/oak-jcr/target/surefire-reports for the individual test results.
[ERROR] -> [Help 1]
[ERROR] 
[ERROR] To see the full stack trace of the errors, re-run Maven with the -e switch.
[ERROR] Re-run Maven using the -X switch to enable full debug logging.
[ERROR] 
[ERROR] For more information about the errors and possible solutions, please read the following articles:
[ERROR] [Help 1] http://cwiki.apache.org/confluence/display/MAVEN/MojoFailureException
