Picked up JAVA_TOOL_OPTIONS: -XX:CICompilerCount=2 -XX:ParallelGCThreads=2 -XX:ConcGCThreads=2 -Djdk.net.URLClassPath.disableClassPathURLCheck=true 
Java HotSpot(TM) 64-Bit Server VM warning: ignoring option MaxPermSize=512m; support was removed in 8.0
Picked up _JAVA_OPTIONS: -Djdk.net.URLClassPath.disableClassPathURLCheck=true
Apache Maven 3.5.0 (Red Hat 3.5.0-4.3)
Maven home: /opt/rh/rh-maven35/root/usr/share/maven
Java version: 1.8.0_181, vendor: Oracle Corporation
Java home: /bam/scratch/jmcampos/RTA/repair_them_all_framework/jdks/jdk1.8.0_181/jre
Default locale: en_US, platform encoding: UTF-8
OS name: "linux", version: "4.14.147-1.el7.retpoline.x86_64", arch: "amd64", family: "unix"
[INFO] Scanning for projects...
[INFO] 
[INFO] ------------------------------------------------------------------------
[INFO] Building flink-runtime 1.0-SNAPSHOT
[INFO] ------------------------------------------------------------------------
[INFO] Downloading: http://repository.apache.org/snapshots/org/apache/flink/flink-core/1.0-SNAPSHOT/maven-metadata.xml
[INFO] Downloaded: http://repository.apache.org/snapshots/org/apache/flink/flink-core/1.0-SNAPSHOT/maven-metadata.xml (988 B at 1.8 kB/s)
[INFO] Downloading: http://repository.apache.org/snapshots/org/apache/flink/flink-parent/1.0-SNAPSHOT/maven-metadata.xml
[INFO] Downloaded: http://repository.apache.org/snapshots/org/apache/flink/flink-parent/1.0-SNAPSHOT/maven-metadata.xml (605 B at 251 B/s)
[INFO] Downloading: http://repository.apache.org/snapshots/org/apache/flink/flink-annotations/1.0-SNAPSHOT/maven-metadata.xml
[INFO] Downloaded: http://repository.apache.org/snapshots/org/apache/flink/flink-annotations/1.0-SNAPSHOT/maven-metadata.xml (995 B at 3.0 kB/s)
[INFO] Downloading: http://repository.apache.org/snapshots/org/apache/flink/flink-shaded-hadoop2/1.0-SNAPSHOT/maven-metadata.xml
[INFO] Downloaded: http://repository.apache.org/snapshots/org/apache/flink/flink-shaded-hadoop2/1.0-SNAPSHOT/maven-metadata.xml (786 B at 197 B/s)
[INFO] Downloading: http://repository.apache.org/snapshots/org/apache/flink/flink-shaded-hadoop/1.0-SNAPSHOT/maven-metadata.xml
[INFO] Downloaded: http://repository.apache.org/snapshots/org/apache/flink/flink-shaded-hadoop/1.0-SNAPSHOT/maven-metadata.xml (612 B at 1.8 kB/s)
[INFO] Downloading: http://repository.apache.org/snapshots/org/apache/flink/flink-java/1.0-SNAPSHOT/maven-metadata.xml
[INFO] Downloaded: http://repository.apache.org/snapshots/org/apache/flink/flink-java/1.0-SNAPSHOT/maven-metadata.xml (988 B at 2.9 kB/s)
[INFO] Downloading: http://repository.apache.org/snapshots/org/apache/flink/flink-shaded-curator-recipes/1.0-SNAPSHOT/maven-metadata.xml
[INFO] Downloaded: http://repository.apache.org/snapshots/org/apache/flink/flink-shaded-curator-recipes/1.0-SNAPSHOT/maven-metadata.xml (1.0 kB at 154 B/s)
[INFO] Downloading: http://repository.apache.org/snapshots/org/apache/flink/flink-shaded-curator/1.0-SNAPSHOT/maven-metadata.xml
[INFO] Downloaded: http://repository.apache.org/snapshots/org/apache/flink/flink-shaded-curator/1.0-SNAPSHOT/maven-metadata.xml (613 B at 1.8 kB/s)
[INFO] 
[INFO] --- maven-checkstyle-plugin:2.16:check (validate) @ flink-runtime_2.10 ---
[INFO] 
[INFO] --- maven-enforcer-plugin:1.3.1:enforce (enforce-maven) @ flink-runtime_2.10 ---
[INFO] Skipping Rule Enforcement.
[INFO] 
[INFO] --- git-commit-id-plugin:2.1.5:revision (default) @ flink-runtime_2.10 ---
[info] 
[info] /bam/scratch/tmp-rta/Bugs.jar_Flink_937963e3_java-8/.git
[info] 
[info] 
[info] 
[info] 
[info] 
[info] 
[info] 
[info] 
[info] 
[info] 
[info] 
[info] 
[info] 
[info] 
[INFO] 
[INFO] --- build-helper-maven-plugin:1.7:add-source (add-source) @ flink-runtime_2.10 ---
[INFO] Source directory: /bam/scratch/tmp-rta/Bugs.jar_Flink_937963e3_java-8/flink-runtime/src/main/scala added.
[INFO] 
[INFO] --- maven-remote-resources-plugin:1.5:process (default) @ flink-runtime_2.10 ---
[INFO] 
[INFO] --- maven-resources-plugin:2.6:resources (default-resources) @ flink-runtime_2.10 ---
[INFO] Using 'UTF-8' encoding to copy filtered resources.
[INFO] Copying 2 resources
[INFO] Copying 3 resources
[INFO] 
[INFO] --- scala-maven-plugin:3.1.4:compile (scala-compile-first) @ flink-runtime_2.10 ---
[INFO] Nothing to compile - all classes are up to date
[INFO] 
[INFO] --- maven-compiler-plugin:3.1:compile (default-compile) @ flink-runtime_2.10 ---
[INFO] Changes detected - recompiling the module!
[INFO] Compiling 536 source files to /bam/scratch/tmp-rta/Bugs.jar_Flink_937963e3_java-8/flink-runtime/target/classes
[WARNING] /bam/scratch/tmp-rta/Bugs.jar_Flink_937963e3_java-8/flink-runtime/src/main/java/org/apache/flink/runtime/util/SignalHandler.java:[22,16] sun.misc.Signal is internal proprietary API and may be removed in a future release
[WARNING] /bam/scratch/tmp-rta/Bugs.jar_Flink_937963e3_java-8/flink-runtime/src/main/java/org/apache/flink/runtime/zookeeper/ZooKeeperStateHandleStore.java:[90,44] unchecked conversion
  required: org.apache.flink.runtime.zookeeper.StateStorageHelper<T>
  found:    org.apache.flink.runtime.zookeeper.StateStorageHelper
[WARNING] /bam/scratch/tmp-rta/Bugs.jar_Flink_937963e3_java-8/flink-runtime/src/main/java/org/apache/flink/runtime/state/AbstractStateBackend.java:[297,80] unchecked call to restoreState(Backend,org.apache.flink.api.common.typeutils.TypeSerializer<K>,java.lang.ClassLoader,long) as a member of the raw type org.apache.flink.runtime.state.KvStateSnapshot
[WARNING] /bam/scratch/tmp-rta/Bugs.jar_Flink_937963e3_java-8/flink-runtime/src/main/java/org/apache/flink/runtime/util/DataInputDeserializer.java:[372,38] sun.misc.Unsafe is internal proprietary API and may be removed in a future release
[WARNING] /bam/scratch/tmp-rta/Bugs.jar_Flink_937963e3_java-8/flink-runtime/src/main/java/org/apache/flink/runtime/util/SignalHandler.java:[34,57] sun.misc.SignalHandler is internal proprietary API and may be removed in a future release
[WARNING] /bam/scratch/tmp-rta/Bugs.jar_Flink_937963e3_java-8/flink-runtime/src/main/java/org/apache/flink/runtime/util/SignalHandler.java:[37,39] sun.misc.SignalHandler is internal proprietary API and may be removed in a future release
[WARNING] /bam/scratch/tmp-rta/Bugs.jar_Flink_937963e3_java-8/flink-runtime/src/main/java/org/apache/flink/runtime/util/SignalHandler.java:[41,57] sun.misc.Signal is internal proprietary API and may be removed in a future release
[WARNING] /bam/scratch/tmp-rta/Bugs.jar_Flink_937963e3_java-8/flink-runtime/src/main/java/org/apache/flink/runtime/util/SignalHandler.java:[41,39] sun.misc.Signal is internal proprietary API and may be removed in a future release
[WARNING] /bam/scratch/tmp-rta/Bugs.jar_Flink_937963e3_java-8/flink-runtime/src/main/java/org/apache/flink/runtime/util/SignalHandler.java:[50,36] sun.misc.Signal is internal proprietary API and may be removed in a future release
[WARNING] /bam/scratch/tmp-rta/Bugs.jar_Flink_937963e3_java-8/flink-runtime/src/main/java/org/apache/flink/runtime/operators/shipping/OutputEmitter.java:[293,64] unchecked call to compare(T,T) as a member of the raw type org.apache.flink.api.common.typeutils.TypeComparator
[WARNING] /bam/scratch/tmp-rta/Bugs.jar_Flink_937963e3_java-8/flink-runtime/src/main/java/org/apache/flink/runtime/util/DataOutputSerializer.java:[336,38] sun.misc.Unsafe is internal proprietary API and may be removed in a future release
[WARNING] /bam/scratch/tmp-rta/Bugs.jar_Flink_937963e3_java-8/flink-runtime/src/main/java/org/apache/flink/runtime/util/DependencyVisitor.java:[191,29] visitMethodInsn(int,java.lang.String,java.lang.String,java.lang.String) in org.objectweb.asm.MethodVisitor has been deprecated
[WARNING] /bam/scratch/tmp-rta/Bugs.jar_Flink_937963e3_java-8/flink-runtime/src/main/java/org/apache/flink/runtime/operators/udf/AssignRangeIndex.java:[51,51] unchecked call to CommonRangeBoundaries(org.apache.flink.api.common.typeutils.TypeComparator<T>,java.lang.Object[][]) as a member of the raw type org.apache.flink.api.common.distributions.CommonRangeBoundaries
[WARNING] /bam/scratch/tmp-rta/Bugs.jar_Flink_937963e3_java-8/flink-runtime/src/main/java/org/apache/flink/runtime/operators/udf/AssignRangeIndex.java:[56,80] unchecked call to getRangeIndex(T) as a member of the raw type org.apache.flink.api.common.distributions.RangeBoundaries
[INFO] 
[INFO] --- build-helper-maven-plugin:1.7:add-test-source (add-test-source) @ flink-runtime_2.10 ---
[INFO] Test Source directory: /bam/scratch/tmp-rta/Bugs.jar_Flink_937963e3_java-8/flink-runtime/src/test/scala added.
[INFO] 
[INFO] --- maven-resources-plugin:2.6:testResources (default-testResources) @ flink-runtime_2.10 ---
[INFO] Using 'UTF-8' encoding to copy filtered resources.
[INFO] Copying 2 resources
[INFO] Copying 3 resources
[INFO] 
[INFO] --- scala-maven-plugin:3.1.4:testCompile (scala-test-compile) @ flink-runtime_2.10 ---
[INFO] Nothing to compile - all classes are up to date
[INFO] 
[INFO] --- maven-compiler-plugin:3.1:testCompile (default-testCompile) @ flink-runtime_2.10 ---
[INFO] Nothing to compile - all classes are up to date
[INFO] 
[INFO] --- maven-surefire-plugin:2.18.1:test (default-test) @ flink-runtime_2.10 ---
[INFO] Surefire report directory: /bam/scratch/tmp-rta/Bugs.jar_Flink_937963e3_java-8/flink-runtime/target/surefire-reports
[INFO] Downloading: https://repo.maven.apache.org/maven2/org/apache/maven/surefire/surefire-junit4/2.18.1/surefire-junit4-2.18.1.pom
[INFO] Downloaded: https://repo.maven.apache.org/maven2/org/apache/maven/surefire/surefire-junit4/2.18.1/surefire-junit4-2.18.1.pom (2.5 kB at 6.8 kB/s)
[INFO] Downloading: https://repo.maven.apache.org/maven2/org/apache/maven/surefire/surefire-providers/2.18.1/surefire-providers-2.18.1.pom
[INFO] Downloaded: https://repo.maven.apache.org/maven2/org/apache/maven/surefire/surefire-providers/2.18.1/surefire-providers-2.18.1.pom (2.5 kB at 283 kB/s)
[INFO] Downloading: https://repo.maven.apache.org/maven2/org/apache/maven/surefire/surefire-junit4/2.18.1/surefire-junit4-2.18.1.jar
[INFO] Downloaded: https://repo.maven.apache.org/maven2/org/apache/maven/surefire/surefire-junit4/2.18.1/surefire-junit4-2.18.1.jar (68 kB at 1.9 MB/s)

-------------------------------------------------------
 T E S T S
-------------------------------------------------------
Picked up JAVA_TOOL_OPTIONS: -XX:CICompilerCount=2 -XX:ParallelGCThreads=2 -XX:ConcGCThreads=2 -Djdk.net.URLClassPath.disableClassPathURLCheck=true -XX:CICompilerCount=2 -XX:ParallelGCThreads=2 -XX:ConcGCThreads=2 -Djdk.net.URLClassPath.disableClassPathURLCheck=true 
Picked up JAVA_TOOL_OPTIONS: -XX:CICompilerCount=2 -XX:ParallelGCThreads=2 -XX:ConcGCThreads=2 -Djdk.net.URLClassPath.disableClassPathURLCheck=true -XX:CICompilerCount=2 -XX:ParallelGCThreads=2 -XX:ConcGCThreads=2 -Djdk.net.URLClassPath.disableClassPathURLCheck=true 
Picked up _JAVA_OPTIONS: -Djdk.net.URLClassPath.disableClassPathURLCheck=true
Picked up _JAVA_OPTIONS: -Djdk.net.URLClassPath.disableClassPathURLCheck=true
Picked up JAVA_TOOL_OPTIONS: -XX:CICompilerCount=2 -XX:ParallelGCThreads=2 -XX:ConcGCThreads=2 -Djdk.net.URLClassPath.disableClassPathURLCheck=true -XX:CICompilerCount=2 -XX:ParallelGCThreads=2 -XX:ConcGCThreads=2 -Djdk.net.URLClassPath.disableClassPathURLCheck=true 
Picked up _JAVA_OPTIONS: -Djdk.net.URLClassPath.disableClassPathURLCheck=true
Picked up JAVA_TOOL_OPTIONS: -XX:CICompilerCount=2 -XX:ParallelGCThreads=2 -XX:ConcGCThreads=2 -Djdk.net.URLClassPath.disableClassPathURLCheck=true -XX:CICompilerCount=2 -XX:ParallelGCThreads=2 -XX:ConcGCThreads=2 -Djdk.net.URLClassPath.disableClassPathURLCheck=true 
Picked up _JAVA_OPTIONS: -Djdk.net.URLClassPath.disableClassPathURLCheck=true
Picked up JAVA_TOOL_OPTIONS: -XX:CICompilerCount=2 -XX:ParallelGCThreads=2 -XX:ConcGCThreads=2 -Djdk.net.URLClassPath.disableClassPathURLCheck=true -XX:CICompilerCount=2 -XX:ParallelGCThreads=2 -XX:ConcGCThreads=2 -Djdk.net.URLClassPath.disableClassPathURLCheck=true 
Picked up JAVA_TOOL_OPTIONS: -XX:CICompilerCount=2 -XX:ParallelGCThreads=2 -XX:ConcGCThreads=2 -Djdk.net.URLClassPath.disableClassPathURLCheck=true -XX:CICompilerCount=2 -XX:ParallelGCThreads=2 -XX:ConcGCThreads=2 -Djdk.net.URLClassPath.disableClassPathURLCheck=true 
Picked up JAVA_TOOL_OPTIONS: -XX:CICompilerCount=2 -XX:ParallelGCThreads=2 -XX:ConcGCThreads=2 -Djdk.net.URLClassPath.disableClassPathURLCheck=true -XX:CICompilerCount=2 -XX:ParallelGCThreads=2 -XX:ConcGCThreads=2 -Djdk.net.URLClassPath.disableClassPathURLCheck=true 
Picked up _JAVA_OPTIONS: -Djdk.net.URLClassPath.disableClassPathURLCheck=true
Picked up JAVA_TOOL_OPTIONS: -XX:CICompilerCount=2 -XX:ParallelGCThreads=2 -XX:ConcGCThreads=2 -Djdk.net.URLClassPath.disableClassPathURLCheck=true -XX:CICompilerCount=2 -XX:ParallelGCThreads=2 -XX:ConcGCThreads=2 -Djdk.net.URLClassPath.disableClassPathURLCheck=true 
Picked up _JAVA_OPTIONS: -Djdk.net.URLClassPath.disableClassPathURLCheck=true
Picked up JAVA_TOOL_OPTIONS: -XX:CICompilerCount=2 -XX:ParallelGCThreads=2 -XX:ConcGCThreads=2 -Djdk.net.URLClassPath.disableClassPathURLCheck=true -XX:CICompilerCount=2 -XX:ParallelGCThreads=2 -XX:ConcGCThreads=2 -Djdk.net.URLClassPath.disableClassPathURLCheck=true 
Picked up _JAVA_OPTIONS: -Djdk.net.URLClassPath.disableClassPathURLCheck=true
Picked up _JAVA_OPTIONS: -Djdk.net.URLClassPath.disableClassPathURLCheck=true
Picked up _JAVA_OPTIONS: -Djdk.net.URLClassPath.disableClassPathURLCheck=true
Running org.apache.flink.runtime.io.network.api.serialization.PagedViewsTest
Running org.apache.flink.runtime.operators.drivers.AllGroupReduceDriverTest
Running org.apache.flink.runtime.operators.sort.FixedLengthRecordSorterTest
Running org.apache.flink.runtime.io.network.partition.consumer.InputChannelTest
Running org.apache.flink.runtime.io.network.netty.NettyMessageSerializationTest
Running org.apache.flink.runtime.io.network.partition.PartialConsumePipelinedResultTest
Running org.apache.flink.runtime.executiongraph.LocalInputSplitsTest
Running org.apache.flink.runtime.jobmanager.StandaloneSubmittedJobGraphStoreTest
Tests run: 3, Failures: 0, Errors: 0, Skipped: 0, Time elapsed: 0.002 sec - in org.apache.flink.runtime.operators.drivers.AllGroupReduceDriverTest
Picked up JAVA_TOOL_OPTIONS: -XX:CICompilerCount=2 -XX:ParallelGCThreads=2 -XX:ConcGCThreads=2 -Djdk.net.URLClassPath.disableClassPathURLCheck=true -XX:CICompilerCount=2 -XX:ParallelGCThreads=2 -XX:ConcGCThreads=2 -Djdk.net.URLClassPath.disableClassPathURLCheck=true 
Picked up _JAVA_OPTIONS: -Djdk.net.URLClassPath.disableClassPathURLCheck=true
Picked up JAVA_TOOL_OPTIONS: -XX:CICompilerCount=2 -XX:ParallelGCThreads=2 -XX:ConcGCThreads=2 -Djdk.net.URLClassPath.disableClassPathURLCheck=true -XX:CICompilerCount=2 -XX:ParallelGCThreads=2 -XX:ConcGCThreads=2 -Djdk.net.URLClassPath.disableClassPathURLCheck=true 
Running org.apache.flink.runtime.io.disk.iomanager.IOManagerAsyncTest
Picked up _JAVA_OPTIONS: -Djdk.net.URLClassPath.disableClassPathURLCheck=true
Picked up JAVA_TOOL_OPTIONS: -XX:CICompilerCount=2 -XX:ParallelGCThreads=2 -XX:ConcGCThreads=2 -Djdk.net.URLClassPath.disableClassPathURLCheck=true -XX:CICompilerCount=2 -XX:ParallelGCThreads=2 -XX:ConcGCThreads=2 -Djdk.net.URLClassPath.disableClassPathURLCheck=true 
Running org.apache.flink.runtime.jobmanager.SlotCountExceedingParallelismTest
Picked up _JAVA_OPTIONS: -Djdk.net.URLClassPath.disableClassPathURLCheck=true
Picked up JAVA_TOOL_OPTIONS: -XX:CICompilerCount=2 -XX:ParallelGCThreads=2 -XX:ConcGCThreads=2 -Djdk.net.URLClassPath.disableClassPathURLCheck=true -XX:CICompilerCount=2 -XX:ParallelGCThreads=2 -XX:ConcGCThreads=2 -Djdk.net.URLClassPath.disableClassPathURLCheck=true 
Running org.apache.flink.runtime.io.network.netty.ServerTransportErrorHandlingTest
Picked up _JAVA_OPTIONS: -Djdk.net.URLClassPath.disableClassPathURLCheck=true
Picked up JAVA_TOOL_OPTIONS: -XX:CICompilerCount=2 -XX:ParallelGCThreads=2 -XX:ConcGCThreads=2 -Djdk.net.URLClassPath.disableClassPathURLCheck=true -XX:CICompilerCount=2 -XX:ParallelGCThreads=2 -XX:ConcGCThreads=2 -Djdk.net.URLClassPath.disableClassPathURLCheck=true 
Picked up JAVA_TOOL_OPTIONS: -XX:CICompilerCount=2 -XX:ParallelGCThreads=2 -XX:ConcGCThreads=2 -Djdk.net.URLClassPath.disableClassPathURLCheck=true -XX:CICompilerCount=2 -XX:ParallelGCThreads=2 -XX:ConcGCThreads=2 -Djdk.net.URLClassPath.disableClassPathURLCheck=true 
Running org.apache.flink.runtime.io.network.partition.PipelinedSubpartitionTest
Running org.apache.flink.runtime.executiongraph.ExecutionGraphRestartTest
Picked up _JAVA_OPTIONS: -Djdk.net.URLClassPath.disableClassPathURLCheck=true
Picked up _JAVA_OPTIONS: -Djdk.net.URLClassPath.disableClassPathURLCheck=true
Picked up JAVA_TOOL_OPTIONS: -XX:CICompilerCount=2 -XX:ParallelGCThreads=2 -XX:ConcGCThreads=2 -Djdk.net.URLClassPath.disableClassPathURLCheck=true -XX:CICompilerCount=2 -XX:ParallelGCThreads=2 -XX:ConcGCThreads=2 -Djdk.net.URLClassPath.disableClassPathURLCheck=true 
Picked up _JAVA_OPTIONS: -Djdk.net.URLClassPath.disableClassPathURLCheck=true
Picked up JAVA_TOOL_OPTIONS: -XX:CICompilerCount=2 -XX:ParallelGCThreads=2 -XX:ConcGCThreads=2 -Djdk.net.URLClassPath.disableClassPathURLCheck=true -XX:CICompilerCount=2 -XX:ParallelGCThreads=2 -XX:ConcGCThreads=2 -Djdk.net.URLClassPath.disableClassPathURLCheck=true 
Picked up _JAVA_OPTIONS: -Djdk.net.URLClassPath.disableClassPathURLCheck=true
Picked up JAVA_TOOL_OPTIONS: -XX:CICompilerCount=2 -XX:ParallelGCThreads=2 -XX:ConcGCThreads=2 -Djdk.net.URLClassPath.disableClassPathURLCheck=true -XX:CICompilerCount=2 -XX:ParallelGCThreads=2 -XX:ConcGCThreads=2 -Djdk.net.URLClassPath.disableClassPathURLCheck=true 
Picked up _JAVA_OPTIONS: -Djdk.net.URLClassPath.disableClassPathURLCheck=true
Running org.apache.flink.runtime.operators.CrossTaskTest
Picked up JAVA_TOOL_OPTIONS: -XX:CICompilerCount=2 -XX:ParallelGCThreads=2 -XX:ConcGCThreads=2 -Djdk.net.URLClassPath.disableClassPathURLCheck=true -XX:CICompilerCount=2 -XX:ParallelGCThreads=2 -XX:ConcGCThreads=2 -Djdk.net.URLClassPath.disableClassPathURLCheck=true 
Picked up _JAVA_OPTIONS: -Djdk.net.URLClassPath.disableClassPathURLCheck=true
Picked up JAVA_TOOL_OPTIONS: -XX:CICompilerCount=2 -XX:ParallelGCThreads=2 -XX:ConcGCThreads=2 -Djdk.net.URLClassPath.disableClassPathURLCheck=true -XX:CICompilerCount=2 -XX:ParallelGCThreads=2 -XX:ConcGCThreads=2 -Djdk.net.URLClassPath.disableClassPathURLCheck=true 
Picked up _JAVA_OPTIONS: -Djdk.net.URLClassPath.disableClassPathURLCheck=true
Running org.apache.flink.runtime.executiongraph.ExecutionVertexCancelTest
Running org.apache.flink.runtime.operators.JoinTaskTest
Picked up JAVA_TOOL_OPTIONS: -XX:CICompilerCount=2 -XX:ParallelGCThreads=2 -XX:ConcGCThreads=2 -Djdk.net.URLClassPath.disableClassPathURLCheck=true -XX:CICompilerCount=2 -XX:ParallelGCThreads=2 -XX:ConcGCThreads=2 -Djdk.net.URLClassPath.disableClassPathURLCheck=true 
Picked up _JAVA_OPTIONS: -Djdk.net.URLClassPath.disableClassPathURLCheck=true
Picked up JAVA_TOOL_OPTIONS: -XX:CICompilerCount=2 -XX:ParallelGCThreads=2 -XX:ConcGCThreads=2 -Djdk.net.URLClassPath.disableClassPathURLCheck=true -XX:CICompilerCount=2 -XX:ParallelGCThreads=2 -XX:ConcGCThreads=2 -Djdk.net.URLClassPath.disableClassPathURLCheck=true 
Picked up _JAVA_OPTIONS: -Djdk.net.URLClassPath.disableClassPathURLCheck=true
Running org.apache.flink.runtime.executiongraph.VertexLocationConstraintTest
Running org.apache.flink.runtime.io.network.netty.NettyServerLowAndHighWatermarkTest
Picked up JAVA_TOOL_OPTIONS: -XX:CICompilerCount=2 -XX:ParallelGCThreads=2 -XX:ConcGCThreads=2 -Djdk.net.URLClassPath.disableClassPathURLCheck=true -XX:CICompilerCount=2 -XX:ParallelGCThreads=2 -XX:ConcGCThreads=2 -Djdk.net.URLClassPath.disableClassPathURLCheck=true 
Picked up _JAVA_OPTIONS: -Djdk.net.URLClassPath.disableClassPathURLCheck=true
Running org.apache.flink.runtime.executiongraph.ExecutionVertexSchedulingTest
Picked up JAVA_TOOL_OPTIONS: -XX:CICompilerCount=2 -XX:ParallelGCThreads=2 -XX:ConcGCThreads=2 -Djdk.net.URLClassPath.disableClassPathURLCheck=true -XX:CICompilerCount=2 -XX:ParallelGCThreads=2 -XX:ConcGCThreads=2 -Djdk.net.URLClassPath.disableClassPathURLCheck=true 
Picked up _JAVA_OPTIONS: -Djdk.net.URLClassPath.disableClassPathURLCheck=true
Picked up JAVA_TOOL_OPTIONS: -XX:CICompilerCount=2 -XX:ParallelGCThreads=2 -XX:ConcGCThreads=2 -Djdk.net.URLClassPath.disableClassPathURLCheck=true -XX:CICompilerCount=2 -XX:ParallelGCThreads=2 -XX:ConcGCThreads=2 -Djdk.net.URLClassPath.disableClassPathURLCheck=true 
Picked up _JAVA_OPTIONS: -Djdk.net.URLClassPath.disableClassPathURLCheck=true
Running org.apache.flink.runtime.jobmanager.scheduler.ScheduleWithCoLocationHintTest
Running org.apache.flink.runtime.operators.hash.HashTableTest
Picked up JAVA_TOOL_OPTIONS: -XX:CICompilerCount=2 -XX:ParallelGCThreads=2 -XX:ConcGCThreads=2 -Djdk.net.URLClassPath.disableClassPathURLCheck=true -XX:CICompilerCount=2 -XX:ParallelGCThreads=2 -XX:ConcGCThreads=2 -Djdk.net.URLClassPath.disableClassPathURLCheck=true 
Picked up _JAVA_OPTIONS: -Djdk.net.URLClassPath.disableClassPathURLCheck=true
Running org.apache.flink.runtime.io.network.netty.ClientTransportErrorHandlingTest
Picked up JAVA_TOOL_OPTIONS: -XX:CICompilerCount=2 -XX:ParallelGCThreads=2 -XX:ConcGCThreads=2 -Djdk.net.URLClassPath.disableClassPathURLCheck=true -XX:CICompilerCount=2 -XX:ParallelGCThreads=2 -XX:ConcGCThreads=2 -Djdk.net.URLClassPath.disableClassPathURLCheck=true 
Picked up _JAVA_OPTIONS: -Djdk.net.URLClassPath.disableClassPathURLCheck=true
Picked up JAVA_TOOL_OPTIONS: -XX:CICompilerCount=2 -XX:ParallelGCThreads=2 -XX:ConcGCThreads=2 -Djdk.net.URLClassPath.disableClassPathURLCheck=true -XX:CICompilerCount=2 -XX:ParallelGCThreads=2 -XX:ConcGCThreads=2 -Djdk.net.URLClassPath.disableClassPathURLCheck=true 
Picked up _JAVA_OPTIONS: -Djdk.net.URLClassPath.disableClassPathURLCheck=true
Running org.apache.flink.runtime.operators.CombineTaskTest
Running org.apache.flink.runtime.jobmanager.JobManagerTest
Picked up JAVA_TOOL_OPTIONS: -XX:CICompilerCount=2 -XX:ParallelGCThreads=2 -XX:ConcGCThreads=2 -Djdk.net.URLClassPath.disableClassPathURLCheck=true -XX:CICompilerCount=2 -XX:ParallelGCThreads=2 -XX:ConcGCThreads=2 -Djdk.net.URLClassPath.disableClassPathURLCheck=true 
Picked up _JAVA_OPTIONS: -Djdk.net.URLClassPath.disableClassPathURLCheck=true
Picked up JAVA_TOOL_OPTIONS: -XX:CICompilerCount=2 -XX:ParallelGCThreads=2 -XX:ConcGCThreads=2 -Djdk.net.URLClassPath.disableClassPathURLCheck=true -XX:CICompilerCount=2 -XX:ParallelGCThreads=2 -XX:ConcGCThreads=2 -Djdk.net.URLClassPath.disableClassPathURLCheck=true 
Picked up _JAVA_OPTIONS: -Djdk.net.URLClassPath.disableClassPathURLCheck=true
Picked up JAVA_TOOL_OPTIONS: -XX:CICompilerCount=2 -XX:ParallelGCThreads=2 -XX:ConcGCThreads=2 -Djdk.net.URLClassPath.disableClassPathURLCheck=true -XX:CICompilerCount=2 -XX:ParallelGCThreads=2 -XX:ConcGCThreads=2 -Djdk.net.URLClassPath.disableClassPathURLCheck=true 
Picked up _JAVA_OPTIONS: -Djdk.net.URLClassPath.disableClassPathURLCheck=true
Running org.apache.flink.runtime.jobmanager.JobSubmitTest
Picked up JAVA_TOOL_OPTIONS: -XX:CICompilerCount=2 -XX:ParallelGCThreads=2 -XX:ConcGCThreads=2 -Djdk.net.URLClassPath.disableClassPathURLCheck=true -XX:CICompilerCount=2 -XX:ParallelGCThreads=2 -XX:ConcGCThreads=2 -Djdk.net.URLClassPath.disableClassPathURLCheck=true 
Picked up JAVA_TOOL_OPTIONS: -XX:CICompilerCount=2 -XX:ParallelGCThreads=2 -XX:ConcGCThreads=2 -Djdk.net.URLClassPath.disableClassPathURLCheck=true -XX:CICompilerCount=2 -XX:ParallelGCThreads=2 -XX:ConcGCThreads=2 -Djdk.net.URLClassPath.disableClassPathURLCheck=true 
Picked up _JAVA_OPTIONS: -Djdk.net.URLClassPath.disableClassPathURLCheck=true
Picked up JAVA_TOOL_OPTIONS: -XX:CICompilerCount=2 -XX:ParallelGCThreads=2 -XX:ConcGCThreads=2 -Djdk.net.URLClassPath.disableClassPathURLCheck=true -XX:CICompilerCount=2 -XX:ParallelGCThreads=2 -XX:ConcGCThreads=2 -Djdk.net.URLClassPath.disableClassPathURLCheck=true 
Picked up _JAVA_OPTIONS: -Djdk.net.URLClassPath.disableClassPathURLCheck=true
Picked up _JAVA_OPTIONS: -Djdk.net.URLClassPath.disableClassPathURLCheck=true
Running org.apache.flink.runtime.operators.util.OutputEmitterTest
Picked up JAVA_TOOL_OPTIONS: -XX:CICompilerCount=2 -XX:ParallelGCThreads=2 -XX:ConcGCThreads=2 -Djdk.net.URLClassPath.disableClassPathURLCheck=true -XX:CICompilerCount=2 -XX:ParallelGCThreads=2 -XX:ConcGCThreads=2 -Djdk.net.URLClassPath.disableClassPathURLCheck=true 
Picked up _JAVA_OPTIONS: -Djdk.net.URLClassPath.disableClassPathURLCheck=true
Picked up JAVA_TOOL_OPTIONS: -XX:CICompilerCount=2 -XX:ParallelGCThreads=2 -XX:ConcGCThreads=2 -Djdk.net.URLClassPath.disableClassPathURLCheck=true -XX:CICompilerCount=2 -XX:ParallelGCThreads=2 -XX:ConcGCThreads=2 -Djdk.net.URLClassPath.disableClassPathURLCheck=true 
Picked up _JAVA_OPTIONS: -Djdk.net.URLClassPath.disableClassPathURLCheck=true
Running org.apache.flink.runtime.operators.drivers.GroupReduceDriverTest
Picked up JAVA_TOOL_OPTIONS: -XX:CICompilerCount=2 -XX:ParallelGCThreads=2 -XX:ConcGCThreads=2 -Djdk.net.URLClassPath.disableClassPathURLCheck=true -XX:CICompilerCount=2 -XX:ParallelGCThreads=2 -XX:ConcGCThreads=2 -Djdk.net.URLClassPath.disableClassPathURLCheck=true 
Picked up _JAVA_OPTIONS: -Djdk.net.URLClassPath.disableClassPathURLCheck=true
Running org.apache.flink.runtime.operators.util.BitSetTest
Picked up JAVA_TOOL_OPTIONS: -XX:CICompilerCount=2 -XX:ParallelGCThreads=2 -XX:ConcGCThreads=2 -Djdk.net.URLClassPath.disableClassPathURLCheck=true -XX:CICompilerCount=2 -XX:ParallelGCThreads=2 -XX:ConcGCThreads=2 -Djdk.net.URLClassPath.disableClassPathURLCheck=true 
Picked up _JAVA_OPTIONS: -Djdk.net.URLClassPath.disableClassPathURLCheck=true
Running org.apache.flink.runtime.executiongraph.ExecutionVertexDeploymentTest
Picked up JAVA_TOOL_OPTIONS: -XX:CICompilerCount=2 -XX:ParallelGCThreads=2 -XX:ConcGCThreads=2 -Djdk.net.URLClassPath.disableClassPathURLCheck=true -XX:CICompilerCount=2 -XX:ParallelGCThreads=2 -XX:ConcGCThreads=2 -Djdk.net.URLClassPath.disableClassPathURLCheck=true 
Picked up _JAVA_OPTIONS: -Djdk.net.URLClassPath.disableClassPathURLCheck=true
Running org.apache.flink.runtime.executiongraph.ExecutionStateProgressTest
Picked up JAVA_TOOL_OPTIONS: -XX:CICompilerCount=2 -XX:ParallelGCThreads=2 -XX:ConcGCThreads=2 -Djdk.net.URLClassPath.disableClassPathURLCheck=true -XX:CICompilerCount=2 -XX:ParallelGCThreads=2 -XX:ConcGCThreads=2 -Djdk.net.URLClassPath.disableClassPathURLCheck=true 
Picked up _JAVA_OPTIONS: -Djdk.net.URLClassPath.disableClassPathURLCheck=true
Running org.apache.flink.runtime.operators.drivers.ReduceCombineDriverTest
Picked up JAVA_TOOL_OPTIONS: -XX:CICompilerCount=2 -XX:ParallelGCThreads=2 -XX:ConcGCThreads=2 -Djdk.net.URLClassPath.disableClassPathURLCheck=true -XX:CICompilerCount=2 -XX:ParallelGCThreads=2 -XX:ConcGCThreads=2 -Djdk.net.URLClassPath.disableClassPathURLCheck=true 
Picked up _JAVA_OPTIONS: -Djdk.net.URLClassPath.disableClassPathURLCheck=true
Running org.apache.flink.runtime.io.network.api.serialization.SpanningRecordSerializerTest
Picked up JAVA_TOOL_OPTIONS: -XX:CICompilerCount=2 -XX:ParallelGCThreads=2 -XX:ConcGCThreads=2 -Djdk.net.URLClassPath.disableClassPathURLCheck=true -XX:CICompilerCount=2 -XX:ParallelGCThreads=2 -XX:ConcGCThreads=2 -Djdk.net.URLClassPath.disableClassPathURLCheck=true 
Picked up _JAVA_OPTIONS: -Djdk.net.URLClassPath.disableClassPathURLCheck=true
Picked up JAVA_TOOL_OPTIONS: -XX:CICompilerCount=2 -XX:ParallelGCThreads=2 -XX:ConcGCThreads=2 -Djdk.net.URLClassPath.disableClassPathURLCheck=true -XX:CICompilerCount=2 -XX:ParallelGCThreads=2 -XX:ConcGCThreads=2 -Djdk.net.URLClassPath.disableClassPathURLCheck=true 
Picked up _JAVA_OPTIONS: -Djdk.net.URLClassPath.disableClassPathURLCheck=true
Picked up JAVA_TOOL_OPTIONS: -XX:CICompilerCount=2 -XX:ParallelGCThreads=2 -XX:ConcGCThreads=2 -Djdk.net.URLClassPath.disableClassPathURLCheck=true -XX:CICompilerCount=2 -XX:ParallelGCThreads=2 -XX:ConcGCThreads=2 -Djdk.net.URLClassPath.disableClassPathURLCheck=true 
Picked up _JAVA_OPTIONS: -Djdk.net.URLClassPath.disableClassPathURLCheck=true
Picked up JAVA_TOOL_OPTIONS: -XX:CICompilerCount=2 -XX:ParallelGCThreads=2 -XX:ConcGCThreads=2 -Djdk.net.URLClassPath.disableClassPathURLCheck=true -XX:CICompilerCount=2 -XX:ParallelGCThreads=2 -XX:ConcGCThreads=2 -Djdk.net.URLClassPath.disableClassPathURLCheck=true 
Picked up _JAVA_OPTIONS: -Djdk.net.URLClassPath.disableClassPathURLCheck=true
Running org.apache.flink.runtime.operators.CombinerOversizedRecordsTest
Running org.apache.flink.runtime.operators.CachedMatchTaskTest
Running org.apache.flink.runtime.operators.sort.LargeRecordHandlerTest
Running org.apache.flink.runtime.io.network.netty.PartitionRequestClientFactoryTest
Tests run: 1, Failures: 0, Errors: 0, Skipped: 1, Time elapsed: 0 sec - in org.apache.flink.runtime.io.network.netty.PartitionRequestClientFactoryTest
Running org.apache.flink.runtime.jobmanager.scheduler.LifoSetQueueTest
Tests run: 2, Failures: 0, Errors: 0, Skipped: 0, Time elapsed: 0.001 sec - in org.apache.flink.runtime.jobmanager.scheduler.LifoSetQueueTest
Tests run: 1, Failures: 0, Errors: 0, Skipped: 0, Time elapsed: 0 sec - in org.apache.flink.runtime.jobmanager.StandaloneSubmittedJobGraphStoreTest
Running org.apache.flink.runtime.jobmanager.scheduler.SlotAllocationFutureTest
Tests run: 4, Failures: 0, Errors: 0, Skipped: 0, Time elapsed: 0.127 sec - in org.apache.flink.runtime.io.network.partition.consumer.InputChannelTest
Running org.apache.flink.runtime.jobmanager.scheduler.SetQueueTest
Running org.apache.flink.runtime.operators.resettable.ReusingBlockResettableIteratorTest
Running org.apache.flink.runtime.io.disk.iomanager.AsynchronousFileIOChannelTest
Running org.apache.flink.runtime.jobmanager.scheduler.CoLocationConstraintTest
Tests run: 6, Failures: 0, Errors: 0, Skipped: 0, Time elapsed: 0.466 sec - in org.apache.flink.runtime.io.disk.iomanager.IOManagerAsyncTest
Tests run: 3, Failures: 0, Errors: 0, Skipped: 0, Time elapsed: 0 sec - in org.apache.flink.runtime.jobmanager.scheduler.SlotAllocationFutureTest
Tests run: 3, Failures: 0, Errors: 0, Skipped: 0, Time elapsed: 0 sec - in org.apache.flink.runtime.operators.resettable.ReusingBlockResettableIteratorTest
Tests run: 10, Failures: 0, Errors: 0, Skipped: 0, Time elapsed: 1.302 sec - in org.apache.flink.runtime.io.network.api.serialization.PagedViewsTest
Running org.apache.flink.runtime.io.network.netty.NettyConnectionManagerTest
Tests run: 11, Failures: 0, Errors: 0, Skipped: 0, Time elapsed: 0 sec - in org.apache.flink.runtime.executiongraph.ExecutionVertexCancelTest
Tests run: 2, Failures: 0, Errors: 0, Skipped: 0, Time elapsed: 0 sec - in org.apache.flink.runtime.jobmanager.scheduler.SetQueueTest
Tests run: 9, Failures: 0, Errors: 0, Skipped: 0, Time elapsed: 0 sec - in org.apache.flink.runtime.jobmanager.scheduler.ScheduleWithCoLocationHintTest
Tests run: 3, Failures: 0, Errors: 0, Skipped: 0, Time elapsed: 0 sec - in org.apache.flink.runtime.executiongraph.ExecutionVertexSchedulingTest
Tests run: 6, Failures: 0, Errors: 0, Skipped: 0, Time elapsed: 0.001 sec - in org.apache.flink.runtime.operators.CombineTaskTest
Tests run: 1, Failures: 0, Errors: 0, Skipped: 0, Time elapsed: 1.433 sec - in org.apache.flink.runtime.io.network.netty.NettyMessageSerializationTest
Tests run: 1, Failures: 0, Errors: 0, Skipped: 0, Time elapsed: 0.001 sec - in org.apache.flink.runtime.io.network.netty.NettyServerLowAndHighWatermarkTest
Tests run: 2, Failures: 0, Errors: 0, Skipped: 0, Time elapsed: 0 sec - in org.apache.flink.runtime.io.network.netty.NettyConnectionManagerTest
Tests run: 7, Failures: 0, Errors: 0, Skipped: 0, Time elapsed: 1.457 sec - in org.apache.flink.runtime.executiongraph.LocalInputSplitsTest
Tests run: 1, Failures: 0, Errors: 0, Skipped: 0, Time elapsed: 0.85 sec - in org.apache.flink.runtime.io.network.netty.ServerTransportErrorHandlingTest
Tests run: 6, Failures: 0, Errors: 0, Skipped: 0, Time elapsed: 0.001 sec - in org.apache.flink.runtime.operators.util.BitSetTest
Tests run: 5, Failures: 0, Errors: 0, Skipped: 0, Time elapsed: 0.001 sec - in org.apache.flink.runtime.operators.drivers.GroupReduceDriverTest
Tests run: 7, Failures: 0, Errors: 0, Skipped: 0, Time elapsed: 0.001 sec - in org.apache.flink.runtime.executiongraph.ExecutionVertexDeploymentTest
Tests run: 1, Failures: 0, Errors: 0, Skipped: 0, Time elapsed: 0.001 sec - in org.apache.flink.runtime.executiongraph.ExecutionStateProgressTest
Tests run: 6, Failures: 0, Errors: 0, Skipped: 0, Time elapsed: 0 sec - in org.apache.flink.runtime.io.network.api.serialization.SpanningRecordSerializerTest
Tests run: 3, Failures: 0, Errors: 0, Skipped: 0, Time elapsed: 0 sec - in org.apache.flink.runtime.operators.drivers.ReduceCombineDriverTest
Tests run: 2, Failures: 0, Errors: 0, Skipped: 0, Time elapsed: 0 sec - in org.apache.flink.runtime.jobmanager.scheduler.CoLocationConstraintTest
Tests run: 8, Failures: 0, Errors: 0, Skipped: 0, Time elapsed: 0.001 sec - in org.apache.flink.runtime.operators.util.OutputEmitterTest
Tests run: 6, Failures: 0, Errors: 0, Skipped: 0, Time elapsed: 0.479 sec - in org.apache.flink.runtime.executiongraph.VertexLocationConstraintTest
Tests run: 2, Failures: 0, Errors: 0, Skipped: 0, Time elapsed: 0.054 sec - in org.apache.flink.runtime.operators.CombinerOversizedRecordsTest
Picked up JAVA_TOOL_OPTIONS: -XX:CICompilerCount=2 -XX:ParallelGCThreads=2 -XX:ConcGCThreads=2 -Djdk.net.URLClassPath.disableClassPathURLCheck=true -XX:CICompilerCount=2 -XX:ParallelGCThreads=2 -XX:ConcGCThreads=2 -Djdk.net.URLClassPath.disableClassPathURLCheck=true 
Picked up _JAVA_OPTIONS: -Djdk.net.URLClassPath.disableClassPathURLCheck=true
Running org.apache.flink.runtime.io.network.buffer.BufferPoolFactoryTest
Tests run: 7, Failures: 0, Errors: 0, Skipped: 0, Time elapsed: 0.001 sec - in org.apache.flink.runtime.io.network.buffer.BufferPoolFactoryTest
Picked up JAVA_TOOL_OPTIONS: -XX:CICompilerCount=2 -XX:ParallelGCThreads=2 -XX:ConcGCThreads=2 -Djdk.net.URLClassPath.disableClassPathURLCheck=true -XX:CICompilerCount=2 -XX:ParallelGCThreads=2 -XX:ConcGCThreads=2 -Djdk.net.URLClassPath.disableClassPathURLCheck=true 
Picked up _JAVA_OPTIONS: -Djdk.net.URLClassPath.disableClassPathURLCheck=true
Running org.apache.flink.runtime.io.network.partition.consumer.SingleInputGateTest
Tests run: 3, Failures: 0, Errors: 0, Skipped: 0, Time elapsed: 0 sec - in org.apache.flink.runtime.io.network.partition.consumer.SingleInputGateTest
Picked up JAVA_TOOL_OPTIONS: -XX:CICompilerCount=2 -XX:ParallelGCThreads=2 -XX:ConcGCThreads=2 -Djdk.net.URLClassPath.disableClassPathURLCheck=true -XX:CICompilerCount=2 -XX:ParallelGCThreads=2 -XX:ConcGCThreads=2 -Djdk.net.URLClassPath.disableClassPathURLCheck=true 
Picked up _JAVA_OPTIONS: -Djdk.net.URLClassPath.disableClassPathURLCheck=true
Running org.apache.flink.runtime.io.network.NetworkEnvironmentTest
Picked up JAVA_TOOL_OPTIONS: -XX:CICompilerCount=2 -XX:ParallelGCThreads=2 -XX:ConcGCThreads=2 -Djdk.net.URLClassPath.disableClassPathURLCheck=true -XX:CICompilerCount=2 -XX:ParallelGCThreads=2 -XX:ConcGCThreads=2 -Djdk.net.URLClassPath.disableClassPathURLCheck=true 
Picked up JAVA_TOOL_OPTIONS: -XX:CICompilerCount=2 -XX:ParallelGCThreads=2 -XX:ConcGCThreads=2 -Djdk.net.URLClassPath.disableClassPathURLCheck=true -XX:CICompilerCount=2 -XX:ParallelGCThreads=2 -XX:ConcGCThreads=2 -Djdk.net.URLClassPath.disableClassPathURLCheck=true 
Picked up _JAVA_OPTIONS: -Djdk.net.URLClassPath.disableClassPathURLCheck=true
Picked up JAVA_TOOL_OPTIONS: -XX:CICompilerCount=2 -XX:ParallelGCThreads=2 -XX:ConcGCThreads=2 -Djdk.net.URLClassPath.disableClassPathURLCheck=true -XX:CICompilerCount=2 -XX:ParallelGCThreads=2 -XX:ConcGCThreads=2 -Djdk.net.URLClassPath.disableClassPathURLCheck=true 
Picked up _JAVA_OPTIONS: -Djdk.net.URLClassPath.disableClassPathURLCheck=true
Running org.apache.flink.runtime.operators.CoGroupTaskTest
Picked up _JAVA_OPTIONS: -Djdk.net.URLClassPath.disableClassPathURLCheck=true
Running org.apache.flink.runtime.operators.sort.MergeIteratorTest
Running org.apache.flink.runtime.operators.chaining.ChainTaskTest
Running org.apache.flink.runtime.io.network.api.serialization.SpanningRecordSerializationTest
Tests run: 3, Failures: 0, Errors: 0, Skipped: 0, Time elapsed: 0 sec - in org.apache.flink.runtime.operators.sort.MergeIteratorTest
Tests run: 4, Failures: 0, Errors: 0, Skipped: 0, Time elapsed: 0.002 sec - in org.apache.flink.runtime.io.network.api.serialization.SpanningRecordSerializationTest
Picked up JAVA_TOOL_OPTIONS: -XX:CICompilerCount=2 -XX:ParallelGCThreads=2 -XX:ConcGCThreads=2 -Djdk.net.URLClassPath.disableClassPathURLCheck=true -XX:CICompilerCount=2 -XX:ParallelGCThreads=2 -XX:ConcGCThreads=2 -Djdk.net.URLClassPath.disableClassPathURLCheck=true 
Picked up JAVA_TOOL_OPTIONS: -XX:CICompilerCount=2 -XX:ParallelGCThreads=2 -XX:ConcGCThreads=2 -Djdk.net.URLClassPath.disableClassPathURLCheck=true -XX:CICompilerCount=2 -XX:ParallelGCThreads=2 -XX:ConcGCThreads=2 -Djdk.net.URLClassPath.disableClassPathURLCheck=true 
Picked up _JAVA_OPTIONS: -Djdk.net.URLClassPath.disableClassPathURLCheck=true
Running org.apache.flink.runtime.io.network.netty.PartitionRequestQueueTest
Tests run: 1, Failures: 0, Errors: 0, Skipped: 0, Time elapsed: 0 sec - in org.apache.flink.runtime.io.network.netty.PartitionRequestQueueTest
Running org.apache.flink.runtime.executiongraph.VertexSlotSharingTest
Tests run: 1, Failures: 0, Errors: 0, Skipped: 0, Time elapsed: 0 sec - in org.apache.flink.runtime.executiongraph.VertexSlotSharingTest
Picked up _JAVA_OPTIONS: -Djdk.net.URLClassPath.disableClassPathURLCheck=true
Picked up JAVA_TOOL_OPTIONS: -XX:CICompilerCount=2 -XX:ParallelGCThreads=2 -XX:ConcGCThreads=2 -Djdk.net.URLClassPath.disableClassPathURLCheck=true -XX:CICompilerCount=2 -XX:ParallelGCThreads=2 -XX:ConcGCThreads=2 -Djdk.net.URLClassPath.disableClassPathURLCheck=true 
Running org.apache.flink.runtime.executiongraph.ExecutionGraphConstructionTest
Tests run: 8, Failures: 0, Errors: 0, Skipped: 0, Time elapsed: 0 sec - in org.apache.flink.runtime.executiongraph.ExecutionGraphConstructionTest
Picked up _JAVA_OPTIONS: -Djdk.net.URLClassPath.disableClassPathURLCheck=true
Picked up JAVA_TOOL_OPTIONS: -XX:CICompilerCount=2 -XX:ParallelGCThreads=2 -XX:ConcGCThreads=2 -Djdk.net.URLClassPath.disableClassPathURLCheck=true -XX:CICompilerCount=2 -XX:ParallelGCThreads=2 -XX:ConcGCThreads=2 -Djdk.net.URLClassPath.disableClassPathURLCheck=true 
Picked up JAVA_TOOL_OPTIONS: -XX:CICompilerCount=2 -XX:ParallelGCThreads=2 -XX:ConcGCThreads=2 -Djdk.net.URLClassPath.disableClassPathURLCheck=true -XX:CICompilerCount=2 -XX:ParallelGCThreads=2 -XX:ConcGCThreads=2 -Djdk.net.URLClassPath.disableClassPathURLCheck=true 
Running org.apache.flink.runtime.operators.drivers.AllReduceDriverTest
Tests run: 3, Failures: 0, Errors: 0, Skipped: 0, Time elapsed: 0 sec - in org.apache.flink.runtime.operators.drivers.AllReduceDriverTest
Picked up _JAVA_OPTIONS: -Djdk.net.URLClassPath.disableClassPathURLCheck=true
Running org.apache.flink.runtime.operators.RightOuterJoinTaskTest
Picked up _JAVA_OPTIONS: -Djdk.net.URLClassPath.disableClassPathURLCheck=true
Picked up JAVA_TOOL_OPTIONS: -XX:CICompilerCount=2 -XX:ParallelGCThreads=2 -XX:ConcGCThreads=2 -Djdk.net.URLClassPath.disableClassPathURLCheck=true -XX:CICompilerCount=2 -XX:ParallelGCThreads=2 -XX:ConcGCThreads=2 -Djdk.net.URLClassPath.disableClassPathURLCheck=true 
Picked up JAVA_TOOL_OPTIONS: -XX:CICompilerCount=2 -XX:ParallelGCThreads=2 -XX:ConcGCThreads=2 -Djdk.net.URLClassPath.disableClassPathURLCheck=true -XX:CICompilerCount=2 -XX:ParallelGCThreads=2 -XX:ConcGCThreads=2 -Djdk.net.URLClassPath.disableClassPathURLCheck=true 
Picked up JAVA_TOOL_OPTIONS: -XX:CICompilerCount=2 -XX:ParallelGCThreads=2 -XX:ConcGCThreads=2 -Djdk.net.URLClassPath.disableClassPathURLCheck=true -XX:CICompilerCount=2 -XX:ParallelGCThreads=2 -XX:ConcGCThreads=2 -Djdk.net.URLClassPath.disableClassPathURLCheck=true 
Picked up _JAVA_OPTIONS: -Djdk.net.URLClassPath.disableClassPathURLCheck=true
Picked up JAVA_TOOL_OPTIONS: -XX:CICompilerCount=2 -XX:ParallelGCThreads=2 -XX:ConcGCThreads=2 -Djdk.net.URLClassPath.disableClassPathURLCheck=true -XX:CICompilerCount=2 -XX:ParallelGCThreads=2 -XX:ConcGCThreads=2 -Djdk.net.URLClassPath.disableClassPathURLCheck=true 
Picked up JAVA_TOOL_OPTIONS: -XX:CICompilerCount=2 -XX:ParallelGCThreads=2 -XX:ConcGCThreads=2 -Djdk.net.URLClassPath.disableClassPathURLCheck=true -XX:CICompilerCount=2 -XX:ParallelGCThreads=2 -XX:ConcGCThreads=2 -Djdk.net.URLClassPath.disableClassPathURLCheck=true 
Picked up JAVA_TOOL_OPTIONS: -XX:CICompilerCount=2 -XX:ParallelGCThreads=2 -XX:ConcGCThreads=2 -Djdk.net.URLClassPath.disableClassPathURLCheck=true -XX:CICompilerCount=2 -XX:ParallelGCThreads=2 -XX:ConcGCThreads=2 -Djdk.net.URLClassPath.disableClassPathURLCheck=true 
Running org.apache.flink.runtime.jobmanager.scheduler.SchedulerIsolatedTasksTest
Picked up _JAVA_OPTIONS: -Djdk.net.URLClassPath.disableClassPathURLCheck=true
Running org.apache.flink.runtime.io.network.api.serialization.EventSerializerTest
Running org.apache.flink.runtime.executiongraph.AllVerticesIteratorTest
Running org.apache.flink.runtime.akka.AkkaUtilsTest
Running org.apache.flink.runtime.jobmanager.scheduler.SchedulerSlotSharingTest
Picked up _JAVA_OPTIONS: -Djdk.net.URLClassPath.disableClassPathURLCheck=true
Picked up JAVA_TOOL_OPTIONS: -XX:CICompilerCount=2 -XX:ParallelGCThreads=2 -XX:ConcGCThreads=2 -Djdk.net.URLClassPath.disableClassPathURLCheck=true -XX:CICompilerCount=2 -XX:ParallelGCThreads=2 -XX:ConcGCThreads=2 -Djdk.net.URLClassPath.disableClassPathURLCheck=true 
Picked up _JAVA_OPTIONS: -Djdk.net.URLClassPath.disableClassPathURLCheck=true
Tests run: 1, Failures: 0, Errors: 0, Skipped: 0, Time elapsed: 0 sec - in org.apache.flink.runtime.io.network.api.serialization.EventSerializerTest
Picked up _JAVA_OPTIONS: -Djdk.net.URLClassPath.disableClassPathURLCheck=true
Running org.apache.flink.runtime.operators.hash.CompactingHashTableTest
Picked up JAVA_TOOL_OPTIONS: -XX:CICompilerCount=2 -XX:ParallelGCThreads=2 -XX:ConcGCThreads=2 -Djdk.net.URLClassPath.disableClassPathURLCheck=true -XX:CICompilerCount=2 -XX:ParallelGCThreads=2 -XX:ConcGCThreads=2 -Djdk.net.URLClassPath.disableClassPathURLCheck=true 
Picked up _JAVA_OPTIONS: -Djdk.net.URLClassPath.disableClassPathURLCheck=true
Running org.apache.flink.runtime.operators.resettable.SpillingResettableMutableObjectIteratorTest
Picked up JAVA_TOOL_OPTIONS: -XX:CICompilerCount=2 -XX:ParallelGCThreads=2 -XX:ConcGCThreads=2 -Djdk.net.URLClassPath.disableClassPathURLCheck=true -XX:CICompilerCount=2 -XX:ParallelGCThreads=2 -XX:ConcGCThreads=2 -Djdk.net.URLClassPath.disableClassPathURLCheck=true 
Picked up _JAVA_OPTIONS: -Djdk.net.URLClassPath.disableClassPathURLCheck=true
Running org.apache.flink.runtime.operators.resettable.NonReusingBlockResettableIteratorTest
Tests run: 1, Failures: 0, Errors: 0, Skipped: 0, Time elapsed: 0 sec - in org.apache.flink.runtime.executiongraph.AllVerticesIteratorTest
Picked up _JAVA_OPTIONS: -Djdk.net.URLClassPath.disableClassPathURLCheck=true
Tests run: 7, Failures: 0, Errors: 0, Skipped: 0, Time elapsed: 0 sec - in org.apache.flink.runtime.akka.AkkaUtilsTest
Picked up _JAVA_OPTIONS: -Djdk.net.URLClassPath.disableClassPathURLCheck=true
Tests run: 3, Failures: 0, Errors: 0, Skipped: 0, Time elapsed: 0 sec - in org.apache.flink.runtime.operators.resettable.NonReusingBlockResettableIteratorTest
Picked up JAVA_TOOL_OPTIONS: -XX:CICompilerCount=2 -XX:ParallelGCThreads=2 -XX:ConcGCThreads=2 -Djdk.net.URLClassPath.disableClassPathURLCheck=true -XX:CICompilerCount=2 -XX:ParallelGCThreads=2 -XX:ConcGCThreads=2 -Djdk.net.URLClassPath.disableClassPathURLCheck=true 
Picked up _JAVA_OPTIONS: -Djdk.net.URLClassPath.disableClassPathURLCheck=true
Picked up JAVA_TOOL_OPTIONS: -XX:CICompilerCount=2 -XX:ParallelGCThreads=2 -XX:ConcGCThreads=2 -Djdk.net.URLClassPath.disableClassPathURLCheck=true -XX:CICompilerCount=2 -XX:ParallelGCThreads=2 -XX:ConcGCThreads=2 -Djdk.net.URLClassPath.disableClassPathURLCheck=true 
Picked up _JAVA_OPTIONS: -Djdk.net.URLClassPath.disableClassPathURLCheck=true
Running org.apache.flink.runtime.akka.FlinkUntypedActorTest
Running org.apache.flink.runtime.operators.FullOuterJoinTaskTest
Picked up JAVA_TOOL_OPTIONS: -XX:CICompilerCount=2 -XX:ParallelGCThreads=2 -XX:ConcGCThreads=2 -Djdk.net.URLClassPath.disableClassPathURLCheck=true -XX:CICompilerCount=2 -XX:ParallelGCThreads=2 -XX:ConcGCThreads=2 -Djdk.net.URLClassPath.disableClassPathURLCheck=true 
Picked up _JAVA_OPTIONS: -Djdk.net.URLClassPath.disableClassPathURLCheck=true
Picked up JAVA_TOOL_OPTIONS: -XX:CICompilerCount=2 -XX:ParallelGCThreads=2 -XX:ConcGCThreads=2 -Djdk.net.URLClassPath.disableClassPathURLCheck=true -XX:CICompilerCount=2 -XX:ParallelGCThreads=2 -XX:ConcGCThreads=2 -Djdk.net.URLClassPath.disableClassPathURLCheck=true 
Picked up _JAVA_OPTIONS: -Djdk.net.URLClassPath.disableClassPathURLCheck=true
Picked up JAVA_TOOL_OPTIONS: -XX:CICompilerCount=2 -XX:ParallelGCThreads=2 -XX:ConcGCThreads=2 -Djdk.net.URLClassPath.disableClassPathURLCheck=true -XX:CICompilerCount=2 -XX:ParallelGCThreads=2 -XX:ConcGCThreads=2 -Djdk.net.URLClassPath.disableClassPathURLCheck=true 
Picked up _JAVA_OPTIONS: -Djdk.net.URLClassPath.disableClassPathURLCheck=true
Running org.apache.flink.runtime.io.network.partition.SpilledSubpartitionViewSyncIOTest
Running org.apache.flink.runtime.jobmanager.JobManagerStartupTest
Running org.apache.flink.runtime.io.network.api.writer.RecordWriterTest
Picked up JAVA_TOOL_OPTIONS: -XX:CICompilerCount=2 -XX:ParallelGCThreads=2 -XX:ConcGCThreads=2 -Djdk.net.URLClassPath.disableClassPathURLCheck=true -XX:CICompilerCount=2 -XX:ParallelGCThreads=2 -XX:ConcGCThreads=2 -Djdk.net.URLClassPath.disableClassPathURLCheck=true 
Picked up _JAVA_OPTIONS: -Djdk.net.URLClassPath.disableClassPathURLCheck=true
Tests run: 2, Failures: 0, Errors: 0, Skipped: 0, Time elapsed: 0 sec - in org.apache.flink.runtime.io.network.partition.SpilledSubpartitionViewSyncIOTest
Running org.apache.flink.runtime.operators.sort.NormalizedKeySorterTest
Picked up JAVA_TOOL_OPTIONS: -XX:CICompilerCount=2 -XX:ParallelGCThreads=2 -XX:ConcGCThreads=2 -Djdk.net.URLClassPath.disableClassPathURLCheck=true -XX:CICompilerCount=2 -XX:ParallelGCThreads=2 -XX:ConcGCThreads=2 -Djdk.net.URLClassPath.disableClassPathURLCheck=true 
Picked up _JAVA_OPTIONS: -Djdk.net.URLClassPath.disableClassPathURLCheck=true
Running org.apache.flink.runtime.io.network.netty.PartitionRequestClientHandlerTest
Tests run: 4, Failures: 0, Errors: 0, Skipped: 0, Time elapsed: 0.001 sec - in org.apache.flink.runtime.io.network.netty.PartitionRequestClientHandlerTest
Picked up JAVA_TOOL_OPTIONS: -XX:CICompilerCount=2 -XX:ParallelGCThreads=2 -XX:ConcGCThreads=2 -Djdk.net.URLClassPath.disableClassPathURLCheck=true -XX:CICompilerCount=2 -XX:ParallelGCThreads=2 -XX:ConcGCThreads=2 -Djdk.net.URLClassPath.disableClassPathURLCheck=true 
Picked up _JAVA_OPTIONS: -Djdk.net.URLClassPath.disableClassPathURLCheck=true
Running org.apache.flink.runtime.io.network.partition.ProducerFailedExceptionTest
Tests run: 2, Failures: 0, Errors: 0, Skipped: 0, Time elapsed: 0 sec - in org.apache.flink.runtime.io.network.partition.ProducerFailedExceptionTest
Picked up JAVA_TOOL_OPTIONS: -XX:CICompilerCount=2 -XX:ParallelGCThreads=2 -XX:ConcGCThreads=2 -Djdk.net.URLClassPath.disableClassPathURLCheck=true -XX:CICompilerCount=2 -XX:ParallelGCThreads=2 -XX:ConcGCThreads=2 -Djdk.net.URLClassPath.disableClassPathURLCheck=true 
Picked up _JAVA_OPTIONS: -Djdk.net.URLClassPath.disableClassPathURLCheck=true
Running org.apache.flink.runtime.io.network.buffer.BufferTest
Tests run: 2, Failures: 0, Errors: 0, Skipped: 0, Time elapsed: 0 sec - in org.apache.flink.runtime.io.network.buffer.BufferTest
Picked up JAVA_TOOL_OPTIONS: -XX:CICompilerCount=2 -XX:ParallelGCThreads=2 -XX:ConcGCThreads=2 -Djdk.net.URLClassPath.disableClassPathURLCheck=true -XX:CICompilerCount=2 -XX:ParallelGCThreads=2 -XX:ConcGCThreads=2 -Djdk.net.URLClassPath.disableClassPathURLCheck=true 
Picked up _JAVA_OPTIONS: -Djdk.net.URLClassPath.disableClassPathURLCheck=true
Picked up JAVA_TOOL_OPTIONS: -XX:CICompilerCount=2 -XX:ParallelGCThreads=2 -XX:ConcGCThreads=2 -Djdk.net.URLClassPath.disableClassPathURLCheck=true -XX:CICompilerCount=2 -XX:ParallelGCThreads=2 -XX:ConcGCThreads=2 -Djdk.net.URLClassPath.disableClassPathURLCheck=true 
Picked up _JAVA_OPTIONS: -Djdk.net.URLClassPath.disableClassPathURLCheck=true
Running org.apache.flink.runtime.operators.hash.MemoryHashTableTest
Picked up JAVA_TOOL_OPTIONS: -XX:CICompilerCount=2 -XX:ParallelGCThreads=2 -XX:ConcGCThreads=2 -Djdk.net.URLClassPath.disableClassPathURLCheck=true -XX:CICompilerCount=2 -XX:ParallelGCThreads=2 -XX:ConcGCThreads=2 -Djdk.net.URLClassPath.disableClassPathURLCheck=true 
Picked up JAVA_TOOL_OPTIONS: -XX:CICompilerCount=2 -XX:ParallelGCThreads=2 -XX:ConcGCThreads=2 -Djdk.net.URLClassPath.disableClassPathURLCheck=true -XX:CICompilerCount=2 -XX:ParallelGCThreads=2 -XX:ConcGCThreads=2 -Djdk.net.URLClassPath.disableClassPathURLCheck=true 
Picked up JAVA_TOOL_OPTIONS: -XX:CICompilerCount=2 -XX:ParallelGCThreads=2 -XX:ConcGCThreads=2 -Djdk.net.URLClassPath.disableClassPathURLCheck=true -XX:CICompilerCount=2 -XX:ParallelGCThreads=2 -XX:ConcGCThreads=2 -Djdk.net.URLClassPath.disableClassPathURLCheck=true 
Picked up JAVA_TOOL_OPTIONS: -XX:CICompilerCount=2 -XX:ParallelGCThreads=2 -XX:ConcGCThreads=2 -Djdk.net.URLClassPath.disableClassPathURLCheck=true -XX:CICompilerCount=2 -XX:ParallelGCThreads=2 -XX:ConcGCThreads=2 -Djdk.net.URLClassPath.disableClassPathURLCheck=true 
Picked up JAVA_TOOL_OPTIONS: -XX:CICompilerCount=2 -XX:ParallelGCThreads=2 -XX:ConcGCThreads=2 -Djdk.net.URLClassPath.disableClassPathURLCheck=true -XX:CICompilerCount=2 -XX:ParallelGCThreads=2 -XX:ConcGCThreads=2 -Djdk.net.URLClassPath.disableClassPathURLCheck=true 
Picked up JAVA_TOOL_OPTIONS: -XX:CICompilerCount=2 -XX:ParallelGCThreads=2 -XX:ConcGCThreads=2 -Djdk.net.URLClassPath.disableClassPathURLCheck=true -XX:CICompilerCount=2 -XX:ParallelGCThreads=2 -XX:ConcGCThreads=2 -Djdk.net.URLClassPath.disableClassPathURLCheck=true 
Picked up JAVA_TOOL_OPTIONS: -XX:CICompilerCount=2 -XX:ParallelGCThreads=2 -XX:ConcGCThreads=2 -Djdk.net.URLClassPath.disableClassPathURLCheck=true -XX:CICompilerCount=2 -XX:ParallelGCThreads=2 -XX:ConcGCThreads=2 -Djdk.net.URLClassPath.disableClassPathURLCheck=true 
Picked up JAVA_TOOL_OPTIONS: -XX:CICompilerCount=2 -XX:ParallelGCThreads=2 -XX:ConcGCThreads=2 -Djdk.net.URLClassPath.disableClassPathURLCheck=true -XX:CICompilerCount=2 -XX:ParallelGCThreads=2 -XX:ConcGCThreads=2 -Djdk.net.URLClassPath.disableClassPathURLCheck=true 
Picked up JAVA_TOOL_OPTIONS: -XX:CICompilerCount=2 -XX:ParallelGCThreads=2 -XX:ConcGCThreads=2 -Djdk.net.URLClassPath.disableClassPathURLCheck=true -XX:CICompilerCount=2 -XX:ParallelGCThreads=2 -XX:ConcGCThreads=2 -Djdk.net.URLClassPath.disableClassPathURLCheck=true 
Tests run: 2, Failures: 0, Errors: 0, Skipped: 0, Time elapsed: 0.482 sec - in org.apache.flink.runtime.io.network.NetworkEnvironmentTest
Tests run: 7, Failures: 0, Errors: 0, Skipped: 0, Time elapsed: 1.622 sec - in org.apache.flink.runtime.executiongraph.ExecutionGraphRestartTest
Picked up JAVA_TOOL_OPTIONS: -XX:CICompilerCount=2 -XX:ParallelGCThreads=2 -XX:ConcGCThreads=2 -Djdk.net.URLClassPath.disableClassPathURLCheck=true -XX:CICompilerCount=2 -XX:ParallelGCThreads=2 -XX:ConcGCThreads=2 -Djdk.net.URLClassPath.disableClassPathURLCheck=true 
Picked up _JAVA_OPTIONS: -Djdk.net.URLClassPath.disableClassPathURLCheck=true
Tests run: 6, Failures: 0, Errors: 0, Skipped: 0, Time elapsed: 1.196 sec - in org.apache.flink.runtime.io.network.netty.ClientTransportErrorHandlingTest
Picked up JAVA_TOOL_OPTIONS: -XX:CICompilerCount=2 -XX:ParallelGCThreads=2 -XX:ConcGCThreads=2 -Djdk.net.URLClassPath.disableClassPathURLCheck=true -XX:CICompilerCount=2 -XX:ParallelGCThreads=2 -XX:ConcGCThreads=2 -Djdk.net.URLClassPath.disableClassPathURLCheck=true 
Picked up _JAVA_OPTIONS: -Djdk.net.URLClassPath.disableClassPathURLCheck=true
Picked up JAVA_TOOL_OPTIONS: -XX:CICompilerCount=2 -XX:ParallelGCThreads=2 -XX:ConcGCThreads=2 -Djdk.net.URLClassPath.disableClassPathURLCheck=true -XX:CICompilerCount=2 -XX:ParallelGCThreads=2 -XX:ConcGCThreads=2 -Djdk.net.URLClassPath.disableClassPathURLCheck=true 
Running org.apache.flink.runtime.operators.resettable.SpillingResettableIteratorTest
Running org.apache.flink.runtime.io.network.partition.SpilledSubpartitionViewTest
Tests run: 2, Failures: 0, Errors: 0, Skipped: 0, Time elapsed: 0 sec - in org.apache.flink.runtime.io.network.partition.SpilledSubpartitionViewTest
Picked up JAVA_TOOL_OPTIONS: -XX:CICompilerCount=2 -XX:ParallelGCThreads=2 -XX:ConcGCThreads=2 -Djdk.net.URLClassPath.disableClassPathURLCheck=true -XX:CICompilerCount=2 -XX:ParallelGCThreads=2 -XX:ConcGCThreads=2 -Djdk.net.URLClassPath.disableClassPathURLCheck=true 
Picked up _JAVA_OPTIONS: -Djdk.net.URLClassPath.disableClassPathURLCheck=true
Running org.apache.flink.runtime.io.network.DefaultChannelSelectorTest
Running org.apache.flink.runtime.io.network.api.reader.AbstractReaderTest
Running org.apache.flink.runtime.executiongraph.PointwisePatternTest
Tests run: 1, Failures: 0, Errors: 0, Skipped: 0, Time elapsed: 0.002 sec - in org.apache.flink.runtime.io.network.DefaultChannelSelectorTest
Tests run: 4, Failures: 0, Errors: 0, Skipped: 0, Time elapsed: 0.002 sec - in org.apache.flink.runtime.io.network.api.reader.AbstractReaderTest
Picked up _JAVA_OPTIONS: -Djdk.net.URLClassPath.disableClassPathURLCheck=true
Tests run: 7, Failures: 0, Errors: 0, Skipped: 0, Time elapsed: 0.001 sec - in org.apache.flink.runtime.executiongraph.PointwisePatternTest
Picked up _JAVA_OPTIONS: -Djdk.net.URLClassPath.disableClassPathURLCheck=true
Running org.apache.flink.runtime.operators.util.BloomFilterTest
Running org.apache.flink.runtime.operators.drivers.ReduceDriverTest
Running org.apache.flink.runtime.io.network.netty.NettyBufferPoolTest
Picked up JAVA_TOOL_OPTIONS: -XX:CICompilerCount=2 -XX:ParallelGCThreads=2 -XX:ConcGCThreads=2 -Djdk.net.URLClassPath.disableClassPathURLCheck=true -XX:CICompilerCount=2 -XX:ParallelGCThreads=2 -XX:ConcGCThreads=2 -Djdk.net.URLClassPath.disableClassPathURLCheck=true 
Picked up _JAVA_OPTIONS: -Djdk.net.URLClassPath.disableClassPathURLCheck=true
Running org.apache.flink.runtime.io.disk.iomanager.BufferFileWriterReaderTest
Tests run: 2, Failures: 0, Errors: 0, Skipped: 0, Time elapsed: 0.013 sec - in org.apache.flink.runtime.io.disk.iomanager.BufferFileWriterReaderTest
Picked up _JAVA_OPTIONS: -Djdk.net.URLClassPath.disableClassPathURLCheck=true
Running org.apache.flink.runtime.io.network.partition.SpilledSubpartitionViewAsyncIOTest
Tests run: 1, Failures: 0, Errors: 0, Skipped: 0, Time elapsed: 0.014 sec - in org.apache.flink.runtime.io.network.partition.SpilledSubpartitionViewAsyncIOTest
Running org.apache.flink.runtime.io.network.partition.consumer.UnionInputGateTest
Tests run: 4, Failures: 0, Errors: 0, Skipped: 0, Time elapsed: 0.7 sec - in org.apache.flink.runtime.io.disk.iomanager.AsynchronousFileIOChannelTest
Picked up JAVA_TOOL_OPTIONS: -XX:CICompilerCount=2 -XX:ParallelGCThreads=2 -XX:ConcGCThreads=2 -Djdk.net.URLClassPath.disableClassPathURLCheck=true -XX:CICompilerCount=2 -XX:ParallelGCThreads=2 -XX:ConcGCThreads=2 -Djdk.net.URLClassPath.disableClassPathURLCheck=true 
Picked up _JAVA_OPTIONS: -Djdk.net.URLClassPath.disableClassPathURLCheck=true
Picked up JAVA_TOOL_OPTIONS: -XX:CICompilerCount=2 -XX:ParallelGCThreads=2 -XX:ConcGCThreads=2 -Djdk.net.URLClassPath.disableClassPathURLCheck=true -XX:CICompilerCount=2 -XX:ParallelGCThreads=2 -XX:ConcGCThreads=2 -Djdk.net.URLClassPath.disableClassPathURLCheck=true 
Picked up _JAVA_OPTIONS: -Djdk.net.URLClassPath.disableClassPathURLCheck=true
Picked up JAVA_TOOL_OPTIONS: -XX:CICompilerCount=2 -XX:ParallelGCThreads=2 -XX:ConcGCThreads=2 -Djdk.net.URLClassPath.disableClassPathURLCheck=true -XX:CICompilerCount=2 -XX:ParallelGCThreads=2 -XX:ConcGCThreads=2 -Djdk.net.URLClassPath.disableClassPathURLCheck=true 
Picked up _JAVA_OPTIONS: -Djdk.net.URLClassPath.disableClassPathURLCheck=true
Tests run: 1, Failures: 0, Errors: 0, Skipped: 0, Time elapsed: 0.016 sec - in org.apache.flink.runtime.io.network.partition.consumer.UnionInputGateTest
Picked up _JAVA_OPTIONS: -Djdk.net.URLClassPath.disableClassPathURLCheck=true
Picked up JAVA_TOOL_OPTIONS: -XX:CICompilerCount=2 -XX:ParallelGCThreads=2 -XX:ConcGCThreads=2 -Djdk.net.URLClassPath.disableClassPathURLCheck=true -XX:CICompilerCount=2 -XX:ParallelGCThreads=2 -XX:ConcGCThreads=2 -Djdk.net.URLClassPath.disableClassPathURLCheck=true 
Picked up _JAVA_OPTIONS: -Djdk.net.URLClassPath.disableClassPathURLCheck=true
Picked up JAVA_TOOL_OPTIONS: -XX:CICompilerCount=2 -XX:ParallelGCThreads=2 -XX:ConcGCThreads=2 -Djdk.net.URLClassPath.disableClassPathURLCheck=true -XX:CICompilerCount=2 -XX:ParallelGCThreads=2 -XX:ConcGCThreads=2 -Djdk.net.URLClassPath.disableClassPathURLCheck=true 
Picked up _JAVA_OPTIONS: -Djdk.net.URLClassPath.disableClassPathURLCheck=true
Picked up JAVA_TOOL_OPTIONS: -XX:CICompilerCount=2 -XX:ParallelGCThreads=2 -XX:ConcGCThreads=2 -Djdk.net.URLClassPath.disableClassPathURLCheck=true -XX:CICompilerCount=2 -XX:ParallelGCThreads=2 -XX:ConcGCThreads=2 -Djdk.net.URLClassPath.disableClassPathURLCheck=true 
Picked up _JAVA_OPTIONS: -Djdk.net.URLClassPath.disableClassPathURLCheck=true
Running org.apache.flink.runtime.jobmanager.scheduler.ScheduleOrUpdateConsumersTest
Picked up _JAVA_OPTIONS: -Djdk.net.URLClassPath.disableClassPathURLCheck=true
Picked up JAVA_TOOL_OPTIONS: -XX:CICompilerCount=2 -XX:ParallelGCThreads=2 -XX:ConcGCThreads=2 -Djdk.net.URLClassPath.disableClassPathURLCheck=true -XX:CICompilerCount=2 -XX:ParallelGCThreads=2 -XX:ConcGCThreads=2 -Djdk.net.URLClassPath.disableClassPathURLCheck=true 
Picked up _JAVA_OPTIONS: -Djdk.net.URLClassPath.disableClassPathURLCheck=true
Picked up JAVA_TOOL_OPTIONS: -XX:CICompilerCount=2 -XX:ParallelGCThreads=2 -XX:ConcGCThreads=2 -Djdk.net.URLClassPath.disableClassPathURLCheck=true -XX:CICompilerCount=2 -XX:ParallelGCThreads=2 -XX:ConcGCThreads=2 -Djdk.net.URLClassPath.disableClassPathURLCheck=true 
Picked up _JAVA_OPTIONS: -Djdk.net.URLClassPath.disableClassPathURLCheck=true
Picked up JAVA_TOOL_OPTIONS: -XX:CICompilerCount=2 -XX:ParallelGCThreads=2 -XX:ConcGCThreads=2 -Djdk.net.URLClassPath.disableClassPathURLCheck=true -XX:CICompilerCount=2 -XX:ParallelGCThreads=2 -XX:ConcGCThreads=2 -Djdk.net.URLClassPath.disableClassPathURLCheck=true 
Picked up _JAVA_OPTIONS: -Djdk.net.URLClassPath.disableClassPathURLCheck=true
Running org.apache.flink.runtime.io.disk.iomanager.IOManagerTest
Tests run: 1, Failures: 0, Errors: 0, Skipped: 0, Time elapsed: 0.013 sec - in org.apache.flink.runtime.io.disk.iomanager.IOManagerTest
Picked up JAVA_TOOL_OPTIONS: -XX:CICompilerCount=2 -XX:ParallelGCThreads=2 -XX:ConcGCThreads=2 -Djdk.net.URLClassPath.disableClassPathURLCheck=true -XX:CICompilerCount=2 -XX:ParallelGCThreads=2 -XX:ConcGCThreads=2 -Djdk.net.URLClassPath.disableClassPathURLCheck=true 
Picked up _JAVA_OPTIONS: -Djdk.net.URLClassPath.disableClassPathURLCheck=true
Running org.apache.flink.runtime.operators.resettable.BlockResettableMutableObjectIteratorTest
Tests run: 2, Failures: 0, Errors: 0, Skipped: 0, Time elapsed: 0.372 sec - in org.apache.flink.runtime.operators.resettable.SpillingResettableMutableObjectIteratorTest
Tests run: 3, Failures: 0, Errors: 0, Skipped: 0, Time elapsed: 0.014 sec - in org.apache.flink.runtime.operators.resettable.BlockResettableMutableObjectIteratorTest
Running org.apache.flink.runtime.operators.FlatMapTaskTest
Picked up _JAVA_OPTIONS: -Djdk.net.URLClassPath.disableClassPathURLCheck=true
Tests run: 3, Failures: 0, Errors: 0, Skipped: 0, Time elapsed: 0.005 sec - in org.apache.flink.runtime.operators.drivers.ReduceDriverTest
Tests run: 9, Failures: 0, Errors: 0, Skipped: 0, Time elapsed: 0.005 sec - in org.apache.flink.runtime.operators.util.BloomFilterTest
Picked up _JAVA_OPTIONS: -Djdk.net.URLClassPath.disableClassPathURLCheck=true
Tests run: 2, Failures: 0, Errors: 0, Skipped: 0, Time elapsed: 0.005 sec - in org.apache.flink.runtime.io.network.netty.NettyBufferPoolTest
Tests run: 4, Failures: 0, Errors: 0, Skipped: 0, Time elapsed: 0 sec - in org.apache.flink.runtime.operators.resettable.SpillingResettableIteratorTest
Picked up _JAVA_OPTIONS: -Djdk.net.URLClassPath.disableClassPathURLCheck=true
Picked up _JAVA_OPTIONS: -Djdk.net.URLClassPath.disableClassPathURLCheck=true
Picked up _JAVA_OPTIONS: -Djdk.net.URLClassPath.disableClassPathURLCheck=true
Running org.apache.flink.runtime.jobmanager.JobManagerProcessReapingTest
Running org.apache.flink.runtime.executiongraph.ExecutionGraphDeploymentTest
Running org.apache.flink.runtime.io.network.partition.consumer.RemoteInputChannelTest
Running org.apache.flink.runtime.jobmanager.JobManagerConnectionTest
Running org.apache.flink.runtime.io.network.serialization.LargeRecordsTest
Running org.apache.flink.runtime.io.network.buffer.LocalBufferPoolTest
Tests run: 10, Failures: 0, Errors: 0, Skipped: 0, Time elapsed: 0 sec - in org.apache.flink.runtime.io.network.buffer.LocalBufferPoolTest
Running org.apache.flink.runtime.executiongraph.TerminalStateDeadlockTest
Running org.apache.flink.runtime.executiongraph.TaskManagerLossFailsTasksTest
Tests run: 1, Failures: 0, Errors: 0, Skipped: 0, Time elapsed: 0 sec - in org.apache.flink.runtime.executiongraph.TaskManagerLossFailsTasksTest
Running org.apache.flink.runtime.io.network.api.reader.BufferReaderTest
Running org.apache.flink.runtime.io.network.netty.CancelPartitionRequestTest
Tests run: 2, Failures: 0, Errors: 0, Skipped: 0, Time elapsed: 0.383 sec - in org.apache.flink.runtime.akka.FlinkUntypedActorTest
Tests run: 1, Failures: 0, Errors: 0, Skipped: 0, Time elapsed: 2.661 sec - in org.apache.flink.runtime.io.network.partition.PartialConsumePipelinedResultTest
Tests run: 2, Failures: 0, Errors: 0, Skipped: 0, Time elapsed: 0.028 sec - in org.apache.flink.runtime.io.network.netty.CancelPartitionRequestTest
Tests run: 2, Failures: 0, Errors: 0, Skipped: 0, Time elapsed: 0.45 sec - in org.apache.flink.runtime.jobmanager.JobManagerStartupTest
Running org.apache.flink.runtime.jobmanager.JobManagerRegistrationTest
Picked up JAVA_TOOL_OPTIONS: -XX:CICompilerCount=2 -XX:ParallelGCThreads=2 -XX:ConcGCThreads=2 -Djdk.net.URLClassPath.disableClassPathURLCheck=true -XX:CICompilerCount=2 -XX:ParallelGCThreads=2 -XX:ConcGCThreads=2 -Djdk.net.URLClassPath.disableClassPathURLCheck=true 
Picked up JAVA_TOOL_OPTIONS: -XX:CICompilerCount=2 -XX:ParallelGCThreads=2 -XX:ConcGCThreads=2 -Djdk.net.URLClassPath.disableClassPathURLCheck=true -XX:CICompilerCount=2 -XX:ParallelGCThreads=2 -XX:ConcGCThreads=2 -Djdk.net.URLClassPath.disableClassPathURLCheck=true 
Picked up _JAVA_OPTIONS: -Djdk.net.URLClassPath.disableClassPathURLCheck=true
Picked up _JAVA_OPTIONS: -Djdk.net.URLClassPath.disableClassPathURLCheck=true
Running org.apache.flink.runtime.io.network.buffer.NetworkBufferPoolTest
Tests run: 2, Failures: 0, Errors: 0, Skipped: 0, Time elapsed: 0 sec - in org.apache.flink.runtime.io.network.buffer.NetworkBufferPoolTest
Picked up JAVA_TOOL_OPTIONS: -XX:CICompilerCount=2 -XX:ParallelGCThreads=2 -XX:ConcGCThreads=2 -Djdk.net.URLClassPath.disableClassPathURLCheck=true -XX:CICompilerCount=2 -XX:ParallelGCThreads=2 -XX:ConcGCThreads=2 -Djdk.net.URLClassPath.disableClassPathURLCheck=true 
Picked up _JAVA_OPTIONS: -Djdk.net.URLClassPath.disableClassPathURLCheck=true
Running org.apache.flink.runtime.io.network.partition.SpillableSubpartitionTest
Tests run: 6, Failures: 0, Errors: 0, Skipped: 0, Time elapsed: 0 sec - in org.apache.flink.runtime.io.network.partition.SpillableSubpartitionTest
Picked up JAVA_TOOL_OPTIONS: -XX:CICompilerCount=2 -XX:ParallelGCThreads=2 -XX:ConcGCThreads=2 -Djdk.net.URLClassPath.disableClassPathURLCheck=true -XX:CICompilerCount=2 -XX:ParallelGCThreads=2 -XX:ConcGCThreads=2 -Djdk.net.URLClassPath.disableClassPathURLCheck=true 
Picked up _JAVA_OPTIONS: -Djdk.net.URLClassPath.disableClassPathURLCheck=true
Running org.apache.flink.runtime.io.network.partition.consumer.LocalInputChannelTest
Picked up JAVA_TOOL_OPTIONS: -XX:CICompilerCount=2 -XX:ParallelGCThreads=2 -XX:ConcGCThreads=2 -Djdk.net.URLClassPath.disableClassPathURLCheck=true -XX:CICompilerCount=2 -XX:ParallelGCThreads=2 -XX:ConcGCThreads=2 -Djdk.net.URLClassPath.disableClassPathURLCheck=true 
Picked up _JAVA_OPTIONS: -Djdk.net.URLClassPath.disableClassPathURLCheck=true
Tests run: 2, Failures: 0, Errors: 0, Skipped: 0, Time elapsed: 1.618 sec - in org.apache.flink.runtime.jobmanager.JobSubmitTest
Running org.apache.flink.runtime.io.disk.iomanager.AsynchronousBufferFileWriterTest
Running org.apache.flink.runtime.akka.FlinkActorTest
Tests run: 3, Failures: 0, Errors: 0, Skipped: 0, Time elapsed: 0.268 sec - in org.apache.flink.runtime.io.network.partition.consumer.LocalInputChannelTest
Tests run: 3, Failures: 0, Errors: 0, Skipped: 0, Time elapsed: 0.94 sec - in org.apache.flink.runtime.io.network.api.writer.RecordWriterTest
Tests run: 1, Failures: 0, Errors: 0, Skipped: 0, Time elapsed: 0.648 sec - in org.apache.flink.runtime.executiongraph.TerminalStateDeadlockTest
Running org.apache.flink.runtime.operators.DataSinkTaskTest
Tests run: 12, Failures: 0, Errors: 0, Skipped: 0, Time elapsed: 1.106 sec - in org.apache.flink.runtime.jobmanager.scheduler.SchedulerSlotSharingTest
Picked up JAVA_TOOL_OPTIONS: -XX:CICompilerCount=2 -XX:ParallelGCThreads=2 -XX:ConcGCThreads=2 -Djdk.net.URLClassPath.disableClassPathURLCheck=true -XX:CICompilerCount=2 -XX:ParallelGCThreads=2 -XX:ConcGCThreads=2 -Djdk.net.URLClassPath.disableClassPathURLCheck=true 
Picked up _JAVA_OPTIONS: -Djdk.net.URLClassPath.disableClassPathURLCheck=true
Picked up JAVA_TOOL_OPTIONS: -XX:CICompilerCount=2 -XX:ParallelGCThreads=2 -XX:ConcGCThreads=2 -Djdk.net.URLClassPath.disableClassPathURLCheck=true -XX:CICompilerCount=2 -XX:ParallelGCThreads=2 -XX:ConcGCThreads=2 -Djdk.net.URLClassPath.disableClassPathURLCheck=true 
Picked up _JAVA_OPTIONS: -Djdk.net.URLClassPath.disableClassPathURLCheck=true
Running org.apache.flink.runtime.operators.ReduceTaskTest
Picked up JAVA_TOOL_OPTIONS: -XX:CICompilerCount=2 -XX:ParallelGCThreads=2 -XX:ConcGCThreads=2 -Djdk.net.URLClassPath.disableClassPathURLCheck=true -XX:CICompilerCount=2 -XX:ParallelGCThreads=2 -XX:ConcGCThreads=2 -Djdk.net.URLClassPath.disableClassPathURLCheck=true 
Picked up _JAVA_OPTIONS: -Djdk.net.URLClassPath.disableClassPathURLCheck=true
Running org.apache.flink.runtime.operators.LeftOuterJoinTaskTest
Tests run: 2, Failures: 0, Errors: 0, Skipped: 0, Time elapsed: 0.646 sec - in org.apache.flink.runtime.jobmanager.JobManagerRegistrationTest
Tests run: 5, Failures: 0, Errors: 0, Skipped: 0, Time elapsed: 1.408 sec - in org.apache.flink.runtime.jobmanager.scheduler.SchedulerIsolatedTasksTest
Tests run: 2, Failures: 0, Errors: 0, Skipped: 0, Time elapsed: 0.583 sec - in org.apache.flink.runtime.akka.FlinkActorTest
Picked up JAVA_TOOL_OPTIONS: -XX:CICompilerCount=2 -XX:ParallelGCThreads=2 -XX:ConcGCThreads=2 -Djdk.net.URLClassPath.disableClassPathURLCheck=true -XX:CICompilerCount=2 -XX:ParallelGCThreads=2 -XX:ConcGCThreads=2 -Djdk.net.URLClassPath.disableClassPathURLCheck=true 
Picked up _JAVA_OPTIONS: -Djdk.net.URLClassPath.disableClassPathURLCheck=true
Tests run: 2, Failures: 0, Errors: 0, Skipped: 0, Time elapsed: 2.375 sec - in org.apache.flink.runtime.jobmanager.JobManagerTest
Picked up JAVA_TOOL_OPTIONS: -XX:CICompilerCount=2 -XX:ParallelGCThreads=2 -XX:ConcGCThreads=2 -Djdk.net.URLClassPath.disableClassPathURLCheck=true -XX:CICompilerCount=2 -XX:ParallelGCThreads=2 -XX:ConcGCThreads=2 -Djdk.net.URLClassPath.disableClassPathURLCheck=true 
Picked up _JAVA_OPTIONS: -Djdk.net.URLClassPath.disableClassPathURLCheck=true
Running org.apache.flink.runtime.blob.BlobServerGetTest
Picked up JAVA_TOOL_OPTIONS: -XX:CICompilerCount=2 -XX:ParallelGCThreads=2 -XX:ConcGCThreads=2 -Djdk.net.URLClassPath.disableClassPathURLCheck=true -XX:CICompilerCount=2 -XX:ParallelGCThreads=2 -XX:ConcGCThreads=2 -Djdk.net.URLClassPath.disableClassPathURLCheck=true 
Running org.apache.flink.runtime.iterative.concurrent.SuperstepKickoffLatchTest
Picked up _JAVA_OPTIONS: -Djdk.net.URLClassPath.disableClassPathURLCheck=true
Picked up JAVA_TOOL_OPTIONS: -XX:CICompilerCount=2 -XX:ParallelGCThreads=2 -XX:ConcGCThreads=2 -Djdk.net.URLClassPath.disableClassPathURLCheck=true -XX:CICompilerCount=2 -XX:ParallelGCThreads=2 -XX:ConcGCThreads=2 -Djdk.net.URLClassPath.disableClassPathURLCheck=true 
Running org.apache.flink.runtime.state.FsCheckpointStateOutputStreamTest
Picked up _JAVA_OPTIONS: -Djdk.net.URLClassPath.disableClassPathURLCheck=true
Tests run: 5, Failures: 0, Errors: 0, Skipped: 0, Time elapsed: 0.246 sec - in org.apache.flink.runtime.iterative.concurrent.SuperstepKickoffLatchTest
Tests run: 6, Failures: 0, Errors: 0, Skipped: 0, Time elapsed: 1.732 sec - in org.apache.flink.runtime.operators.FlatMapTaskTest
Running org.apache.flink.runtime.leaderelection.StandaloneLeaderElectionTest
Tests run: 12, Failures: 0, Errors: 0, Skipped: 0, Time elapsed: 3.535 sec - in org.apache.flink.runtime.io.network.partition.PipelinedSubpartitionTest
Running org.apache.flink.runtime.operators.DataSourceTaskTest
Picked up JAVA_TOOL_OPTIONS: -XX:CICompilerCount=2 -XX:ParallelGCThreads=2 -XX:ConcGCThreads=2 -Djdk.net.URLClassPath.disableClassPathURLCheck=true -XX:CICompilerCount=2 -XX:ParallelGCThreads=2 -XX:ConcGCThreads=2 -Djdk.net.URLClassPath.disableClassPathURLCheck=true 
Picked up _JAVA_OPTIONS: -Djdk.net.URLClassPath.disableClassPathURLCheck=true
Picked up JAVA_TOOL_OPTIONS: -XX:CICompilerCount=2 -XX:ParallelGCThreads=2 -XX:ConcGCThreads=2 -Djdk.net.URLClassPath.disableClassPathURLCheck=true -XX:CICompilerCount=2 -XX:ParallelGCThreads=2 -XX:ConcGCThreads=2 -Djdk.net.URLClassPath.disableClassPathURLCheck=true 
Picked up _JAVA_OPTIONS: -Djdk.net.URLClassPath.disableClassPathURLCheck=true
Running org.apache.flink.runtime.instance.InstanceConnectionInfoTest
Running org.apache.flink.runtime.instance.SharedSlotsTest
Tests run: 8, Failures: 0, Errors: 0, Skipped: 0, Time elapsed: 0 sec - in org.apache.flink.runtime.instance.SharedSlotsTest
Picked up JAVA_TOOL_OPTIONS: -XX:CICompilerCount=2 -XX:ParallelGCThreads=2 -XX:ConcGCThreads=2 -Djdk.net.URLClassPath.disableClassPathURLCheck=true -XX:CICompilerCount=2 -XX:ParallelGCThreads=2 -XX:ConcGCThreads=2 -Djdk.net.URLClassPath.disableClassPathURLCheck=true 
Picked up _JAVA_OPTIONS: -Djdk.net.URLClassPath.disableClassPathURLCheck=true
java.lang.AssertionError: JobManager died, but not because of the process reaper expected:<2> but was:<1>
	at org.junit.Assert.fail(Assert.java:88)
	at org.junit.Assert.failNotEquals(Assert.java:743)
	at org.junit.Assert.assertEquals(Assert.java:118)
	at org.junit.Assert.assertEquals(Assert.java:555)
	at org.apache.flink.runtime.jobmanager.JobManagerProcessReapingTest.testReapProcessOnFailure(JobManagerProcessReapingTest.java:158)
	at sun.reflect.NativeMethodAccessorImpl.invoke0(Native Method)
	at sun.reflect.NativeMethodAccessorImpl.invoke(NativeMethodAccessorImpl.java:62)
	at sun.reflect.DelegatingMethodAccessorImpl.invoke(DelegatingMethodAccessorImpl.java:43)
	at java.lang.reflect.Method.invoke(Method.java:498)
	at org.junit.runners.model.FrameworkMethod$1.runReflectiveCall(FrameworkMethod.java:47)
	at org.junit.internal.runners.model.ReflectiveCallable.run(ReflectiveCallable.java:12)
	at org.junit.runners.model.FrameworkMethod.invokeExplosively(FrameworkMethod.java:44)
	at org.junit.internal.runners.statements.InvokeMethod.evaluate(InvokeMethod.java:17)
	at org.junit.runners.ParentRunner.runLeaf(ParentRunner.java:271)
	at org.junit.runners.BlockJUnit4ClassRunner.runChild(BlockJUnit4ClassRunner.java:70)
	at org.junit.runners.BlockJUnit4ClassRunner.runChild(BlockJUnit4ClassRunner.java:50)
	at org.junit.runners.ParentRunner$3.run(ParentRunner.java:238)
	at org.junit.runners.ParentRunner$1.schedule(ParentRunner.java:63)
	at org.junit.runners.ParentRunner.runChildren(ParentRunner.java:236)
	at org.junit.runners.ParentRunner.access$000(ParentRunner.java:53)
	at org.junit.runners.ParentRunner$2.evaluate(ParentRunner.java:229)
	at org.junit.runners.ParentRunner.run(ParentRunner.java:309)
	at org.apache.maven.surefire.junit4.JUnit4Provider.execute(JUnit4Provider.java:283)
	at org.apache.maven.surefire.junit4.JUnit4Provider.executeWithRerun(JUnit4Provider.java:173)
	at org.apache.maven.surefire.junit4.JUnit4Provider.executeTestSet(JUnit4Provider.java:153)
	at org.apache.maven.surefire.junit4.JUnit4Provider.invoke(JUnit4Provider.java:128)
	at org.apache.maven.surefire.booter.ForkedBooter.invokeProviderInSameClassLoader(ForkedBooter.java:203)
	at org.apache.maven.surefire.booter.ForkedBooter.runSuitesInProcess(ForkedBooter.java:155)
	at org.apache.maven.surefire.booter.ForkedBooter.main(ForkedBooter.java:103)
-----------------------------------------
       BEGIN SPAWNED PROCESS LOG
-----------------------------------------
Picked up JAVA_TOOL_OPTIONS: -XX:CICompilerCount=2 -XX:ParallelGCThreads=2 -XX:ConcGCThreads=2 -Djdk.net.URLClassPath.disableClassPathURLCheck=true -XX:CICompilerCount=2 -XX:ParallelGCThreads=2 -XX:ConcGCThreads=2 -Djdk.net.URLClassPath.disableClassPathURLCheck=true -XX:CICompilerCount=2 -XX:ParallelGCThreads=2 -XX:ConcGCThreads=2 -Djdk.net.URLClassPath.disableClassPathURLCheck=true 
Picked up _JAVA_OPTIONS: -Djdk.net.URLClassPath.disableClassPathURLCheck=true
0    [main] INFO  org.apache.flink.runtime.jobmanager.JobManager  - Starting JobManager
301  [main] INFO  org.apache.flink.runtime.jobmanager.JobManager  - Starting JobManager actor system at 127.0.0.1:0
579  [main] DEBUG org.apache.flink.runtime.jobmanager.JobManager  - Using akka configuration
 Config(SimpleConfigObject({"akka":{"actor":{"default-dispatcher":{"fork-join-executor":{"parallelism-factor":2},"throughput":15},"guardian-supervisor-strategy":"akka.actor.StoppingSupervisorStrategy","provider":"akka.remote.RemoteActorRefProvider"},"daemonic":"on","jvm-exit-on-fatal-error":"off","log-config-on-start":"off","log-dead-letters":"off","log-dead-letters-during-shutdown":"off","loggers":["akka.event.slf4j.Slf4jLogger"],"logging-filter":"akka.event.slf4j.Slf4jLoggingFilter","loglevel":"DEBUG","remote":{"log-remote-lifecycle-events":"off","netty":{"tcp":{"connection-timeout":"100 seconds","hostname":"127.0.0.1","maximum-frame-size":"10485760b","port":0,"tcp-nodelay":"on","transport-class":"akka.remote.transport.netty.NettyTransport"}},"startup-timeout":"100 seconds","transport-failure-detector":{"acceptable-heartbeat-pause":"6000 s","heartbeat-interval":"1000 s","threshold":300},"watch-failure-detector":{"acceptable-heartbeat-pause":"100 seconds","heartbeat-interval":"10 seconds","threshold":12}},"serialize-messages":"off","stdout-loglevel":"OFF"}}))
1478 [flink-akka.actor.default-dispatcher-2] INFO  akka.event.slf4j.Slf4jLogger  - Slf4jLogger started
1507 [flink-akka.actor.default-dispatcher-2] DEBUG akka.event.EventStream  - logger log1-Slf4jLogger started
1513 [flink-akka.actor.default-dispatcher-2] DEBUG akka.event.EventStream  - Default Loggers started
1572 [flink-akka.actor.default-dispatcher-4] INFO  Remoting  - Starting remoting
1624 [flink-akka.remote.default-remote-dispatcher-7] DEBUG org.jboss.netty.channel.socket.nio.SelectorUtil  - Using select timeout of 500
1624 [flink-akka.remote.default-remote-dispatcher-7] DEBUG org.jboss.netty.channel.socket.nio.SelectorUtil  - Epoll-bug workaround enabled = false
1904 [flink-akka.actor.default-dispatcher-2] INFO  Remoting  - Remoting started; listening on addresses :[akka.tcp://flink@127.0.0.1:11195]
1924 [main] INFO  org.apache.flink.runtime.jobmanager.JobManager  - Starting JobManager actor
1956 [main] INFO  org.apache.flink.runtime.blob.BlobServer  - Created BLOB server storage directory /tmp/blobStore-72eeb272-8ffa-41f4-a0a3-3ee0a7de75e5
1977 [main] DEBUG org.apache.flink.util.NetUtils  - Trying to open socket on port 0
1997 [main] INFO  org.apache.flink.runtime.blob.BlobServer  - Started BLOB server at 0.0.0.0:19049 - max concurrent requests: 50 - max backlog: 1000
2026 [main] INFO  org.apache.flink.runtime.checkpoint.SavepointStoreFactory  - No savepoint state backend configured. Using job manager savepoint state backend.
2033 [main] DEBUG org.apache.flink.runtime.jobmanager.JobManager  - Starting JobManager process reaper
2038 [flink-akka.actor.default-dispatcher-5] INFO  org.apache.flink.runtime.jobmanager.JobManager  - Starting JobManager at akka.tcp://flink@127.0.0.1:11195/user/jobmanager.
2042 [flink-akka.actor.default-dispatcher-2] INFO  org.apache.flink.runtime.jobmanager.MemoryArchivist  - Started memory archivist akka://flink/user/archive
2044 [flink-akka.actor.default-dispatcher-5] INFO  org.apache.flink.runtime.jobmanager.JobManager  - JobManager akka.tcp://flink@127.0.0.1:11195/user/jobmanager was granted leadership with leader session ID None.
3107 [flink-akka.actor.default-dispatcher-5] DEBUG akka.serialization.Serialization(akka://flink)  - Using serializer[akka.serialization.JavaSerializer] for message [akka.actor.ActorIdentity]
3177 [flink-akka.actor.default-dispatcher-2] INFO  org.apache.flink.runtime.jobmanager.JobManager  - Stopping JobManager akka.tcp://flink@127.0.0.1:11195/user/jobmanager.
3220 [flink-akka.actor.default-dispatcher-2] INFO  org.apache.flink.runtime.blob.BlobServer  - Stopped BLOB server at 0.0.0.0:19049
3230 [flink-akka.actor.default-dispatcher-2] DEBUG org.apache.flink.runtime.jobmanager.JobManager  - Job manager akka://flink/user/jobmanager is completely stopped.
3236 [flink-akka.actor.default-dispatcher-3] ERROR org.apache.flink.runtime.jobmanager.JobManager  - Actor akka://flink/user/jobmanager#1263548822 terminated, stopping process...

-----------------------------------------
        END SPAWNED PROCESS LOG
-----------------------------------------
Picked up JAVA_TOOL_OPTIONS: -XX:CICompilerCount=2 -XX:ParallelGCThreads=2 -XX:ConcGCThreads=2 -Djdk.net.URLClassPath.disableClassPathURLCheck=true -XX:CICompilerCount=2 -XX:ParallelGCThreads=2 -XX:ConcGCThreads=2 -Djdk.net.URLClassPath.disableClassPathURLCheck=true 
Picked up _JAVA_OPTIONS: -Djdk.net.URLClassPath.disableClassPathURLCheck=true
Running org.apache.flink.runtime.instance.HardwareTest
Picked up JAVA_TOOL_OPTIONS: -XX:CICompilerCount=2 -XX:ParallelGCThreads=2 -XX:ConcGCThreads=2 -Djdk.net.URLClassPath.disableClassPathURLCheck=true -XX:CICompilerCount=2 -XX:ParallelGCThreads=2 -XX:ConcGCThreads=2 -Djdk.net.URLClassPath.disableClassPathURLCheck=true 
Picked up _JAVA_OPTIONS: -Djdk.net.URLClassPath.disableClassPathURLCheck=true
Tests run: 2, Failures: 0, Errors: 0, Skipped: 0, Time elapsed: 0.001 sec - in org.apache.flink.runtime.instance.HardwareTest
Tests run: 1, Failures: 1, Errors: 0, Skipped: 0, Time elapsed: 2.171 sec <<< FAILURE! - in org.apache.flink.runtime.jobmanager.JobManagerProcessReapingTest
testReapProcessOnFailure(org.apache.flink.runtime.jobmanager.JobManagerProcessReapingTest)  Time elapsed: 2.171 sec  <<< FAILURE!
java.lang.AssertionError: JobManager died, but not because of the process reaper expected:<2> but was:<1>
	at org.junit.Assert.fail(Assert.java:88)
	at org.junit.Assert.failNotEquals(Assert.java:743)
	at org.junit.Assert.assertEquals(Assert.java:118)
	at org.junit.Assert.assertEquals(Assert.java:555)
	at org.apache.flink.runtime.jobmanager.JobManagerProcessReapingTest.testReapProcessOnFailure(JobManagerProcessReapingTest.java:158)

Picked up JAVA_TOOL_OPTIONS: -XX:CICompilerCount=2 -XX:ParallelGCThreads=2 -XX:ConcGCThreads=2 -Djdk.net.URLClassPath.disableClassPathURLCheck=true -XX:CICompilerCount=2 -XX:ParallelGCThreads=2 -XX:ConcGCThreads=2 -Djdk.net.URLClassPath.disableClassPathURLCheck=true 
Picked up _JAVA_OPTIONS: -Djdk.net.URLClassPath.disableClassPathURLCheck=true
Running org.apache.flink.runtime.instance.InstanceTest
Picked up JAVA_TOOL_OPTIONS: -XX:CICompilerCount=2 -XX:ParallelGCThreads=2 -XX:ConcGCThreads=2 -Djdk.net.URLClassPath.disableClassPathURLCheck=true -XX:CICompilerCount=2 -XX:ParallelGCThreads=2 -XX:ConcGCThreads=2 -Djdk.net.URLClassPath.disableClassPathURLCheck=true 
Picked up _JAVA_OPTIONS: -Djdk.net.URLClassPath.disableClassPathURLCheck=true
Tests run: 4, Failures: 0, Errors: 0, Skipped: 0, Time elapsed: 0 sec - in org.apache.flink.runtime.instance.InstanceTest
Picked up JAVA_TOOL_OPTIONS: -XX:CICompilerCount=2 -XX:ParallelGCThreads=2 -XX:ConcGCThreads=2 -Djdk.net.URLClassPath.disableClassPathURLCheck=true -XX:CICompilerCount=2 -XX:ParallelGCThreads=2 -XX:ConcGCThreads=2 -Djdk.net.URLClassPath.disableClassPathURLCheck=true 
Picked up _JAVA_OPTIONS: -Djdk.net.URLClassPath.disableClassPathURLCheck=true
Picked up JAVA_TOOL_OPTIONS: -XX:CICompilerCount=2 -XX:ParallelGCThreads=2 -XX:ConcGCThreads=2 -Djdk.net.URLClassPath.disableClassPathURLCheck=true -XX:CICompilerCount=2 -XX:ParallelGCThreads=2 -XX:ConcGCThreads=2 -Djdk.net.URLClassPath.disableClassPathURLCheck=true 
Picked up _JAVA_OPTIONS: -Djdk.net.URLClassPath.disableClassPathURLCheck=true
Picked up JAVA_TOOL_OPTIONS: -XX:CICompilerCount=2 -XX:ParallelGCThreads=2 -XX:ConcGCThreads=2 -Djdk.net.URLClassPath.disableClassPathURLCheck=true -XX:CICompilerCount=2 -XX:ParallelGCThreads=2 -XX:ConcGCThreads=2 -Djdk.net.URLClassPath.disableClassPathURLCheck=true 
Picked up _JAVA_OPTIONS: -Djdk.net.URLClassPath.disableClassPathURLCheck=true
Running org.apache.flink.runtime.util.ReusingKeyGroupedIteratorTest
Tests run: 4, Failures: 0, Errors: 0, Skipped: 0, Time elapsed: 0 sec - in org.apache.flink.runtime.util.ReusingKeyGroupedIteratorTest
Running org.apache.flink.runtime.util.MathUtilTest
Tests run: 3, Failures: 0, Errors: 0, Skipped: 0, Time elapsed: 0.001 sec - in org.apache.flink.runtime.util.MathUtilTest
Running org.apache.flink.runtime.checkpoint.SavepointStoreFactoryTest
Tests run: 6, Failures: 0, Errors: 0, Skipped: 0, Time elapsed: 0 sec - in org.apache.flink.runtime.checkpoint.SavepointStoreFactoryTest
Picked up JAVA_TOOL_OPTIONS: -XX:CICompilerCount=2 -XX:ParallelGCThreads=2 -XX:ConcGCThreads=2 -Djdk.net.URLClassPath.disableClassPathURLCheck=true -XX:CICompilerCount=2 -XX:ParallelGCThreads=2 -XX:ConcGCThreads=2 -Djdk.net.URLClassPath.disableClassPathURLCheck=true 
Picked up _JAVA_OPTIONS: -Djdk.net.URLClassPath.disableClassPathURLCheck=true
Picked up JAVA_TOOL_OPTIONS: -XX:CICompilerCount=2 -XX:ParallelGCThreads=2 -XX:ConcGCThreads=2 -Djdk.net.URLClassPath.disableClassPathURLCheck=true -XX:CICompilerCount=2 -XX:ParallelGCThreads=2 -XX:ConcGCThreads=2 -Djdk.net.URLClassPath.disableClassPathURLCheck=true 
Picked up _JAVA_OPTIONS: -Djdk.net.URLClassPath.disableClassPathURLCheck=true
Running org.apache.flink.runtime.checkpoint.stats.SimpleCheckpointStatsTrackerTest
Running org.apache.flink.runtime.memory.MemoryManagerConcurrentModReleaseTest
Tests run: 2, Failures: 0, Errors: 0, Skipped: 0, Time elapsed: 0 sec - in org.apache.flink.runtime.memory.MemoryManagerConcurrentModReleaseTest
Picked up JAVA_TOOL_OPTIONS: -XX:CICompilerCount=2 -XX:ParallelGCThreads=2 -XX:ConcGCThreads=2 -Djdk.net.URLClassPath.disableClassPathURLCheck=true -XX:CICompilerCount=2 -XX:ParallelGCThreads=2 -XX:ConcGCThreads=2 -Djdk.net.URLClassPath.disableClassPathURLCheck=true 
Picked up _JAVA_OPTIONS: -Djdk.net.URLClassPath.disableClassPathURLCheck=true
Tests run: 6, Failures: 0, Errors: 0, Skipped: 0, Time elapsed: 0.297 sec - in org.apache.flink.runtime.instance.InstanceConnectionInfoTest
Running org.apache.flink.runtime.blob.BlobCacheSuccessTest
Tests run: 1, Failures: 0, Errors: 0, Skipped: 0, Time elapsed: 0 sec - in org.apache.flink.runtime.blob.BlobCacheSuccessTest
Tests run: 2, Failures: 0, Errors: 0, Skipped: 0, Time elapsed: 2.368 sec - in org.apache.flink.runtime.jobmanager.JobManagerConnectionTest
Picked up JAVA_TOOL_OPTIONS: -XX:CICompilerCount=2 -XX:ParallelGCThreads=2 -XX:ConcGCThreads=2 -Djdk.net.URLClassPath.disableClassPathURLCheck=true -XX:CICompilerCount=2 -XX:ParallelGCThreads=2 -XX:ConcGCThreads=2 -Djdk.net.URLClassPath.disableClassPathURLCheck=true 
Picked up _JAVA_OPTIONS: -Djdk.net.URLClassPath.disableClassPathURLCheck=true
Picked up JAVA_TOOL_OPTIONS: -XX:CICompilerCount=2 -XX:ParallelGCThreads=2 -XX:ConcGCThreads=2 -Djdk.net.URLClassPath.disableClassPathURLCheck=true -XX:CICompilerCount=2 -XX:ParallelGCThreads=2 -XX:ConcGCThreads=2 -Djdk.net.URLClassPath.disableClassPathURLCheck=true 
Picked up _JAVA_OPTIONS: -Djdk.net.URLClassPath.disableClassPathURLCheck=true
Running org.apache.flink.runtime.blob.BlobUtilsTest
Tests run: 2, Failures: 0, Errors: 0, Skipped: 0, Time elapsed: 0 sec - in org.apache.flink.runtime.blob.BlobUtilsTest
Tests run: 1, Failures: 0, Errors: 0, Skipped: 0, Time elapsed: 0.579 sec - in org.apache.flink.runtime.leaderelection.StandaloneLeaderElectionTest
Picked up JAVA_TOOL_OPTIONS: -XX:CICompilerCount=2 -XX:ParallelGCThreads=2 -XX:ConcGCThreads=2 -Djdk.net.URLClassPath.disableClassPathURLCheck=true -XX:CICompilerCount=2 -XX:ParallelGCThreads=2 -XX:ConcGCThreads=2 -Djdk.net.URLClassPath.disableClassPathURLCheck=true 
Picked up _JAVA_OPTIONS: -Djdk.net.URLClassPath.disableClassPathURLCheck=true
Running org.apache.flink.runtime.blob.BlobServerRangeTest
Tests run: 3, Failures: 0, Errors: 0, Skipped: 0, Time elapsed: 0.001 sec - in org.apache.flink.runtime.blob.BlobServerRangeTest
Picked up JAVA_TOOL_OPTIONS: -XX:CICompilerCount=2 -XX:ParallelGCThreads=2 -XX:ConcGCThreads=2 -Djdk.net.URLClassPath.disableClassPathURLCheck=true -XX:CICompilerCount=2 -XX:ParallelGCThreads=2 -XX:ConcGCThreads=2 -Djdk.net.URLClassPath.disableClassPathURLCheck=true 
Running org.apache.flink.runtime.checkpoint.CheckpointIDCounterTest$StandaloneCheckpointIDCounterTest
Picked up _JAVA_OPTIONS: -Djdk.net.URLClassPath.disableClassPathURLCheck=true
Picked up JAVA_TOOL_OPTIONS: -XX:CICompilerCount=2 -XX:ParallelGCThreads=2 -XX:ConcGCThreads=2 -Djdk.net.URLClassPath.disableClassPathURLCheck=true -XX:CICompilerCount=2 -XX:ParallelGCThreads=2 -XX:ConcGCThreads=2 -Djdk.net.URLClassPath.disableClassPathURLCheck=true 
Picked up _JAVA_OPTIONS: -Djdk.net.URLClassPath.disableClassPathURLCheck=true
Running org.apache.flink.runtime.memory.MemoryManagerTest
Tests run: 4, Failures: 0, Errors: 0, Skipped: 0, Time elapsed: 0 sec - in org.apache.flink.runtime.memory.MemoryManagerTest
Picked up JAVA_TOOL_OPTIONS: -XX:CICompilerCount=2 -XX:ParallelGCThreads=2 -XX:ConcGCThreads=2 -Djdk.net.URLClassPath.disableClassPathURLCheck=true -XX:CICompilerCount=2 -XX:ParallelGCThreads=2 -XX:ConcGCThreads=2 -Djdk.net.URLClassPath.disableClassPathURLCheck=true 
Picked up JAVA_TOOL_OPTIONS: -XX:CICompilerCount=2 -XX:ParallelGCThreads=2 -XX:ConcGCThreads=2 -Djdk.net.URLClassPath.disableClassPathURLCheck=true -XX:CICompilerCount=2 -XX:ParallelGCThreads=2 -XX:ConcGCThreads=2 -Djdk.net.URLClassPath.disableClassPathURLCheck=true 
Running org.apache.flink.runtime.checkpoint.CheckpointStateRestoreTest
Picked up _JAVA_OPTIONS: -Djdk.net.URLClassPath.disableClassPathURLCheck=true
Running org.apache.flink.runtime.checkpoint.CoordinatorShutdownTest
Picked up _JAVA_OPTIONS: -Djdk.net.URLClassPath.disableClassPathURLCheck=true
Picked up JAVA_TOOL_OPTIONS: -XX:CICompilerCount=2 -XX:ParallelGCThreads=2 -XX:ConcGCThreads=2 -Djdk.net.URLClassPath.disableClassPathURLCheck=true -XX:CICompilerCount=2 -XX:ParallelGCThreads=2 -XX:ConcGCThreads=2 -Djdk.net.URLClassPath.disableClassPathURLCheck=true 
Running org.apache.flink.runtime.iterative.concurrent.SuperstepBarrierTest
Picked up _JAVA_OPTIONS: -Djdk.net.URLClassPath.disableClassPathURLCheck=true
Picked up JAVA_TOOL_OPTIONS: -XX:CICompilerCount=2 -XX:ParallelGCThreads=2 -XX:ConcGCThreads=2 -Djdk.net.URLClassPath.disableClassPathURLCheck=true -XX:CICompilerCount=2 -XX:ParallelGCThreads=2 -XX:ConcGCThreads=2 -Djdk.net.URLClassPath.disableClassPathURLCheck=true 
Running org.apache.flink.runtime.checkpoint.ExecutionGraphCheckpointCoordinatorTest
Picked up _JAVA_OPTIONS: -Djdk.net.URLClassPath.disableClassPathURLCheck=true
Picked up JAVA_TOOL_OPTIONS: -XX:CICompilerCount=2 -XX:ParallelGCThreads=2 -XX:ConcGCThreads=2 -Djdk.net.URLClassPath.disableClassPathURLCheck=true -XX:CICompilerCount=2 -XX:ParallelGCThreads=2 -XX:ConcGCThreads=2 -Djdk.net.URLClassPath.disableClassPathURLCheck=true 
Picked up JAVA_TOOL_OPTIONS: -XX:CICompilerCount=2 -XX:ParallelGCThreads=2 -XX:ConcGCThreads=2 -Djdk.net.URLClassPath.disableClassPathURLCheck=true -XX:CICompilerCount=2 -XX:ParallelGCThreads=2 -XX:ConcGCThreads=2 -Djdk.net.URLClassPath.disableClassPathURLCheck=true 
Picked up JAVA_TOOL_OPTIONS: -XX:CICompilerCount=2 -XX:ParallelGCThreads=2 -XX:ConcGCThreads=2 -Djdk.net.URLClassPath.disableClassPathURLCheck=true -XX:CICompilerCount=2 -XX:ParallelGCThreads=2 -XX:ConcGCThreads=2 -Djdk.net.URLClassPath.disableClassPathURLCheck=true 
Picked up JAVA_TOOL_OPTIONS: -XX:CICompilerCount=2 -XX:ParallelGCThreads=2 -XX:ConcGCThreads=2 -Djdk.net.URLClassPath.disableClassPathURLCheck=true -XX:CICompilerCount=2 -XX:ParallelGCThreads=2 -XX:ConcGCThreads=2 -Djdk.net.URLClassPath.disableClassPathURLCheck=true 
Running org.apache.flink.runtime.util.SerializedThrowableTest
Running org.apache.flink.runtime.io.disk.SpillingBufferTest
Picked up _JAVA_OPTIONS: -Djdk.net.URLClassPath.disableClassPathURLCheck=true
Running org.apache.flink.runtime.checkpoint.FileSystemStateStoreTest
Tests run: 2, Failures: 0, Errors: 0, Skipped: 0, Time elapsed: 0 sec - in org.apache.flink.runtime.util.SerializedThrowableTest
Picked up _JAVA_OPTIONS: -Djdk.net.URLClassPath.disableClassPathURLCheck=true
Running org.apache.flink.runtime.util.NonReusingKeyGroupedIteratorTest
Tests run: 4, Failures: 0, Errors: 0, Skipped: 0, Time elapsed: 0.001 sec - in org.apache.flink.runtime.util.NonReusingKeyGroupedIteratorTest
Picked up _JAVA_OPTIONS: -Djdk.net.URLClassPath.disableClassPathURLCheck=true
Tests run: 3, Failures: 0, Errors: 0, Skipped: 0, Time elapsed: 0 sec - in org.apache.flink.runtime.checkpoint.FileSystemStateStoreTest
Picked up _JAVA_OPTIONS: -Djdk.net.URLClassPath.disableClassPathURLCheck=true
Tests run: 2, Failures: 0, Errors: 0, Skipped: 0, Time elapsed: 2.598 sec - in org.apache.flink.runtime.io.network.api.reader.BufferReaderTest
Picked up JAVA_TOOL_OPTIONS: -XX:CICompilerCount=2 -XX:ParallelGCThreads=2 -XX:ConcGCThreads=2 -Djdk.net.URLClassPath.disableClassPathURLCheck=true -XX:CICompilerCount=2 -XX:ParallelGCThreads=2 -XX:ConcGCThreads=2 -Djdk.net.URLClassPath.disableClassPathURLCheck=true 
Running org.apache.flink.runtime.iterative.event.EventWithAggregatorsTest
Running org.apache.flink.runtime.blob.BlobCacheRetriesTest
Tests run: 2, Failures: 0, Errors: 0, Skipped: 0, Time elapsed: 0 sec - in org.apache.flink.runtime.iterative.event.EventWithAggregatorsTest
Picked up _JAVA_OPTIONS: -Djdk.net.URLClassPath.disableClassPathURLCheck=true
Picked up JAVA_TOOL_OPTIONS: -XX:CICompilerCount=2 -XX:ParallelGCThreads=2 -XX:ConcGCThreads=2 -Djdk.net.URLClassPath.disableClassPathURLCheck=true -XX:CICompilerCount=2 -XX:ParallelGCThreads=2 -XX:ConcGCThreads=2 -Djdk.net.URLClassPath.disableClassPathURLCheck=true 
Running org.apache.flink.runtime.io.disk.FileChannelStreamsTest
Tests run: 2, Failures: 0, Errors: 0, Skipped: 0, Time elapsed: 0 sec - in org.apache.flink.runtime.io.disk.FileChannelStreamsTest
Picked up _JAVA_OPTIONS: -Djdk.net.URLClassPath.disableClassPathURLCheck=true
Picked up JAVA_TOOL_OPTIONS: -XX:CICompilerCount=2 -XX:ParallelGCThreads=2 -XX:ConcGCThreads=2 -Djdk.net.URLClassPath.disableClassPathURLCheck=true -XX:CICompilerCount=2 -XX:ParallelGCThreads=2 -XX:ConcGCThreads=2 -Djdk.net.URLClassPath.disableClassPathURLCheck=true 
Running org.apache.flink.runtime.checkpoint.SavepointCoordinatorTest
Picked up _JAVA_OPTIONS: -Djdk.net.URLClassPath.disableClassPathURLCheck=true
Picked up JAVA_TOOL_OPTIONS: -XX:CICompilerCount=2 -XX:ParallelGCThreads=2 -XX:ConcGCThreads=2 -Djdk.net.URLClassPath.disableClassPathURLCheck=true -XX:CICompilerCount=2 -XX:ParallelGCThreads=2 -XX:ConcGCThreads=2 -Djdk.net.URLClassPath.disableClassPathURLCheck=true 
Running org.apache.flink.runtime.client.JobClientActorTest
Picked up _JAVA_OPTIONS: -Djdk.net.URLClassPath.disableClassPathURLCheck=true
Picked up JAVA_TOOL_OPTIONS: -XX:CICompilerCount=2 -XX:ParallelGCThreads=2 -XX:ConcGCThreads=2 -Djdk.net.URLClassPath.disableClassPathURLCheck=true -XX:CICompilerCount=2 -XX:ParallelGCThreads=2 -XX:ConcGCThreads=2 -Djdk.net.URLClassPath.disableClassPathURLCheck=true 
Running org.apache.flink.runtime.iterative.concurrent.BrokerTest
Picked up _JAVA_OPTIONS: -Djdk.net.URLClassPath.disableClassPathURLCheck=true
Tests run: 1, Failures: 0, Errors: 0, Skipped: 0, Time elapsed: 2.738 sec - in org.apache.flink.runtime.jobmanager.scheduler.ScheduleOrUpdateConsumersTest
Picked up JAVA_TOOL_OPTIONS: -XX:CICompilerCount=2 -XX:ParallelGCThreads=2 -XX:ConcGCThreads=2 -Djdk.net.URLClassPath.disableClassPathURLCheck=true -XX:CICompilerCount=2 -XX:ParallelGCThreads=2 -XX:ConcGCThreads=2 -Djdk.net.URLClassPath.disableClassPathURLCheck=true 
Picked up _JAVA_OPTIONS: -Djdk.net.URLClassPath.disableClassPathURLCheck=true
Running org.apache.flink.runtime.io.network.DataExchangeModeTest
Picked up JAVA_TOOL_OPTIONS: -XX:CICompilerCount=2 -XX:ParallelGCThreads=2 -XX:ConcGCThreads=2 -Djdk.net.URLClassPath.disableClassPathURLCheck=true -XX:CICompilerCount=2 -XX:ParallelGCThreads=2 -XX:ConcGCThreads=2 -Djdk.net.URLClassPath.disableClassPathURLCheck=true 
Picked up _JAVA_OPTIONS: -Djdk.net.URLClassPath.disableClassPathURLCheck=true
Tests run: 3, Failures: 0, Errors: 0, Skipped: 0, Time elapsed: 0 sec - in org.apache.flink.runtime.io.network.DataExchangeModeTest
Running org.apache.flink.runtime.io.disk.iomanager.BufferFileWriterFileSegmentReaderTest
Running org.apache.flink.runtime.memory.MemorySegmentSimpleTest
Picked up JAVA_TOOL_OPTIONS: -XX:CICompilerCount=2 -XX:ParallelGCThreads=2 -XX:ConcGCThreads=2 -Djdk.net.URLClassPath.disableClassPathURLCheck=true -XX:CICompilerCount=2 -XX:ParallelGCThreads=2 -XX:ConcGCThreads=2 -Djdk.net.URLClassPath.disableClassPathURLCheck=true 
Picked up _JAVA_OPTIONS: -Djdk.net.URLClassPath.disableClassPathURLCheck=true
Picked up JAVA_TOOL_OPTIONS: -XX:CICompilerCount=2 -XX:ParallelGCThreads=2 -XX:ConcGCThreads=2 -Djdk.net.URLClassPath.disableClassPathURLCheck=true -XX:CICompilerCount=2 -XX:ParallelGCThreads=2 -XX:ConcGCThreads=2 -Djdk.net.URLClassPath.disableClassPathURLCheck=true 
Picked up JAVA_TOOL_OPTIONS: -XX:CICompilerCount=2 -XX:ParallelGCThreads=2 -XX:ConcGCThreads=2 -Djdk.net.URLClassPath.disableClassPathURLCheck=true -XX:CICompilerCount=2 -XX:ParallelGCThreads=2 -XX:ConcGCThreads=2 -Djdk.net.URLClassPath.disableClassPathURLCheck=true 
Picked up _JAVA_OPTIONS: -Djdk.net.URLClassPath.disableClassPathURLCheck=true
Running org.apache.flink.runtime.leaderelection.ZooKeeperLeaderRetrievalTest
Picked up _JAVA_OPTIONS: -Djdk.net.URLClassPath.disableClassPathURLCheck=true
Running org.apache.flink.runtime.taskmanager.TaskCancelTest
Picked up JAVA_TOOL_OPTIONS: -XX:CICompilerCount=2 -XX:ParallelGCThreads=2 -XX:ConcGCThreads=2 -Djdk.net.URLClassPath.disableClassPathURLCheck=true -XX:CICompilerCount=2 -XX:ParallelGCThreads=2 -XX:ConcGCThreads=2 -Djdk.net.URLClassPath.disableClassPathURLCheck=true 
Picked up _JAVA_OPTIONS: -Djdk.net.URLClassPath.disableClassPathURLCheck=true
Picked up JAVA_TOOL_OPTIONS: -XX:CICompilerCount=2 -XX:ParallelGCThreads=2 -XX:ConcGCThreads=2 -Djdk.net.URLClassPath.disableClassPathURLCheck=true -XX:CICompilerCount=2 -XX:ParallelGCThreads=2 -XX:ConcGCThreads=2 -Djdk.net.URLClassPath.disableClassPathURLCheck=true 
Picked up _JAVA_OPTIONS: -Djdk.net.URLClassPath.disableClassPathURLCheck=true
Picked up JAVA_TOOL_OPTIONS: -XX:CICompilerCount=2 -XX:ParallelGCThreads=2 -XX:ConcGCThreads=2 -Djdk.net.URLClassPath.disableClassPathURLCheck=true -XX:CICompilerCount=2 -XX:ParallelGCThreads=2 -XX:ConcGCThreads=2 -Djdk.net.URLClassPath.disableClassPathURLCheck=true 
Picked up _JAVA_OPTIONS: -Djdk.net.URLClassPath.disableClassPathURLCheck=true
Running org.apache.flink.runtime.iterative.concurrent.BlockingBackChannelTest
Running org.apache.flink.runtime.client.SerializedJobExecutionResultTest
Running org.apache.flink.runtime.util.EnvironmentInformationTest
Tests run: 2, Failures: 0, Errors: 0, Skipped: 0, Time elapsed: 0 sec - in org.apache.flink.runtime.client.SerializedJobExecutionResultTest
Picked up JAVA_TOOL_OPTIONS: -XX:CICompilerCount=2 -XX:ParallelGCThreads=2 -XX:ConcGCThreads=2 -Djdk.net.URLClassPath.disableClassPathURLCheck=true -XX:CICompilerCount=2 -XX:ParallelGCThreads=2 -XX:ConcGCThreads=2 -Djdk.net.URLClassPath.disableClassPathURLCheck=true 
Picked up _JAVA_OPTIONS: -Djdk.net.URLClassPath.disableClassPathURLCheck=true
Picked up JAVA_TOOL_OPTIONS: -XX:CICompilerCount=2 -XX:ParallelGCThreads=2 -XX:ConcGCThreads=2 -Djdk.net.URLClassPath.disableClassPathURLCheck=true -XX:CICompilerCount=2 -XX:ParallelGCThreads=2 -XX:ConcGCThreads=2 -Djdk.net.URLClassPath.disableClassPathURLCheck=true 
Picked up _JAVA_OPTIONS: -Djdk.net.URLClassPath.disableClassPathURLCheck=true
Running org.apache.flink.runtime.checkpoint.StandaloneCompletedCheckpointStoreTest
Running org.apache.flink.runtime.util.UnionIteratorTest
Tests run: 2, Failures: 0, Errors: 0, Skipped: 0, Time elapsed: 0 sec - in org.apache.flink.runtime.util.UnionIteratorTest
Tests run: 6, Failures: 0, Errors: 0, Skipped: 0, Time elapsed: 0 sec - in org.apache.flink.runtime.checkpoint.StandaloneCompletedCheckpointStoreTest
Picked up JAVA_TOOL_OPTIONS: -XX:CICompilerCount=2 -XX:ParallelGCThreads=2 -XX:ConcGCThreads=2 -Djdk.net.URLClassPath.disableClassPathURLCheck=true -XX:CICompilerCount=2 -XX:ParallelGCThreads=2 -XX:ConcGCThreads=2 -Djdk.net.URLClassPath.disableClassPathURLCheck=true 
Picked up _JAVA_OPTIONS: -Djdk.net.URLClassPath.disableClassPathURLCheck=true
Running org.apache.flink.runtime.checkpoint.HeapStateStoreTest
Tests run: 3, Failures: 0, Errors: 0, Skipped: 0, Time elapsed: 0 sec - in org.apache.flink.runtime.checkpoint.HeapStateStoreTest
Picked up JAVA_TOOL_OPTIONS: -XX:CICompilerCount=2 -XX:ParallelGCThreads=2 -XX:ConcGCThreads=2 -Djdk.net.URLClassPath.disableClassPathURLCheck=true -XX:CICompilerCount=2 -XX:ParallelGCThreads=2 -XX:ConcGCThreads=2 -Djdk.net.URLClassPath.disableClassPathURLCheck=true 
Picked up _JAVA_OPTIONS: -Djdk.net.URLClassPath.disableClassPathURLCheck=true
Running org.apache.flink.runtime.util.AtomicDisposableReferenceCounterTest
Picked up JAVA_TOOL_OPTIONS: -XX:CICompilerCount=2 -XX:ParallelGCThreads=2 -XX:ConcGCThreads=2 -Djdk.net.URLClassPath.disableClassPathURLCheck=true -XX:CICompilerCount=2 -XX:ParallelGCThreads=2 -XX:ConcGCThreads=2 -Djdk.net.URLClassPath.disableClassPathURLCheck=true 
Picked up _JAVA_OPTIONS: -Djdk.net.URLClassPath.disableClassPathURLCheck=true
Tests run: 3, Failures: 0, Errors: 0, Skipped: 0, Time elapsed: 0 sec - in org.apache.flink.runtime.util.AtomicDisposableReferenceCounterTest
Picked up JAVA_TOOL_OPTIONS: -XX:CICompilerCount=2 -XX:ParallelGCThreads=2 -XX:ConcGCThreads=2 -Djdk.net.URLClassPath.disableClassPathURLCheck=true -XX:CICompilerCount=2 -XX:ParallelGCThreads=2 -XX:ConcGCThreads=2 -Djdk.net.URLClassPath.disableClassPathURLCheck=true 
Picked up _JAVA_OPTIONS: -Djdk.net.URLClassPath.disableClassPathURLCheck=true
Running org.apache.flink.runtime.util.ZooKeeperUtilTest
Tests run: 1, Failures: 0, Errors: 0, Skipped: 0, Time elapsed: 0 sec - in org.apache.flink.runtime.util.ZooKeeperUtilTest
Running org.apache.flink.runtime.util.DataInputOutputSerializerTest
Picked up JAVA_TOOL_OPTIONS: -XX:CICompilerCount=2 -XX:ParallelGCThreads=2 -XX:ConcGCThreads=2 -Djdk.net.URLClassPath.disableClassPathURLCheck=true -XX:CICompilerCount=2 -XX:ParallelGCThreads=2 -XX:ConcGCThreads=2 -Djdk.net.URLClassPath.disableClassPathURLCheck=true 
Picked up _JAVA_OPTIONS: -Djdk.net.URLClassPath.disableClassPathURLCheck=true
Running org.apache.flink.runtime.instance.InstanceManagerTest
Tests run: 6, Failures: 0, Errors: 0, Skipped: 0, Time elapsed: 1.499 sec - in org.apache.flink.runtime.state.FsCheckpointStateOutputStreamTest
Tests run: 3, Failures: 0, Errors: 0, Skipped: 0, Time elapsed: 0.496 sec - in org.apache.flink.runtime.checkpoint.CheckpointStateRestoreTest
Picked up JAVA_TOOL_OPTIONS: -XX:CICompilerCount=2 -XX:ParallelGCThreads=2 -XX:ConcGCThreads=2 -Djdk.net.URLClassPath.disableClassPathURLCheck=true -XX:CICompilerCount=2 -XX:ParallelGCThreads=2 -XX:ConcGCThreads=2 -Djdk.net.URLClassPath.disableClassPathURLCheck=true 
Picked up _JAVA_OPTIONS: -Djdk.net.URLClassPath.disableClassPathURLCheck=true
Running org.apache.flink.runtime.blob.BlobServerDeleteTest
Tests run: 2, Failures: 0, Errors: 0, Skipped: 0, Time elapsed: 1.596 sec - in org.apache.flink.runtime.blob.BlobServerGetTest
Picked up JAVA_TOOL_OPTIONS: -XX:CICompilerCount=2 -XX:ParallelGCThreads=2 -XX:ConcGCThreads=2 -Djdk.net.URLClassPath.disableClassPathURLCheck=true -XX:CICompilerCount=2 -XX:ParallelGCThreads=2 -XX:ConcGCThreads=2 -Djdk.net.URLClassPath.disableClassPathURLCheck=true 
Picked up _JAVA_OPTIONS: -Djdk.net.URLClassPath.disableClassPathURLCheck=true
Running org.apache.flink.runtime.blob.BlobServerPutTest
Picked up JAVA_TOOL_OPTIONS: -XX:CICompilerCount=2 -XX:ParallelGCThreads=2 -XX:ConcGCThreads=2 -Djdk.net.URLClassPath.disableClassPathURLCheck=true -XX:CICompilerCount=2 -XX:ParallelGCThreads=2 -XX:ConcGCThreads=2 -Djdk.net.URLClassPath.disableClassPathURLCheck=true 
Running org.apache.flink.runtime.state.FileStateBackendTest
Picked up _JAVA_OPTIONS: -Djdk.net.URLClassPath.disableClassPathURLCheck=true
Picked up JAVA_TOOL_OPTIONS: -XX:CICompilerCount=2 -XX:ParallelGCThreads=2 -XX:ConcGCThreads=2 -Djdk.net.URLClassPath.disableClassPathURLCheck=true -XX:CICompilerCount=2 -XX:ParallelGCThreads=2 -XX:ConcGCThreads=2 -Djdk.net.URLClassPath.disableClassPathURLCheck=true 
Picked up _JAVA_OPTIONS: -Djdk.net.URLClassPath.disableClassPathURLCheck=true
Picked up JAVA_TOOL_OPTIONS: -XX:CICompilerCount=2 -XX:ParallelGCThreads=2 -XX:ConcGCThreads=2 -Djdk.net.URLClassPath.disableClassPathURLCheck=true -XX:CICompilerCount=2 -XX:ParallelGCThreads=2 -XX:ConcGCThreads=2 -Djdk.net.URLClassPath.disableClassPathURLCheck=true 
Running org.apache.flink.runtime.memory.MemoryManagerLazyAllocationTest
Running org.apache.flink.runtime.blob.BlobClientTest
Picked up _JAVA_OPTIONS: -Djdk.net.URLClassPath.disableClassPathURLCheck=true
Tests run: 4, Failures: 0, Errors: 0, Skipped: 0, Time elapsed: 0 sec - in org.apache.flink.runtime.memory.MemoryManagerLazyAllocationTest
Running org.apache.flink.runtime.util.LRUCacheMapTest
Tests run: 2, Failures: 0, Errors: 0, Skipped: 0, Time elapsed: 0.418 sec - in org.apache.flink.runtime.blob.BlobCacheRetriesTest
Running org.apache.flink.runtime.leaderelection.JobManagerLeaderElectionTest
Tests run: 6, Failures: 0, Errors: 0, Skipped: 0, Time elapsed: 3.039 sec - in org.apache.flink.runtime.executiongraph.ExecutionGraphDeploymentTest
Tests run: 1, Failures: 0, Errors: 0, Skipped: 0, Time elapsed: 0.255 sec - in org.apache.flink.runtime.iterative.concurrent.BlockingBackChannelTest
Tests run: 5, Failures: 0, Errors: 0, Skipped: 0, Time elapsed: 0.031 sec - in org.apache.flink.runtime.util.LRUCacheMapTest
Picked up JAVA_TOOL_OPTIONS: -XX:CICompilerCount=2 -XX:ParallelGCThreads=2 -XX:ConcGCThreads=2 -Djdk.net.URLClassPath.disableClassPathURLCheck=true -XX:CICompilerCount=2 -XX:ParallelGCThreads=2 -XX:ConcGCThreads=2 -Djdk.net.URLClassPath.disableClassPathURLCheck=true 
Picked up JAVA_TOOL_OPTIONS: -XX:CICompilerCount=2 -XX:ParallelGCThreads=2 -XX:ConcGCThreads=2 -Djdk.net.URLClassPath.disableClassPathURLCheck=true -XX:CICompilerCount=2 -XX:ParallelGCThreads=2 -XX:ConcGCThreads=2 -Djdk.net.URLClassPath.disableClassPathURLCheck=true 
Picked up JAVA_TOOL_OPTIONS: -XX:CICompilerCount=2 -XX:ParallelGCThreads=2 -XX:ConcGCThreads=2 -Djdk.net.URLClassPath.disableClassPathURLCheck=true -XX:CICompilerCount=2 -XX:ParallelGCThreads=2 -XX:ConcGCThreads=2 -Djdk.net.URLClassPath.disableClassPathURLCheck=true 
Picked up _JAVA_OPTIONS: -Djdk.net.URLClassPath.disableClassPathURLCheck=true
Running org.apache.flink.runtime.messages.WebMonitorMessagesTest
Picked up _JAVA_OPTIONS: -Djdk.net.URLClassPath.disableClassPathURLCheck=true
Running org.apache.flink.runtime.util.DelegatingConfigurationTest
Tests run: 2, Failures: 0, Errors: 0, Skipped: 0, Time elapsed: 0.553 sec - in org.apache.flink.runtime.iterative.concurrent.SuperstepBarrierTest
Picked up JAVA_TOOL_OPTIONS: -XX:CICompilerCount=2 -XX:ParallelGCThreads=2 -XX:ConcGCThreads=2 -Djdk.net.URLClassPath.disableClassPathURLCheck=true -XX:CICompilerCount=2 -XX:ParallelGCThreads=2 -XX:ConcGCThreads=2 -Djdk.net.URLClassPath.disableClassPathURLCheck=true 
Picked up _JAVA_OPTIONS: -Djdk.net.URLClassPath.disableClassPathURLCheck=true
Picked up JAVA_TOOL_OPTIONS: -XX:CICompilerCount=2 -XX:ParallelGCThreads=2 -XX:ConcGCThreads=2 -Djdk.net.URLClassPath.disableClassPathURLCheck=true -XX:CICompilerCount=2 -XX:ParallelGCThreads=2 -XX:ConcGCThreads=2 -Djdk.net.URLClassPath.disableClassPathURLCheck=true 
Tests run: 3, Failures: 0, Errors: 0, Skipped: 0, Time elapsed: 0 sec - in org.apache.flink.runtime.messages.WebMonitorMessagesTest
Picked up _JAVA_OPTIONS: -Djdk.net.URLClassPath.disableClassPathURLCheck=true
Running org.apache.flink.runtime.util.JarFileCreatorTest
Tests run: 1, Failures: 0, Errors: 0, Skipped: 0, Time elapsed: 0 sec - in org.apache.flink.runtime.util.DelegatingConfigurationTest
Picked up _JAVA_OPTIONS: -Djdk.net.URLClassPath.disableClassPathURLCheck=true
Tests run: 9, Failures: 0, Errors: 0, Skipped: 0, Time elapsed: 0 sec - in org.apache.flink.runtime.util.JarFileCreatorTest
Picked up JAVA_TOOL_OPTIONS: -XX:CICompilerCount=2 -XX:ParallelGCThreads=2 -XX:ConcGCThreads=2 -Djdk.net.URLClassPath.disableClassPathURLCheck=true -XX:CICompilerCount=2 -XX:ParallelGCThreads=2 -XX:ConcGCThreads=2 -Djdk.net.URLClassPath.disableClassPathURLCheck=true 
Picked up _JAVA_OPTIONS: -Djdk.net.URLClassPath.disableClassPathURLCheck=true
Running org.apache.flink.runtime.execution.librarycache.BlobLibraryCacheManagerTest
Tests run: 1, Failures: 0, Errors: 0, Skipped: 0, Time elapsed: 0.308 sec - in org.apache.flink.runtime.io.disk.iomanager.BufferFileWriterFileSegmentReaderTest
Running org.apache.flink.runtime.state.MemoryStateBackendTest
Tests run: 3, Failures: 0, Errors: 0, Skipped: 0, Time elapsed: 3.813 sec - in org.apache.flink.runtime.operators.sort.LargeRecordHandlerTest
Picked up JAVA_TOOL_OPTIONS: -XX:CICompilerCount=2 -XX:ParallelGCThreads=2 -XX:ConcGCThreads=2 -Djdk.net.URLClassPath.disableClassPathURLCheck=true -XX:CICompilerCount=2 -XX:ParallelGCThreads=2 -XX:ConcGCThreads=2 -Djdk.net.URLClassPath.disableClassPathURLCheck=true 
Picked up _JAVA_OPTIONS: -Djdk.net.URLClassPath.disableClassPathURLCheck=true
Running org.apache.flink.runtime.checkpoint.CheckpointCoordinatorTest
Picked up JAVA_TOOL_OPTIONS: -XX:CICompilerCount=2 -XX:ParallelGCThreads=2 -XX:ConcGCThreads=2 -Djdk.net.URLClassPath.disableClassPathURLCheck=true -XX:CICompilerCount=2 -XX:ParallelGCThreads=2 -XX:ConcGCThreads=2 -Djdk.net.URLClassPath.disableClassPathURLCheck=true 
Running org.apache.flink.runtime.jobgraph.JobTaskVertexTest
Running org.apache.flink.runtime.util.ClassLoaderUtilsTest
Picked up JAVA_TOOL_OPTIONS: -XX:CICompilerCount=2 -XX:ParallelGCThreads=2 -XX:ConcGCThreads=2 -Djdk.net.URLClassPath.disableClassPathURLCheck=true -XX:CICompilerCount=2 -XX:ParallelGCThreads=2 -XX:ConcGCThreads=2 -Djdk.net.URLClassPath.disableClassPathURLCheck=true 
Picked up _JAVA_OPTIONS: -Djdk.net.URLClassPath.disableClassPathURLCheck=true
Tests run: 3, Failures: 0, Errors: 0, Skipped: 0, Time elapsed: 0 sec - in org.apache.flink.runtime.util.ClassLoaderUtilsTest
Picked up _JAVA_OPTIONS: -Djdk.net.URLClassPath.disableClassPathURLCheck=true
Picked up JAVA_TOOL_OPTIONS: -XX:CICompilerCount=2 -XX:ParallelGCThreads=2 -XX:ConcGCThreads=2 -Djdk.net.URLClassPath.disableClassPathURLCheck=true -XX:CICompilerCount=2 -XX:ParallelGCThreads=2 -XX:ConcGCThreads=2 -Djdk.net.URLClassPath.disableClassPathURLCheck=true 
Picked up _JAVA_OPTIONS: -Djdk.net.URLClassPath.disableClassPathURLCheck=true
Picked up JAVA_TOOL_OPTIONS: -XX:CICompilerCount=2 -XX:ParallelGCThreads=2 -XX:ConcGCThreads=2 -Djdk.net.URLClassPath.disableClassPathURLCheck=true -XX:CICompilerCount=2 -XX:ParallelGCThreads=2 -XX:ConcGCThreads=2 -Djdk.net.URLClassPath.disableClassPathURLCheck=true 
Picked up _JAVA_OPTIONS: -Djdk.net.URLClassPath.disableClassPathURLCheck=true
Running org.apache.flink.runtime.instance.SimpleSlotTest
Tests run: 3, Failures: 0, Errors: 0, Skipped: 0, Time elapsed: 0 sec - in org.apache.flink.runtime.instance.SimpleSlotTest
Picked up JAVA_TOOL_OPTIONS: -XX:CICompilerCount=2 -XX:ParallelGCThreads=2 -XX:ConcGCThreads=2 -Djdk.net.URLClassPath.disableClassPathURLCheck=true -XX:CICompilerCount=2 -XX:ParallelGCThreads=2 -XX:ConcGCThreads=2 -Djdk.net.URLClassPath.disableClassPathURLCheck=true 
Picked up _JAVA_OPTIONS: -Djdk.net.URLClassPath.disableClassPathURLCheck=true
Running org.apache.flink.runtime.util.event.TaskEventHandlerTest
Tests run: 1, Failures: 0, Errors: 0, Skipped: 0, Time elapsed: 0 sec - in org.apache.flink.runtime.util.event.TaskEventHandlerTest
Running org.apache.flink.runtime.checkpoint.stats.DisabledCheckpointStatsTrackerTest
Picked up JAVA_TOOL_OPTIONS: -XX:CICompilerCount=2 -XX:ParallelGCThreads=2 -XX:ConcGCThreads=2 -Djdk.net.URLClassPath.disableClassPathURLCheck=true -XX:CICompilerCount=2 -XX:ParallelGCThreads=2 -XX:ConcGCThreads=2 -Djdk.net.URLClassPath.disableClassPathURLCheck=true 
Picked up _JAVA_OPTIONS: -Djdk.net.URLClassPath.disableClassPathURLCheck=true
Running org.apache.flink.runtime.leaderelection.ZooKeeperLeaderElectionTest
Picked up JAVA_TOOL_OPTIONS: -XX:CICompilerCount=2 -XX:ParallelGCThreads=2 -XX:ConcGCThreads=2 -Djdk.net.URLClassPath.disableClassPathURLCheck=true -XX:CICompilerCount=2 -XX:ParallelGCThreads=2 -XX:ConcGCThreads=2 -Djdk.net.URLClassPath.disableClassPathURLCheck=true 
Picked up _JAVA_OPTIONS: -Djdk.net.URLClassPath.disableClassPathURLCheck=true
Running org.apache.flink.runtime.net.ConnectionUtilsTest
Picked up JAVA_TOOL_OPTIONS: -XX:CICompilerCount=2 -XX:ParallelGCThreads=2 -XX:ConcGCThreads=2 -Djdk.net.URLClassPath.disableClassPathURLCheck=true -XX:CICompilerCount=2 -XX:ParallelGCThreads=2 -XX:ConcGCThreads=2 -Djdk.net.URLClassPath.disableClassPathURLCheck=true 
Picked up _JAVA_OPTIONS: -Djdk.net.URLClassPath.disableClassPathURLCheck=true
Picked up JAVA_TOOL_OPTIONS: -XX:CICompilerCount=2 -XX:ParallelGCThreads=2 -XX:ConcGCThreads=2 -Djdk.net.URLClassPath.disableClassPathURLCheck=true -XX:CICompilerCount=2 -XX:ParallelGCThreads=2 -XX:ConcGCThreads=2 -Djdk.net.URLClassPath.disableClassPathURLCheck=true 
Picked up _JAVA_OPTIONS: -Djdk.net.URLClassPath.disableClassPathURLCheck=true
Picked up JAVA_TOOL_OPTIONS: -XX:CICompilerCount=2 -XX:ParallelGCThreads=2 -XX:ConcGCThreads=2 -Djdk.net.URLClassPath.disableClassPathURLCheck=true -XX:CICompilerCount=2 -XX:ParallelGCThreads=2 -XX:ConcGCThreads=2 -Djdk.net.URLClassPath.disableClassPathURLCheck=true 
Picked up _JAVA_OPTIONS: -Djdk.net.URLClassPath.disableClassPathURLCheck=true
Tests run: 1, Failures: 0, Errors: 0, Skipped: 0, Time elapsed: 0.099 sec - in org.apache.flink.runtime.checkpoint.stats.DisabledCheckpointStatsTrackerTest
Picked up JAVA_TOOL_OPTIONS: -XX:CICompilerCount=2 -XX:ParallelGCThreads=2 -XX:ConcGCThreads=2 -Djdk.net.URLClassPath.disableClassPathURLCheck=true -XX:CICompilerCount=2 -XX:ParallelGCThreads=2 -XX:ConcGCThreads=2 -Djdk.net.URLClassPath.disableClassPathURLCheck=true 
Picked up _JAVA_OPTIONS: -Djdk.net.URLClassPath.disableClassPathURLCheck=true
Picked up JAVA_TOOL_OPTIONS: -XX:CICompilerCount=2 -XX:ParallelGCThreads=2 -XX:ConcGCThreads=2 -Djdk.net.URLClassPath.disableClassPathURLCheck=true -XX:CICompilerCount=2 -XX:ParallelGCThreads=2 -XX:ConcGCThreads=2 -Djdk.net.URLClassPath.disableClassPathURLCheck=true 
Picked up _JAVA_OPTIONS: -Djdk.net.URLClassPath.disableClassPathURLCheck=true
Picked up JAVA_TOOL_OPTIONS: -XX:CICompilerCount=2 -XX:ParallelGCThreads=2 -XX:ConcGCThreads=2 -Djdk.net.URLClassPath.disableClassPathURLCheck=true -XX:CICompilerCount=2 -XX:ParallelGCThreads=2 -XX:ConcGCThreads=2 -Djdk.net.URLClassPath.disableClassPathURLCheck=true 
Picked up _JAVA_OPTIONS: -Djdk.net.URLClassPath.disableClassPathURLCheck=true
Picked up JAVA_TOOL_OPTIONS: -XX:CICompilerCount=2 -XX:ParallelGCThreads=2 -XX:ConcGCThreads=2 -Djdk.net.URLClassPath.disableClassPathURLCheck=true -XX:CICompilerCount=2 -XX:ParallelGCThreads=2 -XX:ConcGCThreads=2 -Djdk.net.URLClassPath.disableClassPathURLCheck=true 
Picked up _JAVA_OPTIONS: -Djdk.net.URLClassPath.disableClassPathURLCheck=true
Running org.apache.flink.runtime.blob.BlobKeyTest
Tests run: 5, Failures: 0, Errors: 0, Skipped: 0, Time elapsed: 1.018 sec - in org.apache.flink.runtime.checkpoint.stats.SimpleCheckpointStatsTrackerTest
Picked up JAVA_TOOL_OPTIONS: -XX:CICompilerCount=2 -XX:ParallelGCThreads=2 -XX:ConcGCThreads=2 -Djdk.net.URLClassPath.disableClassPathURLCheck=true -XX:CICompilerCount=2 -XX:ParallelGCThreads=2 -XX:ConcGCThreads=2 -Djdk.net.URLClassPath.disableClassPathURLCheck=true 
Picked up _JAVA_OPTIONS: -Djdk.net.URLClassPath.disableClassPathURLCheck=true
Picked up JAVA_TOOL_OPTIONS: -XX:CICompilerCount=2 -XX:ParallelGCThreads=2 -XX:ConcGCThreads=2 -Djdk.net.URLClassPath.disableClassPathURLCheck=true -XX:CICompilerCount=2 -XX:ParallelGCThreads=2 -XX:ConcGCThreads=2 -Djdk.net.URLClassPath.disableClassPathURLCheck=true 
Picked up _JAVA_OPTIONS: -Djdk.net.URLClassPath.disableClassPathURLCheck=true
Picked up JAVA_TOOL_OPTIONS: -XX:CICompilerCount=2 -XX:ParallelGCThreads=2 -XX:ConcGCThreads=2 -Djdk.net.URLClassPath.disableClassPathURLCheck=true -XX:CICompilerCount=2 -XX:ParallelGCThreads=2 -XX:ConcGCThreads=2 -Djdk.net.URLClassPath.disableClassPathURLCheck=true 
Picked up _JAVA_OPTIONS: -Djdk.net.URLClassPath.disableClassPathURLCheck=true
Picked up JAVA_TOOL_OPTIONS: -XX:CICompilerCount=2 -XX:ParallelGCThreads=2 -XX:ConcGCThreads=2 -Djdk.net.URLClassPath.disableClassPathURLCheck=true -XX:CICompilerCount=2 -XX:ParallelGCThreads=2 -XX:ConcGCThreads=2 -Djdk.net.URLClassPath.disableClassPathURLCheck=true 
Picked up _JAVA_OPTIONS: -Djdk.net.URLClassPath.disableClassPathURLCheck=true
Picked up JAVA_TOOL_OPTIONS: -XX:CICompilerCount=2 -XX:ParallelGCThreads=2 -XX:ConcGCThreads=2 -Djdk.net.URLClassPath.disableClassPathURLCheck=true -XX:CICompilerCount=2 -XX:ParallelGCThreads=2 -XX:ConcGCThreads=2 -Djdk.net.URLClassPath.disableClassPathURLCheck=true 
Picked up _JAVA_OPTIONS: -Djdk.net.URLClassPath.disableClassPathURLCheck=true
Picked up JAVA_TOOL_OPTIONS: -XX:CICompilerCount=2 -XX:ParallelGCThreads=2 -XX:ConcGCThreads=2 -Djdk.net.URLClassPath.disableClassPathURLCheck=true -XX:CICompilerCount=2 -XX:ParallelGCThreads=2 -XX:ConcGCThreads=2 -Djdk.net.URLClassPath.disableClassPathURLCheck=true 
Picked up _JAVA_OPTIONS: -Djdk.net.URLClassPath.disableClassPathURLCheck=true
Picked up JAVA_TOOL_OPTIONS: -XX:CICompilerCount=2 -XX:ParallelGCThreads=2 -XX:ConcGCThreads=2 -Djdk.net.URLClassPath.disableClassPathURLCheck=true -XX:CICompilerCount=2 -XX:ParallelGCThreads=2 -XX:ConcGCThreads=2 -Djdk.net.URLClassPath.disableClassPathURLCheck=true 
Picked up _JAVA_OPTIONS: -Djdk.net.URLClassPath.disableClassPathURLCheck=true
Running org.apache.flink.runtime.io.disk.ChannelViewsTest
Running org.apache.flink.runtime.taskmanager.TaskManagerProcessReapingTest
Running org.apache.flink.runtime.io.disk.SeekableFileChannelInputViewTest
Tests run: 1, Failures: 0, Errors: 0, Skipped: 0, Time elapsed: 0 sec - in org.apache.flink.runtime.io.disk.SeekableFileChannelInputViewTest
Running org.apache.flink.runtime.leaderelection.LeaderChangeStateCleanupTest
Picked up JAVA_TOOL_OPTIONS: -XX:CICompilerCount=2 -XX:ParallelGCThreads=2 -XX:ConcGCThreads=2 -Djdk.net.URLClassPath.disableClassPathURLCheck=true -XX:CICompilerCount=2 -XX:ParallelGCThreads=2 -XX:ConcGCThreads=2 -Djdk.net.URLClassPath.disableClassPathURLCheck=true 
Picked up _JAVA_OPTIONS: -Djdk.net.URLClassPath.disableClassPathURLCheck=true
Picked up JAVA_TOOL_OPTIONS: -XX:CICompilerCount=2 -XX:ParallelGCThreads=2 -XX:ConcGCThreads=2 -Djdk.net.URLClassPath.disableClassPathURLCheck=true -XX:CICompilerCount=2 -XX:ParallelGCThreads=2 -XX:ConcGCThreads=2 -Djdk.net.URLClassPath.disableClassPathURLCheck=true 
Picked up _JAVA_OPTIONS: -Djdk.net.URLClassPath.disableClassPathURLCheck=true
Picked up JAVA_TOOL_OPTIONS: -XX:CICompilerCount=2 -XX:ParallelGCThreads=2 -XX:ConcGCThreads=2 -Djdk.net.URLClassPath.disableClassPathURLCheck=true -XX:CICompilerCount=2 -XX:ParallelGCThreads=2 -XX:ConcGCThreads=2 -Djdk.net.URLClassPath.disableClassPathURLCheck=true 
Picked up _JAVA_OPTIONS: -Djdk.net.URLClassPath.disableClassPathURLCheck=true
Picked up JAVA_TOOL_OPTIONS: -XX:CICompilerCount=2 -XX:ParallelGCThreads=2 -XX:ConcGCThreads=2 -Djdk.net.URLClassPath.disableClassPathURLCheck=true -XX:CICompilerCount=2 -XX:ParallelGCThreads=2 -XX:ConcGCThreads=2 -Djdk.net.URLClassPath.disableClassPathURLCheck=true 
Picked up _JAVA_OPTIONS: -Djdk.net.URLClassPath.disableClassPathURLCheck=true
Picked up JAVA_TOOL_OPTIONS: -XX:CICompilerCount=2 -XX:ParallelGCThreads=2 -XX:ConcGCThreads=2 -Djdk.net.URLClassPath.disableClassPathURLCheck=true -XX:CICompilerCount=2 -XX:ParallelGCThreads=2 -XX:ConcGCThreads=2 -Djdk.net.URLClassPath.disableClassPathURLCheck=true 
Picked up _JAVA_OPTIONS: -Djdk.net.URLClassPath.disableClassPathURLCheck=true
Running org.apache.flink.runtime.taskmanager.TaskTest
Picked up JAVA_TOOL_OPTIONS: -XX:CICompilerCount=2 -XX:ParallelGCThreads=2 -XX:ConcGCThreads=2 -Djdk.net.URLClassPath.disableClassPathURLCheck=true -XX:CICompilerCount=2 -XX:ParallelGCThreads=2 -XX:ConcGCThreads=2 -Djdk.net.URLClassPath.disableClassPathURLCheck=true 
Picked up _JAVA_OPTIONS: -Djdk.net.URLClassPath.disableClassPathURLCheck=true
Running org.apache.flink.runtime.messages.CheckpointMessagesTest
Tests run: 2, Failures: 0, Errors: 0, Skipped: 0, Time elapsed: 0 sec - in org.apache.flink.runtime.messages.CheckpointMessagesTest
Tests run: 9, Failures: 0, Errors: 0, Skipped: 0, Time elapsed: 0.658 sec - in org.apache.flink.runtime.memory.MemorySegmentSimpleTest
Running org.apache.flink.runtime.taskmanager.TaskAsyncCallTest
Running org.apache.flink.runtime.taskmanager.TaskManagerTest
Tests run: 3, Failures: 0, Errors: 0, Skipped: 0, Time elapsed: 0.992 sec - in org.apache.flink.runtime.checkpoint.CheckpointIDCounterTest$StandaloneCheckpointIDCounterTest
Running org.apache.flink.runtime.taskmanager.TaskInputSplitProviderTest
Tests run: 4, Failures: 0, Errors: 0, Skipped: 0, Time elapsed: 0.16 sec - in org.apache.flink.runtime.blob.BlobKeyTest
Running org.apache.flink.runtime.taskmanager.TaskExecutionStateTest
Tests run: 2, Failures: 0, Errors: 0, Skipped: 0, Time elapsed: 0.607 sec - in org.apache.flink.runtime.util.DataInputOutputSerializerTest
Running org.apache.flink.runtime.taskmanager.TaskManagerComponentsStartupShutdownTest
Tests run: 5, Failures: 0, Errors: 0, Skipped: 0, Time elapsed: 0.464 sec - in org.apache.flink.runtime.jobgraph.JobTaskVertexTest
Running org.apache.flink.runtime.taskmanager.TaskManagerConfigurationTest
Tests run: 3, Failures: 0, Errors: 0, Skipped: 0, Time elapsed: 0.825 sec - in org.apache.flink.runtime.util.EnvironmentInformationTest
Tests run: 13, Failures: 0, Errors: 0, Skipped: 0, Time elapsed: 0.583 sec - in org.apache.flink.runtime.state.MemoryStateBackendTest
Tests run: 2, Failures: 0, Errors: 0, Skipped: 0, Time elapsed: 0.617 sec - in org.apache.flink.runtime.execution.librarycache.BlobLibraryCacheManagerTest
Tests run: 3, Failures: 0, Errors: 0, Skipped: 0, Time elapsed: 0.199 sec - in org.apache.flink.runtime.taskmanager.TaskExecutionStateTest
Running org.apache.flink.runtime.event.task.TaskEventTest
Running org.apache.flink.runtime.taskmanager.TaskManagerRegistrationTest
Tests run: 3, Failures: 0, Errors: 0, Skipped: 0, Time elapsed: 0.029 sec - in org.apache.flink.runtime.event.task.TaskEventTest
Tests run: 3, Failures: 0, Errors: 0, Skipped: 0, Time elapsed: 4.979 sec - in org.apache.flink.runtime.operators.hash.HashTableTest
Running org.apache.flink.runtime.jobgraph.JobIdTest
Running org.apache.flink.runtime.taskmanager.TaskManagerStartupTest
Running org.apache.flink.runtime.deployment.TaskDeploymentDescriptorTest
Tests run: 1, Failures: 0, Errors: 0, Skipped: 0, Time elapsed: 0.011 sec - in org.apache.flink.runtime.jobgraph.JobIdTest
Tests run: 4, Failures: 0, Errors: 0, Skipped: 0, Time elapsed: 1.164 sec - in org.apache.flink.runtime.io.disk.SpillingBufferTest
Tests run: 5, Failures: 0, Errors: 0, Skipped: 0, Time elapsed: 0.801 sec - in org.apache.flink.runtime.blob.BlobServerDeleteTest
Tests run: 1, Failures: 0, Errors: 0, Skipped: 0, Time elapsed: 5.848 sec - in org.apache.flink.runtime.jobmanager.SlotCountExceedingParallelismTest
Running org.apache.flink.runtime.jobgraph.JobGraphTest
Tests run: 4, Failures: 0, Errors: 0, Skipped: 0, Time elapsed: 0.933 sec - in org.apache.flink.runtime.instance.InstanceManagerTest
Running org.apache.flink.runtime.filecache.FileCacheDeleteValidationTest
Running org.apache.flink.runtime.jobgraph.jsonplan.JsonGeneratorTest
Tests run: 1, Failures: 0, Errors: 0, Skipped: 0, Time elapsed: 1.24 sec - in org.apache.flink.runtime.iterative.concurrent.BrokerTest
Running org.apache.flink.runtime.deployment.ResultPartitionDeploymentDescriptorTest
Tests run: 1, Failures: 0, Errors: 0, Skipped: 0, Time elapsed: 0.325 sec - in org.apache.flink.runtime.deployment.TaskDeploymentDescriptorTest
Tests run: 14, Failures: 1, Errors: 0, Skipped: 0, Time elapsed: 1.404 sec <<< FAILURE! - in org.apache.flink.runtime.checkpoint.SavepointCoordinatorTest
testSimpleRollbackSavepoint(org.apache.flink.runtime.checkpoint.SavepointCoordinatorTest)  Time elapsed: 0.066 sec  <<< FAILURE!
java.lang.AssertionError: null
	at org.junit.Assert.fail(Assert.java:86)
	at org.junit.Assert.assertTrue(Assert.java:41)
	at org.junit.Assert.assertTrue(Assert.java:52)
	at org.apache.flink.runtime.checkpoint.SavepointCoordinatorTest.testSimpleRollbackSavepoint(SavepointCoordinatorTest.java:218)

Tests run: 12, Failures: 0, Errors: 0, Skipped: 0, Time elapsed: 1.109 sec - in org.apache.flink.runtime.state.FileStateBackendTest
Tests run: 1, Failures: 0, Errors: 0, Skipped: 0, Time elapsed: 0.188 sec - in org.apache.flink.runtime.deployment.ResultPartitionDeploymentDescriptorTest
Tests run: 3, Failures: 0, Errors: 0, Skipped: 0, Time elapsed: 0.635 sec - in org.apache.flink.runtime.taskmanager.TaskManagerConfigurationTest
Tests run: 6, Failures: 0, Errors: 0, Skipped: 0, Time elapsed: 0.384 sec - in org.apache.flink.runtime.jobgraph.JobGraphTest
Tests run: 1, Failures: 0, Errors: 0, Skipped: 0, Time elapsed: 1.738 sec - in org.apache.flink.runtime.checkpoint.ExecutionGraphCheckpointCoordinatorTest
Tests run: 4, Failures: 0, Errors: 0, Skipped: 0, Time elapsed: 3.76 sec - in org.apache.flink.runtime.io.disk.iomanager.AsynchronousBufferFileWriterTest
Tests run: 1, Failures: 0, Errors: 0, Skipped: 0, Time elapsed: 0.823 sec - in org.apache.flink.runtime.taskmanager.TaskInputSplitProviderTest
Tests run: 2, Failures: 0, Errors: 0, Skipped: 0, Time elapsed: 0.898 sec - in org.apache.flink.runtime.taskmanager.TaskAsyncCallTest
Tests run: 1, Failures: 0, Errors: 0, Skipped: 0, Time elapsed: 0.453 sec - in org.apache.flink.runtime.jobgraph.jsonplan.JsonGeneratorTest
Tests run: 12, Failures: 0, Errors: 0, Skipped: 0, Time elapsed: 3.605 sec - in org.apache.flink.runtime.operators.ReduceTaskTest
Tests run: 15, Failures: 0, Errors: 0, Skipped: 0, Time elapsed: 1.125 sec - in org.apache.flink.runtime.taskmanager.TaskTest
Tests run: 5, Failures: 0, Errors: 0, Skipped: 0, Time elapsed: 1.632 sec - in org.apache.flink.runtime.blob.BlobServerPutTest
Tests run: 2, Failures: 0, Errors: 0, Skipped: 0, Time elapsed: 2.421 sec - in org.apache.flink.runtime.checkpoint.CoordinatorShutdownTest
Tests run: 3, Failures: 0, Errors: 0, Skipped: 0, Time elapsed: 5.273 sec - in org.apache.flink.runtime.operators.hash.CompactingHashTableTest
Tests run: 8, Failures: 0, Errors: 0, Skipped: 0, Time elapsed: 7.59 sec - in org.apache.flink.runtime.operators.sort.FixedLengthRecordSorterTest
Tests run: 16, Failures: 0, Errors: 0, Skipped: 0, Time elapsed: 1.987 sec - in org.apache.flink.runtime.checkpoint.CheckpointCoordinatorTest
Tests run: 1, Failures: 0, Errors: 0, Skipped: 0, Time elapsed: 1.584 sec - in org.apache.flink.runtime.taskmanager.TaskManagerComponentsStartupShutdownTest
Tests run: 3, Failures: 0, Errors: 0, Skipped: 0, Time elapsed: 1.622 sec - in org.apache.flink.runtime.taskmanager.TaskManagerStartupTest
Tests run: 2, Failures: 0, Errors: 0, Skipped: 0, Time elapsed: 5.905 sec - in org.apache.flink.runtime.operators.chaining.ChainTaskTest
Tests run: 8, Failures: 0, Errors: 0, Skipped: 0, Time elapsed: 5.372 sec - in org.apache.flink.runtime.io.network.partition.consumer.RemoteInputChannelTest
Tests run: 1, Failures: 0, Errors: 0, Skipped: 0, Time elapsed: 2.32 sec - in org.apache.flink.runtime.net.ConnectionUtilsTest
Tests run: 4, Failures: 0, Errors: 0, Skipped: 0, Time elapsed: 2.754 sec - in org.apache.flink.runtime.blob.BlobClientTest
Tests run: 32, Failures: 0, Errors: 0, Skipped: 0, Time elapsed: 7.347 sec - in org.apache.flink.runtime.operators.CrossTaskTest
Tests run: 26, Failures: 0, Errors: 0, Skipped: 0, Time elapsed: 6.571 sec - in org.apache.flink.runtime.operators.FullOuterJoinTaskTest
Tests run: 18, Failures: 0, Errors: 0, Skipped: 0, Time elapsed: 6.99 sec - in org.apache.flink.runtime.operators.CoGroupTaskTest
[ERROR] [03/13/2020 15:11:00.905] [TestingActorSystem-akka.actor.default-dispatcher-2] [akka://TestingActorSystem/user/$a] Kill (akka.actor.ActorKilledException)
[INFO] [03/13/2020 15:11:00.993] [TestingActorSystem-akka.actor.default-dispatcher-2] [akka://TestingActorSystem/user/$a] Message [org.apache.flink.runtime.messages.JobManagerMessages$LeaderSessionMessage] from Actor[akka://TestingActorSystem/deadLetters] to Actor[akka://TestingActorSystem/user/$a#-329424779] was not delivered. [1] dead letters encountered. This logging can be turned off or adjusted with configuration settings 'akka.log-dead-letters' and 'akka.log-dead-letters-during-shutdown'.
[ERROR] [03/13/2020 15:11:00.996] [TestingActorSystem-akka.actor.default-dispatcher-4] [akka://TestingActorSystem/user/$c] Kill (akka.actor.ActorKilledException)
Tests run: 22, Failures: 0, Errors: 0, Skipped: 0, Time elapsed: 7.93 sec - in org.apache.flink.runtime.operators.CachedMatchTaskTest
[INFO] [03/13/2020 15:11:01.003] [TestingActorSystem-akka.actor.default-dispatcher-3] [akka://TestingActorSystem/user/$c] Message [akka.dispatch.sysmsg.Terminate] from Actor[akka://TestingActorSystem/user/$c#-879151350] to Actor[akka://TestingActorSystem/user/$c#-879151350] was not delivered. [2] dead letters encountered. This logging can be turned off or adjusted with configuration settings 'akka.log-dead-letters' and 'akka.log-dead-letters-during-shutdown'.
Tests run: 2, Failures: 0, Errors: 0, Skipped: 0, Time elapsed: 4.169 sec - in org.apache.flink.runtime.leaderelection.JobManagerLeaderElectionTest
Tests run: 14, Failures: 0, Errors: 0, Skipped: 0, Time elapsed: 8.091 sec - in org.apache.flink.runtime.operators.hash.MemoryHashTableTest
java.lang.AssertionError: TaskManager died, but not because of the process reaper expected:<2> but was:<1>
	at org.junit.Assert.fail(Assert.java:88)
	at org.junit.Assert.failNotEquals(Assert.java:743)
	at org.junit.Assert.assertEquals(Assert.java:118)
	at org.junit.Assert.assertEquals(Assert.java:555)
	at org.apache.flink.runtime.taskmanager.TaskManagerProcessReapingTest.testReapProcessOnFailure(TaskManagerProcessReapingTest.java:161)
	at sun.reflect.NativeMethodAccessorImpl.invoke0(Native Method)
	at sun.reflect.NativeMethodAccessorImpl.invoke(NativeMethodAccessorImpl.java:62)
	at sun.reflect.DelegatingMethodAccessorImpl.invoke(DelegatingMethodAccessorImpl.java:43)
	at java.lang.reflect.Method.invoke(Method.java:498)
	at org.junit.runners.model.FrameworkMethod$1.runReflectiveCall(FrameworkMethod.java:47)
	at org.junit.internal.runners.model.ReflectiveCallable.run(ReflectiveCallable.java:12)
	at org.junit.runners.model.FrameworkMethod.invokeExplosively(FrameworkMethod.java:44)
	at org.junit.internal.runners.statements.InvokeMethod.evaluate(InvokeMethod.java:17)
	at org.junit.runners.ParentRunner.runLeaf(ParentRunner.java:271)
	at org.junit.runners.BlockJUnit4ClassRunner.runChild(BlockJUnit4ClassRunner.java:70)
	at org.junit.runners.BlockJUnit4ClassRunner.runChild(BlockJUnit4ClassRunner.java:50)
	at org.junit.runners.ParentRunner$3.run(ParentRunner.java:238)
	at org.junit.runners.ParentRunner$1.schedule(ParentRunner.java:63)
	at org.junit.runners.ParentRunner.runChildren(ParentRunner.java:236)
	at org.junit.runners.ParentRunner.access$000(ParentRunner.java:53)
	at org.junit.runners.ParentRunner$2.evaluate(ParentRunner.java:229)
	at org.junit.runners.ParentRunner.run(ParentRunner.java:309)
	at org.apache.maven.surefire.junit4.JUnit4Provider.execute(JUnit4Provider.java:283)
	at org.apache.maven.surefire.junit4.JUnit4Provider.executeWithRerun(JUnit4Provider.java:173)
	at org.apache.maven.surefire.junit4.JUnit4Provider.executeTestSet(JUnit4Provider.java:153)
	at org.apache.maven.surefire.junit4.JUnit4Provider.invoke(JUnit4Provider.java:128)
	at org.apache.maven.surefire.booter.ForkedBooter.invokeProviderInSameClassLoader(ForkedBooter.java:203)
	at org.apache.maven.surefire.booter.ForkedBooter.runSuitesInProcess(ForkedBooter.java:155)
	at org.apache.maven.surefire.booter.ForkedBooter.main(ForkedBooter.java:103)
-----------------------------------------
       BEGIN SPAWNED PROCESS LOG
-----------------------------------------
Picked up JAVA_TOOL_OPTIONS: -XX:CICompilerCount=2 -XX:ParallelGCThreads=2 -XX:ConcGCThreads=2 -Djdk.net.URLClassPath.disableClassPathURLCheck=true -XX:CICompilerCount=2 -XX:ParallelGCThreads=2 -XX:ConcGCThreads=2 -Djdk.net.URLClassPath.disableClassPathURLCheck=true -XX:CICompilerCount=2 -XX:ParallelGCThreads=2 -XX:ConcGCThreads=2 -Djdk.net.URLClassPath.disableClassPathURLCheck=true 
Picked up _JAVA_OPTIONS: -Djdk.net.URLClassPath.disableClassPathURLCheck=true
0    [main] INFO  org.apache.flink.runtime.taskmanager.TaskManager  - Starting TaskManager
5    [main] INFO  org.apache.flink.runtime.taskmanager.TaskManager  - Starting TaskManager actor system at 127.0.0.1:26917
76   [main] DEBUG org.apache.flink.runtime.taskmanager.TaskManager  - Using akka configuration
 Config(SimpleConfigObject({"akka":{"actor":{"default-dispatcher":{"fork-join-executor":{"parallelism-factor":2},"throughput":15},"guardian-supervisor-strategy":"akka.actor.StoppingSupervisorStrategy","provider":"akka.remote.RemoteActorRefProvider"},"daemonic":"on","jvm-exit-on-fatal-error":"off","log-config-on-start":"off","log-dead-letters":"off","log-dead-letters-during-shutdown":"off","loggers":["akka.event.slf4j.Slf4jLogger"],"logging-filter":"akka.event.slf4j.Slf4jLoggingFilter","loglevel":"DEBUG","remote":{"log-remote-lifecycle-events":"off","netty":{"tcp":{"connection-timeout":"100 seconds","hostname":"127.0.0.1","maximum-frame-size":"10485760b","port":26917,"tcp-nodelay":"on","transport-class":"akka.remote.transport.netty.NettyTransport"}},"startup-timeout":"100 seconds","transport-failure-detector":{"acceptable-heartbeat-pause":"6000 s","heartbeat-interval":"1000 s","threshold":300},"watch-failure-detector":{"acceptable-heartbeat-pause":"100 seconds","heartbeat-interval":"10 seconds","threshold":12}},"serialize-messages":"off","stdout-loglevel":"OFF"}}))
500  [flink-akka.actor.default-dispatcher-4] INFO  akka.event.slf4j.Slf4jLogger  - Slf4jLogger started
516  [flink-akka.actor.default-dispatcher-4] DEBUG akka.event.EventStream  - logger log1-Slf4jLogger started
519  [flink-akka.actor.default-dispatcher-4] DEBUG akka.event.EventStream  - Default Loggers started
557  [flink-akka.actor.default-dispatcher-2] INFO  Remoting  - Starting remoting
613  [flink-akka.remote.default-remote-dispatcher-5] DEBUG org.jboss.netty.channel.socket.nio.SelectorUtil  - Using select timeout of 500
614  [flink-akka.remote.default-remote-dispatcher-5] DEBUG org.jboss.netty.channel.socket.nio.SelectorUtil  - Epoll-bug workaround enabled = false
806  [flink-akka.actor.default-dispatcher-2] INFO  Remoting  - Remoting started; listening on addresses :[akka.tcp://flink@127.0.0.1:26917]
811  [main] INFO  org.apache.flink.runtime.taskmanager.TaskManager  - Starting TaskManager actor
822  [main] INFO  org.apache.flink.runtime.io.network.netty.NettyConfig  - NettyConfig [server address: localhost/127.0.0.1, server port: 26241, memory segment size (bytes): 32768, transport type: NIO, number of server threads: 1 (manual), number of client threads: 1 (manual), server connect backlog: 0 (use Netty's default), client connect timeout (sec): 120, send/receive buffer size (bytes): 0 (use Netty's default)]
824  [main] INFO  org.apache.flink.runtime.taskmanager.TaskManager  - Messages between TaskManager and JobManager have a max timeout of 10000 milliseconds
829  [main] INFO  org.apache.flink.runtime.taskmanager.TaskManager  - Temporary file directory '/tmp': total 99 GB, usable 96 GB (96.97% usable)
841  [main] INFO  org.apache.flink.runtime.io.network.buffer.NetworkBufferPool  - Allocated 8 MB for network buffer pool (number of memory segments: 256, bytes per segment: 32768).
841  [main] INFO  org.apache.flink.runtime.taskmanager.TaskManager  - Limiting managed memory to 4 MB, memory will be allocated lazily.
861  [main] INFO  org.apache.flink.runtime.io.disk.iomanager.IOManager  - I/O manager uses directory /tmp/flink-io-9db14ed9-f2f8-4939-b958-56468780e50e for spill files.
879  [main] DEBUG org.apache.flink.runtime.taskmanager.TaskManager  - Starting TaskManager process reaper
887  [flink-akka.actor.default-dispatcher-4] INFO  org.apache.flink.runtime.filecache.FileCache  - User file cache uses directory /tmp/flink-dist-cache-c5bcac97-f566-446a-bb07-9415300de00f
1235 [flink-akka.actor.default-dispatcher-4] INFO  org.apache.flink.runtime.taskmanager.TaskManager  - Starting TaskManager actor at akka://flink/user/taskmanager#1114255601.
1235 [flink-akka.actor.default-dispatcher-4] INFO  org.apache.flink.runtime.taskmanager.TaskManager  - TaskManager data connection information: localhost (dataPort=26241)
1236 [flink-akka.actor.default-dispatcher-4] INFO  org.apache.flink.runtime.taskmanager.TaskManager  - TaskManager has 1 task slot(s).
1238 [flink-akka.actor.default-dispatcher-4] INFO  org.apache.flink.runtime.taskmanager.TaskManager  - Memory usage stats: [HEAP: 72/245/245 MB, NON HEAP: 26/26/-1 MB (used/committed/max)]
1245 [flink-akka.actor.default-dispatcher-4] INFO  org.apache.flink.runtime.taskmanager.TaskManager  - Trying to register at JobManager akka.tcp://flink@127.0.0.1:25051/user/jobmanager (attempt 1, timeout: 500 milliseconds)
1594 [flink-akka.actor.default-dispatcher-4] DEBUG akka.serialization.Serialization(akka://flink)  - Using serializer[akka.serialization.JavaSerializer] for message [org.apache.flink.runtime.messages.JobManagerMessages$LeaderSessionMessage]
1626 [flink-akka.actor.default-dispatcher-4] DEBUG akka.remote.EndpointWriter  - Drained buffer with maxWriteCount: 50, fullBackoffCount: 1, smallBackoffCount: 0, noBackoffCount: 0 , adaptiveBackoff: 1000
1640 [flink-akka.actor.default-dispatcher-4] DEBUG akka.serialization.Serialization(akka://flink)  - Using serializer[akka.serialization.JavaSerializer] for message [akka.actor.ActorIdentity]
1722 [flink-akka.actor.default-dispatcher-4] INFO  org.apache.flink.runtime.taskmanager.TaskManager  - Successful registration at JobManager (akka.tcp://flink@127.0.0.1:25051/user/jobmanager), starting network stack and library cache.
1727 [flink-akka.actor.default-dispatcher-4] DEBUG org.apache.flink.runtime.io.network.NetworkEnvironment  - Starting result partition manager and network connection manager
1752 [flink-akka.actor.default-dispatcher-4] DEBUG io.netty.util.internal.logging.InternalLoggerFactory  - Using SLF4J as the default logging framework
1755 [flink-akka.actor.default-dispatcher-4] DEBUG io.netty.util.internal.PlatformDependent0  - java.nio.Buffer.address: available
1756 [flink-akka.actor.default-dispatcher-4] DEBUG io.netty.util.internal.PlatformDependent0  - sun.misc.Unsafe.theUnsafe: available
1756 [flink-akka.actor.default-dispatcher-4] DEBUG io.netty.util.internal.PlatformDependent0  - sun.misc.Unsafe.copyMemory: available
1756 [flink-akka.actor.default-dispatcher-4] DEBUG io.netty.util.internal.PlatformDependent0  - java.nio.Bits.unaligned: true
1758 [flink-akka.actor.default-dispatcher-4] DEBUG io.netty.util.internal.PlatformDependent  - Java version: 8
1758 [flink-akka.actor.default-dispatcher-4] DEBUG io.netty.util.internal.PlatformDependent  - -Dio.netty.noUnsafe: false
1758 [flink-akka.actor.default-dispatcher-4] DEBUG io.netty.util.internal.PlatformDependent  - sun.misc.Unsafe: available
1758 [flink-akka.actor.default-dispatcher-4] DEBUG io.netty.util.internal.PlatformDependent  - -Dio.netty.noJavassist: false
1848 [flink-akka.actor.default-dispatcher-4] DEBUG io.netty.util.internal.PlatformDependent  - Javassist: available
1848 [flink-akka.actor.default-dispatcher-4] DEBUG io.netty.util.internal.PlatformDependent  - -Dio.netty.tmpdir: /tmp (java.io.tmpdir)
1848 [flink-akka.actor.default-dispatcher-4] DEBUG io.netty.util.internal.PlatformDependent  - -Dio.netty.bitMode: 64 (sun.arch.data.model)
1848 [flink-akka.actor.default-dispatcher-4] DEBUG io.netty.util.internal.PlatformDependent  - -Dio.netty.noPreferDirect: false
1858 [flink-akka.actor.default-dispatcher-4] DEBUG io.netty.buffer.PooledByteBufAllocator  - -Dio.netty.allocator.numHeapArenas: 2
1858 [flink-akka.actor.default-dispatcher-4] DEBUG io.netty.buffer.PooledByteBufAllocator  - -Dio.netty.allocator.numDirectArenas: 2
1858 [flink-akka.actor.default-dispatcher-4] DEBUG io.netty.buffer.PooledByteBufAllocator  - -Dio.netty.allocator.pageSize: 8192
1858 [flink-akka.actor.default-dispatcher-4] DEBUG io.netty.buffer.PooledByteBufAllocator  - -Dio.netty.allocator.maxOrder: 11
1858 [flink-akka.actor.default-dispatcher-4] DEBUG io.netty.buffer.PooledByteBufAllocator  - -Dio.netty.allocator.chunkSize: 16777216
1858 [flink-akka.actor.default-dispatcher-4] DEBUG io.netty.buffer.PooledByteBufAllocator  - -Dio.netty.allocator.tinyCacheSize: 512
1858 [flink-akka.actor.default-dispatcher-4] DEBUG io.netty.buffer.PooledByteBufAllocator  - -Dio.netty.allocator.smallCacheSize: 256
1858 [flink-akka.actor.default-dispatcher-4] DEBUG io.netty.buffer.PooledByteBufAllocator  - -Dio.netty.allocator.normalCacheSize: 64
1858 [flink-akka.actor.default-dispatcher-4] DEBUG io.netty.buffer.PooledByteBufAllocator  - -Dio.netty.allocator.maxCachedBufferCapacity: 32768
1858 [flink-akka.actor.default-dispatcher-4] DEBUG io.netty.buffer.PooledByteBufAllocator  - -Dio.netty.allocator.cacheTrimInterval: 8192
1870 [flink-akka.actor.default-dispatcher-4] DEBUG org.apache.flink.runtime.io.network.NetworkEnvironment  - Starting network connection manager
1877 [flink-akka.actor.default-dispatcher-4] DEBUG io.netty.util.internal.JavassistTypeParameterMatcherGenerator  - Generated: io.netty.util.internal.__matchers__.io.netty.buffer.ByteBufMatcher
1884 [flink-akka.actor.default-dispatcher-4] DEBUG io.netty.channel.MultithreadEventLoopGroup  - -Dio.netty.eventLoopThreads: 144
1904 [flink-akka.actor.default-dispatcher-4] DEBUG io.netty.channel.nio.NioEventLoop  - -Dio.netty.noKeySetOptimization: false
1904 [flink-akka.actor.default-dispatcher-4] DEBUG io.netty.channel.nio.NioEventLoop  - -Dio.netty.selectorAutoRebuildThreshold: 512
1915 [flink-akka.actor.default-dispatcher-4] INFO  org.apache.flink.runtime.io.network.netty.NettyClient  - Successful initialization (took 37 ms).
1926 [flink-akka.actor.default-dispatcher-4] DEBUG io.netty.util.internal.ThreadLocalRandom  - -Dio.netty.initialSeedUniquifier: 0x78d0247c0de8dfa6 (took 0 ms)
1943 [flink-akka.actor.default-dispatcher-4] DEBUG io.netty.buffer.ByteBufUtil  - -Dio.netty.allocator.type: unpooled
1943 [flink-akka.actor.default-dispatcher-4] DEBUG io.netty.buffer.ByteBufUtil  - -Dio.netty.threadLocalDirectBufferSize: 65536
1945 [flink-akka.actor.default-dispatcher-4] DEBUG io.netty.util.NetUtil  - Loopback interface: lo (lo, 0:0:0:0:0:0:0:1%lo)
1945 [flink-akka.actor.default-dispatcher-4] DEBUG io.netty.util.NetUtil  - /proc/sys/net/core/somaxconn: 128
1953 [flink-akka.actor.default-dispatcher-4] INFO  org.apache.flink.runtime.io.network.netty.NettyServer  - Successful initialization (took 38 ms). Listening on SocketAddress /127.0.0.1:26241.
1954 [flink-akka.actor.default-dispatcher-4] INFO  org.apache.flink.runtime.taskmanager.TaskManager  - Determined BLOB server address to be /127.0.0.1:19661. Starting BLOB cache.
1956 [flink-akka.actor.default-dispatcher-4] INFO  org.apache.flink.runtime.blob.BlobCache  - Created BLOB cache storage directory /tmp/blobStore-7d239183-eaa3-4634-9c04-e7631cff4f28
1961 [flink-akka.actor.default-dispatcher-2] DEBUG akka.serialization.Serialization(akka://flink)  - Using serializer[akka.serialization.JavaSerializer] for message [akka.dispatch.sysmsg.Watch]
1961 [flink-akka.actor.default-dispatcher-2] DEBUG akka.remote.RemoteWatcher  - Watching: [akka://flink/user/taskmanager -> akka.tcp://flink@127.0.0.1:25051/user/jobmanager]
1964 [flink-akka.actor.default-dispatcher-2] DEBUG akka.remote.RemoteWatcher  - Unwatching: [akka://flink/user/taskmanager -> akka.tcp://flink@127.0.0.1:25051/user/jobmanager]
1965 [flink-akka.actor.default-dispatcher-2] DEBUG akka.remote.RemoteWatcher  - Cleanup self watch of [akka.tcp://flink@127.0.0.1:25051/user/jobmanager]
1965 [flink-akka.actor.default-dispatcher-2] DEBUG akka.serialization.Serialization(akka://flink)  - Using serializer[akka.serialization.JavaSerializer] for message [akka.dispatch.sysmsg.Unwatch]
1966 [flink-akka.actor.default-dispatcher-2] DEBUG akka.remote.RemoteWatcher  - Unwatched last watchee of node: [akka.tcp://flink@127.0.0.1:25051]
1966 [flink-akka.actor.default-dispatcher-4] INFO  org.apache.flink.runtime.taskmanager.TaskManager  - Stopping TaskManager akka://flink/user/taskmanager#1114255601.
1967 [flink-akka.actor.default-dispatcher-4] INFO  org.apache.flink.runtime.taskmanager.TaskManager  - Disassociating from JobManager
1968 [flink-akka.actor.default-dispatcher-4] INFO  org.apache.flink.runtime.blob.BlobCache  - Shutting down BlobCache
1974 [flink-akka.actor.default-dispatcher-4] DEBUG org.apache.flink.runtime.io.network.NetworkEnvironment  - Disassociating NetworkEnvironment from TaskManager. Cleaning all intermediate results.
1974 [flink-akka.actor.default-dispatcher-4] DEBUG org.apache.flink.runtime.io.network.NetworkEnvironment  - Shutting down network connection manager
1974 [flink-akka.actor.default-dispatcher-4] INFO  org.apache.flink.runtime.io.network.netty.NettyClient  - Successful shutdown (took 0 ms).
1975 [flink-akka.actor.default-dispatcher-4] INFO  org.apache.flink.runtime.io.network.netty.NettyServer  - Successful shutdown (took 1 ms).
1975 [flink-akka.actor.default-dispatcher-4] DEBUG org.apache.flink.runtime.io.network.NetworkEnvironment  - Shutting down intermediate result partition manager
1976 [flink-akka.actor.default-dispatcher-4] DEBUG org.apache.flink.runtime.io.network.partition.ResultPartitionManager  - Releasing 0 partitions because of shutdown.
1982 [flink-akka.actor.default-dispatcher-4] DEBUG org.apache.flink.runtime.io.network.partition.ResultPartitionManager  - Successful shutdown.
1983 [flink-akka.actor.default-dispatcher-4] DEBUG org.apache.flink.runtime.io.disk.iomanager.IOManager  - Shutting down I/O manager.
1984 [flink-akka.actor.default-dispatcher-4] INFO  org.apache.flink.runtime.io.disk.iomanager.IOManager  - I/O manager removed spill file directory /tmp/flink-io-9db14ed9-f2f8-4939-b958-56468780e50e
1985 [flink-akka.actor.default-dispatcher-4] INFO  org.apache.flink.runtime.taskmanager.TaskManager  - Task manager akka://flink/user/taskmanager is completely shut down.
1989 [flink-akka.actor.default-dispatcher-14] DEBUG akka.serialization.Serialization(akka://flink)  - Using serializer[akka.serialization.JavaSerializer] for message [akka.dispatch.sysmsg.DeathWatchNotification]
1989 [flink-akka.actor.default-dispatcher-3] ERROR org.apache.flink.runtime.taskmanager.TaskManager  - Actor akka://flink/user/taskmanager#1114255601 terminated, stopping process...
1991 [flink-akka.actor.default-dispatcher-2] DEBUG LocalActorRefProvider(akka://flink)  - resolve of path sequence [/user/taskmanager#1114255601] failed
1993 [flink-akka.actor.default-dispatcher-2] DEBUG LocalActorRefProvider(akka://flink)  - resolve of path sequence [/user/taskmanager#1114255601] failed
1993 [flink-akka.actor.default-dispatcher-2] DEBUG LocalActorRefProvider(akka://flink)  - resolve of path sequence [/user/taskmanager#1114255601] failed
1994 [flink-akka.actor.default-dispatcher-2] DEBUG LocalActorRefProvider(akka://flink)  - resolve of path sequence [/user/taskmanager#1114255601] failed

-----------------------------------------
        END SPAWNED PROCESS LOG
-----------------------------------------
Tests run: 1, Failures: 1, Errors: 0, Skipped: 0, Time elapsed: 4.531 sec <<< FAILURE! - in org.apache.flink.runtime.taskmanager.TaskManagerProcessReapingTest
testReapProcessOnFailure(org.apache.flink.runtime.taskmanager.TaskManagerProcessReapingTest)  Time elapsed: 4.53 sec  <<< FAILURE!
java.lang.AssertionError: TaskManager died, but not because of the process reaper expected:<2> but was:<1>
	at org.junit.Assert.fail(Assert.java:88)
	at org.junit.Assert.failNotEquals(Assert.java:743)
	at org.junit.Assert.assertEquals(Assert.java:118)
	at org.junit.Assert.assertEquals(Assert.java:555)
	at org.apache.flink.runtime.taskmanager.TaskManagerProcessReapingTest.testReapProcessOnFailure(TaskManagerProcessReapingTest.java:161)

Tests run: 1, Failures: 0, Errors: 0, Skipped: 0, Time elapsed: 5.786 sec - in org.apache.flink.runtime.filecache.FileCacheDeleteValidationTest
Tests run: 44, Failures: 0, Errors: 0, Skipped: 0, Time elapsed: 10.78 sec - in org.apache.flink.runtime.operators.RightOuterJoinTaskTest
Tests run: 1, Failures: 0, Errors: 0, Skipped: 0, Time elapsed: 7.717 sec - in org.apache.flink.runtime.taskmanager.TaskCancelTest
Tests run: 3, Failures: 0, Errors: 0, Skipped: 0, Time elapsed: 8.997 sec - in org.apache.flink.runtime.operators.DataSourceTaskTest
Tests run: 44, Failures: 0, Errors: 0, Skipped: 0, Time elapsed: 10.309 sec - in org.apache.flink.runtime.operators.LeftOuterJoinTaskTest
Tests run: 2, Failures: 0, Errors: 0, Skipped: 0, Time elapsed: 12.267 sec - in org.apache.flink.runtime.io.network.serialization.LargeRecordsTest
Tests run: 46, Failures: 0, Errors: 0, Skipped: 0, Time elapsed: 15.406 sec - in org.apache.flink.runtime.operators.JoinTaskTest
Tests run: 7, Failures: 0, Errors: 0, Skipped: 0, Time elapsed: 10.896 sec - in org.apache.flink.runtime.taskmanager.TaskManagerRegistrationTest
Tests run: 4, Failures: 0, Errors: 0, Skipped: 0, Time elapsed: 13.748 sec - in org.apache.flink.runtime.leaderelection.LeaderChangeStateCleanupTest
Tests run: 7, Failures: 0, Errors: 0, Skipped: 0, Time elapsed: 16.534 sec - in org.apache.flink.runtime.operators.DataSinkTaskTest
Tests run: 3, Failures: 0, Errors: 0, Skipped: 0, Time elapsed: 16.02 sec - in org.apache.flink.runtime.client.JobClientActorTest
Tests run: 2, Failures: 0, Errors: 0, Skipped: 0, Time elapsed: 16.715 sec - in org.apache.flink.runtime.leaderelection.ZooKeeperLeaderRetrievalTest
Tests run: 8, Failures: 0, Errors: 0, Skipped: 0, Time elapsed: 16.314 sec - in org.apache.flink.runtime.taskmanager.TaskManagerTest
Tests run: 8, Failures: 0, Errors: 0, Skipped: 0, Time elapsed: 22.772 sec - in org.apache.flink.runtime.operators.sort.NormalizedKeySorterTest
Tests run: 6, Failures: 0, Errors: 0, Skipped: 0, Time elapsed: 30.528 sec - in org.apache.flink.runtime.io.disk.ChannelViewsTest
Tests run: 6, Failures: 0, Errors: 0, Skipped: 0, Time elapsed: 37.083 sec - in org.apache.flink.runtime.leaderelection.ZooKeeperLeaderElectionTest

Results :

Failed tests: 
  SavepointCoordinatorTest.testSimpleRollbackSavepoint:218 null
  JobManagerProcessReapingTest.testReapProcessOnFailure:158 JobManager died, but not because of the process reaper expected:<2> but was:<1>
  TaskManagerProcessReapingTest.testReapProcessOnFailure:161 TaskManager died, but not because of the process reaper expected:<2> but was:<1>

Tests run: 964, Failures: 3, Errors: 0, Skipped: 1

[INFO] ------------------------------------------------------------------------
[INFO] BUILD FAILURE
[INFO] ------------------------------------------------------------------------
[INFO] Total time: 01:22 min
[INFO] Finished at: 2020-03-13T15:11:35-07:00
[INFO] Final Memory: 46M/1828M
[INFO] ------------------------------------------------------------------------
[ERROR] Failed to execute goal org.apache.maven.plugins:maven-surefire-plugin:2.18.1:test (default-test) on project flink-runtime_2.10: There are test failures.
[ERROR] 
[ERROR] Please refer to /bam/scratch/tmp-rta/Bugs.jar_Flink_937963e3_java-8/flink-runtime/target/surefire-reports for the individual test results.
[ERROR] -> [Help 1]
[ERROR] 
[ERROR] To see the full stack trace of the errors, re-run Maven with the -e switch.
[ERROR] Re-run Maven using the -X switch to enable full debug logging.
[ERROR] 
[ERROR] For more information about the errors and possible solutions, please read the following articles:
[ERROR] [Help 1] http://cwiki.apache.org/confluence/display/MAVEN/MojoFailureException
