Picked up JAVA_TOOL_OPTIONS: -XX:CICompilerCount=2 -XX:ParallelGCThreads=2 -XX:ConcGCThreads=2 -Djdk.net.URLClassPath.disableClassPathURLCheck=true 
Java HotSpot(TM) 64-Bit Server VM warning: ignoring option MaxPermSize=512m; support was removed in 8.0
Picked up _JAVA_OPTIONS: -Djdk.net.URLClassPath.disableClassPathURLCheck=true
Apache Maven 3.5.0 (Red Hat 3.5.0-4.3)
Maven home: /opt/rh/rh-maven35/root/usr/share/maven
Java version: 1.8.0_181, vendor: Oracle Corporation
Java home: /scratch/jmcampos/RTA/repair_them_all_framework/jdks/jdk1.8.0_181/jre
Default locale: en_US, platform encoding: UTF-8
OS name: "linux", version: "4.14.125-1.el7.retpoline.x86_64", arch: "amd64", family: "unix"
[INFO] Scanning for projects...
[INFO] Downloading: https://repo.spring.io/libs-snapshot/org/springframework/data/build/spring-data-parent/2.0.0.BUILD-SNAPSHOT/maven-metadata.xml
[INFO] Downloaded: https://repo.spring.io/libs-snapshot/org/springframework/data/build/spring-data-parent/2.0.0.BUILD-SNAPSHOT/maven-metadata.xml (641 B at 1.3 kB/s)
[INFO] Downloading: https://repo.spring.io/libs-snapshot/org/springframework/data/build/spring-data-build/2.0.0.BUILD-SNAPSHOT/maven-metadata.xml
[INFO] Downloaded: https://repo.spring.io/libs-snapshot/org/springframework/data/build/spring-data-build/2.0.0.BUILD-SNAPSHOT/maven-metadata.xml (640 B at 2.5 kB/s)
[INFO] 
[INFO] ------------------------------------------------------------------------
[INFO] Building Spring Data Core 2.0.0.BUILD-SNAPSHOT
[INFO] ------------------------------------------------------------------------
[INFO] 
[INFO] --- maven-enforcer-plugin:1.4.1:enforce (enforce-rules) @ spring-data-commons ---
[INFO] Skipping Rule Enforcement.
[INFO] 
[INFO] --- maven-resources-plugin:2.6:resources (default-resources) @ spring-data-commons ---
[INFO] Using 'UTF-8' encoding to copy filtered resources.
[INFO] Copying 17 resources
[INFO] 
[INFO] --- kotlin-maven-plugin:1.1.50:compile (compile) @ spring-data-commons ---
[INFO] Kotlin version 1.1.50 (JRE 1.8.0_181-b13)
[WARNING] No sources found skipping Kotlin compile
[INFO] 
[INFO] --- maven-compiler-plugin:3.6.1:compile (java-compile) @ spring-data-commons ---
[INFO] Nothing to compile - all classes are up to date
[INFO] 
[INFO] --- apt-maven-plugin:1.1.3:test-process (default) @ spring-data-commons ---
/scratch/tmp-rta/Bears_spring-projects-spring-data-commons_279460664-280335206_java-8/src/test/java/org/springframework/data/repository/core/support/EventPublishingRepositoryProxyPostProcessorUnitTests.java:269: error: cannot find symbol
		@Getter(onMethod = @__(@DomainEvents)) Collection<? extends Object> events;
		                    ^
  symbol:   class __
  location: class MultipleEvents
/scratch/tmp-rta/Bears_spring-projects-spring-data-commons_279460664-280335206_java-8/src/test/java/org/springframework/data/repository/core/support/EventPublishingRepositoryProxyPostProcessorUnitTests.java:274: error: cannot find symbol
		@Getter(onMethod = @__(@DomainEvents)) final Collection<? extends Object> events;
		                    ^
  symbol:   class __
  location: class EventsWithClearing
/scratch/tmp-rta/Bears_spring-projects-spring-data-commons_279460664-280335206_java-8/src/test/java/org/springframework/data/repository/core/support/EventPublishingRepositoryProxyPostProcessorUnitTests.java:282: error: cannot find symbol
		@Getter(onMethod = @__(@DomainEvents)) Object event;
		                    ^
  symbol:   class __
  location: class OneEvent
3 errors
[INFO] 
[INFO] --- maven-resources-plugin:2.6:testResources (default-testResources) @ spring-data-commons ---
[INFO] Using 'UTF-8' encoding to copy filtered resources.
[INFO] Copying 11 resources
[INFO] 
[INFO] --- kotlin-maven-plugin:1.1.50:test-compile (test-compile) @ spring-data-commons ---
[INFO] Kotlin version 1.1.50 (JRE 1.8.0_181-b13)
[INFO] Compiling Kotlin sources from [/scratch/tmp-rta/Bears_spring-projects-spring-data-commons_279460664-280335206_java-8/src/test/kotlin, /scratch/tmp-rta/Bears_spring-projects-spring-data-commons_279460664-280335206_java-8/src/test/java]
[INFO] Module name is spring-data-commons
[WARNING] /scratch/tmp-rta/Bears_spring-projects-spring-data-commons_279460664-280335206_java-8/src/test/kotlin/org/springframework/data/convert/KotlinClassGeneratingEntityInstantiatorUnitTests.kt: (51, 12) Expected type does not accept nulls in Kotlin, but the value may be null in Java
[WARNING] /scratch/tmp-rta/Bears_spring-projects-spring-data-commons_279460664-280335206_java-8/src/test/kotlin/org/springframework/data/convert/KotlinClassGeneratingEntityInstantiatorUnitTests.kt: (70, 12) Expected type does not accept nulls in Kotlin, but the value may be null in Java
[WARNING] /scratch/tmp-rta/Bears_spring-projects-spring-data-commons_279460664-280335206_java-8/src/test/kotlin/org/springframework/data/mapping/context/TypeCreatingSyntheticClass.kt: (24, 12) Parameter 'args' is never used
[WARNING] /scratch/tmp-rta/Bears_spring-projects-spring-data-commons_279460664-280335206_java-8/src/test/kotlin/org/springframework/data/mapping/model/PreferredConstructorDiscovererUnitTests.kt: (35, 25) Expected type does not accept nulls in Kotlin, but the value may be null in Java
[WARNING] /scratch/tmp-rta/Bears_spring-projects-spring-data-commons_279460664-280335206_java-8/src/test/kotlin/org/springframework/data/mapping/model/PreferredConstructorDiscovererUnitTests.kt: (43, 25) Expected type does not accept nulls in Kotlin, but the value may be null in Java
[WARNING] /scratch/tmp-rta/Bears_spring-projects-spring-data-commons_279460664-280335206_java-8/src/test/kotlin/org/springframework/data/mapping/model/PreferredConstructorDiscovererUnitTests.kt: (51, 25) Expected type does not accept nulls in Kotlin, but the value may be null in Java
[WARNING] /scratch/tmp-rta/Bears_spring-projects-spring-data-commons_279460664-280335206_java-8/src/test/kotlin/org/springframework/data/mapping/model/PreferredConstructorDiscovererUnitTests.kt: (59, 25) Expected type does not accept nulls in Kotlin, but the value may be null in Java
[WARNING] /scratch/tmp-rta/Bears_spring-projects-spring-data-commons_279460664-280335206_java-8/src/test/kotlin/org/springframework/data/mapping/model/PreferredConstructorDiscovererUnitTests.kt: (67, 25) Expected type does not accept nulls in Kotlin, but the value may be null in Java
[WARNING] /scratch/tmp-rta/Bears_spring-projects-spring-data-commons_279460664-280335206_java-8/src/test/kotlin/org/springframework/data/mapping/model/PreferredConstructorDiscovererUnitTests.kt: (75, 25) Expected type does not accept nulls in Kotlin, but the value may be null in Java
[WARNING] /scratch/tmp-rta/Bears_spring-projects-spring-data-commons_279460664-280335206_java-8/src/test/kotlin/org/springframework/data/mapping/model/PreferredConstructorDiscovererUnitTests.kt: (103, 34) Parameter 'lastname' is never used
[WARNING] /scratch/tmp-rta/Bears_spring-projects-spring-data-commons_279460664-280335206_java-8/src/test/kotlin/org/springframework/data/mapping/model/PreferredConstructorDiscovererUnitTests.kt: (109, 34) Parameter 'lastname' is never used
[WARNING] /scratch/tmp-rta/Bears_spring-projects-spring-data-commons_279460664-280335206_java-8/src/test/kotlin/org/springframework/data/mapping/model/PreferredConstructorDiscovererUnitTests.kt: (118, 68) Parameter 'age' is never used
[WARNING] /scratch/tmp-rta/Bears_spring-projects-spring-data-commons_279460664-280335206_java-8/src/test/kotlin/org/springframework/data/mapping/model/TypeCreatingSyntheticClass.kt: (24, 12) Parameter 'args' is never used
[WARNING] /scratch/tmp-rta/Bears_spring-projects-spring-data-commons_279460664-280335206_java-8/src/test/kotlin/org/springframework/data/util/TypeCreatingSyntheticClass.kt: (24, 12) Parameter 'args' is never used
[INFO] 
[INFO] --- maven-compiler-plugin:3.6.1:testCompile (java-test-compile) @ spring-data-commons ---
[INFO] Changes detected - recompiling the module!
[INFO] Compiling 259 source files to /scratch/tmp-rta/Bears_spring-projects-spring-data-commons_279460664-280335206_java-8/target/test-classes
[INFO] /scratch/tmp-rta/Bears_spring-projects-spring-data-commons_279460664-280335206_java-8/src/test/java/org/springframework/data/web/SortDefaultUnitTests.java: Some input files use or override a deprecated API.
[INFO] /scratch/tmp-rta/Bears_spring-projects-spring-data-commons_279460664-280335206_java-8/src/test/java/org/springframework/data/web/SortDefaultUnitTests.java: Recompile with -Xlint:deprecation for details.
[INFO] /scratch/tmp-rta/Bears_spring-projects-spring-data-commons_279460664-280335206_java-8/src/test/java/org/springframework/data/repository/support/DomainClassConverterUnitTests.java: Some input files use unchecked or unsafe operations.
[INFO] /scratch/tmp-rta/Bears_spring-projects-spring-data-commons_279460664-280335206_java-8/src/test/java/org/springframework/data/repository/support/DomainClassConverterUnitTests.java: Recompile with -Xlint:unchecked for details.
[INFO] 
[INFO] --- maven-surefire-plugin:2.19.1:test (default-test) @ spring-data-commons ---
[INFO] Downloading: https://repo.spring.io/plugins-release/org/apache/maven/surefire/surefire-junit4/2.19.1/surefire-junit4-2.19.1.pom
[INFO] Downloaded: https://repo.spring.io/plugins-release/org/apache/maven/surefire/surefire-junit4/2.19.1/surefire-junit4-2.19.1.pom (3.3 kB at 559 B/s)
[INFO] Downloading: https://repo.spring.io/plugins-release/org/apache/maven/surefire/surefire-providers/2.19.1/surefire-providers-2.19.1.pom
[INFO] Downloaded: https://repo.spring.io/plugins-release/org/apache/maven/surefire/surefire-providers/2.19.1/surefire-providers-2.19.1.pom (2.6 kB at 7.7 kB/s)
[INFO] Downloading: https://repo.spring.io/plugins-release/org/apache/maven/surefire/surefire-junit4/2.19.1/surefire-junit4-2.19.1.jar
[INFO] Downloaded: https://repo.spring.io/plugins-release/org/apache/maven/surefire/surefire-junit4/2.19.1/surefire-junit4-2.19.1.jar (75 kB at 217 kB/s)

-------------------------------------------------------
 T E S T S
-------------------------------------------------------
Picked up JAVA_TOOL_OPTIONS: -XX:CICompilerCount=2 -XX:ParallelGCThreads=2 -XX:ConcGCThreads=2 -Djdk.net.URLClassPath.disableClassPathURLCheck=true -XX:CICompilerCount=2 -XX:ParallelGCThreads=2 -XX:ConcGCThreads=2 -Djdk.net.URLClassPath.disableClassPathURLCheck=true 
Picked up _JAVA_OPTIONS: -Djdk.net.URLClassPath.disableClassPathURLCheck=true
Running org.springframework.data.config.TypeFilterParserUnitTests
Tests run: 2, Failures: 0, Errors: 0, Skipped: 0, Time elapsed: 1.192 sec - in org.springframework.data.config.TypeFilterParserUnitTests
Running org.springframework.data.domain.jaxb.SpringDataJaxbUnitTests
Tests run: 3, Failures: 0, Errors: 0, Skipped: 0, Time elapsed: 0.483 sec - in org.springframework.data.domain.jaxb.SpringDataJaxbUnitTests
Running org.springframework.data.domain.PageImplUnitTests
Tests run: 14, Failures: 0, Errors: 0, Skipped: 0, Time elapsed: 0.109 sec - in org.springframework.data.domain.PageImplUnitTests
Running org.springframework.data.domain.AbstractAggregateRootUnitTests
Tests run: 7, Failures: 0, Errors: 0, Skipped: 0, Time elapsed: 0.007 sec - in org.springframework.data.domain.AbstractAggregateRootUnitTests
Running org.springframework.data.domain.DirectionUnitTests
Tests run: 2, Failures: 0, Errors: 0, Skipped: 0, Time elapsed: 0 sec - in org.springframework.data.domain.DirectionUnitTests
Running org.springframework.data.domain.SortUnitTests
Tests run: 17, Failures: 0, Errors: 0, Skipped: 0, Time elapsed: 0.01 sec - in org.springframework.data.domain.SortUnitTests
Running org.springframework.data.domain.PageRequestUnitTests
Tests run: 6, Failures: 0, Errors: 0, Skipped: 0, Time elapsed: 0.001 sec - in org.springframework.data.domain.PageRequestUnitTests
Running org.springframework.data.domain.RangeUnitTests
Tests run: 11, Failures: 0, Errors: 0, Skipped: 0, Time elapsed: 0.087 sec - in org.springframework.data.domain.RangeUnitTests
Running org.springframework.data.domain.ExampleMatcherUnitTests
Tests run: 17, Failures: 0, Errors: 0, Skipped: 0, Time elapsed: 0.015 sec - in org.springframework.data.domain.ExampleMatcherUnitTests
Running org.springframework.data.domain.ExampleUnitTests
Tests run: 3, Failures: 0, Errors: 0, Skipped: 0, Time elapsed: 0.003 sec - in org.springframework.data.domain.ExampleUnitTests
Running org.springframework.data.repository.config.AnnotationRepositoryConfigurationSourceUnitTests
Tests run: 9, Failures: 0, Errors: 0, Skipped: 0, Time elapsed: 0.555 sec - in org.springframework.data.repository.config.AnnotationRepositoryConfigurationSourceUnitTests
Running org.springframework.data.repository.config.RepositoryBeanDefinitionRegistrarSupportUnitTests
Tests run: 3, Failures: 0, Errors: 0, Skipped: 0, Time elapsed: 0.336 sec - in org.springframework.data.repository.config.RepositoryBeanDefinitionRegistrarSupportUnitTests
Running org.springframework.data.repository.config.RepositoryBeanDefinitionRegistrarSupportIntegrationTests
Tests run: 5, Failures: 0, Errors: 0, Skipped: 0, Time elapsed: 1.558 sec - in org.springframework.data.repository.config.RepositoryBeanDefinitionRegistrarSupportIntegrationTests
Running org.springframework.data.repository.config.CustomRepositoryImplementationDetectorUnitTests
Tests run: 4, Failures: 0, Errors: 0, Skipped: 0, Time elapsed: 0.308 sec - in org.springframework.data.repository.config.CustomRepositoryImplementationDetectorUnitTests
Running org.springframework.data.repository.config.RepositoryComponentProviderUnitTests
Tests run: 5, Failures: 0, Errors: 0, Skipped: 0, Time elapsed: 0.506 sec - in org.springframework.data.repository.config.RepositoryComponentProviderUnitTests
Running org.springframework.data.repository.config.RepositoryBeanNameGeneratorUnitTests
Tests run: 4, Failures: 0, Errors: 0, Skipped: 0, Time elapsed: 0.003 sec - in org.springframework.data.repository.config.RepositoryBeanNameGeneratorUnitTests
Running org.springframework.data.repository.config.ResourceReaderRepositoryPopulatorBeanDefinitionParserIntegrationTests
Tests run: 2, Failures: 0, Errors: 0, Skipped: 0, Time elapsed: 0.501 sec - in org.springframework.data.repository.config.ResourceReaderRepositoryPopulatorBeanDefinitionParserIntegrationTests
Running org.springframework.data.repository.config.RepositoryConfigurationExtensionSupportUnitTests
Tests run: 3, Failures: 0, Errors: 0, Skipped: 0, Time elapsed: 0.004 sec - in org.springframework.data.repository.config.RepositoryConfigurationExtensionSupportUnitTests
Running org.springframework.data.repository.config.XmlRepositoryConfigurationSourceUnitTests
Tests run: 1, Failures: 0, Errors: 0, Skipped: 0, Time elapsed: 0.14 sec - in org.springframework.data.repository.config.XmlRepositoryConfigurationSourceUnitTests
Running org.springframework.data.repository.config.SelectionSetUnitTests
Tests run: 7, Failures: 0, Errors: 0, Skipped: 0, Time elapsed: 0.004 sec - in org.springframework.data.repository.config.SelectionSetUnitTests
Running org.springframework.data.repository.config.DefaultRepositoryConfigurationUnitTests
Tests run: 3, Failures: 0, Errors: 0, Skipped: 0, Time elapsed: 0.028 sec - in org.springframework.data.repository.config.DefaultRepositoryConfigurationUnitTests
Running org.springframework.data.repository.config.RepositoryConfigurationDelegateUnitTests
Tests run: 1, Failures: 0, Errors: 0, Skipped: 0, Time elapsed: 0.027 sec - in org.springframework.data.repository.config.RepositoryConfigurationDelegateUnitTests
Running org.springframework.data.repository.init.Jackson2ResourceReaderIntegrationTests
Tests run: 1, Failures: 0, Errors: 0, Skipped: 0, Time elapsed: 0.067 sec - in org.springframework.data.repository.init.Jackson2ResourceReaderIntegrationTests
Running org.springframework.data.repository.init.ResourceReaderRepositoryInitializerUnitTests
Tests run: 3, Failures: 0, Errors: 0, Skipped: 0, Time elapsed: 0.357 sec - in org.springframework.data.repository.init.ResourceReaderRepositoryInitializerUnitTests
Running org.springframework.data.repository.core.support.QueryExecutorMethodInterceptorUnitTests
Tests run: 2, Failures: 0, Errors: 0, Skipped: 0, Time elapsed: 0.095 sec - in org.springframework.data.repository.core.support.QueryExecutorMethodInterceptorUnitTests
Running org.springframework.data.repository.core.support.QueryExecutionResultHandlerUnitTests
Tests run: 26, Failures: 0, Errors: 0, Skipped: 0, Time elapsed: 0.134 sec - in org.springframework.data.repository.core.support.QueryExecutionResultHandlerUnitTests
Running org.springframework.data.repository.core.support.RepositoryFactorySupportUnitTests
Tests run: 23, Failures: 0, Errors: 0, Skipped: 0, Time elapsed: 2.43 sec - in org.springframework.data.repository.core.support.RepositoryFactorySupportUnitTests
Running org.springframework.data.repository.core.support.ReflectionEntityInformationUnitTests
Tests run: 4, Failures: 0, Errors: 0, Skipped: 0, Time elapsed: 0 sec - in org.springframework.data.repository.core.support.ReflectionEntityInformationUnitTests
Running org.springframework.data.repository.core.support.ReactiveWrapperRepositoryFactorySupportUnitTests
Tests run: 5, Failures: 0, Errors: 0, Skipped: 0, Time elapsed: 0 sec - in org.springframework.data.repository.core.support.ReactiveWrapperRepositoryFactorySupportUnitTests
Running org.springframework.data.repository.core.support.DefaultRepositoryMetadataUnitTests
Tests run: 12, Failures: 0, Errors: 0, Skipped: 0, Time elapsed: 0.001 sec - in org.springframework.data.repository.core.support.DefaultRepositoryMetadataUnitTests
Running org.springframework.data.repository.core.support.PersistentEntityInformationUnitTests
Tests run: 2, Failures: 0, Errors: 0, Skipped: 0, Time elapsed: 0 sec - in org.springframework.data.repository.core.support.PersistentEntityInformationUnitTests
Running org.springframework.data.repository.core.support.ReactiveRepositoryInformationUnitTests
Tests run: 8, Failures: 0, Errors: 0, Skipped: 0, Time elapsed: 0 sec - in org.springframework.data.repository.core.support.ReactiveRepositoryInformationUnitTests
Running org.springframework.data.repository.core.support.TransactionRepositoryFactoryBeanSupportUnitTests
Tests run: 2, Failures: 0, Errors: 0, Skipped: 0, Time elapsed: 0 sec - in org.springframework.data.repository.core.support.TransactionRepositoryFactoryBeanSupportUnitTests
Running org.springframework.data.repository.core.support.EventPublishingRepositoryProxyPostProcessorUnitTests
Tests run: 17, Failures: 0, Errors: 0, Skipped: 0, Time elapsed: 0.001 sec - in org.springframework.data.repository.core.support.EventPublishingRepositoryProxyPostProcessorUnitTests
Running org.springframework.data.repository.core.support.TransactionRepositoryProxyPostProcessorUnitTests
Tests run: 6, Failures: 0, Errors: 0, Skipped: 0, Time elapsed: 0 sec - in org.springframework.data.repository.core.support.TransactionRepositoryProxyPostProcessorUnitTests
Running org.springframework.data.repository.core.support.AbstractEntityInformationUnitTests
Tests run: 5, Failures: 0, Errors: 0, Skipped: 0, Time elapsed: 0 sec - in org.springframework.data.repository.core.support.AbstractEntityInformationUnitTests
Running org.springframework.data.repository.core.support.DefaultCrudMethodsUnitTests
Tests run: 11, Failures: 0, Errors: 0, Skipped: 0, Time elapsed: 0 sec - in org.springframework.data.repository.core.support.DefaultCrudMethodsUnitTests
Running org.springframework.data.repository.core.support.ExampleSpecificationAccessorUnitTests
Tests run: 20, Failures: 0, Errors: 0, Skipped: 0, Time elapsed: 0 sec - in org.springframework.data.repository.core.support.ExampleSpecificationAccessorUnitTests
Running org.springframework.data.repository.core.support.PersistableEntityInformationUnitTests
Tests run: 3, Failures: 0, Errors: 0, Skipped: 0, Time elapsed: 0 sec - in org.springframework.data.repository.core.support.PersistableEntityInformationUnitTests
Running org.springframework.data.repository.core.support.CustomAnnotationTransactionAttributeSourceUnitTests
Tests run: 1, Failures: 0, Errors: 0, Skipped: 0, Time elapsed: 0 sec - in org.springframework.data.repository.core.support.CustomAnnotationTransactionAttributeSourceUnitTests
Running org.springframework.data.repository.core.support.AbstractRepositoryMetadataUnitTests
Tests run: 8, Failures: 0, Errors: 0, Skipped: 0, Time elapsed: 0 sec - in org.springframework.data.repository.core.support.AbstractRepositoryMetadataUnitTests
Running org.springframework.data.repository.core.support.SurroundingTransactionDetectorMethodInterceptorUnitTests
Tests run: 2, Failures: 0, Errors: 0, Skipped: 0, Time elapsed: 0 sec - in org.springframework.data.repository.core.support.SurroundingTransactionDetectorMethodInterceptorUnitTests
Running org.springframework.data.repository.core.support.RepositoryCompositionUnitTests
Tests run: 8, Failures: 0, Errors: 0, Skipped: 0, Time elapsed: 0 sec - in org.springframework.data.repository.core.support.RepositoryCompositionUnitTests
Running org.springframework.data.repository.core.support.DefaultRepositoryInformationUnitTests
Tests run: 18, Failures: 0, Errors: 0, Skipped: 0, Time elapsed: 0 sec - in org.springframework.data.repository.core.support.DefaultRepositoryInformationUnitTests
Running org.springframework.data.repository.core.support.AnnotationRepositoryMetadataUnitTests
Tests run: 2, Failures: 0, Errors: 0, Skipped: 0, Time elapsed: 0 sec - in org.springframework.data.repository.core.support.AnnotationRepositoryMetadataUnitTests
Running org.springframework.data.repository.core.support.PersistenceExceptionTranslationRepositoryProxyPostProcessorUnitTests
Tests run: 2, Failures: 0, Errors: 0, Skipped: 0, Time elapsed: 0 sec - in org.springframework.data.repository.core.support.PersistenceExceptionTranslationRepositoryProxyPostProcessorUnitTests
Running org.springframework.data.repository.core.support.RepositoryFactoryBeanSupportUnitTests
Tests run: 3, Failures: 0, Errors: 0, Skipped: 0, Time elapsed: 0 sec - in org.springframework.data.repository.core.support.RepositoryFactoryBeanSupportUnitTests
Running org.springframework.data.repository.query.QueryMethodUnitTests
Tests run: 19, Failures: 0, Errors: 0, Skipped: 0, Time elapsed: 0.001 sec - in org.springframework.data.repository.query.QueryMethodUnitTests
Running org.springframework.data.repository.query.ResultProcessorUnitTests
Tests run: 20, Failures: 0, Errors: 0, Skipped: 0, Time elapsed: 0 sec - in org.springframework.data.repository.query.ResultProcessorUnitTests
Running org.springframework.data.repository.query.SimpleParameterAccessorUnitTests
Tests run: 9, Failures: 0, Errors: 0, Skipped: 0, Time elapsed: 0.001 sec - in org.springframework.data.repository.query.SimpleParameterAccessorUnitTests
Running org.springframework.data.repository.query.ParametersUnitTests
Tests run: 15, Failures: 0, Errors: 0, Skipped: 0, Time elapsed: 0 sec - in org.springframework.data.repository.query.ParametersUnitTests
Running org.springframework.data.repository.query.EvaluationContextExtensionInformationUnitTests
Tests run: 1, Failures: 0, Errors: 0, Skipped: 0, Time elapsed: 0 sec - in org.springframework.data.repository.query.EvaluationContextExtensionInformationUnitTests
Running org.springframework.data.repository.query.parser.OrderBySourceUnitTests
Tests run: 7, Failures: 0, Errors: 0, Skipped: 0, Time elapsed: 0 sec - in org.springframework.data.repository.query.parser.OrderBySourceUnitTests
Running org.springframework.data.repository.query.parser.PartTreeUnitTests
Tests run: 72, Failures: 0, Errors: 0, Skipped: 0, Time elapsed: 0.001 sec - in org.springframework.data.repository.query.parser.PartTreeUnitTests
Running org.springframework.data.repository.query.ExtensionAwareEvaluationContextProviderUnitTests
Tests run: 17, Failures: 0, Errors: 0, Skipped: 0, Time elapsed: 0 sec - in org.springframework.data.repository.query.ExtensionAwareEvaluationContextProviderUnitTests
Running org.springframework.data.repository.query.ReturnedTypeUnitTests
Tests run: 13, Failures: 0, Errors: 0, Skipped: 0, Time elapsed: 0 sec - in org.springframework.data.repository.query.ReturnedTypeUnitTests
Running org.springframework.data.repository.query.ParametersParameterAccessorUnitTests
Tests run: 3, Failures: 0, Errors: 0, Skipped: 0, Time elapsed: 0 sec - in org.springframework.data.repository.query.ParametersParameterAccessorUnitTests
Running org.springframework.data.repository.util.ReactiveWrapperConvertersUnitTests
Tests run: 30, Failures: 0, Errors: 0, Skipped: 0, Time elapsed: 0.001 sec - in org.springframework.data.repository.util.ReactiveWrapperConvertersUnitTests
Running org.springframework.data.repository.util.ReactiveWrappersUnitTests
Tests run: 3, Failures: 0, Errors: 0, Skipped: 0, Time elapsed: 0 sec - in org.springframework.data.repository.util.ReactiveWrappersUnitTests
Running org.springframework.data.repository.util.ClassUtilsUnitTests
Tests run: 3, Failures: 0, Errors: 0, Skipped: 0, Time elapsed: 0 sec - in org.springframework.data.repository.util.ClassUtilsUnitTests
Running org.springframework.data.repository.util.QueryExecutionConvertersUnitTests
Tests run: 31, Failures: 0, Errors: 0, Skipped: 0, Time elapsed: 0 sec - in org.springframework.data.repository.util.QueryExecutionConvertersUnitTests
Running org.springframework.data.repository.support.AnnotationAttributeUnitTests
Tests run: 3, Failures: 0, Errors: 0, Skipped: 0, Time elapsed: 0 sec - in org.springframework.data.repository.support.AnnotationAttributeUnitTests
Running org.springframework.data.repository.support.DomainClassConverterUnitTests
Tests run: 10, Failures: 0, Errors: 0, Skipped: 0, Time elapsed: 0 sec - in org.springframework.data.repository.support.DomainClassConverterUnitTests
Running org.springframework.data.repository.support.CrudRepositoryInvokerUnitTests
Tests run: 9, Failures: 0, Errors: 0, Skipped: 0, Time elapsed: 0 sec - in org.springframework.data.repository.support.CrudRepositoryInvokerUnitTests
Running org.springframework.data.repository.support.PaginginAndSortingRepositoryInvokerUnitTests
Tests run: 4, Failures: 0, Errors: 0, Skipped: 0, Time elapsed: 0 sec - in org.springframework.data.repository.support.PaginginAndSortingRepositoryInvokerUnitTests
Running org.springframework.data.repository.support.MethodParametersUnitTests
Tests run: 2, Failures: 0, Errors: 0, Skipped: 0, Time elapsed: 0 sec - in org.springframework.data.repository.support.MethodParametersUnitTests
Running org.springframework.data.repository.support.PageableExecutionUtilsUnitTests
Tests run: 6, Failures: 0, Errors: 0, Skipped: 0, Time elapsed: 0 sec - in org.springframework.data.repository.support.PageableExecutionUtilsUnitTests
Running org.springframework.data.repository.support.ReflectionRepositoryInvokerUnitTests
Tests run: 17, Failures: 0, Errors: 0, Skipped: 0, Time elapsed: 0.113 sec - in org.springframework.data.repository.support.ReflectionRepositoryInvokerUnitTests
Running org.springframework.data.repository.support.DefaultRepositoryInvokerFactoryIntegrationTests
Tests run: 5, Failures: 0, Errors: 0, Skipped: 0, Time elapsed: 0.011 sec - in org.springframework.data.repository.support.DefaultRepositoryInvokerFactoryIntegrationTests
Running org.springframework.data.repository.support.DomainClassConverterIntegrationTests
Tests run: 1, Failures: 0, Errors: 0, Skipped: 0, Time elapsed: 0.073 sec - in org.springframework.data.repository.support.DomainClassConverterIntegrationTests
Running org.springframework.data.repository.support.RepositoriesUnitTests
Tests run: 7, Failures: 0, Errors: 0, Skipped: 0, Time elapsed: 0.074 sec - in org.springframework.data.repository.support.RepositoriesUnitTests
Running org.springframework.data.repository.support.RepositoriesIntegrationTests
Tests run: 2, Failures: 0, Errors: 0, Skipped: 0, Time elapsed: 0.012 sec - in org.springframework.data.repository.support.RepositoriesIntegrationTests
Running org.springframework.data.repository.cdi.WebbeansCdiRepositoryExtensionSupportIntegrationTests
Mar 13, 2020 12:31:31 PM org.apache.webbeans.lifecycle.AbstractLifeCycle bootstrapApplication
INFO: OpenWebBeans Container is starting...
Mar 13, 2020 12:31:32 PM org.apache.webbeans.config.BeansDeployer validateInjectionPoints
INFO: All injection points were validated successfully.
Mar 13, 2020 12:31:32 PM org.apache.webbeans.lifecycle.AbstractLifeCycle bootstrapApplication
INFO: OpenWebBeans Container has started, it took [144] ms.
Tests run: 2, Failures: 0, Errors: 0, Skipped: 0, Time elapsed: 0.33 sec - in org.springframework.data.repository.cdi.WebbeansCdiRepositoryExtensionSupportIntegrationTests
Running org.springframework.data.repository.cdi.CdiRepositoryBeanUnitTests
Tests run: 9, Failures: 0, Errors: 0, Skipped: 0, Time elapsed: 0.057 sec - in org.springframework.data.repository.cdi.CdiRepositoryBeanUnitTests
Running org.springframework.data.web.config.PageableResourcesAssemblerIntegrationTests
Tests run: 3, Failures: 0, Errors: 0, Skipped: 0, Time elapsed: 0.322 sec - in org.springframework.data.web.config.PageableResourcesAssemblerIntegrationTests
Running org.springframework.data.web.config.SpringDataWebConfigurationIntegrationTests
Tests run: 5, Failures: 0, Errors: 0, Skipped: 0, Time elapsed: 0.274 sec - in org.springframework.data.web.config.SpringDataWebConfigurationIntegrationTests
Running org.springframework.data.web.config.EnableSpringDataWebSupportIntegrationTests
2020-03-13 12:31:33,251  WARN nverter.json.Jackson2ObjectMapperBuilder: 773 - For Jackson Kotlin classes support please add "com.fasterxml.jackson.module:jackson-module-kotlin" to the classpath
2020-03-13 12:31:33,260  WARN nverter.json.Jackson2ObjectMapperBuilder: 773 - For Jackson Kotlin classes support please add "com.fasterxml.jackson.module:jackson-module-kotlin" to the classpath
2020-03-13 12:31:33,262  WARN nverter.json.Jackson2ObjectMapperBuilder: 773 - For Jackson Kotlin classes support please add "com.fasterxml.jackson.module:jackson-module-kotlin" to the classpath
2020-03-13 12:31:33,376  WARN nverter.json.Jackson2ObjectMapperBuilder: 773 - For Jackson Kotlin classes support please add "com.fasterxml.jackson.module:jackson-module-kotlin" to the classpath
2020-03-13 12:31:33,519  WARN nverter.json.Jackson2ObjectMapperBuilder: 773 - For Jackson Kotlin classes support please add "com.fasterxml.jackson.module:jackson-module-kotlin" to the classpath
2020-03-13 12:31:33,522  WARN nverter.json.Jackson2ObjectMapperBuilder: 773 - For Jackson Kotlin classes support please add "com.fasterxml.jackson.module:jackson-module-kotlin" to the classpath
2020-03-13 12:31:33,524  WARN nverter.json.Jackson2ObjectMapperBuilder: 773 - For Jackson Kotlin classes support please add "com.fasterxml.jackson.module:jackson-module-kotlin" to the classpath
2020-03-13 12:31:33,547  WARN nverter.json.Jackson2ObjectMapperBuilder: 773 - For Jackson Kotlin classes support please add "com.fasterxml.jackson.module:jackson-module-kotlin" to the classpath
2020-03-13 12:31:33,659  WARN nverter.json.Jackson2ObjectMapperBuilder: 773 - For Jackson Kotlin classes support please add "com.fasterxml.jackson.module:jackson-module-kotlin" to the classpath
2020-03-13 12:31:33,662  WARN nverter.json.Jackson2ObjectMapperBuilder: 773 - For Jackson Kotlin classes support please add "com.fasterxml.jackson.module:jackson-module-kotlin" to the classpath
2020-03-13 12:31:33,664  WARN nverter.json.Jackson2ObjectMapperBuilder: 773 - For Jackson Kotlin classes support please add "com.fasterxml.jackson.module:jackson-module-kotlin" to the classpath
2020-03-13 12:31:33,686  WARN nverter.json.Jackson2ObjectMapperBuilder: 773 - For Jackson Kotlin classes support please add "com.fasterxml.jackson.module:jackson-module-kotlin" to the classpath
2020-03-13 12:31:33,917  WARN nverter.json.Jackson2ObjectMapperBuilder: 773 - For Jackson Kotlin classes support please add "com.fasterxml.jackson.module:jackson-module-kotlin" to the classpath
2020-03-13 12:31:33,919  WARN nverter.json.Jackson2ObjectMapperBuilder: 773 - For Jackson Kotlin classes support please add "com.fasterxml.jackson.module:jackson-module-kotlin" to the classpath
2020-03-13 12:31:33,921  WARN nverter.json.Jackson2ObjectMapperBuilder: 773 - For Jackson Kotlin classes support please add "com.fasterxml.jackson.module:jackson-module-kotlin" to the classpath
2020-03-13 12:31:33,943  WARN nverter.json.Jackson2ObjectMapperBuilder: 773 - For Jackson Kotlin classes support please add "com.fasterxml.jackson.module:jackson-module-kotlin" to the classpath
2020-03-13 12:31:34,049  WARN nverter.json.Jackson2ObjectMapperBuilder: 773 - For Jackson Kotlin classes support please add "com.fasterxml.jackson.module:jackson-module-kotlin" to the classpath
2020-03-13 12:31:34,051  WARN nverter.json.Jackson2ObjectMapperBuilder: 773 - For Jackson Kotlin classes support please add "com.fasterxml.jackson.module:jackson-module-kotlin" to the classpath
2020-03-13 12:31:34,053  WARN nverter.json.Jackson2ObjectMapperBuilder: 773 - For Jackson Kotlin classes support please add "com.fasterxml.jackson.module:jackson-module-kotlin" to the classpath
2020-03-13 12:31:34,074  WARN nverter.json.Jackson2ObjectMapperBuilder: 773 - For Jackson Kotlin classes support please add "com.fasterxml.jackson.module:jackson-module-kotlin" to the classpath
2020-03-13 12:31:34,179  WARN nverter.json.Jackson2ObjectMapperBuilder: 773 - For Jackson Kotlin classes support please add "com.fasterxml.jackson.module:jackson-module-kotlin" to the classpath
2020-03-13 12:31:34,181  WARN nverter.json.Jackson2ObjectMapperBuilder: 773 - For Jackson Kotlin classes support please add "com.fasterxml.jackson.module:jackson-module-kotlin" to the classpath
2020-03-13 12:31:34,183  WARN nverter.json.Jackson2ObjectMapperBuilder: 773 - For Jackson Kotlin classes support please add "com.fasterxml.jackson.module:jackson-module-kotlin" to the classpath
2020-03-13 12:31:34,204  WARN nverter.json.Jackson2ObjectMapperBuilder: 773 - For Jackson Kotlin classes support please add "com.fasterxml.jackson.module:jackson-module-kotlin" to the classpath
2020-03-13 12:31:34,308  WARN nverter.json.Jackson2ObjectMapperBuilder: 773 - For Jackson Kotlin classes support please add "com.fasterxml.jackson.module:jackson-module-kotlin" to the classpath
2020-03-13 12:31:34,310  WARN nverter.json.Jackson2ObjectMapperBuilder: 773 - For Jackson Kotlin classes support please add "com.fasterxml.jackson.module:jackson-module-kotlin" to the classpath
2020-03-13 12:31:34,312  WARN nverter.json.Jackson2ObjectMapperBuilder: 773 - For Jackson Kotlin classes support please add "com.fasterxml.jackson.module:jackson-module-kotlin" to the classpath
2020-03-13 12:31:34,333  WARN nverter.json.Jackson2ObjectMapperBuilder: 773 - For Jackson Kotlin classes support please add "com.fasterxml.jackson.module:jackson-module-kotlin" to the classpath
2020-03-13 12:31:34,413  WARN nverter.json.Jackson2ObjectMapperBuilder: 773 - For Jackson Kotlin classes support please add "com.fasterxml.jackson.module:jackson-module-kotlin" to the classpath
2020-03-13 12:31:34,415  WARN nverter.json.Jackson2ObjectMapperBuilder: 773 - For Jackson Kotlin classes support please add "com.fasterxml.jackson.module:jackson-module-kotlin" to the classpath
2020-03-13 12:31:34,417  WARN nverter.json.Jackson2ObjectMapperBuilder: 773 - For Jackson Kotlin classes support please add "com.fasterxml.jackson.module:jackson-module-kotlin" to the classpath
2020-03-13 12:31:34,429  WARN nverter.json.Jackson2ObjectMapperBuilder: 773 - For Jackson Kotlin classes support please add "com.fasterxml.jackson.module:jackson-module-kotlin" to the classpath
2020-03-13 12:31:34,502  WARN nverter.json.Jackson2ObjectMapperBuilder: 773 - For Jackson Kotlin classes support please add "com.fasterxml.jackson.module:jackson-module-kotlin" to the classpath
2020-03-13 12:31:34,504  WARN nverter.json.Jackson2ObjectMapperBuilder: 773 - For Jackson Kotlin classes support please add "com.fasterxml.jackson.module:jackson-module-kotlin" to the classpath
2020-03-13 12:31:34,506  WARN nverter.json.Jackson2ObjectMapperBuilder: 773 - For Jackson Kotlin classes support please add "com.fasterxml.jackson.module:jackson-module-kotlin" to the classpath
2020-03-13 12:31:34,518  WARN nverter.json.Jackson2ObjectMapperBuilder: 773 - For Jackson Kotlin classes support please add "com.fasterxml.jackson.module:jackson-module-kotlin" to the classpath
2020-03-13 12:31:34,637  WARN nverter.json.Jackson2ObjectMapperBuilder: 773 - For Jackson Kotlin classes support please add "com.fasterxml.jackson.module:jackson-module-kotlin" to the classpath
2020-03-13 12:31:34,639  WARN nverter.json.Jackson2ObjectMapperBuilder: 773 - For Jackson Kotlin classes support please add "com.fasterxml.jackson.module:jackson-module-kotlin" to the classpath
2020-03-13 12:31:34,641  WARN nverter.json.Jackson2ObjectMapperBuilder: 773 - For Jackson Kotlin classes support please add "com.fasterxml.jackson.module:jackson-module-kotlin" to the classpath
2020-03-13 12:31:34,657  WARN nverter.json.Jackson2ObjectMapperBuilder: 773 - For Jackson Kotlin classes support please add "com.fasterxml.jackson.module:jackson-module-kotlin" to the classpath
Tests run: 10, Failures: 0, Errors: 0, Skipped: 0, Time elapsed: 1.704 sec - in org.springframework.data.web.config.EnableSpringDataWebSupportIntegrationTests
Running org.springframework.data.web.PagedResourcesAssemblerArgumentResolverUnitTests
Tests run: 10, Failures: 0, Errors: 0, Skipped: 0, Time elapsed: 0.019 sec - in org.springframework.data.web.PagedResourcesAssemblerArgumentResolverUnitTests
Running org.springframework.data.web.HateoasPageableHandlerMethodArgumentResolverUnitTests
Tests run: 35, Failures: 0, Errors: 0, Skipped: 0, Time elapsed: 0.025 sec - in org.springframework.data.web.HateoasPageableHandlerMethodArgumentResolverUnitTests
Running org.springframework.data.web.PageableHandlerMethodArgumentResolverUnitTests
Tests run: 29, Failures: 0, Errors: 0, Skipped: 0, Time elapsed: 0.01 sec - in org.springframework.data.web.PageableHandlerMethodArgumentResolverUnitTests
Running org.springframework.data.web.MapDataBinderUnitTests
Tests run: 4, Failures: 0, Errors: 0, Skipped: 0, Time elapsed: 0.015 sec - in org.springframework.data.web.MapDataBinderUnitTests
Running org.springframework.data.web.ProjectingJackson2HttpMessageConverterUnitTests
2020-03-13 12:31:34,783  WARN nverter.json.Jackson2ObjectMapperBuilder: 773 - For Jackson Kotlin classes support please add "com.fasterxml.jackson.module:jackson-module-kotlin" to the classpath
2020-03-13 12:31:34,785  WARN nverter.json.Jackson2ObjectMapperBuilder: 773 - For Jackson Kotlin classes support please add "com.fasterxml.jackson.module:jackson-module-kotlin" to the classpath
2020-03-13 12:31:34,788  WARN nverter.json.Jackson2ObjectMapperBuilder: 773 - For Jackson Kotlin classes support please add "com.fasterxml.jackson.module:jackson-module-kotlin" to the classpath
2020-03-13 12:31:34,790  WARN nverter.json.Jackson2ObjectMapperBuilder: 773 - For Jackson Kotlin classes support please add "com.fasterxml.jackson.module:jackson-module-kotlin" to the classpath
2020-03-13 12:31:34,792  WARN nverter.json.Jackson2ObjectMapperBuilder: 773 - For Jackson Kotlin classes support please add "com.fasterxml.jackson.module:jackson-module-kotlin" to the classpath
Tests run: 5, Failures: 0, Errors: 0, Skipped: 0, Time elapsed: 0.01 sec - in org.springframework.data.web.ProjectingJackson2HttpMessageConverterUnitTests
Running org.springframework.data.web.PagedResourcesAssemblerUnitTests
Tests run: 19, Failures: 0, Errors: 0, Skipped: 0, Time elapsed: 0.017 sec - in org.springframework.data.web.PagedResourcesAssemblerUnitTests
Running org.springframework.data.web.ProxyingHandlerMethodArgumentResolverUnitTests
Tests run: 4, Failures: 0, Errors: 0, Skipped: 0, Time elapsed: 0.002 sec - in org.springframework.data.web.ProxyingHandlerMethodArgumentResolverUnitTests
Running org.springframework.data.web.HateoasSortHandlerMethodArgumentResolverUnitTests
Tests run: 24, Failures: 0, Errors: 0, Skipped: 0, Time elapsed: 0.013 sec - in org.springframework.data.web.HateoasSortHandlerMethodArgumentResolverUnitTests
Running org.springframework.data.web.SortHandlerMethodArgumentResolverUnitTests
Tests run: 21, Failures: 0, Errors: 0, Skipped: 0, Time elapsed: 0.008 sec - in org.springframework.data.web.SortHandlerMethodArgumentResolverUnitTests
Running org.springframework.data.web.querydsl.QuerydslPredicateArgumentResolverUnitTests
Tests run: 14, Failures: 0, Errors: 0, Skipped: 0, Time elapsed: 0.136 sec - in org.springframework.data.web.querydsl.QuerydslPredicateArgumentResolverUnitTests
Running org.springframework.data.web.JsonProjectingMethodInterceptorFactoryUnitTests
Tests run: 14, Failures: 0, Errors: 0, Skipped: 0, Time elapsed: 0.109 sec - in org.springframework.data.web.JsonProjectingMethodInterceptorFactoryUnitTests
Running org.springframework.data.web.XmlBeamHttpMessageConverterUnitTests
Tests run: 6, Failures: 0, Errors: 0, Skipped: 0, Time elapsed: 0.097 sec - in org.springframework.data.web.XmlBeamHttpMessageConverterUnitTests
Running org.springframework.data.convert.KotlinClassGeneratingEntityInstantiatorUnitTests
Tests run: 2, Failures: 0, Errors: 0, Skipped: 0, Time elapsed: 0.11 sec - in org.springframework.data.convert.KotlinClassGeneratingEntityInstantiatorUnitTests
Running org.springframework.data.convert.ReflectionEntityInstantiatorDataClassUnitTests
Tests run: 2, Failures: 0, Errors: 0, Skipped: 0, Time elapsed: 0.008 sec - in org.springframework.data.convert.ReflectionEntityInstantiatorDataClassUnitTests
Running org.springframework.data.convert.MappingContextTypeInformationMapperUnitTests
Tests run: 6, Failures: 0, Errors: 0, Skipped: 0, Time elapsed: 0.07 sec - in org.springframework.data.convert.MappingContextTypeInformationMapperUnitTests
Running org.springframework.data.convert.ConverterBuilderUnitTests
Tests run: 4, Failures: 0, Errors: 0, Skipped: 0, Time elapsed: 0.008 sec - in org.springframework.data.convert.ConverterBuilderUnitTests
Running org.springframework.data.convert.SimpleTypeInformationMapperUnitTests
Tests run: 5, Failures: 0, Errors: 0, Skipped: 0, Time elapsed: 0.002 sec - in org.springframework.data.convert.SimpleTypeInformationMapperUnitTests
Running org.springframework.data.convert.ReflectionEntityInstantiatorUnitTests
Tests run: 6, Failures: 0, Errors: 0, Skipped: 0, Time elapsed: 0.011 sec - in org.springframework.data.convert.ReflectionEntityInstantiatorUnitTests
Running org.springframework.data.convert.ThreeTenBackPortConvertersUnitTests
Tests run: 9, Failures: 0, Errors: 0, Skipped: 0, Time elapsed: 0.073 sec - in org.springframework.data.convert.ThreeTenBackPortConvertersUnitTests
Running org.springframework.data.convert.CustomConversionsUnitTests
2020-03-13 12:31:35,522  WARN framework.data.convert.CustomConversions: 226 - Registering converter from class java.lang.String to class java.text.Format as writing converter although it doesn't convert to a store-supported type! You might wanna check you annotation setup at the converter implementation.
2020-03-13 12:31:35,537  WARN framework.data.convert.CustomConversions: 226 - Registering converter from class org.springframework.data.convert.CustomConversionsUnitTests$Right to class org.springframework.data.convert.CustomConversionsUnitTests$Left as writing converter although it doesn't convert to a store-supported type! You might wanna check you annotation setup at the converter implementation.
2020-03-13 12:31:35,537  WARN framework.data.convert.CustomConversions: 216 - Registering converter from class org.springframework.data.convert.CustomConversionsUnitTests$Left to class org.springframework.data.convert.CustomConversionsUnitTests$Right as reading converter although it doesn't convert from a store-supported type! You might wanna check you annotation setup at the converter implementation.
Tests run: 14, Failures: 0, Errors: 0, Skipped: 0, Time elapsed: 0.077 sec - in org.springframework.data.convert.CustomConversionsUnitTests
Running org.springframework.data.convert.DefaultTypeMapperUnitTests
Tests run: 3, Failures: 0, Errors: 0, Skipped: 0, Time elapsed: 0.028 sec - in org.springframework.data.convert.DefaultTypeMapperUnitTests
Running org.springframework.data.convert.Jsr310ConvertersUnitTests
Tests run: 19, Failures: 0, Errors: 0, Skipped: 0, Time elapsed: 0.04 sec - in org.springframework.data.convert.Jsr310ConvertersUnitTests
Running org.springframework.data.convert.EntityInstantiatorsUnitTests
Tests run: 4, Failures: 0, Errors: 0, Skipped: 0, Time elapsed: 0.014 sec - in org.springframework.data.convert.EntityInstantiatorsUnitTests
Running org.springframework.data.convert.ConfigurableTypeInformationMapperUnitTests
Tests run: 4, Failures: 0, Errors: 0, Skipped: 0, Time elapsed: 0.003 sec - in org.springframework.data.convert.ConfigurableTypeInformationMapperUnitTests
Running org.springframework.data.convert.ClassGeneratingEntityInstantiatorUnitTests
Tests run: 13, Failures: 1, Errors: 0, Skipped: 0, Time elapsed: 0.036 sec <<< FAILURE! - in org.springframework.data.convert.ClassGeneratingEntityInstantiatorUnitTests
createsInstancesWithRecursionAndSameCtorArgCountCorrectly(org.springframework.data.convert.ClassGeneratingEntityInstantiatorUnitTests)  Time elapsed: 0.011 sec  <<< FAILURE!
java.lang.AssertionError: 

Expecting actual not to be null
	at org.springframework.data.convert.ClassGeneratingEntityInstantiatorUnitTests.createsInstancesWithRecursionAndSameCtorArgCountCorrectly(ClassGeneratingEntityInstantiatorUnitTests.java:178)

Running org.springframework.data.mapping.context.DefaultPersistenPropertyPathUnitTests
Tests run: 12, Failures: 0, Errors: 0, Skipped: 0, Time elapsed: 0.058 sec - in org.springframework.data.mapping.context.DefaultPersistenPropertyPathUnitTests
Running org.springframework.data.mapping.context.AbstractMappingContextUnitTests
Tests run: 20, Failures: 0, Errors: 0, Skipped: 0, Time elapsed: 0.099 sec - in org.springframework.data.mapping.context.AbstractMappingContextUnitTests
Running org.springframework.data.mapping.context.MappingContextIsNewStrategyFactoryUnitTests
Tests run: 3, Failures: 0, Errors: 0, Skipped: 0, Time elapsed: 0.017 sec - in org.springframework.data.mapping.context.MappingContextIsNewStrategyFactoryUnitTests
Running org.springframework.data.mapping.context.PropertyMatchUnitTests
Tests run: 5, Failures: 0, Errors: 0, Skipped: 0, Time elapsed: 0.001 sec - in org.springframework.data.mapping.context.PropertyMatchUnitTests
Running org.springframework.data.mapping.context.MappingContextEventUnitTests
Tests run: 3, Failures: 0, Errors: 0, Skipped: 0, Time elapsed: 0.023 sec - in org.springframework.data.mapping.context.MappingContextEventUnitTests
Running org.springframework.data.mapping.context.AbstractMappingContextIntegrationTests
Tests run: 4, Failures: 0, Errors: 0, Skipped: 0, Time elapsed: 1.472 sec - in org.springframework.data.mapping.context.AbstractMappingContextIntegrationTests
Running org.springframework.data.mapping.context.PersistentEntitiesUnitTests
Tests run: 3, Failures: 0, Errors: 0, Skipped: 0, Time elapsed: 0.074 sec - in org.springframework.data.mapping.context.PersistentEntitiesUnitTests
Running org.springframework.data.mapping.model.PreferredConstructorDiscovererUnitTests
Tests run: 7, Failures: 0, Errors: 0, Skipped: 0, Time elapsed: 0.031 sec - in org.springframework.data.mapping.model.PreferredConstructorDiscovererUnitTests
Running org.springframework.data.mapping.model.PersistentEntityParameterValueProviderUnitTests
Tests run: 2, Failures: 0, Errors: 0, Skipped: 0, Time elapsed: 0.013 sec - in org.springframework.data.mapping.model.PersistentEntityParameterValueProviderUnitTests
Running org.springframework.data.mapping.model.CamelCaseAbbreviatingFieldNamingStrategyUnitTests
Tests run: 1, Failures: 0, Errors: 0, Skipped: 0, Time elapsed: 0 sec - in org.springframework.data.mapping.model.CamelCaseAbbreviatingFieldNamingStrategyUnitTests
Running org.springframework.data.mapping.model.IdPropertyIdentifierAccessorUnitTests
Tests run: 3, Failures: 0, Errors: 0, Skipped: 0, Time elapsed: 0.006 sec - in org.springframework.data.mapping.model.IdPropertyIdentifierAccessorUnitTests
Running org.springframework.data.mapping.model.ConvertingPropertyAccessorUnitTests
Tests run: 8, Failures: 0, Errors: 0, Skipped: 0, Time elapsed: 0.023 sec - in org.springframework.data.mapping.model.ConvertingPropertyAccessorUnitTests
Running org.springframework.data.mapping.model.ClassGeneratingPropertyAccessorFactoryEntityTypeTests
Tests run: 2, Failures: 0, Errors: 0, Skipped: 0, Time elapsed: 0.007 sec - in org.springframework.data.mapping.model.ClassGeneratingPropertyAccessorFactoryEntityTypeTests
Running org.springframework.data.mapping.model.SnakeCaseFieldNamingStrategyUnitTests
Tests run: 1, Failures: 0, Errors: 0, Skipped: 0, Time elapsed: 0.001 sec - in org.springframework.data.mapping.model.SnakeCaseFieldNamingStrategyUnitTests
Running org.springframework.data.mapping.model.ClassGeneratingPropertyAccessorFactoryTests
Tests run: 432, Failures: 0, Errors: 0, Skipped: 0, Time elapsed: 1.579 sec - in org.springframework.data.mapping.model.ClassGeneratingPropertyAccessorFactoryTests
Running org.springframework.data.mapping.model.AbstractPersistentPropertyUnitTests
Tests run: 19, Failures: 0, Errors: 0, Skipped: 0, Time elapsed: 0.027 sec - in org.springframework.data.mapping.model.AbstractPersistentPropertyUnitTests
Running org.springframework.data.mapping.model.ClassGeneratingPropertyAccessorFactoryDatatypeTests
Tests run: 272, Failures: 0, Errors: 0, Skipped: 0, Time elapsed: 1.331 sec - in org.springframework.data.mapping.model.ClassGeneratingPropertyAccessorFactoryDatatypeTests
Running org.springframework.data.mapping.model.BasicPersistentEntityUnitTests
Tests run: 20, Failures: 0, Errors: 0, Skipped: 1, Time elapsed: 0.018 sec - in org.springframework.data.mapping.model.BasicPersistentEntityUnitTests
Running org.springframework.data.mapping.model.SpelExpressionParameterProviderUnitTests
Tests run: 5, Failures: 0, Errors: 0, Skipped: 0, Time elapsed: 0.034 sec - in org.springframework.data.mapping.model.SpelExpressionParameterProviderUnitTests
Running org.springframework.data.mapping.model.AnnotationBasedPersistentPropertyUnitTests
Tests run: 22, Failures: 0, Errors: 0, Skipped: 0, Time elapsed: 0.054 sec - in org.springframework.data.mapping.model.AnnotationBasedPersistentPropertyUnitTests
Running org.springframework.data.mapping.MappingMetadataTests
Tests run: 2, Failures: 0, Errors: 0, Skipped: 0, Time elapsed: 0.006 sec - in org.springframework.data.mapping.MappingMetadataTests
Running org.springframework.data.mapping.ParameterUnitTests
Tests run: 5, Failures: 0, Errors: 0, Skipped: 0, Time elapsed: 0 sec - in org.springframework.data.mapping.ParameterUnitTests
Running org.springframework.data.mapping.PropertyPathUnitTests
Tests run: 34, Failures: 0, Errors: 0, Skipped: 0, Time elapsed: 0.029 sec - in org.springframework.data.mapping.PropertyPathUnitTests
Running org.springframework.data.mapping.SimpleTypeHolderUnitTests
Tests run: 13, Failures: 0, Errors: 0, Skipped: 0, Time elapsed: 0.005 sec - in org.springframework.data.mapping.SimpleTypeHolderUnitTests
Running org.springframework.data.mapping.TargetAwareIdentifierAccessorUnitTests
Tests run: 1, Failures: 0, Errors: 0, Skipped: 0, Time elapsed: 0 sec - in org.springframework.data.mapping.TargetAwareIdentifierAccessorUnitTests
Running org.springframework.data.mapping.PreferredConstructorDiscovererUnitTests
Tests run: 6, Failures: 0, Errors: 0, Skipped: 0, Time elapsed: 0.006 sec - in org.springframework.data.mapping.PreferredConstructorDiscovererUnitTests
Running org.springframework.data.mapping.PropertyReferenceExceptionUnitTests
Tests run: 4, Failures: 0, Errors: 0, Skipped: 0, Time elapsed: 0.002 sec - in org.springframework.data.mapping.PropertyReferenceExceptionUnitTests
Running org.springframework.data.util.ParsingUtilsUnitTests
Tests run: 2, Failures: 0, Errors: 0, Skipped: 0, Time elapsed: 0.001 sec - in org.springframework.data.util.ParsingUtilsUnitTests
Running org.springframework.data.util.DirectFieldAccessFallbackBeanWrapperUnitTests
Tests run: 4, Failures: 0, Errors: 0, Skipped: 0, Time elapsed: 0.003 sec - in org.springframework.data.util.DirectFieldAccessFallbackBeanWrapperUnitTests
Running org.springframework.data.util.StreamUtilsTests
Tests run: 1, Failures: 0, Errors: 0, Skipped: 0, Time elapsed: 0 sec - in org.springframework.data.util.StreamUtilsTests
Running org.springframework.data.util.TypeDiscovererUnitTests
Tests run: 11, Failures: 0, Errors: 0, Skipped: 0, Time elapsed: 0.047 sec - in org.springframework.data.util.TypeDiscovererUnitTests
Running org.springframework.data.util.NullableUtilsUnitTests
Tests run: 10, Failures: 0, Errors: 0, Skipped: 0, Time elapsed: 0.008 sec - in org.springframework.data.util.NullableUtilsUnitTests
Running org.springframework.data.util.VersionUnitTests
Tests run: 13, Failures: 0, Errors: 0, Skipped: 0, Time elapsed: 0.006 sec - in org.springframework.data.util.VersionUnitTests
Running org.springframework.data.util.LazyUnitTests
Tests run: 2, Failures: 0, Errors: 0, Skipped: 0, Time elapsed: 0.009 sec - in org.springframework.data.util.LazyUnitTests
Running org.springframework.data.util.ClassTypeInformationUnitTests
Tests run: 32, Failures: 0, Errors: 0, Skipped: 0, Time elapsed: 0.044 sec - in org.springframework.data.util.ClassTypeInformationUnitTests
Running org.springframework.data.util.AnnotationDetectionMethodCallbackUnitTests
Tests run: 2, Failures: 0, Errors: 0, Skipped: 0, Time elapsed: 0 sec - in org.springframework.data.util.AnnotationDetectionMethodCallbackUnitTests
Running org.springframework.data.util.DataCmns511Tests
Tests run: 1, Failures: 0, Errors: 0, Skipped: 0, Time elapsed: 0.001 sec - in org.springframework.data.util.DataCmns511Tests
Running org.springframework.data.util.AnnotationDetectionFieldCallbackUnitTests
Tests run: 3, Failures: 0, Errors: 0, Skipped: 0, Time elapsed: 0.002 sec - in org.springframework.data.util.AnnotationDetectionFieldCallbackUnitTests
Running org.springframework.data.util.PairUnitTests
Tests run: 5, Failures: 0, Errors: 0, Skipped: 0, Time elapsed: 0.001 sec - in org.springframework.data.util.PairUnitTests
Running org.springframework.data.util.AnnotatedTypeScannerUnitTests
Tests run: 1, Failures: 0, Errors: 0, Skipped: 0, Time elapsed: 0.031 sec - in org.springframework.data.util.AnnotatedTypeScannerUnitTests
Running org.springframework.data.util.ParameterizedTypeUnitTests
Tests run: 9, Failures: 0, Errors: 0, Skipped: 0, Time elapsed: 0.027 sec - in org.springframework.data.util.ParameterizedTypeUnitTests
Running org.springframework.data.util.ReflectionUtilsUnitTests
Tests run: 17, Failures: 0, Errors: 0, Skipped: 0, Time elapsed: 0.032 sec - in org.springframework.data.util.ReflectionUtilsUnitTests
Running org.springframework.data.annotation.TypeAliasUnitTests
Tests run: 1, Failures: 0, Errors: 0, Skipped: 0, Time elapsed: 0.004 sec - in org.springframework.data.annotation.TypeAliasUnitTests
Running org.springframework.data.querydsl.binding.QuerydslBindingsFactoryUnitTests
Tests run: 3, Failures: 0, Errors: 0, Skipped: 0, Time elapsed: 0.066 sec - in org.springframework.data.querydsl.binding.QuerydslBindingsFactoryUnitTests
Running org.springframework.data.querydsl.binding.QuerydslDefaultBindingUnitTests
Tests run: 5, Failures: 0, Errors: 0, Skipped: 0, Time elapsed: 0.002 sec - in org.springframework.data.querydsl.binding.QuerydslDefaultBindingUnitTests
Running org.springframework.data.querydsl.binding.QuerydslBindingsUnitTests
Tests run: 22, Failures: 0, Errors: 0, Skipped: 0, Time elapsed: 0.016 sec - in org.springframework.data.querydsl.binding.QuerydslBindingsUnitTests
Running org.springframework.data.querydsl.binding.QuerydslPredicateBuilderUnitTests
Tests run: 13, Failures: 0, Errors: 0, Skipped: 0, Time elapsed: 0.878 sec - in org.springframework.data.querydsl.binding.QuerydslPredicateBuilderUnitTests
Running org.springframework.data.querydsl.QPageRequestUnitTests
Tests run: 7, Failures: 0, Errors: 0, Skipped: 0, Time elapsed: 0.004 sec - in org.springframework.data.querydsl.QPageRequestUnitTests
Running org.springframework.data.querydsl.SimpleEntityPathResolverUnitTests
Tests run: 3, Failures: 0, Errors: 0, Skipped: 0, Time elapsed: 0.002 sec - in org.springframework.data.querydsl.SimpleEntityPathResolverUnitTests
Running org.springframework.data.querydsl.QSortUnitTests
Tests run: 12, Failures: 0, Errors: 0, Skipped: 0, Time elapsed: 0.03 sec - in org.springframework.data.querydsl.QSortUnitTests
Running org.springframework.data.querydsl.QuerydslRepositoryInvokerAdapterUnitTests
Tests run: 3, Failures: 0, Errors: 0, Skipped: 0, Time elapsed: 0.027 sec - in org.springframework.data.querydsl.QuerydslRepositoryInvokerAdapterUnitTests
Running org.springframework.data.querydsl.QuerydslUtilsUnitTests
Tests run: 2, Failures: 0, Errors: 0, Skipped: 0, Time elapsed: 0 sec - in org.springframework.data.querydsl.QuerydslUtilsUnitTests
Running org.springframework.data.support.CachingIsNewStrategyFactoryUnitTests
Tests run: 2, Failures: 0, Errors: 0, Skipped: 0, Time elapsed: 0.01 sec - in org.springframework.data.support.CachingIsNewStrategyFactoryUnitTests
Running org.springframework.data.support.PersistableIsNewStrategyUnitTests
Tests run: 2, Failures: 0, Errors: 0, Skipped: 0, Time elapsed: 0 sec - in org.springframework.data.support.PersistableIsNewStrategyUnitTests
Running org.springframework.data.auditing.config.AuditingBeanDefinitionRegistrarSupportUnitTests
Tests run: 1, Failures: 0, Errors: 0, Skipped: 0, Time elapsed: 0.003 sec - in org.springframework.data.auditing.config.AuditingBeanDefinitionRegistrarSupportUnitTests
Running org.springframework.data.auditing.AnnotationAuditingMetadataUnitTests
Tests run: 4, Failures: 0, Errors: 0, Skipped: 0, Time elapsed: 0.006 sec - in org.springframework.data.auditing.AnnotationAuditingMetadataUnitTests
Running org.springframework.data.auditing.AuditingHandlerUnitTests
Tests run: 6, Failures: 0, Errors: 0, Skipped: 0, Time elapsed: 0.031 sec - in org.springframework.data.auditing.AuditingHandlerUnitTests
Running org.springframework.data.auditing.IsNewAwareAuditingHandlerUnitTests
Tests run: 12, Failures: 0, Errors: 0, Skipped: 0, Time elapsed: 0.045 sec - in org.springframework.data.auditing.IsNewAwareAuditingHandlerUnitTests
Running org.springframework.data.auditing.MappingAuditableBeanWrapperFactoryUnitTests
Tests run: 11, Failures: 0, Errors: 0, Skipped: 0, Time elapsed: 0.069 sec - in org.springframework.data.auditing.MappingAuditableBeanWrapperFactoryUnitTests
Running org.springframework.data.auditing.DefaultAuditableBeanWrapperFactoryUnitTests
Tests run: 6, Failures: 0, Errors: 0, Skipped: 0, Time elapsed: 0.01 sec - in org.springframework.data.auditing.DefaultAuditableBeanWrapperFactoryUnitTests
Running org.springframework.data.auditing.ReflectionAuditingBeanWrapperUnitTests
Tests run: 4, Failures: 0, Errors: 0, Skipped: 0, Time elapsed: 0.015 sec - in org.springframework.data.auditing.ReflectionAuditingBeanWrapperUnitTests
Running org.springframework.data.projection.SpelAwareProxyProjectionFactoryUnitTests
Tests run: 5, Failures: 0, Errors: 0, Skipped: 0, Time elapsed: 0.012 sec - in org.springframework.data.projection.SpelAwareProxyProjectionFactoryUnitTests
Running org.springframework.data.projection.DefaultProjectionInformationUnitTests
Tests run: 3, Failures: 0, Errors: 0, Skipped: 0, Time elapsed: 0.006 sec - in org.springframework.data.projection.DefaultProjectionInformationUnitTests
Running org.springframework.data.projection.MapAccessingMethodInterceptorUnitTests
Tests run: 6, Failures: 0, Errors: 0, Skipped: 0, Time elapsed: 0.006 sec - in org.springframework.data.projection.MapAccessingMethodInterceptorUnitTests
Running org.springframework.data.projection.ProxyProjectionFactoryUnitTests
Tests run: 17, Failures: 0, Errors: 0, Skipped: 0, Time elapsed: 0.026 sec - in org.springframework.data.projection.ProxyProjectionFactoryUnitTests
Running org.springframework.data.projection.ProjectingMethodInterceptorUnitTests
Tests run: 9, Failures: 0, Errors: 0, Skipped: 0, Time elapsed: 0.047 sec - in org.springframework.data.projection.ProjectingMethodInterceptorUnitTests
Running org.springframework.data.projection.PropertyAccessingMethodInterceptorUnitTests
Tests run: 7, Failures: 0, Errors: 0, Skipped: 0, Time elapsed: 0.009 sec - in org.springframework.data.projection.PropertyAccessingMethodInterceptorUnitTests
Running org.springframework.data.projection.SpelEvaluatingMethodInterceptorUnitTests
Tests run: 6, Failures: 0, Errors: 0, Skipped: 0, Time elapsed: 0.009 sec - in org.springframework.data.projection.SpelEvaluatingMethodInterceptorUnitTests
Running org.springframework.data.projection.ProjectionIntegrationTests
Tests run: 1, Failures: 0, Errors: 0, Skipped: 0, Time elapsed: 0.017 sec - in org.springframework.data.projection.ProjectionIntegrationTests
Running org.springframework.data.history.AnnotationRevisionMetadataUnitTests
Tests run: 3, Failures: 0, Errors: 0, Skipped: 0, Time elapsed: 0.002 sec - in org.springframework.data.history.AnnotationRevisionMetadataUnitTests
Running org.springframework.data.history.RevisionUnitTests
Tests run: 4, Failures: 0, Errors: 0, Skipped: 0, Time elapsed: 0.015 sec - in org.springframework.data.history.RevisionUnitTests
Running org.springframework.data.history.RevisionsUnitTests
Tests run: 5, Failures: 0, Errors: 0, Skipped: 0, Time elapsed: 0.003 sec - in org.springframework.data.history.RevisionsUnitTests
Running org.springframework.data.geo.format.DistanceFormatterUnitTests
Tests run: 19, Failures: 0, Errors: 0, Skipped: 0, Time elapsed: 0.013 sec - in org.springframework.data.geo.format.DistanceFormatterUnitTests
Running org.springframework.data.geo.format.PointFormatterUnitTests
Tests run: 11, Failures: 0, Errors: 0, Skipped: 0, Time elapsed: 0.007 sec - in org.springframework.data.geo.format.PointFormatterUnitTests
Running org.springframework.data.geo.PolygonUnitTests
Tests run: 5, Failures: 0, Errors: 0, Skipped: 0, Time elapsed: 0.012 sec - in org.springframework.data.geo.PolygonUnitTests
Running org.springframework.data.geo.GeoResultsUnitTests
Tests run: 2, Failures: 0, Errors: 0, Skipped: 0, Time elapsed: 0.011 sec - in org.springframework.data.geo.GeoResultsUnitTests
Running org.springframework.data.geo.PointUnitTests
Tests run: 4, Failures: 0, Errors: 0, Skipped: 0, Time elapsed: 0 sec - in org.springframework.data.geo.PointUnitTests
Running org.springframework.data.geo.BoxUnitTests
Tests run: 4, Failures: 0, Errors: 0, Skipped: 0, Time elapsed: 0 sec - in org.springframework.data.geo.BoxUnitTests
Running org.springframework.data.geo.CircleUnitTests
Tests run: 5, Failures: 0, Errors: 0, Skipped: 0, Time elapsed: 0.002 sec - in org.springframework.data.geo.CircleUnitTests
Running org.springframework.data.geo.GeoResultUnitTests
Tests run: 4, Failures: 0, Errors: 0, Skipped: 0, Time elapsed: 0.001 sec - in org.springframework.data.geo.GeoResultUnitTests
Running org.springframework.data.geo.GeoModuleIntegrationTests
Tests run: 5, Failures: 0, Errors: 0, Skipped: 0, Time elapsed: 0.041 sec - in org.springframework.data.geo.GeoModuleIntegrationTests
Running org.springframework.data.geo.DistanceUnitTests
Tests run: 12, Failures: 0, Errors: 0, Skipped: 0, Time elapsed: 0.005 sec - in org.springframework.data.geo.DistanceUnitTests
Running org.springframework.data.transaction.ChainedTransactionManagerTests
Tests run: 7, Failures: 0, Errors: 0, Skipped: 0, Time elapsed: 0.007 sec - in org.springframework.data.transaction.ChainedTransactionManagerTests
Running org.springframework.data.authentication.UserCredentialsUnitTests
Tests run: 8, Failures: 0, Errors: 0, Skipped: 0, Time elapsed: 0.002 sec - in org.springframework.data.authentication.UserCredentialsUnitTests
Running org.springframework.data.DependencyTests
Tests run: 1, Failures: 0, Errors: 0, Skipped: 0, Time elapsed: 3.826 sec - in org.springframework.data.DependencyTests

Results :

Failed tests: 
  ClassGeneratingEntityInstantiatorUnitTests.createsInstancesWithRecursionAndSameCtorArgCountCorrectly:178 
Expecting actual not to be null

Tests run: 2231, Failures: 1, Errors: 0, Skipped: 1

[INFO] ------------------------------------------------------------------------
[INFO] BUILD FAILURE
[INFO] ------------------------------------------------------------------------
[INFO] Total time: 01:45 min
[INFO] Finished at: 2020-03-13T12:31:46-07:00
[INFO] Final Memory: 72M/1959M
[INFO] ------------------------------------------------------------------------
[ERROR] Failed to execute goal org.apache.maven.plugins:maven-surefire-plugin:2.19.1:test (default-test) on project spring-data-commons: There are test failures.
[ERROR] 
[ERROR] Please refer to /scratch/tmp-rta/Bears_spring-projects-spring-data-commons_279460664-280335206_java-8/target/surefire-reports for the individual test results.
[ERROR] -> [Help 1]
[ERROR] 
[ERROR] To see the full stack trace of the errors, re-run Maven with the -e switch.
[ERROR] Re-run Maven using the -X switch to enable full debug logging.
[ERROR] 
[ERROR] For more information about the errors and possible solutions, please read the following articles:
[ERROR] [Help 1] http://cwiki.apache.org/confluence/display/MAVEN/MojoFailureException
