Picked up JAVA_TOOL_OPTIONS: -XX:CICompilerCount=2 -XX:ParallelGCThreads=2 -XX:ConcGCThreads=2 -Djdk.net.URLClassPath.disableClassPathURLCheck=true 
Java HotSpot(TM) 64-Bit Server VM warning: ignoring option MaxPermSize=512m; support was removed in 8.0
Picked up _JAVA_OPTIONS: -Djdk.net.URLClassPath.disableClassPathURLCheck=true
Apache Maven 3.5.0 (Red Hat 3.5.0-4.3)
Maven home: /opt/rh/rh-maven35/root/usr/share/maven
Java version: 1.8.0_181, vendor: Oracle Corporation
Java home: /scratch/jmcampos/RTA/repair_them_all_framework/jdks/jdk1.8.0_181/jre
Default locale: en_US, platform encoding: UTF-8
OS name: "linux", version: "4.14.125-1.el7.retpoline.x86_64", arch: "amd64", family: "unix"
[INFO] Scanning for projects...
[INFO] 
[INFO] ------------------------------------------------------------------------
[INFO] Building flink-runtime 1.0-SNAPSHOT
[INFO] ------------------------------------------------------------------------
[INFO] Downloading: http://repository.apache.org/snapshots/org/apache/flink/flink-core/1.0-SNAPSHOT/maven-metadata.xml
[INFO] Downloaded: http://repository.apache.org/snapshots/org/apache/flink/flink-core/1.0-SNAPSHOT/maven-metadata.xml (988 B at 2.3 kB/s)
[INFO] Downloading: http://repository.apache.org/snapshots/org/apache/flink/flink-parent/1.0-SNAPSHOT/maven-metadata.xml
[INFO] Downloaded: http://repository.apache.org/snapshots/org/apache/flink/flink-parent/1.0-SNAPSHOT/maven-metadata.xml (605 B at 1.3 kB/s)
[INFO] Downloading: http://repository.apache.org/snapshots/org/apache/flink/flink-annotations/1.0-SNAPSHOT/maven-metadata.xml
[INFO] Downloaded: http://repository.apache.org/snapshots/org/apache/flink/flink-annotations/1.0-SNAPSHOT/maven-metadata.xml (995 B at 487 B/s)
[INFO] Downloading: http://repository.apache.org/snapshots/org/apache/flink/flink-shaded-hadoop2/1.0-SNAPSHOT/maven-metadata.xml
[INFO] Downloaded: http://repository.apache.org/snapshots/org/apache/flink/flink-shaded-hadoop2/1.0-SNAPSHOT/maven-metadata.xml (786 B at 824 B/s)
[INFO] Downloading: http://repository.apache.org/snapshots/org/apache/flink/flink-shaded-hadoop/1.0-SNAPSHOT/maven-metadata.xml
[INFO] Downloaded: http://repository.apache.org/snapshots/org/apache/flink/flink-shaded-hadoop/1.0-SNAPSHOT/maven-metadata.xml (612 B at 653 B/s)
[INFO] Downloading: http://repository.apache.org/snapshots/org/apache/flink/flink-java/1.0-SNAPSHOT/maven-metadata.xml
[INFO] Downloaded: http://repository.apache.org/snapshots/org/apache/flink/flink-java/1.0-SNAPSHOT/maven-metadata.xml (988 B at 810 B/s)
[INFO] Downloading: http://repository.apache.org/snapshots/org/apache/flink/flink-shaded-curator-recipes/1.0-SNAPSHOT/maven-metadata.xml
[INFO] Downloaded: http://repository.apache.org/snapshots/org/apache/flink/flink-shaded-curator-recipes/1.0-SNAPSHOT/maven-metadata.xml (1.0 kB at 251 B/s)
[INFO] Downloading: http://repository.apache.org/snapshots/org/apache/flink/flink-shaded-curator/1.0-SNAPSHOT/maven-metadata.xml
[INFO] Downloaded: http://repository.apache.org/snapshots/org/apache/flink/flink-shaded-curator/1.0-SNAPSHOT/maven-metadata.xml (613 B at 1.9 kB/s)
[INFO] 
[INFO] --- maven-checkstyle-plugin:2.16:check (validate) @ flink-runtime_2.10 ---
[INFO] 
[INFO] --- maven-enforcer-plugin:1.3.1:enforce (enforce-maven) @ flink-runtime_2.10 ---
[INFO] Skipping Rule Enforcement.
[INFO] 
[INFO] --- git-commit-id-plugin:2.1.5:revision (default) @ flink-runtime_2.10 ---
[info] 
[info] /scratch/tmp-rta/Bugs.jar_Flink_8e3e2f8f_java-8/.git
[info] 
[info] 
[info] 
[info] 
[info] 
[info] 
[info] 
[info] 
[info] 
[info] 
[info] 
[info] 
[info] 
[info] 
[INFO] 
[INFO] --- build-helper-maven-plugin:1.7:add-source (add-source) @ flink-runtime_2.10 ---
[INFO] Source directory: /scratch/tmp-rta/Bugs.jar_Flink_8e3e2f8f_java-8/flink-runtime/src/main/scala added.
[INFO] 
[INFO] --- maven-remote-resources-plugin:1.5:process (default) @ flink-runtime_2.10 ---
[INFO] 
[INFO] --- maven-resources-plugin:2.6:resources (default-resources) @ flink-runtime_2.10 ---
[INFO] Using 'UTF-8' encoding to copy filtered resources.
[INFO] Copying 2 resources
[INFO] Copying 3 resources
[INFO] 
[INFO] --- scala-maven-plugin:3.1.4:compile (scala-compile-first) @ flink-runtime_2.10 ---
[INFO] Nothing to compile - all classes are up to date
[INFO] 
[INFO] --- maven-compiler-plugin:3.1:compile (default-compile) @ flink-runtime_2.10 ---
[INFO] Changes detected - recompiling the module!
[INFO] Compiling 532 source files to /scratch/tmp-rta/Bugs.jar_Flink_8e3e2f8f_java-8/flink-runtime/target/classes
[WARNING] /scratch/tmp-rta/Bugs.jar_Flink_8e3e2f8f_java-8/flink-runtime/src/main/java/org/apache/flink/runtime/util/SignalHandler.java:[22,16] sun.misc.Signal is internal proprietary API and may be removed in a future release
[WARNING] /scratch/tmp-rta/Bugs.jar_Flink_8e3e2f8f_java-8/flink-runtime/src/main/java/org/apache/flink/runtime/state/AbstractStateBackend.java:[277,80] unchecked call to restoreState(Backend,org.apache.flink.api.common.typeutils.TypeSerializer<K>,java.lang.ClassLoader,long) as a member of the raw type org.apache.flink.runtime.state.KvStateSnapshot
[WARNING] /scratch/tmp-rta/Bugs.jar_Flink_8e3e2f8f_java-8/flink-runtime/src/main/java/org/apache/flink/runtime/util/DataInputDeserializer.java:[372,38] sun.misc.Unsafe is internal proprietary API and may be removed in a future release
[WARNING] /scratch/tmp-rta/Bugs.jar_Flink_8e3e2f8f_java-8/flink-runtime/src/main/java/org/apache/flink/runtime/zookeeper/ZooKeeperStateHandleStore.java:[90,44] unchecked conversion
  required: org.apache.flink.runtime.zookeeper.StateStorageHelper<T>
  found:    org.apache.flink.runtime.zookeeper.StateStorageHelper
[WARNING] /scratch/tmp-rta/Bugs.jar_Flink_8e3e2f8f_java-8/flink-runtime/src/main/java/org/apache/flink/runtime/util/SignalHandler.java:[34,57] sun.misc.SignalHandler is internal proprietary API and may be removed in a future release
[WARNING] /scratch/tmp-rta/Bugs.jar_Flink_8e3e2f8f_java-8/flink-runtime/src/main/java/org/apache/flink/runtime/util/SignalHandler.java:[37,39] sun.misc.SignalHandler is internal proprietary API and may be removed in a future release
[WARNING] /scratch/tmp-rta/Bugs.jar_Flink_8e3e2f8f_java-8/flink-runtime/src/main/java/org/apache/flink/runtime/util/SignalHandler.java:[41,57] sun.misc.Signal is internal proprietary API and may be removed in a future release
[WARNING] /scratch/tmp-rta/Bugs.jar_Flink_8e3e2f8f_java-8/flink-runtime/src/main/java/org/apache/flink/runtime/util/SignalHandler.java:[41,39] sun.misc.Signal is internal proprietary API and may be removed in a future release
[WARNING] /scratch/tmp-rta/Bugs.jar_Flink_8e3e2f8f_java-8/flink-runtime/src/main/java/org/apache/flink/runtime/util/SignalHandler.java:[50,36] sun.misc.Signal is internal proprietary API and may be removed in a future release
[WARNING] /scratch/tmp-rta/Bugs.jar_Flink_8e3e2f8f_java-8/flink-runtime/src/main/java/org/apache/flink/runtime/util/DataOutputSerializer.java:[336,38] sun.misc.Unsafe is internal proprietary API and may be removed in a future release
[WARNING] /scratch/tmp-rta/Bugs.jar_Flink_8e3e2f8f_java-8/flink-runtime/src/main/java/org/apache/flink/runtime/operators/udf/AssignRangeIndex.java:[51,51] unchecked call to CommonRangeBoundaries(org.apache.flink.api.common.typeutils.TypeComparator<T>,java.lang.Object[][]) as a member of the raw type org.apache.flink.api.common.distributions.CommonRangeBoundaries
[WARNING] /scratch/tmp-rta/Bugs.jar_Flink_8e3e2f8f_java-8/flink-runtime/src/main/java/org/apache/flink/runtime/operators/udf/AssignRangeIndex.java:[56,80] unchecked call to getRangeIndex(T) as a member of the raw type org.apache.flink.api.common.distributions.RangeBoundaries
[WARNING] /scratch/tmp-rta/Bugs.jar_Flink_8e3e2f8f_java-8/flink-runtime/src/main/java/org/apache/flink/runtime/operators/shipping/OutputEmitter.java:[293,64] unchecked call to compare(T,T) as a member of the raw type org.apache.flink.api.common.typeutils.TypeComparator
[WARNING] /scratch/tmp-rta/Bugs.jar_Flink_8e3e2f8f_java-8/flink-runtime/src/main/java/org/apache/flink/runtime/util/DependencyVisitor.java:[191,29] visitMethodInsn(int,java.lang.String,java.lang.String,java.lang.String) in org.objectweb.asm.MethodVisitor has been deprecated
[INFO] 
[INFO] --- build-helper-maven-plugin:1.7:add-test-source (add-test-source) @ flink-runtime_2.10 ---
[INFO] Test Source directory: /scratch/tmp-rta/Bugs.jar_Flink_8e3e2f8f_java-8/flink-runtime/src/test/scala added.
[INFO] 
[INFO] --- maven-resources-plugin:2.6:testResources (default-testResources) @ flink-runtime_2.10 ---
[INFO] Using 'UTF-8' encoding to copy filtered resources.
[INFO] Copying 2 resources
[INFO] Copying 3 resources
[INFO] 
[INFO] --- scala-maven-plugin:3.1.4:testCompile (scala-test-compile) @ flink-runtime_2.10 ---
[INFO] Nothing to compile - all classes are up to date
[INFO] 
[INFO] --- maven-compiler-plugin:3.1:testCompile (default-testCompile) @ flink-runtime_2.10 ---
[INFO] Nothing to compile - all classes are up to date
[INFO] 
[INFO] --- maven-surefire-plugin:2.18.1:test (default-test) @ flink-runtime_2.10 ---
[INFO] Surefire report directory: /scratch/tmp-rta/Bugs.jar_Flink_8e3e2f8f_java-8/flink-runtime/target/surefire-reports
[INFO] Downloading: https://repo.maven.apache.org/maven2/org/apache/maven/surefire/surefire-junit4/2.18.1/surefire-junit4-2.18.1.pom
[INFO] Downloaded: https://repo.maven.apache.org/maven2/org/apache/maven/surefire/surefire-junit4/2.18.1/surefire-junit4-2.18.1.pom (2.5 kB at 2.1 kB/s)
[INFO] Downloading: https://repo.maven.apache.org/maven2/org/apache/maven/surefire/surefire-providers/2.18.1/surefire-providers-2.18.1.pom
[INFO] Downloaded: https://repo.maven.apache.org/maven2/org/apache/maven/surefire/surefire-providers/2.18.1/surefire-providers-2.18.1.pom (2.5 kB at 170 kB/s)
[INFO] Downloading: https://repo.maven.apache.org/maven2/org/apache/maven/surefire/surefire-junit4/2.18.1/surefire-junit4-2.18.1.jar
[INFO] Downloaded: https://repo.maven.apache.org/maven2/org/apache/maven/surefire/surefire-junit4/2.18.1/surefire-junit4-2.18.1.jar (68 kB at 1.7 MB/s)

-------------------------------------------------------
 T E S T S
-------------------------------------------------------
Picked up JAVA_TOOL_OPTIONS: -XX:CICompilerCount=2 -XX:ParallelGCThreads=2 -XX:ConcGCThreads=2 -Djdk.net.URLClassPath.disableClassPathURLCheck=true -XX:CICompilerCount=2 -XX:ParallelGCThreads=2 -XX:ConcGCThreads=2 -Djdk.net.URLClassPath.disableClassPathURLCheck=true 
Picked up _JAVA_OPTIONS: -Djdk.net.URLClassPath.disableClassPathURLCheck=true
Picked up JAVA_TOOL_OPTIONS: -XX:CICompilerCount=2 -XX:ParallelGCThreads=2 -XX:ConcGCThreads=2 -Djdk.net.URLClassPath.disableClassPathURLCheck=true -XX:CICompilerCount=2 -XX:ParallelGCThreads=2 -XX:ConcGCThreads=2 -Djdk.net.URLClassPath.disableClassPathURLCheck=true 
Picked up _JAVA_OPTIONS: -Djdk.net.URLClassPath.disableClassPathURLCheck=true
Picked up JAVA_TOOL_OPTIONS: -XX:CICompilerCount=2 -XX:ParallelGCThreads=2 -XX:ConcGCThreads=2 -Djdk.net.URLClassPath.disableClassPathURLCheck=true -XX:CICompilerCount=2 -XX:ParallelGCThreads=2 -XX:ConcGCThreads=2 -Djdk.net.URLClassPath.disableClassPathURLCheck=true 
Picked up _JAVA_OPTIONS: -Djdk.net.URLClassPath.disableClassPathURLCheck=true
Picked up JAVA_TOOL_OPTIONS: -XX:CICompilerCount=2 -XX:ParallelGCThreads=2 -XX:ConcGCThreads=2 -Djdk.net.URLClassPath.disableClassPathURLCheck=true -XX:CICompilerCount=2 -XX:ParallelGCThreads=2 -XX:ConcGCThreads=2 -Djdk.net.URLClassPath.disableClassPathURLCheck=true 
Picked up _JAVA_OPTIONS: -Djdk.net.URLClassPath.disableClassPathURLCheck=true
Picked up JAVA_TOOL_OPTIONS: -XX:CICompilerCount=2 -XX:ParallelGCThreads=2 -XX:ConcGCThreads=2 -Djdk.net.URLClassPath.disableClassPathURLCheck=true -XX:CICompilerCount=2 -XX:ParallelGCThreads=2 -XX:ConcGCThreads=2 -Djdk.net.URLClassPath.disableClassPathURLCheck=true 
Picked up _JAVA_OPTIONS: -Djdk.net.URLClassPath.disableClassPathURLCheck=true
Picked up JAVA_TOOL_OPTIONS: -XX:CICompilerCount=2 -XX:ParallelGCThreads=2 -XX:ConcGCThreads=2 -Djdk.net.URLClassPath.disableClassPathURLCheck=true -XX:CICompilerCount=2 -XX:ParallelGCThreads=2 -XX:ConcGCThreads=2 -Djdk.net.URLClassPath.disableClassPathURLCheck=true 
Picked up _JAVA_OPTIONS: -Djdk.net.URLClassPath.disableClassPathURLCheck=true
Picked up JAVA_TOOL_OPTIONS: -XX:CICompilerCount=2 -XX:ParallelGCThreads=2 -XX:ConcGCThreads=2 -Djdk.net.URLClassPath.disableClassPathURLCheck=true -XX:CICompilerCount=2 -XX:ParallelGCThreads=2 -XX:ConcGCThreads=2 -Djdk.net.URLClassPath.disableClassPathURLCheck=true 
Picked up JAVA_TOOL_OPTIONS: -XX:CICompilerCount=2 -XX:ParallelGCThreads=2 -XX:ConcGCThreads=2 -Djdk.net.URLClassPath.disableClassPathURLCheck=true -XX:CICompilerCount=2 -XX:ParallelGCThreads=2 -XX:ConcGCThreads=2 -Djdk.net.URLClassPath.disableClassPathURLCheck=true 
Picked up JAVA_TOOL_OPTIONS: -XX:CICompilerCount=2 -XX:ParallelGCThreads=2 -XX:ConcGCThreads=2 -Djdk.net.URLClassPath.disableClassPathURLCheck=true -XX:CICompilerCount=2 -XX:ParallelGCThreads=2 -XX:ConcGCThreads=2 -Djdk.net.URLClassPath.disableClassPathURLCheck=true 
Picked up _JAVA_OPTIONS: -Djdk.net.URLClassPath.disableClassPathURLCheck=true
Picked up _JAVA_OPTIONS: -Djdk.net.URLClassPath.disableClassPathURLCheck=true
Picked up _JAVA_OPTIONS: -Djdk.net.URLClassPath.disableClassPathURLCheck=true
Picked up JAVA_TOOL_OPTIONS: -XX:CICompilerCount=2 -XX:ParallelGCThreads=2 -XX:ConcGCThreads=2 -Djdk.net.URLClassPath.disableClassPathURLCheck=true -XX:CICompilerCount=2 -XX:ParallelGCThreads=2 -XX:ConcGCThreads=2 -Djdk.net.URLClassPath.disableClassPathURLCheck=true 
Picked up _JAVA_OPTIONS: -Djdk.net.URLClassPath.disableClassPathURLCheck=true
Picked up JAVA_TOOL_OPTIONS: -XX:CICompilerCount=2 -XX:ParallelGCThreads=2 -XX:ConcGCThreads=2 -Djdk.net.URLClassPath.disableClassPathURLCheck=true -XX:CICompilerCount=2 -XX:ParallelGCThreads=2 -XX:ConcGCThreads=2 -Djdk.net.URLClassPath.disableClassPathURLCheck=true 
Picked up _JAVA_OPTIONS: -Djdk.net.URLClassPath.disableClassPathURLCheck=true
Picked up JAVA_TOOL_OPTIONS: -XX:CICompilerCount=2 -XX:ParallelGCThreads=2 -XX:ConcGCThreads=2 -Djdk.net.URLClassPath.disableClassPathURLCheck=true -XX:CICompilerCount=2 -XX:ParallelGCThreads=2 -XX:ConcGCThreads=2 -Djdk.net.URLClassPath.disableClassPathURLCheck=true 
Picked up _JAVA_OPTIONS: -Djdk.net.URLClassPath.disableClassPathURLCheck=true
Picked up JAVA_TOOL_OPTIONS: -XX:CICompilerCount=2 -XX:ParallelGCThreads=2 -XX:ConcGCThreads=2 -Djdk.net.URLClassPath.disableClassPathURLCheck=true -XX:CICompilerCount=2 -XX:ParallelGCThreads=2 -XX:ConcGCThreads=2 -Djdk.net.URLClassPath.disableClassPathURLCheck=true 
Picked up _JAVA_OPTIONS: -Djdk.net.URLClassPath.disableClassPathURLCheck=true
Running org.apache.flink.runtime.operators.CombineTaskTest
Running org.apache.flink.runtime.executiongraph.PointwisePatternTest
Running org.apache.flink.runtime.io.network.netty.PartitionRequestClientHandlerTest
Running org.apache.flink.runtime.util.SerializedThrowableTest
Running org.apache.flink.runtime.io.network.buffer.BufferTest
Running org.apache.flink.runtime.jobmanager.scheduler.ScheduleWithCoLocationHintTest
Tests run: 2, Failures: 0, Errors: 0, Skipped: 0, Time elapsed: 0 sec - in org.apache.flink.runtime.io.network.buffer.BufferTest
Running org.apache.flink.runtime.io.disk.iomanager.AsynchronousBufferFileWriterTest
Running org.apache.flink.runtime.io.network.partition.PipelinedSubpartitionTest
Running org.apache.flink.runtime.executiongraph.ExecutionVertexCancelTest
Running org.apache.flink.runtime.io.network.buffer.NetworkBufferPoolTest
Running org.apache.flink.runtime.checkpoint.StandaloneCompletedCheckpointStoreTest
Picked up JAVA_TOOL_OPTIONS: -XX:CICompilerCount=2 -XX:ParallelGCThreads=2 -XX:ConcGCThreads=2 -Djdk.net.URLClassPath.disableClassPathURLCheck=true -XX:CICompilerCount=2 -XX:ParallelGCThreads=2 -XX:ConcGCThreads=2 -Djdk.net.URLClassPath.disableClassPathURLCheck=true 
Picked up _JAVA_OPTIONS: -Djdk.net.URLClassPath.disableClassPathURLCheck=true
Running org.apache.flink.runtime.checkpoint.CheckpointStateRestoreTest
Picked up JAVA_TOOL_OPTIONS: -XX:CICompilerCount=2 -XX:ParallelGCThreads=2 -XX:ConcGCThreads=2 -Djdk.net.URLClassPath.disableClassPathURLCheck=true -XX:CICompilerCount=2 -XX:ParallelGCThreads=2 -XX:ConcGCThreads=2 -Djdk.net.URLClassPath.disableClassPathURLCheck=true 
Picked up _JAVA_OPTIONS: -Djdk.net.URLClassPath.disableClassPathURLCheck=true
Picked up JAVA_TOOL_OPTIONS: -XX:CICompilerCount=2 -XX:ParallelGCThreads=2 -XX:ConcGCThreads=2 -Djdk.net.URLClassPath.disableClassPathURLCheck=true -XX:CICompilerCount=2 -XX:ParallelGCThreads=2 -XX:ConcGCThreads=2 -Djdk.net.URLClassPath.disableClassPathURLCheck=true 
Picked up _JAVA_OPTIONS: -Djdk.net.URLClassPath.disableClassPathURLCheck=true
Picked up JAVA_TOOL_OPTIONS: -XX:CICompilerCount=2 -XX:ParallelGCThreads=2 -XX:ConcGCThreads=2 -Djdk.net.URLClassPath.disableClassPathURLCheck=true -XX:CICompilerCount=2 -XX:ParallelGCThreads=2 -XX:ConcGCThreads=2 -Djdk.net.URLClassPath.disableClassPathURLCheck=true 
Picked up JAVA_TOOL_OPTIONS: -XX:CICompilerCount=2 -XX:ParallelGCThreads=2 -XX:ConcGCThreads=2 -Djdk.net.URLClassPath.disableClassPathURLCheck=true -XX:CICompilerCount=2 -XX:ParallelGCThreads=2 -XX:ConcGCThreads=2 -Djdk.net.URLClassPath.disableClassPathURLCheck=true 
Picked up _JAVA_OPTIONS: -Djdk.net.URLClassPath.disableClassPathURLCheck=true
Picked up _JAVA_OPTIONS: -Djdk.net.URLClassPath.disableClassPathURLCheck=true
Tests run: 2, Failures: 0, Errors: 0, Skipped: 0, Time elapsed: 0.003 sec - in org.apache.flink.runtime.util.SerializedThrowableTest
Tests run: 7, Failures: 0, Errors: 0, Skipped: 0, Time elapsed: 0.55 sec - in org.apache.flink.runtime.executiongraph.PointwisePatternTest
Tests run: 2, Failures: 0, Errors: 0, Skipped: 0, Time elapsed: 0.386 sec - in org.apache.flink.runtime.io.network.buffer.NetworkBufferPoolTest
Picked up JAVA_TOOL_OPTIONS: -XX:CICompilerCount=2 -XX:ParallelGCThreads=2 -XX:ConcGCThreads=2 -Djdk.net.URLClassPath.disableClassPathURLCheck=true -XX:CICompilerCount=2 -XX:ParallelGCThreads=2 -XX:ConcGCThreads=2 -Djdk.net.URLClassPath.disableClassPathURLCheck=true 
Running org.apache.flink.runtime.taskmanager.TaskManagerConfigurationTest
Picked up _JAVA_OPTIONS: -Djdk.net.URLClassPath.disableClassPathURLCheck=true
Picked up JAVA_TOOL_OPTIONS: -XX:CICompilerCount=2 -XX:ParallelGCThreads=2 -XX:ConcGCThreads=2 -Djdk.net.URLClassPath.disableClassPathURLCheck=true -XX:CICompilerCount=2 -XX:ParallelGCThreads=2 -XX:ConcGCThreads=2 -Djdk.net.URLClassPath.disableClassPathURLCheck=true 
Picked up JAVA_TOOL_OPTIONS: -XX:CICompilerCount=2 -XX:ParallelGCThreads=2 -XX:ConcGCThreads=2 -Djdk.net.URLClassPath.disableClassPathURLCheck=true -XX:CICompilerCount=2 -XX:ParallelGCThreads=2 -XX:ConcGCThreads=2 -Djdk.net.URLClassPath.disableClassPathURLCheck=true 
Running org.apache.flink.runtime.io.disk.iomanager.IOManagerAsyncTest
Picked up _JAVA_OPTIONS: -Djdk.net.URLClassPath.disableClassPathURLCheck=true
Picked up _JAVA_OPTIONS: -Djdk.net.URLClassPath.disableClassPathURLCheck=true
Running org.apache.flink.runtime.io.network.netty.PartitionRequestClientFactoryTest
Picked up JAVA_TOOL_OPTIONS: -XX:CICompilerCount=2 -XX:ParallelGCThreads=2 -XX:ConcGCThreads=2 -Djdk.net.URLClassPath.disableClassPathURLCheck=true -XX:CICompilerCount=2 -XX:ParallelGCThreads=2 -XX:ConcGCThreads=2 -Djdk.net.URLClassPath.disableClassPathURLCheck=true 
Running org.apache.flink.runtime.operators.hash.CompactingHashTableTest
Picked up _JAVA_OPTIONS: -Djdk.net.URLClassPath.disableClassPathURLCheck=true
Tests run: 1, Failures: 0, Errors: 0, Skipped: 1, Time elapsed: 0 sec - in org.apache.flink.runtime.io.network.netty.PartitionRequestClientFactoryTest
Picked up JAVA_TOOL_OPTIONS: -XX:CICompilerCount=2 -XX:ParallelGCThreads=2 -XX:ConcGCThreads=2 -Djdk.net.URLClassPath.disableClassPathURLCheck=true -XX:CICompilerCount=2 -XX:ParallelGCThreads=2 -XX:ConcGCThreads=2 -Djdk.net.URLClassPath.disableClassPathURLCheck=true 
Picked up JAVA_TOOL_OPTIONS: -XX:CICompilerCount=2 -XX:ParallelGCThreads=2 -XX:ConcGCThreads=2 -Djdk.net.URLClassPath.disableClassPathURLCheck=true -XX:CICompilerCount=2 -XX:ParallelGCThreads=2 -XX:ConcGCThreads=2 -Djdk.net.URLClassPath.disableClassPathURLCheck=true 
Picked up _JAVA_OPTIONS: -Djdk.net.URLClassPath.disableClassPathURLCheck=true
Picked up JAVA_TOOL_OPTIONS: -XX:CICompilerCount=2 -XX:ParallelGCThreads=2 -XX:ConcGCThreads=2 -Djdk.net.URLClassPath.disableClassPathURLCheck=true -XX:CICompilerCount=2 -XX:ParallelGCThreads=2 -XX:ConcGCThreads=2 -Djdk.net.URLClassPath.disableClassPathURLCheck=true 
Picked up _JAVA_OPTIONS: -Djdk.net.URLClassPath.disableClassPathURLCheck=true
Running org.apache.flink.runtime.util.JarFileCreatorTest
Picked up _JAVA_OPTIONS: -Djdk.net.URLClassPath.disableClassPathURLCheck=true
Picked up JAVA_TOOL_OPTIONS: -XX:CICompilerCount=2 -XX:ParallelGCThreads=2 -XX:ConcGCThreads=2 -Djdk.net.URLClassPath.disableClassPathURLCheck=true -XX:CICompilerCount=2 -XX:ParallelGCThreads=2 -XX:ConcGCThreads=2 -Djdk.net.URLClassPath.disableClassPathURLCheck=true 
Picked up _JAVA_OPTIONS: -Djdk.net.URLClassPath.disableClassPathURLCheck=true
Running org.apache.flink.runtime.io.network.netty.NettyMessageSerializationTest
Picked up JAVA_TOOL_OPTIONS: -XX:CICompilerCount=2 -XX:ParallelGCThreads=2 -XX:ConcGCThreads=2 -Djdk.net.URLClassPath.disableClassPathURLCheck=true -XX:CICompilerCount=2 -XX:ParallelGCThreads=2 -XX:ConcGCThreads=2 -Djdk.net.URLClassPath.disableClassPathURLCheck=true 
Picked up _JAVA_OPTIONS: -Djdk.net.URLClassPath.disableClassPathURLCheck=true
Running org.apache.flink.runtime.io.network.partition.consumer.InputChannelTest
Running org.apache.flink.runtime.io.network.netty.CancelPartitionRequestTest
Running org.apache.flink.runtime.jobmanager.JobSubmitTest
Picked up JAVA_TOOL_OPTIONS: -XX:CICompilerCount=2 -XX:ParallelGCThreads=2 -XX:ConcGCThreads=2 -Djdk.net.URLClassPath.disableClassPathURLCheck=true -XX:CICompilerCount=2 -XX:ParallelGCThreads=2 -XX:ConcGCThreads=2 -Djdk.net.URLClassPath.disableClassPathURLCheck=true 
Picked up _JAVA_OPTIONS: -Djdk.net.URLClassPath.disableClassPathURLCheck=true
Tests run: 9, Failures: 0, Errors: 0, Skipped: 0, Time elapsed: 0.049 sec - in org.apache.flink.runtime.util.JarFileCreatorTest
Running org.apache.flink.runtime.io.disk.FileChannelStreamsTest
Tests run: 6, Failures: 0, Errors: 0, Skipped: 0, Time elapsed: 0.603 sec - in org.apache.flink.runtime.checkpoint.StandaloneCompletedCheckpointStoreTest
Tests run: 4, Failures: 0, Errors: 0, Skipped: 0, Time elapsed: 0.871 sec - in org.apache.flink.runtime.io.network.netty.PartitionRequestClientHandlerTest
Picked up JAVA_TOOL_OPTIONS: -XX:CICompilerCount=2 -XX:ParallelGCThreads=2 -XX:ConcGCThreads=2 -Djdk.net.URLClassPath.disableClassPathURLCheck=true -XX:CICompilerCount=2 -XX:ParallelGCThreads=2 -XX:ConcGCThreads=2 -Djdk.net.URLClassPath.disableClassPathURLCheck=true 
Picked up _JAVA_OPTIONS: -Djdk.net.URLClassPath.disableClassPathURLCheck=true
Picked up JAVA_TOOL_OPTIONS: -XX:CICompilerCount=2 -XX:ParallelGCThreads=2 -XX:ConcGCThreads=2 -Djdk.net.URLClassPath.disableClassPathURLCheck=true -XX:CICompilerCount=2 -XX:ParallelGCThreads=2 -XX:ConcGCThreads=2 -Djdk.net.URLClassPath.disableClassPathURLCheck=true 
Running org.apache.flink.runtime.checkpoint.FileSystemStateStoreTest
Picked up _JAVA_OPTIONS: -Djdk.net.URLClassPath.disableClassPathURLCheck=true
Running org.apache.flink.runtime.operators.drivers.AllGroupReduceDriverTest
Picked up JAVA_TOOL_OPTIONS: -XX:CICompilerCount=2 -XX:ParallelGCThreads=2 -XX:ConcGCThreads=2 -Djdk.net.URLClassPath.disableClassPathURLCheck=true -XX:CICompilerCount=2 -XX:ParallelGCThreads=2 -XX:ConcGCThreads=2 -Djdk.net.URLClassPath.disableClassPathURLCheck=true 
Running org.apache.flink.runtime.jobmanager.JobManagerConnectionTest
Picked up _JAVA_OPTIONS: -Djdk.net.URLClassPath.disableClassPathURLCheck=true
Running org.apache.flink.runtime.io.disk.SpillingBufferTest
Picked up JAVA_TOOL_OPTIONS: -XX:CICompilerCount=2 -XX:ParallelGCThreads=2 -XX:ConcGCThreads=2 -Djdk.net.URLClassPath.disableClassPathURLCheck=true -XX:CICompilerCount=2 -XX:ParallelGCThreads=2 -XX:ConcGCThreads=2 -Djdk.net.URLClassPath.disableClassPathURLCheck=true 
Picked up JAVA_TOOL_OPTIONS: -XX:CICompilerCount=2 -XX:ParallelGCThreads=2 -XX:ConcGCThreads=2 -Djdk.net.URLClassPath.disableClassPathURLCheck=true -XX:CICompilerCount=2 -XX:ParallelGCThreads=2 -XX:ConcGCThreads=2 -Djdk.net.URLClassPath.disableClassPathURLCheck=true 
Running org.apache.flink.runtime.executiongraph.TerminalStateDeadlockTest
Picked up _JAVA_OPTIONS: -Djdk.net.URLClassPath.disableClassPathURLCheck=true
Running org.apache.flink.runtime.instance.InstanceManagerTest
Picked up _JAVA_OPTIONS: -Djdk.net.URLClassPath.disableClassPathURLCheck=true
Tests run: 4, Failures: 0, Errors: 0, Skipped: 0, Time elapsed: 0.583 sec - in org.apache.flink.runtime.io.network.partition.consumer.InputChannelTest
Tests run: 2, Failures: 0, Errors: 0, Skipped: 0, Time elapsed: 0.535 sec - in org.apache.flink.runtime.io.disk.FileChannelStreamsTest
Tests run: 3, Failures: 0, Errors: 0, Skipped: 0, Time elapsed: 0.355 sec - in org.apache.flink.runtime.checkpoint.FileSystemStateStoreTest
Tests run: 3, Failures: 0, Errors: 0, Skipped: 0, Time elapsed: 0.936 sec - in org.apache.flink.runtime.checkpoint.CheckpointStateRestoreTest
Running org.apache.flink.runtime.util.ClassLoaderUtilsTest
Running org.apache.flink.runtime.io.network.api.serialization.PagedViewsTest
Tests run: 3, Failures: 0, Errors: 0, Skipped: 0, Time elapsed: 1.036 sec - in org.apache.flink.runtime.taskmanager.TaskManagerConfigurationTest
Tests run: 3, Failures: 0, Errors: 0, Skipped: 0, Time elapsed: 0.65 sec - in org.apache.flink.runtime.operators.drivers.AllGroupReduceDriverTest
Tests run: 3, Failures: 0, Errors: 0, Skipped: 0, Time elapsed: 0.294 sec - in org.apache.flink.runtime.util.ClassLoaderUtilsTest
Tests run: 6, Failures: 0, Errors: 0, Skipped: 0, Time elapsed: 1.786 sec - in org.apache.flink.runtime.operators.CombineTaskTest
Tests run: 11, Failures: 0, Errors: 0, Skipped: 0, Time elapsed: 1.756 sec - in org.apache.flink.runtime.executiongraph.ExecutionVertexCancelTest
Tests run: 9, Failures: 0, Errors: 0, Skipped: 0, Time elapsed: 1.954 sec - in org.apache.flink.runtime.jobmanager.scheduler.ScheduleWithCoLocationHintTest
Picked up JAVA_TOOL_OPTIONS: -XX:CICompilerCount=2 -XX:ParallelGCThreads=2 -XX:ConcGCThreads=2 -Djdk.net.URLClassPath.disableClassPathURLCheck=true -XX:CICompilerCount=2 -XX:ParallelGCThreads=2 -XX:ConcGCThreads=2 -Djdk.net.URLClassPath.disableClassPathURLCheck=true 
Picked up _JAVA_OPTIONS: -Djdk.net.URLClassPath.disableClassPathURLCheck=true
Picked up JAVA_TOOL_OPTIONS: -XX:CICompilerCount=2 -XX:ParallelGCThreads=2 -XX:ConcGCThreads=2 -Djdk.net.URLClassPath.disableClassPathURLCheck=true -XX:CICompilerCount=2 -XX:ParallelGCThreads=2 -XX:ConcGCThreads=2 -Djdk.net.URLClassPath.disableClassPathURLCheck=true 
Picked up _JAVA_OPTIONS: -Djdk.net.URLClassPath.disableClassPathURLCheck=true
Tests run: 6, Failures: 0, Errors: 0, Skipped: 0, Time elapsed: 1.537 sec - in org.apache.flink.runtime.io.disk.iomanager.IOManagerAsyncTest
Picked up JAVA_TOOL_OPTIONS: -XX:CICompilerCount=2 -XX:ParallelGCThreads=2 -XX:ConcGCThreads=2 -Djdk.net.URLClassPath.disableClassPathURLCheck=true -XX:CICompilerCount=2 -XX:ParallelGCThreads=2 -XX:ConcGCThreads=2 -Djdk.net.URLClassPath.disableClassPathURLCheck=true 
Picked up _JAVA_OPTIONS: -Djdk.net.URLClassPath.disableClassPathURLCheck=true
Running org.apache.flink.runtime.executiongraph.ExecutionVertexDeploymentTest
Picked up JAVA_TOOL_OPTIONS: -XX:CICompilerCount=2 -XX:ParallelGCThreads=2 -XX:ConcGCThreads=2 -Djdk.net.URLClassPath.disableClassPathURLCheck=true -XX:CICompilerCount=2 -XX:ParallelGCThreads=2 -XX:ConcGCThreads=2 -Djdk.net.URLClassPath.disableClassPathURLCheck=true 
Running org.apache.flink.runtime.taskmanager.TaskManagerRegistrationTest
Picked up _JAVA_OPTIONS: -Djdk.net.URLClassPath.disableClassPathURLCheck=true
Tests run: 1, Failures: 0, Errors: 0, Skipped: 0, Time elapsed: 1.765 sec - in org.apache.flink.runtime.io.network.netty.NettyMessageSerializationTest
Running org.apache.flink.runtime.io.disk.SeekableFileChannelInputViewTest
Running org.apache.flink.runtime.io.network.api.writer.RecordWriterTest
Running org.apache.flink.runtime.executiongraph.VertexLocationConstraintTest
Picked up JAVA_TOOL_OPTIONS: -XX:CICompilerCount=2 -XX:ParallelGCThreads=2 -XX:ConcGCThreads=2 -Djdk.net.URLClassPath.disableClassPathURLCheck=true -XX:CICompilerCount=2 -XX:ParallelGCThreads=2 -XX:ConcGCThreads=2 -Djdk.net.URLClassPath.disableClassPathURLCheck=true 
Running org.apache.flink.runtime.io.disk.iomanager.BufferFileWriterReaderTest
Picked up _JAVA_OPTIONS: -Djdk.net.URLClassPath.disableClassPathURLCheck=true
Picked up JAVA_TOOL_OPTIONS: -XX:CICompilerCount=2 -XX:ParallelGCThreads=2 -XX:ConcGCThreads=2 -Djdk.net.URLClassPath.disableClassPathURLCheck=true -XX:CICompilerCount=2 -XX:ParallelGCThreads=2 -XX:ConcGCThreads=2 -Djdk.net.URLClassPath.disableClassPathURLCheck=true 
Running org.apache.flink.runtime.io.network.netty.ClientTransportErrorHandlingTest
Picked up _JAVA_OPTIONS: -Djdk.net.URLClassPath.disableClassPathURLCheck=true
Picked up JAVA_TOOL_OPTIONS: -XX:CICompilerCount=2 -XX:ParallelGCThreads=2 -XX:ConcGCThreads=2 -Djdk.net.URLClassPath.disableClassPathURLCheck=true -XX:CICompilerCount=2 -XX:ParallelGCThreads=2 -XX:ConcGCThreads=2 -Djdk.net.URLClassPath.disableClassPathURLCheck=true 
Picked up _JAVA_OPTIONS: -Djdk.net.URLClassPath.disableClassPathURLCheck=true
Tests run: 1, Failures: 0, Errors: 0, Skipped: 0, Time elapsed: 0.794 sec - in org.apache.flink.runtime.io.disk.SeekableFileChannelInputViewTest
Running org.apache.flink.runtime.io.network.serialization.LargeRecordsTest
Running org.apache.flink.runtime.executiongraph.TaskManagerLossFailsTasksTest
Picked up JAVA_TOOL_OPTIONS: -XX:CICompilerCount=2 -XX:ParallelGCThreads=2 -XX:ConcGCThreads=2 -Djdk.net.URLClassPath.disableClassPathURLCheck=true -XX:CICompilerCount=2 -XX:ParallelGCThreads=2 -XX:ConcGCThreads=2 -Djdk.net.URLClassPath.disableClassPathURLCheck=true 
Picked up _JAVA_OPTIONS: -Djdk.net.URLClassPath.disableClassPathURLCheck=true
Terminate 1643!
Killed 1643! at /scratch/jmcampos/RTA/repair_them_all_framework/jdks/jdk1.8.0_181/jre/bin/java line 73.
Terminate 1643!
Running org.apache.flink.runtime.jobmanager.JobManagerStartupTest
Terminate 97980!
Killed 97980! at /scratch/jmcampos/RTA/repair_them_all_framework/jdks/jdk1.8.0_181/jre/bin/java line 73.
Terminate 97980!
Terminate 98231!
Killed 98231! at /scratch/jmcampos/RTA/repair_them_all_framework/jdks/jdk1.8.0_181/jre/bin/java line 73.
Terminate 98231!
Signal 15 (TERM) caught by ps (procps-ng version 3.3.10).
ps:display.c:66: please report this bug
Terminate 1095!
Killed 1095! at /scratch/jmcampos/RTA/repair_them_all_framework/jdks/jdk1.8.0_181/jre/bin/java line 73.
Terminate 1095!
Signal 15 (TERM) caught by ps (procps-ng version 3.3.10).
ps:display.c:66: please report this bug
Terminate 97590!
Killed 97590! at /scratch/jmcampos/RTA/repair_them_all_framework/jdks/jdk1.8.0_181/jre/bin/java line 73.
Terminate 97590!
Signal 15 (TERM) caught by ps (procps-ng version 3.3.10).
ps:display.c:66: please report this bug
Terminate 97794!
Kill 97794!
Killed 97794! at /scratch/jmcampos/RTA/repair_them_all_framework/jdks/jdk1.8.0_181/jre/bin/java line 73.
Terminate 1331!
Kill 1331!
Killed 1331! at /scratch/jmcampos/RTA/repair_them_all_framework/jdks/jdk1.8.0_181/jre/bin/java line 73.
Signal 15 (TERM) caught by ps (procps-ng version 3.3.10).
ps:display.c:66: please report this bug
Signal 15 (TERM) caught by ps (procps-ng version 3.3.10).
ps:display.c:66: please report this bug
Signal 15 (TERM) caught by ps (procps-ng version 3.3.10).
ps:display.c:66: please report this bug
Terminate 97896!
Killed 97896! at /scratch/jmcampos/RTA/repair_them_all_framework/jdks/jdk1.8.0_181/jre/bin/java line 73.
Terminate 97896!
Picked up JAVA_TOOL_OPTIONS: -XX:CICompilerCount=2 -XX:ParallelGCThreads=2 -XX:ConcGCThreads=2 -Djdk.net.URLClassPath.disableClassPathURLCheck=true -XX:CICompilerCount=2 -XX:ParallelGCThreads=2 -XX:ConcGCThreads=2 -Djdk.net.URLClassPath.disableClassPathURLCheck=true 
Picked up _JAVA_OPTIONS: -Djdk.net.URLClassPath.disableClassPathURLCheck=true
Signal 15 (TERM) caught by ps (procps-ng version 3.3.10).
ps:display.c:66: please report this bug
Terminate 98189!
Killed 98189! at /scratch/jmcampos/RTA/repair_them_all_framework/jdks/jdk1.8.0_181/jre/bin/java line 73.
Terminate 98189!
Picked up JAVA_TOOL_OPTIONS: -XX:CICompilerCount=2 -XX:ParallelGCThreads=2 -XX:ConcGCThreads=2 -Djdk.net.URLClassPath.disableClassPathURLCheck=true -XX:CICompilerCount=2 -XX:ParallelGCThreads=2 -XX:ConcGCThreads=2 -Djdk.net.URLClassPath.disableClassPathURLCheck=true 
Picked up _JAVA_OPTIONS: -Djdk.net.URLClassPath.disableClassPathURLCheck=true
Signal 15 (TERM) caught by ps (procps-ng version 3.3.10).
ps:display.c:66: please report this bug
Terminate 911!
Killed 911! at /scratch/jmcampos/RTA/repair_them_all_framework/jdks/jdk1.8.0_181/jre/bin/java line 73.
Tests run: 2, Failures: 0, Errors: 0, Skipped: 0, Time elapsed: 0.799 sec - in org.apache.flink.runtime.io.disk.iomanager.BufferFileWriterReaderTest
Terminate 97940!
Killed 97940! at /scratch/jmcampos/RTA/repair_them_all_framework/jdks/jdk1.8.0_181/jre/bin/java line 73.
Terminate 97940!
Terminate 785!
Killed 785! at /scratch/jmcampos/RTA/repair_them_all_framework/jdks/jdk1.8.0_181/jre/bin/java line 73.
Terminate 785!
Signal 15 (TERM) caught by ps (procps-ng version 3.3.10).
ps:display.c:66: please report this bug
Terminate 97946!
Killed 97946! at /scratch/jmcampos/RTA/repair_them_all_framework/jdks/jdk1.8.0_181/jre/bin/java line 73.
Terminate 97946!
Picked up JAVA_TOOL_OPTIONS: -XX:CICompilerCount=2 -XX:ParallelGCThreads=2 -XX:ConcGCThreads=2 -Djdk.net.URLClassPath.disableClassPathURLCheck=true -XX:CICompilerCount=2 -XX:ParallelGCThreads=2 -XX:ConcGCThreads=2 -Djdk.net.URLClassPath.disableClassPathURLCheck=true 
Terminate 632!
Killed 632! at /scratch/jmcampos/RTA/repair_them_all_framework/jdks/jdk1.8.0_181/jre/bin/java line 73.
Terminate 632!
Picked up JAVA_TOOL_OPTIONS: -XX:CICompilerCount=2 -XX:ParallelGCThreads=2 -XX:ConcGCThreads=2 -Djdk.net.URLClassPath.disableClassPathURLCheck=true -XX:CICompilerCount=2 -XX:ParallelGCThreads=2 -XX:ConcGCThreads=2 -Djdk.net.URLClassPath.disableClassPathURLCheck=true 
Running org.apache.flink.runtime.operators.sort.MergeIteratorTest
Picked up JAVA_TOOL_OPTIONS: -XX:CICompilerCount=2 -XX:ParallelGCThreads=2 -XX:ConcGCThreads=2 -Djdk.net.URLClassPath.disableClassPathURLCheck=true -XX:CICompilerCount=2 -XX:ParallelGCThreads=2 -XX:ConcGCThreads=2 -Djdk.net.URLClassPath.disableClassPathURLCheck=true 
Picked up JAVA_TOOL_OPTIONS: -XX:CICompilerCount=2 -XX:ParallelGCThreads=2 -XX:ConcGCThreads=2 -Djdk.net.URLClassPath.disableClassPathURLCheck=true -XX:CICompilerCount=2 -XX:ParallelGCThreads=2 -XX:ConcGCThreads=2 -Djdk.net.URLClassPath.disableClassPathURLCheck=true 
Running org.apache.flink.runtime.operators.util.BloomFilterTest
Running org.apache.flink.runtime.operators.resettable.ReusingBlockResettableIteratorTest
Running org.apache.flink.runtime.io.disk.iomanager.BufferFileWriterFileSegmentReaderTest
Running org.apache.flink.runtime.io.network.partition.ProducerFailedExceptionTest
Picked up JAVA_TOOL_OPTIONS: -XX:CICompilerCount=2 -XX:ParallelGCThreads=2 -XX:ConcGCThreads=2 -Djdk.net.URLClassPath.disableClassPathURLCheck=true -XX:CICompilerCount=2 -XX:ParallelGCThreads=2 -XX:ConcGCThreads=2 -Djdk.net.URLClassPath.disableClassPathURLCheck=true 
Picked up _JAVA_OPTIONS: -Djdk.net.URLClassPath.disableClassPathURLCheck=true
Terminate 98216!
Killed 98216! at /scratch/jmcampos/RTA/repair_them_all_framework/jdks/jdk1.8.0_181/jre/bin/java line 73.
Terminate 98216!
Tests run: 3, Failures: 0, Errors: 0, Skipped: 0, Time elapsed: 0 sec - in org.apache.flink.runtime.operators.sort.MergeIteratorTest
Picked up JAVA_TOOL_OPTIONS: -XX:CICompilerCount=2 -XX:ParallelGCThreads=2 -XX:ConcGCThreads=2 -Djdk.net.URLClassPath.disableClassPathURLCheck=true -XX:CICompilerCount=2 -XX:ParallelGCThreads=2 -XX:ConcGCThreads=2 -Djdk.net.URLClassPath.disableClassPathURLCheck=true 
Picked up _JAVA_OPTIONS: -Djdk.net.URLClassPath.disableClassPathURLCheck=true
Terminate 693!
Killed 693! at /scratch/jmcampos/RTA/repair_them_all_framework/jdks/jdk1.8.0_181/jre/bin/java line 73.
Terminate 693!
Picked up JAVA_TOOL_OPTIONS: -XX:CICompilerCount=2 -XX:ParallelGCThreads=2 -XX:ConcGCThreads=2 -Djdk.net.URLClassPath.disableClassPathURLCheck=true -XX:CICompilerCount=2 -XX:ParallelGCThreads=2 -XX:ConcGCThreads=2 -Djdk.net.URLClassPath.disableClassPathURLCheck=true 
Picked up _JAVA_OPTIONS: -Djdk.net.URLClassPath.disableClassPathURLCheck=true
Signal 15 (TERM) caught by ps (procps-ng version 3.3.10).
ps:display.c:66: please report this bug
Terminate 1117!
Killed 1117! at /scratch/jmcampos/RTA/repair_them_all_framework/jdks/jdk1.8.0_181/jre/bin/java line 73.
Picked up JAVA_TOOL_OPTIONS: -XX:CICompilerCount=2 -XX:ParallelGCThreads=2 -XX:ConcGCThreads=2 -Djdk.net.URLClassPath.disableClassPathURLCheck=true -XX:CICompilerCount=2 -XX:ParallelGCThreads=2 -XX:ConcGCThreads=2 -Djdk.net.URLClassPath.disableClassPathURLCheck=true 
Picked up _JAVA_OPTIONS: -Djdk.net.URLClassPath.disableClassPathURLCheck=true
Picked up JAVA_TOOL_OPTIONS: -XX:CICompilerCount=2 -XX:ParallelGCThreads=2 -XX:ConcGCThreads=2 -Djdk.net.URLClassPath.disableClassPathURLCheck=true -XX:CICompilerCount=2 -XX:ParallelGCThreads=2 -XX:ConcGCThreads=2 -Djdk.net.URLClassPath.disableClassPathURLCheck=true 
Picked up _JAVA_OPTIONS: -Djdk.net.URLClassPath.disableClassPathURLCheck=true
Picked up JAVA_TOOL_OPTIONS: -XX:CICompilerCount=2 -XX:ParallelGCThreads=2 -XX:ConcGCThreads=2 -Djdk.net.URLClassPath.disableClassPathURLCheck=true -XX:CICompilerCount=2 -XX:ParallelGCThreads=2 -XX:ConcGCThreads=2 -Djdk.net.URLClassPath.disableClassPathURLCheck=true 
Picked up _JAVA_OPTIONS: -Djdk.net.URLClassPath.disableClassPathURLCheck=true
Signal 15 (TERM) caught by ps (procps-ng version 3.3.10).
ps:display.c:66: please report this bug
Terminate 1359!
Killed 1359! at /scratch/jmcampos/RTA/repair_them_all_framework/jdks/jdk1.8.0_181/jre/bin/java line 73.
Terminate 1359!
Running org.apache.flink.runtime.operators.drivers.ReduceDriverTest
Picked up JAVA_TOOL_OPTIONS: -XX:CICompilerCount=2 -XX:ParallelGCThreads=2 -XX:ConcGCThreads=2 -Djdk.net.URLClassPath.disableClassPathURLCheck=true -XX:CICompilerCount=2 -XX:ParallelGCThreads=2 -XX:ConcGCThreads=2 -Djdk.net.URLClassPath.disableClassPathURLCheck=true 
Picked up _JAVA_OPTIONS: -Djdk.net.URLClassPath.disableClassPathURLCheck=true
Terminate 97888!
Killed 97888! at /scratch/jmcampos/RTA/repair_them_all_framework/jdks/jdk1.8.0_181/jre/bin/java line 73.
Terminate 97960!
Picked up JAVA_TOOL_OPTIONS: -XX:CICompilerCount=2 -XX:ParallelGCThreads=2 -XX:ConcGCThreads=2 -Djdk.net.URLClassPath.disableClassPathURLCheck=true -XX:CICompilerCount=2 -XX:ParallelGCThreads=2 -XX:ConcGCThreads=2 -Djdk.net.URLClassPath.disableClassPathURLCheck=true 
Picked up JAVA_TOOL_OPTIONS: -XX:CICompilerCount=2 -XX:ParallelGCThreads=2 -XX:ConcGCThreads=2 -Djdk.net.URLClassPath.disableClassPathURLCheck=true -XX:CICompilerCount=2 -XX:ParallelGCThreads=2 -XX:ConcGCThreads=2 -Djdk.net.URLClassPath.disableClassPathURLCheck=true 
Picked up _JAVA_OPTIONS: -Djdk.net.URLClassPath.disableClassPathURLCheck=true
Signal 15 (TERM) caught by ps (procps-ng version 3.3.10).
ps:display.c:66: please report this bug
Terminate 1367!
Killed 1367! at /scratch/jmcampos/RTA/repair_them_all_framework/jdks/jdk1.8.0_181/jre/bin/java line 73.
Terminate 1367!
Killed 97960! at /scratch/jmcampos/RTA/repair_them_all_framework/jdks/jdk1.8.0_181/jre/bin/java line 73.
Terminate 97960!
Picked up _JAVA_OPTIONS: -Djdk.net.URLClassPath.disableClassPathURLCheck=true
Signal 15 (TERM) caught by ps (procps-ng version 3.3.10).
ps:display.c:66: please report this bug
Terminate 1333!
Killed 1333! at /scratch/jmcampos/RTA/repair_them_all_framework/jdks/jdk1.8.0_181/jre/bin/java line 73.
Terminate 1333!
Tests run: 1, Failures: 0, Errors: 0, Skipped: 0, Time elapsed: 0 sec - in org.apache.flink.runtime.io.disk.iomanager.BufferFileWriterFileSegmentReaderTest
Picked up _JAVA_OPTIONS: -Djdk.net.URLClassPath.disableClassPathURLCheck=true
Terminate 97888!
Picked up JAVA_TOOL_OPTIONS: -XX:CICompilerCount=2 -XX:ParallelGCThreads=2 -XX:ConcGCThreads=2 -Djdk.net.URLClassPath.disableClassPathURLCheck=true -XX:CICompilerCount=2 -XX:ParallelGCThreads=2 -XX:ConcGCThreads=2 -Djdk.net.URLClassPath.disableClassPathURLCheck=true 
Picked up _JAVA_OPTIONS: -Djdk.net.URLClassPath.disableClassPathURLCheck=true
Terminate 1396!
Killed 1396! at /scratch/jmcampos/RTA/repair_them_all_framework/jdks/jdk1.8.0_181/jre/bin/java line 73.
Picked up JAVA_TOOL_OPTIONS: -XX:CICompilerCount=2 -XX:ParallelGCThreads=2 -XX:ConcGCThreads=2 -Djdk.net.URLClassPath.disableClassPathURLCheck=true -XX:CICompilerCount=2 -XX:ParallelGCThreads=2 -XX:ConcGCThreads=2 -Djdk.net.URLClassPath.disableClassPathURLCheck=true 
Picked up JAVA_TOOL_OPTIONS: -XX:CICompilerCount=2 -XX:ParallelGCThreads=2 -XX:ConcGCThreads=2 -Djdk.net.URLClassPath.disableClassPathURLCheck=true -XX:CICompilerCount=2 -XX:ParallelGCThreads=2 -XX:ConcGCThreads=2 -Djdk.net.URLClassPath.disableClassPathURLCheck=true 
Picked up _JAVA_OPTIONS: -Djdk.net.URLClassPath.disableClassPathURLCheck=true
Terminate 1450!
Killed 1450! at /scratch/jmcampos/RTA/repair_them_all_framework/jdks/jdk1.8.0_181/jre/bin/java line 73.
Terminate 98098!
Killed 98098! at /scratch/jmcampos/RTA/repair_them_all_framework/jdks/jdk1.8.0_181/jre/bin/java line 73.
Running org.apache.flink.runtime.util.MathUtilTest
Terminate 98098!
Terminate 734!
Killed 734! at /scratch/jmcampos/RTA/repair_them_all_framework/jdks/jdk1.8.0_181/jre/bin/java line 73.
Terminate 734!
Tests run: 2, Failures: 0, Errors: 0, Skipped: 0, Time elapsed: 0 sec - in org.apache.flink.runtime.io.network.partition.ProducerFailedExceptionTest
Picked up _JAVA_OPTIONS: -Djdk.net.URLClassPath.disableClassPathURLCheck=true
Picked up JAVA_TOOL_OPTIONS: -XX:CICompilerCount=2 -XX:ParallelGCThreads=2 -XX:ConcGCThreads=2 -Djdk.net.URLClassPath.disableClassPathURLCheck=true -XX:CICompilerCount=2 -XX:ParallelGCThreads=2 -XX:ConcGCThreads=2 -Djdk.net.URLClassPath.disableClassPathURLCheck=true 
Picked up _JAVA_OPTIONS: -Djdk.net.URLClassPath.disableClassPathURLCheck=true
Picked up JAVA_TOOL_OPTIONS: -XX:CICompilerCount=2 -XX:ParallelGCThreads=2 -XX:ConcGCThreads=2 -Djdk.net.URLClassPath.disableClassPathURLCheck=true -XX:CICompilerCount=2 -XX:ParallelGCThreads=2 -XX:ConcGCThreads=2 -Djdk.net.URLClassPath.disableClassPathURLCheck=true 
Picked up _JAVA_OPTIONS: -Djdk.net.URLClassPath.disableClassPathURLCheck=true
Terminate 1439!
Killed 1439! at /scratch/jmcampos/RTA/repair_them_all_framework/jdks/jdk1.8.0_181/jre/bin/java line 73.
Terminate 1439!
Running org.apache.flink.runtime.taskmanager.TaskInputSplitProviderTest
Picked up JAVA_TOOL_OPTIONS: -XX:CICompilerCount=2 -XX:ParallelGCThreads=2 -XX:ConcGCThreads=2 -Djdk.net.URLClassPath.disableClassPathURLCheck=true -XX:CICompilerCount=2 -XX:ParallelGCThreads=2 -XX:ConcGCThreads=2 -Djdk.net.URLClassPath.disableClassPathURLCheck=true 
Tests run: 3, Failures: 0, Errors: 0, Skipped: 0, Time elapsed: 0 sec - in org.apache.flink.runtime.operators.resettable.ReusingBlockResettableIteratorTest
Picked up JAVA_TOOL_OPTIONS: -XX:CICompilerCount=2 -XX:ParallelGCThreads=2 -XX:ConcGCThreads=2 -Djdk.net.URLClassPath.disableClassPathURLCheck=true -XX:CICompilerCount=2 -XX:ParallelGCThreads=2 -XX:ConcGCThreads=2 -Djdk.net.URLClassPath.disableClassPathURLCheck=true 
Picked up _JAVA_OPTIONS: -Djdk.net.URLClassPath.disableClassPathURLCheck=true
Terminate 1441!
Killed 1441! at /scratch/jmcampos/RTA/repair_them_all_framework/jdks/jdk1.8.0_181/jre/bin/java line 73.
Terminate 1441!
Picked up _JAVA_OPTIONS: -Djdk.net.URLClassPath.disableClassPathURLCheck=true
Picked up _JAVA_OPTIONS: -Djdk.net.URLClassPath.disableClassPathURLCheck=true
Signal 15 (TERM) caught by ps (procps-ng version 3.3.10).
ps:display.c:66: please report this bug
Terminate 1537!
Kill 1537!
Killed 1537! at /scratch/jmcampos/RTA/repair_them_all_framework/jdks/jdk1.8.0_181/jre/bin/java line 73.
Terminate 97599!
Killed 97599! at /scratch/jmcampos/RTA/repair_them_all_framework/jdks/jdk1.8.0_181/jre/bin/java line 73.
Terminate 97599!
Picked up JAVA_TOOL_OPTIONS: -XX:CICompilerCount=2 -XX:ParallelGCThreads=2 -XX:ConcGCThreads=2 -Djdk.net.URLClassPath.disableClassPathURLCheck=true -XX:CICompilerCount=2 -XX:ParallelGCThreads=2 -XX:ConcGCThreads=2 -Djdk.net.URLClassPath.disableClassPathURLCheck=true 
Picked up _JAVA_OPTIONS: -Djdk.net.URLClassPath.disableClassPathURLCheck=true
Terminate 1474!
Killed 1474! at /scratch/jmcampos/RTA/repair_them_all_framework/jdks/jdk1.8.0_181/jre/bin/java line 73.
Terminate 1474!
Tests run: 3, Failures: 0, Errors: 0, Skipped: 0, Time elapsed: 0.001 sec - in org.apache.flink.runtime.util.MathUtilTest
Picked up _JAVA_OPTIONS: -Djdk.net.URLClassPath.disableClassPathURLCheck=true
Picked up JAVA_TOOL_OPTIONS: -XX:CICompilerCount=2 -XX:ParallelGCThreads=2 -XX:ConcGCThreads=2 -Djdk.net.URLClassPath.disableClassPathURLCheck=true -XX:CICompilerCount=2 -XX:ParallelGCThreads=2 -XX:ConcGCThreads=2 -Djdk.net.URLClassPath.disableClassPathURLCheck=true 
Tests run: 9, Failures: 0, Errors: 0, Skipped: 0, Time elapsed: 0.001 sec - in org.apache.flink.runtime.operators.util.BloomFilterTest
Picked up _JAVA_OPTIONS: -Djdk.net.URLClassPath.disableClassPathURLCheck=true
Picked up JAVA_TOOL_OPTIONS: -XX:CICompilerCount=2 -XX:ParallelGCThreads=2 -XX:ConcGCThreads=2 -Djdk.net.URLClassPath.disableClassPathURLCheck=true -XX:CICompilerCount=2 -XX:ParallelGCThreads=2 -XX:ConcGCThreads=2 -Djdk.net.URLClassPath.disableClassPathURLCheck=true 
Tests run: 3, Failures: 0, Errors: 0, Skipped: 0, Time elapsed: 0 sec - in org.apache.flink.runtime.operators.drivers.ReduceDriverTest
Running org.apache.flink.runtime.jobmanager.JobManagerProcessReapingTest
Picked up _JAVA_OPTIONS: -Djdk.net.URLClassPath.disableClassPathURLCheck=true
Terminate 1614!
Killed 1614! at /scratch/jmcampos/RTA/repair_them_all_framework/jdks/jdk1.8.0_181/jre/bin/java line 73.
Terminate 1614!
Picked up JAVA_TOOL_OPTIONS: -XX:CICompilerCount=2 -XX:ParallelGCThreads=2 -XX:ConcGCThreads=2 -Djdk.net.URLClassPath.disableClassPathURLCheck=true -XX:CICompilerCount=2 -XX:ParallelGCThreads=2 -XX:ConcGCThreads=2 -Djdk.net.URLClassPath.disableClassPathURLCheck=true 
Picked up JAVA_TOOL_OPTIONS: -XX:CICompilerCount=2 -XX:ParallelGCThreads=2 -XX:ConcGCThreads=2 -Djdk.net.URLClassPath.disableClassPathURLCheck=true -XX:CICompilerCount=2 -XX:ParallelGCThreads=2 -XX:ConcGCThreads=2 -Djdk.net.URLClassPath.disableClassPathURLCheck=true 
Picked up JAVA_TOOL_OPTIONS: -XX:CICompilerCount=2 -XX:ParallelGCThreads=2 -XX:ConcGCThreads=2 -Djdk.net.URLClassPath.disableClassPathURLCheck=true -XX:CICompilerCount=2 -XX:ParallelGCThreads=2 -XX:ConcGCThreads=2 -Djdk.net.URLClassPath.disableClassPathURLCheck=true 
Running org.apache.flink.runtime.jobmanager.JobManagerTest
Picked up _JAVA_OPTIONS: -Djdk.net.URLClassPath.disableClassPathURLCheck=true
Signal 15 (TERM) caught by ps (procps-ng version 3.3.10).
ps:display.c:66: please report this bug
Terminate 2556!
Kill 2556!
Killed 2556! at /scratch/jmcampos/RTA/repair_them_all_framework/jdks/jdk1.8.0_181/jre/bin/java line 73.
Picked up _JAVA_OPTIONS: -Djdk.net.URLClassPath.disableClassPathURLCheck=true
Terminate 1695!
Killed 1695! at /scratch/jmcampos/RTA/repair_them_all_framework/jdks/jdk1.8.0_181/jre/bin/java line 73.
Running org.apache.flink.runtime.executiongraph.ExecutionGraphConstructionTest
Picked up _JAVA_OPTIONS: -Djdk.net.URLClassPath.disableClassPathURLCheck=true
Terminate 1723!
Killed 1723! at /scratch/jmcampos/RTA/repair_them_all_framework/jdks/jdk1.8.0_181/jre/bin/java line 73.
Terminate 1723!
Tests run: 1, Failures: 0, Errors: 0, Skipped: 0, Time elapsed: 0 sec - in org.apache.flink.runtime.taskmanager.TaskInputSplitProviderTest
Picked up JAVA_TOOL_OPTIONS: -XX:CICompilerCount=2 -XX:ParallelGCThreads=2 -XX:ConcGCThreads=2 -Djdk.net.URLClassPath.disableClassPathURLCheck=true -XX:CICompilerCount=2 -XX:ParallelGCThreads=2 -XX:ConcGCThreads=2 -Djdk.net.URLClassPath.disableClassPathURLCheck=true 
Picked up JAVA_TOOL_OPTIONS: -XX:CICompilerCount=2 -XX:ParallelGCThreads=2 -XX:ConcGCThreads=2 -Djdk.net.URLClassPath.disableClassPathURLCheck=true -XX:CICompilerCount=2 -XX:ParallelGCThreads=2 -XX:ConcGCThreads=2 -Djdk.net.URLClassPath.disableClassPathURLCheck=true 
Picked up JAVA_TOOL_OPTIONS: -XX:CICompilerCount=2 -XX:ParallelGCThreads=2 -XX:ConcGCThreads=2 -Djdk.net.URLClassPath.disableClassPathURLCheck=true -XX:CICompilerCount=2 -XX:ParallelGCThreads=2 -XX:ConcGCThreads=2 -Djdk.net.URLClassPath.disableClassPathURLCheck=true 
Running org.apache.flink.runtime.util.DataInputOutputSerializerTest
Picked up _JAVA_OPTIONS: -Djdk.net.URLClassPath.disableClassPathURLCheck=true
Picked up JAVA_TOOL_OPTIONS: -XX:CICompilerCount=2 -XX:ParallelGCThreads=2 -XX:ConcGCThreads=2 -Djdk.net.URLClassPath.disableClassPathURLCheck=true -XX:CICompilerCount=2 -XX:ParallelGCThreads=2 -XX:ConcGCThreads=2 -Djdk.net.URLClassPath.disableClassPathURLCheck=true 
Picked up JAVA_TOOL_OPTIONS: -XX:CICompilerCount=2 -XX:ParallelGCThreads=2 -XX:ConcGCThreads=2 -Djdk.net.URLClassPath.disableClassPathURLCheck=true -XX:CICompilerCount=2 -XX:ParallelGCThreads=2 -XX:ConcGCThreads=2 -Djdk.net.URLClassPath.disableClassPathURLCheck=true 
Picked up _JAVA_OPTIONS: -Djdk.net.URLClassPath.disableClassPathURLCheck=true
Terminate 2597!
Kill 2597!
Killed 2597! at /scratch/jmcampos/RTA/repair_them_all_framework/jdks/jdk1.8.0_181/jre/bin/java line 73.
Signal 15 (TERM) caught by ps (procps-ng version 3.3.10).
ps:display.c:66: please report this bug
Terminate 1780!
Killed 1780! at /scratch/jmcampos/RTA/repair_them_all_framework/jdks/jdk1.8.0_181/jre/bin/java line 73.
Running org.apache.flink.runtime.io.network.netty.ServerTransportErrorHandlingTest
Picked up JAVA_TOOL_OPTIONS: -XX:CICompilerCount=2 -XX:ParallelGCThreads=2 -XX:ConcGCThreads=2 -Djdk.net.URLClassPath.disableClassPathURLCheck=true -XX:CICompilerCount=2 -XX:ParallelGCThreads=2 -XX:ConcGCThreads=2 -Djdk.net.URLClassPath.disableClassPathURLCheck=true 
Running org.apache.flink.runtime.instance.HardwareTest
Running org.apache.flink.runtime.operators.resettable.SpillingResettableIteratorTest
Running org.apache.flink.runtime.jobmanager.StandaloneSubmittedJobGraphStoreTest
Picked up _JAVA_OPTIONS: -Djdk.net.URLClassPath.disableClassPathURLCheck=true
Terminate 1901!
Killed 1901! at /scratch/jmcampos/RTA/repair_them_all_framework/jdks/jdk1.8.0_181/jre/bin/java line 73.
Terminate 1901!
Running org.apache.flink.runtime.io.network.buffer.BufferPoolFactoryTest
java.lang.RuntimeException: SpillingIterator: Error writing element to buffer.
	at org.apache.flink.runtime.operators.resettable.SpillingResettableIterator.hasNext(SpillingResettableIterator.java:145)
	at org.apache.flink.runtime.operators.resettable.SpillingResettableIterator.next(SpillingResettableIterator.java:160)
	at org.apache.flink.runtime.operators.resettable.SpillingResettableIteratorTest.testNext(SpillingResettableIteratorTest.java:212)
	at sun.reflect.NativeMethodAccessorImpl.invoke0(Native Method)
	at sun.reflect.NativeMethodAccessorImpl.invoke(NativeMethodAccessorImpl.java:62)
Running org.apache.flink.runtime.operators.resettable.NonReusingBlockResettableIteratorTest
Picked up _JAVA_OPTIONS: -Djdk.net.URLClassPath.disableClassPathURLCheck=true
Terminate 2158!
	at sun.reflect.DelegatingMethodAccessorImpl.invoke(DelegatingMethodAccessorImpl.java:43)
Killed 2158! at /scratch/jmcampos/RTA/repair_them_all_framework/jdks/jdk1.8.0_181/jre/bin/java line 73.
Terminate 2158!
	at java.lang.reflect.Method.invoke(Method.java:498)
	at org.junit.runners.model.FrameworkMethod$1.runReflectiveCall(FrameworkMethod.java:47)
	at org.junit.internal.runners.model.ReflectiveCallable.run(ReflectiveCallable.java:12)
	at org.junit.runners.model.FrameworkMethod.invokeExplosively(FrameworkMethod.java:44)
	at org.junit.internal.runners.statements.InvokeMethod.evaluate(InvokeMethod.java:17)
	at org.junit.internal.runners.statements.RunBefores.evaluate(RunBefores.java:26)
	at org.junit.internal.runners.statements.RunAfters.evaluate(RunAfters.java:27)
	at org.junit.runners.ParentRunner.runLeaf(ParentRunner.java:271)
	at org.junit.runners.BlockJUnit4ClassRunner.runChild(BlockJUnit4ClassRunner.java:70)
	at org.junit.runners.BlockJUnit4ClassRunner.runChild(BlockJUnit4ClassRunner.java:50)
	at org.junit.runners.ParentRunner$3.run(ParentRunner.java:238)
	at org.junit.runners.ParentRunner$1.schedule(ParentRunner.java:63)
	at org.junit.runners.ParentRunner.runChildren(ParentRunner.java:236)
	at org.junit.runners.ParentRunner.access$000(ParentRunner.java:53)
	at org.junit.runners.ParentRunner$2.evaluate(ParentRunner.java:229)
	at org.junit.runners.ParentRunner.run(ParentRunner.java:309)
	at org.apache.maven.surefire.junit4.JUnit4Provider.execute(JUnit4Provider.java:283)
	at org.apache.maven.surefire.junit4.JUnit4Provider.executeWithRerun(JUnit4Provider.java:173)
	at org.apache.maven.surefire.junit4.JUnit4Provider.executeTestSet(JUnit4Provider.java:153)
	at org.apache.maven.surefire.junit4.JUnit4Provider.invoke(JUnit4Provider.java:128)
	at org.apache.maven.surefire.booter.ForkedBooter.invokeProviderInSameClassLoader(ForkedBooter.java:203)
	at org.apache.maven.surefire.booter.ForkedBooter.runSuitesInProcess(ForkedBooter.java:155)
	at org.apache.maven.surefire.booter.ForkedBooter.main(ForkedBooter.java:103)
Caused by: java.io.IOException: I/O channel already closed. Could not fulfill: org.apache.flink.runtime.io.disk.iomanager.SegmentWriteRequest@6108b2d7
	at org.apache.flink.runtime.io.disk.iomanager.AsynchronousFileIOChannel.addRequest(AsynchronousFileIOChannel.java:249)
	at org.apache.flink.runtime.io.disk.iomanager.AsynchronousBlockWriterWithCallback.writeBlock(AsynchronousBlockWriterWithCallback.java:54)
	at org.apache.flink.runtime.io.disk.iomanager.AsynchronousBlockWriterWithCallback.writeBlock(AsynchronousBlockWriterWithCallback.java:29)
	at org.apache.flink.runtime.io.disk.SpillingBuffer.nextSegment(SpillingBuffer.java:95)
	at org.apache.flink.runtime.memory.AbstractPagedOutputView.advance(AbstractPagedOutputView.java:140)
	at org.apache.flink.runtime.memory.AbstractPagedOutputView.writeInt(AbstractPagedOutputView.java:267)
	at org.apache.flink.types.IntValue.write(IntValue.java:95)
	at org.apache.flink.api.common.typeutils.base.IntValueSerializer.serialize(IntValueSerializer.java:63)
	at org.apache.flink.api.common.typeutils.base.IntValueSerializer.serialize(IntValueSerializer.java:28)
	at org.apache.flink.runtime.operators.resettable.SpillingResettableIterator.hasNext(SpillingResettableIterator.java:143)
	... 28 more
Picked up JAVA_TOOL_OPTIONS: -XX:CICompilerCount=2 -XX:ParallelGCThreads=2 -XX:ConcGCThreads=2 -Djdk.net.URLClassPath.disableClassPathURLCheck=true -XX:CICompilerCount=2 -XX:ParallelGCThreads=2 -XX:ConcGCThreads=2 -Djdk.net.URLClassPath.disableClassPathURLCheck=true 
Picked up JAVA_TOOL_OPTIONS: -XX:CICompilerCount=2 -XX:ParallelGCThreads=2 -XX:ConcGCThreads=2 -Djdk.net.URLClassPath.disableClassPathURLCheck=true -XX:CICompilerCount=2 -XX:ParallelGCThreads=2 -XX:ConcGCThreads=2 -Djdk.net.URLClassPath.disableClassPathURLCheck=true 
Picked up _JAVA_OPTIONS: -Djdk.net.URLClassPath.disableClassPathURLCheck=true
Terminate 1816!
Killed 1816! at /scratch/jmcampos/RTA/repair_them_all_framework/jdks/jdk1.8.0_181/jre/bin/java line 73.
Terminate 1816!
Picked up JAVA_TOOL_OPTIONS: -XX:CICompilerCount=2 -XX:ParallelGCThreads=2 -XX:ConcGCThreads=2 -Djdk.net.URLClassPath.disableClassPathURLCheck=true -XX:CICompilerCount=2 -XX:ParallelGCThreads=2 -XX:ConcGCThreads=2 -Djdk.net.URLClassPath.disableClassPathURLCheck=true 
Picked up _JAVA_OPTIONS: -Djdk.net.URLClassPath.disableClassPathURLCheck=true
Terminate 2856!
Killed 2856! at /scratch/jmcampos/RTA/repair_them_all_framework/jdks/jdk1.8.0_181/jre/bin/java line 73.
Running org.apache.flink.runtime.instance.SimpleSlotTest
Running org.apache.flink.runtime.operators.hash.HashTableTest
Running org.apache.flink.runtime.jobmanager.scheduler.SlotAllocationFutureTest
Running org.apache.flink.runtime.jobmanager.scheduler.SchedulerIsolatedTasksTest
Running org.apache.flink.runtime.jobmanager.scheduler.LifoSetQueueTest
Running org.apache.flink.runtime.taskmanager.TaskManagerStartupTest
Running org.apache.flink.runtime.io.network.partition.consumer.LocalInputChannelTest
Running org.apache.flink.runtime.checkpoint.HeapStateStoreTest
Running org.apache.flink.runtime.checkpoint.CoordinatorShutdownTest
Running org.apache.flink.runtime.operators.sort.NormalizedKeySorterTest
Running org.apache.flink.runtime.io.network.buffer.LocalBufferPoolTest
Running org.apache.flink.runtime.jobmanager.scheduler.SchedulerSlotSharingTest
Running org.apache.flink.runtime.checkpoint.ExecutionGraphCheckpointCoordinatorTest
Running org.apache.flink.runtime.util.ZooKeeperUtilTest
Running org.apache.flink.runtime.io.network.netty.PartitionRequestQueueTest
Picked up JAVA_TOOL_OPTIONS: -XX:CICompilerCount=2 -XX:ParallelGCThreads=2 -XX:ConcGCThreads=2 -Djdk.net.URLClassPath.disableClassPathURLCheck=true -XX:CICompilerCount=2 -XX:ParallelGCThreads=2 -XX:ConcGCThreads=2 -Djdk.net.URLClassPath.disableClassPathURLCheck=true 
Picked up _JAVA_OPTIONS: -Djdk.net.URLClassPath.disableClassPathURLCheck=true
Signal 15 (TERM) caught by ps (procps-ng version 3.3.10).
ps:display.c:66: please report this bug
Terminate 1104!
Killed 1104! at /scratch/jmcampos/RTA/repair_them_all_framework/jdks/jdk1.8.0_181/jre/bin/java line 73.
Picked up JAVA_TOOL_OPTIONS: -XX:CICompilerCount=2 -XX:ParallelGCThreads=2 -XX:ConcGCThreads=2 -Djdk.net.URLClassPath.disableClassPathURLCheck=true -XX:CICompilerCount=2 -XX:ParallelGCThreads=2 -XX:ConcGCThreads=2 -Djdk.net.URLClassPath.disableClassPathURLCheck=true 
Picked up JAVA_TOOL_OPTIONS: -XX:CICompilerCount=2 -XX:ParallelGCThreads=2 -XX:ConcGCThreads=2 -Djdk.net.URLClassPath.disableClassPathURLCheck=true -XX:CICompilerCount=2 -XX:ParallelGCThreads=2 -XX:ConcGCThreads=2 -Djdk.net.URLClassPath.disableClassPathURLCheck=true 
Picked up _JAVA_OPTIONS: -Djdk.net.URLClassPath.disableClassPathURLCheck=true
Signal 15 (TERM) caught by ps (procps-ng version 3.3.10).
Running org.apache.flink.runtime.taskmanager.TaskManagerTest
Running org.apache.flink.runtime.io.network.partition.SpilledSubpartitionViewSyncIOTest
ps:display.c:66: please report this bug
Terminate 895!
Killed 895! at /scratch/jmcampos/RTA/repair_them_all_framework/jdks/jdk1.8.0_181/jre/bin/java line 73.
Running org.apache.flink.runtime.operators.sort.LargeRecordHandlerTest
Running org.apache.flink.runtime.taskmanager.TaskTest
Terminate 895!
java.lang.IllegalStateException: I/O-Manger is shut down.
Running org.apache.flink.runtime.executiongraph.ExecutionVertexSchedulingTest
	at com.google.common.base.Preconditions.checkState(Preconditions.java:173)
	at org.apache.flink.runtime.io.disk.iomanager.IOManagerAsync.createBlockChannelReader(IOManagerAsync.java:249)
Picked up JAVA_TOOL_OPTIONS: -XX:CICompilerCount=2 -XX:ParallelGCThreads=2 -XX:ConcGCThreads=2 -Djdk.net.URLClassPath.disableClassPathURLCheck=true -XX:CICompilerCount=2 -XX:ParallelGCThreads=2 -XX:ConcGCThreads=2 -Djdk.net.URLClassPath.disableClassPathURLCheck=true 
	at org.apache.flink.runtime.io.disk.iomanager.IOManager.createBlockChannelReader(IOManager.java:223)
Picked up _JAVA_OPTIONS: -Djdk.net.URLClassPath.disableClassPathURLCheck=true
Terminate 711!
Killed 711! at /scratch/jmcampos/RTA/repair_them_all_framework/jdks/jdk1.8.0_181/jre/bin/java line 73.
	at org.apache.flink.runtime.io.disk.SeekableFileChannelInputView.seek(SeekableFileChannelInputView.java:116)
Terminate 711!
	at org.apache.flink.runtime.operators.sort.LargeRecordHandler$FetchingIterator.next(LargeRecordHandler.java:431)
	at org.apache.flink.runtime.operators.sort.LargeRecordHandler$FetchingIterator.next(LargeRecordHandler.java:421)
	at org.apache.flink.runtime.operators.sort.LargeRecordHandlerTest.testRecordHandlerCompositeKey(LargeRecordHandlerTest.java:230)
	at sun.reflect.NativeMethodAccessorImpl.invoke0(Native Method)
	at sun.reflect.NativeMethodAccessorImpl.invoke(NativeMethodAccessorImpl.java:62)
	at sun.reflect.DelegatingMethodAccessorImpl.invoke(DelegatingMethodAccessorImpl.java:43)
	at java.lang.reflect.Method.invoke(Method.java:498)
	at org.junit.runners.model.FrameworkMethod$1.runReflectiveCall(FrameworkMethod.java:47)
	at org.junit.internal.runners.model.ReflectiveCallable.run(ReflectiveCallable.java:12)
	at org.junit.runners.model.FrameworkMethod.invokeExplosively(FrameworkMethod.java:44)
	at org.junit.internal.runners.statements.InvokeMethod.evaluate(InvokeMethod.java:17)
	at org.junit.runners.ParentRunner.runLeaf(ParentRunner.java:271)
	at org.junit.runners.BlockJUnit4ClassRunner.runChild(BlockJUnit4ClassRunner.java:70)
	at org.junit.runners.BlockJUnit4ClassRunner.runChild(BlockJUnit4ClassRunner.java:50)
	at org.junit.runners.ParentRunner$3.run(ParentRunner.java:238)
	at org.junit.runners.ParentRunner$1.schedule(ParentRunner.java:63)
	at org.junit.runners.ParentRunner.runChildren(ParentRunner.java:236)
	at org.junit.runners.ParentRunner.access$000(ParentRunner.java:53)
	at org.junit.runners.ParentRunner$2.evaluate(ParentRunner.java:229)
	at org.junit.runners.ParentRunner.run(ParentRunner.java:309)
	at org.apache.maven.surefire.junit4.JUnit4Provider.execute(JUnit4Provider.java:283)
	at org.apache.maven.surefire.junit4.JUnit4Provider.executeWithRerun(JUnit4Provider.java:173)
	at org.apache.maven.surefire.junit4.JUnit4Provider.executeTestSet(JUnit4Provider.java:153)
	at org.apache.maven.surefire.junit4.JUnit4Provider.invoke(JUnit4Provider.java:128)
	at org.apache.maven.surefire.booter.ForkedBooter.invokeProviderInSameClassLoader(ForkedBooter.java:203)
	at org.apache.maven.surefire.booter.ForkedBooter.runSuitesInProcess(ForkedBooter.java:155)
	at org.apache.maven.surefire.booter.ForkedBooter.main(ForkedBooter.java:103)
Picked up JAVA_TOOL_OPTIONS: -XX:CICompilerCount=2 -XX:ParallelGCThreads=2 -XX:ConcGCThreads=2 -Djdk.net.URLClassPath.disableClassPathURLCheck=true -XX:CICompilerCount=2 -XX:ParallelGCThreads=2 -XX:ConcGCThreads=2 -Djdk.net.URLClassPath.disableClassPathURLCheck=true 
Picked up _JAVA_OPTIONS: -Djdk.net.URLClassPath.disableClassPathURLCheck=true
Signal 15 (TERM) caught by ps (procps-ng version 3.3.10).
Terminate 97849!
Killed 97849! at /scratch/jmcampos/RTA/repair_them_all_framework/jdks/jdk1.8.0_181/jre/bin/java line 73.
Terminate 97849!
Picked up JAVA_TOOL_OPTIONS: -XX:CICompilerCount=2 -XX:ParallelGCThreads=2 -XX:ConcGCThreads=2 -Djdk.net.URLClassPath.disableClassPathURLCheck=true -XX:CICompilerCount=2 -XX:ParallelGCThreads=2 -XX:ConcGCThreads=2 -Djdk.net.URLClassPath.disableClassPathURLCheck=true 
Picked up _JAVA_OPTIONS: -Djdk.net.URLClassPath.disableClassPathURLCheck=true
Terminate 97894!
Killed 97894! at /scratch/jmcampos/RTA/repair_them_all_framework/jdks/jdk1.8.0_181/jre/bin/java line 73.
Terminate 97894!
Picked up JAVA_TOOL_OPTIONS: -XX:CICompilerCount=2 -XX:ParallelGCThreads=2 -XX:ConcGCThreads=2 -Djdk.net.URLClassPath.disableClassPathURLCheck=true -XX:CICompilerCount=2 -XX:ParallelGCThreads=2 -XX:ConcGCThreads=2 -Djdk.net.URLClassPath.disableClassPathURLCheck=true 
Picked up _JAVA_OPTIONS: -Djdk.net.URLClassPath.disableClassPathURLCheck=true
Signal 15 (TERM) caught by ps (procps-ng version 3.3.10).
ps:display.c:66: please report this bug
Terminate 3665!
Kill 3665!
Killed 3665! at /scratch/jmcampos/RTA/repair_them_all_framework/jdks/jdk1.8.0_181/jre/bin/java line 73.
Picked up JAVA_TOOL_OPTIONS: -XX:CICompilerCount=2 -XX:ParallelGCThreads=2 -XX:ConcGCThreads=2 -Djdk.net.URLClassPath.disableClassPathURLCheck=true -XX:CICompilerCount=2 -XX:ParallelGCThreads=2 -XX:ConcGCThreads=2 -Djdk.net.URLClassPath.disableClassPathURLCheck=true 
Picked up _JAVA_OPTIONS: -Djdk.net.URLClassPath.disableClassPathURLCheck=true
Signal 15 (TERM) caught by ps (procps-ng version 3.3.10).
ps:display.c:66: please report this bug
Terminate 1264!
Killed 1264! at /scratch/jmcampos/RTA/repair_them_all_framework/jdks/jdk1.8.0_181/jre/bin/java line 73.
Terminate 1264!
Picked up JAVA_TOOL_OPTIONS: -XX:CICompilerCount=2 -XX:ParallelGCThreads=2 -XX:ConcGCThreads=2 -Djdk.net.URLClassPath.disableClassPathURLCheck=true -XX:CICompilerCount=2 -XX:ParallelGCThreads=2 -XX:ConcGCThreads=2 -Djdk.net.URLClassPath.disableClassPathURLCheck=true 
Picked up _JAVA_OPTIONS: -Djdk.net.URLClassPath.disableClassPathURLCheck=true
Terminate 2946!
Killed 2946! at /scratch/jmcampos/RTA/repair_them_all_framework/jdks/jdk1.8.0_181/jre/bin/java line 73.
ps:display.c:66: please report this bug
Terminate 3822!
Killed 3822! at /scratch/jmcampos/RTA/repair_them_all_framework/jdks/jdk1.8.0_181/jre/bin/java line 73.
Terminate 3822!
Running org.apache.flink.runtime.executiongraph.VertexSlotSharingTest
Running org.apache.flink.runtime.operators.sort.FixedLengthRecordSorterTest
Running org.apache.flink.runtime.io.network.partition.SpillableSubpartitionTest
Tests run: 7, Failures: 0, Errors: 0, Skipped: 0, Time elapsed: 0.001 sec - in org.apache.flink.runtime.io.network.buffer.BufferPoolFactoryTest
Tests run: 2, Failures: 0, Errors: 0, Skipped: 0, Time elapsed: 0.001 sec - in org.apache.flink.runtime.instance.HardwareTest
Picked up _JAVA_OPTIONS: -Djdk.net.URLClassPath.disableClassPathURLCheck=true
Picked up _JAVA_OPTIONS: -Djdk.net.URLClassPath.disableClassPathURLCheck=true
Terminate 1910!
Killed 1910! at /scratch/jmcampos/RTA/repair_them_all_framework/jdks/jdk1.8.0_181/jre/bin/java line 73.
Terminate 1910!
Running org.apache.flink.runtime.io.network.partition.PartialConsumePipelinedResultTest
Picked up _JAVA_OPTIONS: -Djdk.net.URLClassPath.disableClassPathURLCheck=true
Picked up JAVA_TOOL_OPTIONS: -XX:CICompilerCount=2 -XX:ParallelGCThreads=2 -XX:ConcGCThreads=2 -Djdk.net.URLClassPath.disableClassPathURLCheck=true -XX:CICompilerCount=2 -XX:ParallelGCThreads=2 -XX:ConcGCThreads=2 -Djdk.net.URLClassPath.disableClassPathURLCheck=true 
Picked up _JAVA_OPTIONS: -Djdk.net.URLClassPath.disableClassPathURLCheck=true
Terminate 1689!
Killed 1689! at /scratch/jmcampos/RTA/repair_them_all_framework/jdks/jdk1.8.0_181/jre/bin/java line 73.
Running org.apache.flink.runtime.taskmanager.TaskManagerProcessReapingTest
Terminate 1689!
Tests run: 1, Failures: 0, Errors: 0, Skipped: 0, Time elapsed: 0.004 sec - in org.apache.flink.runtime.util.ZooKeeperUtilTest
Tests run: 1, Failures: 0, Errors: 0, Skipped: 0, Time elapsed: 0.004 sec - in org.apache.flink.runtime.io.network.netty.PartitionRequestQueueTest
Picked up JAVA_TOOL_OPTIONS: -XX:CICompilerCount=2 -XX:ParallelGCThreads=2 -XX:ConcGCThreads=2 -Djdk.net.URLClassPath.disableClassPathURLCheck=true -XX:CICompilerCount=2 -XX:ParallelGCThreads=2 -XX:ConcGCThreads=2 -Djdk.net.URLClassPath.disableClassPathURLCheck=true 
Picked up _JAVA_OPTIONS: -Djdk.net.URLClassPath.disableClassPathURLCheck=true
Running org.apache.flink.runtime.event.task.TaskEventTest
Running org.apache.flink.runtime.taskmanager.TaskExecutionStateTest
Picked up JAVA_TOOL_OPTIONS: -XX:CICompilerCount=2 -XX:ParallelGCThreads=2 -XX:ConcGCThreads=2 -Djdk.net.URLClassPath.disableClassPathURLCheck=true -XX:CICompilerCount=2 -XX:ParallelGCThreads=2 -XX:ConcGCThreads=2 -Djdk.net.URLClassPath.disableClassPathURLCheck=true 
Picked up _JAVA_OPTIONS: -Djdk.net.URLClassPath.disableClassPathURLCheck=true
Terminate 2060!
Killed 2060! at /scratch/jmcampos/RTA/repair_them_all_framework/jdks/jdk1.8.0_181/jre/bin/java line 73.
Terminate 2060!
Picked up JAVA_TOOL_OPTIONS: -XX:CICompilerCount=2 -XX:ParallelGCThreads=2 -XX:ConcGCThreads=2 -Djdk.net.URLClassPath.disableClassPathURLCheck=true -XX:CICompilerCount=2 -XX:ParallelGCThreads=2 -XX:ConcGCThreads=2 -Djdk.net.URLClassPath.disableClassPathURLCheck=true 
Picked up _JAVA_OPTIONS: -Djdk.net.URLClassPath.disableClassPathURLCheck=true
Terminate 2047!
Killed 2047! at /scratch/jmcampos/RTA/repair_them_all_framework/jdks/jdk1.8.0_181/jre/bin/java line 73.
Tests run: 3, Failures: 0, Errors: 0, Skipped: 0, Time elapsed: 0.001 sec - in org.apache.flink.runtime.instance.SimpleSlotTest
Picked up JAVA_TOOL_OPTIONS: -XX:CICompilerCount=2 -XX:ParallelGCThreads=2 -XX:ConcGCThreads=2 -Djdk.net.URLClassPath.disableClassPathURLCheck=true -XX:CICompilerCount=2 -XX:ParallelGCThreads=2 -XX:ConcGCThreads=2 -Djdk.net.URLClassPath.disableClassPathURLCheck=true 
Picked up _JAVA_OPTIONS: -Djdk.net.URLClassPath.disableClassPathURLCheck=true
Terminate 2276!
Killed 2276! at /scratch/jmcampos/RTA/repair_them_all_framework/jdks/jdk1.8.0_181/jre/bin/java line 73.
Picked up JAVA_TOOL_OPTIONS: -XX:CICompilerCount=2 -XX:ParallelGCThreads=2 -XX:ConcGCThreads=2 -Djdk.net.URLClassPath.disableClassPathURLCheck=true -XX:CICompilerCount=2 -XX:ParallelGCThreads=2 -XX:ConcGCThreads=2 -Djdk.net.URLClassPath.disableClassPathURLCheck=true 
Picked up _JAVA_OPTIONS: -Djdk.net.URLClassPath.disableClassPathURLCheck=true
Running org.apache.flink.runtime.io.disk.iomanager.IOManagerTest
Running org.apache.flink.runtime.executiongraph.ExecutionStateProgressTest
Picked up JAVA_TOOL_OPTIONS: -XX:CICompilerCount=2 -XX:ParallelGCThreads=2 -XX:ConcGCThreads=2 -Djdk.net.URLClassPath.disableClassPathURLCheck=true -XX:CICompilerCount=2 -XX:ParallelGCThreads=2 -XX:ConcGCThreads=2 -Djdk.net.URLClassPath.disableClassPathURLCheck=true 
Picked up _JAVA_OPTIONS: -Djdk.net.URLClassPath.disableClassPathURLCheck=true
Signal 15 (TERM) caught by ps (procps-ng version 3.3.10).
ps:display.c:66: please report this bug
Picked up JAVA_TOOL_OPTIONS: -XX:CICompilerCount=2 -XX:ParallelGCThreads=2 -XX:ConcGCThreads=2 -Djdk.net.URLClassPath.disableClassPathURLCheck=true -XX:CICompilerCount=2 -XX:ParallelGCThreads=2 -XX:ConcGCThreads=2 -Djdk.net.URLClassPath.disableClassPathURLCheck=true 
Picked up _JAVA_OPTIONS: -Djdk.net.URLClassPath.disableClassPathURLCheck=true
Signal 15 (TERM) caught by ps (procps-ng version 3.3.10).
ps:display.c:66: please report this bug
Terminate 2385!
Kill 2385!
Killed 2385! at /scratch/jmcampos/RTA/repair_them_all_framework/jdks/jdk1.8.0_181/jre/bin/java line 73.
Running org.apache.flink.runtime.util.UnionIteratorTest
Picked up JAVA_TOOL_OPTIONS: -XX:CICompilerCount=2 -XX:ParallelGCThreads=2 -XX:ConcGCThreads=2 -Djdk.net.URLClassPath.disableClassPathURLCheck=true -XX:CICompilerCount=2 -XX:ParallelGCThreads=2 -XX:ConcGCThreads=2 -Djdk.net.URLClassPath.disableClassPathURLCheck=true 
Picked up _JAVA_OPTIONS: -Djdk.net.URLClassPath.disableClassPathURLCheck=true
Terminate 1809!
Killed 1809! at /scratch/jmcampos/RTA/repair_them_all_framework/jdks/jdk1.8.0_181/jre/bin/java line 73.
Terminate 1809!
Running org.apache.flink.runtime.akka.FlinkUntypedActorTest
Tests run: 3, Failures: 0, Errors: 0, Skipped: 0, Time elapsed: 0.002 sec - in org.apache.flink.runtime.jobmanager.scheduler.SlotAllocationFutureTest
Picked up JAVA_TOOL_OPTIONS: -XX:CICompilerCount=2 -XX:ParallelGCThreads=2 -XX:ConcGCThreads=2 -Djdk.net.URLClassPath.disableClassPathURLCheck=true -XX:CICompilerCount=2 -XX:ParallelGCThreads=2 -XX:ConcGCThreads=2 -Djdk.net.URLClassPath.disableClassPathURLCheck=true 
Running org.apache.flink.runtime.io.network.partition.consumer.RemoteInputChannelTest
Picked up _JAVA_OPTIONS: -Djdk.net.URLClassPath.disableClassPathURLCheck=true
Tests run: 3, Failures: 0, Errors: 0, Skipped: 0, Time elapsed: 0 sec - in org.apache.flink.runtime.event.task.TaskEventTest
Running org.apache.flink.runtime.operators.LeftOuterJoinTaskTest
Picked up JAVA_TOOL_OPTIONS: -XX:CICompilerCount=2 -XX:ParallelGCThreads=2 -XX:ConcGCThreads=2 -Djdk.net.URLClassPath.disableClassPathURLCheck=true -XX:CICompilerCount=2 -XX:ParallelGCThreads=2 -XX:ConcGCThreads=2 -Djdk.net.URLClassPath.disableClassPathURLCheck=true 
Picked up _JAVA_OPTIONS: -Djdk.net.URLClassPath.disableClassPathURLCheck=true
Terminate 3020!
Killed 3020! at /scratch/jmcampos/RTA/repair_them_all_framework/jdks/jdk1.8.0_181/jre/bin/java line 73.
Terminate 3020!
Picked up JAVA_TOOL_OPTIONS: -XX:CICompilerCount=2 -XX:ParallelGCThreads=2 -XX:ConcGCThreads=2 -Djdk.net.URLClassPath.disableClassPathURLCheck=true -XX:CICompilerCount=2 -XX:ParallelGCThreads=2 -XX:ConcGCThreads=2 -Djdk.net.URLClassPath.disableClassPathURLCheck=true 
Picked up _JAVA_OPTIONS: -Djdk.net.URLClassPath.disableClassPathURLCheck=true
Terminate 1764!
Killed 1764! at /scratch/jmcampos/RTA/repair_them_all_framework/jdks/jdk1.8.0_181/jre/bin/java line 73.
Picked up JAVA_TOOL_OPTIONS: -XX:CICompilerCount=2 -XX:ParallelGCThreads=2 -XX:ConcGCThreads=2 -Djdk.net.URLClassPath.disableClassPathURLCheck=true -XX:CICompilerCount=2 -XX:ParallelGCThreads=2 -XX:ConcGCThreads=2 -Djdk.net.URLClassPath.disableClassPathURLCheck=true 
Picked up _JAVA_OPTIONS: -Djdk.net.URLClassPath.disableClassPathURLCheck=true
Terminate 3028!
Killed 3028! at /scratch/jmcampos/RTA/repair_them_all_framework/jdks/jdk1.8.0_181/jre/bin/java line 73.
Picked up JAVA_TOOL_OPTIONS: -XX:CICompilerCount=2 -XX:ParallelGCThreads=2 -XX:ConcGCThreads=2 -Djdk.net.URLClassPath.disableClassPathURLCheck=true -XX:CICompilerCount=2 -XX:ParallelGCThreads=2 -XX:ConcGCThreads=2 -Djdk.net.URLClassPath.disableClassPathURLCheck=true 
Picked up _JAVA_OPTIONS: -Djdk.net.URLClassPath.disableClassPathURLCheck=true
Terminate 2730!
Killed 2730! at /scratch/jmcampos/RTA/repair_them_all_framework/jdks/jdk1.8.0_181/jre/bin/java line 73.
Terminate 2730!
Picked up JAVA_TOOL_OPTIONS: -XX:CICompilerCount=2 -XX:ParallelGCThreads=2 -XX:ConcGCThreads=2 -Djdk.net.URLClassPath.disableClassPathURLCheck=true -XX:CICompilerCount=2 -XX:ParallelGCThreads=2 -XX:ConcGCThreads=2 -Djdk.net.URLClassPath.disableClassPathURLCheck=true 
Picked up _JAVA_OPTIONS: -Djdk.net.URLClassPath.disableClassPathURLCheck=true
Terminate 2853!
Killed 2853! at /scratch/jmcampos/RTA/repair_them_all_framework/jdks/jdk1.8.0_181/jre/bin/java line 73.
Tests run: 2, Failures: 0, Errors: 0, Skipped: 0, Time elapsed: 0 sec - in org.apache.flink.runtime.jobmanager.scheduler.LifoSetQueueTest
Picked up JAVA_TOOL_OPTIONS: -XX:CICompilerCount=2 -XX:ParallelGCThreads=2 -XX:ConcGCThreads=2 -Djdk.net.URLClassPath.disableClassPathURLCheck=true -XX:CICompilerCount=2 -XX:ParallelGCThreads=2 -XX:ConcGCThreads=2 -Djdk.net.URLClassPath.disableClassPathURLCheck=true 
Picked up _JAVA_OPTIONS: -Djdk.net.URLClassPath.disableClassPathURLCheck=true
Terminate 2985!
Killed 2985! at /scratch/jmcampos/RTA/repair_them_all_framework/jdks/jdk1.8.0_181/jre/bin/java line 73.
Terminate 2985!
Picked up _JAVA_OPTIONS: -Djdk.net.URLClassPath.disableClassPathURLCheck=true
Tests run: 3, Failures: 0, Errors: 0, Skipped: 0, Time elapsed: 0.002 sec - in org.apache.flink.runtime.checkpoint.HeapStateStoreTest
Picked up JAVA_TOOL_OPTIONS: -XX:CICompilerCount=2 -XX:ParallelGCThreads=2 -XX:ConcGCThreads=2 -Djdk.net.URLClassPath.disableClassPathURLCheck=true -XX:CICompilerCount=2 -XX:ParallelGCThreads=2 -XX:ConcGCThreads=2 -Djdk.net.URLClassPath.disableClassPathURLCheck=true 
Picked up _JAVA_OPTIONS: -Djdk.net.URLClassPath.disableClassPathURLCheck=true
Terminate 3128!
Killed 3128! at /scratch/jmcampos/RTA/repair_them_all_framework/jdks/jdk1.8.0_181/jre/bin/java line 73.
Picked up JAVA_TOOL_OPTIONS: -XX:CICompilerCount=2 -XX:ParallelGCThreads=2 -XX:ConcGCThreads=2 -Djdk.net.URLClassPath.disableClassPathURLCheck=true -XX:CICompilerCount=2 -XX:ParallelGCThreads=2 -XX:ConcGCThreads=2 -Djdk.net.URLClassPath.disableClassPathURLCheck=true 
Picked up JAVA_TOOL_OPTIONS: -XX:CICompilerCount=2 -XX:ParallelGCThreads=2 -XX:ConcGCThreads=2 -Djdk.net.URLClassPath.disableClassPathURLCheck=true -XX:CICompilerCount=2 -XX:ParallelGCThreads=2 -XX:ConcGCThreads=2 -Djdk.net.URLClassPath.disableClassPathURLCheck=true 
Picked up JAVA_TOOL_OPTIONS: -XX:CICompilerCount=2 -XX:ParallelGCThreads=2 -XX:ConcGCThreads=2 -Djdk.net.URLClassPath.disableClassPathURLCheck=true -XX:CICompilerCount=2 -XX:ParallelGCThreads=2 -XX:ConcGCThreads=2 -Djdk.net.URLClassPath.disableClassPathURLCheck=true 
Picked up JAVA_TOOL_OPTIONS: -XX:CICompilerCount=2 -XX:ParallelGCThreads=2 -XX:ConcGCThreads=2 -Djdk.net.URLClassPath.disableClassPathURLCheck=true -XX:CICompilerCount=2 -XX:ParallelGCThreads=2 -XX:ConcGCThreads=2 -Djdk.net.URLClassPath.disableClassPathURLCheck=true 
Picked up _JAVA_OPTIONS: -Djdk.net.URLClassPath.disableClassPathURLCheck=true
Terminate 3199!
Killed 3199! at /scratch/jmcampos/RTA/repair_them_all_framework/jdks/jdk1.8.0_181/jre/bin/java line 73.
Terminate 3199!
Picked up JAVA_TOOL_OPTIONS: -XX:CICompilerCount=2 -XX:ParallelGCThreads=2 -XX:ConcGCThreads=2 -Djdk.net.URLClassPath.disableClassPathURLCheck=true -XX:CICompilerCount=2 -XX:ParallelGCThreads=2 -XX:ConcGCThreads=2 -Djdk.net.URLClassPath.disableClassPathURLCheck=true 
Picked up _JAVA_OPTIONS: -Djdk.net.URLClassPath.disableClassPathURLCheck=true
Terminate 1823!
Killed 1823! at /scratch/jmcampos/RTA/repair_them_all_framework/jdks/jdk1.8.0_181/jre/bin/java line 73.
Terminate 1823!
Running org.apache.flink.runtime.util.AtomicDisposableReferenceCounterTest
Running org.apache.flink.runtime.util.EnvironmentInformationTest
Running org.apache.flink.runtime.taskmanager.TaskAsyncCallTest
Picked up _JAVA_OPTIONS: -Djdk.net.URLClassPath.disableClassPathURLCheck=true
Terminate 1973!
Killed 1973! at /scratch/jmcampos/RTA/repair_them_all_framework/jdks/jdk1.8.0_181/jre/bin/java line 73.
Terminate 1973!
Picked up _JAVA_OPTIONS: -Djdk.net.URLClassPath.disableClassPathURLCheck=true
Terminate 1832!
Killed 1832! at /scratch/jmcampos/RTA/repair_them_all_framework/jdks/jdk1.8.0_181/jre/bin/java line 73.
Terminate 1832!
Tests run: 1, Failures: 0, Errors: 0, Skipped: 0, Time elapsed: 0.003 sec - in org.apache.flink.runtime.executiongraph.VertexSlotSharingTest
Running org.apache.flink.runtime.checkpoint.SavepointCoordinatorTest
Picked up JAVA_TOOL_OPTIONS: -XX:CICompilerCount=2 -XX:ParallelGCThreads=2 -XX:ConcGCThreads=2 -Djdk.net.URLClassPath.disableClassPathURLCheck=true -XX:CICompilerCount=2 -XX:ParallelGCThreads=2 -XX:ConcGCThreads=2 -Djdk.net.URLClassPath.disableClassPathURLCheck=true 
Picked up _JAVA_OPTIONS: -Djdk.net.URLClassPath.disableClassPathURLCheck=true
Terminate 3154!
Killed 3154! at /scratch/jmcampos/RTA/repair_them_all_framework/jdks/jdk1.8.0_181/jre/bin/java line 73.
Picked up JAVA_TOOL_OPTIONS: -XX:CICompilerCount=2 -XX:ParallelGCThreads=2 -XX:ConcGCThreads=2 -Djdk.net.URLClassPath.disableClassPathURLCheck=true -XX:CICompilerCount=2 -XX:ParallelGCThreads=2 -XX:ConcGCThreads=2 -Djdk.net.URLClassPath.disableClassPathURLCheck=true 
Picked up JAVA_TOOL_OPTIONS: -XX:CICompilerCount=2 -XX:ParallelGCThreads=2 -XX:ConcGCThreads=2 -Djdk.net.URLClassPath.disableClassPathURLCheck=true -XX:CICompilerCount=2 -XX:ParallelGCThreads=2 -XX:ConcGCThreads=2 -Djdk.net.URLClassPath.disableClassPathURLCheck=true 
Tests run: 2, Failures: 0, Errors: 2, Skipped: 0, Time elapsed: 0 sec <<< FAILURE! - in org.apache.flink.runtime.io.network.partition.SpilledSubpartitionViewSyncIOTest
testConsumeWithFewBuffers(org.apache.flink.runtime.io.network.partition.SpilledSubpartitionViewSyncIOTest)  Time elapsed: 0 sec  <<< ERROR!
java.io.IOException: I/O channel already closed. Could not fulfill: org.apache.flink.runtime.io.disk.iomanager.BufferWriteRequest@19dfb72a
	at org.apache.flink.runtime.io.disk.iomanager.AsynchronousFileIOChannel.addRequest(AsynchronousFileIOChannel.java:249)
	at org.apache.flink.runtime.io.disk.iomanager.AsynchronousBufferFileWriter.writeBlock(AsynchronousBufferFileWriter.java:36)
	at org.apache.flink.runtime.io.disk.iomanager.AsynchronousBufferFileWriter.writeBlock(AsynchronousBufferFileWriter.java:26)
	at org.apache.flink.runtime.io.network.partition.SpilledSubpartitionViewTest.createWriterAndWriteBuffers(SpilledSubpartitionViewTest.java:173)
	at org.apache.flink.runtime.io.network.partition.SpilledSubpartitionViewSyncIOTest.testConsumeWithFewBuffers(SpilledSubpartitionViewSyncIOTest.java:78)

testWriteConsume(org.apache.flink.runtime.io.network.partition.SpilledSubpartitionViewSyncIOTest)  Time elapsed: 0 sec  <<< ERROR!
java.lang.IllegalStateException: I/O-Manger is shut down.
	at com.google.common.base.Preconditions.checkState(Preconditions.java:173)
	at org.apache.flink.runtime.io.disk.iomanager.IOManagerAsync.createBufferFileWriter(IOManagerAsync.java:255)
	at org.apache.flink.runtime.io.network.partition.SpilledSubpartitionViewTest.createWriterAndWriteBuffers(SpilledSubpartitionViewTest.java:170)
	at org.apache.flink.runtime.io.network.partition.SpilledSubpartitionViewSyncIOTest.testWriteConsume(SpilledSubpartitionViewSyncIOTest.java:52)

Picked up _JAVA_OPTIONS: -Djdk.net.URLClassPath.disableClassPathURLCheck=true
Terminate 2020!
Killed 2020! at /scratch/jmcampos/RTA/repair_them_all_framework/jdks/jdk1.8.0_181/jre/bin/java line 73.
Terminate 2020!
Running org.apache.flink.runtime.io.disk.iomanager.AsynchronousFileIOChannelTest
Picked up _JAVA_OPTIONS: -Djdk.net.URLClassPath.disableClassPathURLCheck=true
Terminate 1558!
Killed 1558! at /scratch/jmcampos/RTA/repair_them_all_framework/jdks/jdk1.8.0_181/jre/bin/java line 73.
Terminate 1558!
Tests run: 2, Failures: 0, Errors: 0, Skipped: 0, Time elapsed: 0 sec - in org.apache.flink.runtime.util.UnionIteratorTest
Running org.apache.flink.runtime.operators.resettable.SpillingResettableMutableObjectIteratorTest
Picked up JAVA_TOOL_OPTIONS: -XX:CICompilerCount=2 -XX:ParallelGCThreads=2 -XX:ConcGCThreads=2 -Djdk.net.URLClassPath.disableClassPathURLCheck=true -XX:CICompilerCount=2 -XX:ParallelGCThreads=2 -XX:ConcGCThreads=2 -Djdk.net.URLClassPath.disableClassPathURLCheck=true 
Picked up JAVA_TOOL_OPTIONS: -XX:CICompilerCount=2 -XX:ParallelGCThreads=2 -XX:ConcGCThreads=2 -Djdk.net.URLClassPath.disableClassPathURLCheck=true -XX:CICompilerCount=2 -XX:ParallelGCThreads=2 -XX:ConcGCThreads=2 -Djdk.net.URLClassPath.disableClassPathURLCheck=true 
Picked up _JAVA_OPTIONS: -Djdk.net.URLClassPath.disableClassPathURLCheck=true
Terminate 3275!
Killed 3275! at /scratch/jmcampos/RTA/repair_them_all_framework/jdks/jdk1.8.0_181/jre/bin/java line 73.
Picked up _JAVA_OPTIONS: -Djdk.net.URLClassPath.disableClassPathURLCheck=true
Terminate 590!
Killed 590! at /scratch/jmcampos/RTA/repair_them_all_framework/jdks/jdk1.8.0_181/jre/bin/java line 73.
Terminate 590!
Running org.apache.flink.runtime.executiongraph.ExecutionGraphRestartTest
Picked up _JAVA_OPTIONS: -Djdk.net.URLClassPath.disableClassPathURLCheck=true
Terminate 1036!
Killed 1036! at /scratch/jmcampos/RTA/repair_them_all_framework/jdks/jdk1.8.0_181/jre/bin/java line 73.
Terminate 1036!
Picked up JAVA_TOOL_OPTIONS: -XX:CICompilerCount=2 -XX:ParallelGCThreads=2 -XX:ConcGCThreads=2 -Djdk.net.URLClassPath.disableClassPathURLCheck=true -XX:CICompilerCount=2 -XX:ParallelGCThreads=2 -XX:ConcGCThreads=2 -Djdk.net.URLClassPath.disableClassPathURLCheck=true 
Picked up _JAVA_OPTIONS: -Djdk.net.URLClassPath.disableClassPathURLCheck=true
Terminate 3416!
Picked up JAVA_TOOL_OPTIONS: -XX:CICompilerCount=2 -XX:ParallelGCThreads=2 -XX:ConcGCThreads=2 -Djdk.net.URLClassPath.disableClassPathURLCheck=true -XX:CICompilerCount=2 -XX:ParallelGCThreads=2 -XX:ConcGCThreads=2 -Djdk.net.URLClassPath.disableClassPathURLCheck=true 
Kill 3416!
Killed 3416! at /scratch/jmcampos/RTA/repair_them_all_framework/jdks/jdk1.8.0_181/jre/bin/java line 73.
Signal 15 (TERM) caught by ps (procps-ng version 3.3.10).
ps:display.c:66: please report this bug
Running org.apache.flink.runtime.instance.SharedSlotsTest
Picked up JAVA_TOOL_OPTIONS: -XX:CICompilerCount=2 -XX:ParallelGCThreads=2 -XX:ConcGCThreads=2 -Djdk.net.URLClassPath.disableClassPathURLCheck=true -XX:CICompilerCount=2 -XX:ParallelGCThreads=2 -XX:ConcGCThreads=2 -Djdk.net.URLClassPath.disableClassPathURLCheck=true 
Picked up JAVA_TOOL_OPTIONS: -XX:CICompilerCount=2 -XX:ParallelGCThreads=2 -XX:ConcGCThreads=2 -Djdk.net.URLClassPath.disableClassPathURLCheck=true -XX:CICompilerCount=2 -XX:ParallelGCThreads=2 -XX:ConcGCThreads=2 -Djdk.net.URLClassPath.disableClassPathURLCheck=true 
Picked up _JAVA_OPTIONS: -Djdk.net.URLClassPath.disableClassPathURLCheck=true
Picked up JAVA_TOOL_OPTIONS: -XX:CICompilerCount=2 -XX:ParallelGCThreads=2 -XX:ConcGCThreads=2 -Djdk.net.URLClassPath.disableClassPathURLCheck=true -XX:CICompilerCount=2 -XX:ParallelGCThreads=2 -XX:ConcGCThreads=2 -Djdk.net.URLClassPath.disableClassPathURLCheck=true 
Picked up _JAVA_OPTIONS: -Djdk.net.URLClassPath.disableClassPathURLCheck=true
Running org.apache.flink.runtime.jobmanager.scheduler.SetQueueTest
Picked up JAVA_TOOL_OPTIONS: -XX:CICompilerCount=2 -XX:ParallelGCThreads=2 -XX:ConcGCThreads=2 -Djdk.net.URLClassPath.disableClassPathURLCheck=true -XX:CICompilerCount=2 -XX:ParallelGCThreads=2 -XX:ConcGCThreads=2 -Djdk.net.URLClassPath.disableClassPathURLCheck=true 
Picked up _JAVA_OPTIONS: -Djdk.net.URLClassPath.disableClassPathURLCheck=true
Terminate 3267!
Killed 3267! at /scratch/jmcampos/RTA/repair_them_all_framework/jdks/jdk1.8.0_181/jre/bin/java line 73.
Picked up JAVA_TOOL_OPTIONS: -XX:CICompilerCount=2 -XX:ParallelGCThreads=2 -XX:ConcGCThreads=2 -Djdk.net.URLClassPath.disableClassPathURLCheck=true -XX:CICompilerCount=2 -XX:ParallelGCThreads=2 -XX:ConcGCThreads=2 -Djdk.net.URLClassPath.disableClassPathURLCheck=true 
Picked up JAVA_TOOL_OPTIONS: -XX:CICompilerCount=2 -XX:ParallelGCThreads=2 -XX:ConcGCThreads=2 -Djdk.net.URLClassPath.disableClassPathURLCheck=true -XX:CICompilerCount=2 -XX:ParallelGCThreads=2 -XX:ConcGCThreads=2 -Djdk.net.URLClassPath.disableClassPathURLCheck=true 
Picked up _JAVA_OPTIONS: -Djdk.net.URLClassPath.disableClassPathURLCheck=true
Picked up JAVA_TOOL_OPTIONS: -XX:CICompilerCount=2 -XX:ParallelGCThreads=2 -XX:ConcGCThreads=2 -Djdk.net.URLClassPath.disableClassPathURLCheck=true -XX:CICompilerCount=2 -XX:ParallelGCThreads=2 -XX:ConcGCThreads=2 -Djdk.net.URLClassPath.disableClassPathURLCheck=true 
Picked up JAVA_TOOL_OPTIONS: -XX:CICompilerCount=2 -XX:ParallelGCThreads=2 -XX:ConcGCThreads=2 -Djdk.net.URLClassPath.disableClassPathURLCheck=true -XX:CICompilerCount=2 -XX:ParallelGCThreads=2 -XX:ConcGCThreads=2 -Djdk.net.URLClassPath.disableClassPathURLCheck=true 
Picked up _JAVA_OPTIONS: -Djdk.net.URLClassPath.disableClassPathURLCheck=true
Picked up JAVA_TOOL_OPTIONS: -XX:CICompilerCount=2 -XX:ParallelGCThreads=2 -XX:ConcGCThreads=2 -Djdk.net.URLClassPath.disableClassPathURLCheck=true -XX:CICompilerCount=2 -XX:ParallelGCThreads=2 -XX:ConcGCThreads=2 -Djdk.net.URLClassPath.disableClassPathURLCheck=true 
Picked up _JAVA_OPTIONS: -Djdk.net.URLClassPath.disableClassPathURLCheck=true
Picked up JAVA_TOOL_OPTIONS: -XX:CICompilerCount=2 -XX:ParallelGCThreads=2 -XX:ConcGCThreads=2 -Djdk.net.URLClassPath.disableClassPathURLCheck=true -XX:CICompilerCount=2 -XX:ParallelGCThreads=2 -XX:ConcGCThreads=2 -Djdk.net.URLClassPath.disableClassPathURLCheck=true 
Picked up _JAVA_OPTIONS: -Djdk.net.URLClassPath.disableClassPathURLCheck=true
Picked up JAVA_TOOL_OPTIONS: -XX:CICompilerCount=2 -XX:ParallelGCThreads=2 -XX:ConcGCThreads=2 -Djdk.net.URLClassPath.disableClassPathURLCheck=true -XX:CICompilerCount=2 -XX:ParallelGCThreads=2 -XX:ConcGCThreads=2 -Djdk.net.URLClassPath.disableClassPathURLCheck=true 
Picked up _JAVA_OPTIONS: -Djdk.net.URLClassPath.disableClassPathURLCheck=true
Terminate 1697!
Killed 1697! at /scratch/jmcampos/RTA/repair_them_all_framework/jdks/jdk1.8.0_181/jre/bin/java line 73.
Picked up JAVA_TOOL_OPTIONS: -XX:CICompilerCount=2 -XX:ParallelGCThreads=2 -XX:ConcGCThreads=2 -Djdk.net.URLClassPath.disableClassPathURLCheck=true -XX:CICompilerCount=2 -XX:ParallelGCThreads=2 -XX:ConcGCThreads=2 -Djdk.net.URLClassPath.disableClassPathURLCheck=true 
Picked up _JAVA_OPTIONS: -Djdk.net.URLClassPath.disableClassPathURLCheck=true
Picked up JAVA_TOOL_OPTIONS: -XX:CICompilerCount=2 -XX:ParallelGCThreads=2 -XX:ConcGCThreads=2 -Djdk.net.URLClassPath.disableClassPathURLCheck=true -XX:CICompilerCount=2 -XX:ParallelGCThreads=2 -XX:ConcGCThreads=2 -Djdk.net.URLClassPath.disableClassPathURLCheck=true 
Running org.apache.flink.runtime.util.DelegatingConfigurationTest
Running org.apache.flink.runtime.instance.InstanceTest
Running org.apache.flink.runtime.io.disk.ChannelViewsTest
Running org.apache.flink.runtime.executiongraph.ExecutionGraphDeploymentTest
Picked up JAVA_TOOL_OPTIONS: -XX:CICompilerCount=2 -XX:ParallelGCThreads=2 -XX:ConcGCThreads=2 -Djdk.net.URLClassPath.disableClassPathURLCheck=true -XX:CICompilerCount=2 -XX:ParallelGCThreads=2 -XX:ConcGCThreads=2 -Djdk.net.URLClassPath.disableClassPathURLCheck=true 
Picked up _JAVA_OPTIONS: -Djdk.net.URLClassPath.disableClassPathURLCheck=true
Terminate 3363!
Killed 3363! at /scratch/jmcampos/RTA/repair_them_all_framework/jdks/jdk1.8.0_181/jre/bin/java line 73.
Terminate 3363!
Picked up JAVA_TOOL_OPTIONS: -XX:CICompilerCount=2 -XX:ParallelGCThreads=2 -XX:ConcGCThreads=2 -Djdk.net.URLClassPath.disableClassPathURLCheck=true -XX:CICompilerCount=2 -XX:ParallelGCThreads=2 -XX:ConcGCThreads=2 -Djdk.net.URLClassPath.disableClassPathURLCheck=true 
Picked up _JAVA_OPTIONS: -Djdk.net.URLClassPath.disableClassPathURLCheck=true
Terminate 3126!
Killed 3126! at /scratch/jmcampos/RTA/repair_them_all_framework/jdks/jdk1.8.0_181/jre/bin/java line 73.
Terminate 3126!
Running org.apache.flink.runtime.taskmanager.TaskManagerComponentsStartupShutdownTest
Tests run: 3, Failures: 0, Errors: 0, Skipped: 0, Time elapsed: 0.001 sec - in org.apache.flink.runtime.util.AtomicDisposableReferenceCounterTest
Picked up _JAVA_OPTIONS: -Djdk.net.URLClassPath.disableClassPathURLCheck=true
Signal 15 (TERM) caught by ps (procps-ng version 3.3.10).
ps:display.c:66: please report this bug
Terminate 870!
Kill 870!
Killed 870! at /scratch/jmcampos/RTA/repair_them_all_framework/jdks/jdk1.8.0_181/jre/bin/java line 73.
Running org.apache.flink.runtime.operators.hash.MemoryHashTableTest
Running org.apache.flink.runtime.util.NonReusingKeyGroupedIteratorTest
Picked up _JAVA_OPTIONS: -Djdk.net.URLClassPath.disableClassPathURLCheck=true
Picked up _JAVA_OPTIONS: -Djdk.net.URLClassPath.disableClassPathURLCheck=true
Signal 15 (TERM) caught by ps (procps-ng version 3.3.10).
ps:display.c:66: please report this bug
Terminate 943!
Killed 943! at /scratch/jmcampos/RTA/repair_them_all_framework/jdks/jdk1.8.0_181/jre/bin/java line 73.
Terminate 943!
Running org.apache.flink.runtime.jobmanager.scheduler.ScheduleOrUpdateConsumersTest
Picked up _JAVA_OPTIONS: -Djdk.net.URLClassPath.disableClassPathURLCheck=true
Signal 15 (TERM) caught by ps (procps-ng version 3.3.10).
ps:display.c:66: please report this bug
Terminate 906!
Kill 906!
Killed 906! at /scratch/jmcampos/RTA/repair_them_all_framework/jdks/jdk1.8.0_181/jre/bin/java line 73.
Picked up _JAVA_OPTIONS: -Djdk.net.URLClassPath.disableClassPathURLCheck=true
Tests run: 8, Failures: 0, Errors: 0, Skipped: 0, Time elapsed: 0.035 sec - in org.apache.flink.runtime.instance.SharedSlotsTest
Picked up _JAVA_OPTIONS: -Djdk.net.URLClassPath.disableClassPathURLCheck=true
Picked up JAVA_TOOL_OPTIONS: -XX:CICompilerCount=2 -XX:ParallelGCThreads=2 -XX:ConcGCThreads=2 -Djdk.net.URLClassPath.disableClassPathURLCheck=true -XX:CICompilerCount=2 -XX:ParallelGCThreads=2 -XX:ConcGCThreads=2 -Djdk.net.URLClassPath.disableClassPathURLCheck=true 
Picked up _JAVA_OPTIONS: -Djdk.net.URLClassPath.disableClassPathURLCheck=true
Terminate 2892!
Killed 2892! at /scratch/jmcampos/RTA/repair_them_all_framework/jdks/jdk1.8.0_181/jre/bin/java line 73.
Picked up JAVA_TOOL_OPTIONS: -XX:CICompilerCount=2 -XX:ParallelGCThreads=2 -XX:ConcGCThreads=2 -Djdk.net.URLClassPath.disableClassPathURLCheck=true -XX:CICompilerCount=2 -XX:ParallelGCThreads=2 -XX:ConcGCThreads=2 -Djdk.net.URLClassPath.disableClassPathURLCheck=true 
Picked up _JAVA_OPTIONS: -Djdk.net.URLClassPath.disableClassPathURLCheck=true
Terminate 3159!
Killed 3159! at /scratch/jmcampos/RTA/repair_them_all_framework/jdks/jdk1.8.0_181/jre/bin/java line 73.
Tests run: 2, Failures: 0, Errors: 0, Skipped: 0, Time elapsed: 0.012 sec - in org.apache.flink.runtime.jobmanager.scheduler.SetQueueTest
Picked up JAVA_TOOL_OPTIONS: -XX:CICompilerCount=2 -XX:ParallelGCThreads=2 -XX:ConcGCThreads=2 -Djdk.net.URLClassPath.disableClassPathURLCheck=true -XX:CICompilerCount=2 -XX:ParallelGCThreads=2 -XX:ConcGCThreads=2 -Djdk.net.URLClassPath.disableClassPathURLCheck=true 
Picked up _JAVA_OPTIONS: -Djdk.net.URLClassPath.disableClassPathURLCheck=true
Running org.apache.flink.runtime.io.network.partition.consumer.SingleInputGateTest
Picked up JAVA_TOOL_OPTIONS: -XX:CICompilerCount=2 -XX:ParallelGCThreads=2 -XX:ConcGCThreads=2 -Djdk.net.URLClassPath.disableClassPathURLCheck=true -XX:CICompilerCount=2 -XX:ParallelGCThreads=2 -XX:ConcGCThreads=2 -Djdk.net.URLClassPath.disableClassPathURLCheck=true 
Picked up _JAVA_OPTIONS: -Djdk.net.URLClassPath.disableClassPathURLCheck=true
Tests run: 1, Failures: 0, Errors: 0, Skipped: 0, Time elapsed: 0 sec - in org.apache.flink.runtime.util.DelegatingConfigurationTest
Tests run: 4, Failures: 0, Errors: 0, Skipped: 0, Time elapsed: 0 sec - in org.apache.flink.runtime.instance.InstanceTest
Tests run: 4, Failures: 0, Errors: 0, Skipped: 0, Time elapsed: 0.001 sec - in org.apache.flink.runtime.util.NonReusingKeyGroupedIteratorTest
Picked up JAVA_TOOL_OPTIONS: -XX:CICompilerCount=2 -XX:ParallelGCThreads=2 -XX:ConcGCThreads=2 -Djdk.net.URLClassPath.disableClassPathURLCheck=true -XX:CICompilerCount=2 -XX:ParallelGCThreads=2 -XX:ConcGCThreads=2 -Djdk.net.URLClassPath.disableClassPathURLCheck=true 
Picked up _JAVA_OPTIONS: -Djdk.net.URLClassPath.disableClassPathURLCheck=true
Terminate 2448!
Killed 2448! at /scratch/jmcampos/RTA/repair_them_all_framework/jdks/jdk1.8.0_181/jre/bin/java line 73.
Terminate 2448!
Picked up JAVA_TOOL_OPTIONS: -XX:CICompilerCount=2 -XX:ParallelGCThreads=2 -XX:ConcGCThreads=2 -Djdk.net.URLClassPath.disableClassPathURLCheck=true -XX:CICompilerCount=2 -XX:ParallelGCThreads=2 -XX:ConcGCThreads=2 -Djdk.net.URLClassPath.disableClassPathURLCheck=true 
Picked up JAVA_TOOL_OPTIONS: -XX:CICompilerCount=2 -XX:ParallelGCThreads=2 -XX:ConcGCThreads=2 -Djdk.net.URLClassPath.disableClassPathURLCheck=true -XX:CICompilerCount=2 -XX:ParallelGCThreads=2 -XX:ConcGCThreads=2 -Djdk.net.URLClassPath.disableClassPathURLCheck=true 
Picked up _JAVA_OPTIONS: -Djdk.net.URLClassPath.disableClassPathURLCheck=true
Terminate 2074!
Killed 2074! at /scratch/jmcampos/RTA/repair_them_all_framework/jdks/jdk1.8.0_181/jre/bin/java line 73.
Terminate 2074!
Picked up _JAVA_OPTIONS: -Djdk.net.URLClassPath.disableClassPathURLCheck=true
Running org.apache.flink.runtime.io.network.NetworkEnvironmentTest
Running org.apache.flink.runtime.io.network.api.serialization.SpanningRecordSerializationTest
Running org.apache.flink.runtime.operators.drivers.GroupReduceDriverTest
Running org.apache.flink.runtime.jobmanager.scheduler.CoLocationConstraintTest
Picked up JAVA_TOOL_OPTIONS: -XX:CICompilerCount=2 -XX:ParallelGCThreads=2 -XX:ConcGCThreads=2 -Djdk.net.URLClassPath.disableClassPathURLCheck=true -XX:CICompilerCount=2 -XX:ParallelGCThreads=2 -XX:ConcGCThreads=2 -Djdk.net.URLClassPath.disableClassPathURLCheck=true 
Picked up _JAVA_OPTIONS: -Djdk.net.URLClassPath.disableClassPathURLCheck=true
Terminate 2059!
Killed 2059! at /scratch/jmcampos/RTA/repair_them_all_framework/jdks/jdk1.8.0_181/jre/bin/java line 73.
Terminate 2059!
Tests run: 2, Failures: 0, Errors: 0, Skipped: 0, Time elapsed: 0.001 sec - in org.apache.flink.runtime.jobmanager.scheduler.CoLocationConstraintTest
Picked up JAVA_TOOL_OPTIONS: -XX:CICompilerCount=2 -XX:ParallelGCThreads=2 -XX:ConcGCThreads=2 -Djdk.net.URLClassPath.disableClassPathURLCheck=true -XX:CICompilerCount=2 -XX:ParallelGCThreads=2 -XX:ConcGCThreads=2 -Djdk.net.URLClassPath.disableClassPathURLCheck=true 
Picked up _JAVA_OPTIONS: -Djdk.net.URLClassPath.disableClassPathURLCheck=true
Tests run: 5, Failures: 0, Errors: 0, Skipped: 0, Time elapsed: 0.001 sec - in org.apache.flink.runtime.operators.drivers.GroupReduceDriverTest
Picked up JAVA_TOOL_OPTIONS: -XX:CICompilerCount=2 -XX:ParallelGCThreads=2 -XX:ConcGCThreads=2 -Djdk.net.URLClassPath.disableClassPathURLCheck=true -XX:CICompilerCount=2 -XX:ParallelGCThreads=2 -XX:ConcGCThreads=2 -Djdk.net.URLClassPath.disableClassPathURLCheck=true 
Picked up _JAVA_OPTIONS: -Djdk.net.URLClassPath.disableClassPathURLCheck=true
Picked up JAVA_TOOL_OPTIONS: -XX:CICompilerCount=2 -XX:ParallelGCThreads=2 -XX:ConcGCThreads=2 -Djdk.net.URLClassPath.disableClassPathURLCheck=true -XX:CICompilerCount=2 -XX:ParallelGCThreads=2 -XX:ConcGCThreads=2 -Djdk.net.URLClassPath.disableClassPathURLCheck=true 
Picked up _JAVA_OPTIONS: -Djdk.net.URLClassPath.disableClassPathURLCheck=true
Picked up JAVA_TOOL_OPTIONS: -XX:CICompilerCount=2 -XX:ParallelGCThreads=2 -XX:ConcGCThreads=2 -Djdk.net.URLClassPath.disableClassPathURLCheck=true -XX:CICompilerCount=2 -XX:ParallelGCThreads=2 -XX:ConcGCThreads=2 -Djdk.net.URLClassPath.disableClassPathURLCheck=true 
Picked up _JAVA_OPTIONS: -Djdk.net.URLClassPath.disableClassPathURLCheck=true
Terminate 2612!
Kill 2612!
Killed 2612! at /scratch/jmcampos/RTA/repair_them_all_framework/jdks/jdk1.8.0_181/jre/bin/java line 73.
Signal 15 (TERM) caught by ps (procps-ng version 3.3.10).
ps:display.c:66: please report this bug
Picked up JAVA_TOOL_OPTIONS: -XX:CICompilerCount=2 -XX:ParallelGCThreads=2 -XX:ConcGCThreads=2 -Djdk.net.URLClassPath.disableClassPathURLCheck=true -XX:CICompilerCount=2 -XX:ParallelGCThreads=2 -XX:ConcGCThreads=2 -Djdk.net.URLClassPath.disableClassPathURLCheck=true 
Picked up _JAVA_OPTIONS: -Djdk.net.URLClassPath.disableClassPathURLCheck=true
Picked up JAVA_TOOL_OPTIONS: -XX:CICompilerCount=2 -XX:ParallelGCThreads=2 -XX:ConcGCThreads=2 -Djdk.net.URLClassPath.disableClassPathURLCheck=true -XX:CICompilerCount=2 -XX:ParallelGCThreads=2 -XX:ConcGCThreads=2 -Djdk.net.URLClassPath.disableClassPathURLCheck=true 
Picked up _JAVA_OPTIONS: -Djdk.net.URLClassPath.disableClassPathURLCheck=true
Picked up JAVA_TOOL_OPTIONS: -XX:CICompilerCount=2 -XX:ParallelGCThreads=2 -XX:ConcGCThreads=2 -Djdk.net.URLClassPath.disableClassPathURLCheck=true -XX:CICompilerCount=2 -XX:ParallelGCThreads=2 -XX:ConcGCThreads=2 -Djdk.net.URLClassPath.disableClassPathURLCheck=true 
Picked up _JAVA_OPTIONS: -Djdk.net.URLClassPath.disableClassPathURLCheck=true
Terminate 1503!
Killed 1503! at /scratch/jmcampos/RTA/repair_them_all_framework/jdks/jdk1.8.0_181/jre/bin/java line 73.
Terminate 1503!
Running org.apache.flink.runtime.io.network.netty.NettyServerLowAndHighWatermarkTest
Picked up JAVA_TOOL_OPTIONS: -XX:CICompilerCount=2 -XX:ParallelGCThreads=2 -XX:ConcGCThreads=2 -Djdk.net.URLClassPath.disableClassPathURLCheck=true -XX:CICompilerCount=2 -XX:ParallelGCThreads=2 -XX:ConcGCThreads=2 -Djdk.net.URLClassPath.disableClassPathURLCheck=true 
Picked up _JAVA_OPTIONS: -Djdk.net.URLClassPath.disableClassPathURLCheck=true
Picked up JAVA_TOOL_OPTIONS: -XX:CICompilerCount=2 -XX:ParallelGCThreads=2 -XX:ConcGCThreads=2 -Djdk.net.URLClassPath.disableClassPathURLCheck=true -XX:CICompilerCount=2 -XX:ParallelGCThreads=2 -XX:ConcGCThreads=2 -Djdk.net.URLClassPath.disableClassPathURLCheck=true 
Picked up _JAVA_OPTIONS: -Djdk.net.URLClassPath.disableClassPathURLCheck=true
Terminate 3265!
Killed 3265! at /scratch/jmcampos/RTA/repair_them_all_framework/jdks/jdk1.8.0_181/jre/bin/java line 73.
Picked up JAVA_TOOL_OPTIONS: -XX:CICompilerCount=2 -XX:ParallelGCThreads=2 -XX:ConcGCThreads=2 -Djdk.net.URLClassPath.disableClassPathURLCheck=true -XX:CICompilerCount=2 -XX:ParallelGCThreads=2 -XX:ConcGCThreads=2 -Djdk.net.URLClassPath.disableClassPathURLCheck=true 
Picked up _JAVA_OPTIONS: -Djdk.net.URLClassPath.disableClassPathURLCheck=true
Terminate 2930!
Killed 2930! at /scratch/jmcampos/RTA/repair_them_all_framework/jdks/jdk1.8.0_181/jre/bin/java line 73.
Terminate 2930!
Picked up JAVA_TOOL_OPTIONS: -XX:CICompilerCount=2 -XX:ParallelGCThreads=2 -XX:ConcGCThreads=2 -Djdk.net.URLClassPath.disableClassPathURLCheck=true -XX:CICompilerCount=2 -XX:ParallelGCThreads=2 -XX:ConcGCThreads=2 -Djdk.net.URLClassPath.disableClassPathURLCheck=true 
Picked up _JAVA_OPTIONS: -Djdk.net.URLClassPath.disableClassPathURLCheck=true
Terminate 3631!
Kill 3631!
Killed 3631! at /scratch/jmcampos/RTA/repair_them_all_framework/jdks/jdk1.8.0_181/jre/bin/java line 73.
Signal 15 (TERM) caught by ps (procps-ng version 3.3.10).
ps:display.c:66: please report this bug
Use of uninitialized value $JVM_PID in concatenation (.) or string at /scratch/jmcampos/RTA/repair_them_all_framework/jdks/jdk1.8.0_181/jre/bin/java line 66.
Picked up JAVA_TOOL_OPTIONS: -XX:CICompilerCount=2 -XX:ParallelGCThreads=2 -XX:ConcGCThreads=2 -Djdk.net.URLClassPath.disableClassPathURLCheck=true -XX:CICompilerCount=2 -XX:ParallelGCThreads=2 -XX:ConcGCThreads=2 -Djdk.net.URLClassPath.disableClassPathURLCheck=true 
Picked up _JAVA_OPTIONS: -Djdk.net.URLClassPath.disableClassPathURLCheck=true
Picked up JAVA_TOOL_OPTIONS: -XX:CICompilerCount=2 -XX:ParallelGCThreads=2 -XX:ConcGCThreads=2 -Djdk.net.URLClassPath.disableClassPathURLCheck=true -XX:CICompilerCount=2 -XX:ParallelGCThreads=2 -XX:ConcGCThreads=2 -Djdk.net.URLClassPath.disableClassPathURLCheck=true 
Picked up _JAVA_OPTIONS: -Djdk.net.URLClassPath.disableClassPathURLCheck=true
Picked up JAVA_TOOL_OPTIONS: -XX:CICompilerCount=2 -XX:ParallelGCThreads=2 -XX:ConcGCThreads=2 -Djdk.net.URLClassPath.disableClassPathURLCheck=true -XX:CICompilerCount=2 -XX:ParallelGCThreads=2 -XX:ConcGCThreads=2 -Djdk.net.URLClassPath.disableClassPathURLCheck=true 
Picked up _JAVA_OPTIONS: -Djdk.net.URLClassPath.disableClassPathURLCheck=true
Picked up JAVA_TOOL_OPTIONS: -XX:CICompilerCount=2 -XX:ParallelGCThreads=2 -XX:ConcGCThreads=2 -Djdk.net.URLClassPath.disableClassPathURLCheck=true -XX:CICompilerCount=2 -XX:ParallelGCThreads=2 -XX:ConcGCThreads=2 -Djdk.net.URLClassPath.disableClassPathURLCheck=true 
Picked up _JAVA_OPTIONS: -Djdk.net.URLClassPath.disableClassPathURLCheck=true
Picked up JAVA_TOOL_OPTIONS: -XX:CICompilerCount=2 -XX:ParallelGCThreads=2 -XX:ConcGCThreads=2 -Djdk.net.URLClassPath.disableClassPathURLCheck=true -XX:CICompilerCount=2 -XX:ParallelGCThreads=2 -XX:ConcGCThreads=2 -Djdk.net.URLClassPath.disableClassPathURLCheck=true 
Picked up _JAVA_OPTIONS: -Djdk.net.URLClassPath.disableClassPathURLCheck=true
java.io.FileNotFoundException: /scratch/tmp-rta/Bugs.jar_Flink_8e3e2f8f_java-8/flink-runtime/target/surefire/surefire_1685843092508936277061tmp (No such file or directory)
	at java.io.FileInputStream.open0(Native Method)
	at java.io.FileInputStream.open(FileInputStream.java:195)
	at java.io.FileInputStream.<init>(FileInputStream.java:138)
	at org.apache.maven.surefire.booter.SystemPropertyManager.loadProperties(SystemPropertyManager.java:62)
	at org.apache.maven.surefire.booter.SystemPropertyManager.setSystemProperties(SystemPropertyManager.java:69)
	at org.apache.maven.surefire.booter.ForkedBooter.main(ForkedBooter.java:65)
Picked up JAVA_TOOL_OPTIONS: -XX:CICompilerCount=2 -XX:ParallelGCThreads=2 -XX:ConcGCThreads=2 -Djdk.net.URLClassPath.disableClassPathURLCheck=true -XX:CICompilerCount=2 -XX:ParallelGCThreads=2 -XX:ConcGCThreads=2 -Djdk.net.URLClassPath.disableClassPathURLCheck=true 
Picked up _JAVA_OPTIONS: -Djdk.net.URLClassPath.disableClassPathURLCheck=true
Picked up JAVA_TOOL_OPTIONS: -XX:CICompilerCount=2 -XX:ParallelGCThreads=2 -XX:ConcGCThreads=2 -Djdk.net.URLClassPath.disableClassPathURLCheck=true -XX:CICompilerCount=2 -XX:ParallelGCThreads=2 -XX:ConcGCThreads=2 -Djdk.net.URLClassPath.disableClassPathURLCheck=true 
Picked up _JAVA_OPTIONS: -Djdk.net.URLClassPath.disableClassPathURLCheck=true
java.io.FileNotFoundException: /scratch/tmp-rta/Bugs.jar_Flink_8e3e2f8f_java-8/flink-runtime/target/surefire/surefire_1595027235899480382764tmp (No such file or directory)
	at java.io.FileInputStream.open0(Native Method)
	at java.io.FileInputStream.open(FileInputStream.java:195)
	at java.io.FileInputStream.<init>(FileInputStream.java:138)
	at org.apache.maven.surefire.booter.SystemPropertyManager.loadProperties(SystemPropertyManager.java:62)
	at org.apache.maven.surefire.booter.SystemPropertyManager.setSystemProperties(SystemPropertyManager.java:69)
	at org.apache.maven.surefire.booter.ForkedBooter.main(ForkedBooter.java:65)
Error: Could not find or load main class org.apache.maven.surefire.booter.ForkedBooter
Picked up JAVA_TOOL_OPTIONS: -XX:CICompilerCount=2 -XX:ParallelGCThreads=2 -XX:ConcGCThreads=2 -Djdk.net.URLClassPath.disableClassPathURLCheck=true -XX:CICompilerCount=2 -XX:ParallelGCThreads=2 -XX:ConcGCThreads=2 -Djdk.net.URLClassPath.disableClassPathURLCheck=true 
Picked up _JAVA_OPTIONS: -Djdk.net.URLClassPath.disableClassPathURLCheck=true
java.io.FileNotFoundException: /scratch/tmp-rta/Bugs.jar_Flink_8e3e2f8f_java-8/flink-runtime/target/surefire/surefire_1657864055118287735935tmp (No such file or directory)
java.io.FileNotFoundException: /scratch/tmp-rta/Bugs.jar_Flink_8e3e2f8f_java-8/flink-runtime/target/surefire/surefire_1697783091621395409500tmp (No such file or directory)
	at java.io.FileInputStream.open0(Native Method)
	at java.io.FileInputStream.open0(Native Method)
	at java.io.FileInputStream.open(FileInputStream.java:195)
	at java.io.FileInputStream.open(FileInputStream.java:195)
	at java.io.FileInputStream.<init>(FileInputStream.java:138)
	at org.apache.maven.surefire.booter.SystemPropertyManager.loadProperties(SystemPropertyManager.java:62)
	at java.io.FileInputStream.<init>(FileInputStream.java:138)
	at org.apache.maven.surefire.booter.SystemPropertyManager.setSystemProperties(SystemPropertyManager.java:69)
	at org.apache.maven.surefire.booter.ForkedBooter.main(ForkedBooter.java:65)
	at org.apache.maven.surefire.booter.SystemPropertyManager.loadProperties(SystemPropertyManager.java:62)
	at org.apache.maven.surefire.booter.SystemPropertyManager.setSystemProperties(SystemPropertyManager.java:69)
	at org.apache.maven.surefire.booter.ForkedBooter.main(ForkedBooter.java:65)
java.io.FileNotFoundException: /scratch/tmp-rta/Bugs.jar_Flink_8e3e2f8f_java-8/flink-runtime/target/surefire/surefire_1523005695496133663067tmp (No such file or directory)
	at java.io.FileInputStream.open0(Native Method)
	at java.io.FileInputStream.open(FileInputStream.java:195)
	at java.io.FileInputStream.<init>(FileInputStream.java:138)
	at org.apache.maven.surefire.booter.SystemPropertyManager.loadProperties(SystemPropertyManager.java:62)
	at org.apache.maven.surefire.booter.SystemPropertyManager.setSystemProperties(SystemPropertyManager.java:69)
	at org.apache.maven.surefire.booter.ForkedBooter.main(ForkedBooter.java:65)
java.io.FileNotFoundException: /scratch/tmp-rta/Bugs.jar_Flink_8e3e2f8f_java-8/flink-runtime/target/surefire/surefire_1648971836727494465667tmp (No such file or directory)
	at java.io.FileInputStream.open0(Native Method)
	at java.io.FileInputStream.open(FileInputStream.java:195)
	at java.io.FileInputStream.<init>(FileInputStream.java:138)
Picked up JAVA_TOOL_OPTIONS: -XX:CICompilerCount=2 -XX:ParallelGCThreads=2 -XX:ConcGCThreads=2 -Djdk.net.URLClassPath.disableClassPathURLCheck=true -XX:CICompilerCount=2 -XX:ParallelGCThreads=2 -XX:ConcGCThreads=2 -Djdk.net.URLClassPath.disableClassPathURLCheck=true 
Picked up _JAVA_OPTIONS: -Djdk.net.URLClassPath.disableClassPathURLCheck=true
	at org.apache.maven.surefire.booter.SystemPropertyManager.loadProperties(SystemPropertyManager.java:62)
	at org.apache.maven.surefire.booter.SystemPropertyManager.setSystemProperties(SystemPropertyManager.java:69)
	at org.apache.maven.surefire.booter.ForkedBooter.main(ForkedBooter.java:65)
java.io.FileNotFoundException: /scratch/tmp-rta/Bugs.jar_Flink_8e3e2f8f_java-8/flink-runtime/target/surefire/surefire_1573352716360746978304tmp (No such file or directory)
	at java.io.FileInputStream.open0(Native Method)
	at java.io.FileInputStream.open(FileInputStream.java:195)
	at java.io.FileInputStream.<init>(FileInputStream.java:138)
	at org.apache.maven.surefire.booter.SystemPropertyManager.loadProperties(SystemPropertyManager.java:62)
	at org.apache.maven.surefire.booter.SystemPropertyManager.setSystemProperties(SystemPropertyManager.java:69)
	at org.apache.maven.surefire.booter.ForkedBooter.main(ForkedBooter.java:65)
java.io.FileNotFoundException: /scratch/tmp-rta/Bugs.jar_Flink_8e3e2f8f_java-8/flink-runtime/target/surefire/surefire_1551523960215832583287tmp (No such file or directory)
	at java.io.FileInputStream.open0(Native Method)
	at java.io.FileInputStream.open(FileInputStream.java:195)
	at java.io.FileInputStream.<init>(FileInputStream.java:138)
	at org.apache.maven.surefire.booter.SystemPropertyManager.loadProperties(SystemPropertyManager.java:62)
	at org.apache.maven.surefire.booter.SystemPropertyManager.setSystemProperties(SystemPropertyManager.java:69)
	at org.apache.maven.surefire.booter.ForkedBooter.main(ForkedBooter.java:65)
Picked up JAVA_TOOL_OPTIONS: -XX:CICompilerCount=2 -XX:ParallelGCThreads=2 -XX:ConcGCThreads=2 -Djdk.net.URLClassPath.disableClassPathURLCheck=true -XX:CICompilerCount=2 -XX:ParallelGCThreads=2 -XX:ConcGCThreads=2 -Djdk.net.URLClassPath.disableClassPathURLCheck=true 
Picked up _JAVA_OPTIONS: -Djdk.net.URLClassPath.disableClassPathURLCheck=true
Terminate 2152!
Killed 2152! at /scratch/jmcampos/RTA/repair_them_all_framework/jdks/jdk1.8.0_181/jre/bin/java line 73.
Terminate 2152!
java.io.FileNotFoundException: /scratch/tmp-rta/Bugs.jar_Flink_8e3e2f8f_java-8/flink-runtime/target/surefire/surefire_1676735801176004229436tmp (No such file or directory)
Running org.apache.flink.runtime.taskmanager.TaskCancelTest
java.io.FileNotFoundException: /scratch/tmp-rta/Bugs.jar_Flink_8e3e2f8f_java-8/flink-runtime/target/surefire/surefire_1564480125146021831586tmp (No such file or directory)
	at java.io.FileInputStream.open0(Native Method)
	at java.io.FileInputStream.open(FileInputStream.java:195)
	at java.io.FileInputStream.<init>(FileInputStream.java:138)
	at org.apache.maven.surefire.booter.SystemPropertyManager.loadProperties(SystemPropertyManager.java:62)
	at org.apache.maven.surefire.booter.SystemPropertyManager.setSystemProperties(SystemPropertyManager.java:69)
	at org.apache.maven.surefire.booter.ForkedBooter.main(ForkedBooter.java:65)
	at java.io.FileInputStream.open0(Native Method)
	at java.io.FileInputStream.open(FileInputStream.java:195)
	at java.io.FileInputStream.<init>(FileInputStream.java:138)
	at org.apache.maven.surefire.booter.SystemPropertyManager.loadProperties(SystemPropertyManager.java:62)
	at org.apache.maven.surefire.booter.SystemPropertyManager.setSystemProperties(SystemPropertyManager.java:69)
	at org.apache.maven.surefire.booter.ForkedBooter.main(ForkedBooter.java:65)
Picked up JAVA_TOOL_OPTIONS: -XX:CICompilerCount=2 -XX:ParallelGCThreads=2 -XX:ConcGCThreads=2 -Djdk.net.URLClassPath.disableClassPathURLCheck=true -XX:CICompilerCount=2 -XX:ParallelGCThreads=2 -XX:ConcGCThreads=2 -Djdk.net.URLClassPath.disableClassPathURLCheck=true 
Picked up _JAVA_OPTIONS: -Djdk.net.URLClassPath.disableClassPathURLCheck=true
java.io.FileNotFoundException: /scratch/tmp-rta/Bugs.jar_Flink_8e3e2f8f_java-8/flink-runtime/target/surefire/surefire_1729050483310158135389tmp (No such file or directory)
	at java.io.FileInputStream.open0(Native Method)
	at java.io.FileInputStream.open(FileInputStream.java:195)
	at java.io.FileInputStream.<init>(FileInputStream.java:138)
	at org.apache.maven.surefire.booter.SystemPropertyManager.loadProperties(SystemPropertyManager.java:62)
	at org.apache.maven.surefire.booter.SystemPropertyManager.setSystemProperties(SystemPropertyManager.java:69)
	at org.apache.maven.surefire.booter.ForkedBooter.main(ForkedBooter.java:65)
java.io.FileNotFoundException: /scratch/tmp-rta/Bugs.jar_Flink_8e3e2f8f_java-8/flink-runtime/target/surefire/surefire_1585022830683025451700tmp (No such file or directory)
	at java.io.FileInputStream.open0(Native Method)
	at java.io.FileInputStream.open(FileInputStream.java:195)
	at java.io.FileInputStream.<init>(FileInputStream.java:138)
	at org.apache.maven.surefire.booter.SystemPropertyManager.loadProperties(SystemPropertyManager.java:62)
	at org.apache.maven.surefire.booter.SystemPropertyManager.setSystemProperties(SystemPropertyManager.java:69)
	at org.apache.maven.surefire.booter.ForkedBooter.main(ForkedBooter.java:65)
Picked up JAVA_TOOL_OPTIONS: -XX:CICompilerCount=2 -XX:ParallelGCThreads=2 -XX:ConcGCThreads=2 -Djdk.net.URLClassPath.disableClassPathURLCheck=true -XX:CICompilerCount=2 -XX:ParallelGCThreads=2 -XX:ConcGCThreads=2 -Djdk.net.URLClassPath.disableClassPathURLCheck=true 
Picked up _JAVA_OPTIONS: -Djdk.net.URLClassPath.disableClassPathURLCheck=true
java.io.FileNotFoundException: /scratch/tmp-rta/Bugs.jar_Flink_8e3e2f8f_java-8/flink-runtime/target/surefire/surefire_1605762783293402075856tmp (No such file or directory)
	at java.io.FileInputStream.open0(Native Method)
	at java.io.FileInputStream.open(FileInputStream.java:195)
	at java.io.FileInputStream.<init>(FileInputStream.java:138)
	at org.apache.maven.surefire.booter.SystemPropertyManager.loadProperties(SystemPropertyManager.java:62)
	at org.apache.maven.surefire.booter.SystemPropertyManager.setSystemProperties(SystemPropertyManager.java:69)
	at org.apache.maven.surefire.booter.ForkedBooter.main(ForkedBooter.java:65)
Picked up JAVA_TOOL_OPTIONS: -XX:CICompilerCount=2 -XX:ParallelGCThreads=2 -XX:ConcGCThreads=2 -Djdk.net.URLClassPath.disableClassPathURLCheck=true -XX:CICompilerCount=2 -XX:ParallelGCThreads=2 -XX:ConcGCThreads=2 -Djdk.net.URLClassPath.disableClassPathURLCheck=true 
Picked up _JAVA_OPTIONS: -Djdk.net.URLClassPath.disableClassPathURLCheck=true
Error: Could not find or load main class org.apache.maven.surefire.booter.ForkedBooter
Picked up JAVA_TOOL_OPTIONS: -XX:CICompilerCount=2 -XX:ParallelGCThreads=2 -XX:ConcGCThreads=2 -Djdk.net.URLClassPath.disableClassPathURLCheck=true -XX:CICompilerCount=2 -XX:ParallelGCThreads=2 -XX:ConcGCThreads=2 -Djdk.net.URLClassPath.disableClassPathURLCheck=true 
Picked up _JAVA_OPTIONS: -Djdk.net.URLClassPath.disableClassPathURLCheck=true
Picked up JAVA_TOOL_OPTIONS: -XX:CICompilerCount=2 -XX:ParallelGCThreads=2 -XX:ConcGCThreads=2 -Djdk.net.URLClassPath.disableClassPathURLCheck=true -XX:CICompilerCount=2 -XX:ParallelGCThreads=2 -XX:ConcGCThreads=2 -Djdk.net.URLClassPath.disableClassPathURLCheck=true 
Picked up _JAVA_OPTIONS: -Djdk.net.URLClassPath.disableClassPathURLCheck=true
java.io.FileNotFoundException: /scratch/tmp-rta/Bugs.jar_Flink_8e3e2f8f_java-8/flink-runtime/target/surefire/surefire_1486398048198668864922tmp (No such file or directory)
	at java.io.FileInputStream.open0(Native Method)
	at java.io.FileInputStream.open(FileInputStream.java:195)
	at java.io.FileInputStream.<init>(FileInputStream.java:138)
	at org.apache.maven.surefire.booter.SystemPropertyManager.loadProperties(SystemPropertyManager.java:62)
	at org.apache.maven.surefire.booter.SystemPropertyManager.setSystemProperties(SystemPropertyManager.java:69)
java.io.FileNotFoundException: /scratch/tmp-rta/Bugs.jar_Flink_8e3e2f8f_java-8/flink-runtime/target/surefire/surefire_1542975382811730410035tmp (No such file or directory)
	at java.io.FileInputStream.open0(Native Method)
	at java.io.FileInputStream.open(FileInputStream.java:195)
	at org.apache.maven.surefire.booter.ForkedBooter.main(ForkedBooter.java:65)
	at java.io.FileInputStream.<init>(FileInputStream.java:138)
	at org.apache.maven.surefire.booter.SystemPropertyManager.loadProperties(SystemPropertyManager.java:62)
	at org.apache.maven.surefire.booter.SystemPropertyManager.setSystemProperties(SystemPropertyManager.java:69)
	at org.apache.maven.surefire.booter.ForkedBooter.main(ForkedBooter.java:65)
Error: Unable to access jarfile /scratch/tmp-rta/Bugs.jar_Flink_8e3e2f8f_java-8/flink-runtime/target/surefire/surefirebooter7765367210766895041.jar
Picked up JAVA_TOOL_OPTIONS: -XX:CICompilerCount=2 -XX:ParallelGCThreads=2 -XX:ConcGCThreads=2 -Djdk.net.URLClassPath.disableClassPathURLCheck=true -XX:CICompilerCount=2 -XX:ParallelGCThreads=2 -XX:ConcGCThreads=2 -Djdk.net.URLClassPath.disableClassPathURLCheck=true 
Picked up _JAVA_OPTIONS: -Djdk.net.URLClassPath.disableClassPathURLCheck=true
java.io.FileNotFoundException: /scratch/tmp-rta/Bugs.jar_Flink_8e3e2f8f_java-8/flink-runtime/target/surefire/surefire_161151368117828413708tmp (No such file or directory)
	at java.io.FileInputStream.open0(Native Method)
	at java.io.FileInputStream.open(FileInputStream.java:195)
	at java.io.FileInputStream.<init>(FileInputStream.java:138)
	at org.apache.maven.surefire.booter.SystemPropertyManager.loadProperties(SystemPropertyManager.java:62)
	at org.apache.maven.surefire.booter.SystemPropertyManager.setSystemProperties(SystemPropertyManager.java:69)
	at org.apache.maven.surefire.booter.ForkedBooter.main(ForkedBooter.java:65)
Picked up JAVA_TOOL_OPTIONS: -XX:CICompilerCount=2 -XX:ParallelGCThreads=2 -XX:ConcGCThreads=2 -Djdk.net.URLClassPath.disableClassPathURLCheck=true -XX:CICompilerCount=2 -XX:ParallelGCThreads=2 -XX:ConcGCThreads=2 -Djdk.net.URLClassPath.disableClassPathURLCheck=true 
Picked up _JAVA_OPTIONS: -Djdk.net.URLClassPath.disableClassPathURLCheck=true
java.lang.NullPointerException
	at java.util.Properties$LineReader.readLine(Properties.java:434)
	at java.util.Properties.load0(Properties.java:353)
	at java.util.Properties.load(Properties.java:341)
	at org.apache.maven.surefire.booter.SystemPropertyManager.loadProperties(SystemPropertyManager.java:49)
	at org.apache.maven.surefire.booter.BooterDeserializer.<init>(BooterDeserializer.java:57)
	at org.apache.maven.surefire.booter.ForkedBooter.main(ForkedBooter.java:70)
Error: Unable to access jarfile /scratch/tmp-rta/Bugs.jar_Flink_8e3e2f8f_java-8/flink-runtime/target/surefire/surefirebooter7541392059196849293.jar
Picked up JAVA_TOOL_OPTIONS: -XX:CICompilerCount=2 -XX:ParallelGCThreads=2 -XX:ConcGCThreads=2 -Djdk.net.URLClassPath.disableClassPathURLCheck=true -XX:CICompilerCount=2 -XX:ParallelGCThreads=2 -XX:ConcGCThreads=2 -Djdk.net.URLClassPath.disableClassPathURLCheck=true 
Picked up _JAVA_OPTIONS: -Djdk.net.URLClassPath.disableClassPathURLCheck=true
Picked up JAVA_TOOL_OPTIONS: -XX:CICompilerCount=2 -XX:ParallelGCThreads=2 -XX:ConcGCThreads=2 -Djdk.net.URLClassPath.disableClassPathURLCheck=true -XX:CICompilerCount=2 -XX:ParallelGCThreads=2 -XX:ConcGCThreads=2 -Djdk.net.URLClassPath.disableClassPathURLCheck=true 
Picked up _JAVA_OPTIONS: -Djdk.net.URLClassPath.disableClassPathURLCheck=true
java.io.FileNotFoundException: /scratch/tmp-rta/Bugs.jar_Flink_8e3e2f8f_java-8/flink-runtime/target/surefire/surefire_1704081883230931350397tmp (No such file or directory)
	at java.io.FileInputStream.open0(Native Method)
	at java.io.FileInputStream.open(FileInputStream.java:195)
	at java.io.FileInputStream.<init>(FileInputStream.java:138)
	at org.apache.maven.surefire.booter.SystemPropertyManager.loadProperties(SystemPropertyManager.java:62)
	at org.apache.maven.surefire.booter.SystemPropertyManager.setSystemProperties(SystemPropertyManager.java:69)
	at org.apache.maven.surefire.booter.ForkedBooter.main(ForkedBooter.java:65)
Picked up JAVA_TOOL_OPTIONS: -XX:CICompilerCount=2 -XX:ParallelGCThreads=2 -XX:ConcGCThreads=2 -Djdk.net.URLClassPath.disableClassPathURLCheck=true -XX:CICompilerCount=2 -XX:ParallelGCThreads=2 -XX:ConcGCThreads=2 -Djdk.net.URLClassPath.disableClassPathURLCheck=true 
Picked up _JAVA_OPTIONS: -Djdk.net.URLClassPath.disableClassPathURLCheck=true
Picked up JAVA_TOOL_OPTIONS: -XX:CICompilerCount=2 -XX:ParallelGCThreads=2 -XX:ConcGCThreads=2 -Djdk.net.URLClassPath.disableClassPathURLCheck=true -XX:CICompilerCount=2 -XX:ParallelGCThreads=2 -XX:ConcGCThreads=2 -Djdk.net.URLClassPath.disableClassPathURLCheck=true 
Picked up _JAVA_OPTIONS: -Djdk.net.URLClassPath.disableClassPathURLCheck=true
Error: Unable to access jarfile /scratch/tmp-rta/Bugs.jar_Flink_8e3e2f8f_java-8/flink-runtime/target/surefire/surefirebooter5420724411345270446.jar
Error: Unable to access jarfile /scratch/tmp-rta/Bugs.jar_Flink_8e3e2f8f_java-8/flink-runtime/target/surefire/surefirebooter6958521892130340478.jar
Error: Unable to access jarfile /scratch/tmp-rta/Bugs.jar_Flink_8e3e2f8f_java-8/flink-runtime/target/surefire/surefirebooter1782472585536560310.jar
Error: Unable to access jarfile /scratch/tmp-rta/Bugs.jar_Flink_8e3e2f8f_java-8/flink-runtime/target/surefire/surefirebooter2485968094720214245.jar
Error: Unable to access jarfile /scratch/tmp-rta/Bugs.jar_Flink_8e3e2f8f_java-8/flink-runtime/target/surefire/surefirebooter7106739421828145070.jar
Error: Unable to access jarfile /scratch/tmp-rta/Bugs.jar_Flink_8e3e2f8f_java-8/flink-runtime/target/surefire/surefirebooter1104494114906183911.jar
Error: Unable to access jarfile /scratch/tmp-rta/Bugs.jar_Flink_8e3e2f8f_java-8/flink-runtime/target/surefire/surefirebooter4388046502330125147.jar
Error: Unable to access jarfile /scratch/tmp-rta/Bugs.jar_Flink_8e3e2f8f_java-8/flink-runtime/target/surefire/surefirebooter1178055197831883025.jar
Picked up JAVA_TOOL_OPTIONS: -XX:CICompilerCount=2 -XX:ParallelGCThreads=2 -XX:ConcGCThreads=2 -Djdk.net.URLClassPath.disableClassPathURLCheck=true -XX:CICompilerCount=2 -XX:ParallelGCThreads=2 -XX:ConcGCThreads=2 -Djdk.net.URLClassPath.disableClassPathURLCheck=true 
Picked up _JAVA_OPTIONS: -Djdk.net.URLClassPath.disableClassPathURLCheck=true
Error: Could not find or load main class org.apache.maven.surefire.booter.ForkedBooter
Error: Unable to access jarfile /scratch/tmp-rta/Bugs.jar_Flink_8e3e2f8f_java-8/flink-runtime/target/surefire/surefirebooter33893305032809181.jar
Error: Unable to access jarfile /scratch/tmp-rta/Bugs.jar_Flink_8e3e2f8f_java-8/flink-runtime/target/surefire/surefirebooter4673652894717253282.jar
Error: An unexpected error occurred while trying to open file /scratch/tmp-rta/Bugs.jar_Flink_8e3e2f8f_java-8/flink-runtime/target/surefire/surefirebooter7276212485581752901.jar
Error: An unexpected error occurred while trying to open file /scratch/tmp-rta/Bugs.jar_Flink_8e3e2f8f_java-8/flink-runtime/target/surefire/surefirebooter3260822413138126713.jar
Error: Unable to access jarfile /scratch/tmp-rta/Bugs.jar_Flink_8e3e2f8f_java-8/flink-runtime/target/surefire/surefirebooter1551820885038508677.jar
Error: Unable to access jarfile /scratch/tmp-rta/Bugs.jar_Flink_8e3e2f8f_java-8/flink-runtime/target/surefire/surefirebooter101445812664419180.jar
Error: Unable to access jarfile /scratch/tmp-rta/Bugs.jar_Flink_8e3e2f8f_java-8/flink-runtime/target/surefire/surefirebooter3187235286009514643.jar
Error: Unable to access jarfile /scratch/tmp-rta/Bugs.jar_Flink_8e3e2f8f_java-8/flink-runtime/target/surefire/surefirebooter36612500206570502.jar
Error: Unable to access jarfile /scratch/tmp-rta/Bugs.jar_Flink_8e3e2f8f_java-8/flink-runtime/target/surefire/surefirebooter5633309002624287660.jar
Error: Unable to access jarfile /scratch/tmp-rta/Bugs.jar_Flink_8e3e2f8f_java-8/flink-runtime/target/surefire/surefirebooter8469928548402093302.jar
Error: Unable to access jarfile /scratch/tmp-rta/Bugs.jar_Flink_8e3e2f8f_java-8/flink-runtime/target/surefire/surefirebooter6561238727954959409.jar
Error: An unexpected error occurred while trying to open file /scratch/tmp-rta/Bugs.jar_Flink_8e3e2f8f_java-8/flink-runtime/target/surefire/surefirebooter6282477970083602050.jar
Running org.apache.flink.runtime.operators.util.BitSetTest
Error: An unexpected error occurred while trying to open file /scratch/tmp-rta/Bugs.jar_Flink_8e3e2f8f_java-8/flink-runtime/target/surefire/surefirebooter8160279336966936966.jar
JVM seems rogue. Kill 91890!
Terminate 91890!
Killed 91890! at /scratch/jmcampos/RTA/repair_them_all_framework/jdks/jdk1.8.0_181/bin/java line 73.
