Picked up JAVA_TOOL_OPTIONS: -XX:CICompilerCount=2 -XX:ParallelGCThreads=2 -XX:ConcGCThreads=2 -Djdk.net.URLClassPath.disableClassPathURLCheck=true 
Java HotSpot(TM) 64-Bit Server VM warning: ignoring option MaxPermSize=512m; support was removed in 8.0
Picked up _JAVA_OPTIONS: -Djdk.net.URLClassPath.disableClassPathURLCheck=true
Apache Maven 3.5.0 (Red Hat 3.5.0-4.3)
Maven home: /opt/rh/rh-maven35/root/usr/share/maven
Java version: 1.8.0_181, vendor: Oracle Corporation
Java home: /boom/scratch/jmcampos/RTA/repair_them_all_framework/jdks/jdk1.8.0_181/jre
Default locale: en_US, platform encoding: UTF-8
OS name: "linux", version: "4.14.147-1.el7.retpoline.x86_64", arch: "amd64", family: "unix"
[INFO] Scanning for projects...
[WARNING] 
[WARNING] Some problems were encountered while building the effective model for io.cassandrareaper:cassandra-reaper:jar:1.1.0-SNAPSHOT
[WARNING] 'build.plugins.plugin.version' for org.apache.maven.plugins:maven-javadoc-plugin is missing. @ io.cassandrareaper:cassandra-reaper:[unknown-version], /boom/scratch/tmp-rta/Bears_thelastpickle-cassandra-reaper_324455111-327555133_java-8/src/server/pom.xml, line 217, column 21
[WARNING] 
[WARNING] It is highly recommended to fix these problems because they threaten the stability of your build.
[WARNING] 
[WARNING] For this reason, future Maven versions might no longer support building such malformed projects.
[WARNING] 
[INFO] 
[INFO] ------------------------------------------------------------------------
[INFO] Building Cassandra Reaper server 1.1.0-SNAPSHOT
[INFO] ------------------------------------------------------------------------
[INFO] Downloading: https://repo.maven.apache.org/maven2/org/apache/maven/plugins/maven-javadoc-plugin/maven-metadata.xml
[INFO] Downloaded: https://repo.maven.apache.org/maven2/org/apache/maven/plugins/maven-javadoc-plugin/maven-metadata.xml (1.1 kB at 5.4 kB/s)
[INFO] 
[INFO] --- buildnumber-maven-plugin:1.4:create (default) @ cassandra-reaper ---
[INFO] ShortRevision tag detected. The value is '7'.
[INFO] Executing: /bin/sh -c cd '/boom/scratch/tmp-rta/Bears_thelastpickle-cassandra-reaper_324455111-327555133_java-8/src/server' && 'git' 'rev-parse' '--verify' '--short=7' 'HEAD'
[INFO] Working directory: /boom/scratch/tmp-rta/Bears_thelastpickle-cassandra-reaper_324455111-327555133_java-8/src/server
[INFO] Storing buildNumber: 3b6ba69 at timestamp: 1584148660006
[INFO] Storing buildScmBranch: master
[INFO] 
[INFO] --- maven-checkstyle-plugin:2.17:check (validate) @ cassandra-reaper ---
[INFO] 
[INFO] --- maven-resources-plugin:2.6:resources (default-resources) @ cassandra-reaper ---
[INFO] Using 'UTF-8' encoding to copy filtered resources.
[INFO] Copying 39 resources
[INFO] 
[INFO] --- maven-compiler-plugin:3.7.0:compile (default-compile) @ cassandra-reaper ---
[INFO] Nothing to compile - all classes are up to date
[INFO] 
[INFO] --- animal-sniffer-maven-plugin:1.16:check (default) @ cassandra-reaper ---
[INFO] Checking unresolved references to org.codehaus.mojo.signature:java18:1.0
[INFO] 
[INFO] --- maven-resources-plugin:2.6:testResources (default-testResources) @ cassandra-reaper ---
[INFO] Using 'UTF-8' encoding to copy filtered resources.
[INFO] Copying 9 resources
[INFO] 
[INFO] --- maven-compiler-plugin:3.7.0:testCompile (default-testCompile) @ cassandra-reaper ---
[INFO] Nothing to compile - all classes are up to date
[INFO] 
[INFO] --- maven-surefire-plugin:2.19:test (default-test) @ cassandra-reaper ---
[INFO] Downloading: https://repo.maven.apache.org/maven2/org/apache/maven/surefire/surefire-junit4/2.19/surefire-junit4-2.19.pom
[INFO] Downloaded: https://repo.maven.apache.org/maven2/org/apache/maven/surefire/surefire-junit4/2.19/surefire-junit4-2.19.pom (3.3 kB at 570 B/s)
[INFO] Downloading: https://repo.maven.apache.org/maven2/org/apache/maven/surefire/surefire-providers/2.19/surefire-providers-2.19.pom
[INFO] Downloaded: https://repo.maven.apache.org/maven2/org/apache/maven/surefire/surefire-providers/2.19/surefire-providers-2.19.pom (2.6 kB at 450 B/s)
[INFO] Downloading: https://repo.maven.apache.org/maven2/org/apache/maven/surefire/surefire-junit4/2.19/surefire-junit4-2.19.jar
[INFO] Downloaded: https://repo.maven.apache.org/maven2/org/apache/maven/surefire/surefire-junit4/2.19/surefire-junit4-2.19.jar (76 kB at 73 kB/s)

-------------------------------------------------------
 T E S T S
-------------------------------------------------------
Picked up JAVA_TOOL_OPTIONS: -XX:CICompilerCount=2 -XX:ParallelGCThreads=2 -XX:ConcGCThreads=2 -Djdk.net.URLClassPath.disableClassPathURLCheck=true -XX:CICompilerCount=2 -XX:ParallelGCThreads=2 -XX:ConcGCThreads=2 -Djdk.net.URLClassPath.disableClassPathURLCheck=true 
Picked up _JAVA_OPTIONS: -Djdk.net.URLClassPath.disableClassPathURLCheck=true
Running io.cassandrareaper.resources.view.RepairScheduleStatusTest
Tests run: 1, Failures: 0, Errors: 0, Skipped: 0, Time elapsed: 4.036 sec - in io.cassandrareaper.resources.view.RepairScheduleStatusTest
Running io.cassandrareaper.resources.view.NodesStatusTest
Tests run: 4, Failures: 0, Errors: 1, Skipped: 0, Time elapsed: 0.062 sec <<< FAILURE! - in io.cassandrareaper.resources.view.NodesStatusTest
testParseEndpoint22WithHostnameStatusString(io.cassandrareaper.resources.view.NodesStatusTest)  Time elapsed: 0.06 sec  <<< ERROR!
java.lang.NullPointerException
	at io.cassandrareaper.resources.view.NodesStatusTest.testParseEndpoint22WithHostnameStatusString(NodesStatusTest.java:168)

Running io.cassandrareaper.resources.view.RepairRunStatusTest
Tests run: 2, Failures: 0, Errors: 0, Skipped: 0, Time elapsed: 0.001 sec - in io.cassandrareaper.resources.view.RepairRunStatusTest
Running io.cassandrareaper.resources.RepairRunResourceTest
Tests run: 11, Failures: 0, Errors: 0, Skipped: 0, Time elapsed: 3.937 sec - in io.cassandrareaper.resources.RepairRunResourceTest
Running io.cassandrareaper.resources.ClusterResourceTest
Tests run: 7, Failures: 0, Errors: 0, Skipped: 0, Time elapsed: 0.12 sec - in io.cassandrareaper.resources.ClusterResourceTest
Running io.cassandrareaper.service.RingRangeTest
Tests run: 4, Failures: 0, Errors: 0, Skipped: 0, Time elapsed: 0 sec - in io.cassandrareaper.service.RingRangeTest
Running io.cassandrareaper.service.RepairRunnerTest
Tests run: 6, Failures: 0, Errors: 0, Skipped: 0, Time elapsed: 4.066 sec - in io.cassandrareaper.service.RepairRunnerTest
Running io.cassandrareaper.service.RepairRunServiceTest
Tests run: 5, Failures: 0, Errors: 0, Skipped: 0, Time elapsed: 0.066 sec - in io.cassandrareaper.service.RepairRunServiceTest
Running io.cassandrareaper.service.AutoSchedulingManagerTest
Tests run: 2, Failures: 0, Errors: 0, Skipped: 0, Time elapsed: 0.047 sec - in io.cassandrareaper.service.AutoSchedulingManagerTest
Running io.cassandrareaper.service.ClusterRepairSchedulerTest
Tests run: 6, Failures: 0, Errors: 0, Skipped: 0, Time elapsed: 0.072 sec - in io.cassandrareaper.service.ClusterRepairSchedulerTest
Running io.cassandrareaper.service.RepairManagerTest
Tests run: 5, Failures: 0, Errors: 0, Skipped: 0, Time elapsed: 0.333 sec - in io.cassandrareaper.service.RepairManagerTest
Running io.cassandrareaper.service.HeartTest
Tests run: 10, Failures: 0, Errors: 0, Skipped: 0, Time elapsed: 8.795 sec - in io.cassandrareaper.service.HeartTest
Running io.cassandrareaper.service.SegmentGeneratorTest
Tests run: 8, Failures: 0, Errors: 0, Skipped: 0, Time elapsed: 0.01 sec - in io.cassandrareaper.service.SegmentGeneratorTest
Running io.cassandrareaper.service.SegmentRunnerTest
Tests run: 10, Failures: 0, Errors: 0, Skipped: 0, Time elapsed: 10.141 sec - in io.cassandrareaper.service.SegmentRunnerTest
Running io.cassandrareaper.ReaperApplicationConfigurationTest
Tests run: 1, Failures: 0, Errors: 0, Skipped: 0, Time elapsed: 0.315 sec - in io.cassandrareaper.ReaperApplicationConfigurationTest
Running io.cassandrareaper.AssertionTest
Tests run: 1, Failures: 0, Errors: 0, Skipped: 0, Time elapsed: 0 sec - in io.cassandrareaper.AssertionTest
Running io.cassandrareaper.core.ClusterTest
Tests run: 1, Failures: 0, Errors: 0, Skipped: 0, Time elapsed: 0 sec - in io.cassandrareaper.core.ClusterTest
Running io.cassandrareaper.jmx.JmxProxyTest
Tests run: 1, Failures: 0, Errors: 0, Skipped: 0, Time elapsed: 0 sec - in io.cassandrareaper.jmx.JmxProxyTest

Results :

Tests in error: 
  NodesStatusTest.testParseEndpoint22WithHostnameStatusString:168 NullPointer

Tests run: 85, Failures: 0, Errors: 1, Skipped: 0

[INFO] ------------------------------------------------------------------------
[INFO] BUILD FAILURE
[INFO] ------------------------------------------------------------------------
[INFO] Total time: 01:11 min
[INFO] Finished at: 2020-03-13T18:18:49-07:00
[INFO] Final Memory: 102M/1219M
[INFO] ------------------------------------------------------------------------
[ERROR] Failed to execute goal org.apache.maven.plugins:maven-surefire-plugin:2.19:test (default-test) on project cassandra-reaper: There are test failures.
[ERROR] 
[ERROR] Please refer to /boom/scratch/tmp-rta/Bears_thelastpickle-cassandra-reaper_324455111-327555133_java-8/src/server/target/surefire-reports for the individual test results.
[ERROR] -> [Help 1]
[ERROR] 
[ERROR] To see the full stack trace of the errors, re-run Maven with the -e switch.
[ERROR] Re-run Maven using the -X switch to enable full debug logging.
[ERROR] 
[ERROR] For more information about the errors and possible solutions, please read the following articles:
[ERROR] [Help 1] http://cwiki.apache.org/confluence/display/MAVEN/MojoFailureException
