Picked up JAVA_TOOL_OPTIONS: -XX:CICompilerCount=2 -XX:ParallelGCThreads=2 -XX:ConcGCThreads=2 -Djdk.net.URLClassPath.disableClassPathURLCheck=true 
Picked up _JAVA_OPTIONS: -Djdk.net.URLClassPath.disableClassPathURLCheck=true
Apache Maven 3.5.0 (Red Hat 3.5.0-4.3)
Maven home: /opt/rh/rh-maven35/root/usr/share/maven
Java version: 1.7.0_80, vendor: Oracle Corporation
Java home: /scratch/jmcampos/RTA/repair_them_all_framework/jdks/jdk1.7.0_80/jre
Default locale: en_US, platform encoding: UTF-8
OS name: "linux", version: "4.14.125-1.el7.retpoline.x86_64", arch: "amd64", family: "unix"
[INFO] Scanning for projects...
[INFO] 
[INFO] ------------------------------------------------------------------------
[INFO] Building Oak Lucene 1.4-SNAPSHOT
[INFO] ------------------------------------------------------------------------
[INFO] Downloading: http://repository.apache.org/snapshots/org/apache/jackrabbit/oak-core/1.4-SNAPSHOT/maven-metadata.xml
[INFO] Downloading: http://repository.apache.org/snapshots/org/apache/jackrabbit/oak-parent/1.4-SNAPSHOT/maven-metadata.xml
[INFO] Downloaded: http://repository.apache.org/snapshots/org/apache/jackrabbit/oak-parent/1.4-SNAPSHOT/maven-metadata.xml (604 B at 1.8 kB/s)
[INFO] Downloading: http://repository.apache.org/snapshots/org/apache/jackrabbit/oak-commons/1.4-SNAPSHOT/maven-metadata.xml
[INFO] Downloaded: http://repository.apache.org/snapshots/org/apache/jackrabbit/oak-commons/1.4-SNAPSHOT/maven-metadata.xml (1.4 kB at 4.3 kB/s)
[INFO] Downloading: http://repository.apache.org/snapshots/org/apache/jackrabbit/oak-blob/1.4-SNAPSHOT/maven-metadata.xml
[INFO] Downloaded: http://repository.apache.org/snapshots/org/apache/jackrabbit/oak-blob/1.4-SNAPSHOT/maven-metadata.xml (1.4 kB at 4.2 kB/s)
[INFO] Downloading: http://repository.apache.org/snapshots/org/apache/jackrabbit/oak-jcr/1.4-SNAPSHOT/maven-metadata.xml
[INFO] 
[INFO] --- jacoco-maven-plugin:0.7.1.201405082137:prepare-agent (pre-unit-test) @ oak-lucene ---
[INFO] Skipping JaCoCo execution because property jacoco.skip is set.
[INFO] test.opts.coverage set to empty
[INFO] 
[INFO] --- maven-remote-resources-plugin:1.4:process (default) @ oak-lucene ---
[INFO] 
[INFO] --- maven-resources-plugin:2.6:resources (default-resources) @ oak-lucene ---
[INFO] Using 'UTF-8' encoding to copy filtered resources.
[INFO] Copying 2 resources
[INFO] Copying 3 resources
[INFO] 
[INFO] --- maven-compiler-plugin:2.5.1:compile (default-compile) @ oak-lucene ---
[INFO] Nothing to compile - all classes are up to date
[INFO] 
[INFO] --- maven-scr-plugin:1.16.0:scr (generate-scr-scrdescriptor) @ oak-lucene ---
[INFO] Generating 1 MetaType Descriptors in /tmp/Bugs.jar_Jackrabbit-Oak_17032c50_java-7/oak-lucene/target/classes/OSGI-INF/metatype/org.apache.jackrabbit.oak.plugins.index.lucene.LuceneIndexProviderService.xml
[INFO] Writing 1 Service Component Descriptors to /tmp/Bugs.jar_Jackrabbit-Oak_17032c50_java-7/oak-lucene/target/classes/OSGI-INF/org.apache.jackrabbit.oak.plugins.index.lucene.score.impl.ScorerProviderFactoryImpl.xml
[INFO] Writing 1 Service Component Descriptors to /tmp/Bugs.jar_Jackrabbit-Oak_17032c50_java-7/oak-lucene/target/classes/OSGI-INF/org.apache.jackrabbit.oak.plugins.index.lucene.LuceneIndexProviderService.xml
[INFO] 
[INFO] --- maven-resources-plugin:2.6:testResources (default-testResources) @ oak-lucene ---
[INFO] Using 'UTF-8' encoding to copy filtered resources.
[INFO] Copying 6 resources
[INFO] Copying 3 resources
[INFO] 
[INFO] --- maven-compiler-plugin:2.5.1:testCompile (default-testCompile) @ oak-lucene ---
[INFO] Nothing to compile - all classes are up to date
[INFO] 
[INFO] --- maven-surefire-plugin:2.12.4:test (default-test) @ oak-lucene ---
[INFO] Surefire report directory: /tmp/Bugs.jar_Jackrabbit-Oak_17032c50_java-7/oak-lucene/target/surefire-reports
[INFO] Downloading: https://repo.maven.apache.org/maven2/org/apache/maven/surefire/surefire-junit4/2.12.4/surefire-junit4-2.12.4.pom
[INFO] Downloaded: https://repo.maven.apache.org/maven2/org/apache/maven/surefire/surefire-junit4/2.12.4/surefire-junit4-2.12.4.pom (2.4 kB at 1.5 kB/s)
[INFO] Downloading: https://repo.maven.apache.org/maven2/org/apache/maven/surefire/surefire-providers/2.12.4/surefire-providers-2.12.4.pom
[INFO] Downloaded: https://repo.maven.apache.org/maven2/org/apache/maven/surefire/surefire-providers/2.12.4/surefire-providers-2.12.4.pom (2.3 kB at 2.0 kB/s)
[INFO] Downloading: https://repo.maven.apache.org/maven2/org/apache/maven/surefire/surefire-junit4/2.12.4/surefire-junit4-2.12.4.jar
[INFO] Downloaded: https://repo.maven.apache.org/maven2/org/apache/maven/surefire/surefire-junit4/2.12.4/surefire-junit4-2.12.4.jar (37 kB at 1.2 MB/s)

-------------------------------------------------------
 T E S T S
-------------------------------------------------------
Picked up JAVA_TOOL_OPTIONS: -XX:CICompilerCount=2 -XX:ParallelGCThreads=2 -XX:ConcGCThreads=2 -Djdk.net.URLClassPath.disableClassPathURLCheck=true -XX:CICompilerCount=2 -XX:ParallelGCThreads=2 -XX:ConcGCThreads=2 -Djdk.net.URLClassPath.disableClassPathURLCheck=true 
Picked up _JAVA_OPTIONS: -Djdk.net.URLClassPath.disableClassPathURLCheck=true
Running org.apache.jackrabbit.oak.jcr.query.MultiSessionQueryTest
Tests run: 1, Failures: 0, Errors: 0, Skipped: 0, Time elapsed: 3.08 sec
Running org.apache.jackrabbit.oak.jcr.query.ResultSizeTest
Tests run: 2, Failures: 0, Errors: 0, Skipped: 0, Time elapsed: 31.371 sec
Running org.apache.jackrabbit.oak.jcr.query.TextExtractionQueryTest
Tests run: 3, Failures: 0, Errors: 0, Skipped: 0, Time elapsed: 4.209 sec
Running org.apache.jackrabbit.oak.jcr.query.SuggestTest
Tests run: 3, Failures: 0, Errors: 0, Skipped: 0, Time elapsed: 15.331 sec
Running org.apache.jackrabbit.oak.jcr.query.SpellcheckTest
Tests run: 3, Failures: 0, Errors: 0, Skipped: 0, Time elapsed: 5.524 sec
Running org.apache.jackrabbit.oak.jcr.query.QueryFulltextTest
Tests run: 4, Failures: 0, Errors: 0, Skipped: 0, Time elapsed: 18.962 sec
Running org.apache.jackrabbit.oak.plugins.index.lucene.LuceneIndexSuggestionTest
Tests run: 1, Failures: 0, Errors: 0, Skipped: 0, Time elapsed: 0.871 sec
Running org.apache.jackrabbit.oak.plugins.index.lucene.AggregateTest
Tests run: 17, Failures: 0, Errors: 0, Skipped: 0, Time elapsed: 0.03 sec
Running org.apache.jackrabbit.oak.plugins.index.lucene.LuceneIndexEditorTest
Tests run: 9, Failures: 0, Errors: 0, Skipped: 1, Time elapsed: 1.908 sec
Running org.apache.jackrabbit.oak.plugins.index.lucene.LuceneIndexLookupTest
Tests run: 2, Failures: 0, Errors: 0, Skipped: 0, Time elapsed: 0.001 sec
Running org.apache.jackrabbit.oak.plugins.index.lucene.LuceneIndexProviderServiceTest
Tests run: 6, Failures: 0, Errors: 0, Skipped: 0, Time elapsed: 0.968 sec
Running org.apache.jackrabbit.oak.plugins.index.lucene.IndexPlannerTest
Tests run: 23, Failures: 0, Errors: 0, Skipped: 0, Time elapsed: 0.281 sec
Running org.apache.jackrabbit.oak.plugins.index.lucene.IndexDefinitionTest
Tests run: 40, Failures: 0, Errors: 0, Skipped: 0, Time elapsed: 0.483 sec
Running org.apache.jackrabbit.oak.plugins.index.lucene.LuceneIndexQueryTest
Tests run: 21, Failures: 0, Errors: 0, Skipped: 3, Time elapsed: 20.632 sec
Running org.apache.jackrabbit.oak.plugins.index.lucene.OakDirectoryTest
Tests run: 7, Failures: 0, Errors: 0, Skipped: 0, Time elapsed: 0.219 sec
Running org.apache.jackrabbit.oak.plugins.index.lucene.IndexCopierTest
Tests run: 21, Failures: 0, Errors: 0, Skipped: 0, Time elapsed: 6.28 sec
Running org.apache.jackrabbit.oak.plugins.index.lucene.LuceneIndexTest
Tests run: 19, Failures: 0, Errors: 1, Skipped: 0, Time elapsed: 15.173 sec <<< FAILURE!
indexNodeLockHandling(org.apache.jackrabbit.oak.plugins.index.lucene.LuceneIndexTest)  Time elapsed: 0.084 sec  <<< ERROR!
java.lang.IllegalMonitorStateException: attempt to unlock read lock, not locked by current thread
	at java.util.concurrent.locks.ReentrantReadWriteLock$Sync.unmatchedUnlockException(ReentrantReadWriteLock.java:447)
	at java.util.concurrent.locks.ReentrantReadWriteLock$Sync.tryReleaseShared(ReentrantReadWriteLock.java:431)
	at java.util.concurrent.locks.AbstractQueuedSynchronizer.releaseShared(AbstractQueuedSynchronizer.java:1340)
	at java.util.concurrent.locks.ReentrantReadWriteLock$ReadLock.unlock(ReentrantReadWriteLock.java:883)
	at org.apache.jackrabbit.oak.plugins.index.lucene.IndexNode.release(IndexNode.java:121)
	at org.apache.jackrabbit.oak.plugins.index.lucene.LucenePropertyIndex.getPlans(LucenePropertyIndex.java:222)
	at org.apache.jackrabbit.oak.plugins.index.lucene.LuceneIndexTest.indexNodeLockHandling(LuceneIndexTest.java:866)
	at sun.reflect.NativeMethodAccessorImpl.invoke0(Native Method)
	at sun.reflect.NativeMethodAccessorImpl.invoke(NativeMethodAccessorImpl.java:57)
	at sun.reflect.DelegatingMethodAccessorImpl.invoke(DelegatingMethodAccessorImpl.java:43)
	at java.lang.reflect.Method.invoke(Method.java:606)
	at org.junit.runners.model.FrameworkMethod$1.runReflectiveCall(FrameworkMethod.java:45)
	at org.junit.internal.runners.model.ReflectiveCallable.run(ReflectiveCallable.java:15)
	at org.junit.runners.model.FrameworkMethod.invokeExplosively(FrameworkMethod.java:42)
	at org.junit.internal.runners.statements.InvokeMethod.evaluate(InvokeMethod.java:20)
	at org.junit.internal.runners.statements.RunAfters.evaluate(RunAfters.java:30)
	at org.junit.runners.ParentRunner.runLeaf(ParentRunner.java:263)
	at org.junit.runners.BlockJUnit4ClassRunner.runChild(BlockJUnit4ClassRunner.java:68)
	at org.junit.runners.BlockJUnit4ClassRunner.runChild(BlockJUnit4ClassRunner.java:47)
	at org.junit.runners.ParentRunner$3.run(ParentRunner.java:231)
	at org.junit.runners.ParentRunner$1.schedule(ParentRunner.java:60)
	at org.junit.runners.ParentRunner.runChildren(ParentRunner.java:229)
	at org.junit.runners.ParentRunner.access$000(ParentRunner.java:50)
	at org.junit.runners.ParentRunner$2.evaluate(ParentRunner.java:222)
	at org.junit.runners.ParentRunner.run(ParentRunner.java:300)
	at org.apache.maven.surefire.junit4.JUnit4Provider.execute(JUnit4Provider.java:252)
	at org.apache.maven.surefire.junit4.JUnit4Provider.executeTestSet(JUnit4Provider.java:141)
	at org.apache.maven.surefire.junit4.JUnit4Provider.invoke(JUnit4Provider.java:112)
	at sun.reflect.NativeMethodAccessorImpl.invoke0(Native Method)
	at sun.reflect.NativeMethodAccessorImpl.invoke(NativeMethodAccessorImpl.java:57)
	at sun.reflect.DelegatingMethodAccessorImpl.invoke(DelegatingMethodAccessorImpl.java:43)
	at java.lang.reflect.Method.invoke(Method.java:606)
	at org.apache.maven.surefire.util.ReflectionUtils.invokeMethodWithArray(ReflectionUtils.java:189)
	at org.apache.maven.surefire.booter.ProviderFactory$ProviderProxy.invoke(ProviderFactory.java:165)
	at org.apache.maven.surefire.booter.ProviderFactory.invokeProvider(ProviderFactory.java:85)
	at org.apache.maven.surefire.booter.ForkedBooter.runSuitesInProcess(ForkedBooter.java:115)
	at org.apache.maven.surefire.booter.ForkedBooter.main(ForkedBooter.java:75)

Running org.apache.jackrabbit.oak.plugins.index.lucene.LucenePropertyIndexTest
Tests run: 61, Failures: 0, Errors: 0, Skipped: 0, Time elapsed: 49.209 sec
Running org.apache.jackrabbit.oak.plugins.index.lucene.LuceneBlobCacheTest
Tests run: 1, Failures: 0, Errors: 0, Skipped: 0, Time elapsed: 3.122 sec
Running org.apache.jackrabbit.oak.plugins.index.lucene.LuceneIndexAggregationTest
Tests run: 9, Failures: 0, Errors: 0, Skipped: 0, Time elapsed: 7.45 sec
Running org.apache.jackrabbit.oak.plugins.index.lucene.LuceneIndexExclusionQueryTest
Tests run: 2, Failures: 0, Errors: 0, Skipped: 0, Time elapsed: 0.438 sec
Running org.apache.jackrabbit.oak.plugins.index.lucene.NodeStateAnalyzerFactoryTest
Tests run: 7, Failures: 0, Errors: 0, Skipped: 0, Time elapsed: 0.025 sec

Results :

Tests in error: 
  indexNodeLockHandling(org.apache.jackrabbit.oak.plugins.index.lucene.LuceneIndexTest): attempt to unlock read lock, not locked by current thread

Tests run: 262, Failures: 0, Errors: 1, Skipped: 4

[INFO] ------------------------------------------------------------------------
[INFO] BUILD FAILURE
[INFO] ------------------------------------------------------------------------
[INFO] Total time: 03:25 min
[INFO] Finished at: 2020-03-10T05:41:18-07:00
[INFO] Final Memory: 34M/1238M
[INFO] ------------------------------------------------------------------------
[ERROR] Failed to execute goal org.apache.maven.plugins:maven-surefire-plugin:2.12.4:test (default-test) on project oak-lucene: There are test failures.
[ERROR] 
[ERROR] Please refer to /tmp/Bugs.jar_Jackrabbit-Oak_17032c50_java-7/oak-lucene/target/surefire-reports for the individual test results.
[ERROR] -> [Help 1]
[ERROR] 
[ERROR] To see the full stack trace of the errors, re-run Maven with the -e switch.
[ERROR] Re-run Maven using the -X switch to enable full debug logging.
[ERROR] 
[ERROR] For more information about the errors and possible solutions, please read the following articles:
[ERROR] [Help 1] http://cwiki.apache.org/confluence/display/MAVEN/MojoFailureException
