Picked up JAVA_TOOL_OPTIONS: -XX:CICompilerCount=2 -XX:ParallelGCThreads=2 -XX:ConcGCThreads=2 -Djdk.net.URLClassPath.disableClassPathURLCheck=true 
Java HotSpot(TM) 64-Bit Server VM warning: ignoring option MaxPermSize=512m; support was removed in 8.0
Picked up _JAVA_OPTIONS: -Djdk.net.URLClassPath.disableClassPathURLCheck=true
Apache Maven 3.5.0 (Red Hat 3.5.0-4.3)
Maven home: /opt/rh/rh-maven35/root/usr/share/maven
Java version: 1.8.0_181, vendor: Oracle Corporation
Java home: /scratch/jmcampos/RTA/repair_them_all_framework/jdks/jdk1.8.0_181/jre
Default locale: en_US, platform encoding: UTF-8
OS name: "linux", version: "4.14.158-1.el7.retpoline.x86_64", arch: "amd64", family: "unix"
[INFO] Scanning for projects...
[INFO] 
[INFO] ------------------------------------------------------------------------
[INFO] Building Oak Lucene 1.1-SNAPSHOT
[INFO] ------------------------------------------------------------------------
[INFO] Downloading: http://repository.apache.org/snapshots/org/apache/jackrabbit/oak-core/1.1-SNAPSHOT/maven-metadata.xml
[INFO] Downloading: http://repository.apache.org/snapshots/org/apache/jackrabbit/oak-parent/1.1-SNAPSHOT/maven-metadata.xml
[INFO] Downloading: http://repository.apache.org/snapshots/org/apache/jackrabbit/oak-mk-api/1.1-SNAPSHOT/maven-metadata.xml
[INFO] Downloading: http://repository.apache.org/snapshots/org/apache/jackrabbit/oak-commons/1.1-SNAPSHOT/maven-metadata.xml
[INFO] Downloaded: http://repository.apache.org/snapshots/org/apache/jackrabbit/oak-commons/1.1-SNAPSHOT/maven-metadata.xml (986 B at 2.8 kB/s)
[INFO] Downloading: http://repository.apache.org/snapshots/org/apache/jackrabbit/oak-blob/1.1-SNAPSHOT/maven-metadata.xml
[INFO] Downloading: http://repository.apache.org/snapshots/org/apache/jackrabbit/oak-jcr/1.1-SNAPSHOT/maven-metadata.xml
[INFO] 
[INFO] --- jacoco-maven-plugin:0.7.1.201405082137:prepare-agent (pre-unit-test) @ oak-lucene ---
[INFO] Skipping JaCoCo execution because property jacoco.skip is set.
[INFO] test.opts.coverage set to empty
[INFO] 
[INFO] --- maven-remote-resources-plugin:1.4:process (default) @ oak-lucene ---
[INFO] 
[INFO] --- maven-resources-plugin:2.6:resources (default-resources) @ oak-lucene ---
[INFO] Using 'UTF-8' encoding to copy filtered resources.
[INFO] Copying 1 resource
[INFO] Copying 3 resources
[INFO] 
[INFO] --- maven-compiler-plugin:2.5.1:compile (default-compile) @ oak-lucene ---
[INFO] Nothing to compile - all classes are up to date
[INFO] 
[INFO] --- maven-scr-plugin:1.16.0:scr (generate-scr-scrdescriptor) @ oak-lucene ---
[INFO] Generating 1 MetaType Descriptors in /scratch/tmp-rta/Bugs.jar_Jackrabbit-Oak_beaca1a4_java-8/oak-lucene/target/classes/OSGI-INF/metatype/org.apache.jackrabbit.oak.plugins.index.lucene.LuceneIndexProviderService.xml
[INFO] Writing 1 Service Component Descriptors to /scratch/tmp-rta/Bugs.jar_Jackrabbit-Oak_beaca1a4_java-8/oak-lucene/target/classes/OSGI-INF/org.apache.jackrabbit.oak.plugins.index.lucene.LuceneIndexEditorProvider.xml
[INFO] Writing 1 Service Component Descriptors to /scratch/tmp-rta/Bugs.jar_Jackrabbit-Oak_beaca1a4_java-8/oak-lucene/target/classes/OSGI-INF/org.apache.jackrabbit.oak.plugins.index.lucene.LuceneIndexProviderService.xml
[INFO] 
[INFO] --- maven-resources-plugin:2.6:testResources (default-testResources) @ oak-lucene ---
[INFO] Using 'UTF-8' encoding to copy filtered resources.
[INFO] Copying 5 resources
[INFO] Copying 3 resources
[INFO] 
[INFO] --- maven-compiler-plugin:2.5.1:testCompile (default-testCompile) @ oak-lucene ---
[INFO] Nothing to compile - all classes are up to date
[INFO] 
[INFO] --- maven-surefire-plugin:2.12.4:test (default-test) @ oak-lucene ---
[INFO] Surefire report directory: /scratch/tmp-rta/Bugs.jar_Jackrabbit-Oak_beaca1a4_java-8/oak-lucene/target/surefire-reports
[INFO] Downloading: https://repo.maven.apache.org/maven2/org/apache/maven/surefire/surefire-junit4/2.12.4/surefire-junit4-2.12.4.pom
[INFO] Downloaded: https://repo.maven.apache.org/maven2/org/apache/maven/surefire/surefire-junit4/2.12.4/surefire-junit4-2.12.4.pom (2.4 kB at 3.7 kB/s)
[INFO] Downloading: https://repo.maven.apache.org/maven2/org/apache/maven/surefire/surefire-providers/2.12.4/surefire-providers-2.12.4.pom
[INFO] Downloaded: https://repo.maven.apache.org/maven2/org/apache/maven/surefire/surefire-providers/2.12.4/surefire-providers-2.12.4.pom (2.3 kB at 69 kB/s)
[INFO] Downloading: https://repo.maven.apache.org/maven2/org/apache/maven/surefire/surefire-junit4/2.12.4/surefire-junit4-2.12.4.jar
[INFO] Downloaded: https://repo.maven.apache.org/maven2/org/apache/maven/surefire/surefire-junit4/2.12.4/surefire-junit4-2.12.4.jar (37 kB at 73 kB/s)

-------------------------------------------------------
 T E S T S
-------------------------------------------------------
Picked up JAVA_TOOL_OPTIONS: -XX:CICompilerCount=2 -XX:ParallelGCThreads=2 -XX:ConcGCThreads=2 -Djdk.net.URLClassPath.disableClassPathURLCheck=true -XX:CICompilerCount=2 -XX:ParallelGCThreads=2 -XX:ConcGCThreads=2 -Djdk.net.URLClassPath.disableClassPathURLCheck=true 
Picked up _JAVA_OPTIONS: -Djdk.net.URLClassPath.disableClassPathURLCheck=true
Running org.apache.jackrabbit.oak.jcr.query.QueryJcrTest
Tests run: 218, Failures: 0, Errors: 0, Skipped: 0, Time elapsed: 269.523 sec
Running org.apache.jackrabbit.oak.jcr.query.QueryFulltextTest
Tests run: 4, Failures: 0, Errors: 0, Skipped: 0, Time elapsed: 4.058 sec
Running org.apache.jackrabbit.oak.jcr.query.TextExtractionQueryTest
Tests run: 2, Failures: 0, Errors: 0, Skipped: 0, Time elapsed: 3.043 sec
Running org.apache.jackrabbit.oak.jcr.query.MultiSessionQueryTest
Tests run: 1, Failures: 0, Errors: 0, Skipped: 0, Time elapsed: 0.248 sec
Running org.apache.jackrabbit.oak.plugins.index.lucene.LuceneIndexLookupTest
Tests run: 2, Failures: 0, Errors: 0, Skipped: 0, Time elapsed: 0 sec
Running org.apache.jackrabbit.oak.plugins.index.lucene.IndexCopierTest
Tests run: 4, Failures: 0, Errors: 0, Skipped: 0, Time elapsed: 0.036 sec
Running org.apache.jackrabbit.oak.plugins.index.lucene.LuceneIndexExclusionQueryTest
Tests run: 2, Failures: 0, Errors: 0, Skipped: 0, Time elapsed: 0.525 sec
Running org.apache.jackrabbit.oak.plugins.index.lucene.IndexDefinitionTest
Tests run: 26, Failures: 0, Errors: 0, Skipped: 0, Time elapsed: 0.028 sec
Running org.apache.jackrabbit.oak.plugins.index.lucene.LuceneIndexTest
Tests run: 10, Failures: 0, Errors: 0, Skipped: 0, Time elapsed: 26.659 sec
Running org.apache.jackrabbit.oak.plugins.index.lucene.NodeStateAnalyzerFactoryTest
Tests run: 7, Failures: 0, Errors: 0, Skipped: 0, Time elapsed: 0.033 sec
Running org.apache.jackrabbit.oak.plugins.index.lucene.AggregateTest
Tests run: 17, Failures: 0, Errors: 0, Skipped: 0, Time elapsed: 0.019 sec
Running org.apache.jackrabbit.oak.plugins.index.lucene.LuceneIndexEditorTest
Tests run: 7, Failures: 0, Errors: 0, Skipped: 0, Time elapsed: 0.709 sec
Running org.apache.jackrabbit.oak.plugins.index.lucene.LucenePropertyIndexTest
Tests run: 34, Failures: 0, Errors: 0, Skipped: 1, Time elapsed: 2.649 sec
Running org.apache.jackrabbit.oak.plugins.index.lucene.IndexPlannerTest
Tests run: 13, Failures: 1, Errors: 0, Skipped: 0, Time elapsed: 0.111 sec <<< FAILURE!
noPlanForSortOnlyByScore(org.apache.jackrabbit.oak.plugins.index.lucene.IndexPlannerTest)  Time elapsed: 0.007 sec  <<< FAILURE!
java.lang.AssertionError
	at org.junit.Assert.fail(Assert.java:92)
	at org.junit.Assert.assertTrue(Assert.java:43)
	at org.junit.Assert.assertNull(Assert.java:551)
	at org.junit.Assert.assertNull(Assert.java:562)
	at org.apache.jackrabbit.oak.plugins.index.lucene.IndexPlannerTest.noPlanForSortOnlyByScore(IndexPlannerTest.java:91)
	at sun.reflect.NativeMethodAccessorImpl.invoke0(Native Method)
	at sun.reflect.NativeMethodAccessorImpl.invoke(NativeMethodAccessorImpl.java:62)
	at sun.reflect.DelegatingMethodAccessorImpl.invoke(DelegatingMethodAccessorImpl.java:43)
	at java.lang.reflect.Method.invoke(Method.java:498)
	at org.junit.runners.model.FrameworkMethod$1.runReflectiveCall(FrameworkMethod.java:45)
	at org.junit.internal.runners.model.ReflectiveCallable.run(ReflectiveCallable.java:15)
	at org.junit.runners.model.FrameworkMethod.invokeExplosively(FrameworkMethod.java:42)
	at org.junit.internal.runners.statements.InvokeMethod.evaluate(InvokeMethod.java:20)
	at org.junit.runners.ParentRunner.runLeaf(ParentRunner.java:263)
	at org.junit.runners.BlockJUnit4ClassRunner.runChild(BlockJUnit4ClassRunner.java:68)
	at org.junit.runners.BlockJUnit4ClassRunner.runChild(BlockJUnit4ClassRunner.java:47)
	at org.junit.runners.ParentRunner$3.run(ParentRunner.java:231)
	at org.junit.runners.ParentRunner$1.schedule(ParentRunner.java:60)
	at org.junit.runners.ParentRunner.runChildren(ParentRunner.java:229)
	at org.junit.runners.ParentRunner.access$000(ParentRunner.java:50)
	at org.junit.runners.ParentRunner$2.evaluate(ParentRunner.java:222)
	at org.junit.runners.ParentRunner.run(ParentRunner.java:300)
	at org.apache.maven.surefire.junit4.JUnit4Provider.execute(JUnit4Provider.java:252)
	at org.apache.maven.surefire.junit4.JUnit4Provider.executeTestSet(JUnit4Provider.java:141)
	at org.apache.maven.surefire.junit4.JUnit4Provider.invoke(JUnit4Provider.java:112)
	at sun.reflect.NativeMethodAccessorImpl.invoke0(Native Method)
	at sun.reflect.NativeMethodAccessorImpl.invoke(NativeMethodAccessorImpl.java:62)
	at sun.reflect.DelegatingMethodAccessorImpl.invoke(DelegatingMethodAccessorImpl.java:43)
	at java.lang.reflect.Method.invoke(Method.java:498)
	at org.apache.maven.surefire.util.ReflectionUtils.invokeMethodWithArray(ReflectionUtils.java:189)
	at org.apache.maven.surefire.booter.ProviderFactory$ProviderProxy.invoke(ProviderFactory.java:165)
	at org.apache.maven.surefire.booter.ProviderFactory.invokeProvider(ProviderFactory.java:85)
	at org.apache.maven.surefire.booter.ForkedBooter.runSuitesInProcess(ForkedBooter.java:115)
	at org.apache.maven.surefire.booter.ForkedBooter.main(ForkedBooter.java:75)

Running org.apache.jackrabbit.oak.plugins.index.lucene.OakDirectoryTest
Tests run: 4, Failures: 0, Errors: 0, Skipped: 0, Time elapsed: 0.149 sec
Running org.apache.jackrabbit.oak.plugins.index.lucene.LuceneIndexAggregationTest
Tests run: 9, Failures: 0, Errors: 0, Skipped: 0, Time elapsed: 4.67 sec
Running org.apache.jackrabbit.oak.plugins.index.lucene.LuceneIndexQueryTest
Tests run: 19, Failures: 0, Errors: 0, Skipped: 2, Time elapsed: 14.368 sec

Results :

Failed tests:   noPlanForSortOnlyByScore(org.apache.jackrabbit.oak.plugins.index.lucene.IndexPlannerTest)

Tests run: 379, Failures: 1, Errors: 0, Skipped: 3

[INFO] ------------------------------------------------------------------------
[INFO] BUILD FAILURE
[INFO] ------------------------------------------------------------------------
[INFO] Total time: 05:46 min
[INFO] Finished at: 2020-03-13T18:43:18-07:00
[INFO] Final Memory: 31M/1023M
[INFO] ------------------------------------------------------------------------
[ERROR] Failed to execute goal org.apache.maven.plugins:maven-surefire-plugin:2.12.4:test (default-test) on project oak-lucene: There are test failures.
[ERROR] 
[ERROR] Please refer to /scratch/tmp-rta/Bugs.jar_Jackrabbit-Oak_beaca1a4_java-8/oak-lucene/target/surefire-reports for the individual test results.
[ERROR] -> [Help 1]
[ERROR] 
[ERROR] To see the full stack trace of the errors, re-run Maven with the -e switch.
[ERROR] Re-run Maven using the -X switch to enable full debug logging.
[ERROR] 
[ERROR] For more information about the errors and possible solutions, please read the following articles:
[ERROR] [Help 1] http://cwiki.apache.org/confluence/display/MAVEN/MojoFailureException
