Picked up JAVA_TOOL_OPTIONS: -XX:CICompilerCount=2 -XX:ParallelGCThreads=2 -XX:ConcGCThreads=2 -Djdk.net.URLClassPath.disableClassPathURLCheck=true 
Java HotSpot(TM) 64-Bit Server VM warning: ignoring option MaxPermSize=512m; support was removed in 8.0
Picked up _JAVA_OPTIONS: -Djdk.net.URLClassPath.disableClassPathURLCheck=true
Apache Maven 3.5.0 (Red Hat 3.5.0-4.3)
Maven home: /opt/rh/rh-maven35/root/usr/share/maven
Java version: 1.8.0_181, vendor: Oracle Corporation
Java home: /scratch/jmcampos/RTA/repair_them_all_framework/jdks/jdk1.8.0_181/jre
Default locale: en_US, platform encoding: UTF-8
OS name: "linux", version: "4.14.125-1.el7.retpoline.x86_64", arch: "amd64", family: "unix"
[INFO] Scanning for projects...
[INFO] 
[INFO] ------------------------------------------------------------------------
[INFO] Building Apache Log4J Core 2.0-beta4-SNAPSHOT
[INFO] ------------------------------------------------------------------------
[INFO] Downloading: http://repository.apache.org/snapshots/org/apache/logging/log4j/log4j-api/2.0-beta4-SNAPSHOT/maven-metadata.xml
[INFO] Downloading: http://repository.apache.org/snapshots/org/apache/logging/log4j/log4j/2.0-beta4-SNAPSHOT/maven-metadata.xml
[INFO] 
[INFO] --- maven-remote-resources-plugin:1.1:process (default) @ log4j-core ---
[INFO] Setting property: classpath.resource.loader.class => 'org.codehaus.plexus.velocity.ContextClassLoaderResourceLoader'.
[INFO] Setting property: velocimacro.messages.on => 'false'.
[INFO] Setting property: resource.loader => 'classpath'.
[INFO] Setting property: resource.manager.logwhenfound => 'false'.
[INFO] 
[INFO] --- maven-resources-plugin:2.5:resources (default-resources) @ log4j-core ---
[debug] execute contextualize
[INFO] Using 'UTF-8' encoding to copy filtered resources.
[INFO] Copying 2 resources
[INFO] Copying 3 resources
[INFO] 
[INFO] --- maven-compiler-plugin:2.3.2:compile (default-compile) @ log4j-core ---
[INFO] Compiling 17 source files to /scratch/tmp-rta/Bugs.jar_Logging-Log4J2_fc3e9d2d_java-8/core/target/classes
[INFO] 
[INFO] --- maven-bundle-plugin:2.3.7:manifest (bundle-manifest) @ log4j-core ---
[INFO] 
[INFO] >>> exec-maven-plugin:1.2.1:java (default) > validate @ log4j-core >>>
[INFO] 
[INFO] <<< exec-maven-plugin:1.2.1:java (default) < validate @ log4j-core <<<
[INFO] 
[INFO] 
[INFO] --- exec-maven-plugin:1.2.1:java (default) @ log4j-core ---
[INFO] 
[INFO] --- maven-resources-plugin:2.5:testResources (default-testResources) @ log4j-core ---
[debug] execute contextualize
[INFO] Using 'UTF-8' encoding to copy filtered resources.
[INFO] Copying 51 resources
[INFO] Copying 3 resources
[INFO] 
[INFO] --- maven-compiler-plugin:2.3.2:testCompile (default-testCompile) @ log4j-core ---
[INFO] Nothing to compile - all classes are up to date
[INFO] 
[INFO] --- maven-surefire-plugin:2.12.4:test (default-test) @ log4j-core ---
[INFO] Surefire report directory: /scratch/tmp-rta/Bugs.jar_Logging-Log4J2_fc3e9d2d_java-8/core/target/surefire-reports
[INFO] Downloading: https://repository.apache.org/content/repositories/releases/org/apache/maven/surefire/surefire-junit4/2.12.4/surefire-junit4-2.12.4.pom
[INFO] Downloaded: https://repository.apache.org/content/repositories/releases/org/apache/maven/surefire/surefire-junit4/2.12.4/surefire-junit4-2.12.4.pom (2.4 kB at 1.8 kB/s)
[INFO] Downloading: https://repository.apache.org/content/repositories/releases/org/apache/maven/surefire/surefire-providers/2.12.4/surefire-providers-2.12.4.pom
[INFO] Downloaded: https://repository.apache.org/content/repositories/releases/org/apache/maven/surefire/surefire-providers/2.12.4/surefire-providers-2.12.4.pom (2.3 kB at 3.3 kB/s)
[INFO] Downloading: https://repository.apache.org/content/repositories/releases/org/apache/maven/surefire/surefire-junit4/2.12.4/surefire-junit4-2.12.4.jar
[INFO] Downloaded: https://repository.apache.org/content/repositories/releases/org/apache/maven/surefire/surefire-junit4/2.12.4/surefire-junit4-2.12.4.jar (37 kB at 33 kB/s)

-------------------------------------------------------
 T E S T S
-------------------------------------------------------

-------------------------------------------------------
 T E S T S
-------------------------------------------------------
Picked up JAVA_TOOL_OPTIONS: -XX:CICompilerCount=2 -XX:ParallelGCThreads=2 -XX:ConcGCThreads=2 -Djdk.net.URLClassPath.disableClassPathURLCheck=true -XX:CICompilerCount=2 -XX:ParallelGCThreads=2 -XX:ConcGCThreads=2 -Djdk.net.URLClassPath.disableClassPathURLCheck=true 
Picked up _JAVA_OPTIONS: -Djdk.net.URLClassPath.disableClassPathURLCheck=true
Running org.apache.logging.log4j.core.lookup.StrSubstitutorTest
Tests run: 1, Failures: 0, Errors: 0, Skipped: 0, Time elapsed: 0.194 sec
Picked up JAVA_TOOL_OPTIONS: -XX:CICompilerCount=2 -XX:ParallelGCThreads=2 -XX:ConcGCThreads=2 -Djdk.net.URLClassPath.disableClassPathURLCheck=true -XX:CICompilerCount=2 -XX:ParallelGCThreads=2 -XX:ConcGCThreads=2 -Djdk.net.URLClassPath.disableClassPathURLCheck=true 
Picked up _JAVA_OPTIONS: -Djdk.net.URLClassPath.disableClassPathURLCheck=true
Running org.apache.logging.log4j.core.lookup.SystemPropertiesLookupTest
Tests run: 1, Failures: 0, Errors: 0, Skipped: 0, Time elapsed: 0.074 sec
Picked up JAVA_TOOL_OPTIONS: -XX:CICompilerCount=2 -XX:ParallelGCThreads=2 -XX:ConcGCThreads=2 -Djdk.net.URLClassPath.disableClassPathURLCheck=true -XX:CICompilerCount=2 -XX:ParallelGCThreads=2 -XX:ConcGCThreads=2 -Djdk.net.URLClassPath.disableClassPathURLCheck=true 
Picked up _JAVA_OPTIONS: -Djdk.net.URLClassPath.disableClassPathURLCheck=true
Running org.apache.logging.log4j.core.lookup.DateLookupTest
Tests run: 1, Failures: 0, Errors: 0, Skipped: 0, Time elapsed: 0.144 sec
Picked up JAVA_TOOL_OPTIONS: -XX:CICompilerCount=2 -XX:ParallelGCThreads=2 -XX:ConcGCThreads=2 -Djdk.net.URLClassPath.disableClassPathURLCheck=true -XX:CICompilerCount=2 -XX:ParallelGCThreads=2 -XX:ConcGCThreads=2 -Djdk.net.URLClassPath.disableClassPathURLCheck=true 
Picked up _JAVA_OPTIONS: -Djdk.net.URLClassPath.disableClassPathURLCheck=true
Running org.apache.logging.log4j.core.lookup.ContextMapLookupTest
Tests run: 1, Failures: 0, Errors: 0, Skipped: 0, Time elapsed: 0.062 sec
Picked up JAVA_TOOL_OPTIONS: -XX:CICompilerCount=2 -XX:ParallelGCThreads=2 -XX:ConcGCThreads=2 -Djdk.net.URLClassPath.disableClassPathURLCheck=true -XX:CICompilerCount=2 -XX:ParallelGCThreads=2 -XX:ConcGCThreads=2 -Djdk.net.URLClassPath.disableClassPathURLCheck=true 
Picked up _JAVA_OPTIONS: -Djdk.net.URLClassPath.disableClassPathURLCheck=true
Running org.apache.logging.log4j.core.lookup.StructuredDataLookupTest
Tests run: 1, Failures: 0, Errors: 0, Skipped: 0, Time elapsed: 0.071 sec
Picked up JAVA_TOOL_OPTIONS: -XX:CICompilerCount=2 -XX:ParallelGCThreads=2 -XX:ConcGCThreads=2 -Djdk.net.URLClassPath.disableClassPathURLCheck=true -XX:CICompilerCount=2 -XX:ParallelGCThreads=2 -XX:ConcGCThreads=2 -Djdk.net.URLClassPath.disableClassPathURLCheck=true 
Picked up _JAVA_OPTIONS: -Djdk.net.URLClassPath.disableClassPathURLCheck=true
Running org.apache.logging.log4j.core.lookup.InterpolatorTest
Tests run: 1, Failures: 0, Errors: 0, Skipped: 0, Time elapsed: 0.201 sec
Picked up JAVA_TOOL_OPTIONS: -XX:CICompilerCount=2 -XX:ParallelGCThreads=2 -XX:ConcGCThreads=2 -Djdk.net.URLClassPath.disableClassPathURLCheck=true -XX:CICompilerCount=2 -XX:ParallelGCThreads=2 -XX:ConcGCThreads=2 -Djdk.net.URLClassPath.disableClassPathURLCheck=true 
Picked up _JAVA_OPTIONS: -Djdk.net.URLClassPath.disableClassPathURLCheck=true
Running org.apache.logging.log4j.core.lookup.EnvironmentLookupTest
Tests run: 1, Failures: 0, Errors: 0, Skipped: 0, Time elapsed: 0.066 sec
Picked up JAVA_TOOL_OPTIONS: -XX:CICompilerCount=2 -XX:ParallelGCThreads=2 -XX:ConcGCThreads=2 -Djdk.net.URLClassPath.disableClassPathURLCheck=true -XX:CICompilerCount=2 -XX:ParallelGCThreads=2 -XX:ConcGCThreads=2 -Djdk.net.URLClassPath.disableClassPathURLCheck=true 
Picked up _JAVA_OPTIONS: -Djdk.net.URLClassPath.disableClassPathURLCheck=true
Running org.apache.logging.log4j.core.filter.RegexFilterTest
Tests run: 1, Failures: 0, Errors: 0, Skipped: 0, Time elapsed: 0.116 sec
Picked up JAVA_TOOL_OPTIONS: -XX:CICompilerCount=2 -XX:ParallelGCThreads=2 -XX:ConcGCThreads=2 -Djdk.net.URLClassPath.disableClassPathURLCheck=true -XX:CICompilerCount=2 -XX:ParallelGCThreads=2 -XX:ConcGCThreads=2 -Djdk.net.URLClassPath.disableClassPathURLCheck=true 
Picked up _JAVA_OPTIONS: -Djdk.net.URLClassPath.disableClassPathURLCheck=true
Running org.apache.logging.log4j.core.filter.StructuredDataFilterTest
Tests run: 2, Failures: 0, Errors: 0, Skipped: 0, Time elapsed: 0.362 sec
Picked up JAVA_TOOL_OPTIONS: -XX:CICompilerCount=2 -XX:ParallelGCThreads=2 -XX:ConcGCThreads=2 -Djdk.net.URLClassPath.disableClassPathURLCheck=true -XX:CICompilerCount=2 -XX:ParallelGCThreads=2 -XX:ConcGCThreads=2 -Djdk.net.URLClassPath.disableClassPathURLCheck=true 
Picked up _JAVA_OPTIONS: -Djdk.net.URLClassPath.disableClassPathURLCheck=true
Running org.apache.logging.log4j.core.filter.MapFilterTest
Tests run: 2, Failures: 0, Errors: 0, Skipped: 0, Time elapsed: 0.44 sec
Picked up JAVA_TOOL_OPTIONS: -XX:CICompilerCount=2 -XX:ParallelGCThreads=2 -XX:ConcGCThreads=2 -Djdk.net.URLClassPath.disableClassPathURLCheck=true -XX:CICompilerCount=2 -XX:ParallelGCThreads=2 -XX:ConcGCThreads=2 -Djdk.net.URLClassPath.disableClassPathURLCheck=true 
Picked up _JAVA_OPTIONS: -Djdk.net.URLClassPath.disableClassPathURLCheck=true
Running org.apache.logging.log4j.core.filter.BurstFilterTest
Tests run: 1, Failures: 0, Errors: 0, Skipped: 0, Time elapsed: 7.207 sec
Picked up JAVA_TOOL_OPTIONS: -XX:CICompilerCount=2 -XX:ParallelGCThreads=2 -XX:ConcGCThreads=2 -Djdk.net.URLClassPath.disableClassPathURLCheck=true -XX:CICompilerCount=2 -XX:ParallelGCThreads=2 -XX:ConcGCThreads=2 -Djdk.net.URLClassPath.disableClassPathURLCheck=true 
Picked up _JAVA_OPTIONS: -Djdk.net.URLClassPath.disableClassPathURLCheck=true
Running org.apache.logging.log4j.core.filter.ThreadContextMapFilterTest
Tests run: 1, Failures: 0, Errors: 0, Skipped: 0, Time elapsed: 0.087 sec
Picked up JAVA_TOOL_OPTIONS: -XX:CICompilerCount=2 -XX:ParallelGCThreads=2 -XX:ConcGCThreads=2 -Djdk.net.URLClassPath.disableClassPathURLCheck=true -XX:CICompilerCount=2 -XX:ParallelGCThreads=2 -XX:ConcGCThreads=2 -Djdk.net.URLClassPath.disableClassPathURLCheck=true 
Picked up _JAVA_OPTIONS: -Djdk.net.URLClassPath.disableClassPathURLCheck=true
Running org.apache.logging.log4j.core.filter.MarkerFilterTest
Tests run: 1, Failures: 0, Errors: 0, Skipped: 0, Time elapsed: 0.088 sec
Picked up JAVA_TOOL_OPTIONS: -XX:CICompilerCount=2 -XX:ParallelGCThreads=2 -XX:ConcGCThreads=2 -Djdk.net.URLClassPath.disableClassPathURLCheck=true -XX:CICompilerCount=2 -XX:ParallelGCThreads=2 -XX:ConcGCThreads=2 -Djdk.net.URLClassPath.disableClassPathURLCheck=true 
Picked up _JAVA_OPTIONS: -Djdk.net.URLClassPath.disableClassPathURLCheck=true
Running org.apache.logging.log4j.core.filter.DynamicThresholdFilterTest
Tests run: 2, Failures: 0, Errors: 0, Skipped: 0, Time elapsed: 0.419 sec
Picked up JAVA_TOOL_OPTIONS: -XX:CICompilerCount=2 -XX:ParallelGCThreads=2 -XX:ConcGCThreads=2 -Djdk.net.URLClassPath.disableClassPathURLCheck=true -XX:CICompilerCount=2 -XX:ParallelGCThreads=2 -XX:ConcGCThreads=2 -Djdk.net.URLClassPath.disableClassPathURLCheck=true 
Picked up _JAVA_OPTIONS: -Djdk.net.URLClassPath.disableClassPathURLCheck=true
Running org.apache.logging.log4j.core.filter.ThresholdFilterTest
Tests run: 1, Failures: 0, Errors: 0, Skipped: 0, Time elapsed: 0.083 sec
Picked up JAVA_TOOL_OPTIONS: -XX:CICompilerCount=2 -XX:ParallelGCThreads=2 -XX:ConcGCThreads=2 -Djdk.net.URLClassPath.disableClassPathURLCheck=true -XX:CICompilerCount=2 -XX:ParallelGCThreads=2 -XX:ConcGCThreads=2 -Djdk.net.URLClassPath.disableClassPathURLCheck=true 
Picked up _JAVA_OPTIONS: -Djdk.net.URLClassPath.disableClassPathURLCheck=true
Running org.apache.logging.log4j.core.filter.TimeFilterTest
Tests run: 1, Failures: 0, Errors: 0, Skipped: 0, Time elapsed: 0.11 sec
Picked up JAVA_TOOL_OPTIONS: -XX:CICompilerCount=2 -XX:ParallelGCThreads=2 -XX:ConcGCThreads=2 -Djdk.net.URLClassPath.disableClassPathURLCheck=true -XX:CICompilerCount=2 -XX:ParallelGCThreads=2 -XX:ConcGCThreads=2 -Djdk.net.URLClassPath.disableClassPathURLCheck=true 
Picked up _JAVA_OPTIONS: -Djdk.net.URLClassPath.disableClassPathURLCheck=true
Running org.apache.logging.log4j.core.appender.rewrite.RewriteAppenderTest
Tests run: 2, Failures: 0, Errors: 0, Skipped: 0, Time elapsed: 0.385 sec
Picked up JAVA_TOOL_OPTIONS: -XX:CICompilerCount=2 -XX:ParallelGCThreads=2 -XX:ConcGCThreads=2 -Djdk.net.URLClassPath.disableClassPathURLCheck=true -XX:CICompilerCount=2 -XX:ParallelGCThreads=2 -XX:ConcGCThreads=2 -Djdk.net.URLClassPath.disableClassPathURLCheck=true 
Picked up _JAVA_OPTIONS: -Djdk.net.URLClassPath.disableClassPathURLCheck=true
Running org.apache.logging.log4j.core.appender.rewrite.MapRewritePolicyTest
Tests run: 1, Failures: 0, Errors: 1, Skipped: 0, Time elapsed: 0.11 sec <<< FAILURE!
org.apache.logging.log4j.core.appender.rewrite.MapRewritePolicyTest  Time elapsed: 0.11 sec  <<< ERROR!
java.util.EmptyStackException
	at java.util.Stack.peek(Stack.java:102)
	at org.apache.logging.log4j.core.impl.ThrowableProxy.resolvePackageData(ThrowableProxy.java:352)
	at org.apache.logging.log4j.core.impl.ThrowableProxy.<init>(ThrowableProxy.java:70)
	at org.apache.logging.log4j.core.impl.Log4jLogEvent.<init>(Log4jLogEvent.java:105)
	at org.apache.logging.log4j.core.appender.rewrite.MapRewritePolicyTest.setupClass(MapRewritePolicyTest.java:46)
	at sun.reflect.NativeMethodAccessorImpl.invoke0(Native Method)
	at sun.reflect.NativeMethodAccessorImpl.invoke(NativeMethodAccessorImpl.java:62)
	at sun.reflect.DelegatingMethodAccessorImpl.invoke(DelegatingMethodAccessorImpl.java:43)
	at java.lang.reflect.Method.invoke(Method.java:498)
	at org.junit.runners.model.FrameworkMethod$1.runReflectiveCall(FrameworkMethod.java:44)
	at org.junit.internal.runners.model.ReflectiveCallable.run(ReflectiveCallable.java:15)
	at org.junit.runners.model.FrameworkMethod.invokeExplosively(FrameworkMethod.java:41)
	at org.junit.internal.runners.statements.RunBefores.evaluate(RunBefores.java:27)
	at org.junit.runners.ParentRunner.run(ParentRunner.java:236)
	at org.apache.maven.surefire.junit4.JUnit4Provider.execute(JUnit4Provider.java:252)
	at org.apache.maven.surefire.junit4.JUnit4Provider.executeTestSet(JUnit4Provider.java:141)
	at org.apache.maven.surefire.junit4.JUnit4Provider.invoke(JUnit4Provider.java:112)
	at sun.reflect.NativeMethodAccessorImpl.invoke0(Native Method)
	at sun.reflect.NativeMethodAccessorImpl.invoke(NativeMethodAccessorImpl.java:62)
	at sun.reflect.DelegatingMethodAccessorImpl.invoke(DelegatingMethodAccessorImpl.java:43)
	at java.lang.reflect.Method.invoke(Method.java:498)
	at org.apache.maven.surefire.util.ReflectionUtils.invokeMethodWithArray(ReflectionUtils.java:189)
	at org.apache.maven.surefire.booter.ProviderFactory$ProviderProxy.invoke(ProviderFactory.java:165)
	at org.apache.maven.surefire.booter.ProviderFactory.invokeProvider(ProviderFactory.java:85)
	at org.apache.maven.surefire.booter.ForkedBooter.runSuitesInProcess(ForkedBooter.java:115)
	at org.apache.maven.surefire.booter.ForkedBooter.main(ForkedBooter.java:75)

Picked up JAVA_TOOL_OPTIONS: -XX:CICompilerCount=2 -XX:ParallelGCThreads=2 -XX:ConcGCThreads=2 -Djdk.net.URLClassPath.disableClassPathURLCheck=true -XX:CICompilerCount=2 -XX:ParallelGCThreads=2 -XX:ConcGCThreads=2 -Djdk.net.URLClassPath.disableClassPathURLCheck=true 
Picked up _JAVA_OPTIONS: -Djdk.net.URLClassPath.disableClassPathURLCheck=true
Running org.apache.logging.log4j.core.appender.SyslogAppenderTest
Tests run: 5, Failures: 0, Errors: 0, Skipped: 0, Time elapsed: 0.367 sec
Picked up JAVA_TOOL_OPTIONS: -XX:CICompilerCount=2 -XX:ParallelGCThreads=2 -XX:ConcGCThreads=2 -Djdk.net.URLClassPath.disableClassPathURLCheck=true -XX:CICompilerCount=2 -XX:ParallelGCThreads=2 -XX:ConcGCThreads=2 -Djdk.net.URLClassPath.disableClassPathURLCheck=true 
Picked up _JAVA_OPTIONS: -Djdk.net.URLClassPath.disableClassPathURLCheck=true
Running org.apache.logging.log4j.core.appender.FailoverAppenderTest
2020-03-14 18:38:08,131 ERROR An exception occurred processing Appender Fail org.apache.logging.log4j.LoggingException: Always fail
	at org.apache.logging.log4j.test.appender.AlwaysFailAppender.append(AlwaysFailAppender.java:37)
	at org.apache.logging.log4j.core.config.AppenderControl.callAppender(AppenderControl.java:98)
	at org.apache.logging.log4j.core.appender.FailoverAppender.append(FailoverAppender.java:99)
	at org.apache.logging.log4j.core.config.AppenderControl.callAppender(AppenderControl.java:98)
	at org.apache.logging.log4j.core.config.LoggerConfig.callAppenders(LoggerConfig.java:335)
	at org.apache.logging.log4j.core.config.LoggerConfig.log(LoggerConfig.java:316)
	at org.apache.logging.log4j.core.config.LoggerConfig.log(LoggerConfig.java:281)
	at org.apache.logging.log4j.core.Logger.log(Logger.java:106)
	at org.apache.logging.log4j.spi.AbstractLogger.error(AbstractLogger.java:987)
	at org.apache.logging.log4j.core.appender.FailoverAppenderTest.testFailover(FailoverAppenderTest.java:70)
	at sun.reflect.NativeMethodAccessorImpl.invoke0(Native Method)
	at sun.reflect.NativeMethodAccessorImpl.invoke(NativeMethodAccessorImpl.java:62)
	at sun.reflect.DelegatingMethodAccessorImpl.invoke(DelegatingMethodAccessorImpl.java:43)
	at java.lang.reflect.Method.invoke(Method.java:498)
	at org.junit.runners.model.FrameworkMethod$1.runReflectiveCall(FrameworkMethod.java:44)
	at org.junit.internal.runners.model.ReflectiveCallable.run(ReflectiveCallable.java:15)
	at org.junit.runners.model.FrameworkMethod.invokeExplosively(FrameworkMethod.java:41)
	at org.junit.internal.runners.statements.InvokeMethod.evaluate(InvokeMethod.java:20)
	at org.junit.runners.BlockJUnit4ClassRunner.runChild(BlockJUnit4ClassRunner.java:76)
	at org.junit.runners.BlockJUnit4ClassRunner.runChild(BlockJUnit4ClassRunner.java:50)
	at org.junit.runners.ParentRunner$3.run(ParentRunner.java:193)
	at org.junit.runners.ParentRunner$1.schedule(ParentRunner.java:52)
	at org.junit.runners.ParentRunner.runChildren(ParentRunner.java:191)
	at org.junit.runners.ParentRunner.access$000(ParentRunner.java:42)
	at org.junit.runners.ParentRunner$2.evaluate(ParentRunner.java:184)
	at org.junit.internal.runners.statements.RunBefores.evaluate(RunBefores.java:28)
	at org.junit.internal.runners.statements.RunAfters.evaluate(RunAfters.java:31)
	at org.junit.runners.ParentRunner.run(ParentRunner.java:236)
	at org.apache.maven.surefire.junit4.JUnit4Provider.execute(JUnit4Provider.java:252)
	at org.apache.maven.surefire.junit4.JUnit4Provider.executeTestSet(JUnit4Provider.java:141)
	at org.apache.maven.surefire.junit4.JUnit4Provider.invoke(JUnit4Provider.java:112)
	at sun.reflect.NativeMethodAccessorImpl.invoke0(Native Method)
	at sun.reflect.NativeMethodAccessorImpl.invoke(NativeMethodAccessorImpl.java:62)
	at sun.reflect.DelegatingMethodAccessorImpl.invoke(DelegatingMethodAccessorImpl.java:43)
	at java.lang.reflect.Method.invoke(Method.java:498)
	at org.apache.maven.surefire.util.ReflectionUtils.invokeMethodWithArray(ReflectionUtils.java:189)
	at org.apache.maven.surefire.booter.ProviderFactory$ProviderProxy.invoke(ProviderFactory.java:165)
	at org.apache.maven.surefire.booter.ProviderFactory.invokeProvider(ProviderFactory.java:85)
	at org.apache.maven.surefire.booter.ForkedBooter.runSuitesInProcess(ForkedBooter.java:115)
	at org.apache.maven.surefire.booter.ForkedBooter.main(ForkedBooter.java:75)

2020-03-14 18:38:08,135 ERROR An exception occurred processing Appender Fail org.apache.logging.log4j.LoggingException: Always fail
	at org.apache.logging.log4j.test.appender.AlwaysFailAppender.append(AlwaysFailAppender.java:37)
	at org.apache.logging.log4j.core.config.AppenderControl.callAppender(AppenderControl.java:98)
	at org.apache.logging.log4j.core.appender.FailoverAppender.append(FailoverAppender.java:99)
	at org.apache.logging.log4j.core.config.AppenderControl.callAppender(AppenderControl.java:98)
	at org.apache.logging.log4j.core.config.LoggerConfig.callAppenders(LoggerConfig.java:335)
	at org.apache.logging.log4j.core.config.LoggerConfig.log(LoggerConfig.java:316)
	at org.apache.logging.log4j.core.config.LoggerConfig.log(LoggerConfig.java:281)
	at org.apache.logging.log4j.core.Logger.log(Logger.java:106)
	at org.apache.logging.log4j.spi.AbstractLogger.error(AbstractLogger.java:987)
	at org.apache.logging.log4j.core.appender.FailoverAppenderTest.testFailover(FailoverAppenderTest.java:75)
	at sun.reflect.NativeMethodAccessorImpl.invoke0(Native Method)
	at sun.reflect.NativeMethodAccessorImpl.invoke(NativeMethodAccessorImpl.java:62)
	at sun.reflect.DelegatingMethodAccessorImpl.invoke(DelegatingMethodAccessorImpl.java:43)
	at java.lang.reflect.Method.invoke(Method.java:498)
	at org.junit.runners.model.FrameworkMethod$1.runReflectiveCall(FrameworkMethod.java:44)
	at org.junit.internal.runners.model.ReflectiveCallable.run(ReflectiveCallable.java:15)
	at org.junit.runners.model.FrameworkMethod.invokeExplosively(FrameworkMethod.java:41)
	at org.junit.internal.runners.statements.InvokeMethod.evaluate(InvokeMethod.java:20)
	at org.junit.runners.BlockJUnit4ClassRunner.runChild(BlockJUnit4ClassRunner.java:76)
	at org.junit.runners.BlockJUnit4ClassRunner.runChild(BlockJUnit4ClassRunner.java:50)
	at org.junit.runners.ParentRunner$3.run(ParentRunner.java:193)
	at org.junit.runners.ParentRunner$1.schedule(ParentRunner.java:52)
	at org.junit.runners.ParentRunner.runChildren(ParentRunner.java:191)
	at org.junit.runners.ParentRunner.access$000(ParentRunner.java:42)
	at org.junit.runners.ParentRunner$2.evaluate(ParentRunner.java:184)
	at org.junit.internal.runners.statements.RunBefores.evaluate(RunBefores.java:28)
	at org.junit.internal.runners.statements.RunAfters.evaluate(RunAfters.java:31)
	at org.junit.runners.ParentRunner.run(ParentRunner.java:236)
	at org.apache.maven.surefire.junit4.JUnit4Provider.execute(JUnit4Provider.java:252)
	at org.apache.maven.surefire.junit4.JUnit4Provider.executeTestSet(JUnit4Provider.java:141)
	at org.apache.maven.surefire.junit4.JUnit4Provider.invoke(JUnit4Provider.java:112)
	at sun.reflect.NativeMethodAccessorImpl.invoke0(Native Method)
	at sun.reflect.NativeMethodAccessorImpl.invoke(NativeMethodAccessorImpl.java:62)
	at sun.reflect.DelegatingMethodAccessorImpl.invoke(DelegatingMethodAccessorImpl.java:43)
	at java.lang.reflect.Method.invoke(Method.java:498)
	at org.apache.maven.surefire.util.ReflectionUtils.invokeMethodWithArray(ReflectionUtils.java:189)
	at org.apache.maven.surefire.booter.ProviderFactory$ProviderProxy.invoke(ProviderFactory.java:165)
	at org.apache.maven.surefire.booter.ProviderFactory.invokeProvider(ProviderFactory.java:85)
	at org.apache.maven.surefire.booter.ForkedBooter.runSuitesInProcess(ForkedBooter.java:115)
	at org.apache.maven.surefire.booter.ForkedBooter.main(ForkedBooter.java:75)

Tests run: 1, Failures: 0, Errors: 0, Skipped: 0, Time elapsed: 0.374 sec
Picked up JAVA_TOOL_OPTIONS: -XX:CICompilerCount=2 -XX:ParallelGCThreads=2 -XX:ConcGCThreads=2 -Djdk.net.URLClassPath.disableClassPathURLCheck=true -XX:CICompilerCount=2 -XX:ParallelGCThreads=2 -XX:ConcGCThreads=2 -Djdk.net.URLClassPath.disableClassPathURLCheck=true 
Picked up _JAVA_OPTIONS: -Djdk.net.URLClassPath.disableClassPathURLCheck=true
Running org.apache.logging.log4j.core.appender.FileAppenderTest
Tests run: 4, Failures: 0, Errors: 0, Skipped: 0, Time elapsed: 0.805 sec
Picked up JAVA_TOOL_OPTIONS: -XX:CICompilerCount=2 -XX:ParallelGCThreads=2 -XX:ConcGCThreads=2 -Djdk.net.URLClassPath.disableClassPathURLCheck=true -XX:CICompilerCount=2 -XX:ParallelGCThreads=2 -XX:ConcGCThreads=2 -Djdk.net.URLClassPath.disableClassPathURLCheck=true 
Picked up _JAVA_OPTIONS: -Djdk.net.URLClassPath.disableClassPathURLCheck=true
Running org.apache.logging.log4j.core.appender.SocketAppenderTest
Tests run: 2, Failures: 0, Errors: 0, Skipped: 0, Time elapsed: 0.438 sec
Picked up JAVA_TOOL_OPTIONS: -XX:CICompilerCount=2 -XX:ParallelGCThreads=2 -XX:ConcGCThreads=2 -Djdk.net.URLClassPath.disableClassPathURLCheck=true -XX:CICompilerCount=2 -XX:ParallelGCThreads=2 -XX:ConcGCThreads=2 -Djdk.net.URLClassPath.disableClassPathURLCheck=true 
Picked up _JAVA_OPTIONS: -Djdk.net.URLClassPath.disableClassPathURLCheck=true
Running org.apache.logging.log4j.core.appender.OutputStreamAppenderTest
Tests run: 1, Failures: 0, Errors: 0, Skipped: 0, Time elapsed: 0.192 sec
Picked up JAVA_TOOL_OPTIONS: -XX:CICompilerCount=2 -XX:ParallelGCThreads=2 -XX:ConcGCThreads=2 -Djdk.net.URLClassPath.disableClassPathURLCheck=true -XX:CICompilerCount=2 -XX:ParallelGCThreads=2 -XX:ConcGCThreads=2 -Djdk.net.URLClassPath.disableClassPathURLCheck=true 
Picked up _JAVA_OPTIONS: -Djdk.net.URLClassPath.disableClassPathURLCheck=true
Running org.apache.logging.log4j.core.appender.rolling.RollingAppenderTimeAndSizeTest
Tests run: 1, Failures: 0, Errors: 0, Skipped: 0, Time elapsed: 11.731 sec
Picked up JAVA_TOOL_OPTIONS: -XX:CICompilerCount=2 -XX:ParallelGCThreads=2 -XX:ConcGCThreads=2 -Djdk.net.URLClassPath.disableClassPathURLCheck=true -XX:CICompilerCount=2 -XX:ParallelGCThreads=2 -XX:ConcGCThreads=2 -Djdk.net.URLClassPath.disableClassPathURLCheck=true 
Picked up _JAVA_OPTIONS: -Djdk.net.URLClassPath.disableClassPathURLCheck=true
Running org.apache.logging.log4j.core.appender.rolling.RollingAppenderTimeTest
Tests run: 1, Failures: 0, Errors: 0, Skipped: 0, Time elapsed: 13.026 sec
Picked up JAVA_TOOL_OPTIONS: -XX:CICompilerCount=2 -XX:ParallelGCThreads=2 -XX:ConcGCThreads=2 -Djdk.net.URLClassPath.disableClassPathURLCheck=true -XX:CICompilerCount=2 -XX:ParallelGCThreads=2 -XX:ConcGCThreads=2 -Djdk.net.URLClassPath.disableClassPathURLCheck=true 
Picked up _JAVA_OPTIONS: -Djdk.net.URLClassPath.disableClassPathURLCheck=true
Running org.apache.logging.log4j.core.appender.rolling.RollingAppenderUncompressedTest
Tests run: 1, Failures: 0, Errors: 0, Skipped: 0, Time elapsed: 10.121 sec
Picked up JAVA_TOOL_OPTIONS: -XX:CICompilerCount=2 -XX:ParallelGCThreads=2 -XX:ConcGCThreads=2 -Djdk.net.URLClassPath.disableClassPathURLCheck=true -XX:CICompilerCount=2 -XX:ParallelGCThreads=2 -XX:ConcGCThreads=2 -Djdk.net.URLClassPath.disableClassPathURLCheck=true 
Picked up _JAVA_OPTIONS: -Djdk.net.URLClassPath.disableClassPathURLCheck=true
Running org.apache.logging.log4j.core.appender.rolling.RollingAppenderSizeTest
Tests run: 1, Failures: 0, Errors: 0, Skipped: 0, Time elapsed: 5.475 sec
Picked up JAVA_TOOL_OPTIONS: -XX:CICompilerCount=2 -XX:ParallelGCThreads=2 -XX:ConcGCThreads=2 -Djdk.net.URLClassPath.disableClassPathURLCheck=true -XX:CICompilerCount=2 -XX:ParallelGCThreads=2 -XX:ConcGCThreads=2 -Djdk.net.URLClassPath.disableClassPathURLCheck=true 
Picked up _JAVA_OPTIONS: -Djdk.net.URLClassPath.disableClassPathURLCheck=true
Running org.apache.logging.log4j.core.appender.rolling.OnStartupTriggeringPolicyTest
Tests run: 1, Failures: 0, Errors: 0, Skipped: 0, Time elapsed: 0.193 sec
Picked up JAVA_TOOL_OPTIONS: -XX:CICompilerCount=2 -XX:ParallelGCThreads=2 -XX:ConcGCThreads=2 -Djdk.net.URLClassPath.disableClassPathURLCheck=true -XX:CICompilerCount=2 -XX:ParallelGCThreads=2 -XX:ConcGCThreads=2 -Djdk.net.URLClassPath.disableClassPathURLCheck=true 
Picked up _JAVA_OPTIONS: -Djdk.net.URLClassPath.disableClassPathURLCheck=true
Running org.apache.logging.log4j.core.appender.routing.JSONRoutingAppenderTest
Tests run: 1, Failures: 0, Errors: 0, Skipped: 0, Time elapsed: 0.476 sec
Picked up JAVA_TOOL_OPTIONS: -XX:CICompilerCount=2 -XX:ParallelGCThreads=2 -XX:ConcGCThreads=2 -Djdk.net.URLClassPath.disableClassPathURLCheck=true -XX:CICompilerCount=2 -XX:ParallelGCThreads=2 -XX:ConcGCThreads=2 -Djdk.net.URLClassPath.disableClassPathURLCheck=true 
Picked up _JAVA_OPTIONS: -Djdk.net.URLClassPath.disableClassPathURLCheck=true
Running org.apache.logging.log4j.core.appender.routing.RoutingAppenderTest
2020-03-14 18:38:55,442 DEBUG Generated plugins in 0.004066036 seconds
2020-03-14 18:38:55,453 DEBUG Calling createProperty on class org.apache.logging.log4j.core.config.Property for element property with params(name="filename", value="target/rolling1/rollingtest-${sd:type}.log")
2020-03-14 18:38:55,456 DEBUG Calling configureSubstitutor on class org.apache.logging.log4j.core.config.plugins.PropertiesPlugin for element properties with params(properties={filename=target/rolling1/rollingtest-${sd:type}.log})
2020-03-14 18:38:55,458 DEBUG Generated plugins in 0.001182302 seconds
2020-03-14 18:38:55,460 DEBUG Calling createFilter on class org.apache.logging.log4j.core.filter.ThresholdFilter for element ThresholdFilter with params(level="debug", onMatch="null", onMismatch="null")
2020-03-14 18:38:55,464 DEBUG Calling createLayout on class org.apache.logging.log4j.core.layout.PatternLayout for element PatternLayout with params(pattern="%m%n", Configuration(RoutingTest), null, charset="null")
2020-03-14 18:38:55,465 DEBUG Generated plugins in 0.001196363 seconds
2020-03-14 18:38:55,467 DEBUG Calling createAppender on class org.apache.logging.log4j.core.appender.ConsoleAppender for element Console with params(PatternLayout(%m%n), null, target="null", name="STDOUT", suppressExceptions="null")
2020-03-14 18:38:55,468 DEBUG Calling createFilter on class org.apache.logging.log4j.core.filter.ThresholdFilter for element ThresholdFilter with params(level="debug", onMatch="null", onMismatch="null")
2020-03-14 18:38:55,470 DEBUG Calling createAppender on class org.apache.logging.log4j.test.appender.ListAppender for element List with params(name="List", entryPerNewLine="null", raw="null", null, ThresholdFilter(DEBUG))
2020-03-14 18:38:55,473 DEBUG Calling createRoute on class org.apache.logging.log4j.core.appender.routing.Route for element Route with params(ref="null", key="null", Node=Route)
2020-03-14 18:38:55,473 DEBUG Calling createRoute on class org.apache.logging.log4j.core.appender.routing.Route for element Route with params(ref="STDOUT", key="Audit", Node=Route)
2020-03-14 18:38:55,474 DEBUG Calling createRoute on class org.apache.logging.log4j.core.appender.routing.Route for element Route with params(ref="List", key="Service", Node=Route)
2020-03-14 18:38:55,475 DEBUG Calling createRoutes on class org.apache.logging.log4j.core.appender.routing.Routes for element Routes with params(pattern="${sd:type}", routes={Route(type=dynamic default), Route(type=static Reference=STDOUT key='Audit'), Route(type=static Reference=List key='Service')})
2020-03-14 18:38:55,476 DEBUG Calling createAppender on class org.apache.logging.log4j.core.appender.routing.RoutingAppender for element Routing with params(name="Routing", suppressExceptions="null", Routes({Route(type=dynamic default),Route(type=static Reference=STDOUT key='Audit'),Route(type=static Reference=List key='Service')}), Configuration(RoutingTest), null, null)
2020-03-14 18:38:55,477 DEBUG Calling createAppenders on class org.apache.logging.log4j.core.config.plugins.AppendersPlugin for element appenders with params(appenders={STDOUT, List, Routing})
2020-03-14 18:38:55,478 DEBUG Calling createAppenderRef on class org.apache.logging.log4j.core.config.AppenderRef for element appender-ref with params(ref="Routing", level="null", null)
2020-03-14 18:38:55,479 DEBUG Calling createLogger on class org.apache.logging.log4j.core.config.LoggerConfig for element logger with params(additivity="false", level="info", name="EventLogger", appender-ref={org.apache.logging.log4j.core.config.AppenderRef@4b6995df}, properties={}, Configuration(RoutingTest), null)
2020-03-14 18:38:55,481 DEBUG Calling createAppenderRef on class org.apache.logging.log4j.core.config.AppenderRef for element appender-ref with params(ref="STDOUT", level="null", null)
2020-03-14 18:38:55,482 DEBUG Calling createLogger on class org.apache.logging.log4j.core.config.LoggerConfig$RootLogger for element root with params(additivity="null", level="error", appender-ref={org.apache.logging.log4j.core.config.AppenderRef@66048bfd}, properties={}, Configuration(RoutingTest), null)
2020-03-14 18:38:55,484 DEBUG Calling createLoggers on class org.apache.logging.log4j.core.config.plugins.LoggersPlugin for element loggers with params(loggers={EventLogger, root})
2020-03-14 18:38:55,485 DEBUG Reconfiguration completed
2020-03-14 18:38:55,499 DEBUG Calling createLayout on class org.apache.logging.log4j.core.layout.PatternLayout for element PatternLayout with params(pattern="%d %p %C{1.} [%t] %m%n", Configuration(RoutingTest), null, charset="null")
2020-03-14 18:38:55,501 DEBUG Calling createPolicy on class org.apache.logging.log4j.core.appender.rolling.SizeBasedTriggeringPolicy for element SizeBasedTriggeringPolicy with params(size="500")
2020-03-14 18:38:55,503 DEBUG Calling createAppender on class org.apache.logging.log4j.core.appender.RollingFileAppender for element RollingFile with params(fileName="target/rolling1/rollingtest-Unknown.log", filePattern="target/rolling1/test1-Unknown.%i.log.gz", append="null", name="Rolling-Unknown", bufferedIO="null", immediateFlush="null", SizeBasedTriggeringPolicy(SizeBasedTriggeringPolicy(size=500)), null, PatternLayout(%d %p %C{1.} [%t] %m%n), null, suppressExceptions="null", Configuration(RoutingTest))
2020-03-14 18:38:55,506 DEBUG Starting RollingFileManager target/rolling1/rollingtest-Unknown.log
2020-03-14 18:38:55,509 DEBUG Generated plugins in 0.001284876 seconds
2020-03-14 18:38:55,512 DEBUG Reconfiguration started for context sun.misc.Launcher$AppClassLoader@6bc7c054
2020-03-14 18:38:55,514 DEBUG Generated plugins in 0.000907710 seconds
2020-03-14 18:38:55,537 DEBUG Generated plugins in 0.000986596 seconds
2020-03-14 18:38:55,539 DEBUG Generated plugins in 0.000819923 seconds
2020-03-14 18:38:55,540 DEBUG Shutting down RollingFileManager target/rolling1/rollingtest-Unknown.log
2020-03-14 18:38:55,541 DEBUG Reconfiguration completed
Tests run: 1, Failures: 0, Errors: 0, Skipped: 0, Time elapsed: 0.422 sec
Picked up JAVA_TOOL_OPTIONS: -XX:CICompilerCount=2 -XX:ParallelGCThreads=2 -XX:ConcGCThreads=2 -Djdk.net.URLClassPath.disableClassPathURLCheck=true -XX:CICompilerCount=2 -XX:ParallelGCThreads=2 -XX:ConcGCThreads=2 -Djdk.net.URLClassPath.disableClassPathURLCheck=true 
Picked up _JAVA_OPTIONS: -Djdk.net.URLClassPath.disableClassPathURLCheck=true
Running org.apache.logging.log4j.core.appender.routing.JSONRoutingAppender2Test
Tests run: 1, Failures: 0, Errors: 0, Skipped: 0, Time elapsed: 0.473 sec
Picked up JAVA_TOOL_OPTIONS: -XX:CICompilerCount=2 -XX:ParallelGCThreads=2 -XX:ConcGCThreads=2 -Djdk.net.URLClassPath.disableClassPathURLCheck=true -XX:CICompilerCount=2 -XX:ParallelGCThreads=2 -XX:ConcGCThreads=2 -Djdk.net.URLClassPath.disableClassPathURLCheck=true 
Picked up _JAVA_OPTIONS: -Djdk.net.URLClassPath.disableClassPathURLCheck=true
Running org.apache.logging.log4j.core.appender.AsynchAppenderTest
Tests run: 1, Failures: 0, Errors: 0, Skipped: 0, Time elapsed: 0.46 sec
Picked up JAVA_TOOL_OPTIONS: -XX:CICompilerCount=2 -XX:ParallelGCThreads=2 -XX:ConcGCThreads=2 -Djdk.net.URLClassPath.disableClassPathURLCheck=true -XX:CICompilerCount=2 -XX:ParallelGCThreads=2 -XX:ConcGCThreads=2 -Djdk.net.URLClassPath.disableClassPathURLCheck=true 
Picked up _JAVA_OPTIONS: -Djdk.net.URLClassPath.disableClassPathURLCheck=true
Running org.apache.logging.log4j.core.BasicLoggingTest
18:38:57.568 [main] ERROR org.apache.logging.log4j.core.BasicLoggingTest - Test message
Tests run: 1, Failures: 0, Errors: 0, Skipped: 0, Time elapsed: 0.278 sec
Picked up JAVA_TOOL_OPTIONS: -XX:CICompilerCount=2 -XX:ParallelGCThreads=2 -XX:ConcGCThreads=2 -Djdk.net.URLClassPath.disableClassPathURLCheck=true -XX:CICompilerCount=2 -XX:ParallelGCThreads=2 -XX:ConcGCThreads=2 -Djdk.net.URLClassPath.disableClassPathURLCheck=true 
Picked up _JAVA_OPTIONS: -Djdk.net.URLClassPath.disableClassPathURLCheck=true
Running org.apache.logging.log4j.core.SimplePerfTest
Timer Setup stopped. Elapsed time: 0.144212845 seconds Average per iteration: 0.000000014 seconds
Timer DebugDisabled stopped. Elapsed time: 0.043271153 seconds Average per iteration: 0.000000004 seconds
Timer DebugDisabled stopped. Elapsed time: 0.043511104 seconds Average per iteration: 0.000000004 seconds
Timer DebugLogger stopped. Elapsed time: 0.042027995 seconds Average per iteration: 0.000000004 seconds
Tests run: 3, Failures: 0, Errors: 0, Skipped: 0, Time elapsed: 0.672 sec
Picked up JAVA_TOOL_OPTIONS: -XX:CICompilerCount=2 -XX:ParallelGCThreads=2 -XX:ConcGCThreads=2 -Djdk.net.URLClassPath.disableClassPathURLCheck=true -XX:CICompilerCount=2 -XX:ParallelGCThreads=2 -XX:ConcGCThreads=2 -Djdk.net.URLClassPath.disableClassPathURLCheck=true 
Picked up _JAVA_OPTIONS: -Djdk.net.URLClassPath.disableClassPathURLCheck=true
Running org.apache.logging.log4j.core.ThreadedTest
Counter = 100
Tests run: 1, Failures: 0, Errors: 0, Skipped: 0, Time elapsed: 0.654 sec
Picked up JAVA_TOOL_OPTIONS: -XX:CICompilerCount=2 -XX:ParallelGCThreads=2 -XX:ConcGCThreads=2 -Djdk.net.URLClassPath.disableClassPathURLCheck=true -XX:CICompilerCount=2 -XX:ParallelGCThreads=2 -XX:ConcGCThreads=2 -Djdk.net.URLClassPath.disableClassPathURLCheck=true 
Picked up _JAVA_OPTIONS: -Djdk.net.URLClassPath.disableClassPathURLCheck=true
Running org.apache.logging.log4j.core.pattern.NameAbbreviatorTest
Tests run: 6, Failures: 0, Errors: 0, Skipped: 0, Time elapsed: 0.064 sec
Picked up JAVA_TOOL_OPTIONS: -XX:CICompilerCount=2 -XX:ParallelGCThreads=2 -XX:ConcGCThreads=2 -Djdk.net.URLClassPath.disableClassPathURLCheck=true -XX:CICompilerCount=2 -XX:ParallelGCThreads=2 -XX:ConcGCThreads=2 -Djdk.net.URLClassPath.disableClassPathURLCheck=true 
Picked up _JAVA_OPTIONS: -Djdk.net.URLClassPath.disableClassPathURLCheck=true
Running org.apache.logging.log4j.core.pattern.RegexReplacementConverterTest
Tests run: 1, Failures: 0, Errors: 0, Skipped: 0, Time elapsed: 0.267 sec
Picked up JAVA_TOOL_OPTIONS: -XX:CICompilerCount=2 -XX:ParallelGCThreads=2 -XX:ConcGCThreads=2 -Djdk.net.URLClassPath.disableClassPathURLCheck=true -XX:CICompilerCount=2 -XX:ParallelGCThreads=2 -XX:ConcGCThreads=2 -Djdk.net.URLClassPath.disableClassPathURLCheck=true 
Picked up _JAVA_OPTIONS: -Djdk.net.URLClassPath.disableClassPathURLCheck=true
Running org.apache.logging.log4j.core.pattern.LevelPatternConverterTest
Tests run: 1, Failures: 0, Errors: 0, Skipped: 0, Time elapsed: 0.081 sec
Picked up JAVA_TOOL_OPTIONS: -XX:CICompilerCount=2 -XX:ParallelGCThreads=2 -XX:ConcGCThreads=2 -Djdk.net.URLClassPath.disableClassPathURLCheck=true -XX:CICompilerCount=2 -XX:ParallelGCThreads=2 -XX:ConcGCThreads=2 -Djdk.net.URLClassPath.disableClassPathURLCheck=true 
Picked up _JAVA_OPTIONS: -Djdk.net.URLClassPath.disableClassPathURLCheck=true
Running org.apache.logging.log4j.core.pattern.MapPatternConverterTest
Tests run: 2, Failures: 0, Errors: 0, Skipped: 0, Time elapsed: 0.088 sec
Picked up JAVA_TOOL_OPTIONS: -XX:CICompilerCount=2 -XX:ParallelGCThreads=2 -XX:ConcGCThreads=2 -Djdk.net.URLClassPath.disableClassPathURLCheck=true -XX:CICompilerCount=2 -XX:ParallelGCThreads=2 -XX:ConcGCThreads=2 -Djdk.net.URLClassPath.disableClassPathURLCheck=true 
Picked up _JAVA_OPTIONS: -Djdk.net.URLClassPath.disableClassPathURLCheck=true
Running org.apache.logging.log4j.core.pattern.StyleConverterTest
Tests run: 1, Failures: 0, Errors: 0, Skipped: 0, Time elapsed: 0.344 sec
Picked up JAVA_TOOL_OPTIONS: -XX:CICompilerCount=2 -XX:ParallelGCThreads=2 -XX:ConcGCThreads=2 -Djdk.net.URLClassPath.disableClassPathURLCheck=true -XX:CICompilerCount=2 -XX:ParallelGCThreads=2 -XX:ConcGCThreads=2 -Djdk.net.URLClassPath.disableClassPathURLCheck=true 
Picked up _JAVA_OPTIONS: -Djdk.net.URLClassPath.disableClassPathURLCheck=true
Running org.apache.logging.log4j.core.pattern.RegexReplacementTest
Tests run: 2, Failures: 0, Errors: 0, Skipped: 0, Time elapsed: 0.369 sec
Picked up JAVA_TOOL_OPTIONS: -XX:CICompilerCount=2 -XX:ParallelGCThreads=2 -XX:ConcGCThreads=2 -Djdk.net.URLClassPath.disableClassPathURLCheck=true -XX:CICompilerCount=2 -XX:ParallelGCThreads=2 -XX:ConcGCThreads=2 -Djdk.net.URLClassPath.disableClassPathURLCheck=true 
Picked up _JAVA_OPTIONS: -Djdk.net.URLClassPath.disableClassPathURLCheck=true
Running org.apache.logging.log4j.core.pattern.MarkerPatternConverterTest
Tests run: 1, Failures: 0, Errors: 0, Skipped: 0, Time elapsed: 0.082 sec
Picked up JAVA_TOOL_OPTIONS: -XX:CICompilerCount=2 -XX:ParallelGCThreads=2 -XX:ConcGCThreads=2 -Djdk.net.URLClassPath.disableClassPathURLCheck=true -XX:CICompilerCount=2 -XX:ParallelGCThreads=2 -XX:ConcGCThreads=2 -Djdk.net.URLClassPath.disableClassPathURLCheck=true 
Picked up _JAVA_OPTIONS: -Djdk.net.URLClassPath.disableClassPathURLCheck=true
Running org.apache.logging.log4j.core.pattern.ExtendedThrowableTest
Tests run: 1, Failures: 0, Errors: 1, Skipped: 0, Time elapsed: 0.398 sec <<< FAILURE!
testException(org.apache.logging.log4j.core.pattern.ExtendedThrowableTest)  Time elapsed: 0.014 sec  <<< ERROR!
java.util.EmptyStackException
	at java.util.Stack.peek(Stack.java:102)
	at org.apache.logging.log4j.core.impl.ThrowableProxy.resolvePackageData(ThrowableProxy.java:352)
	at org.apache.logging.log4j.core.impl.ThrowableProxy.<init>(ThrowableProxy.java:70)
	at org.apache.logging.log4j.core.impl.Log4jLogEvent.<init>(Log4jLogEvent.java:105)
	at org.apache.logging.log4j.core.impl.Log4jLogEvent.<init>(Log4jLogEvent.java:77)
	at org.apache.logging.log4j.core.config.LoggerConfig.createEvent(LoggerConfig.java:351)
	at org.apache.logging.log4j.core.config.LoggerConfig.log(LoggerConfig.java:280)
	at org.apache.logging.log4j.core.Logger.log(Logger.java:106)
	at org.apache.logging.log4j.spi.AbstractLogger.error(AbstractLogger.java:1012)
	at org.apache.logging.log4j.core.pattern.ExtendedThrowableTest.testException(ExtendedThrowableTest.java:69)
	at sun.reflect.NativeMethodAccessorImpl.invoke0(Native Method)
	at sun.reflect.NativeMethodAccessorImpl.invoke(NativeMethodAccessorImpl.java:62)
	at sun.reflect.DelegatingMethodAccessorImpl.invoke(DelegatingMethodAccessorImpl.java:43)
	at java.lang.reflect.Method.invoke(Method.java:498)
	at org.junit.runners.model.FrameworkMethod$1.runReflectiveCall(FrameworkMethod.java:44)
	at org.junit.internal.runners.model.ReflectiveCallable.run(ReflectiveCallable.java:15)
	at org.junit.runners.model.FrameworkMethod.invokeExplosively(FrameworkMethod.java:41)
	at org.junit.internal.runners.statements.InvokeMethod.evaluate(InvokeMethod.java:20)
	at org.junit.runners.BlockJUnit4ClassRunner.runChild(BlockJUnit4ClassRunner.java:76)
	at org.junit.runners.BlockJUnit4ClassRunner.runChild(BlockJUnit4ClassRunner.java:50)
	at org.junit.runners.ParentRunner$3.run(ParentRunner.java:193)
	at org.junit.runners.ParentRunner$1.schedule(ParentRunner.java:52)
	at org.junit.runners.ParentRunner.runChildren(ParentRunner.java:191)
	at org.junit.runners.ParentRunner.access$000(ParentRunner.java:42)
	at org.junit.runners.ParentRunner$2.evaluate(ParentRunner.java:184)
	at org.junit.internal.runners.statements.RunBefores.evaluate(RunBefores.java:28)
	at org.junit.internal.runners.statements.RunAfters.evaluate(RunAfters.java:31)
	at org.junit.runners.ParentRunner.run(ParentRunner.java:236)
	at org.apache.maven.surefire.junit4.JUnit4Provider.execute(JUnit4Provider.java:252)
	at org.apache.maven.surefire.junit4.JUnit4Provider.executeTestSet(JUnit4Provider.java:141)
	at org.apache.maven.surefire.junit4.JUnit4Provider.invoke(JUnit4Provider.java:112)
	at sun.reflect.NativeMethodAccessorImpl.invoke0(Native Method)
	at sun.reflect.NativeMethodAccessorImpl.invoke(NativeMethodAccessorImpl.java:62)
	at sun.reflect.DelegatingMethodAccessorImpl.invoke(DelegatingMethodAccessorImpl.java:43)
	at java.lang.reflect.Method.invoke(Method.java:498)
	at org.apache.maven.surefire.util.ReflectionUtils.invokeMethodWithArray(ReflectionUtils.java:189)
	at org.apache.maven.surefire.booter.ProviderFactory$ProviderProxy.invoke(ProviderFactory.java:165)
	at org.apache.maven.surefire.booter.ProviderFactory.invokeProvider(ProviderFactory.java:85)
	at org.apache.maven.surefire.booter.ForkedBooter.runSuitesInProcess(ForkedBooter.java:115)
	at org.apache.maven.surefire.booter.ForkedBooter.main(ForkedBooter.java:75)

Picked up JAVA_TOOL_OPTIONS: -XX:CICompilerCount=2 -XX:ParallelGCThreads=2 -XX:ConcGCThreads=2 -Djdk.net.URLClassPath.disableClassPathURLCheck=true -XX:CICompilerCount=2 -XX:ParallelGCThreads=2 -XX:ConcGCThreads=2 -Djdk.net.URLClassPath.disableClassPathURLCheck=true 
Picked up _JAVA_OPTIONS: -Djdk.net.URLClassPath.disableClassPathURLCheck=true
Running org.apache.logging.log4j.core.pattern.ExtendedThrowablePatternConverterTest
Tests run: 2, Failures: 0, Errors: 2, Skipped: 0, Time elapsed: 0.108 sec <<< FAILURE!
testFiltering(org.apache.logging.log4j.core.pattern.ExtendedThrowablePatternConverterTest)  Time elapsed: 0.051 sec  <<< ERROR!
java.util.EmptyStackException
	at java.util.Stack.peek(Stack.java:102)
	at org.apache.logging.log4j.core.impl.ThrowableProxy.resolvePackageData(ThrowableProxy.java:352)
	at org.apache.logging.log4j.core.impl.ThrowableProxy.<init>(ThrowableProxy.java:70)
	at org.apache.logging.log4j.core.impl.Log4jLogEvent.<init>(Log4jLogEvent.java:105)
	at org.apache.logging.log4j.core.impl.Log4jLogEvent.<init>(Log4jLogEvent.java:77)
	at org.apache.logging.log4j.core.impl.Log4jLogEvent.<init>(Log4jLogEvent.java:63)
	at org.apache.logging.log4j.core.pattern.ExtendedThrowablePatternConverterTest.testFiltering(ExtendedThrowablePatternConverterTest.java:68)
	at sun.reflect.NativeMethodAccessorImpl.invoke0(Native Method)
	at sun.reflect.NativeMethodAccessorImpl.invoke(NativeMethodAccessorImpl.java:62)
	at sun.reflect.DelegatingMethodAccessorImpl.invoke(DelegatingMethodAccessorImpl.java:43)
	at java.lang.reflect.Method.invoke(Method.java:498)
	at org.junit.runners.model.FrameworkMethod$1.runReflectiveCall(FrameworkMethod.java:44)
	at org.junit.internal.runners.model.ReflectiveCallable.run(ReflectiveCallable.java:15)
	at org.junit.runners.model.FrameworkMethod.invokeExplosively(FrameworkMethod.java:41)
	at org.junit.internal.runners.statements.InvokeMethod.evaluate(InvokeMethod.java:20)
	at org.junit.internal.runners.statements.RunBefores.evaluate(RunBefores.java:28)
	at org.junit.runners.BlockJUnit4ClassRunner.runChild(BlockJUnit4ClassRunner.java:76)
	at org.junit.runners.BlockJUnit4ClassRunner.runChild(BlockJUnit4ClassRunner.java:50)
	at org.junit.runners.ParentRunner$3.run(ParentRunner.java:193)
	at org.junit.runners.ParentRunner$1.schedule(ParentRunner.java:52)
	at org.junit.runners.ParentRunner.runChildren(ParentRunner.java:191)
	at org.junit.runners.ParentRunner.access$000(ParentRunner.java:42)
	at org.junit.runners.ParentRunner$2.evaluate(ParentRunner.java:184)
	at org.junit.runners.ParentRunner.run(ParentRunner.java:236)
	at org.apache.maven.surefire.junit4.JUnit4Provider.execute(JUnit4Provider.java:252)
	at org.apache.maven.surefire.junit4.JUnit4Provider.executeTestSet(JUnit4Provider.java:141)
	at org.apache.maven.surefire.junit4.JUnit4Provider.invoke(JUnit4Provider.java:112)
	at sun.reflect.NativeMethodAccessorImpl.invoke0(Native Method)
	at sun.reflect.NativeMethodAccessorImpl.invoke(NativeMethodAccessorImpl.java:62)
	at sun.reflect.DelegatingMethodAccessorImpl.invoke(DelegatingMethodAccessorImpl.java:43)
	at java.lang.reflect.Method.invoke(Method.java:498)
	at org.apache.maven.surefire.util.ReflectionUtils.invokeMethodWithArray(ReflectionUtils.java:189)
	at org.apache.maven.surefire.booter.ProviderFactory$ProviderProxy.invoke(ProviderFactory.java:165)
	at org.apache.maven.surefire.booter.ProviderFactory.invokeProvider(ProviderFactory.java:85)
	at org.apache.maven.surefire.booter.ForkedBooter.runSuitesInProcess(ForkedBooter.java:115)
	at org.apache.maven.surefire.booter.ForkedBooter.main(ForkedBooter.java:75)

testFull(org.apache.logging.log4j.core.pattern.ExtendedThrowablePatternConverterTest)  Time elapsed: 0.001 sec  <<< ERROR!
java.util.EmptyStackException
	at java.util.Stack.peek(Stack.java:102)
	at org.apache.logging.log4j.core.impl.ThrowableProxy.resolvePackageData(ThrowableProxy.java:352)
	at org.apache.logging.log4j.core.impl.ThrowableProxy.<init>(ThrowableProxy.java:70)
	at org.apache.logging.log4j.core.impl.Log4jLogEvent.<init>(Log4jLogEvent.java:105)
	at org.apache.logging.log4j.core.impl.Log4jLogEvent.<init>(Log4jLogEvent.java:77)
	at org.apache.logging.log4j.core.impl.Log4jLogEvent.<init>(Log4jLogEvent.java:63)
	at org.apache.logging.log4j.core.pattern.ExtendedThrowablePatternConverterTest.testFull(ExtendedThrowablePatternConverterTest.java:48)
	at sun.reflect.NativeMethodAccessorImpl.invoke0(Native Method)
	at sun.reflect.NativeMethodAccessorImpl.invoke(NativeMethodAccessorImpl.java:62)
	at sun.reflect.DelegatingMethodAccessorImpl.invoke(DelegatingMethodAccessorImpl.java:43)
	at java.lang.reflect.Method.invoke(Method.java:498)
	at org.junit.runners.model.FrameworkMethod$1.runReflectiveCall(FrameworkMethod.java:44)
	at org.junit.internal.runners.model.ReflectiveCallable.run(ReflectiveCallable.java:15)
	at org.junit.runners.model.FrameworkMethod.invokeExplosively(FrameworkMethod.java:41)
	at org.junit.internal.runners.statements.InvokeMethod.evaluate(InvokeMethod.java:20)
	at org.junit.internal.runners.statements.RunBefores.evaluate(RunBefores.java:28)
	at org.junit.runners.BlockJUnit4ClassRunner.runChild(BlockJUnit4ClassRunner.java:76)
	at org.junit.runners.BlockJUnit4ClassRunner.runChild(BlockJUnit4ClassRunner.java:50)
	at org.junit.runners.ParentRunner$3.run(ParentRunner.java:193)
	at org.junit.runners.ParentRunner$1.schedule(ParentRunner.java:52)
	at org.junit.runners.ParentRunner.runChildren(ParentRunner.java:191)
	at org.junit.runners.ParentRunner.access$000(ParentRunner.java:42)
	at org.junit.runners.ParentRunner$2.evaluate(ParentRunner.java:184)
	at org.junit.runners.ParentRunner.run(ParentRunner.java:236)
	at org.apache.maven.surefire.junit4.JUnit4Provider.execute(JUnit4Provider.java:252)
	at org.apache.maven.surefire.junit4.JUnit4Provider.executeTestSet(JUnit4Provider.java:141)
	at org.apache.maven.surefire.junit4.JUnit4Provider.invoke(JUnit4Provider.java:112)
	at sun.reflect.NativeMethodAccessorImpl.invoke0(Native Method)
	at sun.reflect.NativeMethodAccessorImpl.invoke(NativeMethodAccessorImpl.java:62)
	at sun.reflect.DelegatingMethodAccessorImpl.invoke(DelegatingMethodAccessorImpl.java:43)
	at java.lang.reflect.Method.invoke(Method.java:498)
	at org.apache.maven.surefire.util.ReflectionUtils.invokeMethodWithArray(ReflectionUtils.java:189)
	at org.apache.maven.surefire.booter.ProviderFactory$ProviderProxy.invoke(ProviderFactory.java:165)
	at org.apache.maven.surefire.booter.ProviderFactory.invokeProvider(ProviderFactory.java:85)
	at org.apache.maven.surefire.booter.ForkedBooter.runSuitesInProcess(ForkedBooter.java:115)
	at org.apache.maven.surefire.booter.ForkedBooter.main(ForkedBooter.java:75)

Picked up JAVA_TOOL_OPTIONS: -XX:CICompilerCount=2 -XX:ParallelGCThreads=2 -XX:ConcGCThreads=2 -Djdk.net.URLClassPath.disableClassPathURLCheck=true -XX:CICompilerCount=2 -XX:ParallelGCThreads=2 -XX:ConcGCThreads=2 -Djdk.net.URLClassPath.disableClassPathURLCheck=true 
Picked up _JAVA_OPTIONS: -Djdk.net.URLClassPath.disableClassPathURLCheck=true
Running org.apache.logging.log4j.core.pattern.PatternParserTest
Tests run: 3, Failures: 0, Errors: 0, Skipped: 0, Time elapsed: 0.268 sec
Picked up JAVA_TOOL_OPTIONS: -XX:CICompilerCount=2 -XX:ParallelGCThreads=2 -XX:ConcGCThreads=2 -Djdk.net.URLClassPath.disableClassPathURLCheck=true -XX:CICompilerCount=2 -XX:ParallelGCThreads=2 -XX:ConcGCThreads=2 -Djdk.net.URLClassPath.disableClassPathURLCheck=true 
Picked up _JAVA_OPTIONS: -Djdk.net.URLClassPath.disableClassPathURLCheck=true
Running org.apache.logging.log4j.core.pattern.RootThrowableTest
Tests run: 1, Failures: 0, Errors: 1, Skipped: 0, Time elapsed: 0.36 sec <<< FAILURE!
testException(org.apache.logging.log4j.core.pattern.RootThrowableTest)  Time elapsed: 0.014 sec  <<< ERROR!
java.util.EmptyStackException
	at java.util.Stack.peek(Stack.java:102)
	at org.apache.logging.log4j.core.impl.ThrowableProxy.resolvePackageData(ThrowableProxy.java:352)
	at org.apache.logging.log4j.core.impl.ThrowableProxy.<init>(ThrowableProxy.java:70)
	at org.apache.logging.log4j.core.impl.Log4jLogEvent.<init>(Log4jLogEvent.java:105)
	at org.apache.logging.log4j.core.impl.Log4jLogEvent.<init>(Log4jLogEvent.java:77)
	at org.apache.logging.log4j.core.config.LoggerConfig.createEvent(LoggerConfig.java:351)
	at org.apache.logging.log4j.core.config.LoggerConfig.log(LoggerConfig.java:280)
	at org.apache.logging.log4j.core.Logger.log(Logger.java:106)
	at org.apache.logging.log4j.spi.AbstractLogger.error(AbstractLogger.java:1012)
	at org.apache.logging.log4j.core.pattern.RootThrowableTest.testException(RootThrowableTest.java:70)
	at sun.reflect.NativeMethodAccessorImpl.invoke0(Native Method)
	at sun.reflect.NativeMethodAccessorImpl.invoke(NativeMethodAccessorImpl.java:62)
	at sun.reflect.DelegatingMethodAccessorImpl.invoke(DelegatingMethodAccessorImpl.java:43)
	at java.lang.reflect.Method.invoke(Method.java:498)
	at org.junit.runners.model.FrameworkMethod$1.runReflectiveCall(FrameworkMethod.java:44)
	at org.junit.internal.runners.model.ReflectiveCallable.run(ReflectiveCallable.java:15)
	at org.junit.runners.model.FrameworkMethod.invokeExplosively(FrameworkMethod.java:41)
	at org.junit.internal.runners.statements.InvokeMethod.evaluate(InvokeMethod.java:20)
	at org.junit.runners.BlockJUnit4ClassRunner.runChild(BlockJUnit4ClassRunner.java:76)
	at org.junit.runners.BlockJUnit4ClassRunner.runChild(BlockJUnit4ClassRunner.java:50)
	at org.junit.runners.ParentRunner$3.run(ParentRunner.java:193)
	at org.junit.runners.ParentRunner$1.schedule(ParentRunner.java:52)
	at org.junit.runners.ParentRunner.runChildren(ParentRunner.java:191)
	at org.junit.runners.ParentRunner.access$000(ParentRunner.java:42)
	at org.junit.runners.ParentRunner$2.evaluate(ParentRunner.java:184)
	at org.junit.internal.runners.statements.RunBefores.evaluate(RunBefores.java:28)
	at org.junit.internal.runners.statements.RunAfters.evaluate(RunAfters.java:31)
	at org.junit.runners.ParentRunner.run(ParentRunner.java:236)
	at org.apache.maven.surefire.junit4.JUnit4Provider.execute(JUnit4Provider.java:252)
	at org.apache.maven.surefire.junit4.JUnit4Provider.executeTestSet(JUnit4Provider.java:141)
	at org.apache.maven.surefire.junit4.JUnit4Provider.invoke(JUnit4Provider.java:112)
	at sun.reflect.NativeMethodAccessorImpl.invoke0(Native Method)
	at sun.reflect.NativeMethodAccessorImpl.invoke(NativeMethodAccessorImpl.java:62)
	at sun.reflect.DelegatingMethodAccessorImpl.invoke(DelegatingMethodAccessorImpl.java:43)
	at java.lang.reflect.Method.invoke(Method.java:498)
	at org.apache.maven.surefire.util.ReflectionUtils.invokeMethodWithArray(ReflectionUtils.java:189)
	at org.apache.maven.surefire.booter.ProviderFactory$ProviderProxy.invoke(ProviderFactory.java:165)
	at org.apache.maven.surefire.booter.ProviderFactory.invokeProvider(ProviderFactory.java:85)
	at org.apache.maven.surefire.booter.ForkedBooter.runSuitesInProcess(ForkedBooter.java:115)
	at org.apache.maven.surefire.booter.ForkedBooter.main(ForkedBooter.java:75)

Picked up JAVA_TOOL_OPTIONS: -XX:CICompilerCount=2 -XX:ParallelGCThreads=2 -XX:ConcGCThreads=2 -Djdk.net.URLClassPath.disableClassPathURLCheck=true -XX:CICompilerCount=2 -XX:ParallelGCThreads=2 -XX:ConcGCThreads=2 -Djdk.net.URLClassPath.disableClassPathURLCheck=true 
Picked up _JAVA_OPTIONS: -Djdk.net.URLClassPath.disableClassPathURLCheck=true
Running org.apache.logging.log4j.core.pattern.RootThrowablePatternConverterTest
Tests run: 1, Failures: 0, Errors: 1, Skipped: 0, Time elapsed: 0.097 sec <<< FAILURE!
testFull(org.apache.logging.log4j.core.pattern.RootThrowablePatternConverterTest)  Time elapsed: 0.035 sec  <<< ERROR!
java.util.EmptyStackException
	at java.util.Stack.peek(Stack.java:102)
	at org.apache.logging.log4j.core.impl.ThrowableProxy.resolvePackageData(ThrowableProxy.java:352)
	at org.apache.logging.log4j.core.impl.ThrowableProxy.<init>(ThrowableProxy.java:70)
	at org.apache.logging.log4j.core.impl.Log4jLogEvent.<init>(Log4jLogEvent.java:105)
	at org.apache.logging.log4j.core.impl.Log4jLogEvent.<init>(Log4jLogEvent.java:77)
	at org.apache.logging.log4j.core.impl.Log4jLogEvent.<init>(Log4jLogEvent.java:63)
	at org.apache.logging.log4j.core.pattern.RootThrowablePatternConverterTest.testFull(RootThrowablePatternConverterTest.java:45)
	at sun.reflect.NativeMethodAccessorImpl.invoke0(Native Method)
	at sun.reflect.NativeMethodAccessorImpl.invoke(NativeMethodAccessorImpl.java:62)
	at sun.reflect.DelegatingMethodAccessorImpl.invoke(DelegatingMethodAccessorImpl.java:43)
	at java.lang.reflect.Method.invoke(Method.java:498)
	at org.junit.runners.model.FrameworkMethod$1.runReflectiveCall(FrameworkMethod.java:44)
	at org.junit.internal.runners.model.ReflectiveCallable.run(ReflectiveCallable.java:15)
	at org.junit.runners.model.FrameworkMethod.invokeExplosively(FrameworkMethod.java:41)
	at org.junit.internal.runners.statements.InvokeMethod.evaluate(InvokeMethod.java:20)
	at org.junit.internal.runners.statements.RunBefores.evaluate(RunBefores.java:28)
	at org.junit.runners.BlockJUnit4ClassRunner.runChild(BlockJUnit4ClassRunner.java:76)
	at org.junit.runners.BlockJUnit4ClassRunner.runChild(BlockJUnit4ClassRunner.java:50)
	at org.junit.runners.ParentRunner$3.run(ParentRunner.java:193)
	at org.junit.runners.ParentRunner$1.schedule(ParentRunner.java:52)
	at org.junit.runners.ParentRunner.runChildren(ParentRunner.java:191)
	at org.junit.runners.ParentRunner.access$000(ParentRunner.java:42)
	at org.junit.runners.ParentRunner$2.evaluate(ParentRunner.java:184)
	at org.junit.runners.ParentRunner.run(ParentRunner.java:236)
	at org.apache.maven.surefire.junit4.JUnit4Provider.execute(JUnit4Provider.java:252)
	at org.apache.maven.surefire.junit4.JUnit4Provider.executeTestSet(JUnit4Provider.java:141)
	at org.apache.maven.surefire.junit4.JUnit4Provider.invoke(JUnit4Provider.java:112)
	at sun.reflect.NativeMethodAccessorImpl.invoke0(Native Method)
	at sun.reflect.NativeMethodAccessorImpl.invoke(NativeMethodAccessorImpl.java:62)
	at sun.reflect.DelegatingMethodAccessorImpl.invoke(DelegatingMethodAccessorImpl.java:43)
	at java.lang.reflect.Method.invoke(Method.java:498)
	at org.apache.maven.surefire.util.ReflectionUtils.invokeMethodWithArray(ReflectionUtils.java:189)
	at org.apache.maven.surefire.booter.ProviderFactory$ProviderProxy.invoke(ProviderFactory.java:165)
	at org.apache.maven.surefire.booter.ProviderFactory.invokeProvider(ProviderFactory.java:85)
	at org.apache.maven.surefire.booter.ForkedBooter.runSuitesInProcess(ForkedBooter.java:115)
	at org.apache.maven.surefire.booter.ForkedBooter.main(ForkedBooter.java:75)

Picked up JAVA_TOOL_OPTIONS: -XX:CICompilerCount=2 -XX:ParallelGCThreads=2 -XX:ConcGCThreads=2 -Djdk.net.URLClassPath.disableClassPathURLCheck=true -XX:CICompilerCount=2 -XX:ParallelGCThreads=2 -XX:ConcGCThreads=2 -Djdk.net.URLClassPath.disableClassPathURLCheck=true 
Picked up _JAVA_OPTIONS: -Djdk.net.URLClassPath.disableClassPathURLCheck=true
Running org.apache.logging.log4j.core.FileConfigTest
Tests run: 1, Failures: 0, Errors: 0, Skipped: 0, Time elapsed: 6.739 sec
Picked up JAVA_TOOL_OPTIONS: -XX:CICompilerCount=2 -XX:ParallelGCThreads=2 -XX:ConcGCThreads=2 -Djdk.net.URLClassPath.disableClassPathURLCheck=true -XX:CICompilerCount=2 -XX:ParallelGCThreads=2 -XX:ConcGCThreads=2 -Djdk.net.URLClassPath.disableClassPathURLCheck=true 
Picked up _JAVA_OPTIONS: -Djdk.net.URLClassPath.disableClassPathURLCheck=true
Running org.apache.logging.log4j.core.layout.XMLLayoutTest
18:39:16.239 [main] DEBUG  - starting mdc pattern test
18:39:16.241 [main] DEBUG  - empty mdc
18:39:16.242 [main] DEBUG  - filled mdc
Tests run: 1, Failures: 0, Errors: 1, Skipped: 0, Time elapsed: 0.271 sec <<< FAILURE!
testLayout(org.apache.logging.log4j.core.layout.XMLLayoutTest)  Time elapsed: 0.017 sec  <<< ERROR!
java.util.EmptyStackException
	at java.util.Stack.peek(Stack.java:102)
	at org.apache.logging.log4j.core.impl.ThrowableProxy.resolvePackageData(ThrowableProxy.java:352)
	at org.apache.logging.log4j.core.impl.ThrowableProxy.<init>(ThrowableProxy.java:70)
	at org.apache.logging.log4j.core.impl.Log4jLogEvent.<init>(Log4jLogEvent.java:105)
	at org.apache.logging.log4j.core.impl.Log4jLogEvent.<init>(Log4jLogEvent.java:77)
	at org.apache.logging.log4j.core.config.LoggerConfig.createEvent(LoggerConfig.java:351)
	at org.apache.logging.log4j.core.config.LoggerConfig.log(LoggerConfig.java:280)
	at org.apache.logging.log4j.core.Logger.log(Logger.java:106)
	at org.apache.logging.log4j.spi.AbstractLogger.error(AbstractLogger.java:1012)
	at org.apache.logging.log4j.core.layout.XMLLayoutTest.testLayout(XMLLayoutTest.java:88)
	at sun.reflect.NativeMethodAccessorImpl.invoke0(Native Method)
	at sun.reflect.NativeMethodAccessorImpl.invoke(NativeMethodAccessorImpl.java:62)
	at sun.reflect.DelegatingMethodAccessorImpl.invoke(DelegatingMethodAccessorImpl.java:43)
	at java.lang.reflect.Method.invoke(Method.java:498)
	at org.junit.runners.model.FrameworkMethod$1.runReflectiveCall(FrameworkMethod.java:44)
	at org.junit.internal.runners.model.ReflectiveCallable.run(ReflectiveCallable.java:15)
	at org.junit.runners.model.FrameworkMethod.invokeExplosively(FrameworkMethod.java:41)
	at org.junit.internal.runners.statements.InvokeMethod.evaluate(InvokeMethod.java:20)
	at org.junit.runners.BlockJUnit4ClassRunner.runChild(BlockJUnit4ClassRunner.java:76)
	at org.junit.runners.BlockJUnit4ClassRunner.runChild(BlockJUnit4ClassRunner.java:50)
	at org.junit.runners.ParentRunner$3.run(ParentRunner.java:193)
	at org.junit.runners.ParentRunner$1.schedule(ParentRunner.java:52)
	at org.junit.runners.ParentRunner.runChildren(ParentRunner.java:191)
	at org.junit.runners.ParentRunner.access$000(ParentRunner.java:42)
	at org.junit.runners.ParentRunner$2.evaluate(ParentRunner.java:184)
	at org.junit.internal.runners.statements.RunBefores.evaluate(RunBefores.java:28)
	at org.junit.internal.runners.statements.RunAfters.evaluate(RunAfters.java:31)
	at org.junit.runners.ParentRunner.run(ParentRunner.java:236)
	at org.apache.maven.surefire.junit4.JUnit4Provider.execute(JUnit4Provider.java:252)
	at org.apache.maven.surefire.junit4.JUnit4Provider.executeTestSet(JUnit4Provider.java:141)
	at org.apache.maven.surefire.junit4.JUnit4Provider.invoke(JUnit4Provider.java:112)
	at sun.reflect.NativeMethodAccessorImpl.invoke0(Native Method)
	at sun.reflect.NativeMethodAccessorImpl.invoke(NativeMethodAccessorImpl.java:62)
	at sun.reflect.DelegatingMethodAccessorImpl.invoke(DelegatingMethodAccessorImpl.java:43)
	at java.lang.reflect.Method.invoke(Method.java:498)
	at org.apache.maven.surefire.util.ReflectionUtils.invokeMethodWithArray(ReflectionUtils.java:189)
	at org.apache.maven.surefire.booter.ProviderFactory$ProviderProxy.invoke(ProviderFactory.java:165)
	at org.apache.maven.surefire.booter.ProviderFactory.invokeProvider(ProviderFactory.java:85)
	at org.apache.maven.surefire.booter.ForkedBooter.runSuitesInProcess(ForkedBooter.java:115)
	at org.apache.maven.surefire.booter.ForkedBooter.main(ForkedBooter.java:75)

Picked up JAVA_TOOL_OPTIONS: -XX:CICompilerCount=2 -XX:ParallelGCThreads=2 -XX:ConcGCThreads=2 -Djdk.net.URLClassPath.disableClassPathURLCheck=true -XX:CICompilerCount=2 -XX:ParallelGCThreads=2 -XX:ConcGCThreads=2 -Djdk.net.URLClassPath.disableClassPathURLCheck=true 
Picked up _JAVA_OPTIONS: -Djdk.net.URLClassPath.disableClassPathURLCheck=true
Running org.apache.logging.log4j.core.layout.RFC5424LayoutTest
18:39:16.804 [main] DEBUG  - starting mdc pattern test
18:39:16.810 [main] DEBUG  - empty mdc
18:39:16.810 [main] DEBUG  - filled mdc
18:39:16.818 [main] INFO   - Audit [Transfer@18060 Amount="200.00" FromAccount="123457" ToAccount="123456"] Transfer Complete
18:39:16.820 [main] DEBUG  - This is a test
Tests run: 1, Failures: 0, Errors: 0, Skipped: 0, Time elapsed: 0.299 sec
Picked up JAVA_TOOL_OPTIONS: -XX:CICompilerCount=2 -XX:ParallelGCThreads=2 -XX:ConcGCThreads=2 -Djdk.net.URLClassPath.disableClassPathURLCheck=true -XX:CICompilerCount=2 -XX:ParallelGCThreads=2 -XX:ConcGCThreads=2 -Djdk.net.URLClassPath.disableClassPathURLCheck=true 
Picked up _JAVA_OPTIONS: -Djdk.net.URLClassPath.disableClassPathURLCheck=true
Running org.apache.logging.log4j.core.layout.PatternLayoutTest
18:39:17.366 [main] DEBUG  - starting mdc pattern test
18:39:17.368 [main] DEBUG  - empty mdc, no key specified in pattern
18:39:17.369 [main] DEBUG  - empty mdc, key1 in pattern
18:39:17.369 [main] DEBUG  - empty mdc, key2 in pattern
18:39:17.369 [main] DEBUG  - empty mdc, key3 in pattern
18:39:17.370 [main] DEBUG  - empty mdc, key1, key2, and key3 in pattern
18:39:17.370 [main] DEBUG  - filled mdc, no key specified in pattern
18:39:17.370 [main] DEBUG  - filled mdc, key1 in pattern
18:39:17.371 [main] DEBUG  - filled mdc, key2 in pattern
18:39:17.371 [main] DEBUG  - filled mdc, key3 in pattern
18:39:17.371 [main] DEBUG  - filled mdc, key1, key2, and key3 in pattern
18:39:17.372 [main] DEBUG  - finished mdc pattern test
Tests run: 2, Failures: 0, Errors: 0, Skipped: 0, Time elapsed: 0.282 sec
Picked up JAVA_TOOL_OPTIONS: -XX:CICompilerCount=2 -XX:ParallelGCThreads=2 -XX:ConcGCThreads=2 -Djdk.net.URLClassPath.disableClassPathURLCheck=true -XX:CICompilerCount=2 -XX:ParallelGCThreads=2 -XX:ConcGCThreads=2 -Djdk.net.URLClassPath.disableClassPathURLCheck=true 
Picked up _JAVA_OPTIONS: -Djdk.net.URLClassPath.disableClassPathURLCheck=true
Running org.apache.logging.log4j.core.layout.SerializedLayoutTest
18:39:18.033 [main] DEBUG  - starting mdc pattern test
18:39:18.045 [main] DEBUG  - empty mdc
18:39:18.045 [main] DEBUG  - filled mdc
Tests run: 1, Failures: 0, Errors: 1, Skipped: 0, Time elapsed: 0.294 sec <<< FAILURE!
testLayout(org.apache.logging.log4j.core.layout.SerializedLayoutTest)  Time elapsed: 0.03 sec  <<< ERROR!
java.util.EmptyStackException
	at java.util.Stack.peek(Stack.java:102)
	at org.apache.logging.log4j.core.impl.ThrowableProxy.resolvePackageData(ThrowableProxy.java:352)
	at org.apache.logging.log4j.core.impl.ThrowableProxy.<init>(ThrowableProxy.java:70)
	at org.apache.logging.log4j.core.impl.Log4jLogEvent.<init>(Log4jLogEvent.java:105)
	at org.apache.logging.log4j.core.impl.Log4jLogEvent.<init>(Log4jLogEvent.java:77)
	at org.apache.logging.log4j.core.config.LoggerConfig.createEvent(LoggerConfig.java:351)
	at org.apache.logging.log4j.core.config.LoggerConfig.log(LoggerConfig.java:280)
	at org.apache.logging.log4j.core.Logger.log(Logger.java:106)
	at org.apache.logging.log4j.spi.AbstractLogger.error(AbstractLogger.java:1012)
	at org.apache.logging.log4j.core.layout.SerializedLayoutTest.testLayout(SerializedLayoutTest.java:99)
	at sun.reflect.NativeMethodAccessorImpl.invoke0(Native Method)
	at sun.reflect.NativeMethodAccessorImpl.invoke(NativeMethodAccessorImpl.java:62)
	at sun.reflect.DelegatingMethodAccessorImpl.invoke(DelegatingMethodAccessorImpl.java:43)
	at java.lang.reflect.Method.invoke(Method.java:498)
	at org.junit.runners.model.FrameworkMethod$1.runReflectiveCall(FrameworkMethod.java:44)
	at org.junit.internal.runners.model.ReflectiveCallable.run(ReflectiveCallable.java:15)
	at org.junit.runners.model.FrameworkMethod.invokeExplosively(FrameworkMethod.java:41)
	at org.junit.internal.runners.statements.InvokeMethod.evaluate(InvokeMethod.java:20)
	at org.junit.runners.BlockJUnit4ClassRunner.runChild(BlockJUnit4ClassRunner.java:76)
	at org.junit.runners.BlockJUnit4ClassRunner.runChild(BlockJUnit4ClassRunner.java:50)
	at org.junit.runners.ParentRunner$3.run(ParentRunner.java:193)
	at org.junit.runners.ParentRunner$1.schedule(ParentRunner.java:52)
	at org.junit.runners.ParentRunner.runChildren(ParentRunner.java:191)
	at org.junit.runners.ParentRunner.access$000(ParentRunner.java:42)
	at org.junit.runners.ParentRunner$2.evaluate(ParentRunner.java:184)
	at org.junit.internal.runners.statements.RunBefores.evaluate(RunBefores.java:28)
	at org.junit.internal.runners.statements.RunAfters.evaluate(RunAfters.java:31)
	at org.junit.runners.ParentRunner.run(ParentRunner.java:236)
	at org.apache.maven.surefire.junit4.JUnit4Provider.execute(JUnit4Provider.java:252)
	at org.apache.maven.surefire.junit4.JUnit4Provider.executeTestSet(JUnit4Provider.java:141)
	at org.apache.maven.surefire.junit4.JUnit4Provider.invoke(JUnit4Provider.java:112)
	at sun.reflect.NativeMethodAccessorImpl.invoke0(Native Method)
	at sun.reflect.NativeMethodAccessorImpl.invoke(NativeMethodAccessorImpl.java:62)
	at sun.reflect.DelegatingMethodAccessorImpl.invoke(DelegatingMethodAccessorImpl.java:43)
	at java.lang.reflect.Method.invoke(Method.java:498)
	at org.apache.maven.surefire.util.ReflectionUtils.invokeMethodWithArray(ReflectionUtils.java:189)
	at org.apache.maven.surefire.booter.ProviderFactory$ProviderProxy.invoke(ProviderFactory.java:165)
	at org.apache.maven.surefire.booter.ProviderFactory.invokeProvider(ProviderFactory.java:85)
	at org.apache.maven.surefire.booter.ForkedBooter.runSuitesInProcess(ForkedBooter.java:115)
	at org.apache.maven.surefire.booter.ForkedBooter.main(ForkedBooter.java:75)

Picked up JAVA_TOOL_OPTIONS: -XX:CICompilerCount=2 -XX:ParallelGCThreads=2 -XX:ConcGCThreads=2 -Djdk.net.URLClassPath.disableClassPathURLCheck=true -XX:CICompilerCount=2 -XX:ParallelGCThreads=2 -XX:ConcGCThreads=2 -Djdk.net.URLClassPath.disableClassPathURLCheck=true 
Picked up _JAVA_OPTIONS: -Djdk.net.URLClassPath.disableClassPathURLCheck=true
Running org.apache.logging.log4j.core.layout.HTMLLayoutTest
18:39:18.587 [main] DEBUG  - starting mdc pattern test
18:39:18.590 [main] DEBUG  - empty mdc
18:39:18.590 [main] DEBUG  - First line
Second line
18:39:18.591 [main] DEBUG  - filled mdc
Tests run: 1, Failures: 0, Errors: 1, Skipped: 0, Time elapsed: 0.279 sec <<< FAILURE!
testLayout(org.apache.logging.log4j.core.layout.HTMLLayoutTest)  Time elapsed: 0.026 sec  <<< ERROR!
java.util.EmptyStackException
	at java.util.Stack.peek(Stack.java:102)
	at org.apache.logging.log4j.core.impl.ThrowableProxy.resolvePackageData(ThrowableProxy.java:352)
	at org.apache.logging.log4j.core.impl.ThrowableProxy.<init>(ThrowableProxy.java:70)
	at org.apache.logging.log4j.core.impl.Log4jLogEvent.<init>(Log4jLogEvent.java:105)
	at org.apache.logging.log4j.core.impl.Log4jLogEvent.<init>(Log4jLogEvent.java:77)
	at org.apache.logging.log4j.core.config.LoggerConfig.createEvent(LoggerConfig.java:351)
	at org.apache.logging.log4j.core.config.LoggerConfig.log(LoggerConfig.java:280)
	at org.apache.logging.log4j.core.Logger.log(Logger.java:106)
	at org.apache.logging.log4j.spi.AbstractLogger.error(AbstractLogger.java:1012)
	at org.apache.logging.log4j.core.layout.HTMLLayoutTest.testLayout(HTMLLayoutTest.java:93)
	at sun.reflect.NativeMethodAccessorImpl.invoke0(Native Method)
	at sun.reflect.NativeMethodAccessorImpl.invoke(NativeMethodAccessorImpl.java:62)
	at sun.reflect.DelegatingMethodAccessorImpl.invoke(DelegatingMethodAccessorImpl.java:43)
	at java.lang.reflect.Method.invoke(Method.java:498)
	at org.junit.runners.model.FrameworkMethod$1.runReflectiveCall(FrameworkMethod.java:44)
	at org.junit.internal.runners.model.ReflectiveCallable.run(ReflectiveCallable.java:15)
	at org.junit.runners.model.FrameworkMethod.invokeExplosively(FrameworkMethod.java:41)
	at org.junit.internal.runners.statements.InvokeMethod.evaluate(InvokeMethod.java:20)
	at org.junit.runners.BlockJUnit4ClassRunner.runChild(BlockJUnit4ClassRunner.java:76)
	at org.junit.runners.BlockJUnit4ClassRunner.runChild(BlockJUnit4ClassRunner.java:50)
	at org.junit.runners.ParentRunner$3.run(ParentRunner.java:193)
	at org.junit.runners.ParentRunner$1.schedule(ParentRunner.java:52)
	at org.junit.runners.ParentRunner.runChildren(ParentRunner.java:191)
	at org.junit.runners.ParentRunner.access$000(ParentRunner.java:42)
	at org.junit.runners.ParentRunner$2.evaluate(ParentRunner.java:184)
	at org.junit.internal.runners.statements.RunBefores.evaluate(RunBefores.java:28)
	at org.junit.internal.runners.statements.RunAfters.evaluate(RunAfters.java:31)
	at org.junit.runners.ParentRunner.run(ParentRunner.java:236)
	at org.apache.maven.surefire.junit4.JUnit4Provider.execute(JUnit4Provider.java:252)
	at org.apache.maven.surefire.junit4.JUnit4Provider.executeTestSet(JUnit4Provider.java:141)
	at org.apache.maven.surefire.junit4.JUnit4Provider.invoke(JUnit4Provider.java:112)
	at sun.reflect.NativeMethodAccessorImpl.invoke0(Native Method)
	at sun.reflect.NativeMethodAccessorImpl.invoke(NativeMethodAccessorImpl.java:62)
	at sun.reflect.DelegatingMethodAccessorImpl.invoke(DelegatingMethodAccessorImpl.java:43)
	at java.lang.reflect.Method.invoke(Method.java:498)
	at org.apache.maven.surefire.util.ReflectionUtils.invokeMethodWithArray(ReflectionUtils.java:189)
	at org.apache.maven.surefire.booter.ProviderFactory$ProviderProxy.invoke(ProviderFactory.java:165)
	at org.apache.maven.surefire.booter.ProviderFactory.invokeProvider(ProviderFactory.java:85)
	at org.apache.maven.surefire.booter.ForkedBooter.runSuitesInProcess(ForkedBooter.java:115)
	at org.apache.maven.surefire.booter.ForkedBooter.main(ForkedBooter.java:75)

Picked up JAVA_TOOL_OPTIONS: -XX:CICompilerCount=2 -XX:ParallelGCThreads=2 -XX:ConcGCThreads=2 -Djdk.net.URLClassPath.disableClassPathURLCheck=true -XX:CICompilerCount=2 -XX:ParallelGCThreads=2 -XX:ConcGCThreads=2 -Djdk.net.URLClassPath.disableClassPathURLCheck=true 
Picked up _JAVA_OPTIONS: -Djdk.net.URLClassPath.disableClassPathURLCheck=true
Running org.apache.logging.log4j.core.layout.SyslogLayoutTest
18:39:19.129 [main] DEBUG  - starting mdc pattern test
18:39:19.133 [main] DEBUG  - empty mdc
18:39:19.133 [main] DEBUG  - filled mdc
18:39:19.142 [main] INFO   - Audit [Transfer@18060 Amount="200.00" FromAccount="123457" ToAccount="123456"] Transfer Complete
Tests run: 1, Failures: 0, Errors: 0, Skipped: 0, Time elapsed: 0.284 sec
Picked up JAVA_TOOL_OPTIONS: -XX:CICompilerCount=2 -XX:ParallelGCThreads=2 -XX:ConcGCThreads=2 -Djdk.net.URLClassPath.disableClassPathURLCheck=true -XX:CICompilerCount=2 -XX:ParallelGCThreads=2 -XX:ConcGCThreads=2 -Djdk.net.URLClassPath.disableClassPathURLCheck=true 
Picked up _JAVA_OPTIONS: -Djdk.net.URLClassPath.disableClassPathURLCheck=true
Running org.apache.logging.log4j.core.LoggerTest
Tests run: 10, Failures: 0, Errors: 2, Skipped: 0, Time elapsed: 6.436 sec <<< FAILURE!
throwing(org.apache.logging.log4j.core.LoggerTest)  Time elapsed: 0.007 sec  <<< ERROR!
java.util.EmptyStackException
	at java.util.Stack.peek(Stack.java:102)
	at org.apache.logging.log4j.core.impl.ThrowableProxy.resolvePackageData(ThrowableProxy.java:352)
	at org.apache.logging.log4j.core.impl.ThrowableProxy.<init>(ThrowableProxy.java:70)
	at org.apache.logging.log4j.core.impl.Log4jLogEvent.<init>(Log4jLogEvent.java:105)
	at org.apache.logging.log4j.core.impl.Log4jLogEvent.<init>(Log4jLogEvent.java:77)
	at org.apache.logging.log4j.core.config.LoggerConfig.createEvent(LoggerConfig.java:351)
	at org.apache.logging.log4j.core.config.LoggerConfig.log(LoggerConfig.java:280)
	at org.apache.logging.log4j.core.Logger.log(Logger.java:106)
	at org.apache.logging.log4j.spi.AbstractLogger.throwing(AbstractLogger.java:135)
	at org.apache.logging.log4j.core.LoggerTest.throwing(LoggerTest.java:100)
	at sun.reflect.NativeMethodAccessorImpl.invoke0(Native Method)
	at sun.reflect.NativeMethodAccessorImpl.invoke(NativeMethodAccessorImpl.java:62)
	at sun.reflect.DelegatingMethodAccessorImpl.invoke(DelegatingMethodAccessorImpl.java:43)
	at java.lang.reflect.Method.invoke(Method.java:498)
	at org.junit.runners.model.FrameworkMethod$1.runReflectiveCall(FrameworkMethod.java:44)
	at org.junit.internal.runners.model.ReflectiveCallable.run(ReflectiveCallable.java:15)
	at org.junit.runners.model.FrameworkMethod.invokeExplosively(FrameworkMethod.java:41)
	at org.junit.internal.runners.statements.InvokeMethod.evaluate(InvokeMethod.java:20)
	at org.junit.internal.runners.statements.RunBefores.evaluate(RunBefores.java:28)
	at org.junit.runners.BlockJUnit4ClassRunner.runChild(BlockJUnit4ClassRunner.java:76)
	at org.junit.runners.BlockJUnit4ClassRunner.runChild(BlockJUnit4ClassRunner.java:50)
	at org.junit.runners.ParentRunner$3.run(ParentRunner.java:193)
	at org.junit.runners.ParentRunner$1.schedule(ParentRunner.java:52)
	at org.junit.runners.ParentRunner.runChildren(ParentRunner.java:191)
	at org.junit.runners.ParentRunner.access$000(ParentRunner.java:42)
	at org.junit.runners.ParentRunner$2.evaluate(ParentRunner.java:184)
	at org.junit.internal.runners.statements.RunBefores.evaluate(RunBefores.java:28)
	at org.junit.internal.runners.statements.RunAfters.evaluate(RunAfters.java:31)
	at org.junit.runners.ParentRunner.run(ParentRunner.java:236)
	at org.apache.maven.surefire.junit4.JUnit4Provider.execute(JUnit4Provider.java:252)
	at org.apache.maven.surefire.junit4.JUnit4Provider.executeTestSet(JUnit4Provider.java:141)
	at org.apache.maven.surefire.junit4.JUnit4Provider.invoke(JUnit4Provider.java:112)
	at sun.reflect.NativeMethodAccessorImpl.invoke0(Native Method)
	at sun.reflect.NativeMethodAccessorImpl.invoke(NativeMethodAccessorImpl.java:62)
	at sun.reflect.DelegatingMethodAccessorImpl.invoke(DelegatingMethodAccessorImpl.java:43)
	at java.lang.reflect.Method.invoke(Method.java:498)
	at org.apache.maven.surefire.util.ReflectionUtils.invokeMethodWithArray(ReflectionUtils.java:189)
	at org.apache.maven.surefire.booter.ProviderFactory$ProviderProxy.invoke(ProviderFactory.java:165)
	at org.apache.maven.surefire.booter.ProviderFactory.invokeProvider(ProviderFactory.java:85)
	at org.apache.maven.surefire.booter.ForkedBooter.runSuitesInProcess(ForkedBooter.java:115)
	at org.apache.maven.surefire.booter.ForkedBooter.main(ForkedBooter.java:75)

catching(org.apache.logging.log4j.core.LoggerTest)  Time elapsed: 0.001 sec  <<< ERROR!
java.util.EmptyStackException
	at java.util.Stack.peek(Stack.java:102)
	at org.apache.logging.log4j.core.impl.ThrowableProxy.resolvePackageData(ThrowableProxy.java:352)
	at org.apache.logging.log4j.core.impl.ThrowableProxy.<init>(ThrowableProxy.java:70)
	at org.apache.logging.log4j.core.impl.Log4jLogEvent.<init>(Log4jLogEvent.java:105)
	at org.apache.logging.log4j.core.impl.Log4jLogEvent.<init>(Log4jLogEvent.java:77)
	at org.apache.logging.log4j.core.config.LoggerConfig.createEvent(LoggerConfig.java:351)
	at org.apache.logging.log4j.core.config.LoggerConfig.log(LoggerConfig.java:280)
	at org.apache.logging.log4j.core.Logger.log(Logger.java:106)
	at org.apache.logging.log4j.spi.AbstractLogger.catching(AbstractLogger.java:163)
	at org.apache.logging.log4j.core.LoggerTest.catching(LoggerTest.java:111)
	at sun.reflect.NativeMethodAccessorImpl.invoke0(Native Method)
	at sun.reflect.NativeMethodAccessorImpl.invoke(NativeMethodAccessorImpl.java:62)
	at sun.reflect.DelegatingMethodAccessorImpl.invoke(DelegatingMethodAccessorImpl.java:43)
	at java.lang.reflect.Method.invoke(Method.java:498)
	at org.junit.runners.model.FrameworkMethod$1.runReflectiveCall(FrameworkMethod.java:44)
	at org.junit.internal.runners.model.ReflectiveCallable.run(ReflectiveCallable.java:15)
	at org.junit.runners.model.FrameworkMethod.invokeExplosively(FrameworkMethod.java:41)
	at org.junit.internal.runners.statements.InvokeMethod.evaluate(InvokeMethod.java:20)
	at org.junit.internal.runners.statements.RunBefores.evaluate(RunBefores.java:28)
	at org.junit.runners.BlockJUnit4ClassRunner.runChild(BlockJUnit4ClassRunner.java:76)
	at org.junit.runners.BlockJUnit4ClassRunner.runChild(BlockJUnit4ClassRunner.java:50)
	at org.junit.runners.ParentRunner$3.run(ParentRunner.java:193)
	at org.junit.runners.ParentRunner$1.schedule(ParentRunner.java:52)
	at org.junit.runners.ParentRunner.runChildren(ParentRunner.java:191)
	at org.junit.runners.ParentRunner.access$000(ParentRunner.java:42)
	at org.junit.runners.ParentRunner$2.evaluate(ParentRunner.java:184)
	at org.junit.internal.runners.statements.RunBefores.evaluate(RunBefores.java:28)
	at org.junit.internal.runners.statements.RunAfters.evaluate(RunAfters.java:31)
	at org.junit.runners.ParentRunner.run(ParentRunner.java:236)
	at org.apache.maven.surefire.junit4.JUnit4Provider.execute(JUnit4Provider.java:252)
	at org.apache.maven.surefire.junit4.JUnit4Provider.executeTestSet(JUnit4Provider.java:141)
	at org.apache.maven.surefire.junit4.JUnit4Provider.invoke(JUnit4Provider.java:112)
	at sun.reflect.NativeMethodAccessorImpl.invoke0(Native Method)
	at sun.reflect.NativeMethodAccessorImpl.invoke(NativeMethodAccessorImpl.java:62)
	at sun.reflect.DelegatingMethodAccessorImpl.invoke(DelegatingMethodAccessorImpl.java:43)
	at java.lang.reflect.Method.invoke(Method.java:498)
	at org.apache.maven.surefire.util.ReflectionUtils.invokeMethodWithArray(ReflectionUtils.java:189)
	at org.apache.maven.surefire.booter.ProviderFactory$ProviderProxy.invoke(ProviderFactory.java:165)
	at org.apache.maven.surefire.booter.ProviderFactory.invokeProvider(ProviderFactory.java:85)
	at org.apache.maven.surefire.booter.ForkedBooter.runSuitesInProcess(ForkedBooter.java:115)
	at org.apache.maven.surefire.booter.ForkedBooter.main(ForkedBooter.java:75)

Picked up JAVA_TOOL_OPTIONS: -XX:CICompilerCount=2 -XX:ParallelGCThreads=2 -XX:ConcGCThreads=2 -Djdk.net.URLClassPath.disableClassPathURLCheck=true -XX:CICompilerCount=2 -XX:ParallelGCThreads=2 -XX:ConcGCThreads=2 -Djdk.net.URLClassPath.disableClassPathURLCheck=true 
Picked up _JAVA_OPTIONS: -Djdk.net.URLClassPath.disableClassPathURLCheck=true
Running org.apache.logging.log4j.core.net.PriorityTest
Tests run: 1, Failures: 0, Errors: 0, Skipped: 0, Time elapsed: 0.061 sec
Picked up JAVA_TOOL_OPTIONS: -XX:CICompilerCount=2 -XX:ParallelGCThreads=2 -XX:ConcGCThreads=2 -Djdk.net.URLClassPath.disableClassPathURLCheck=true -XX:CICompilerCount=2 -XX:ParallelGCThreads=2 -XX:ConcGCThreads=2 -Djdk.net.URLClassPath.disableClassPathURLCheck=true 
Picked up _JAVA_OPTIONS: -Djdk.net.URLClassPath.disableClassPathURLCheck=true
Running org.apache.logging.log4j.core.net.SocketServerTest
Tests run: 1, Failures: 0, Errors: 0, Skipped: 0, Time elapsed: 0.469 sec
Picked up JAVA_TOOL_OPTIONS: -XX:CICompilerCount=2 -XX:ParallelGCThreads=2 -XX:ConcGCThreads=2 -Djdk.net.URLClassPath.disableClassPathURLCheck=true -XX:CICompilerCount=2 -XX:ParallelGCThreads=2 -XX:ConcGCThreads=2 -Djdk.net.URLClassPath.disableClassPathURLCheck=true 
Picked up _JAVA_OPTIONS: -Djdk.net.URLClassPath.disableClassPathURLCheck=true
Running org.apache.logging.log4j.core.net.JMSQueueTest
log4j:WARN No appenders could be found for logger (org.mockejb.jndi.MockContext).
log4j:WARN Please initialize the log4j system properly.
log4j:WARN See http://logging.apache.org/log4j/1.2/faq.html#noconfig for more info.
Tests run: 1, Failures: 0, Errors: 0, Skipped: 0, Time elapsed: 0.64 sec
Picked up JAVA_TOOL_OPTIONS: -XX:CICompilerCount=2 -XX:ParallelGCThreads=2 -XX:ConcGCThreads=2 -Djdk.net.URLClassPath.disableClassPathURLCheck=true -XX:CICompilerCount=2 -XX:ParallelGCThreads=2 -XX:ConcGCThreads=2 -Djdk.net.URLClassPath.disableClassPathURLCheck=true 
Picked up _JAVA_OPTIONS: -Djdk.net.URLClassPath.disableClassPathURLCheck=true
Running org.apache.logging.log4j.core.net.JMSTopicTest
log4j:WARN No appenders could be found for logger (org.mockejb.jndi.MockContext).
log4j:WARN Please initialize the log4j system properly.
log4j:WARN See http://logging.apache.org/log4j/1.2/faq.html#noconfig for more info.
Tests run: 1, Failures: 0, Errors: 0, Skipped: 0, Time elapsed: 0.711 sec
Picked up JAVA_TOOL_OPTIONS: -XX:CICompilerCount=2 -XX:ParallelGCThreads=2 -XX:ConcGCThreads=2 -Djdk.net.URLClassPath.disableClassPathURLCheck=true -XX:CICompilerCount=2 -XX:ParallelGCThreads=2 -XX:ConcGCThreads=2 -Djdk.net.URLClassPath.disableClassPathURLCheck=true 
Picked up _JAVA_OPTIONS: -Djdk.net.URLClassPath.disableClassPathURLCheck=true
Running org.apache.logging.log4j.core.config.TestConfigurator
2020-03-14 18:39:31,542 ERROR Unknown object "logger" of type org.apache.logging.log4j.core.config.LoggerConfig is ignored
2020-03-14 18:39:31,545 ERROR Unknown object "logger" of type org.apache.logging.log4j.core.config.LoggerConfig is ignored
2020-03-14 18:39:31,546 ERROR Unknown object "root" of type org.apache.logging.log4j.core.config.LoggerConfig is ignored
2020-03-14 18:39:31,547 WARN No Loggers were configured, using default. Is the Loggers element missing?
2020-03-14 18:39:31,582 ERROR KeyValuePair contains an invalid element or attribute "key1"
2020-03-14 18:39:31,583 ERROR A null key is not valid in MapFilter
2020-03-14 18:39:31,584 ERROR ThreadContextMapFilter is not configured with any valid key value pairs
2020-03-14 18:39:31,614 ERROR Console contains an invalid element or attribute "TypoLayout"
2020-03-14 18:39:31,632 ERROR FileManager (/rootdir/test.log) java.io.FileNotFoundException: /rootdir/test.log (No such file or directory)
2020-03-14 18:39:31,633 ERROR Unable to invoke method createAppender in class org.apache.logging.log4j.core.appender.FileAppender for element File java.lang.reflect.InvocationTargetException
	at sun.reflect.NativeMethodAccessorImpl.invoke0(Native Method)
	at sun.reflect.NativeMethodAccessorImpl.invoke(NativeMethodAccessorImpl.java:62)
	at sun.reflect.DelegatingMethodAccessorImpl.invoke(DelegatingMethodAccessorImpl.java:43)
	at java.lang.reflect.Method.invoke(Method.java:498)
	at org.apache.logging.log4j.core.config.BaseConfiguration.createPluginObject(BaseConfiguration.java:711)
	at org.apache.logging.log4j.core.config.BaseConfiguration.createConfiguration(BaseConfiguration.java:477)
	at org.apache.logging.log4j.core.config.BaseConfiguration.createConfiguration(BaseConfiguration.java:469)
	at org.apache.logging.log4j.core.config.BaseConfiguration.doConfigure(BaseConfiguration.java:156)
	at org.apache.logging.log4j.core.config.BaseConfiguration.start(BaseConfiguration.java:114)
	at org.apache.logging.log4j.core.LoggerContext.setConfiguration(LoggerContext.java:251)
	at org.apache.logging.log4j.core.config.Configurator.initialize(Configurator.java:62)
	at org.apache.logging.log4j.core.config.Configurator.initialize(Configurator.java:43)
	at org.apache.logging.log4j.core.config.TestConfigurator.testBadFileName(TestConfigurator.java:229)
	at sun.reflect.NativeMethodAccessorImpl.invoke0(Native Method)
	at sun.reflect.NativeMethodAccessorImpl.invoke(NativeMethodAccessorImpl.java:62)
	at sun.reflect.DelegatingMethodAccessorImpl.invoke(DelegatingMethodAccessorImpl.java:43)
	at java.lang.reflect.Method.invoke(Method.java:498)
	at org.junit.runners.model.FrameworkMethod$1.runReflectiveCall(FrameworkMethod.java:44)
	at org.junit.internal.runners.model.ReflectiveCallable.run(ReflectiveCallable.java:15)
	at org.junit.runners.model.FrameworkMethod.invokeExplosively(FrameworkMethod.java:41)
	at org.junit.internal.runners.statements.InvokeMethod.evaluate(InvokeMethod.java:20)
	at org.junit.runners.BlockJUnit4ClassRunner.runChild(BlockJUnit4ClassRunner.java:76)
	at org.junit.runners.BlockJUnit4ClassRunner.runChild(BlockJUnit4ClassRunner.java:50)
	at org.junit.runners.ParentRunner$3.run(ParentRunner.java:193)
	at org.junit.runners.ParentRunner$1.schedule(ParentRunner.java:52)
	at org.junit.runners.ParentRunner.runChildren(ParentRunner.java:191)
	at org.junit.runners.ParentRunner.access$000(ParentRunner.java:42)
	at org.junit.runners.ParentRunner$2.evaluate(ParentRunner.java:184)
	at org.junit.runners.ParentRunner.run(ParentRunner.java:236)
	at org.apache.maven.surefire.junit4.JUnit4Provider.execute(JUnit4Provider.java:252)
	at org.apache.maven.surefire.junit4.JUnit4Provider.executeTestSet(JUnit4Provider.java:141)
	at org.apache.maven.surefire.junit4.JUnit4Provider.invoke(JUnit4Provider.java:112)
	at sun.reflect.NativeMethodAccessorImpl.invoke0(Native Method)
	at sun.reflect.NativeMethodAccessorImpl.invoke(NativeMethodAccessorImpl.java:62)
	at sun.reflect.DelegatingMethodAccessorImpl.invoke(DelegatingMethodAccessorImpl.java:43)
	at java.lang.reflect.Method.invoke(Method.java:498)
	at org.apache.maven.surefire.util.ReflectionUtils.invokeMethodWithArray(ReflectionUtils.java:189)
	at org.apache.maven.surefire.booter.ProviderFactory$ProviderProxy.invoke(ProviderFactory.java:165)
	at org.apache.maven.surefire.booter.ProviderFactory.invokeProvider(ProviderFactory.java:85)
	at org.apache.maven.surefire.booter.ForkedBooter.runSuitesInProcess(ForkedBooter.java:115)
	at org.apache.maven.surefire.booter.ForkedBooter.main(ForkedBooter.java:75)
Caused by: java.lang.IllegalStateException: Unable to create a manager
	at org.apache.logging.log4j.core.appender.AbstractManager.getManager(AbstractManager.java:70)
	at org.apache.logging.log4j.core.appender.OutputStreamManager.getManager(OutputStreamManager.java:47)
	at org.apache.logging.log4j.core.appender.FileManager.getFileManager(FileManager.java:58)
	at org.apache.logging.log4j.core.appender.FileAppender.createAppender(FileAppender.java:99)
	... 41 more

2020-03-14 18:39:31,637 ERROR Null object returned for File in appenders
2020-03-14 18:39:31,641 ERROR Unable to locate appender File for logger org.apache.logging.log4j.test2
Tests run: 12, Failures: 0, Errors: 0, Skipped: 0, Time elapsed: 1.119 sec
Picked up JAVA_TOOL_OPTIONS: -XX:CICompilerCount=2 -XX:ParallelGCThreads=2 -XX:ConcGCThreads=2 -Djdk.net.URLClassPath.disableClassPathURLCheck=true -XX:CICompilerCount=2 -XX:ParallelGCThreads=2 -XX:ConcGCThreads=2 -Djdk.net.URLClassPath.disableClassPathURLCheck=true 
Picked up _JAVA_OPTIONS: -Djdk.net.URLClassPath.disableClassPathURLCheck=true
Running org.apache.logging.log4j.core.config.FileOutputTest
Tests run: 1, Failures: 0, Errors: 0, Skipped: 0, Time elapsed: 0.425 sec
Picked up JAVA_TOOL_OPTIONS: -XX:CICompilerCount=2 -XX:ParallelGCThreads=2 -XX:ConcGCThreads=2 -Djdk.net.URLClassPath.disableClassPathURLCheck=true -XX:CICompilerCount=2 -XX:ParallelGCThreads=2 -XX:ConcGCThreads=2 -Djdk.net.URLClassPath.disableClassPathURLCheck=true 
Picked up _JAVA_OPTIONS: -Djdk.net.URLClassPath.disableClassPathURLCheck=true
Running org.apache.logging.log4j.core.config.XMLLoggerPropsTest
Tests run: 1, Failures: 0, Errors: 0, Skipped: 0, Time elapsed: 0.375 sec
Picked up JAVA_TOOL_OPTIONS: -XX:CICompilerCount=2 -XX:ParallelGCThreads=2 -XX:ConcGCThreads=2 -Djdk.net.URLClassPath.disableClassPathURLCheck=true -XX:CICompilerCount=2 -XX:ParallelGCThreads=2 -XX:ConcGCThreads=2 -Djdk.net.URLClassPath.disableClassPathURLCheck=true 
Picked up _JAVA_OPTIONS: -Djdk.net.URLClassPath.disableClassPathURLCheck=true
Running org.apache.logging.log4j.core.config.XMLConfigurationTest
Tests run: 2, Failures: 0, Errors: 0, Skipped: 0, Time elapsed: 0.453 sec
Picked up JAVA_TOOL_OPTIONS: -XX:CICompilerCount=2 -XX:ParallelGCThreads=2 -XX:ConcGCThreads=2 -Djdk.net.URLClassPath.disableClassPathURLCheck=true -XX:CICompilerCount=2 -XX:ParallelGCThreads=2 -XX:ConcGCThreads=2 -Djdk.net.URLClassPath.disableClassPathURLCheck=true 
Picked up _JAVA_OPTIONS: -Djdk.net.URLClassPath.disableClassPathURLCheck=true
Running org.apache.logging.log4j.core.config.XMLConfigurationPropsTest
2020-03-14 18:39:34,442 DEBUG Generated plugins in 0.000275872 seconds
2020-03-14 18:39:34,454 DEBUG Calling createLayout on class org.apache.logging.log4j.core.layout.PatternLayout for element PatternLayout with params(pattern="[%-5level] %msg%n", Configuration(DSI), null, charset="null")
2020-03-14 18:39:34,455 DEBUG Generated plugins in 0.000174114 seconds
2020-03-14 18:39:34,458 DEBUG Calling createAppender on class org.apache.logging.log4j.core.appender.ConsoleAppender for element Console with params(PatternLayout([%-5level] %msg%n), null, target="SYSTEM_OUT", name="Console", suppressExceptions="null")
2020-03-14 18:39:34,459 DEBUG Calling createAppenders on class org.apache.logging.log4j.core.config.plugins.AppendersPlugin for element appenders with params(appenders={Console})
2020-03-14 18:39:34,459 DEBUG Generated plugins in 0.000217520 seconds
2020-03-14 18:39:34,461 DEBUG Calling createAppenderRef on class org.apache.logging.log4j.core.config.AppenderRef for element appender-ref with params(ref="Console", level="null", null)
2020-03-14 18:39:34,463 DEBUG Calling createLogger on class org.apache.logging.log4j.core.config.LoggerConfig$RootLogger for element root with params(additivity="null", level="${sys:log.level}", appender-ref={org.apache.logging.log4j.core.config.AppenderRef@483bf400}, properties={}, Configuration(DSI), null)
2020-03-14 18:39:34,464 DEBUG Calling createLoggers on class org.apache.logging.log4j.core.config.plugins.LoggersPlugin for element loggers with params(loggers={root})
2020-03-14 18:39:34,465 DEBUG Reconfiguration completed
2020-03-14 18:39:34,465 DEBUG Reconfiguration started for context Default
2020-03-14 18:39:34,466 DEBUG Generated plugins in 0.000158008 seconds
2020-03-14 18:39:34,469 DEBUG Generated plugins in 0.000092141 seconds
2020-03-14 18:39:34,470 DEBUG Calling createLayout on class org.apache.logging.log4j.core.layout.PatternLayout for element PatternLayout with params(pattern="[%-5level] %msg%n", Configuration(DSI), null, charset="null")
2020-03-14 18:39:34,471 DEBUG Generated plugins in 0.000089749 seconds
2020-03-14 18:39:34,472 DEBUG Calling createAppender on class org.apache.logging.log4j.core.appender.ConsoleAppender for element Console with params(PatternLayout([%-5level] %msg%n), null, target="SYSTEM_OUT", name="Console", suppressExceptions="null")
2020-03-14 18:39:34,473 DEBUG Calling createAppenders on class org.apache.logging.log4j.core.config.plugins.AppendersPlugin for element appenders with params(appenders={Console})
2020-03-14 18:39:34,473 DEBUG Generated plugins in 0.000103263 seconds
2020-03-14 18:39:34,475 DEBUG Calling createAppenderRef on class org.apache.logging.log4j.core.config.AppenderRef for element appender-ref with params(ref="Console", level="null", null)
2020-03-14 18:39:34,476 DEBUG Calling createLogger on class org.apache.logging.log4j.core.config.LoggerConfig$RootLogger for element root with params(additivity="null", level="${sys:log.level}", appender-ref={org.apache.logging.log4j.core.config.AppenderRef@25618e91}, properties={}, Configuration(DSI), null)
2020-03-14 18:39:34,477 DEBUG Calling createLoggers on class org.apache.logging.log4j.core.config.plugins.LoggersPlugin for element loggers with params(loggers={root})
2020-03-14 18:39:34,478 DEBUG Reconfiguration completed
2020-03-14 18:39:34,480 DEBUG Reconfiguration started for context Default
2020-03-14 18:39:34,480 DEBUG Generated plugins in 0.000111883 seconds
2020-03-14 18:39:34,483 DEBUG Generated plugins in 0.000091969 seconds
2020-03-14 18:39:34,485 DEBUG Calling createLayout on class org.apache.logging.log4j.core.layout.PatternLayout for element PatternLayout with params(pattern="[%-5level] %msg%n", Configuration(DSI), null, charset="null")
2020-03-14 18:39:34,486 DEBUG Generated plugins in 0.000134055 seconds
2020-03-14 18:39:34,487 DEBUG Calling createAppender on class org.apache.logging.log4j.core.appender.ConsoleAppender for element Console with params(PatternLayout([%-5level] %msg%n), null, target="SYSTEM_OUT", name="Console", suppressExceptions="null")
2020-03-14 18:39:34,487 DEBUG Calling createAppenders on class org.apache.logging.log4j.core.config.plugins.AppendersPlugin for element appenders with params(appenders={Console})
2020-03-14 18:39:34,488 DEBUG Generated plugins in 0.000095003 seconds
2020-03-14 18:39:34,489 DEBUG Calling createAppenderRef on class org.apache.logging.log4j.core.config.AppenderRef for element appender-ref with params(ref="Console", level="null", null)
2020-03-14 18:39:34,489 DEBUG Calling createLogger on class org.apache.logging.log4j.core.config.LoggerConfig$RootLogger for element root with params(additivity="null", level="debug", appender-ref={org.apache.logging.log4j.core.config.AppenderRef@2cfb4a64}, properties={}, Configuration(DSI), null)
2020-03-14 18:39:34,490 DEBUG Calling createLoggers on class org.apache.logging.log4j.core.config.plugins.LoggersPlugin for element loggers with params(loggers={root})
2020-03-14 18:39:34,490 DEBUG Reconfiguration completed
2020-03-14 18:39:34,491 DEBUG Reconfiguration started for context Default
2020-03-14 18:39:34,492 DEBUG Generated plugins in 0.000097708 seconds
Tests run: 3, Failures: 0, Errors: 0, Skipped: 0, Time elapsed: 0.465 sec
Picked up JAVA_TOOL_OPTIONS: -XX:CICompilerCount=2 -XX:ParallelGCThreads=2 -XX:ConcGCThreads=2 -Djdk.net.URLClassPath.disableClassPathURLCheck=true -XX:CICompilerCount=2 -XX:ParallelGCThreads=2 -XX:ConcGCThreads=2 -Djdk.net.URLClassPath.disableClassPathURLCheck=true 
Picked up _JAVA_OPTIONS: -Djdk.net.URLClassPath.disableClassPathURLCheck=true
Running org.apache.logging.log4j.core.helpers.UUIDTest
Elapsed for 200 UUIDS = 239259 Average = 1196 ns
Elapsed for 2000 UUIDS = 41638374 Average = 20819 ns
Tests run: 2, Failures: 0, Errors: 0, Skipped: 0, Time elapsed: 0.122 sec
Picked up JAVA_TOOL_OPTIONS: -XX:CICompilerCount=2 -XX:ParallelGCThreads=2 -XX:ConcGCThreads=2 -Djdk.net.URLClassPath.disableClassPathURLCheck=true -XX:CICompilerCount=2 -XX:ParallelGCThreads=2 -XX:ConcGCThreads=2 -Djdk.net.URLClassPath.disableClassPathURLCheck=true 
Picked up _JAVA_OPTIONS: -Djdk.net.URLClassPath.disableClassPathURLCheck=true
Running org.apache.logging.log4j.core.ThreadedPerfTest
Timer DebugLogger stopped. Elapsed time: 0.002728676 seconds Average per iteration: 0.000000000 seconds
Timer DebugDisabled stopped. Elapsed time: 0.002743069 seconds Average per iteration: 0.000000000 seconds
Tests run: 2, Failures: 0, Errors: 0, Skipped: 0, Time elapsed: 0.322 sec
Picked up JAVA_TOOL_OPTIONS: -XX:CICompilerCount=2 -XX:ParallelGCThreads=2 -XX:ConcGCThreads=2 -Djdk.net.URLClassPath.disableClassPathURLCheck=true -XX:CICompilerCount=2 -XX:ParallelGCThreads=2 -XX:ConcGCThreads=2 -Djdk.net.URLClassPath.disableClassPathURLCheck=true 
Picked up _JAVA_OPTIONS: -Djdk.net.URLClassPath.disableClassPathURLCheck=true
Running org.apache.logging.log4j.core.CollectionLoggingTest
18:39:36.154 [main] ERROR org.apache.logging.log4j.core.CollectionLoggingTest - {java.vendor=Oracle Corporation, localRepository=/scratch/tmp-rta/Bugs.jar_Logging-Log4J2_fc3e9d2d_java-8/.m2, sun.java.launcher=SUN_STANDARD, sun.management.compiler=HotSpot 64-Bit Tiered Compilers, rat.numUnapprovedLicenses=1000000, os.name=Linux, sun.boot.class.path=/scratch/jmcampos/RTA/repair_them_all_framework/jdks/jdk1.8.0_181/jre/lib/resources.jar:/scratch/jmcampos/RTA/repair_them_all_framework/jdks/jdk1.8.0_181/jre/lib/rt.jar:/scratch/jmcampos/RTA/repair_them_all_framework/jdks/jdk1.8.0_181/jre/lib/sunrsasign.jar:/scratch/jmcampos/RTA/repair_them_all_framework/jdks/jdk1.8.0_181/jre/lib/jsse.jar:/scratch/jmcampos/RTA/repair_them_all_framework/jdks/jdk1.8.0_181/jre/lib/jce.jar:/scratch/jmcampos/RTA/repair_them_all_framework/jdks/jdk1.8.0_181/jre/lib/charsets.jar:/scratch/jmcampos/RTA/repair_them_all_framework/jdks/jdk1.8.0_181/jre/lib/jfr.jar:/scratch/jmcampos/RTA/repair_them_all_framework/jdks/jdk1.8.0_181/jre/classes, cobertura.skip=true, jdk.net.URLClassPath.disableClassPathURLCheck=true, findbugs.skip=true, java.vm.specification.vendor=Oracle Corporation, java.runtime.version=1.8.0_181-b13, https.protocols=TLSv1.2, user.name=jmcampos, maven.repo.local=/scratch/tmp-rta/Bugs.jar_Logging-Log4J2_fc3e9d2d_java-8/.m2, user.language=en, sun.boot.library.path=/scratch/jmcampos/RTA/repair_them_all_framework/jdks/jdk1.8.0_181/jre/lib/amd64, java.version=1.8.0_181, user.timezone=America/Los_Angeles, rat.skip=true, sun.arch.data.model=64, java.endorsed.dirs=/scratch/jmcampos/RTA/repair_them_all_framework/jdks/jdk1.8.0_181/jre/lib/endorsed, sun.cpu.isalist=, sun.jnu.encoding=UTF-8, file.encoding.pkg=sun.io, file.separator=/, java.specification.name=Java Platform API Specification, jacoco.skip=true, java.class.version=52.0, checkstyle.skip=true, user.country=US, java.home=/scratch/jmcampos/RTA/repair_them_all_framework/jdks/jdk1.8.0_181/jre, java.vm.info=mixed mode, os.version=4.14.125-1.el7.retpoline.x86_64, surefire.real.class.path=/scratch/tmp-rta/Bugs.jar_Logging-Log4J2_fc3e9d2d_java-8/core/target/surefire/surefirebooter8872911157023553349.jar, path.separator=:, java.vm.version=25.181-b13, gpg.skip=true, java.awt.printerjob=sun.print.PSPrinterJob, sun.io.unicode.encoding=UnicodeLittle, awt.toolkit=sun.awt.X11.XToolkit, user.home=/homes/gws/jmcampos, java.specification.vendor=Oracle Corporation, baseline.skip=true, java.library.path=/opt/rh/rh-ruby25/root/usr/lib64:/opt/rh/devtoolset-7/root/usr/lib64:/opt/rh/devtoolset-7/root/usr/lib:/usr/java/packages/lib/amd64:/usr/lib64:/lib64:/lib:/usr/lib, java.vendor.url=http://java.oracle.com/, java.vm.vendor=Oracle Corporation, java.runtime.name=Java(TM) SE Runtime Environment, sun.java.command=/scratch/tmp-rta/Bugs.jar_Logging-Log4J2_fc3e9d2d_java-8/core/target/surefire/surefirebooter8872911157023553349.jar /scratch/tmp-rta/Bugs.jar_Logging-Log4J2_fc3e9d2d_java-8/core/target/surefire/surefire3272645624292456475tmp /scratch/tmp-rta/Bugs.jar_Logging-Log4J2_fc3e9d2d_java-8/core/target/surefire/surefire_66339053515255320253tmp, java.class.path=/scratch/tmp-rta/Bugs.jar_Logging-Log4J2_fc3e9d2d_java-8/core/target/test-classes:/scratch/tmp-rta/Bugs.jar_Logging-Log4J2_fc3e9d2d_java-8/core/target/classes:/scratch/tmp-rta/Bugs.jar_Logging-Log4J2_fc3e9d2d_java-8/.m2/org/apache/logging/log4j/log4j-api/2.0-beta4-SNAPSHOT/log4j-api-2.0-beta4-SNAPSHOT.jar:/scratch/tmp-rta/Bugs.jar_Logging-Log4J2_fc3e9d2d_java-8/.m2/org/osgi/core/4.3.0/core-4.3.0.jar:/scratch/tmp-rta/Bugs.jar_Logging-Log4J2_fc3e9d2d_java-8/.m2/org/codehaus/jackson/jackson-core-asl/1.9.2/jackson-core-asl-1.9.2.jar:/scratch/tmp-rta/Bugs.jar_Logging-Log4J2_fc3e9d2d_java-8/.m2/org/codehaus/jackson/jackson-mapper-asl/1.9.2/jackson-mapper-asl-1.9.2.jar:/scratch/tmp-rta/Bugs.jar_Logging-Log4J2_fc3e9d2d_java-8/.m2/org/fusesource/jansi/jansi/1.9/jansi-1.9.jar:/scratch/tmp-rta/Bugs.jar_Logging-Log4J2_fc3e9d2d_java-8/.m2/oro/oro/2.0.8/oro-2.0.8.jar:/scratch/tmp-rta/Bugs.jar_Logging-Log4J2_fc3e9d2d_java-8/.m2/log4j/log4j/1.2.16/log4j-1.2.16.jar:/scratch/tmp-rta/Bugs.jar_Logging-Log4J2_fc3e9d2d_java-8/.m2/org/slf4j/slf4j-api/1.7.1/slf4j-api-1.7.1.jar:/scratch/tmp-rta/Bugs.jar_Logging-Log4J2_fc3e9d2d_java-8/.m2/org/slf4j/slf4j-ext/1.7.1/slf4j-ext-1.7.1.jar:/scratch/tmp-rta/Bugs.jar_Logging-Log4J2_fc3e9d2d_java-8/.m2/ch/qos/cal10n/cal10n-api/0.7.4/cal10n-api-0.7.4.jar:/scratch/tmp-rta/Bugs.jar_Logging-Log4J2_fc3e9d2d_java-8/.m2/junit/junit/4.7/junit-4.7.jar:/scratch/tmp-rta/Bugs.jar_Logging-Log4J2_fc3e9d2d_java-8/.m2/org/mockejb/mockejb/0.6-beta2/mockejb-0.6-beta2.jar:/scratch/tmp-rta/Bugs.jar_Logging-Log4J2_fc3e9d2d_java-8/.m2/cglib/cglib-full/2.0.2/cglib-full-2.0.2.jar:/scratch/tmp-rta/Bugs.jar_Logging-Log4J2_fc3e9d2d_java-8/.m2/commons-logging/commons-logging/1.0.4/commons-logging-1.0.4.jar:/scratch/tmp-rta/Bugs.jar_Logging-Log4J2_fc3e9d2d_java-8/.m2/ch/qos/logback/logback-core/1.0.7/logback-core-1.0.7.jar:/scratch/tmp-rta/Bugs.jar_Logging-Log4J2_fc3e9d2d_java-8/.m2/ch/qos/logback/logback-classic/1.0.7/logback-classic-1.0.7.jar:/scratch/tmp-rta/Bugs.jar_Logging-Log4J2_fc3e9d2d_java-8/.m2/org/apache/geronimo/specs/geronimo-jms_1.1_spec/1.0/geronimo-jms_1.1_spec-1.0.jar:, java.vm.specification.name=Java Virtual Machine Specification, java.vm.specification.version=1.8, sun.cpu.endian=little, sun.os.patch.level=unknown, surefire.test.class.path=/scratch/tmp-rta/Bugs.jar_Logging-Log4J2_fc3e9d2d_java-8/core/target/test-classes:/scratch/tmp-rta/Bugs.jar_Logging-Log4J2_fc3e9d2d_java-8/core/target/classes:/scratch/tmp-rta/Bugs.jar_Logging-Log4J2_fc3e9d2d_java-8/.m2/org/apache/logging/log4j/log4j-api/2.0-beta4-SNAPSHOT/log4j-api-2.0-beta4-SNAPSHOT.jar:/scratch/tmp-rta/Bugs.jar_Logging-Log4J2_fc3e9d2d_java-8/.m2/org/osgi/core/4.3.0/core-4.3.0.jar:/scratch/tmp-rta/Bugs.jar_Logging-Log4J2_fc3e9d2d_java-8/.m2/org/codehaus/jackson/jackson-core-asl/1.9.2/jackson-core-asl-1.9.2.jar:/scratch/tmp-rta/Bugs.jar_Logging-Log4J2_fc3e9d2d_java-8/.m2/org/codehaus/jackson/jackson-mapper-asl/1.9.2/jackson-mapper-asl-1.9.2.jar:/scratch/tmp-rta/Bugs.jar_Logging-Log4J2_fc3e9d2d_java-8/.m2/org/fusesource/jansi/jansi/1.9/jansi-1.9.jar:/scratch/tmp-rta/Bugs.jar_Logging-Log4J2_fc3e9d2d_java-8/.m2/oro/oro/2.0.8/oro-2.0.8.jar:/scratch/tmp-rta/Bugs.jar_Logging-Log4J2_fc3e9d2d_java-8/.m2/log4j/log4j/1.2.16/log4j-1.2.16.jar:/scratch/tmp-rta/Bugs.jar_Logging-Log4J2_fc3e9d2d_java-8/.m2/org/slf4j/slf4j-api/1.7.1/slf4j-api-1.7.1.jar:/scratch/tmp-rta/Bugs.jar_Logging-Log4J2_fc3e9d2d_java-8/.m2/org/slf4j/slf4j-ext/1.7.1/slf4j-ext-1.7.1.jar:/scratch/tmp-rta/Bugs.jar_Logging-Log4J2_fc3e9d2d_java-8/.m2/ch/qos/cal10n/cal10n-api/0.7.4/cal10n-api-0.7.4.jar:/scratch/tmp-rta/Bugs.jar_Logging-Log4J2_fc3e9d2d_java-8/.m2/junit/junit/4.7/junit-4.7.jar:/scratch/tmp-rta/Bugs.jar_Logging-Log4J2_fc3e9d2d_java-8/.m2/org/mockejb/mockejb/0.6-beta2/mockejb-0.6-beta2.jar:/scratch/tmp-rta/Bugs.jar_Logging-Log4J2_fc3e9d2d_java-8/.m2/cglib/cglib-full/2.0.2/cglib-full-2.0.2.jar:/scratch/tmp-rta/Bugs.jar_Logging-Log4J2_fc3e9d2d_java-8/.m2/commons-logging/commons-logging/1.0.4/commons-logging-1.0.4.jar:/scratch/tmp-rta/Bugs.jar_Logging-Log4J2_fc3e9d2d_java-8/.m2/ch/qos/logback/logback-core/1.0.7/logback-core-1.0.7.jar:/scratch/tmp-rta/Bugs.jar_Logging-Log4J2_fc3e9d2d_java-8/.m2/ch/qos/logback/logback-classic/1.0.7/logback-classic-1.0.7.jar:/scratch/tmp-rta/Bugs.jar_Logging-Log4J2_fc3e9d2d_java-8/.m2/org/apache/geronimo/specs/geronimo-jms_1.1_spec/1.0/geronimo-jms_1.1_spec-1.0.jar:, java.io.tmpdir=/tmp, java.vendor.url.bug=http://bugreport.sun.com/bugreport/, os.arch=amd64, java.awt.graphicsenv=sun.awt.X11GraphicsEnvironment, java.ext.dirs=/scratch/jmcampos/RTA/repair_them_all_framework/jdks/jdk1.8.0_181/jre/lib/ext:/usr/java/packages/lib/ext, user.dir=/scratch/tmp-rta/Bugs.jar_Logging-Log4J2_fc3e9d2d_java-8/core, line.separator=
, java.vm.name=Java HotSpot(TM) 64-Bit Server VM, enforcer.skip=true, skip.gulp=true, basedir=/scratch/tmp-rta/Bugs.jar_Logging-Log4J2_fc3e9d2d_java-8/core, rat.ignoreErrors=true, skip.bower=true, skip.npm=true, file.encoding=UTF-8, license.skip=true, java.specification.version=1.8}
18:39:36.160 [main] ERROR org.apache.logging.log4j.core.CollectionLoggingTest - {java.vendor=Oracle Corporation, localRepository=/scratch/tmp-rta/Bugs.jar_Logging-Log4J2_fc3e9d2d_java-8/.m2, sun.java.launcher=SUN_STANDARD, sun.management.compiler=HotSpot 64-Bit Tiered Compilers, rat.numUnapprovedLicenses=1000000, os.name=Linux, sun.boot.class.path=/scratch/jmcampos/RTA/repair_them_all_framework/jdks/jdk1.8.0_181/jre/lib/resources.jar:/scratch/jmcampos/RTA/repair_them_all_framework/jdks/jdk1.8.0_181/jre/lib/rt.jar:/scratch/jmcampos/RTA/repair_them_all_framework/jdks/jdk1.8.0_181/jre/lib/sunrsasign.jar:/scratch/jmcampos/RTA/repair_them_all_framework/jdks/jdk1.8.0_181/jre/lib/jsse.jar:/scratch/jmcampos/RTA/repair_them_all_framework/jdks/jdk1.8.0_181/jre/lib/jce.jar:/scratch/jmcampos/RTA/repair_them_all_framework/jdks/jdk1.8.0_181/jre/lib/charsets.jar:/scratch/jmcampos/RTA/repair_them_all_framework/jdks/jdk1.8.0_181/jre/lib/jfr.jar:/scratch/jmcampos/RTA/repair_them_all_framework/jdks/jdk1.8.0_181/jre/classes, cobertura.skip=true, jdk.net.URLClassPath.disableClassPathURLCheck=true, findbugs.skip=true, java.vm.specification.vendor=Oracle Corporation, java.runtime.version=1.8.0_181-b13, https.protocols=TLSv1.2, user.name=jmcampos, maven.repo.local=/scratch/tmp-rta/Bugs.jar_Logging-Log4J2_fc3e9d2d_java-8/.m2, user.language=en, sun.boot.library.path=/scratch/jmcampos/RTA/repair_them_all_framework/jdks/jdk1.8.0_181/jre/lib/amd64, java.version=1.8.0_181, user.timezone=America/Los_Angeles, rat.skip=true, sun.arch.data.model=64, java.endorsed.dirs=/scratch/jmcampos/RTA/repair_them_all_framework/jdks/jdk1.8.0_181/jre/lib/endorsed, sun.cpu.isalist=, sun.jnu.encoding=UTF-8, file.encoding.pkg=sun.io, file.separator=/, java.specification.name=Java Platform API Specification, jacoco.skip=true, java.class.version=52.0, checkstyle.skip=true, user.country=US, java.home=/scratch/jmcampos/RTA/repair_them_all_framework/jdks/jdk1.8.0_181/jre, java.vm.info=mixed mode, os.version=4.14.125-1.el7.retpoline.x86_64, surefire.real.class.path=/scratch/tmp-rta/Bugs.jar_Logging-Log4J2_fc3e9d2d_java-8/core/target/surefire/surefirebooter8872911157023553349.jar, path.separator=:, java.vm.version=25.181-b13, gpg.skip=true, java.awt.printerjob=sun.print.PSPrinterJob, sun.io.unicode.encoding=UnicodeLittle, awt.toolkit=sun.awt.X11.XToolkit, user.home=/homes/gws/jmcampos, java.specification.vendor=Oracle Corporation, baseline.skip=true, java.library.path=/opt/rh/rh-ruby25/root/usr/lib64:/opt/rh/devtoolset-7/root/usr/lib64:/opt/rh/devtoolset-7/root/usr/lib:/usr/java/packages/lib/amd64:/usr/lib64:/lib64:/lib:/usr/lib, java.vendor.url=http://java.oracle.com/, java.vm.vendor=Oracle Corporation, java.runtime.name=Java(TM) SE Runtime Environment, sun.java.command=/scratch/tmp-rta/Bugs.jar_Logging-Log4J2_fc3e9d2d_java-8/core/target/surefire/surefirebooter8872911157023553349.jar /scratch/tmp-rta/Bugs.jar_Logging-Log4J2_fc3e9d2d_java-8/core/target/surefire/surefire3272645624292456475tmp /scratch/tmp-rta/Bugs.jar_Logging-Log4J2_fc3e9d2d_java-8/core/target/surefire/surefire_66339053515255320253tmp, java.class.path=/scratch/tmp-rta/Bugs.jar_Logging-Log4J2_fc3e9d2d_java-8/core/target/test-classes:/scratch/tmp-rta/Bugs.jar_Logging-Log4J2_fc3e9d2d_java-8/core/target/classes:/scratch/tmp-rta/Bugs.jar_Logging-Log4J2_fc3e9d2d_java-8/.m2/org/apache/logging/log4j/log4j-api/2.0-beta4-SNAPSHOT/log4j-api-2.0-beta4-SNAPSHOT.jar:/scratch/tmp-rta/Bugs.jar_Logging-Log4J2_fc3e9d2d_java-8/.m2/org/osgi/core/4.3.0/core-4.3.0.jar:/scratch/tmp-rta/Bugs.jar_Logging-Log4J2_fc3e9d2d_java-8/.m2/org/codehaus/jackson/jackson-core-asl/1.9.2/jackson-core-asl-1.9.2.jar:/scratch/tmp-rta/Bugs.jar_Logging-Log4J2_fc3e9d2d_java-8/.m2/org/codehaus/jackson/jackson-mapper-asl/1.9.2/jackson-mapper-asl-1.9.2.jar:/scratch/tmp-rta/Bugs.jar_Logging-Log4J2_fc3e9d2d_java-8/.m2/org/fusesource/jansi/jansi/1.9/jansi-1.9.jar:/scratch/tmp-rta/Bugs.jar_Logging-Log4J2_fc3e9d2d_java-8/.m2/oro/oro/2.0.8/oro-2.0.8.jar:/scratch/tmp-rta/Bugs.jar_Logging-Log4J2_fc3e9d2d_java-8/.m2/log4j/log4j/1.2.16/log4j-1.2.16.jar:/scratch/tmp-rta/Bugs.jar_Logging-Log4J2_fc3e9d2d_java-8/.m2/org/slf4j/slf4j-api/1.7.1/slf4j-api-1.7.1.jar:/scratch/tmp-rta/Bugs.jar_Logging-Log4J2_fc3e9d2d_java-8/.m2/org/slf4j/slf4j-ext/1.7.1/slf4j-ext-1.7.1.jar:/scratch/tmp-rta/Bugs.jar_Logging-Log4J2_fc3e9d2d_java-8/.m2/ch/qos/cal10n/cal10n-api/0.7.4/cal10n-api-0.7.4.jar:/scratch/tmp-rta/Bugs.jar_Logging-Log4J2_fc3e9d2d_java-8/.m2/junit/junit/4.7/junit-4.7.jar:/scratch/tmp-rta/Bugs.jar_Logging-Log4J2_fc3e9d2d_java-8/.m2/org/mockejb/mockejb/0.6-beta2/mockejb-0.6-beta2.jar:/scratch/tmp-rta/Bugs.jar_Logging-Log4J2_fc3e9d2d_java-8/.m2/cglib/cglib-full/2.0.2/cglib-full-2.0.2.jar:/scratch/tmp-rta/Bugs.jar_Logging-Log4J2_fc3e9d2d_java-8/.m2/commons-logging/commons-logging/1.0.4/commons-logging-1.0.4.jar:/scratch/tmp-rta/Bugs.jar_Logging-Log4J2_fc3e9d2d_java-8/.m2/ch/qos/logback/logback-core/1.0.7/logback-core-1.0.7.jar:/scratch/tmp-rta/Bugs.jar_Logging-Log4J2_fc3e9d2d_java-8/.m2/ch/qos/logback/logback-classic/1.0.7/logback-classic-1.0.7.jar:/scratch/tmp-rta/Bugs.jar_Logging-Log4J2_fc3e9d2d_java-8/.m2/org/apache/geronimo/specs/geronimo-jms_1.1_spec/1.0/geronimo-jms_1.1_spec-1.0.jar:, java.vm.specification.name=Java Virtual Machine Specification, java.vm.specification.version=1.8, sun.cpu.endian=little, sun.os.patch.level=unknown, surefire.test.class.path=/scratch/tmp-rta/Bugs.jar_Logging-Log4J2_fc3e9d2d_java-8/core/target/test-classes:/scratch/tmp-rta/Bugs.jar_Logging-Log4J2_fc3e9d2d_java-8/core/target/classes:/scratch/tmp-rta/Bugs.jar_Logging-Log4J2_fc3e9d2d_java-8/.m2/org/apache/logging/log4j/log4j-api/2.0-beta4-SNAPSHOT/log4j-api-2.0-beta4-SNAPSHOT.jar:/scratch/tmp-rta/Bugs.jar_Logging-Log4J2_fc3e9d2d_java-8/.m2/org/osgi/core/4.3.0/core-4.3.0.jar:/scratch/tmp-rta/Bugs.jar_Logging-Log4J2_fc3e9d2d_java-8/.m2/org/codehaus/jackson/jackson-core-asl/1.9.2/jackson-core-asl-1.9.2.jar:/scratch/tmp-rta/Bugs.jar_Logging-Log4J2_fc3e9d2d_java-8/.m2/org/codehaus/jackson/jackson-mapper-asl/1.9.2/jackson-mapper-asl-1.9.2.jar:/scratch/tmp-rta/Bugs.jar_Logging-Log4J2_fc3e9d2d_java-8/.m2/org/fusesource/jansi/jansi/1.9/jansi-1.9.jar:/scratch/tmp-rta/Bugs.jar_Logging-Log4J2_fc3e9d2d_java-8/.m2/oro/oro/2.0.8/oro-2.0.8.jar:/scratch/tmp-rta/Bugs.jar_Logging-Log4J2_fc3e9d2d_java-8/.m2/log4j/log4j/1.2.16/log4j-1.2.16.jar:/scratch/tmp-rta/Bugs.jar_Logging-Log4J2_fc3e9d2d_java-8/.m2/org/slf4j/slf4j-api/1.7.1/slf4j-api-1.7.1.jar:/scratch/tmp-rta/Bugs.jar_Logging-Log4J2_fc3e9d2d_java-8/.m2/org/slf4j/slf4j-ext/1.7.1/slf4j-ext-1.7.1.jar:/scratch/tmp-rta/Bugs.jar_Logging-Log4J2_fc3e9d2d_java-8/.m2/ch/qos/cal10n/cal10n-api/0.7.4/cal10n-api-0.7.4.jar:/scratch/tmp-rta/Bugs.jar_Logging-Log4J2_fc3e9d2d_java-8/.m2/junit/junit/4.7/junit-4.7.jar:/scratch/tmp-rta/Bugs.jar_Logging-Log4J2_fc3e9d2d_java-8/.m2/org/mockejb/mockejb/0.6-beta2/mockejb-0.6-beta2.jar:/scratch/tmp-rta/Bugs.jar_Logging-Log4J2_fc3e9d2d_java-8/.m2/cglib/cglib-full/2.0.2/cglib-full-2.0.2.jar:/scratch/tmp-rta/Bugs.jar_Logging-Log4J2_fc3e9d2d_java-8/.m2/commons-logging/commons-logging/1.0.4/commons-logging-1.0.4.jar:/scratch/tmp-rta/Bugs.jar_Logging-Log4J2_fc3e9d2d_java-8/.m2/ch/qos/logback/logback-core/1.0.7/logback-core-1.0.7.jar:/scratch/tmp-rta/Bugs.jar_Logging-Log4J2_fc3e9d2d_java-8/.m2/ch/qos/logback/logback-classic/1.0.7/logback-classic-1.0.7.jar:/scratch/tmp-rta/Bugs.jar_Logging-Log4J2_fc3e9d2d_java-8/.m2/org/apache/geronimo/specs/geronimo-jms_1.1_spec/1.0/geronimo-jms_1.1_spec-1.0.jar:, java.io.tmpdir=/tmp, java.vendor.url.bug=http://bugreport.sun.com/bugreport/, os.arch=amd64, java.awt.graphicsenv=sun.awt.X11GraphicsEnvironment, java.ext.dirs=/scratch/jmcampos/RTA/repair_them_all_framework/jdks/jdk1.8.0_181/jre/lib/ext:/usr/java/packages/lib/ext, user.dir=/scratch/tmp-rta/Bugs.jar_Logging-Log4J2_fc3e9d2d_java-8/core, line.separator=
, java.vm.name=Java HotSpot(TM) 64-Bit Server VM, enforcer.skip=true, skip.gulp=true, basedir=/scratch/tmp-rta/Bugs.jar_Logging-Log4J2_fc3e9d2d_java-8/core, rat.ignoreErrors=true, skip.bower=true, skip.npm=true, file.encoding=UTF-8, license.skip=true, java.specification.version=1.8}
18:39:36.163 [main] ERROR org.apache.logging.log4j.core.CollectionLoggingTest - MyKey1="MyValue1" MyKey2="MyValue2"
18:39:36.163 [main] ERROR org.apache.logging.log4j.core.CollectionLoggingTest - {MyKey2=MyValue2, MyKey1=MyValue1}
18:39:36.169 [main] ERROR org.apache.logging.log4j.core.CollectionLoggingTest - java.net.NetworkInterface$2@71e7a66b
18:39:36.247 [main] ERROR org.apache.logging.log4j.core.CollectionLoggingTest - {Big5=Big5, Big5-HKSCS=Big5-HKSCS, CESU-8=CESU-8, EUC-JP=EUC-JP, EUC-KR=EUC-KR, GB18030=GB18030, GB2312=GB2312, GBK=GBK, IBM-Thai=IBM-Thai, IBM00858=IBM00858, IBM01140=IBM01140, IBM01141=IBM01141, IBM01142=IBM01142, IBM01143=IBM01143, IBM01144=IBM01144, IBM01145=IBM01145, IBM01146=IBM01146, IBM01147=IBM01147, IBM01148=IBM01148, IBM01149=IBM01149, IBM037=IBM037, IBM1026=IBM1026, IBM1047=IBM1047, IBM273=IBM273, IBM277=IBM277, IBM278=IBM278, IBM280=IBM280, IBM284=IBM284, IBM285=IBM285, IBM290=IBM290, IBM297=IBM297, IBM420=IBM420, IBM424=IBM424, IBM437=IBM437, IBM500=IBM500, IBM775=IBM775, IBM850=IBM850, IBM852=IBM852, IBM855=IBM855, IBM857=IBM857, IBM860=IBM860, IBM861=IBM861, IBM862=IBM862, IBM863=IBM863, IBM864=IBM864, IBM865=IBM865, IBM866=IBM866, IBM868=IBM868, IBM869=IBM869, IBM870=IBM870, IBM871=IBM871, IBM918=IBM918, ISO-2022-CN=ISO-2022-CN, ISO-2022-JP=ISO-2022-JP, ISO-2022-JP-2=ISO-2022-JP-2, ISO-2022-KR=ISO-2022-KR, ISO-8859-1=ISO-8859-1, ISO-8859-13=ISO-8859-13, ISO-8859-15=ISO-8859-15, ISO-8859-2=ISO-8859-2, ISO-8859-3=ISO-8859-3, ISO-8859-4=ISO-8859-4, ISO-8859-5=ISO-8859-5, ISO-8859-6=ISO-8859-6, ISO-8859-7=ISO-8859-7, ISO-8859-8=ISO-8859-8, ISO-8859-9=ISO-8859-9, JIS_X0201=JIS_X0201, JIS_X0212-1990=JIS_X0212-1990, KOI8-R=KOI8-R, KOI8-U=KOI8-U, Shift_JIS=Shift_JIS, TIS-620=TIS-620, US-ASCII=US-ASCII, UTF-16=UTF-16, UTF-16BE=UTF-16BE, UTF-16LE=UTF-16LE, UTF-32=UTF-32, UTF-32BE=UTF-32BE, UTF-32LE=UTF-32LE, UTF-8=UTF-8, windows-1250=windows-1250, windows-1251=windows-1251, windows-1252=windows-1252, windows-1253=windows-1253, windows-1254=windows-1254, windows-1255=windows-1255, windows-1256=windows-1256, windows-1257=windows-1257, windows-1258=windows-1258, windows-31j=windows-31j, x-Big5-HKSCS-2001=x-Big5-HKSCS-2001, x-Big5-Solaris=x-Big5-Solaris, x-COMPOUND_TEXT=x-COMPOUND_TEXT, x-euc-jp-linux=x-euc-jp-linux, x-EUC-TW=x-EUC-TW, x-eucJP-Open=x-eucJP-Open, x-IBM1006=x-IBM1006, x-IBM1025=x-IBM1025, x-IBM1046=x-IBM1046, x-IBM1097=x-IBM1097, x-IBM1098=x-IBM1098, x-IBM1112=x-IBM1112, x-IBM1122=x-IBM1122, x-IBM1123=x-IBM1123, x-IBM1124=x-IBM1124, x-IBM1166=x-IBM1166, x-IBM1364=x-IBM1364, x-IBM1381=x-IBM1381, x-IBM1383=x-IBM1383, x-IBM300=x-IBM300, x-IBM33722=x-IBM33722, x-IBM737=x-IBM737, x-IBM833=x-IBM833, x-IBM834=x-IBM834, x-IBM856=x-IBM856, x-IBM874=x-IBM874, x-IBM875=x-IBM875, x-IBM921=x-IBM921, x-IBM922=x-IBM922, x-IBM930=x-IBM930, x-IBM933=x-IBM933, x-IBM935=x-IBM935, x-IBM937=x-IBM937, x-IBM939=x-IBM939, x-IBM942=x-IBM942, x-IBM942C=x-IBM942C, x-IBM943=x-IBM943, x-IBM943C=x-IBM943C, x-IBM948=x-IBM948, x-IBM949=x-IBM949, x-IBM949C=x-IBM949C, x-IBM950=x-IBM950, x-IBM964=x-IBM964, x-IBM970=x-IBM970, x-ISCII91=x-ISCII91, x-ISO-2022-CN-CNS=x-ISO-2022-CN-CNS, x-ISO-2022-CN-GB=x-ISO-2022-CN-GB, x-iso-8859-11=x-iso-8859-11, x-JIS0208=x-JIS0208, x-JISAutoDetect=x-JISAutoDetect, x-Johab=x-Johab, x-MacArabic=x-MacArabic, x-MacCentralEurope=x-MacCentralEurope, x-MacCroatian=x-MacCroatian, x-MacCyrillic=x-MacCyrillic, x-MacDingbat=x-MacDingbat, x-MacGreek=x-MacGreek, x-MacHebrew=x-MacHebrew, x-MacIceland=x-MacIceland, x-MacRoman=x-MacRoman, x-MacRomania=x-MacRomania, x-MacSymbol=x-MacSymbol, x-MacThai=x-MacThai, x-MacTurkish=x-MacTurkish, x-MacUkraine=x-MacUkraine, x-MS932_0213=x-MS932_0213, x-MS950-HKSCS=x-MS950-HKSCS, x-MS950-HKSCS-XP=x-MS950-HKSCS-XP, x-mswin-936=x-mswin-936, x-PCK=x-PCK, x-SJIS_0213=x-SJIS_0213, x-UTF-16LE-BOM=x-UTF-16LE-BOM, X-UTF-32BE-BOM=X-UTF-32BE-BOM, X-UTF-32LE-BOM=X-UTF-32LE-BOM, x-windows-50220=x-windows-50220, x-windows-50221=x-windows-50221, x-windows-874=x-windows-874, x-windows-949=x-windows-949, x-windows-950=x-windows-950, x-windows-iso2022jp=x-windows-iso2022jp}
Tests run: 4, Failures: 0, Errors: 0, Skipped: 0, Time elapsed: 0.405 sec
Picked up JAVA_TOOL_OPTIONS: -XX:CICompilerCount=2 -XX:ParallelGCThreads=2 -XX:ConcGCThreads=2 -Djdk.net.URLClassPath.disableClassPathURLCheck=true -XX:CICompilerCount=2 -XX:ParallelGCThreads=2 -XX:ConcGCThreads=2 -Djdk.net.URLClassPath.disableClassPathURLCheck=true 
Picked up _JAVA_OPTIONS: -Djdk.net.URLClassPath.disableClassPathURLCheck=true
Running org.apache.logging.log4j.core.AppenderRefLevelTest
Tests run: 3, Failures: 0, Errors: 0, Skipped: 0, Time elapsed: 0.391 sec
Picked up JAVA_TOOL_OPTIONS: -XX:CICompilerCount=2 -XX:ParallelGCThreads=2 -XX:ConcGCThreads=2 -Djdk.net.URLClassPath.disableClassPathURLCheck=true -XX:CICompilerCount=2 -XX:ParallelGCThreads=2 -XX:ConcGCThreads=2 -Djdk.net.URLClassPath.disableClassPathURLCheck=true 
Picked up _JAVA_OPTIONS: -Djdk.net.URLClassPath.disableClassPathURLCheck=true
Running org.apache.logging.log4j.core.StrictXMLConfigTest
2020-03-14 18:39:37,534 DEBUG Generated plugins in 0.004181695 seconds
2020-03-14 18:39:37,553 DEBUG Calling createProperty on class org.apache.logging.log4j.core.config.Property for element property with params(name="filename", value="target/test.log")
2020-03-14 18:39:37,558 DEBUG Calling configureSubstitutor on class org.apache.logging.log4j.core.config.plugins.PropertiesPlugin for element properties with params(properties={filename=target/test.log})
2020-03-14 18:39:37,561 DEBUG Generated plugins in 0.001941912 seconds
2020-03-14 18:39:37,565 DEBUG Calling createFilter on class org.apache.logging.log4j.core.filter.ThresholdFilter for element ThresholdFilter with params(level="trace", onMatch="null", onMismatch="null")
2020-03-14 18:39:37,571 DEBUG Calling createLayout on class org.apache.logging.log4j.core.layout.PatternLayout for element PatternLayout with params(pattern="%m MDC%X%n", Configuration(XMLConfigTest), null, charset="null")
2020-03-14 18:39:37,575 DEBUG Generated plugins in 0.002064938 seconds
2020-03-14 18:39:37,577 DEBUG Calling createFilter on class org.apache.logging.log4j.core.filter.MarkerFilter for element MarkerFilter with params(marker="FLOW", onMatch="DENY", onMismatch="NEUTRAL")
2020-03-14 18:39:37,579 DEBUG Calling createFilter on class org.apache.logging.log4j.core.filter.MarkerFilter for element MarkerFilter with params(marker="EXCEPTION", onMatch="DENY", onMismatch="ACCEPT")
2020-03-14 18:39:37,580 DEBUG Calling createFilters on class org.apache.logging.log4j.core.filter.CompositeFilter for element filters with params(filters={FLOW, EXCEPTION})
2020-03-14 18:39:37,583 DEBUG Calling createAppender on class org.apache.logging.log4j.core.appender.ConsoleAppender for element Console with params(PatternLayout(%m MDC%X%n), filters({FLOW, EXCEPTION}), target="null", name="STDOUT", suppressExceptions="null")
2020-03-14 18:39:37,586 DEBUG Calling createLayout on class org.apache.logging.log4j.core.layout.PatternLayout for element PatternLayout with params(pattern="%C{1}.%M %m %ex%n", Configuration(XMLConfigTest), null, charset="null")
2020-03-14 18:39:37,587 DEBUG Calling createFilter on class org.apache.logging.log4j.core.filter.MarkerFilter for element MarkerFilter with params(marker="FLOW", onMatch="ACCEPT", onMismatch="NEUTRAL")
2020-03-14 18:39:37,588 DEBUG Calling createFilter on class org.apache.logging.log4j.core.filter.MarkerFilter for element MarkerFilter with params(marker="EXCEPTION", onMatch="ACCEPT", onMismatch="DENY")
2020-03-14 18:39:37,589 DEBUG Calling createFilters on class org.apache.logging.log4j.core.filter.CompositeFilter for element filters with params(filters={FLOW, EXCEPTION})
2020-03-14 18:39:37,591 DEBUG Calling createAppender on class org.apache.logging.log4j.core.appender.ConsoleAppender for element Console with params(PatternLayout(%C{1}.%M %m %ex%n), filters({FLOW, EXCEPTION}), target="null", name="FLOW", suppressExceptions="null")
2020-03-14 18:39:37,592 DEBUG Calling createLayout on class org.apache.logging.log4j.core.layout.PatternLayout for element PatternLayout with params(pattern="%d %p %C{1.} [%t] %m%n", Configuration(XMLConfigTest), null, charset="null")
2020-03-14 18:39:37,596 DEBUG Calling createAppender on class org.apache.logging.log4j.core.appender.FileAppender for element File with params(fileName="target/test.log", append="null", locking="null", name="File", immediateFlush="null", suppressExceptions="null", bufferedIO="null", PatternLayout(%d %p %C{1.} [%t] %m%n), null)
2020-03-14 18:39:37,598 DEBUG Starting FileManager target/test.log
2020-03-14 18:39:37,602 DEBUG Calling createAppender on class org.apache.logging.log4j.test.appender.ListAppender for element List with params(name="List", entryPerNewLine="null", raw="null", null, null)
2020-03-14 18:39:37,603 DEBUG Calling createAppenders on class org.apache.logging.log4j.core.config.plugins.AppendersPlugin for element appenders with params(appenders={STDOUT, FLOW, File, List})
2020-03-14 18:39:37,604 DEBUG Calling createPair on class org.apache.logging.log4j.core.helpers.KeyValuePair for element KeyValuePair with params(key="test", value="123")
2020-03-14 18:39:37,606 DEBUG Calling createFilter on class org.apache.logging.log4j.core.filter.ThreadContextMapFilter for element ThreadContextMapFilter with params(pairs={test=123}, operator="null", onmatch="null", onmismatch="null")
2020-03-14 18:39:37,608 DEBUG Calling createAppenderRef on class org.apache.logging.log4j.core.config.AppenderRef for element appender-ref with params(ref="STDOUT", level="null", null)
2020-03-14 18:39:37,610 DEBUG Calling createLogger on class org.apache.logging.log4j.core.config.LoggerConfig for element logger with params(additivity="false", level="debug", name="org.apache.logging.log4j.test1", appender-ref={org.apache.logging.log4j.core.config.AppenderRef@63d4e2ba}, properties={}, Configuration(XMLConfigTest), ThreadContextMapFilter(isAnd=true, {test=[123]}))
2020-03-14 18:39:37,612 DEBUG Calling createAppenderRef on class org.apache.logging.log4j.core.config.AppenderRef for element appender-ref with params(ref="File", level="null", null)
2020-03-14 18:39:37,613 DEBUG Calling createLogger on class org.apache.logging.log4j.core.config.LoggerConfig for element logger with params(additivity="false", level="debug", name="org.apache.logging.log4j.test2", appender-ref={org.apache.logging.log4j.core.config.AppenderRef@7bb11784}, properties={}, Configuration(XMLConfigTest), null)
2020-03-14 18:39:37,614 DEBUG Calling createAppenderRef on class org.apache.logging.log4j.core.config.AppenderRef for element appender-ref with params(ref="List", level="null", null)
2020-03-14 18:39:37,616 DEBUG Calling createLogger on class org.apache.logging.log4j.core.config.LoggerConfig$RootLogger for element root with params(additivity="null", level="trace", appender-ref={org.apache.logging.log4j.core.config.AppenderRef@7006c658}, properties={}, Configuration(XMLConfigTest), null)
2020-03-14 18:39:37,619 DEBUG Calling createLoggers on class org.apache.logging.log4j.core.config.plugins.LoggersPlugin for element loggers with params(loggers={org.apache.logging.log4j.test1, org.apache.logging.log4j.test2, root})
2020-03-14 18:39:37,621 DEBUG Reconfiguration completed
2020-03-14 18:39:37,658 DEBUG Reconfiguration started for context sun.misc.Launcher$AppClassLoader@6bc7c054
2020-03-14 18:39:37,660 DEBUG Generated plugins in 0.001038781 seconds
2020-03-14 18:39:37,683 DEBUG Generated plugins in 0.001053588 seconds
2020-03-14 18:39:37,685 DEBUG Generated plugins in 0.000866149 seconds
2020-03-14 18:39:37,686 DEBUG Shutting down FileManager target/test.log
2020-03-14 18:39:37,687 DEBUG Reconfiguration completed
Tests run: 9, Failures: 0, Errors: 2, Skipped: 0, Time elapsed: 0.468 sec <<< FAILURE!
throwing(org.apache.logging.log4j.core.StrictXMLConfigTest)  Time elapsed: 0.007 sec  <<< ERROR!
java.util.EmptyStackException
	at java.util.Stack.peek(Stack.java:102)
	at org.apache.logging.log4j.core.impl.ThrowableProxy.resolvePackageData(ThrowableProxy.java:352)
	at org.apache.logging.log4j.core.impl.ThrowableProxy.<init>(ThrowableProxy.java:70)
	at org.apache.logging.log4j.core.impl.Log4jLogEvent.<init>(Log4jLogEvent.java:105)
	at org.apache.logging.log4j.core.impl.Log4jLogEvent.<init>(Log4jLogEvent.java:77)
	at org.apache.logging.log4j.core.config.LoggerConfig.createEvent(LoggerConfig.java:351)
	at org.apache.logging.log4j.core.config.LoggerConfig.log(LoggerConfig.java:280)
	at org.apache.logging.log4j.core.Logger.log(Logger.java:106)
	at org.apache.logging.log4j.spi.AbstractLogger.throwing(AbstractLogger.java:135)
	at org.apache.logging.log4j.core.StrictXMLConfigTest.throwing(StrictXMLConfigTest.java:90)
	at sun.reflect.NativeMethodAccessorImpl.invoke0(Native Method)
	at sun.reflect.NativeMethodAccessorImpl.invoke(NativeMethodAccessorImpl.java:62)
	at sun.reflect.DelegatingMethodAccessorImpl.invoke(DelegatingMethodAccessorImpl.java:43)
	at java.lang.reflect.Method.invoke(Method.java:498)
	at org.junit.runners.model.FrameworkMethod$1.runReflectiveCall(FrameworkMethod.java:44)
	at org.junit.internal.runners.model.ReflectiveCallable.run(ReflectiveCallable.java:15)
	at org.junit.runners.model.FrameworkMethod.invokeExplosively(FrameworkMethod.java:41)
	at org.junit.internal.runners.statements.InvokeMethod.evaluate(InvokeMethod.java:20)
	at org.junit.runners.BlockJUnit4ClassRunner.runChild(BlockJUnit4ClassRunner.java:76)
	at org.junit.runners.BlockJUnit4ClassRunner.runChild(BlockJUnit4ClassRunner.java:50)
	at org.junit.runners.ParentRunner$3.run(ParentRunner.java:193)
	at org.junit.runners.ParentRunner$1.schedule(ParentRunner.java:52)
	at org.junit.runners.ParentRunner.runChildren(ParentRunner.java:191)
	at org.junit.runners.ParentRunner.access$000(ParentRunner.java:42)
	at org.junit.runners.ParentRunner$2.evaluate(ParentRunner.java:184)
	at org.junit.internal.runners.statements.RunBefores.evaluate(RunBefores.java:28)
	at org.junit.internal.runners.statements.RunAfters.evaluate(RunAfters.java:31)
	at org.junit.runners.ParentRunner.run(ParentRunner.java:236)
	at org.apache.maven.surefire.junit4.JUnit4Provider.execute(JUnit4Provider.java:252)
	at org.apache.maven.surefire.junit4.JUnit4Provider.executeTestSet(JUnit4Provider.java:141)
	at org.apache.maven.surefire.junit4.JUnit4Provider.invoke(JUnit4Provider.java:112)
	at sun.reflect.NativeMethodAccessorImpl.invoke0(Native Method)
	at sun.reflect.NativeMethodAccessorImpl.invoke(NativeMethodAccessorImpl.java:62)
	at sun.reflect.DelegatingMethodAccessorImpl.invoke(DelegatingMethodAccessorImpl.java:43)
	at java.lang.reflect.Method.invoke(Method.java:498)
	at org.apache.maven.surefire.util.ReflectionUtils.invokeMethodWithArray(ReflectionUtils.java:189)
	at org.apache.maven.surefire.booter.ProviderFactory$ProviderProxy.invoke(ProviderFactory.java:165)
	at org.apache.maven.surefire.booter.ProviderFactory.invokeProvider(ProviderFactory.java:85)
	at org.apache.maven.surefire.booter.ForkedBooter.runSuitesInProcess(ForkedBooter.java:115)
	at org.apache.maven.surefire.booter.ForkedBooter.main(ForkedBooter.java:75)

catching(org.apache.logging.log4j.core.StrictXMLConfigTest)  Time elapsed: 0.001 sec  <<< ERROR!
java.util.EmptyStackException
	at java.util.Stack.peek(Stack.java:102)
	at org.apache.logging.log4j.core.impl.ThrowableProxy.resolvePackageData(ThrowableProxy.java:352)
	at org.apache.logging.log4j.core.impl.ThrowableProxy.<init>(ThrowableProxy.java:70)
	at org.apache.logging.log4j.core.impl.Log4jLogEvent.<init>(Log4jLogEvent.java:105)
	at org.apache.logging.log4j.core.impl.Log4jLogEvent.<init>(Log4jLogEvent.java:77)
	at org.apache.logging.log4j.core.config.LoggerConfig.createEvent(LoggerConfig.java:351)
	at org.apache.logging.log4j.core.config.LoggerConfig.log(LoggerConfig.java:280)
	at org.apache.logging.log4j.core.Logger.log(Logger.java:106)
	at org.apache.logging.log4j.spi.AbstractLogger.catching(AbstractLogger.java:163)
	at org.apache.logging.log4j.core.StrictXMLConfigTest.catching(StrictXMLConfigTest.java:101)
	at sun.reflect.NativeMethodAccessorImpl.invoke0(Native Method)
	at sun.reflect.NativeMethodAccessorImpl.invoke(NativeMethodAccessorImpl.java:62)
	at sun.reflect.DelegatingMethodAccessorImpl.invoke(DelegatingMethodAccessorImpl.java:43)
	at java.lang.reflect.Method.invoke(Method.java:498)
	at org.junit.runners.model.FrameworkMethod$1.runReflectiveCall(FrameworkMethod.java:44)
	at org.junit.internal.runners.model.ReflectiveCallable.run(ReflectiveCallable.java:15)
	at org.junit.runners.model.FrameworkMethod.invokeExplosively(FrameworkMethod.java:41)
	at org.junit.internal.runners.statements.InvokeMethod.evaluate(InvokeMethod.java:20)
	at org.junit.runners.BlockJUnit4ClassRunner.runChild(BlockJUnit4ClassRunner.java:76)
	at org.junit.runners.BlockJUnit4ClassRunner.runChild(BlockJUnit4ClassRunner.java:50)
	at org.junit.runners.ParentRunner$3.run(ParentRunner.java:193)
	at org.junit.runners.ParentRunner$1.schedule(ParentRunner.java:52)
	at org.junit.runners.ParentRunner.runChildren(ParentRunner.java:191)
	at org.junit.runners.ParentRunner.access$000(ParentRunner.java:42)
	at org.junit.runners.ParentRunner$2.evaluate(ParentRunner.java:184)
	at org.junit.internal.runners.statements.RunBefores.evaluate(RunBefores.java:28)
	at org.junit.internal.runners.statements.RunAfters.evaluate(RunAfters.java:31)
	at org.junit.runners.ParentRunner.run(ParentRunner.java:236)
	at org.apache.maven.surefire.junit4.JUnit4Provider.execute(JUnit4Provider.java:252)
	at org.apache.maven.surefire.junit4.JUnit4Provider.executeTestSet(JUnit4Provider.java:141)
	at org.apache.maven.surefire.junit4.JUnit4Provider.invoke(JUnit4Provider.java:112)
	at sun.reflect.NativeMethodAccessorImpl.invoke0(Native Method)
	at sun.reflect.NativeMethodAccessorImpl.invoke(NativeMethodAccessorImpl.java:62)
	at sun.reflect.DelegatingMethodAccessorImpl.invoke(DelegatingMethodAccessorImpl.java:43)
	at java.lang.reflect.Method.invoke(Method.java:498)
	at org.apache.maven.surefire.util.ReflectionUtils.invokeMethodWithArray(ReflectionUtils.java:189)
	at org.apache.maven.surefire.booter.ProviderFactory$ProviderProxy.invoke(ProviderFactory.java:165)
	at org.apache.maven.surefire.booter.ProviderFactory.invokeProvider(ProviderFactory.java:85)
	at org.apache.maven.surefire.booter.ForkedBooter.runSuitesInProcess(ForkedBooter.java:115)
	at org.apache.maven.surefire.booter.ForkedBooter.main(ForkedBooter.java:75)


Results :

Tests in error: 
  org.apache.logging.log4j.core.appender.rewrite.MapRewritePolicyTest
  testException(org.apache.logging.log4j.core.pattern.ExtendedThrowableTest)
  testFiltering(org.apache.logging.log4j.core.pattern.ExtendedThrowablePatternConverterTest)
  testFull(org.apache.logging.log4j.core.pattern.ExtendedThrowablePatternConverterTest)
  testException(org.apache.logging.log4j.core.pattern.RootThrowableTest)
  testFull(org.apache.logging.log4j.core.pattern.RootThrowablePatternConverterTest)
  testLayout(org.apache.logging.log4j.core.layout.XMLLayoutTest)
  testLayout(org.apache.logging.log4j.core.layout.SerializedLayoutTest)
  testLayout(org.apache.logging.log4j.core.layout.HTMLLayoutTest)
  throwing(org.apache.logging.log4j.core.LoggerTest)
  catching(org.apache.logging.log4j.core.LoggerTest)
  throwing(org.apache.logging.log4j.core.StrictXMLConfigTest)
  catching(org.apache.logging.log4j.core.StrictXMLConfigTest)

Tests run: 132, Failures: 0, Errors: 13, Skipped: 0

[INFO] ------------------------------------------------------------------------
[INFO] BUILD FAILURE
[INFO] ------------------------------------------------------------------------
[INFO] Total time: 02:01 min
[INFO] Finished at: 2020-03-14T18:39:37-07:00
[INFO] Final Memory: 25M/1151M
[INFO] ------------------------------------------------------------------------
[ERROR] Failed to execute goal org.apache.maven.plugins:maven-surefire-plugin:2.12.4:test (default-test) on project log4j-core: There are test failures.
[ERROR] 
[ERROR] Please refer to /scratch/tmp-rta/Bugs.jar_Logging-Log4J2_fc3e9d2d_java-8/core/target/surefire-reports for the individual test results.
[ERROR] -> [Help 1]
[ERROR] 
[ERROR] To see the full stack trace of the errors, re-run Maven with the -e switch.
[ERROR] Re-run Maven using the -X switch to enable full debug logging.
[ERROR] 
[ERROR] For more information about the errors and possible solutions, please read the following articles:
[ERROR] [Help 1] http://cwiki.apache.org/confluence/display/MAVEN/MojoFailureException
