Picked up JAVA_TOOL_OPTIONS: -XX:CICompilerCount=2 -XX:ParallelGCThreads=2 -XX:ConcGCThreads=2 -Djdk.net.URLClassPath.disableClassPathURLCheck=true 
Picked up _JAVA_OPTIONS: -Djdk.net.URLClassPath.disableClassPathURLCheck=true
Apache Maven 3.5.0 (Red Hat 3.5.0-4.3)
Maven home: /opt/rh/rh-maven35/root/usr/share/maven
Java version: 1.7.0_80, vendor: Oracle Corporation
Java home: /scratch/jmcampos/RTA/repair_them_all_framework/jdks/jdk1.7.0_80/jre
Default locale: en_US, platform encoding: UTF-8
OS name: "linux", version: "4.14.158-1.el7.retpoline.x86_64", arch: "amd64", family: "unix"
[INFO] Scanning for projects...
[INFO] 
[INFO] ------------------------------------------------------------------------
[INFO] Building Maven Core 3.1.2-SNAPSHOT
[INFO] ------------------------------------------------------------------------
[INFO] Downloading: http://repository.apache.org/snapshots/org/apache/maven/maven-model/3.1.2-SNAPSHOT/maven-metadata.xml
[INFO] Downloading: http://repository.apache.org/snapshots/org/apache/maven/maven/3.1.2-SNAPSHOT/maven-metadata.xml
[INFO] Downloading: http://repository.apache.org/snapshots/org/apache/maven/maven-settings/3.1.2-SNAPSHOT/maven-metadata.xml
[INFO] Downloading: http://repository.apache.org/snapshots/org/apache/maven/maven-settings-builder/3.1.2-SNAPSHOT/maven-metadata.xml
[INFO] Downloading: http://repository.apache.org/snapshots/org/apache/maven/maven-repository-metadata/3.1.2-SNAPSHOT/maven-metadata.xml
[INFO] Downloading: http://repository.apache.org/snapshots/org/apache/maven/maven-artifact/3.1.2-SNAPSHOT/maven-metadata.xml
[INFO] Downloading: http://repository.apache.org/snapshots/org/apache/maven/maven-plugin-api/3.1.2-SNAPSHOT/maven-metadata.xml
[INFO] Downloading: http://repository.apache.org/snapshots/org/apache/maven/maven-model-builder/3.1.2-SNAPSHOT/maven-metadata.xml
[INFO] Downloading: http://repository.apache.org/snapshots/org/apache/maven/maven-aether-provider/3.1.2-SNAPSHOT/maven-metadata.xml
[INFO] 
[INFO] --- buildnumber-maven-plugin:1.2:create-timestamp (create-noncanonicalrev) @ maven-core ---
[INFO] 
[INFO] --- buildnumber-maven-plugin:1.2:create (create-buildnumber) @ maven-core ---
[INFO] Checking for local modifications: skipped.
[INFO] Updating project files from SCM: skipped.
[INFO] Executing: /bin/sh -c cd /tmp/Bugs.jar_Maven_2eb419ed_java-7/maven-core && git rev-parse --verify HEAD
[INFO] Working directory: /tmp/Bugs.jar_Maven_2eb419ed_java-7/maven-core
[INFO] Storing buildNumber: eed1b7c0f4c2d02a50df541e64bec5debc98bafd at timestamp: 1583750115936
[INFO] Executing: /bin/sh -c cd /tmp/Bugs.jar_Maven_2eb419ed_java-7/maven-core && git rev-parse --verify HEAD
[INFO] Working directory: /tmp/Bugs.jar_Maven_2eb419ed_java-7/maven-core
[INFO] Storing buildScmBranch: UNKNOWN
[INFO] 
[INFO] --- modello-maven-plugin:1.8.1:java (standard) @ maven-core ---
[INFO] outputDirectory: /tmp/Bugs.jar_Maven_2eb419ed_java-7/maven-core/target/generated-sources/modello
[INFO] Working on model: src/main/mdo/toolchains.mdo
[INFO] Generating current version: 1.0.0
[INFO] 
[INFO] --- modello-maven-plugin:1.8.1:xpp3-reader (standard) @ maven-core ---
[INFO] outputDirectory: /tmp/Bugs.jar_Maven_2eb419ed_java-7/maven-core/target/generated-sources/modello
[INFO] Working on model: src/main/mdo/toolchains.mdo
[INFO] Generating current version: 1.0.0
[INFO] 
[INFO] --- modello-maven-plugin:1.8.1:xpp3-writer (standard) @ maven-core ---
[INFO] outputDirectory: /tmp/Bugs.jar_Maven_2eb419ed_java-7/maven-core/target/generated-sources/modello
[INFO] Working on model: src/main/mdo/toolchains.mdo
[INFO] Generating current version: 1.0.0
[INFO] 
[INFO] --- maven-remote-resources-plugin:1.4:process (default) @ maven-core ---
[INFO] 
[INFO] --- maven-resources-plugin:2.6:resources (default-resources) @ maven-core ---
[INFO] Using 'UTF-8' encoding to copy filtered resources.
[INFO] Copying 17 resources
[INFO] Copying 3 resources
[INFO] 
[INFO] --- maven-compiler-plugin:2.5.1:compile (default-compile) @ maven-core ---
[INFO] Compiling 4 source files to /tmp/Bugs.jar_Maven_2eb419ed_java-7/maven-core/target/classes
[INFO] 
[INFO] --- animal-sniffer-maven-plugin:1.6:check (check-java-1.5-compat) @ maven-core ---
[INFO] Checking unresolved references to org.codehaus.mojo.signature:java15:1.0
[INFO] 
[INFO] --- plexus-component-metadata:1.5.5:generate-metadata (default) @ maven-core ---
[INFO] Discovered 59 component descriptors(s)
[INFO] 
[INFO] --- sisu-maven-plugin:1.1:main-index (default) @ maven-core ---
[INFO] 
[INFO] --- maven-resources-plugin:2.6:testResources (default-testResources) @ maven-core ---
[INFO] Using 'UTF-8' encoding to copy filtered resources.
[INFO] Copying 215 resources
[INFO] Copying 3 resources
[INFO] 
[INFO] --- maven-compiler-plugin:2.5.1:testCompile (default-testCompile) @ maven-core ---
[INFO] Nothing to compile - all classes are up to date
[INFO] 
[INFO] --- plexus-component-metadata:1.5.5:generate-test-metadata (default) @ maven-core ---
[INFO] Discovered 4 component descriptors(s)
[INFO] 
[INFO] --- sisu-maven-plugin:1.1:test-index (default) @ maven-core ---
[INFO] 
[INFO] --- maven-surefire-plugin:2.12:test (default-test) @ maven-core ---
[INFO] Surefire report directory: /tmp/Bugs.jar_Maven_2eb419ed_java-7/maven-core/target/surefire-reports
[INFO] Downloading: https://repo.maven.apache.org/maven2/org/apache/maven/surefire/surefire-junit3/2.12/surefire-junit3-2.12.pom
[INFO] Downloaded: https://repo.maven.apache.org/maven2/org/apache/maven/surefire/surefire-junit3/2.12/surefire-junit3-2.12.pom (1.7 kB at 3.1 kB/s)
[INFO] Downloading: https://repo.maven.apache.org/maven2/org/apache/maven/surefire/surefire-providers/2.12/surefire-providers-2.12.pom
[INFO] Downloaded: https://repo.maven.apache.org/maven2/org/apache/maven/surefire/surefire-providers/2.12/surefire-providers-2.12.pom (2.3 kB at 196 kB/s)
[INFO] Downloading: https://repo.maven.apache.org/maven2/org/apache/maven/surefire/surefire-junit3/2.12/surefire-junit3-2.12.jar
[INFO] Downloaded: https://repo.maven.apache.org/maven2/org/apache/maven/surefire/surefire-junit3/2.12/surefire-junit3-2.12.jar (26 kB at 925 kB/s)

-------------------------------------------------------
 T E S T S
-------------------------------------------------------
Picked up JAVA_TOOL_OPTIONS: -XX:CICompilerCount=2 -XX:ParallelGCThreads=2 -XX:ConcGCThreads=2 -Djdk.net.URLClassPath.disableClassPathURLCheck=true -XX:CICompilerCount=2 -XX:ParallelGCThreads=2 -XX:ConcGCThreads=2 -Djdk.net.URLClassPath.disableClassPathURLCheck=true 
Picked up _JAVA_OPTIONS: -Djdk.net.URLClassPath.disableClassPathURLCheck=true
Running org.apache.maven.execution.scope.internal.MojoExecutionScopeTest
Tests run: 1, Failures: 0, Errors: 0, Skipped: 0, Time elapsed: 0.06 sec
Running org.apache.maven.execution.DefaultMavenExecutionTest
Tests run: 2, Failures: 0, Errors: 0, Skipped: 0, Time elapsed: 0 sec
Running org.apache.maven.lifecycle.internal.stub.ProjectDependencyGraphStubTest
Tests run: 1, Failures: 0, Errors: 0, Skipped: 0, Time elapsed: 0.001 sec
Running org.apache.maven.lifecycle.internal.ProjectBuildListTest
Tests run: 1, Failures: 0, Errors: 0, Skipped: 0, Time elapsed: 0.003 sec
Running org.apache.maven.lifecycle.internal.PhaseRecorderTest
Tests run: 1, Failures: 0, Errors: 0, Skipped: 0, Time elapsed: 0.024 sec
Running org.apache.maven.lifecycle.internal.ConcurrentBuildLoggerTest
Tests run: 1, Failures: 0, Errors: 0, Skipped: 0, Time elapsed: 0.025 sec
Running org.apache.maven.lifecycle.internal.LifecycleExecutionPlanCalculatorTest
Tests run: 1, Failures: 0, Errors: 0, Skipped: 0, Time elapsed: 1.12 sec
Running org.apache.maven.lifecycle.internal.BuildListCalculatorTest
Tests run: 1, Failures: 0, Errors: 0, Skipped: 0, Time elapsed: 0.001 sec
Running org.apache.maven.lifecycle.internal.ThreadConfigurationServiceTest
Tests run: 1, Failures: 0, Errors: 0, Skipped: 0, Time elapsed: 0 sec
Running org.apache.maven.lifecycle.internal.ExecutionPlanItemTest
Tests run: 2, Failures: 0, Errors: 0, Skipped: 0, Time elapsed: 0.001 sec
Running org.apache.maven.lifecycle.internal.ConcurrencyDependencyGraphTest
Tests run: 2, Failures: 0, Errors: 0, Skipped: 0, Time elapsed: 0.001 sec
Running org.apache.maven.lifecycle.internal.LifecycleWeaveBuilderTest
Tests run: 2, Failures: 0, Errors: 0, Skipped: 0, Time elapsed: 0.078 sec
Running org.apache.maven.lifecycle.internal.BuilderCommonTest
Tests run: 4, Failures: 0, Errors: 0, Skipped: 0, Time elapsed: 0.002 sec
Running org.apache.maven.lifecycle.internal.LifecycleTaskSegmentCalculatorImplTest
Tests run: 1, Failures: 0, Errors: 0, Skipped: 0, Time elapsed: 0 sec
Running org.apache.maven.lifecycle.internal.ThreadOutputMuxerTest
Tests run: 2, Failures: 0, Errors: 0, Skipped: 0, Time elapsed: 0.329 sec
Running org.apache.maven.lifecycle.LifecycleExecutorSubModulesTest
Tests run: 1, Failures: 0, Errors: 0, Skipped: 0, Time elapsed: 0.295 sec
Running org.apache.maven.lifecycle.DefaultLifecyclesTest
Tests run: 1, Failures: 0, Errors: 0, Skipped: 0, Time elapsed: 0.107 sec
Running org.apache.maven.lifecycle.DefaultSchedulesTest
Tests run: 1, Failures: 0, Errors: 0, Skipped: 0, Time elapsed: 0.101 sec
Running org.apache.maven.lifecycle.LifecycleExecutorTest
Tests run: 13, Failures: 0, Errors: 0, Skipped: 0, Time elapsed: 2.542 sec
Running org.apache.maven.lifecycle.MavenExecutionPlanTest
Tests run: 6, Failures: 0, Errors: 0, Skipped: 0, Time elapsed: 0.002 sec
Running org.apache.maven.plugin.PluginParameterExpressionEvaluatorTest
Tests run: 17, Failures: 0, Errors: 0, Skipped: 0, Time elapsed: 1.456 sec
Running org.apache.maven.plugin.internal.DefaultLegacySupportTest
Tests run: 1, Failures: 0, Errors: 0, Skipped: 0, Time elapsed: 0.001 sec
Running org.apache.maven.plugin.PluginParameterExceptionTest
Tests run: 4, Failures: 0, Errors: 0, Skipped: 0, Time elapsed: 0.001 sec
Running org.apache.maven.plugin.PluginManagerTest
Tests run: 11, Failures: 0, Errors: 0, Skipped: 0, Time elapsed: 0.772 sec
Running org.apache.maven.project.artifact.DefaultMavenMetadataCacheTest
Tests run: 1, Failures: 0, Errors: 0, Skipped: 0, Time elapsed: 0.028 sec
Running org.apache.maven.project.artifact.MavenMetadataSourceTest
Tests run: 1, Failures: 0, Errors: 0, Skipped: 0, Time elapsed: 0.025 sec
Running org.apache.maven.project.ProjectBuilderTest
Tests run: 2, Failures: 0, Errors: 0, Skipped: 0, Time elapsed: 0.141 sec
Running org.apache.maven.project.ProjectSorterTest
Tests run: 12, Failures: 0, Errors: 0, Skipped: 0, Time elapsed: 0.005 sec
Running org.apache.maven.project.PomConstructionTest
Tests run: 122, Failures: 0, Errors: 0, Skipped: 0, Time elapsed: 5.777 sec
Running org.apache.maven.project.MavenProjectTest
Tests run: 10, Failures: 0, Errors: 1, Skipped: 0, Time elapsed: 0.448 sec <<< FAILURE!
Running org.apache.maven.project.canonical.CanonicalProjectBuilderTest
Tests run: 1, Failures: 0, Errors: 0, Skipped: 0, Time elapsed: 0.044 sec
Running org.apache.maven.project.TestMetadataSource
Tests run: 0, Failures: 0, Errors: 0, Skipped: 0, Time elapsed: 0 sec
Running org.apache.maven.project.DefaultMavenProjectBuilderTest
Tests run: 4, Failures: 0, Errors: 0, Skipped: 0, Time elapsed: 0.191 sec
Running org.apache.maven.project.ExtensionDescriptorBuilderTest
Tests run: 2, Failures: 0, Errors: 0, Skipped: 0, Time elapsed: 0 sec
Running org.apache.maven.settings.SettingsUtilsTest
Tests run: 2, Failures: 0, Errors: 0, Skipped: 0, Time elapsed: 0.004 sec
Running org.apache.maven.settings.PomConstructionWithSettingsTest
Tests run: 3, Failures: 0, Errors: 0, Skipped: 0, Time elapsed: 0.154 sec
Running org.apache.maven.exception.DefaultExceptionHandlerTest
Tests run: 1, Failures: 0, Errors: 0, Skipped: 0, Time elapsed: 0.001 sec
Running org.apache.maven.configuration.DefaultBeanConfiguratorTest
Tests run: 3, Failures: 0, Errors: 0, Skipped: 0, Time elapsed: 0.07 sec
Running org.apache.maven.repository.TestRepositorySystem
Tests run: 0, Failures: 0, Errors: 0, Skipped: 0, Time elapsed: 0 sec
Running org.apache.maven.repository.TestRepositoryConnectorFactory
Tests run: 0, Failures: 0, Errors: 0, Skipped: 0, Time elapsed: 0 sec
Running org.apache.maven.MavenTest
Tests run: 1, Failures: 0, Errors: 0, Skipped: 0, Time elapsed: 0.064 sec
Running org.apache.maven.rtinfo.internal.DefaultRuntimeInformationTest
Tests run: 2, Failures: 0, Errors: 0, Skipped: 0, Time elapsed: 0.046 sec
Running org.apache.maven.artifact.handler.ArtifactHandlerTest
Tests run: 1, Failures: 0, Errors: 0, Skipped: 0, Time elapsed: 0.028 sec
Running org.apache.maven.toolchain.RequirementMatcherFactoryTest
Tests run: 2, Failures: 0, Errors: 0, Skipped: 0, Time elapsed: 0.002 sec
Running org.apache.maven.MavenLifecycleParticipantTest
Tests run: 1, Failures: 0, Errors: 0, Skipped: 0, Time elapsed: 0.103 sec
Running org.apache.maven.ProjectDependenciesResolverTest
Tests run: 2, Failures: 0, Errors: 0, Skipped: 0, Time elapsed: 0.12 sec

Results :

Tests in error: 
  testInvalidParent(org.apache.maven.project.MavenProjectTest): Failed to build parent project for [inherited]:child-artifact:jar:[inherited]

Tests run: 251, Failures: 0, Errors: 1, Skipped: 0

[INFO] ------------------------------------------------------------------------
[INFO] BUILD FAILURE
[INFO] ------------------------------------------------------------------------
[INFO] Total time: 34.044 s
[INFO] Finished at: 2020-03-09T03:35:46-07:00
[INFO] Final Memory: 50M/1989M
[INFO] ------------------------------------------------------------------------
[ERROR] Failed to execute goal org.apache.maven.plugins:maven-surefire-plugin:2.12:test (default-test) on project maven-core: There are test failures.
[ERROR] 
[ERROR] Please refer to /tmp/Bugs.jar_Maven_2eb419ed_java-7/maven-core/target/surefire-reports for the individual test results.
[ERROR] -> [Help 1]
[ERROR] 
[ERROR] To see the full stack trace of the errors, re-run Maven with the -e switch.
[ERROR] Re-run Maven using the -X switch to enable full debug logging.
[ERROR] 
[ERROR] For more information about the errors and possible solutions, please read the following articles:
[ERROR] [Help 1] http://cwiki.apache.org/confluence/display/MAVEN/MojoFailureException
