Picked up JAVA_TOOL_OPTIONS: -XX:CICompilerCount=2 -XX:ParallelGCThreads=2 -XX:ConcGCThreads=2 -Djdk.net.URLClassPath.disableClassPathURLCheck=true 
Java HotSpot(TM) 64-Bit Server VM warning: ignoring option MaxPermSize=512m; support was removed in 8.0
Picked up _JAVA_OPTIONS: -Djdk.net.URLClassPath.disableClassPathURLCheck=true
Apache Maven 3.5.0 (Red Hat 3.5.0-4.3)
Maven home: /opt/rh/rh-maven35/root/usr/share/maven
Java version: 1.8.0_181, vendor: Oracle Corporation
Java home: /boom/scratch/jmcampos/RTA/repair_them_all_framework/jdks/jdk1.8.0_181/jre
Default locale: en_US, platform encoding: UTF-8
OS name: "linux", version: "4.14.147-1.el7.retpoline.x86_64", arch: "amd64", family: "unix"
[INFO] Scanning for projects...
[INFO] Downloading: https://repo.maven.apache.org/maven2/org/apache/maven/wagon/wagon-ssh/maven-metadata.xml
[INFO] Downloaded: https://repo.maven.apache.org/maven2/org/apache/maven/wagon/wagon-ssh/maven-metadata.xml (1.4 kB at 4.6 kB/s)
[INFO] Inspecting build with total of 1 modules...
[INFO] Installing Nexus Staging features:
[INFO]   ... total of 1 executions of maven-deploy-plugin replaced with nexus-staging-maven-plugin
[INFO] 
[INFO] ------------------------------------------------------------------------
[INFO] Building Spoon Core 5.6.0-SNAPSHOT
[INFO] ------------------------------------------------------------------------
[INFO] Downloading: http://spoon.gforge.inria.fr/repositories/releases/junit/junit-dep/maven-metadata.xml
[INFO] Downloading: https://oss.sonatype.org/content/repositories/snapshots/junit/junit-dep/maven-metadata.xml
[INFO] Downloading: https://repo.maven.apache.org/maven2/junit/junit-dep/maven-metadata.xml
[INFO] Downloaded: https://repo.maven.apache.org/maven2/junit/junit-dep/maven-metadata.xml (563 B at 14 kB/s)
[INFO] Downloading: http://spoon.gforge.inria.fr/repositories/releases/commons-io/commons-io/maven-metadata.xml
[INFO] Downloading: https://oss.sonatype.org/content/repositories/snapshots/commons-io/commons-io/maven-metadata.xml
[INFO] Downloading: https://repo.maven.apache.org/maven2/commons-io/commons-io/maven-metadata.xml
[INFO] Downloaded: https://repo.maven.apache.org/maven2/commons-io/commons-io/maven-metadata.xml (783 B at 78 kB/s)
[INFO] 
[INFO] --- maven-enforcer-plugin:1.4.1:enforce (enforce-maven) @ spoon-core ---
[INFO] Skipping Rule Enforcement.
[INFO] 
[INFO] --- maven-enforcer-plugin:1.4.1:enforce (enforce-bytecode-version) @ spoon-core ---
[INFO] Skipping Rule Enforcement.
[INFO] 
[INFO] --- jacoco-maven-plugin:0.7.5.201505241946:prepare-agent (default) @ spoon-core ---
[INFO] Skipping JaCoCo execution because property jacoco.skip is set.
[INFO] argLine set to empty
[INFO] 
[INFO] --- maven-resources-plugin:2.6:resources (default-resources) @ spoon-core ---
[INFO] Using 'UTF-8' encoding to copy filtered resources.
[INFO] Copying 3 resources
[INFO] Copying 1 resource
[INFO] 
[INFO] --- maven-compiler-plugin:3.1:compile (default-compile) @ spoon-core ---
[INFO] Nothing to compile - all classes are up to date
[INFO] 
[INFO] --- maven-resources-plugin:2.6:testResources (default-testResources) @ spoon-core ---
[INFO] Using 'UTF-8' encoding to copy filtered resources.
[INFO] Copying 90 resources
[INFO] 
[INFO] --- maven-compiler-plugin:3.1:testCompile (default-testCompile) @ spoon-core ---
[INFO] Nothing to compile - all classes are up to date
[INFO] 
[INFO] --- maven-surefire-plugin:2.19.1:test (default-test) @ spoon-core ---
[INFO] Downloading: https://repo.maven.apache.org/maven2/org/apache/maven/surefire/surefire-junit4/2.19.1/surefire-junit4-2.19.1.pom
[INFO] Downloaded: https://repo.maven.apache.org/maven2/org/apache/maven/surefire/surefire-junit4/2.19.1/surefire-junit4-2.19.1.pom (3.3 kB at 182 kB/s)
[INFO] Downloading: https://repo.maven.apache.org/maven2/org/apache/maven/surefire/surefire-providers/2.19.1/surefire-providers-2.19.1.pom
[INFO] Downloaded: https://repo.maven.apache.org/maven2/org/apache/maven/surefire/surefire-providers/2.19.1/surefire-providers-2.19.1.pom (2.6 kB at 233 kB/s)
[INFO] Downloading: https://repo.maven.apache.org/maven2/org/apache/maven/surefire/surefire-junit4/2.19.1/surefire-junit4-2.19.1.jar
[INFO] Downloaded: https://repo.maven.apache.org/maven2/org/apache/maven/surefire/surefire-junit4/2.19.1/surefire-junit4-2.19.1.jar (75 kB at 2.4 MB/s)

-------------------------------------------------------
 T E S T S
-------------------------------------------------------
Picked up JAVA_TOOL_OPTIONS: -XX:CICompilerCount=2 -XX:ParallelGCThreads=2 -XX:ConcGCThreads=2 -Djdk.net.URLClassPath.disableClassPathURLCheck=true -XX:CICompilerCount=2 -XX:ParallelGCThreads=2 -XX:ConcGCThreads=2 -Djdk.net.URLClassPath.disableClassPathURLCheck=true 
Picked up _JAVA_OPTIONS: -Djdk.net.URLClassPath.disableClassPathURLCheck=true
Running spoon.test.api.FileSystemFolderTest
Tests run: 2, Failures: 0, Errors: 0, Skipped: 0, Time elapsed: 0.537 sec - in spoon.test.api.FileSystemFolderTest
Running spoon.test.api.APITest
Tests run: 14, Failures: 0, Errors: 0, Skipped: 0, Time elapsed: 42.276 sec - in spoon.test.api.APITest
Running spoon.test.api.NoClasspathTest
Tests run: 3, Failures: 0, Errors: 0, Skipped: 0, Time elapsed: 0.31 sec - in spoon.test.api.NoClasspathTest
Running spoon.test.exceptions.ExceptionTest
Tests run: 5, Failures: 0, Errors: 0, Skipped: 0, Time elapsed: 1.975 sec - in spoon.test.exceptions.ExceptionTest
Running spoon.test.intercession.insertBefore.InsertMethodsTest
Tests run: 9, Failures: 0, Errors: 0, Skipped: 0, Time elapsed: 4.189 sec - in spoon.test.intercession.insertBefore.InsertMethodsTest
Running spoon.test.intercession.IntercessionTest
Tests run: 8, Failures: 0, Errors: 0, Skipped: 1, Time elapsed: 8.084 sec - in spoon.test.intercession.IntercessionTest
Running spoon.test.intercession.IntercessionContractTest
Tests run: 92, Failures: 0, Errors: 0, Skipped: 0, Time elapsed: 1.682 sec - in spoon.test.intercession.IntercessionContractTest
Running spoon.test.intercession.RemoveTest
Tests run: 1, Failures: 0, Errors: 0, Skipped: 0, Time elapsed: 0.213 sec - in spoon.test.intercession.RemoveTest
Running spoon.test.loop.LoopTest
Tests run: 2, Failures: 0, Errors: 0, Skipped: 0, Time elapsed: 0.427 sec - in spoon.test.loop.LoopTest
Running spoon.test.prettyprinter.QualifiedThisRefTest
Tests run: 2, Failures: 0, Errors: 0, Skipped: 0, Time elapsed: 0.625 sec - in spoon.test.prettyprinter.QualifiedThisRefTest
Running spoon.test.prettyprinter.DefaultPrettyPrinterTest
Tests run: 10, Failures: 0, Errors: 0, Skipped: 0, Time elapsed: 2.289 sec - in spoon.test.prettyprinter.DefaultPrettyPrinterTest
Running spoon.test.prettyprinter.LinesTest
Tests run: 1, Failures: 0, Errors: 0, Skipped: 0, Time elapsed: 0.223 sec - in spoon.test.prettyprinter.LinesTest
Running spoon.test.prettyprinter.PrinterTest
Tests run: 6, Failures: 0, Errors: 0, Skipped: 0, Time elapsed: 4.087 sec - in spoon.test.prettyprinter.PrinterTest
Running spoon.test.variable.AccessFullyQualifiedFieldTest
Tests run: 9, Failures: 0, Errors: 0, Skipped: 0, Time elapsed: 4.049 sec - in spoon.test.variable.AccessFullyQualifiedFieldTest
Running spoon.test.variable.AccessTest
Tests run: 8, Failures: 0, Errors: 0, Skipped: 0, Time elapsed: 2.071 sec - in spoon.test.variable.AccessTest
Running spoon.test.visitor.VisitorTest
Tests run: 1, Failures: 0, Errors: 0, Skipped: 0, Time elapsed: 0.249 sec - in spoon.test.visitor.VisitorTest
Running spoon.test.pkg.PackageTest
Tests run: 4, Failures: 0, Errors: 0, Skipped: 0, Time elapsed: 1.989 sec - in spoon.test.pkg.PackageTest
Running spoon.test.comment.CommentTest
Tests run: 11, Failures: 0, Errors: 0, Skipped: 0, Time elapsed: 25.872 sec - in spoon.test.comment.CommentTest
Running spoon.test.annotation.AnnotationTest
Tests run: 35, Failures: 0, Errors: 0, Skipped: 0, Time elapsed: 11.337 sec - in spoon.test.annotation.AnnotationTest
Running spoon.test.annotation.AnnotationLoopTest
Tests run: 1, Failures: 0, Errors: 0, Skipped: 0, Time elapsed: 0.23 sec - in spoon.test.annotation.AnnotationLoopTest
Running spoon.test.annotation.AnnotationValuesTest
Tests run: 6, Failures: 0, Errors: 0, Skipped: 0, Time elapsed: 0.704 sec - in spoon.test.annotation.AnnotationValuesTest
Running spoon.test.field.FieldTest
Tests run: 3, Failures: 0, Errors: 0, Skipped: 0, Time elapsed: 0.443 sec - in spoon.test.field.FieldTest
Running spoon.test.eval.EvalTest
Tests run: 4, Failures: 0, Errors: 0, Skipped: 0, Time elapsed: 1.59 sec - in spoon.test.eval.EvalTest
Running spoon.test.reference.CloneReferenceTest
Tests run: 1, Failures: 0, Errors: 0, Skipped: 0, Time elapsed: 0.271 sec - in spoon.test.reference.CloneReferenceTest
Running spoon.test.reference.ExecutableReferenceGenericTest
Tests run: 12, Failures: 0, Errors: 0, Skipped: 0, Time elapsed: 2.983 sec - in spoon.test.reference.ExecutableReferenceGenericTest
Running spoon.test.reference.VariableAccessTest
Tests run: 9, Failures: 0, Errors: 0, Skipped: 0, Time elapsed: 2.2 sec - in spoon.test.reference.VariableAccessTest
Running spoon.test.reference.TypeReferenceTest
Tests run: 26, Failures: 0, Errors: 0, Skipped: 0, Time elapsed: 6.118 sec - in spoon.test.reference.TypeReferenceTest
Running spoon.test.reference.AnnotationFieldReferenceTest
Tests run: 1, Failures: 0, Errors: 0, Skipped: 0, Time elapsed: 0.236 sec - in spoon.test.reference.AnnotationFieldReferenceTest
Running spoon.test.reference.ExecutableReferenceTest
Tests run: 6, Failures: 0, Errors: 0, Skipped: 0, Time elapsed: 3.725 sec - in spoon.test.reference.ExecutableReferenceTest
Running spoon.test.constructorcallnewclass.ConstructorCallTest
Tests run: 6, Failures: 0, Errors: 0, Skipped: 0, Time elapsed: 2.019 sec - in spoon.test.constructorcallnewclass.ConstructorCallTest
Running spoon.test.constructorcallnewclass.NewClassTest
Tests run: 7, Failures: 0, Errors: 0, Skipped: 0, Time elapsed: 2.798 sec - in spoon.test.constructorcallnewclass.NewClassTest
Running spoon.test.visibility.VisibilityTest
Tests run: 5, Failures: 0, Errors: 0, Skipped: 0, Time elapsed: 1.981 sec - in spoon.test.visibility.VisibilityTest
Running spoon.test.trycatch.TryCatchTest
Tests run: 9, Failures: 0, Errors: 0, Skipped: 0, Time elapsed: 2.459 sec - in spoon.test.trycatch.TryCatchTest
Running spoon.test.staticFieldAccess2.ImplicitStaticFieldReferenceTest
Tests run: 16, Failures: 0, Errors: 0, Skipped: 0, Time elapsed: 8.819 sec - in spoon.test.staticFieldAccess2.ImplicitStaticFieldReferenceTest
Running spoon.test.imports.ImportAndExtendWithPackageNameTest
Tests run: 1, Failures: 0, Errors: 0, Skipped: 0, Time elapsed: 0.41 sec - in spoon.test.imports.ImportAndExtendWithPackageNameTest
Running spoon.test.imports.ImportTest
Tests run: 24, Failures: 0, Errors: 0, Skipped: 0, Time elapsed: 11.671 sec - in spoon.test.imports.ImportTest
Running spoon.test.imports.ImportScannerTest
Tests run: 3, Failures: 0, Errors: 0, Skipped: 0, Time elapsed: 0.666 sec - in spoon.test.imports.ImportScannerTest
Running spoon.test.filters.FilterTest
2020-03-15 05:15:08,915 INFO spoon.Launcher - Spoon version 5.6.0-SNAPSHOT
2020-03-15 05:15:08,917 INFO spoon.Launcher - running Spoon...
2020-03-15 05:15:08,917 INFO spoon.Launcher - start processing...
2020-03-15 05:15:09,140 INFO spoon.Launcher - end of processing: 
2020-03-15 05:15:09,140 INFO spoon.Launcher - no errors, no warnings
2020-03-15 05:15:10,662 INFO spoon.Launcher - Spoon version 5.6.0-SNAPSHOT
2020-03-15 05:15:10,662 INFO spoon.Launcher - running Spoon...
2020-03-15 05:15:10,663 INFO spoon.Launcher - start processing...
2020-03-15 05:15:10,896 INFO spoon.Launcher - end of processing: 
2020-03-15 05:15:10,897 INFO spoon.Launcher - no errors, no warnings
2020-03-15 05:15:12,007 INFO spoon.Launcher - Spoon version 5.6.0-SNAPSHOT
2020-03-15 05:15:12,007 INFO spoon.Launcher - running Spoon...
2020-03-15 05:15:12,007 INFO spoon.Launcher - start processing...
2020-03-15 05:15:12,244 INFO spoon.Launcher - end of processing: 
2020-03-15 05:15:12,244 INFO spoon.Launcher - no errors, no warnings
2020-03-15 05:15:14,623 INFO spoon.Launcher - Spoon version 5.6.0-SNAPSHOT
2020-03-15 05:15:14,624 INFO spoon.Launcher - running Spoon...
2020-03-15 05:15:14,624 INFO spoon.Launcher - start processing...
2020-03-15 05:15:14,861 INFO spoon.Launcher - end of processing: 
2020-03-15 05:15:14,861 INFO spoon.Launcher - no errors, no warnings
2020-03-15 05:15:15,748 INFO spoon.Launcher - Spoon version 5.6.0-SNAPSHOT
2020-03-15 05:15:15,748 INFO spoon.Launcher - running Spoon...
2020-03-15 05:15:15,748 INFO spoon.Launcher - start processing...
2020-03-15 05:15:15,979 INFO spoon.Launcher - end of processing: 
2020-03-15 05:15:15,979 INFO spoon.Launcher - no errors, no warnings
2020-03-15 05:15:17,175 INFO spoon.Launcher - Spoon version 5.6.0-SNAPSHOT
2020-03-15 05:15:17,175 INFO spoon.Launcher - running Spoon...
2020-03-15 05:15:17,176 INFO spoon.Launcher - start processing...
2020-03-15 05:15:17,407 INFO spoon.Launcher - end of processing: 
2020-03-15 05:15:17,408 INFO spoon.Launcher - no errors, no warnings
2020-03-15 05:15:17,647 INFO spoon.Launcher - Spoon version 5.6.0-SNAPSHOT
2020-03-15 05:15:17,647 INFO spoon.Launcher - running Spoon...
2020-03-15 05:15:17,648 INFO spoon.Launcher - start processing...
2020-03-15 05:15:17,891 INFO spoon.Launcher - end of processing: 
2020-03-15 05:15:17,891 INFO spoon.Launcher - no errors, no warnings
2020-03-15 05:15:18,578 INFO spoon.Launcher - Spoon version 5.6.0-SNAPSHOT
2020-03-15 05:15:18,578 INFO spoon.Launcher - running Spoon...
2020-03-15 05:15:18,578 INFO spoon.Launcher - start processing...
2020-03-15 05:15:18,811 INFO spoon.Launcher - end of processing: 
2020-03-15 05:15:18,811 INFO spoon.Launcher - no errors, no warnings
2020-03-15 05:15:19,486 INFO spoon.Launcher - Spoon version 5.6.0-SNAPSHOT
2020-03-15 05:15:19,486 INFO spoon.Launcher - running Spoon...
2020-03-15 05:15:19,486 INFO spoon.Launcher - start processing...
2020-03-15 05:15:19,712 INFO spoon.Launcher - end of processing: 
2020-03-15 05:15:19,712 INFO spoon.Launcher - no errors, no warnings
2020-03-15 05:15:19,931 INFO spoon.Launcher - Spoon version 5.6.0-SNAPSHOT
2020-03-15 05:15:19,931 INFO spoon.Launcher - running Spoon...
2020-03-15 05:15:19,931 INFO spoon.Launcher - start processing...
2020-03-15 05:15:20,154 INFO spoon.Launcher - end of processing: 
2020-03-15 05:15:20,155 INFO spoon.Launcher - no errors, no warnings
2020-03-15 05:15:21,531 INFO spoon.Launcher - Spoon version 5.6.0-SNAPSHOT
2020-03-15 05:15:21,531 INFO spoon.Launcher - running Spoon...
2020-03-15 05:15:21,531 INFO spoon.Launcher - start processing...
2020-03-15 05:15:21,767 INFO spoon.Launcher - end of processing: 
2020-03-15 05:15:21,768 INFO spoon.Launcher - no errors, no warnings
2020-03-15 05:15:23,419 INFO spoon.Launcher - Spoon version 5.6.0-SNAPSHOT
2020-03-15 05:15:23,419 INFO spoon.Launcher - running Spoon...
2020-03-15 05:15:23,419 INFO spoon.Launcher - start processing...
2020-03-15 05:15:23,663 INFO spoon.Launcher - end of processing: 
2020-03-15 05:15:23,664 INFO spoon.Launcher - no errors, no warnings
2020-03-15 05:15:23,669 INFO spoon.Launcher - Step filter CtClass only) received
Parameter 1) CtRootPackage: unnamed package
2020-03-15 05:15:23,670 INFO spoon.Launcher - Step filter CtClass only) spoon.reflect.CtModelImpl$CtRootPackage cannot be cast to spoon.reflect.declaration.CtClass
Parameter 1) CtRootPackage: unnamed package
2020-03-15 05:15:23,670 INFO spoon.Launcher - Step filter CtClass only) spoon.support.reflect.declaration.CtPackageImpl cannot be cast to spoon.reflect.declaration.CtClass
Parameter 1) CtPackageImpl: spoon
2020-03-15 05:15:23,670 INFO spoon.Launcher - Step filter CtClass only) spoon.support.reflect.declaration.CtPackageImpl cannot be cast to spoon.reflect.declaration.CtClass
Parameter 1) CtPackageImpl: spoon.test
2020-03-15 05:15:23,671 INFO spoon.Launcher - Step filter CtClass only) spoon.support.reflect.declaration.CtPackageImpl cannot be cast to spoon.reflect.declaration.CtClass
Parameter 1) CtPackageImpl: spoon.test.filters
2020-03-15 05:15:23,671 INFO spoon.Launcher - Step filter CtClass only) spoon.support.reflect.declaration.CtPackageImpl cannot be cast to spoon.reflect.declaration.CtClass
Parameter 1) CtPackageImpl: spoon.test.filters.testclasses
2020-03-15 05:15:23,671 INFO spoon.Launcher - Step super interfaces) received
Parameter 1) CtClassImpl: public abstract class AbstractTostada implements spoon.test.filters.testclasses.ITostada {
    @java.lang.Override
    public spoon.test.filters.testclasses.ITostada make() {
        return new spoon.test.filters.testclasses.Tostada() {
            @java.lang.Override
            public void prepare() {
                super.prepare();
            }

            @java.lang.Override
            public spoon.test.filters.testclasses.ITostada make() {
                return super.make();
            }
        };
    }

    public abstract void prepare();
}
2020-03-15 05:15:23,672 INFO spoon.Launcher - Step 3) received
Parameter 1) CtTypeReferenceImpl: spoon.test.filters.testclasses.ITostada
2020-03-15 05:15:23,672 INFO spoon.Launcher - Step allMethods if interface) received
Parameter 1) CtInterfaceImpl: public interface ITostada {
    spoon.test.filters.testclasses.ITostada make();
}
2020-03-15 05:15:23,672 INFO spoon.Launcher - Step 5) received
Parameter 1) CtMethodImpl: spoon.test.filters.testclasses.ITostada make();
2020-03-15 05:15:23,673 INFO spoon.Launcher - Step 6) received
Parameter 1) CtMethodImpl: spoon.test.filters.testclasses.ITostada make();
2020-03-15 05:15:23,673 INFO spoon.Launcher - Step 7) received
Parameter 1) CtTypeReferenceImpl: spoon.test.filters.testclasses.ITostada
2020-03-15 05:15:23,673 INFO spoon.Launcher - Step outputConsumer) returning
Parameter 1) CtInterfaceImpl: public interface ITostada {
    spoon.test.filters.testclasses.ITostada make();
}
2020-03-15 05:15:23,673 INFO spoon.Launcher - Step filter CtClass only) spoon.support.reflect.reference.CtTypeReferenceImpl cannot be cast to spoon.reflect.declaration.CtClass
Parameter 1) CtTypeReferenceImpl: spoon.test.filters.testclasses.ITostada
2020-03-15 05:15:23,673 INFO spoon.Launcher - Step filter CtClass only) spoon.support.reflect.reference.CtPackageReferenceImpl cannot be cast to spoon.reflect.declaration.CtClass
Parameter 1) CtPackageReferenceImpl: spoon.test.filters.testclasses
2020-03-15 05:15:23,674 INFO spoon.Launcher - Step filter CtClass only) spoon.support.reflect.declaration.CtConstructorImpl cannot be cast to spoon.reflect.declaration.CtClass
Parameter 1) CtConstructorImpl: public AbstractTostada() {
}
2020-03-15 05:15:23,674 INFO spoon.Launcher - Step filter CtClass only) spoon.support.reflect.code.CtBlockImpl cannot be cast to spoon.reflect.declaration.CtClass
Parameter 1) CtBlockImpl: {
}
2020-03-15 05:15:23,674 INFO spoon.Launcher - Step filter CtClass only) spoon.support.reflect.code.CtInvocationImpl cannot be cast to spoon.reflect.declaration.CtClass
Parameter 1) CtInvocationImpl: super()
2020-03-15 05:15:23,675 INFO spoon.Launcher - Step filter CtClass only) spoon.support.reflect.reference.CtExecutableReferenceImpl cannot be cast to spoon.reflect.declaration.CtClass
Parameter 1) CtExecutableReferenceImpl: java.lang.Object#Object()
2020-03-15 05:15:23,675 INFO spoon.Launcher - Step filter CtClass only) spoon.support.reflect.reference.CtTypeReferenceImpl cannot be cast to spoon.reflect.declaration.CtClass
Parameter 1) CtTypeReferenceImpl: java.lang.Object
2020-03-15 05:15:23,675 INFO spoon.Launcher - Step filter CtClass only) spoon.support.reflect.reference.CtPackageReferenceImpl cannot be cast to spoon.reflect.declaration.CtClass
Parameter 1) CtPackageReferenceImpl: java.lang
2020-03-15 05:15:23,675 INFO spoon.Launcher - Step filter CtClass only) spoon.support.reflect.reference.CtTypeReferenceImpl cannot be cast to spoon.reflect.declaration.CtClass
Parameter 1) CtTypeReferenceImpl: java.lang.Object
2020-03-15 05:15:23,675 INFO spoon.Launcher - Step filter CtClass only) spoon.support.reflect.reference.CtPackageReferenceImpl cannot be cast to spoon.reflect.declaration.CtClass
Parameter 1) CtPackageReferenceImpl: java.lang
2020-03-15 05:15:23,676 INFO spoon.Launcher - Step filter CtClass only) spoon.support.reflect.declaration.CtMethodImpl cannot be cast to spoon.reflect.declaration.CtClass
Parameter 1) CtMethodImpl: @java.lang.Override
public spoon.test.filters.testclasses.ITostada make() {
    return new spoon.test.filters.testclasses.Tostada() {
        @java.lang.Override
        public void prepare() {
            super.prepare();
        }

        @java.lang.Override
        public spoon.test.filters.testclasses.ITostada make() {
            return super.make();
        }
    };
}
2020-03-15 05:15:23,676 INFO spoon.Launcher - Step filter CtClass only) spoon.support.reflect.declaration.CtAnnotationImpl cannot be cast to spoon.reflect.declaration.CtClass
Parameter 1) CtAnnotationImpl: @java.lang.Override

2020-03-15 05:15:23,676 INFO spoon.Launcher - Step filter CtClass only) spoon.support.reflect.reference.CtTypeReferenceImpl cannot be cast to spoon.reflect.declaration.CtClass
Parameter 1) CtTypeReferenceImpl: java.lang.Override
2020-03-15 05:15:23,676 INFO spoon.Launcher - Step filter CtClass only) spoon.support.reflect.reference.CtPackageReferenceImpl cannot be cast to spoon.reflect.declaration.CtClass
Parameter 1) CtPackageReferenceImpl: java.lang
2020-03-15 05:15:23,677 INFO spoon.Launcher - Step filter CtClass only) spoon.support.reflect.reference.CtTypeReferenceImpl cannot be cast to spoon.reflect.declaration.CtClass
Parameter 1) CtTypeReferenceImpl: java.lang.Override
2020-03-15 05:15:23,677 INFO spoon.Launcher - Step filter CtClass only) spoon.support.reflect.reference.CtPackageReferenceImpl cannot be cast to spoon.reflect.declaration.CtClass
Parameter 1) CtPackageReferenceImpl: java.lang
2020-03-15 05:15:23,677 INFO spoon.Launcher - Step filter CtClass only) spoon.support.reflect.reference.CtTypeReferenceImpl cannot be cast to spoon.reflect.declaration.CtClass
Parameter 1) CtTypeReferenceImpl: spoon.test.filters.testclasses.ITostada
2020-03-15 05:15:23,677 INFO spoon.Launcher - Step filter CtClass only) spoon.support.reflect.reference.CtPackageReferenceImpl cannot be cast to spoon.reflect.declaration.CtClass
Parameter 1) CtPackageReferenceImpl: spoon.test.filters.testclasses
2020-03-15 05:15:23,678 INFO spoon.Launcher - Step filter CtClass only) spoon.support.reflect.code.CtBlockImpl cannot be cast to spoon.reflect.declaration.CtClass
Parameter 1) CtBlockImpl: {
    return new spoon.test.filters.testclasses.Tostada() {
        @java.lang.Override
        public void prepare() {
            super.prepare();
        }

        @java.lang.Override
        public spoon.test.filters.testclasses.ITostada make() {
            return super.make();
        }
    };
}
2020-03-15 05:15:23,678 INFO spoon.Launcher - Step filter CtClass only) spoon.support.reflect.code.CtReturnImpl cannot be cast to spoon.reflect.declaration.CtClass
Parameter 1) CtReturnImpl: return new spoon.test.filters.testclasses.Tostada() {
    @java.lang.Override
    public void prepare() {
        super.prepare();
    }

    @java.lang.Override
    public spoon.test.filters.testclasses.ITostada make() {
        return super.make();
    }
}
2020-03-15 05:15:23,678 INFO spoon.Launcher - Step filter CtClass only) spoon.support.reflect.code.CtNewClassImpl cannot be cast to spoon.reflect.declaration.CtClass
Parameter 1) CtNewClassImpl: new spoon.test.filters.testclasses.Tostada() {
    @java.lang.Override
    public void prepare() {
        super.prepare();
    }

    @java.lang.Override
    public spoon.test.filters.testclasses.ITostada make() {
        return super.make();
    }
}
2020-03-15 05:15:23,679 INFO spoon.Launcher - Step filter CtClass only) spoon.support.reflect.reference.CtExecutableReferenceImpl cannot be cast to spoon.reflect.declaration.CtClass
Parameter 1) CtExecutableReferenceImpl: spoon.test.filters.testclasses.AbstractTostada$1#1()
2020-03-15 05:15:23,680 INFO spoon.Launcher - Step filter CtClass only) spoon.support.reflect.reference.CtTypeReferenceImpl cannot be cast to spoon.reflect.declaration.CtClass
Parameter 1) CtTypeReferenceImpl: spoon.test.filters.testclasses.AbstractTostada.1
2020-03-15 05:15:23,680 INFO spoon.Launcher - Step filter CtClass only) spoon.support.reflect.reference.CtTypeReferenceImpl cannot be cast to spoon.reflect.declaration.CtClass
Parameter 1) CtTypeReferenceImpl: spoon.test.filters.testclasses.AbstractTostada
2020-03-15 05:15:23,680 INFO spoon.Launcher - Step filter CtClass only) spoon.support.reflect.reference.CtPackageReferenceImpl cannot be cast to spoon.reflect.declaration.CtClass
Parameter 1) CtPackageReferenceImpl: spoon.test.filters.testclasses
2020-03-15 05:15:23,681 INFO spoon.Launcher - Step filter CtClass only) spoon.support.reflect.reference.CtTypeReferenceImpl cannot be cast to spoon.reflect.declaration.CtClass
Parameter 1) CtTypeReferenceImpl: spoon.test.filters.testclasses.Tostada
2020-03-15 05:15:23,681 INFO spoon.Launcher - Step filter CtClass only) spoon.support.reflect.reference.CtPackageReferenceImpl cannot be cast to spoon.reflect.declaration.CtClass
Parameter 1) CtPackageReferenceImpl: spoon.test.filters.testclasses
2020-03-15 05:15:23,681 INFO spoon.Launcher - Step super interfaces) received
Parameter 1) CtClassImpl:  {
    @java.lang.Override
    public void prepare() {
        super.prepare();
    }

    @java.lang.Override
    public spoon.test.filters.testclasses.ITostada make() {
        return super.make();
    }
}
2020-03-15 05:15:23,682 INFO spoon.Launcher - Step filter CtClass only) spoon.support.reflect.reference.CtTypeReferenceImpl cannot be cast to spoon.reflect.declaration.CtClass
Parameter 1) CtTypeReferenceImpl: spoon.test.filters.testclasses.Tostada
2020-03-15 05:15:23,682 INFO spoon.Launcher - Step filter CtClass only) spoon.support.reflect.reference.CtPackageReferenceImpl cannot be cast to spoon.reflect.declaration.CtClass
Parameter 1) CtPackageReferenceImpl: spoon.test.filters.testclasses
2020-03-15 05:15:23,682 INFO spoon.Launcher - Step filter CtClass only) spoon.support.reflect.declaration.CtConstructorImpl cannot be cast to spoon.reflect.declaration.CtClass
Parameter 1) CtConstructorImpl: 1() {
}
2020-03-15 05:15:23,682 INFO spoon.Launcher - Step filter CtClass only) spoon.support.reflect.code.CtBlockImpl cannot be cast to spoon.reflect.declaration.CtClass
Parameter 1) CtBlockImpl: {
}
2020-03-15 05:15:23,683 INFO spoon.Launcher - Step filter CtClass only) spoon.support.reflect.code.CtInvocationImpl cannot be cast to spoon.reflect.declaration.CtClass
Parameter 1) CtInvocationImpl: super()
2020-03-15 05:15:23,683 INFO spoon.Launcher - Step filter CtClass only) spoon.support.reflect.reference.CtExecutableReferenceImpl cannot be cast to spoon.reflect.declaration.CtClass
Parameter 1) CtExecutableReferenceImpl: spoon.test.filters.testclasses.Tostada#Tostada()
2020-03-15 05:15:23,683 INFO spoon.Launcher - Step filter CtClass only) spoon.support.reflect.reference.CtTypeReferenceImpl cannot be cast to spoon.reflect.declaration.CtClass
Parameter 1) CtTypeReferenceImpl: spoon.test.filters.testclasses.Tostada
2020-03-15 05:15:23,683 INFO spoon.Launcher - Step filter CtClass only) spoon.support.reflect.reference.CtPackageReferenceImpl cannot be cast to spoon.reflect.declaration.CtClass
Parameter 1) CtPackageReferenceImpl: spoon.test.filters.testclasses
2020-03-15 05:15:23,684 INFO spoon.Launcher - Step filter CtClass only) spoon.support.reflect.reference.CtTypeReferenceImpl cannot be cast to spoon.reflect.declaration.CtClass
Parameter 1) CtTypeReferenceImpl: spoon.test.filters.testclasses.Tostada
2020-03-15 05:15:23,684 INFO spoon.Launcher - Step filter CtClass only) spoon.support.reflect.reference.CtPackageReferenceImpl cannot be cast to spoon.reflect.declaration.CtClass
Parameter 1) CtPackageReferenceImpl: spoon.test.filters.testclasses
2020-03-15 05:15:23,684 INFO spoon.Launcher - Step filter CtClass only) spoon.support.reflect.declaration.CtMethodImpl cannot be cast to spoon.reflect.declaration.CtClass
Parameter 1) CtMethodImpl: @java.lang.Override
public void prepare() {
    super.prepare();
}
2020-03-15 05:15:23,684 INFO spoon.Launcher - Step filter CtClass only) spoon.support.reflect.declaration.CtAnnotationImpl cannot be cast to spoon.reflect.declaration.CtClass
Parameter 1) CtAnnotationImpl: @java.lang.Override

2020-03-15 05:15:23,685 INFO spoon.Launcher - Step filter CtClass only) spoon.support.reflect.reference.CtTypeReferenceImpl cannot be cast to spoon.reflect.declaration.CtClass
Parameter 1) CtTypeReferenceImpl: java.lang.Override
2020-03-15 05:15:23,685 INFO spoon.Launcher - Step filter CtClass only) spoon.support.reflect.reference.CtPackageReferenceImpl cannot be cast to spoon.reflect.declaration.CtClass
Parameter 1) CtPackageReferenceImpl: java.lang
2020-03-15 05:15:23,685 INFO spoon.Launcher - Step filter CtClass only) spoon.support.reflect.reference.CtTypeReferenceImpl cannot be cast to spoon.reflect.declaration.CtClass
Parameter 1) CtTypeReferenceImpl: java.lang.Override
2020-03-15 05:15:23,685 INFO spoon.Launcher - Step filter CtClass only) spoon.support.reflect.reference.CtPackageReferenceImpl cannot be cast to spoon.reflect.declaration.CtClass
Parameter 1) CtPackageReferenceImpl: java.lang
2020-03-15 05:15:23,685 INFO spoon.Launcher - Step filter CtClass only) spoon.support.reflect.reference.CtTypeReferenceImpl cannot be cast to spoon.reflect.declaration.CtClass
Parameter 1) CtTypeReferenceImpl: void
2020-03-15 05:15:23,686 INFO spoon.Launcher - Step filter CtClass only) spoon.support.reflect.code.CtBlockImpl cannot be cast to spoon.reflect.declaration.CtClass
Parameter 1) CtBlockImpl: {
    super.prepare();
}
2020-03-15 05:15:23,686 INFO spoon.Launcher - Step filter CtClass only) spoon.support.reflect.code.CtInvocationImpl cannot be cast to spoon.reflect.declaration.CtClass
Parameter 1) CtInvocationImpl: super.prepare()
2020-03-15 05:15:23,686 INFO spoon.Launcher - Step filter CtClass only) spoon.support.reflect.code.CtSuperAccessImpl cannot be cast to spoon.reflect.declaration.CtClass
Parameter 1) CtSuperAccessImpl: super
2020-03-15 05:15:23,686 INFO spoon.Launcher - Step filter CtClass only) spoon.support.reflect.reference.CtLocalVariableReferenceImpl cannot be cast to spoon.reflect.declaration.CtClass
Parameter 1) CtLocalVariableReferenceImpl: 
2020-03-15 05:15:23,687 INFO spoon.Launcher - Step filter CtClass only) spoon.support.reflect.reference.CtExecutableReferenceImpl cannot be cast to spoon.reflect.declaration.CtClass
Parameter 1) CtExecutableReferenceImpl: spoon.test.filters.testclasses.Tostada#prepare()
2020-03-15 05:15:23,687 INFO spoon.Launcher - Step filter CtClass only) spoon.support.reflect.reference.CtTypeReferenceImpl cannot be cast to spoon.reflect.declaration.CtClass
Parameter 1) CtTypeReferenceImpl: spoon.test.filters.testclasses.Tostada
2020-03-15 05:15:23,687 INFO spoon.Launcher - Step filter CtClass only) spoon.support.reflect.reference.CtPackageReferenceImpl cannot be cast to spoon.reflect.declaration.CtClass
Parameter 1) CtPackageReferenceImpl: spoon.test.filters.testclasses
2020-03-15 05:15:23,687 INFO spoon.Launcher - Step filter CtClass only) spoon.support.reflect.reference.CtTypeReferenceImpl cannot be cast to spoon.reflect.declaration.CtClass
Parameter 1) CtTypeReferenceImpl: void
2020-03-15 05:15:23,688 INFO spoon.Launcher - Step filter CtClass only) spoon.support.reflect.declaration.CtMethodImpl cannot be cast to spoon.reflect.declaration.CtClass
Parameter 1) CtMethodImpl: @java.lang.Override
public spoon.test.filters.testclasses.ITostada make() {
    return super.make();
}
2020-03-15 05:15:23,688 INFO spoon.Launcher - Step filter CtClass only) spoon.support.reflect.declaration.CtAnnotationImpl cannot be cast to spoon.reflect.declaration.CtClass
Parameter 1) CtAnnotationImpl: @java.lang.Override

2020-03-15 05:15:23,688 INFO spoon.Launcher - Step filter CtClass only) spoon.support.reflect.reference.CtTypeReferenceImpl cannot be cast to spoon.reflect.declaration.CtClass
Parameter 1) CtTypeReferenceImpl: java.lang.Override
2020-03-15 05:15:23,688 INFO spoon.Launcher - Step filter CtClass only) spoon.support.reflect.reference.CtPackageReferenceImpl cannot be cast to spoon.reflect.declaration.CtClass
Parameter 1) CtPackageReferenceImpl: java.lang
2020-03-15 05:15:23,689 INFO spoon.Launcher - Step filter CtClass only) spoon.support.reflect.reference.CtTypeReferenceImpl cannot be cast to spoon.reflect.declaration.CtClass
Parameter 1) CtTypeReferenceImpl: java.lang.Override
2020-03-15 05:15:23,689 INFO spoon.Launcher - Step filter CtClass only) spoon.support.reflect.reference.CtPackageReferenceImpl cannot be cast to spoon.reflect.declaration.CtClass
Parameter 1) CtPackageReferenceImpl: java.lang
2020-03-15 05:15:23,689 INFO spoon.Launcher - Step filter CtClass only) spoon.support.reflect.reference.CtTypeReferenceImpl cannot be cast to spoon.reflect.declaration.CtClass
Parameter 1) CtTypeReferenceImpl: spoon.test.filters.testclasses.ITostada
2020-03-15 05:15:23,689 INFO spoon.Launcher - Step filter CtClass only) spoon.support.reflect.reference.CtPackageReferenceImpl cannot be cast to spoon.reflect.declaration.CtClass
Parameter 1) CtPackageReferenceImpl: spoon.test.filters.testclasses
2020-03-15 05:15:23,689 INFO spoon.Launcher - Step filter CtClass only) spoon.support.reflect.code.CtBlockImpl cannot be cast to spoon.reflect.declaration.CtClass
Parameter 1) CtBlockImpl: {
    return super.make();
}
2020-03-15 05:15:23,690 INFO spoon.Launcher - Step filter CtClass only) spoon.support.reflect.code.CtReturnImpl cannot be cast to spoon.reflect.declaration.CtClass
Parameter 1) CtReturnImpl: return super.make()
2020-03-15 05:15:23,690 INFO spoon.Launcher - Step filter CtClass only) spoon.support.reflect.code.CtInvocationImpl cannot be cast to spoon.reflect.declaration.CtClass
Parameter 1) CtInvocationImpl: super.make()
2020-03-15 05:15:23,690 INFO spoon.Launcher - Step filter CtClass only) spoon.support.reflect.code.CtSuperAccessImpl cannot be cast to spoon.reflect.declaration.CtClass
Parameter 1) CtSuperAccessImpl: super
2020-03-15 05:15:23,691 INFO spoon.Launcher - Step filter CtClass only) spoon.support.reflect.reference.CtLocalVariableReferenceImpl cannot be cast to spoon.reflect.declaration.CtClass
Parameter 1) CtLocalVariableReferenceImpl: 
2020-03-15 05:15:23,691 INFO spoon.Launcher - Step filter CtClass only) spoon.support.reflect.reference.CtExecutableReferenceImpl cannot be cast to spoon.reflect.declaration.CtClass
Parameter 1) CtExecutableReferenceImpl: spoon.test.filters.testclasses.Tostada#make()
2020-03-15 05:15:23,691 INFO spoon.Launcher - Step filter CtClass only) spoon.support.reflect.reference.CtTypeReferenceImpl cannot be cast to spoon.reflect.declaration.CtClass
Parameter 1) CtTypeReferenceImpl: spoon.test.filters.testclasses.Tostada
2020-03-15 05:15:23,691 INFO spoon.Launcher - Step filter CtClass only) spoon.support.reflect.reference.CtPackageReferenceImpl cannot be cast to spoon.reflect.declaration.CtClass
Parameter 1) CtPackageReferenceImpl: spoon.test.filters.testclasses
2020-03-15 05:15:23,692 INFO spoon.Launcher - Step filter CtClass only) spoon.support.reflect.reference.CtTypeReferenceImpl cannot be cast to spoon.reflect.declaration.CtClass
Parameter 1) CtTypeReferenceImpl: spoon.test.filters.testclasses.ITostada
2020-03-15 05:15:23,692 INFO spoon.Launcher - Step filter CtClass only) spoon.support.reflect.reference.CtPackageReferenceImpl cannot be cast to spoon.reflect.declaration.CtClass
Parameter 1) CtPackageReferenceImpl: spoon.test.filters.testclasses
2020-03-15 05:15:23,692 INFO spoon.Launcher - Step filter CtClass only) spoon.support.reflect.declaration.CtMethodImpl cannot be cast to spoon.reflect.declaration.CtClass
Parameter 1) CtMethodImpl: public abstract void prepare();
2020-03-15 05:15:23,692 INFO spoon.Launcher - Step filter CtClass only) spoon.support.reflect.reference.CtTypeReferenceImpl cannot be cast to spoon.reflect.declaration.CtClass
Parameter 1) CtTypeReferenceImpl: void
2020-03-15 05:15:23,693 INFO spoon.Launcher - Step super interfaces) received
Parameter 1) CtClassImpl: public class Antojito extends spoon.test.filters.testclasses.AbstractTostada {
    @java.lang.Override
    public void prepare() {
        java.lang.System.out.println("Antojito");
    }

    public void prepare(java.lang.String ingredient) {
    }
}
2020-03-15 05:15:23,693 INFO spoon.Launcher - Step filter CtClass only) spoon.support.reflect.reference.CtTypeReferenceImpl cannot be cast to spoon.reflect.declaration.CtClass
Parameter 1) CtTypeReferenceImpl: spoon.test.filters.testclasses.AbstractTostada
2020-03-15 05:15:23,693 INFO spoon.Launcher - Step filter CtClass only) spoon.support.reflect.reference.CtPackageReferenceImpl cannot be cast to spoon.reflect.declaration.CtClass
Parameter 1) CtPackageReferenceImpl: spoon.test.filters.testclasses
2020-03-15 05:15:23,694 INFO spoon.Launcher - Step filter CtClass only) spoon.support.reflect.declaration.CtConstructorImpl cannot be cast to spoon.reflect.declaration.CtClass
Parameter 1) CtConstructorImpl: public Antojito() {
}
2020-03-15 05:15:23,694 INFO spoon.Launcher - Step filter CtClass only) spoon.support.reflect.code.CtBlockImpl cannot be cast to spoon.reflect.declaration.CtClass
Parameter 1) CtBlockImpl: {
}
2020-03-15 05:15:23,694 INFO spoon.Launcher - Step filter CtClass only) spoon.support.reflect.code.CtInvocationImpl cannot be cast to spoon.reflect.declaration.CtClass
Parameter 1) CtInvocationImpl: super()
2020-03-15 05:15:23,694 INFO spoon.Launcher - Step filter CtClass only) spoon.support.reflect.reference.CtExecutableReferenceImpl cannot be cast to spoon.reflect.declaration.CtClass
Parameter 1) CtExecutableReferenceImpl: spoon.test.filters.testclasses.AbstractTostada#AbstractTostada()
2020-03-15 05:15:23,695 INFO spoon.Launcher - Step filter CtClass only) spoon.support.reflect.reference.CtTypeReferenceImpl cannot be cast to spoon.reflect.declaration.CtClass
Parameter 1) CtTypeReferenceImpl: spoon.test.filters.testclasses.AbstractTostada
2020-03-15 05:15:23,695 INFO spoon.Launcher - Step filter CtClass only) spoon.support.reflect.reference.CtPackageReferenceImpl cannot be cast to spoon.reflect.declaration.CtClass
Parameter 1) CtPackageReferenceImpl: spoon.test.filters.testclasses
2020-03-15 05:15:23,695 INFO spoon.Launcher - Step filter CtClass only) spoon.support.reflect.reference.CtTypeReferenceImpl cannot be cast to spoon.reflect.declaration.CtClass
Parameter 1) CtTypeReferenceImpl: spoon.test.filters.testclasses.AbstractTostada
2020-03-15 05:15:23,695 INFO spoon.Launcher - Step filter CtClass only) spoon.support.reflect.reference.CtPackageReferenceImpl cannot be cast to spoon.reflect.declaration.CtClass
Parameter 1) CtPackageReferenceImpl: spoon.test.filters.testclasses
2020-03-15 05:15:23,696 INFO spoon.Launcher - Step filter CtClass only) spoon.support.reflect.declaration.CtMethodImpl cannot be cast to spoon.reflect.declaration.CtClass
Parameter 1) CtMethodImpl: @java.lang.Override
public void prepare() {
    java.lang.System.out.println("Antojito");
}
2020-03-15 05:15:23,696 INFO spoon.Launcher - Step filter CtClass only) spoon.support.reflect.declaration.CtAnnotationImpl cannot be cast to spoon.reflect.declaration.CtClass
Parameter 1) CtAnnotationImpl: @java.lang.Override

2020-03-15 05:15:23,696 INFO spoon.Launcher - Step filter CtClass only) spoon.support.reflect.reference.CtTypeReferenceImpl cannot be cast to spoon.reflect.declaration.CtClass
Parameter 1) CtTypeReferenceImpl: java.lang.Override
2020-03-15 05:15:23,696 INFO spoon.Launcher - Step filter CtClass only) spoon.support.reflect.reference.CtPackageReferenceImpl cannot be cast to spoon.reflect.declaration.CtClass
Parameter 1) CtPackageReferenceImpl: java.lang
2020-03-15 05:15:23,697 INFO spoon.Launcher - Step filter CtClass only) spoon.support.reflect.reference.CtTypeReferenceImpl cannot be cast to spoon.reflect.declaration.CtClass
Parameter 1) CtTypeReferenceImpl: java.lang.Override
2020-03-15 05:15:23,697 INFO spoon.Launcher - Step filter CtClass only) spoon.support.reflect.reference.CtPackageReferenceImpl cannot be cast to spoon.reflect.declaration.CtClass
Parameter 1) CtPackageReferenceImpl: java.lang
2020-03-15 05:15:23,697 INFO spoon.Launcher - Step filter CtClass only) spoon.support.reflect.reference.CtTypeReferenceImpl cannot be cast to spoon.reflect.declaration.CtClass
Parameter 1) CtTypeReferenceImpl: void
2020-03-15 05:15:23,697 INFO spoon.Launcher - Step filter CtClass only) spoon.support.reflect.code.CtBlockImpl cannot be cast to spoon.reflect.declaration.CtClass
Parameter 1) CtBlockImpl: {
    java.lang.System.out.println("Antojito");
}
2020-03-15 05:15:23,698 INFO spoon.Launcher - Step filter CtClass only) spoon.support.reflect.code.CtInvocationImpl cannot be cast to spoon.reflect.declaration.CtClass
Parameter 1) CtInvocationImpl: java.lang.System.out.println("Antojito")
2020-03-15 05:15:23,698 INFO spoon.Launcher - Step filter CtClass only) spoon.support.reflect.code.CtFieldReadImpl cannot be cast to spoon.reflect.declaration.CtClass
Parameter 1) CtFieldReadImpl: java.lang.System.out
2020-03-15 05:15:23,698 INFO spoon.Launcher - Step filter CtClass only) spoon.support.reflect.code.CtTypeAccessImpl cannot be cast to spoon.reflect.declaration.CtClass
Parameter 1) CtTypeAccessImpl: java.lang.System
2020-03-15 05:15:23,698 INFO spoon.Launcher - Step filter CtClass only) spoon.support.reflect.reference.CtTypeReferenceImpl cannot be cast to spoon.reflect.declaration.CtClass
Parameter 1) CtTypeReferenceImpl: java.lang.System
2020-03-15 05:15:23,698 INFO spoon.Launcher - Step filter CtClass only) spoon.support.reflect.reference.CtPackageReferenceImpl cannot be cast to spoon.reflect.declaration.CtClass
Parameter 1) CtPackageReferenceImpl: java.lang
2020-03-15 05:15:23,699 INFO spoon.Launcher - Step filter CtClass only) spoon.support.reflect.reference.CtFieldReferenceImpl cannot be cast to spoon.reflect.declaration.CtClass
Parameter 1) CtFieldReferenceImpl: java.lang.System.out
2020-03-15 05:15:23,699 INFO spoon.Launcher - Step filter CtClass only) spoon.support.reflect.reference.CtTypeReferenceImpl cannot be cast to spoon.reflect.declaration.CtClass
Parameter 1) CtTypeReferenceImpl: java.lang.System
2020-03-15 05:15:23,699 INFO spoon.Launcher - Step filter CtClass only) spoon.support.reflect.reference.CtPackageReferenceImpl cannot be cast to spoon.reflect.declaration.CtClass
Parameter 1) CtPackageReferenceImpl: java.lang
2020-03-15 05:15:23,699 INFO spoon.Launcher - Step filter CtClass only) spoon.support.reflect.reference.CtTypeReferenceImpl cannot be cast to spoon.reflect.declaration.CtClass
Parameter 1) CtTypeReferenceImpl: java.io.PrintStream
2020-03-15 05:15:23,700 INFO spoon.Launcher - Step filter CtClass only) spoon.support.reflect.reference.CtPackageReferenceImpl cannot be cast to spoon.reflect.declaration.CtClass
Parameter 1) CtPackageReferenceImpl: java.io
2020-03-15 05:15:23,700 INFO spoon.Launcher - Step filter CtClass only) spoon.support.reflect.reference.CtExecutableReferenceImpl cannot be cast to spoon.reflect.declaration.CtClass
Parameter 1) CtExecutableReferenceImpl: java.io.PrintStream#println(java.lang.String)
2020-03-15 05:15:23,700 INFO spoon.Launcher - Step filter CtClass only) spoon.support.reflect.reference.CtTypeReferenceImpl cannot be cast to spoon.reflect.declaration.CtClass
Parameter 1) CtTypeReferenceImpl: java.io.PrintStream
2020-03-15 05:15:23,700 INFO spoon.Launcher - Step filter CtClass only) spoon.support.reflect.reference.CtPackageReferenceImpl cannot be cast to spoon.reflect.declaration.CtClass
Parameter 1) CtPackageReferenceImpl: java.io
2020-03-15 05:15:23,701 INFO spoon.Launcher - Step filter CtClass only) spoon.support.reflect.reference.CtTypeReferenceImpl cannot be cast to spoon.reflect.declaration.CtClass
Parameter 1) CtTypeReferenceImpl: void
2020-03-15 05:15:23,701 INFO spoon.Launcher - Step filter CtClass only) spoon.support.reflect.reference.CtTypeReferenceImpl cannot be cast to spoon.reflect.declaration.CtClass
Parameter 1) CtTypeReferenceImpl: java.lang.String
2020-03-15 05:15:23,701 INFO spoon.Launcher - Step filter CtClass only) spoon.support.reflect.reference.CtPackageReferenceImpl cannot be cast to spoon.reflect.declaration.CtClass
Parameter 1) CtPackageReferenceImpl: java.lang
2020-03-15 05:15:23,701 INFO spoon.Launcher - Step filter CtClass only) spoon.support.reflect.code.CtLiteralImpl cannot be cast to spoon.reflect.declaration.CtClass
Parameter 1) CtLiteralImpl: "Antojito"
2020-03-15 05:15:23,701 INFO spoon.Launcher - Step filter CtClass only) spoon.support.reflect.reference.CtTypeReferenceImpl cannot be cast to spoon.reflect.declaration.CtClass
Parameter 1) CtTypeReferenceImpl: java.lang.String
2020-03-15 05:15:23,702 INFO spoon.Launcher - Step filter CtClass only) spoon.support.reflect.reference.CtPackageReferenceImpl cannot be cast to spoon.reflect.declaration.CtClass
Parameter 1) CtPackageReferenceImpl: java.lang
2020-03-15 05:15:23,702 INFO spoon.Launcher - Step filter CtClass only) spoon.support.reflect.declaration.CtMethodImpl cannot be cast to spoon.reflect.declaration.CtClass
Parameter 1) CtMethodImpl: public void prepare(java.lang.String ingredient) {
}
2020-03-15 05:15:23,702 INFO spoon.Launcher - Step filter CtClass only) spoon.support.reflect.reference.CtTypeReferenceImpl cannot be cast to spoon.reflect.declaration.CtClass
Parameter 1) CtTypeReferenceImpl: void
2020-03-15 05:15:23,702 INFO spoon.Launcher - Step filter CtClass only) spoon.support.reflect.declaration.CtParameterImpl cannot be cast to spoon.reflect.declaration.CtClass
Parameter 1) CtParameterImpl: java.lang.String ingredient
2020-03-15 05:15:23,703 INFO spoon.Launcher - Step filter CtClass only) spoon.support.reflect.reference.CtTypeReferenceImpl cannot be cast to spoon.reflect.declaration.CtClass
Parameter 1) CtTypeReferenceImpl: java.lang.String
2020-03-15 05:15:23,703 INFO spoon.Launcher - Step filter CtClass only) spoon.support.reflect.reference.CtPackageReferenceImpl cannot be cast to spoon.reflect.declaration.CtClass
Parameter 1) CtPackageReferenceImpl: java.lang
2020-03-15 05:15:23,703 INFO spoon.Launcher - Step filter CtClass only) spoon.support.reflect.code.CtBlockImpl cannot be cast to spoon.reflect.declaration.CtClass
Parameter 1) CtBlockImpl: {
}
2020-03-15 05:15:23,704 INFO spoon.Launcher - Step super interfaces) received
Parameter 1) CtClassImpl: public class FieldAccessFilterTacos extends java.util.ArrayList {
    private int myfield = 0;

    FieldAccessFilterTacos() {
        super();
        this.myfield = 0;
    }

    public void m() {
        myfield = super.size();
        java.lang.Object o = super.get(myfield);
    }
}
2020-03-15 05:15:23,704 INFO spoon.Launcher - Step filter CtClass only) spoon.support.reflect.reference.CtTypeReferenceImpl cannot be cast to spoon.reflect.declaration.CtClass
Parameter 1) CtTypeReferenceImpl: java.util.ArrayList
2020-03-15 05:15:23,704 INFO spoon.Launcher - Step filter CtClass only) spoon.support.reflect.reference.CtPackageReferenceImpl cannot be cast to spoon.reflect.declaration.CtClass
Parameter 1) CtPackageReferenceImpl: java.util
2020-03-15 05:15:23,704 INFO spoon.Launcher - Step filter CtClass only) spoon.support.reflect.declaration.CtFieldImpl cannot be cast to spoon.reflect.declaration.CtClass
Parameter 1) CtFieldImpl: private int myfield = 0;
2020-03-15 05:15:23,705 INFO spoon.Launcher - Step filter CtClass only) spoon.support.reflect.reference.CtTypeReferenceImpl cannot be cast to spoon.reflect.declaration.CtClass
Parameter 1) CtTypeReferenceImpl: int
2020-03-15 05:15:23,705 INFO spoon.Launcher - Step filter CtClass only) spoon.support.reflect.code.CtLiteralImpl cannot be cast to spoon.reflect.declaration.CtClass
Parameter 1) CtLiteralImpl: 0
2020-03-15 05:15:23,705 INFO spoon.Launcher - Step filter CtClass only) spoon.support.reflect.reference.CtTypeReferenceImpl cannot be cast to spoon.reflect.declaration.CtClass
Parameter 1) CtTypeReferenceImpl: int
2020-03-15 05:15:23,705 INFO spoon.Launcher - Step filter CtClass only) spoon.support.reflect.declaration.CtConstructorImpl cannot be cast to spoon.reflect.declaration.CtClass
Parameter 1) CtConstructorImpl: FieldAccessFilterTacos() {
    super();
    this.myfield = 0;
}
2020-03-15 05:15:23,706 INFO spoon.Launcher - Step filter CtClass only) spoon.support.reflect.code.CtBlockImpl cannot be cast to spoon.reflect.declaration.CtClass
Parameter 1) CtBlockImpl: {
    super();
    this.myfield = 0;
}
2020-03-15 05:15:23,706 INFO spoon.Launcher - Step filter CtClass only) spoon.support.reflect.code.CtInvocationImpl cannot be cast to spoon.reflect.declaration.CtClass
Parameter 1) CtInvocationImpl: super()
2020-03-15 05:15:23,706 INFO spoon.Launcher - Step filter CtClass only) spoon.support.reflect.reference.CtExecutableReferenceImpl cannot be cast to spoon.reflect.declaration.CtClass
Parameter 1) CtExecutableReferenceImpl: java.util.ArrayList#ArrayList()
2020-03-15 05:15:23,706 INFO spoon.Launcher - Step filter CtClass only) spoon.support.reflect.reference.CtTypeReferenceImpl cannot be cast to spoon.reflect.declaration.CtClass
Parameter 1) CtTypeReferenceImpl: java.util.ArrayList
2020-03-15 05:15:23,707 INFO spoon.Launcher - Step filter CtClass only) spoon.support.reflect.reference.CtPackageReferenceImpl cannot be cast to spoon.reflect.declaration.CtClass
Parameter 1) CtPackageReferenceImpl: java.util
2020-03-15 05:15:23,707 INFO spoon.Launcher - Step filter CtClass only) spoon.support.reflect.reference.CtTypeReferenceImpl cannot be cast to spoon.reflect.declaration.CtClass
Parameter 1) CtTypeReferenceImpl: java.util.ArrayList
2020-03-15 05:15:23,707 INFO spoon.Launcher - Step filter CtClass only) spoon.support.reflect.reference.CtPackageReferenceImpl cannot be cast to spoon.reflect.declaration.CtClass
Parameter 1) CtPackageReferenceImpl: java.util
2020-03-15 05:15:23,707 INFO spoon.Launcher - Step filter CtClass only) spoon.support.reflect.code.CtAssignmentImpl cannot be cast to spoon.reflect.declaration.CtClass
Parameter 1) CtAssignmentImpl: this.myfield = 0
2020-03-15 05:15:23,707 INFO spoon.Launcher - Step filter CtClass only) spoon.support.reflect.reference.CtTypeReferenceImpl cannot be cast to spoon.reflect.declaration.CtClass
Parameter 1) CtTypeReferenceImpl: int
2020-03-15 05:15:23,708 INFO spoon.Launcher - Step filter CtClass only) spoon.support.reflect.code.CtFieldWriteImpl cannot be cast to spoon.reflect.declaration.CtClass
Parameter 1) CtFieldWriteImpl: this.myfield
2020-03-15 05:15:23,708 INFO spoon.Launcher - Step filter CtClass only) spoon.support.reflect.code.CtThisAccessImpl cannot be cast to spoon.reflect.declaration.CtClass
Parameter 1) CtThisAccessImpl: this
2020-03-15 05:15:23,708 INFO spoon.Launcher - Step filter CtClass only) spoon.support.reflect.reference.CtTypeReferenceImpl cannot be cast to spoon.reflect.declaration.CtClass
Parameter 1) CtTypeReferenceImpl: spoon.test.filters.testclasses.FieldAccessFilterTacos
2020-03-15 05:15:23,708 INFO spoon.Launcher - Step filter CtClass only) spoon.support.reflect.reference.CtPackageReferenceImpl cannot be cast to spoon.reflect.declaration.CtClass
Parameter 1) CtPackageReferenceImpl: spoon.test.filters.testclasses
2020-03-15 05:15:23,709 INFO spoon.Launcher - Step filter CtClass only) spoon.support.reflect.code.CtTypeAccessImpl cannot be cast to spoon.reflect.declaration.CtClass
Parameter 1) CtTypeAccessImpl: spoon.test.filters.testclasses.FieldAccessFilterTacos
2020-03-15 05:15:23,709 INFO spoon.Launcher - Step filter CtClass only) spoon.support.reflect.reference.CtTypeReferenceImpl cannot be cast to spoon.reflect.declaration.CtClass
Parameter 1) CtTypeReferenceImpl: spoon.test.filters.testclasses.FieldAccessFilterTacos
2020-03-15 05:15:23,709 INFO spoon.Launcher - Step filter CtClass only) spoon.support.reflect.reference.CtPackageReferenceImpl cannot be cast to spoon.reflect.declaration.CtClass
Parameter 1) CtPackageReferenceImpl: spoon.test.filters.testclasses
2020-03-15 05:15:23,709 INFO spoon.Launcher - Step filter CtClass only) spoon.support.reflect.reference.CtFieldReferenceImpl cannot be cast to spoon.reflect.declaration.CtClass
Parameter 1) CtFieldReferenceImpl: myfield
2020-03-15 05:15:23,710 INFO spoon.Launcher - Step filter CtClass only) spoon.support.reflect.reference.CtTypeReferenceImpl cannot be cast to spoon.reflect.declaration.CtClass
Parameter 1) CtTypeReferenceImpl: spoon.test.filters.testclasses.FieldAccessFilterTacos
2020-03-15 05:15:23,710 INFO spoon.Launcher - Step filter CtClass only) spoon.support.reflect.reference.CtPackageReferenceImpl cannot be cast to spoon.reflect.declaration.CtClass
Parameter 1) CtPackageReferenceImpl: spoon.test.filters.testclasses
2020-03-15 05:15:23,710 INFO spoon.Launcher - Step filter CtClass only) spoon.support.reflect.reference.CtTypeReferenceImpl cannot be cast to spoon.reflect.declaration.CtClass
Parameter 1) CtTypeReferenceImpl: int
2020-03-15 05:15:23,710 INFO spoon.Launcher - Step filter CtClass only) spoon.support.reflect.code.CtLiteralImpl cannot be cast to spoon.reflect.declaration.CtClass
Parameter 1) CtLiteralImpl: 0
2020-03-15 05:15:23,710 INFO spoon.Launcher - Step filter CtClass only) spoon.support.reflect.reference.CtTypeReferenceImpl cannot be cast to spoon.reflect.declaration.CtClass
Parameter 1) CtTypeReferenceImpl: int
2020-03-15 05:15:23,711 INFO spoon.Launcher - Step filter CtClass only) spoon.support.reflect.declaration.CtMethodImpl cannot be cast to spoon.reflect.declaration.CtClass
Parameter 1) CtMethodImpl: public void m() {
    myfield = super.size();
    java.lang.Object o = super.get(myfield);
}
2020-03-15 05:15:23,711 INFO spoon.Launcher - Step filter CtClass only) spoon.support.reflect.reference.CtTypeReferenceImpl cannot be cast to spoon.reflect.declaration.CtClass
Parameter 1) CtTypeReferenceImpl: void
2020-03-15 05:15:23,711 INFO spoon.Launcher - Step filter CtClass only) spoon.support.reflect.code.CtBlockImpl cannot be cast to spoon.reflect.declaration.CtClass
Parameter 1) CtBlockImpl: {
    myfield = super.size();
    java.lang.Object o = super.get(myfield);
}
2020-03-15 05:15:23,712 INFO spoon.Launcher - Step filter CtClass only) spoon.support.reflect.code.CtAssignmentImpl cannot be cast to spoon.reflect.declaration.CtClass
Parameter 1) CtAssignmentImpl: myfield = super.size()
2020-03-15 05:15:23,712 INFO spoon.Launcher - Step filter CtClass only) spoon.support.reflect.reference.CtTypeReferenceImpl cannot be cast to spoon.reflect.declaration.CtClass
Parameter 1) CtTypeReferenceImpl: int
2020-03-15 05:15:23,712 INFO spoon.Launcher - Step filter CtClass only) spoon.support.reflect.code.CtFieldWriteImpl cannot be cast to spoon.reflect.declaration.CtClass
Parameter 1) CtFieldWriteImpl: myfield
2020-03-15 05:15:23,712 INFO spoon.Launcher - Step filter CtClass only) spoon.support.reflect.code.CtThisAccessImpl cannot be cast to spoon.reflect.declaration.CtClass
Parameter 1) CtThisAccessImpl: 
2020-03-15 05:15:23,713 INFO spoon.Launcher - Step filter CtClass only) spoon.support.reflect.reference.CtTypeReferenceImpl cannot be cast to spoon.reflect.declaration.CtClass
Parameter 1) CtTypeReferenceImpl: spoon.test.filters.testclasses.FieldAccessFilterTacos
2020-03-15 05:15:23,714 INFO spoon.Launcher - Step filter CtClass only) spoon.support.reflect.reference.CtPackageReferenceImpl cannot be cast to spoon.reflect.declaration.CtClass
Parameter 1) CtPackageReferenceImpl: spoon.test.filters.testclasses
2020-03-15 05:15:23,714 INFO spoon.Launcher - Step filter CtClass only) spoon.support.reflect.code.CtTypeAccessImpl cannot be cast to spoon.reflect.declaration.CtClass
Parameter 1) CtTypeAccessImpl: spoon.test.filters.testclasses.FieldAccessFilterTacos
2020-03-15 05:15:23,714 INFO spoon.Launcher - Step filter CtClass only) spoon.support.reflect.reference.CtTypeReferenceImpl cannot be cast to spoon.reflect.declaration.CtClass
Parameter 1) CtTypeReferenceImpl: spoon.test.filters.testclasses.FieldAccessFilterTacos
2020-03-15 05:15:23,714 INFO spoon.Launcher - Step filter CtClass only) spoon.support.reflect.reference.CtPackageReferenceImpl cannot be cast to spoon.reflect.declaration.CtClass
Parameter 1) CtPackageReferenceImpl: spoon.test.filters.testclasses
2020-03-15 05:15:23,715 INFO spoon.Launcher - Step filter CtClass only) spoon.support.reflect.reference.CtFieldReferenceImpl cannot be cast to spoon.reflect.declaration.CtClass
Parameter 1) CtFieldReferenceImpl: myfield
2020-03-15 05:15:23,715 INFO spoon.Launcher - Step filter CtClass only) spoon.support.reflect.reference.CtTypeReferenceImpl cannot be cast to spoon.reflect.declaration.CtClass
Parameter 1) CtTypeReferenceImpl: spoon.test.filters.testclasses.FieldAccessFilterTacos
2020-03-15 05:15:23,715 INFO spoon.Launcher - Step filter CtClass only) spoon.support.reflect.reference.CtPackageReferenceImpl cannot be cast to spoon.reflect.declaration.CtClass
Parameter 1) CtPackageReferenceImpl: spoon.test.filters.testclasses
2020-03-15 05:15:23,715 INFO spoon.Launcher - Step filter CtClass only) spoon.support.reflect.reference.CtTypeReferenceImpl cannot be cast to spoon.reflect.declaration.CtClass
Parameter 1) CtTypeReferenceImpl: int
2020-03-15 05:15:23,715 INFO spoon.Launcher - Step filter CtClass only) spoon.support.reflect.code.CtInvocationImpl cannot be cast to spoon.reflect.declaration.CtClass
Parameter 1) CtInvocationImpl: super.size()
2020-03-15 05:15:23,716 INFO spoon.Launcher - Step filter CtClass only) spoon.support.reflect.code.CtSuperAccessImpl cannot be cast to spoon.reflect.declaration.CtClass
Parameter 1) CtSuperAccessImpl: super
2020-03-15 05:15:23,716 INFO spoon.Launcher - Step filter CtClass only) spoon.support.reflect.reference.CtLocalVariableReferenceImpl cannot be cast to spoon.reflect.declaration.CtClass
Parameter 1) CtLocalVariableReferenceImpl: 
2020-03-15 05:15:23,716 INFO spoon.Launcher - Step filter CtClass only) spoon.support.reflect.reference.CtExecutableReferenceImpl cannot be cast to spoon.reflect.declaration.CtClass
Parameter 1) CtExecutableReferenceImpl: java.util.ArrayList#size()
2020-03-15 05:15:23,716 INFO spoon.Launcher - Step filter CtClass only) spoon.support.reflect.reference.CtTypeReferenceImpl cannot be cast to spoon.reflect.declaration.CtClass
Parameter 1) CtTypeReferenceImpl: java.util.ArrayList
2020-03-15 05:15:23,717 INFO spoon.Launcher - Step filter CtClass only) spoon.support.reflect.reference.CtPackageReferenceImpl cannot be cast to spoon.reflect.declaration.CtClass
Parameter 1) CtPackageReferenceImpl: java.util
2020-03-15 05:15:23,717 INFO spoon.Launcher - Step filter CtClass only) spoon.support.reflect.reference.CtTypeReferenceImpl cannot be cast to spoon.reflect.declaration.CtClass
Parameter 1) CtTypeReferenceImpl: int
2020-03-15 05:15:23,717 INFO spoon.Launcher - Step filter CtClass only) spoon.support.reflect.code.CtLocalVariableImpl cannot be cast to spoon.reflect.declaration.CtClass
Parameter 1) CtLocalVariableImpl: java.lang.Object o = super.get(myfield)
2020-03-15 05:15:23,717 INFO spoon.Launcher - Step filter CtClass only) spoon.support.reflect.reference.CtTypeReferenceImpl cannot be cast to spoon.reflect.declaration.CtClass
Parameter 1) CtTypeReferenceImpl: java.lang.Object
2020-03-15 05:15:23,718 INFO spoon.Launcher - Step filter CtClass only) spoon.support.reflect.reference.CtPackageReferenceImpl cannot be cast to spoon.reflect.declaration.CtClass
Parameter 1) CtPackageReferenceImpl: java.lang
2020-03-15 05:15:23,718 INFO spoon.Launcher - Step filter CtClass only) spoon.support.reflect.code.CtInvocationImpl cannot be cast to spoon.reflect.declaration.CtClass
Parameter 1) CtInvocationImpl: super.get(myfield)
2020-03-15 05:15:23,718 INFO spoon.Launcher - Step filter CtClass only) spoon.support.reflect.code.CtSuperAccessImpl cannot be cast to spoon.reflect.declaration.CtClass
Parameter 1) CtSuperAccessImpl: super
2020-03-15 05:15:23,718 INFO spoon.Launcher - Step filter CtClass only) spoon.support.reflect.reference.CtLocalVariableReferenceImpl cannot be cast to spoon.reflect.declaration.CtClass
Parameter 1) CtLocalVariableReferenceImpl: 
2020-03-15 05:15:23,719 INFO spoon.Launcher - Step filter CtClass only) spoon.support.reflect.reference.CtExecutableReferenceImpl cannot be cast to spoon.reflect.declaration.CtClass
Parameter 1) CtExecutableReferenceImpl: java.util.ArrayList#get(int)
2020-03-15 05:15:23,719 INFO spoon.Launcher - Step filter CtClass only) spoon.support.reflect.reference.CtTypeReferenceImpl cannot be cast to spoon.reflect.declaration.CtClass
Parameter 1) CtTypeReferenceImpl: java.util.ArrayList
2020-03-15 05:15:23,719 INFO spoon.Launcher - Step filter CtClass only) spoon.support.reflect.reference.CtPackageReferenceImpl cannot be cast to spoon.reflect.declaration.CtClass
Parameter 1) CtPackageReferenceImpl: java.util
2020-03-15 05:15:23,719 INFO spoon.Launcher - Step filter CtClass only) spoon.support.reflect.reference.CtTypeReferenceImpl cannot be cast to spoon.reflect.declaration.CtClass
Parameter 1) CtTypeReferenceImpl: java.lang.Object
2020-03-15 05:15:23,720 INFO spoon.Launcher - Step filter CtClass only) spoon.support.reflect.reference.CtPackageReferenceImpl cannot be cast to spoon.reflect.declaration.CtClass
Parameter 1) CtPackageReferenceImpl: java.lang
2020-03-15 05:15:23,720 INFO spoon.Launcher - Step filter CtClass only) spoon.support.reflect.reference.CtTypeReferenceImpl cannot be cast to spoon.reflect.declaration.CtClass
Parameter 1) CtTypeReferenceImpl: int
2020-03-15 05:15:23,720 INFO spoon.Launcher - Step filter CtClass only) spoon.support.reflect.code.CtFieldReadImpl cannot be cast to spoon.reflect.declaration.CtClass
Parameter 1) CtFieldReadImpl: myfield
2020-03-15 05:15:23,721 INFO spoon.Launcher - Step filter CtClass only) spoon.support.reflect.code.CtThisAccessImpl cannot be cast to spoon.reflect.declaration.CtClass
Parameter 1) CtThisAccessImpl: 
2020-03-15 05:15:23,721 INFO spoon.Launcher - Step filter CtClass only) spoon.support.reflect.reference.CtTypeReferenceImpl cannot be cast to spoon.reflect.declaration.CtClass
Parameter 1) CtTypeReferenceImpl: spoon.test.filters.testclasses.FieldAccessFilterTacos
2020-03-15 05:15:23,721 INFO spoon.Launcher - Step filter CtClass only) spoon.support.reflect.reference.CtPackageReferenceImpl cannot be cast to spoon.reflect.declaration.CtClass
Parameter 1) CtPackageReferenceImpl: spoon.test.filters.testclasses
2020-03-15 05:15:23,721 INFO spoon.Launcher - Step filter CtClass only) spoon.support.reflect.code.CtTypeAccessImpl cannot be cast to spoon.reflect.declaration.CtClass
Parameter 1) CtTypeAccessImpl: spoon.test.filters.testclasses.FieldAccessFilterTacos
2020-03-15 05:15:23,722 INFO spoon.Launcher - Step filter CtClass only) spoon.support.reflect.reference.CtTypeReferenceImpl cannot be cast to spoon.reflect.declaration.CtClass
Parameter 1) CtTypeReferenceImpl: spoon.test.filters.testclasses.FieldAccessFilterTacos
2020-03-15 05:15:23,722 INFO spoon.Launcher - Step filter CtClass only) spoon.support.reflect.reference.CtPackageReferenceImpl cannot be cast to spoon.reflect.declaration.CtClass
Parameter 1) CtPackageReferenceImpl: spoon.test.filters.testclasses
2020-03-15 05:15:23,722 INFO spoon.Launcher - Step filter CtClass only) spoon.support.reflect.reference.CtFieldReferenceImpl cannot be cast to spoon.reflect.declaration.CtClass
Parameter 1) CtFieldReferenceImpl: myfield
2020-03-15 05:15:23,722 INFO spoon.Launcher - Step filter CtClass only) spoon.support.reflect.reference.CtTypeReferenceImpl cannot be cast to spoon.reflect.declaration.CtClass
Parameter 1) CtTypeReferenceImpl: spoon.test.filters.testclasses.FieldAccessFilterTacos
2020-03-15 05:15:23,723 INFO spoon.Launcher - Step filter CtClass only) spoon.support.reflect.reference.CtPackageReferenceImpl cannot be cast to spoon.reflect.declaration.CtClass
Parameter 1) CtPackageReferenceImpl: spoon.test.filters.testclasses
2020-03-15 05:15:23,723 INFO spoon.Launcher - Step filter CtClass only) spoon.support.reflect.reference.CtTypeReferenceImpl cannot be cast to spoon.reflect.declaration.CtClass
Parameter 1) CtTypeReferenceImpl: int
2020-03-15 05:15:23,723 INFO spoon.Launcher - Step filter CtClass only) spoon.support.reflect.declaration.CtInterfaceImpl cannot be cast to spoon.reflect.declaration.CtClass
Parameter 1) CtInterfaceImpl: public interface ITostada {
    spoon.test.filters.testclasses.ITostada make();
}
2020-03-15 05:15:23,723 INFO spoon.Launcher - Step filter CtClass only) spoon.support.reflect.declaration.CtMethodImpl cannot be cast to spoon.reflect.declaration.CtClass
Parameter 1) CtMethodImpl: spoon.test.filters.testclasses.ITostada make();
2020-03-15 05:15:23,723 INFO spoon.Launcher - Step filter CtClass only) spoon.support.reflect.reference.CtTypeReferenceImpl cannot be cast to spoon.reflect.declaration.CtClass
Parameter 1) CtTypeReferenceImpl: spoon.test.filters.testclasses.ITostada
2020-03-15 05:15:23,724 INFO spoon.Launcher - Step filter CtClass only) spoon.support.reflect.reference.CtPackageReferenceImpl cannot be cast to spoon.reflect.declaration.CtClass
Parameter 1) CtPackageReferenceImpl: spoon.test.filters.testclasses
2020-03-15 05:15:23,724 INFO spoon.Launcher - Step super interfaces) received
Parameter 1) CtClassImpl: public class SubTostada extends spoon.test.filters.testclasses.Tostada {
    @java.lang.Override
    public void prepare() {
        java.lang.System.out.println("SubTostada");
        super.prepare();
    }
}
2020-03-15 05:15:23,724 INFO spoon.Launcher - Step filter CtClass only) spoon.support.reflect.reference.CtTypeReferenceImpl cannot be cast to spoon.reflect.declaration.CtClass
Parameter 1) CtTypeReferenceImpl: spoon.test.filters.testclasses.Tostada
2020-03-15 05:15:23,724 INFO spoon.Launcher - Step filter CtClass only) spoon.support.reflect.reference.CtPackageReferenceImpl cannot be cast to spoon.reflect.declaration.CtClass
Parameter 1) CtPackageReferenceImpl: spoon.test.filters.testclasses
2020-03-15 05:15:23,724 INFO spoon.Launcher - Step filter CtClass only) spoon.support.reflect.declaration.CtConstructorImpl cannot be cast to spoon.reflect.declaration.CtClass
Parameter 1) CtConstructorImpl: public SubTostada() {
}
2020-03-15 05:15:23,725 INFO spoon.Launcher - Step filter CtClass only) spoon.support.reflect.code.CtBlockImpl cannot be cast to spoon.reflect.declaration.CtClass
Parameter 1) CtBlockImpl: {
}
2020-03-15 05:15:23,725 INFO spoon.Launcher - Step filter CtClass only) spoon.support.reflect.code.CtInvocationImpl cannot be cast to spoon.reflect.declaration.CtClass
Parameter 1) CtInvocationImpl: super()
2020-03-15 05:15:23,725 INFO spoon.Launcher - Step filter CtClass only) spoon.support.reflect.reference.CtExecutableReferenceImpl cannot be cast to spoon.reflect.declaration.CtClass
Parameter 1) CtExecutableReferenceImpl: spoon.test.filters.testclasses.Tostada#Tostada()
2020-03-15 05:15:23,725 INFO spoon.Launcher - Step filter CtClass only) spoon.support.reflect.reference.CtTypeReferenceImpl cannot be cast to spoon.reflect.declaration.CtClass
Parameter 1) CtTypeReferenceImpl: spoon.test.filters.testclasses.Tostada
2020-03-15 05:15:23,725 INFO spoon.Launcher - Step filter CtClass only) spoon.support.reflect.reference.CtPackageReferenceImpl cannot be cast to spoon.reflect.declaration.CtClass
Parameter 1) CtPackageReferenceImpl: spoon.test.filters.testclasses
2020-03-15 05:15:23,725 INFO spoon.Launcher - Step filter CtClass only) spoon.support.reflect.reference.CtTypeReferenceImpl cannot be cast to spoon.reflect.declaration.CtClass
Parameter 1) CtTypeReferenceImpl: spoon.test.filters.testclasses.Tostada
2020-03-15 05:15:23,726 INFO spoon.Launcher - Step filter CtClass only) spoon.support.reflect.reference.CtPackageReferenceImpl cannot be cast to spoon.reflect.declaration.CtClass
Parameter 1) CtPackageReferenceImpl: spoon.test.filters.testclasses
2020-03-15 05:15:23,726 INFO spoon.Launcher - Step filter CtClass only) spoon.support.reflect.declaration.CtMethodImpl cannot be cast to spoon.reflect.declaration.CtClass
Parameter 1) CtMethodImpl: @java.lang.Override
public void prepare() {
    java.lang.System.out.println("SubTostada");
    super.prepare();
}
2020-03-15 05:15:23,726 INFO spoon.Launcher - Step filter CtClass only) spoon.support.reflect.declaration.CtAnnotationImpl cannot be cast to spoon.reflect.declaration.CtClass
Parameter 1) CtAnnotationImpl: @java.lang.Override

2020-03-15 05:15:23,726 INFO spoon.Launcher - Step filter CtClass only) spoon.support.reflect.reference.CtTypeReferenceImpl cannot be cast to spoon.reflect.declaration.CtClass
Parameter 1) CtTypeReferenceImpl: java.lang.Override
2020-03-15 05:15:23,726 INFO spoon.Launcher - Step filter CtClass only) spoon.support.reflect.reference.CtPackageReferenceImpl cannot be cast to spoon.reflect.declaration.CtClass
Parameter 1) CtPackageReferenceImpl: java.lang
2020-03-15 05:15:23,727 INFO spoon.Launcher - Step filter CtClass only) spoon.support.reflect.reference.CtTypeReferenceImpl cannot be cast to spoon.reflect.declaration.CtClass
Parameter 1) CtTypeReferenceImpl: java.lang.Override
2020-03-15 05:15:23,727 INFO spoon.Launcher - Step filter CtClass only) spoon.support.reflect.reference.CtPackageReferenceImpl cannot be cast to spoon.reflect.declaration.CtClass
Parameter 1) CtPackageReferenceImpl: java.lang
2020-03-15 05:15:23,727 INFO spoon.Launcher - Step filter CtClass only) spoon.support.reflect.reference.CtTypeReferenceImpl cannot be cast to spoon.reflect.declaration.CtClass
Parameter 1) CtTypeReferenceImpl: void
2020-03-15 05:15:23,727 INFO spoon.Launcher - Step filter CtClass only) spoon.support.reflect.code.CtBlockImpl cannot be cast to spoon.reflect.declaration.CtClass
Parameter 1) CtBlockImpl: {
    java.lang.System.out.println("SubTostada");
    super.prepare();
}
2020-03-15 05:15:23,727 INFO spoon.Launcher - Step filter CtClass only) spoon.support.reflect.code.CtInvocationImpl cannot be cast to spoon.reflect.declaration.CtClass
Parameter 1) CtInvocationImpl: java.lang.System.out.println("SubTostada")
2020-03-15 05:15:23,728 INFO spoon.Launcher - Step filter CtClass only) spoon.support.reflect.code.CtFieldReadImpl cannot be cast to spoon.reflect.declaration.CtClass
Parameter 1) CtFieldReadImpl: java.lang.System.out
2020-03-15 05:15:23,728 INFO spoon.Launcher - Step filter CtClass only) spoon.support.reflect.code.CtTypeAccessImpl cannot be cast to spoon.reflect.declaration.CtClass
Parameter 1) CtTypeAccessImpl: java.lang.System
2020-03-15 05:15:23,728 INFO spoon.Launcher - Step filter CtClass only) spoon.support.reflect.reference.CtTypeReferenceImpl cannot be cast to spoon.reflect.declaration.CtClass
Parameter 1) CtTypeReferenceImpl: java.lang.System
2020-03-15 05:15:23,728 INFO spoon.Launcher - Step filter CtClass only) spoon.support.reflect.reference.CtPackageReferenceImpl cannot be cast to spoon.reflect.declaration.CtClass
Parameter 1) CtPackageReferenceImpl: java.lang
2020-03-15 05:15:23,728 INFO spoon.Launcher - Step filter CtClass only) spoon.support.reflect.reference.CtFieldReferenceImpl cannot be cast to spoon.reflect.declaration.CtClass
Parameter 1) CtFieldReferenceImpl: java.lang.System.out
2020-03-15 05:15:23,729 INFO spoon.Launcher - Step filter CtClass only) spoon.support.reflect.reference.CtTypeReferenceImpl cannot be cast to spoon.reflect.declaration.CtClass
Parameter 1) CtTypeReferenceImpl: java.lang.System
2020-03-15 05:15:23,729 INFO spoon.Launcher - Step filter CtClass only) spoon.support.reflect.reference.CtPackageReferenceImpl cannot be cast to spoon.reflect.declaration.CtClass
Parameter 1) CtPackageReferenceImpl: java.lang
2020-03-15 05:15:23,729 INFO spoon.Launcher - Step filter CtClass only) spoon.support.reflect.reference.CtTypeReferenceImpl cannot be cast to spoon.reflect.declaration.CtClass
Parameter 1) CtTypeReferenceImpl: java.io.PrintStream
2020-03-15 05:15:23,729 INFO spoon.Launcher - Step filter CtClass only) spoon.support.reflect.reference.CtPackageReferenceImpl cannot be cast to spoon.reflect.declaration.CtClass
Parameter 1) CtPackageReferenceImpl: java.io
2020-03-15 05:15:23,729 INFO spoon.Launcher - Step filter CtClass only) spoon.support.reflect.reference.CtExecutableReferenceImpl cannot be cast to spoon.reflect.declaration.CtClass
Parameter 1) CtExecutableReferenceImpl: java.io.PrintStream#println(java.lang.String)
2020-03-15 05:15:23,730 INFO spoon.Launcher - Step filter CtClass only) spoon.support.reflect.reference.CtTypeReferenceImpl cannot be cast to spoon.reflect.declaration.CtClass
Parameter 1) CtTypeReferenceImpl: java.io.PrintStream
2020-03-15 05:15:23,730 INFO spoon.Launcher - Step filter CtClass only) spoon.support.reflect.reference.CtPackageReferenceImpl cannot be cast to spoon.reflect.declaration.CtClass
Parameter 1) CtPackageReferenceImpl: java.io
2020-03-15 05:15:23,730 INFO spoon.Launcher - Step filter CtClass only) spoon.support.reflect.reference.CtTypeReferenceImpl cannot be cast to spoon.reflect.declaration.CtClass
Parameter 1) CtTypeReferenceImpl: void
2020-03-15 05:15:23,730 INFO spoon.Launcher - Step filter CtClass only) spoon.support.reflect.reference.CtTypeReferenceImpl cannot be cast to spoon.reflect.declaration.CtClass
Parameter 1) CtTypeReferenceImpl: java.lang.String
2020-03-15 05:15:23,730 INFO spoon.Launcher - Step filter CtClass only) spoon.support.reflect.reference.CtPackageReferenceImpl cannot be cast to spoon.reflect.declaration.CtClass
Parameter 1) CtPackageReferenceImpl: java.lang
2020-03-15 05:15:23,731 INFO spoon.Launcher - Step filter CtClass only) spoon.support.reflect.code.CtLiteralImpl cannot be cast to spoon.reflect.declaration.CtClass
Parameter 1) CtLiteralImpl: "SubTostada"
2020-03-15 05:15:23,731 INFO spoon.Launcher - Step filter CtClass only) spoon.support.reflect.reference.CtTypeReferenceImpl cannot be cast to spoon.reflect.declaration.CtClass
Parameter 1) CtTypeReferenceImpl: java.lang.String
2020-03-15 05:15:23,731 INFO spoon.Launcher - Step filter CtClass only) spoon.support.reflect.reference.CtPackageReferenceImpl cannot be cast to spoon.reflect.declaration.CtClass
Parameter 1) CtPackageReferenceImpl: java.lang
2020-03-15 05:15:23,731 INFO spoon.Launcher - Step filter CtClass only) spoon.support.reflect.code.CtInvocationImpl cannot be cast to spoon.reflect.declaration.CtClass
Parameter 1) CtInvocationImpl: super.prepare()
2020-03-15 05:15:23,732 INFO spoon.Launcher - Step filter CtClass only) spoon.support.reflect.code.CtSuperAccessImpl cannot be cast to spoon.reflect.declaration.CtClass
Parameter 1) CtSuperAccessImpl: super
2020-03-15 05:15:23,732 INFO spoon.Launcher - Step filter CtClass only) spoon.support.reflect.reference.CtLocalVariableReferenceImpl cannot be cast to spoon.reflect.declaration.CtClass
Parameter 1) CtLocalVariableReferenceImpl: 
2020-03-15 05:15:23,732 INFO spoon.Launcher - Step filter CtClass only) spoon.support.reflect.reference.CtExecutableReferenceImpl cannot be cast to spoon.reflect.declaration.CtClass
Parameter 1) CtExecutableReferenceImpl: spoon.test.filters.testclasses.Tostada#prepare()
2020-03-15 05:15:23,732 INFO spoon.Launcher - Step filter CtClass only) spoon.support.reflect.reference.CtTypeReferenceImpl cannot be cast to spoon.reflect.declaration.CtClass
Parameter 1) CtTypeReferenceImpl: spoon.test.filters.testclasses.Tostada
2020-03-15 05:15:23,732 INFO spoon.Launcher - Step filter CtClass only) spoon.support.reflect.reference.CtPackageReferenceImpl cannot be cast to spoon.reflect.declaration.CtClass
Parameter 1) CtPackageReferenceImpl: spoon.test.filters.testclasses
2020-03-15 05:15:23,733 INFO spoon.Launcher - Step filter CtClass only) spoon.support.reflect.reference.CtTypeReferenceImpl cannot be cast to spoon.reflect.declaration.CtClass
Parameter 1) CtTypeReferenceImpl: void
2020-03-15 05:15:23,733 INFO spoon.Launcher - Step super interfaces) received
Parameter 1) CtClassImpl: public class Tacos implements spoon.test.filters.testclasses.ITostada {
    @java.lang.Override
    public spoon.test.filters.testclasses.ITostada make() {
        return null;
    }

    public void prepare() {
        final java.util.ArrayList<java.lang.String> strings = new java.util.ArrayList<java.lang.String>();
        strings.size();
    }
}
2020-03-15 05:15:23,733 INFO spoon.Launcher - Step 3) received
Parameter 1) CtTypeReferenceImpl: spoon.test.filters.testclasses.ITostada
2020-03-15 05:15:23,733 INFO spoon.Launcher - Step allMethods if interface) received
Parameter 1) CtInterfaceImpl: public interface ITostada {
    spoon.test.filters.testclasses.ITostada make();
}
2020-03-15 05:15:23,733 INFO spoon.Launcher - Step 5) received
Parameter 1) CtMethodImpl: spoon.test.filters.testclasses.ITostada make();
2020-03-15 05:15:23,734 INFO spoon.Launcher - Step 6) received
Parameter 1) CtMethodImpl: spoon.test.filters.testclasses.ITostada make();
2020-03-15 05:15:23,734 INFO spoon.Launcher - Step 7) received
Parameter 1) CtTypeReferenceImpl: spoon.test.filters.testclasses.ITostada
2020-03-15 05:15:23,734 INFO spoon.Launcher - Step outputConsumer) returning
Parameter 1) CtInterfaceImpl: public interface ITostada {
    spoon.test.filters.testclasses.ITostada make();
}
2020-03-15 05:15:23,734 INFO spoon.Launcher - Step filter CtClass only) spoon.support.reflect.reference.CtTypeReferenceImpl cannot be cast to spoon.reflect.declaration.CtClass
Parameter 1) CtTypeReferenceImpl: spoon.test.filters.testclasses.ITostada
2020-03-15 05:15:23,734 INFO spoon.Launcher - Step filter CtClass only) spoon.support.reflect.reference.CtPackageReferenceImpl cannot be cast to spoon.reflect.declaration.CtClass
Parameter 1) CtPackageReferenceImpl: spoon.test.filters.testclasses
2020-03-15 05:15:23,734 INFO spoon.Launcher - Step filter CtClass only) spoon.support.reflect.declaration.CtConstructorImpl cannot be cast to spoon.reflect.declaration.CtClass
Parameter 1) CtConstructorImpl: public Tacos() {
}
2020-03-15 05:15:23,735 INFO spoon.Launcher - Step filter CtClass only) spoon.support.reflect.code.CtBlockImpl cannot be cast to spoon.reflect.declaration.CtClass
Parameter 1) CtBlockImpl: {
}
2020-03-15 05:15:23,735 INFO spoon.Launcher - Step filter CtClass only) spoon.support.reflect.code.CtInvocationImpl cannot be cast to spoon.reflect.declaration.CtClass
Parameter 1) CtInvocationImpl: super()
2020-03-15 05:15:23,735 INFO spoon.Launcher - Step filter CtClass only) spoon.support.reflect.reference.CtExecutableReferenceImpl cannot be cast to spoon.reflect.declaration.CtClass
Parameter 1) CtExecutableReferenceImpl: java.lang.Object#Object()
2020-03-15 05:15:23,736 INFO spoon.Launcher - Step filter CtClass only) spoon.support.reflect.reference.CtTypeReferenceImpl cannot be cast to spoon.reflect.declaration.CtClass
Parameter 1) CtTypeReferenceImpl: java.lang.Object
2020-03-15 05:15:23,736 INFO spoon.Launcher - Step filter CtClass only) spoon.support.reflect.reference.CtPackageReferenceImpl cannot be cast to spoon.reflect.declaration.CtClass
Parameter 1) CtPackageReferenceImpl: java.lang
2020-03-15 05:15:23,737 INFO spoon.Launcher - Step filter CtClass only) spoon.support.reflect.reference.CtTypeReferenceImpl cannot be cast to spoon.reflect.declaration.CtClass
Parameter 1) CtTypeReferenceImpl: java.lang.Object
2020-03-15 05:15:23,737 INFO spoon.Launcher - Step filter CtClass only) spoon.support.reflect.reference.CtPackageReferenceImpl cannot be cast to spoon.reflect.declaration.CtClass
Parameter 1) CtPackageReferenceImpl: java.lang
2020-03-15 05:15:23,737 INFO spoon.Launcher - Step filter CtClass only) spoon.support.reflect.declaration.CtMethodImpl cannot be cast to spoon.reflect.declaration.CtClass
Parameter 1) CtMethodImpl: @java.lang.Override
public spoon.test.filters.testclasses.ITostada make() {
    return null;
}
2020-03-15 05:15:23,737 INFO spoon.Launcher - Step filter CtClass only) spoon.support.reflect.declaration.CtAnnotationImpl cannot be cast to spoon.reflect.declaration.CtClass
Parameter 1) CtAnnotationImpl: @java.lang.Override

2020-03-15 05:15:23,738 INFO spoon.Launcher - Step filter CtClass only) spoon.support.reflect.reference.CtTypeReferenceImpl cannot be cast to spoon.reflect.declaration.CtClass
Parameter 1) CtTypeReferenceImpl: java.lang.Override
2020-03-15 05:15:23,738 INFO spoon.Launcher - Step filter CtClass only) spoon.support.reflect.reference.CtPackageReferenceImpl cannot be cast to spoon.reflect.declaration.CtClass
Parameter 1) CtPackageReferenceImpl: java.lang
2020-03-15 05:15:23,738 INFO spoon.Launcher - Step filter CtClass only) spoon.support.reflect.reference.CtTypeReferenceImpl cannot be cast to spoon.reflect.declaration.CtClass
Parameter 1) CtTypeReferenceImpl: java.lang.Override
2020-03-15 05:15:23,739 INFO spoon.Launcher - Step filter CtClass only) spoon.support.reflect.reference.CtPackageReferenceImpl cannot be cast to spoon.reflect.declaration.CtClass
Parameter 1) CtPackageReferenceImpl: java.lang
2020-03-15 05:15:23,739 INFO spoon.Launcher - Step filter CtClass only) spoon.support.reflect.reference.CtTypeReferenceImpl cannot be cast to spoon.reflect.declaration.CtClass
Parameter 1) CtTypeReferenceImpl: spoon.test.filters.testclasses.ITostada
2020-03-15 05:15:23,739 INFO spoon.Launcher - Step filter CtClass only) spoon.support.reflect.reference.CtPackageReferenceImpl cannot be cast to spoon.reflect.declaration.CtClass
Parameter 1) CtPackageReferenceImpl: spoon.test.filters.testclasses
2020-03-15 05:15:23,740 INFO spoon.Launcher - Step filter CtClass only) spoon.support.reflect.code.CtBlockImpl cannot be cast to spoon.reflect.declaration.CtClass
Parameter 1) CtBlockImpl: {
    return null;
}
2020-03-15 05:15:23,740 INFO spoon.Launcher - Step filter CtClass only) spoon.support.reflect.code.CtReturnImpl cannot be cast to spoon.reflect.declaration.CtClass
Parameter 1) CtReturnImpl: return null
2020-03-15 05:15:23,740 INFO spoon.Launcher - Step filter CtClass only) spoon.support.reflect.code.CtLiteralImpl cannot be cast to spoon.reflect.declaration.CtClass
Parameter 1) CtLiteralImpl: null
2020-03-15 05:15:23,741 INFO spoon.Launcher - Step filter CtClass only) spoon.support.reflect.reference.CtTypeReferenceImpl cannot be cast to spoon.reflect.declaration.CtClass
Parameter 1) CtTypeReferenceImpl: <nulltype>
2020-03-15 05:15:23,741 INFO spoon.Launcher - Step filter CtClass only) spoon.support.reflect.declaration.CtMethodImpl cannot be cast to spoon.reflect.declaration.CtClass
Parameter 1) CtMethodImpl: public void prepare() {
    final java.util.ArrayList<java.lang.String> strings = new java.util.ArrayList<java.lang.String>();
    strings.size();
}
2020-03-15 05:15:23,741 INFO spoon.Launcher - Step filter CtClass only) spoon.support.reflect.reference.CtTypeReferenceImpl cannot be cast to spoon.reflect.declaration.CtClass
Parameter 1) CtTypeReferenceImpl: void
2020-03-15 05:15:23,742 INFO spoon.Launcher - Step filter CtClass only) spoon.support.reflect.code.CtBlockImpl cannot be cast to spoon.reflect.declaration.CtClass
Parameter 1) CtBlockImpl: {
    final java.util.ArrayList<java.lang.String> strings = new java.util.ArrayList<java.lang.String>();
    strings.size();
}
2020-03-15 05:15:23,742 INFO spoon.Launcher - Step filter CtClass only) spoon.support.reflect.code.CtLocalVariableImpl cannot be cast to spoon.reflect.declaration.CtClass
Parameter 1) CtLocalVariableImpl: final java.util.ArrayList<java.lang.String> strings = new java.util.ArrayList<java.lang.String>()
2020-03-15 05:15:23,742 INFO spoon.Launcher - Step filter CtClass only) spoon.support.reflect.reference.CtTypeReferenceImpl cannot be cast to spoon.reflect.declaration.CtClass
Parameter 1) CtTypeReferenceImpl: java.util.ArrayList<java.lang.String>
2020-03-15 05:15:23,743 INFO spoon.Launcher - Step filter CtClass only) spoon.support.reflect.reference.CtPackageReferenceImpl cannot be cast to spoon.reflect.declaration.CtClass
Parameter 1) CtPackageReferenceImpl: java.util
2020-03-15 05:15:23,743 INFO spoon.Launcher - Step filter CtClass only) spoon.support.reflect.reference.CtTypeReferenceImpl cannot be cast to spoon.reflect.declaration.CtClass
Parameter 1) CtTypeReferenceImpl: java.lang.String
2020-03-15 05:15:23,743 INFO spoon.Launcher - Step filter CtClass only) spoon.support.reflect.reference.CtPackageReferenceImpl cannot be cast to spoon.reflect.declaration.CtClass
Parameter 1) CtPackageReferenceImpl: java.lang
2020-03-15 05:15:23,744 INFO spoon.Launcher - Step filter CtClass only) spoon.support.reflect.code.CtConstructorCallImpl cannot be cast to spoon.reflect.declaration.CtClass
Parameter 1) CtConstructorCallImpl: new java.util.ArrayList<java.lang.String>()
2020-03-15 05:15:23,744 INFO spoon.Launcher - Step filter CtClass only) spoon.support.reflect.reference.CtExecutableReferenceImpl cannot be cast to spoon.reflect.declaration.CtClass
Parameter 1) CtExecutableReferenceImpl: java.util.ArrayList#ArrayList()
2020-03-15 05:15:23,744 INFO spoon.Launcher - Step filter CtClass only) spoon.support.reflect.reference.CtTypeReferenceImpl cannot be cast to spoon.reflect.declaration.CtClass
Parameter 1) CtTypeReferenceImpl: java.util.ArrayList
2020-03-15 05:15:23,745 INFO spoon.Launcher - Step filter CtClass only) spoon.support.reflect.reference.CtPackageReferenceImpl cannot be cast to spoon.reflect.declaration.CtClass
Parameter 1) CtPackageReferenceImpl: java.util
2020-03-15 05:15:23,745 INFO spoon.Launcher - Step filter CtClass only) spoon.support.reflect.reference.CtTypeReferenceImpl cannot be cast to spoon.reflect.declaration.CtClass
Parameter 1) CtTypeReferenceImpl: java.util.ArrayList<java.lang.String>
2020-03-15 05:15:23,745 INFO spoon.Launcher - Step filter CtClass only) spoon.support.reflect.reference.CtPackageReferenceImpl cannot be cast to spoon.reflect.declaration.CtClass
Parameter 1) CtPackageReferenceImpl: java.util
2020-03-15 05:15:23,745 INFO spoon.Launcher - Step filter CtClass only) spoon.support.reflect.reference.CtTypeReferenceImpl cannot be cast to spoon.reflect.declaration.CtClass
Parameter 1) CtTypeReferenceImpl: java.lang.String
2020-03-15 05:15:23,746 INFO spoon.Launcher - Step filter CtClass only) spoon.support.reflect.reference.CtPackageReferenceImpl cannot be cast to spoon.reflect.declaration.CtClass
Parameter 1) CtPackageReferenceImpl: java.lang
2020-03-15 05:15:23,746 INFO spoon.Launcher - Step filter CtClass only) spoon.support.reflect.code.CtInvocationImpl cannot be cast to spoon.reflect.declaration.CtClass
Parameter 1) CtInvocationImpl: strings.size()
2020-03-15 05:15:23,746 INFO spoon.Launcher - Step filter CtClass only) spoon.support.reflect.code.CtVariableReadImpl cannot be cast to spoon.reflect.declaration.CtClass
Parameter 1) CtVariableReadImpl: strings
2020-03-15 05:15:23,746 INFO spoon.Launcher - Step filter CtClass only) spoon.support.reflect.reference.CtLocalVariableReferenceImpl cannot be cast to spoon.reflect.declaration.CtClass
Parameter 1) CtLocalVariableReferenceImpl: strings
2020-03-15 05:15:23,747 INFO spoon.Launcher - Step filter CtClass only) spoon.support.reflect.reference.CtTypeReferenceImpl cannot be cast to spoon.reflect.declaration.CtClass
Parameter 1) CtTypeReferenceImpl: java.util.ArrayList<java.lang.String>
2020-03-15 05:15:23,747 INFO spoon.Launcher - Step filter CtClass only) spoon.support.reflect.reference.CtPackageReferenceImpl cannot be cast to spoon.reflect.declaration.CtClass
Parameter 1) CtPackageReferenceImpl: java.util
2020-03-15 05:15:23,747 INFO spoon.Launcher - Step filter CtClass only) spoon.support.reflect.reference.CtTypeReferenceImpl cannot be cast to spoon.reflect.declaration.CtClass
Parameter 1) CtTypeReferenceImpl: java.lang.String
2020-03-15 05:15:23,747 INFO spoon.Launcher - Step filter CtClass only) spoon.support.reflect.reference.CtPackageReferenceImpl cannot be cast to spoon.reflect.declaration.CtClass
Parameter 1) CtPackageReferenceImpl: java.lang
2020-03-15 05:15:23,747 INFO spoon.Launcher - Step filter CtClass only) spoon.support.reflect.reference.CtExecutableReferenceImpl cannot be cast to spoon.reflect.declaration.CtClass
Parameter 1) CtExecutableReferenceImpl: java.util.ArrayList#size()
2020-03-15 05:15:23,747 INFO spoon.Launcher - Step filter CtClass only) spoon.support.reflect.reference.CtTypeReferenceImpl cannot be cast to spoon.reflect.declaration.CtClass
Parameter 1) CtTypeReferenceImpl: java.util.ArrayList
2020-03-15 05:15:23,747 INFO spoon.Launcher - Step filter CtClass only) spoon.support.reflect.reference.CtPackageReferenceImpl cannot be cast to spoon.reflect.declaration.CtClass
Parameter 1) CtPackageReferenceImpl: java.util
2020-03-15 05:15:23,748 INFO spoon.Launcher - Step filter CtClass only) spoon.support.reflect.reference.CtTypeReferenceImpl cannot be cast to spoon.reflect.declaration.CtClass
Parameter 1) CtTypeReferenceImpl: int
2020-03-15 05:15:23,748 INFO spoon.Launcher - Step super interfaces) received
Parameter 1) CtClassImpl: public class Tostada extends spoon.test.filters.testclasses.AbstractTostada {
    @java.lang.Override
    public spoon.test.filters.testclasses.ITostada make() {
        return new spoon.test.filters.testclasses.Tostada() {
            @java.lang.Override
            public void prepare() {
                int a = 3;
                super.prepare();
            }
        };
    }

    @java.lang.Override
    public void prepare() {
    }
}
2020-03-15 05:15:23,748 INFO spoon.Launcher - Step filter CtClass only) spoon.support.reflect.reference.CtTypeReferenceImpl cannot be cast to spoon.reflect.declaration.CtClass
Parameter 1) CtTypeReferenceImpl: spoon.test.filters.testclasses.AbstractTostada
2020-03-15 05:15:23,748 INFO spoon.Launcher - Step filter CtClass only) spoon.support.reflect.reference.CtPackageReferenceImpl cannot be cast to spoon.reflect.declaration.CtClass
Parameter 1) CtPackageReferenceImpl: spoon.test.filters.testclasses
2020-03-15 05:15:23,748 INFO spoon.Launcher - Step filter CtClass only) spoon.support.reflect.declaration.CtConstructorImpl cannot be cast to spoon.reflect.declaration.CtClass
Parameter 1) CtConstructorImpl: public Tostada() {
}
2020-03-15 05:15:23,749 INFO spoon.Launcher - Step filter CtClass only) spoon.support.reflect.code.CtBlockImpl cannot be cast to spoon.reflect.declaration.CtClass
Parameter 1) CtBlockImpl: {
}
2020-03-15 05:15:23,749 INFO spoon.Launcher - Step filter CtClass only) spoon.support.reflect.code.CtInvocationImpl cannot be cast to spoon.reflect.declaration.CtClass
Parameter 1) CtInvocationImpl: super()
2020-03-15 05:15:23,749 INFO spoon.Launcher - Step filter CtClass only) spoon.support.reflect.reference.CtExecutableReferenceImpl cannot be cast to spoon.reflect.declaration.CtClass
Parameter 1) CtExecutableReferenceImpl: spoon.test.filters.testclasses.AbstractTostada#AbstractTostada()
2020-03-15 05:15:23,749 INFO spoon.Launcher - Step filter CtClass only) spoon.support.reflect.reference.CtTypeReferenceImpl cannot be cast to spoon.reflect.declaration.CtClass
Parameter 1) CtTypeReferenceImpl: spoon.test.filters.testclasses.AbstractTostada
2020-03-15 05:15:23,749 INFO spoon.Launcher - Step filter CtClass only) spoon.support.reflect.reference.CtPackageReferenceImpl cannot be cast to spoon.reflect.declaration.CtClass
Parameter 1) CtPackageReferenceImpl: spoon.test.filters.testclasses
2020-03-15 05:15:23,749 INFO spoon.Launcher - Step filter CtClass only) spoon.support.reflect.reference.CtTypeReferenceImpl cannot be cast to spoon.reflect.declaration.CtClass
Parameter 1) CtTypeReferenceImpl: spoon.test.filters.testclasses.AbstractTostada
2020-03-15 05:15:23,749 INFO spoon.Launcher - Step filter CtClass only) spoon.support.reflect.reference.CtPackageReferenceImpl cannot be cast to spoon.reflect.declaration.CtClass
Parameter 1) CtPackageReferenceImpl: spoon.test.filters.testclasses
2020-03-15 05:15:23,750 INFO spoon.Launcher - Step filter CtClass only) spoon.support.reflect.declaration.CtMethodImpl cannot be cast to spoon.reflect.declaration.CtClass
Parameter 1) CtMethodImpl: @java.lang.Override
public spoon.test.filters.testclasses.ITostada make() {
    return new spoon.test.filters.testclasses.Tostada() {
        @java.lang.Override
        public void prepare() {
            int a = 3;
            super.prepare();
        }
    };
}
2020-03-15 05:15:23,750 INFO spoon.Launcher - Step filter CtClass only) spoon.support.reflect.declaration.CtAnnotationImpl cannot be cast to spoon.reflect.declaration.CtClass
Parameter 1) CtAnnotationImpl: @java.lang.Override

2020-03-15 05:15:23,750 INFO spoon.Launcher - Step filter CtClass only) spoon.support.reflect.reference.CtTypeReferenceImpl cannot be cast to spoon.reflect.declaration.CtClass
Parameter 1) CtTypeReferenceImpl: java.lang.Override
2020-03-15 05:15:23,750 INFO spoon.Launcher - Step filter CtClass only) spoon.support.reflect.reference.CtPackageReferenceImpl cannot be cast to spoon.reflect.declaration.CtClass
Parameter 1) CtPackageReferenceImpl: java.lang
2020-03-15 05:15:23,750 INFO spoon.Launcher - Step filter CtClass only) spoon.support.reflect.reference.CtTypeReferenceImpl cannot be cast to spoon.reflect.declaration.CtClass
Parameter 1) CtTypeReferenceImpl: java.lang.Override
2020-03-15 05:15:23,750 INFO spoon.Launcher - Step filter CtClass only) spoon.support.reflect.reference.CtPackageReferenceImpl cannot be cast to spoon.reflect.declaration.CtClass
Parameter 1) CtPackageReferenceImpl: java.lang
2020-03-15 05:15:23,751 INFO spoon.Launcher - Step filter CtClass only) spoon.support.reflect.reference.CtTypeReferenceImpl cannot be cast to spoon.reflect.declaration.CtClass
Parameter 1) CtTypeReferenceImpl: spoon.test.filters.testclasses.ITostada
2020-03-15 05:15:23,751 INFO spoon.Launcher - Step filter CtClass only) spoon.support.reflect.reference.CtPackageReferenceImpl cannot be cast to spoon.reflect.declaration.CtClass
Parameter 1) CtPackageReferenceImpl: spoon.test.filters.testclasses
2020-03-15 05:15:23,751 INFO spoon.Launcher - Step filter CtClass only) spoon.support.reflect.code.CtBlockImpl cannot be cast to spoon.reflect.declaration.CtClass
Parameter 1) CtBlockImpl: {
    return new spoon.test.filters.testclasses.Tostada() {
        @java.lang.Override
        public void prepare() {
            int a = 3;
            super.prepare();
        }
    };
}
2020-03-15 05:15:23,751 INFO spoon.Launcher - Step filter CtClass only) spoon.support.reflect.code.CtReturnImpl cannot be cast to spoon.reflect.declaration.CtClass
Parameter 1) CtReturnImpl: return new spoon.test.filters.testclasses.Tostada() {
    @java.lang.Override
    public void prepare() {
        int a = 3;
        super.prepare();
    }
}
2020-03-15 05:15:23,751 INFO spoon.Launcher - Step filter CtClass only) spoon.support.reflect.code.CtNewClassImpl cannot be cast to spoon.reflect.declaration.CtClass
Parameter 1) CtNewClassImpl: new spoon.test.filters.testclasses.Tostada() {
    @java.lang.Override
    public void prepare() {
        int a = 3;
        super.prepare();
    }
}
2020-03-15 05:15:23,752 INFO spoon.Launcher - Step filter CtClass only) spoon.support.reflect.reference.CtExecutableReferenceImpl cannot be cast to spoon.reflect.declaration.CtClass
Parameter 1) CtExecutableReferenceImpl: spoon.test.filters.testclasses.Tostada$1#1()
2020-03-15 05:15:23,752 INFO spoon.Launcher - Step filter CtClass only) spoon.support.reflect.reference.CtTypeReferenceImpl cannot be cast to spoon.reflect.declaration.CtClass
Parameter 1) CtTypeReferenceImpl: spoon.test.filters.testclasses.Tostada.1
2020-03-15 05:15:23,753 INFO spoon.Launcher - Step filter CtClass only) spoon.support.reflect.reference.CtTypeReferenceImpl cannot be cast to spoon.reflect.declaration.CtClass
Parameter 1) CtTypeReferenceImpl: spoon.test.filters.testclasses.Tostada
2020-03-15 05:15:23,753 INFO spoon.Launcher - Step filter CtClass only) spoon.support.reflect.reference.CtPackageReferenceImpl cannot be cast to spoon.reflect.declaration.CtClass
Parameter 1) CtPackageReferenceImpl: spoon.test.filters.testclasses
2020-03-15 05:15:23,753 INFO spoon.Launcher - Step filter CtClass only) spoon.support.reflect.reference.CtTypeReferenceImpl cannot be cast to spoon.reflect.declaration.CtClass
Parameter 1) CtTypeReferenceImpl: spoon.test.filters.testclasses.Tostada
2020-03-15 05:15:23,754 INFO spoon.Launcher - Step filter CtClass only) spoon.support.reflect.reference.CtPackageReferenceImpl cannot be cast to spoon.reflect.declaration.CtClass
Parameter 1) CtPackageReferenceImpl: spoon.test.filters.testclasses
2020-03-15 05:15:23,754 INFO spoon.Launcher - Step super interfaces) received
Parameter 1) CtClassImpl:  {
    @java.lang.Override
    public void prepare() {
        int a = 3;
        super.prepare();
    }
}
2020-03-15 05:15:23,754 INFO spoon.Launcher - Step filter CtClass only) spoon.support.reflect.reference.CtTypeReferenceImpl cannot be cast to spoon.reflect.declaration.CtClass
Parameter 1) CtTypeReferenceImpl: spoon.test.filters.testclasses.Tostada
2020-03-15 05:15:23,754 INFO spoon.Launcher - Step filter CtClass only) spoon.support.reflect.reference.CtPackageReferenceImpl cannot be cast to spoon.reflect.declaration.CtClass
Parameter 1) CtPackageReferenceImpl: spoon.test.filters.testclasses
2020-03-15 05:15:23,754 INFO spoon.Launcher - Step filter CtClass only) spoon.support.reflect.declaration.CtConstructorImpl cannot be cast to spoon.reflect.declaration.CtClass
Parameter 1) CtConstructorImpl: 1() {
}
2020-03-15 05:15:23,754 INFO spoon.Launcher - Step filter CtClass only) spoon.support.reflect.code.CtBlockImpl cannot be cast to spoon.reflect.declaration.CtClass
Parameter 1) CtBlockImpl: {
}
2020-03-15 05:15:23,755 INFO spoon.Launcher - Step filter CtClass only) spoon.support.reflect.code.CtInvocationImpl cannot be cast to spoon.reflect.declaration.CtClass
Parameter 1) CtInvocationImpl: super()
2020-03-15 05:15:23,755 INFO spoon.Launcher - Step filter CtClass only) spoon.support.reflect.reference.CtExecutableReferenceImpl cannot be cast to spoon.reflect.declaration.CtClass
Parameter 1) CtExecutableReferenceImpl: spoon.test.filters.testclasses.Tostada#Tostada()
2020-03-15 05:15:23,755 INFO spoon.Launcher - Step filter CtClass only) spoon.support.reflect.reference.CtTypeReferenceImpl cannot be cast to spoon.reflect.declaration.CtClass
Parameter 1) CtTypeReferenceImpl: spoon.test.filters.testclasses.Tostada
2020-03-15 05:15:23,755 INFO spoon.Launcher - Step filter CtClass only) spoon.support.reflect.reference.CtPackageReferenceImpl cannot be cast to spoon.reflect.declaration.CtClass
Parameter 1) CtPackageReferenceImpl: spoon.test.filters.testclasses
2020-03-15 05:15:23,755 INFO spoon.Launcher - Step filter CtClass only) spoon.support.reflect.reference.CtTypeReferenceImpl cannot be cast to spoon.reflect.declaration.CtClass
Parameter 1) CtTypeReferenceImpl: spoon.test.filters.testclasses.Tostada
2020-03-15 05:15:23,755 INFO spoon.Launcher - Step filter CtClass only) spoon.support.reflect.reference.CtPackageReferenceImpl cannot be cast to spoon.reflect.declaration.CtClass
Parameter 1) CtPackageReferenceImpl: spoon.test.filters.testclasses
2020-03-15 05:15:23,756 INFO spoon.Launcher - Step filter CtClass only) spoon.support.reflect.declaration.CtMethodImpl cannot be cast to spoon.reflect.declaration.CtClass
Parameter 1) CtMethodImpl: @java.lang.Override
public void prepare() {
    int a = 3;
    super.prepare();
}
2020-03-15 05:15:23,756 INFO spoon.Launcher - Step filter CtClass only) spoon.support.reflect.declaration.CtAnnotationImpl cannot be cast to spoon.reflect.declaration.CtClass
Parameter 1) CtAnnotationImpl: @java.lang.Override

2020-03-15 05:15:23,756 INFO spoon.Launcher - Step filter CtClass only) spoon.support.reflect.reference.CtTypeReferenceImpl cannot be cast to spoon.reflect.declaration.CtClass
Parameter 1) CtTypeReferenceImpl: java.lang.Override
2020-03-15 05:15:23,756 INFO spoon.Launcher - Step filter CtClass only) spoon.support.reflect.reference.CtPackageReferenceImpl cannot be cast to spoon.reflect.declaration.CtClass
Parameter 1) CtPackageReferenceImpl: java.lang
2020-03-15 05:15:23,756 INFO spoon.Launcher - Step filter CtClass only) spoon.support.reflect.reference.CtTypeReferenceImpl cannot be cast to spoon.reflect.declaration.CtClass
Parameter 1) CtTypeReferenceImpl: java.lang.Override
2020-03-15 05:15:23,756 INFO spoon.Launcher - Step filter CtClass only) spoon.support.reflect.reference.CtPackageReferenceImpl cannot be cast to spoon.reflect.declaration.CtClass
Parameter 1) CtPackageReferenceImpl: java.lang
2020-03-15 05:15:23,756 INFO spoon.Launcher - Step filter CtClass only) spoon.support.reflect.reference.CtTypeReferenceImpl cannot be cast to spoon.reflect.declaration.CtClass
Parameter 1) CtTypeReferenceImpl: void
2020-03-15 05:15:23,757 INFO spoon.Launcher - Step filter CtClass only) spoon.support.reflect.code.CtBlockImpl cannot be cast to spoon.reflect.declaration.CtClass
Parameter 1) CtBlockImpl: {
    int a = 3;
    super.prepare();
}
2020-03-15 05:15:23,757 INFO spoon.Launcher - Step filter CtClass only) spoon.support.reflect.code.CtLocalVariableImpl cannot be cast to spoon.reflect.declaration.CtClass
Parameter 1) CtLocalVariableImpl: int a = 3
2020-03-15 05:15:23,757 INFO spoon.Launcher - Step filter CtClass only) spoon.support.reflect.reference.CtTypeReferenceImpl cannot be cast to spoon.reflect.declaration.CtClass
Parameter 1) CtTypeReferenceImpl: int
2020-03-15 05:15:23,757 INFO spoon.Launcher - Step filter CtClass only) spoon.support.reflect.code.CtLiteralImpl cannot be cast to spoon.reflect.declaration.CtClass
Parameter 1) CtLiteralImpl: 3
2020-03-15 05:15:23,757 INFO spoon.Launcher - Step filter CtClass only) spoon.support.reflect.reference.CtTypeReferenceImpl cannot be cast to spoon.reflect.declaration.CtClass
Parameter 1) CtTypeReferenceImpl: int
2020-03-15 05:15:23,757 INFO spoon.Launcher - Step filter CtClass only) spoon.support.reflect.code.CtInvocationImpl cannot be cast to spoon.reflect.declaration.CtClass
Parameter 1) CtInvocationImpl: super.prepare()
2020-03-15 05:15:23,758 INFO spoon.Launcher - Step filter CtClass only) spoon.support.reflect.code.CtSuperAccessImpl cannot be cast to spoon.reflect.declaration.CtClass
Parameter 1) CtSuperAccessImpl: super
2020-03-15 05:15:23,758 INFO spoon.Launcher - Step filter CtClass only) spoon.support.reflect.reference.CtLocalVariableReferenceImpl cannot be cast to spoon.reflect.declaration.CtClass
Parameter 1) CtLocalVariableReferenceImpl: 
2020-03-15 05:15:23,758 INFO spoon.Launcher - Step filter CtClass only) spoon.support.reflect.reference.CtExecutableReferenceImpl cannot be cast to spoon.reflect.declaration.CtClass
Parameter 1) CtExecutableReferenceImpl: spoon.test.filters.testclasses.Tostada#prepare()
2020-03-15 05:15:23,758 INFO spoon.Launcher - Step filter CtClass only) spoon.support.reflect.reference.CtTypeReferenceImpl cannot be cast to spoon.reflect.declaration.CtClass
Parameter 1) CtTypeReferenceImpl: spoon.test.filters.testclasses.Tostada
2020-03-15 05:15:23,758 INFO spoon.Launcher - Step filter CtClass only) spoon.support.reflect.reference.CtPackageReferenceImpl cannot be cast to spoon.reflect.declaration.CtClass
Parameter 1) CtPackageReferenceImpl: spoon.test.filters.testclasses
2020-03-15 05:15:23,758 INFO spoon.Launcher - Step filter CtClass only) spoon.support.reflect.reference.CtTypeReferenceImpl cannot be cast to spoon.reflect.declaration.CtClass
Parameter 1) CtTypeReferenceImpl: void
2020-03-15 05:15:23,759 INFO spoon.Launcher - Step filter CtClass only) spoon.support.reflect.declaration.CtMethodImpl cannot be cast to spoon.reflect.declaration.CtClass
Parameter 1) CtMethodImpl: @java.lang.Override
public void prepare() {
}
2020-03-15 05:15:23,759 INFO spoon.Launcher - Step filter CtClass only) spoon.support.reflect.declaration.CtAnnotationImpl cannot be cast to spoon.reflect.declaration.CtClass
Parameter 1) CtAnnotationImpl: @java.lang.Override

2020-03-15 05:15:23,759 INFO spoon.Launcher - Step filter CtClass only) spoon.support.reflect.reference.CtTypeReferenceImpl cannot be cast to spoon.reflect.declaration.CtClass
Parameter 1) CtTypeReferenceImpl: java.lang.Override
2020-03-15 05:15:23,759 INFO spoon.Launcher - Step filter CtClass only) spoon.support.reflect.reference.CtPackageReferenceImpl cannot be cast to spoon.reflect.declaration.CtClass
Parameter 1) CtPackageReferenceImpl: java.lang
2020-03-15 05:15:23,759 INFO spoon.Launcher - Step filter CtClass only) spoon.support.reflect.reference.CtTypeReferenceImpl cannot be cast to spoon.reflect.declaration.CtClass
Parameter 1) CtTypeReferenceImpl: java.lang.Override
2020-03-15 05:15:23,759 INFO spoon.Launcher - Step filter CtClass only) spoon.support.reflect.reference.CtPackageReferenceImpl cannot be cast to spoon.reflect.declaration.CtClass
Parameter 1) CtPackageReferenceImpl: java.lang
2020-03-15 05:15:23,759 INFO spoon.Launcher - Step filter CtClass only) spoon.support.reflect.reference.CtTypeReferenceImpl cannot be cast to spoon.reflect.declaration.CtClass
Parameter 1) CtTypeReferenceImpl: void
2020-03-15 05:15:23,759 INFO spoon.Launcher - Step filter CtClass only) spoon.support.reflect.code.CtBlockImpl cannot be cast to spoon.reflect.declaration.CtClass
Parameter 1) CtBlockImpl: {
}
Tests run: 37, Failures: 0, Errors: 0, Skipped: 0, Time elapsed: 16.502 sec - in spoon.test.filters.FilterTest
Running spoon.test.filters.CUFilterTest
Tests run: 3, Failures: 0, Errors: 0, Skipped: 0, Time elapsed: 0.728 sec - in spoon.test.filters.CUFilterTest
Running spoon.test.generics.GenericsTest
Tests run: 24, Failures: 0, Errors: 0, Skipped: 0, Time elapsed: 7.238 sec - in spoon.test.generics.GenericsTest
Running spoon.test.ctBodyHolder.CtBodyHolderTest
Tests run: 6, Failures: 0, Errors: 0, Skipped: 0, Time elapsed: 1.476 sec - in spoon.test.ctBodyHolder.CtBodyHolderTest
Running spoon.test.refactoring.RefactoringTest
Tests run: 4, Failures: 0, Errors: 0, Skipped: 0, Time elapsed: 1.791 sec - in spoon.test.refactoring.RefactoringTest
Running spoon.test.snippets.SnippetTest
Tests run: 6, Failures: 0, Errors: 0, Skipped: 0, Time elapsed: 1.893 sec - in spoon.test.snippets.SnippetTest
Running spoon.test.main.MainTest
Tests run: 6, Failures: 0, Errors: 0, Skipped: 0, Time elapsed: 80.573 sec - in spoon.test.main.MainTest
Running spoon.test.interfaces.InterfaceTest
Tests run: 5, Failures: 0, Errors: 0, Skipped: 0, Time elapsed: 1.486 sec - in spoon.test.interfaces.InterfaceTest
Running spoon.test.targeted.TargetedExpressionTest
Tests run: 17, Failures: 0, Errors: 0, Skipped: 0, Time elapsed: 4.939 sec - in spoon.test.targeted.TargetedExpressionTest
Running spoon.test.enums.EnumsTest
Tests run: 4, Failures: 0, Errors: 0, Skipped: 0, Time elapsed: 0.981 sec - in spoon.test.enums.EnumsTest
Running spoon.test.secondaryclasses.ClassesTest
Tests run: 6, Failures: 0, Errors: 0, Skipped: 0, Time elapsed: 1.66 sec - in spoon.test.secondaryclasses.ClassesTest
Running spoon.test.invocations.InvocationTest
Tests run: 2, Failures: 0, Errors: 0, Skipped: 0, Time elapsed: 0.949 sec - in spoon.test.invocations.InvocationTest
Running spoon.test.ctCase.SwitchCaseTest
Tests run: 2, Failures: 0, Errors: 0, Skipped: 0, Time elapsed: 0.503 sec - in spoon.test.ctCase.SwitchCaseTest
Running spoon.test.template.TemplateTest
Tests run: 8, Failures: 0, Errors: 0, Skipped: 0, Time elapsed: 5.376 sec - in spoon.test.template.TemplateTest
Running spoon.test.query_function.QueryTest
2020-03-15 05:17:14,397 INFO spoon.Launcher - Spoon version 5.6.0-SNAPSHOT
2020-03-15 05:17:14,398 INFO spoon.Launcher - running Spoon...
2020-03-15 05:17:14,398 INFO spoon.Launcher - start processing...
2020-03-15 05:17:14,669 INFO spoon.Launcher - end of processing: 
2020-03-15 05:17:14,669 INFO spoon.Launcher - no errors, no warnings
field=1 found 1 referenes
field=15 found 1 referenes
field=16 found 1 referenes
field=17 found 1 referenes
field=18 found 1 referenes
field=19 found 1 referenes
field=22 found 2 referenes
field=20 found 2 referenes
field=101 found 1 referenes
field=115 found 1 referenes
field=116 found 1 referenes
field=117 found 1 referenes
field=118 found 1 referenes
field=119 found 1 referenes
field=122 found 2 referenes
field=120 found 2 referenes
2020-03-15 05:17:14,959 INFO spoon.Launcher - Spoon version 5.6.0-SNAPSHOT
2020-03-15 05:17:14,959 INFO spoon.Launcher - running Spoon...
2020-03-15 05:17:14,959 INFO spoon.Launcher - start processing...
2020-03-15 05:17:15,215 INFO spoon.Launcher - end of processing: 
2020-03-15 05:17:15,216 INFO spoon.Launcher - no errors, no warnings
field=5 found 2 referenes
field=4 found 1 referenes
field=6 found 1 referenes
field=12 found 1 referenes
field=7 found 1 referenes
field=13 found 1 referenes
field=8 found 1 referenes
field=14 found 1 referenes
field=105 found 2 referenes
field=104 found 1 referenes
field=106 found 1 referenes
field=112 found 1 referenes
field=107 found 1 referenes
field=113 found 1 referenes
field=108 found 1 referenes
field=114 found 1 referenes
2020-03-15 05:17:16,257 INFO spoon.Launcher - Spoon version 5.6.0-SNAPSHOT
2020-03-15 05:17:16,258 INFO spoon.Launcher - running Spoon...
2020-03-15 05:17:16,258 INFO spoon.Launcher - start processing...
2020-03-15 05:17:16,542 INFO spoon.Launcher - end of processing: 
2020-03-15 05:17:16,543 INFO spoon.Launcher - no errors, no warnings
field=0 found 12 referenes
field=3 found 10 referenes
field=9 found 9 referenes
field=10 found 9 referenes
field=11 found 9 referenes
field=200 found 3 referenes
field=100 found 12 referenes
field=103 found 10 referenes
field=109 found 9 referenes
field=110 found 9 referenes
field=111 found 9 referenes
field=300 found 1 referenes
2020-03-15 05:17:16,849 INFO spoon.Launcher - Spoon version 5.6.0-SNAPSHOT
2020-03-15 05:17:16,849 INFO spoon.Launcher - running Spoon...
2020-03-15 05:17:16,849 INFO spoon.Launcher - start processing...
2020-03-15 05:17:17,131 INFO spoon.Launcher - end of processing: 
2020-03-15 05:17:17,131 INFO spoon.Launcher - no errors, no warnings
field=21 found 1 referenes
field=121 found 1 referenes
2020-03-15 05:17:17,320 INFO spoon.Launcher - Spoon version 5.6.0-SNAPSHOT
2020-03-15 05:17:17,320 INFO spoon.Launcher - running Spoon...
2020-03-15 05:17:17,320 INFO spoon.Launcher - start processing...
2020-03-15 05:17:17,578 INFO spoon.Launcher - end of processing: 
2020-03-15 05:17:17,578 INFO spoon.Launcher - no errors, no warnings
Tests run: 5, Failures: 0, Errors: 0, Skipped: 0, Time elapsed: 3.261 sec - in spoon.test.query_function.QueryTest
Running spoon.test.lambda.LambdaTest
Tests run: 17, Failures: 0, Errors: 0, Skipped: 0, Time elapsed: 6.374 sec - in spoon.test.lambda.LambdaTest
Running spoon.test.replace.ReplaceTest
Tests run: 14, Failures: 0, Errors: 0, Skipped: 0, Time elapsed: 6.048 sec - in spoon.test.replace.ReplaceTest
Running spoon.test.replace.ReplaceParametrizedTest
Tests run: 71, Failures: 0, Errors: 0, Skipped: 0, Time elapsed: 1.741 sec - in spoon.test.replace.ReplaceParametrizedTest
Running spoon.test.fieldaccesses.FieldAccessTest
Tests run: 15, Failures: 0, Errors: 0, Skipped: 0, Time elapsed: 4.186 sec - in spoon.test.fieldaccesses.FieldAccessTest
Running spoon.test.ctClass.CtClassTest
Tests run: 4, Failures: 0, Errors: 0, Skipped: 0, Time elapsed: 5.299 sec - in spoon.test.ctClass.CtClassTest
Running spoon.test.OutputTypeTest
Tests run: 1, Failures: 0, Errors: 0, Skipped: 0, Time elapsed: 0 sec - in spoon.test.OutputTypeTest
Running spoon.test.reflect.visitor.ReferenceQueryTest
Tests run: 1, Failures: 0, Errors: 0, Skipped: 0, Time elapsed: 0.29 sec - in spoon.test.reflect.visitor.ReferenceQueryTest
Running spoon.test.factory.TypeFactoryTest
Tests run: 3, Failures: 0, Errors: 0, Skipped: 0, Time elapsed: 0.581 sec - in spoon.test.factory.TypeFactoryTest
Running spoon.test.factory.ClassFactoryTest
Tests run: 2, Failures: 0, Errors: 0, Skipped: 0, Time elapsed: 0 sec - in spoon.test.factory.ClassFactoryTest
Running spoon.test.factory.ConstructorFactoryTest
Tests run: 2, Failures: 0, Errors: 0, Skipped: 0, Time elapsed: 0.279 sec - in spoon.test.factory.ConstructorFactoryTest
Running spoon.test.factory.CodeFactoryTest
Tests run: 1, Failures: 0, Errors: 0, Skipped: 0, Time elapsed: 0.001 sec - in spoon.test.factory.CodeFactoryTest
Running spoon.test.factory.FieldFactoryTest
Tests run: 2, Failures: 0, Errors: 0, Skipped: 0, Time elapsed: 0.889 sec - in spoon.test.factory.FieldFactoryTest
Running spoon.test.factory.FactoryTest
Tests run: 6, Failures: 0, Errors: 0, Skipped: 0, Time elapsed: 2.998 sec - in spoon.test.factory.FactoryTest
Running spoon.test.factory.AnnotationFactoryTest
Tests run: 1, Failures: 0, Errors: 0, Skipped: 0, Time elapsed: 0.313 sec - in spoon.test.factory.AnnotationFactoryTest
Running spoon.test.factory.ExecutableFactoryTest
Tests run: 1, Failures: 0, Errors: 0, Skipped: 0, Time elapsed: 0 sec - in spoon.test.factory.ExecutableFactoryTest
Running spoon.test.path.PathTest
Tests run: 6, Failures: 0, Errors: 0, Skipped: 0, Time elapsed: 1.685 sec - in spoon.test.path.PathTest
Running spoon.test.limits.utils.InternalTest
Tests run: 2, Failures: 0, Errors: 0, Skipped: 0, Time elapsed: 0.564 sec - in spoon.test.limits.utils.InternalTest
Running spoon.test.sourcePosition.SourcePositionTest
Tests run: 1, Failures: 0, Errors: 0, Skipped: 0, Time elapsed: 0.584 sec - in spoon.test.sourcePosition.SourcePositionTest
Running spoon.test.model.TypeTest
Tests run: 7, Failures: 0, Errors: 0, Skipped: 0, Time elapsed: 2.056 sec - in spoon.test.model.TypeTest
Running spoon.test.model.AnonymousExecutableTest
Tests run: 1, Failures: 0, Errors: 0, Skipped: 0, Time elapsed: 0.268 sec - in spoon.test.model.AnonymousExecutableTest
Running spoon.test.model.BlockTest
Tests run: 2, Failures: 0, Errors: 0, Skipped: 0, Time elapsed: 0.578 sec - in spoon.test.model.BlockTest
Running spoon.test.model.SwitchCaseTest
Tests run: 2, Failures: 0, Errors: 0, Skipped: 0, Time elapsed: 0.566 sec - in spoon.test.model.SwitchCaseTest
Running spoon.test.casts.CastTest
Tests run: 5, Failures: 0, Errors: 0, Skipped: 0, Time elapsed: 1.395 sec - in spoon.test.casts.CastTest
Running spoon.test.executable.ExecutableRefTest
Tests run: 5, Failures: 0, Errors: 0, Skipped: 0, Time elapsed: 1.694 sec - in spoon.test.executable.ExecutableRefTest
Running spoon.test.executable.ExecutableTest
Tests run: 3, Failures: 0, Errors: 0, Skipped: 0, Time elapsed: 0.831 sec - in spoon.test.executable.ExecutableTest
Running spoon.test.position.PositionTest
Tests run: 7, Failures: 0, Errors: 0, Skipped: 0, Time elapsed: 1.7 sec - in spoon.test.position.PositionTest
Running spoon.test.parent.ParentContractTest
Tests run: 59, Failures: 0, Errors: 0, Skipped: 0, Time elapsed: 0.437 sec - in spoon.test.parent.ParentContractTest
Running spoon.test.parent.ParentTest
Tests run: 11, Failures: 0, Errors: 0, Skipped: 1, Time elapsed: 4.612 sec - in spoon.test.parent.ParentTest
Running spoon.test.parent.NullParentTest
Tests run: 8, Failures: 0, Errors: 0, Skipped: 0, Time elapsed: 2.372 sec - in spoon.test.parent.NullParentTest
Running spoon.test.parent.TopLevelTypeTest
Tests run: 1, Failures: 0, Errors: 0, Skipped: 0, Time elapsed: 0.301 sec - in spoon.test.parent.TopLevelTypeTest
Running spoon.test.signature.SignatureTest
Tests run: 8, Failures: 0, Errors: 0, Skipped: 0, Time elapsed: 4.451 sec - in spoon.test.signature.SignatureTest
Running spoon.test.literal.LiteralTest
Tests run: 4, Failures: 0, Errors: 0, Skipped: 0, Time elapsed: 1.459 sec - in spoon.test.literal.LiteralTest
Running spoon.test.method.MethodTest
Tests run: 4, Failures: 0, Errors: 0, Skipped: 0, Time elapsed: 0.734 sec - in spoon.test.method.MethodTest
Running spoon.test.processing.ProcessingTest
Tests run: 4, Failures: 0, Errors: 0, Skipped: 0, Time elapsed: 0.478 sec - in spoon.test.processing.ProcessingTest
Running spoon.test.staticFieldAccess.StaticAccessTest
Tests run: 2, Failures: 0, Errors: 0, Skipped: 0, Time elapsed: 0.848 sec - in spoon.test.staticFieldAccess.StaticAccessTest
Running spoon.test.ctElement.MetadataTest
Tests run: 1, Failures: 0, Errors: 0, Skipped: 0, Time elapsed: 0.255 sec - in spoon.test.ctElement.MetadataTest
Running spoon.test.compilation.CompilationTest
>> Hello: Bar <<
>> Hello: FooEx <<
>> Hello: IBar <<
>> Hello: SimpleProcessor <<
Tests run: 10, Failures: 0, Errors: 0, Skipped: 0, Time elapsed: 8.285 sec - in spoon.test.compilation.CompilationTest
Running spoon.test.delete.DeleteTest
Tests run: 14, Failures: 0, Errors: 0, Skipped: 0, Time elapsed: 3.788 sec - in spoon.test.delete.DeleteTest
Running spoon.test.initializers.InitializerTest
Tests run: 2, Failures: 0, Errors: 0, Skipped: 0, Time elapsed: 0.602 sec - in spoon.test.initializers.InitializerTest
Running spoon.test.ctType.CtTypeTest
Tests run: 6, Failures: 0, Errors: 0, Skipped: 0, Time elapsed: 1.943 sec - in spoon.test.ctType.CtTypeTest
Running spoon.test.arrays.ArraysTest
Tests run: 4, Failures: 0, Errors: 0, Skipped: 0, Time elapsed: 1.72 sec - in spoon.test.arrays.ArraysTest
Running spoon.test.javadoc.JavaDocTest
Tests run: 2, Failures: 0, Errors: 0, Skipped: 0, Time elapsed: 0.59 sec - in spoon.test.javadoc.JavaDocTest
Running spoon.test.comparison.EqualTest
Tests run: 4, Failures: 0, Errors: 0, Skipped: 0, Time elapsed: 1.395 sec - in spoon.test.comparison.EqualTest
Running spoon.test.strings.StringTest
Tests run: 1, Failures: 0, Errors: 0, Skipped: 0, Time elapsed: 0.275 sec - in spoon.test.strings.StringTest
Running spoon.test.strings.StringLiteralTest
Tests run: 1, Failures: 0, Errors: 0, Skipped: 0, Time elapsed: 0.271 sec - in spoon.test.strings.StringLiteralTest
Running spoon.test.condition.ConditionalTest
Tests run: 4, Failures: 0, Errors: 0, Skipped: 0, Time elapsed: 1.103 sec - in spoon.test.condition.ConditionalTest
Running spoon.test.control.ControlTest
Tests run: 2, Failures: 0, Errors: 0, Skipped: 0, Time elapsed: 0.581 sec - in spoon.test.control.ControlTest
Running spoon.test.properties.PropertiesTest
Tests run: 1, Failures: 0, Errors: 0, Skipped: 0, Time elapsed: 0.288 sec - in spoon.test.properties.PropertiesTest
Running spoon.test.varargs.VarArgsTest
Tests run: 1, Failures: 0, Errors: 0, Skipped: 0, Time elapsed: 0.282 sec - in spoon.test.varargs.VarArgsTest
Running spoon.test.jar.JarTest
Tests run: 3, Failures: 0, Errors: 0, Skipped: 0, Time elapsed: 0.901 sec - in spoon.test.jar.JarTest
Running spoon.test.type.TypeTest
Tests run: 11, Failures: 0, Errors: 0, Skipped: 0, Time elapsed: 4.846 sec - in spoon.test.type.TypeTest
Running spoon.test.constructor.ConstructorTest
Tests run: 6, Failures: 0, Errors: 0, Skipped: 0, Time elapsed: 4.091 sec - in spoon.test.constructor.ConstructorTest
Running spoon.test.methodreference.MethodReferenceTest
Tests run: 10, Failures: 0, Errors: 0, Skipped: 0, Time elapsed: 4.273 sec - in spoon.test.methodreference.MethodReferenceTest
Running spoon.test.logging.LogTest
2020-03-15 05:18:49,952 DEBUG spoon.Launcher - output: spooned
2020-03-15 05:18:49,952 DEBUG spoon.Launcher - destination: /boom/scratch/tmp-rta/Bears_INRIA-spoon_196963859-196966996_java-8/spooned-classes
2020-03-15 05:18:49,952 DEBUG spoon.Launcher - source classpath: null
2020-03-15 05:18:49,953 DEBUG spoon.Launcher - template classpath: []
2020-03-15 05:18:49,953 INFO spoon.Launcher - Log info
2020-03-15 05:18:49,953 WARN spoon.Launcher - Log warn
2020-03-15 05:18:49,954 ERROR spoon.Launcher - Log error
2020-03-15 05:18:49,954 DEBUG spoon.Launcher - Log debug
2020-03-15 05:18:49,954 DEBUG spoon.Launcher - output: spooned
2020-03-15 05:18:49,955 DEBUG spoon.Launcher - destination: /boom/scratch/tmp-rta/Bears_INRIA-spoon_196963859-196966996_java-8/spooned-classes
2020-03-15 05:18:49,955 DEBUG spoon.Launcher - source classpath: null
2020-03-15 05:18:49,955 DEBUG spoon.Launcher - template classpath: []
2020-03-15 05:18:49,955 INFO spoon.Launcher - Log info
2020-03-15 05:18:49,955 WARN spoon.Launcher - Log warn
2020-03-15 05:18:49,955 ERROR spoon.Launcher - Log error
2020-03-15 05:18:49,956 DEBUG spoon.Launcher - Log debug
2020-03-15 05:18:49,957 INFO spoon.Launcher - Log info
2020-03-15 05:18:49,957 WARN spoon.Launcher - Log warn
2020-03-15 05:18:49,957 ERROR spoon.Launcher - Log error
2020-03-15 05:18:49,958 WARN spoon.Launcher - Log warn
2020-03-15 05:18:49,958 ERROR spoon.Launcher - Log error
2020-03-15 05:18:49,959 ERROR spoon.Launcher - Log error
Tests run: 6, Failures: 0, Errors: 0, Skipped: 0, Time elapsed: 0.012 sec - in spoon.test.logging.LogTest
Running spoon.test.serializable.SerializableTest
Tests run: 3, Failures: 0, Errors: 0, Skipped: 0, Time elapsed: 0.897 sec - in spoon.test.serializable.SerializableTest
Running spoon.test.parameters.ParameterTest
Tests run: 3, Failures: 0, Errors: 0, Skipped: 0, Time elapsed: 0.86 sec - in spoon.test.parameters.ParameterTest
Running spoon.test.support.ResourceTest
Tests run: 4, Failures: 0, Errors: 0, Skipped: 0, Time elapsed: 0.941 sec - in spoon.test.support.ResourceTest
Running spoon.test.architecture.SpoonArchitectureEnforcerTest
Tests run: 5, Failures: 0, Errors: 0, Skipped: 0, Time elapsed: 10.266 sec - in spoon.test.architecture.SpoonArchitectureEnforcerTest
Running spoon.processing.CtGenerationTest
Tests run: 3, Failures: 0, Errors: 0, Skipped: 0, Time elapsed: 34.509 sec - in spoon.processing.CtGenerationTest
Running spoon.processing.ProcessingTest
Tests run: 2, Failures: 0, Errors: 0, Skipped: 0, Time elapsed: 0.335 sec - in spoon.processing.ProcessingTest
Running spoon.reflect.declaration.CtTypeInformationTest
Tests run: 1, Failures: 1, Errors: 0, Skipped: 0, Time elapsed: 0.315 sec <<< FAILURE! - in spoon.reflect.declaration.CtTypeInformationTest
testGetSuperclass(spoon.reflect.declaration.CtTypeInformationTest)  Time elapsed: 0.315 sec  <<< FAILURE!
java.lang.AssertionError: expected:<61> but was:<62>
	at spoon.reflect.declaration.CtTypeInformationTest.testGetSuperclass(CtTypeInformationTest.java:37)

Running spoon.reflect.declaration.UnknownDeclarationTest
Tests run: 1, Failures: 0, Errors: 0, Skipped: 0, Time elapsed: 0.269 sec - in spoon.reflect.declaration.UnknownDeclarationTest
Running spoon.reflect.visitor.CtInheritanceScannerTest
Tests run: 71, Failures: 0, Errors: 0, Skipped: 0, Time elapsed: 0.388 sec - in spoon.reflect.visitor.CtInheritanceScannerTest
Running spoon.reflect.visitor.CtScannerTest
Tests run: 2, Failures: 0, Errors: 0, Skipped: 0, Time elapsed: 4.373 sec - in spoon.reflect.visitor.CtScannerTest
Running spoon.reflect.visitor.CtVisitorTest
Tests run: 1, Failures: 0, Errors: 0, Skipped: 0, Time elapsed: 0.893 sec - in spoon.reflect.visitor.CtVisitorTest
Running spoon.reflect.visitor.CtInheritanceScannerMethodsTest
Tests run: 1, Failures: 0, Errors: 0, Skipped: 0, Time elapsed: 0.856 sec - in spoon.reflect.visitor.CtInheritanceScannerMethodsTest
Running spoon.reflect.ast.CloneTest
Tests run: 2, Failures: 0, Errors: 0, Skipped: 0, Time elapsed: 7.935 sec - in spoon.reflect.ast.CloneTest
Running spoon.support.compiler.jdt.ExtendedStringLiteralTest
Tests run: 1, Failures: 0, Errors: 0, Skipped: 0, Time elapsed: 0.293 sec - in spoon.support.compiler.jdt.ExtendedStringLiteralTest
Running spoon.support.compiler.jdt.JDTBuilderTest
Tests run: 1, Failures: 0, Errors: 0, Skipped: 0, Time elapsed: 0 sec - in spoon.support.compiler.jdt.JDTBuilderTest
Running spoon.support.compiler.jdt.JDTBatchCompilerTest
Tests run: 1, Failures: 0, Errors: 0, Skipped: 0, Time elapsed: 0.55 sec - in spoon.support.compiler.jdt.JDTBatchCompilerTest
Running spoon.support.compiler.classpath.ComputeClasspathTest
Tests run: 1, Failures: 0, Errors: 0, Skipped: 0, Time elapsed: 0 sec - in spoon.support.compiler.classpath.ComputeClasspathTest
Running spoon.support.visitor.java.JavaReflectionTreeBuilderTest
Tests run: 9, Failures: 0, Errors: 0, Skipped: 0, Time elapsed: 0.042 sec - in spoon.support.visitor.java.JavaReflectionTreeBuilderTest
Running spoon.testing.CtPackageAssertTest
Tests run: 3, Failures: 0, Errors: 0, Skipped: 0, Time elapsed: 0.81 sec - in spoon.testing.CtPackageAssertTest
Running spoon.testing.FileAssertTest
Tests run: 2, Failures: 0, Errors: 0, Skipped: 0, Time elapsed: 1.128 sec - in spoon.testing.FileAssertTest
Running spoon.testing.AbstractAssertTest
Tests run: 4, Failures: 0, Errors: 0, Skipped: 0, Time elapsed: 2.071 sec - in spoon.testing.AbstractAssertTest
Running spoon.testing.CtElementAssertTest
Tests run: 5, Failures: 0, Errors: 0, Skipped: 0, Time elapsed: 1.199 sec - in spoon.testing.CtElementAssertTest
Running spoon.LauncherTest
Tests run: 2, Failures: 0, Errors: 0, Skipped: 0, Time elapsed: 0.08 sec - in spoon.LauncherTest

Results :

Failed tests: 
  CtTypeInformationTest.testGetSuperclass:37 expected:<61> but was:<62>

Tests run: 998, Failures: 1, Errors: 0, Skipped: 2

[INFO] ------------------------------------------------------------------------
[INFO] BUILD FAILURE
[INFO] ------------------------------------------------------------------------
[INFO] Total time: 07:42 min
[INFO] Finished at: 2020-03-15T05:19:59-07:00
[INFO] Final Memory: 21M/1013M
[INFO] ------------------------------------------------------------------------
[ERROR] Failed to execute goal org.apache.maven.plugins:maven-surefire-plugin:2.19.1:test (default-test) on project spoon-core: There are test failures.
[ERROR] 
[ERROR] Please refer to /boom/scratch/tmp-rta/Bears_INRIA-spoon_196963859-196966996_java-8/target/surefire-reports for the individual test results.
[ERROR] -> [Help 1]
[ERROR] 
[ERROR] To see the full stack trace of the errors, re-run Maven with the -e switch.
[ERROR] Re-run Maven using the -X switch to enable full debug logging.
[ERROR] 
[ERROR] For more information about the errors and possible solutions, please read the following articles:
[ERROR] [Help 1] http://cwiki.apache.org/confluence/display/MAVEN/MojoFailureException
