Picked up JAVA_TOOL_OPTIONS: -XX:CICompilerCount=2 -XX:ParallelGCThreads=2 -XX:ConcGCThreads=2 -Djdk.net.URLClassPath.disableClassPathURLCheck=true 
Java HotSpot(TM) 64-Bit Server VM warning: ignoring option MaxPermSize=512m; support was removed in 8.0
Picked up _JAVA_OPTIONS: -Djdk.net.URLClassPath.disableClassPathURLCheck=true
Apache Maven 3.5.0 (Red Hat 3.5.0-4.3)
Maven home: /opt/rh/rh-maven35/root/usr/share/maven
Java version: 1.8.0_181, vendor: Oracle Corporation
Java home: /scratch/jmcampos/RTA/repair_them_all_framework/jdks/jdk1.8.0_181/jre
Default locale: en_US, platform encoding: UTF-8
OS name: "linux", version: "4.14.125-1.el7.retpoline.x86_64", arch: "amd64", family: "unix"
[INFO] Scanning for projects...
[INFO] 
[INFO] ------------------------------------------------------------------------
[INFO] Building flink-runtime 0.9-SNAPSHOT
[INFO] ------------------------------------------------------------------------
[INFO] Downloading: http://repository.apache.org/snapshots/org/apache/flink/flink-core/0.9-SNAPSHOT/maven-metadata.xml
[INFO] Downloaded: http://repository.apache.org/snapshots/org/apache/flink/flink-core/0.9-SNAPSHOT/maven-metadata.xml (1.4 kB at 3.1 kB/s)
[INFO] Downloading: http://repository.apache.org/snapshots/org/apache/flink/flink-parent/0.9-SNAPSHOT/maven-metadata.xml
[INFO] Downloaded: http://repository.apache.org/snapshots/org/apache/flink/flink-parent/0.9-SNAPSHOT/maven-metadata.xml (605 B at 673 B/s)
[INFO] Downloading: http://repository.apache.org/snapshots/org/apache/flink/flink-shaded-include-yarn/0.9-SNAPSHOT/maven-metadata.xml
[INFO] Downloaded: http://repository.apache.org/snapshots/org/apache/flink/flink-shaded-include-yarn/0.9-SNAPSHOT/maven-metadata.xml (1.2 kB at 3.5 kB/s)
[INFO] Downloading: http://repository.apache.org/snapshots/org/apache/flink/flink-shaded-hadoop/0.9-SNAPSHOT/maven-metadata.xml
[INFO] Downloaded: http://repository.apache.org/snapshots/org/apache/flink/flink-shaded-hadoop/0.9-SNAPSHOT/maven-metadata.xml (612 B at 1.8 kB/s)
[INFO] Downloading: http://repository.apache.org/snapshots/org/apache/flink/flink-java/0.9-SNAPSHOT/maven-metadata.xml
[INFO] Downloaded: http://repository.apache.org/snapshots/org/apache/flink/flink-java/0.9-SNAPSHOT/maven-metadata.xml (1.4 kB at 1.3 kB/s)
[INFO] 
[INFO] --- maven-checkstyle-plugin:2.12.1:check (validate) @ flink-runtime ---
[INFO] 
[INFO] --- maven-enforcer-plugin:1.3.1:enforce (enforce-maven) @ flink-runtime ---
[INFO] Skipping Rule Enforcement.
[INFO] 
[INFO] --- git-commit-id-plugin:2.1.5:revision (default) @ flink-runtime ---
[info] 
[info] /scratch/tmp-rta/Bugs.jar_Flink_380ef878_java-8/.git
[info] 
[info] 
[info] 
[info] 
[info] 
[info] 
[info] 
[info] 
[info] 
[info] 
[info] 
[info] 
[info] 
[info] 
[INFO] 
[INFO] --- build-helper-maven-plugin:1.7:add-source (add-source) @ flink-runtime ---
[INFO] Source directory: /scratch/tmp-rta/Bugs.jar_Flink_380ef878_java-8/flink-runtime/src/main/scala added.
[INFO] 
[INFO] --- maven-remote-resources-plugin:1.5:process (default) @ flink-runtime ---
[INFO] 
[INFO] --- maven-resources-plugin:2.6:resources (default-resources) @ flink-runtime ---
[INFO] Using 'UTF-8' encoding to copy filtered resources.
[INFO] Copying 64 resources
[INFO] Copying 3 resources
[INFO] 
[INFO] --- scala-maven-plugin:3.1.4:compile (scala-compile-first) @ flink-runtime ---
[INFO] Nothing to compile - all classes are up to date
[INFO] 
[INFO] --- maven-compiler-plugin:3.1:compile (default-compile) @ flink-runtime ---
[INFO] Nothing to compile - all classes are up to date
[INFO] 
[INFO] --- build-helper-maven-plugin:1.7:add-test-source (add-test-source) @ flink-runtime ---
[INFO] Test Source directory: /scratch/tmp-rta/Bugs.jar_Flink_380ef878_java-8/flink-runtime/src/test/scala added.
[INFO] 
[INFO] --- maven-resources-plugin:2.6:testResources (default-testResources) @ flink-runtime ---
[INFO] Using 'UTF-8' encoding to copy filtered resources.
[INFO] Copying 2 resources
[INFO] Copying 3 resources
[INFO] 
[INFO] --- scala-maven-plugin:3.1.4:testCompile (scala-test-compile) @ flink-runtime ---
[INFO] Nothing to compile - all classes are up to date
[INFO] 
[INFO] --- maven-compiler-plugin:3.1:testCompile (default-testCompile) @ flink-runtime ---
[INFO] Nothing to compile - all classes are up to date
[INFO] 
[INFO] --- maven-surefire-plugin:2.17:test (default-test) @ flink-runtime ---
[INFO] Surefire report directory: /scratch/tmp-rta/Bugs.jar_Flink_380ef878_java-8/flink-runtime/target/surefire-reports
[INFO] Downloading: https://repo.maven.apache.org/maven2/org/apache/maven/surefire/surefire-junit4/2.17/surefire-junit4-2.17.pom
[INFO] Downloaded: https://repo.maven.apache.org/maven2/org/apache/maven/surefire/surefire-junit4/2.17/surefire-junit4-2.17.pom (2.5 kB at 4.5 kB/s)
[INFO] Downloading: https://repo.maven.apache.org/maven2/org/apache/maven/surefire/surefire-providers/2.17/surefire-providers-2.17.pom
[INFO] Downloaded: https://repo.maven.apache.org/maven2/org/apache/maven/surefire/surefire-providers/2.17/surefire-providers-2.17.pom (2.4 kB at 9.9 kB/s)
[INFO] Downloading: https://repo.maven.apache.org/maven2/org/apache/maven/surefire/surefire-junit4/2.17/surefire-junit4-2.17.jar
[INFO] Downloaded: https://repo.maven.apache.org/maven2/org/apache/maven/surefire/surefire-junit4/2.17/surefire-junit4-2.17.jar (64 kB at 1.5 MB/s)

-------------------------------------------------------
 T E S T S
-------------------------------------------------------

-------------------------------------------------------
 T E S T S
-------------------------------------------------------
Picked up JAVA_TOOL_OPTIONS: -XX:CICompilerCount=2 -XX:ParallelGCThreads=2 -XX:ConcGCThreads=2 -Djdk.net.URLClassPath.disableClassPathURLCheck=true -XX:CICompilerCount=2 -XX:ParallelGCThreads=2 -XX:ConcGCThreads=2 -Djdk.net.URLClassPath.disableClassPathURLCheck=true 
Picked up _JAVA_OPTIONS: -Djdk.net.URLClassPath.disableClassPathURLCheck=true
Picked up JAVA_TOOL_OPTIONS: -XX:CICompilerCount=2 -XX:ParallelGCThreads=2 -XX:ConcGCThreads=2 -Djdk.net.URLClassPath.disableClassPathURLCheck=true -XX:CICompilerCount=2 -XX:ParallelGCThreads=2 -XX:ConcGCThreads=2 -Djdk.net.URLClassPath.disableClassPathURLCheck=true 
Picked up _JAVA_OPTIONS: -Djdk.net.URLClassPath.disableClassPathURLCheck=true
Picked up JAVA_TOOL_OPTIONS: -XX:CICompilerCount=2 -XX:ParallelGCThreads=2 -XX:ConcGCThreads=2 -Djdk.net.URLClassPath.disableClassPathURLCheck=true -XX:CICompilerCount=2 -XX:ParallelGCThreads=2 -XX:ConcGCThreads=2 -Djdk.net.URLClassPath.disableClassPathURLCheck=true 
Picked up _JAVA_OPTIONS: -Djdk.net.URLClassPath.disableClassPathURLCheck=true
Picked up JAVA_TOOL_OPTIONS: -XX:CICompilerCount=2 -XX:ParallelGCThreads=2 -XX:ConcGCThreads=2 -Djdk.net.URLClassPath.disableClassPathURLCheck=true -XX:CICompilerCount=2 -XX:ParallelGCThreads=2 -XX:ConcGCThreads=2 -Djdk.net.URLClassPath.disableClassPathURLCheck=true 
Picked up _JAVA_OPTIONS: -Djdk.net.URLClassPath.disableClassPathURLCheck=true
Picked up JAVA_TOOL_OPTIONS: -XX:CICompilerCount=2 -XX:ParallelGCThreads=2 -XX:ConcGCThreads=2 -Djdk.net.URLClassPath.disableClassPathURLCheck=true -XX:CICompilerCount=2 -XX:ParallelGCThreads=2 -XX:ConcGCThreads=2 -Djdk.net.URLClassPath.disableClassPathURLCheck=true 
Picked up _JAVA_OPTIONS: -Djdk.net.URLClassPath.disableClassPathURLCheck=true
Picked up JAVA_TOOL_OPTIONS: -XX:CICompilerCount=2 -XX:ParallelGCThreads=2 -XX:ConcGCThreads=2 -Djdk.net.URLClassPath.disableClassPathURLCheck=true -XX:CICompilerCount=2 -XX:ParallelGCThreads=2 -XX:ConcGCThreads=2 -Djdk.net.URLClassPath.disableClassPathURLCheck=true 
Picked up JAVA_TOOL_OPTIONS: -XX:CICompilerCount=2 -XX:ParallelGCThreads=2 -XX:ConcGCThreads=2 -Djdk.net.URLClassPath.disableClassPathURLCheck=true -XX:CICompilerCount=2 -XX:ParallelGCThreads=2 -XX:ConcGCThreads=2 -Djdk.net.URLClassPath.disableClassPathURLCheck=true 
Picked up _JAVA_OPTIONS: -Djdk.net.URLClassPath.disableClassPathURLCheck=true
Picked up _JAVA_OPTIONS: -Djdk.net.URLClassPath.disableClassPathURLCheck=true
Picked up JAVA_TOOL_OPTIONS: -XX:CICompilerCount=2 -XX:ParallelGCThreads=2 -XX:ConcGCThreads=2 -Djdk.net.URLClassPath.disableClassPathURLCheck=true -XX:CICompilerCount=2 -XX:ParallelGCThreads=2 -XX:ConcGCThreads=2 -Djdk.net.URLClassPath.disableClassPathURLCheck=true 
Picked up _JAVA_OPTIONS: -Djdk.net.URLClassPath.disableClassPathURLCheck=true
Picked up JAVA_TOOL_OPTIONS: -XX:CICompilerCount=2 -XX:ParallelGCThreads=2 -XX:ConcGCThreads=2 -Djdk.net.URLClassPath.disableClassPathURLCheck=true -XX:CICompilerCount=2 -XX:ParallelGCThreads=2 -XX:ConcGCThreads=2 -Djdk.net.URLClassPath.disableClassPathURLCheck=true 
Picked up _JAVA_OPTIONS: -Djdk.net.URLClassPath.disableClassPathURLCheck=true
Picked up JAVA_TOOL_OPTIONS: -XX:CICompilerCount=2 -XX:ParallelGCThreads=2 -XX:ConcGCThreads=2 -Djdk.net.URLClassPath.disableClassPathURLCheck=true -XX:CICompilerCount=2 -XX:ParallelGCThreads=2 -XX:ConcGCThreads=2 -Djdk.net.URLClassPath.disableClassPathURLCheck=true 
Picked up _JAVA_OPTIONS: -Djdk.net.URLClassPath.disableClassPathURLCheck=true
Picked up JAVA_TOOL_OPTIONS: -XX:CICompilerCount=2 -XX:ParallelGCThreads=2 -XX:ConcGCThreads=2 -Djdk.net.URLClassPath.disableClassPathURLCheck=true -XX:CICompilerCount=2 -XX:ParallelGCThreads=2 -XX:ConcGCThreads=2 -Djdk.net.URLClassPath.disableClassPathURLCheck=true 
Picked up _JAVA_OPTIONS: -Djdk.net.URLClassPath.disableClassPathURLCheck=true
Picked up JAVA_TOOL_OPTIONS: -XX:CICompilerCount=2 -XX:ParallelGCThreads=2 -XX:ConcGCThreads=2 -Djdk.net.URLClassPath.disableClassPathURLCheck=true -XX:CICompilerCount=2 -XX:ParallelGCThreads=2 -XX:ConcGCThreads=2 -Djdk.net.URLClassPath.disableClassPathURLCheck=true 
Picked up _JAVA_OPTIONS: -Djdk.net.URLClassPath.disableClassPathURLCheck=true
Picked up JAVA_TOOL_OPTIONS: -XX:CICompilerCount=2 -XX:ParallelGCThreads=2 -XX:ConcGCThreads=2 -Djdk.net.URLClassPath.disableClassPathURLCheck=true -XX:CICompilerCount=2 -XX:ParallelGCThreads=2 -XX:ConcGCThreads=2 -Djdk.net.URLClassPath.disableClassPathURLCheck=true 
Picked up _JAVA_OPTIONS: -Djdk.net.URLClassPath.disableClassPathURLCheck=true
Picked up JAVA_TOOL_OPTIONS: -XX:CICompilerCount=2 -XX:ParallelGCThreads=2 -XX:ConcGCThreads=2 -Djdk.net.URLClassPath.disableClassPathURLCheck=true -XX:CICompilerCount=2 -XX:ParallelGCThreads=2 -XX:ConcGCThreads=2 -Djdk.net.URLClassPath.disableClassPathURLCheck=true 
Picked up _JAVA_OPTIONS: -Djdk.net.URLClassPath.disableClassPathURLCheck=true
Picked up JAVA_TOOL_OPTIONS: -XX:CICompilerCount=2 -XX:ParallelGCThreads=2 -XX:ConcGCThreads=2 -Djdk.net.URLClassPath.disableClassPathURLCheck=true -XX:CICompilerCount=2 -XX:ParallelGCThreads=2 -XX:ConcGCThreads=2 -Djdk.net.URLClassPath.disableClassPathURLCheck=true 
Picked up _JAVA_OPTIONS: -Djdk.net.URLClassPath.disableClassPathURLCheck=true
Picked up JAVA_TOOL_OPTIONS: -XX:CICompilerCount=2 -XX:ParallelGCThreads=2 -XX:ConcGCThreads=2 -Djdk.net.URLClassPath.disableClassPathURLCheck=true -XX:CICompilerCount=2 -XX:ParallelGCThreads=2 -XX:ConcGCThreads=2 -Djdk.net.URLClassPath.disableClassPathURLCheck=true 
Picked up _JAVA_OPTIONS: -Djdk.net.URLClassPath.disableClassPathURLCheck=true
Running org.apache.flink.runtime.executiongraph.ExecutionVertexCancelTest
Picked up JAVA_TOOL_OPTIONS: -XX:CICompilerCount=2 -XX:ParallelGCThreads=2 -XX:ConcGCThreads=2 -Djdk.net.URLClassPath.disableClassPathURLCheck=true -XX:CICompilerCount=2 -XX:ParallelGCThreads=2 -XX:ConcGCThreads=2 -Djdk.net.URLClassPath.disableClassPathURLCheck=true 
Picked up JAVA_TOOL_OPTIONS: -XX:CICompilerCount=2 -XX:ParallelGCThreads=2 -XX:ConcGCThreads=2 -Djdk.net.URLClassPath.disableClassPathURLCheck=true -XX:CICompilerCount=2 -XX:ParallelGCThreads=2 -XX:ConcGCThreads=2 -Djdk.net.URLClassPath.disableClassPathURLCheck=true 
Picked up _JAVA_OPTIONS: -Djdk.net.URLClassPath.disableClassPathURLCheck=true
Picked up _JAVA_OPTIONS: -Djdk.net.URLClassPath.disableClassPathURLCheck=true
Picked up JAVA_TOOL_OPTIONS: -XX:CICompilerCount=2 -XX:ParallelGCThreads=2 -XX:ConcGCThreads=2 -Djdk.net.URLClassPath.disableClassPathURLCheck=true -XX:CICompilerCount=2 -XX:ParallelGCThreads=2 -XX:ConcGCThreads=2 -Djdk.net.URLClassPath.disableClassPathURLCheck=true 
Picked up _JAVA_OPTIONS: -Djdk.net.URLClassPath.disableClassPathURLCheck=true
Picked up JAVA_TOOL_OPTIONS: -XX:CICompilerCount=2 -XX:ParallelGCThreads=2 -XX:ConcGCThreads=2 -Djdk.net.URLClassPath.disableClassPathURLCheck=true -XX:CICompilerCount=2 -XX:ParallelGCThreads=2 -XX:ConcGCThreads=2 -Djdk.net.URLClassPath.disableClassPathURLCheck=true 
Picked up _JAVA_OPTIONS: -Djdk.net.URLClassPath.disableClassPathURLCheck=true
Picked up JAVA_TOOL_OPTIONS: -XX:CICompilerCount=2 -XX:ParallelGCThreads=2 -XX:ConcGCThreads=2 -Djdk.net.URLClassPath.disableClassPathURLCheck=true -XX:CICompilerCount=2 -XX:ParallelGCThreads=2 -XX:ConcGCThreads=2 -Djdk.net.URLClassPath.disableClassPathURLCheck=true 
Picked up _JAVA_OPTIONS: -Djdk.net.URLClassPath.disableClassPathURLCheck=true
Picked up JAVA_TOOL_OPTIONS: -XX:CICompilerCount=2 -XX:ParallelGCThreads=2 -XX:ConcGCThreads=2 -Djdk.net.URLClassPath.disableClassPathURLCheck=true -XX:CICompilerCount=2 -XX:ParallelGCThreads=2 -XX:ConcGCThreads=2 -Djdk.net.URLClassPath.disableClassPathURLCheck=true 
Picked up _JAVA_OPTIONS: -Djdk.net.URLClassPath.disableClassPathURLCheck=true
Running org.apache.flink.runtime.executiongraph.VertexLocationConstraintTest
Picked up JAVA_TOOL_OPTIONS: -XX:CICompilerCount=2 -XX:ParallelGCThreads=2 -XX:ConcGCThreads=2 -Djdk.net.URLClassPath.disableClassPathURLCheck=true -XX:CICompilerCount=2 -XX:ParallelGCThreads=2 -XX:ConcGCThreads=2 -Djdk.net.URLClassPath.disableClassPathURLCheck=true 
Picked up _JAVA_OPTIONS: -Djdk.net.URLClassPath.disableClassPathURLCheck=true
Running org.apache.flink.runtime.executiongraph.ExecutionVertexSchedulingTest
Picked up JAVA_TOOL_OPTIONS: -XX:CICompilerCount=2 -XX:ParallelGCThreads=2 -XX:ConcGCThreads=2 -Djdk.net.URLClassPath.disableClassPathURLCheck=true -XX:CICompilerCount=2 -XX:ParallelGCThreads=2 -XX:ConcGCThreads=2 -Djdk.net.URLClassPath.disableClassPathURLCheck=true 
Picked up _JAVA_OPTIONS: -Djdk.net.URLClassPath.disableClassPathURLCheck=true
Running org.apache.flink.runtime.executiongraph.AllVerticesIteratorTest
Running org.apache.flink.runtime.executiongraph.ExecutionStateProgressTest
Running org.apache.flink.runtime.executiongraph.LocalInputSplitsTest
Running org.apache.flink.runtime.executiongraph.ExecutionGraphDeploymentTest
Running org.apache.flink.runtime.executiongraph.ExecutionVertexDeploymentTest
Running org.apache.flink.runtime.executiongraph.ExecutionGraphConstructionTest
Picked up JAVA_TOOL_OPTIONS: -XX:CICompilerCount=2 -XX:ParallelGCThreads=2 -XX:ConcGCThreads=2 -Djdk.net.URLClassPath.disableClassPathURLCheck=true -XX:CICompilerCount=2 -XX:ParallelGCThreads=2 -XX:ConcGCThreads=2 -Djdk.net.URLClassPath.disableClassPathURLCheck=true 
Picked up _JAVA_OPTIONS: -Djdk.net.URLClassPath.disableClassPathURLCheck=true
Running org.apache.flink.runtime.executiongraph.PointwisePatternTest
Picked up JAVA_TOOL_OPTIONS: -XX:CICompilerCount=2 -XX:ParallelGCThreads=2 -XX:ConcGCThreads=2 -Djdk.net.URLClassPath.disableClassPathURLCheck=true -XX:CICompilerCount=2 -XX:ParallelGCThreads=2 -XX:ConcGCThreads=2 -Djdk.net.URLClassPath.disableClassPathURLCheck=true 
Picked up JAVA_TOOL_OPTIONS: -XX:CICompilerCount=2 -XX:ParallelGCThreads=2 -XX:ConcGCThreads=2 -Djdk.net.URLClassPath.disableClassPathURLCheck=true -XX:CICompilerCount=2 -XX:ParallelGCThreads=2 -XX:ConcGCThreads=2 -Djdk.net.URLClassPath.disableClassPathURLCheck=true 
Picked up _JAVA_OPTIONS: -Djdk.net.URLClassPath.disableClassPathURLCheck=true
Picked up JAVA_TOOL_OPTIONS: -XX:CICompilerCount=2 -XX:ParallelGCThreads=2 -XX:ConcGCThreads=2 -Djdk.net.URLClassPath.disableClassPathURLCheck=true -XX:CICompilerCount=2 -XX:ParallelGCThreads=2 -XX:ConcGCThreads=2 -Djdk.net.URLClassPath.disableClassPathURLCheck=true 
Running org.apache.flink.runtime.executiongraph.VertexSlotSharingTest
Running org.apache.flink.runtime.jobmanager.JobManagerConnectionTest
Running org.apache.flink.runtime.jobmanager.SlotCountExceedingParallelismTest
Picked up JAVA_TOOL_OPTIONS: -XX:CICompilerCount=2 -XX:ParallelGCThreads=2 -XX:ConcGCThreads=2 -Djdk.net.URLClassPath.disableClassPathURLCheck=true -XX:CICompilerCount=2 -XX:ParallelGCThreads=2 -XX:ConcGCThreads=2 -Djdk.net.URLClassPath.disableClassPathURLCheck=true 
Running org.apache.flink.runtime.jobmanager.scheduler.ScheduleOrUpdateConsumersTest
Running org.apache.flink.runtime.jobmanager.scheduler.SetQueueTest
Running org.apache.flink.runtime.jobmanager.scheduler.SlotAllocationFutureTest
Running org.apache.flink.runtime.jobmanager.scheduler.SharedSlotsTest
Running org.apache.flink.runtime.jobmanager.scheduler.SchedulerIsolatedTasksTest
Running org.apache.flink.runtime.jobmanager.scheduler.SchedulerSlotSharingTest
Picked up JAVA_TOOL_OPTIONS: -XX:CICompilerCount=2 -XX:ParallelGCThreads=2 -XX:ConcGCThreads=2 -Djdk.net.URLClassPath.disableClassPathURLCheck=true -XX:CICompilerCount=2 -XX:ParallelGCThreads=2 -XX:ConcGCThreads=2 -Djdk.net.URLClassPath.disableClassPathURLCheck=true 
Running org.apache.flink.runtime.jobmanager.JobManagerProcessReapingTest
Running org.apache.flink.runtime.jobmanager.scheduler.ScheduleWithCoLocationHintTest
Picked up JAVA_TOOL_OPTIONS: -XX:CICompilerCount=2 -XX:ParallelGCThreads=2 -XX:ConcGCThreads=2 -Djdk.net.URLClassPath.disableClassPathURLCheck=true -XX:CICompilerCount=2 -XX:ParallelGCThreads=2 -XX:ConcGCThreads=2 -Djdk.net.URLClassPath.disableClassPathURLCheck=true 
Running org.apache.flink.runtime.jobmanager.scheduler.LifoSetQueueTest
Running org.apache.flink.runtime.jobmanager.JobManagerStartupTest
Picked up JAVA_TOOL_OPTIONS: -XX:CICompilerCount=2 -XX:ParallelGCThreads=2 -XX:ConcGCThreads=2 -Djdk.net.URLClassPath.disableClassPathURLCheck=true -XX:CICompilerCount=2 -XX:ParallelGCThreads=2 -XX:ConcGCThreads=2 -Djdk.net.URLClassPath.disableClassPathURLCheck=true 
Picked up _JAVA_OPTIONS: -Djdk.net.URLClassPath.disableClassPathURLCheck=true
Running org.apache.flink.runtime.jobmanager.JobSubmitTest
Picked up _JAVA_OPTIONS: -Djdk.net.URLClassPath.disableClassPathURLCheck=true
Picked up _JAVA_OPTIONS: -Djdk.net.URLClassPath.disableClassPathURLCheck=true
Running org.apache.flink.runtime.jobmanager.JobManagerTest
Running org.apache.flink.runtime.operators.CoGroupTaskTest
Picked up JAVA_TOOL_OPTIONS: -XX:CICompilerCount=2 -XX:ParallelGCThreads=2 -XX:ConcGCThreads=2 -Djdk.net.URLClassPath.disableClassPathURLCheck=true -XX:CICompilerCount=2 -XX:ParallelGCThreads=2 -XX:ConcGCThreads=2 -Djdk.net.URLClassPath.disableClassPathURLCheck=true 
Picked up _JAVA_OPTIONS: -Djdk.net.URLClassPath.disableClassPathURLCheck=true
Tests run: 2, Failures: 0, Errors: 0, Skipped: 0, Time elapsed: 0.275 sec - in org.apache.flink.runtime.jobmanager.scheduler.SetQueueTest
Running org.apache.flink.runtime.operators.DataSinkTaskTest
Picked up JAVA_TOOL_OPTIONS: -XX:CICompilerCount=2 -XX:ParallelGCThreads=2 -XX:ConcGCThreads=2 -Djdk.net.URLClassPath.disableClassPathURLCheck=true -XX:CICompilerCount=2 -XX:ParallelGCThreads=2 -XX:ConcGCThreads=2 -Djdk.net.URLClassPath.disableClassPathURLCheck=true 
Picked up _JAVA_OPTIONS: -Djdk.net.URLClassPath.disableClassPathURLCheck=true
Picked up _JAVA_OPTIONS: -Djdk.net.URLClassPath.disableClassPathURLCheck=true
Running org.apache.flink.runtime.operators.drivers.AllGroupReduceDriverTest
Picked up JAVA_TOOL_OPTIONS: -XX:CICompilerCount=2 -XX:ParallelGCThreads=2 -XX:ConcGCThreads=2 -Djdk.net.URLClassPath.disableClassPathURLCheck=true -XX:CICompilerCount=2 -XX:ParallelGCThreads=2 -XX:ConcGCThreads=2 -Djdk.net.URLClassPath.disableClassPathURLCheck=true 
Picked up _JAVA_OPTIONS: -Djdk.net.URLClassPath.disableClassPathURLCheck=true
Picked up JAVA_TOOL_OPTIONS: -XX:CICompilerCount=2 -XX:ParallelGCThreads=2 -XX:ConcGCThreads=2 -Djdk.net.URLClassPath.disableClassPathURLCheck=true -XX:CICompilerCount=2 -XX:ParallelGCThreads=2 -XX:ConcGCThreads=2 -Djdk.net.URLClassPath.disableClassPathURLCheck=true 
Picked up _JAVA_OPTIONS: -Djdk.net.URLClassPath.disableClassPathURLCheck=true
Picked up JAVA_TOOL_OPTIONS: -XX:CICompilerCount=2 -XX:ParallelGCThreads=2 -XX:ConcGCThreads=2 -Djdk.net.URLClassPath.disableClassPathURLCheck=true -XX:CICompilerCount=2 -XX:ParallelGCThreads=2 -XX:ConcGCThreads=2 -Djdk.net.URLClassPath.disableClassPathURLCheck=true 
Picked up _JAVA_OPTIONS: -Djdk.net.URLClassPath.disableClassPathURLCheck=true
Tests run: 2, Failures: 0, Errors: 0, Skipped: 0, Time elapsed: 0.314 sec - in org.apache.flink.runtime.jobmanager.scheduler.LifoSetQueueTest
Picked up JAVA_TOOL_OPTIONS: -XX:CICompilerCount=2 -XX:ParallelGCThreads=2 -XX:ConcGCThreads=2 -Djdk.net.URLClassPath.disableClassPathURLCheck=true -XX:CICompilerCount=2 -XX:ParallelGCThreads=2 -XX:ConcGCThreads=2 -Djdk.net.URLClassPath.disableClassPathURLCheck=true 
Picked up _JAVA_OPTIONS: -Djdk.net.URLClassPath.disableClassPathURLCheck=true
Running org.apache.flink.runtime.operators.drivers.ReduceDriverTest
Picked up _JAVA_OPTIONS: -Djdk.net.URLClassPath.disableClassPathURLCheck=true
Running org.apache.flink.runtime.operators.drivers.ReduceCombineDriverTest
Tests run: 1, Failures: 0, Errors: 0, Skipped: 0, Time elapsed: 1.342 sec - in org.apache.flink.runtime.executiongraph.AllVerticesIteratorTest
Running org.apache.flink.runtime.operators.drivers.GroupReduceDriverTest
Tests run: 3, Failures: 0, Errors: 0, Skipped: 0, Time elapsed: 0.781 sec - in org.apache.flink.runtime.jobmanager.scheduler.SlotAllocationFutureTest
Picked up _JAVA_OPTIONS: -Djdk.net.URLClassPath.disableClassPathURLCheck=true
Running org.apache.flink.runtime.operators.drivers.AllReduceDriverTest
Picked up JAVA_TOOL_OPTIONS: -XX:CICompilerCount=2 -XX:ParallelGCThreads=2 -XX:ConcGCThreads=2 -Djdk.net.URLClassPath.disableClassPathURLCheck=true -XX:CICompilerCount=2 -XX:ParallelGCThreads=2 -XX:ConcGCThreads=2 -Djdk.net.URLClassPath.disableClassPathURLCheck=true 
Picked up _JAVA_OPTIONS: -Djdk.net.URLClassPath.disableClassPathURLCheck=true
Picked up JAVA_TOOL_OPTIONS: -XX:CICompilerCount=2 -XX:ParallelGCThreads=2 -XX:ConcGCThreads=2 -Djdk.net.URLClassPath.disableClassPathURLCheck=true -XX:CICompilerCount=2 -XX:ParallelGCThreads=2 -XX:ConcGCThreads=2 -Djdk.net.URLClassPath.disableClassPathURLCheck=true 
Picked up _JAVA_OPTIONS: -Djdk.net.URLClassPath.disableClassPathURLCheck=true
Picked up JAVA_TOOL_OPTIONS: -XX:CICompilerCount=2 -XX:ParallelGCThreads=2 -XX:ConcGCThreads=2 -Djdk.net.URLClassPath.disableClassPathURLCheck=true -XX:CICompilerCount=2 -XX:ParallelGCThreads=2 -XX:ConcGCThreads=2 -Djdk.net.URLClassPath.disableClassPathURLCheck=true 
Picked up _JAVA_OPTIONS: -Djdk.net.URLClassPath.disableClassPathURLCheck=true
Picked up JAVA_TOOL_OPTIONS: -XX:CICompilerCount=2 -XX:ParallelGCThreads=2 -XX:ConcGCThreads=2 -Djdk.net.URLClassPath.disableClassPathURLCheck=true -XX:CICompilerCount=2 -XX:ParallelGCThreads=2 -XX:ConcGCThreads=2 -Djdk.net.URLClassPath.disableClassPathURLCheck=true 
Picked up _JAVA_OPTIONS: -Djdk.net.URLClassPath.disableClassPathURLCheck=true
Running org.apache.flink.runtime.operators.sort.FixedLengthRecordSorterTest
Running org.apache.flink.runtime.operators.sort.MergeIteratorTest
Running org.apache.flink.runtime.operators.sort.NormalizedKeySorterTest
Tests run: 7, Failures: 0, Errors: 0, Skipped: 0, Time elapsed: 1.339 sec - in org.apache.flink.runtime.executiongraph.PointwisePatternTest
Picked up JAVA_TOOL_OPTIONS: -XX:CICompilerCount=2 -XX:ParallelGCThreads=2 -XX:ConcGCThreads=2 -Djdk.net.URLClassPath.disableClassPathURLCheck=true -XX:CICompilerCount=2 -XX:ParallelGCThreads=2 -XX:ConcGCThreads=2 -Djdk.net.URLClassPath.disableClassPathURLCheck=true 
Picked up _JAVA_OPTIONS: -Djdk.net.URLClassPath.disableClassPathURLCheck=true
Tests run: 8, Failures: 0, Errors: 0, Skipped: 0, Time elapsed: 1.769 sec - in org.apache.flink.runtime.executiongraph.ExecutionGraphConstructionTest
Picked up JAVA_TOOL_OPTIONS: -XX:CICompilerCount=2 -XX:ParallelGCThreads=2 -XX:ConcGCThreads=2 -Djdk.net.URLClassPath.disableClassPathURLCheck=true -XX:CICompilerCount=2 -XX:ParallelGCThreads=2 -XX:ConcGCThreads=2 -Djdk.net.URLClassPath.disableClassPathURLCheck=true 
Picked up _JAVA_OPTIONS: -Djdk.net.URLClassPath.disableClassPathURLCheck=true
Tests run: 3, Failures: 0, Errors: 0, Skipped: 0, Time elapsed: 0.858 sec - in org.apache.flink.runtime.operators.drivers.AllGroupReduceDriverTest
Running org.apache.flink.runtime.operators.sort.LargeRecordHandlerTest
Picked up JAVA_TOOL_OPTIONS: -XX:CICompilerCount=2 -XX:ParallelGCThreads=2 -XX:ConcGCThreads=2 -Djdk.net.URLClassPath.disableClassPathURLCheck=true -XX:CICompilerCount=2 -XX:ParallelGCThreads=2 -XX:ConcGCThreads=2 -Djdk.net.URLClassPath.disableClassPathURLCheck=true 
Picked up _JAVA_OPTIONS: -Djdk.net.URLClassPath.disableClassPathURLCheck=true
Picked up JAVA_TOOL_OPTIONS: -XX:CICompilerCount=2 -XX:ParallelGCThreads=2 -XX:ConcGCThreads=2 -Djdk.net.URLClassPath.disableClassPathURLCheck=true -XX:CICompilerCount=2 -XX:ParallelGCThreads=2 -XX:ConcGCThreads=2 -Djdk.net.URLClassPath.disableClassPathURLCheck=true 
Picked up _JAVA_OPTIONS: -Djdk.net.URLClassPath.disableClassPathURLCheck=true
Running org.apache.flink.runtime.operators.MapTaskTest
Tests run: 3, Failures: 0, Errors: 0, Skipped: 0, Time elapsed: 1.001 sec - in org.apache.flink.runtime.operators.drivers.ReduceCombineDriverTest
Tests run: 3, Failures: 0, Errors: 0, Skipped: 0, Time elapsed: 0.598 sec - in org.apache.flink.runtime.operators.sort.MergeIteratorTest
Tests run: 3, Failures: 0, Errors: 0, Skipped: 0, Time elapsed: 1.171 sec - in org.apache.flink.runtime.operators.drivers.ReduceDriverTest
Running org.apache.flink.runtime.operators.hash.MemoryHashTableTest
Picked up JAVA_TOOL_OPTIONS: -XX:CICompilerCount=2 -XX:ParallelGCThreads=2 -XX:ConcGCThreads=2 -Djdk.net.URLClassPath.disableClassPathURLCheck=true -XX:CICompilerCount=2 -XX:ParallelGCThreads=2 -XX:ConcGCThreads=2 -Djdk.net.URLClassPath.disableClassPathURLCheck=true 
Picked up _JAVA_OPTIONS: -Djdk.net.URLClassPath.disableClassPathURLCheck=true
Tests run: 1, Failures: 0, Errors: 0, Skipped: 0, Time elapsed: 1.867 sec - in org.apache.flink.runtime.executiongraph.VertexSlotSharingTest
Tests run: 6, Failures: 0, Errors: 0, Skipped: 0, Time elapsed: 2.783 sec - in org.apache.flink.runtime.executiongraph.VertexLocationConstraintTest
Tests run: 2, Failures: 0, Errors: 0, Skipped: 0, Time elapsed: 1.801 sec - in org.apache.flink.runtime.jobmanager.scheduler.SharedSlotsTest
Tests run: 11, Failures: 0, Errors: 0, Skipped: 0, Time elapsed: 3.067 sec - in org.apache.flink.runtime.executiongraph.ExecutionVertexCancelTest
Picked up JAVA_TOOL_OPTIONS: -XX:CICompilerCount=2 -XX:ParallelGCThreads=2 -XX:ConcGCThreads=2 -Djdk.net.URLClassPath.disableClassPathURLCheck=true -XX:CICompilerCount=2 -XX:ParallelGCThreads=2 -XX:ConcGCThreads=2 -Djdk.net.URLClassPath.disableClassPathURLCheck=true 
Picked up JAVA_TOOL_OPTIONS: -XX:CICompilerCount=2 -XX:ParallelGCThreads=2 -XX:ConcGCThreads=2 -Djdk.net.URLClassPath.disableClassPathURLCheck=true -XX:CICompilerCount=2 -XX:ParallelGCThreads=2 -XX:ConcGCThreads=2 -Djdk.net.URLClassPath.disableClassPathURLCheck=true 
Picked up _JAVA_OPTIONS: -Djdk.net.URLClassPath.disableClassPathURLCheck=true
Tests run: 1, Failures: 0, Errors: 0, Skipped: 0, Time elapsed: 1.913 sec - in org.apache.flink.runtime.jobmanager.JobManagerTest
Tests run: 3, Failures: 0, Errors: 0, Skipped: 0, Time elapsed: 1.201 sec - in org.apache.flink.runtime.operators.drivers.AllReduceDriverTest
Tests run: 5, Failures: 0, Errors: 0, Skipped: 0, Time elapsed: 1.44 sec - in org.apache.flink.runtime.operators.drivers.GroupReduceDriverTest
Picked up JAVA_TOOL_OPTIONS: -XX:CICompilerCount=2 -XX:ParallelGCThreads=2 -XX:ConcGCThreads=2 -Djdk.net.URLClassPath.disableClassPathURLCheck=true -XX:CICompilerCount=2 -XX:ParallelGCThreads=2 -XX:ConcGCThreads=2 -Djdk.net.URLClassPath.disableClassPathURLCheck=true 
Picked up JAVA_TOOL_OPTIONS: -XX:CICompilerCount=2 -XX:ParallelGCThreads=2 -XX:ConcGCThreads=2 -Djdk.net.URLClassPath.disableClassPathURLCheck=true -XX:CICompilerCount=2 -XX:ParallelGCThreads=2 -XX:ConcGCThreads=2 -Djdk.net.URLClassPath.disableClassPathURLCheck=true 
Picked up _JAVA_OPTIONS: -Djdk.net.URLClassPath.disableClassPathURLCheck=true
Picked up JAVA_TOOL_OPTIONS: -XX:CICompilerCount=2 -XX:ParallelGCThreads=2 -XX:ConcGCThreads=2 -Djdk.net.URLClassPath.disableClassPathURLCheck=true -XX:CICompilerCount=2 -XX:ParallelGCThreads=2 -XX:ConcGCThreads=2 -Djdk.net.URLClassPath.disableClassPathURLCheck=true 
Picked up _JAVA_OPTIONS: -Djdk.net.URLClassPath.disableClassPathURLCheck=true
Picked up JAVA_TOOL_OPTIONS: -XX:CICompilerCount=2 -XX:ParallelGCThreads=2 -XX:ConcGCThreads=2 -Djdk.net.URLClassPath.disableClassPathURLCheck=true -XX:CICompilerCount=2 -XX:ParallelGCThreads=2 -XX:ConcGCThreads=2 -Djdk.net.URLClassPath.disableClassPathURLCheck=true 
Picked up _JAVA_OPTIONS: -Djdk.net.URLClassPath.disableClassPathURLCheck=true
Picked up JAVA_TOOL_OPTIONS: -XX:CICompilerCount=2 -XX:ParallelGCThreads=2 -XX:ConcGCThreads=2 -Djdk.net.URLClassPath.disableClassPathURLCheck=true -XX:CICompilerCount=2 -XX:ParallelGCThreads=2 -XX:ConcGCThreads=2 -Djdk.net.URLClassPath.disableClassPathURLCheck=true 
Picked up _JAVA_OPTIONS: -Djdk.net.URLClassPath.disableClassPathURLCheck=true
Picked up JAVA_TOOL_OPTIONS: -XX:CICompilerCount=2 -XX:ParallelGCThreads=2 -XX:ConcGCThreads=2 -Djdk.net.URLClassPath.disableClassPathURLCheck=true -XX:CICompilerCount=2 -XX:ParallelGCThreads=2 -XX:ConcGCThreads=2 -Djdk.net.URLClassPath.disableClassPathURLCheck=true 
Picked up _JAVA_OPTIONS: -Djdk.net.URLClassPath.disableClassPathURLCheck=true
Picked up JAVA_TOOL_OPTIONS: -XX:CICompilerCount=2 -XX:ParallelGCThreads=2 -XX:ConcGCThreads=2 -Djdk.net.URLClassPath.disableClassPathURLCheck=true -XX:CICompilerCount=2 -XX:ParallelGCThreads=2 -XX:ConcGCThreads=2 -Djdk.net.URLClassPath.disableClassPathURLCheck=true 
Picked up _JAVA_OPTIONS: -Djdk.net.URLClassPath.disableClassPathURLCheck=true
Picked up JAVA_TOOL_OPTIONS: -XX:CICompilerCount=2 -XX:ParallelGCThreads=2 -XX:ConcGCThreads=2 -Djdk.net.URLClassPath.disableClassPathURLCheck=true -XX:CICompilerCount=2 -XX:ParallelGCThreads=2 -XX:ConcGCThreads=2 -Djdk.net.URLClassPath.disableClassPathURLCheck=true 
Picked up _JAVA_OPTIONS: -Djdk.net.URLClassPath.disableClassPathURLCheck=true
Picked up JAVA_TOOL_OPTIONS: -XX:CICompilerCount=2 -XX:ParallelGCThreads=2 -XX:ConcGCThreads=2 -Djdk.net.URLClassPath.disableClassPathURLCheck=true -XX:CICompilerCount=2 -XX:ParallelGCThreads=2 -XX:ConcGCThreads=2 -Djdk.net.URLClassPath.disableClassPathURLCheck=true 
Picked up _JAVA_OPTIONS: -Djdk.net.URLClassPath.disableClassPathURLCheck=true
Picked up JAVA_TOOL_OPTIONS: -XX:CICompilerCount=2 -XX:ParallelGCThreads=2 -XX:ConcGCThreads=2 -Djdk.net.URLClassPath.disableClassPathURLCheck=true -XX:CICompilerCount=2 -XX:ParallelGCThreads=2 -XX:ConcGCThreads=2 -Djdk.net.URLClassPath.disableClassPathURLCheck=true 
Picked up _JAVA_OPTIONS: -Djdk.net.URLClassPath.disableClassPathURLCheck=true
Running org.apache.flink.runtime.io.network.partition.consumer.SingleInputGateTest
Running org.apache.flink.runtime.io.network.partition.consumer.UnionInputGateTest
Picked up JAVA_TOOL_OPTIONS: -XX:CICompilerCount=2 -XX:ParallelGCThreads=2 -XX:ConcGCThreads=2 -Djdk.net.URLClassPath.disableClassPathURLCheck=true -XX:CICompilerCount=2 -XX:ParallelGCThreads=2 -XX:ConcGCThreads=2 -Djdk.net.URLClassPath.disableClassPathURLCheck=true 
Picked up JAVA_TOOL_OPTIONS: -XX:CICompilerCount=2 -XX:ParallelGCThreads=2 -XX:ConcGCThreads=2 -Djdk.net.URLClassPath.disableClassPathURLCheck=true -XX:CICompilerCount=2 -XX:ParallelGCThreads=2 -XX:ConcGCThreads=2 -Djdk.net.URLClassPath.disableClassPathURLCheck=true 
Picked up JAVA_TOOL_OPTIONS: -XX:CICompilerCount=2 -XX:ParallelGCThreads=2 -XX:ConcGCThreads=2 -Djdk.net.URLClassPath.disableClassPathURLCheck=true -XX:CICompilerCount=2 -XX:ParallelGCThreads=2 -XX:ConcGCThreads=2 -Djdk.net.URLClassPath.disableClassPathURLCheck=true 
Running org.apache.flink.runtime.io.network.api.reader.AbstractReaderTest
Running org.apache.flink.runtime.io.network.partition.SpilledSubpartitionViewSyncIOTest
Picked up JAVA_TOOL_OPTIONS: -XX:CICompilerCount=2 -XX:ParallelGCThreads=2 -XX:ConcGCThreads=2 -Djdk.net.URLClassPath.disableClassPathURLCheck=true -XX:CICompilerCount=2 -XX:ParallelGCThreads=2 -XX:ConcGCThreads=2 -Djdk.net.URLClassPath.disableClassPathURLCheck=true 
Picked up JAVA_TOOL_OPTIONS: -XX:CICompilerCount=2 -XX:ParallelGCThreads=2 -XX:ConcGCThreads=2 -Djdk.net.URLClassPath.disableClassPathURLCheck=true -XX:CICompilerCount=2 -XX:ParallelGCThreads=2 -XX:ConcGCThreads=2 -Djdk.net.URLClassPath.disableClassPathURLCheck=true 
Picked up _JAVA_OPTIONS: -Djdk.net.URLClassPath.disableClassPathURLCheck=true
Running org.apache.flink.runtime.io.network.partition.SpilledSubpartitionViewTest
Picked up JAVA_TOOL_OPTIONS: -XX:CICompilerCount=2 -XX:ParallelGCThreads=2 -XX:ConcGCThreads=2 -Djdk.net.URLClassPath.disableClassPathURLCheck=true -XX:CICompilerCount=2 -XX:ParallelGCThreads=2 -XX:ConcGCThreads=2 -Djdk.net.URLClassPath.disableClassPathURLCheck=true 
Running org.apache.flink.runtime.io.network.partition.SpilledSubpartitionViewAsyncIOTest
Picked up JAVA_TOOL_OPTIONS: -XX:CICompilerCount=2 -XX:ParallelGCThreads=2 -XX:ConcGCThreads=2 -Djdk.net.URLClassPath.disableClassPathURLCheck=true -XX:CICompilerCount=2 -XX:ParallelGCThreads=2 -XX:ConcGCThreads=2 -Djdk.net.URLClassPath.disableClassPathURLCheck=true 
Picked up JAVA_TOOL_OPTIONS: -XX:CICompilerCount=2 -XX:ParallelGCThreads=2 -XX:ConcGCThreads=2 -Djdk.net.URLClassPath.disableClassPathURLCheck=true -XX:CICompilerCount=2 -XX:ParallelGCThreads=2 -XX:ConcGCThreads=2 -Djdk.net.URLClassPath.disableClassPathURLCheck=true 
Picked up JAVA_TOOL_OPTIONS: -XX:CICompilerCount=2 -XX:ParallelGCThreads=2 -XX:ConcGCThreads=2 -Djdk.net.URLClassPath.disableClassPathURLCheck=true -XX:CICompilerCount=2 -XX:ParallelGCThreads=2 -XX:ConcGCThreads=2 -Djdk.net.URLClassPath.disableClassPathURLCheck=true 
Running org.apache.flink.runtime.operators.CrossTaskTest
Running org.apache.flink.runtime.operators.CachedMatchTaskTest
Running org.apache.flink.runtime.io.network.partition.SpillableSubpartitionTest
Running org.apache.flink.runtime.operators.chaining.ChainTaskTest
Running org.apache.flink.runtime.operators.CombineTaskTest
Running org.apache.flink.runtime.io.network.partition.PipelinedSubpartitionTest
Running org.apache.flink.runtime.operators.resettable.SpillingResettableMutableObjectIteratorTest
Running org.apache.flink.runtime.operators.MatchTaskTest
Running org.apache.flink.runtime.operators.ReduceTaskTest
Running org.apache.flink.runtime.operators.resettable.NonReusingBlockResettableIteratorTest
Running org.apache.flink.runtime.operators.resettable.ReusingBlockResettableIteratorTest
Running org.apache.flink.runtime.operators.resettable.SpillingResettableIteratorTest
Running org.apache.flink.runtime.operators.util.OutputEmitterTest
Running org.apache.flink.runtime.operators.DataSourceTaskTest
Running org.apache.flink.runtime.operators.resettable.BlockResettableMutableObjectIteratorTest
Running org.apache.flink.runtime.operators.util.RecordOutputEmitterTest
Picked up JAVA_TOOL_OPTIONS: -XX:CICompilerCount=2 -XX:ParallelGCThreads=2 -XX:ConcGCThreads=2 -Djdk.net.URLClassPath.disableClassPathURLCheck=true -XX:CICompilerCount=2 -XX:ParallelGCThreads=2 -XX:ConcGCThreads=2 -Djdk.net.URLClassPath.disableClassPathURLCheck=true 
Picked up _JAVA_OPTIONS: -Djdk.net.URLClassPath.disableClassPathURLCheck=true
Picked up JAVA_TOOL_OPTIONS: -XX:CICompilerCount=2 -XX:ParallelGCThreads=2 -XX:ConcGCThreads=2 -Djdk.net.URLClassPath.disableClassPathURLCheck=true -XX:CICompilerCount=2 -XX:ParallelGCThreads=2 -XX:ConcGCThreads=2 -Djdk.net.URLClassPath.disableClassPathURLCheck=true 
Picked up JAVA_TOOL_OPTIONS: -XX:CICompilerCount=2 -XX:ParallelGCThreads=2 -XX:ConcGCThreads=2 -Djdk.net.URLClassPath.disableClassPathURLCheck=true -XX:CICompilerCount=2 -XX:ParallelGCThreads=2 -XX:ConcGCThreads=2 -Djdk.net.URLClassPath.disableClassPathURLCheck=true 
Picked up _JAVA_OPTIONS: -Djdk.net.URLClassPath.disableClassPathURLCheck=true
Running org.apache.flink.runtime.io.network.api.reader.BufferReaderTest
Picked up JAVA_TOOL_OPTIONS: -XX:CICompilerCount=2 -XX:ParallelGCThreads=2 -XX:ConcGCThreads=2 -Djdk.net.URLClassPath.disableClassPathURLCheck=true -XX:CICompilerCount=2 -XX:ParallelGCThreads=2 -XX:ConcGCThreads=2 -Djdk.net.URLClassPath.disableClassPathURLCheck=true 
Picked up _JAVA_OPTIONS: -Djdk.net.URLClassPath.disableClassPathURLCheck=true
Picked up JAVA_TOOL_OPTIONS: -XX:CICompilerCount=2 -XX:ParallelGCThreads=2 -XX:ConcGCThreads=2 -Djdk.net.URLClassPath.disableClassPathURLCheck=true -XX:CICompilerCount=2 -XX:ParallelGCThreads=2 -XX:ConcGCThreads=2 -Djdk.net.URLClassPath.disableClassPathURLCheck=true 
Picked up _JAVA_OPTIONS: -Djdk.net.URLClassPath.disableClassPathURLCheck=true
Picked up JAVA_TOOL_OPTIONS: -XX:CICompilerCount=2 -XX:ParallelGCThreads=2 -XX:ConcGCThreads=2 -Djdk.net.URLClassPath.disableClassPathURLCheck=true -XX:CICompilerCount=2 -XX:ParallelGCThreads=2 -XX:ConcGCThreads=2 -Djdk.net.URLClassPath.disableClassPathURLCheck=true 
Picked up _JAVA_OPTIONS: -Djdk.net.URLClassPath.disableClassPathURLCheck=true
Running org.apache.flink.runtime.io.network.api.serialization.EventSerializerTest
Picked up JAVA_TOOL_OPTIONS: -XX:CICompilerCount=2 -XX:ParallelGCThreads=2 -XX:ConcGCThreads=2 -Djdk.net.URLClassPath.disableClassPathURLCheck=true -XX:CICompilerCount=2 -XX:ParallelGCThreads=2 -XX:ConcGCThreads=2 -Djdk.net.URLClassPath.disableClassPathURLCheck=true 
Picked up _JAVA_OPTIONS: -Djdk.net.URLClassPath.disableClassPathURLCheck=true
Picked up _JAVA_OPTIONS: -Djdk.net.URLClassPath.disableClassPathURLCheck=true
Picked up JAVA_TOOL_OPTIONS: -XX:CICompilerCount=2 -XX:ParallelGCThreads=2 -XX:ConcGCThreads=2 -Djdk.net.URLClassPath.disableClassPathURLCheck=true -XX:CICompilerCount=2 -XX:ParallelGCThreads=2 -XX:ConcGCThreads=2 -Djdk.net.URLClassPath.disableClassPathURLCheck=true 
Picked up _JAVA_OPTIONS: -Djdk.net.URLClassPath.disableClassPathURLCheck=true
Running org.apache.flink.runtime.io.network.api.serialization.SpanningRecordSerializationTest
Picked up JAVA_TOOL_OPTIONS: -XX:CICompilerCount=2 -XX:ParallelGCThreads=2 -XX:ConcGCThreads=2 -Djdk.net.URLClassPath.disableClassPathURLCheck=true -XX:CICompilerCount=2 -XX:ParallelGCThreads=2 -XX:ConcGCThreads=2 -Djdk.net.URLClassPath.disableClassPathURLCheck=true 
Picked up _JAVA_OPTIONS: -Djdk.net.URLClassPath.disableClassPathURLCheck=true
Picked up JAVA_TOOL_OPTIONS: -XX:CICompilerCount=2 -XX:ParallelGCThreads=2 -XX:ConcGCThreads=2 -Djdk.net.URLClassPath.disableClassPathURLCheck=true -XX:CICompilerCount=2 -XX:ParallelGCThreads=2 -XX:ConcGCThreads=2 -Djdk.net.URLClassPath.disableClassPathURLCheck=true 
Picked up _JAVA_OPTIONS: -Djdk.net.URLClassPath.disableClassPathURLCheck=true
Picked up JAVA_TOOL_OPTIONS: -XX:CICompilerCount=2 -XX:ParallelGCThreads=2 -XX:ConcGCThreads=2 -Djdk.net.URLClassPath.disableClassPathURLCheck=true -XX:CICompilerCount=2 -XX:ParallelGCThreads=2 -XX:ConcGCThreads=2 -Djdk.net.URLClassPath.disableClassPathURLCheck=true 
Picked up _JAVA_OPTIONS: -Djdk.net.URLClassPath.disableClassPathURLCheck=true
Picked up JAVA_TOOL_OPTIONS: -XX:CICompilerCount=2 -XX:ParallelGCThreads=2 -XX:ConcGCThreads=2 -Djdk.net.URLClassPath.disableClassPathURLCheck=true -XX:CICompilerCount=2 -XX:ParallelGCThreads=2 -XX:ConcGCThreads=2 -Djdk.net.URLClassPath.disableClassPathURLCheck=true 
Picked up _JAVA_OPTIONS: -Djdk.net.URLClassPath.disableClassPathURLCheck=true
Running org.apache.flink.runtime.io.network.api.serialization.SpanningRecordSerializerTest
Tests run: 1, Failures: 0, Errors: 0, Skipped: 0, Time elapsed: 3.7 sec - in org.apache.flink.runtime.executiongraph.ExecutionStateProgressTest
Running org.apache.flink.runtime.io.network.api.serialization.PagedViewsTest
Picked up JAVA_TOOL_OPTIONS: -XX:CICompilerCount=2 -XX:ParallelGCThreads=2 -XX:ConcGCThreads=2 -Djdk.net.URLClassPath.disableClassPathURLCheck=true -XX:CICompilerCount=2 -XX:ParallelGCThreads=2 -XX:ConcGCThreads=2 -Djdk.net.URLClassPath.disableClassPathURLCheck=true 
Picked up _JAVA_OPTIONS: -Djdk.net.URLClassPath.disableClassPathURLCheck=true
Picked up JAVA_TOOL_OPTIONS: -XX:CICompilerCount=2 -XX:ParallelGCThreads=2 -XX:ConcGCThreads=2 -Djdk.net.URLClassPath.disableClassPathURLCheck=true -XX:CICompilerCount=2 -XX:ParallelGCThreads=2 -XX:ConcGCThreads=2 -Djdk.net.URLClassPath.disableClassPathURLCheck=true 
Picked up JAVA_TOOL_OPTIONS: -XX:CICompilerCount=2 -XX:ParallelGCThreads=2 -XX:ConcGCThreads=2 -Djdk.net.URLClassPath.disableClassPathURLCheck=true -XX:CICompilerCount=2 -XX:ParallelGCThreads=2 -XX:ConcGCThreads=2 -Djdk.net.URLClassPath.disableClassPathURLCheck=true 
Picked up JAVA_TOOL_OPTIONS: -XX:CICompilerCount=2 -XX:ParallelGCThreads=2 -XX:ConcGCThreads=2 -Djdk.net.URLClassPath.disableClassPathURLCheck=true -XX:CICompilerCount=2 -XX:ParallelGCThreads=2 -XX:ConcGCThreads=2 -Djdk.net.URLClassPath.disableClassPathURLCheck=true 
Picked up JAVA_TOOL_OPTIONS: -XX:CICompilerCount=2 -XX:ParallelGCThreads=2 -XX:ConcGCThreads=2 -Djdk.net.URLClassPath.disableClassPathURLCheck=true -XX:CICompilerCount=2 -XX:ParallelGCThreads=2 -XX:ConcGCThreads=2 -Djdk.net.URLClassPath.disableClassPathURLCheck=true 
Picked up JAVA_TOOL_OPTIONS: -XX:CICompilerCount=2 -XX:ParallelGCThreads=2 -XX:ConcGCThreads=2 -Djdk.net.URLClassPath.disableClassPathURLCheck=true -XX:CICompilerCount=2 -XX:ParallelGCThreads=2 -XX:ConcGCThreads=2 -Djdk.net.URLClassPath.disableClassPathURLCheck=true 
Picked up JAVA_TOOL_OPTIONS: -XX:CICompilerCount=2 -XX:ParallelGCThreads=2 -XX:ConcGCThreads=2 -Djdk.net.URLClassPath.disableClassPathURLCheck=true -XX:CICompilerCount=2 -XX:ParallelGCThreads=2 -XX:ConcGCThreads=2 -Djdk.net.URLClassPath.disableClassPathURLCheck=true 
Tests run: 2, Failures: 0, Errors: 0, Skipped: 0, Time elapsed: 0.759 sec - in org.apache.flink.runtime.io.network.partition.SpillableSubpartitionTest
Running org.apache.flink.runtime.io.network.DefaultChannelSelectorTest
Picked up JAVA_TOOL_OPTIONS: -XX:CICompilerCount=2 -XX:ParallelGCThreads=2 -XX:ConcGCThreads=2 -Djdk.net.URLClassPath.disableClassPathURLCheck=true -XX:CICompilerCount=2 -XX:ParallelGCThreads=2 -XX:ConcGCThreads=2 -Djdk.net.URLClassPath.disableClassPathURLCheck=true 
Tests run: 1, Failures: 0, Errors: 0, Skipped: 0, Time elapsed: 0.008 sec - in org.apache.flink.runtime.io.network.DefaultChannelSelectorTest
Running org.apache.flink.runtime.io.network.netty.PartitionRequestClientHandlerTest
Tests run: 3, Failures: 0, Errors: 0, Skipped: 0, Time elapsed: 3.971 sec - in org.apache.flink.runtime.executiongraph.ExecutionVertexSchedulingTest
Running org.apache.flink.runtime.io.network.netty.NettyMessageSerializationTest
Tests run: 7, Failures: 0, Errors: 0, Skipped: 0, Time elapsed: 0.931 sec - in org.apache.flink.runtime.operators.util.OutputEmitterTest
Running org.apache.flink.runtime.io.network.netty.PartitionRequestClientFactoryTest
Picked up JAVA_TOOL_OPTIONS: -XX:CICompilerCount=2 -XX:ParallelGCThreads=2 -XX:ConcGCThreads=2 -Djdk.net.URLClassPath.disableClassPathURLCheck=true -XX:CICompilerCount=2 -XX:ParallelGCThreads=2 -XX:ConcGCThreads=2 -Djdk.net.URLClassPath.disableClassPathURLCheck=true 
Picked up JAVA_TOOL_OPTIONS: -XX:CICompilerCount=2 -XX:ParallelGCThreads=2 -XX:ConcGCThreads=2 -Djdk.net.URLClassPath.disableClassPathURLCheck=true -XX:CICompilerCount=2 -XX:ParallelGCThreads=2 -XX:ConcGCThreads=2 -Djdk.net.URLClassPath.disableClassPathURLCheck=true 
Picked up JAVA_TOOL_OPTIONS: -XX:CICompilerCount=2 -XX:ParallelGCThreads=2 -XX:ConcGCThreads=2 -Djdk.net.URLClassPath.disableClassPathURLCheck=true -XX:CICompilerCount=2 -XX:ParallelGCThreads=2 -XX:ConcGCThreads=2 -Djdk.net.URLClassPath.disableClassPathURLCheck=true 
Picked up JAVA_TOOL_OPTIONS: -XX:CICompilerCount=2 -XX:ParallelGCThreads=2 -XX:ConcGCThreads=2 -Djdk.net.URLClassPath.disableClassPathURLCheck=true -XX:CICompilerCount=2 -XX:ParallelGCThreads=2 -XX:ConcGCThreads=2 -Djdk.net.URLClassPath.disableClassPathURLCheck=true 
Picked up JAVA_TOOL_OPTIONS: -XX:CICompilerCount=2 -XX:ParallelGCThreads=2 -XX:ConcGCThreads=2 -Djdk.net.URLClassPath.disableClassPathURLCheck=true -XX:CICompilerCount=2 -XX:ParallelGCThreads=2 -XX:ConcGCThreads=2 -Djdk.net.URLClassPath.disableClassPathURLCheck=true 
Picked up _JAVA_OPTIONS: -Djdk.net.URLClassPath.disableClassPathURLCheck=true
Tests run: 3, Failures: 0, Errors: 0, Skipped: 0, Time elapsed: 1.098 sec - in org.apache.flink.runtime.operators.resettable.ReusingBlockResettableIteratorTest
Running org.apache.flink.runtime.io.network.buffer.LocalBufferPoolTest
Running org.apache.flink.runtime.io.network.buffer.BufferTest
Picked up JAVA_TOOL_OPTIONS: -XX:CICompilerCount=2 -XX:ParallelGCThreads=2 -XX:ConcGCThreads=2 -Djdk.net.URLClassPath.disableClassPathURLCheck=true -XX:CICompilerCount=2 -XX:ParallelGCThreads=2 -XX:ConcGCThreads=2 -Djdk.net.URLClassPath.disableClassPathURLCheck=true 
Picked up _JAVA_OPTIONS: -Djdk.net.URLClassPath.disableClassPathURLCheck=true
Picked up JAVA_TOOL_OPTIONS: -XX:CICompilerCount=2 -XX:ParallelGCThreads=2 -XX:ConcGCThreads=2 -Djdk.net.URLClassPath.disableClassPathURLCheck=true -XX:CICompilerCount=2 -XX:ParallelGCThreads=2 -XX:ConcGCThreads=2 -Djdk.net.URLClassPath.disableClassPathURLCheck=true 
Picked up _JAVA_OPTIONS: -Djdk.net.URLClassPath.disableClassPathURLCheck=true
Picked up JAVA_TOOL_OPTIONS: -XX:CICompilerCount=2 -XX:ParallelGCThreads=2 -XX:ConcGCThreads=2 -Djdk.net.URLClassPath.disableClassPathURLCheck=true -XX:CICompilerCount=2 -XX:ParallelGCThreads=2 -XX:ConcGCThreads=2 -Djdk.net.URLClassPath.disableClassPathURLCheck=true 
Picked up _JAVA_OPTIONS: -Djdk.net.URLClassPath.disableClassPathURLCheck=true
Picked up JAVA_TOOL_OPTIONS: -XX:CICompilerCount=2 -XX:ParallelGCThreads=2 -XX:ConcGCThreads=2 -Djdk.net.URLClassPath.disableClassPathURLCheck=true -XX:CICompilerCount=2 -XX:ParallelGCThreads=2 -XX:ConcGCThreads=2 -Djdk.net.URLClassPath.disableClassPathURLCheck=true 
Picked up _JAVA_OPTIONS: -Djdk.net.URLClassPath.disableClassPathURLCheck=true
Picked up JAVA_TOOL_OPTIONS: -XX:CICompilerCount=2 -XX:ParallelGCThreads=2 -XX:ConcGCThreads=2 -Djdk.net.URLClassPath.disableClassPathURLCheck=true -XX:CICompilerCount=2 -XX:ParallelGCThreads=2 -XX:ConcGCThreads=2 -Djdk.net.URLClassPath.disableClassPathURLCheck=true 
Picked up JAVA_TOOL_OPTIONS: -XX:CICompilerCount=2 -XX:ParallelGCThreads=2 -XX:ConcGCThreads=2 -Djdk.net.URLClassPath.disableClassPathURLCheck=true -XX:CICompilerCount=2 -XX:ParallelGCThreads=2 -XX:ConcGCThreads=2 -Djdk.net.URLClassPath.disableClassPathURLCheck=true 
Picked up _JAVA_OPTIONS: -Djdk.net.URLClassPath.disableClassPathURLCheck=true
Picked up _JAVA_OPTIONS: -Djdk.net.URLClassPath.disableClassPathURLCheck=true
Picked up JAVA_TOOL_OPTIONS: -XX:CICompilerCount=2 -XX:ParallelGCThreads=2 -XX:ConcGCThreads=2 -Djdk.net.URLClassPath.disableClassPathURLCheck=true -XX:CICompilerCount=2 -XX:ParallelGCThreads=2 -XX:ConcGCThreads=2 -Djdk.net.URLClassPath.disableClassPathURLCheck=true 
Picked up _JAVA_OPTIONS: -Djdk.net.URLClassPath.disableClassPathURLCheck=true
Picked up _JAVA_OPTIONS: -Djdk.net.URLClassPath.disableClassPathURLCheck=true
Picked up _JAVA_OPTIONS: -Djdk.net.URLClassPath.disableClassPathURLCheck=true
Picked up _JAVA_OPTIONS: -Djdk.net.URLClassPath.disableClassPathURLCheck=true
Picked up JAVA_TOOL_OPTIONS: -XX:CICompilerCount=2 -XX:ParallelGCThreads=2 -XX:ConcGCThreads=2 -Djdk.net.URLClassPath.disableClassPathURLCheck=true -XX:CICompilerCount=2 -XX:ParallelGCThreads=2 -XX:ConcGCThreads=2 -Djdk.net.URLClassPath.disableClassPathURLCheck=true 
Picked up _JAVA_OPTIONS: -Djdk.net.URLClassPath.disableClassPathURLCheck=true
Picked up JAVA_TOOL_OPTIONS: -XX:CICompilerCount=2 -XX:ParallelGCThreads=2 -XX:ConcGCThreads=2 -Djdk.net.URLClassPath.disableClassPathURLCheck=true -XX:CICompilerCount=2 -XX:ParallelGCThreads=2 -XX:ConcGCThreads=2 -Djdk.net.URLClassPath.disableClassPathURLCheck=true 
Picked up _JAVA_OPTIONS: -Djdk.net.URLClassPath.disableClassPathURLCheck=true
Picked up _JAVA_OPTIONS: -Djdk.net.URLClassPath.disableClassPathURLCheck=true
Picked up JAVA_TOOL_OPTIONS: -XX:CICompilerCount=2 -XX:ParallelGCThreads=2 -XX:ConcGCThreads=2 -Djdk.net.URLClassPath.disableClassPathURLCheck=true -XX:CICompilerCount=2 -XX:ParallelGCThreads=2 -XX:ConcGCThreads=2 -Djdk.net.URLClassPath.disableClassPathURLCheck=true 
Picked up _JAVA_OPTIONS: -Djdk.net.URLClassPath.disableClassPathURLCheck=true
Running org.apache.flink.runtime.io.network.serialization.LargeRecordsTest
Running org.apache.flink.runtime.io.disk.iomanager.AsynchronousBufferFileWriterTest
Running org.apache.flink.runtime.io.disk.FileChannelStreamsTest
Picked up JAVA_TOOL_OPTIONS: -XX:CICompilerCount=2 -XX:ParallelGCThreads=2 -XX:ConcGCThreads=2 -Djdk.net.URLClassPath.disableClassPathURLCheck=true -XX:CICompilerCount=2 -XX:ParallelGCThreads=2 -XX:ConcGCThreads=2 -Djdk.net.URLClassPath.disableClassPathURLCheck=true 
Picked up _JAVA_OPTIONS: -Djdk.net.URLClassPath.disableClassPathURLCheck=true
Picked up JAVA_TOOL_OPTIONS: -XX:CICompilerCount=2 -XX:ParallelGCThreads=2 -XX:ConcGCThreads=2 -Djdk.net.URLClassPath.disableClassPathURLCheck=true -XX:CICompilerCount=2 -XX:ParallelGCThreads=2 -XX:ConcGCThreads=2 -Djdk.net.URLClassPath.disableClassPathURLCheck=true 
Picked up _JAVA_OPTIONS: -Djdk.net.URLClassPath.disableClassPathURLCheck=true
Running org.apache.flink.runtime.io.disk.SpillingBufferTest
Running org.apache.flink.runtime.io.disk.iomanager.BufferFileWriterFileSegmentReaderTest
Picked up JAVA_TOOL_OPTIONS: -XX:CICompilerCount=2 -XX:ParallelGCThreads=2 -XX:ConcGCThreads=2 -Djdk.net.URLClassPath.disableClassPathURLCheck=true -XX:CICompilerCount=2 -XX:ParallelGCThreads=2 -XX:ConcGCThreads=2 -Djdk.net.URLClassPath.disableClassPathURLCheck=true 
Picked up _JAVA_OPTIONS: -Djdk.net.URLClassPath.disableClassPathURLCheck=true
Picked up JAVA_TOOL_OPTIONS: -XX:CICompilerCount=2 -XX:ParallelGCThreads=2 -XX:ConcGCThreads=2 -Djdk.net.URLClassPath.disableClassPathURLCheck=true -XX:CICompilerCount=2 -XX:ParallelGCThreads=2 -XX:ConcGCThreads=2 -Djdk.net.URLClassPath.disableClassPathURLCheck=true 
Picked up _JAVA_OPTIONS: -Djdk.net.URLClassPath.disableClassPathURLCheck=true
Picked up JAVA_TOOL_OPTIONS: -XX:CICompilerCount=2 -XX:ParallelGCThreads=2 -XX:ConcGCThreads=2 -Djdk.net.URLClassPath.disableClassPathURLCheck=true -XX:CICompilerCount=2 -XX:ParallelGCThreads=2 -XX:ConcGCThreads=2 -Djdk.net.URLClassPath.disableClassPathURLCheck=true 
Picked up _JAVA_OPTIONS: -Djdk.net.URLClassPath.disableClassPathURLCheck=true
Picked up JAVA_TOOL_OPTIONS: -XX:CICompilerCount=2 -XX:ParallelGCThreads=2 -XX:ConcGCThreads=2 -Djdk.net.URLClassPath.disableClassPathURLCheck=true -XX:CICompilerCount=2 -XX:ParallelGCThreads=2 -XX:ConcGCThreads=2 -Djdk.net.URLClassPath.disableClassPathURLCheck=true 
Picked up _JAVA_OPTIONS: -Djdk.net.URLClassPath.disableClassPathURLCheck=true
Running org.apache.flink.runtime.io.disk.iomanager.IOManagerAsyncTest
Running org.apache.flink.runtime.io.network.buffer.BufferPoolFactoryTest
Running org.apache.flink.runtime.io.disk.ChannelViewsTest
Running org.apache.flink.runtime.io.disk.iomanager.IOManagerTest
Running org.apache.flink.runtime.io.disk.iomanager.BufferFileWriterReaderTest
Running org.apache.flink.runtime.io.network.DataExchangeModeTest
Running org.apache.flink.runtime.io.disk.SeekableFileChannelInputViewTest
Running org.apache.flink.runtime.io.disk.iomanager.AsynchronousFileIOChannelTest
Running org.apache.flink.runtime.profiling.impl.InstanceProfilerTest
Picked up JAVA_TOOL_OPTIONS: -XX:CICompilerCount=2 -XX:ParallelGCThreads=2 -XX:ConcGCThreads=2 -Djdk.net.URLClassPath.disableClassPathURLCheck=true -XX:CICompilerCount=2 -XX:ParallelGCThreads=2 -XX:ConcGCThreads=2 -Djdk.net.URLClassPath.disableClassPathURLCheck=true 
Picked up _JAVA_OPTIONS: -Djdk.net.URLClassPath.disableClassPathURLCheck=true
Picked up _JAVA_OPTIONS: -Djdk.net.URLClassPath.disableClassPathURLCheck=true
Picked up JAVA_TOOL_OPTIONS: -XX:CICompilerCount=2 -XX:ParallelGCThreads=2 -XX:ConcGCThreads=2 -Djdk.net.URLClassPath.disableClassPathURLCheck=true -XX:CICompilerCount=2 -XX:ParallelGCThreads=2 -XX:ConcGCThreads=2 -Djdk.net.URLClassPath.disableClassPathURLCheck=true 
Picked up _JAVA_OPTIONS: -Djdk.net.URLClassPath.disableClassPathURLCheck=true
Picked up _JAVA_OPTIONS: -Djdk.net.URLClassPath.disableClassPathURLCheck=true
Running org.apache.flink.runtime.util.AtomicDisposableReferenceCounterTest
Running org.apache.flink.runtime.profiling.types.ProfilingTypesTest
Tests run: 3, Failures: 0, Errors: 0, Skipped: 0, Time elapsed: 1.324 sec - in org.apache.flink.runtime.operators.resettable.NonReusingBlockResettableIteratorTest
Running org.apache.flink.runtime.util.DelegatingConfigurationTest
Picked up _JAVA_OPTIONS: -Djdk.net.URLClassPath.disableClassPathURLCheck=true
Picked up _JAVA_OPTIONS: -Djdk.net.URLClassPath.disableClassPathURLCheck=true
Picked up _JAVA_OPTIONS: -Djdk.net.URLClassPath.disableClassPathURLCheck=true
Picked up JAVA_TOOL_OPTIONS: -XX:CICompilerCount=2 -XX:ParallelGCThreads=2 -XX:ConcGCThreads=2 -Djdk.net.URLClassPath.disableClassPathURLCheck=true -XX:CICompilerCount=2 -XX:ParallelGCThreads=2 -XX:ConcGCThreads=2 -Djdk.net.URLClassPath.disableClassPathURLCheck=true 
Picked up _JAVA_OPTIONS: -Djdk.net.URLClassPath.disableClassPathURLCheck=true
Picked up _JAVA_OPTIONS: -Djdk.net.URLClassPath.disableClassPathURLCheck=true
Picked up JAVA_TOOL_OPTIONS: -XX:CICompilerCount=2 -XX:ParallelGCThreads=2 -XX:ConcGCThreads=2 -Djdk.net.URLClassPath.disableClassPathURLCheck=true -XX:CICompilerCount=2 -XX:ParallelGCThreads=2 -XX:ConcGCThreads=2 -Djdk.net.URLClassPath.disableClassPathURLCheck=true 
Picked up _JAVA_OPTIONS: -Djdk.net.URLClassPath.disableClassPathURLCheck=true
Picked up _JAVA_OPTIONS: -Djdk.net.URLClassPath.disableClassPathURLCheck=true
Picked up JAVA_TOOL_OPTIONS: -XX:CICompilerCount=2 -XX:ParallelGCThreads=2 -XX:ConcGCThreads=2 -Djdk.net.URLClassPath.disableClassPathURLCheck=true -XX:CICompilerCount=2 -XX:ParallelGCThreads=2 -XX:ConcGCThreads=2 -Djdk.net.URLClassPath.disableClassPathURLCheck=true 
Picked up _JAVA_OPTIONS: -Djdk.net.URLClassPath.disableClassPathURLCheck=true
Picked up JAVA_TOOL_OPTIONS: -XX:CICompilerCount=2 -XX:ParallelGCThreads=2 -XX:ConcGCThreads=2 -Djdk.net.URLClassPath.disableClassPathURLCheck=true -XX:CICompilerCount=2 -XX:ParallelGCThreads=2 -XX:ConcGCThreads=2 -Djdk.net.URLClassPath.disableClassPathURLCheck=true 
Picked up _JAVA_OPTIONS: -Djdk.net.URLClassPath.disableClassPathURLCheck=true
Picked up JAVA_TOOL_OPTIONS: -XX:CICompilerCount=2 -XX:ParallelGCThreads=2 -XX:ConcGCThreads=2 -Djdk.net.URLClassPath.disableClassPathURLCheck=true -XX:CICompilerCount=2 -XX:ParallelGCThreads=2 -XX:ConcGCThreads=2 -Djdk.net.URLClassPath.disableClassPathURLCheck=true 
Picked up JAVA_TOOL_OPTIONS: -XX:CICompilerCount=2 -XX:ParallelGCThreads=2 -XX:ConcGCThreads=2 -Djdk.net.URLClassPath.disableClassPathURLCheck=true -XX:CICompilerCount=2 -XX:ParallelGCThreads=2 -XX:ConcGCThreads=2 -Djdk.net.URLClassPath.disableClassPathURLCheck=true 
Picked up _JAVA_OPTIONS: -Djdk.net.URLClassPath.disableClassPathURLCheck=true
Picked up _JAVA_OPTIONS: -Djdk.net.URLClassPath.disableClassPathURLCheck=true
Picked up JAVA_TOOL_OPTIONS: -XX:CICompilerCount=2 -XX:ParallelGCThreads=2 -XX:ConcGCThreads=2 -Djdk.net.URLClassPath.disableClassPathURLCheck=true -XX:CICompilerCount=2 -XX:ParallelGCThreads=2 -XX:ConcGCThreads=2 -Djdk.net.URLClassPath.disableClassPathURLCheck=true 
Picked up _JAVA_OPTIONS: -Djdk.net.URLClassPath.disableClassPathURLCheck=true
Running org.apache.flink.runtime.util.LRUCacheMapTest
Running org.apache.flink.runtime.util.ReusingKeyGroupedIteratorTest
Running org.apache.flink.runtime.util.NonReusingKeyGroupedIteratorTest
Running org.apache.flink.runtime.util.event.TaskEventHandlerTest
Running org.apache.flink.runtime.util.MathUtilTest
Tests run: 1, Failures: 0, Errors: 0, Skipped: 0, Time elapsed: 0.024 sec - in org.apache.flink.runtime.util.DelegatingConfigurationTest
Running org.apache.flink.runtime.util.DataInputOutputSerializerTest
Picked up JAVA_TOOL_OPTIONS: -XX:CICompilerCount=2 -XX:ParallelGCThreads=2 -XX:ConcGCThreads=2 -Djdk.net.URLClassPath.disableClassPathURLCheck=true -XX:CICompilerCount=2 -XX:ParallelGCThreads=2 -XX:ConcGCThreads=2 -Djdk.net.URLClassPath.disableClassPathURLCheck=true 
Picked up _JAVA_OPTIONS: -Djdk.net.URLClassPath.disableClassPathURLCheck=true
Picked up _JAVA_OPTIONS: -Djdk.net.URLClassPath.disableClassPathURLCheck=true
Picked up JAVA_TOOL_OPTIONS: -XX:CICompilerCount=2 -XX:ParallelGCThreads=2 -XX:ConcGCThreads=2 -Djdk.net.URLClassPath.disableClassPathURLCheck=true -XX:CICompilerCount=2 -XX:ParallelGCThreads=2 -XX:ConcGCThreads=2 -Djdk.net.URLClassPath.disableClassPathURLCheck=true 
Picked up _JAVA_OPTIONS: -Djdk.net.URLClassPath.disableClassPathURLCheck=true
Picked up JAVA_TOOL_OPTIONS: -XX:CICompilerCount=2 -XX:ParallelGCThreads=2 -XX:ConcGCThreads=2 -Djdk.net.URLClassPath.disableClassPathURLCheck=true -XX:CICompilerCount=2 -XX:ParallelGCThreads=2 -XX:ConcGCThreads=2 -Djdk.net.URLClassPath.disableClassPathURLCheck=true 
Picked up _JAVA_OPTIONS: -Djdk.net.URLClassPath.disableClassPathURLCheck=true
Running org.apache.flink.runtime.util.EnvironmentInformationTest
Picked up _JAVA_OPTIONS: -Djdk.net.URLClassPath.disableClassPathURLCheck=true
Picked up _JAVA_OPTIONS: -Djdk.net.URLClassPath.disableClassPathURLCheck=true
Picked up _JAVA_OPTIONS: -Djdk.net.URLClassPath.disableClassPathURLCheck=true
Picked up _JAVA_OPTIONS: -Djdk.net.URLClassPath.disableClassPathURLCheck=true
Running org.apache.flink.runtime.iterative.concurrent.BrokerTest
Picked up _JAVA_OPTIONS: -Djdk.net.URLClassPath.disableClassPathURLCheck=true
Picked up _JAVA_OPTIONS: -Djdk.net.URLClassPath.disableClassPathURLCheck=true
Picked up _JAVA_OPTIONS: -Djdk.net.URLClassPath.disableClassPathURLCheck=true
Picked up _JAVA_OPTIONS: -Djdk.net.URLClassPath.disableClassPathURLCheck=true
Picked up JAVA_TOOL_OPTIONS: -XX:CICompilerCount=2 -XX:ParallelGCThreads=2 -XX:ConcGCThreads=2 -Djdk.net.URLClassPath.disableClassPathURLCheck=true -XX:CICompilerCount=2 -XX:ParallelGCThreads=2 -XX:ConcGCThreads=2 -Djdk.net.URLClassPath.disableClassPathURLCheck=true 
Picked up _JAVA_OPTIONS: -Djdk.net.URLClassPath.disableClassPathURLCheck=true
Running org.apache.flink.runtime.iterative.event.EventWithAggregatorsTest
Running org.apache.flink.runtime.instance.SimpleSlotTest
Picked up _JAVA_OPTIONS: -Djdk.net.URLClassPath.disableClassPathURLCheck=true
Running org.apache.flink.runtime.instance.HardwareTest
Running org.apache.flink.runtime.types.StringRecordTest
Running org.apache.flink.runtime.instance.InstanceManagerTest
Running org.apache.flink.runtime.instance.InstanceConnectionInfoTest
Running org.apache.flink.runtime.iterative.concurrent.SuperstepKickoffLatchTest
Running org.apache.flink.runtime.iterative.concurrent.SuperstepBarrierTest
Running org.apache.flink.runtime.iterative.concurrent.BlockingBackChannelTest
Picked up JAVA_TOOL_OPTIONS: -XX:CICompilerCount=2 -XX:ParallelGCThreads=2 -XX:ConcGCThreads=2 -Djdk.net.URLClassPath.disableClassPathURLCheck=true -XX:CICompilerCount=2 -XX:ParallelGCThreads=2 -XX:ConcGCThreads=2 -Djdk.net.URLClassPath.disableClassPathURLCheck=true 
Picked up _JAVA_OPTIONS: -Djdk.net.URLClassPath.disableClassPathURLCheck=true
Running org.apache.flink.runtime.jobgraph.JobGraphTest
Running org.apache.flink.runtime.instance.InstanceTest
Picked up JAVA_TOOL_OPTIONS: -XX:CICompilerCount=2 -XX:ParallelGCThreads=2 -XX:ConcGCThreads=2 -Djdk.net.URLClassPath.disableClassPathURLCheck=true -XX:CICompilerCount=2 -XX:ParallelGCThreads=2 -XX:ConcGCThreads=2 -Djdk.net.URLClassPath.disableClassPathURLCheck=true 
Picked up _JAVA_OPTIONS: -Djdk.net.URLClassPath.disableClassPathURLCheck=true
Running org.apache.flink.runtime.blob.BlobCacheSuccessTest
Tests run: 1, Failures: 0, Errors: 0, Skipped: 0, Time elapsed: 1.138 sec - in org.apache.flink.runtime.io.network.api.serialization.EventSerializerTest
Picked up JAVA_TOOL_OPTIONS: -XX:CICompilerCount=2 -XX:ParallelGCThreads=2 -XX:ConcGCThreads=2 -Djdk.net.URLClassPath.disableClassPathURLCheck=true -XX:CICompilerCount=2 -XX:ParallelGCThreads=2 -XX:ConcGCThreads=2 -Djdk.net.URLClassPath.disableClassPathURLCheck=true 
Picked up _JAVA_OPTIONS: -Djdk.net.URLClassPath.disableClassPathURLCheck=true
Running org.apache.flink.runtime.memory.MemorySegmentTest
Running org.apache.flink.runtime.blob.BlobCacheRetriesTest
Running org.apache.flink.runtime.fs.s3.S3FileSystemTest
Running org.apache.flink.runtime.blob.BlobServerDeleteTest
Running org.apache.flink.runtime.taskmanager.TaskExecutionStateTest
Running org.apache.flink.runtime.deployment.TaskDeploymentDescriptorTest
Running org.apache.flink.runtime.blob.BlobClientTest
Running org.apache.flink.runtime.blob.BlobServerPutTest
Running org.apache.flink.runtime.memory.DefaultMemoryManagerTest
Running org.apache.flink.runtime.taskmanager.TaskManagerTest
Running org.apache.flink.runtime.taskmanager.TaskManagerProcessReapingTest
Running org.apache.flink.runtime.taskmanager.TaskTest
Running org.apache.flink.runtime.jobgraph.JobIdTest
Running org.apache.flink.runtime.blob.BlobUtilsTest
Running org.apache.flink.runtime.blob.BlobServerGetTest
Picked up JAVA_TOOL_OPTIONS: -XX:CICompilerCount=2 -XX:ParallelGCThreads=2 -XX:ConcGCThreads=2 -Djdk.net.URLClassPath.disableClassPathURLCheck=true -XX:CICompilerCount=2 -XX:ParallelGCThreads=2 -XX:ConcGCThreads=2 -Djdk.net.URLClassPath.disableClassPathURLCheck=true 
Picked up _JAVA_OPTIONS: -Djdk.net.URLClassPath.disableClassPathURLCheck=true
Running org.apache.flink.runtime.execution.librarycache.BlobLibraryCacheManagerTest
Running org.apache.flink.runtime.event.task.TaskEventTest
Tests run: 3, Failures: 0, Errors: 0, Skipped: 0, Time elapsed: 1.728 sec - in org.apache.flink.runtime.operators.resettable.BlockResettableMutableObjectIteratorTest
Running org.apache.flink.runtime.net.NetUtilsTest
Running org.apache.flink.runtime.filecache.FileCacheDeleteValidationTest
Running org.apache.flink.runtime.blob.BlobKeyTest
Running org.apache.flink.runtime.types.TypeTest
Picked up JAVA_TOOL_OPTIONS: -XX:CICompilerCount=2 -XX:ParallelGCThreads=2 -XX:ConcGCThreads=2 -Djdk.net.URLClassPath.disableClassPathURLCheck=true -XX:CICompilerCount=2 -XX:ParallelGCThreads=2 -XX:ConcGCThreads=2 -Djdk.net.URLClassPath.disableClassPathURLCheck=true 
Picked up _JAVA_OPTIONS: -Djdk.net.URLClassPath.disableClassPathURLCheck=true
Picked up JAVA_TOOL_OPTIONS: -XX:CICompilerCount=2 -XX:ParallelGCThreads=2 -XX:ConcGCThreads=2 -Djdk.net.URLClassPath.disableClassPathURLCheck=true -XX:CICompilerCount=2 -XX:ParallelGCThreads=2 -XX:ConcGCThreads=2 -Djdk.net.URLClassPath.disableClassPathURLCheck=true 
Picked up _JAVA_OPTIONS: -Djdk.net.URLClassPath.disableClassPathURLCheck=true
Picked up JAVA_TOOL_OPTIONS: -XX:CICompilerCount=2 -XX:ParallelGCThreads=2 -XX:ConcGCThreads=2 -Djdk.net.URLClassPath.disableClassPathURLCheck=true -XX:CICompilerCount=2 -XX:ParallelGCThreads=2 -XX:ConcGCThreads=2 -Djdk.net.URLClassPath.disableClassPathURLCheck=true 
Picked up _JAVA_OPTIONS: -Djdk.net.URLClassPath.disableClassPathURLCheck=true
Tests run: 3, Failures: 0, Errors: 0, Skipped: 0, Time elapsed: 0.486 sec - in org.apache.flink.runtime.io.network.DataExchangeModeTest
Picked up JAVA_TOOL_OPTIONS: -XX:CICompilerCount=2 -XX:ParallelGCThreads=2 -XX:ConcGCThreads=2 -Djdk.net.URLClassPath.disableClassPathURLCheck=true -XX:CICompilerCount=2 -XX:ParallelGCThreads=2 -XX:ConcGCThreads=2 -Djdk.net.URLClassPath.disableClassPathURLCheck=true 
Picked up _JAVA_OPTIONS: -Djdk.net.URLClassPath.disableClassPathURLCheck=true
Tests run: 7, Failures: 0, Errors: 0, Skipped: 0, Time elapsed: 4.809 sec - in org.apache.flink.runtime.executiongraph.LocalInputSplitsTest
Tests run: 7, Failures: 0, Errors: 0, Skipped: 0, Time elapsed: 4.637 sec - in org.apache.flink.runtime.executiongraph.ExecutionVertexDeploymentTest
Running org.apache.flink.runtime.jobgraph.JobTaskVertexTest
Tests run: 3, Failures: 0, Errors: 0, Skipped: 0, Time elapsed: 0.489 sec - in org.apache.flink.runtime.util.MathUtilTest
Tests run: 5, Failures: 0, Errors: 0, Skipped: 0, Time elapsed: 0.547 sec - in org.apache.flink.runtime.util.LRUCacheMapTest
Tests run: 3, Failures: 0, Errors: 0, Skipped: 0, Time elapsed: 0.633 sec - in org.apache.flink.runtime.util.AtomicDisposableReferenceCounterTest
Tests run: 4, Failures: 0, Errors: 0, Skipped: 0, Time elapsed: 0.63 sec - in org.apache.flink.runtime.util.ReusingKeyGroupedIteratorTest
Tests run: 2, Failures: 0, Errors: 0, Skipped: 0, Time elapsed: 0.554 sec - in org.apache.flink.runtime.iterative.event.EventWithAggregatorsTest
Tests run: 4, Failures: 0, Errors: 0, Skipped: 0, Time elapsed: 1.637 sec - in org.apache.flink.runtime.io.network.api.reader.AbstractReaderTest
Tests run: 1, Failures: 0, Errors: 0, Skipped: 0, Time elapsed: 0.719 sec - in org.apache.flink.runtime.util.event.TaskEventHandlerTest
Tests run: 1, Failures: 0, Errors: 0, Skipped: 0, Time elapsed: 0.359 sec - in org.apache.flink.runtime.jobgraph.JobIdTest
Tests run: 4, Failures: 0, Errors: 0, Skipped: 0, Time elapsed: 0.848 sec - in org.apache.flink.runtime.util.NonReusingKeyGroupedIteratorTest
Tests run: 3, Failures: 0, Errors: 0, Skipped: 0, Time elapsed: 0.939 sec - in org.apache.flink.runtime.profiling.types.ProfilingTypesTest
Tests run: 2, Failures: 0, Errors: 0, Skipped: 0, Time elapsed: 0.575 sec - in org.apache.flink.runtime.types.TypeTest
Tests run: 7, Failures: 0, Errors: 0, Skipped: 0, Time elapsed: 1.037 sec - in org.apache.flink.runtime.io.network.buffer.BufferPoolFactoryTest
Tests run: 3, Failures: 0, Errors: 0, Skipped: 0, Time elapsed: 0.655 sec - in org.apache.flink.runtime.event.task.TaskEventTest
Tests run: 2, Failures: 0, Errors: 1, Skipped: 0, Time elapsed: 1.636 sec <<< FAILURE! - in org.apache.flink.runtime.io.network.netty.PartitionRequestClientHandlerTest
testReceiveEmptyBuffer(org.apache.flink.runtime.io.network.netty.PartitionRequestClientHandlerTest)  Time elapsed: 1.566 sec  <<< ERROR!
java.lang.NullPointerException: null
	at org.apache.flink.runtime.io.network.netty.PartitionRequestClientHandler.notifyAllChannelsOfErrorAndClose(PartitionRequestClientHandler.java:136)
	at org.apache.flink.runtime.io.network.netty.PartitionRequestClientHandler.channelRead(PartitionRequestClientHandler.java:125)
	at org.apache.flink.runtime.io.network.netty.PartitionRequestClientHandlerTest.testReceiveEmptyBuffer(PartitionRequestClientHandlerTest.java:103)

Tests run: 5, Failures: 0, Errors: 0, Skipped: 0, Time elapsed: 0.831 sec - in org.apache.flink.runtime.iterative.concurrent.SuperstepKickoffLatchTest
Tests run: 1, Failures: 0, Errors: 0, Skipped: 0, Time elapsed: 2.371 sec - in org.apache.flink.runtime.io.network.partition.consumer.UnionInputGateTest
Tests run: 2, Failures: 0, Errors: 0, Skipped: 0, Time elapsed: 1.034 sec - in org.apache.flink.runtime.blob.BlobUtilsTest
Tests run: 1, Failures: 0, Errors: 0, Skipped: 0, Time elapsed: 1.456 sec - in org.apache.flink.runtime.io.disk.iomanager.IOManagerTest
Tests run: 4, Failures: 0, Errors: 0, Skipped: 0, Time elapsed: 1.132 sec - in org.apache.flink.runtime.instance.InstanceTest
Tests run: 2, Failures: 0, Errors: 0, Skipped: 0, Time elapsed: 1.141 sec - in org.apache.flink.runtime.instance.HardwareTest
Tests run: 2, Failures: 0, Errors: 0, Skipped: 0, Time elapsed: 1.171 sec - in org.apache.flink.runtime.taskmanager.TaskExecutionStateTest
Tests run: 4, Failures: 0, Errors: 0, Skipped: 0, Time elapsed: 1.083 sec - in org.apache.flink.runtime.blob.BlobKeyTest
Tests run: 2, Failures: 0, Errors: 0, Skipped: 0, Time elapsed: 1.588 sec - in org.apache.flink.runtime.io.network.buffer.BufferTest
Tests run: 1, Failures: 0, Errors: 0, Skipped: 0, Time elapsed: 1.544 sec - in org.apache.flink.runtime.io.disk.SeekableFileChannelInputViewTest
Tests run: 6, Failures: 0, Errors: 0, Skipped: 0, Time elapsed: 3.709 sec - in org.apache.flink.runtime.operators.MapTaskTest
Tests run: 2, Failures: 0, Errors: 0, Skipped: 0, Time elapsed: 4.973 sec - in org.apache.flink.runtime.jobmanager.JobSubmitTest
Tests run: 2, Failures: 0, Errors: 0, Skipped: 0, Time elapsed: 1.57 sec - in org.apache.flink.runtime.io.disk.FileChannelStreamsTest
Tests run: 2, Failures: 0, Errors: 0, Skipped: 0, Time elapsed: 2.751 sec - in org.apache.flink.runtime.io.network.partition.SpilledSubpartitionViewTest
Tests run: 1, Failures: 0, Errors: 0, Skipped: 0, Time elapsed: 2.57 sec - in org.apache.flink.runtime.io.network.partition.consumer.SingleInputGateTest
Tests run: 5, Failures: 0, Errors: 0, Skipped: 0, Time elapsed: 1.138 sec - in org.apache.flink.runtime.fs.s3.S3FileSystemTest
Tests run: 1, Failures: 0, Errors: 0, Skipped: 0, Time elapsed: 1.43 sec - in org.apache.flink.runtime.blob.BlobCacheSuccessTest
Tests run: 2, Failures: 0, Errors: 0, Skipped: 0, Time elapsed: 1.432 sec - in org.apache.flink.runtime.blob.BlobCacheRetriesTest
Tests run: 6, Failures: 0, Errors: 0, Skipped: 0, Time elapsed: 3.096 sec - in org.apache.flink.runtime.operators.CombineTaskTest
Tests run: 4, Failures: 0, Errors: 0, Skipped: 0, Time elapsed: 1.432 sec - in org.apache.flink.runtime.memory.DefaultMemoryManagerTest
Tests run: 1, Failures: 0, Errors: 0, Skipped: 0, Time elapsed: 2.275 sec - in org.apache.flink.runtime.io.network.netty.NettyMessageSerializationTest
Tests run: 1, Failures: 0, Errors: 0, Skipped: 0, Time elapsed: 1.613 sec - in org.apache.flink.runtime.deployment.TaskDeploymentDescriptorTest
Tests run: 6, Failures: 0, Errors: 0, Skipped: 0, Time elapsed: 1.62 sec - in org.apache.flink.runtime.jobgraph.JobGraphTest
Tests run: 4, Failures: 0, Errors: 0, Skipped: 0, Time elapsed: 3.298 sec - in org.apache.flink.runtime.operators.resettable.SpillingResettableIteratorTest
Tests run: 2, Failures: 0, Errors: 0, Skipped: 0, Time elapsed: 1.691 sec - in org.apache.flink.runtime.iterative.concurrent.SuperstepBarrierTest
Tests run: 4, Failures: 0, Errors: 0, Skipped: 0, Time elapsed: 1.571 sec - in org.apache.flink.runtime.jobgraph.JobTaskVertexTest
Tests run: 3, Failures: 0, Errors: 0, Skipped: 0, Time elapsed: 1.834 sec - in org.apache.flink.runtime.types.StringRecordTest
Tests run: 2, Failures: 0, Errors: 0, Skipped: 0, Time elapsed: 3.273 sec - in org.apache.flink.runtime.io.network.partition.SpilledSubpartitionViewSyncIOTest
Tests run: 1, Failures: 0, Errors: 0, Skipped: 0, Time elapsed: 2.187 sec - in org.apache.flink.runtime.io.disk.iomanager.BufferFileWriterFileSegmentReaderTest
Tests run: 2, Failures: 0, Errors: 0, Skipped: 0, Time elapsed: 5.758 sec - in org.apache.flink.runtime.jobmanager.JobManagerStartupTest
Tests run: 1, Failures: 0, Errors: 0, Skipped: 0, Time elapsed: 3.551 sec - in org.apache.flink.runtime.io.network.partition.SpilledSubpartitionViewAsyncIOTest
Tests run: 1, Failures: 0, Errors: 0, Skipped: 0, Time elapsed: 1.993 sec - in org.apache.flink.runtime.iterative.concurrent.BlockingBackChannelTest
Tests run: 4, Failures: 0, Errors: 0, Skipped: 0, Time elapsed: 3.162 sec - in org.apache.flink.runtime.io.network.api.serialization.SpanningRecordSerializationTest
Tests run: 9, Failures: 0, Errors: 0, Skipped: 0, Time elapsed: 6.004 sec - in org.apache.flink.runtime.jobmanager.scheduler.ScheduleWithCoLocationHintTest
Tests run: 2, Failures: 0, Errors: 0, Skipped: 0, Time elapsed: 2.521 sec - in org.apache.flink.runtime.io.disk.iomanager.BufferFileWriterReaderTest
Tests run: 6, Failures: 0, Errors: 0, Skipped: 0, Time elapsed: 2.581 sec - in org.apache.flink.runtime.io.disk.iomanager.IOManagerAsyncTest
Tests run: 2, Failures: 0, Errors: 0, Skipped: 0, Time elapsed: 2.536 sec - in org.apache.flink.runtime.util.DataInputOutputSerializerTest
Tests run: 10, Failures: 0, Errors: 0, Skipped: 0, Time elapsed: 2.803 sec - in org.apache.flink.runtime.io.network.buffer.LocalBufferPoolTest
Signal 15 (TERM) caught by ps (procps-ng version 3.3.10).
Signal 15 (TERM) caught by ps (procps-ng version 3.3.10).
ps:display.c:66: please report this bug
Signal 15 (TERM) caught by ps (procps-ng version 3.3.10).
Signal 15 (TERM) caught by ps (procps-ng version 3.3.10).
Signal 15 (TERM) caught by ps (procps-ng version 3.3.10).
Signal 15 (TERM) caught by ps (procps-ng version 3.3.10).
Signal 15 (TERM) caught by ps (procps-ng version 3.3.10).
Signal 15 (TERM) caught by ps (procps-ng version 3.3.10).
Signal 15 (TERM) caught by ps (procps-ng version 3.3.10).
ps:display.c:66: please report this bug
Signal 15 (TERM) caught by ps (procps-ng version 3.3.10).
ps:display.c:66: please report this bug
Signal 15 (TERM) caught by ps (procps-ng version 3.3.10).
ps:display.c:66: please report this bug
ps:display.c:66: please report this bug
Signal 15 (TERM) caught by ps (procps-ng version 3.3.10).
ps:display.c:66: please report this bug
Signal 15 (TERM) caught by ps (procps-ng version 3.3.10).
ps:display.c:66: please report this bug
Signal 15 (TERM) caught by ps (procps-ng version 3.3.10).
ps:display.c:66: please report this bug
Signal 15 (TERM) caught by ps (procps-ng version 3.3.10).
ps:display.c:66: please report this bug
Signal 15 (TERM) caught by ps (procps-ng version 3.3.10).
Signal 15 (TERM) caught by ps (procps-ng version 3.3.10).
ps:display.c:66: please report this bug
Signal 15 (TERM) caught by ps (procps-ng version 3.3.10).
ps:display.c:66: please report this bug
Signal 15 (TERM) caught by ps (procps-ng version 3.3.10).
ps:display.c:66: please report this bug
Signal 15 (TERM) caught by ps (procps-ng version 3.3.10).
ps:display.c:66: please report this bug
Signal 15 (TERM) caught by ps (procps-ng version 3.3.10).
ps:display.c:66: please report this bug
Signal 15 (TERM) caught by ps (procps-ng version 3.3.10).
ps:display.c:66: please report this bug
Signal 15 (TERM) caught by ps (procps-ng version 3.3.10).
ps:display.c:66: please report this bug
Signal 15 (TERM) caught by ps (procps-ng version 3.3.10).
Signal 15 (TERM) caught by ps (procps-ng version 3.3.10).
ps:display.c:66: please report this bug
ps:display.c:66: please report this bug
Signal 15 (TERM) caught by ps (procps-ng version 3.3.10).
ps:display.c:66: please report this bug
Signal 15 (TERM) caught by ps (procps-ng version 3.3.10).
ps:display.c:66: please report this bug
Terminate 48902!
Killed 48902! at /scratch/jmcampos/RTA/repair_them_all_framework/jdks/jdk1.8.0_181/jre/bin/java line 73.
Signal 15 (TERM) caught by ps (procps-ng version 3.3.10).
Signal 15 (TERM) caught by ps (procps-ng version 3.3.10).
ps:display.c:66: please report this bug
Signal 15 (TERM) caught by ps (procps-ng version 3.3.10).
ps:display.c:66: please report this bug
ps:display.c:66: please report this bug
Signal 15 (TERM) caught by ps (procps-ng version 3.3.10).
Signal 15 (TERM) caught by ps (procps-ng version 3.3.10).
Signal 15 (TERM) caught by ps (procps-ng version 3.3.10).
ps:display.c:66: please report this bug
Signal 15 (TERM) caught by ps (procps-ng version 3.3.10).
ps:display.c:66: please report this bug
Signal 15 (TERM) caught by ps (procps-ng version 3.3.10).
ps:display.c:66: please report this bug
Signal 15 (TERM) caught by ps (procps-ng version 3.3.10).
ps:display.c:66: please report this bug
Signal 15 (TERM) caught by ps (procps-ng version 3.3.10).
ps:display.c:66: please report this bug
Signal 15 (TERM) caught by ps (procps-ng version 3.3.10).
ps:display.c:66: please report this bug
Terminate 48312!
Kill 48312!
Killed 48312! at /scratch/jmcampos/RTA/repair_them_all_framework/jdks/jdk1.8.0_181/jre/bin/java line 73.
Signal 15 (TERM) caught by ps (procps-ng version 3.3.10).
Signal 15 (TERM) caught by ps (procps-ng version 3.3.10).
Terminate 47765!
Kill 47765!
Killed 47765! at /scratch/jmcampos/RTA/repair_them_all_framework/jdks/jdk1.8.0_181/jre/bin/java line 73.
Signal 15 (TERM) caught by ps (procps-ng version 3.3.10).
ps:display.c:66: please report this bug
Terminate 48271!
Kill 48271!
Killed 48271! at /scratch/jmcampos/RTA/repair_them_all_framework/jdks/jdk1.8.0_181/jre/bin/java line 73.
ps:display.c:66: please report this bug
Terminate 48974!
Killed 48974! at /scratch/jmcampos/RTA/repair_them_all_framework/jdks/jdk1.8.0_181/jre/bin/java line 73.
ps:display.c:66: please report this bug
Terminate 47799!
Killed 47799! at /scratch/jmcampos/RTA/repair_them_all_framework/jdks/jdk1.8.0_181/jre/bin/java line 73.
Terminate 49705!
Killed 49705! at /scratch/jmcampos/RTA/repair_them_all_framework/jdks/jdk1.8.0_181/jre/bin/java line 73.
ps:display.c:66: please report this bug
ps:display.c:66: please report this bug
Signal 15 (TERM) caught by ps (procps-ng version 3.3.10).
Signal 15 (TERM) caught by ps (procps-ng version 3.3.10).
ps:display.c:66: please report this bug
Signal 15 (TERM) caught by ps (procps-ng version 3.3.10).
ps:display.c:66: please report this bug
Signal 15 (TERM) caught by ps (procps-ng version 3.3.10).
ps:display.c:66: please report this bug
Signal 15 (TERM) caught by ps (procps-ng version 3.3.10).
ps:display.c:66: please report this bug
ps:display.c:66: please report this bug
ps:display.c:66: please report this bug
Signal 15 (TERM) caught by ps (procps-ng version 3.3.10).
ps:display.c:66: please report this bug
Signal 15 (TERM) caught by ps (procps-ng version 3.3.10).
ps:display.c:66: please report this bug
Signal 15 (TERM) caught by ps (procps-ng version 3.3.10).
ps:display.c:66: please report this bug
Signal 15 (TERM) caught by ps (procps-ng version 3.3.10).
ps:display.c:66: please report this bug
ps:display.c:66: please report this bug
Signal 15 (TERM) caught by ps (procps-ng version 3.3.10).
ps:display.c:66: please report this bug
Terminate 50398!
Killed 50398! at /scratch/jmcampos/RTA/repair_them_all_framework/jdks/jdk1.8.0_181/jre/bin/java line 73.
ps:display.c:66: please report this bug
Signal 15 (TERM) caught by ps (procps-ng version 3.3.10).
ps:display.c:66: please report this bug
Terminate 51023!
Kill 51023!
Killed 51023! at /scratch/jmcampos/RTA/repair_them_all_framework/jdks/jdk1.8.0_181/jre/bin/java line 73.
Signal 15 (TERM) caught by ps (procps-ng version 3.3.10).
ps:display.c:66: please report this bug
Signal 15 (TERM) caught by ps (procps-ng version 3.3.10).
ps:display.c:66: please report this bug
Terminate 50354!
Killed 50354! at /scratch/jmcampos/RTA/repair_them_all_framework/jdks/jdk1.8.0_181/jre/bin/java line 73.
Signal 15 (TERM) caught by ps (procps-ng version 3.3.10).
Terminate 49580!
Signal 15 (TERM) caught by ps (procps-ng version 3.3.10).
ps:display.c:66: please report this bug
Signal 15 (TERM) caught by ps (procps-ng version 3.3.10).
ps:display.c:66: please report this bug
ps:display.c:66: please report this bug
Terminate 47771!
Kill 47771!
Killed 47771! at /scratch/jmcampos/RTA/repair_them_all_framework/jdks/jdk1.8.0_181/jre/bin/java line 73.
Terminate 49739!
Killed 49739! at /scratch/jmcampos/RTA/repair_them_all_framework/jdks/jdk1.8.0_181/jre/bin/java line 73.
Kill 49580!
Killed 49580! at /scratch/jmcampos/RTA/repair_them_all_framework/jdks/jdk1.8.0_181/jre/bin/java line 73.
ps:display.c:66: please report this bug
ps:display.c:66: please report this bug
Signal 15 (TERM) caught by ps (procps-ng version 3.3.10).
ps:display.c:66: please report this bug
Signal 15 (TERM) caught by ps (procps-ng version 3.3.10).
ps:display.c:66: please report this bug
Signal 15 (TERM) caught by ps (procps-ng version 3.3.10).
ps:display.c:66: please report this bug
Signal 15 (TERM) caught by ps (procps-ng version 3.3.10).
ps:display.c:66: please report this bug
Signal 15 (TERM) caught by ps (procps-ng version 3.3.10).
ps:display.c:66: please report this bug
Terminate 49384!
Killed 49384! at /scratch/jmcampos/RTA/repair_them_all_framework/jdks/jdk1.8.0_181/jre/bin/java line 73.
Signal 15 (TERM) caught by ps (procps-ng version 3.3.10).
Terminate 49764!
Killed 49764! at /scratch/jmcampos/RTA/repair_them_all_framework/jdks/jdk1.8.0_181/jre/bin/java line 73.
ps:display.c:66: please report this bug
Signal 15 (TERM) caught by ps (procps-ng version 3.3.10).
ps:display.c:66: please report this bug
Terminate 50707!
Kill 50707!
Killed 50707! at /scratch/jmcampos/RTA/repair_them_all_framework/jdks/jdk1.8.0_181/jre/bin/java line 73.
Terminate 47578!
Killed 47578! at /scratch/jmcampos/RTA/repair_them_all_framework/jdks/jdk1.8.0_181/jre/bin/java line 73.
Terminate 47993!
Kill 47993!
Killed 47993! at /scratch/jmcampos/RTA/repair_them_all_framework/jdks/jdk1.8.0_181/jre/bin/java line 73.
ps:display.c:66: please report this bug
Signal 15 (TERM) caught by ps (procps-ng version 3.3.10).
ps:display.c:66: please report this bug
---- Skipping JobManagerProcessReapingTest : Could not find java executable ----
Tests run: 1, Failures: 0, Errors: 0, Skipped: 0, Time elapsed: 6.187 sec - in org.apache.flink.runtime.jobmanager.JobManagerProcessReapingTest
ps:display.c:66: please report this bug
Terminate 50482!
Killed 50482! at /scratch/jmcampos/RTA/repair_them_all_framework/jdks/jdk1.8.0_181/jre/bin/java line 73.
Terminate 49039!
Killed 49039! at /scratch/jmcampos/RTA/repair_them_all_framework/jdks/jdk1.8.0_181/jre/bin/java line 73.
Terminate 48307!
Killed 48307! at /scratch/jmcampos/RTA/repair_them_all_framework/jdks/jdk1.8.0_181/jre/bin/java line 73.
java.io.IOException: PUT operation failed: Premature end of response
	at org.apache.flink.runtime.blob.BlobClient.putBuffer(BlobClient.java:399)
	at org.apache.flink.runtime.blob.BlobClient.put(BlobClient.java:292)
	at org.apache.flink.runtime.blob.BlobClient.put(BlobClient.java:268)
	at org.apache.flink.runtime.blob.BlobServerDeleteTest.testDeleteAlreadyDeletedByName(BlobServerDeleteTest.java:237)
	at sun.reflect.NativeMethodAccessorImpl.invoke0(Native Method)
	at sun.reflect.NativeMethodAccessorImpl.invoke(NativeMethodAccessorImpl.java:62)
	at sun.reflect.DelegatingMethodAccessorImpl.invoke(DelegatingMethodAccessorImpl.java:43)
	at java.lang.reflect.Method.invoke(Method.java:498)
	at org.junit.runners.model.FrameworkMethod$1.runReflectiveCall(FrameworkMethod.java:47)
	at org.junit.internal.runners.model.ReflectiveCallable.run(ReflectiveCallable.java:12)
	at org.junit.runners.model.FrameworkMethod.invokeExplosively(FrameworkMethod.java:44)
	at org.junit.internal.runners.statements.InvokeMethod.evaluate(InvokeMethod.java:17)
	at org.junit.runners.ParentRunner.runLeaf(ParentRunner.java:271)
	at org.junit.runners.BlockJUnit4ClassRunner.runChild(BlockJUnit4ClassRunner.java:70)
	at org.junit.runners.BlockJUnit4ClassRunner.runChild(BlockJUnit4ClassRunner.java:50)
	at org.junit.runners.ParentRunner$3.run(ParentRunner.java:238)
	at org.junit.runners.ParentRunner$1.schedule(ParentRunner.java:63)
	at org.junit.runners.ParentRunner.runChildren(ParentRunner.java:236)
	at org.junit.runners.ParentRunner.access$000(ParentRunner.java:53)
	at org.junit.runners.ParentRunner$2.evaluate(ParentRunner.java:229)
	at org.junit.runners.ParentRunner.run(ParentRunner.java:309)
	at org.apache.maven.surefire.junit4.JUnit4Provider.execute(JUnit4Provider.java:264)
	at org.apache.maven.surefire.junit4.JUnit4Provider.executeTestSet(JUnit4Provider.java:153)
	at org.apache.maven.surefire.junit4.JUnit4Provider.invoke(JUnit4Provider.java:124)
	at org.apache.maven.surefire.booter.ForkedBooter.invokeProviderInSameClassLoader(ForkedBooter.java:200)
	at org.apache.maven.surefire.booter.ForkedBooter.runSuitesInProcess(ForkedBooter.java:153)
	at org.apache.maven.surefire.booter.ForkedBooter.main(ForkedBooter.java:103)
Caused by: java.io.EOFException: Premature end of response
	at org.apache.flink.runtime.blob.BlobClient.receivePutResponseAndCompare(BlobClient.java:472)
	at org.apache.flink.runtime.blob.BlobClient.putBuffer(BlobClient.java:395)
	... 26 more
java.io.IOException: I/O channel already closed. Could not fulfill: org.apache.flink.runtime.io.disk.iomanager.SegmentReadRequest@7dc7cbad
	at org.apache.flink.runtime.io.disk.iomanager.AsynchronousFileIOChannel.addRequest(AsynchronousFileIOChannel.java:249)
	at org.apache.flink.runtime.io.disk.iomanager.AsynchronousBlockReader.readBlock(AsynchronousBlockReader.java:75)
	at org.apache.flink.runtime.io.disk.iomanager.AsynchronousBlockReader.readBlock(AsynchronousBlockReader.java:43)
	at org.apache.flink.runtime.io.disk.SeekableFileChannelInputView.sendReadRequest(SeekableFileChannelInputView.java:182)
	at org.apache.flink.runtime.io.disk.SeekableFileChannelInputView.seek(SeekableFileChannelInputView.java:126)
	at org.apache.flink.runtime.operators.sort.LargeRecordHandler$FetchingIterator.next(LargeRecordHandler.java:430)
	at org.apache.flink.runtime.operators.sort.LargeRecordHandler$FetchingIterator.next(LargeRecordHandler.java:420)
	at org.apache.flink.runtime.operators.sort.LargeRecordHandlerTest.testRecordHandlerCompositeKey(LargeRecordHandlerTest.java:233)
	at sun.reflect.NativeMethodAccessorImpl.invoke0(Native Method)
	at sun.reflect.NativeMethodAccessorImpl.invoke(NativeMethodAccessorImpl.java:62)
	at sun.reflect.DelegatingMethodAccessorImpl.invoke(DelegatingMethodAccessorImpl.java:43)
	at java.lang.reflect.Method.invoke(Method.java:498)
	at org.junit.runners.model.FrameworkMethod$1.runReflectiveCall(FrameworkMethod.java:47)
	at org.junit.internal.runners.model.ReflectiveCallable.run(ReflectiveCallable.java:12)
	at org.junit.runners.model.FrameworkMethod.invokeExplosively(FrameworkMethod.java:44)
	at org.junit.internal.runners.statements.InvokeMethod.evaluate(InvokeMethod.java:17)
	at org.junit.runners.ParentRunner.runLeaf(ParentRunner.java:271)
	at org.junit.runners.BlockJUnit4ClassRunner.runChild(BlockJUnit4ClassRunner.java:70)
	at org.junit.runners.BlockJUnit4ClassRunner.runChild(BlockJUnit4ClassRunner.java:50)
	at org.junit.runners.ParentRunner$3.run(ParentRunner.java:238)
	at org.junit.runners.ParentRunner$1.schedule(ParentRunner.java:63)
	at org.junit.runners.ParentRunner.runChildren(ParentRunner.java:236)
	at org.junit.runners.ParentRunner.access$000(ParentRunner.java:53)
	at org.junit.runners.ParentRunner$2.evaluate(ParentRunner.java:229)
	at org.junit.runners.ParentRunner.run(ParentRunner.java:309)
	at org.apache.maven.surefire.junit4.JUnit4Provider.execute(JUnit4Provider.java:264)
	at org.apache.maven.surefire.junit4.JUnit4Provider.executeTestSet(JUnit4Provider.java:153)
	at org.apache.maven.surefire.junit4.JUnit4Provider.invoke(JUnit4Provider.java:124)
	at org.apache.maven.surefire.booter.ForkedBooter.invokeProviderInSameClassLoader(ForkedBooter.java:200)
	at org.apache.maven.surefire.booter.ForkedBooter.runSuitesInProcess(ForkedBooter.java:153)
	at org.apache.maven.surefire.booter.ForkedBooter.main(ForkedBooter.java:103)
Terminate 50144!
Killed 50144! at /scratch/jmcampos/RTA/repair_them_all_framework/jdks/jdk1.8.0_181/jre/bin/java line 73.
Terminate 50240!
Killed 50240! at /scratch/jmcampos/RTA/repair_them_all_framework/jdks/jdk1.8.0_181/jre/bin/java line 73.
Terminate 49303!
Killed 49303! at /scratch/jmcampos/RTA/repair_them_all_framework/jdks/jdk1.8.0_181/jre/bin/java line 73.
Terminate 48811!
Killed 48811! at /scratch/jmcampos/RTA/repair_them_all_framework/jdks/jdk1.8.0_181/jre/bin/java line 73.
Terminate 47880!
Killed 47880! at /scratch/jmcampos/RTA/repair_them_all_framework/jdks/jdk1.8.0_181/jre/bin/java line 73.
Terminate 48982!
Killed 48982! at /scratch/jmcampos/RTA/repair_them_all_framework/jdks/jdk1.8.0_181/jre/bin/java line 73.
Terminate 47551!
Killed 47551! at /scratch/jmcampos/RTA/repair_them_all_framework/jdks/jdk1.8.0_181/jre/bin/java line 73.
Terminate 47530!
Killed 47530! at /scratch/jmcampos/RTA/repair_them_all_framework/jdks/jdk1.8.0_181/jre/bin/java line 73.
Terminate 49644!
Killed 49644! at /scratch/jmcampos/RTA/repair_them_all_framework/jdks/jdk1.8.0_181/jre/bin/java line 73.
Terminate 49047!
Terminate 49814!
Killed 49814! at /scratch/jmcampos/RTA/repair_them_all_framework/jdks/jdk1.8.0_181/jre/bin/java line 73.
Killed 49047! at /scratch/jmcampos/RTA/repair_them_all_framework/jdks/jdk1.8.0_181/jre/bin/java line 73.
Terminate 48010!
Killed 48010! at /scratch/jmcampos/RTA/repair_them_all_framework/jdks/jdk1.8.0_181/jre/bin/java line 73.
Terminate 47982!
Killed 47982! at /scratch/jmcampos/RTA/repair_them_all_framework/jdks/jdk1.8.0_181/jre/bin/java line 73.
Terminate 50079!
Killed 50079! at /scratch/jmcampos/RTA/repair_them_all_framework/jdks/jdk1.8.0_181/jre/bin/java line 73.
java.io.IOException: GET operation failed: Premature end of response
	at org.apache.flink.runtime.blob.BlobClient.get(BlobClient.java:165)
	at org.apache.flink.runtime.blob.BlobClientTest.testContentAddressableStream(BlobClientTest.java:266)
	at sun.reflect.NativeMethodAccessorImpl.invoke0(Native Method)
	at sun.reflect.NativeMethodAccessorImpl.invoke(NativeMethodAccessorImpl.java:62)
	at sun.reflect.DelegatingMethodAccessorImpl.invoke(DelegatingMethodAccessorImpl.java:43)
	at java.lang.reflect.Method.invoke(Method.java:498)
	at org.junit.runners.model.FrameworkMethod$1.runReflectiveCall(FrameworkMethod.java:47)
	at org.junit.internal.runners.model.ReflectiveCallable.run(ReflectiveCallable.java:12)
Terminate 50480!
Killed 50480! at /scratch/jmcampos/RTA/repair_them_all_framework/jdks/jdk1.8.0_181/jre/bin/java line 73.
Terminate 48125!
Killed 48125! at /scratch/jmcampos/RTA/repair_them_all_framework/jdks/jdk1.8.0_181/jre/bin/java line 73.
Terminate 47545!
Killed 47545! at /scratch/jmcampos/RTA/repair_them_all_framework/jdks/jdk1.8.0_181/jre/bin/java line 73.
Terminate 50225!
Terminate 47529!
Killed 47529! at /scratch/jmcampos/RTA/repair_them_all_framework/jdks/jdk1.8.0_181/jre/bin/java line 73.
Terminate 48802!
Killed 48802! at /scratch/jmcampos/RTA/repair_them_all_framework/jdks/jdk1.8.0_181/jre/bin/java line 73.
Killed 50225! at /scratch/jmcampos/RTA/repair_them_all_framework/jdks/jdk1.8.0_181/jre/bin/java line 73.
Terminate 48617!
Killed 48617! at /scratch/jmcampos/RTA/repair_them_all_framework/jdks/jdk1.8.0_181/jre/bin/java line 73.
Terminate 50158!
Killed 50158! at /scratch/jmcampos/RTA/repair_them_all_framework/jdks/jdk1.8.0_181/jre/bin/java line 73.
Terminate 48233!
Killed 48233! at /scratch/jmcampos/RTA/repair_them_all_framework/jdks/jdk1.8.0_181/jre/bin/java line 73.
Terminate 48949!
Terminate 48782!
Killed 48782! at /scratch/jmcampos/RTA/repair_them_all_framework/jdks/jdk1.8.0_181/jre/bin/java line 73.
Terminate 50993!
Terminate 49582!
Terminate 47748!
Killed 47748! at /scratch/jmcampos/RTA/repair_them_all_framework/jdks/jdk1.8.0_181/jre/bin/java line 73.
Killed 49582! at /scratch/jmcampos/RTA/repair_them_all_framework/jdks/jdk1.8.0_181/jre/bin/java line 73.
Killed 48949! at /scratch/jmcampos/RTA/repair_them_all_framework/jdks/jdk1.8.0_181/jre/bin/java line 73.
Terminate 49671!
Killed 49671! at /scratch/jmcampos/RTA/repair_them_all_framework/jdks/jdk1.8.0_181/jre/bin/java line 73.
Killed 50993! at /scratch/jmcampos/RTA/repair_them_all_framework/jdks/jdk1.8.0_181/jre/bin/java line 73.
Terminate 48184!
Killed 48184! at /scratch/jmcampos/RTA/repair_them_all_framework/jdks/jdk1.8.0_181/jre/bin/java line 73.
Terminate 47753!
Killed 47753! at /scratch/jmcampos/RTA/repair_them_all_framework/jdks/jdk1.8.0_181/jre/bin/java line 73.
Terminate 49114!
Killed 49114! at /scratch/jmcampos/RTA/repair_them_all_framework/jdks/jdk1.8.0_181/jre/bin/java line 73.
Terminate 48038!
Killed 48038! at /scratch/jmcampos/RTA/repair_them_all_framework/jdks/jdk1.8.0_181/jre/bin/java line 73.
JVM seems rogue. Kill 45480!
Terminate 45480!
Killed 45480! at /scratch/jmcampos/RTA/repair_them_all_framework/jdks/jdk1.8.0_181/bin/java line 73.
