Picked up JAVA_TOOL_OPTIONS: -XX:CICompilerCount=2 -XX:ParallelGCThreads=2 -XX:ConcGCThreads=2 -Djdk.net.URLClassPath.disableClassPathURLCheck=true 
Java HotSpot(TM) 64-Bit Server VM warning: ignoring option MaxPermSize=512m; support was removed in 8.0
Picked up _JAVA_OPTIONS: -Djdk.net.URLClassPath.disableClassPathURLCheck=true
Apache Maven 3.5.0 (Red Hat 3.5.0-4.3)
Maven home: /opt/rh/rh-maven35/root/usr/share/maven
Java version: 1.8.0_181, vendor: Oracle Corporation
Java home: /boom/scratch/jmcampos/RTA/repair_them_all_framework/jdks/jdk1.8.0_181/jre
Default locale: en_US, platform encoding: UTF-8
OS name: "linux", version: "4.14.147-1.el7.retpoline.x86_64", arch: "amd64", family: "unix"
[INFO] Scanning for projects...
[INFO] Inspecting build with total of 1 modules...
[INFO] Installing Nexus Staging features:
[INFO]   ... total of 1 executions of maven-deploy-plugin replaced with nexus-staging-maven-plugin
[INFO] 
[INFO] ------------------------------------------------------------------------
[INFO] Building Debezium Connector for MySQL 0.8.0-SNAPSHOT
[INFO] ------------------------------------------------------------------------
[INFO] Downloading: http://packages.confluent.io/maven/io/debezium/debezium-core/0.8.0-SNAPSHOT/maven-metadata.xml
[INFO] Downloading: https://oss.sonatype.org/content/groups/public/io/debezium/debezium-core/0.8.0-SNAPSHOT/maven-metadata.xml
[INFO] Downloaded: https://oss.sonatype.org/content/groups/public/io/debezium/debezium-core/0.8.0-SNAPSHOT/maven-metadata.xml (1.4 kB at 2.4 kB/s)
[INFO] Downloading: https://oss.sonatype.org/content/groups/public/io/debezium/debezium-parent/0.8.0-SNAPSHOT/maven-metadata.xml
[INFO] Downloading: http://packages.confluent.io/maven/io/debezium/debezium-parent/0.8.0-SNAPSHOT/maven-metadata.xml
[INFO] Downloaded: https://oss.sonatype.org/content/groups/public/io/debezium/debezium-parent/0.8.0-SNAPSHOT/maven-metadata.xml (818 B at 4.8 kB/s)
[INFO] Downloading: http://packages.confluent.io/maven/io/debezium/debezium-embedded/0.8.0-SNAPSHOT/maven-metadata.xml
[INFO] Downloading: https://oss.sonatype.org/content/groups/public/io/debezium/debezium-embedded/0.8.0-SNAPSHOT/maven-metadata.xml
[INFO] Downloaded: https://oss.sonatype.org/content/groups/public/io/debezium/debezium-embedded/0.8.0-SNAPSHOT/maven-metadata.xml (1.4 kB at 197 B/s)
[INFO] 
[INFO] --- maven-enforcer-plugin:3.0.0-M1:enforce (enforce-java-version) @ debezium-connector-mysql ---
[INFO] Skipping Rule Enforcement.
[INFO] 
[INFO] --- maven-enforcer-plugin:3.0.0-M1:enforce (enforce-maven-version) @ debezium-connector-mysql ---
[INFO] Skipping Rule Enforcement.
[INFO] 
[INFO] --- maven-enforcer-plugin:3.0.0-M1:enforce (enforce-maven) @ debezium-connector-mysql ---
[INFO] Skipping Rule Enforcement.
[INFO] 
[INFO] --- buildnumber-maven-plugin:1.3:create (get-scm-revision) @ debezium-connector-mysql ---
[INFO] Executing: /bin/sh -c cd /boom/scratch/tmp-rta/Bears_debezium-debezium_343712961-343714390_java-8/debezium-connector-mysql && git rev-parse --verify HEAD
[INFO] Working directory: /boom/scratch/tmp-rta/Bears_debezium-debezium_343712961-343714390_java-8/debezium-connector-mysql
[INFO] Storing buildNumber: c86692bed82aa09b501b5a17f06bf7ccf8bf6089 at timestamp: 1584168894565
[INFO] Storing buildScmBranch: master
[INFO] 
[INFO] --- maven-resources-plugin:2.7:resources (default-resources) @ debezium-connector-mysql ---
[INFO] Using 'UTF-8' encoding to copy filtered resources.
[INFO] Copying 1 resource
[INFO] 
[INFO] --- maven-compiler-plugin:3.1:compile (default-compile) @ debezium-connector-mysql ---
[INFO] Nothing to compile - all classes are up to date
[INFO] 
[INFO] --- maven-resources-plugin:2.7:testResources (default-testResources) @ debezium-connector-mysql ---
[INFO] Using 'UTF-8' encoding to copy filtered resources.
[INFO] Copying 38 resources
[INFO] 
[INFO] --- maven-compiler-plugin:3.1:testCompile (default-testCompile) @ debezium-connector-mysql ---
[INFO] Nothing to compile - all classes are up to date
[INFO] 
[INFO] --- maven-surefire-plugin:2.18.1:test (default-test) @ debezium-connector-mysql ---
[INFO] Surefire report directory: /boom/scratch/tmp-rta/Bears_debezium-debezium_343712961-343714390_java-8/debezium-connector-mysql/target/surefire-reports
[INFO] Downloading: https://repo.maven.apache.org/maven2/org/apache/maven/surefire/surefire-junit4/2.18.1/surefire-junit4-2.18.1.pom
[INFO] Downloaded: https://repo.maven.apache.org/maven2/org/apache/maven/surefire/surefire-junit4/2.18.1/surefire-junit4-2.18.1.pom (2.5 kB at 76 kB/s)
[INFO] Downloading: https://repo.maven.apache.org/maven2/org/apache/maven/surefire/surefire-providers/2.18.1/surefire-providers-2.18.1.pom
[INFO] Downloaded: https://repo.maven.apache.org/maven2/org/apache/maven/surefire/surefire-providers/2.18.1/surefire-providers-2.18.1.pom (2.5 kB at 212 kB/s)
[INFO] Downloading: https://repo.maven.apache.org/maven2/org/apache/maven/surefire/surefire-junit4/2.18.1/surefire-junit4-2.18.1.jar
[INFO] Downloaded: https://repo.maven.apache.org/maven2/org/apache/maven/surefire/surefire-junit4/2.18.1/surefire-junit4-2.18.1.jar (68 kB at 2.6 MB/s)

-------------------------------------------------------
 T E S T S
-------------------------------------------------------
Picked up JAVA_TOOL_OPTIONS: -XX:CICompilerCount=2 -XX:ParallelGCThreads=2 -XX:ConcGCThreads=2 -Djdk.net.URLClassPath.disableClassPathURLCheck=true -XX:CICompilerCount=2 -XX:ParallelGCThreads=2 -XX:ConcGCThreads=2 -Djdk.net.URLClassPath.disableClassPathURLCheck=true 
Picked up _JAVA_OPTIONS: -Djdk.net.URLClassPath.disableClassPathURLCheck=true
Running io.debezium.connector.mysql.MySqlGeometryTest
Tests run: 5, Failures: 0, Errors: 0, Skipped: 0, Time elapsed: 0.001 sec - in io.debezium.connector.mysql.MySqlGeometryTest
Running io.debezium.connector.mysql.MySqlDdlParserTest
Tests run: 84, Failures: 2, Errors: 0, Skipped: 0, Time elapsed: 0.418 sec <<< FAILURE! - in io.debezium.connector.mysql.MySqlDdlParserTest
parseDdlForUnscaledDecAndFixed(io.debezium.connector.mysql.MySqlDdlParserTest)  Time elapsed: 0.008 sec  <<< FAILURE!
org.junit.ComparisonFailure: expected:<[10]> but was:<[-1]>
	at sun.reflect.NativeConstructorAccessorImpl.newInstance0(Native Method)
	at sun.reflect.NativeConstructorAccessorImpl.newInstance(NativeConstructorAccessorImpl.java:62)
	at sun.reflect.DelegatingConstructorAccessorImpl.newInstance(DelegatingConstructorAccessorImpl.java:45)
	at java.lang.reflect.Constructor.newInstance(Constructor.java:423)
	at org.fest.assertions.ConstructorInvoker.newInstance(ConstructorInvoker.java:36)
	at org.fest.assertions.ComparisonFailureFactory.newComparisonFailure(ComparisonFailureFactory.java:60)
	at org.fest.assertions.ComparisonFailureFactory.comparisonFailure(ComparisonFailureFactory.java:46)
	at org.fest.assertions.Fail.comparisonFailed(Fail.java:83)
	at org.fest.assertions.Fail.failIfNotEqual(Fail.java:71)
	at org.fest.assertions.GenericAssert.isEqualTo(GenericAssert.java:217)
	at org.fest.assertions.IntAssert.isEqualTo(IntAssert.java:61)
	at io.debezium.connector.mysql.MySqlDdlParserTest.assertColumn(MySqlDdlParserTest.java:1526)
	at io.debezium.connector.mysql.MySqlDdlParserTest.parseDdlForUnscaledDecAndFixed(MySqlDdlParserTest.java:1375)

parseDdlForDecAndFixed(io.debezium.connector.mysql.MySqlDdlParserTest)  Time elapsed: 0.002 sec  <<< FAILURE!
org.junit.ComparisonFailure: expected:<[0]> but was:<[-1]>
	at sun.reflect.NativeConstructorAccessorImpl.newInstance0(Native Method)
	at sun.reflect.NativeConstructorAccessorImpl.newInstance(NativeConstructorAccessorImpl.java:62)
	at sun.reflect.DelegatingConstructorAccessorImpl.newInstance(DelegatingConstructorAccessorImpl.java:45)
	at java.lang.reflect.Constructor.newInstance(Constructor.java:423)
	at org.fest.assertions.ConstructorInvoker.newInstance(ConstructorInvoker.java:36)
	at org.fest.assertions.ComparisonFailureFactory.newComparisonFailure(ComparisonFailureFactory.java:60)
	at org.fest.assertions.ComparisonFailureFactory.comparisonFailure(ComparisonFailureFactory.java:46)
	at org.fest.assertions.Fail.comparisonFailed(Fail.java:83)
	at org.fest.assertions.Fail.failIfNotEqual(Fail.java:71)
	at org.fest.assertions.GenericAssert.isEqualTo(GenericAssert.java:217)
	at org.fest.assertions.IntAssert.isEqualTo(IntAssert.java:61)
	at io.debezium.connector.mysql.MySqlDdlParserTest.assertColumn(MySqlDdlParserTest.java:1527)
	at io.debezium.connector.mysql.MySqlDdlParserTest.parseDdlForDecAndFixed(MySqlDdlParserTest.java:1361)

Running io.debezium.connector.mysql.FiltersTest
Tests run: 22, Failures: 0, Errors: 0, Skipped: 0, Time elapsed: 0.051 sec - in io.debezium.connector.mysql.FiltersTest
Running io.debezium.connector.mysql.MySqlSchemaTest
2020-03-13 23:55:07,107 WARN   ||  Ignoring unparseable DDL statement 'xxxCREATE TABLE mytable
# Create the database that we'll use to populate data and watch the effect in the binlog
CREATE DATABASE connector_test;

# Create and populate our products using a single insert with many rows
CREATE TABLE connector_test.products (
  id INTEGER NOT NULL AUTO_INCREMENT PRIMARY KEY,
  name VARCHAR(255) NOT NULL,
  description VARCHAR(512),
  weight FLOAT
);
ALTER TABLE connector_test.products AUTO_INCREMENT = 101;

# Create and populate the products on hand using multiple inserts
CREATE TABLE connector_test.products_on_hand (
  product_id INTEGER NOT NULL PRIMARY KEY,
  quantity INTEGER NOT NULL,
  FOREIGN KEY (product_id) REFERENCES products(id)
);

# Create some customers ...
CREATE TABLE connector_test.customers (
  id INTEGER NOT NULL AUTO_INCREMENT PRIMARY KEY,
  first_name VARCHAR(255) NOT NULL,
  last_name VARCHAR(255) NOT NULL,
  email VARCHAR(255) NOT NULL UNIQUE KEY
) AUTO_INCREMENT=1001;

# Create some veyr simple orders
CREATE TABLE connector_test.orders (
  order_number INTEGER NOT NULL AUTO_INCREMENT PRIMARY KEY,
  order_date DATE NOT NULL,
  purchaser INTEGER NOT NULL,
  quantity INTEGER NOT NULL,
  product_id INTEGER NOT NULL,
  FOREIGN KEY order_customer (purchaser) REFERENCES customers(id),
  FOREIGN KEY ordered_product (product_id) REFERENCES products(id)
) AUTO_INCREMENT = 10001;': {}   [io.debezium.connector.mysql.MySqlSchema]
2020-03-13 23:55:07,113 WARN   ||  Ignoring unparseable statements 'xxxCREATE TABLE mytable
# Create the database that we'll use to populate data and watch the effect in the binlog
CREATE DATABASE connector_test;

# Create and populate our products using a single insert with many rows
CREATE TABLE connector_test.products (
  id INTEGER NOT NULL AUTO_INCREMENT PRIMARY KEY,
  name VARCHAR(255) NOT NULL,
  description VARCHAR(512),
  weight FLOAT
);
ALTER TABLE connector_test.products AUTO_INCREMENT = 101;

# Create and populate the products on hand using multiple inserts
CREATE TABLE connector_test.products_on_hand (
  product_id INTEGER NOT NULL PRIMARY KEY,
  quantity INTEGER NOT NULL,
  FOREIGN KEY (product_id) REFERENCES products(id)
);

# Create some customers ...
CREATE TABLE connector_test.customers (
  id INTEGER NOT NULL AUTO_INCREMENT PRIMARY KEY,
  first_name VARCHAR(255) NOT NULL,
  last_name VARCHAR(255) NOT NULL,
  email VARCHAR(255) NOT NULL UNIQUE KEY
) AUTO_INCREMENT=1001;

# Create some veyr simple orders
CREATE TABLE connector_test.orders (
  order_number INTEGER NOT NULL AUTO_INCREMENT PRIMARY KEY,
  order_date DATE NOT NULL,
  purchaser INTEGER NOT NULL,
  quantity INTEGER NOT NULL,
  product_id INTEGER NOT NULL,
  FOREIGN KEY order_customer (purchaser) REFERENCES customers(id),
  FOREIGN KEY ordered_product (product_id) REFERENCES products(id)
) AUTO_INCREMENT = 10001;' stored in database history: {}   [io.debezium.relational.history.FileDatabaseHistory]
io.debezium.text.ParsingException: Failed to parse statement 'xxxCREATE TABLE mytable
# Create the database that we'll use to populate data and watch the effect in the binlog
CREATE DATABASE connector_test;

# Create and populate our products using a single insert with many rows
CREATE TABLE connector_test.products (
  id INTEGER NOT NULL AUTO_INCREMENT PRIMARY KEY,
  name VARCHAR(255) NOT NULL,
  description VARCHAR(512),
  weight FLOAT
);
ALTER TABLE connector_test.products AUTO_INCREMENT = 101;

# Create and populate the products on hand using multiple inserts
CREATE TABLE connector_test.products_on_hand (
  product_id INTEGER NOT NULL PRIMARY KEY,
  quantity INTEGER NOT NULL,
  FOREIGN KEY (product_id) REFERENCES products(id)
);

# Create some customers ...
CREATE TABLE connector_test.customers (
  id INTEGER NOT NULL AUTO_INCREMENT PRIMARY KEY,
  first_name VARCHAR(255) NOT NULL,
  last_name VARCHAR(255) NOT NULL,
  email VARCHAR(255) NOT NULL UNIQUE KEY
) AUTO_INCREMENT=1001;

# Create some veyr simple orders
CREATE TABLE connector_test.orders (
  order_number INTEGER NOT NULL AUTO_INCREMENT PRIMARY KEY,
  order_date DATE NOT NULL,
  purchaser INTEGER NOT NULL,
  quantity INTEGER NOT NULL,
  product_id INTEGER NOT NULL,
  FOREIGN KEY order_customer (purchaser) REFERENCES customers(id),
  FOREIGN KEY ordered_product (product_id) REFERENCES products(id)
) AUTO_INCREMENT = 10001;'
	at io.debezium.relational.ddl.DdlParser.parse(DdlParser.java:292)
	at io.debezium.relational.ddl.DdlParser.parse(DdlParser.java:267)
	at io.debezium.relational.history.AbstractDatabaseHistory.lambda$recover$1(AbstractDatabaseHistory.java:75)
	at io.debezium.relational.history.FileDatabaseHistory.lambda$recoverRecords$2(FileDatabaseHistory.java:131)
	at io.debezium.util.FunctionalReadWriteLock.write(FunctionalReadWriteLock.java:96)
	at io.debezium.relational.history.FileDatabaseHistory.recoverRecords(FileDatabaseHistory.java:126)
	at io.debezium.relational.history.AbstractDatabaseHistory.recover(AbstractDatabaseHistory.java:63)
	at io.debezium.connector.mysql.MySqlSchema.loadHistory(MySqlSchema.java:268)
	at io.debezium.connector.mysql.MySqlSchemaTest.assertHistoryRecorded(MySqlSchemaTest.java:196)
	at io.debezium.connector.mysql.MySqlSchemaTest.shouldIgnoreUnparseableDdlAndRecover(MySqlSchemaTest.java:101)
	at sun.reflect.NativeMethodAccessorImpl.invoke0(Native Method)
	at sun.reflect.NativeMethodAccessorImpl.invoke(NativeMethodAccessorImpl.java:62)
	at sun.reflect.DelegatingMethodAccessorImpl.invoke(DelegatingMethodAccessorImpl.java:43)
	at java.lang.reflect.Method.invoke(Method.java:498)
	at org.junit.runners.model.FrameworkMethod$1.runReflectiveCall(FrameworkMethod.java:50)
	at org.junit.internal.runners.model.ReflectiveCallable.run(ReflectiveCallable.java:12)
	at org.junit.runners.model.FrameworkMethod.invokeExplosively(FrameworkMethod.java:47)
	at org.junit.internal.runners.statements.InvokeMethod.evaluate(InvokeMethod.java:17)
	at org.junit.internal.runners.statements.RunBefores.evaluate(RunBefores.java:26)
	at org.junit.internal.runners.statements.RunAfters.evaluate(RunAfters.java:27)
	at org.junit.runners.ParentRunner.runLeaf(ParentRunner.java:325)
	at org.junit.runners.BlockJUnit4ClassRunner.runChild(BlockJUnit4ClassRunner.java:78)
	at org.junit.runners.BlockJUnit4ClassRunner.runChild(BlockJUnit4ClassRunner.java:57)
	at org.junit.runners.ParentRunner$3.run(ParentRunner.java:290)
	at org.junit.runners.ParentRunner$1.schedule(ParentRunner.java:71)
	at org.junit.runners.ParentRunner.runChildren(ParentRunner.java:288)
	at org.junit.runners.ParentRunner.access$000(ParentRunner.java:58)
	at org.junit.runners.ParentRunner$2.evaluate(ParentRunner.java:268)
	at org.junit.runners.ParentRunner.run(ParentRunner.java:363)
	at org.apache.maven.surefire.junit4.JUnit4Provider.execute(JUnit4Provider.java:283)
	at org.apache.maven.surefire.junit4.JUnit4Provider.executeWithRerun(JUnit4Provider.java:173)
	at org.apache.maven.surefire.junit4.JUnit4Provider.executeTestSet(JUnit4Provider.java:153)
	at org.apache.maven.surefire.junit4.JUnit4Provider.invoke(JUnit4Provider.java:128)
	at org.apache.maven.surefire.booter.ForkedBooter.invokeProviderInSameClassLoader(ForkedBooter.java:203)
	at org.apache.maven.surefire.booter.ForkedBooter.runSuitesInProcess(ForkedBooter.java:155)
	at org.apache.maven.surefire.booter.ForkedBooter.main(ForkedBooter.java:103)
Caused by: io.debezium.text.ParsingException: Expecting token type 128 at line 1, column 1 but found 'xxxCREATE':  ===>> xxxCREATE TABLE myta
	at io.debezium.text.TokenStream.consume(TokenStream.java:737)
	at io.debezium.relational.ddl.DdlParser.consumeStatement(DdlParser.java:568)
	at io.debezium.relational.ddl.DdlParser.parseUnknownStatement(DdlParser.java:376)
	at io.debezium.connector.mysql.MySqlDdlParser.parseNextStatement(MySqlDdlParser.java:176)
	at io.debezium.relational.ddl.DdlParser.parse(DdlParser.java:286)
	... 35 more
Tests run: 5, Failures: 0, Errors: 0, Skipped: 0, Time elapsed: 0.004 sec - in io.debezium.connector.mysql.MySqlSchemaTest
Running io.debezium.connector.mysql.GtidSetTest
Tests run: 9, Failures: 0, Errors: 0, Skipped: 0, Time elapsed: 0.001 sec - in io.debezium.connector.mysql.GtidSetTest
Running io.debezium.connector.mysql.MySqlTaskContextTest
Tests run: 9, Failures: 0, Errors: 0, Skipped: 0, Time elapsed: 0 sec - in io.debezium.connector.mysql.MySqlTaskContextTest
Running io.debezium.connector.mysql.ChainedReaderTest
Tests run: 5, Failures: 0, Errors: 0, Skipped: 0, Time elapsed: 0 sec - in io.debezium.connector.mysql.ChainedReaderTest
Running io.debezium.connector.mysql.TableConvertersTest
Tests run: 1, Failures: 0, Errors: 0, Skipped: 1, Time elapsed: 0 sec - in io.debezium.connector.mysql.TableConvertersTest
Running io.debezium.connector.mysql.MySqlConnectorTest
Tests run: 1, Failures: 0, Errors: 0, Skipped: 0, Time elapsed: 0.001 sec - in io.debezium.connector.mysql.MySqlConnectorTest
Running io.debezium.connector.mysql.SourceInfoTest
Tests run: 35, Failures: 0, Errors: 0, Skipped: 0, Time elapsed: 0.001 sec - in io.debezium.connector.mysql.SourceInfoTest
Running io.debezium.connector.mysql.MySqlValueConvertersTest
Tests run: 4, Failures: 0, Errors: 0, Skipped: 0, Time elapsed: 0 sec - in io.debezium.connector.mysql.MySqlValueConvertersTest
Running io.debezium.connector.mysql.MySqlUnsignedIntegerConverterTest
Tests run: 5, Failures: 0, Errors: 0, Skipped: 0, Time elapsed: 0 sec - in io.debezium.connector.mysql.MySqlUnsignedIntegerConverterTest

Results :

Failed tests: 
  MySqlDdlParserTest.parseDdlForDecAndFixed:1361->assertColumn:1527 expected:<[0]> but was:<[-1]>
  MySqlDdlParserTest.parseDdlForUnscaledDecAndFixed:1375->assertColumn:1526 expected:<[10]> but was:<[-1]>

Tests run: 185, Failures: 2, Errors: 0, Skipped: 1

[INFO] ------------------------------------------------------------------------
[INFO] BUILD FAILURE
[INFO] ------------------------------------------------------------------------
[INFO] Total time: 24.782 s
[INFO] Finished at: 2020-03-13T23:55:09-07:00
[INFO] Final Memory: 23M/994M
[INFO] ------------------------------------------------------------------------
[ERROR] Failed to execute goal org.apache.maven.plugins:maven-surefire-plugin:2.18.1:test (default-test) on project debezium-connector-mysql: There are test failures.
[ERROR] 
[ERROR] Please refer to /boom/scratch/tmp-rta/Bears_debezium-debezium_343712961-343714390_java-8/debezium-connector-mysql/target/surefire-reports for the individual test results.
[ERROR] -> [Help 1]
[ERROR] 
[ERROR] To see the full stack trace of the errors, re-run Maven with the -e switch.
[ERROR] Re-run Maven using the -X switch to enable full debug logging.
[ERROR] 
[ERROR] For more information about the errors and possible solutions, please read the following articles:
[ERROR] [Help 1] http://cwiki.apache.org/confluence/display/MAVEN/MojoFailureException
