Picked up JAVA_TOOL_OPTIONS: -XX:CICompilerCount=2 -XX:ParallelGCThreads=2 -XX:ConcGCThreads=2 -Djdk.net.URLClassPath.disableClassPathURLCheck=true 
Picked up _JAVA_OPTIONS: -Djdk.net.URLClassPath.disableClassPathURLCheck=true
Apache Maven 3.5.0 (Red Hat 3.5.0-4.3)
Maven home: /opt/rh/rh-maven35/root/usr/share/maven
Java version: 1.8.0_181, vendor: Oracle Corporation
Java home: /scratch/rjust/projects/calling-bs/repair-them-all/RepairThemAll/jdks/jdk1.8.0_181/jre
Default locale: en_US, platform encoding: UTF-8
OS name: "linux", version: "4.14.132-1.el7.retpoline.x86_64", arch: "amd64", family: "unix"
[INFO] Scanning for projects...
[INFO] 
[INFO] ------------------------------------------------------------------------
[INFO] Building Apache Log4j SLF4J Binding 2.1-SNAPSHOT
[INFO] ------------------------------------------------------------------------
[INFO] 
[INFO] --- maven-remote-resources-plugin:1.1:process (default) @ log4j-slf4j-impl ---
[INFO] Setting property: classpath.resource.loader.class => 'org.codehaus.plexus.velocity.ContextClassLoaderResourceLoader'.
[INFO] Setting property: velocimacro.messages.on => 'false'.
[INFO] Setting property: resource.loader => 'classpath'.
[INFO] Setting property: resource.manager.logwhenfound => 'false'.
[INFO] 
[INFO] --- maven-resources-plugin:2.5:resources (default-resources) @ log4j-slf4j-impl ---
[debug] execute contextualize
[INFO] Using 'UTF-8' encoding to copy filtered resources.
[INFO] skip non existing resourceDirectory /tmp/DynaMoth_Bugs.jar_Logging-Log4J2_73400bfb/log4j-slf4j-impl/src/main/resources
[INFO] Copying 3 resources
[INFO] 
[INFO] --- maven-compiler-plugin:3.1:compile (default-compile) @ log4j-slf4j-impl ---
[INFO] Changes detected - recompiling the module!
[INFO] Compiling 12 source files to /tmp/DynaMoth_Bugs.jar_Logging-Log4J2_73400bfb/log4j-slf4j-impl/target/classes
[WARNING] bootstrap class path not set in conjunction with -source 1.6
[WARNING] CAL10NAnnotationProcessor 0.8.1 initialized
[WARNING] Supported source version 'RELEASE_5' from annotation processor 'ch.qos.cal10n.verifier.processor.CAL10NAnnotationProcessor' less than -source '1.6'
[WARNING] /tmp/DynaMoth_Bugs.jar_Logging-Log4J2_73400bfb/log4j-slf4j-impl/src/main/java/org/apache/logging/slf4j/Log4jMarker.java:[79,21] iterator() in org.apache.logging.slf4j.Log4jMarker implements iterator() in org.slf4j.Marker
  return type requires unchecked conversion from java.util.Iterator to java.util.Iterator<org.slf4j.Marker>
[WARNING] /tmp/DynaMoth_Bugs.jar_Logging-Log4J2_73400bfb/log4j-slf4j-impl/src/main/java/org/apache/logging/slf4j/Log4jMarker.java:[73,20] hasChildren() in org.slf4j.Marker has been deprecated
[INFO] 
[INFO] --- maven-bundle-plugin:2.4.0:manifest (default) @ log4j-slf4j-impl ---
[INFO] 
[INFO] --- maven-resources-plugin:2.5:testResources (default-testResources) @ log4j-slf4j-impl ---
[debug] execute contextualize
[INFO] Using 'UTF-8' encoding to copy filtered resources.
[INFO] Copying 1 resource
[INFO] Copying 3 resources
[INFO] 
[INFO] --- maven-compiler-plugin:3.1:testCompile (default-testCompile) @ log4j-slf4j-impl ---
[INFO] Nothing to compile - all classes are up to date
[INFO] 
[INFO] --- maven-surefire-plugin:2.17:test (default-test) @ log4j-slf4j-impl ---
[INFO] 
[INFO] --- maven-surefire-plugin:2.17:test (default-tests) @ log4j-slf4j-impl ---
[INFO] Surefire report directory: /tmp/DynaMoth_Bugs.jar_Logging-Log4J2_73400bfb/log4j-slf4j-impl/target/surefire-reports
[INFO] Downloading: https://repository.apache.org/content/repositories/releases/org/apache/maven/surefire/surefire-junit4/2.17/surefire-junit4-2.17.pom
[INFO] Downloaded: https://repository.apache.org/content/repositories/releases/org/apache/maven/surefire/surefire-junit4/2.17/surefire-junit4-2.17.pom (2.5 kB at 2.2 kB/s)
[INFO] Downloading: https://repository.apache.org/content/repositories/releases/org/apache/maven/surefire/surefire-providers/2.17/surefire-providers-2.17.pom
[INFO] Downloaded: https://repository.apache.org/content/repositories/releases/org/apache/maven/surefire/surefire-providers/2.17/surefire-providers-2.17.pom (2.4 kB at 3.5 kB/s)
[INFO] Downloading: https://repository.apache.org/content/repositories/releases/org/apache/maven/surefire/surefire-junit4/2.17/surefire-junit4-2.17.jar
[INFO] Downloaded: https://repository.apache.org/content/repositories/releases/org/apache/maven/surefire/surefire-junit4/2.17/surefire-junit4-2.17.jar (64 kB at 78 kB/s)

-------------------------------------------------------
 T E S T S
-------------------------------------------------------

-------------------------------------------------------
 T E S T S
-------------------------------------------------------
Picked up JAVA_TOOL_OPTIONS: -XX:CICompilerCount=2 -XX:ParallelGCThreads=2 -XX:ConcGCThreads=2 -Djdk.net.URLClassPath.disableClassPathURLCheck=true -XX:CICompilerCount=2 -XX:ParallelGCThreads=2 -XX:ConcGCThreads=2 -Djdk.net.URLClassPath.disableClassPathURLCheck=true 
Picked up _JAVA_OPTIONS: -Djdk.net.URLClassPath.disableClassPathURLCheck=true
Picked up JAVA_TOOL_OPTIONS: -XX:CICompilerCount=2 -XX:ParallelGCThreads=2 -XX:ConcGCThreads=2 -Djdk.net.URLClassPath.disableClassPathURLCheck=true -XX:CICompilerCount=2 -XX:ParallelGCThreads=2 -XX:ConcGCThreads=2 -Djdk.net.URLClassPath.disableClassPathURLCheck=true 
Picked up _JAVA_OPTIONS: -Djdk.net.URLClassPath.disableClassPathURLCheck=true
Picked up JAVA_TOOL_OPTIONS: -XX:CICompilerCount=2 -XX:ParallelGCThreads=2 -XX:ConcGCThreads=2 -Djdk.net.URLClassPath.disableClassPathURLCheck=true -XX:CICompilerCount=2 -XX:ParallelGCThreads=2 -XX:ConcGCThreads=2 -Djdk.net.URLClassPath.disableClassPathURLCheck=true 
Picked up _JAVA_OPTIONS: -Djdk.net.URLClassPath.disableClassPathURLCheck=true
Running org.apache.logging.slf4j.LoggerTest
Running org.apache.logging.slf4j.MarkerTest
Running org.apache.logging.slf4j.SerializeTest
Tests run: 1, Failures: 0, Errors: 0, Skipped: 0, Time elapsed: 0.087 sec - in org.apache.logging.slf4j.MarkerTest
2019-08-21 13:43:11,527 ERROR Appenders contains an invalid element or attribute "SLF4J"
2019-08-21 13:43:11,557 ERROR Appenders contains an invalid element or attribute "SLF4J"
2019-08-21 13:43:11,764 ERROR Appenders contains an invalid element or attribute "SLF4J"
Tests run: 12, Failures: 0, Errors: 1, Skipped: 0, Time elapsed: 0.898 sec <<< FAILURE! - in org.apache.logging.slf4j.LoggerTest
supportsCustomSLF4JMarkers(org.apache.logging.slf4j.LoggerTest)  Time elapsed: 0.01 sec  <<< ERROR!
java.lang.ClassCastException: org.apache.logging.slf4j.CustomFlatMarker cannot be cast to org.apache.logging.slf4j.Log4jMarker
	at org.apache.logging.slf4j.Log4jLogger.getMarker(Log4jLogger.java:378)
	at org.apache.logging.slf4j.Log4jLogger.debug(Log4jLogger.java:152)
	at org.apache.logging.slf4j.LoggerTest.supportsCustomSLF4JMarkers(LoggerTest.java:126)

2019-08-21 13:43:12,066 ERROR Appenders contains an invalid element or attribute "SLF4J"
2019-08-21 13:43:12,080 ERROR No log4j2 configuration file found. Using default configuration: logging only errors to the console.
Tests run: 1, Failures: 0, Errors: 0, Skipped: 0, Time elapsed: 1.253 sec - in org.apache.logging.slf4j.SerializeTest

Results :

Tests in error: 
  LoggerTest.supportsCustomSLF4JMarkers:126 Â» ClassCast org.apache.logging.slf4j...

Tests run: 14, Failures: 0, Errors: 1, Skipped: 0

[INFO] ------------------------------------------------------------------------
[INFO] BUILD FAILURE
[INFO] ------------------------------------------------------------------------
[INFO] Total time: 8.964 s
[INFO] Finished at: 2019-08-21T13:43:12-07:00
[INFO] Final Memory: 34M/1752M
[INFO] ------------------------------------------------------------------------
[ERROR] Failed to execute goal org.apache.maven.plugins:maven-surefire-plugin:2.17:test (default-tests) on project log4j-slf4j-impl: There are test failures.
[ERROR] 
[ERROR] Please refer to /tmp/DynaMoth_Bugs.jar_Logging-Log4J2_73400bfb/log4j-slf4j-impl/target/surefire-reports for the individual test results.
[ERROR] -> [Help 1]
[ERROR] 
[ERROR] To see the full stack trace of the errors, re-run Maven with the -e switch.
[ERROR] Re-run Maven using the -X switch to enable full debug logging.
[ERROR] 
[ERROR] For more information about the errors and possible solutions, please read the following articles:
[ERROR] [Help 1] http://cwiki.apache.org/confluence/display/MAVEN/MojoFailureException
