Picked up JAVA_TOOL_OPTIONS: -XX:CICompilerCount=2 -XX:ParallelGCThreads=2 -XX:ConcGCThreads=2 -Djdk.net.URLClassPath.disableClassPathURLCheck=true 
Java HotSpot(TM) 64-Bit Server VM warning: ignoring option MaxPermSize=512m; support was removed in 8.0
Picked up _JAVA_OPTIONS: -Djdk.net.URLClassPath.disableClassPathURLCheck=true
Apache Maven 3.5.0 (Red Hat 3.5.0-4.3)
Maven home: /opt/rh/rh-maven35/root/usr/share/maven
Java version: 1.8.0_181, vendor: Oracle Corporation
Java home: /bam/scratch/jmcampos/RTA/repair_them_all_framework/jdks/jdk1.8.0_181/jre
Default locale: en_US, platform encoding: UTF-8
OS name: "linux", version: "4.14.147-1.el7.retpoline.x86_64", arch: "amd64", family: "unix"
[INFO] Scanning for projects...
[INFO] 
[INFO] ------------------------------------------------------------------------
[INFO] Building Wicket Extensions 6.0-SNAPSHOT
[INFO] ------------------------------------------------------------------------
[INFO] Downloading: http://repository.apache.org/snapshots/org/apache/wicket/wicket-core/6.0-SNAPSHOT/maven-metadata.xml
[INFO] Downloaded: http://repository.apache.org/snapshots/org/apache/wicket/wicket-core/6.0-SNAPSHOT/maven-metadata.xml (1.4 kB at 192 B/s)
[INFO] Downloading: http://repository.apache.org/snapshots/org/apache/wicket/wicket-parent/6.0-SNAPSHOT/maven-metadata.xml
[INFO] Downloaded: http://repository.apache.org/snapshots/org/apache/wicket/wicket-parent/6.0-SNAPSHOT/maven-metadata.xml (609 B at 895 B/s)
[INFO] Downloading: http://repository.apache.org/snapshots/org/apache/wicket/wicket-util/6.0-SNAPSHOT/maven-metadata.xml
[INFO] Downloaded: http://repository.apache.org/snapshots/org/apache/wicket/wicket-util/6.0-SNAPSHOT/maven-metadata.xml (1.4 kB at 4.2 kB/s)
[INFO] Downloading: http://repository.apache.org/snapshots/org/apache/wicket/wicket-request/6.0-SNAPSHOT/maven-metadata.xml
[INFO] Downloaded: http://repository.apache.org/snapshots/org/apache/wicket/wicket-request/6.0-SNAPSHOT/maven-metadata.xml (1.4 kB at 4.3 kB/s)
[INFO] 
[INFO] --- maven-remote-resources-plugin:1.2.1:process (default) @ wicket-extensions ---
[INFO] 
[INFO] --- maven-resources-plugin:2.5:resources (default-resources) @ wicket-extensions ---
[debug] execute contextualize
[INFO] Using 'UTF-8' encoding to copy filtered resources.
[INFO] Copying 137 resources
[INFO] skip non existing resourceDirectory /bam/scratch/tmp-rta/Bugs.jar_Wicket_2624d2db_java-8/wicket-extensions/src/main/resources
[INFO] Copying 3 resources
[INFO] 
[INFO] --- yuicompressor-maven-plugin:1.3.0:compress (default) @ wicket-extensions ---
[INFO] nothing to do, /bam/scratch/tmp-rta/Bugs.jar_Wicket_2624d2db_java-8/wicket-extensions/target/classes/org/apache/wicket/extensions/ajax/markup/html/autocomplete/DefaultCssAutoCompleteTextField.min.css is younger than original, use 'force' option or clean your target
[INFO] nothing to do, /bam/scratch/tmp-rta/Bugs.jar_Wicket_2624d2db_java-8/wicket-extensions/target/classes/org/apache/wicket/extensions/ajax/markup/html/autocomplete/wicket-autocomplete.min.js is younger than original, use 'force' option or clean your target
[INFO] nothing to do, /bam/scratch/tmp-rta/Bugs.jar_Wicket_2624d2db_java-8/wicket-extensions/target/classes/org/apache/wicket/extensions/ajax/markup/html/form/upload/UploadProgressBar.min.css is younger than original, use 'force' option or clean your target
[INFO] nothing to do, /bam/scratch/tmp-rta/Bugs.jar_Wicket_2624d2db_java-8/wicket-extensions/target/classes/org/apache/wicket/extensions/ajax/markup/html/form/upload/progressbar.min.js is younger than original, use 'force' option or clean your target
[INFO] nothing to do, /bam/scratch/tmp-rta/Bugs.jar_Wicket_2624d2db_java-8/wicket-extensions/target/classes/org/apache/wicket/extensions/ajax/markup/html/modal/res/modal.min.css is younger than original, use 'force' option or clean your target
[INFO] nothing to do, /bam/scratch/tmp-rta/Bugs.jar_Wicket_2624d2db_java-8/wicket-extensions/target/classes/org/apache/wicket/extensions/ajax/markup/html/modal/res/modal.min.js is younger than original, use 'force' option or clean your target
[INFO] nothing to do, /bam/scratch/tmp-rta/Bugs.jar_Wicket_2624d2db_java-8/wicket-extensions/target/classes/org/apache/wicket/extensions/markup/html/form/palette/palette.min.css is younger than original, use 'force' option or clean your target
[INFO] nothing to do, /bam/scratch/tmp-rta/Bugs.jar_Wicket_2624d2db_java-8/wicket-extensions/target/classes/org/apache/wicket/extensions/markup/html/form/palette/palette.min.js is younger than original, use 'force' option or clean your target
[INFO] nothing to do, /bam/scratch/tmp-rta/Bugs.jar_Wicket_2624d2db_java-8/wicket-extensions/target/classes/org/apache/wicket/extensions/markup/html/repeater/tree/theme/human/theme.min.css is younger than original, use 'force' option or clean your target
[INFO] nothing to do, /bam/scratch/tmp-rta/Bugs.jar_Wicket_2624d2db_java-8/wicket-extensions/target/classes/org/apache/wicket/extensions/markup/html/repeater/tree/theme/windows/theme.min.css is younger than original, use 'force' option or clean your target
[INFO] nothing to do, /bam/scratch/tmp-rta/Bugs.jar_Wicket_2624d2db_java-8/wicket-extensions/target/classes/org/apache/wicket/extensions/markup/html/tree/res/tree-table.min.css is younger than original, use 'force' option or clean your target
[INFO] nothing to do, /bam/scratch/tmp-rta/Bugs.jar_Wicket_2624d2db_java-8/wicket-extensions/target/classes/org/apache/wicket/extensions/markup/html/tree/res/tree.min.css is younger than original, use 'force' option or clean your target
[INFO] nothing to do, /bam/scratch/tmp-rta/Bugs.jar_Wicket_2624d2db_java-8/wicket-extensions/target/classes/org/apache/wicket/extensions/markup/html/tree/res/base-tree.min.css is younger than original, use 'force' option or clean your target
[INFO] nothing to do, /bam/scratch/tmp-rta/Bugs.jar_Wicket_2624d2db_java-8/wicket-extensions/target/classes/org/apache/wicket/extensions/markup/html/tree/res/tree.min.js is younger than original, use 'force' option or clean your target
[INFO] nothing to do, /bam/scratch/tmp-rta/Bugs.jar_Wicket_2624d2db_java-8/wicket-extensions/target/classes/org/apache/wicket/extensions/rating/RatingPanel.min.css is younger than original, use 'force' option or clean your target
[INFO] nothing to do, /bam/scratch/tmp-rta/Bugs.jar_Wicket_2624d2db_java-8/wicket-extensions/target/classes/org/apache/wicket/extensions/wizard/Wizard.min.css is younger than original, use 'force' option or clean your target
[INFO] nb warnings: 0, nb errors: 0
[INFO] 
[INFO] --- maven-compiler-plugin:2.3.2:compile (default-compile) @ wicket-extensions ---
[INFO] Nothing to compile - all classes are up to date
[INFO] 
[INFO] --- maven-bundle-plugin:2.3.7:manifest (bundle-manifest) @ wicket-extensions ---
[INFO] 
[INFO] --- maven-resources-plugin:2.5:testResources (default-testResources) @ wicket-extensions ---
[debug] execute contextualize
[INFO] Using 'UTF-8' encoding to copy filtered resources.
[INFO] Copying 6 resources
[INFO] Copying 3 resources
[INFO] 
[INFO] --- maven-compiler-plugin:2.3.2:testCompile (default-testCompile) @ wicket-extensions ---
[INFO] Nothing to compile - all classes are up to date
[INFO] 
[INFO] --- maven-surefire-plugin:2.11:test (default-test) @ wicket-extensions ---
[INFO] Surefire report directory: /bam/scratch/tmp-rta/Bugs.jar_Wicket_2624d2db_java-8/wicket-extensions/target/surefire-reports
[INFO] Using configured provider org.apache.maven.surefire.junitcore.JUnitCoreProvider

-------------------------------------------------------
 T E S T S
-------------------------------------------------------
Picked up JAVA_TOOL_OPTIONS: -XX:CICompilerCount=2 -XX:ParallelGCThreads=2 -XX:ConcGCThreads=2 -Djdk.net.URLClassPath.disableClassPathURLCheck=true -XX:CICompilerCount=2 -XX:ParallelGCThreads=2 -XX:ConcGCThreads=2 -Djdk.net.URLClassPath.disableClassPathURLCheck=true 
Picked up _JAVA_OPTIONS: -Djdk.net.URLClassPath.disableClassPathURLCheck=true
Concurrency config is parallel='none', perCoreThreadCount=true, threadCount=2, useUnlimitedThreads=false
Running org.apache.wicket.extensions.markup.html.repeater.tree.table.TreeDataProviderTest
Tests run: 1, Failures: 0, Errors: 0, Skipped: 0, Time elapsed: 0.002 sec
Running org.apache.wicket.extensions.markup.html.repeater.tree.table.NodeModelTest
Tests run: 1, Failures: 0, Errors: 0, Skipped: 0, Time elapsed: 0.003 sec
Running org.apache.wicket.extensions.markup.html.repeater.util.TreeModelProviderTest
Tests run: 2, Failures: 0, Errors: 0, Skipped: 0, Time elapsed: 0.004 sec
Running org.apache.wicket.extensions.markup.html.repeater.util.ProviderSubsetTest
Tests run: 1, Failures: 0, Errors: 0, Skipped: 0, Time elapsed: 0.005 sec
Running org.apache.wicket.extensions.markup.html.basic.DefaultLinkParserTest
Tests run: 4, Failures: 0, Errors: 0, Skipped: 0, Time elapsed: 0.004 sec
Running org.apache.wicket.extensions.validation.validator.RfcCompliantEmailValidatorTest
Tests run: 2, Failures: 0, Errors: 0, Skipped: 0, Time elapsed: 0.008 sec
Running org.apache.wicket.extensions.markup.html.tree.MoveChildToParentNodeMarkedForRecreationTest
Tests run: 1, Failures: 0, Errors: 1, Skipped: 0, Time elapsed: 0.003 sec <<< FAILURE!
Running org.apache.wicket.extensions.markup.html.form.palette.PaletteTest
Tests run: 3, Failures: 0, Errors: 3, Skipped: 0, Time elapsed: 0.008 sec <<< FAILURE!
Running org.apache.wicket.util.license.ApacheLicenceHeaderTest

org.apache.wicket.util.license.JavaScriptLicenseHeaderHandler failed. The following files(1) didn't have correct license header:
NONE /bam/scratch/tmp-rta/Bugs.jar_Wicket_2624d2db_java-8/wicket-extensions/project-config-maven-plugin.json
Tests run: 1, Failures: 1, Errors: 0, Skipped: 0, Time elapsed: 0.273 sec <<< FAILURE!
Running org.apache.wicket.extensions.ajax.markup.html.AjaxEditableTest
log4j:WARN No appenders could be found for logger (org.apache.wicket.Application).
log4j:WARN Please initialize the log4j system properly.
log4j:WARN See http://logging.apache.org/log4j/1.2/faq.html#noconfig for more info.
Tests run: 4, Failures: 0, Errors: 4, Skipped: 0, Time elapsed: 0.245 sec <<< FAILURE!
Running org.apache.wicket.extensions.markup.html.upload.UploadFormWithProgressBarTest
Tests run: 1, Failures: 0, Errors: 1, Skipped: 0, Time elapsed: 0.005 sec <<< FAILURE!
Running org.apache.wicket.extensions.markup.html.AjaxLazyLoadPanelTesterTest
Tests run: 1, Failures: 0, Errors: 1, Skipped: 0, Time elapsed: 0.002 sec <<< FAILURE!
Running org.apache.wicket.extensions.wizard.WizardModelTest
Tests run: 1, Failures: 0, Errors: 1, Skipped: 0, Time elapsed: 0.004 sec <<< FAILURE!
Running org.apache.wicket.util.markup.xhtml.WellFormedXmlTest
Tests run: 1, Failures: 0, Errors: 0, Skipped: 0, Time elapsed: 0.114 sec
Running org.apache.wicket.extensions.markup.html.form.select.SelectTest
Tests run: 1, Failures: 0, Errors: 1, Skipped: 0, Time elapsed: 0.002 sec <<< FAILURE!
Running org.apache.wicket.extensions.markup.html.repeater.data.table.DataTableTest
Tests run: 3, Failures: 0, Errors: 3, Skipped: 0, Time elapsed: 0.024 sec <<< FAILURE!
Running org.apache.wicket.extensions.markup.html.tree.TreeTest
Tests run: 3, Failures: 0, Errors: 3, Skipped: 0, Time elapsed: 0.009 sec <<< FAILURE!
Running org.apache.wicket.extensions.markup.html.image.resource.ThumbnailImageResourceTest
Tests run: 1, Failures: 0, Errors: 1, Skipped: 0, Time elapsed: 0.002 sec <<< FAILURE!

Results :

Failed tests:   licenseHeaders(org.apache.wicket.util.license.ApacheLicenceHeaderTest): (..)

Tests in error: 
  test(org.apache.wicket.extensions.markup.html.tree.MoveChildToParentNodeMarkedForRecreationTest)
  standard(org.apache.wicket.extensions.markup.html.form.palette.PaletteTest)
  choicesModelMissingSelected(org.apache.wicket.extensions.markup.html.form.palette.PaletteTest)
  choicesModelAccountingForSelected(org.apache.wicket.extensions.markup.html.form.palette.PaletteTest)
  testAjaxEditableLabel(org.apache.wicket.extensions.ajax.markup.html.AjaxEditableTest)
  testDisabledAjaxEditableLabel(org.apache.wicket.extensions.ajax.markup.html.AjaxEditableTest)
  testUpdateValue(org.apache.wicket.extensions.ajax.markup.html.AjaxEditableTest)
  testModelObjectClassInference(org.apache.wicket.extensions.ajax.markup.html.AjaxEditableTest)
  testReCreateTheForm(org.apache.wicket.extensions.markup.html.upload.UploadFormWithProgressBarTest)
  test(org.apache.wicket.extensions.markup.html.AjaxLazyLoadPanelTesterTest)
  testResetInitsSteps(org.apache.wicket.extensions.wizard.WizardModelTest)
  rawInputKeepsSelectionOnError(org.apache.wicket.extensions.markup.html.form.select.SelectTest)
  testWicket3603(org.apache.wicket.extensions.markup.html.repeater.data.table.DataTableTest)
  testWicket3886(org.apache.wicket.extensions.markup.html.repeater.data.table.DataTableTest)
  test_1(org.apache.wicket.extensions.markup.html.repeater.data.table.DataTableTest)
  addChildOnRootAtAnOnRootLessTree(org.apache.wicket.extensions.markup.html.tree.TreeTest)
  addGrandchildOnRootAtAnRootLessTree(org.apache.wicket.extensions.markup.html.tree.TreeTest)
  junctionLinkRendered(org.apache.wicket.extensions.markup.html.tree.TreeTest)
  testThumbnailImageResource(org.apache.wicket.extensions.markup.html.image.resource.ThumbnailImageResourceTest)

Tests run: 32, Failures: 1, Errors: 19, Skipped: 0

[INFO] ------------------------------------------------------------------------
[INFO] BUILD FAILURE
[INFO] ------------------------------------------------------------------------
[INFO] Total time: 18.573 s
[INFO] Finished at: 2020-03-15T07:45:25-07:00
[INFO] Final Memory: 21M/981M
[INFO] ------------------------------------------------------------------------
[ERROR] Failed to execute goal org.apache.maven.plugins:maven-surefire-plugin:2.11:test (default-test) on project wicket-extensions: There are test failures.
[ERROR] 
[ERROR] Please refer to /bam/scratch/tmp-rta/Bugs.jar_Wicket_2624d2db_java-8/wicket-extensions/target/surefire-reports for the individual test results.
[ERROR] -> [Help 1]
[ERROR] 
[ERROR] To see the full stack trace of the errors, re-run Maven with the -e switch.
[ERROR] Re-run Maven using the -X switch to enable full debug logging.
[ERROR] 
[ERROR] For more information about the errors and possible solutions, please read the following articles:
[ERROR] [Help 1] http://cwiki.apache.org/confluence/display/MAVEN/MojoFailureException
