Picked up JAVA_TOOL_OPTIONS: -XX:CICompilerCount=2 -XX:ParallelGCThreads=2 -XX:ConcGCThreads=2 -Djdk.net.URLClassPath.disableClassPathURLCheck=true 
Java HotSpot(TM) 64-Bit Server VM warning: ignoring option MaxPermSize=512m; support was removed in 8.0
Picked up _JAVA_OPTIONS: -Djdk.net.URLClassPath.disableClassPathURLCheck=true
Apache Maven 3.5.0 (Red Hat 3.5.0-4.3)
Maven home: /opt/rh/rh-maven35/root/usr/share/maven
Java version: 1.8.0_181, vendor: Oracle Corporation
Java home: /scratch/jmcampos/RTA/repair_them_all_framework/jdks/jdk1.8.0_181/jre
Default locale: en_US, platform encoding: UTF-8
OS name: "linux", version: "4.14.158-1.el7.retpoline.x86_64", arch: "amd64", family: "unix"
[INFO] Scanning for projects...
[INFO] ------------------------------------------------------------------------
[INFO] Detecting the operating system and CPU architecture
[INFO] ------------------------------------------------------------------------
[INFO] os.detected.name: linux
[INFO] os.detected.arch: x86_64
[INFO] os.detected.release: "centos"
[INFO] os.detected.release.version: 7
[INFO] os.detected.release.like."centos": true
[INFO] os.detected.release.like."rhel: true
[INFO] os.detected.release.like.fedora": true
[INFO] os.detected.classifier: linux-x86_64
[INFO] 
[INFO] ------------------------------------------------------------------------
[INFO] Building Axon Framework Connector for AxonServer 4.0.1-SNAPSHOT
[INFO] ------------------------------------------------------------------------
[INFO] Downloading: https://oss.sonatype.org/content/repositories/snapshots/org/axonframework/axon-configuration/4.0.1-SNAPSHOT/maven-metadata.xml
[INFO] Downloading: https://oss.sonatype.org/content/repositories/snapshots/org/axonframework/axon/4.0.1-SNAPSHOT/maven-metadata.xml
[INFO] Downloading: https://oss.sonatype.org/content/repositories/snapshots/org/axonframework/axon-eventsourcing/4.0.1-SNAPSHOT/maven-metadata.xml
[INFO] Downloading: https://oss.sonatype.org/content/repositories/snapshots/org/axonframework/axon-modelling/4.0.1-SNAPSHOT/maven-metadata.xml
[INFO] Downloading: https://oss.sonatype.org/content/repositories/snapshots/org/axonframework/axon-messaging/4.0.1-SNAPSHOT/maven-metadata.xml
[INFO] Downloading: https://oss.sonatype.org/content/repositories/snapshots/org/axonframework/axon-disruptor/4.0.1-SNAPSHOT/maven-metadata.xml
[INFO] Downloading: https://oss.sonatype.org/content/repositories/snapshots/io/grpc/grpc-core/maven-metadata.xml
[INFO] Downloading: https://repo.maven.apache.org/maven2/io/grpc/grpc-core/maven-metadata.xml
[INFO] Downloaded: https://repo.maven.apache.org/maven2/io/grpc/grpc-core/maven-metadata.xml (2.5 kB at 40 kB/s)
[INFO] Downloaded: https://oss.sonatype.org/content/repositories/snapshots/io/grpc/grpc-core/maven-metadata.xml (722 B at 1.7 kB/s)
[INFO] Downloading: https://oss.sonatype.org/content/repositories/snapshots/io/netty/netty-codec-http2/maven-metadata.xml
[INFO] Downloading: https://repo.maven.apache.org/maven2/io/netty/netty-codec-http2/maven-metadata.xml
[INFO] Downloaded: https://repo.maven.apache.org/maven2/io/netty/netty-codec-http2/maven-metadata.xml (2.6 kB at 186 kB/s)
[INFO] Downloaded: https://oss.sonatype.org/content/repositories/snapshots/io/netty/netty-codec-http2/maven-metadata.xml (1.1 kB at 6.6 kB/s)
[INFO] 
[INFO] --- maven-dependency-plugin:2.8:unpack (unpack) @ axon-server-connector ---
[INFO] Configured Artifact: io.axoniq:axon-server-api:?:jar
[INFO] axon-server-api-4.0.jar already unpacked.
[INFO] 
[INFO] --- protobuf-maven-plugin:0.5.0:compile (default) @ axon-server-connector ---
[INFO] Compiling 5 proto file(s) to /scratch/tmp-rta/Bears_AxonFramework-AxonFramework_451926440-451937647_java-8/axon-server-connector/target/generated-sources/protobuf/java
[INFO] 
[INFO] --- protobuf-maven-plugin:0.5.0:compile-custom (default) @ axon-server-connector ---
[INFO] Compiling 5 proto file(s) to /scratch/tmp-rta/Bears_AxonFramework-AxonFramework_451926440-451937647_java-8/axon-server-connector/target/generated-sources/protobuf/grpc-java
[INFO] 
[INFO] --- maven-resources-plugin:3.0.2:resources (default-resources) @ axon-server-connector ---
[INFO] Using 'UTF-8' encoding to copy filtered resources.
[INFO] Copying 3 resources
[INFO] Copying 5 resources
[INFO] Copying 5 resources
[INFO] 
[INFO] --- maven-compiler-plugin:3.5.1:compile (default-compile) @ axon-server-connector ---
[INFO] Changes detected - recompiling the module!
[INFO] Compiling 179 source files to /scratch/tmp-rta/Bears_AxonFramework-AxonFramework_451926440-451937647_java-8/axon-server-connector/target/classes
[INFO] /scratch/tmp-rta/Bears_AxonFramework-AxonFramework_451926440-451937647_java-8/axon-server-connector/target/generated-sources/protobuf/java/io/axoniq/axonserver/grpc/ProcessingInstruction.java: Some input files use or override a deprecated API.
[INFO] /scratch/tmp-rta/Bears_AxonFramework-AxonFramework_451926440-451937647_java-8/axon-server-connector/target/generated-sources/protobuf/java/io/axoniq/axonserver/grpc/ProcessingInstruction.java: Recompile with -Xlint:deprecation for details.
[INFO] /scratch/tmp-rta/Bears_AxonFramework-AxonFramework_451926440-451937647_java-8/axon-server-connector/src/main/java/org/axonframework/axonserver/connector/util/GrpcPayloadSerializer.java: Some input files use unchecked or unsafe operations.
[INFO] /scratch/tmp-rta/Bears_AxonFramework-AxonFramework_451926440-451937647_java-8/axon-server-connector/src/main/java/org/axonframework/axonserver/connector/util/GrpcPayloadSerializer.java: Recompile with -Xlint:unchecked for details.
[INFO] 
[INFO] --- maven-resources-plugin:3.0.2:testResources (default-testResources) @ axon-server-connector ---
[INFO] Using 'UTF-8' encoding to copy filtered resources.
[INFO] Copying 1 resource
[INFO] 
[INFO] --- maven-compiler-plugin:3.5.1:testCompile (default-testCompile) @ axon-server-connector ---
[INFO] Nothing to compile - all classes are up to date
[INFO] 
[INFO] --- maven-surefire-plugin:2.19.1:test (default-test) @ axon-server-connector ---
[INFO] Downloading: https://repo.maven.apache.org/maven2/org/apache/maven/surefire/surefire-junit4/2.19.1/surefire-junit4-2.19.1.pom
[INFO] Downloaded: https://repo.maven.apache.org/maven2/org/apache/maven/surefire/surefire-junit4/2.19.1/surefire-junit4-2.19.1.pom (3.3 kB at 1.1 kB/s)
[INFO] Downloading: https://repo.maven.apache.org/maven2/org/apache/maven/surefire/surefire-providers/2.19.1/surefire-providers-2.19.1.pom
[INFO] Downloaded: https://repo.maven.apache.org/maven2/org/apache/maven/surefire/surefire-providers/2.19.1/surefire-providers-2.19.1.pom (2.6 kB at 256 kB/s)
[INFO] Downloading: https://repo.maven.apache.org/maven2/org/apache/maven/surefire/surefire-junit4/2.19.1/surefire-junit4-2.19.1.jar
[INFO] Downloaded: https://repo.maven.apache.org/maven2/org/apache/maven/surefire/surefire-junit4/2.19.1/surefire-junit4-2.19.1.jar (75 kB at 34 kB/s)

-------------------------------------------------------
 T E S T S
-------------------------------------------------------
Picked up JAVA_TOOL_OPTIONS: -XX:CICompilerCount=2 -XX:ParallelGCThreads=2 -XX:ConcGCThreads=2 -Djdk.net.URLClassPath.disableClassPathURLCheck=true -XX:CICompilerCount=2 -XX:ParallelGCThreads=2 -XX:ConcGCThreads=2 -Djdk.net.URLClassPath.disableClassPathURLCheck=true 
Picked up _JAVA_OPTIONS: -Djdk.net.URLClassPath.disableClassPathURLCheck=true
Running org.axonframework.axonserver.connector.query.AxonServerQueryBusTest
2020-03-13 14:10:27,654 [main] INFO  - main       - ChainingConverter          - ContentTypeConverter of type [class org.axonframework.serialization.xml.Dom4JToByteArrayConverter] is ignored. It seems to rely on a class that is not available in the class loader: org/dom4j/Document
2020-03-13 14:10:27,657 [main] INFO  - main       - ChainingConverter          - ContentTypeConverter of type [class org.axonframework.serialization.xml.InputStreamToDom4jConverter] is ignored. It seems to rely on a class that is not available in the class loader: org/dom4j/Document
2020-03-13 14:10:27,659 [main] INFO  - main       - ChainingConverter          - ContentTypeConverter of type [class org.axonframework.serialization.xml.XomToStringConverter] is ignored. It seems to rely on a class that is not available in the class loader: nu/xom/Document
2020-03-13 14:10:27,660 [main] INFO  - main       - ChainingConverter          - ContentTypeConverter of type [class org.axonframework.serialization.xml.InputStreamToXomConverter] is ignored. It seems to rely on a class that is not available in the class loader: nu/xom/ParsingException
2020-03-13 14:10:29,312 [main] INFO  - main       - xonServerConnectionManager - Connecting using unencrypted connection...
2020-03-13 14:10:30,061 [main] INFO  - main       - xonServerConnectionManager - Re-subscribing commands and queries
2020-03-13 14:10:30,104 [main] WARN  - main       - AxonServerQueryBus         - There was a problem issuing a query GenericQueryMessage{payload={Hello, World}, metadata={}, messageIdentifier='9c57806c-7842-46fa-973c-56eba9f42ecd', queryName='java.lang.String', expectedResponseType='InstanceResponseType{class java.lang.String}'}.
java.lang.RuntimeException: oops
	at org.axonframework.axonserver.connector.query.AxonServerQueryBus.query(AxonServerQueryBus.java:159)
	at org.axonframework.axonserver.connector.query.AxonServerQueryBusTest.queryWhenQueryServiceStubFails(AxonServerQueryBusTest.java:143)
	at sun.reflect.NativeMethodAccessorImpl.invoke0(Native Method)
	at sun.reflect.NativeMethodAccessorImpl.invoke(NativeMethodAccessorImpl.java:62)
	at sun.reflect.DelegatingMethodAccessorImpl.invoke(DelegatingMethodAccessorImpl.java:43)
	at java.lang.reflect.Method.invoke(Method.java:498)
	at org.junit.runners.model.FrameworkMethod$1.runReflectiveCall(FrameworkMethod.java:50)
	at org.junit.internal.runners.model.ReflectiveCallable.run(ReflectiveCallable.java:12)
	at org.junit.runners.model.FrameworkMethod.invokeExplosively(FrameworkMethod.java:47)
	at org.junit.internal.runners.statements.InvokeMethod.evaluate(InvokeMethod.java:17)
	at org.junit.internal.runners.statements.RunBefores.evaluate(RunBefores.java:26)
	at org.junit.internal.runners.statements.RunAfters.evaluate(RunAfters.java:27)
	at org.junit.runners.ParentRunner.runLeaf(ParentRunner.java:325)
	at org.junit.runners.BlockJUnit4ClassRunner.runChild(BlockJUnit4ClassRunner.java:78)
	at org.junit.runners.BlockJUnit4ClassRunner.runChild(BlockJUnit4ClassRunner.java:57)
	at org.junit.runners.ParentRunner$3.run(ParentRunner.java:290)
	at org.junit.runners.ParentRunner$1.schedule(ParentRunner.java:71)
	at org.junit.runners.ParentRunner.runChildren(ParentRunner.java:288)
	at org.junit.runners.ParentRunner.access$000(ParentRunner.java:58)
	at org.junit.runners.ParentRunner$2.evaluate(ParentRunner.java:268)
	at org.junit.runners.ParentRunner.run(ParentRunner.java:363)
	at org.apache.maven.surefire.junit4.JUnit4Provider.execute(JUnit4Provider.java:367)
	at org.apache.maven.surefire.junit4.JUnit4Provider.executeWithRerun(JUnit4Provider.java:274)
	at org.apache.maven.surefire.junit4.JUnit4Provider.executeTestSet(JUnit4Provider.java:238)
	at org.apache.maven.surefire.junit4.JUnit4Provider.invoke(JUnit4Provider.java:161)
	at org.apache.maven.surefire.booter.ForkedBooter.invokeProviderInSameClassLoader(ForkedBooter.java:290)
	at org.apache.maven.surefire.booter.ForkedBooter.runSuitesInProcess(ForkedBooter.java:242)
	at org.apache.maven.surefire.booter.ForkedBooter.main(ForkedBooter.java:121)
2020-03-13 14:10:30,168 [main] INFO  - main       - ChainingConverter          - ContentTypeConverter of type [class org.axonframework.serialization.xml.Dom4JToByteArrayConverter] is ignored. It seems to rely on a class that is not available in the class loader: org/dom4j/Document
2020-03-13 14:10:30,168 [main] INFO  - main       - ChainingConverter          - ContentTypeConverter of type [class org.axonframework.serialization.xml.InputStreamToDom4jConverter] is ignored. It seems to rely on a class that is not available in the class loader: org/dom4j/Document
2020-03-13 14:10:30,168 [main] INFO  - main       - ChainingConverter          - ContentTypeConverter of type [class org.axonframework.serialization.xml.XomToStringConverter] is ignored. It seems to rely on a class that is not available in the class loader: nu/xom/Document
2020-03-13 14:10:30,169 [main] INFO  - main       - ChainingConverter          - ContentTypeConverter of type [class org.axonframework.serialization.xml.InputStreamToXomConverter] is ignored. It seems to rely on a class that is not available in the class loader: nu/xom/ParsingException
2020-03-13 14:10:30,177 [main] INFO  - main       - xonServerConnectionManager - Connecting using unencrypted connection...
2020-03-13 14:10:30,202 [main] INFO  - main       - xonServerConnectionManager - Re-subscribing commands and queries
2020-03-13 14:10:30,266 [AxonServerConnector-0] INFO  - onnector-0 - xonServerConnectionManager - Connecting using unencrypted connection...
2020-03-13 14:10:30,288 [AxonServerConnector-0] INFO  - onnector-0 - xonServerConnectionManager - Re-subscribing commands and queries
Security framework of XStream not initialized, XStream is probably vulnerable.
2020-03-13 14:10:30,395 [main] INFO  - main       - ChainingConverter          - ContentTypeConverter of type [class org.axonframework.serialization.xml.Dom4JToByteArrayConverter] is ignored. It seems to rely on a class that is not available in the class loader: org/dom4j/Document
2020-03-13 14:10:30,395 [main] INFO  - main       - ChainingConverter          - ContentTypeConverter of type [class org.axonframework.serialization.xml.InputStreamToDom4jConverter] is ignored. It seems to rely on a class that is not available in the class loader: org/dom4j/Document
2020-03-13 14:10:30,395 [main] INFO  - main       - ChainingConverter          - ContentTypeConverter of type [class org.axonframework.serialization.xml.XomToStringConverter] is ignored. It seems to rely on a class that is not available in the class loader: nu/xom/Document
2020-03-13 14:10:30,396 [main] INFO  - main       - ChainingConverter          - ContentTypeConverter of type [class org.axonframework.serialization.xml.InputStreamToXomConverter] is ignored. It seems to rely on a class that is not available in the class loader: nu/xom/ParsingException
2020-03-13 14:10:30,417 [main] INFO  - main       - AxonServerQueryBus         - Creating new subscriber
flow_control {
  client_id: "JUnit"
  permits: 100
}

subscribe {
  message_id: "80e26043-4c33-467b-bedf-358ec1993b06"
  query: "testQuery"
  result_name: "java.lang.String"
  component_name: "JUnit"
  client_id: "JUnit"
  nr_of_handlers: 1
}

Security framework of XStream not initialized, XStream is probably vulnerable.
2020-03-13 14:10:30,488 [AxonServerConnector-0] INFO  - onnector-0 - xonServerConnectionManager - Connecting using unencrypted connection...
2020-03-13 14:10:30,490 [AxonServerConnector-0] INFO  - onnector-0 - xonServerConnectionManager - Connecting using unencrypted connection...
2020-03-13 14:10:30,506 [AxonServerConnector-0] INFO  - onnector-0 - xonServerConnectionManager - Re-subscribing commands and queries
2020-03-13 14:10:30,506 [AxonServerConnector-0] INFO  - onnector-0 - xonServerConnectionManager - Re-subscribing commands and queries
query_response {
  message_identifier: "3b7e81aa-8abc-40e7-aaea-eabc72425b0b"
  payload {
    type: "string"
    data: "<string>test: class java.lang.String</string>"
  }
}

query_complete {
  message_id: "e6cc8764-52bc-46b1-ac49-5920a42f6a87"
}

2020-03-13 14:10:30,532 [main] INFO  - main       - ChainingConverter          - ContentTypeConverter of type [class org.axonframework.serialization.xml.Dom4JToByteArrayConverter] is ignored. It seems to rely on a class that is not available in the class loader: org/dom4j/Document
2020-03-13 14:10:30,532 [main] INFO  - main       - ChainingConverter          - ContentTypeConverter of type [class org.axonframework.serialization.xml.InputStreamToDom4jConverter] is ignored. It seems to rely on a class that is not available in the class loader: org/dom4j/Document
2020-03-13 14:10:30,532 [main] INFO  - main       - ChainingConverter          - ContentTypeConverter of type [class org.axonframework.serialization.xml.XomToStringConverter] is ignored. It seems to rely on a class that is not available in the class loader: nu/xom/Document
2020-03-13 14:10:30,533 [main] INFO  - main       - ChainingConverter          - ContentTypeConverter of type [class org.axonframework.serialization.xml.InputStreamToXomConverter] is ignored. It seems to rely on a class that is not available in the class loader: nu/xom/ParsingException
2020-03-13 14:10:30,542 [main] INFO  - main       - xonServerConnectionManager - Connecting using unencrypted connection...
2020-03-13 14:10:30,563 [main] INFO  - main       - xonServerConnectionManager - Re-subscribing commands and queries
2020-03-13 14:10:30,564 [main] INFO  - main       - AxonServerQueryBus         - Creating new subscriber
2020-03-13 14:10:30,619 [grpc-default-executor-3] WARN  - executor-3 - AxonServerQueryBus         - Received error from server: UNKNOWN
2020-03-13 14:10:30,620 [AxonServerConnector-0] INFO  - onnector-0 - xonServerConnectionManager - Connecting using unencrypted connection...
2020-03-13 14:10:30,620 [grpc-default-executor-3] INFO  - executor-3 - AxonServerQueryBus         - Creating new subscriber
2020-03-13 14:10:30,622 [AxonServerConnector-0] INFO  - onnector-0 - xonServerConnectionManager - Connecting using unencrypted connection...
2020-03-13 14:10:30,636 [AxonServerConnector-0] INFO  - onnector-0 - xonServerConnectionManager - Re-subscribing commands and queries
2020-03-13 14:10:30,638 [AxonServerConnector-0] INFO  - onnector-0 - xonServerConnectionManager - Re-subscribing commands and queries
2020-03-13 14:10:30,822 [grpc-default-executor-4] WARN  - executor-4 - AxonServerQueryBus         - Received error from server: CANCELLED: HTTP/2 error code: CANCEL
Received Rst Stream
2020-03-13 14:10:30,825 [grpc-default-executor-4] WARN  - executor-4 - AxonServerQueryBus         - Error while resubscribing - No connection to AxonServer available
2020-03-13 14:10:30,828 [main] INFO  - main       - ChainingConverter          - ContentTypeConverter of type [class org.axonframework.serialization.xml.Dom4JToByteArrayConverter] is ignored. It seems to rely on a class that is not available in the class loader: org/dom4j/Document
2020-03-13 14:10:30,829 [main] INFO  - main       - ChainingConverter          - ContentTypeConverter of type [class org.axonframework.serialization.xml.InputStreamToDom4jConverter] is ignored. It seems to rely on a class that is not available in the class loader: org/dom4j/Document
2020-03-13 14:10:30,829 [main] INFO  - main       - ChainingConverter          - ContentTypeConverter of type [class org.axonframework.serialization.xml.XomToStringConverter] is ignored. It seems to rely on a class that is not available in the class loader: nu/xom/Document
2020-03-13 14:10:30,829 [main] INFO  - main       - ChainingConverter          - ContentTypeConverter of type [class org.axonframework.serialization.xml.InputStreamToXomConverter] is ignored. It seems to rely on a class that is not available in the class loader: nu/xom/ParsingException
2020-03-13 14:10:30,838 [main] INFO  - main       - xonServerConnectionManager - Connecting using unencrypted connection...
2020-03-13 14:10:30,863 [main] INFO  - main       - xonServerConnectionManager - Re-subscribing commands and queries
2020-03-13 14:10:30,863 [main] INFO  - main       - AxonServerQueryBus         - Creating new subscriber
2020-03-13 14:10:30,921 [AxonServerConnector-0] INFO  - onnector-0 - xonServerConnectionManager - Connecting using unencrypted connection...
2020-03-13 14:10:30,921 [AxonServerConnector-0] INFO  - onnector-0 - xonServerConnectionManager - Connecting using unencrypted connection...
2020-03-13 14:10:30,925 [AxonServerConnector-0] INFO  - onnector-0 - xonServerConnectionManager - Connecting using unencrypted connection...
2020-03-13 14:10:30,967 [AxonServerConnector-0] INFO  - onnector-0 - xonServerConnectionManager - Re-subscribing commands and queries
2020-03-13 14:10:30,968 [AxonServerConnector-0] INFO  - onnector-0 - xonServerConnectionManager - Re-subscribing commands and queries
2020-03-13 14:10:30,967 [AxonServerConnector-0] INFO  - onnector-0 - xonServerConnectionManager - Re-subscribing commands and queries
2020-03-13 14:10:30,972 [AxonServerConnector-0] INFO  - onnector-0 - AxonServerQueryBus         - Creating new subscriber
2020-03-13 14:10:31,878 [grpc-default-executor-4] WARN  - executor-4 - AxonServerQueryBus         - Received error from server: CANCELLED: HTTP/2 error code: CANCEL
Received Rst Stream
2020-03-13 14:10:31,884 [grpc-default-executor-4] WARN  - executor-4 - AxonServerQueryBus         - Received error from server: CANCELLED: HTTP/2 error code: CANCEL
Received Rst Stream
2020-03-13 14:10:31,889 [grpc-default-executor-4] INFO  - executor-4 - AxonServerQueryBus         - Creating new subscriber
2020-03-13 14:10:31,889 [grpc-default-executor-3] WARN  - executor-3 - AxonServerQueryBus         - Received error from server: UNAVAILABLE: Channel shutdown invoked
2020-03-13 14:10:31,893 [main] INFO  - main       - ChainingConverter          - ContentTypeConverter of type [class org.axonframework.serialization.xml.Dom4JToByteArrayConverter] is ignored. It seems to rely on a class that is not available in the class loader: org/dom4j/Document
2020-03-13 14:10:31,893 [main] INFO  - main       - ChainingConverter          - ContentTypeConverter of type [class org.axonframework.serialization.xml.InputStreamToDom4jConverter] is ignored. It seems to rely on a class that is not available in the class loader: org/dom4j/Document
2020-03-13 14:10:31,894 [main] INFO  - main       - ChainingConverter          - ContentTypeConverter of type [class org.axonframework.serialization.xml.XomToStringConverter] is ignored. It seems to rely on a class that is not available in the class loader: nu/xom/Document
2020-03-13 14:10:31,894 [main] INFO  - main       - ChainingConverter          - ContentTypeConverter of type [class org.axonframework.serialization.xml.InputStreamToXomConverter] is ignored. It seems to rely on a class that is not available in the class loader: nu/xom/ParsingException
2020-03-13 14:10:31,903 [main] INFO  - main       - xonServerConnectionManager - Connecting using unencrypted connection...
2020-03-13 14:10:31,928 [main] INFO  - main       - xonServerConnectionManager - Re-subscribing commands and queries
2020-03-13 14:10:31,977 [AxonServerConnector-0] INFO  - onnector-0 - xonServerConnectionManager - Connecting using unencrypted connection...
2020-03-13 14:10:31,983 [AxonServerConnector-0] INFO  - onnector-0 - xonServerConnectionManager - Connecting using unencrypted connection...
2020-03-13 14:10:31,983 [AxonServerConnector-0] INFO  - onnector-0 - xonServerConnectionManager - Connecting using unencrypted connection...
2020-03-13 14:10:31,990 [AxonServerConnector-0] INFO  - onnector-0 - xonServerConnectionManager - Connecting using unencrypted connection...
2020-03-13 14:10:32,013 [AxonServerConnector-0] INFO  - onnector-0 - xonServerConnectionManager - Re-subscribing commands and queries
2020-03-13 14:10:32,017 [AxonServerConnector-0] INFO  - onnector-0 - xonServerConnectionManager - Re-subscribing commands and queries
2020-03-13 14:10:32,022 [AxonServerConnector-0] INFO  - onnector-0 - xonServerConnectionManager - Re-subscribing commands and queries
2020-03-13 14:10:32,023 [AxonServerConnector-0] INFO  - onnector-0 - xonServerConnectionManager - Re-subscribing commands and queries
2020-03-13 14:10:32,077 [main] INFO  - main       - ChainingConverter          - ContentTypeConverter of type [class org.axonframework.serialization.xml.Dom4JToByteArrayConverter] is ignored. It seems to rely on a class that is not available in the class loader: org/dom4j/Document
2020-03-13 14:10:32,077 [main] INFO  - main       - ChainingConverter          - ContentTypeConverter of type [class org.axonframework.serialization.xml.InputStreamToDom4jConverter] is ignored. It seems to rely on a class that is not available in the class loader: org/dom4j/Document
2020-03-13 14:10:32,077 [main] INFO  - main       - ChainingConverter          - ContentTypeConverter of type [class org.axonframework.serialization.xml.XomToStringConverter] is ignored. It seems to rely on a class that is not available in the class loader: nu/xom/Document
2020-03-13 14:10:32,078 [main] INFO  - main       - ChainingConverter          - ContentTypeConverter of type [class org.axonframework.serialization.xml.InputStreamToXomConverter] is ignored. It seems to rely on a class that is not available in the class loader: nu/xom/ParsingException
2020-03-13 14:10:32,091 [main] INFO  - main       - AxonServerQueryBus         - Creating new subscriber
flow_control {
  client_id: "JUnit"
  permits: 100
}

subscribe {
  message_id: "ea65e9f4-8add-4f78-a886-cc6fc7c9023b"
  query: "testQuery"
  result_name: "java.lang.String"
  component_name: "JUnit"
  client_id: "JUnit"
  nr_of_handlers: 1
}

unsubscribe {
  message_id: "eb5d3f2f-c82a-4078-871e-8f0274a3d1ce"
  query: "testQuery"
  result_name: "java.lang.String"
  component_name: "JUnit"
  client_id: "JUnit"
  nr_of_handlers: 1
}

Security framework of XStream not initialized, XStream is probably vulnerable.
query_complete {
  message_id: "31dcfa07-862d-4333-9583-799a573abdc0"
}

2020-03-13 14:10:32,105 [main] INFO  - main       - ChainingConverter          - ContentTypeConverter of type [class org.axonframework.serialization.xml.Dom4JToByteArrayConverter] is ignored. It seems to rely on a class that is not available in the class loader: org/dom4j/Document
2020-03-13 14:10:32,105 [main] INFO  - main       - ChainingConverter          - ContentTypeConverter of type [class org.axonframework.serialization.xml.InputStreamToDom4jConverter] is ignored. It seems to rely on a class that is not available in the class loader: org/dom4j/Document
2020-03-13 14:10:32,105 [main] INFO  - main       - ChainingConverter          - ContentTypeConverter of type [class org.axonframework.serialization.xml.XomToStringConverter] is ignored. It seems to rely on a class that is not available in the class loader: nu/xom/Document
2020-03-13 14:10:32,105 [main] INFO  - main       - ChainingConverter          - ContentTypeConverter of type [class org.axonframework.serialization.xml.InputStreamToXomConverter] is ignored. It seems to rely on a class that is not available in the class loader: nu/xom/ParsingException
2020-03-13 14:10:32,115 [main] INFO  - main       - xonServerConnectionManager - Connecting using unencrypted connection...
2020-03-13 14:10:32,139 [main] INFO  - main       - xonServerConnectionManager - Re-subscribing commands and queries
2020-03-13 14:10:32,144 [grpc-default-executor-8] WARN  - executor-8 - AxonServerQueryBus         - Received error while waiting for first response: UNAVAILABLE: HTTP/2 error code: NO_ERROR
Received Goaway
io.grpc.StatusRuntimeException: UNAVAILABLE: HTTP/2 error code: NO_ERROR
Received Goaway
	at io.grpc.Status.asRuntimeException(Status.java:526)
	at io.grpc.stub.ClientCalls$StreamObserverToCallListenerAdapter.onClose(ClientCalls.java:420)
	at io.grpc.PartialForwardingClientCallListener.onClose(PartialForwardingClientCallListener.java:39)
	at io.grpc.ForwardingClientCallListener.onClose(ForwardingClientCallListener.java:23)
	at io.grpc.ForwardingClientCallListener$SimpleForwardingClientCallListener.onClose(ForwardingClientCallListener.java:40)
	at io.grpc.internal.CensusStatsModule$StatsClientInterceptor$1$1.onClose(CensusStatsModule.java:684)
	at io.grpc.PartialForwardingClientCallListener.onClose(PartialForwardingClientCallListener.java:39)
	at io.grpc.ForwardingClientCallListener.onClose(ForwardingClientCallListener.java:23)
	at io.grpc.ForwardingClientCallListener$SimpleForwardingClientCallListener.onClose(ForwardingClientCallListener.java:40)
	at io.grpc.internal.CensusTracingModule$TracingClientInterceptor$1$1.onClose(CensusTracingModule.java:403)
	at io.grpc.internal.ClientCallImpl.closeObserver(ClientCallImpl.java:459)
	at io.grpc.internal.ClientCallImpl.access$300(ClientCallImpl.java:63)
	at io.grpc.internal.ClientCallImpl$ClientStreamListenerImpl.close(ClientCallImpl.java:546)
	at io.grpc.internal.ClientCallImpl$ClientStreamListenerImpl.access$600(ClientCallImpl.java:467)
	at io.grpc.internal.ClientCallImpl$ClientStreamListenerImpl$1StreamClosed.runInContext(ClientCallImpl.java:584)
	at io.grpc.internal.ContextRunnable.run(ContextRunnable.java:37)
	at io.grpc.internal.SerializingExecutor.run(SerializingExecutor.java:123)
	at java.util.concurrent.ThreadPoolExecutor.runWorker(ThreadPoolExecutor.java:1149)
	at java.util.concurrent.ThreadPoolExecutor$Worker.run(ThreadPoolExecutor.java:624)
	at java.lang.Thread.run(Thread.java:748)
2020-03-13 14:10:32,154 [main] INFO  - main       - ChainingConverter          - ContentTypeConverter of type [class org.axonframework.serialization.xml.Dom4JToByteArrayConverter] is ignored. It seems to rely on a class that is not available in the class loader: org/dom4j/Document
2020-03-13 14:10:32,154 [main] INFO  - main       - ChainingConverter          - ContentTypeConverter of type [class org.axonframework.serialization.xml.InputStreamToDom4jConverter] is ignored. It seems to rely on a class that is not available in the class loader: org/dom4j/Document
2020-03-13 14:10:32,154 [main] INFO  - main       - ChainingConverter          - ContentTypeConverter of type [class org.axonframework.serialization.xml.XomToStringConverter] is ignored. It seems to rely on a class that is not available in the class loader: nu/xom/Document
2020-03-13 14:10:32,155 [main] INFO  - main       - ChainingConverter          - ContentTypeConverter of type [class org.axonframework.serialization.xml.InputStreamToXomConverter] is ignored. It seems to rely on a class that is not available in the class loader: nu/xom/ParsingException
2020-03-13 14:10:32,162 [main] INFO  - main       - xonServerConnectionManager - Connecting using unencrypted connection...
2020-03-13 14:10:32,170 [AxonServerConnector-0] INFO  - onnector-0 - xonServerConnectionManager - Connecting using unencrypted connection...
2020-03-13 14:10:32,170 [AxonServerConnector-0] INFO  - onnector-0 - xonServerConnectionManager - Connecting using unencrypted connection...
2020-03-13 14:10:32,171 [AxonServerConnector-0] INFO  - onnector-0 - xonServerConnectionManager - Connecting using unencrypted connection...
2020-03-13 14:10:32,171 [AxonServerConnector-0] INFO  - onnector-0 - xonServerConnectionManager - Connecting using unencrypted connection...
2020-03-13 14:10:32,173 [AxonServerConnector-0] INFO  - onnector-0 - xonServerConnectionManager - Connecting using unencrypted connection...
2020-03-13 14:10:32,204 [main] INFO  - main       - xonServerConnectionManager - Re-subscribing commands and queries
2020-03-13 14:10:32,209 [AxonServerConnector-0] INFO  - onnector-0 - xonServerConnectionManager - Re-subscribing commands and queries
2020-03-13 14:10:32,214 [AxonServerConnector-0] INFO  - onnector-0 - xonServerConnectionManager - Re-subscribing commands and queries
2020-03-13 14:10:32,216 [AxonServerConnector-0] INFO  - onnector-0 - AxonServerQueryBus         - Creating new subscriber
2020-03-13 14:10:32,216 [AxonServerConnector-0] INFO  - onnector-0 - xonServerConnectionManager - Re-subscribing commands and queries
2020-03-13 14:10:32,218 [AxonServerConnector-0] INFO  - onnector-0 - xonServerConnectionManager - Re-subscribing commands and queries
2020-03-13 14:10:32,223 [AxonServerConnector-0] INFO  - onnector-0 - xonServerConnectionManager - Re-subscribing commands and queries
2020-03-13 14:10:32,249 [AxonServerConnector-0] INFO  - onnector-0 - xonServerConnectionManager - Connecting using unencrypted connection...
2020-03-13 14:10:32,267 [AxonServerConnector-0] INFO  - onnector-0 - xonServerConnectionManager - Re-subscribing commands and queries
2020-03-13 14:10:32,727 [grpc-default-executor-5] WARN  - executor-5 - AxonServerQueryBus         - Received error from server: CANCELLED: HTTP/2 error code: CANCEL
Received Rst Stream
Tests run: 9, Failures: 0, Errors: 0, Skipped: 0, Time elapsed: 5.687 sec - in org.axonframework.axonserver.connector.query.AxonServerQueryBusTest
Running org.axonframework.axonserver.connector.query.subscription.SubscriptionMessageSerializerTest
2020-03-13 14:10:32,728 [grpc-default-executor-11] WARN  - xecutor-11 - AxonServerQueryBus         - Received error while waiting for responses: CANCELLED: HTTP/2 error code: CANCEL
Received Rst Stream
io.grpc.StatusRuntimeException: CANCELLED: HTTP/2 error code: CANCEL
Received Rst Stream
	at io.grpc.Status.asRuntimeException(Status.java:526)
	at io.grpc.stub.ClientCalls$StreamObserverToCallListenerAdapter.onClose(ClientCalls.java:420)
	at io.grpc.PartialForwardingClientCallListener.onClose(PartialForwardingClientCallListener.java:39)
	at io.grpc.ForwardingClientCallListener.onClose(ForwardingClientCallListener.java:23)
	at io.grpc.ForwardingClientCallListener$SimpleForwardingClientCallListener.onClose(ForwardingClientCallListener.java:40)
	at io.grpc.internal.CensusStatsModule$StatsClientInterceptor$1$1.onClose(CensusStatsModule.java:684)
	at io.grpc.PartialForwardingClientCallListener.onClose(PartialForwardingClientCallListener.java:39)
	at io.grpc.ForwardingClientCallListener.onClose(ForwardingClientCallListener.java:23)
	at io.grpc.ForwardingClientCallListener$SimpleForwardingClientCallListener.onClose(ForwardingClientCallListener.java:40)
	at io.grpc.internal.CensusTracingModule$TracingClientInterceptor$1$1.onClose(CensusTracingModule.java:403)
	at io.grpc.internal.ClientCallImpl.closeObserver(ClientCallImpl.java:459)
	at io.grpc.internal.ClientCallImpl.access$300(ClientCallImpl.java:63)
	at io.grpc.internal.ClientCallImpl$ClientStreamListenerImpl.close(ClientCallImpl.java:546)
	at io.grpc.internal.ClientCallImpl$ClientStreamListenerImpl.access$600(ClientCallImpl.java:467)
	at io.grpc.internal.ClientCallImpl$ClientStreamListenerImpl$1StreamClosed.runInContext(ClientCallImpl.java:584)
	at io.grpc.internal.ContextRunnable.run(ContextRunnable.java:37)
	at io.grpc.internal.SerializingExecutor.run(SerializingExecutor.java:123)
	at java.util.concurrent.ThreadPoolExecutor.runWorker(ThreadPoolExecutor.java:1149)
	at java.util.concurrent.ThreadPoolExecutor$Worker.run(ThreadPoolExecutor.java:624)
	at java.lang.Thread.run(Thread.java:748)
2020-03-13 14:10:32,736 [grpc-default-executor-5] INFO  - executor-5 - AxonServerQueryBus         - Creating new subscriber
2020-03-13 14:10:32,739 [grpc-default-executor-11] WARN  - xecutor-11 - AxonServerQueryBus         - Received error from server: UNAVAILABLE: Channel shutdown invoked
2020-03-13 14:10:32,748 [main] INFO  - main       - ChainingConverter          - ContentTypeConverter of type [class org.axonframework.serialization.xml.Dom4JToByteArrayConverter] is ignored. It seems to rely on a class that is not available in the class loader: org/dom4j/Document
2020-03-13 14:10:32,748 [main] INFO  - main       - ChainingConverter          - ContentTypeConverter of type [class org.axonframework.serialization.xml.InputStreamToDom4jConverter] is ignored. It seems to rely on a class that is not available in the class loader: org/dom4j/Document
2020-03-13 14:10:32,748 [main] INFO  - main       - ChainingConverter          - ContentTypeConverter of type [class org.axonframework.serialization.xml.XomToStringConverter] is ignored. It seems to rely on a class that is not available in the class loader: nu/xom/Document
2020-03-13 14:10:32,749 [main] INFO  - main       - ChainingConverter          - ContentTypeConverter of type [class org.axonframework.serialization.xml.InputStreamToXomConverter] is ignored. It seems to rely on a class that is not available in the class loader: nu/xom/ParsingException
2020-03-13 14:10:32,825 [AxonServerConnector-0] INFO  - onnector-0 - xonServerConnectionManager - Connecting using unencrypted connection...
2020-03-13 14:10:32,826 [AxonServerConnector-0] INFO  - onnector-0 - xonServerConnectionManager - Connecting using unencrypted connection...
2020-03-13 14:10:32,827 [AxonServerConnector-0] INFO  - onnector-0 - xonServerConnectionManager - Connecting using unencrypted connection...
2020-03-13 14:10:32,861 [AxonServerConnector-0] INFO  - onnector-0 - xonServerConnectionManager - Connecting using unencrypted connection...
2020-03-13 14:10:32,864 [AxonServerConnector-0] INFO  - onnector-0 - xonServerConnectionManager - Connecting using unencrypted connection...
2020-03-13 14:10:32,864 [AxonServerConnector-0] INFO  - onnector-0 - xonServerConnectionManager - Connecting using unencrypted connection...
2020-03-13 14:10:32,864 [AxonServerConnector-0] INFO  - onnector-0 - xonServerConnectionManager - Connecting using unencrypted connection...
2020-03-13 14:10:32,912 [AxonServerConnector-0] WARN  - onnector-0 - xonServerConnectionManager - Connecting to AxonServer node localhost:4343 failed: UNAVAILABLE: io exception
2020-03-13 14:10:32,912 [AxonServerConnector-0] WARN  - onnector-0 - xonServerConnectionManager - Connecting to AxonServer node localhost:4343 failed: UNAVAILABLE: io exception
2020-03-13 14:10:32,912 [AxonServerConnector-0] WARN  - onnector-0 - xonServerConnectionManager - Connecting to AxonServer node localhost:4343 failed: UNAVAILABLE: io exception
2020-03-13 14:10:32,912 [AxonServerConnector-0] WARN  - onnector-0 - xonServerConnectionManager - Connecting to AxonServer node localhost:4343 failed: UNAVAILABLE: io exception
2020-03-13 14:10:32,912 [AxonServerConnector-0] WARN  - onnector-0 - xonServerConnectionManager - Connecting to AxonServer node localhost:4343 failed: UNAVAILABLE: io exception
2020-03-13 14:10:32,914 [AxonServerConnector-0] WARN  - onnector-0 - xonServerConnectionManager - Connecting to AxonServer node localhost:4343 failed: UNAVAILABLE: io exception
2020-03-13 14:10:32,912 [AxonServerConnector-0] WARN  - onnector-0 - xonServerConnectionManager - Connecting to AxonServer node localhost:4343 failed: UNAVAILABLE: io exception
2020-03-13 14:10:33,106 [main] INFO  - main       - ChainingConverter          - ContentTypeConverter of type [class org.axonframework.serialization.xml.Dom4JToByteArrayConverter] is ignored. It seems to rely on a class that is not available in the class loader: org/dom4j/Document
2020-03-13 14:10:33,107 [main] INFO  - main       - ChainingConverter          - ContentTypeConverter of type [class org.axonframework.serialization.xml.InputStreamToDom4jConverter] is ignored. It seems to rely on a class that is not available in the class loader: org/dom4j/Document
2020-03-13 14:10:33,107 [main] INFO  - main       - ChainingConverter          - ContentTypeConverter of type [class org.axonframework.serialization.xml.XomToStringConverter] is ignored. It seems to rely on a class that is not available in the class loader: nu/xom/Document
2020-03-13 14:10:33,107 [main] INFO  - main       - ChainingConverter          - ContentTypeConverter of type [class org.axonframework.serialization.xml.InputStreamToXomConverter] is ignored. It seems to rely on a class that is not available in the class loader: nu/xom/ParsingException
2020-03-13 14:10:33,116 [main] INFO  - main       - ChainingConverter          - ContentTypeConverter of type [class org.axonframework.serialization.xml.Dom4JToByteArrayConverter] is ignored. It seems to rely on a class that is not available in the class loader: org/dom4j/Document
2020-03-13 14:10:33,116 [main] INFO  - main       - ChainingConverter          - ContentTypeConverter of type [class org.axonframework.serialization.xml.InputStreamToDom4jConverter] is ignored. It seems to rely on a class that is not available in the class loader: org/dom4j/Document
2020-03-13 14:10:33,116 [main] INFO  - main       - ChainingConverter          - ContentTypeConverter of type [class org.axonframework.serialization.xml.XomToStringConverter] is ignored. It seems to rely on a class that is not available in the class loader: nu/xom/Document
2020-03-13 14:10:33,116 [main] INFO  - main       - ChainingConverter          - ContentTypeConverter of type [class org.axonframework.serialization.xml.InputStreamToXomConverter] is ignored. It seems to rely on a class that is not available in the class loader: nu/xom/ParsingException
2020-03-13 14:10:33,166 [main] INFO  - main       - ChainingConverter          - ContentTypeConverter of type [class org.axonframework.serialization.xml.Dom4JToByteArrayConverter] is ignored. It seems to rely on a class that is not available in the class loader: org/dom4j/Document
2020-03-13 14:10:33,166 [main] INFO  - main       - ChainingConverter          - ContentTypeConverter of type [class org.axonframework.serialization.xml.InputStreamToDom4jConverter] is ignored. It seems to rely on a class that is not available in the class loader: org/dom4j/Document
2020-03-13 14:10:33,166 [main] INFO  - main       - ChainingConverter          - ContentTypeConverter of type [class org.axonframework.serialization.xml.XomToStringConverter] is ignored. It seems to rely on a class that is not available in the class loader: nu/xom/Document
2020-03-13 14:10:33,167 [main] INFO  - main       - ChainingConverter          - ContentTypeConverter of type [class org.axonframework.serialization.xml.InputStreamToXomConverter] is ignored. It seems to rely on a class that is not available in the class loader: nu/xom/ParsingException
Security framework of XStream not initialized, XStream is probably vulnerable.
2020-03-13 14:10:33,182 [main] INFO  - main       - ChainingConverter          - ContentTypeConverter of type [class org.axonframework.serialization.xml.Dom4JToByteArrayConverter] is ignored. It seems to rely on a class that is not available in the class loader: org/dom4j/Document
2020-03-13 14:10:33,182 [main] INFO  - main       - ChainingConverter          - ContentTypeConverter of type [class org.axonframework.serialization.xml.InputStreamToDom4jConverter] is ignored. It seems to rely on a class that is not available in the class loader: org/dom4j/Document
2020-03-13 14:10:33,183 [main] INFO  - main       - ChainingConverter          - ContentTypeConverter of type [class org.axonframework.serialization.xml.XomToStringConverter] is ignored. It seems to rely on a class that is not available in the class loader: nu/xom/Document
2020-03-13 14:10:33,183 [main] INFO  - main       - ChainingConverter          - ContentTypeConverter of type [class org.axonframework.serialization.xml.InputStreamToXomConverter] is ignored. It seems to rely on a class that is not available in the class loader: nu/xom/ParsingException
Tests run: 5, Failures: 0, Errors: 0, Skipped: 0, Time elapsed: 0.481 sec - in org.axonframework.axonserver.connector.query.subscription.SubscriptionMessageSerializerTest
Running org.axonframework.axonserver.connector.query.subscription.AxonServerSubscriptionQueryResultTest
2020-03-13 14:10:33,436 [main] INFO  - main       - wControllingStreamObserver - Observer stopped
Tests run: 3, Failures: 0, Errors: 0, Skipped: 0, Time elapsed: 0.198 sec - in org.axonframework.axonserver.connector.query.subscription.AxonServerSubscriptionQueryResultTest
Running org.axonframework.axonserver.connector.query.QuerySerializerTest
2020-03-13 14:10:33,443 [main] INFO  - main       - ChainingConverter          - ContentTypeConverter of type [class org.axonframework.serialization.xml.Dom4JToByteArrayConverter] is ignored. It seems to rely on a class that is not available in the class loader: org/dom4j/Document
2020-03-13 14:10:33,443 [main] INFO  - main       - ChainingConverter          - ContentTypeConverter of type [class org.axonframework.serialization.xml.InputStreamToDom4jConverter] is ignored. It seems to rely on a class that is not available in the class loader: org/dom4j/Document
2020-03-13 14:10:33,443 [main] INFO  - main       - ChainingConverter          - ContentTypeConverter of type [class org.axonframework.serialization.xml.XomToStringConverter] is ignored. It seems to rely on a class that is not available in the class loader: nu/xom/Document
2020-03-13 14:10:33,444 [main] INFO  - main       - ChainingConverter          - ContentTypeConverter of type [class org.axonframework.serialization.xml.InputStreamToXomConverter] is ignored. It seems to rely on a class that is not available in the class loader: nu/xom/ParsingException
2020-03-13 14:10:33,466 [main] INFO  - main       - ChainingConverter          - ContentTypeConverter of type [class org.axonframework.serialization.xml.Dom4JToByteArrayConverter] is ignored. It seems to rely on a class that is not available in the class loader: org/dom4j/Document
2020-03-13 14:10:33,467 [main] INFO  - main       - ChainingConverter          - ContentTypeConverter of type [class org.axonframework.serialization.xml.InputStreamToDom4jConverter] is ignored. It seems to rely on a class that is not available in the class loader: org/dom4j/Document
2020-03-13 14:10:33,467 [main] INFO  - main       - ChainingConverter          - ContentTypeConverter of type [class org.axonframework.serialization.xml.XomToStringConverter] is ignored. It seems to rely on a class that is not available in the class loader: nu/xom/Document
2020-03-13 14:10:33,468 [main] INFO  - main       - ChainingConverter          - ContentTypeConverter of type [class org.axonframework.serialization.xml.InputStreamToXomConverter] is ignored. It seems to rely on a class that is not available in the class loader: nu/xom/ParsingException
2020-03-13 14:10:33,507 [main] INFO  - main       - ChainingConverter          - ContentTypeConverter of type [class org.axonframework.serialization.xml.Dom4JToByteArrayConverter] is ignored. It seems to rely on a class that is not available in the class loader: org/dom4j/Document
2020-03-13 14:10:33,507 [main] INFO  - main       - ChainingConverter          - ContentTypeConverter of type [class org.axonframework.serialization.xml.InputStreamToDom4jConverter] is ignored. It seems to rely on a class that is not available in the class loader: org/dom4j/Document
2020-03-13 14:10:33,508 [main] INFO  - main       - ChainingConverter          - ContentTypeConverter of type [class org.axonframework.serialization.xml.XomToStringConverter] is ignored. It seems to rely on a class that is not available in the class loader: nu/xom/Document
2020-03-13 14:10:33,508 [main] INFO  - main       - ChainingConverter          - ContentTypeConverter of type [class org.axonframework.serialization.xml.InputStreamToXomConverter] is ignored. It seems to rely on a class that is not available in the class loader: nu/xom/ParsingException
Security framework of XStream not initialized, XStream is probably vulnerable.
Tests run: 3, Failures: 0, Errors: 0, Skipped: 0, Time elapsed: 0.072 sec - in org.axonframework.axonserver.connector.query.QuerySerializerTest
Running org.axonframework.axonserver.connector.query.QueueBackedSpliteratorTest
Tests run: 3, Failures: 0, Errors: 0, Skipped: 0, Time elapsed: 1.001 sec - in org.axonframework.axonserver.connector.query.QueueBackedSpliteratorTest
Running org.axonframework.axonserver.connector.event.axon.EventBufferTest
2020-03-13 14:10:34,570 [main] INFO  - main       - ChainingConverter          - ContentTypeConverter of type [class org.axonframework.serialization.xml.Dom4JToByteArrayConverter] is ignored. It seems to rely on a class that is not available in the class loader: org/dom4j/Document
2020-03-13 14:10:34,571 [main] INFO  - main       - ChainingConverter          - ContentTypeConverter of type [class org.axonframework.serialization.xml.InputStreamToDom4jConverter] is ignored. It seems to rely on a class that is not available in the class loader: org/dom4j/Document
2020-03-13 14:10:34,571 [main] INFO  - main       - ChainingConverter          - ContentTypeConverter of type [class org.axonframework.serialization.xml.XomToStringConverter] is ignored. It seems to rely on a class that is not available in the class loader: nu/xom/Document
2020-03-13 14:10:34,571 [main] INFO  - main       - ChainingConverter          - ContentTypeConverter of type [class org.axonframework.serialization.xml.InputStreamToXomConverter] is ignored. It seems to rely on a class that is not available in the class loader: nu/xom/ParsingException
2020-03-13 14:10:34,617 [main] INFO  - main       - ChainingConverter          - ContentTypeConverter of type [class org.axonframework.serialization.xml.Dom4JToByteArrayConverter] is ignored. It seems to rely on a class that is not available in the class loader: org/dom4j/Document
2020-03-13 14:10:34,617 [main] INFO  - main       - ChainingConverter          - ContentTypeConverter of type [class org.axonframework.serialization.xml.InputStreamToDom4jConverter] is ignored. It seems to rely on a class that is not available in the class loader: org/dom4j/Document
2020-03-13 14:10:34,618 [main] INFO  - main       - ChainingConverter          - ContentTypeConverter of type [class org.axonframework.serialization.xml.XomToStringConverter] is ignored. It seems to rely on a class that is not available in the class loader: nu/xom/Document
2020-03-13 14:10:34,618 [main] INFO  - main       - ChainingConverter          - ContentTypeConverter of type [class org.axonframework.serialization.xml.InputStreamToXomConverter] is ignored. It seems to rely on a class that is not available in the class loader: nu/xom/ParsingException
Tests run: 2, Failures: 0, Errors: 0, Skipped: 0, Time elapsed: 0.131 sec - in org.axonframework.axonserver.connector.event.axon.EventBufferTest
Running org.axonframework.axonserver.connector.event.axon.ErrorCodeTest
Tests run: 3, Failures: 0, Errors: 1, Skipped: 0, Time elapsed: 0.016 sec <<< FAILURE! - in org.axonframework.axonserver.connector.event.axon.ErrorCodeTest
testConvertWithoutSource(org.axonframework.axonserver.connector.event.axon.ErrorCodeTest)  Time elapsed: 0.013 sec  <<< ERROR!
java.lang.NullPointerException
	at org.axonframework.axonserver.connector.event.axon.ErrorCodeTest.testConvertWithoutSource(ErrorCodeTest.java:56)

Running org.axonframework.axonserver.connector.event.axon.AxonServerEventStoreTest
2020-03-13 14:10:34,755 [main] INFO  - main       - ChainingConverter          - ContentTypeConverter of type [class org.axonframework.serialization.xml.Dom4JToByteArrayConverter] is ignored. It seems to rely on a class that is not available in the class loader: org/dom4j/Document
2020-03-13 14:10:34,755 [main] INFO  - main       - ChainingConverter          - ContentTypeConverter of type [class org.axonframework.serialization.xml.InputStreamToDom4jConverter] is ignored. It seems to rely on a class that is not available in the class loader: org/dom4j/Document
2020-03-13 14:10:34,756 [main] INFO  - main       - ChainingConverter          - ContentTypeConverter of type [class org.axonframework.serialization.xml.XomToStringConverter] is ignored. It seems to rely on a class that is not available in the class loader: nu/xom/Document
2020-03-13 14:10:34,756 [main] INFO  - main       - ChainingConverter          - ContentTypeConverter of type [class org.axonframework.serialization.xml.InputStreamToXomConverter] is ignored. It seems to rely on a class that is not available in the class loader: nu/xom/ParsingException
2020-03-13 14:10:34,761 [main] INFO  - main       - ChainingConverter          - ContentTypeConverter of type [class org.axonframework.serialization.xml.Dom4JToByteArrayConverter] is ignored. It seems to rely on a class that is not available in the class loader: org/dom4j/Document
2020-03-13 14:10:34,761 [main] INFO  - main       - ChainingConverter          - ContentTypeConverter of type [class org.axonframework.serialization.xml.InputStreamToDom4jConverter] is ignored. It seems to rely on a class that is not available in the class loader: org/dom4j/Document
2020-03-13 14:10:34,761 [main] INFO  - main       - ChainingConverter          - ContentTypeConverter of type [class org.axonframework.serialization.xml.XomToStringConverter] is ignored. It seems to rely on a class that is not available in the class loader: nu/xom/Document
2020-03-13 14:10:34,762 [main] INFO  - main       - ChainingConverter          - ContentTypeConverter of type [class org.axonframework.serialization.xml.InputStreamToXomConverter] is ignored. It seems to rely on a class that is not available in the class loader: nu/xom/ParsingException
2020-03-13 14:10:34,775 [main] INFO  - main       - ChainingConverter          - ContentTypeConverter of type [class org.axonframework.serialization.xml.Dom4JToByteArrayConverter] is ignored. It seems to rely on a class that is not available in the class loader: org/dom4j/Document
2020-03-13 14:10:34,775 [main] INFO  - main       - ChainingConverter          - ContentTypeConverter of type [class org.axonframework.serialization.xml.InputStreamToDom4jConverter] is ignored. It seems to rely on a class that is not available in the class loader: org/dom4j/Document
2020-03-13 14:10:34,775 [main] INFO  - main       - ChainingConverter          - ContentTypeConverter of type [class org.axonframework.serialization.xml.XomToStringConverter] is ignored. It seems to rely on a class that is not available in the class loader: nu/xom/Document
2020-03-13 14:10:34,775 [main] INFO  - main       - ChainingConverter          - ContentTypeConverter of type [class org.axonframework.serialization.xml.InputStreamToXomConverter] is ignored. It seems to rely on a class that is not available in the class loader: nu/xom/ParsingException
2020-03-13 14:10:34,780 [main] INFO  - main       - ChainingConverter          - ContentTypeConverter of type [class org.axonframework.serialization.xml.Dom4JToByteArrayConverter] is ignored. It seems to rely on a class that is not available in the class loader: org/dom4j/Document
2020-03-13 14:10:34,780 [main] INFO  - main       - ChainingConverter          - ContentTypeConverter of type [class org.axonframework.serialization.xml.InputStreamToDom4jConverter] is ignored. It seems to rely on a class that is not available in the class loader: org/dom4j/Document
2020-03-13 14:10:34,780 [main] INFO  - main       - ChainingConverter          - ContentTypeConverter of type [class org.axonframework.serialization.xml.XomToStringConverter] is ignored. It seems to rely on a class that is not available in the class loader: nu/xom/Document
2020-03-13 14:10:34,781 [main] INFO  - main       - ChainingConverter          - ContentTypeConverter of type [class org.axonframework.serialization.xml.InputStreamToXomConverter] is ignored. It seems to rely on a class that is not available in the class loader: nu/xom/ParsingException
2020-03-13 14:10:34,787 [main] INFO  - main       - xonServerConnectionManager - Connecting using unencrypted connection...
2020-03-13 14:10:34,809 [main] INFO  - main       - xonServerConnectionManager - Re-subscribing commands and queries
2020-03-13 14:10:35,830 [main] INFO  - main       - ChainingConverter          - ContentTypeConverter of type [class org.axonframework.serialization.xml.Dom4JToByteArrayConverter] is ignored. It seems to rely on a class that is not available in the class loader: org/dom4j/Document
2020-03-13 14:10:35,830 [main] INFO  - main       - ChainingConverter          - ContentTypeConverter of type [class org.axonframework.serialization.xml.InputStreamToDom4jConverter] is ignored. It seems to rely on a class that is not available in the class loader: org/dom4j/Document
2020-03-13 14:10:35,830 [main] INFO  - main       - ChainingConverter          - ContentTypeConverter of type [class org.axonframework.serialization.xml.XomToStringConverter] is ignored. It seems to rely on a class that is not available in the class loader: nu/xom/Document
2020-03-13 14:10:35,831 [main] INFO  - main       - ChainingConverter          - ContentTypeConverter of type [class org.axonframework.serialization.xml.InputStreamToXomConverter] is ignored. It seems to rely on a class that is not available in the class loader: nu/xom/ParsingException
2020-03-13 14:10:35,838 [main] INFO  - main       - ChainingConverter          - ContentTypeConverter of type [class org.axonframework.serialization.xml.Dom4JToByteArrayConverter] is ignored. It seems to rely on a class that is not available in the class loader: org/dom4j/Document
2020-03-13 14:10:35,838 [main] INFO  - main       - ChainingConverter          - ContentTypeConverter of type [class org.axonframework.serialization.xml.InputStreamToDom4jConverter] is ignored. It seems to rely on a class that is not available in the class loader: org/dom4j/Document
2020-03-13 14:10:35,838 [main] INFO  - main       - ChainingConverter          - ContentTypeConverter of type [class org.axonframework.serialization.xml.XomToStringConverter] is ignored. It seems to rely on a class that is not available in the class loader: nu/xom/Document
2020-03-13 14:10:35,839 [main] INFO  - main       - ChainingConverter          - ContentTypeConverter of type [class org.axonframework.serialization.xml.InputStreamToXomConverter] is ignored. It seems to rely on a class that is not available in the class loader: nu/xom/ParsingException
2020-03-13 14:10:35,845 [main] INFO  - main       - ChainingConverter          - ContentTypeConverter of type [class org.axonframework.serialization.xml.Dom4JToByteArrayConverter] is ignored. It seems to rely on a class that is not available in the class loader: org/dom4j/Document
2020-03-13 14:10:35,846 [main] INFO  - main       - ChainingConverter          - ContentTypeConverter of type [class org.axonframework.serialization.xml.InputStreamToDom4jConverter] is ignored. It seems to rely on a class that is not available in the class loader: org/dom4j/Document
2020-03-13 14:10:35,846 [main] INFO  - main       - ChainingConverter          - ContentTypeConverter of type [class org.axonframework.serialization.xml.XomToStringConverter] is ignored. It seems to rely on a class that is not available in the class loader: nu/xom/Document
2020-03-13 14:10:35,847 [main] INFO  - main       - ChainingConverter          - ContentTypeConverter of type [class org.axonframework.serialization.xml.InputStreamToXomConverter] is ignored. It seems to rely on a class that is not available in the class loader: nu/xom/ParsingException
2020-03-13 14:10:35,853 [main] INFO  - main       - ChainingConverter          - ContentTypeConverter of type [class org.axonframework.serialization.xml.Dom4JToByteArrayConverter] is ignored. It seems to rely on a class that is not available in the class loader: org/dom4j/Document
2020-03-13 14:10:35,853 [main] INFO  - main       - ChainingConverter          - ContentTypeConverter of type [class org.axonframework.serialization.xml.InputStreamToDom4jConverter] is ignored. It seems to rely on a class that is not available in the class loader: org/dom4j/Document
2020-03-13 14:10:35,853 [main] INFO  - main       - ChainingConverter          - ContentTypeConverter of type [class org.axonframework.serialization.xml.XomToStringConverter] is ignored. It seems to rely on a class that is not available in the class loader: nu/xom/Document
2020-03-13 14:10:35,854 [main] INFO  - main       - ChainingConverter          - ContentTypeConverter of type [class org.axonframework.serialization.xml.InputStreamToXomConverter] is ignored. It seems to rely on a class that is not available in the class loader: nu/xom/ParsingException
2020-03-13 14:10:35,870 [main] INFO  - main       - xonServerConnectionManager - Connecting using unencrypted connection...
2020-03-13 14:10:35,887 [main] INFO  - main       - xonServerConnectionManager - Re-subscribing commands and queries
2020-03-13 14:10:35,906 [main] INFO  - main       - AxonServerEventStore       - open stream: 0
2020-03-13 14:10:35,917 [main] INFO  - main       - wControllingStreamObserver - Granting new permits: number_of_permits: 1

Security framework of XStream not initialized, XStream is probably vulnerable.
2020-03-13 14:10:35,920 [main] INFO  - main       - wControllingStreamObserver - Granting new permits: number_of_permits: 1

2020-03-13 14:10:35,921 [main] INFO  - main       - wControllingStreamObserver - Granting new permits: number_of_permits: 1

2020-03-13 14:10:36,021 [main] INFO  - main       - wControllingStreamObserver - Observer stopped
Tests run: 2, Failures: 0, Errors: 0, Skipped: 0, Time elapsed: 2.347 sec - in org.axonframework.axonserver.connector.event.axon.AxonServerEventStoreTest
Running org.axonframework.axonserver.connector.event.util.EventCipherTests
Tests run: 3, Failures: 0, Errors: 0, Skipped: 0, Time elapsed: 0.512 sec - in org.axonframework.axonserver.connector.event.util.EventCipherTests
Running org.axonframework.axonserver.connector.command.CommandSerializerTest
Tests run: 3, Failures: 0, Errors: 0, Skipped: 0, Time elapsed: 0.037 sec - in org.axonframework.axonserver.connector.command.CommandSerializerTest
Running org.axonframework.axonserver.connector.command.AxonServerCommandBusTest
2020-03-13 14:10:37,594 [main] INFO  - main       - ChainingConverter          - ContentTypeConverter of type [class org.axonframework.serialization.xml.Dom4JToByteArrayConverter] is ignored. It seems to rely on a class that is not available in the class loader: org/dom4j/Document
2020-03-13 14:10:37,594 [main] INFO  - main       - ChainingConverter          - ContentTypeConverter of type [class org.axonframework.serialization.xml.InputStreamToDom4jConverter] is ignored. It seems to rely on a class that is not available in the class loader: org/dom4j/Document
2020-03-13 14:10:37,594 [main] INFO  - main       - ChainingConverter          - ContentTypeConverter of type [class org.axonframework.serialization.xml.XomToStringConverter] is ignored. It seems to rely on a class that is not available in the class loader: nu/xom/Document
2020-03-13 14:10:37,595 [main] INFO  - main       - ChainingConverter          - ContentTypeConverter of type [class org.axonframework.serialization.xml.InputStreamToXomConverter] is ignored. It seems to rely on a class that is not available in the class loader: nu/xom/ParsingException
2020-03-13 14:10:37,615 [main] INFO  - main       - xonServerConnectionManager - Connecting using unencrypted connection...
2020-03-13 14:10:37,636 [main] INFO  - main       - xonServerConnectionManager - Re-subscribing commands and queries
2020-03-13 14:10:37,656 [main] INFO  - main       - ChainingConverter          - ContentTypeConverter of type [class org.axonframework.serialization.xml.Dom4JToByteArrayConverter] is ignored. It seems to rely on a class that is not available in the class loader: org/dom4j/Document
2020-03-13 14:10:37,656 [main] INFO  - main       - ChainingConverter          - ContentTypeConverter of type [class org.axonframework.serialization.xml.InputStreamToDom4jConverter] is ignored. It seems to rely on a class that is not available in the class loader: org/dom4j/Document
2020-03-13 14:10:37,656 [main] INFO  - main       - ChainingConverter          - ContentTypeConverter of type [class org.axonframework.serialization.xml.XomToStringConverter] is ignored. It seems to rely on a class that is not available in the class loader: nu/xom/Document
2020-03-13 14:10:37,656 [main] INFO  - main       - ChainingConverter          - ContentTypeConverter of type [class org.axonframework.serialization.xml.InputStreamToXomConverter] is ignored. It seems to rely on a class that is not available in the class loader: nu/xom/ParsingException
2020-03-13 14:10:37,667 [main] INFO  - main       - xonServerConnectionManager - Connecting using unencrypted connection...
2020-03-13 14:10:37,692 [main] INFO  - main       - xonServerConnectionManager - Re-subscribing commands and queries
2020-03-13 14:10:37,692 [main] INFO  - main       - AxonServerCommandBus       - Creating new subscriber
2020-03-13 14:10:37,737 [grpc-default-executor-2] WARN  - executor-2 - AxonServerCommandBus       - Received error from server: CANCELLED: HTTP/2 error code: CANCEL
Received Rst Stream
2020-03-13 14:10:37,741 [grpc-default-executor-2] WARN  - executor-2 - AxonServerCommandBus       - Error while resubscribing - No connection to AxonServer available
2020-03-13 14:10:37,752 [AxonServerConnector-0] INFO  - onnector-0 - xonServerConnectionManager - Connecting using unencrypted connection...
2020-03-13 14:10:37,767 [AxonServerConnector-0] INFO  - onnector-0 - xonServerConnectionManager - Re-subscribing commands and queries
2020-03-13 14:10:37,840 [AxonServerConnector-0] INFO  - onnector-0 - xonServerConnectionManager - Connecting using unencrypted connection...
2020-03-13 14:10:37,858 [AxonServerConnector-0] INFO  - onnector-0 - xonServerConnectionManager - Re-subscribing commands and queries
2020-03-13 14:10:37,859 [AxonServerConnector-0] INFO  - onnector-0 - AxonServerCommandBus       - Creating new subscriber
2020-03-13 14:10:37,913 [AxonServerConnector-0] INFO  - onnector-0 - xonServerConnectionManager - Connecting using unencrypted connection...
2020-03-13 14:10:37,914 [AxonServerConnector-0] INFO  - onnector-0 - xonServerConnectionManager - Connecting using unencrypted connection...
2020-03-13 14:10:37,916 [AxonServerConnector-0] INFO  - onnector-0 - xonServerConnectionManager - Connecting using unencrypted connection...
2020-03-13 14:10:37,916 [AxonServerConnector-0] INFO  - onnector-0 - xonServerConnectionManager - Connecting using unencrypted connection...
2020-03-13 14:10:37,916 [AxonServerConnector-0] INFO  - onnector-0 - xonServerConnectionManager - Connecting using unencrypted connection...
2020-03-13 14:10:37,916 [AxonServerConnector-0] INFO  - onnector-0 - xonServerConnectionManager - Connecting using unencrypted connection...
2020-03-13 14:10:37,916 [AxonServerConnector-0] INFO  - onnector-0 - xonServerConnectionManager - Connecting using unencrypted connection...
2020-03-13 14:10:37,939 [AxonServerConnector-0] WARN  - onnector-0 - xonServerConnectionManager - Connecting to AxonServer node localhost:4343 failed: UNAVAILABLE: io exception
2020-03-13 14:10:37,947 [AxonServerConnector-0] WARN  - onnector-0 - xonServerConnectionManager - Connecting to AxonServer node localhost:4343 failed: UNAVAILABLE: io exception
2020-03-13 14:10:37,947 [AxonServerConnector-0] WARN  - onnector-0 - xonServerConnectionManager - Connecting to AxonServer node localhost:4343 failed: UNAVAILABLE: io exception
2020-03-13 14:10:37,947 [AxonServerConnector-0] WARN  - onnector-0 - xonServerConnectionManager - Connecting to AxonServer node localhost:4343 failed: UNAVAILABLE: io exception
2020-03-13 14:10:37,948 [AxonServerConnector-0] WARN  - onnector-0 - xonServerConnectionManager - Connecting to AxonServer node localhost:4343 failed: UNAVAILABLE: io exception
2020-03-13 14:10:37,951 [AxonServerConnector-0] WARN  - onnector-0 - xonServerConnectionManager - Connecting to AxonServer node localhost:4343 failed: UNAVAILABLE: io exception
2020-03-13 14:10:37,953 [AxonServerConnector-0] WARN  - onnector-0 - xonServerConnectionManager - Connecting to AxonServer node localhost:4343 failed: UNAVAILABLE: io exception
2020-03-13 14:10:40,745 [grpc-default-executor-4] WARN  - executor-4 - AxonServerCommandBus       - Received error from server: CANCELLED: HTTP/2 error code: CANCEL
Received Rst Stream
2020-03-13 14:10:40,748 [grpc-default-executor-4] WARN  - executor-4 - AxonServerCommandBus       - Error while resubscribing - No connection to AxonServer available
2020-03-13 14:10:40,754 [main] INFO  - main       - ChainingConverter          - ContentTypeConverter of type [class org.axonframework.serialization.xml.Dom4JToByteArrayConverter] is ignored. It seems to rely on a class that is not available in the class loader: org/dom4j/Document
2020-03-13 14:10:40,754 [main] INFO  - main       - ChainingConverter          - ContentTypeConverter of type [class org.axonframework.serialization.xml.InputStreamToDom4jConverter] is ignored. It seems to rely on a class that is not available in the class loader: org/dom4j/Document
2020-03-13 14:10:40,754 [main] INFO  - main       - ChainingConverter          - ContentTypeConverter of type [class org.axonframework.serialization.xml.XomToStringConverter] is ignored. It seems to rely on a class that is not available in the class loader: nu/xom/Document
2020-03-13 14:10:40,755 [main] INFO  - main       - ChainingConverter          - ContentTypeConverter of type [class org.axonframework.serialization.xml.InputStreamToXomConverter] is ignored. It seems to rely on a class that is not available in the class loader: nu/xom/ParsingException
2020-03-13 14:10:40,765 [main] INFO  - main       - xonServerConnectionManager - Connecting using unencrypted connection...
2020-03-13 14:10:40,786 [main] INFO  - main       - xonServerConnectionManager - Re-subscribing commands and queries
2020-03-13 14:10:40,788 [main] WARN  - main       - AxonServerCommandBus       - There was a problem dispatching a command GenericCommandMessage{payload={this is the payload}, metadata={}, messageIdentifier='dc152989-3d76-41e4-80d4-d9f610420bdb', commandName='java.lang.String'}.
java.lang.RuntimeException: oops
	at org.axonframework.axonserver.connector.command.AxonServerCommandBus.dispatch(AxonServerCommandBus.java:111)
	at org.axonframework.axonserver.connector.command.AxonServerCommandBusTest.dispatchWhenChannelThrowsAnException(AxonServerCommandBusTest.java:112)
	at sun.reflect.NativeMethodAccessorImpl.invoke0(Native Method)
	at sun.reflect.NativeMethodAccessorImpl.invoke(NativeMethodAccessorImpl.java:62)
	at sun.reflect.DelegatingMethodAccessorImpl.invoke(DelegatingMethodAccessorImpl.java:43)
	at java.lang.reflect.Method.invoke(Method.java:498)
	at org.junit.runners.model.FrameworkMethod$1.runReflectiveCall(FrameworkMethod.java:50)
	at org.junit.internal.runners.model.ReflectiveCallable.run(ReflectiveCallable.java:12)
	at org.junit.runners.model.FrameworkMethod.invokeExplosively(FrameworkMethod.java:47)
	at org.junit.internal.runners.statements.InvokeMethod.evaluate(InvokeMethod.java:17)
	at org.junit.internal.runners.statements.RunBefores.evaluate(RunBefores.java:26)
	at org.junit.internal.runners.statements.RunAfters.evaluate(RunAfters.java:27)
	at org.junit.runners.ParentRunner.runLeaf(ParentRunner.java:325)
	at org.junit.runners.BlockJUnit4ClassRunner.runChild(BlockJUnit4ClassRunner.java:78)
	at org.junit.runners.BlockJUnit4ClassRunner.runChild(BlockJUnit4ClassRunner.java:57)
	at org.junit.runners.ParentRunner$3.run(ParentRunner.java:290)
	at org.junit.runners.ParentRunner$1.schedule(ParentRunner.java:71)
	at org.junit.runners.ParentRunner.runChildren(ParentRunner.java:288)
	at org.junit.runners.ParentRunner.access$000(ParentRunner.java:58)
	at org.junit.runners.ParentRunner$2.evaluate(ParentRunner.java:268)
	at org.junit.runners.ParentRunner.run(ParentRunner.java:363)
	at org.apache.maven.surefire.junit4.JUnit4Provider.execute(JUnit4Provider.java:367)
	at org.apache.maven.surefire.junit4.JUnit4Provider.executeWithRerun(JUnit4Provider.java:274)
	at org.apache.maven.surefire.junit4.JUnit4Provider.executeTestSet(JUnit4Provider.java:238)
	at org.apache.maven.surefire.junit4.JUnit4Provider.invoke(JUnit4Provider.java:161)
	at org.apache.maven.surefire.booter.ForkedBooter.invokeProviderInSameClassLoader(ForkedBooter.java:290)
	at org.apache.maven.surefire.booter.ForkedBooter.runSuitesInProcess(ForkedBooter.java:242)
	at org.apache.maven.surefire.booter.ForkedBooter.main(ForkedBooter.java:121)
2020-03-13 14:10:40,803 [main] INFO  - main       - ChainingConverter          - ContentTypeConverter of type [class org.axonframework.serialization.xml.Dom4JToByteArrayConverter] is ignored. It seems to rely on a class that is not available in the class loader: org/dom4j/Document
2020-03-13 14:10:40,803 [main] INFO  - main       - ChainingConverter          - ContentTypeConverter of type [class org.axonframework.serialization.xml.InputStreamToDom4jConverter] is ignored. It seems to rely on a class that is not available in the class loader: org/dom4j/Document
2020-03-13 14:10:40,804 [main] INFO  - main       - ChainingConverter          - ContentTypeConverter of type [class org.axonframework.serialization.xml.XomToStringConverter] is ignored. It seems to rely on a class that is not available in the class loader: nu/xom/Document
2020-03-13 14:10:40,804 [main] INFO  - main       - ChainingConverter          - ContentTypeConverter of type [class org.axonframework.serialization.xml.InputStreamToXomConverter] is ignored. It seems to rely on a class that is not available in the class loader: nu/xom/ParsingException
2020-03-13 14:10:40,814 [main] INFO  - main       - xonServerConnectionManager - Connecting using unencrypted connection...
2020-03-13 14:10:40,839 [main] INFO  - main       - xonServerConnectionManager - Re-subscribing commands and queries
Security framework of XStream not initialized, XStream is probably vulnerable.
2020-03-13 14:10:40,847 [AxonServerConnector-0] INFO  - onnector-0 - xonServerConnectionManager - Connecting using unencrypted connection...
2020-03-13 14:10:40,848 [AxonServerConnector-0] INFO  - onnector-0 - xonServerConnectionManager - Connecting using unencrypted connection...
2020-03-13 14:10:40,859 [AxonServerConnector-0] WARN  - onnector-0 - xonServerConnectionManager - Connecting to AxonServer node localhost:4344 failed: UNAVAILABLE: io exception
2020-03-13 14:10:40,859 [AxonServerConnector-0] WARN  - onnector-0 - xonServerConnectionManager - Connecting to AxonServer node localhost:4344 failed: UNAVAILABLE: io exception
2020-03-13 14:10:40,859 [main] INFO  - main       - ChainingConverter          - ContentTypeConverter of type [class org.axonframework.serialization.xml.Dom4JToByteArrayConverter] is ignored. It seems to rely on a class that is not available in the class loader: org/dom4j/Document
2020-03-13 14:10:40,859 [main] INFO  - main       - ChainingConverter          - ContentTypeConverter of type [class org.axonframework.serialization.xml.InputStreamToDom4jConverter] is ignored. It seems to rely on a class that is not available in the class loader: org/dom4j/Document
2020-03-13 14:10:40,859 [main] INFO  - main       - ChainingConverter          - ContentTypeConverter of type [class org.axonframework.serialization.xml.XomToStringConverter] is ignored. It seems to rely on a class that is not available in the class loader: nu/xom/Document
2020-03-13 14:10:40,860 [main] INFO  - main       - ChainingConverter          - ContentTypeConverter of type [class org.axonframework.serialization.xml.InputStreamToXomConverter] is ignored. It seems to rely on a class that is not available in the class loader: nu/xom/ParsingException
2020-03-13 14:10:40,871 [main] INFO  - main       - xonServerConnectionManager - Connecting using unencrypted connection...
2020-03-13 14:10:40,890 [main] INFO  - main       - xonServerConnectionManager - Re-subscribing commands and queries
2020-03-13 14:10:40,890 [main] INFO  - main       - AxonServerCommandBus       - Creating new subscriber
2020-03-13 14:10:40,924 [grpc-default-executor-3] WARN  - executor-3 - AxonServerCommandBus       - Received error from server: UNKNOWN
2020-03-13 14:10:40,932 [grpc-default-executor-3] INFO  - executor-3 - AxonServerCommandBus       - Creating new subscriber
2020-03-13 14:10:40,956 [AxonServerConnector-0] INFO  - onnector-0 - xonServerConnectionManager - Connecting using unencrypted connection...
2020-03-13 14:10:40,975 [AxonServerConnector-0] INFO  - onnector-0 - xonServerConnectionManager - Re-subscribing commands and queries
2020-03-13 14:10:41,132 [grpc-default-executor-2] WARN  - executor-2 - AxonServerCommandBus       - Received error from server: CANCELLED: HTTP/2 error code: CANCEL
Received Rst Stream
2020-03-13 14:10:41,134 [grpc-default-executor-2] WARN  - executor-2 - AxonServerCommandBus       - Error while resubscribing - No connection to AxonServer available
2020-03-13 14:10:41,139 [main] INFO  - main       - ChainingConverter          - ContentTypeConverter of type [class org.axonframework.serialization.xml.Dom4JToByteArrayConverter] is ignored. It seems to rely on a class that is not available in the class loader: org/dom4j/Document
2020-03-13 14:10:41,139 [main] INFO  - main       - ChainingConverter          - ContentTypeConverter of type [class org.axonframework.serialization.xml.InputStreamToDom4jConverter] is ignored. It seems to rely on a class that is not available in the class loader: org/dom4j/Document
2020-03-13 14:10:41,140 [main] INFO  - main       - ChainingConverter          - ContentTypeConverter of type [class org.axonframework.serialization.xml.XomToStringConverter] is ignored. It seems to rely on a class that is not available in the class loader: nu/xom/Document
2020-03-13 14:10:41,140 [main] INFO  - main       - ChainingConverter          - ContentTypeConverter of type [class org.axonframework.serialization.xml.InputStreamToXomConverter] is ignored. It seems to rely on a class that is not available in the class loader: nu/xom/ParsingException
2020-03-13 14:10:41,151 [main] INFO  - main       - xonServerConnectionManager - Connecting using unencrypted connection...
2020-03-13 14:10:41,169 [main] INFO  - main       - xonServerConnectionManager - Re-subscribing commands and queries
2020-03-13 14:10:41,170 [main] INFO  - main       - AxonServerCommandBus       - Creating new subscriber
2020-03-13 14:10:41,177 [grpc-default-executor-3] WARN  - executor-3 - AxonServerCommandBus       - Received error from server: CANCELLED: HTTP/2 error code: CANCEL
Received Rst Stream
2020-03-13 14:10:41,187 [main] INFO  - main       - ChainingConverter          - ContentTypeConverter of type [class org.axonframework.serialization.xml.Dom4JToByteArrayConverter] is ignored. It seems to rely on a class that is not available in the class loader: org/dom4j/Document
2020-03-13 14:10:41,187 [main] INFO  - main       - ChainingConverter          - ContentTypeConverter of type [class org.axonframework.serialization.xml.InputStreamToDom4jConverter] is ignored. It seems to rely on a class that is not available in the class loader: org/dom4j/Document
2020-03-13 14:10:41,187 [main] INFO  - main       - ChainingConverter          - ContentTypeConverter of type [class org.axonframework.serialization.xml.XomToStringConverter] is ignored. It seems to rely on a class that is not available in the class loader: nu/xom/Document
2020-03-13 14:10:41,188 [main] INFO  - main       - ChainingConverter          - ContentTypeConverter of type [class org.axonframework.serialization.xml.InputStreamToXomConverter] is ignored. It seems to rely on a class that is not available in the class loader: nu/xom/ParsingException
2020-03-13 14:10:41,205 [main] INFO  - main       - AxonServerCommandBus       - Creating new subscriber
flow_control {
  client_id: "JUnit"
  permits: 100
}

subscribe {
  message_id: "fb85a921-4c42-43b1-aee5-f90b7f63f4b5"
  command: "java.lang.String"
  component_name: "JUnit"
  client_id: "JUnit"
}

2020-03-13 14:10:41,218 [main] INFO  - main       - ChainingConverter          - ContentTypeConverter of type [class org.axonframework.serialization.xml.Dom4JToByteArrayConverter] is ignored. It seems to rely on a class that is not available in the class loader: org/dom4j/Document
2020-03-13 14:10:41,218 [main] INFO  - main       - ChainingConverter          - ContentTypeConverter of type [class org.axonframework.serialization.xml.InputStreamToDom4jConverter] is ignored. It seems to rely on a class that is not available in the class loader: org/dom4j/Document
2020-03-13 14:10:41,218 [main] INFO  - main       - ChainingConverter          - ContentTypeConverter of type [class org.axonframework.serialization.xml.XomToStringConverter] is ignored. It seems to rely on a class that is not available in the class loader: nu/xom/Document
2020-03-13 14:10:41,220 [main] INFO  - main       - ChainingConverter          - ContentTypeConverter of type [class org.axonframework.serialization.xml.InputStreamToXomConverter] is ignored. It seems to rely on a class that is not available in the class loader: nu/xom/ParsingException
command_response {
  message_identifier: "3381e776-0fa7-4a81-841b-0435af98b0a0"
  payload {
    type: "string"
    data: "<string>Text</string>"
  }
}

2020-03-13 14:10:41,229 [main] INFO  - main       - xonServerConnectionManager - Connecting using unencrypted connection...
2020-03-13 14:10:41,233 [AxonServerConnector-0] INFO  - onnector-0 - xonServerConnectionManager - Connecting using unencrypted connection...
2020-03-13 14:10:41,234 [AxonServerConnector-0] INFO  - onnector-0 - xonServerConnectionManager - Connecting using unencrypted connection...
2020-03-13 14:10:41,245 [main] INFO  - main       - xonServerConnectionManager - Re-subscribing commands and queries
Tests run: 8, Failures: 0, Errors: 0, Skipped: 0, Time elapsed: 3.662 sec - in org.axonframework.axonserver.connector.command.AxonServerCommandBusTest
Running org.axonframework.axonserver.connector.processor.grpc.TrackingEventProcessorInfoMessageTest
2020-03-13 14:10:41,252 [AxonServerConnector-0] INFO  - onnector-0 - xonServerConnectionManager - Re-subscribing commands and queries
2020-03-13 14:10:41,253 [AxonServerConnector-0] INFO  - onnector-0 - AxonServerCommandBus       - Creating new subscriber
2020-03-13 14:10:41,253 [AxonServerConnector-0] INFO  - onnector-0 - xonServerConnectionManager - Re-subscribing commands and queries
2020-03-13 14:10:41,257 [grpc-default-executor-2] WARN  - executor-2 - AxonServerCommandBus       - Received error from server: UNAVAILABLE: io exception
2020-03-13 14:10:41,283 [AxonServerConnector-0] INFO  - onnector-0 - xonServerConnectionManager - Connecting using unencrypted connection...
2020-03-13 14:10:41,294 [AxonServerConnector-0] WARN  - onnector-0 - xonServerConnectionManager - Connecting to AxonServer node localhost:4344 failed: UNAVAILABLE: io exception
2020-03-13 14:10:41,353 [AxonServerConnector-0] INFO  - onnector-0 - xonServerConnectionManager - Connecting using unencrypted connection...
2020-03-13 14:10:41,360 [AxonServerConnector-0] INFO  - onnector-0 - xonServerConnectionManager - Connecting using unencrypted connection...
2020-03-13 14:10:41,360 [AxonServerConnector-0] INFO  - onnector-0 - xonServerConnectionManager - Connecting using unencrypted connection...
2020-03-13 14:10:41,375 [AxonServerConnector-0] WARN  - onnector-0 - xonServerConnectionManager - Connecting to AxonServer node localhost:4344 failed: UNAVAILABLE: io exception
2020-03-13 14:10:41,379 [AxonServerConnector-0] WARN  - onnector-0 - xonServerConnectionManager - Connecting to AxonServer node localhost:4344 failed: UNAVAILABLE: io exception
2020-03-13 14:10:41,379 [AxonServerConnector-0] WARN  - onnector-0 - xonServerConnectionManager - Connecting to AxonServer node localhost:4344 failed: UNAVAILABLE: io exception
Tests run: 1, Failures: 0, Errors: 0, Skipped: 0, Time elapsed: 0.239 sec - in org.axonframework.axonserver.connector.processor.grpc.TrackingEventProcessorInfoMessageTest
Running org.axonframework.axonserver.connector.processor.schedule.ScheduledEventProcessorInfoSourceTest
Tests run: 1, Failures: 0, Errors: 0, Skipped: 0, Time elapsed: 0.106 sec - in org.axonframework.axonserver.connector.processor.schedule.ScheduledEventProcessorInfoSourceTest
Running org.axonframework.axonserver.connector.ServerConnectorConfigurerModuleTest
2020-03-13 14:10:41,664 [main] INFO  - main       - ChainingConverter          - ContentTypeConverter of type [class org.axonframework.serialization.xml.Dom4JToByteArrayConverter] is ignored. It seems to rely on a class that is not available in the class loader: org/dom4j/Document
2020-03-13 14:10:41,664 [main] INFO  - main       - ChainingConverter          - ContentTypeConverter of type [class org.axonframework.serialization.xml.InputStreamToDom4jConverter] is ignored. It seems to rely on a class that is not available in the class loader: org/dom4j/Document
2020-03-13 14:10:41,664 [main] INFO  - main       - ChainingConverter          - ContentTypeConverter of type [class org.axonframework.serialization.xml.XomToStringConverter] is ignored. It seems to rely on a class that is not available in the class loader: nu/xom/Document
2020-03-13 14:10:41,665 [main] INFO  - main       - ChainingConverter          - ContentTypeConverter of type [class org.axonframework.serialization.xml.InputStreamToXomConverter] is ignored. It seems to rely on a class that is not available in the class loader: nu/xom/ParsingException
2020-03-13 14:10:41,669 [main] INFO  - main       - ChainingConverter          - ContentTypeConverter of type [class org.axonframework.serialization.xml.Dom4JToByteArrayConverter] is ignored. It seems to rely on a class that is not available in the class loader: org/dom4j/Document
2020-03-13 14:10:41,669 [main] INFO  - main       - ChainingConverter          - ContentTypeConverter of type [class org.axonframework.serialization.xml.InputStreamToDom4jConverter] is ignored. It seems to rely on a class that is not available in the class loader: org/dom4j/Document
2020-03-13 14:10:41,669 [main] INFO  - main       - ChainingConverter          - ContentTypeConverter of type [class org.axonframework.serialization.xml.XomToStringConverter] is ignored. It seems to rely on a class that is not available in the class loader: nu/xom/Document
2020-03-13 14:10:41,670 [main] INFO  - main       - ChainingConverter          - ContentTypeConverter of type [class org.axonframework.serialization.xml.InputStreamToXomConverter] is ignored. It seems to rely on a class that is not available in the class loader: nu/xom/ParsingException
2020-03-13 14:10:41,677 [main] INFO  - main       - ChainingConverter          - ContentTypeConverter of type [class org.axonframework.serialization.xml.Dom4JToByteArrayConverter] is ignored. It seems to rely on a class that is not available in the class loader: org/dom4j/Document
2020-03-13 14:10:41,677 [main] INFO  - main       - ChainingConverter          - ContentTypeConverter of type [class org.axonframework.serialization.xml.InputStreamToDom4jConverter] is ignored. It seems to rely on a class that is not available in the class loader: org/dom4j/Document
2020-03-13 14:10:41,677 [main] INFO  - main       - ChainingConverter          - ContentTypeConverter of type [class org.axonframework.serialization.xml.XomToStringConverter] is ignored. It seems to rely on a class that is not available in the class loader: nu/xom/Document
2020-03-13 14:10:41,678 [main] INFO  - main       - ChainingConverter          - ContentTypeConverter of type [class org.axonframework.serialization.xml.InputStreamToXomConverter] is ignored. It seems to rely on a class that is not available in the class loader: nu/xom/ParsingException
2020-03-13 14:10:41,686 [main] INFO  - main       - ChainingConverter          - ContentTypeConverter of type [class org.axonframework.serialization.xml.Dom4JToByteArrayConverter] is ignored. It seems to rely on a class that is not available in the class loader: org/dom4j/Document
2020-03-13 14:10:41,686 [main] INFO  - main       - ChainingConverter          - ContentTypeConverter of type [class org.axonframework.serialization.xml.InputStreamToDom4jConverter] is ignored. It seems to rely on a class that is not available in the class loader: org/dom4j/Document
2020-03-13 14:10:41,686 [main] INFO  - main       - ChainingConverter          - ContentTypeConverter of type [class org.axonframework.serialization.xml.XomToStringConverter] is ignored. It seems to rely on a class that is not available in the class loader: nu/xom/Document
2020-03-13 14:10:41,687 [main] INFO  - main       - ChainingConverter          - ContentTypeConverter of type [class org.axonframework.serialization.xml.InputStreamToXomConverter] is ignored. It seems to rely on a class that is not available in the class loader: nu/xom/ParsingException
2020-03-13 14:10:41,693 [main] INFO  - main       - ChainingConverter          - ContentTypeConverter of type [class org.axonframework.serialization.xml.Dom4JToByteArrayConverter] is ignored. It seems to rely on a class that is not available in the class loader: org/dom4j/Document
2020-03-13 14:10:41,693 [main] INFO  - main       - ChainingConverter          - ContentTypeConverter of type [class org.axonframework.serialization.xml.InputStreamToDom4jConverter] is ignored. It seems to rely on a class that is not available in the class loader: org/dom4j/Document
2020-03-13 14:10:41,694 [main] INFO  - main       - ChainingConverter          - ContentTypeConverter of type [class org.axonframework.serialization.xml.XomToStringConverter] is ignored. It seems to rely on a class that is not available in the class loader: nu/xom/Document
2020-03-13 14:10:41,694 [main] INFO  - main       - ChainingConverter          - ContentTypeConverter of type [class org.axonframework.serialization.xml.InputStreamToXomConverter] is ignored. It seems to rely on a class that is not available in the class loader: nu/xom/ParsingException
Tests run: 1, Failures: 0, Errors: 0, Skipped: 0, Time elapsed: 0.11 sec - in org.axonframework.axonserver.connector.ServerConnectorConfigurerModuleTest
Running org.axonframework.axonserver.connector.DispatchInterceptorsTest
Tests run: 1, Failures: 0, Errors: 0, Skipped: 0, Time elapsed: 0 sec - in org.axonframework.axonserver.connector.DispatchInterceptorsTest

Results :

Tests in error: 
  ErrorCodeTest.testConvertWithoutSource:56 » NullPointer

Tests run: 48, Failures: 0, Errors: 1, Skipped: 0

[INFO] ------------------------------------------------------------------------
[INFO] BUILD FAILURE
[INFO] ------------------------------------------------------------------------
[INFO] Total time: 01:39 min
[INFO] Finished at: 2020-03-13T14:10:42-07:00
[INFO] Final Memory: 38M/1304M
[INFO] ------------------------------------------------------------------------
[ERROR] Failed to execute goal org.apache.maven.plugins:maven-surefire-plugin:2.19.1:test (default-test) on project axon-server-connector: There are test failures.
[ERROR] 
[ERROR] Please refer to /scratch/tmp-rta/Bears_AxonFramework-AxonFramework_451926440-451937647_java-8/axon-server-connector/target/surefire-reports for the individual test results.
[ERROR] -> [Help 1]
[ERROR] 
[ERROR] To see the full stack trace of the errors, re-run Maven with the -e switch.
[ERROR] Re-run Maven using the -X switch to enable full debug logging.
[ERROR] 
[ERROR] For more information about the errors and possible solutions, please read the following articles:
[ERROR] [Help 1] http://cwiki.apache.org/confluence/display/MAVEN/MojoFailureException
