Picked up JAVA_TOOL_OPTIONS: -XX:CICompilerCount=2 -XX:ParallelGCThreads=2 -XX:ConcGCThreads=2 -Djdk.net.URLClassPath.disableClassPathURLCheck=true 
Java HotSpot(TM) 64-Bit Server VM warning: ignoring option MaxPermSize=512m; support was removed in 8.0
Picked up _JAVA_OPTIONS: -Djdk.net.URLClassPath.disableClassPathURLCheck=true
Apache Maven 3.5.0 (Red Hat 3.5.0-4.3)
Maven home: /opt/rh/rh-maven35/root/usr/share/maven
Java version: 1.8.0_181, vendor: Oracle Corporation
Java home: /scratch/jmcampos/RTA/repair_them_all_framework/jdks/jdk1.8.0_181/jre
Default locale: en_US, platform encoding: UTF-8
OS name: "linux", version: "4.14.125-1.el7.retpoline.x86_64", arch: "amd64", family: "unix"
[INFO] Scanning for projects...
[INFO] Inspecting build with total of 1 modules...
[INFO] Installing Nexus Staging features:
[INFO]   ... total of 1 executions of maven-deploy-plugin replaced with nexus-staging-maven-plugin
[INFO] 
[INFO] ------------------------------------------------------------------------
[INFO] Building ClassGraph 4.4.13-SNAPSHOT
[INFO] ------------------------------------------------------------------------
[INFO] 
[INFO] --- maven-resources-plugin:2.6:resources (default-resources) @ classgraph ---
[INFO] Using 'UTF-8' encoding to copy filtered resources.
[INFO] skip non existing resourceDirectory /scratch/tmp-rta/Bears_classgraph-classgraph_448207270-449613955_java-8/src/main/resources
[INFO] 
[INFO] --- maven-compiler-plugin:3.8.0:compile (default-compile) @ classgraph ---
[INFO] Nothing to compile - all classes are up to date
[INFO] 
[INFO] --- maven-bundle-plugin:3.5.1:manifest (bundle-manifest) @ classgraph ---
[INFO] 
[INFO] --- build-helper-maven-plugin:3.0.0:add-test-source (add-test-source) @ classgraph ---
[INFO] Test Source directory: /scratch/tmp-rta/Bears_classgraph-classgraph_448207270-449613955_java-8/src/test/perf added.
[INFO] 
[INFO] --- maven-resources-plugin:2.6:testResources (default-testResources) @ classgraph ---
[INFO] Using 'UTF-8' encoding to copy filtered resources.
[INFO] Copying 22 resources
[INFO] 
[INFO] --- maven-compiler-plugin:3.8.0:testCompile (default-testCompile) @ classgraph ---
[INFO] Nothing to compile - all classes are up to date
[INFO] 
[INFO] --- maven-surefire-plugin:2.22.0:test (default-test) @ classgraph ---
[INFO] Downloading: https://repo.maven.apache.org/maven2/org/apache/maven/surefire/surefire-junit4/2.22.0/surefire-junit4-2.22.0.pom
[INFO] Downloaded: https://repo.maven.apache.org/maven2/org/apache/maven/surefire/surefire-junit4/2.22.0/surefire-junit4-2.22.0.pom (3.1 kB at 129 B/s)
[INFO] Downloading: https://repo.maven.apache.org/maven2/org/apache/maven/surefire/surefire-providers/2.22.0/surefire-providers-2.22.0.pom
[INFO] Downloaded: https://repo.maven.apache.org/maven2/org/apache/maven/surefire/surefire-providers/2.22.0/surefire-providers-2.22.0.pom (2.5 kB at 35 kB/s)
[INFO] Downloading: https://repo.maven.apache.org/maven2/org/apache/maven/surefire/surefire-junit4/2.22.0/surefire-junit4-2.22.0.jar
[INFO] Downloaded: https://repo.maven.apache.org/maven2/org/apache/maven/surefire/surefire-junit4/2.22.0/surefire-junit4-2.22.0.jar (85 kB at 2.6 MB/s)
[INFO] 
[INFO] -------------------------------------------------------
[INFO]  T E S T S
[INFO] -------------------------------------------------------
[INFO] Running io.github.classgraph.issues.issue146.Issue146Test
[INFO] Tests run: 1, Failures: 0, Errors: 0, Skipped: 0, Time elapsed: 0.446 s - in io.github.classgraph.issues.issue146.Issue146Test
[INFO] Running io.github.classgraph.issues.issue107.Issue107Test
[INFO] Tests run: 1, Failures: 0, Errors: 0, Skipped: 0, Time elapsed: 0 s - in io.github.classgraph.issues.issue107.Issue107Test
[INFO] Running io.github.classgraph.issues.issue167.Issue167Test
[INFO] Tests run: 2, Failures: 0, Errors: 0, Skipped: 0, Time elapsed: 0.197 s - in io.github.classgraph.issues.issue167.Issue167Test
[INFO] Running io.github.classgraph.issues.issue80.Issue80Test
[INFO] Tests run: 1, Failures: 0, Errors: 0, Skipped: 0, Time elapsed: 3.255 s - in io.github.classgraph.issues.issue80.Issue80Test
[INFO] Running io.github.classgraph.issues.issue101.Issue101Test
[INFO] Tests run: 3, Failures: 0, Errors: 0, Skipped: 0, Time elapsed: 0.376 s - in io.github.classgraph.issues.issue101.Issue101Test
[INFO] Running io.github.classgraph.issues.issue38.Issue38Test
[INFO] Tests run: 1, Failures: 0, Errors: 0, Skipped: 0, Time elapsed: 0.001 s - in io.github.classgraph.issues.issue38.Issue38Test
[INFO] Running io.github.classgraph.issues.issue100.Issue100Test
[INFO] Tests run: 1, Failures: 0, Errors: 0, Skipped: 0, Time elapsed: 0.008 s - in io.github.classgraph.issues.issue100.Issue100Test
[INFO] Running io.github.classgraph.issues.issue37.Issue37Test
[INFO] Tests run: 1, Failures: 0, Errors: 0, Skipped: 0, Time elapsed: 0.099 s - in io.github.classgraph.issues.issue37.Issue37Test
[INFO] Running io.github.classgraph.issues.issue277.Issue227Test
[ERROR] Tests run: 2, Failures: 0, Errors: 1, Skipped: 0, Time elapsed: 0.007 s <<< FAILURE! - in io.github.classgraph.issues.issue277.Issue227Test
[ERROR] testNoArgsBlacklistLibOrExtJars(io.github.classgraph.issues.issue277.Issue227Test)  Time elapsed: 0.007 s  <<< ERROR!
java.lang.IllegalArgumentException: Can only blacklist jars by leafname: /scratch/jmcampos/RTA/repair_them_all_framework/jdks/jdk1.8.0_181/jre/lib/deploy.jar
	at io.github.classgraph.issues.issue277.Issue227Test.testNoArgsBlacklistLibOrExtJars(Issue227Test.java:13)

[INFO] Running io.github.classgraph.issues.issue83.Issue83Test
[INFO] Tests run: 2, Failures: 0, Errors: 0, Skipped: 0, Time elapsed: 0.112 s - in io.github.classgraph.issues.issue83.Issue83Test
[INFO] Running io.github.classgraph.issues.issue193.Issue193Test
[INFO] Tests run: 1, Failures: 0, Errors: 0, Skipped: 0, Time elapsed: 1.474 s - in io.github.classgraph.issues.issue193.Issue193Test
[INFO] Running io.github.classgraph.issues.issue171.Issue171Test
[INFO] Tests run: 1, Failures: 0, Errors: 0, Skipped: 0, Time elapsed: 0.138 s - in io.github.classgraph.issues.issue171.Issue171Test
[INFO] Running io.github.classgraph.issues.issue166.Issue166Test
[INFO] Tests run: 3, Failures: 0, Errors: 0, Skipped: 0, Time elapsed: 0.175 s - in io.github.classgraph.issues.issue166.Issue166Test
[INFO] Running io.github.classgraph.issues.issue152.Issue152Test
[INFO] Tests run: 1, Failures: 0, Errors: 0, Skipped: 0, Time elapsed: 0.105 s - in io.github.classgraph.issues.issue152.Issue152Test
[INFO] Running io.github.classgraph.issues.issue261.Issue261Test
[INFO] Tests run: 1, Failures: 0, Errors: 0, Skipped: 0, Time elapsed: 0.107 s - in io.github.classgraph.issues.issue261.Issue261Test
[INFO] Running io.github.classgraph.issues.issue78.Issue78Test
[INFO] Tests run: 1, Failures: 0, Errors: 0, Skipped: 0, Time elapsed: 0.112 s - in io.github.classgraph.issues.issue78.Issue78Test
[INFO] Running io.github.classgraph.issues.issue148.Issue148Test
[INFO] Tests run: 1, Failures: 0, Errors: 0, Skipped: 0, Time elapsed: 0.149 s - in io.github.classgraph.issues.issue148.Issue148Test
[INFO] Running io.github.classgraph.issues.IssuesTest
[INFO] Tests run: 6, Failures: 0, Errors: 0, Skipped: 0, Time elapsed: 0.531 s - in io.github.classgraph.issues.IssuesTest
[INFO] Running io.github.classgraph.issues.issue260.Issue260Test
[INFO] Tests run: 1, Failures: 0, Errors: 0, Skipped: 0, Time elapsed: 0.093 s - in io.github.classgraph.issues.issue260.Issue260Test
[INFO] Running io.github.classgraph.issues.issue151.Issue151Test
[INFO] Tests run: 1, Failures: 0, Errors: 0, Skipped: 0, Time elapsed: 0.093 s - in io.github.classgraph.issues.issue151.Issue151Test
[INFO] Running io.github.classgraph.issues.issue46.Issue46Test
[INFO] Tests run: 1, Failures: 0, Errors: 0, Skipped: 0, Time elapsed: 0.059 s - in io.github.classgraph.issues.issue46.Issue46Test
[INFO] Running io.github.classgraph.issues.issue128.Issue128Test
[INFO] Tests run: 1, Failures: 0, Errors: 0, Skipped: 0, Time elapsed: 0.713 s - in io.github.classgraph.issues.issue128.Issue128Test
[INFO] Running io.github.classgraph.issues.issue223.Issue223Test
[INFO] Tests run: 1, Failures: 0, Errors: 0, Skipped: 0, Time elapsed: 0.169 s - in io.github.classgraph.issues.issue223.Issue223Test
[INFO] Running io.github.classgraph.issues.issue246.Issue246Test
[INFO] Tests run: 1, Failures: 0, Errors: 0, Skipped: 0, Time elapsed: 0.113 s - in io.github.classgraph.issues.issue246.Issue246Test
[INFO] Running io.github.classgraph.issues.issue74.Issue74Test
[INFO] Tests run: 1, Failures: 0, Errors: 0, Skipped: 0, Time elapsed: 0.129 s - in io.github.classgraph.issues.issue74.Issue74Test
[INFO] Running io.github.classgraph.issues.issue245.Issue245Test
[INFO] Tests run: 1, Failures: 0, Errors: 0, Skipped: 0, Time elapsed: 0.092 s - in io.github.classgraph.issues.issue245.Issue245Test
[INFO] Running io.github.classgraph.issues.issue175.Issue175Test
[INFO] Tests run: 9, Failures: 0, Errors: 0, Skipped: 0, Time elapsed: 0.902 s - in io.github.classgraph.issues.issue175.Issue175Test
[INFO] Running io.github.classgraph.issues.issue238.Issue238Test
[INFO] Tests run: 1, Failures: 0, Errors: 0, Skipped: 0, Time elapsed: 0.116 s - in io.github.classgraph.issues.issue238.Issue238Test
[INFO] Running io.github.classgraph.issues.issue153.Issue153Test
[INFO] Tests run: 1, Failures: 0, Errors: 0, Skipped: 0, Time elapsed: 0.091 s - in io.github.classgraph.issues.issue153.Issue153Test
[INFO] Running io.github.classgraph.issues.issue216.Issue216Test
[INFO] Tests run: 1, Failures: 0, Errors: 0, Skipped: 0, Time elapsed: 0.077 s - in io.github.classgraph.issues.issue216.Issue216Test
[INFO] Running io.github.classgraph.issues.issue255.Issue255Test
[INFO] Tests run: 1, Failures: 0, Errors: 0, Skipped: 0, Time elapsed: 0.049 s - in io.github.classgraph.issues.issue255.Issue255Test
[INFO] Running io.github.classgraph.issues.issue140.Issue140Test
[INFO] Tests run: 1, Failures: 0, Errors: 0, Skipped: 0, Time elapsed: 0.091 s - in io.github.classgraph.issues.issue140.Issue140Test
[INFO] Running io.github.classgraph.issues.issue99.Issue99Test
[INFO] Tests run: 2, Failures: 0, Errors: 0, Skipped: 0, Time elapsed: 0.117 s - in io.github.classgraph.issues.issue99.Issue99Test
[INFO] Running io.github.classgraph.issues.issue209.Issue209Test
[INFO] Tests run: 1, Failures: 0, Errors: 0, Skipped: 0, Time elapsed: 0.095 s - in io.github.classgraph.issues.issue209.Issue209Test
[INFO] Running io.github.classgraph.issues.TestGetUniqueClasspathElements
[INFO] Tests run: 1, Failures: 0, Errors: 0, Skipped: 0, Time elapsed: 0.054 s - in io.github.classgraph.issues.TestGetUniqueClasspathElements
[INFO] Running io.github.classgraph.test.methodannotation.MethodAnnotationTest
[INFO] Tests run: 2, Failures: 0, Errors: 0, Skipped: 0, Time elapsed: 0.172 s - in io.github.classgraph.test.methodannotation.MethodAnnotationTest
[INFO] Running io.github.classgraph.test.internal.InternalExternalTest
[INFO] Tests run: 4, Failures: 0, Errors: 0, Skipped: 0, Time elapsed: 0.332 s - in io.github.classgraph.test.internal.InternalExternalTest
[INFO] Running io.github.classgraph.test.methodannotation2.TestMethodMetaAnnotation
[INFO] Tests run: 3, Failures: 0, Errors: 0, Skipped: 0, Time elapsed: 0.231 s - in io.github.classgraph.test.methodannotation2.TestMethodMetaAnnotation
[INFO] Running io.github.classgraph.test.methodinfo.MethodInfoTest
[INFO] Tests run: 4, Failures: 0, Errors: 0, Skipped: 0, Time elapsed: 0.334 s - in io.github.classgraph.test.methodinfo.MethodInfoTest
[INFO] Running io.github.classgraph.test.ClassInfoTest
[INFO] Tests run: 7, Failures: 0, Errors: 0, Skipped: 0, Time elapsed: 0.095 s - in io.github.classgraph.test.ClassInfoTest
[INFO] Running io.github.classgraph.test.classrefannotation.AnnotationClassRefTest
[INFO] Tests run: 1, Failures: 0, Errors: 0, Skipped: 0, Time elapsed: 0.077 s - in io.github.classgraph.test.classrefannotation.AnnotationClassRefTest
[INFO] Running io.github.classgraph.test.ClassGraphTest
[INFO] Tests run: 19, Failures: 0, Errors: 0, Skipped: 0, Time elapsed: 2.378 s - in io.github.classgraph.test.ClassGraphTest
[INFO] Running io.github.classgraph.test.fieldannotation.FieldAndMethodAnnotationTest
[INFO] Tests run: 3, Failures: 0, Errors: 0, Skipped: 0, Time elapsed: 0.392 s - in io.github.classgraph.test.fieldannotation.FieldAndMethodAnnotationTest
[INFO] Running io.github.classgraph.test.fieldinfo.FieldInfoTest
[INFO] Tests run: 3, Failures: 0, Errors: 0, Skipped: 0, Time elapsed: 0.397 s - in io.github.classgraph.test.fieldinfo.FieldInfoTest
[INFO] Running io.github.classgraph.json.JSONSerializationTest
[INFO] Tests run: 2, Failures: 0, Errors: 0, Skipped: 0, Time elapsed: 0.304 s - in io.github.classgraph.json.JSONSerializationTest
[INFO] Running com.xyz.MetaAnnotationTest
[INFO] Tests run: 8, Failures: 0, Errors: 0, Skipped: 0, Time elapsed: 0.151 s - in com.xyz.MetaAnnotationTest
[INFO] Running DisableRecursiveScanningTest
[INFO] Tests run: 2, Failures: 0, Errors: 0, Skipped: 0, Time elapsed: 0.254 s - in DisableRecursiveScanningTest
[INFO] Running DefaultPackageTest
[INFO] Tests run: 2, Failures: 0, Errors: 0, Skipped: 0, Time elapsed: 0.283 s - in DefaultPackageTest
[INFO] 
[INFO] Results:
[INFO] 
[ERROR] Errors: 
[ERROR]   Issue227Test.testNoArgsBlacklistLibOrExtJars:13 Â» IllegalArgument Can only bla...
[INFO] 
[ERROR] Tests run: 116, Failures: 0, Errors: 1, Skipped: 0
[INFO] 
[INFO] ------------------------------------------------------------------------
[INFO] BUILD FAILURE
[INFO] ------------------------------------------------------------------------
[INFO] Total time: 48.468 s
[INFO] Finished at: 2020-03-13T12:35:46-07:00
[INFO] Final Memory: 34M/1237M
[INFO] ------------------------------------------------------------------------
[ERROR] Failed to execute goal org.apache.maven.plugins:maven-surefire-plugin:2.22.0:test (default-test) on project classgraph: There are test failures.
[ERROR] 
[ERROR] Please refer to /scratch/tmp-rta/Bears_classgraph-classgraph_448207270-449613955_java-8/target/surefire-reports for the individual test results.
[ERROR] Please refer to dump files (if any exist) [date]-jvmRun[N].dump, [date].dumpstream and [date]-jvmRun[N].dumpstream.
[ERROR] -> [Help 1]
[ERROR] 
[ERROR] To see the full stack trace of the errors, re-run Maven with the -e switch.
[ERROR] Re-run Maven using the -X switch to enable full debug logging.
[ERROR] 
[ERROR] For more information about the errors and possible solutions, please read the following articles:
[ERROR] [Help 1] http://cwiki.apache.org/confluence/display/MAVEN/MojoFailureException
