Picked up JAVA_TOOL_OPTIONS: -XX:CICompilerCount=2 -XX:ParallelGCThreads=2 -XX:ConcGCThreads=2 -Djdk.net.URLClassPath.disableClassPathURLCheck=true 
Picked up _JAVA_OPTIONS: -Djdk.net.URLClassPath.disableClassPathURLCheck=true
Apache Maven 3.5.0 (Red Hat 3.5.0-4.3)
Maven home: /opt/rh/rh-maven35/root/usr/share/maven
Java version: 1.7.0_80, vendor: Oracle Corporation
Java home: /boom/scratch/jmcampos/RTA/repair_them_all_framework/jdks/jdk1.7.0_80/jre
Default locale: en_US, platform encoding: UTF-8
OS name: "linux", version: "4.14.147-1.el7.retpoline.x86_64", arch: "amd64", family: "unix"
[INFO] Scanning for projects...
[INFO] 
[INFO] ------------------------------------------------------------------------
[INFO] Building Apache Log4j Core 2.0-rc2-SNAPSHOT
[INFO] ------------------------------------------------------------------------
[INFO] Downloading: http://download.oracle.com/maven/org/apache/logging/log4j/log4j-api/2.0-rc2-SNAPSHOT/maven-metadata.xml
[INFO] Downloading: http://repository.apache.org/snapshots/org/apache/logging/log4j/log4j-api/2.0-rc2-SNAPSHOT/maven-metadata.xml
[INFO] Downloading: http://download.oracle.com/maven/org/apache/logging/log4j/log4j/2.0-rc2-SNAPSHOT/maven-metadata.xml
[INFO] Downloading: http://repository.apache.org/snapshots/org/apache/logging/log4j/log4j/2.0-rc2-SNAPSHOT/maven-metadata.xml
[INFO] 
[INFO] --- maven-remote-resources-plugin:1.1:process (default) @ log4j-core ---
[INFO] Setting property: classpath.resource.loader.class => 'org.codehaus.plexus.velocity.ContextClassLoaderResourceLoader'.
[INFO] Setting property: velocimacro.messages.on => 'false'.
[INFO] Setting property: resource.loader => 'classpath'.
[INFO] Setting property: resource.manager.logwhenfound => 'false'.
[INFO] 
[INFO] --- maven-resources-plugin:2.5:resources (default-resources) @ log4j-core ---
[debug] execute contextualize
[INFO] Using 'UTF-8' encoding to copy filtered resources.
[INFO] Copying 8 resources
[INFO] 
[INFO] --- maven-compiler-plugin:3.1:compile (default-compile) @ log4j-core ---
[INFO] Changes detected - recompiling the module!
[INFO] Compiling 359 source files to /boom/scratch/tmp-rta/Bugs.jar_Logging-Log4J2_a5a1f1a2_java-7/log4j-core/target/classes
[WARNING] bootstrap class path not set in conjunction with -source 1.6
[WARNING] Signature attribute introduced in version 49.0 class files is ignored in version 48.0 class files
[WARNING] Signature attribute introduced in version 49.0 class files is ignored in version 48.0 class files
[WARNING] Signature attribute introduced in version 49.0 class files is ignored in version 48.0 class files
[WARNING] Signature attribute introduced in version 49.0 class files is ignored in version 48.0 class files
[WARNING] /boom/scratch/tmp-rta/Bugs.jar_Logging-Log4J2_a5a1f1a2_java-7/log4j-core/src/main/java/org/apache/logging/log4j/core/impl/ThrowableProxy.java:[615,54] getSuppressed(java.lang.Throwable) in org.apache.logging.log4j.core.util.Throwables has been deprecated
[WARNING] /boom/scratch/tmp-rta/Bugs.jar_Logging-Log4J2_a5a1f1a2_java-7/log4j-core/src/main/java/org/apache/logging/log4j/core/AbstractLogEvent.java:[40,19] getContextMap(java.lang.String) in org.apache.logging.log4j.core.LogEvent has been deprecated
[WARNING] /boom/scratch/tmp-rta/Bugs.jar_Logging-Log4J2_a5a1f1a2_java-7/log4j-core/src/main/java/org/apache/logging/log4j/core/config/json/JSONConfiguration.java:[93,38] addPackage(java.lang.String) in org.apache.logging.log4j.core.config.plugins.util.PluginManager has been deprecated
[WARNING] /boom/scratch/tmp-rta/Bugs.jar_Logging-Log4J2_a5a1f1a2_java-7/log4j-core/src/main/java/org/apache/logging/log4j/core/config/plugins/util/PluginManager.java:[182,66] found raw type: org.apache.logging.log4j.core.config.plugins.util.PluginType
  missing type arguments for generic class org.apache.logging.log4j.core.config.plugins.util.PluginType<T>
[WARNING] /boom/scratch/tmp-rta/Bugs.jar_Logging-Log4J2_a5a1f1a2_java-7/log4j-core/src/main/java/org/apache/logging/log4j/core/async/RingBufferLogEvent.java:[194,19] getContextMap(java.lang.String) in org.apache.logging.log4j.core.LogEvent has been deprecated
[WARNING] /boom/scratch/tmp-rta/Bugs.jar_Logging-Log4J2_a5a1f1a2_java-7/log4j-core/src/main/java/org/apache/logging/log4j/core/async/AsyncLogger.java:[126,35] unchecked generic array creation for varargs parameter of type com.lmax.disruptor.EventHandler<org.apache.logging.log4j.core.async.RingBufferLogEvent>[]
[WARNING] /boom/scratch/tmp-rta/Bugs.jar_Logging-Log4J2_a5a1f1a2_java-7/log4j-core/src/main/java/org/apache/logging/log4j/core/impl/Log4jLogEvent.java:[310,19] getContextMap(java.lang.String) in org.apache.logging.log4j.core.LogEvent has been deprecated
[WARNING] /boom/scratch/tmp-rta/Bugs.jar_Logging-Log4J2_a5a1f1a2_java-7/log4j-core/src/main/java/org/apache/logging/log4j/core/jackson/ListOfMapEntrySerializer.java:[34,61] found raw type: java.util.Map
  missing type arguments for generic class java.util.Map<K,V>
[WARNING] /boom/scratch/tmp-rta/Bugs.jar_Logging-Log4J2_a5a1f1a2_java-7/log4j-core/src/main/java/org/apache/logging/log4j/core/jackson/ListOfMapEntrySerializer.java:[41,33] found raw type: java.util.Map
  missing type arguments for generic class java.util.Map<K,V>
[WARNING] /boom/scratch/tmp-rta/Bugs.jar_Logging-Log4J2_a5a1f1a2_java-7/log4j-core/src/main/java/org/apache/logging/log4j/core/jackson/ListOfMapEntrySerializer.java:[42,65] unchecked conversion
  required: java.util.Set<java.util.Map.Entry<java.lang.String,java.lang.String>>
  found:    java.util.Set
[WARNING] /boom/scratch/tmp-rta/Bugs.jar_Logging-Log4J2_a5a1f1a2_java-7/log4j-core/src/main/java/org/apache/logging/log4j/core/util/BundleResourceLoader.java:[48,35] unchecked conversion
  required: java.util.Enumeration<java.net.URL>
  found:    java.util.Enumeration
[WARNING] /boom/scratch/tmp-rta/Bugs.jar_Logging-Log4J2_a5a1f1a2_java-7/log4j-core/src/main/java/org/apache/logging/log4j/core/config/xml/XMLConfiguration.java:[163,38] addPackage(java.lang.String) in org.apache.logging.log4j.core.config.plugins.util.PluginManager has been deprecated
[WARNING] /boom/scratch/tmp-rta/Bugs.jar_Logging-Log4J2_a5a1f1a2_java-7/log4j-core/src/main/java/org/apache/logging/log4j/core/jackson/MarkerMixIn.java:[72,28] getParent() in org.apache.logging.log4j.Marker has been deprecated
[WARNING] /boom/scratch/tmp-rta/Bugs.jar_Logging-Log4J2_a5a1f1a2_java-7/log4j-core/src/main/java/org/apache/logging/log4j/core/appender/db/jpa/BasicLogEventEntity.java:[217,19] getContextMap(java.lang.String) in org.apache.logging.log4j.core.LogEvent has been deprecated
[WARNING] /boom/scratch/tmp-rta/Bugs.jar_Logging-Log4J2_a5a1f1a2_java-7/log4j-core/src/main/java/org/apache/logging/log4j/core/appender/db/jpa/BasicLogEventEntity.java:[218,38] getContextMap(java.lang.String) in org.apache.logging.log4j.core.LogEvent has been deprecated
[INFO] 
[INFO] --- maven-compiler-plugin:3.1:compile (process-plugins) @ log4j-core ---
[INFO] Changes detected - recompiling the module!
[INFO] Compiling 359 source files to /boom/scratch/tmp-rta/Bugs.jar_Logging-Log4J2_a5a1f1a2_java-7/log4j-core/target/classes
[WARNING] bootstrap class path not set in conjunction with -source 1.6
[WARNING] Signature attribute introduced in version 49.0 class files is ignored in version 48.0 class files
[WARNING] Signature attribute introduced in version 49.0 class files is ignored in version 48.0 class files
[WARNING] Signature attribute introduced in version 49.0 class files is ignored in version 48.0 class files
[WARNING] Signature attribute introduced in version 49.0 class files is ignored in version 48.0 class files
[WARNING] No processor claimed any of these annotations: javax.persistence.Convert,org.apache.logging.log4j.core.pattern.ConverterKeys,com.fasterxml.jackson.databind.annotation.JsonSerialize,com.fasterxml.jackson.annotation.JsonFilter,org.apache.logging.log4j.core.config.Order,com.fasterxml.jackson.annotation.JsonCreator,com.fasterxml.jackson.databind.annotation.JsonDeserialize,javax.annotation.processing.SupportedAnnotationTypes,com.fasterxml.jackson.annotation.JsonPropertyOrder,javax.persistence.MappedSuperclass,com.fasterxml.jackson.annotation.JsonRootName,com.fasterxml.jackson.dataformat.xml.annotation.JacksonXmlElementWrapper,com.fasterxml.jackson.annotation.JsonIgnore,com.fasterxml.jackson.annotation.JsonIgnoreProperties,javax.persistence.Converter,javax.persistence.Basic,com.fasterxml.jackson.annotation.JsonValue,com.fasterxml.jackson.annotation.JsonProperty,javax.annotation.processing.SupportedSourceVersion,com.fasterxml.jackson.dataformat.xml.annotation.JacksonXmlProperty,javax.persistence.Transient,com.fasterxml.jackson.dataformat.xml.annotation.JacksonXmlRootElement,javax.persistence.Inheritance
[WARNING] Signature attribute introduced in version 49.0 class files is ignored in version 48.0 class files
[WARNING] Signature attribute introduced in version 49.0 class files is ignored in version 48.0 class files
[WARNING] Signature attribute introduced in version 49.0 class files is ignored in version 48.0 class files
[WARNING] Signature attribute introduced in version 49.0 class files is ignored in version 48.0 class files
[INFO] 
[INFO] --- maven-bundle-plugin:2.4.0:manifest (default) @ log4j-core ---
[INFO] 
[INFO] --- maven-resources-plugin:2.5:testResources (default-testResources) @ log4j-core ---
[debug] execute contextualize
[INFO] Using 'UTF-8' encoding to copy filtered resources.
[INFO] Copying 138 resources
[INFO] 
[INFO] --- maven-compiler-plugin:3.1:testCompile (default-testCompile) @ log4j-core ---
[INFO] Nothing to compile - all classes are up to date
[INFO] 
[INFO] --- maven-surefire-plugin:2.17:test (default-test) @ log4j-core ---
[INFO] Surefire report directory: /boom/scratch/tmp-rta/Bugs.jar_Logging-Log4J2_a5a1f1a2_java-7/log4j-core/target/surefire-reports
[INFO] Downloading: https://repository.apache.org/content/repositories/releases/org/apache/maven/surefire/surefire-junit4/2.17/surefire-junit4-2.17.pom
[INFO] Downloaded: https://repository.apache.org/content/repositories/releases/org/apache/maven/surefire/surefire-junit4/2.17/surefire-junit4-2.17.pom (2.5 kB at 3.9 kB/s)
[INFO] Downloading: https://repository.apache.org/content/repositories/releases/org/apache/maven/surefire/surefire-providers/2.17/surefire-providers-2.17.pom
[INFO] Downloaded: https://repository.apache.org/content/repositories/releases/org/apache/maven/surefire/surefire-providers/2.17/surefire-providers-2.17.pom (2.4 kB at 4.8 kB/s)
[INFO] Downloading: https://repository.apache.org/content/repositories/releases/org/apache/maven/surefire/surefire-junit4/2.17/surefire-junit4-2.17.jar
[INFO] Downloaded: https://repository.apache.org/content/repositories/releases/org/apache/maven/surefire/surefire-junit4/2.17/surefire-junit4-2.17.jar (64 kB at 91 kB/s)

-------------------------------------------------------
 T E S T S
-------------------------------------------------------

-------------------------------------------------------
 T E S T S
-------------------------------------------------------
Picked up JAVA_TOOL_OPTIONS: -XX:CICompilerCount=2 -XX:ParallelGCThreads=2 -XX:ConcGCThreads=2 -Djdk.net.URLClassPath.disableClassPathURLCheck=true -XX:CICompilerCount=2 -XX:ParallelGCThreads=2 -XX:ConcGCThreads=2 -Djdk.net.URLClassPath.disableClassPathURLCheck=true 
Picked up _JAVA_OPTIONS: -Djdk.net.URLClassPath.disableClassPathURLCheck=true
Running org.apache.logging.log4j.core.appender.db.jdbc.JdbcHyperSqlAppenderTest
Starting a performance test for JDBC Appender for hsqldb.
Wrote 1,000 log events in 1752973545 nanoseconds (1752 milliseconds) for hsqldb.
log4j:WARN No appenders could be found for logger (org.mockejb.jndi.MockContext).
log4j:WARN Please initialize the log4j system properly.
log4j:WARN See http://logging.apache.org/log4j/1.2/faq.html#noconfig for more info.
Tests run: 3, Failures: 0, Errors: 0, Skipped: 0, Time elapsed: 3.806 sec - in org.apache.logging.log4j.core.appender.db.jdbc.JdbcHyperSqlAppenderTest
Picked up JAVA_TOOL_OPTIONS: -XX:CICompilerCount=2 -XX:ParallelGCThreads=2 -XX:ConcGCThreads=2 -Djdk.net.URLClassPath.disableClassPathURLCheck=true -XX:CICompilerCount=2 -XX:ParallelGCThreads=2 -XX:ConcGCThreads=2 -Djdk.net.URLClassPath.disableClassPathURLCheck=true 
Picked up _JAVA_OPTIONS: -Djdk.net.URLClassPath.disableClassPathURLCheck=true
Running org.apache.logging.log4j.core.appender.db.jdbc.DataSourceConnectionSourceTest
log4j:WARN No appenders could be found for logger (org.mockejb.jndi.MockContext).
log4j:WARN Please initialize the log4j system properly.
log4j:WARN See http://logging.apache.org/log4j/1.2/faq.html#noconfig for more info.
Tests run: 8, Failures: 0, Errors: 0, Skipped: 0, Time elapsed: 0.948 sec - in org.apache.logging.log4j.core.appender.db.jdbc.DataSourceConnectionSourceTest
Picked up JAVA_TOOL_OPTIONS: -XX:CICompilerCount=2 -XX:ParallelGCThreads=2 -XX:ConcGCThreads=2 -Djdk.net.URLClassPath.disableClassPathURLCheck=true -XX:CICompilerCount=2 -XX:ParallelGCThreads=2 -XX:ConcGCThreads=2 -Djdk.net.URLClassPath.disableClassPathURLCheck=true 
Picked up _JAVA_OPTIONS: -Djdk.net.URLClassPath.disableClassPathURLCheck=true
Running org.apache.logging.log4j.core.appender.db.jdbc.FactoryMethodConnectionSourceTest
Tests run: 7, Failures: 0, Errors: 0, Skipped: 0, Time elapsed: 0.65 sec - in org.apache.logging.log4j.core.appender.db.jdbc.FactoryMethodConnectionSourceTest
Picked up JAVA_TOOL_OPTIONS: -XX:CICompilerCount=2 -XX:ParallelGCThreads=2 -XX:ConcGCThreads=2 -Djdk.net.URLClassPath.disableClassPathURLCheck=true -XX:CICompilerCount=2 -XX:ParallelGCThreads=2 -XX:ConcGCThreads=2 -Djdk.net.URLClassPath.disableClassPathURLCheck=true 
Picked up _JAVA_OPTIONS: -Djdk.net.URLClassPath.disableClassPathURLCheck=true
Running org.apache.logging.log4j.core.appender.db.jdbc.ColumnConfigTest
ERROR StatusLogger The pattern, literal, and isEventTimestamp attributes are mutually exclusive.
ERROR StatusLogger The pattern, literal, and isEventTimestamp attributes are mutually exclusive.
ERROR StatusLogger The column config is not valid because it does not contain a column name.
ERROR StatusLogger The pattern, literal, and isEventTimestamp attributes are mutually exclusive.
ERROR StatusLogger To configure a column you must specify a pattern or literal or set isEventDate to true.
ERROR StatusLogger To configure a column you must specify a pattern or literal or set isEventDate to true.
ERROR StatusLogger To configure a column you must specify a pattern or literal or set isEventDate to true.
Tests run: 14, Failures: 0, Errors: 0, Skipped: 0, Time elapsed: 0.285 sec - in org.apache.logging.log4j.core.appender.db.jdbc.ColumnConfigTest
Picked up JAVA_TOOL_OPTIONS: -XX:CICompilerCount=2 -XX:ParallelGCThreads=2 -XX:ConcGCThreads=2 -Djdk.net.URLClassPath.disableClassPathURLCheck=true -XX:CICompilerCount=2 -XX:ParallelGCThreads=2 -XX:ConcGCThreads=2 -Djdk.net.URLClassPath.disableClassPathURLCheck=true 
Picked up _JAVA_OPTIONS: -Djdk.net.URLClassPath.disableClassPathURLCheck=true
Running org.apache.logging.log4j.core.appender.db.jdbc.JdbcH2AppenderTest
Starting a performance test for JDBC Appender for h2.
Wrote 1,000 log events in 736182562 nanoseconds (736 milliseconds) for h2.
log4j:WARN No appenders could be found for logger (org.mockejb.jndi.MockContext).
log4j:WARN Please initialize the log4j system properly.
log4j:WARN See http://logging.apache.org/log4j/1.2/faq.html#noconfig for more info.
Tests run: 3, Failures: 0, Errors: 0, Skipped: 0, Time elapsed: 1.995 sec - in org.apache.logging.log4j.core.appender.db.jdbc.JdbcH2AppenderTest
Picked up JAVA_TOOL_OPTIONS: -XX:CICompilerCount=2 -XX:ParallelGCThreads=2 -XX:ConcGCThreads=2 -Djdk.net.URLClassPath.disableClassPathURLCheck=true -XX:CICompilerCount=2 -XX:ParallelGCThreads=2 -XX:ConcGCThreads=2 -Djdk.net.URLClassPath.disableClassPathURLCheck=true 
Picked up _JAVA_OPTIONS: -Djdk.net.URLClassPath.disableClassPathURLCheck=true
Running org.apache.logging.log4j.core.appender.db.jpa.converter.MarkerAttributeConverterTest
Tests run: 4, Failures: 0, Errors: 0, Skipped: 0, Time elapsed: 0.088 sec - in org.apache.logging.log4j.core.appender.db.jpa.converter.MarkerAttributeConverterTest
Picked up JAVA_TOOL_OPTIONS: -XX:CICompilerCount=2 -XX:ParallelGCThreads=2 -XX:ConcGCThreads=2 -Djdk.net.URLClassPath.disableClassPathURLCheck=true -XX:CICompilerCount=2 -XX:ParallelGCThreads=2 -XX:ConcGCThreads=2 -Djdk.net.URLClassPath.disableClassPathURLCheck=true 
Picked up _JAVA_OPTIONS: -Djdk.net.URLClassPath.disableClassPathURLCheck=true
Running org.apache.logging.log4j.core.appender.db.jpa.converter.ThrowableAttributeConverterTest
Tests run: 4, Failures: 0, Errors: 0, Skipped: 0, Time elapsed: 0.143 sec - in org.apache.logging.log4j.core.appender.db.jpa.converter.ThrowableAttributeConverterTest
Picked up JAVA_TOOL_OPTIONS: -XX:CICompilerCount=2 -XX:ParallelGCThreads=2 -XX:ConcGCThreads=2 -Djdk.net.URLClassPath.disableClassPathURLCheck=true -XX:CICompilerCount=2 -XX:ParallelGCThreads=2 -XX:ConcGCThreads=2 -Djdk.net.URLClassPath.disableClassPathURLCheck=true 
Picked up _JAVA_OPTIONS: -Djdk.net.URLClassPath.disableClassPathURLCheck=true
Running org.apache.logging.log4j.core.appender.db.jpa.converter.ContextMapAttributeConverterTest
Tests run: 4, Failures: 0, Errors: 0, Skipped: 0, Time elapsed: 0.089 sec - in org.apache.logging.log4j.core.appender.db.jpa.converter.ContextMapAttributeConverterTest
Picked up JAVA_TOOL_OPTIONS: -XX:CICompilerCount=2 -XX:ParallelGCThreads=2 -XX:ConcGCThreads=2 -Djdk.net.URLClassPath.disableClassPathURLCheck=true -XX:CICompilerCount=2 -XX:ParallelGCThreads=2 -XX:ConcGCThreads=2 -Djdk.net.URLClassPath.disableClassPathURLCheck=true 
Picked up _JAVA_OPTIONS: -Djdk.net.URLClassPath.disableClassPathURLCheck=true
Running org.apache.logging.log4j.core.appender.db.jpa.converter.StackTraceElementAttributeConverterTest
Tests run: 6, Failures: 0, Errors: 0, Skipped: 0, Time elapsed: 0.086 sec - in org.apache.logging.log4j.core.appender.db.jpa.converter.StackTraceElementAttributeConverterTest
Picked up JAVA_TOOL_OPTIONS: -XX:CICompilerCount=2 -XX:ParallelGCThreads=2 -XX:ConcGCThreads=2 -Djdk.net.URLClassPath.disableClassPathURLCheck=true -XX:CICompilerCount=2 -XX:ParallelGCThreads=2 -XX:ConcGCThreads=2 -Djdk.net.URLClassPath.disableClassPathURLCheck=true 
Picked up _JAVA_OPTIONS: -Djdk.net.URLClassPath.disableClassPathURLCheck=true
Running org.apache.logging.log4j.core.appender.db.jpa.converter.MessageAttributeConverterTest
Tests run: 3, Failures: 0, Errors: 0, Skipped: 0, Time elapsed: 0.121 sec - in org.apache.logging.log4j.core.appender.db.jpa.converter.MessageAttributeConverterTest
Picked up JAVA_TOOL_OPTIONS: -XX:CICompilerCount=2 -XX:ParallelGCThreads=2 -XX:ConcGCThreads=2 -Djdk.net.URLClassPath.disableClassPathURLCheck=true -XX:CICompilerCount=2 -XX:ParallelGCThreads=2 -XX:ConcGCThreads=2 -Djdk.net.URLClassPath.disableClassPathURLCheck=true 
Picked up _JAVA_OPTIONS: -Djdk.net.URLClassPath.disableClassPathURLCheck=true
Running org.apache.logging.log4j.core.appender.db.jpa.converter.ContextStackAttributeConverterTest
Tests run: 4, Failures: 0, Errors: 0, Skipped: 0, Time elapsed: 0.093 sec - in org.apache.logging.log4j.core.appender.db.jpa.converter.ContextStackAttributeConverterTest
Picked up JAVA_TOOL_OPTIONS: -XX:CICompilerCount=2 -XX:ParallelGCThreads=2 -XX:ConcGCThreads=2 -Djdk.net.URLClassPath.disableClassPathURLCheck=true -XX:CICompilerCount=2 -XX:ParallelGCThreads=2 -XX:ConcGCThreads=2 -Djdk.net.URLClassPath.disableClassPathURLCheck=true 
Picked up _JAVA_OPTIONS: -Djdk.net.URLClassPath.disableClassPathURLCheck=true
Running org.apache.logging.log4j.core.appender.db.jpa.converter.ContextStackJsonAttributeConverterTest
Tests run: 4, Failures: 0, Errors: 0, Skipped: 0, Time elapsed: 0.451 sec - in org.apache.logging.log4j.core.appender.db.jpa.converter.ContextStackJsonAttributeConverterTest
Picked up JAVA_TOOL_OPTIONS: -XX:CICompilerCount=2 -XX:ParallelGCThreads=2 -XX:ConcGCThreads=2 -Djdk.net.URLClassPath.disableClassPathURLCheck=true -XX:CICompilerCount=2 -XX:ParallelGCThreads=2 -XX:ConcGCThreads=2 -Djdk.net.URLClassPath.disableClassPathURLCheck=true 
Picked up _JAVA_OPTIONS: -Djdk.net.URLClassPath.disableClassPathURLCheck=true
Running org.apache.logging.log4j.core.appender.db.jpa.converter.ContextMapJsonAttributeConverterTest
Tests run: 4, Failures: 0, Errors: 0, Skipped: 0, Time elapsed: 0.399 sec - in org.apache.logging.log4j.core.appender.db.jpa.converter.ContextMapJsonAttributeConverterTest
Picked up JAVA_TOOL_OPTIONS: -XX:CICompilerCount=2 -XX:ParallelGCThreads=2 -XX:ConcGCThreads=2 -Djdk.net.URLClassPath.disableClassPathURLCheck=true -XX:CICompilerCount=2 -XX:ParallelGCThreads=2 -XX:ConcGCThreads=2 -Djdk.net.URLClassPath.disableClassPathURLCheck=true 
Picked up _JAVA_OPTIONS: -Djdk.net.URLClassPath.disableClassPathURLCheck=true
Running org.apache.logging.log4j.core.appender.db.jpa.JpaH2AppenderTest
[EL Info]: 2020-03-11 17:59:50.556--ServerSession(1581927429)--EclipseLink, version: Eclipse Persistence Services - 2.5.1.v20130918-f2b9fc5
[EL Info]: connection: 2020-03-11 17:59:50.694--ServerSession(1581927429)--file:/boom/scratch/tmp-rta/Bugs.jar_Logging-Log4J2_a5a1f1a2_java-7/log4j-core/target/test-classes/_h2JpaAppenderTestUnit login successful
[EL Info]: connection: 2020-03-11 17:59:50.8--ServerSession(1581927429)--file:/boom/scratch/tmp-rta/Bugs.jar_Logging-Log4J2_a5a1f1a2_java-7/log4j-core/target/test-classes/_h2JpaAppenderTestUnit logout successful
[EL Info]: 2020-03-11 17:59:51.039--ServerSession(1065192364)--EclipseLink, version: Eclipse Persistence Services - 2.5.1.v20130918-f2b9fc5
[EL Info]: connection: 2020-03-11 17:59:51.044--ServerSession(1065192364)--file:/boom/scratch/tmp-rta/Bugs.jar_Logging-Log4J2_a5a1f1a2_java-7/log4j-core/target/test-classes/_h2JpaAppenderTestUnit login successful
Starting a performance test for JPA Appender for h2.
Wrote 10,000 log events in 6034258908 nanoseconds (6034 milliseconds) for h2.
[EL Info]: connection: 2020-03-11 17:59:57.191--ServerSession(1065192364)--file:/boom/scratch/tmp-rta/Bugs.jar_Logging-Log4J2_a5a1f1a2_java-7/log4j-core/target/test-classes/_h2JpaAppenderTestUnit logout successful
[EL Info]: 2020-03-11 17:59:57.937--ServerSession(88777270)--EclipseLink, version: Eclipse Persistence Services - 2.5.1.v20130918-f2b9fc5
[EL Info]: connection: 2020-03-11 17:59:57.942--ServerSession(88777270)--file:/boom/scratch/tmp-rta/Bugs.jar_Logging-Log4J2_a5a1f1a2_java-7/log4j-core/target/test-classes/_h2JpaAppenderTestUnit login successful
[EL Info]: connection: 2020-03-11 17:59:57.952--ServerSession(88777270)--file:/boom/scratch/tmp-rta/Bugs.jar_Logging-Log4J2_a5a1f1a2_java-7/log4j-core/target/test-classes/_h2JpaAppenderTestUnit logout successful
Tests run: 3, Failures: 0, Errors: 0, Skipped: 0, Time elapsed: 10.309 sec - in org.apache.logging.log4j.core.appender.db.jpa.JpaH2AppenderTest
Picked up JAVA_TOOL_OPTIONS: -XX:CICompilerCount=2 -XX:ParallelGCThreads=2 -XX:ConcGCThreads=2 -Djdk.net.URLClassPath.disableClassPathURLCheck=true -XX:CICompilerCount=2 -XX:ParallelGCThreads=2 -XX:ConcGCThreads=2 -Djdk.net.URLClassPath.disableClassPathURLCheck=true 
Picked up _JAVA_OPTIONS: -Djdk.net.URLClassPath.disableClassPathURLCheck=true
Running org.apache.logging.log4j.core.appender.db.jpa.JpaHyperSqlAppenderTest
ERROR StatusLogger Attributes entityClassName and persistenceUnitName are required for JPA Appender.
ERROR StatusLogger Entity class [org.apache.logging.log4j.core.appender.db.jpa.JpaHyperSqlAppenderTest$BadConstructorEntity1] does not have a no-arg constructor. The JPA provider will reject it.
ERROR StatusLogger Entity class [org.apache.logging.log4j.core.appender.db.jpa.JpaHyperSqlAppenderTest$BadConstructorEntity2] does not have a constructor with a single argument of type LogEvent.
ERROR StatusLogger Attributes entityClassName and persistenceUnitName are required for JPA Appender.
ERROR StatusLogger Could not load entity class [com.foo.Bar]. java.lang.ClassNotFoundException: com.foo.Bar
	at java.net.URLClassLoader$1.run(URLClassLoader.java:366)
	at java.net.URLClassLoader$1.run(URLClassLoader.java:355)
	at java.security.AccessController.doPrivileged(Native Method)
	at java.net.URLClassLoader.findClass(URLClassLoader.java:354)
	at java.lang.ClassLoader.loadClass(ClassLoader.java:425)
	at sun.misc.Launcher$AppClassLoader.loadClass(Launcher.java:308)
	at java.lang.ClassLoader.loadClass(ClassLoader.java:358)
	at java.lang.Class.forName0(Native Method)
	at java.lang.Class.forName(Class.java:195)
	at org.apache.logging.log4j.core.util.Loader.loadClassWithDefaultClassLoader(Loader.java:259)
	at org.apache.logging.log4j.core.util.Loader.loadClass(Loader.java:254)
	at org.apache.logging.log4j.core.appender.db.jpa.JPAAppender.createAppender(JPAAppender.java:87)
	at org.apache.logging.log4j.core.appender.db.jpa.JpaHyperSqlAppenderTest.testBadEntityClassName(JpaHyperSqlAppenderTest.java:78)
	at sun.reflect.NativeMethodAccessorImpl.invoke0(Native Method)
	at sun.reflect.NativeMethodAccessorImpl.invoke(NativeMethodAccessorImpl.java:57)
	at sun.reflect.DelegatingMethodAccessorImpl.invoke(DelegatingMethodAccessorImpl.java:43)
	at java.lang.reflect.Method.invoke(Method.java:606)
	at org.junit.runners.model.FrameworkMethod$1.runReflectiveCall(FrameworkMethod.java:47)
	at org.junit.internal.runners.model.ReflectiveCallable.run(ReflectiveCallable.java:12)
	at org.junit.runners.model.FrameworkMethod.invokeExplosively(FrameworkMethod.java:44)
	at org.junit.internal.runners.statements.InvokeMethod.evaluate(InvokeMethod.java:17)
	at org.junit.runners.ParentRunner.runLeaf(ParentRunner.java:271)
	at org.junit.runners.BlockJUnit4ClassRunner.runChild(BlockJUnit4ClassRunner.java:70)
	at org.junit.runners.BlockJUnit4ClassRunner.runChild(BlockJUnit4ClassRunner.java:50)
	at org.junit.runners.ParentRunner$3.run(ParentRunner.java:238)
	at org.junit.runners.ParentRunner$1.schedule(ParentRunner.java:63)
	at org.junit.runners.ParentRunner.runChildren(ParentRunner.java:236)
	at org.junit.runners.ParentRunner.access$000(ParentRunner.java:53)
	at org.junit.runners.ParentRunner$2.evaluate(ParentRunner.java:229)
	at org.junit.runners.ParentRunner.run(ParentRunner.java:309)
	at org.apache.maven.surefire.junit4.JUnit4Provider.execute(JUnit4Provider.java:264)
	at org.apache.maven.surefire.junit4.JUnit4Provider.executeTestSet(JUnit4Provider.java:153)
	at org.apache.maven.surefire.junit4.JUnit4Provider.invoke(JUnit4Provider.java:124)
	at org.apache.maven.surefire.booter.ForkedBooter.invokeProviderInSameClassLoader(ForkedBooter.java:200)
	at org.apache.maven.surefire.booter.ForkedBooter.runSuitesInProcess(ForkedBooter.java:153)
	at org.apache.maven.surefire.booter.ForkedBooter.main(ForkedBooter.java:103)

ERROR StatusLogger Entity class [java.lang.Object] does not extend AbstractLogEventWrapperEntity.
[EL Info]: 2020-03-11 18:00:01.481--ServerSession(1281547659)--EclipseLink, version: Eclipse Persistence Services - 2.5.1.v20130918-f2b9fc5
[EL Info]: connection: 2020-03-11 18:00:01.617--ServerSession(1281547659)--file:/boom/scratch/tmp-rta/Bugs.jar_Logging-Log4J2_a5a1f1a2_java-7/log4j-core/target/test-classes/_hyperSqlJpaAppenderTestUnit login successful
[EL Info]: connection: 2020-03-11 18:00:01.719--ServerSession(1281547659)--file:/boom/scratch/tmp-rta/Bugs.jar_Logging-Log4J2_a5a1f1a2_java-7/log4j-core/target/test-classes/_hyperSqlJpaAppenderTestUnit logout successful
[EL Info]: 2020-03-11 18:00:02.059--ServerSession(1624950131)--EclipseLink, version: Eclipse Persistence Services - 2.5.1.v20130918-f2b9fc5
[EL Info]: connection: 2020-03-11 18:00:02.063--ServerSession(1624950131)--file:/boom/scratch/tmp-rta/Bugs.jar_Logging-Log4J2_a5a1f1a2_java-7/log4j-core/target/test-classes/_hyperSqlJpaAppenderTestUnit login successful
Starting a performance test for JPA Appender for hsqldb.
Wrote 10,000 log events in 7478292367 nanoseconds (7478 milliseconds) for hsqldb.
[EL Info]: connection: 2020-03-11 18:00:09.728--ServerSession(1624950131)--file:/boom/scratch/tmp-rta/Bugs.jar_Logging-Log4J2_a5a1f1a2_java-7/log4j-core/target/test-classes/_hyperSqlJpaAppenderTestUnit logout successful
[EL Info]: 2020-03-11 18:00:10.525--ServerSession(1054159277)--EclipseLink, version: Eclipse Persistence Services - 2.5.1.v20130918-f2b9fc5
[EL Info]: connection: 2020-03-11 18:00:10.53--ServerSession(1054159277)--file:/boom/scratch/tmp-rta/Bugs.jar_Logging-Log4J2_a5a1f1a2_java-7/log4j-core/target/test-classes/_hyperSqlJpaAppenderTestUnit login successful
[EL Info]: connection: 2020-03-11 18:00:10.538--ServerSession(1054159277)--file:/boom/scratch/tmp-rta/Bugs.jar_Logging-Log4J2_a5a1f1a2_java-7/log4j-core/target/test-classes/_hyperSqlJpaAppenderTestUnit logout successful
Tests run: 9, Failures: 0, Errors: 0, Skipped: 0, Time elapsed: 12.134 sec - in org.apache.logging.log4j.core.appender.db.jpa.JpaHyperSqlAppenderTest
Picked up JAVA_TOOL_OPTIONS: -XX:CICompilerCount=2 -XX:ParallelGCThreads=2 -XX:ConcGCThreads=2 -Djdk.net.URLClassPath.disableClassPathURLCheck=true -XX:CICompilerCount=2 -XX:ParallelGCThreads=2 -XX:ConcGCThreads=2 -Djdk.net.URLClassPath.disableClassPathURLCheck=true 
Picked up _JAVA_OPTIONS: -Djdk.net.URLClassPath.disableClassPathURLCheck=true
Running org.apache.logging.log4j.core.appender.db.AbstractDatabaseAppenderTest
Tests run: 5, Failures: 0, Errors: 0, Skipped: 0, Time elapsed: 0.366 sec - in org.apache.logging.log4j.core.appender.db.AbstractDatabaseAppenderTest
Picked up JAVA_TOOL_OPTIONS: -XX:CICompilerCount=2 -XX:ParallelGCThreads=2 -XX:ConcGCThreads=2 -Djdk.net.URLClassPath.disableClassPathURLCheck=true -XX:CICompilerCount=2 -XX:ParallelGCThreads=2 -XX:ConcGCThreads=2 -Djdk.net.URLClassPath.disableClassPathURLCheck=true 
Picked up _JAVA_OPTIONS: -Djdk.net.URLClassPath.disableClassPathURLCheck=true
Running org.apache.logging.log4j.core.appender.db.AbstractDatabaseManagerTest
Tests run: 8, Failures: 0, Errors: 0, Skipped: 0, Time elapsed: 0.345 sec - in org.apache.logging.log4j.core.appender.db.AbstractDatabaseManagerTest
Picked up JAVA_TOOL_OPTIONS: -XX:CICompilerCount=2 -XX:ParallelGCThreads=2 -XX:ConcGCThreads=2 -Djdk.net.URLClassPath.disableClassPathURLCheck=true -XX:CICompilerCount=2 -XX:ParallelGCThreads=2 -XX:ConcGCThreads=2 -Djdk.net.URLClassPath.disableClassPathURLCheck=true 
Picked up _JAVA_OPTIONS: -Djdk.net.URLClassPath.disableClassPathURLCheck=true
Running org.apache.logging.log4j.core.appender.rolling.RollingAppenderTimeAndSizeTest
Tests run: 1, Failures: 0, Errors: 0, Skipped: 0, Time elapsed: 11.18 sec - in org.apache.logging.log4j.core.appender.rolling.RollingAppenderTimeAndSizeTest
Picked up JAVA_TOOL_OPTIONS: -XX:CICompilerCount=2 -XX:ParallelGCThreads=2 -XX:ConcGCThreads=2 -Djdk.net.URLClassPath.disableClassPathURLCheck=true -XX:CICompilerCount=2 -XX:ParallelGCThreads=2 -XX:ConcGCThreads=2 -Djdk.net.URLClassPath.disableClassPathURLCheck=true 
Picked up _JAVA_OPTIONS: -Djdk.net.URLClassPath.disableClassPathURLCheck=true
Running org.apache.logging.log4j.core.appender.rolling.RollingFileAppenderAccessTest
Tests run: 1, Failures: 0, Errors: 0, Skipped: 0, Time elapsed: 0.53 sec - in org.apache.logging.log4j.core.appender.rolling.RollingFileAppenderAccessTest
Picked up JAVA_TOOL_OPTIONS: -XX:CICompilerCount=2 -XX:ParallelGCThreads=2 -XX:ConcGCThreads=2 -Djdk.net.URLClassPath.disableClassPathURLCheck=true -XX:CICompilerCount=2 -XX:ParallelGCThreads=2 -XX:ConcGCThreads=2 -Djdk.net.URLClassPath.disableClassPathURLCheck=true 
Picked up _JAVA_OPTIONS: -Djdk.net.URLClassPath.disableClassPathURLCheck=true
Running org.apache.logging.log4j.core.appender.rolling.RollingAppenderSizeTest
Tests run: 2, Failures: 0, Errors: 0, Skipped: 0, Time elapsed: 7.393 sec - in org.apache.logging.log4j.core.appender.rolling.RollingAppenderSizeTest
Picked up JAVA_TOOL_OPTIONS: -XX:CICompilerCount=2 -XX:ParallelGCThreads=2 -XX:ConcGCThreads=2 -Djdk.net.URLClassPath.disableClassPathURLCheck=true -XX:CICompilerCount=2 -XX:ParallelGCThreads=2 -XX:ConcGCThreads=2 -Djdk.net.URLClassPath.disableClassPathURLCheck=true 
Picked up _JAVA_OPTIONS: -Djdk.net.URLClassPath.disableClassPathURLCheck=true
Running org.apache.logging.log4j.core.appender.rolling.RollingAppenderTimeTest
Tests run: 1, Failures: 1, Errors: 0, Skipped: 0, Time elapsed: 2.251 sec <<< FAILURE! - in org.apache.logging.log4j.core.appender.rolling.RollingAppenderTimeTest
testAppender(org.apache.logging.log4j.core.appender.rolling.RollingAppenderTimeTest)  Time elapsed: 1.517 sec  <<< FAILURE!
java.lang.AssertionError: No compressed files found
	at org.junit.Assert.fail(Assert.java:88)
	at org.junit.Assert.assertTrue(Assert.java:41)
	at org.apache.logging.log4j.core.appender.rolling.RollingAppenderTimeTest.testAppender(RollingAppenderTimeTest.java:76)

Picked up JAVA_TOOL_OPTIONS: -XX:CICompilerCount=2 -XX:ParallelGCThreads=2 -XX:ConcGCThreads=2 -Djdk.net.URLClassPath.disableClassPathURLCheck=true -XX:CICompilerCount=2 -XX:ParallelGCThreads=2 -XX:ConcGCThreads=2 -Djdk.net.URLClassPath.disableClassPathURLCheck=true 
Picked up _JAVA_OPTIONS: -Djdk.net.URLClassPath.disableClassPathURLCheck=true
Running org.apache.logging.log4j.core.appender.rolling.PatternProcessorTest
Tests run: 10, Failures: 0, Errors: 0, Skipped: 0, Time elapsed: 0.243 sec - in org.apache.logging.log4j.core.appender.rolling.PatternProcessorTest
Picked up JAVA_TOOL_OPTIONS: -XX:CICompilerCount=2 -XX:ParallelGCThreads=2 -XX:ConcGCThreads=2 -Djdk.net.URLClassPath.disableClassPathURLCheck=true -XX:CICompilerCount=2 -XX:ParallelGCThreads=2 -XX:ConcGCThreads=2 -Djdk.net.URLClassPath.disableClassPathURLCheck=true 
Picked up _JAVA_OPTIONS: -Djdk.net.URLClassPath.disableClassPathURLCheck=true
Running org.apache.logging.log4j.core.appender.rolling.RollingAppenderUncompressedTest
Tests run: 1, Failures: 0, Errors: 0, Skipped: 0, Time elapsed: 7.155 sec - in org.apache.logging.log4j.core.appender.rolling.RollingAppenderUncompressedTest
Picked up JAVA_TOOL_OPTIONS: -XX:CICompilerCount=2 -XX:ParallelGCThreads=2 -XX:ConcGCThreads=2 -Djdk.net.URLClassPath.disableClassPathURLCheck=true -XX:CICompilerCount=2 -XX:ParallelGCThreads=2 -XX:ConcGCThreads=2 -Djdk.net.URLClassPath.disableClassPathURLCheck=true 
Picked up _JAVA_OPTIONS: -Djdk.net.URLClassPath.disableClassPathURLCheck=true
Running org.apache.logging.log4j.core.appender.rolling.RollingRandomAccessFileManagerTest
Tests run: 6, Failures: 0, Errors: 0, Skipped: 0, Time elapsed: 0.239 sec - in org.apache.logging.log4j.core.appender.rolling.RollingRandomAccessFileManagerTest
Picked up JAVA_TOOL_OPTIONS: -XX:CICompilerCount=2 -XX:ParallelGCThreads=2 -XX:ConcGCThreads=2 -Djdk.net.URLClassPath.disableClassPathURLCheck=true -XX:CICompilerCount=2 -XX:ParallelGCThreads=2 -XX:ConcGCThreads=2 -Djdk.net.URLClassPath.disableClassPathURLCheck=true 
Picked up _JAVA_OPTIONS: -Djdk.net.URLClassPath.disableClassPathURLCheck=true
Running org.apache.logging.log4j.core.appender.rolling.OnStartupTriggeringPolicyTest
Tests run: 1, Failures: 0, Errors: 0, Skipped: 0, Time elapsed: 0.231 sec - in org.apache.logging.log4j.core.appender.rolling.OnStartupTriggeringPolicyTest
Picked up JAVA_TOOL_OPTIONS: -XX:CICompilerCount=2 -XX:ParallelGCThreads=2 -XX:ConcGCThreads=2 -Djdk.net.URLClassPath.disableClassPathURLCheck=true -XX:CICompilerCount=2 -XX:ParallelGCThreads=2 -XX:ConcGCThreads=2 -Djdk.net.URLClassPath.disableClassPathURLCheck=true 
Picked up _JAVA_OPTIONS: -Djdk.net.URLClassPath.disableClassPathURLCheck=true
Running org.apache.logging.log4j.core.appender.rolling.action.FileRenameActionTest
Tests run: 3, Failures: 0, Errors: 0, Skipped: 0, Time elapsed: 0.126 sec - in org.apache.logging.log4j.core.appender.rolling.action.FileRenameActionTest
Picked up JAVA_TOOL_OPTIONS: -XX:CICompilerCount=2 -XX:ParallelGCThreads=2 -XX:ConcGCThreads=2 -Djdk.net.URLClassPath.disableClassPathURLCheck=true -XX:CICompilerCount=2 -XX:ParallelGCThreads=2 -XX:ConcGCThreads=2 -Djdk.net.URLClassPath.disableClassPathURLCheck=true 
Picked up _JAVA_OPTIONS: -Djdk.net.URLClassPath.disableClassPathURLCheck=true
Running org.apache.logging.log4j.core.appender.routing.JSONRoutingAppenderTest
Tests run: 1, Failures: 0, Errors: 0, Skipped: 0, Time elapsed: 0.74 sec - in org.apache.logging.log4j.core.appender.routing.JSONRoutingAppenderTest
Picked up JAVA_TOOL_OPTIONS: -XX:CICompilerCount=2 -XX:ParallelGCThreads=2 -XX:ConcGCThreads=2 -Djdk.net.URLClassPath.disableClassPathURLCheck=true -XX:CICompilerCount=2 -XX:ParallelGCThreads=2 -XX:ConcGCThreads=2 -Djdk.net.URLClassPath.disableClassPathURLCheck=true 
Picked up _JAVA_OPTIONS: -Djdk.net.URLClassPath.disableClassPathURLCheck=true
Running org.apache.logging.log4j.core.appender.routing.RoutingAppenderTest
Tests run: 1, Failures: 0, Errors: 0, Skipped: 0, Time elapsed: 0.64 sec - in org.apache.logging.log4j.core.appender.routing.RoutingAppenderTest
Picked up JAVA_TOOL_OPTIONS: -XX:CICompilerCount=2 -XX:ParallelGCThreads=2 -XX:ConcGCThreads=2 -Djdk.net.URLClassPath.disableClassPathURLCheck=true -XX:CICompilerCount=2 -XX:ParallelGCThreads=2 -XX:ConcGCThreads=2 -Djdk.net.URLClassPath.disableClassPathURLCheck=true 
Picked up _JAVA_OPTIONS: -Djdk.net.URLClassPath.disableClassPathURLCheck=true
Running org.apache.logging.log4j.core.appender.routing.JSONRoutingAppender2Test
Tests run: 1, Failures: 0, Errors: 0, Skipped: 0, Time elapsed: 0.697 sec - in org.apache.logging.log4j.core.appender.routing.JSONRoutingAppender2Test
Picked up JAVA_TOOL_OPTIONS: -XX:CICompilerCount=2 -XX:ParallelGCThreads=2 -XX:ConcGCThreads=2 -Djdk.net.URLClassPath.disableClassPathURLCheck=true -XX:CICompilerCount=2 -XX:ParallelGCThreads=2 -XX:ConcGCThreads=2 -Djdk.net.URLClassPath.disableClassPathURLCheck=true 
Picked up _JAVA_OPTIONS: -Djdk.net.URLClassPath.disableClassPathURLCheck=true
Running org.apache.logging.log4j.core.appender.routing.RoutingDefaultAppenderTest
Tests run: 1, Failures: 0, Errors: 0, Skipped: 0, Time elapsed: 0.7 sec - in org.apache.logging.log4j.core.appender.routing.RoutingDefaultAppenderTest
Picked up JAVA_TOOL_OPTIONS: -XX:CICompilerCount=2 -XX:ParallelGCThreads=2 -XX:ConcGCThreads=2 -Djdk.net.URLClassPath.disableClassPathURLCheck=true -XX:CICompilerCount=2 -XX:ParallelGCThreads=2 -XX:ConcGCThreads=2 -Djdk.net.URLClassPath.disableClassPathURLCheck=true 
Picked up _JAVA_OPTIONS: -Djdk.net.URLClassPath.disableClassPathURLCheck=true
Running org.apache.logging.log4j.core.appender.routing.RoutingAppenderWithJndiTest
Context [Test ] This is a message from unknown context
log4j:WARN No appenders could be found for logger (org.mockejb.jndi.MockContext).
log4j:WARN Please initialize the log4j system properly.
log4j:WARN See http://logging.apache.org/log4j/1.2/faq.html#noconfig for more info.
Context [Test ] This is a message from Application1
Context [Test ] This is a message from Application2
Context [Test ] This is another message from Application2
Tests run: 1, Failures: 0, Errors: 0, Skipped: 0, Time elapsed: 0.858 sec - in org.apache.logging.log4j.core.appender.routing.RoutingAppenderWithJndiTest
Picked up JAVA_TOOL_OPTIONS: -XX:CICompilerCount=2 -XX:ParallelGCThreads=2 -XX:ConcGCThreads=2 -Djdk.net.URLClassPath.disableClassPathURLCheck=true -XX:CICompilerCount=2 -XX:ParallelGCThreads=2 -XX:ConcGCThreads=2 -Djdk.net.URLClassPath.disableClassPathURLCheck=true 
Picked up _JAVA_OPTIONS: -Djdk.net.URLClassPath.disableClassPathURLCheck=true
Running org.apache.logging.log4j.core.appender.XmlCompactFileAppenderTest
Tests run: 1, Failures: 0, Errors: 0, Skipped: 0, Time elapsed: 4.412 sec - in org.apache.logging.log4j.core.appender.XmlCompactFileAppenderTest
Picked up JAVA_TOOL_OPTIONS: -XX:CICompilerCount=2 -XX:ParallelGCThreads=2 -XX:ConcGCThreads=2 -Djdk.net.URLClassPath.disableClassPathURLCheck=true -XX:CICompilerCount=2 -XX:ParallelGCThreads=2 -XX:ConcGCThreads=2 -Djdk.net.URLClassPath.disableClassPathURLCheck=true 
Picked up _JAVA_OPTIONS: -Djdk.net.URLClassPath.disableClassPathURLCheck=true
Running org.apache.logging.log4j.core.appender.RandomAccessFileManagerTest
Tests run: 5, Failures: 0, Errors: 0, Skipped: 0, Time elapsed: 0.137 sec - in org.apache.logging.log4j.core.appender.RandomAccessFileManagerTest
Picked up JAVA_TOOL_OPTIONS: -XX:CICompilerCount=2 -XX:ParallelGCThreads=2 -XX:ConcGCThreads=2 -Djdk.net.URLClassPath.disableClassPathURLCheck=true -XX:CICompilerCount=2 -XX:ParallelGCThreads=2 -XX:ConcGCThreads=2 -Djdk.net.URLClassPath.disableClassPathURLCheck=true 
Picked up _JAVA_OPTIONS: -Djdk.net.URLClassPath.disableClassPathURLCheck=true
Running org.apache.logging.log4j.core.appender.rewrite.RewriteAppenderTest
Tests run: 3, Failures: 0, Errors: 0, Skipped: 0, Time elapsed: 0.725 sec - in org.apache.logging.log4j.core.appender.rewrite.RewriteAppenderTest
Picked up JAVA_TOOL_OPTIONS: -XX:CICompilerCount=2 -XX:ParallelGCThreads=2 -XX:ConcGCThreads=2 -Djdk.net.URLClassPath.disableClassPathURLCheck=true -XX:CICompilerCount=2 -XX:ParallelGCThreads=2 -XX:ConcGCThreads=2 -Djdk.net.URLClassPath.disableClassPathURLCheck=true 
Picked up _JAVA_OPTIONS: -Djdk.net.URLClassPath.disableClassPathURLCheck=true
Running org.apache.logging.log4j.core.appender.rewrite.MapRewritePolicyTest
Tests run: 3, Failures: 0, Errors: 0, Skipped: 0, Time elapsed: 0.168 sec - in org.apache.logging.log4j.core.appender.rewrite.MapRewritePolicyTest
Picked up JAVA_TOOL_OPTIONS: -XX:CICompilerCount=2 -XX:ParallelGCThreads=2 -XX:ConcGCThreads=2 -Djdk.net.URLClassPath.disableClassPathURLCheck=true -XX:CICompilerCount=2 -XX:ParallelGCThreads=2 -XX:ConcGCThreads=2 -Djdk.net.URLClassPath.disableClassPathURLCheck=true 
Picked up _JAVA_OPTIONS: -Djdk.net.URLClassPath.disableClassPathURLCheck=true
Running org.apache.logging.log4j.core.appender.XmlCompactFileAppenderValidationTest
Tests run: 1, Failures: 0, Errors: 0, Skipped: 1, Time elapsed: 0.035 sec - in org.apache.logging.log4j.core.appender.XmlCompactFileAppenderValidationTest
Picked up JAVA_TOOL_OPTIONS: -XX:CICompilerCount=2 -XX:ParallelGCThreads=2 -XX:ConcGCThreads=2 -Djdk.net.URLClassPath.disableClassPathURLCheck=true -XX:CICompilerCount=2 -XX:ParallelGCThreads=2 -XX:ConcGCThreads=2 -Djdk.net.URLClassPath.disableClassPathURLCheck=true 
Picked up _JAVA_OPTIONS: -Djdk.net.URLClassPath.disableClassPathURLCheck=true
Running org.apache.logging.log4j.core.appender.ConsoleAppenderTest
Tests run: 1, Failures: 0, Errors: 0, Skipped: 0, Time elapsed: 0.236 sec - in org.apache.logging.log4j.core.appender.ConsoleAppenderTest
Picked up JAVA_TOOL_OPTIONS: -XX:CICompilerCount=2 -XX:ParallelGCThreads=2 -XX:ConcGCThreads=2 -Djdk.net.URLClassPath.disableClassPathURLCheck=true -XX:CICompilerCount=2 -XX:ParallelGCThreads=2 -XX:ConcGCThreads=2 -Djdk.net.URLClassPath.disableClassPathURLCheck=true 
Picked up _JAVA_OPTIONS: -Djdk.net.URLClassPath.disableClassPathURLCheck=true
Running org.apache.logging.log4j.core.appender.OutputStreamAppenderTest
Tests run: 1, Failures: 0, Errors: 0, Skipped: 0, Time elapsed: 0.258 sec - in org.apache.logging.log4j.core.appender.OutputStreamAppenderTest
Picked up JAVA_TOOL_OPTIONS: -XX:CICompilerCount=2 -XX:ParallelGCThreads=2 -XX:ConcGCThreads=2 -Djdk.net.URLClassPath.disableClassPathURLCheck=true -XX:CICompilerCount=2 -XX:ParallelGCThreads=2 -XX:ConcGCThreads=2 -Djdk.net.URLClassPath.disableClassPathURLCheck=true 
Picked up _JAVA_OPTIONS: -Djdk.net.URLClassPath.disableClassPathURLCheck=true
Running org.apache.logging.log4j.core.appender.AsyncAppenderNoLocationTest
Tests run: 1, Failures: 0, Errors: 0, Skipped: 0, Time elapsed: 0.672 sec - in org.apache.logging.log4j.core.appender.AsyncAppenderNoLocationTest
Picked up JAVA_TOOL_OPTIONS: -XX:CICompilerCount=2 -XX:ParallelGCThreads=2 -XX:ConcGCThreads=2 -Djdk.net.URLClassPath.disableClassPathURLCheck=true -XX:CICompilerCount=2 -XX:ParallelGCThreads=2 -XX:ConcGCThreads=2 -Djdk.net.URLClassPath.disableClassPathURLCheck=true 
Picked up _JAVA_OPTIONS: -Djdk.net.URLClassPath.disableClassPathURLCheck=true
Running org.apache.logging.log4j.core.appender.FailoverAppenderTest
Tests run: 2, Failures: 0, Errors: 0, Skipped: 0, Time elapsed: 1.742 sec - in org.apache.logging.log4j.core.appender.FailoverAppenderTest
Picked up JAVA_TOOL_OPTIONS: -XX:CICompilerCount=2 -XX:ParallelGCThreads=2 -XX:ConcGCThreads=2 -Djdk.net.URLClassPath.disableClassPathURLCheck=true -XX:CICompilerCount=2 -XX:ParallelGCThreads=2 -XX:ConcGCThreads=2 -Djdk.net.URLClassPath.disableClassPathURLCheck=true 
Picked up _JAVA_OPTIONS: -Djdk.net.URLClassPath.disableClassPathURLCheck=true
Running org.apache.logging.log4j.core.appender.XmlRandomAccessFileAppenderTest
Tests run: 1, Failures: 0, Errors: 0, Skipped: 1, Time elapsed: 0.083 sec - in org.apache.logging.log4j.core.appender.XmlRandomAccessFileAppenderTest
Picked up JAVA_TOOL_OPTIONS: -XX:CICompilerCount=2 -XX:ParallelGCThreads=2 -XX:ConcGCThreads=2 -Djdk.net.URLClassPath.disableClassPathURLCheck=true -XX:CICompilerCount=2 -XX:ParallelGCThreads=2 -XX:ConcGCThreads=2 -Djdk.net.URLClassPath.disableClassPathURLCheck=true 
Picked up _JAVA_OPTIONS: -Djdk.net.URLClassPath.disableClassPathURLCheck=true
Running org.apache.logging.log4j.core.appender.TLSSyslogAppenderTest
Tests run: 9, Failures: 0, Errors: 0, Skipped: 0, Time elapsed: 3.481 sec - in org.apache.logging.log4j.core.appender.TLSSyslogAppenderTest
Picked up JAVA_TOOL_OPTIONS: -XX:CICompilerCount=2 -XX:ParallelGCThreads=2 -XX:ConcGCThreads=2 -Djdk.net.URLClassPath.disableClassPathURLCheck=true -XX:CICompilerCount=2 -XX:ParallelGCThreads=2 -XX:ConcGCThreads=2 -Djdk.net.URLClassPath.disableClassPathURLCheck=true 
Picked up _JAVA_OPTIONS: -Djdk.net.URLClassPath.disableClassPathURLCheck=true
Running org.apache.logging.log4j.core.appender.SyslogAppenderTest
Tests run: 5, Failures: 0, Errors: 0, Skipped: 0, Time elapsed: 0.772 sec - in org.apache.logging.log4j.core.appender.SyslogAppenderTest
Picked up JAVA_TOOL_OPTIONS: -XX:CICompilerCount=2 -XX:ParallelGCThreads=2 -XX:ConcGCThreads=2 -Djdk.net.URLClassPath.disableClassPathURLCheck=true -XX:CICompilerCount=2 -XX:ParallelGCThreads=2 -XX:ConcGCThreads=2 -Djdk.net.URLClassPath.disableClassPathURLCheck=true 
Picked up _JAVA_OPTIONS: -Djdk.net.URLClassPath.disableClassPathURLCheck=true
Running org.apache.logging.log4j.core.appender.XmlCompactFileAsyncAppenderValidationTest
Tests run: 1, Failures: 0, Errors: 0, Skipped: 1, Time elapsed: 0.035 sec - in org.apache.logging.log4j.core.appender.XmlCompactFileAsyncAppenderValidationTest
Picked up JAVA_TOOL_OPTIONS: -XX:CICompilerCount=2 -XX:ParallelGCThreads=2 -XX:ConcGCThreads=2 -Djdk.net.URLClassPath.disableClassPathURLCheck=true -XX:CICompilerCount=2 -XX:ParallelGCThreads=2 -XX:ConcGCThreads=2 -Djdk.net.URLClassPath.disableClassPathURLCheck=true 
Picked up _JAVA_OPTIONS: -Djdk.net.URLClassPath.disableClassPathURLCheck=true
Running org.apache.logging.log4j.core.appender.FileAppenderTest
Tests run: 6, Failures: 0, Errors: 0, Skipped: 1, Time elapsed: 4.305 sec - in org.apache.logging.log4j.core.appender.FileAppenderTest
Picked up JAVA_TOOL_OPTIONS: -XX:CICompilerCount=2 -XX:ParallelGCThreads=2 -XX:ConcGCThreads=2 -Djdk.net.URLClassPath.disableClassPathURLCheck=true -XX:CICompilerCount=2 -XX:ParallelGCThreads=2 -XX:ConcGCThreads=2 -Djdk.net.URLClassPath.disableClassPathURLCheck=true 
Picked up _JAVA_OPTIONS: -Djdk.net.URLClassPath.disableClassPathURLCheck=true
Running org.apache.logging.log4j.core.appender.XmlFileAppenderTest
Tests run: 1, Failures: 0, Errors: 0, Skipped: 0, Time elapsed: 1.736 sec - in org.apache.logging.log4j.core.appender.XmlFileAppenderTest
Picked up JAVA_TOOL_OPTIONS: -XX:CICompilerCount=2 -XX:ParallelGCThreads=2 -XX:ConcGCThreads=2 -Djdk.net.URLClassPath.disableClassPathURLCheck=true -XX:CICompilerCount=2 -XX:ParallelGCThreads=2 -XX:ConcGCThreads=2 -Djdk.net.URLClassPath.disableClassPathURLCheck=true 
Picked up _JAVA_OPTIONS: -Djdk.net.URLClassPath.disableClassPathURLCheck=true
Running org.apache.logging.log4j.core.appender.AsyncAppenderTest
Tests run: 2, Failures: 0, Errors: 0, Skipped: 0, Time elapsed: 0.883 sec - in org.apache.logging.log4j.core.appender.AsyncAppenderTest
Picked up JAVA_TOOL_OPTIONS: -XX:CICompilerCount=2 -XX:ParallelGCThreads=2 -XX:ConcGCThreads=2 -Djdk.net.URLClassPath.disableClassPathURLCheck=true -XX:CICompilerCount=2 -XX:ParallelGCThreads=2 -XX:ConcGCThreads=2 -Djdk.net.URLClassPath.disableClassPathURLCheck=true 
Picked up _JAVA_OPTIONS: -Djdk.net.URLClassPath.disableClassPathURLCheck=true
Running org.apache.logging.log4j.core.appender.SMTPAppenderTest
Tests run: 6, Failures: 0, Errors: 0, Skipped: 0, Time elapsed: 0.699 sec - in org.apache.logging.log4j.core.appender.SMTPAppenderTest
Picked up JAVA_TOOL_OPTIONS: -XX:CICompilerCount=2 -XX:ParallelGCThreads=2 -XX:ConcGCThreads=2 -Djdk.net.URLClassPath.disableClassPathURLCheck=true -XX:CICompilerCount=2 -XX:ParallelGCThreads=2 -XX:ConcGCThreads=2 -Djdk.net.URLClassPath.disableClassPathURLCheck=true 
Picked up _JAVA_OPTIONS: -Djdk.net.URLClassPath.disableClassPathURLCheck=true
Running org.apache.logging.log4j.core.appender.XmlCompleteFileAppenderTest
Tests run: 1, Failures: 0, Errors: 0, Skipped: 0, Time elapsed: 1.035 sec - in org.apache.logging.log4j.core.appender.XmlCompleteFileAppenderTest
Picked up JAVA_TOOL_OPTIONS: -XX:CICompilerCount=2 -XX:ParallelGCThreads=2 -XX:ConcGCThreads=2 -Djdk.net.URLClassPath.disableClassPathURLCheck=true -XX:CICompilerCount=2 -XX:ParallelGCThreads=2 -XX:ConcGCThreads=2 -Djdk.net.URLClassPath.disableClassPathURLCheck=true 
Picked up _JAVA_OPTIONS: -Djdk.net.URLClassPath.disableClassPathURLCheck=true
Running org.apache.logging.log4j.core.appender.SocketAppenderTest
ERROR StatusLogger TCPSocketManager (TCP:localhost:8300) java.net.ConnectException: Connection refused
ERROR StatusLogger TCPSocketManager (TCP:localhost:8301) java.net.ConnectException: Connection refused
ERROR StatusLogger Unable to write to stream TCP:localhost:8301 for appender Test
ERROR StatusLogger An exception occurred processing Appender Test org.apache.logging.log4j.core.appender.AppenderLoggingException: Error writing to TCP:localhost:8301 socket not available
	at org.apache.logging.log4j.core.net.TCPSocketManager.write(TCPSocketManager.java:120)
	at org.apache.logging.log4j.core.appender.OutputStreamManager.write(OutputStreamManager.java:127)
	at org.apache.logging.log4j.core.appender.AbstractOutputStreamAppender.append(AbstractOutputStreamAppender.java:120)
	at org.apache.logging.log4j.core.config.AppenderControl.callAppender(AppenderControl.java:97)
	at org.apache.logging.log4j.core.config.LoggerConfig.callAppenders(LoggerConfig.java:429)
	at org.apache.logging.log4j.core.config.LoggerConfig.log(LoggerConfig.java:408)
	at org.apache.logging.log4j.core.config.LoggerConfig.log(LoggerConfig.java:368)
	at org.apache.logging.log4j.core.Logger.logMessage(Logger.java:103)
	at org.apache.logging.log4j.spi.AbstractLoggerProvider.logMessage(AbstractLoggerProvider.java:1336)
	at org.apache.logging.log4j.spi.AbstractLoggerProvider.logIfEnabled(AbstractLoggerProvider.java:1325)
	at org.apache.logging.log4j.spi.AbstractLoggerProvider.debug(AbstractLoggerProvider.java:319)
	at org.apache.logging.log4j.core.appender.SocketAppenderTest.testTcpAppenderNoWait(SocketAppenderTest.java:184)
	at sun.reflect.NativeMethodAccessorImpl.invoke0(Native Method)
	at sun.reflect.NativeMethodAccessorImpl.invoke(NativeMethodAccessorImpl.java:57)
	at sun.reflect.DelegatingMethodAccessorImpl.invoke(DelegatingMethodAccessorImpl.java:43)
	at java.lang.reflect.Method.invoke(Method.java:606)
	at org.junit.runners.model.FrameworkMethod$1.runReflectiveCall(FrameworkMethod.java:47)
	at org.junit.internal.runners.model.ReflectiveCallable.run(ReflectiveCallable.java:12)
	at org.junit.runners.model.FrameworkMethod.invokeExplosively(FrameworkMethod.java:44)
	at org.junit.internal.runners.statements.InvokeMethod.evaluate(InvokeMethod.java:17)
	at org.junit.internal.runners.statements.RunAfters.evaluate(RunAfters.java:27)
	at org.junit.runners.ParentRunner.runLeaf(ParentRunner.java:271)
	at org.junit.runners.BlockJUnit4ClassRunner.runChild(BlockJUnit4ClassRunner.java:70)
	at org.junit.runners.BlockJUnit4ClassRunner.runChild(BlockJUnit4ClassRunner.java:50)
	at org.junit.runners.ParentRunner$3.run(ParentRunner.java:238)
	at org.junit.runners.ParentRunner$1.schedule(ParentRunner.java:63)
	at org.junit.runners.ParentRunner.runChildren(ParentRunner.java:236)
	at org.junit.runners.ParentRunner.access$000(ParentRunner.java:53)
	at org.junit.runners.ParentRunner$2.evaluate(ParentRunner.java:229)
	at org.junit.internal.runners.statements.RunBefores.evaluate(RunBefores.java:26)
	at org.junit.internal.runners.statements.RunAfters.evaluate(RunAfters.java:27)
	at org.junit.runners.ParentRunner.run(ParentRunner.java:309)
	at org.apache.maven.surefire.junit4.JUnit4Provider.execute(JUnit4Provider.java:264)
	at org.apache.maven.surefire.junit4.JUnit4Provider.executeTestSet(JUnit4Provider.java:153)
	at org.apache.maven.surefire.junit4.JUnit4Provider.invoke(JUnit4Provider.java:124)
	at org.apache.maven.surefire.booter.ForkedBooter.invokeProviderInSameClassLoader(ForkedBooter.java:200)
	at org.apache.maven.surefire.booter.ForkedBooter.runSuitesInProcess(ForkedBooter.java:153)
	at org.apache.maven.surefire.booter.ForkedBooter.main(ForkedBooter.java:103)

Tests run: 5, Failures: 0, Errors: 0, Skipped: 0, Time elapsed: 0.944 sec - in org.apache.logging.log4j.core.appender.SocketAppenderTest
Picked up JAVA_TOOL_OPTIONS: -XX:CICompilerCount=2 -XX:ParallelGCThreads=2 -XX:ConcGCThreads=2 -Djdk.net.URLClassPath.disableClassPathURLCheck=true -XX:CICompilerCount=2 -XX:ParallelGCThreads=2 -XX:ConcGCThreads=2 -Djdk.net.URLClassPath.disableClassPathURLCheck=true 
Picked up _JAVA_OPTIONS: -Djdk.net.URLClassPath.disableClassPathURLCheck=true
Running org.apache.logging.log4j.core.appender.JSONCompleteFileAppenderTest
Tests run: 1, Failures: 0, Errors: 0, Skipped: 0, Time elapsed: 0.905 sec - in org.apache.logging.log4j.core.appender.JSONCompleteFileAppenderTest
Picked up JAVA_TOOL_OPTIONS: -XX:CICompilerCount=2 -XX:ParallelGCThreads=2 -XX:ConcGCThreads=2 -Djdk.net.URLClassPath.disableClassPathURLCheck=true -XX:CICompilerCount=2 -XX:ParallelGCThreads=2 -XX:ConcGCThreads=2 -Djdk.net.URLClassPath.disableClassPathURLCheck=true 
Picked up _JAVA_OPTIONS: -Djdk.net.URLClassPath.disableClassPathURLCheck=true
Running org.apache.logging.log4j.core.appender.RollingRandomAccessFileAppenderRolloverTest
Tests run: 1, Failures: 0, Errors: 0, Skipped: 0, Time elapsed: 0.697 sec - in org.apache.logging.log4j.core.appender.RollingRandomAccessFileAppenderRolloverTest
Picked up JAVA_TOOL_OPTIONS: -XX:CICompilerCount=2 -XX:ParallelGCThreads=2 -XX:ConcGCThreads=2 -Djdk.net.URLClassPath.disableClassPathURLCheck=true -XX:CICompilerCount=2 -XX:ParallelGCThreads=2 -XX:ConcGCThreads=2 -Djdk.net.URLClassPath.disableClassPathURLCheck=true 
Picked up _JAVA_OPTIONS: -Djdk.net.URLClassPath.disableClassPathURLCheck=true
Running org.apache.logging.log4j.core.appender.TLSSyslogFrameTest
Tests run: 5, Failures: 0, Errors: 0, Skipped: 0, Time elapsed: 0.078 sec - in org.apache.logging.log4j.core.appender.TLSSyslogFrameTest
Picked up JAVA_TOOL_OPTIONS: -XX:CICompilerCount=2 -XX:ParallelGCThreads=2 -XX:ConcGCThreads=2 -Djdk.net.URLClassPath.disableClassPathURLCheck=true -XX:CICompilerCount=2 -XX:ParallelGCThreads=2 -XX:ConcGCThreads=2 -Djdk.net.URLClassPath.disableClassPathURLCheck=true 
Picked up _JAVA_OPTIONS: -Djdk.net.URLClassPath.disableClassPathURLCheck=true
Running org.apache.logging.log4j.core.lookup.SystemPropertiesLookupTest
Tests run: 1, Failures: 0, Errors: 0, Skipped: 0, Time elapsed: 0.086 sec - in org.apache.logging.log4j.core.lookup.SystemPropertiesLookupTest
Picked up JAVA_TOOL_OPTIONS: -XX:CICompilerCount=2 -XX:ParallelGCThreads=2 -XX:ConcGCThreads=2 -Djdk.net.URLClassPath.disableClassPathURLCheck=true -XX:CICompilerCount=2 -XX:ParallelGCThreads=2 -XX:ConcGCThreads=2 -Djdk.net.URLClassPath.disableClassPathURLCheck=true 
Picked up _JAVA_OPTIONS: -Djdk.net.URLClassPath.disableClassPathURLCheck=true
Running org.apache.logging.log4j.core.lookup.StructuredDataLookupTest
Tests run: 1, Failures: 0, Errors: 0, Skipped: 0, Time elapsed: 0.137 sec - in org.apache.logging.log4j.core.lookup.StructuredDataLookupTest
Picked up JAVA_TOOL_OPTIONS: -XX:CICompilerCount=2 -XX:ParallelGCThreads=2 -XX:ConcGCThreads=2 -Djdk.net.URLClassPath.disableClassPathURLCheck=true -XX:CICompilerCount=2 -XX:ParallelGCThreads=2 -XX:ConcGCThreads=2 -Djdk.net.URLClassPath.disableClassPathURLCheck=true 
Picked up _JAVA_OPTIONS: -Djdk.net.URLClassPath.disableClassPathURLCheck=true
Running org.apache.logging.log4j.core.lookup.ContextMapLookupTest
Tests run: 1, Failures: 0, Errors: 0, Skipped: 0, Time elapsed: 0.122 sec - in org.apache.logging.log4j.core.lookup.ContextMapLookupTest
Picked up JAVA_TOOL_OPTIONS: -XX:CICompilerCount=2 -XX:ParallelGCThreads=2 -XX:ConcGCThreads=2 -Djdk.net.URLClassPath.disableClassPathURLCheck=true -XX:CICompilerCount=2 -XX:ParallelGCThreads=2 -XX:ConcGCThreads=2 -Djdk.net.URLClassPath.disableClassPathURLCheck=true 
Picked up _JAVA_OPTIONS: -Djdk.net.URLClassPath.disableClassPathURLCheck=true
Running org.apache.logging.log4j.core.lookup.JndiLookupTest
log4j:WARN No appenders could be found for logger (org.mockejb.jndi.MockContext).
log4j:WARN Please initialize the log4j system properly.
log4j:WARN See http://logging.apache.org/log4j/1.2/faq.html#noconfig for more info.
Tests run: 1, Failures: 0, Errors: 0, Skipped: 0, Time elapsed: 0.331 sec - in org.apache.logging.log4j.core.lookup.JndiLookupTest
Picked up JAVA_TOOL_OPTIONS: -XX:CICompilerCount=2 -XX:ParallelGCThreads=2 -XX:ConcGCThreads=2 -Djdk.net.URLClassPath.disableClassPathURLCheck=true -XX:CICompilerCount=2 -XX:ParallelGCThreads=2 -XX:ConcGCThreads=2 -Djdk.net.URLClassPath.disableClassPathURLCheck=true 
Picked up _JAVA_OPTIONS: -Djdk.net.URLClassPath.disableClassPathURLCheck=true
Running org.apache.logging.log4j.core.lookup.ResourceBundleLookupTest
Tests run: 3, Failures: 0, Errors: 0, Skipped: 0, Time elapsed: 0.097 sec - in org.apache.logging.log4j.core.lookup.ResourceBundleLookupTest
Picked up JAVA_TOOL_OPTIONS: -XX:CICompilerCount=2 -XX:ParallelGCThreads=2 -XX:ConcGCThreads=2 -Djdk.net.URLClassPath.disableClassPathURLCheck=true -XX:CICompilerCount=2 -XX:ParallelGCThreads=2 -XX:ConcGCThreads=2 -Djdk.net.URLClassPath.disableClassPathURLCheck=true 
Picked up _JAVA_OPTIONS: -Djdk.net.URLClassPath.disableClassPathURLCheck=true
Running org.apache.logging.log4j.core.lookup.EnvironmentLookupTest
Tests run: 1, Failures: 0, Errors: 0, Skipped: 0, Time elapsed: 0.08 sec - in org.apache.logging.log4j.core.lookup.EnvironmentLookupTest
Picked up JAVA_TOOL_OPTIONS: -XX:CICompilerCount=2 -XX:ParallelGCThreads=2 -XX:ConcGCThreads=2 -Djdk.net.URLClassPath.disableClassPathURLCheck=true -XX:CICompilerCount=2 -XX:ParallelGCThreads=2 -XX:ConcGCThreads=2 -Djdk.net.URLClassPath.disableClassPathURLCheck=true 
Picked up _JAVA_OPTIONS: -Djdk.net.URLClassPath.disableClassPathURLCheck=true
Running org.apache.logging.log4j.core.lookup.InterpolatorTest
log4j:WARN No appenders could be found for logger (org.mockejb.jndi.MockContext).
log4j:WARN Please initialize the log4j system properly.
log4j:WARN See http://logging.apache.org/log4j/1.2/faq.html#noconfig for more info.
Tests run: 2, Failures: 0, Errors: 0, Skipped: 0, Time elapsed: 0.495 sec - in org.apache.logging.log4j.core.lookup.InterpolatorTest
Picked up JAVA_TOOL_OPTIONS: -XX:CICompilerCount=2 -XX:ParallelGCThreads=2 -XX:ConcGCThreads=2 -Djdk.net.URLClassPath.disableClassPathURLCheck=true -XX:CICompilerCount=2 -XX:ParallelGCThreads=2 -XX:ConcGCThreads=2 -Djdk.net.URLClassPath.disableClassPathURLCheck=true 
Picked up _JAVA_OPTIONS: -Djdk.net.URLClassPath.disableClassPathURLCheck=true
Running org.apache.logging.log4j.core.lookup.DateLookupTest
Tests run: 1, Failures: 0, Errors: 0, Skipped: 0, Time elapsed: 0.124 sec - in org.apache.logging.log4j.core.lookup.DateLookupTest
Picked up JAVA_TOOL_OPTIONS: -XX:CICompilerCount=2 -XX:ParallelGCThreads=2 -XX:ConcGCThreads=2 -Djdk.net.URLClassPath.disableClassPathURLCheck=true -XX:CICompilerCount=2 -XX:ParallelGCThreads=2 -XX:ConcGCThreads=2 -Djdk.net.URLClassPath.disableClassPathURLCheck=true 
Picked up _JAVA_OPTIONS: -Djdk.net.URLClassPath.disableClassPathURLCheck=true
Running org.apache.logging.log4j.core.lookup.StrSubstitutorTest
Tests run: 1, Failures: 0, Errors: 0, Skipped: 0, Time elapsed: 0.211 sec - in org.apache.logging.log4j.core.lookup.StrSubstitutorTest
Picked up JAVA_TOOL_OPTIONS: -XX:CICompilerCount=2 -XX:ParallelGCThreads=2 -XX:ConcGCThreads=2 -Djdk.net.URLClassPath.disableClassPathURLCheck=true -XX:CICompilerCount=2 -XX:ParallelGCThreads=2 -XX:ConcGCThreads=2 -Djdk.net.URLClassPath.disableClassPathURLCheck=true 
Picked up _JAVA_OPTIONS: -Djdk.net.URLClassPath.disableClassPathURLCheck=true
Running org.apache.logging.log4j.core.net.ssl.TrustStoreConfigurationTest
ERROR StatusLogger Something is wrong with the format of the truststore or the given password: Keystore was tampered with, or password was incorrect
ERROR StatusLogger Something is wrong with the format of the truststore or the given password: The location is null
Tests run: 4, Failures: 0, Errors: 0, Skipped: 0, Time elapsed: 0.15 sec - in org.apache.logging.log4j.core.net.ssl.TrustStoreConfigurationTest
Picked up JAVA_TOOL_OPTIONS: -XX:CICompilerCount=2 -XX:ParallelGCThreads=2 -XX:ConcGCThreads=2 -Djdk.net.URLClassPath.disableClassPathURLCheck=true -XX:CICompilerCount=2 -XX:ParallelGCThreads=2 -XX:ConcGCThreads=2 -Djdk.net.URLClassPath.disableClassPathURLCheck=true 
Picked up _JAVA_OPTIONS: -Djdk.net.URLClassPath.disableClassPathURLCheck=true
Running org.apache.logging.log4j.core.net.ssl.StoreConfigurationTest
Tests run: 1, Failures: 0, Errors: 0, Skipped: 1, Time elapsed: 0.038 sec - in org.apache.logging.log4j.core.net.ssl.StoreConfigurationTest
Picked up JAVA_TOOL_OPTIONS: -XX:CICompilerCount=2 -XX:ParallelGCThreads=2 -XX:ConcGCThreads=2 -Djdk.net.URLClassPath.disableClassPathURLCheck=true -XX:CICompilerCount=2 -XX:ParallelGCThreads=2 -XX:ConcGCThreads=2 -Djdk.net.URLClassPath.disableClassPathURLCheck=true 
Picked up _JAVA_OPTIONS: -Djdk.net.URLClassPath.disableClassPathURLCheck=true
Running org.apache.logging.log4j.core.net.ssl.KeyStoreConfigurationTest
ERROR StatusLogger Something is wrong with the format of the keystore or the given password
ERROR StatusLogger Something is wrong with the format of the keystore or the given password
Tests run: 4, Failures: 0, Errors: 0, Skipped: 0, Time elapsed: 0.179 sec - in org.apache.logging.log4j.core.net.ssl.KeyStoreConfigurationTest
Picked up JAVA_TOOL_OPTIONS: -XX:CICompilerCount=2 -XX:ParallelGCThreads=2 -XX:ConcGCThreads=2 -Djdk.net.URLClassPath.disableClassPathURLCheck=true -XX:CICompilerCount=2 -XX:ParallelGCThreads=2 -XX:ConcGCThreads=2 -Djdk.net.URLClassPath.disableClassPathURLCheck=true 
Picked up _JAVA_OPTIONS: -Djdk.net.URLClassPath.disableClassPathURLCheck=true
Running org.apache.logging.log4j.core.net.ssl.SSLConfigurationTest
ERROR StatusLogger The key cannot be recovered (e.g. the given password is wrong)
Tests run: 4, Failures: 0, Errors: 0, Skipped: 0, Time elapsed: 0.914 sec - in org.apache.logging.log4j.core.net.ssl.SSLConfigurationTest
Picked up JAVA_TOOL_OPTIONS: -XX:CICompilerCount=2 -XX:ParallelGCThreads=2 -XX:ConcGCThreads=2 -Djdk.net.URLClassPath.disableClassPathURLCheck=true -XX:CICompilerCount=2 -XX:ParallelGCThreads=2 -XX:ConcGCThreads=2 -Djdk.net.URLClassPath.disableClassPathURLCheck=true 
Picked up _JAVA_OPTIONS: -Djdk.net.URLClassPath.disableClassPathURLCheck=true
Running org.apache.logging.log4j.core.net.jms.JMSTopicFailoverTest
log4j:WARN No appenders could be found for logger (org.mockejb.jndi.MockContext).
log4j:WARN Please initialize the log4j system properly.
log4j:WARN See http://logging.apache.org/log4j/1.2/faq.html#noconfig for more info.
2020-03-11 18:02:08,375 ERROR An exception occurred processing Appender Log4j2Topic org.apache.logging.log4j.core.appender.AppenderLoggingException: javax.naming.NameNotFoundException: Name Log4j2Topic not found. 
	at org.apache.logging.log4j.core.appender.jms.JMSTopicAppender.append(JMSTopicAppender.java:58)
	at org.apache.logging.log4j.core.config.AppenderControl.callAppender(AppenderControl.java:97)
	at org.apache.logging.log4j.core.appender.rewrite.RewriteAppender.append(RewriteAppender.java:88)
	at org.apache.logging.log4j.core.config.AppenderControl.callAppender(AppenderControl.java:97)
	at org.apache.logging.log4j.core.appender.FailoverAppender.callAppender(FailoverAppender.java:116)
	at org.apache.logging.log4j.core.appender.FailoverAppender.append(FailoverAppender.java:108)
	at org.apache.logging.log4j.core.config.AppenderControl.callAppender(AppenderControl.java:97)
	at org.apache.logging.log4j.core.config.LoggerConfig.callAppenders(LoggerConfig.java:429)
	at org.apache.logging.log4j.core.config.LoggerConfig.log(LoggerConfig.java:408)
	at org.apache.logging.log4j.core.config.LoggerConfig.log(LoggerConfig.java:368)
	at org.apache.logging.log4j.core.Logger.logMessage(Logger.java:103)
	at org.apache.logging.log4j.spi.AbstractLoggerProvider.logMessage(AbstractLoggerProvider.java:1336)
	at org.apache.logging.log4j.spi.AbstractLoggerProvider.logIfEnabled(AbstractLoggerProvider.java:1325)
	at org.apache.logging.log4j.spi.AbstractLoggerProvider.debug(AbstractLoggerProvider.java:319)
	at org.apache.logging.log4j.core.net.jms.JMSTopicFailoverTest.testFailover(JMSTopicFailoverTest.java:108)
	at sun.reflect.NativeMethodAccessorImpl.invoke0(Native Method)
	at sun.reflect.NativeMethodAccessorImpl.invoke(NativeMethodAccessorImpl.java:57)
	at sun.reflect.DelegatingMethodAccessorImpl.invoke(DelegatingMethodAccessorImpl.java:43)
	at java.lang.reflect.Method.invoke(Method.java:606)
	at org.junit.runners.model.FrameworkMethod$1.runReflectiveCall(FrameworkMethod.java:47)
	at org.junit.internal.runners.model.ReflectiveCallable.run(ReflectiveCallable.java:12)
	at org.junit.runners.model.FrameworkMethod.invokeExplosively(FrameworkMethod.java:44)
	at org.junit.internal.runners.statements.InvokeMethod.evaluate(InvokeMethod.java:17)
	at org.junit.internal.runners.statements.RunBefores.evaluate(RunBefores.java:26)
	at org.junit.runners.ParentRunner.runLeaf(ParentRunner.java:271)
	at org.junit.runners.BlockJUnit4ClassRunner.runChild(BlockJUnit4ClassRunner.java:70)
	at org.junit.runners.BlockJUnit4ClassRunner.runChild(BlockJUnit4ClassRunner.java:50)
	at org.junit.runners.ParentRunner$3.run(ParentRunner.java:238)
	at org.junit.runners.ParentRunner$1.schedule(ParentRunner.java:63)
	at org.junit.runners.ParentRunner.runChildren(ParentRunner.java:236)
	at org.junit.runners.ParentRunner.access$000(ParentRunner.java:53)
	at org.junit.runners.ParentRunner$2.evaluate(ParentRunner.java:229)
	at org.junit.internal.runners.statements.RunBefores.evaluate(RunBefores.java:26)
	at org.junit.internal.runners.statements.RunAfters.evaluate(RunAfters.java:27)
	at org.junit.runners.ParentRunner.run(ParentRunner.java:309)
	at org.apache.maven.surefire.junit4.JUnit4Provider.execute(JUnit4Provider.java:264)
	at org.apache.maven.surefire.junit4.JUnit4Provider.executeTestSet(JUnit4Provider.java:153)
	at org.apache.maven.surefire.junit4.JUnit4Provider.invoke(JUnit4Provider.java:124)
	at org.apache.maven.surefire.booter.ForkedBooter.invokeProviderInSameClassLoader(ForkedBooter.java:200)
	at org.apache.maven.surefire.booter.ForkedBooter.runSuitesInProcess(ForkedBooter.java:153)
	at org.apache.maven.surefire.booter.ForkedBooter.main(ForkedBooter.java:103)
Caused by: javax.naming.NameNotFoundException: Name Log4j2Topic not found. 
	at org.mockejb.jndi.MockContext.lookup(MockContext.java:543)
	at org.mockejb.jndi.MockContext$$FastClassByCGLIB$$8f78c5.invoke(<generated>)
	at net.sf.cglib.reflect.FastMethod.invoke(FastMethod.java:53)
	at org.mockejb.interceptor.InterceptorInvoker$CglibMethodInvoker.intercept(InterceptorInvoker.java:95)
	at org.mockejb.interceptor.InvocationContext.proceed(InvocationContext.java:177)
	at org.mockejb.interceptor.InterceptorInvoker.invoke(InterceptorInvoker.java:53)
	at org.mockejb.interceptor.InterceptableProxy.intercept(InterceptableProxy.java:58)
	at $javax.naming.Context$$EnhancerByCGLIB$$9df46e49.lookup(<generated>)
	at javax.naming.InitialContext.lookup(InitialContext.java:411)
	at org.apache.logging.log4j.core.net.jms.AbstractJMSManager.lookup(AbstractJMSManager.java:78)
	at org.apache.logging.log4j.core.net.jms.JMSTopicManager.connect(JMSTopicManager.java:183)
	at org.apache.logging.log4j.core.net.jms.JMSTopicManager.send(JMSTopicManager.java:106)
	at org.apache.logging.log4j.core.appender.jms.JMSTopicAppender.append(JMSTopicAppender.java:56)
	... 40 more

2020-03-11 18:02:08,378 ERROR An exception occurred processing Appender Rewrite org.apache.logging.log4j.core.appender.AppenderLoggingException: javax.naming.NameNotFoundException: Name Log4j2Topic not found. 
	at org.apache.logging.log4j.core.appender.jms.JMSTopicAppender.append(JMSTopicAppender.java:58)
	at org.apache.logging.log4j.core.config.AppenderControl.callAppender(AppenderControl.java:97)
	at org.apache.logging.log4j.core.appender.rewrite.RewriteAppender.append(RewriteAppender.java:88)
	at org.apache.logging.log4j.core.config.AppenderControl.callAppender(AppenderControl.java:97)
	at org.apache.logging.log4j.core.appender.FailoverAppender.callAppender(FailoverAppender.java:116)
	at org.apache.logging.log4j.core.appender.FailoverAppender.append(FailoverAppender.java:108)
	at org.apache.logging.log4j.core.config.AppenderControl.callAppender(AppenderControl.java:97)
	at org.apache.logging.log4j.core.config.LoggerConfig.callAppenders(LoggerConfig.java:429)
	at org.apache.logging.log4j.core.config.LoggerConfig.log(LoggerConfig.java:408)
	at org.apache.logging.log4j.core.config.LoggerConfig.log(LoggerConfig.java:368)
	at org.apache.logging.log4j.core.Logger.logMessage(Logger.java:103)
	at org.apache.logging.log4j.spi.AbstractLoggerProvider.logMessage(AbstractLoggerProvider.java:1336)
	at org.apache.logging.log4j.spi.AbstractLoggerProvider.logIfEnabled(AbstractLoggerProvider.java:1325)
	at org.apache.logging.log4j.spi.AbstractLoggerProvider.debug(AbstractLoggerProvider.java:319)
	at org.apache.logging.log4j.core.net.jms.JMSTopicFailoverTest.testFailover(JMSTopicFailoverTest.java:108)
	at sun.reflect.NativeMethodAccessorImpl.invoke0(Native Method)
	at sun.reflect.NativeMethodAccessorImpl.invoke(NativeMethodAccessorImpl.java:57)
	at sun.reflect.DelegatingMethodAccessorImpl.invoke(DelegatingMethodAccessorImpl.java:43)
	at java.lang.reflect.Method.invoke(Method.java:606)
	at org.junit.runners.model.FrameworkMethod$1.runReflectiveCall(FrameworkMethod.java:47)
	at org.junit.internal.runners.model.ReflectiveCallable.run(ReflectiveCallable.java:12)
	at org.junit.runners.model.FrameworkMethod.invokeExplosively(FrameworkMethod.java:44)
	at org.junit.internal.runners.statements.InvokeMethod.evaluate(InvokeMethod.java:17)
	at org.junit.internal.runners.statements.RunBefores.evaluate(RunBefores.java:26)
	at org.junit.runners.ParentRunner.runLeaf(ParentRunner.java:271)
	at org.junit.runners.BlockJUnit4ClassRunner.runChild(BlockJUnit4ClassRunner.java:70)
	at org.junit.runners.BlockJUnit4ClassRunner.runChild(BlockJUnit4ClassRunner.java:50)
	at org.junit.runners.ParentRunner$3.run(ParentRunner.java:238)
	at org.junit.runners.ParentRunner$1.schedule(ParentRunner.java:63)
	at org.junit.runners.ParentRunner.runChildren(ParentRunner.java:236)
	at org.junit.runners.ParentRunner.access$000(ParentRunner.java:53)
	at org.junit.runners.ParentRunner$2.evaluate(ParentRunner.java:229)
	at org.junit.internal.runners.statements.RunBefores.evaluate(RunBefores.java:26)
	at org.junit.internal.runners.statements.RunAfters.evaluate(RunAfters.java:27)
	at org.junit.runners.ParentRunner.run(ParentRunner.java:309)
	at org.apache.maven.surefire.junit4.JUnit4Provider.execute(JUnit4Provider.java:264)
	at org.apache.maven.surefire.junit4.JUnit4Provider.executeTestSet(JUnit4Provider.java:153)
	at org.apache.maven.surefire.junit4.JUnit4Provider.invoke(JUnit4Provider.java:124)
	at org.apache.maven.surefire.booter.ForkedBooter.invokeProviderInSameClassLoader(ForkedBooter.java:200)
	at org.apache.maven.surefire.booter.ForkedBooter.runSuitesInProcess(ForkedBooter.java:153)
	at org.apache.maven.surefire.booter.ForkedBooter.main(ForkedBooter.java:103)
Caused by: javax.naming.NameNotFoundException: Name Log4j2Topic not found. 
	at org.mockejb.jndi.MockContext.lookup(MockContext.java:543)
	at org.mockejb.jndi.MockContext$$FastClassByCGLIB$$8f78c5.invoke(<generated>)
	at net.sf.cglib.reflect.FastMethod.invoke(FastMethod.java:53)
	at org.mockejb.interceptor.InterceptorInvoker$CglibMethodInvoker.intercept(InterceptorInvoker.java:95)
	at org.mockejb.interceptor.InvocationContext.proceed(InvocationContext.java:177)
	at org.mockejb.interceptor.InterceptorInvoker.invoke(InterceptorInvoker.java:53)
	at org.mockejb.interceptor.InterceptableProxy.intercept(InterceptableProxy.java:58)
	at $javax.naming.Context$$EnhancerByCGLIB$$9df46e49.lookup(<generated>)
	at javax.naming.InitialContext.lookup(InitialContext.java:411)
	at org.apache.logging.log4j.core.net.jms.AbstractJMSManager.lookup(AbstractJMSManager.java:78)
	at org.apache.logging.log4j.core.net.jms.JMSTopicManager.connect(JMSTopicManager.java:183)
	at org.apache.logging.log4j.core.net.jms.JMSTopicManager.send(JMSTopicManager.java:106)
	at org.apache.logging.log4j.core.appender.jms.JMSTopicAppender.append(JMSTopicAppender.java:56)
	... 40 more

Tests run: 2, Failures: 0, Errors: 0, Skipped: 0, Time elapsed: 0.985 sec - in org.apache.logging.log4j.core.net.jms.JMSTopicFailoverTest
Picked up JAVA_TOOL_OPTIONS: -XX:CICompilerCount=2 -XX:ParallelGCThreads=2 -XX:ConcGCThreads=2 -Djdk.net.URLClassPath.disableClassPathURLCheck=true -XX:CICompilerCount=2 -XX:ParallelGCThreads=2 -XX:ConcGCThreads=2 -Djdk.net.URLClassPath.disableClassPathURLCheck=true 
Picked up _JAVA_OPTIONS: -Djdk.net.URLClassPath.disableClassPathURLCheck=true
Running org.apache.logging.log4j.core.net.jms.JMSQueueAppenderTest
log4j:WARN No appenders could be found for logger (org.mockejb.jndi.MockContext).
log4j:WARN Please initialize the log4j system properly.
log4j:WARN See http://logging.apache.org/log4j/1.2/faq.html#noconfig for more info.
Tests run: 1, Failures: 0, Errors: 0, Skipped: 0, Time elapsed: 0.911 sec - in org.apache.logging.log4j.core.net.jms.JMSQueueAppenderTest
Picked up JAVA_TOOL_OPTIONS: -XX:CICompilerCount=2 -XX:ParallelGCThreads=2 -XX:ConcGCThreads=2 -Djdk.net.URLClassPath.disableClassPathURLCheck=true -XX:CICompilerCount=2 -XX:ParallelGCThreads=2 -XX:ConcGCThreads=2 -Djdk.net.URLClassPath.disableClassPathURLCheck=true 
Picked up _JAVA_OPTIONS: -Djdk.net.URLClassPath.disableClassPathURLCheck=true
Running org.apache.logging.log4j.core.net.jms.JMSTopicTest
log4j:WARN No appenders could be found for logger (org.mockejb.jndi.MockContext).
log4j:WARN Please initialize the log4j system properly.
log4j:WARN See http://logging.apache.org/log4j/1.2/faq.html#noconfig for more info.
Tests run: 1, Failures: 0, Errors: 0, Skipped: 0, Time elapsed: 1.06 sec - in org.apache.logging.log4j.core.net.jms.JMSTopicTest
Picked up JAVA_TOOL_OPTIONS: -XX:CICompilerCount=2 -XX:ParallelGCThreads=2 -XX:ConcGCThreads=2 -Djdk.net.URLClassPath.disableClassPathURLCheck=true -XX:CICompilerCount=2 -XX:ParallelGCThreads=2 -XX:ConcGCThreads=2 -Djdk.net.URLClassPath.disableClassPathURLCheck=true 
Picked up _JAVA_OPTIONS: -Djdk.net.URLClassPath.disableClassPathURLCheck=true
Running org.apache.logging.log4j.core.net.jms.JMSQueueTest
log4j:WARN No appenders could be found for logger (org.mockejb.jndi.MockContext).
log4j:WARN Please initialize the log4j system properly.
log4j:WARN See http://logging.apache.org/log4j/1.2/faq.html#noconfig for more info.
Tests run: 1, Failures: 0, Errors: 0, Skipped: 0, Time elapsed: 1.121 sec - in org.apache.logging.log4j.core.net.jms.JMSQueueTest
Picked up JAVA_TOOL_OPTIONS: -XX:CICompilerCount=2 -XX:ParallelGCThreads=2 -XX:ConcGCThreads=2 -Djdk.net.URLClassPath.disableClassPathURLCheck=true -XX:CICompilerCount=2 -XX:ParallelGCThreads=2 -XX:ConcGCThreads=2 -Djdk.net.URLClassPath.disableClassPathURLCheck=true 
Picked up _JAVA_OPTIONS: -Djdk.net.URLClassPath.disableClassPathURLCheck=true
Running org.apache.logging.log4j.core.net.jms.JMSQueueFailoverTest
log4j:WARN No appenders could be found for logger (org.mockejb.jndi.MockContext).
log4j:WARN Please initialize the log4j system properly.
log4j:WARN See http://logging.apache.org/log4j/1.2/faq.html#noconfig for more info.
2020-03-11 18:02:14,254 ERROR An exception occurred processing Appender Log4j2Queue org.apache.logging.log4j.core.appender.AppenderLoggingException: javax.naming.NameNotFoundException: Name Log4j2Queue not found. 
	at org.apache.logging.log4j.core.appender.jms.JMSQueueAppender.append(JMSQueueAppender.java:58)
	at org.apache.logging.log4j.core.config.AppenderControl.callAppender(AppenderControl.java:97)
	at org.apache.logging.log4j.core.appender.rewrite.RewriteAppender.append(RewriteAppender.java:88)
	at org.apache.logging.log4j.core.config.AppenderControl.callAppender(AppenderControl.java:97)
	at org.apache.logging.log4j.core.appender.FailoverAppender.callAppender(FailoverAppender.java:116)
	at org.apache.logging.log4j.core.appender.FailoverAppender.append(FailoverAppender.java:108)
	at org.apache.logging.log4j.core.config.AppenderControl.callAppender(AppenderControl.java:97)
	at org.apache.logging.log4j.core.config.LoggerConfig.callAppenders(LoggerConfig.java:429)
	at org.apache.logging.log4j.core.config.LoggerConfig.log(LoggerConfig.java:408)
	at org.apache.logging.log4j.core.config.LoggerConfig.log(LoggerConfig.java:368)
	at org.apache.logging.log4j.core.Logger.logMessage(Logger.java:103)
	at org.apache.logging.log4j.spi.AbstractLoggerProvider.logMessage(AbstractLoggerProvider.java:1336)
	at org.apache.logging.log4j.spi.AbstractLoggerProvider.logIfEnabled(AbstractLoggerProvider.java:1325)
	at org.apache.logging.log4j.spi.AbstractLoggerProvider.debug(AbstractLoggerProvider.java:319)
	at org.apache.logging.log4j.core.net.jms.JMSQueueFailoverTest.testFailover(JMSQueueFailoverTest.java:109)
	at sun.reflect.NativeMethodAccessorImpl.invoke0(Native Method)
	at sun.reflect.NativeMethodAccessorImpl.invoke(NativeMethodAccessorImpl.java:57)
	at sun.reflect.DelegatingMethodAccessorImpl.invoke(DelegatingMethodAccessorImpl.java:43)
	at java.lang.reflect.Method.invoke(Method.java:606)
	at org.junit.runners.model.FrameworkMethod$1.runReflectiveCall(FrameworkMethod.java:47)
	at org.junit.internal.runners.model.ReflectiveCallable.run(ReflectiveCallable.java:12)
	at org.junit.runners.model.FrameworkMethod.invokeExplosively(FrameworkMethod.java:44)
	at org.junit.internal.runners.statements.InvokeMethod.evaluate(InvokeMethod.java:17)
	at org.junit.internal.runners.statements.RunBefores.evaluate(RunBefores.java:26)
	at org.junit.runners.ParentRunner.runLeaf(ParentRunner.java:271)
	at org.junit.runners.BlockJUnit4ClassRunner.runChild(BlockJUnit4ClassRunner.java:70)
	at org.junit.runners.BlockJUnit4ClassRunner.runChild(BlockJUnit4ClassRunner.java:50)
	at org.junit.runners.ParentRunner$3.run(ParentRunner.java:238)
	at org.junit.runners.ParentRunner$1.schedule(ParentRunner.java:63)
	at org.junit.runners.ParentRunner.runChildren(ParentRunner.java:236)
	at org.junit.runners.ParentRunner.access$000(ParentRunner.java:53)
	at org.junit.runners.ParentRunner$2.evaluate(ParentRunner.java:229)
	at org.junit.internal.runners.statements.RunBefores.evaluate(RunBefores.java:26)
	at org.junit.internal.runners.statements.RunAfters.evaluate(RunAfters.java:27)
	at org.junit.runners.ParentRunner.run(ParentRunner.java:309)
	at org.apache.maven.surefire.junit4.JUnit4Provider.execute(JUnit4Provider.java:264)
	at org.apache.maven.surefire.junit4.JUnit4Provider.executeTestSet(JUnit4Provider.java:153)
	at org.apache.maven.surefire.junit4.JUnit4Provider.invoke(JUnit4Provider.java:124)
	at org.apache.maven.surefire.booter.ForkedBooter.invokeProviderInSameClassLoader(ForkedBooter.java:200)
	at org.apache.maven.surefire.booter.ForkedBooter.runSuitesInProcess(ForkedBooter.java:153)
	at org.apache.maven.surefire.booter.ForkedBooter.main(ForkedBooter.java:103)
Caused by: javax.naming.NameNotFoundException: Name Log4j2Queue not found. 
	at org.mockejb.jndi.MockContext.lookup(MockContext.java:543)
	at org.mockejb.jndi.MockContext$$FastClassByCGLIB$$8f78c5.invoke(<generated>)
	at net.sf.cglib.reflect.FastMethod.invoke(FastMethod.java:53)
	at org.mockejb.interceptor.InterceptorInvoker$CglibMethodInvoker.intercept(InterceptorInvoker.java:95)
	at org.mockejb.interceptor.InvocationContext.proceed(InvocationContext.java:177)
	at org.mockejb.interceptor.InterceptorInvoker.invoke(InterceptorInvoker.java:53)
	at org.mockejb.interceptor.InterceptableProxy.intercept(InterceptableProxy.java:58)
	at $javax.naming.Context$$EnhancerByCGLIB$$608b7843.lookup(<generated>)
	at javax.naming.InitialContext.lookup(InitialContext.java:411)
	at org.apache.logging.log4j.core.net.jms.AbstractJMSManager.lookup(AbstractJMSManager.java:78)
	at org.apache.logging.log4j.core.net.jms.JMSQueueManager.connect(JMSQueueManager.java:183)
	at org.apache.logging.log4j.core.net.jms.JMSQueueManager.send(JMSQueueManager.java:106)
	at org.apache.logging.log4j.core.appender.jms.JMSQueueAppender.append(JMSQueueAppender.java:56)
	... 40 more

2020-03-11 18:02:14,257 ERROR An exception occurred processing Appender Rewrite org.apache.logging.log4j.core.appender.AppenderLoggingException: javax.naming.NameNotFoundException: Name Log4j2Queue not found. 
	at org.apache.logging.log4j.core.appender.jms.JMSQueueAppender.append(JMSQueueAppender.java:58)
	at org.apache.logging.log4j.core.config.AppenderControl.callAppender(AppenderControl.java:97)
	at org.apache.logging.log4j.core.appender.rewrite.RewriteAppender.append(RewriteAppender.java:88)
	at org.apache.logging.log4j.core.config.AppenderControl.callAppender(AppenderControl.java:97)
	at org.apache.logging.log4j.core.appender.FailoverAppender.callAppender(FailoverAppender.java:116)
	at org.apache.logging.log4j.core.appender.FailoverAppender.append(FailoverAppender.java:108)
	at org.apache.logging.log4j.core.config.AppenderControl.callAppender(AppenderControl.java:97)
	at org.apache.logging.log4j.core.config.LoggerConfig.callAppenders(LoggerConfig.java:429)
	at org.apache.logging.log4j.core.config.LoggerConfig.log(LoggerConfig.java:408)
	at org.apache.logging.log4j.core.config.LoggerConfig.log(LoggerConfig.java:368)
	at org.apache.logging.log4j.core.Logger.logMessage(Logger.java:103)
	at org.apache.logging.log4j.spi.AbstractLoggerProvider.logMessage(AbstractLoggerProvider.java:1336)
	at org.apache.logging.log4j.spi.AbstractLoggerProvider.logIfEnabled(AbstractLoggerProvider.java:1325)
	at org.apache.logging.log4j.spi.AbstractLoggerProvider.debug(AbstractLoggerProvider.java:319)
	at org.apache.logging.log4j.core.net.jms.JMSQueueFailoverTest.testFailover(JMSQueueFailoverTest.java:109)
	at sun.reflect.NativeMethodAccessorImpl.invoke0(Native Method)
	at sun.reflect.NativeMethodAccessorImpl.invoke(NativeMethodAccessorImpl.java:57)
	at sun.reflect.DelegatingMethodAccessorImpl.invoke(DelegatingMethodAccessorImpl.java:43)
	at java.lang.reflect.Method.invoke(Method.java:606)
	at org.junit.runners.model.FrameworkMethod$1.runReflectiveCall(FrameworkMethod.java:47)
	at org.junit.internal.runners.model.ReflectiveCallable.run(ReflectiveCallable.java:12)
	at org.junit.runners.model.FrameworkMethod.invokeExplosively(FrameworkMethod.java:44)
	at org.junit.internal.runners.statements.InvokeMethod.evaluate(InvokeMethod.java:17)
	at org.junit.internal.runners.statements.RunBefores.evaluate(RunBefores.java:26)
	at org.junit.runners.ParentRunner.runLeaf(ParentRunner.java:271)
	at org.junit.runners.BlockJUnit4ClassRunner.runChild(BlockJUnit4ClassRunner.java:70)
	at org.junit.runners.BlockJUnit4ClassRunner.runChild(BlockJUnit4ClassRunner.java:50)
	at org.junit.runners.ParentRunner$3.run(ParentRunner.java:238)
	at org.junit.runners.ParentRunner$1.schedule(ParentRunner.java:63)
	at org.junit.runners.ParentRunner.runChildren(ParentRunner.java:236)
	at org.junit.runners.ParentRunner.access$000(ParentRunner.java:53)
	at org.junit.runners.ParentRunner$2.evaluate(ParentRunner.java:229)
	at org.junit.internal.runners.statements.RunBefores.evaluate(RunBefores.java:26)
	at org.junit.internal.runners.statements.RunAfters.evaluate(RunAfters.java:27)
	at org.junit.runners.ParentRunner.run(ParentRunner.java:309)
	at org.apache.maven.surefire.junit4.JUnit4Provider.execute(JUnit4Provider.java:264)
	at org.apache.maven.surefire.junit4.JUnit4Provider.executeTestSet(JUnit4Provider.java:153)
	at org.apache.maven.surefire.junit4.JUnit4Provider.invoke(JUnit4Provider.java:124)
	at org.apache.maven.surefire.booter.ForkedBooter.invokeProviderInSameClassLoader(ForkedBooter.java:200)
	at org.apache.maven.surefire.booter.ForkedBooter.runSuitesInProcess(ForkedBooter.java:153)
	at org.apache.maven.surefire.booter.ForkedBooter.main(ForkedBooter.java:103)
Caused by: javax.naming.NameNotFoundException: Name Log4j2Queue not found. 
	at org.mockejb.jndi.MockContext.lookup(MockContext.java:543)
	at org.mockejb.jndi.MockContext$$FastClassByCGLIB$$8f78c5.invoke(<generated>)
	at net.sf.cglib.reflect.FastMethod.invoke(FastMethod.java:53)
	at org.mockejb.interceptor.InterceptorInvoker$CglibMethodInvoker.intercept(InterceptorInvoker.java:95)
	at org.mockejb.interceptor.InvocationContext.proceed(InvocationContext.java:177)
	at org.mockejb.interceptor.InterceptorInvoker.invoke(InterceptorInvoker.java:53)
	at org.mockejb.interceptor.InterceptableProxy.intercept(InterceptableProxy.java:58)
	at $javax.naming.Context$$EnhancerByCGLIB$$608b7843.lookup(<generated>)
	at javax.naming.InitialContext.lookup(InitialContext.java:411)
	at org.apache.logging.log4j.core.net.jms.AbstractJMSManager.lookup(AbstractJMSManager.java:78)
	at org.apache.logging.log4j.core.net.jms.JMSQueueManager.connect(JMSQueueManager.java:183)
	at org.apache.logging.log4j.core.net.jms.JMSQueueManager.send(JMSQueueManager.java:106)
	at org.apache.logging.log4j.core.appender.jms.JMSQueueAppender.append(JMSQueueAppender.java:56)
	... 40 more

Tests run: 2, Failures: 0, Errors: 0, Skipped: 0, Time elapsed: 0.985 sec - in org.apache.logging.log4j.core.net.jms.JMSQueueFailoverTest
Picked up JAVA_TOOL_OPTIONS: -XX:CICompilerCount=2 -XX:ParallelGCThreads=2 -XX:ConcGCThreads=2 -Djdk.net.URLClassPath.disableClassPathURLCheck=true -XX:CICompilerCount=2 -XX:ParallelGCThreads=2 -XX:ConcGCThreads=2 -Djdk.net.URLClassPath.disableClassPathURLCheck=true 
Picked up _JAVA_OPTIONS: -Djdk.net.URLClassPath.disableClassPathURLCheck=true
Running org.apache.logging.log4j.core.net.server.UdpXmlSocketServerTest
Tests run: 6, Failures: 0, Errors: 0, Skipped: 2, Time elapsed: 1.387 sec - in org.apache.logging.log4j.core.net.server.UdpXmlSocketServerTest
Picked up JAVA_TOOL_OPTIONS: -XX:CICompilerCount=2 -XX:ParallelGCThreads=2 -XX:ConcGCThreads=2 -Djdk.net.URLClassPath.disableClassPathURLCheck=true -XX:CICompilerCount=2 -XX:ParallelGCThreads=2 -XX:ConcGCThreads=2 -Djdk.net.URLClassPath.disableClassPathURLCheck=true 
Picked up _JAVA_OPTIONS: -Djdk.net.URLClassPath.disableClassPathURLCheck=true
Running org.apache.logging.log4j.core.net.server.UdpJsonSocketServerTest
Tests run: 6, Failures: 0, Errors: 0, Skipped: 2, Time elapsed: 1.255 sec - in org.apache.logging.log4j.core.net.server.UdpJsonSocketServerTest
Picked up JAVA_TOOL_OPTIONS: -XX:CICompilerCount=2 -XX:ParallelGCThreads=2 -XX:ConcGCThreads=2 -Djdk.net.URLClassPath.disableClassPathURLCheck=true -XX:CICompilerCount=2 -XX:ParallelGCThreads=2 -XX:ConcGCThreads=2 -Djdk.net.URLClassPath.disableClassPathURLCheck=true 
Picked up _JAVA_OPTIONS: -Djdk.net.URLClassPath.disableClassPathURLCheck=true
Running org.apache.logging.log4j.core.net.server.TcpXmlSocketServerTest
Tests run: 6, Failures: 0, Errors: 0, Skipped: 2, Time elapsed: 1.768 sec - in org.apache.logging.log4j.core.net.server.TcpXmlSocketServerTest
Picked up JAVA_TOOL_OPTIONS: -XX:CICompilerCount=2 -XX:ParallelGCThreads=2 -XX:ConcGCThreads=2 -Djdk.net.URLClassPath.disableClassPathURLCheck=true -XX:CICompilerCount=2 -XX:ParallelGCThreads=2 -XX:ConcGCThreads=2 -Djdk.net.URLClassPath.disableClassPathURLCheck=true 
Picked up _JAVA_OPTIONS: -Djdk.net.URLClassPath.disableClassPathURLCheck=true
Running org.apache.logging.log4j.core.net.server.TcpJsonSocketServerTest
Tests run: 6, Failures: 0, Errors: 0, Skipped: 2, Time elapsed: 1.528 sec - in org.apache.logging.log4j.core.net.server.TcpJsonSocketServerTest
Picked up JAVA_TOOL_OPTIONS: -XX:CICompilerCount=2 -XX:ParallelGCThreads=2 -XX:ConcGCThreads=2 -Djdk.net.URLClassPath.disableClassPathURLCheck=true -XX:CICompilerCount=2 -XX:ParallelGCThreads=2 -XX:ConcGCThreads=2 -Djdk.net.URLClassPath.disableClassPathURLCheck=true 
Picked up _JAVA_OPTIONS: -Djdk.net.URLClassPath.disableClassPathURLCheck=true
Running org.apache.logging.log4j.core.net.server.UdpSerializedSocketServerTest
Tests run: 6, Failures: 0, Errors: 0, Skipped: 2, Time elapsed: 0.902 sec - in org.apache.logging.log4j.core.net.server.UdpSerializedSocketServerTest
Picked up JAVA_TOOL_OPTIONS: -XX:CICompilerCount=2 -XX:ParallelGCThreads=2 -XX:ConcGCThreads=2 -Djdk.net.URLClassPath.disableClassPathURLCheck=true -XX:CICompilerCount=2 -XX:ParallelGCThreads=2 -XX:ConcGCThreads=2 -Djdk.net.URLClassPath.disableClassPathURLCheck=true 
Picked up _JAVA_OPTIONS: -Djdk.net.URLClassPath.disableClassPathURLCheck=true
Running org.apache.logging.log4j.core.net.server.TcpSerializedSocketServerTest
Tests run: 6, Failures: 0, Errors: 0, Skipped: 2, Time elapsed: 1.01 sec - in org.apache.logging.log4j.core.net.server.TcpSerializedSocketServerTest
Picked up JAVA_TOOL_OPTIONS: -XX:CICompilerCount=2 -XX:ParallelGCThreads=2 -XX:ConcGCThreads=2 -Djdk.net.URLClassPath.disableClassPathURLCheck=true -XX:CICompilerCount=2 -XX:ParallelGCThreads=2 -XX:ConcGCThreads=2 -Djdk.net.URLClassPath.disableClassPathURLCheck=true 
Picked up _JAVA_OPTIONS: -Djdk.net.URLClassPath.disableClassPathURLCheck=true
Running org.apache.logging.log4j.core.net.SocketMessageLossTest
Initializing server
Tests run: 1, Failures: 0, Errors: 0, Skipped: 0, Time elapsed: 1.698 sec - in org.apache.logging.log4j.core.net.SocketMessageLossTest
Picked up JAVA_TOOL_OPTIONS: -XX:CICompilerCount=2 -XX:ParallelGCThreads=2 -XX:ConcGCThreads=2 -Djdk.net.URLClassPath.disableClassPathURLCheck=true -XX:CICompilerCount=2 -XX:ParallelGCThreads=2 -XX:ConcGCThreads=2 -Djdk.net.URLClassPath.disableClassPathURLCheck=true 
Picked up _JAVA_OPTIONS: -Djdk.net.URLClassPath.disableClassPathURLCheck=true
Running org.apache.logging.log4j.core.net.PriorityTest
Tests run: 1, Failures: 0, Errors: 0, Skipped: 0, Time elapsed: 0.084 sec - in org.apache.logging.log4j.core.net.PriorityTest
Picked up JAVA_TOOL_OPTIONS: -XX:CICompilerCount=2 -XX:ParallelGCThreads=2 -XX:ConcGCThreads=2 -Djdk.net.URLClassPath.disableClassPathURLCheck=true -XX:CICompilerCount=2 -XX:ParallelGCThreads=2 -XX:ConcGCThreads=2 -Djdk.net.URLClassPath.disableClassPathURLCheck=true 
Picked up _JAVA_OPTIONS: -Djdk.net.URLClassPath.disableClassPathURLCheck=true
Running org.apache.logging.log4j.core.net.SocketTest
Initializing logger
ERROR StatusLogger TCPSocketManager (TCP:localhost:5514) java.net.ConnectException: Connection refused
Tests run: 1, Failures: 0, Errors: 0, Skipped: 0, Time elapsed: 0.699 sec - in org.apache.logging.log4j.core.net.SocketTest
Picked up JAVA_TOOL_OPTIONS: -XX:CICompilerCount=2 -XX:ParallelGCThreads=2 -XX:ConcGCThreads=2 -Djdk.net.URLClassPath.disableClassPathURLCheck=true -XX:CICompilerCount=2 -XX:ParallelGCThreads=2 -XX:ConcGCThreads=2 -Djdk.net.URLClassPath.disableClassPathURLCheck=true 
Picked up _JAVA_OPTIONS: -Djdk.net.URLClassPath.disableClassPathURLCheck=true
Running org.apache.logging.log4j.core.net.SocketReconnectTest
Tests run: 1, Failures: 0, Errors: 0, Skipped: 0, Time elapsed: 1.554 sec - in org.apache.logging.log4j.core.net.SocketReconnectTest
Picked up JAVA_TOOL_OPTIONS: -XX:CICompilerCount=2 -XX:ParallelGCThreads=2 -XX:ConcGCThreads=2 -Djdk.net.URLClassPath.disableClassPathURLCheck=true -XX:CICompilerCount=2 -XX:ParallelGCThreads=2 -XX:ConcGCThreads=2 -Djdk.net.URLClassPath.disableClassPathURLCheck=true 
Picked up _JAVA_OPTIONS: -Djdk.net.URLClassPath.disableClassPathURLCheck=true
Running org.apache.logging.log4j.core.config.plugins.processor.PluginProcessorTest
Tests run: 4, Failures: 0, Errors: 0, Skipped: 0, Time elapsed: 0.138 sec - in org.apache.logging.log4j.core.config.plugins.processor.PluginProcessorTest
Picked up JAVA_TOOL_OPTIONS: -XX:CICompilerCount=2 -XX:ParallelGCThreads=2 -XX:ConcGCThreads=2 -Djdk.net.URLClassPath.disableClassPathURLCheck=true -XX:CICompilerCount=2 -XX:ParallelGCThreads=2 -XX:ConcGCThreads=2 -Djdk.net.URLClassPath.disableClassPathURLCheck=true 
Picked up _JAVA_OPTIONS: -Djdk.net.URLClassPath.disableClassPathURLCheck=true
Running org.apache.logging.log4j.core.config.plugins.util.ResolverUtilTest
Tests run: 15, Failures: 0, Errors: 0, Skipped: 4, Time elapsed: 0.132 sec - in org.apache.logging.log4j.core.config.plugins.util.ResolverUtilTest
Picked up JAVA_TOOL_OPTIONS: -XX:CICompilerCount=2 -XX:ParallelGCThreads=2 -XX:ConcGCThreads=2 -Djdk.net.URLClassPath.disableClassPathURLCheck=true -XX:CICompilerCount=2 -XX:ParallelGCThreads=2 -XX:ConcGCThreads=2 -Djdk.net.URLClassPath.disableClassPathURLCheck=true 
Picked up _JAVA_OPTIONS: -Djdk.net.URLClassPath.disableClassPathURLCheck=true
Running org.apache.logging.log4j.core.config.ConfigurationTest
2020-03-11 18:02:32,287 WARN The bufferSize is set to 8192 but bufferedIO is not true: false
2020-03-11 18:02:32,318 WARN The bufferSize is set to 8192 but bufferedIO is not true: false
2020-03-11 18:02:32,348 WARN The bufferSize is set to 8192 but bufferedIO is not true: false
2020-03-11 18:02:32,430 WARN The bufferSize is set to 8192 but bufferedIO is not true: false
2020-03-11 18:02:32,462 WARN The bufferSize is set to 8192 but bufferedIO is not true: false
2020-03-11 18:02:32,496 WARN The bufferSize is set to 8192 but bufferedIO is not true: false
Tests run: 9, Failures: 0, Errors: 0, Skipped: 0, Time elapsed: 1.167 sec - in org.apache.logging.log4j.core.config.ConfigurationTest
Picked up JAVA_TOOL_OPTIONS: -XX:CICompilerCount=2 -XX:ParallelGCThreads=2 -XX:ConcGCThreads=2 -Djdk.net.URLClassPath.disableClassPathURLCheck=true -XX:CICompilerCount=2 -XX:ParallelGCThreads=2 -XX:ConcGCThreads=2 -Djdk.net.URLClassPath.disableClassPathURLCheck=true 
Picked up _JAVA_OPTIONS: -Djdk.net.URLClassPath.disableClassPathURLCheck=true
Running org.apache.logging.log4j.core.config.MissingRootLoggerTest
Tests run: 1, Failures: 0, Errors: 0, Skipped: 0, Time elapsed: 0.558 sec - in org.apache.logging.log4j.core.config.MissingRootLoggerTest
Picked up JAVA_TOOL_OPTIONS: -XX:CICompilerCount=2 -XX:ParallelGCThreads=2 -XX:ConcGCThreads=2 -Djdk.net.URLClassPath.disableClassPathURLCheck=true -XX:CICompilerCount=2 -XX:ParallelGCThreads=2 -XX:ConcGCThreads=2 -Djdk.net.URLClassPath.disableClassPathURLCheck=true 
Picked up _JAVA_OPTIONS: -Djdk.net.URLClassPath.disableClassPathURLCheck=true
Running org.apache.logging.log4j.core.config.xml.XMLConfigurationPropsTest
2020-03-11 18:02:34,253 ERROR Invalid status level specified: ${sys:log4j.level}. Defaulting to ERROR.
Tests run: 4, Failures: 0, Errors: 0, Skipped: 0, Time elapsed: 0.632 sec - in org.apache.logging.log4j.core.config.xml.XMLConfigurationPropsTest
Picked up JAVA_TOOL_OPTIONS: -XX:CICompilerCount=2 -XX:ParallelGCThreads=2 -XX:ConcGCThreads=2 -Djdk.net.URLClassPath.disableClassPathURLCheck=true -XX:CICompilerCount=2 -XX:ParallelGCThreads=2 -XX:ConcGCThreads=2 -Djdk.net.URLClassPath.disableClassPathURLCheck=true 
Picked up _JAVA_OPTIONS: -Djdk.net.URLClassPath.disableClassPathURLCheck=true
Running org.apache.logging.log4j.core.config.xml.XMLLoggerPropsTest
Tests run: 1, Failures: 0, Errors: 0, Skipped: 0, Time elapsed: 0.632 sec - in org.apache.logging.log4j.core.config.xml.XMLLoggerPropsTest
Picked up JAVA_TOOL_OPTIONS: -XX:CICompilerCount=2 -XX:ParallelGCThreads=2 -XX:ConcGCThreads=2 -Djdk.net.URLClassPath.disableClassPathURLCheck=true -XX:CICompilerCount=2 -XX:ParallelGCThreads=2 -XX:ConcGCThreads=2 -Djdk.net.URLClassPath.disableClassPathURLCheck=true 
Picked up _JAVA_OPTIONS: -Djdk.net.URLClassPath.disableClassPathURLCheck=true
Running org.apache.logging.log4j.core.config.TestConfigurator
Tests run: 16, Failures: 0, Errors: 0, Skipped: 0, Time elapsed: 1.579 sec - in org.apache.logging.log4j.core.config.TestConfigurator
Picked up JAVA_TOOL_OPTIONS: -XX:CICompilerCount=2 -XX:ParallelGCThreads=2 -XX:ConcGCThreads=2 -Djdk.net.URLClassPath.disableClassPathURLCheck=true -XX:CICompilerCount=2 -XX:ParallelGCThreads=2 -XX:ConcGCThreads=2 -Djdk.net.URLClassPath.disableClassPathURLCheck=true 
Picked up _JAVA_OPTIONS: -Djdk.net.URLClassPath.disableClassPathURLCheck=true
Running org.apache.logging.log4j.core.config.FileOutputTest
Tests run: 1, Failures: 0, Errors: 0, Skipped: 0, Time elapsed: 0.622 sec - in org.apache.logging.log4j.core.config.FileOutputTest
Picked up JAVA_TOOL_OPTIONS: -XX:CICompilerCount=2 -XX:ParallelGCThreads=2 -XX:ConcGCThreads=2 -Djdk.net.URLClassPath.disableClassPathURLCheck=true -XX:CICompilerCount=2 -XX:ParallelGCThreads=2 -XX:ConcGCThreads=2 -Djdk.net.URLClassPath.disableClassPathURLCheck=true 
Picked up _JAVA_OPTIONS: -Djdk.net.URLClassPath.disableClassPathURLCheck=true
Running org.apache.logging.log4j.core.config.AdvertiserTest
ERROR StatusLogger TCPSocketManager (TCP:localhost:5560) java.net.ConnectException: Connection refused
ERROR StatusLogger TCPSocketManager (TCP:localhost:5560) java.net.ConnectException: Connection refused
ERROR StatusLogger TCPSocketManager (TCP:localhost:5560) java.net.ConnectException: Connection refused
Tests run: 3, Failures: 0, Errors: 0, Skipped: 0, Time elapsed: 0.699 sec - in org.apache.logging.log4j.core.config.AdvertiserTest
Picked up JAVA_TOOL_OPTIONS: -XX:CICompilerCount=2 -XX:ParallelGCThreads=2 -XX:ConcGCThreads=2 -Djdk.net.URLClassPath.disableClassPathURLCheck=true -XX:CICompilerCount=2 -XX:ParallelGCThreads=2 -XX:ConcGCThreads=2 -Djdk.net.URLClassPath.disableClassPathURLCheck=true 
Picked up _JAVA_OPTIONS: -Djdk.net.URLClassPath.disableClassPathURLCheck=true
Running org.apache.logging.log4j.core.config.CustomConfigurationTest
2020-03-11 18:02:42,726 INFO Not in a ServletContext environment, thus not loading WebLookup plugin.
2020-03-11 18:02:42,750 WARN The bufferSize is set to 4000 but bufferedIO is not true: false
Tests run: 1, Failures: 0, Errors: 0, Skipped: 0, Time elapsed: 3.591 sec - in org.apache.logging.log4j.core.config.CustomConfigurationTest
Picked up JAVA_TOOL_OPTIONS: -XX:CICompilerCount=2 -XX:ParallelGCThreads=2 -XX:ConcGCThreads=2 -Djdk.net.URLClassPath.disableClassPathURLCheck=true -XX:CICompilerCount=2 -XX:ParallelGCThreads=2 -XX:ConcGCThreads=2 -Djdk.net.URLClassPath.disableClassPathURLCheck=true 
Picked up _JAVA_OPTIONS: -Djdk.net.URLClassPath.disableClassPathURLCheck=true
Running org.apache.logging.log4j.core.config.TestConfiguratorError
ERROR StatusLogger LogManager returned an instance of org.apache.logging.log4j.simple.SimpleLoggerContextFactory which does not implement org.apache.logging.log4j.core.impl.Log4jContextFactory. Unable to initialize Log4j
ERROR StatusLogger LogManager returned an instance of org.apache.logging.log4j.simple.SimpleLoggerContextFactory which does not implement org.apache.logging.log4j.core.impl.Log4jContextFactory. Unable to initialize Log4j
Tests run: 2, Failures: 0, Errors: 0, Skipped: 0, Time elapsed: 0.126 sec - in org.apache.logging.log4j.core.config.TestConfiguratorError
Picked up JAVA_TOOL_OPTIONS: -XX:CICompilerCount=2 -XX:ParallelGCThreads=2 -XX:ConcGCThreads=2 -Djdk.net.URLClassPath.disableClassPathURLCheck=true -XX:CICompilerCount=2 -XX:ParallelGCThreads=2 -XX:ConcGCThreads=2 -Djdk.net.URLClassPath.disableClassPathURLCheck=true 
Picked up _JAVA_OPTIONS: -Djdk.net.URLClassPath.disableClassPathURLCheck=true
Running org.apache.logging.log4j.core.util.ClockFactoryTest
Tests run: 8, Failures: 0, Errors: 0, Skipped: 0, Time elapsed: 0.129 sec - in org.apache.logging.log4j.core.util.ClockFactoryTest
Picked up JAVA_TOOL_OPTIONS: -XX:CICompilerCount=2 -XX:ParallelGCThreads=2 -XX:ConcGCThreads=2 -Djdk.net.URLClassPath.disableClassPathURLCheck=true -XX:CICompilerCount=2 -XX:ParallelGCThreads=2 -XX:ConcGCThreads=2 -Djdk.net.URLClassPath.disableClassPathURLCheck=true 
Picked up _JAVA_OPTIONS: -Djdk.net.URLClassPath.disableClassPathURLCheck=true
Running org.apache.logging.log4j.core.util.UUIDTest
Elapsed for 2000 UUIDS = 509002354 Average = 254501 ns
Elapsed for 200 UUIDS = 193541 Average = 967 ns
Tests run: 2, Failures: 0, Errors: 0, Skipped: 0, Time elapsed: 0.169 sec - in org.apache.logging.log4j.core.util.UUIDTest
Picked up JAVA_TOOL_OPTIONS: -XX:CICompilerCount=2 -XX:ParallelGCThreads=2 -XX:ConcGCThreads=2 -Djdk.net.URLClassPath.disableClassPathURLCheck=true -XX:CICompilerCount=2 -XX:ParallelGCThreads=2 -XX:ConcGCThreads=2 -Djdk.net.URLClassPath.disableClassPathURLCheck=true 
Picked up _JAVA_OPTIONS: -Djdk.net.URLClassPath.disableClassPathURLCheck=true
Running org.apache.logging.log4j.core.util.CharsetsTest
ERROR StatusLogger Charset INeedMoreSupport is not supported for layout, using UTF-8
Tests run: 4, Failures: 0, Errors: 0, Skipped: 0, Time elapsed: 0.119 sec - in org.apache.logging.log4j.core.util.CharsetsTest
Picked up JAVA_TOOL_OPTIONS: -XX:CICompilerCount=2 -XX:ParallelGCThreads=2 -XX:ConcGCThreads=2 -Djdk.net.URLClassPath.disableClassPathURLCheck=true -XX:CICompilerCount=2 -XX:ParallelGCThreads=2 -XX:ConcGCThreads=2 -Djdk.net.URLClassPath.disableClassPathURLCheck=true 
Picked up _JAVA_OPTIONS: -Djdk.net.URLClassPath.disableClassPathURLCheck=true
Running org.apache.logging.log4j.core.util.FileUtilsTest
Tests run: 4, Failures: 0, Errors: 0, Skipped: 0, Time elapsed: 0.111 sec - in org.apache.logging.log4j.core.util.FileUtilsTest
Picked up JAVA_TOOL_OPTIONS: -XX:CICompilerCount=2 -XX:ParallelGCThreads=2 -XX:ConcGCThreads=2 -Djdk.net.URLClassPath.disableClassPathURLCheck=true -XX:CICompilerCount=2 -XX:ParallelGCThreads=2 -XX:ConcGCThreads=2 -Djdk.net.URLClassPath.disableClassPathURLCheck=true 
Picked up _JAVA_OPTIONS: -Djdk.net.URLClassPath.disableClassPathURLCheck=true
Running org.apache.logging.log4j.core.util.CachedClockTest
Tests run: 2, Failures: 0, Errors: 0, Skipped: 0, Time elapsed: 0.18 sec - in org.apache.logging.log4j.core.util.CachedClockTest
Picked up JAVA_TOOL_OPTIONS: -XX:CICompilerCount=2 -XX:ParallelGCThreads=2 -XX:ConcGCThreads=2 -Djdk.net.URLClassPath.disableClassPathURLCheck=true -XX:CICompilerCount=2 -XX:ParallelGCThreads=2 -XX:ConcGCThreads=2 -Djdk.net.URLClassPath.disableClassPathURLCheck=true 
Picked up _JAVA_OPTIONS: -Djdk.net.URLClassPath.disableClassPathURLCheck=true
Running org.apache.logging.log4j.core.util.SystemClockTest
Tests run: 2, Failures: 0, Errors: 0, Skipped: 0, Time elapsed: 0.182 sec - in org.apache.logging.log4j.core.util.SystemClockTest
Picked up JAVA_TOOL_OPTIONS: -XX:CICompilerCount=2 -XX:ParallelGCThreads=2 -XX:ConcGCThreads=2 -Djdk.net.URLClassPath.disableClassPathURLCheck=true -XX:CICompilerCount=2 -XX:ParallelGCThreads=2 -XX:ConcGCThreads=2 -Djdk.net.URLClassPath.disableClassPathURLCheck=true 
Picked up _JAVA_OPTIONS: -Djdk.net.URLClassPath.disableClassPathURLCheck=true
Running org.apache.logging.log4j.core.BasicLoggingTest
18:02:55.279 [main] ERROR org.apache.logging.log4j.core.BasicLoggingTest - Test message
Tests run: 1, Failures: 0, Errors: 0, Skipped: 0, Time elapsed: 0.549 sec - in org.apache.logging.log4j.core.BasicLoggingTest
Picked up JAVA_TOOL_OPTIONS: -XX:CICompilerCount=2 -XX:ParallelGCThreads=2 -XX:ConcGCThreads=2 -Djdk.net.URLClassPath.disableClassPathURLCheck=true -XX:CICompilerCount=2 -XX:ParallelGCThreads=2 -XX:ConcGCThreads=2 -Djdk.net.URLClassPath.disableClassPathURLCheck=true 
Picked up _JAVA_OPTIONS: -Djdk.net.URLClassPath.disableClassPathURLCheck=true
Running org.apache.logging.log4j.core.async.AsyncLoggerConfigUseAfterShutdownTest
Tests run: 1, Failures: 0, Errors: 1, Skipped: 0, Time elapsed: 0.677 sec <<< FAILURE! - in org.apache.logging.log4j.core.async.AsyncLoggerConfigUseAfterShutdownTest
testNoErrorIfLogAfterShutdown(org.apache.logging.log4j.core.async.AsyncLoggerConfigUseAfterShutdownTest)  Time elapsed: 0.597 sec  <<< ERROR!
java.lang.NullPointerException: null
	at org.apache.logging.log4j.core.async.AsyncLoggerConfigHelper.callAppendersFromAnotherThread(AsyncLoggerConfigHelper.java:328)
	at org.apache.logging.log4j.core.async.AsyncLoggerConfig.callAppenders(AsyncLoggerConfig.java:111)
	at org.apache.logging.log4j.core.config.LoggerConfig.log(LoggerConfig.java:408)
	at org.apache.logging.log4j.core.config.LoggerConfig.log(LoggerConfig.java:368)
	at org.apache.logging.log4j.core.Logger.logMessage(Logger.java:103)
	at org.apache.logging.log4j.core.async.AsyncLoggerConfigUseAfterShutdownTest.testNoErrorIfLogAfterShutdown(AsyncLoggerConfigUseAfterShutdownTest.java:44)

Picked up JAVA_TOOL_OPTIONS: -XX:CICompilerCount=2 -XX:ParallelGCThreads=2 -XX:ConcGCThreads=2 -Djdk.net.URLClassPath.disableClassPathURLCheck=true -XX:CICompilerCount=2 -XX:ParallelGCThreads=2 -XX:ConcGCThreads=2 -Djdk.net.URLClassPath.disableClassPathURLCheck=true 
Picked up _JAVA_OPTIONS: -Djdk.net.URLClassPath.disableClassPathURLCheck=true
Running org.apache.logging.log4j.core.async.AsyncLoggerUseAfterShutdownTest
Tests run: 1, Failures: 0, Errors: 1, Skipped: 0, Time elapsed: 0.683 sec <<< FAILURE! - in org.apache.logging.log4j.core.async.AsyncLoggerUseAfterShutdownTest
testNoErrorIfLogAfterShutdown(org.apache.logging.log4j.core.async.AsyncLoggerUseAfterShutdownTest)  Time elapsed: 0.604 sec  <<< ERROR!
java.lang.NullPointerException: null
	at org.apache.logging.log4j.core.async.AsyncLogger.logMessage(AsyncLogger.java:269)
	at org.apache.logging.log4j.core.async.AsyncLoggerUseAfterShutdownTest.testNoErrorIfLogAfterShutdown(AsyncLoggerUseAfterShutdownTest.java:59)

Picked up JAVA_TOOL_OPTIONS: -XX:CICompilerCount=2 -XX:ParallelGCThreads=2 -XX:ConcGCThreads=2 -Djdk.net.URLClassPath.disableClassPathURLCheck=true -XX:CICompilerCount=2 -XX:ParallelGCThreads=2 -XX:ConcGCThreads=2 -Djdk.net.URLClassPath.disableClassPathURLCheck=true 
Picked up _JAVA_OPTIONS: -Djdk.net.URLClassPath.disableClassPathURLCheck=true
Running org.apache.logging.log4j.core.async.AsyncLoggerTest
Tests run: 1, Failures: 0, Errors: 0, Skipped: 0, Time elapsed: 0.706 sec - in org.apache.logging.log4j.core.async.AsyncLoggerTest
Picked up JAVA_TOOL_OPTIONS: -XX:CICompilerCount=2 -XX:ParallelGCThreads=2 -XX:ConcGCThreads=2 -Djdk.net.URLClassPath.disableClassPathURLCheck=true -XX:CICompilerCount=2 -XX:ParallelGCThreads=2 -XX:ConcGCThreads=2 -Djdk.net.URLClassPath.disableClassPathURLCheck=true 
Picked up _JAVA_OPTIONS: -Djdk.net.URLClassPath.disableClassPathURLCheck=true
Running org.apache.logging.log4j.core.async.RingBufferLogEventTest
Tests run: 5, Failures: 0, Errors: 0, Skipped: 0, Time elapsed: 0.166 sec - in org.apache.logging.log4j.core.async.RingBufferLogEventTest
Picked up JAVA_TOOL_OPTIONS: -XX:CICompilerCount=2 -XX:ParallelGCThreads=2 -XX:ConcGCThreads=2 -Djdk.net.URLClassPath.disableClassPathURLCheck=true -XX:CICompilerCount=2 -XX:ParallelGCThreads=2 -XX:ConcGCThreads=2 -Djdk.net.URLClassPath.disableClassPathURLCheck=true 
Picked up _JAVA_OPTIONS: -Djdk.net.URLClassPath.disableClassPathURLCheck=true
Running org.apache.logging.log4j.core.async.AsyncLoggerContextTest
Tests run: 1, Failures: 0, Errors: 0, Skipped: 0, Time elapsed: 0.563 sec - in org.apache.logging.log4j.core.async.AsyncLoggerContextTest
Picked up JAVA_TOOL_OPTIONS: -XX:CICompilerCount=2 -XX:ParallelGCThreads=2 -XX:ConcGCThreads=2 -Djdk.net.URLClassPath.disableClassPathURLCheck=true -XX:CICompilerCount=2 -XX:ParallelGCThreads=2 -XX:ConcGCThreads=2 -Djdk.net.URLClassPath.disableClassPathURLCheck=true 
Picked up _JAVA_OPTIONS: -Djdk.net.URLClassPath.disableClassPathURLCheck=true
Running org.apache.logging.log4j.core.async.AsyncLoggerConfigTest
Tests run: 1, Failures: 0, Errors: 0, Skipped: 0, Time elapsed: 0.641 sec - in org.apache.logging.log4j.core.async.AsyncLoggerConfigTest
Picked up JAVA_TOOL_OPTIONS: -XX:CICompilerCount=2 -XX:ParallelGCThreads=2 -XX:ConcGCThreads=2 -Djdk.net.URLClassPath.disableClassPathURLCheck=true -XX:CICompilerCount=2 -XX:ParallelGCThreads=2 -XX:ConcGCThreads=2 -Djdk.net.URLClassPath.disableClassPathURLCheck=true 
Picked up _JAVA_OPTIONS: -Djdk.net.URLClassPath.disableClassPathURLCheck=true
Running org.apache.logging.log4j.core.async.AsyncLoggerThreadNameStrategyTest
Tests run: 5, Failures: 0, Errors: 0, Skipped: 0, Time elapsed: 0.171 sec - in org.apache.logging.log4j.core.async.AsyncLoggerThreadNameStrategyTest
Picked up JAVA_TOOL_OPTIONS: -XX:CICompilerCount=2 -XX:ParallelGCThreads=2 -XX:ConcGCThreads=2 -Djdk.net.URLClassPath.disableClassPathURLCheck=true -XX:CICompilerCount=2 -XX:ParallelGCThreads=2 -XX:ConcGCThreads=2 -Djdk.net.URLClassPath.disableClassPathURLCheck=true 
Picked up _JAVA_OPTIONS: -Djdk.net.URLClassPath.disableClassPathURLCheck=true
Running org.apache.logging.log4j.core.async.AsyncLoggerLocationTest
Tests run: 1, Failures: 0, Errors: 0, Skipped: 0, Time elapsed: 1.638 sec - in org.apache.logging.log4j.core.async.AsyncLoggerLocationTest
Picked up JAVA_TOOL_OPTIONS: -XX:CICompilerCount=2 -XX:ParallelGCThreads=2 -XX:ConcGCThreads=2 -Djdk.net.URLClassPath.disableClassPathURLCheck=true -XX:CICompilerCount=2 -XX:ParallelGCThreads=2 -XX:ConcGCThreads=2 -Djdk.net.URLClassPath.disableClassPathURLCheck=true 
Picked up _JAVA_OPTIONS: -Djdk.net.URLClassPath.disableClassPathURLCheck=true
Running org.apache.logging.log4j.core.async.AsyncLoggerContextSelectorTest
Tests run: 4, Failures: 0, Errors: 0, Skipped: 0, Time elapsed: 0.27 sec - in org.apache.logging.log4j.core.async.AsyncLoggerContextSelectorTest
Picked up JAVA_TOOL_OPTIONS: -XX:CICompilerCount=2 -XX:ParallelGCThreads=2 -XX:ConcGCThreads=2 -Djdk.net.URLClassPath.disableClassPathURLCheck=true -XX:CICompilerCount=2 -XX:ParallelGCThreads=2 -XX:ConcGCThreads=2 -Djdk.net.URLClassPath.disableClassPathURLCheck=true 
Picked up _JAVA_OPTIONS: -Djdk.net.URLClassPath.disableClassPathURLCheck=true
Running org.apache.logging.log4j.core.pattern.LevelPatternConverterTest
Tests run: 8, Failures: 0, Errors: 0, Skipped: 0, Time elapsed: 0.143 sec - in org.apache.logging.log4j.core.pattern.LevelPatternConverterTest
Picked up JAVA_TOOL_OPTIONS: -XX:CICompilerCount=2 -XX:ParallelGCThreads=2 -XX:ConcGCThreads=2 -Djdk.net.URLClassPath.disableClassPathURLCheck=true -XX:CICompilerCount=2 -XX:ParallelGCThreads=2 -XX:ConcGCThreads=2 -Djdk.net.URLClassPath.disableClassPathURLCheck=true 
Picked up _JAVA_OPTIONS: -Djdk.net.URLClassPath.disableClassPathURLCheck=true
Running org.apache.logging.log4j.core.pattern.MessagePatternConverterTest
Tests run: 2, Failures: 0, Errors: 0, Skipped: 0, Time elapsed: 0.291 sec - in org.apache.logging.log4j.core.pattern.MessagePatternConverterTest
Picked up JAVA_TOOL_OPTIONS: -XX:CICompilerCount=2 -XX:ParallelGCThreads=2 -XX:ConcGCThreads=2 -Djdk.net.URLClassPath.disableClassPathURLCheck=true -XX:CICompilerCount=2 -XX:ParallelGCThreads=2 -XX:ConcGCThreads=2 -Djdk.net.URLClassPath.disableClassPathURLCheck=true 
Picked up _JAVA_OPTIONS: -Djdk.net.URLClassPath.disableClassPathURLCheck=true
Running org.apache.logging.log4j.core.pattern.MarkerPatternConverterTest
Tests run: 1, Failures: 0, Errors: 0, Skipped: 0, Time elapsed: 0.134 sec - in org.apache.logging.log4j.core.pattern.MarkerPatternConverterTest
Picked up JAVA_TOOL_OPTIONS: -XX:CICompilerCount=2 -XX:ParallelGCThreads=2 -XX:ConcGCThreads=2 -Djdk.net.URLClassPath.disableClassPathURLCheck=true -XX:CICompilerCount=2 -XX:ParallelGCThreads=2 -XX:ConcGCThreads=2 -Djdk.net.URLClassPath.disableClassPathURLCheck=true 
Picked up _JAVA_OPTIONS: -Djdk.net.URLClassPath.disableClassPathURLCheck=true
Running org.apache.logging.log4j.core.pattern.CallerInformationTest
Tests run: 2, Failures: 0, Errors: 0, Skipped: 0, Time elapsed: 0.578 sec - in org.apache.logging.log4j.core.pattern.CallerInformationTest
Picked up JAVA_TOOL_OPTIONS: -XX:CICompilerCount=2 -XX:ParallelGCThreads=2 -XX:ConcGCThreads=2 -Djdk.net.URLClassPath.disableClassPathURLCheck=true -XX:CICompilerCount=2 -XX:ParallelGCThreads=2 -XX:ConcGCThreads=2 -Djdk.net.URLClassPath.disableClassPathURLCheck=true 
Picked up _JAVA_OPTIONS: -Djdk.net.URLClassPath.disableClassPathURLCheck=true
Running org.apache.logging.log4j.core.pattern.ExtendedThrowableTest
Tests run: 1, Failures: 0, Errors: 0, Skipped: 0, Time elapsed: 0.622 sec - in org.apache.logging.log4j.core.pattern.ExtendedThrowableTest
Picked up JAVA_TOOL_OPTIONS: -XX:CICompilerCount=2 -XX:ParallelGCThreads=2 -XX:ConcGCThreads=2 -Djdk.net.URLClassPath.disableClassPathURLCheck=true -XX:CICompilerCount=2 -XX:ParallelGCThreads=2 -XX:ConcGCThreads=2 -Djdk.net.URLClassPath.disableClassPathURLCheck=true 
Picked up _JAVA_OPTIONS: -Djdk.net.URLClassPath.disableClassPathURLCheck=true
Running org.apache.logging.log4j.core.pattern.NameAbbreviatorTest
Tests run: 7, Failures: 0, Errors: 0, Skipped: 0, Time elapsed: 0.088 sec - in org.apache.logging.log4j.core.pattern.NameAbbreviatorTest
Picked up JAVA_TOOL_OPTIONS: -XX:CICompilerCount=2 -XX:ParallelGCThreads=2 -XX:ConcGCThreads=2 -Djdk.net.URLClassPath.disableClassPathURLCheck=true -XX:CICompilerCount=2 -XX:ParallelGCThreads=2 -XX:ConcGCThreads=2 -Djdk.net.URLClassPath.disableClassPathURLCheck=true 
Picked up _JAVA_OPTIONS: -Djdk.net.URLClassPath.disableClassPathURLCheck=true
Running org.apache.logging.log4j.core.pattern.RootThrowableTest
Tests run: 1, Failures: 0, Errors: 0, Skipped: 0, Time elapsed: 0.644 sec - in org.apache.logging.log4j.core.pattern.RootThrowableTest
Picked up JAVA_TOOL_OPTIONS: -XX:CICompilerCount=2 -XX:ParallelGCThreads=2 -XX:ConcGCThreads=2 -Djdk.net.URLClassPath.disableClassPathURLCheck=true -XX:CICompilerCount=2 -XX:ParallelGCThreads=2 -XX:ConcGCThreads=2 -Djdk.net.URLClassPath.disableClassPathURLCheck=true 
Picked up _JAVA_OPTIONS: -Djdk.net.URLClassPath.disableClassPathURLCheck=true
Running org.apache.logging.log4j.core.pattern.ThrowableTest
Tests run: 1, Failures: 0, Errors: 0, Skipped: 0, Time elapsed: 0.652 sec - in org.apache.logging.log4j.core.pattern.ThrowableTest
Picked up JAVA_TOOL_OPTIONS: -XX:CICompilerCount=2 -XX:ParallelGCThreads=2 -XX:ConcGCThreads=2 -Djdk.net.URLClassPath.disableClassPathURLCheck=true -XX:CICompilerCount=2 -XX:ParallelGCThreads=2 -XX:ConcGCThreads=2 -Djdk.net.URLClassPath.disableClassPathURLCheck=true 
Picked up _JAVA_OPTIONS: -Djdk.net.URLClassPath.disableClassPathURLCheck=true
Running org.apache.logging.log4j.core.pattern.ThrowablePatternConverterTest
Tests run: 8, Failures: 0, Errors: 0, Skipped: 0, Time elapsed: 0.167 sec - in org.apache.logging.log4j.core.pattern.ThrowablePatternConverterTest
Picked up JAVA_TOOL_OPTIONS: -XX:CICompilerCount=2 -XX:ParallelGCThreads=2 -XX:ConcGCThreads=2 -Djdk.net.URLClassPath.disableClassPathURLCheck=true -XX:CICompilerCount=2 -XX:ParallelGCThreads=2 -XX:ConcGCThreads=2 -Djdk.net.URLClassPath.disableClassPathURLCheck=true 
Picked up _JAVA_OPTIONS: -Djdk.net.URLClassPath.disableClassPathURLCheck=true
Running org.apache.logging.log4j.core.pattern.EncodingPatternConverterTest
Tests run: 1, Failures: 0, Errors: 0, Skipped: 0, Time elapsed: 0.493 sec - in org.apache.logging.log4j.core.pattern.EncodingPatternConverterTest
Picked up JAVA_TOOL_OPTIONS: -XX:CICompilerCount=2 -XX:ParallelGCThreads=2 -XX:ConcGCThreads=2 -Djdk.net.URLClassPath.disableClassPathURLCheck=true -XX:CICompilerCount=2 -XX:ParallelGCThreads=2 -XX:ConcGCThreads=2 -Djdk.net.URLClassPath.disableClassPathURLCheck=true 
Picked up _JAVA_OPTIONS: -Djdk.net.URLClassPath.disableClassPathURLCheck=true
Running org.apache.logging.log4j.core.pattern.RootThrowablePatternConverterTest
Tests run: 2, Failures: 0, Errors: 0, Skipped: 0, Time elapsed: 0.149 sec - in org.apache.logging.log4j.core.pattern.RootThrowablePatternConverterTest
Picked up JAVA_TOOL_OPTIONS: -XX:CICompilerCount=2 -XX:ParallelGCThreads=2 -XX:ConcGCThreads=2 -Djdk.net.URLClassPath.disableClassPathURLCheck=true -XX:CICompilerCount=2 -XX:ParallelGCThreads=2 -XX:ConcGCThreads=2 -Djdk.net.URLClassPath.disableClassPathURLCheck=true 
Picked up _JAVA_OPTIONS: -Djdk.net.URLClassPath.disableClassPathURLCheck=true
Running org.apache.logging.log4j.core.pattern.RegexReplacementTest
Tests run: 2, Failures: 0, Errors: 0, Skipped: 0, Time elapsed: 0.62 sec - in org.apache.logging.log4j.core.pattern.RegexReplacementTest
Picked up JAVA_TOOL_OPTIONS: -XX:CICompilerCount=2 -XX:ParallelGCThreads=2 -XX:ConcGCThreads=2 -Djdk.net.URLClassPath.disableClassPathURLCheck=true -XX:CICompilerCount=2 -XX:ParallelGCThreads=2 -XX:ConcGCThreads=2 -Djdk.net.URLClassPath.disableClassPathURLCheck=true 
Picked up _JAVA_OPTIONS: -Djdk.net.URLClassPath.disableClassPathURLCheck=true
Running org.apache.logging.log4j.core.pattern.ExtendedThrowablePatternConverterTest
Tests run: 2, Failures: 0, Errors: 0, Skipped: 0, Time elapsed: 0.172 sec - in org.apache.logging.log4j.core.pattern.ExtendedThrowablePatternConverterTest
Picked up JAVA_TOOL_OPTIONS: -XX:CICompilerCount=2 -XX:ParallelGCThreads=2 -XX:ConcGCThreads=2 -Djdk.net.URLClassPath.disableClassPathURLCheck=true -XX:CICompilerCount=2 -XX:ParallelGCThreads=2 -XX:ConcGCThreads=2 -Djdk.net.URLClassPath.disableClassPathURLCheck=true 
Picked up _JAVA_OPTIONS: -Djdk.net.URLClassPath.disableClassPathURLCheck=true
Running org.apache.logging.log4j.core.pattern.RegexReplacementConverterTest
Tests run: 1, Failures: 0, Errors: 0, Skipped: 0, Time elapsed: 0.523 sec - in org.apache.logging.log4j.core.pattern.RegexReplacementConverterTest
Picked up JAVA_TOOL_OPTIONS: -XX:CICompilerCount=2 -XX:ParallelGCThreads=2 -XX:ConcGCThreads=2 -Djdk.net.URLClassPath.disableClassPathURLCheck=true -XX:CICompilerCount=2 -XX:ParallelGCThreads=2 -XX:ConcGCThreads=2 -Djdk.net.URLClassPath.disableClassPathURLCheck=true 
Picked up _JAVA_OPTIONS: -Djdk.net.URLClassPath.disableClassPathURLCheck=true
Running org.apache.logging.log4j.core.pattern.PatternParserTest
Tests run: 3, Failures: 0, Errors: 0, Skipped: 0, Time elapsed: 0.558 sec - in org.apache.logging.log4j.core.pattern.PatternParserTest
Picked up JAVA_TOOL_OPTIONS: -XX:CICompilerCount=2 -XX:ParallelGCThreads=2 -XX:ConcGCThreads=2 -Djdk.net.URLClassPath.disableClassPathURLCheck=true -XX:CICompilerCount=2 -XX:ParallelGCThreads=2 -XX:ConcGCThreads=2 -Djdk.net.URLClassPath.disableClassPathURLCheck=true 
Picked up _JAVA_OPTIONS: -Djdk.net.URLClassPath.disableClassPathURLCheck=true
Running org.apache.logging.log4j.core.pattern.MapPatternConverterTest
Tests run: 2, Failures: 0, Errors: 0, Skipped: 0, Time elapsed: 0.138 sec - in org.apache.logging.log4j.core.pattern.MapPatternConverterTest
Picked up JAVA_TOOL_OPTIONS: -XX:CICompilerCount=2 -XX:ParallelGCThreads=2 -XX:ConcGCThreads=2 -Djdk.net.URLClassPath.disableClassPathURLCheck=true -XX:CICompilerCount=2 -XX:ParallelGCThreads=2 -XX:ConcGCThreads=2 -Djdk.net.URLClassPath.disableClassPathURLCheck=true 
Picked up _JAVA_OPTIONS: -Djdk.net.URLClassPath.disableClassPathURLCheck=true
Running org.apache.logging.log4j.core.pattern.StyleConverterTest
Tests run: 1, Failures: 0, Errors: 0, Skipped: 0, Time elapsed: 0.636 sec - in org.apache.logging.log4j.core.pattern.StyleConverterTest
Picked up JAVA_TOOL_OPTIONS: -XX:CICompilerCount=2 -XX:ParallelGCThreads=2 -XX:ConcGCThreads=2 -Djdk.net.URLClassPath.disableClassPathURLCheck=true -XX:CICompilerCount=2 -XX:ParallelGCThreads=2 -XX:ConcGCThreads=2 -Djdk.net.URLClassPath.disableClassPathURLCheck=true 
Picked up _JAVA_OPTIONS: -Djdk.net.URLClassPath.disableClassPathURLCheck=true
Running org.apache.logging.log4j.core.impl.ThrowableProxyTest
Tests run: 2, Failures: 0, Errors: 0, Skipped: 0, Time elapsed: 0.601 sec - in org.apache.logging.log4j.core.impl.ThrowableProxyTest
Picked up JAVA_TOOL_OPTIONS: -XX:CICompilerCount=2 -XX:ParallelGCThreads=2 -XX:ConcGCThreads=2 -Djdk.net.URLClassPath.disableClassPathURLCheck=true -XX:CICompilerCount=2 -XX:ParallelGCThreads=2 -XX:ConcGCThreads=2 -Djdk.net.URLClassPath.disableClassPathURLCheck=true 
Picked up _JAVA_OPTIONS: -Djdk.net.URLClassPath.disableClassPathURLCheck=true
Running org.apache.logging.log4j.core.impl.ThrowableFormatOptionsTest
Tests run: 35, Failures: 0, Errors: 0, Skipped: 0, Time elapsed: 0.171 sec - in org.apache.logging.log4j.core.impl.ThrowableFormatOptionsTest
Picked up JAVA_TOOL_OPTIONS: -XX:CICompilerCount=2 -XX:ParallelGCThreads=2 -XX:ConcGCThreads=2 -Djdk.net.URLClassPath.disableClassPathURLCheck=true -XX:CICompilerCount=2 -XX:ParallelGCThreads=2 -XX:ConcGCThreads=2 -Djdk.net.URLClassPath.disableClassPathURLCheck=true 
Picked up _JAVA_OPTIONS: -Djdk.net.URLClassPath.disableClassPathURLCheck=true
Running org.apache.logging.log4j.core.impl.Log4jLogEventTest
Tests run: 3, Failures: 0, Errors: 0, Skipped: 0, Time elapsed: 0.155 sec - in org.apache.logging.log4j.core.impl.Log4jLogEventTest
Picked up JAVA_TOOL_OPTIONS: -XX:CICompilerCount=2 -XX:ParallelGCThreads=2 -XX:ConcGCThreads=2 -Djdk.net.URLClassPath.disableClassPathURLCheck=true -XX:CICompilerCount=2 -XX:ParallelGCThreads=2 -XX:ConcGCThreads=2 -Djdk.net.URLClassPath.disableClassPathURLCheck=true 
Picked up _JAVA_OPTIONS: -Djdk.net.URLClassPath.disableClassPathURLCheck=true
Running org.apache.logging.log4j.core.StrictXMLConfigTest
Tests run: 9, Failures: 0, Errors: 0, Skipped: 0, Time elapsed: 0.685 sec - in org.apache.logging.log4j.core.StrictXMLConfigTest
Picked up JAVA_TOOL_OPTIONS: -XX:CICompilerCount=2 -XX:ParallelGCThreads=2 -XX:ConcGCThreads=2 -Djdk.net.URLClassPath.disableClassPathURLCheck=true -XX:CICompilerCount=2 -XX:ParallelGCThreads=2 -XX:ConcGCThreads=2 -Djdk.net.URLClassPath.disableClassPathURLCheck=true 
Picked up _JAVA_OPTIONS: -Djdk.net.URLClassPath.disableClassPathURLCheck=true
Running org.apache.logging.log4j.core.layout.JSONLayoutTest
Tests run: 7, Failures: 0, Errors: 0, Skipped: 0, Time elapsed: 1.082 sec - in org.apache.logging.log4j.core.layout.JSONLayoutTest
Picked up JAVA_TOOL_OPTIONS: -XX:CICompilerCount=2 -XX:ParallelGCThreads=2 -XX:ConcGCThreads=2 -Djdk.net.URLClassPath.disableClassPathURLCheck=true -XX:CICompilerCount=2 -XX:ParallelGCThreads=2 -XX:ConcGCThreads=2 -Djdk.net.URLClassPath.disableClassPathURLCheck=true 
Picked up _JAVA_OPTIONS: -Djdk.net.URLClassPath.disableClassPathURLCheck=true
Running org.apache.logging.log4j.core.layout.XMLLayoutTest
Tests run: 6, Failures: 0, Errors: 0, Skipped: 0, Time elapsed: 1.17 sec - in org.apache.logging.log4j.core.layout.XMLLayoutTest
Picked up JAVA_TOOL_OPTIONS: -XX:CICompilerCount=2 -XX:ParallelGCThreads=2 -XX:ConcGCThreads=2 -Djdk.net.URLClassPath.disableClassPathURLCheck=true -XX:CICompilerCount=2 -XX:ParallelGCThreads=2 -XX:ConcGCThreads=2 -Djdk.net.URLClassPath.disableClassPathURLCheck=true 
Picked up _JAVA_OPTIONS: -Djdk.net.URLClassPath.disableClassPathURLCheck=true
Running org.apache.logging.log4j.core.layout.RFC5424LayoutTest
Tests run: 8, Failures: 0, Errors: 0, Skipped: 0, Time elapsed: 0.562 sec - in org.apache.logging.log4j.core.layout.RFC5424LayoutTest
Picked up JAVA_TOOL_OPTIONS: -XX:CICompilerCount=2 -XX:ParallelGCThreads=2 -XX:ConcGCThreads=2 -Djdk.net.URLClassPath.disableClassPathURLCheck=true -XX:CICompilerCount=2 -XX:ParallelGCThreads=2 -XX:ConcGCThreads=2 -Djdk.net.URLClassPath.disableClassPathURLCheck=true 
Picked up _JAVA_OPTIONS: -Djdk.net.URLClassPath.disableClassPathURLCheck=true
Running org.apache.logging.log4j.core.layout.SyslogLayoutTest
Tests run: 1, Failures: 0, Errors: 0, Skipped: 0, Time elapsed: 0.534 sec - in org.apache.logging.log4j.core.layout.SyslogLayoutTest
Picked up JAVA_TOOL_OPTIONS: -XX:CICompilerCount=2 -XX:ParallelGCThreads=2 -XX:ConcGCThreads=2 -Djdk.net.URLClassPath.disableClassPathURLCheck=true -XX:CICompilerCount=2 -XX:ParallelGCThreads=2 -XX:ConcGCThreads=2 -Djdk.net.URLClassPath.disableClassPathURLCheck=true 
Picked up _JAVA_OPTIONS: -Djdk.net.URLClassPath.disableClassPathURLCheck=true
Running org.apache.logging.log4j.core.layout.PatternLayoutTest
Tests run: 5, Failures: 0, Errors: 0, Skipped: 0, Time elapsed: 1.394 sec - in org.apache.logging.log4j.core.layout.PatternLayoutTest
Picked up JAVA_TOOL_OPTIONS: -XX:CICompilerCount=2 -XX:ParallelGCThreads=2 -XX:ConcGCThreads=2 -Djdk.net.URLClassPath.disableClassPathURLCheck=true -XX:CICompilerCount=2 -XX:ParallelGCThreads=2 -XX:ConcGCThreads=2 -Djdk.net.URLClassPath.disableClassPathURLCheck=true 
Picked up _JAVA_OPTIONS: -Djdk.net.URLClassPath.disableClassPathURLCheck=true
Running org.apache.logging.log4j.core.layout.SerializedLayoutTest
Tests run: 3, Failures: 0, Errors: 0, Skipped: 0, Time elapsed: 1.179 sec - in org.apache.logging.log4j.core.layout.SerializedLayoutTest
Picked up JAVA_TOOL_OPTIONS: -XX:CICompilerCount=2 -XX:ParallelGCThreads=2 -XX:ConcGCThreads=2 -Djdk.net.URLClassPath.disableClassPathURLCheck=true -XX:CICompilerCount=2 -XX:ParallelGCThreads=2 -XX:ConcGCThreads=2 -Djdk.net.URLClassPath.disableClassPathURLCheck=true 
Picked up _JAVA_OPTIONS: -Djdk.net.URLClassPath.disableClassPathURLCheck=true
Running org.apache.logging.log4j.core.layout.HTMLLayoutTest
Tests run: 5, Failures: 0, Errors: 0, Skipped: 0, Time elapsed: 0.515 sec - in org.apache.logging.log4j.core.layout.HTMLLayoutTest
Picked up JAVA_TOOL_OPTIONS: -XX:CICompilerCount=2 -XX:ParallelGCThreads=2 -XX:ConcGCThreads=2 -Djdk.net.URLClassPath.disableClassPathURLCheck=true -XX:CICompilerCount=2 -XX:ParallelGCThreads=2 -XX:ConcGCThreads=2 -Djdk.net.URLClassPath.disableClassPathURLCheck=true 
Picked up _JAVA_OPTIONS: -Djdk.net.URLClassPath.disableClassPathURLCheck=true
Running org.apache.logging.log4j.core.ThreadedTest
Counter = 100
Tests run: 1, Failures: 0, Errors: 0, Skipped: 0, Time elapsed: 0.881 sec - in org.apache.logging.log4j.core.ThreadedTest
Picked up JAVA_TOOL_OPTIONS: -XX:CICompilerCount=2 -XX:ParallelGCThreads=2 -XX:ConcGCThreads=2 -Djdk.net.URLClassPath.disableClassPathURLCheck=true -XX:CICompilerCount=2 -XX:ParallelGCThreads=2 -XX:ConcGCThreads=2 -Djdk.net.URLClassPath.disableClassPathURLCheck=true 
Picked up _JAVA_OPTIONS: -Djdk.net.URLClassPath.disableClassPathURLCheck=true
Running org.apache.logging.log4j.core.LevelTest
Tests run: 1, Failures: 0, Errors: 0, Skipped: 0, Time elapsed: 0.737 sec - in org.apache.logging.log4j.core.LevelTest
Picked up JAVA_TOOL_OPTIONS: -XX:CICompilerCount=2 -XX:ParallelGCThreads=2 -XX:ConcGCThreads=2 -Djdk.net.URLClassPath.disableClassPathURLCheck=true -XX:CICompilerCount=2 -XX:ParallelGCThreads=2 -XX:ConcGCThreads=2 -Djdk.net.URLClassPath.disableClassPathURLCheck=true 
Picked up _JAVA_OPTIONS: -Djdk.net.URLClassPath.disableClassPathURLCheck=true
Running org.apache.logging.log4j.core.ThreadedPerfTest
Timer DebugDisabled stopped. Elapsed time: 0.007870684 seconds Average per iteration: 0.000000000 seconds
Timer DebugLogger stopped. Elapsed time: 0.029533531 seconds Average per iteration: 0.000000000 seconds
Tests run: 2, Failures: 0, Errors: 0, Skipped: 0, Time elapsed: 0.581 sec - in org.apache.logging.log4j.core.ThreadedPerfTest
Picked up JAVA_TOOL_OPTIONS: -XX:CICompilerCount=2 -XX:ParallelGCThreads=2 -XX:ConcGCThreads=2 -Djdk.net.URLClassPath.disableClassPathURLCheck=true -XX:CICompilerCount=2 -XX:ParallelGCThreads=2 -XX:ConcGCThreads=2 -Djdk.net.URLClassPath.disableClassPathURLCheck=true 
Picked up _JAVA_OPTIONS: -Djdk.net.URLClassPath.disableClassPathURLCheck=true
Running org.apache.logging.log4j.core.LookupTest
Tests run: 1, Failures: 0, Errors: 0, Skipped: 0, Time elapsed: 0.634 sec - in org.apache.logging.log4j.core.LookupTest
Picked up JAVA_TOOL_OPTIONS: -XX:CICompilerCount=2 -XX:ParallelGCThreads=2 -XX:ConcGCThreads=2 -Djdk.net.URLClassPath.disableClassPathURLCheck=true -XX:CICompilerCount=2 -XX:ParallelGCThreads=2 -XX:ConcGCThreads=2 -Djdk.net.URLClassPath.disableClassPathURLCheck=true 
Picked up _JAVA_OPTIONS: -Djdk.net.URLClassPath.disableClassPathURLCheck=true
Running org.apache.logging.log4j.core.CollectionLoggingTest
Tests run: 4, Failures: 0, Errors: 0, Skipped: 0, Time elapsed: 0.71 sec - in org.apache.logging.log4j.core.CollectionLoggingTest
Picked up JAVA_TOOL_OPTIONS: -XX:CICompilerCount=2 -XX:ParallelGCThreads=2 -XX:ConcGCThreads=2 -Djdk.net.URLClassPath.disableClassPathURLCheck=true -XX:CICompilerCount=2 -XX:ParallelGCThreads=2 -XX:ConcGCThreads=2 -Djdk.net.URLClassPath.disableClassPathURLCheck=true 
Picked up _JAVA_OPTIONS: -Djdk.net.URLClassPath.disableClassPathURLCheck=true
Running org.apache.logging.log4j.core.LogEventTest
Tests run: 1, Failures: 0, Errors: 0, Skipped: 0, Time elapsed: 0.181 sec - in org.apache.logging.log4j.core.LogEventTest
Picked up JAVA_TOOL_OPTIONS: -XX:CICompilerCount=2 -XX:ParallelGCThreads=2 -XX:ConcGCThreads=2 -Djdk.net.URLClassPath.disableClassPathURLCheck=true -XX:CICompilerCount=2 -XX:ParallelGCThreads=2 -XX:ConcGCThreads=2 -Djdk.net.URLClassPath.disableClassPathURLCheck=true 
Picked up _JAVA_OPTIONS: -Djdk.net.URLClassPath.disableClassPathURLCheck=true
Running org.apache.logging.log4j.core.jackson.StackTraceElementMixInTest
Tests run: 4, Failures: 0, Errors: 0, Skipped: 0, Time elapsed: 0.622 sec - in org.apache.logging.log4j.core.jackson.StackTraceElementMixInTest
Picked up JAVA_TOOL_OPTIONS: -XX:CICompilerCount=2 -XX:ParallelGCThreads=2 -XX:ConcGCThreads=2 -Djdk.net.URLClassPath.disableClassPathURLCheck=true -XX:CICompilerCount=2 -XX:ParallelGCThreads=2 -XX:ConcGCThreads=2 -Djdk.net.URLClassPath.disableClassPathURLCheck=true 
Picked up _JAVA_OPTIONS: -Djdk.net.URLClassPath.disableClassPathURLCheck=true
Running org.apache.logging.log4j.core.jackson.JacksonIssue429Test
Tests run: 1, Failures: 0, Errors: 0, Skipped: 0, Time elapsed: 0.402 sec - in org.apache.logging.log4j.core.jackson.JacksonIssue429Test
Picked up JAVA_TOOL_OPTIONS: -XX:CICompilerCount=2 -XX:ParallelGCThreads=2 -XX:ConcGCThreads=2 -Djdk.net.URLClassPath.disableClassPathURLCheck=true -XX:CICompilerCount=2 -XX:ParallelGCThreads=2 -XX:ConcGCThreads=2 -Djdk.net.URLClassPath.disableClassPathURLCheck=true 
Picked up _JAVA_OPTIONS: -Djdk.net.URLClassPath.disableClassPathURLCheck=true
Running org.apache.logging.log4j.core.jackson.LevelMixInTest
Tests run: 2, Failures: 0, Errors: 0, Skipped: 0, Time elapsed: 0.483 sec - in org.apache.logging.log4j.core.jackson.LevelMixInTest
Picked up JAVA_TOOL_OPTIONS: -XX:CICompilerCount=2 -XX:ParallelGCThreads=2 -XX:ConcGCThreads=2 -Djdk.net.URLClassPath.disableClassPathURLCheck=true -XX:CICompilerCount=2 -XX:ParallelGCThreads=2 -XX:ConcGCThreads=2 -Djdk.net.URLClassPath.disableClassPathURLCheck=true 
Picked up _JAVA_OPTIONS: -Djdk.net.URLClassPath.disableClassPathURLCheck=true
Running org.apache.logging.log4j.core.jackson.JacksonIssue429MyNamesTest
Tests run: 1, Failures: 0, Errors: 0, Skipped: 0, Time elapsed: 0.4 sec - in org.apache.logging.log4j.core.jackson.JacksonIssue429MyNamesTest
Picked up JAVA_TOOL_OPTIONS: -XX:CICompilerCount=2 -XX:ParallelGCThreads=2 -XX:ConcGCThreads=2 -Djdk.net.URLClassPath.disableClassPathURLCheck=true -XX:CICompilerCount=2 -XX:ParallelGCThreads=2 -XX:ConcGCThreads=2 -Djdk.net.URLClassPath.disableClassPathURLCheck=true 
Picked up _JAVA_OPTIONS: -Djdk.net.URLClassPath.disableClassPathURLCheck=true
Running org.apache.logging.log4j.core.AppenderRefLevelJsonTest
Tests run: 3, Failures: 0, Errors: 0, Skipped: 0, Time elapsed: 0.729 sec - in org.apache.logging.log4j.core.AppenderRefLevelJsonTest
Picked up JAVA_TOOL_OPTIONS: -XX:CICompilerCount=2 -XX:ParallelGCThreads=2 -XX:ConcGCThreads=2 -Djdk.net.URLClassPath.disableClassPathURLCheck=true -XX:CICompilerCount=2 -XX:ParallelGCThreads=2 -XX:ConcGCThreads=2 -Djdk.net.URLClassPath.disableClassPathURLCheck=true 
Picked up _JAVA_OPTIONS: -Djdk.net.URLClassPath.disableClassPathURLCheck=true
Running org.apache.logging.log4j.core.ShutdownDisabledTest
Tests run: 1, Failures: 0, Errors: 0, Skipped: 0, Time elapsed: 0.589 sec - in org.apache.logging.log4j.core.ShutdownDisabledTest
Picked up JAVA_TOOL_OPTIONS: -XX:CICompilerCount=2 -XX:ParallelGCThreads=2 -XX:ConcGCThreads=2 -Djdk.net.URLClassPath.disableClassPathURLCheck=true -XX:CICompilerCount=2 -XX:ParallelGCThreads=2 -XX:ConcGCThreads=2 -Djdk.net.URLClassPath.disableClassPathURLCheck=true 
Picked up _JAVA_OPTIONS: -Djdk.net.URLClassPath.disableClassPathURLCheck=true
Running org.apache.logging.log4j.core.SimplePerfTest
Timer Setup stopped. Elapsed time: 0.095231750 seconds Average per iteration: 0.000000009 seconds
Timer DebugDisabled stopped. Elapsed time: 0.046473045 seconds Average per iteration: 0.000000004 seconds
Timer DebugLogger stopped. Elapsed time: 0.051384699 seconds Average per iteration: 0.000000005 seconds
Timer DebugDisabled stopped. Elapsed time: 0.049196711 seconds Average per iteration: 0.000000004 seconds
Tests run: 3, Failures: 0, Errors: 0, Skipped: 0, Time elapsed: 0.942 sec - in org.apache.logging.log4j.core.SimplePerfTest
Picked up JAVA_TOOL_OPTIONS: -XX:CICompilerCount=2 -XX:ParallelGCThreads=2 -XX:ConcGCThreads=2 -Djdk.net.URLClassPath.disableClassPathURLCheck=true -XX:CICompilerCount=2 -XX:ParallelGCThreads=2 -XX:ConcGCThreads=2 -Djdk.net.URLClassPath.disableClassPathURLCheck=true 
Picked up _JAVA_OPTIONS: -Djdk.net.URLClassPath.disableClassPathURLCheck=true
Running org.apache.logging.log4j.core.filter.TimeFilterTest
Tests run: 1, Failures: 0, Errors: 0, Skipped: 0, Time elapsed: 0.142 sec - in org.apache.logging.log4j.core.filter.TimeFilterTest
Picked up JAVA_TOOL_OPTIONS: -XX:CICompilerCount=2 -XX:ParallelGCThreads=2 -XX:ConcGCThreads=2 -Djdk.net.URLClassPath.disableClassPathURLCheck=true -XX:CICompilerCount=2 -XX:ParallelGCThreads=2 -XX:ConcGCThreads=2 -Djdk.net.URLClassPath.disableClassPathURLCheck=true 
Picked up _JAVA_OPTIONS: -Djdk.net.URLClassPath.disableClassPathURLCheck=true
Running org.apache.logging.log4j.core.filter.ThreadContextMapFilterTest
Tests run: 1, Failures: 0, Errors: 0, Skipped: 0, Time elapsed: 0.123 sec - in org.apache.logging.log4j.core.filter.ThreadContextMapFilterTest
Picked up JAVA_TOOL_OPTIONS: -XX:CICompilerCount=2 -XX:ParallelGCThreads=2 -XX:ConcGCThreads=2 -Djdk.net.URLClassPath.disableClassPathURLCheck=true -XX:CICompilerCount=2 -XX:ParallelGCThreads=2 -XX:ConcGCThreads=2 -Djdk.net.URLClassPath.disableClassPathURLCheck=true 
Picked up _JAVA_OPTIONS: -Djdk.net.URLClassPath.disableClassPathURLCheck=true
Running org.apache.logging.log4j.core.filter.DynamicThresholdFilterTest
Tests run: 2, Failures: 0, Errors: 0, Skipped: 0, Time elapsed: 0.639 sec - in org.apache.logging.log4j.core.filter.DynamicThresholdFilterTest
Picked up JAVA_TOOL_OPTIONS: -XX:CICompilerCount=2 -XX:ParallelGCThreads=2 -XX:ConcGCThreads=2 -Djdk.net.URLClassPath.disableClassPathURLCheck=true -XX:CICompilerCount=2 -XX:ParallelGCThreads=2 -XX:ConcGCThreads=2 -Djdk.net.URLClassPath.disableClassPathURLCheck=true 
Picked up _JAVA_OPTIONS: -Djdk.net.URLClassPath.disableClassPathURLCheck=true
Running org.apache.logging.log4j.core.filter.MapFilterTest
Tests run: 2, Failures: 0, Errors: 0, Skipped: 0, Time elapsed: 0.609 sec - in org.apache.logging.log4j.core.filter.MapFilterTest
Picked up JAVA_TOOL_OPTIONS: -XX:CICompilerCount=2 -XX:ParallelGCThreads=2 -XX:ConcGCThreads=2 -Djdk.net.URLClassPath.disableClassPathURLCheck=true -XX:CICompilerCount=2 -XX:ParallelGCThreads=2 -XX:ConcGCThreads=2 -Djdk.net.URLClassPath.disableClassPathURLCheck=true 
Picked up _JAVA_OPTIONS: -Djdk.net.URLClassPath.disableClassPathURLCheck=true
Running org.apache.logging.log4j.core.filter.ThresholdFilterTest
Tests run: 1, Failures: 0, Errors: 0, Skipped: 0, Time elapsed: 0.129 sec - in org.apache.logging.log4j.core.filter.ThresholdFilterTest
Picked up JAVA_TOOL_OPTIONS: -XX:CICompilerCount=2 -XX:ParallelGCThreads=2 -XX:ConcGCThreads=2 -Djdk.net.URLClassPath.disableClassPathURLCheck=true -XX:CICompilerCount=2 -XX:ParallelGCThreads=2 -XX:ConcGCThreads=2 -Djdk.net.URLClassPath.disableClassPathURLCheck=true 
Picked up _JAVA_OPTIONS: -Djdk.net.URLClassPath.disableClassPathURLCheck=true
Running org.apache.logging.log4j.core.filter.StructuredDataFilterTest
Tests run: 2, Failures: 0, Errors: 0, Skipped: 0, Time elapsed: 0.547 sec - in org.apache.logging.log4j.core.filter.StructuredDataFilterTest
Picked up JAVA_TOOL_OPTIONS: -XX:CICompilerCount=2 -XX:ParallelGCThreads=2 -XX:ConcGCThreads=2 -Djdk.net.URLClassPath.disableClassPathURLCheck=true -XX:CICompilerCount=2 -XX:ParallelGCThreads=2 -XX:ConcGCThreads=2 -Djdk.net.URLClassPath.disableClassPathURLCheck=true 
Picked up _JAVA_OPTIONS: -Djdk.net.URLClassPath.disableClassPathURLCheck=true
Running org.apache.logging.log4j.core.filter.RegexFilterTest
Tests run: 2, Failures: 0, Errors: 0, Skipped: 0, Time elapsed: 0.157 sec - in org.apache.logging.log4j.core.filter.RegexFilterTest
Picked up JAVA_TOOL_OPTIONS: -XX:CICompilerCount=2 -XX:ParallelGCThreads=2 -XX:ConcGCThreads=2 -Djdk.net.URLClassPath.disableClassPathURLCheck=true -XX:CICompilerCount=2 -XX:ParallelGCThreads=2 -XX:ConcGCThreads=2 -Djdk.net.URLClassPath.disableClassPathURLCheck=true 
Picked up _JAVA_OPTIONS: -Djdk.net.URLClassPath.disableClassPathURLCheck=true
Running org.apache.logging.log4j.core.filter.BurstFilterTest
Tests run: 1, Failures: 0, Errors: 0, Skipped: 0, Time elapsed: 7.406 sec - in org.apache.logging.log4j.core.filter.BurstFilterTest
Picked up JAVA_TOOL_OPTIONS: -XX:CICompilerCount=2 -XX:ParallelGCThreads=2 -XX:ConcGCThreads=2 -Djdk.net.URLClassPath.disableClassPathURLCheck=true -XX:CICompilerCount=2 -XX:ParallelGCThreads=2 -XX:ConcGCThreads=2 -Djdk.net.URLClassPath.disableClassPathURLCheck=true 
Picked up _JAVA_OPTIONS: -Djdk.net.URLClassPath.disableClassPathURLCheck=true
Running org.apache.logging.log4j.core.filter.MarkerFilterTest
Tests run: 1, Failures: 0, Errors: 0, Skipped: 0, Time elapsed: 0.145 sec - in org.apache.logging.log4j.core.filter.MarkerFilterTest
Picked up JAVA_TOOL_OPTIONS: -XX:CICompilerCount=2 -XX:ParallelGCThreads=2 -XX:ConcGCThreads=2 -Djdk.net.URLClassPath.disableClassPathURLCheck=true -XX:CICompilerCount=2 -XX:ParallelGCThreads=2 -XX:ConcGCThreads=2 -Djdk.net.URLClassPath.disableClassPathURLCheck=true 
Picked up _JAVA_OPTIONS: -Djdk.net.URLClassPath.disableClassPathURLCheck=true
Running org.apache.logging.log4j.core.LoggerTest
Tests run: 15, Failures: 0, Errors: 0, Skipped: 0, Time elapsed: 2.795 sec - in org.apache.logging.log4j.core.LoggerTest
Picked up JAVA_TOOL_OPTIONS: -XX:CICompilerCount=2 -XX:ParallelGCThreads=2 -XX:ConcGCThreads=2 -Djdk.net.URLClassPath.disableClassPathURLCheck=true -XX:CICompilerCount=2 -XX:ParallelGCThreads=2 -XX:ConcGCThreads=2 -Djdk.net.URLClassPath.disableClassPathURLCheck=true 
Picked up _JAVA_OPTIONS: -Djdk.net.URLClassPath.disableClassPathURLCheck=true
Running org.apache.logging.log4j.core.HostNameTest
Tests run: 1, Failures: 0, Errors: 0, Skipped: 0, Time elapsed: 0.71 sec - in org.apache.logging.log4j.core.HostNameTest
Picked up JAVA_TOOL_OPTIONS: -XX:CICompilerCount=2 -XX:ParallelGCThreads=2 -XX:ConcGCThreads=2 -Djdk.net.URLClassPath.disableClassPathURLCheck=true -XX:CICompilerCount=2 -XX:ParallelGCThreads=2 -XX:ConcGCThreads=2 -Djdk.net.URLClassPath.disableClassPathURLCheck=true 
Picked up _JAVA_OPTIONS: -Djdk.net.URLClassPath.disableClassPathURLCheck=true
Running org.apache.logging.log4j.core.jmx.ServerTest
Tests run: 10, Failures: 0, Errors: 0, Skipped: 0, Time elapsed: 0.126 sec - in org.apache.logging.log4j.core.jmx.ServerTest
Picked up JAVA_TOOL_OPTIONS: -XX:CICompilerCount=2 -XX:ParallelGCThreads=2 -XX:ConcGCThreads=2 -Djdk.net.URLClassPath.disableClassPathURLCheck=true -XX:CICompilerCount=2 -XX:ParallelGCThreads=2 -XX:ConcGCThreads=2 -Djdk.net.URLClassPath.disableClassPathURLCheck=true 
Picked up _JAVA_OPTIONS: -Djdk.net.URLClassPath.disableClassPathURLCheck=true
Running org.apache.logging.log4j.core.osgi.equinox.EquinoxLoadCoreBundleTest
Tests run: 1, Failures: 0, Errors: 0, Skipped: 1, Time elapsed: 0.062 sec - in org.apache.logging.log4j.core.osgi.equinox.EquinoxLoadCoreBundleTest
Picked up JAVA_TOOL_OPTIONS: -XX:CICompilerCount=2 -XX:ParallelGCThreads=2 -XX:ConcGCThreads=2 -Djdk.net.URLClassPath.disableClassPathURLCheck=true -XX:CICompilerCount=2 -XX:ParallelGCThreads=2 -XX:ConcGCThreads=2 -Djdk.net.URLClassPath.disableClassPathURLCheck=true 
Picked up _JAVA_OPTIONS: -Djdk.net.URLClassPath.disableClassPathURLCheck=true
Running org.apache.logging.log4j.core.osgi.felix.FelixLoadCoreBundleTest
Tests run: 1, Failures: 0, Errors: 0, Skipped: 1, Time elapsed: 0.039 sec - in org.apache.logging.log4j.core.osgi.felix.FelixLoadCoreBundleTest
Picked up JAVA_TOOL_OPTIONS: -XX:CICompilerCount=2 -XX:ParallelGCThreads=2 -XX:ConcGCThreads=2 -Djdk.net.URLClassPath.disableClassPathURLCheck=true -XX:CICompilerCount=2 -XX:ParallelGCThreads=2 -XX:ConcGCThreads=2 -Djdk.net.URLClassPath.disableClassPathURLCheck=true 
Picked up _JAVA_OPTIONS: -Djdk.net.URLClassPath.disableClassPathURLCheck=true
Running org.apache.logging.log4j.core.LoggerUpdateTest
Tests run: 1, Failures: 0, Errors: 0, Skipped: 0, Time elapsed: 0.785 sec - in org.apache.logging.log4j.core.LoggerUpdateTest
Picked up JAVA_TOOL_OPTIONS: -XX:CICompilerCount=2 -XX:ParallelGCThreads=2 -XX:ConcGCThreads=2 -Djdk.net.URLClassPath.disableClassPathURLCheck=true -XX:CICompilerCount=2 -XX:ParallelGCThreads=2 -XX:ConcGCThreads=2 -Djdk.net.URLClassPath.disableClassPathURLCheck=true 
Picked up _JAVA_OPTIONS: -Djdk.net.URLClassPath.disableClassPathURLCheck=true
Running org.apache.logging.log4j.core.LogEventFactoryTest
Tests run: 1, Failures: 0, Errors: 0, Skipped: 0, Time elapsed: 0.712 sec - in org.apache.logging.log4j.core.LogEventFactoryTest
Picked up JAVA_TOOL_OPTIONS: -XX:CICompilerCount=2 -XX:ParallelGCThreads=2 -XX:ConcGCThreads=2 -Djdk.net.URLClassPath.disableClassPathURLCheck=true -XX:CICompilerCount=2 -XX:ParallelGCThreads=2 -XX:ConcGCThreads=2 -Djdk.net.URLClassPath.disableClassPathURLCheck=true 
Picked up _JAVA_OPTIONS: -Djdk.net.URLClassPath.disableClassPathURLCheck=true
Running org.apache.logging.log4j.core.ExtendedLevelTest
Tests run: 1, Failures: 0, Errors: 0, Skipped: 0, Time elapsed: 0.789 sec - in org.apache.logging.log4j.core.ExtendedLevelTest
Picked up JAVA_TOOL_OPTIONS: -XX:CICompilerCount=2 -XX:ParallelGCThreads=2 -XX:ConcGCThreads=2 -Djdk.net.URLClassPath.disableClassPathURLCheck=true -XX:CICompilerCount=2 -XX:ParallelGCThreads=2 -XX:ConcGCThreads=2 -Djdk.net.URLClassPath.disableClassPathURLCheck=true 
Picked up _JAVA_OPTIONS: -Djdk.net.URLClassPath.disableClassPathURLCheck=true
Running org.apache.logging.log4j.core.LoggerDateTest
Tests run: 1, Failures: 0, Errors: 0, Skipped: 0, Time elapsed: 0.893 sec - in org.apache.logging.log4j.core.LoggerDateTest
Picked up JAVA_TOOL_OPTIONS: -XX:CICompilerCount=2 -XX:ParallelGCThreads=2 -XX:ConcGCThreads=2 -Djdk.net.URLClassPath.disableClassPathURLCheck=true -XX:CICompilerCount=2 -XX:ParallelGCThreads=2 -XX:ConcGCThreads=2 -Djdk.net.URLClassPath.disableClassPathURLCheck=true 
Picked up _JAVA_OPTIONS: -Djdk.net.URLClassPath.disableClassPathURLCheck=true
Running org.apache.logging.log4j.core.FileConfigTest
Tests run: 1, Failures: 0, Errors: 0, Skipped: 0, Time elapsed: 2.949 sec - in org.apache.logging.log4j.core.FileConfigTest
Picked up JAVA_TOOL_OPTIONS: -XX:CICompilerCount=2 -XX:ParallelGCThreads=2 -XX:ConcGCThreads=2 -Djdk.net.URLClassPath.disableClassPathURLCheck=true -XX:CICompilerCount=2 -XX:ParallelGCThreads=2 -XX:ConcGCThreads=2 -Djdk.net.URLClassPath.disableClassPathURLCheck=true 
Picked up _JAVA_OPTIONS: -Djdk.net.URLClassPath.disableClassPathURLCheck=true
Running org.apache.logging.log4j.core.LateConfigTest
Tests run: 1, Failures: 0, Errors: 0, Skipped: 0, Time elapsed: 0.851 sec - in org.apache.logging.log4j.core.LateConfigTest
Picked up JAVA_TOOL_OPTIONS: -XX:CICompilerCount=2 -XX:ParallelGCThreads=2 -XX:ConcGCThreads=2 -Djdk.net.URLClassPath.disableClassPathURLCheck=true -XX:CICompilerCount=2 -XX:ParallelGCThreads=2 -XX:ConcGCThreads=2 -Djdk.net.URLClassPath.disableClassPathURLCheck=true 
Picked up _JAVA_OPTIONS: -Djdk.net.URLClassPath.disableClassPathURLCheck=true
Running org.apache.logging.log4j.core.AppenderRefLevelTest
Tests run: 3, Failures: 0, Errors: 0, Skipped: 0, Time elapsed: 0.976 sec - in org.apache.logging.log4j.core.AppenderRefLevelTest
Picked up JAVA_TOOL_OPTIONS: -XX:CICompilerCount=2 -XX:ParallelGCThreads=2 -XX:ConcGCThreads=2 -Djdk.net.URLClassPath.disableClassPathURLCheck=true -XX:CICompilerCount=2 -XX:ParallelGCThreads=2 -XX:ConcGCThreads=2 -Djdk.net.URLClassPath.disableClassPathURLCheck=true 
Picked up _JAVA_OPTIONS: -Djdk.net.URLClassPath.disableClassPathURLCheck=true
Running org.apache.logging.log4j.MarkerMixInTest
Tests run: 3, Failures: 0, Errors: 0, Skipped: 0, Time elapsed: 0.61 sec - in org.apache.logging.log4j.MarkerMixInTest

Results :

Failed tests: 
  RollingAppenderTimeTest.testAppender:76 No compressed files found

Tests in error: 
  AsyncLoggerConfigUseAfterShutdownTest.testNoErrorIfLogAfterShutdown:44 » NullPointer
  AsyncLoggerUseAfterShutdownTest.testNoErrorIfLogAfterShutdown:59 » NullPointer

Tests run: 565, Failures: 1, Errors: 2, Skipped: 23

[INFO] ------------------------------------------------------------------------
[INFO] BUILD FAILURE
[INFO] ------------------------------------------------------------------------
[INFO] Total time: 07:41 min
[INFO] Finished at: 2020-03-11T18:05:07-07:00
[INFO] Final Memory: 27M/975M
[INFO] ------------------------------------------------------------------------
[ERROR] Failed to execute goal org.apache.maven.plugins:maven-surefire-plugin:2.17:test (default-test) on project log4j-core: There are test failures.
[ERROR] 
[ERROR] Please refer to /boom/scratch/tmp-rta/Bugs.jar_Logging-Log4J2_a5a1f1a2_java-7/log4j-core/target/surefire-reports for the individual test results.
[ERROR] -> [Help 1]
[ERROR] 
[ERROR] To see the full stack trace of the errors, re-run Maven with the -e switch.
[ERROR] Re-run Maven using the -X switch to enable full debug logging.
[ERROR] 
[ERROR] For more information about the errors and possible solutions, please read the following articles:
[ERROR] [Help 1] http://cwiki.apache.org/confluence/display/MAVEN/MojoFailureException
