Picked up JAVA_TOOL_OPTIONS: -XX:CICompilerCount=2 -XX:ParallelGCThreads=2 -XX:ConcGCThreads=2 -Djdk.net.URLClassPath.disableClassPathURLCheck=true 
Java HotSpot(TM) 64-Bit Server VM warning: ignoring option MaxPermSize=512m; support was removed in 8.0
Picked up _JAVA_OPTIONS: -Djdk.net.URLClassPath.disableClassPathURLCheck=true
Apache Maven 3.5.0 (Red Hat 3.5.0-4.3)
Maven home: /opt/rh/rh-maven35/root/usr/share/maven
Java version: 1.8.0_181, vendor: Oracle Corporation
Java home: /scratch/jmcampos/RTA/repair_them_all_framework/jdks/jdk1.8.0_181/jre
Default locale: en_US, platform encoding: UTF-8
OS name: "linux", version: "4.14.125-1.el7.retpoline.x86_64", arch: "amd64", family: "unix"
[INFO] Scanning for projects...
[INFO] 
[INFO] ------------------------------------------------------------------------
[INFO] Building Oak External Authentication Support 1.4-SNAPSHOT
[INFO] ------------------------------------------------------------------------
[INFO] Downloading: http://repository.apache.org/snapshots/org/apache/jackrabbit/oak-core/1.4-SNAPSHOT/maven-metadata.xml
[INFO] Downloading: http://repository.apache.org/snapshots/org/apache/jackrabbit/oak-parent/1.4-SNAPSHOT/maven-metadata.xml
[INFO] Downloaded: http://repository.apache.org/snapshots/org/apache/jackrabbit/oak-parent/1.4-SNAPSHOT/maven-metadata.xml (604 B at 1.7 kB/s)
[INFO] Downloading: http://repository.apache.org/snapshots/org/apache/jackrabbit/oak-commons/1.4-SNAPSHOT/maven-metadata.xml
[INFO] Downloaded: http://repository.apache.org/snapshots/org/apache/jackrabbit/oak-commons/1.4-SNAPSHOT/maven-metadata.xml (1.4 kB at 4.2 kB/s)
[INFO] Downloading: http://repository.apache.org/snapshots/org/apache/jackrabbit/oak-blob/1.4-SNAPSHOT/maven-metadata.xml
[INFO] Downloaded: http://repository.apache.org/snapshots/org/apache/jackrabbit/oak-blob/1.4-SNAPSHOT/maven-metadata.xml (1.4 kB at 4.2 kB/s)
[INFO] 
[INFO] --- jacoco-maven-plugin:0.7.1.201405082137:prepare-agent (pre-unit-test) @ oak-auth-external ---
[INFO] Skipping JaCoCo execution because property jacoco.skip is set.
[INFO] test.opts.coverage set to empty
[INFO] 
[INFO] --- maven-remote-resources-plugin:1.4:process (default) @ oak-auth-external ---
[INFO] 
[INFO] --- maven-resources-plugin:2.6:resources (default-resources) @ oak-auth-external ---
[INFO] Using 'UTF-8' encoding to copy filtered resources.
[INFO] skip non existing resourceDirectory /scratch/tmp-rta/Bugs.jar_Jackrabbit-Oak_01f5a26f_java-8/oak-auth-external/src/main/resources
[INFO] Copying 3 resources
[INFO] 
[INFO] --- maven-compiler-plugin:2.5.1:compile (default-compile) @ oak-auth-external ---
[INFO] Nothing to compile - all classes are up to date
[INFO] 
[INFO] --- maven-scr-plugin:1.16.0:scr (generate-scr-scrdescriptor) @ oak-auth-external ---
[INFO] Generating 1 MetaType Descriptors in /scratch/tmp-rta/Bugs.jar_Jackrabbit-Oak_01f5a26f_java-8/oak-auth-external/target/classes/OSGI-INF/metatype/org.apache.jackrabbit.oak.spi.security.authentication.external.impl.DefaultSyncConfigImpl.xml
[INFO] Generating 1 MetaType Descriptors in /scratch/tmp-rta/Bugs.jar_Jackrabbit-Oak_01f5a26f_java-8/oak-auth-external/target/classes/OSGI-INF/metatype/org.apache.jackrabbit.oak.spi.security.authentication.external.impl.ExternalLoginModuleFactory.xml
[INFO] Writing 1 Service Component Descriptors to /scratch/tmp-rta/Bugs.jar_Jackrabbit-Oak_01f5a26f_java-8/oak-auth-external/target/classes/OSGI-INF/org.apache.jackrabbit.oak.spi.security.authentication.external.impl.DefaultSyncHandler.xml
[INFO] Writing 1 Service Component Descriptors to /scratch/tmp-rta/Bugs.jar_Jackrabbit-Oak_01f5a26f_java-8/oak-auth-external/target/classes/OSGI-INF/org.apache.jackrabbit.oak.spi.security.authentication.external.impl.ExternalIDPManagerImpl.xml
[INFO] Writing 1 Service Component Descriptors to /scratch/tmp-rta/Bugs.jar_Jackrabbit-Oak_01f5a26f_java-8/oak-auth-external/target/classes/OSGI-INF/org.apache.jackrabbit.oak.spi.security.authentication.external.impl.ExternalLoginModuleFactory.xml
[INFO] Writing 1 Service Component Descriptors to /scratch/tmp-rta/Bugs.jar_Jackrabbit-Oak_01f5a26f_java-8/oak-auth-external/target/classes/OSGI-INF/org.apache.jackrabbit.oak.spi.security.authentication.external.impl.SyncManagerImpl.xml
[INFO] 
[INFO] --- maven-resources-plugin:2.6:testResources (default-testResources) @ oak-auth-external ---
[INFO] Using 'UTF-8' encoding to copy filtered resources.
[INFO] Copying 2 resources
[INFO] Copying 3 resources
[INFO] 
[INFO] --- maven-compiler-plugin:2.5.1:testCompile (default-testCompile) @ oak-auth-external ---
[INFO] Nothing to compile - all classes are up to date
[INFO] 
[INFO] --- maven-surefire-plugin:2.12.4:test (default-test) @ oak-auth-external ---
[INFO] Surefire report directory: /scratch/tmp-rta/Bugs.jar_Jackrabbit-Oak_01f5a26f_java-8/oak-auth-external/target/surefire-reports
[INFO] Downloading: https://repo.maven.apache.org/maven2/org/apache/maven/surefire/surefire-junit4/2.12.4/surefire-junit4-2.12.4.pom
[INFO] Downloaded: https://repo.maven.apache.org/maven2/org/apache/maven/surefire/surefire-junit4/2.12.4/surefire-junit4-2.12.4.pom (2.4 kB at 12 kB/s)
[INFO] Downloading: https://repo.maven.apache.org/maven2/org/apache/maven/surefire/surefire-providers/2.12.4/surefire-providers-2.12.4.pom
[INFO] Downloaded: https://repo.maven.apache.org/maven2/org/apache/maven/surefire/surefire-providers/2.12.4/surefire-providers-2.12.4.pom (2.3 kB at 168 kB/s)
[INFO] Downloading: https://repo.maven.apache.org/maven2/org/apache/maven/surefire/surefire-junit4/2.12.4/surefire-junit4-2.12.4.jar
[INFO] Downloaded: https://repo.maven.apache.org/maven2/org/apache/maven/surefire/surefire-junit4/2.12.4/surefire-junit4-2.12.4.jar (37 kB at 1.2 MB/s)

-------------------------------------------------------
 T E S T S
-------------------------------------------------------
Picked up JAVA_TOOL_OPTIONS: -XX:CICompilerCount=2 -XX:ParallelGCThreads=2 -XX:ConcGCThreads=2 -Djdk.net.URLClassPath.disableClassPathURLCheck=true -XX:CICompilerCount=2 -XX:ParallelGCThreads=2 -XX:ConcGCThreads=2 -Djdk.net.URLClassPath.disableClassPathURLCheck=true 
Picked up _JAVA_OPTIONS: -Djdk.net.URLClassPath.disableClassPathURLCheck=true
Running org.apache.jackrabbit.oak.spi.security.authentication.external.DefaultSyncHandlerTest
Tests run: 5, Failures: 0, Errors: 0, Skipped: 0, Time elapsed: 2.252 sec
Running org.apache.jackrabbit.oak.spi.security.authentication.external.ExternalIdentityRefTest
Tests run: 5, Failures: 1, Errors: 0, Skipped: 0, Time elapsed: 0.003 sec <<< FAILURE!
testGetProviderName(org.apache.jackrabbit.oak.spi.security.authentication.external.ExternalIdentityRefTest)  Time elapsed: 0.002 sec  <<< FAILURE!
java.lang.AssertionError
	at org.junit.Assert.fail(Assert.java:92)
	at org.junit.Assert.assertTrue(Assert.java:43)
	at org.junit.Assert.assertNull(Assert.java:551)
	at org.junit.Assert.assertNull(Assert.java:562)
	at org.apache.jackrabbit.oak.spi.security.authentication.external.ExternalIdentityRefTest.testGetProviderName(ExternalIdentityRefTest.java:52)
	at sun.reflect.NativeMethodAccessorImpl.invoke0(Native Method)
	at sun.reflect.NativeMethodAccessorImpl.invoke(NativeMethodAccessorImpl.java:62)
	at sun.reflect.DelegatingMethodAccessorImpl.invoke(DelegatingMethodAccessorImpl.java:43)
	at java.lang.reflect.Method.invoke(Method.java:498)
	at org.junit.runners.model.FrameworkMethod$1.runReflectiveCall(FrameworkMethod.java:45)
	at org.junit.internal.runners.model.ReflectiveCallable.run(ReflectiveCallable.java:15)
	at org.junit.runners.model.FrameworkMethod.invokeExplosively(FrameworkMethod.java:42)
	at org.junit.internal.runners.statements.InvokeMethod.evaluate(InvokeMethod.java:20)
	at org.junit.runners.ParentRunner.runLeaf(ParentRunner.java:263)
	at org.junit.runners.BlockJUnit4ClassRunner.runChild(BlockJUnit4ClassRunner.java:68)
	at org.junit.runners.BlockJUnit4ClassRunner.runChild(BlockJUnit4ClassRunner.java:47)
	at org.junit.runners.ParentRunner$3.run(ParentRunner.java:231)
	at org.junit.runners.ParentRunner$1.schedule(ParentRunner.java:60)
	at org.junit.runners.ParentRunner.runChildren(ParentRunner.java:229)
	at org.junit.runners.ParentRunner.access$000(ParentRunner.java:50)
	at org.junit.runners.ParentRunner$2.evaluate(ParentRunner.java:222)
	at org.junit.runners.ParentRunner.run(ParentRunner.java:300)
	at org.apache.maven.surefire.junit4.JUnit4Provider.execute(JUnit4Provider.java:252)
	at org.apache.maven.surefire.junit4.JUnit4Provider.executeTestSet(JUnit4Provider.java:141)
	at org.apache.maven.surefire.junit4.JUnit4Provider.invoke(JUnit4Provider.java:112)
	at sun.reflect.NativeMethodAccessorImpl.invoke0(Native Method)
	at sun.reflect.NativeMethodAccessorImpl.invoke(NativeMethodAccessorImpl.java:62)
	at sun.reflect.DelegatingMethodAccessorImpl.invoke(DelegatingMethodAccessorImpl.java:43)
	at java.lang.reflect.Method.invoke(Method.java:498)
	at org.apache.maven.surefire.util.ReflectionUtils.invokeMethodWithArray(ReflectionUtils.java:189)
	at org.apache.maven.surefire.booter.ProviderFactory$ProviderProxy.invoke(ProviderFactory.java:165)
	at org.apache.maven.surefire.booter.ProviderFactory.invokeProvider(ProviderFactory.java:85)
	at org.apache.maven.surefire.booter.ForkedBooter.runSuitesInProcess(ForkedBooter.java:115)
	at org.apache.maven.surefire.booter.ForkedBooter.main(ForkedBooter.java:75)

Running org.apache.jackrabbit.oak.spi.security.authentication.external.ExternalLoginModuleFactoryTest
Tests run: 1, Failures: 0, Errors: 0, Skipped: 0, Time elapsed: 0.479 sec
Running org.apache.jackrabbit.oak.spi.security.authentication.external.ExternalLoginModuleTest
Tests run: 6, Failures: 0, Errors: 0, Skipped: 0, Time elapsed: 0.704 sec

Results :

Failed tests:   testGetProviderName(org.apache.jackrabbit.oak.spi.security.authentication.external.ExternalIdentityRefTest)

Tests run: 17, Failures: 1, Errors: 0, Skipped: 0

[INFO] ------------------------------------------------------------------------
[INFO] BUILD FAILURE
[INFO] ------------------------------------------------------------------------
[INFO] Total time: 12.789 s
[INFO] Finished at: 2020-03-13T16:05:50-07:00
[INFO] Final Memory: 26M/1020M
[INFO] ------------------------------------------------------------------------
[ERROR] Failed to execute goal org.apache.maven.plugins:maven-surefire-plugin:2.12.4:test (default-test) on project oak-auth-external: There are test failures.
[ERROR] 
[ERROR] Please refer to /scratch/tmp-rta/Bugs.jar_Jackrabbit-Oak_01f5a26f_java-8/oak-auth-external/target/surefire-reports for the individual test results.
[ERROR] -> [Help 1]
[ERROR] 
[ERROR] To see the full stack trace of the errors, re-run Maven with the -e switch.
[ERROR] Re-run Maven using the -X switch to enable full debug logging.
[ERROR] 
[ERROR] For more information about the errors and possible solutions, please read the following articles:
[ERROR] [Help 1] http://cwiki.apache.org/confluence/display/MAVEN/MojoFailureException
