Picked up JAVA_TOOL_OPTIONS: -XX:CICompilerCount=2 -XX:ParallelGCThreads=2 -XX:ConcGCThreads=2 -Djdk.net.URLClassPath.disableClassPathURLCheck=true 
Picked up _JAVA_OPTIONS: -Djdk.net.URLClassPath.disableClassPathURLCheck=true
Apache Maven 3.5.0 (Red Hat 3.5.0-4.3)
Maven home: /opt/rh/rh-maven35/root/usr/share/maven
Java version: 1.7.0_80, vendor: Oracle Corporation
Java home: /scratch/rjust/projects/calling-bs/repair-them-all/RepairThemAll/jdks/jdk1.7.0_80/jre
Default locale: en_US, platform encoding: UTF-8
OS name: "linux", version: "4.14.132-1.el7.retpoline.x86_64", arch: "amd64", family: "unix"
[INFO] Scanning for projects...
[INFO] 
[INFO] ------------------------------------------------------------------------
[INFO] Building Oak Core 0.6-SNAPSHOT
[INFO] ------------------------------------------------------------------------
[INFO] 
[INFO] --- maven-remote-resources-plugin:1.2.1:process (default) @ oak-core ---
[INFO] 
[INFO] --- maven-resources-plugin:2.5:resources (default-resources) @ oak-core ---
[debug] execute contextualize
[INFO] Using 'UTF-8' encoding to copy filtered resources.
[INFO] Copying 1 resource
[INFO] Copying 3 resources
[INFO] 
[INFO] --- maven-compiler-plugin:2.3.2:compile (default-compile) @ oak-core ---
[INFO] Compiling 3 source files to /tmp/DynaMoth_Bugs.jar_Jackrabbit-Oak_00df38d2/oak-core/target/classes
[INFO] 
[INFO] --- maven-scr-plugin:1.7.4:scr (generate-scr-scrdescriptor) @ oak-core ---
[INFO] Writing abstract service descriptor /tmp/DynaMoth_Bugs.jar_Jackrabbit-Oak_00df38d2/oak-core/target/scr-plugin-generated/OSGI-INF/scr-plugin/scrinfo.xml with 6 entries.
[INFO] Generating 6 Service Component Descriptors to /tmp/DynaMoth_Bugs.jar_Jackrabbit-Oak_00df38d2/oak-core/target/scr-plugin-generated/OSGI-INF/serviceComponents.xml
[INFO] 
[INFO] --- maven-resources-plugin:2.5:testResources (default-testResources) @ oak-core ---
[debug] execute contextualize
[INFO] Using 'UTF-8' encoding to copy filtered resources.
[INFO] Copying 8 resources
[INFO] Copying 3 resources
[INFO] 
[INFO] --- maven-compiler-plugin:2.3.2:testCompile (default-testCompile) @ oak-core ---
[INFO] Nothing to compile - all classes are up to date
[INFO] 
[INFO] --- maven-surefire-plugin:2.9:test (default-test) @ oak-core ---
[INFO] Surefire report directory: /tmp/DynaMoth_Bugs.jar_Jackrabbit-Oak_00df38d2/oak-core/target/surefire-reports
[INFO] Downloading: https://repo.maven.apache.org/maven2/org/apache/maven/surefire/surefire-junit4/2.9/surefire-junit4-2.9.pom
[INFO] Downloaded: https://repo.maven.apache.org/maven2/org/apache/maven/surefire/surefire-junit4/2.9/surefire-junit4-2.9.pom (2.6 kB at 6.1 kB/s)
[INFO] Downloading: https://repo.maven.apache.org/maven2/org/apache/maven/surefire/surefire-providers/2.9/surefire-providers-2.9.pom
[INFO] Downloaded: https://repo.maven.apache.org/maven2/org/apache/maven/surefire/surefire-providers/2.9/surefire-providers-2.9.pom (2.3 kB at 126 kB/s)
[INFO] Downloading: https://repo.maven.apache.org/maven2/org/apache/maven/surefire/surefire-junit4/2.9/surefire-junit4-2.9.jar
[INFO] Downloaded: https://repo.maven.apache.org/maven2/org/apache/maven/surefire/surefire-junit4/2.9/surefire-junit4-2.9.jar (33 kB at 742 kB/s)

-------------------------------------------------------
 T E S T S
-------------------------------------------------------
Picked up JAVA_TOOL_OPTIONS: -XX:CICompilerCount=2 -XX:ParallelGCThreads=2 -XX:ConcGCThreads=2 -Djdk.net.URLClassPath.disableClassPathURLCheck=true -XX:CICompilerCount=2 -XX:ParallelGCThreads=2 -XX:ConcGCThreads=2 -Djdk.net.URLClassPath.disableClassPathURLCheck=true 
Picked up _JAVA_OPTIONS: -Djdk.net.URLClassPath.disableClassPathURLCheck=true
Running org.apache.jackrabbit.oak.query.index.FilterTest
Tests run: 3, Failures: 0, Errors: 0, Skipped: 0, Time elapsed: 0.431 sec
Running org.apache.jackrabbit.oak.query.index.TraversingIndexTest
Tests run: 1, Failures: 0, Errors: 0, Skipped: 0, Time elapsed: 0.532 sec
Running org.apache.jackrabbit.oak.query.index.TraversingIndexQueryTest
Tests run: 5, Failures: 0, Errors: 0, Skipped: 0, Time elapsed: 3.484 sec
Running org.apache.jackrabbit.oak.query.ast.LikePatternTest
Tests run: 1, Failures: 0, Errors: 0, Skipped: 0, Time elapsed: 0.001 sec
Running org.apache.jackrabbit.oak.query.ast.FullTextTest
Tests run: 6, Failures: 0, Errors: 0, Skipped: 0, Time elapsed: 0.007 sec
Running org.apache.jackrabbit.oak.util.JsopUtilTest
Tests run: 1, Failures: 0, Errors: 0, Skipped: 0, Time elapsed: 0.003 sec
Running org.apache.jackrabbit.oak.util.ArrayUtilsTest
Tests run: 9, Failures: 0, Errors: 0, Skipped: 0, Time elapsed: 0.008 sec
Running org.apache.jackrabbit.oak.plugins.index.old.mk.large.CreateNodesTraverseTest
Tests run: 4, Failures: 0, Errors: 0, Skipped: 0, Time elapsed: 3.243 sec
Running org.apache.jackrabbit.oak.plugins.index.old.mk.large.DescendantCountTest
Tests run: 4, Failures: 0, Errors: 0, Skipped: 0, Time elapsed: 0.722 sec
Running org.apache.jackrabbit.oak.plugins.index.old.mk.large.CreateRandomNodesTraverseTest
Tests run: 4, Failures: 0, Errors: 0, Skipped: 0, Time elapsed: 2.593 sec
Running org.apache.jackrabbit.oak.plugins.index.old.mk.large.LargeNodeTest
Tests run: 20, Failures: 0, Errors: 0, Skipped: 0, Time elapsed: 5.579 sec
Running org.apache.jackrabbit.oak.plugins.index.old.mk.large.ManyRevisionsTest
Tests run: 8, Failures: 0, Errors: 0, Skipped: 0, Time elapsed: 8.97 sec
Running org.apache.jackrabbit.oak.plugins.index.old.mk.wrapper.SecurityWrapperTest
Tests run: 4, Failures: 0, Errors: 0, Skipped: 0, Time elapsed: 0.009 sec
Running org.apache.jackrabbit.oak.plugins.index.old.mk.wrapper.VirtualRepositoryWrapperTest
Tests run: 8, Failures: 0, Errors: 0, Skipped: 0, Time elapsed: 0.914 sec
Running org.apache.jackrabbit.oak.plugins.index.old.mk.wrapper.IndexWrapperTest
Tests run: 4, Failures: 0, Errors: 0, Skipped: 0, Time elapsed: 0.014 sec
Running org.apache.jackrabbit.oak.plugins.index.old.mk.LargeObjectTest
Tests run: 4, Failures: 0, Errors: 0, Skipped: 0, Time elapsed: 0.595 sec
Running org.apache.jackrabbit.oak.plugins.index.old.mk.mem.MemoryNodeTest
Tests run: 2, Failures: 0, Errors: 0, Skipped: 0, Time elapsed: 0.001 sec
Running org.apache.jackrabbit.oak.plugins.index.old.mk.simple.AscendingClockTest
Tests run: 2, Failures: 0, Errors: 0, Skipped: 0, Time elapsed: 0.014 sec
Running org.apache.jackrabbit.oak.plugins.index.old.mk.simple.NodeVersionTest
Tests run: 1, Failures: 0, Errors: 0, Skipped: 0, Time elapsed: 0.001 sec
Running org.apache.jackrabbit.oak.plugins.index.old.mk.simple.SimpleKernelTest
Tests run: 2, Failures: 0, Errors: 0, Skipped: 0, Time elapsed: 0.001 sec
Running org.apache.jackrabbit.oak.plugins.index.old.mk.json.fast.JsopObjectTest
Tests run: 8, Failures: 0, Errors: 0, Skipped: 0, Time elapsed: 0.003 sec
Running org.apache.jackrabbit.oak.plugins.index.old.mk.ConflictingMoveTest
Tests run: 12, Failures: 0, Errors: 0, Skipped: 0, Time elapsed: 0.449 sec
Running org.apache.jackrabbit.oak.plugins.index.old.mk.hash.HashTest
Tests run: 4, Failures: 0, Errors: 0, Skipped: 0, Time elapsed: 0.134 sec
Running org.apache.jackrabbit.oak.plugins.index.old.QueryTest
Tests run: 6, Failures: 0, Errors: 0, Skipped: 0, Time elapsed: 1.021 sec
Running org.apache.jackrabbit.oak.plugins.index.old.PrefixIndexTest
Tests run: 1, Failures: 1, Errors: 0, Skipped: 0, Time elapsed: 0.012 sec <<< FAILURE!
Running org.apache.jackrabbit.oak.plugins.index.old.IndexTest
Tests run: 9, Failures: 0, Errors: 0, Skipped: 0, Time elapsed: 0.025 sec
Running org.apache.jackrabbit.oak.plugins.index.old.PropertyIndexTest
Tests run: 1, Failures: 0, Errors: 0, Skipped: 0, Time elapsed: 0.009 sec
Running org.apache.jackrabbit.oak.plugins.index.property.PropertyIndexTest
Tests run: 2, Failures: 0, Errors: 0, Skipped: 0, Time elapsed: 0.025 sec
Running org.apache.jackrabbit.oak.plugins.index.property.PropertyIndexQueryTest
Tests run: 5, Failures: 0, Errors: 0, Skipped: 0, Time elapsed: 0.816 sec
Running org.apache.jackrabbit.oak.plugins.index.IndexHookManagerDiffTest
Tests run: 1, Failures: 0, Errors: 0, Skipped: 0, Time elapsed: 0.001 sec
Running org.apache.jackrabbit.oak.plugins.index.IndexHookManagerTest
Tests run: 4, Failures: 0, Errors: 0, Skipped: 0, Time elapsed: 0.004 sec
Running org.apache.jackrabbit.oak.plugins.index.nodetype.NodeTypeIndexTest
Tests run: 1, Failures: 0, Errors: 0, Skipped: 0, Time elapsed: 0.124 sec
Running org.apache.jackrabbit.oak.plugins.memory.MemoryNodeBuilderTest
Tests run: 9, Failures: 0, Errors: 0, Skipped: 0, Time elapsed: 0.01 sec
Running org.apache.jackrabbit.oak.plugins.memory.MemoryPropertyBuilderTest
Tests run: 12, Failures: 0, Errors: 0, Skipped: 0, Time elapsed: 0 sec
Running org.apache.jackrabbit.oak.plugins.name.ReadWriteNamespaceRegistryTest
Tests run: 1, Failures: 0, Errors: 0, Skipped: 0, Time elapsed: 0.002 sec
Running org.apache.jackrabbit.oak.plugins.name.NameValidatorTest
Tests run: 9, Failures: 0, Errors: 0, Skipped: 0, Time elapsed: 0.003 sec
Running org.apache.jackrabbit.oak.security.authentication.TokenLoginModuleTest
Tests run: 6, Failures: 0, Errors: 0, Skipped: 0, Time elapsed: 1.167 sec
Running org.apache.jackrabbit.oak.security.authentication.DefaultLoginModuleTest
Tests run: 6, Failures: 0, Errors: 0, Skipped: 0, Time elapsed: 0.748 sec
Running org.apache.jackrabbit.oak.security.authentication.TokenDefaultLoginModuleTest
Tests run: 9, Failures: 0, Errors: 0, Skipped: 0, Time elapsed: 0.975 sec
Running org.apache.jackrabbit.oak.security.authentication.user.UserAuthenticationTest
Tests run: 8, Failures: 0, Errors: 0, Skipped: 0, Time elapsed: 0.871 sec
Running org.apache.jackrabbit.oak.security.authentication.token.TokenProviderImplTest
Tests run: 15, Failures: 0, Errors: 0, Skipped: 0, Time elapsed: 1.55 sec
Running org.apache.jackrabbit.oak.security.authentication.token.TokenInfoTest
Tests run: 5, Failures: 0, Errors: 0, Skipped: 0, Time elapsed: 0.588 sec
Running org.apache.jackrabbit.oak.security.authentication.token.TokenAuthenticationTest
Tests run: 6, Failures: 0, Errors: 0, Skipped: 0, Time elapsed: 0.594 sec
Running org.apache.jackrabbit.oak.security.authentication.GuestDefaultLoginModuleTest
Tests run: 2, Failures: 0, Errors: 0, Skipped: 0, Time elapsed: 0.182 sec
Running org.apache.jackrabbit.oak.security.principal.PrincipalProviderImplTest
Tests run: 2, Failures: 0, Errors: 0, Skipped: 0, Time elapsed: 0.203 sec
Running org.apache.jackrabbit.oak.security.user.UserValidatorTest
Tests run: 12, Failures: 0, Errors: 0, Skipped: 0, Time elapsed: 1.21 sec
Running org.apache.jackrabbit.oak.security.user.UserProviderTest
Tests run: 11, Failures: 0, Errors: 0, Skipped: 0, Time elapsed: 0.343 sec
Running org.apache.jackrabbit.oak.security.user.UserManagerImplTest
Tests run: 6, Failures: 0, Errors: 0, Skipped: 0, Time elapsed: 0.507 sec
Running org.apache.jackrabbit.oak.security.user.OakAuthorizablePropertyTest
Tests run: 15, Failures: 0, Errors: 0, Skipped: 0, Time elapsed: 2.038 sec
Running org.apache.jackrabbit.oak.security.ConfigurationParametersTest
Tests run: 4, Failures: 0, Errors: 0, Skipped: 0, Time elapsed: 0.001 sec
Running org.apache.jackrabbit.oak.api.RootTest
Tests run: 2, Failures: 0, Errors: 0, Skipped: 0, Time elapsed: 0.006 sec
Running org.apache.jackrabbit.oak.api.QueryTest
Tests run: 1, Failures: 0, Errors: 0, Skipped: 0, Time elapsed: 0 sec
Running org.apache.jackrabbit.oak.api.ContentSessionTest
Tests run: 3, Failures: 0, Errors: 0, Skipped: 0, Time elapsed: 0.001 sec
Running org.apache.jackrabbit.oak.api.TreeTest
Tests run: 11, Failures: 0, Errors: 0, Skipped: 0, Time elapsed: 0.02 sec
Running org.apache.jackrabbit.oak.api.UniquePropertyTest
Tests run: 1, Failures: 0, Errors: 0, Skipped: 0, Time elapsed: 0.032 sec
Running org.apache.jackrabbit.oak.core.TreeImplTest
Tests run: 16, Failures: 0, Errors: 0, Skipped: 0, Time elapsed: 0.708 sec
Running org.apache.jackrabbit.oak.core.RootImplTest
Tests run: 7, Failures: 0, Errors: 0, Skipped: 0, Time elapsed: 0.009 sec
Running org.apache.jackrabbit.oak.core.DefaultConflictHandlerTest
Tests run: 14, Failures: 0, Errors: 0, Skipped: 0, Time elapsed: 0.021 sec
Running org.apache.jackrabbit.oak.spi.security.authentication.AbstractLoginModuleTest
Tests run: 3, Failures: 0, Errors: 0, Skipped: 0, Time elapsed: 0 sec
Running org.apache.jackrabbit.oak.spi.security.authentication.GuestLoginModuleTest
Tests run: 3, Failures: 0, Errors: 0, Skipped: 0, Time elapsed: 0.004 sec
Running org.apache.jackrabbit.oak.spi.security.authentication.external.ExternalLoginModuleTest
Tests run: 8, Failures: 0, Errors: 0, Skipped: 0, Time elapsed: 1.792 sec
Running org.apache.jackrabbit.oak.spi.security.user.action.PasswordValidationActionTest
Tests run: 4, Failures: 0, Errors: 0, Skipped: 0, Time elapsed: 0.678 sec
Running org.apache.jackrabbit.oak.spi.security.user.util.PasswordUtilityTest
Tests run: 7, Failures: 0, Errors: 0, Skipped: 0, Time elapsed: 0.119 sec
Running org.apache.jackrabbit.oak.spi.security.principal.EveryonePrincipalTest
Tests run: 7, Failures: 0, Errors: 0, Skipped: 0, Time elapsed: 0.51 sec
Running org.apache.jackrabbit.oak.spi.commit.SubtreeValidatorTest
Tests run: 1, Failures: 0, Errors: 0, Skipped: 0, Time elapsed: 0.001 sec
Running org.apache.jackrabbit.oak.kernel.KernelNodeStoreTest
Tests run: 4, Failures: 0, Errors: 0, Skipped: 0, Time elapsed: 0.003 sec
Running org.apache.jackrabbit.oak.kernel.LargeKernelNodeStateTest
Tests run: 3, Failures: 0, Errors: 0, Skipped: 0, Time elapsed: 0.062 sec
Running org.apache.jackrabbit.oak.kernel.KernelNodeStateTest
Tests run: 6, Failures: 0, Errors: 0, Skipped: 0, Time elapsed: 0.004 sec
Running org.apache.jackrabbit.oak.kernel.JsopDiffTest
Tests run: 2, Failures: 0, Errors: 0, Skipped: 0, Time elapsed: 0.001 sec
Running org.apache.jackrabbit.oak.kernel.TypeCodesTest
Tests run: 4, Failures: 0, Errors: 0, Skipped: 0, Time elapsed: 0.001 sec
Running org.apache.jackrabbit.oak.namepath.NamePathMapperImplTest
Tests run: 8, Failures: 0, Errors: 0, Skipped: 0, Time elapsed: 0.011 sec

Results :

Failed tests:   test(org.apache.jackrabbit.oak.plugins.index.old.PrefixIndexTest): expected:<...:childNodeCount":2,"[prefix@d:":{":childNodeCount":1,":data":{}},":data":{":childNodeCount":0]}}> but was:<...:childNodeCount":2,"[:data":{":childNodeCount":0},"prefix@d:":{":childNodeCount":1,":data":{}]}}>

Tests run: 400, Failures: 1, Errors: 0, Skipped: 0

[INFO] ------------------------------------------------------------------------
[INFO] BUILD FAILURE
[INFO] ------------------------------------------------------------------------
[INFO] Total time: 54.069 s
[INFO] Finished at: 2019-08-20T23:23:56-07:00
[INFO] Final Memory: 43M/1800M
[INFO] ------------------------------------------------------------------------
[ERROR] Failed to execute goal org.apache.maven.plugins:maven-surefire-plugin:2.9:test (default-test) on project oak-core: There are test failures.
[ERROR] 
[ERROR] Please refer to /tmp/DynaMoth_Bugs.jar_Jackrabbit-Oak_00df38d2/oak-core/target/surefire-reports for the individual test results.
[ERROR] -> [Help 1]
[ERROR] 
[ERROR] To see the full stack trace of the errors, re-run Maven with the -e switch.
[ERROR] Re-run Maven using the -X switch to enable full debug logging.
[ERROR] 
[ERROR] For more information about the errors and possible solutions, please read the following articles:
[ERROR] [Help 1] http://cwiki.apache.org/confluence/display/MAVEN/MojoFailureException
