Picked up JAVA_TOOL_OPTIONS: -XX:CICompilerCount=2 -XX:ParallelGCThreads=2 -XX:ConcGCThreads=2 -Djdk.net.URLClassPath.disableClassPathURLCheck=true 
Java HotSpot(TM) 64-Bit Server VM warning: ignoring option MaxPermSize=512m; support was removed in 8.0
Picked up _JAVA_OPTIONS: -Djdk.net.URLClassPath.disableClassPathURLCheck=true
Apache Maven 3.5.0 (Red Hat 3.5.0-4.3)
Maven home: /opt/rh/rh-maven35/root/usr/share/maven
Java version: 1.8.0_181, vendor: Oracle Corporation
Java home: /boom/scratch/jmcampos/RTA/repair_them_all_framework/jdks/jdk1.8.0_181/jre
Default locale: en_US, platform encoding: UTF-8
OS name: "linux", version: "4.14.147-1.el7.retpoline.x86_64", arch: "amd64", family: "unix"
[INFO] Scanning for projects...
[INFO] 
[INFO] ------------------------------------------------------------------------
[INFO] Building Maven Compat 3.0-SNAPSHOT
[INFO] ------------------------------------------------------------------------
[INFO] Downloading: http://repository.apache.org/snapshots/org/apache/maven/maven-model/3.0-SNAPSHOT/maven-metadata.xml
[INFO] Downloading: http://repository.apache.org/snapshots/org/apache/maven/maven/3.0-SNAPSHOT/maven-metadata.xml
[INFO] Downloading: http://repository.apache.org/snapshots/org/apache/maven/maven-model-builder/3.0-SNAPSHOT/maven-metadata.xml
[INFO] Downloading: http://repository.apache.org/snapshots/org/apache/maven/maven-settings/3.0-SNAPSHOT/maven-metadata.xml
[INFO] Downloading: http://repository.apache.org/snapshots/org/apache/maven/maven-artifact/3.0-SNAPSHOT/maven-metadata.xml
[INFO] Downloading: http://repository.apache.org/snapshots/org/apache/maven/maven-core/3.0-SNAPSHOT/maven-metadata.xml
[INFO] Downloading: http://repository.apache.org/snapshots/org/apache/maven/maven-plugin-api/3.0-SNAPSHOT/maven-metadata.xml
[INFO] 
[INFO] --- modello-maven-plugin:1.1:java (standard) @ maven-compat ---
[INFO] outputDirectory: /boom/scratch/tmp-rta/Bugs.jar_Maven_269c956e_java-8/maven-compat/target/generated-sources/modello
[INFO] Working on model: src/main/mdo/profiles.mdo
[INFO] Generating current version: 1.0.0
[INFO] Working on model: src/main/mdo/paramdoc.mdo
[INFO] Generating current version: 1.0.0
[INFO] 
[INFO] --- modello-maven-plugin:1.1:xpp3-reader (standard) @ maven-compat ---
[INFO] outputDirectory: /boom/scratch/tmp-rta/Bugs.jar_Maven_269c956e_java-8/maven-compat/target/generated-sources/modello
[INFO] Working on model: src/main/mdo/profiles.mdo
[INFO] Generating current version: 1.0.0
[INFO] Working on model: src/main/mdo/paramdoc.mdo
[INFO] Generating current version: 1.0.0
[INFO] 
[INFO] --- modello-maven-plugin:1.1:xpp3-writer (standard) @ maven-compat ---
[INFO] outputDirectory: /boom/scratch/tmp-rta/Bugs.jar_Maven_269c956e_java-8/maven-compat/target/generated-sources/modello
[INFO] Working on model: src/main/mdo/profiles.mdo
[INFO] Generating current version: 1.0.0
[INFO] Working on model: src/main/mdo/paramdoc.mdo
[INFO] Generating current version: 1.0.0
[INFO] 
[INFO] --- maven-remote-resources-plugin:1.1:process (default) @ maven-compat ---
[INFO] Setting property: classpath.resource.loader.class => 'org.codehaus.plexus.velocity.ContextClassLoaderResourceLoader'.
[INFO] Setting property: velocimacro.messages.on => 'false'.
[INFO] Setting property: resource.loader => 'classpath'.
[INFO] Setting property: resource.manager.logwhenfound => 'false'.
[INFO] 
[INFO] --- maven-resources-plugin:2.4:resources (default-resources) @ maven-compat ---
[INFO] Using 'UTF-8' encoding to copy filtered resources.
[INFO] Copying 4 resources
[INFO] Copying 3 resources
[INFO] 
[INFO] --- maven-compiler-plugin:2.0.2:compile (default-compile) @ maven-compat ---
[INFO] Compiling 15 source files to /boom/scratch/tmp-rta/Bugs.jar_Maven_269c956e_java-8/maven-compat/target/classes
[INFO] 
[INFO] --- plexus-component-metadata:1.5.2:generate-metadata (default) @ maven-compat ---
[INFO] Discovered 34 component descriptors(s)
[INFO] 
[INFO] --- maven-resources-plugin:2.4:testResources (default-testResources) @ maven-compat ---
[INFO] Using 'UTF-8' encoding to copy filtered resources.
[INFO] Copying 156 resources
[INFO] Copying 3 resources
[INFO] 
[INFO] --- maven-compiler-plugin:2.0.2:testCompile (default-testCompile) @ maven-compat ---
[INFO] Nothing to compile - all classes are up to date
[INFO] 
[INFO] --- plexus-component-metadata:1.5.2:generate-test-metadata (default) @ maven-compat ---
[INFO] Discovered 12 component descriptors(s)
[INFO] 
[INFO] --- maven-surefire-plugin:2.4.3:test (default-test) @ maven-compat ---
[INFO] Downloading: https://repo.maven.apache.org/maven2/org/apache/maven/surefire/surefire-junit/2.4.3/surefire-junit-2.4.3.pom
[INFO] Downloaded: https://repo.maven.apache.org/maven2/org/apache/maven/surefire/surefire-junit/2.4.3/surefire-junit-2.4.3.pom (1.5 kB at 11 kB/s)
[INFO] Downloading: https://repo.maven.apache.org/maven2/org/apache/maven/surefire/surefire-providers/2.4.3/surefire-providers-2.4.3.pom
[INFO] Downloaded: https://repo.maven.apache.org/maven2/org/apache/maven/surefire/surefire-providers/2.4.3/surefire-providers-2.4.3.pom (1.7 kB at 471 B/s)
[INFO] Downloading: https://repo.maven.apache.org/maven2/org/apache/maven/surefire/surefire-junit/2.4.3/surefire-junit-2.4.3.jar
[INFO] Downloaded: https://repo.maven.apache.org/maven2/org/apache/maven/surefire/surefire-junit/2.4.3/surefire-junit-2.4.3.jar (15 kB at 888 kB/s)
[INFO] Surefire report directory: /boom/scratch/tmp-rta/Bugs.jar_Maven_269c956e_java-8/maven-compat/target/surefire-reports

-------------------------------------------------------
 T E S T S
-------------------------------------------------------
Running org.apache.maven.artifact.repository.MavenArtifactRepositoryTest
Tests run: 1, Failures: 0, Errors: 0, Skipped: 0, Time elapsed: 0.027 sec
Running org.apache.maven.project.inheritance.t09.ProjectInheritanceTest
Tests run: 2, Failures: 0, Errors: 0, Skipped: 0, Time elapsed: 0.426 sec
Running org.apache.maven.project.inheritance.t05.ProjectInheritanceTest
Tests run: 1, Failures: 0, Errors: 0, Skipped: 0, Time elapsed: 0.064 sec
Running org.apache.maven.project.inheritance.t12scm.ProjectInheritanceTest
Tests run: 2, Failures: 0, Errors: 0, Skipped: 0, Time elapsed: 0.059 sec
Running org.apache.maven.repository.legacy.resolver.conflict.NearestConflictResolverTest
Tests run: 4, Failures: 0, Errors: 0, Skipped: 0, Time elapsed: 0.07 sec
Running org.apache.maven.project.inheritance.t02.ProjectInheritanceTest
Tests run: 1, Failures: 0, Errors: 0, Skipped: 0, Time elapsed: 0.033 sec
Running org.apache.maven.repository.legacy.resolver.conflict.NewestConflictResolverTest
Tests run: 4, Failures: 0, Errors: 0, Skipped: 0, Time elapsed: 0.599 sec
Running org.apache.maven.artifact.resolver.TestFileWagon
Tests run: 0, Failures: 0, Errors: 0, Skipped: 0, Time elapsed: 0.005 sec
Running org.apache.maven.artifact.resolver.DefaultArtifactResolverTest
Tests run: 1, Failures: 0, Errors: 0, Skipped: 0, Time elapsed: 0.025 sec
Running org.apache.maven.project.inheritance.t10.ProjectInheritanceTest
Tests run: 1, Failures: 0, Errors: 0, Skipped: 0, Time elapsed: 0.033 sec
Running org.apache.maven.artifact.installer.ArtifactInstallerTest
Tests run: 1, Failures: 0, Errors: 0, Skipped: 0, Time elapsed: 10.587 sec
Running org.apache.maven.artifact.versioning.DefaultArtifactVersionTest
Tests run: 7, Failures: 0, Errors: 0, Skipped: 0, Time elapsed: 0.019 sec
Running org.apache.maven.artifact.DefaultArtifactTest
Tests run: 11, Failures: 0, Errors: 0, Skipped: 0, Time elapsed: 0.006 sec
Running org.apache.maven.project.inheritance.t08.ProjectInheritanceTest
Tests run: 1, Failures: 0, Errors: 0, Skipped: 0, Time elapsed: 0.043 sec
Running org.apache.maven.project.inheritance.t11.ProjectInheritanceTest
Tests run: 1, Failures: 0, Errors: 0, Skipped: 0, Time elapsed: 0.031 sec
Running org.apache.maven.repository.metadata.TestMetadataSource
Tests run: 0, Failures: 0, Errors: 0, Skipped: 0, Time elapsed: 1.699 sec
Running org.apache.maven.artifact.resolver.ArtifactResolutionExceptionTest
Tests run: 1, Failures: 0, Errors: 0, Skipped: 0, Time elapsed: 0.004 sec
Running org.apache.maven.repository.metadata.DefaultGraphConflictResolutionPolicyTest
Tests run: 1, Failures: 0, Errors: 0, Skipped: 0, Time elapsed: 0.03 sec
Running org.apache.maven.artifact.metadata.TestMetadataSource
Tests run: 0, Failures: 0, Errors: 0, Skipped: 0, Time elapsed: 0.001 sec
Running org.apache.maven.repository.legacy.resolver.conflict.FarthestConflictResolverTest
Tests run: 4, Failures: 0, Errors: 0, Skipped: 0, Time elapsed: 0.068 sec
Running org.apache.maven.repository.MirrorProcessorTest
Tests run: 8, Failures: 0, Errors: 0, Skipped: 0, Time elapsed: 0.102 sec
Running org.apache.maven.artifact.resolver.TestTransferListener
Tests run: 0, Failures: 0, Errors: 0, Skipped: 0, Time elapsed: 0.001 sec
Running org.apache.maven.project.inheritance.t03.ProjectInheritanceTest
Tests run: 1, Failures: 0, Errors: 0, Skipped: 0, Time elapsed: 0.023 sec
Running org.apache.maven.repository.LegacyRepositorySystemTest
Tests run: 2, Failures: 0, Errors: 0, Skipped: 0, Time elapsed: 5.262 sec
Running org.apache.maven.artifact.versioning.ComparableVersionTest
Tests run: 6, Failures: 0, Errors: 0, Skipped: 0, Time elapsed: 0.009 sec
Running org.apache.maven.repository.legacy.LegacyRepositorySystemTest
Tests run: 2, Failures: 0, Errors: 0, Skipped: 0, Time elapsed: 0.033 sec
Running org.apache.maven.artifact.resolver.filter.AndArtifactFilterTest
Tests run: 1, Failures: 0, Errors: 0, Skipped: 0, Time elapsed: 0.002 sec
Running org.apache.maven.project.inheritance.t12.ProjectInheritanceTest
Tests run: 1, Failures: 0, Errors: 0, Skipped: 0, Time elapsed: 2.978 sec
Running org.apache.maven.repository.legacy.DefaultUpdateCheckManagerTest
Tests run: 7, Failures: 0, Errors: 0, Skipped: 0, Time elapsed: 4.214 sec
Running org.apache.maven.repository.legacy.resolver.DefaultArtifactCollectorTest
Tests run: 29, Failures: 0, Errors: 0, Skipped: 0, Time elapsed: 0.388 sec
Running org.apache.maven.artifact.resolver.ArtifactResolverTest
Tests run: 7, Failures: 0, Errors: 0, Skipped: 0, Time elapsed: 42.972 sec
Running org.apache.maven.artifact.resolver.filter.OrArtifactFilterTest
Tests run: 1, Failures: 0, Errors: 0, Skipped: 0, Time elapsed: 0.003 sec
Running org.apache.maven.project.inheritance.t07.ProjectInheritanceTest
Tests run: 1, Failures: 0, Errors: 0, Skipped: 0, Time elapsed: 0.028 sec
Running org.apache.maven.repository.metadata.DefaultClasspathTransformationTest
Tests run: 3, Failures: 0, Errors: 0, Skipped: 0, Time elapsed: 0.036 sec
Running org.apache.maven.repository.ideworkspace.IdeWorkspaceRepositoryTest
Tests run: 2, Failures: 0, Errors: 0, Skipped: 0, Time elapsed: 0.025 sec
Running org.apache.maven.artifact.resolver.filter.FilterHashEqualsTest
Tests run: 1, Failures: 0, Errors: 0, Skipped: 0, Time elapsed: 0.001 sec
Running org.apache.maven.profiles.manager.DefaultProfileManagerTest
Tests run: 5, Failures: 0, Errors: 0, Skipped: 0, Time elapsed: 0.049 sec
Running org.apache.maven.project.inheritance.t04.ProjectInheritanceTest
Tests run: 1, Failures: 0, Errors: 0, Skipped: 0, Time elapsed: 0.021 sec
Running org.apache.maven.project.inheritance.t00.ProjectInheritanceTest
Tests run: 1, Failures: 0, Errors: 0, Skipped: 0, Time elapsed: 0.016 sec
Running org.apache.maven.project.TestProjectBuilder
Tests run: 0, Failures: 0, Errors: 0, Skipped: 0, Time elapsed: 0.001 sec
Running org.apache.maven.project.ModelUtilsTest
Tests run: 15, Failures: 0, Errors: 0, Skipped: 0, Time elapsed: 0.005 sec
Running org.apache.maven.artifact.resolver.filter.ScopeArtifactFilterTest
Tests run: 5, Failures: 0, Errors: 0, Skipped: 0, Time elapsed: 0.001 sec
Running org.apache.maven.repository.ideworkspace.TestIdeWorkspaceRepository
Tests run: 0, Failures: 0, Errors: 0, Skipped: 0, Time elapsed: 0 sec
Running org.apache.maven.project.path.DefaultPathTranslatorTest
Tests run: 2, Failures: 0, Errors: 0, Skipped: 0, Time elapsed: 0.001 sec
Running org.apache.maven.repository.legacy.resolver.conflict.OldestConflictResolverTest
Tests run: 4, Failures: 0, Errors: 0, Skipped: 0, Time elapsed: 0.041 sec
Running org.apache.maven.project.inheritance.t06.ProjectInheritanceTest
Tests run: 1, Failures: 0, Errors: 0, Skipped: 0, Time elapsed: 0.025 sec
Running org.apache.maven.artifact.versioning.VersionRangeTest
Tests run: 5, Failures: 0, Errors: 0, Skipped: 0, Time elapsed: 0.003 sec
Running org.apache.maven.repository.metadata.DefaultGraphConflictResolverTest
Tests run: 3, Failures: 0, Errors: 0, Skipped: 0, Time elapsed: 0.025 sec
Running org.apache.maven.project.TestMavenRepositorySystem
Tests run: 0, Failures: 0, Errors: 0, Skipped: 0, Time elapsed: 0 sec
Running org.apache.maven.artifact.ArtifactUtilsTest
Tests run: 3, Failures: 0, Errors: 0, Skipped: 0, Time elapsed: 0.001 sec
Running org.apache.maven.project.inheritance.t01.ProjectInheritanceTest
Tests run: 1, Failures: 0, Errors: 0, Skipped: 0, Time elapsed: 0.02 sec
Running org.apache.maven.artifact.deployer.ArtifactDeployerTest
Tests run: 1, Failures: 0, Errors: 0, Skipped: 0, Time elapsed: 0.02 sec
Running org.apache.maven.artifact.transform.TransformationManagerTest
Tests run: 1, Failures: 0, Errors: 0, Skipped: 0, Time elapsed: 0.012 sec
Running org.apache.maven.project.TestArtifactResolver
Tests run: 0, Failures: 0, Errors: 0, Skipped: 0, Time elapsed: 0.001 sec
Running org.apache.maven.project.ProjectClasspathTest
Tests run: 1, Failures: 0, Errors: 0, Skipped: 0, Time elapsed: 0.062 sec
Running org.apache.maven.repository.legacy.DefaultWagonManagerTest
Tests run: 7, Failures: 1, Errors: 0, Skipped: 0, Time elapsed: 0.106 sec <<< FAILURE!
Running org.apache.maven.artifact.factory.DefaultArtifactFactoryTest
Tests run: 1, Failures: 0, Errors: 0, Skipped: 0, Time elapsed: 0.011 sec

Results :

Failed tests: 
  testPerLookupInstantiation(org.apache.maven.repository.legacy.DefaultWagonManagerTest)

Tests run: 173, Failures: 1, Errors: 0, Skipped: 0

[INFO] ------------------------------------------------------------------------
[INFO] BUILD FAILURE
[INFO] ------------------------------------------------------------------------
[INFO] Total time: 02:24 min
[INFO] Finished at: 2020-03-14T00:20:34-07:00
[INFO] Final Memory: 27M/981M
[INFO] ------------------------------------------------------------------------
[ERROR] Failed to execute goal org.apache.maven.plugins:maven-surefire-plugin:2.4.3:test (default-test) on project maven-compat: There are test failures.
[ERROR] 
[ERROR] Please refer to /boom/scratch/tmp-rta/Bugs.jar_Maven_269c956e_java-8/maven-compat/target/surefire-reports for the individual test results.
[ERROR] -> [Help 1]
[ERROR] 
[ERROR] To see the full stack trace of the errors, re-run Maven with the -e switch.
[ERROR] Re-run Maven using the -X switch to enable full debug logging.
[ERROR] 
[ERROR] For more information about the errors and possible solutions, please read the following articles:
[ERROR] [Help 1] http://cwiki.apache.org/confluence/display/MAVEN/MojoFailureException
