Picked up JAVA_TOOL_OPTIONS: -XX:CICompilerCount=2 -XX:ParallelGCThreads=2 -XX:ConcGCThreads=2 -Djdk.net.URLClassPath.disableClassPathURLCheck=true 
Picked up _JAVA_OPTIONS: -Djdk.net.URLClassPath.disableClassPathURLCheck=true
Apache Maven 3.5.0 (Red Hat 3.5.0-4.3)
Maven home: /opt/rh/rh-maven35/root/usr/share/maven
Java version: 1.7.0_80, vendor: Oracle Corporation
Java home: /bam/scratch/jmcampos/RTA/repair_them_all_framework/jdks/jdk1.7.0_80/jre
Default locale: en_US, platform encoding: UTF-8
OS name: "linux", version: "4.14.147-1.el7.retpoline.x86_64", arch: "amd64", family: "unix"
[INFO] Scanning for projects...
[INFO] 
[INFO] ------------------------------------------------------------------------
[INFO] Building Apache Log4J Core 2.0-beta3-SNAPSHOT
[INFO] ------------------------------------------------------------------------
[INFO] Downloading: http://repository.apache.org/snapshots/org/apache/logging/log4j/log4j-api/2.0-beta3-SNAPSHOT/maven-metadata.xml
[INFO] Downloading: http://repository.apache.org/snapshots/org/apache/logging/log4j/log4j/2.0-beta3-SNAPSHOT/maven-metadata.xml
[INFO] 
[INFO] --- maven-remote-resources-plugin:1.1:process (default) @ log4j-core ---
[INFO] Setting property: classpath.resource.loader.class => 'org.codehaus.plexus.velocity.ContextClassLoaderResourceLoader'.
[INFO] Setting property: velocimacro.messages.on => 'false'.
[INFO] Setting property: resource.loader => 'classpath'.
[INFO] Setting property: resource.manager.logwhenfound => 'false'.
[INFO] 
[INFO] --- maven-resources-plugin:2.5:resources (default-resources) @ log4j-core ---
[debug] execute contextualize
[INFO] Using 'UTF-8' encoding to copy filtered resources.
[INFO] Copying 2 resources
[INFO] Copying 3 resources
[INFO] 
[INFO] --- maven-compiler-plugin:2.3.2:compile (default-compile) @ log4j-core ---
[INFO] Compiling 17 source files to /bam/scratch/tmp-rta/Bugs.jar_Logging-Log4J2_7f391872_java-7/core/target/classes
[INFO] 
[INFO] --- maven-bundle-plugin:2.3.7:manifest (bundle-manifest) @ log4j-core ---
[INFO] 
[INFO] >>> exec-maven-plugin:1.2.1:java (default) > validate @ log4j-core >>>
[INFO] 
[INFO] <<< exec-maven-plugin:1.2.1:java (default) < validate @ log4j-core <<<
[INFO] 
[INFO] 
[INFO] --- exec-maven-plugin:1.2.1:java (default) @ log4j-core ---
[INFO] 
[INFO] --- maven-resources-plugin:2.5:testResources (default-testResources) @ log4j-core ---
[debug] execute contextualize
[INFO] Using 'UTF-8' encoding to copy filtered resources.
[INFO] Copying 38 resources
[INFO] Copying 3 resources
[INFO] 
[INFO] --- maven-compiler-plugin:2.3.2:testCompile (default-testCompile) @ log4j-core ---
[INFO] Nothing to compile - all classes are up to date
[INFO] 
[INFO] --- maven-surefire-plugin:2.7.2:test (default-test) @ log4j-core ---
[INFO] Surefire report directory: /bam/scratch/tmp-rta/Bugs.jar_Logging-Log4J2_7f391872_java-7/core/target/surefire-reports
[INFO] Downloading: https://repo.maven.apache.org/maven2/org/apache/maven/surefire/surefire-junit4/2.7.2/surefire-junit4-2.7.2.pom
[INFO] Downloaded: https://repo.maven.apache.org/maven2/org/apache/maven/surefire/surefire-junit4/2.7.2/surefire-junit4-2.7.2.pom (2.2 kB at 126 B/s)
[INFO] Downloading: https://repo.maven.apache.org/maven2/org/apache/maven/surefire/surefire-providers/2.7.2/surefire-providers-2.7.2.pom
[INFO] Downloaded: https://repo.maven.apache.org/maven2/org/apache/maven/surefire/surefire-providers/2.7.2/surefire-providers-2.7.2.pom (1.8 kB at 509 B/s)
[INFO] Downloading: https://repo.maven.apache.org/maven2/org/apache/maven/surefire/surefire-junit4/2.7.2/surefire-junit4-2.7.2.jar
[INFO] Downloaded: https://repo.maven.apache.org/maven2/org/apache/maven/surefire/surefire-junit4/2.7.2/surefire-junit4-2.7.2.jar (25 kB at 187 kB/s)
Picked up JAVA_TOOL_OPTIONS: -XX:CICompilerCount=2 -XX:ParallelGCThreads=2 -XX:ConcGCThreads=2 -Djdk.net.URLClassPath.disableClassPathURLCheck=true -XX:CICompilerCount=2 -XX:ParallelGCThreads=2 -XX:ConcGCThreads=2 -Djdk.net.URLClassPath.disableClassPathURLCheck=true 
Picked up _JAVA_OPTIONS: -Djdk.net.URLClassPath.disableClassPathURLCheck=true

-------------------------------------------------------
 T E S T S
-------------------------------------------------------
Running org.apache.logging.log4j.core.lookup.EnvironmentLookupTest
Tests run: 1, Failures: 0, Errors: 0, Skipped: 0, Time elapsed: 0.404 sec
Picked up JAVA_TOOL_OPTIONS: -XX:CICompilerCount=2 -XX:ParallelGCThreads=2 -XX:ConcGCThreads=2 -Djdk.net.URLClassPath.disableClassPathURLCheck=true -XX:CICompilerCount=2 -XX:ParallelGCThreads=2 -XX:ConcGCThreads=2 -Djdk.net.URLClassPath.disableClassPathURLCheck=true 
Picked up _JAVA_OPTIONS: -Djdk.net.URLClassPath.disableClassPathURLCheck=true
Running org.apache.logging.log4j.core.lookup.StructuredDataLookupTest
Tests run: 1, Failures: 0, Errors: 0, Skipped: 0, Time elapsed: 0.075 sec
Picked up JAVA_TOOL_OPTIONS: -XX:CICompilerCount=2 -XX:ParallelGCThreads=2 -XX:ConcGCThreads=2 -Djdk.net.URLClassPath.disableClassPathURLCheck=true -XX:CICompilerCount=2 -XX:ParallelGCThreads=2 -XX:ConcGCThreads=2 -Djdk.net.URLClassPath.disableClassPathURLCheck=true 
Picked up _JAVA_OPTIONS: -Djdk.net.URLClassPath.disableClassPathURLCheck=true
Running org.apache.logging.log4j.core.lookup.StrSubstitutorTest
Tests run: 1, Failures: 0, Errors: 0, Skipped: 0, Time elapsed: 0.155 sec
Picked up JAVA_TOOL_OPTIONS: -XX:CICompilerCount=2 -XX:ParallelGCThreads=2 -XX:ConcGCThreads=2 -Djdk.net.URLClassPath.disableClassPathURLCheck=true -XX:CICompilerCount=2 -XX:ParallelGCThreads=2 -XX:ConcGCThreads=2 -Djdk.net.URLClassPath.disableClassPathURLCheck=true 
Picked up _JAVA_OPTIONS: -Djdk.net.URLClassPath.disableClassPathURLCheck=true
Running org.apache.logging.log4j.core.lookup.InterpolatorTest
Tests run: 1, Failures: 0, Errors: 0, Skipped: 0, Time elapsed: 0.13 sec
Picked up JAVA_TOOL_OPTIONS: -XX:CICompilerCount=2 -XX:ParallelGCThreads=2 -XX:ConcGCThreads=2 -Djdk.net.URLClassPath.disableClassPathURLCheck=true -XX:CICompilerCount=2 -XX:ParallelGCThreads=2 -XX:ConcGCThreads=2 -Djdk.net.URLClassPath.disableClassPathURLCheck=true 
Picked up _JAVA_OPTIONS: -Djdk.net.URLClassPath.disableClassPathURLCheck=true
Running org.apache.logging.log4j.core.lookup.ContextMapLookupTest
Tests run: 1, Failures: 0, Errors: 0, Skipped: 0, Time elapsed: 0.068 sec
Picked up JAVA_TOOL_OPTIONS: -XX:CICompilerCount=2 -XX:ParallelGCThreads=2 -XX:ConcGCThreads=2 -Djdk.net.URLClassPath.disableClassPathURLCheck=true -XX:CICompilerCount=2 -XX:ParallelGCThreads=2 -XX:ConcGCThreads=2 -Djdk.net.URLClassPath.disableClassPathURLCheck=true 
Picked up _JAVA_OPTIONS: -Djdk.net.URLClassPath.disableClassPathURLCheck=true
Running org.apache.logging.log4j.core.lookup.SystemPropertiesLookupTest
Tests run: 1, Failures: 0, Errors: 0, Skipped: 0, Time elapsed: 0.05 sec
Picked up JAVA_TOOL_OPTIONS: -XX:CICompilerCount=2 -XX:ParallelGCThreads=2 -XX:ConcGCThreads=2 -Djdk.net.URLClassPath.disableClassPathURLCheck=true -XX:CICompilerCount=2 -XX:ParallelGCThreads=2 -XX:ConcGCThreads=2 -Djdk.net.URLClassPath.disableClassPathURLCheck=true 
Picked up _JAVA_OPTIONS: -Djdk.net.URLClassPath.disableClassPathURLCheck=true
Running org.apache.logging.log4j.core.lookup.DateLookupTest
Tests run: 1, Failures: 0, Errors: 0, Skipped: 0, Time elapsed: 0.284 sec
Picked up JAVA_TOOL_OPTIONS: -XX:CICompilerCount=2 -XX:ParallelGCThreads=2 -XX:ConcGCThreads=2 -Djdk.net.URLClassPath.disableClassPathURLCheck=true -XX:CICompilerCount=2 -XX:ParallelGCThreads=2 -XX:ConcGCThreads=2 -Djdk.net.URLClassPath.disableClassPathURLCheck=true 
Picked up _JAVA_OPTIONS: -Djdk.net.URLClassPath.disableClassPathURLCheck=true
Running org.apache.logging.log4j.core.pattern.MarkerPatternConverterTest
Tests run: 1, Failures: 0, Errors: 0, Skipped: 0, Time elapsed: 0.064 sec
Picked up JAVA_TOOL_OPTIONS: -XX:CICompilerCount=2 -XX:ParallelGCThreads=2 -XX:ConcGCThreads=2 -Djdk.net.URLClassPath.disableClassPathURLCheck=true -XX:CICompilerCount=2 -XX:ParallelGCThreads=2 -XX:ConcGCThreads=2 -Djdk.net.URLClassPath.disableClassPathURLCheck=true 
Picked up _JAVA_OPTIONS: -Djdk.net.URLClassPath.disableClassPathURLCheck=true
Running org.apache.logging.log4j.core.pattern.StyleConverterTest
Tests run: 1, Failures: 0, Errors: 0, Skipped: 0, Time elapsed: 0.283 sec
Picked up JAVA_TOOL_OPTIONS: -XX:CICompilerCount=2 -XX:ParallelGCThreads=2 -XX:ConcGCThreads=2 -Djdk.net.URLClassPath.disableClassPathURLCheck=true -XX:CICompilerCount=2 -XX:ParallelGCThreads=2 -XX:ConcGCThreads=2 -Djdk.net.URLClassPath.disableClassPathURLCheck=true 
Picked up _JAVA_OPTIONS: -Djdk.net.URLClassPath.disableClassPathURLCheck=true
Running org.apache.logging.log4j.core.pattern.RootThrowableTest
2020-03-12 13:08:45,625 WARN No Loggers were configured, using default
Tests run: 1, Failures: 0, Errors: 1, Skipped: 0, Time elapsed: 0.303 sec <<< FAILURE!
Picked up JAVA_TOOL_OPTIONS: -XX:CICompilerCount=2 -XX:ParallelGCThreads=2 -XX:ConcGCThreads=2 -Djdk.net.URLClassPath.disableClassPathURLCheck=true -XX:CICompilerCount=2 -XX:ParallelGCThreads=2 -XX:ConcGCThreads=2 -Djdk.net.URLClassPath.disableClassPathURLCheck=true 
Picked up _JAVA_OPTIONS: -Djdk.net.URLClassPath.disableClassPathURLCheck=true
Running org.apache.logging.log4j.core.pattern.ExtendedThrowablePatternConverterTest
Tests run: 2, Failures: 0, Errors: 2, Skipped: 0, Time elapsed: 0.089 sec <<< FAILURE!
Picked up JAVA_TOOL_OPTIONS: -XX:CICompilerCount=2 -XX:ParallelGCThreads=2 -XX:ConcGCThreads=2 -Djdk.net.URLClassPath.disableClassPathURLCheck=true -XX:CICompilerCount=2 -XX:ParallelGCThreads=2 -XX:ConcGCThreads=2 -Djdk.net.URLClassPath.disableClassPathURLCheck=true 
Picked up _JAVA_OPTIONS: -Djdk.net.URLClassPath.disableClassPathURLCheck=true
Running org.apache.logging.log4j.core.pattern.ExtendedThrowableTest
2020-03-12 13:08:46,504 WARN No Loggers were configured, using default
Tests run: 1, Failures: 0, Errors: 1, Skipped: 0, Time elapsed: 0.284 sec <<< FAILURE!
Picked up JAVA_TOOL_OPTIONS: -XX:CICompilerCount=2 -XX:ParallelGCThreads=2 -XX:ConcGCThreads=2 -Djdk.net.URLClassPath.disableClassPathURLCheck=true -XX:CICompilerCount=2 -XX:ParallelGCThreads=2 -XX:ConcGCThreads=2 -Djdk.net.URLClassPath.disableClassPathURLCheck=true 
Picked up _JAVA_OPTIONS: -Djdk.net.URLClassPath.disableClassPathURLCheck=true
Running org.apache.logging.log4j.core.pattern.RegexReplacementTest
Tests run: 2, Failures: 0, Errors: 0, Skipped: 0, Time elapsed: 0.273 sec
Picked up JAVA_TOOL_OPTIONS: -XX:CICompilerCount=2 -XX:ParallelGCThreads=2 -XX:ConcGCThreads=2 -Djdk.net.URLClassPath.disableClassPathURLCheck=true -XX:CICompilerCount=2 -XX:ParallelGCThreads=2 -XX:ConcGCThreads=2 -Djdk.net.URLClassPath.disableClassPathURLCheck=true 
Picked up _JAVA_OPTIONS: -Djdk.net.URLClassPath.disableClassPathURLCheck=true
Running org.apache.logging.log4j.core.pattern.PatternParserTest
Tests run: 2, Failures: 0, Errors: 0, Skipped: 0, Time elapsed: 0.246 sec
Picked up JAVA_TOOL_OPTIONS: -XX:CICompilerCount=2 -XX:ParallelGCThreads=2 -XX:ConcGCThreads=2 -Djdk.net.URLClassPath.disableClassPathURLCheck=true -XX:CICompilerCount=2 -XX:ParallelGCThreads=2 -XX:ConcGCThreads=2 -Djdk.net.URLClassPath.disableClassPathURLCheck=true 
Picked up _JAVA_OPTIONS: -Djdk.net.URLClassPath.disableClassPathURLCheck=true
Running org.apache.logging.log4j.core.pattern.NameAbbreviatorTest
Tests run: 6, Failures: 0, Errors: 0, Skipped: 0, Time elapsed: 0.153 sec
Picked up JAVA_TOOL_OPTIONS: -XX:CICompilerCount=2 -XX:ParallelGCThreads=2 -XX:ConcGCThreads=2 -Djdk.net.URLClassPath.disableClassPathURLCheck=true -XX:CICompilerCount=2 -XX:ParallelGCThreads=2 -XX:ConcGCThreads=2 -Djdk.net.URLClassPath.disableClassPathURLCheck=true 
Picked up _JAVA_OPTIONS: -Djdk.net.URLClassPath.disableClassPathURLCheck=true
Running org.apache.logging.log4j.core.pattern.RootThrowablePatternConverterTest
Tests run: 1, Failures: 0, Errors: 1, Skipped: 0, Time elapsed: 0.078 sec <<< FAILURE!
Picked up JAVA_TOOL_OPTIONS: -XX:CICompilerCount=2 -XX:ParallelGCThreads=2 -XX:ConcGCThreads=2 -Djdk.net.URLClassPath.disableClassPathURLCheck=true -XX:CICompilerCount=2 -XX:ParallelGCThreads=2 -XX:ConcGCThreads=2 -Djdk.net.URLClassPath.disableClassPathURLCheck=true 
Picked up _JAVA_OPTIONS: -Djdk.net.URLClassPath.disableClassPathURLCheck=true
Running org.apache.logging.log4j.core.pattern.RegexReplacementConverterTest
Tests run: 1, Failures: 0, Errors: 0, Skipped: 0, Time elapsed: 0.25 sec
Picked up JAVA_TOOL_OPTIONS: -XX:CICompilerCount=2 -XX:ParallelGCThreads=2 -XX:ConcGCThreads=2 -Djdk.net.URLClassPath.disableClassPathURLCheck=true -XX:CICompilerCount=2 -XX:ParallelGCThreads=2 -XX:ConcGCThreads=2 -Djdk.net.URLClassPath.disableClassPathURLCheck=true 
Picked up _JAVA_OPTIONS: -Djdk.net.URLClassPath.disableClassPathURLCheck=true
Running org.apache.logging.log4j.core.pattern.MapPatternConverterTest
Tests run: 2, Failures: 0, Errors: 0, Skipped: 0, Time elapsed: 0.071 sec
Picked up JAVA_TOOL_OPTIONS: -XX:CICompilerCount=2 -XX:ParallelGCThreads=2 -XX:ConcGCThreads=2 -Djdk.net.URLClassPath.disableClassPathURLCheck=true -XX:CICompilerCount=2 -XX:ParallelGCThreads=2 -XX:ConcGCThreads=2 -Djdk.net.URLClassPath.disableClassPathURLCheck=true 
Picked up _JAVA_OPTIONS: -Djdk.net.URLClassPath.disableClassPathURLCheck=true
Running org.apache.logging.log4j.core.helpers.UUIDTest
Elapsed for 200 UUIDS = 215948 Average = 1079 ns
Elapsed for 2000 UUIDS = 9796605 Average = 4898 ns
Tests run: 2, Failures: 0, Errors: 0, Skipped: 0, Time elapsed: 0.102 sec
Picked up JAVA_TOOL_OPTIONS: -XX:CICompilerCount=2 -XX:ParallelGCThreads=2 -XX:ConcGCThreads=2 -Djdk.net.URLClassPath.disableClassPathURLCheck=true -XX:CICompilerCount=2 -XX:ParallelGCThreads=2 -XX:ConcGCThreads=2 -Djdk.net.URLClassPath.disableClassPathURLCheck=true 
Picked up _JAVA_OPTIONS: -Djdk.net.URLClassPath.disableClassPathURLCheck=true
Running org.apache.logging.log4j.core.filter.TimeFilterTest
Tests run: 1, Failures: 0, Errors: 0, Skipped: 0, Time elapsed: 0.081 sec
Picked up JAVA_TOOL_OPTIONS: -XX:CICompilerCount=2 -XX:ParallelGCThreads=2 -XX:ConcGCThreads=2 -Djdk.net.URLClassPath.disableClassPathURLCheck=true -XX:CICompilerCount=2 -XX:ParallelGCThreads=2 -XX:ConcGCThreads=2 -Djdk.net.URLClassPath.disableClassPathURLCheck=true 
Picked up _JAVA_OPTIONS: -Djdk.net.URLClassPath.disableClassPathURLCheck=true
Running org.apache.logging.log4j.core.filter.StructuredDataFilterTest
Tests run: 1, Failures: 0, Errors: 0, Skipped: 0, Time elapsed: 0.061 sec
Picked up JAVA_TOOL_OPTIONS: -XX:CICompilerCount=2 -XX:ParallelGCThreads=2 -XX:ConcGCThreads=2 -Djdk.net.URLClassPath.disableClassPathURLCheck=true -XX:CICompilerCount=2 -XX:ParallelGCThreads=2 -XX:ConcGCThreads=2 -Djdk.net.URLClassPath.disableClassPathURLCheck=true 
Picked up _JAVA_OPTIONS: -Djdk.net.URLClassPath.disableClassPathURLCheck=true
Running org.apache.logging.log4j.core.filter.ThreadContextMapFilterTest
Tests run: 1, Failures: 0, Errors: 0, Skipped: 0, Time elapsed: 0.069 sec
Picked up JAVA_TOOL_OPTIONS: -XX:CICompilerCount=2 -XX:ParallelGCThreads=2 -XX:ConcGCThreads=2 -Djdk.net.URLClassPath.disableClassPathURLCheck=true -XX:CICompilerCount=2 -XX:ParallelGCThreads=2 -XX:ConcGCThreads=2 -Djdk.net.URLClassPath.disableClassPathURLCheck=true 
Picked up _JAVA_OPTIONS: -Djdk.net.URLClassPath.disableClassPathURLCheck=true
Running org.apache.logging.log4j.core.filter.RegexFilterTest
Tests run: 1, Failures: 0, Errors: 0, Skipped: 0, Time elapsed: 0.581 sec
Picked up JAVA_TOOL_OPTIONS: -XX:CICompilerCount=2 -XX:ParallelGCThreads=2 -XX:ConcGCThreads=2 -Djdk.net.URLClassPath.disableClassPathURLCheck=true -XX:CICompilerCount=2 -XX:ParallelGCThreads=2 -XX:ConcGCThreads=2 -Djdk.net.URLClassPath.disableClassPathURLCheck=true 
Picked up _JAVA_OPTIONS: -Djdk.net.URLClassPath.disableClassPathURLCheck=true
Running org.apache.logging.log4j.core.filter.DynamicThresholdFilterTest
Tests run: 2, Failures: 0, Errors: 0, Skipped: 0, Time elapsed: 0.356 sec
Picked up JAVA_TOOL_OPTIONS: -XX:CICompilerCount=2 -XX:ParallelGCThreads=2 -XX:ConcGCThreads=2 -Djdk.net.URLClassPath.disableClassPathURLCheck=true -XX:CICompilerCount=2 -XX:ParallelGCThreads=2 -XX:ConcGCThreads=2 -Djdk.net.URLClassPath.disableClassPathURLCheck=true 
Picked up _JAVA_OPTIONS: -Djdk.net.URLClassPath.disableClassPathURLCheck=true
Running org.apache.logging.log4j.core.filter.MapFilterTest
Tests run: 2, Failures: 0, Errors: 0, Skipped: 0, Time elapsed: 0.355 sec
Picked up JAVA_TOOL_OPTIONS: -XX:CICompilerCount=2 -XX:ParallelGCThreads=2 -XX:ConcGCThreads=2 -Djdk.net.URLClassPath.disableClassPathURLCheck=true -XX:CICompilerCount=2 -XX:ParallelGCThreads=2 -XX:ConcGCThreads=2 -Djdk.net.URLClassPath.disableClassPathURLCheck=true 
Picked up _JAVA_OPTIONS: -Djdk.net.URLClassPath.disableClassPathURLCheck=true
Running org.apache.logging.log4j.core.filter.MarkerFilterTest
Tests run: 1, Failures: 0, Errors: 0, Skipped: 0, Time elapsed: 0.062 sec
Picked up JAVA_TOOL_OPTIONS: -XX:CICompilerCount=2 -XX:ParallelGCThreads=2 -XX:ConcGCThreads=2 -Djdk.net.URLClassPath.disableClassPathURLCheck=true -XX:CICompilerCount=2 -XX:ParallelGCThreads=2 -XX:ConcGCThreads=2 -Djdk.net.URLClassPath.disableClassPathURLCheck=true 
Picked up _JAVA_OPTIONS: -Djdk.net.URLClassPath.disableClassPathURLCheck=true
Running org.apache.logging.log4j.core.filter.ThresholdFilterTest
Tests run: 1, Failures: 0, Errors: 0, Skipped: 0, Time elapsed: 0.062 sec
Picked up JAVA_TOOL_OPTIONS: -XX:CICompilerCount=2 -XX:ParallelGCThreads=2 -XX:ConcGCThreads=2 -Djdk.net.URLClassPath.disableClassPathURLCheck=true -XX:CICompilerCount=2 -XX:ParallelGCThreads=2 -XX:ConcGCThreads=2 -Djdk.net.URLClassPath.disableClassPathURLCheck=true 
Picked up _JAVA_OPTIONS: -Djdk.net.URLClassPath.disableClassPathURLCheck=true
Running org.apache.logging.log4j.core.filter.BurstFilterTest
Tests run: 1, Failures: 0, Errors: 0, Skipped: 0, Time elapsed: 7.139 sec
Picked up JAVA_TOOL_OPTIONS: -XX:CICompilerCount=2 -XX:ParallelGCThreads=2 -XX:ConcGCThreads=2 -Djdk.net.URLClassPath.disableClassPathURLCheck=true -XX:CICompilerCount=2 -XX:ParallelGCThreads=2 -XX:ConcGCThreads=2 -Djdk.net.URLClassPath.disableClassPathURLCheck=true 
Picked up _JAVA_OPTIONS: -Djdk.net.URLClassPath.disableClassPathURLCheck=true
Running org.apache.logging.log4j.core.appender.rewrite.RewriteAppenderTest
Tests run: 1, Failures: 0, Errors: 0, Skipped: 0, Time elapsed: 11.447 sec
Picked up JAVA_TOOL_OPTIONS: -XX:CICompilerCount=2 -XX:ParallelGCThreads=2 -XX:ConcGCThreads=2 -Djdk.net.URLClassPath.disableClassPathURLCheck=true -XX:CICompilerCount=2 -XX:ParallelGCThreads=2 -XX:ConcGCThreads=2 -Djdk.net.URLClassPath.disableClassPathURLCheck=true 
Picked up _JAVA_OPTIONS: -Djdk.net.URLClassPath.disableClassPathURLCheck=true
Running org.apache.logging.log4j.core.appender.AsynchAppenderTest
Tests run: 1, Failures: 0, Errors: 0, Skipped: 0, Time elapsed: 0.408 sec
Picked up JAVA_TOOL_OPTIONS: -XX:CICompilerCount=2 -XX:ParallelGCThreads=2 -XX:ConcGCThreads=2 -Djdk.net.URLClassPath.disableClassPathURLCheck=true -XX:CICompilerCount=2 -XX:ParallelGCThreads=2 -XX:ConcGCThreads=2 -Djdk.net.URLClassPath.disableClassPathURLCheck=true 
Picked up _JAVA_OPTIONS: -Djdk.net.URLClassPath.disableClassPathURLCheck=true
Running org.apache.logging.log4j.core.appender.rolling.RollingAppenderUncompressedTest
2020-03-12 13:09:44,439 WARN No Loggers were configured, using default
Tests run: 1, Failures: 0, Errors: 0, Skipped: 0, Time elapsed: 20.173 sec
Picked up JAVA_TOOL_OPTIONS: -XX:CICompilerCount=2 -XX:ParallelGCThreads=2 -XX:ConcGCThreads=2 -Djdk.net.URLClassPath.disableClassPathURLCheck=true -XX:CICompilerCount=2 -XX:ParallelGCThreads=2 -XX:ConcGCThreads=2 -Djdk.net.URLClassPath.disableClassPathURLCheck=true 
Picked up _JAVA_OPTIONS: -Djdk.net.URLClassPath.disableClassPathURLCheck=true
Running org.apache.logging.log4j.core.appender.rolling.RollingAppenderTimeAndSizeTest
2020-03-12 13:10:25,757 WARN No Loggers were configured, using default
Tests run: 1, Failures: 0, Errors: 0, Skipped: 0, Time elapsed: 39.337 sec
Picked up JAVA_TOOL_OPTIONS: -XX:CICompilerCount=2 -XX:ParallelGCThreads=2 -XX:ConcGCThreads=2 -Djdk.net.URLClassPath.disableClassPathURLCheck=true -XX:CICompilerCount=2 -XX:ParallelGCThreads=2 -XX:ConcGCThreads=2 -Djdk.net.URLClassPath.disableClassPathURLCheck=true 
Picked up _JAVA_OPTIONS: -Djdk.net.URLClassPath.disableClassPathURLCheck=true
Running org.apache.logging.log4j.core.appender.rolling.RollingAppenderTimeTest
2020-03-12 13:10:37,378 WARN No Loggers were configured, using default
Tests run: 1, Failures: 0, Errors: 0, Skipped: 0, Time elapsed: 11.413 sec
Picked up JAVA_TOOL_OPTIONS: -XX:CICompilerCount=2 -XX:ParallelGCThreads=2 -XX:ConcGCThreads=2 -Djdk.net.URLClassPath.disableClassPathURLCheck=true -XX:CICompilerCount=2 -XX:ParallelGCThreads=2 -XX:ConcGCThreads=2 -Djdk.net.URLClassPath.disableClassPathURLCheck=true 
Picked up _JAVA_OPTIONS: -Djdk.net.URLClassPath.disableClassPathURLCheck=true
Running org.apache.logging.log4j.core.appender.rolling.RollingAppenderSizeTest
2020-03-12 13:11:01,889 WARN No Loggers were configured, using default
Tests run: 1, Failures: 0, Errors: 0, Skipped: 0, Time elapsed: 21.732 sec
Picked up JAVA_TOOL_OPTIONS: -XX:CICompilerCount=2 -XX:ParallelGCThreads=2 -XX:ConcGCThreads=2 -Djdk.net.URLClassPath.disableClassPathURLCheck=true -XX:CICompilerCount=2 -XX:ParallelGCThreads=2 -XX:ConcGCThreads=2 -Djdk.net.URLClassPath.disableClassPathURLCheck=true 
Picked up _JAVA_OPTIONS: -Djdk.net.URLClassPath.disableClassPathURLCheck=true
Running org.apache.logging.log4j.core.appender.rolling.OnStartupTriggeringPolicyTest
Tests run: 1, Failures: 0, Errors: 0, Skipped: 0, Time elapsed: 0.113 sec
Picked up JAVA_TOOL_OPTIONS: -XX:CICompilerCount=2 -XX:ParallelGCThreads=2 -XX:ConcGCThreads=2 -Djdk.net.URLClassPath.disableClassPathURLCheck=true -XX:CICompilerCount=2 -XX:ParallelGCThreads=2 -XX:ConcGCThreads=2 -Djdk.net.URLClassPath.disableClassPathURLCheck=true 
Picked up _JAVA_OPTIONS: -Djdk.net.URLClassPath.disableClassPathURLCheck=true
Running org.apache.logging.log4j.core.appender.routing.JSONRoutingAppenderTest
Tests run: 1, Failures: 0, Errors: 0, Skipped: 0, Time elapsed: 0.353 sec
Picked up JAVA_TOOL_OPTIONS: -XX:CICompilerCount=2 -XX:ParallelGCThreads=2 -XX:ConcGCThreads=2 -Djdk.net.URLClassPath.disableClassPathURLCheck=true -XX:CICompilerCount=2 -XX:ParallelGCThreads=2 -XX:ConcGCThreads=2 -Djdk.net.URLClassPath.disableClassPathURLCheck=true 
Picked up _JAVA_OPTIONS: -Djdk.net.URLClassPath.disableClassPathURLCheck=true
Running org.apache.logging.log4j.core.appender.routing.RoutingAppenderTest
2020-03-12 13:11:04,259 DEBUG Generated plugins in 0.003712876 seconds
2020-03-12 13:11:04,270 DEBUG Calling createProperty on class org.apache.logging.log4j.core.config.Property for element property with params(name="filename", value="target/rolling1/rollingtest-${sd:type}.log")
2020-03-12 13:11:04,273 DEBUG Calling configureSubstitutor on class org.apache.logging.log4j.core.config.plugins.PropertiesPlugin for element properties with params(properties={filename=target/rolling1/rollingtest-${sd:type}.log})
2020-03-12 13:11:04,274 DEBUG Generated plugins in 0.001029294 seconds
2020-03-12 13:11:04,277 DEBUG Calling createFilter on class org.apache.logging.log4j.core.filter.ThresholdFilter for element ThresholdFilter with params(level="debug", onMatch="null", onMismatch="null")
2020-03-12 13:11:04,280 DEBUG Calling createLayout on class org.apache.logging.log4j.core.layout.PatternLayout for element PatternLayout with params(pattern="%m%n", Configuration(RoutingTest), null, charset="null")
2020-03-12 13:11:04,281 DEBUG Generated plugins in 0.001038628 seconds
2020-03-12 13:11:04,283 DEBUG Calling createAppender on class org.apache.logging.log4j.core.appender.ConsoleAppender for element Console with params(PatternLayout(%m%n), null, target="null", name="STDOUT", suppressExceptions="null")
2020-03-12 13:11:04,284 DEBUG Calling createFilter on class org.apache.logging.log4j.core.filter.ThresholdFilter for element ThresholdFilter with params(level="debug", onMatch="null", onMismatch="null")
2020-03-12 13:11:04,286 DEBUG Calling createAppender on class org.apache.logging.log4j.test.appender.ListAppender for element List with params(name="List", entryPerNewLine="null", raw="null", null, ThresholdFilter(DEBUG))
2020-03-12 13:11:04,289 DEBUG Calling createRoute on class org.apache.logging.log4j.core.appender.routing.Route for element Route with params(ref="null", key="null", Node=Route)
2020-03-12 13:11:04,290 DEBUG Calling createRoute on class org.apache.logging.log4j.core.appender.routing.Route for element Route with params(ref="STDOUT", key="Audit", Node=Route)
2020-03-12 13:11:04,291 DEBUG Calling createRoute on class org.apache.logging.log4j.core.appender.routing.Route for element Route with params(ref="List", key="Service", Node=Route)
2020-03-12 13:11:04,292 DEBUG Calling createRoutes on class org.apache.logging.log4j.core.appender.routing.Routes for element Routes with params(pattern="${sd:type}", routes={Route(type=dynamic default), Route(type=static Reference=STDOUT key='Audit'), Route(type=static Reference=List key='Service')})
2020-03-12 13:11:04,293 DEBUG Calling createAppender on class org.apache.logging.log4j.core.appender.routing.RoutingAppender for element Routing with params(name="Routing", suppressExceptions="null", Routes({Route(type=dynamic default),Route(type=static Reference=STDOUT key='Audit'),Route(type=static Reference=List key='Service')}), Configuration(RoutingTest), null, null)
2020-03-12 13:11:04,294 DEBUG Calling createAppenders on class org.apache.logging.log4j.core.config.plugins.AppendersPlugin for element appenders with params(appenders={STDOUT, List, Routing})
2020-03-12 13:11:04,295 DEBUG Calling createAppenderRef on class org.apache.logging.log4j.core.config.AppenderRef for element appender-ref with params(ref="Routing", level="null", null)
2020-03-12 13:11:04,296 DEBUG Calling createLogger on class org.apache.logging.log4j.core.config.LoggerConfig for element logger with params(additivity="false", level="info", name="EventLogger", appender-ref={org.apache.logging.log4j.core.config.AppenderRef@4516ee8c}, null)
2020-03-12 13:11:04,298 DEBUG Calling createAppenderRef on class org.apache.logging.log4j.core.config.AppenderRef for element appender-ref with params(ref="STDOUT", level="null", null)
2020-03-12 13:11:04,300 DEBUG Calling createLogger on class org.apache.logging.log4j.core.config.LoggerConfig$RootLogger for element root with params(additivity="null", level="error", appender-ref={org.apache.logging.log4j.core.config.AppenderRef@77764cb8}, null)
2020-03-12 13:11:04,301 DEBUG Calling createLoggers on class org.apache.logging.log4j.core.config.plugins.LoggersPlugin for element loggers with params(loggers={EventLogger, root})
2020-03-12 13:11:04,301 DEBUG Reconfiguration completed
2020-03-12 13:11:04,316 DEBUG Calling createLayout on class org.apache.logging.log4j.core.layout.PatternLayout for element PatternLayout with params(pattern="%d %p %C{1.} [%t] %m%n", Configuration(RoutingTest), null, charset="null")
2020-03-12 13:11:04,317 DEBUG Calling createPolicy on class org.apache.logging.log4j.core.appender.rolling.SizeBasedTriggeringPolicy for element SizeBasedTriggeringPolicy with params(size="500")
2020-03-12 13:11:04,320 DEBUG Calling createAppender on class org.apache.logging.log4j.core.appender.RollingFileAppender for element RollingFile with params(fileName="target/rolling1/rollingtest-Unknown.log", filePattern="target/rolling1/test1-Unknown.%i.log.gz", append="null", name="Rolling-Unknown", bufferedIO="null", immediateFlush="null", SizeBasedTriggeringPolicy(SizeBasedTriggeringPolicy(size=500)), null, PatternLayout(%d %p %C{1.} [%t] %m%n), null, suppressExceptions="null", Configuration(RoutingTest))
2020-03-12 13:11:04,322 DEBUG Starting RollingFileManager target/rolling1/rollingtest-Unknown.log
2020-03-12 13:11:04,325 DEBUG Generated plugins in 0.001186152 seconds
2020-03-12 13:11:04,329 DEBUG Reconfiguration started for context sun.misc.Launcher$AppClassLoader@1ba4806
2020-03-12 13:11:04,330 DEBUG Generated plugins in 0.000959646 seconds
2020-03-12 13:11:04,357 DEBUG Generated plugins in 0.001466150 seconds
2020-03-12 13:11:04,359 DEBUG Generated plugins in 0.000989879 seconds
2020-03-12 13:11:04,359 WARN No Loggers were configured, using default
2020-03-12 13:11:04,360 DEBUG Shutting down RollingFileManager target/rolling1/rollingtest-Unknown.log
2020-03-12 13:11:04,360 DEBUG Reconfiguration completed
Tests run: 1, Failures: 0, Errors: 0, Skipped: 0, Time elapsed: 0.378 sec
Picked up JAVA_TOOL_OPTIONS: -XX:CICompilerCount=2 -XX:ParallelGCThreads=2 -XX:ConcGCThreads=2 -Djdk.net.URLClassPath.disableClassPathURLCheck=true -XX:CICompilerCount=2 -XX:ParallelGCThreads=2 -XX:ConcGCThreads=2 -Djdk.net.URLClassPath.disableClassPathURLCheck=true 
Picked up _JAVA_OPTIONS: -Djdk.net.URLClassPath.disableClassPathURLCheck=true
Running org.apache.logging.log4j.core.appender.routing.JSONRoutingAppender2Test
Tests run: 1, Failures: 0, Errors: 0, Skipped: 0, Time elapsed: 0.466 sec
Picked up JAVA_TOOL_OPTIONS: -XX:CICompilerCount=2 -XX:ParallelGCThreads=2 -XX:ConcGCThreads=2 -Djdk.net.URLClassPath.disableClassPathURLCheck=true -XX:CICompilerCount=2 -XX:ParallelGCThreads=2 -XX:ConcGCThreads=2 -Djdk.net.URLClassPath.disableClassPathURLCheck=true 
Picked up _JAVA_OPTIONS: -Djdk.net.URLClassPath.disableClassPathURLCheck=true
Running org.apache.logging.log4j.core.appender.FileAppenderTest
Tests run: 4, Failures: 0, Errors: 0, Skipped: 0, Time elapsed: 0.761 sec
Picked up JAVA_TOOL_OPTIONS: -XX:CICompilerCount=2 -XX:ParallelGCThreads=2 -XX:ConcGCThreads=2 -Djdk.net.URLClassPath.disableClassPathURLCheck=true -XX:CICompilerCount=2 -XX:ParallelGCThreads=2 -XX:ConcGCThreads=2 -Djdk.net.URLClassPath.disableClassPathURLCheck=true 
Picked up _JAVA_OPTIONS: -Djdk.net.URLClassPath.disableClassPathURLCheck=true
Running org.apache.logging.log4j.core.appender.SyslogAppenderTest
Tests run: 5, Failures: 0, Errors: 0, Skipped: 0, Time elapsed: 0.274 sec
Picked up JAVA_TOOL_OPTIONS: -XX:CICompilerCount=2 -XX:ParallelGCThreads=2 -XX:ConcGCThreads=2 -Djdk.net.URLClassPath.disableClassPathURLCheck=true -XX:CICompilerCount=2 -XX:ParallelGCThreads=2 -XX:ConcGCThreads=2 -Djdk.net.URLClassPath.disableClassPathURLCheck=true 
Picked up _JAVA_OPTIONS: -Djdk.net.URLClassPath.disableClassPathURLCheck=true
Running org.apache.logging.log4j.core.appender.FailoverAppenderTest
2020-03-12 13:11:07,253 ERROR An exception occurred processing Appender Fail org.apache.logging.log4j.LoggingException: Always fail
	at org.apache.logging.log4j.test.appender.AlwaysFailAppender.append(AlwaysFailAppender.java:37)
	at org.apache.logging.log4j.core.config.AppenderControl.callAppender(AppenderControl.java:99)
	at org.apache.logging.log4j.core.appender.FailoverAppender.append(FailoverAppender.java:99)
	at org.apache.logging.log4j.core.config.AppenderControl.callAppender(AppenderControl.java:99)
	at org.apache.logging.log4j.core.config.LoggerConfig.callAppenders(LoggerConfig.java:307)
	at org.apache.logging.log4j.core.config.LoggerConfig.log(LoggerConfig.java:288)
	at org.apache.logging.log4j.core.config.LoggerConfig.log(LoggerConfig.java:253)
	at org.apache.logging.log4j.core.Logger.log(Logger.java:106)
	at org.apache.logging.log4j.spi.AbstractLogger.error(AbstractLogger.java:986)
	at org.apache.logging.log4j.core.appender.FailoverAppenderTest.testFailover(FailoverAppenderTest.java:70)
	at sun.reflect.NativeMethodAccessorImpl.invoke0(Native Method)
	at sun.reflect.NativeMethodAccessorImpl.invoke(NativeMethodAccessorImpl.java:57)
	at sun.reflect.DelegatingMethodAccessorImpl.invoke(DelegatingMethodAccessorImpl.java:43)
	at java.lang.reflect.Method.invoke(Method.java:606)
	at org.junit.runners.model.FrameworkMethod$1.runReflectiveCall(FrameworkMethod.java:44)
	at org.junit.internal.runners.model.ReflectiveCallable.run(ReflectiveCallable.java:15)
	at org.junit.runners.model.FrameworkMethod.invokeExplosively(FrameworkMethod.java:41)
	at org.junit.internal.runners.statements.InvokeMethod.evaluate(InvokeMethod.java:20)
	at org.junit.runners.BlockJUnit4ClassRunner.runChild(BlockJUnit4ClassRunner.java:76)
	at org.junit.runners.BlockJUnit4ClassRunner.runChild(BlockJUnit4ClassRunner.java:50)
	at org.junit.runners.ParentRunner$3.run(ParentRunner.java:193)
	at org.junit.runners.ParentRunner$1.schedule(ParentRunner.java:52)
	at org.junit.runners.ParentRunner.runChildren(ParentRunner.java:191)
	at org.junit.runners.ParentRunner.access$000(ParentRunner.java:42)
	at org.junit.runners.ParentRunner$2.evaluate(ParentRunner.java:184)
	at org.junit.internal.runners.statements.RunBefores.evaluate(RunBefores.java:28)
	at org.junit.internal.runners.statements.RunAfters.evaluate(RunAfters.java:31)
	at org.junit.runners.ParentRunner.run(ParentRunner.java:236)
	at org.apache.maven.surefire.junit4.JUnit4TestSet.execute(JUnit4TestSet.java:35)
	at org.apache.maven.surefire.junit4.JUnit4Provider.executeTestSet(JUnit4Provider.java:115)
	at org.apache.maven.surefire.junit4.JUnit4Provider.invoke(JUnit4Provider.java:97)
	at sun.reflect.NativeMethodAccessorImpl.invoke0(Native Method)
	at sun.reflect.NativeMethodAccessorImpl.invoke(NativeMethodAccessorImpl.java:57)
	at sun.reflect.DelegatingMethodAccessorImpl.invoke(DelegatingMethodAccessorImpl.java:43)
	at java.lang.reflect.Method.invoke(Method.java:606)
	at org.apache.maven.surefire.booter.ProviderFactory$ClassLoaderProxy.invoke(ProviderFactory.java:103)
	at com.sun.proxy.$Proxy0.invoke(Unknown Source)
	at org.apache.maven.surefire.booter.SurefireStarter.invokeProvider(SurefireStarter.java:150)
	at org.apache.maven.surefire.booter.SurefireStarter.runSuitesInProcess(SurefireStarter.java:74)
	at org.apache.maven.surefire.booter.ForkedBooter.main(ForkedBooter.java:69)

2020-03-12 13:11:07,254 ERROR An exception occurred processing Appender Fail org.apache.logging.log4j.LoggingException: Always fail
	at org.apache.logging.log4j.test.appender.AlwaysFailAppender.append(AlwaysFailAppender.java:37)
	at org.apache.logging.log4j.core.config.AppenderControl.callAppender(AppenderControl.java:99)
	at org.apache.logging.log4j.core.appender.FailoverAppender.append(FailoverAppender.java:99)
	at org.apache.logging.log4j.core.config.AppenderControl.callAppender(AppenderControl.java:99)
	at org.apache.logging.log4j.core.config.LoggerConfig.callAppenders(LoggerConfig.java:307)
	at org.apache.logging.log4j.core.config.LoggerConfig.log(LoggerConfig.java:288)
	at org.apache.logging.log4j.core.config.LoggerConfig.log(LoggerConfig.java:253)
	at org.apache.logging.log4j.core.Logger.log(Logger.java:106)
	at org.apache.logging.log4j.spi.AbstractLogger.error(AbstractLogger.java:986)
	at org.apache.logging.log4j.core.appender.FailoverAppenderTest.testFailover(FailoverAppenderTest.java:75)
	at sun.reflect.NativeMethodAccessorImpl.invoke0(Native Method)
	at sun.reflect.NativeMethodAccessorImpl.invoke(NativeMethodAccessorImpl.java:57)
	at sun.reflect.DelegatingMethodAccessorImpl.invoke(DelegatingMethodAccessorImpl.java:43)
	at java.lang.reflect.Method.invoke(Method.java:606)
	at org.junit.runners.model.FrameworkMethod$1.runReflectiveCall(FrameworkMethod.java:44)
	at org.junit.internal.runners.model.ReflectiveCallable.run(ReflectiveCallable.java:15)
	at org.junit.runners.model.FrameworkMethod.invokeExplosively(FrameworkMethod.java:41)
	at org.junit.internal.runners.statements.InvokeMethod.evaluate(InvokeMethod.java:20)
	at org.junit.runners.BlockJUnit4ClassRunner.runChild(BlockJUnit4ClassRunner.java:76)
	at org.junit.runners.BlockJUnit4ClassRunner.runChild(BlockJUnit4ClassRunner.java:50)
	at org.junit.runners.ParentRunner$3.run(ParentRunner.java:193)
	at org.junit.runners.ParentRunner$1.schedule(ParentRunner.java:52)
	at org.junit.runners.ParentRunner.runChildren(ParentRunner.java:191)
	at org.junit.runners.ParentRunner.access$000(ParentRunner.java:42)
	at org.junit.runners.ParentRunner$2.evaluate(ParentRunner.java:184)
	at org.junit.internal.runners.statements.RunBefores.evaluate(RunBefores.java:28)
	at org.junit.internal.runners.statements.RunAfters.evaluate(RunAfters.java:31)
	at org.junit.runners.ParentRunner.run(ParentRunner.java:236)
	at org.apache.maven.surefire.junit4.JUnit4TestSet.execute(JUnit4TestSet.java:35)
	at org.apache.maven.surefire.junit4.JUnit4Provider.executeTestSet(JUnit4Provider.java:115)
	at org.apache.maven.surefire.junit4.JUnit4Provider.invoke(JUnit4Provider.java:97)
	at sun.reflect.NativeMethodAccessorImpl.invoke0(Native Method)
	at sun.reflect.NativeMethodAccessorImpl.invoke(NativeMethodAccessorImpl.java:57)
	at sun.reflect.DelegatingMethodAccessorImpl.invoke(DelegatingMethodAccessorImpl.java:43)
	at java.lang.reflect.Method.invoke(Method.java:606)
	at org.apache.maven.surefire.booter.ProviderFactory$ClassLoaderProxy.invoke(ProviderFactory.java:103)
	at com.sun.proxy.$Proxy0.invoke(Unknown Source)
	at org.apache.maven.surefire.booter.SurefireStarter.invokeProvider(SurefireStarter.java:150)
	at org.apache.maven.surefire.booter.SurefireStarter.runSuitesInProcess(SurefireStarter.java:74)
	at org.apache.maven.surefire.booter.ForkedBooter.main(ForkedBooter.java:69)

Tests run: 1, Failures: 0, Errors: 0, Skipped: 0, Time elapsed: 0.256 sec
Picked up JAVA_TOOL_OPTIONS: -XX:CICompilerCount=2 -XX:ParallelGCThreads=2 -XX:ConcGCThreads=2 -Djdk.net.URLClassPath.disableClassPathURLCheck=true -XX:CICompilerCount=2 -XX:ParallelGCThreads=2 -XX:ConcGCThreads=2 -Djdk.net.URLClassPath.disableClassPathURLCheck=true 
Picked up _JAVA_OPTIONS: -Djdk.net.URLClassPath.disableClassPathURLCheck=true
Running org.apache.logging.log4j.core.appender.SocketAppenderTest
Tests run: 2, Failures: 0, Errors: 0, Skipped: 0, Time elapsed: 0.245 sec
Picked up JAVA_TOOL_OPTIONS: -XX:CICompilerCount=2 -XX:ParallelGCThreads=2 -XX:ConcGCThreads=2 -Djdk.net.URLClassPath.disableClassPathURLCheck=true -XX:CICompilerCount=2 -XX:ParallelGCThreads=2 -XX:ConcGCThreads=2 -Djdk.net.URLClassPath.disableClassPathURLCheck=true 
Picked up _JAVA_OPTIONS: -Djdk.net.URLClassPath.disableClassPathURLCheck=true
Running org.apache.logging.log4j.core.appender.OutputStreamAppenderTest
Tests run: 1, Failures: 0, Errors: 0, Skipped: 0, Time elapsed: 0.123 sec
Picked up JAVA_TOOL_OPTIONS: -XX:CICompilerCount=2 -XX:ParallelGCThreads=2 -XX:ConcGCThreads=2 -Djdk.net.URLClassPath.disableClassPathURLCheck=true -XX:CICompilerCount=2 -XX:ParallelGCThreads=2 -XX:ConcGCThreads=2 -Djdk.net.URLClassPath.disableClassPathURLCheck=true 
Picked up _JAVA_OPTIONS: -Djdk.net.URLClassPath.disableClassPathURLCheck=true
Running org.apache.logging.log4j.core.config.FileOutputTest
Tests run: 1, Failures: 0, Errors: 0, Skipped: 0, Time elapsed: 0.269 sec
Picked up JAVA_TOOL_OPTIONS: -XX:CICompilerCount=2 -XX:ParallelGCThreads=2 -XX:ConcGCThreads=2 -Djdk.net.URLClassPath.disableClassPathURLCheck=true -XX:CICompilerCount=2 -XX:ParallelGCThreads=2 -XX:ConcGCThreads=2 -Djdk.net.URLClassPath.disableClassPathURLCheck=true 
Picked up _JAVA_OPTIONS: -Djdk.net.URLClassPath.disableClassPathURLCheck=true
Running org.apache.logging.log4j.core.config.XMLConfigurationTest
2020-03-12 13:11:09,346 WARN No Loggers were configured, using default
Tests run: 2, Failures: 0, Errors: 0, Skipped: 0, Time elapsed: 0.302 sec
Picked up JAVA_TOOL_OPTIONS: -XX:CICompilerCount=2 -XX:ParallelGCThreads=2 -XX:ConcGCThreads=2 -Djdk.net.URLClassPath.disableClassPathURLCheck=true -XX:CICompilerCount=2 -XX:ParallelGCThreads=2 -XX:ConcGCThreads=2 -Djdk.net.URLClassPath.disableClassPathURLCheck=true 
Picked up _JAVA_OPTIONS: -Djdk.net.URLClassPath.disableClassPathURLCheck=true
Running org.apache.logging.log4j.core.config.XMLConfigurationPropsTest
2020-03-12 13:11:09,750 DEBUG Generated plugins in 0.000189928 seconds
2020-03-12 13:11:09,760 DEBUG Calling createLayout on class org.apache.logging.log4j.core.layout.PatternLayout for element PatternLayout with params(pattern="[%-5level] %msg%n", Configuration(DSI), null, charset="null")
2020-03-12 13:11:09,760 DEBUG Generated plugins in 0.000164848 seconds
2020-03-12 13:11:09,762 DEBUG Calling createAppender on class org.apache.logging.log4j.core.appender.ConsoleAppender for element Console with params(PatternLayout([%-5level] %msg%n), null, target="SYSTEM_OUT", name="Console", suppressExceptions="null")
2020-03-12 13:11:09,763 DEBUG Calling createAppenders on class org.apache.logging.log4j.core.config.plugins.AppendersPlugin for element appenders with params(appenders={Console})
2020-03-12 13:11:09,763 DEBUG Generated plugins in 0.000163197 seconds
2020-03-12 13:11:09,764 DEBUG Calling createAppenderRef on class org.apache.logging.log4j.core.config.AppenderRef for element appender-ref with params(ref="Console", level="null", null)
2020-03-12 13:11:09,766 DEBUG Calling createLogger on class org.apache.logging.log4j.core.config.LoggerConfig$RootLogger for element root with params(additivity="null", level="${sys:log.level}", appender-ref={org.apache.logging.log4j.core.config.AppenderRef@42c5898a}, null)
2020-03-12 13:11:09,766 ERROR Invalid Log level specified: ${sys:log.level}. Defaulting to Error
2020-03-12 13:11:09,767 DEBUG Calling createLoggers on class org.apache.logging.log4j.core.config.plugins.LoggersPlugin for element loggers with params(loggers={root})
2020-03-12 13:11:09,767 DEBUG Reconfiguration completed
2020-03-12 13:11:09,767 DEBUG Reconfiguration started for context Default
2020-03-12 13:11:09,768 DEBUG Generated plugins in 0.000170149 seconds
2020-03-12 13:11:09,770 DEBUG Generated plugins in 0.000142405 seconds
2020-03-12 13:11:09,771 DEBUG Calling createLayout on class org.apache.logging.log4j.core.layout.PatternLayout for element PatternLayout with params(pattern="[%-5level] %msg%n", Configuration(DSI), null, charset="null")
2020-03-12 13:11:09,772 DEBUG Generated plugins in 0.000168483 seconds
2020-03-12 13:11:09,773 DEBUG Calling createAppender on class org.apache.logging.log4j.core.appender.ConsoleAppender for element Console with params(PatternLayout([%-5level] %msg%n), null, target="SYSTEM_OUT", name="Console", suppressExceptions="null")
2020-03-12 13:11:09,773 DEBUG Calling createAppenders on class org.apache.logging.log4j.core.config.plugins.AppendersPlugin for element appenders with params(appenders={Console})
2020-03-12 13:11:09,774 DEBUG Generated plugins in 0.000186917 seconds
2020-03-12 13:11:09,775 DEBUG Calling createAppenderRef on class org.apache.logging.log4j.core.config.AppenderRef for element appender-ref with params(ref="Console", level="null", null)
2020-03-12 13:11:09,776 DEBUG Calling createLogger on class org.apache.logging.log4j.core.config.LoggerConfig$RootLogger for element root with params(additivity="null", level="${sys:log.level}", appender-ref={org.apache.logging.log4j.core.config.AppenderRef@2c61bbb7}, null)
2020-03-12 13:11:09,776 ERROR Invalid Log level specified: ${sys:log.level}. Defaulting to Error
2020-03-12 13:11:09,777 DEBUG Calling createLoggers on class org.apache.logging.log4j.core.config.plugins.LoggersPlugin for element loggers with params(loggers={root})
2020-03-12 13:11:09,777 DEBUG Reconfiguration completed
2020-03-12 13:11:09,779 DEBUG Reconfiguration started for context Default
2020-03-12 13:11:09,780 DEBUG Generated plugins in 0.000169435 seconds
2020-03-12 13:11:09,782 DEBUG Generated plugins in 0.000139112 seconds
2020-03-12 13:11:09,783 DEBUG Calling createLayout on class org.apache.logging.log4j.core.layout.PatternLayout for element PatternLayout with params(pattern="[%-5level] %msg%n", Configuration(DSI), null, charset="null")
2020-03-12 13:11:09,783 DEBUG Generated plugins in 0.000178987 seconds
2020-03-12 13:11:09,784 DEBUG Calling createAppender on class org.apache.logging.log4j.core.appender.ConsoleAppender for element Console with params(PatternLayout([%-5level] %msg%n), null, target="SYSTEM_OUT", name="Console", suppressExceptions="null")
2020-03-12 13:11:09,785 DEBUG Calling createAppenders on class org.apache.logging.log4j.core.config.plugins.AppendersPlugin for element appenders with params(appenders={Console})
2020-03-12 13:11:09,785 DEBUG Generated plugins in 0.000149215 seconds
2020-03-12 13:11:09,787 DEBUG Calling createAppenderRef on class org.apache.logging.log4j.core.config.AppenderRef for element appender-ref with params(ref="Console", level="null", null)
2020-03-12 13:11:09,787 DEBUG Calling createLogger on class org.apache.logging.log4j.core.config.LoggerConfig$RootLogger for element root with params(additivity="null", level="debug", appender-ref={org.apache.logging.log4j.core.config.AppenderRef@77aa2b26}, null)
2020-03-12 13:11:09,788 DEBUG Calling createLoggers on class org.apache.logging.log4j.core.config.plugins.LoggersPlugin for element loggers with params(loggers={root})
2020-03-12 13:11:09,788 DEBUG Reconfiguration completed
2020-03-12 13:11:09,789 DEBUG Reconfiguration started for context Default
2020-03-12 13:11:09,789 DEBUG Generated plugins in 0.000146781 seconds
2020-03-12 13:11:09,795 ERROR Invalid Log level specified: ${sys:log.level}. Defaulting to Error
Tests run: 3, Failures: 0, Errors: 0, Skipped: 0, Time elapsed: 0.302 sec
Picked up JAVA_TOOL_OPTIONS: -XX:CICompilerCount=2 -XX:ParallelGCThreads=2 -XX:ConcGCThreads=2 -Djdk.net.URLClassPath.disableClassPathURLCheck=true -XX:CICompilerCount=2 -XX:ParallelGCThreads=2 -XX:ConcGCThreads=2 -Djdk.net.URLClassPath.disableClassPathURLCheck=true 
Picked up _JAVA_OPTIONS: -Djdk.net.URLClassPath.disableClassPathURLCheck=true
Running org.apache.logging.log4j.core.config.TestConfigurator
Tests run: 4, Failures: 0, Errors: 0, Skipped: 0, Time elapsed: 0.822 sec
Picked up JAVA_TOOL_OPTIONS: -XX:CICompilerCount=2 -XX:ParallelGCThreads=2 -XX:ConcGCThreads=2 -Djdk.net.URLClassPath.disableClassPathURLCheck=true -XX:CICompilerCount=2 -XX:ParallelGCThreads=2 -XX:ConcGCThreads=2 -Djdk.net.URLClassPath.disableClassPathURLCheck=true 
Picked up _JAVA_OPTIONS: -Djdk.net.URLClassPath.disableClassPathURLCheck=true
Running org.apache.logging.log4j.core.SimplePerfTest
Timer Setup stopped. Elapsed time: 0.100475865 seconds Average per iteration: 0.000000010 seconds
Timer DebugDisabled stopped. Elapsed time: 0.054381044 seconds Average per iteration: 0.000000005 seconds
Timer DebugLogger stopped. Elapsed time: 0.049887984 seconds Average per iteration: 0.000000004 seconds
Tests run: 2, Failures: 0, Errors: 0, Skipped: 0, Time elapsed: 0.544 sec
Picked up JAVA_TOOL_OPTIONS: -XX:CICompilerCount=2 -XX:ParallelGCThreads=2 -XX:ConcGCThreads=2 -Djdk.net.URLClassPath.disableClassPathURLCheck=true -XX:CICompilerCount=2 -XX:ParallelGCThreads=2 -XX:ConcGCThreads=2 -Djdk.net.URLClassPath.disableClassPathURLCheck=true 
Picked up _JAVA_OPTIONS: -Djdk.net.URLClassPath.disableClassPathURLCheck=true
Running org.apache.logging.log4j.core.layout.XMLLayoutTest
Tests run: 1, Failures: 0, Errors: 1, Skipped: 0, Time elapsed: 0.272 sec <<< FAILURE!
Picked up JAVA_TOOL_OPTIONS: -XX:CICompilerCount=2 -XX:ParallelGCThreads=2 -XX:ConcGCThreads=2 -Djdk.net.URLClassPath.disableClassPathURLCheck=true -XX:CICompilerCount=2 -XX:ParallelGCThreads=2 -XX:ConcGCThreads=2 -Djdk.net.URLClassPath.disableClassPathURLCheck=true 
Picked up _JAVA_OPTIONS: -Djdk.net.URLClassPath.disableClassPathURLCheck=true
Running org.apache.logging.log4j.core.layout.SyslogLayoutTest
Tests run: 1, Failures: 0, Errors: 0, Skipped: 0, Time elapsed: 0.228 sec
Picked up JAVA_TOOL_OPTIONS: -XX:CICompilerCount=2 -XX:ParallelGCThreads=2 -XX:ConcGCThreads=2 -Djdk.net.URLClassPath.disableClassPathURLCheck=true -XX:CICompilerCount=2 -XX:ParallelGCThreads=2 -XX:ConcGCThreads=2 -Djdk.net.URLClassPath.disableClassPathURLCheck=true 
Picked up _JAVA_OPTIONS: -Djdk.net.URLClassPath.disableClassPathURLCheck=true
Running org.apache.logging.log4j.core.layout.PatternLayoutTest
Tests run: 2, Failures: 0, Errors: 0, Skipped: 0, Time elapsed: 3.337 sec
Picked up JAVA_TOOL_OPTIONS: -XX:CICompilerCount=2 -XX:ParallelGCThreads=2 -XX:ConcGCThreads=2 -Djdk.net.URLClassPath.disableClassPathURLCheck=true -XX:CICompilerCount=2 -XX:ParallelGCThreads=2 -XX:ConcGCThreads=2 -Djdk.net.URLClassPath.disableClassPathURLCheck=true 
Picked up _JAVA_OPTIONS: -Djdk.net.URLClassPath.disableClassPathURLCheck=true
Running org.apache.logging.log4j.core.layout.RFC5424LayoutTest
Tests run: 1, Failures: 0, Errors: 0, Skipped: 0, Time elapsed: 0.382 sec
Picked up JAVA_TOOL_OPTIONS: -XX:CICompilerCount=2 -XX:ParallelGCThreads=2 -XX:ConcGCThreads=2 -Djdk.net.URLClassPath.disableClassPathURLCheck=true -XX:CICompilerCount=2 -XX:ParallelGCThreads=2 -XX:ConcGCThreads=2 -Djdk.net.URLClassPath.disableClassPathURLCheck=true 
Picked up _JAVA_OPTIONS: -Djdk.net.URLClassPath.disableClassPathURLCheck=true
Running org.apache.logging.log4j.core.layout.SerializedLayoutTest
Tests run: 1, Failures: 0, Errors: 1, Skipped: 0, Time elapsed: 0.254 sec <<< FAILURE!
Picked up JAVA_TOOL_OPTIONS: -XX:CICompilerCount=2 -XX:ParallelGCThreads=2 -XX:ConcGCThreads=2 -Djdk.net.URLClassPath.disableClassPathURLCheck=true -XX:CICompilerCount=2 -XX:ParallelGCThreads=2 -XX:ConcGCThreads=2 -Djdk.net.URLClassPath.disableClassPathURLCheck=true 
Picked up _JAVA_OPTIONS: -Djdk.net.URLClassPath.disableClassPathURLCheck=true
Running org.apache.logging.log4j.core.layout.HTMLLayoutTest
Tests run: 1, Failures: 0, Errors: 1, Skipped: 0, Time elapsed: 0.223 sec <<< FAILURE!
Picked up JAVA_TOOL_OPTIONS: -XX:CICompilerCount=2 -XX:ParallelGCThreads=2 -XX:ConcGCThreads=2 -Djdk.net.URLClassPath.disableClassPathURLCheck=true -XX:CICompilerCount=2 -XX:ParallelGCThreads=2 -XX:ConcGCThreads=2 -Djdk.net.URLClassPath.disableClassPathURLCheck=true 
Picked up _JAVA_OPTIONS: -Djdk.net.URLClassPath.disableClassPathURLCheck=true
Running org.apache.logging.log4j.core.StrictXMLConfigTest
2020-03-12 13:11:18,775 DEBUG Generated plugins in 0.002417749 seconds
2020-03-12 13:11:18,784 DEBUG Calling createProperty on class org.apache.logging.log4j.core.config.Property for element property with params(name="filename", value="target/test.log")
2020-03-12 13:11:18,786 DEBUG Calling configureSubstitutor on class org.apache.logging.log4j.core.config.plugins.PropertiesPlugin for element properties with params(properties={filename=target/test.log})
2020-03-12 13:11:18,787 DEBUG Generated plugins in 0.000774410 seconds
2020-03-12 13:11:18,788 DEBUG Calling createFilter on class org.apache.logging.log4j.core.filter.ThresholdFilter for element ThresholdFilter with params(level="trace", onMatch="null", onMismatch="null")
2020-03-12 13:11:18,791 DEBUG Calling createLayout on class org.apache.logging.log4j.core.layout.PatternLayout for element PatternLayout with params(pattern="%m MDC%X%n", Configuration(XMLConfigTest), null, charset="null")
2020-03-12 13:11:18,792 DEBUG Generated plugins in 0.000743501 seconds
2020-03-12 13:11:18,793 DEBUG Calling createFilter on class org.apache.logging.log4j.core.filter.MarkerFilter for element MarkerFilter with params(marker="FLOW", onMatch="DENY", onMismatch="NEUTRAL")
2020-03-12 13:11:18,793 DEBUG Calling createFilter on class org.apache.logging.log4j.core.filter.MarkerFilter for element MarkerFilter with params(marker="EXCEPTION", onMatch="DENY", onMismatch="ACCEPT")
2020-03-12 13:11:18,794 DEBUG Calling createFilters on class org.apache.logging.log4j.core.filter.CompositeFilter for element filters with params(filters={FLOW, EXCEPTION})
2020-03-12 13:11:18,796 DEBUG Calling createAppender on class org.apache.logging.log4j.core.appender.ConsoleAppender for element Console with params(PatternLayout(%m MDC%X%n), filters({FLOW, EXCEPTION}), target="null", name="STDOUT", suppressExceptions="null")
2020-03-12 13:11:18,797 DEBUG Calling createLayout on class org.apache.logging.log4j.core.layout.PatternLayout for element PatternLayout with params(pattern="%C{1}.%M %m %ex%n", Configuration(XMLConfigTest), null, charset="null")
2020-03-12 13:11:18,798 DEBUG Calling createFilter on class org.apache.logging.log4j.core.filter.MarkerFilter for element MarkerFilter with params(marker="FLOW", onMatch="ACCEPT", onMismatch="NEUTRAL")
2020-03-12 13:11:18,798 DEBUG Calling createFilter on class org.apache.logging.log4j.core.filter.MarkerFilter for element MarkerFilter with params(marker="EXCEPTION", onMatch="ACCEPT", onMismatch="DENY")
2020-03-12 13:11:18,799 DEBUG Calling createFilters on class org.apache.logging.log4j.core.filter.CompositeFilter for element filters with params(filters={FLOW, EXCEPTION})
2020-03-12 13:11:18,799 DEBUG Calling createAppender on class org.apache.logging.log4j.core.appender.ConsoleAppender for element Console with params(PatternLayout(%C{1}.%M %m %ex%n), filters({FLOW, EXCEPTION}), target="null", name="FLOW", suppressExceptions="null")
2020-03-12 13:11:18,800 DEBUG Calling createLayout on class org.apache.logging.log4j.core.layout.PatternLayout for element PatternLayout with params(pattern="%d %p %C{1.} [%t] %m%n", Configuration(XMLConfigTest), null, charset="null")
2020-03-12 13:11:18,802 DEBUG Calling createAppender on class org.apache.logging.log4j.core.appender.FileAppender for element File with params(fileName="target/test.log", append="null", locking="null", name="File", immediateFlush="null", suppressExceptions="null", bufferedIO="null", PatternLayout(%d %p %C{1.} [%t] %m%n), null)
2020-03-12 13:11:18,803 DEBUG Starting FileManager target/test.log
2020-03-12 13:11:18,805 DEBUG Calling createAppender on class org.apache.logging.log4j.test.appender.ListAppender for element List with params(name="List", entryPerNewLine="null", raw="null", null, null)
2020-03-12 13:11:18,806 DEBUG Calling createAppenders on class org.apache.logging.log4j.core.config.plugins.AppendersPlugin for element appenders with params(appenders={STDOUT, FLOW, File, List})
2020-03-12 13:11:18,806 DEBUG Calling createPair on class org.apache.logging.log4j.core.helpers.KeyValuePair for element KeyValuePair with params(key="test", value="123")
2020-03-12 13:11:18,808 DEBUG Calling createFilter on class org.apache.logging.log4j.core.filter.ThreadContextMapFilter for element ThreadContextMapFilter with params(pairs={test=123}, operator="null", onmatch="null", onmismatch="null")
2020-03-12 13:11:18,808 DEBUG Calling createAppenderRef on class org.apache.logging.log4j.core.config.AppenderRef for element appender-ref with params(ref="STDOUT", level="null", null)
2020-03-12 13:11:18,810 DEBUG Calling createLogger on class org.apache.logging.log4j.core.config.LoggerConfig for element logger with params(additivity="false", level="debug", name="org.apache.logging.log4j.test1", appender-ref={org.apache.logging.log4j.core.config.AppenderRef@4b7524e}, ThreadContextMapFilter(isAnd=true, {test=[123]}))
2020-03-12 13:11:18,810 DEBUG Calling createAppenderRef on class org.apache.logging.log4j.core.config.AppenderRef for element appender-ref with params(ref="File", level="null", null)
2020-03-12 13:11:18,811 DEBUG Calling createLogger on class org.apache.logging.log4j.core.config.LoggerConfig for element logger with params(additivity="false", level="debug", name="org.apache.logging.log4j.test2", appender-ref={org.apache.logging.log4j.core.config.AppenderRef@1f7c814d}, null)
2020-03-12 13:11:18,812 DEBUG Calling createAppenderRef on class org.apache.logging.log4j.core.config.AppenderRef for element appender-ref with params(ref="List", level="null", null)
2020-03-12 13:11:18,812 DEBUG Calling createLogger on class org.apache.logging.log4j.core.config.LoggerConfig$RootLogger for element root with params(additivity="null", level="trace", appender-ref={org.apache.logging.log4j.core.config.AppenderRef@44036e4e}, null)
2020-03-12 13:11:18,813 DEBUG Calling createLoggers on class org.apache.logging.log4j.core.config.plugins.LoggersPlugin for element loggers with params(loggers={org.apache.logging.log4j.test1, org.apache.logging.log4j.test2, root})
2020-03-12 13:11:18,814 DEBUG Reconfiguration completed
2020-03-12 13:11:18,836 DEBUG Reconfiguration started for context sun.misc.Launcher$AppClassLoader@6102d81c
2020-03-12 13:11:18,836 DEBUG Generated plugins in 0.000637374 seconds
2020-03-12 13:11:18,854 DEBUG Generated plugins in 0.000747759 seconds
2020-03-12 13:11:18,856 DEBUG Generated plugins in 0.000795246 seconds
2020-03-12 13:11:18,856 WARN No Loggers were configured, using default
2020-03-12 13:11:18,856 DEBUG Shutting down FileManager target/test.log
2020-03-12 13:11:18,857 DEBUG Reconfiguration completed
Tests run: 9, Failures: 0, Errors: 2, Skipped: 0, Time elapsed: 0.292 sec <<< FAILURE!
Picked up JAVA_TOOL_OPTIONS: -XX:CICompilerCount=2 -XX:ParallelGCThreads=2 -XX:ConcGCThreads=2 -Djdk.net.URLClassPath.disableClassPathURLCheck=true -XX:CICompilerCount=2 -XX:ParallelGCThreads=2 -XX:ConcGCThreads=2 -Djdk.net.URLClassPath.disableClassPathURLCheck=true 
Picked up _JAVA_OPTIONS: -Djdk.net.URLClassPath.disableClassPathURLCheck=true
Running org.apache.logging.log4j.core.AppenderRefLevelTest
2020-03-12 13:11:19,355 WARN No Loggers were configured, using default
Tests run: 3, Failures: 0, Errors: 0, Skipped: 0, Time elapsed: 0.288 sec
Picked up JAVA_TOOL_OPTIONS: -XX:CICompilerCount=2 -XX:ParallelGCThreads=2 -XX:ConcGCThreads=2 -Djdk.net.URLClassPath.disableClassPathURLCheck=true -XX:CICompilerCount=2 -XX:ParallelGCThreads=2 -XX:ConcGCThreads=2 -Djdk.net.URLClassPath.disableClassPathURLCheck=true 
Picked up _JAVA_OPTIONS: -Djdk.net.URLClassPath.disableClassPathURLCheck=true
Running org.apache.logging.log4j.core.ThreadedTest
Counter = 100
2020-03-12 13:11:20,102 WARN No Loggers were configured, using default
Tests run: 1, Failures: 0, Errors: 0, Skipped: 0, Time elapsed: 0.534 sec
Picked up JAVA_TOOL_OPTIONS: -XX:CICompilerCount=2 -XX:ParallelGCThreads=2 -XX:ConcGCThreads=2 -Djdk.net.URLClassPath.disableClassPathURLCheck=true -XX:CICompilerCount=2 -XX:ParallelGCThreads=2 -XX:ConcGCThreads=2 -Djdk.net.URLClassPath.disableClassPathURLCheck=true 
Picked up _JAVA_OPTIONS: -Djdk.net.URLClassPath.disableClassPathURLCheck=true
Running org.apache.logging.log4j.core.ThreadedPerfTest
Timer DebugDisabled stopped. Elapsed time: 0.002026940 seconds Average per iteration: 0.000000000 seconds
Timer DebugLogger stopped. Elapsed time: 0.002216444 seconds Average per iteration: 0.000000000 seconds
Tests run: 2, Failures: 0, Errors: 0, Skipped: 0, Time elapsed: 0.248 sec
Picked up JAVA_TOOL_OPTIONS: -XX:CICompilerCount=2 -XX:ParallelGCThreads=2 -XX:ConcGCThreads=2 -Djdk.net.URLClassPath.disableClassPathURLCheck=true -XX:CICompilerCount=2 -XX:ParallelGCThreads=2 -XX:ConcGCThreads=2 -Djdk.net.URLClassPath.disableClassPathURLCheck=true 
Picked up _JAVA_OPTIONS: -Djdk.net.URLClassPath.disableClassPathURLCheck=true
Running org.apache.logging.log4j.core.net.JMSQueueTest
log4j:WARN No appenders could be found for logger (org.mockejb.jndi.MockContext).
log4j:WARN Please initialize the log4j system properly.
log4j:WARN See http://logging.apache.org/log4j/1.2/faq.html#noconfig for more info.
Tests run: 1, Failures: 0, Errors: 0, Skipped: 0, Time elapsed: 0.538 sec
Picked up JAVA_TOOL_OPTIONS: -XX:CICompilerCount=2 -XX:ParallelGCThreads=2 -XX:ConcGCThreads=2 -Djdk.net.URLClassPath.disableClassPathURLCheck=true -XX:CICompilerCount=2 -XX:ParallelGCThreads=2 -XX:ConcGCThreads=2 -Djdk.net.URLClassPath.disableClassPathURLCheck=true 
Picked up _JAVA_OPTIONS: -Djdk.net.URLClassPath.disableClassPathURLCheck=true
Running org.apache.logging.log4j.core.net.JMSTopicTest
log4j:WARN No appenders could be found for logger (org.mockejb.jndi.MockContext).
log4j:WARN Please initialize the log4j system properly.
log4j:WARN See http://logging.apache.org/log4j/1.2/faq.html#noconfig for more info.
Tests run: 1, Failures: 0, Errors: 0, Skipped: 0, Time elapsed: 0.515 sec
Picked up JAVA_TOOL_OPTIONS: -XX:CICompilerCount=2 -XX:ParallelGCThreads=2 -XX:ConcGCThreads=2 -Djdk.net.URLClassPath.disableClassPathURLCheck=true -XX:CICompilerCount=2 -XX:ParallelGCThreads=2 -XX:ConcGCThreads=2 -Djdk.net.URLClassPath.disableClassPathURLCheck=true 
Picked up _JAVA_OPTIONS: -Djdk.net.URLClassPath.disableClassPathURLCheck=true
Running org.apache.logging.log4j.core.net.SocketServerTest
Tests run: 1, Failures: 0, Errors: 0, Skipped: 0, Time elapsed: 0.365 sec
Picked up JAVA_TOOL_OPTIONS: -XX:CICompilerCount=2 -XX:ParallelGCThreads=2 -XX:ConcGCThreads=2 -Djdk.net.URLClassPath.disableClassPathURLCheck=true -XX:CICompilerCount=2 -XX:ParallelGCThreads=2 -XX:ConcGCThreads=2 -Djdk.net.URLClassPath.disableClassPathURLCheck=true 
Picked up _JAVA_OPTIONS: -Djdk.net.URLClassPath.disableClassPathURLCheck=true
Running org.apache.logging.log4j.core.net.PriorityTest
Tests run: 1, Failures: 0, Errors: 0, Skipped: 0, Time elapsed: 0.038 sec
Picked up JAVA_TOOL_OPTIONS: -XX:CICompilerCount=2 -XX:ParallelGCThreads=2 -XX:ConcGCThreads=2 -Djdk.net.URLClassPath.disableClassPathURLCheck=true -XX:CICompilerCount=2 -XX:ParallelGCThreads=2 -XX:ConcGCThreads=2 -Djdk.net.URLClassPath.disableClassPathURLCheck=true 
Picked up _JAVA_OPTIONS: -Djdk.net.URLClassPath.disableClassPathURLCheck=true
Running org.apache.logging.log4j.core.CollectionLoggingTest
13:11:24.947 [main] ERROR org.apache.logging.log4j.core.CollectionLoggingTest - {java.runtime.name=Java(TM) SE Runtime Environment, sun.boot.library.path=/bam/scratch/jmcampos/RTA/repair_them_all_framework/jdks/jdk1.7.0_80/jre/lib/amd64, java.vm.version=24.80-b11, java.vm.vendor=Oracle Corporation, java.vendor.url=http://java.oracle.com/, skip.gulp=true, path.separator=:, java.vm.name=Java HotSpot(TM) 64-Bit Server VM, file.encoding.pkg=sun.io, findbugs.skip=true, user.country=US, sun.java.launcher=SUN_STANDARD, sun.os.patch.level=unknown, java.vm.specification.name=Java Virtual Machine Specification, user.dir=/bam/scratch/tmp-rta/Bugs.jar_Logging-Log4J2_7f391872_java-7/core, checkstyle.skip=true, java.runtime.version=1.7.0_80-b15, basedir=/bam/scratch/tmp-rta/Bugs.jar_Logging-Log4J2_7f391872_java-7/core, skip.npm=true, java.awt.graphicsenv=sun.awt.X11GraphicsEnvironment, java.endorsed.dirs=/bam/scratch/jmcampos/RTA/repair_them_all_framework/jdks/jdk1.7.0_80/jre/lib/endorsed, os.arch=amd64, gpg.skip=true, java.io.tmpdir=/tmp, line.separator=
, cobertura.skip=true, java.vm.specification.vendor=Oracle Corporation, rat.numUnapprovedLicenses=1000000, os.name=Linux, https.protocols=TLSv1.2, sun.jnu.encoding=UTF-8, license.skip=true, java.library.path=/opt/rh/rh-ruby25/root/usr/lib64:/opt/rh/devtoolset-7/root/usr/lib64:/opt/rh/devtoolset-7/root/usr/lib:/usr/java/packages/lib/amd64:/usr/lib64:/lib64:/lib:/usr/lib, surefire.test.class.path=/bam/scratch/tmp-rta/Bugs.jar_Logging-Log4J2_7f391872_java-7/core/target/test-classes:/bam/scratch/tmp-rta/Bugs.jar_Logging-Log4J2_7f391872_java-7/core/target/classes:/bam/scratch/tmp-rta/Bugs.jar_Logging-Log4J2_7f391872_java-7/.m2/org/apache/logging/log4j/log4j-api/2.0-beta3-SNAPSHOT/log4j-api-2.0-beta3-SNAPSHOT.jar:/bam/scratch/tmp-rta/Bugs.jar_Logging-Log4J2_7f391872_java-7/.m2/org/codehaus/jackson/jackson-core-asl/1.9.2/jackson-core-asl-1.9.2.jar:/bam/scratch/tmp-rta/Bugs.jar_Logging-Log4J2_7f391872_java-7/.m2/org/codehaus/jackson/jackson-mapper-asl/1.9.2/jackson-mapper-asl-1.9.2.jar:/bam/scratch/tmp-rta/Bugs.jar_Logging-Log4J2_7f391872_java-7/.m2/org/fusesource/jansi/jansi/1.9/jansi-1.9.jar:/bam/scratch/tmp-rta/Bugs.jar_Logging-Log4J2_7f391872_java-7/.m2/oro/oro/2.0.8/oro-2.0.8.jar:/bam/scratch/tmp-rta/Bugs.jar_Logging-Log4J2_7f391872_java-7/.m2/log4j/log4j/1.2.16/log4j-1.2.16.jar:/bam/scratch/tmp-rta/Bugs.jar_Logging-Log4J2_7f391872_java-7/.m2/org/slf4j/slf4j-api/1.7.1/slf4j-api-1.7.1.jar:/bam/scratch/tmp-rta/Bugs.jar_Logging-Log4J2_7f391872_java-7/.m2/org/slf4j/slf4j-ext/1.7.1/slf4j-ext-1.7.1.jar:/bam/scratch/tmp-rta/Bugs.jar_Logging-Log4J2_7f391872_java-7/.m2/ch/qos/cal10n/cal10n-api/0.7.4/cal10n-api-0.7.4.jar:/bam/scratch/tmp-rta/Bugs.jar_Logging-Log4J2_7f391872_java-7/.m2/junit/junit/4.7/junit-4.7.jar:/bam/scratch/tmp-rta/Bugs.jar_Logging-Log4J2_7f391872_java-7/.m2/org/mockejb/mockejb/0.6-beta2/mockejb-0.6-beta2.jar:/bam/scratch/tmp-rta/Bugs.jar_Logging-Log4J2_7f391872_java-7/.m2/cglib/cglib-full/2.0.2/cglib-full-2.0.2.jar:/bam/scratch/tmp-rta/Bugs.jar_Logging-Log4J2_7f391872_java-7/.m2/commons-logging/commons-logging/1.0.4/commons-logging-1.0.4.jar:/bam/scratch/tmp-rta/Bugs.jar_Logging-Log4J2_7f391872_java-7/.m2/ch/qos/logback/logback-core/1.0.7/logback-core-1.0.7.jar:/bam/scratch/tmp-rta/Bugs.jar_Logging-Log4J2_7f391872_java-7/.m2/ch/qos/logback/logback-classic/1.0.7/logback-classic-1.0.7.jar:/bam/scratch/tmp-rta/Bugs.jar_Logging-Log4J2_7f391872_java-7/.m2/org/apache/geronimo/specs/geronimo-jms_1.1_spec/1.0/geronimo-jms_1.1_spec-1.0.jar:, java.specification.name=Java Platform API Specification, java.class.version=51.0, skip.bower=true, sun.management.compiler=HotSpot 64-Bit Tiered Compilers, maven.repo.local=/bam/scratch/tmp-rta/Bugs.jar_Logging-Log4J2_7f391872_java-7/.m2, rat.ignoreErrors=true, os.version=4.14.147-1.el7.retpoline.x86_64, user.home=/homes/gws/jmcampos, baseline.skip=true, user.timezone=America/Los_Angeles, java.awt.printerjob=sun.print.PSPrinterJob, file.encoding=UTF-8, java.specification.version=1.7, jacoco.skip=true, java.class.path=/bam/scratch/tmp-rta/Bugs.jar_Logging-Log4J2_7f391872_java-7/core/target/surefire/surefirebooter5551937376411447039.jar, user.name=jmcampos, jdk.net.URLClassPath.disableClassPathURLCheck=true, java.vm.specification.version=1.7, sun.java.command=/bam/scratch/tmp-rta/Bugs.jar_Logging-Log4J2_7f391872_java-7/core/target/surefire/surefirebooter5551937376411447039.jar /bam/scratch/tmp-rta/Bugs.jar_Logging-Log4J2_7f391872_java-7/core/target/surefire/surefire1454832772343889722tmp /bam/scratch/tmp-rta/Bugs.jar_Logging-Log4J2_7f391872_java-7/core/target/surefire/surefire9097086934918328773tmp, java.home=/bam/scratch/jmcampos/RTA/repair_them_all_framework/jdks/jdk1.7.0_80/jre, sun.arch.data.model=64, user.language=en, java.specification.vendor=Oracle Corporation, awt.toolkit=sun.awt.X11.XToolkit, java.vm.info=mixed mode, java.version=1.7.0_80, java.ext.dirs=/bam/scratch/jmcampos/RTA/repair_them_all_framework/jdks/jdk1.7.0_80/jre/lib/ext:/usr/java/packages/lib/ext, sun.boot.class.path=/bam/scratch/jmcampos/RTA/repair_them_all_framework/jdks/jdk1.7.0_80/jre/lib/resources.jar:/bam/scratch/jmcampos/RTA/repair_them_all_framework/jdks/jdk1.7.0_80/jre/lib/rt.jar:/bam/scratch/jmcampos/RTA/repair_them_all_framework/jdks/jdk1.7.0_80/jre/lib/sunrsasign.jar:/bam/scratch/jmcampos/RTA/repair_them_all_framework/jdks/jdk1.7.0_80/jre/lib/jsse.jar:/bam/scratch/jmcampos/RTA/repair_them_all_framework/jdks/jdk1.7.0_80/jre/lib/jce.jar:/bam/scratch/jmcampos/RTA/repair_them_all_framework/jdks/jdk1.7.0_80/jre/lib/charsets.jar:/bam/scratch/jmcampos/RTA/repair_them_all_framework/jdks/jdk1.7.0_80/jre/lib/jfr.jar:/bam/scratch/jmcampos/RTA/repair_them_all_framework/jdks/jdk1.7.0_80/jre/classes, rat.skip=true, enforcer.skip=true, java.vendor=Oracle Corporation, localRepository=/bam/scratch/tmp-rta/Bugs.jar_Logging-Log4J2_7f391872_java-7/.m2, file.separator=/, java.vendor.url.bug=http://bugreport.sun.com/bugreport/, sun.io.unicode.encoding=UnicodeLittle, sun.cpu.endian=little, sun.cpu.isalist=}
13:11:24.949 [main] ERROR org.apache.logging.log4j.core.CollectionLoggingTest - MyKey1="MyValue1" MyKey2="MyValue2"
13:11:24.949 [main] ERROR org.apache.logging.log4j.core.CollectionLoggingTest - {MyKey2=MyValue2, MyKey1=MyValue1}
13:11:24.953 [main] ERROR org.apache.logging.log4j.core.CollectionLoggingTest - java.net.NetworkInterface$1@4b0a35db
13:11:24.995 [main] ERROR org.apache.logging.log4j.core.CollectionLoggingTest - {Big5=Big5, Big5-HKSCS=Big5-HKSCS, EUC-JP=EUC-JP, EUC-KR=EUC-KR, GB18030=GB18030, GB2312=GB2312, GBK=GBK, IBM-Thai=IBM-Thai, IBM00858=IBM00858, IBM01140=IBM01140, IBM01141=IBM01141, IBM01142=IBM01142, IBM01143=IBM01143, IBM01144=IBM01144, IBM01145=IBM01145, IBM01146=IBM01146, IBM01147=IBM01147, IBM01148=IBM01148, IBM01149=IBM01149, IBM037=IBM037, IBM1026=IBM1026, IBM1047=IBM1047, IBM273=IBM273, IBM277=IBM277, IBM278=IBM278, IBM280=IBM280, IBM284=IBM284, IBM285=IBM285, IBM290=IBM290, IBM297=IBM297, IBM420=IBM420, IBM424=IBM424, IBM437=IBM437, IBM500=IBM500, IBM775=IBM775, IBM850=IBM850, IBM852=IBM852, IBM855=IBM855, IBM857=IBM857, IBM860=IBM860, IBM861=IBM861, IBM862=IBM862, IBM863=IBM863, IBM864=IBM864, IBM865=IBM865, IBM866=IBM866, IBM868=IBM868, IBM869=IBM869, IBM870=IBM870, IBM871=IBM871, IBM918=IBM918, ISO-2022-CN=ISO-2022-CN, ISO-2022-JP=ISO-2022-JP, ISO-2022-JP-2=ISO-2022-JP-2, ISO-2022-KR=ISO-2022-KR, ISO-8859-1=ISO-8859-1, ISO-8859-13=ISO-8859-13, ISO-8859-15=ISO-8859-15, ISO-8859-2=ISO-8859-2, ISO-8859-3=ISO-8859-3, ISO-8859-4=ISO-8859-4, ISO-8859-5=ISO-8859-5, ISO-8859-6=ISO-8859-6, ISO-8859-7=ISO-8859-7, ISO-8859-8=ISO-8859-8, ISO-8859-9=ISO-8859-9, JIS_X0201=JIS_X0201, JIS_X0212-1990=JIS_X0212-1990, KOI8-R=KOI8-R, KOI8-U=KOI8-U, Shift_JIS=Shift_JIS, TIS-620=TIS-620, US-ASCII=US-ASCII, UTF-16=UTF-16, UTF-16BE=UTF-16BE, UTF-16LE=UTF-16LE, UTF-32=UTF-32, UTF-32BE=UTF-32BE, UTF-32LE=UTF-32LE, UTF-8=UTF-8, windows-1250=windows-1250, windows-1251=windows-1251, windows-1252=windows-1252, windows-1253=windows-1253, windows-1254=windows-1254, windows-1255=windows-1255, windows-1256=windows-1256, windows-1257=windows-1257, windows-1258=windows-1258, windows-31j=windows-31j, x-Big5-HKSCS-2001=x-Big5-HKSCS-2001, x-Big5-Solaris=x-Big5-Solaris, x-COMPOUND_TEXT=x-COMPOUND_TEXT, x-euc-jp-linux=x-euc-jp-linux, x-EUC-TW=x-EUC-TW, x-eucJP-Open=x-eucJP-Open, x-IBM1006=x-IBM1006, x-IBM1025=x-IBM1025, x-IBM1046=x-IBM1046, x-IBM1097=x-IBM1097, x-IBM1098=x-IBM1098, x-IBM1112=x-IBM1112, x-IBM1122=x-IBM1122, x-IBM1123=x-IBM1123, x-IBM1124=x-IBM1124, x-IBM1364=x-IBM1364, x-IBM1381=x-IBM1381, x-IBM1383=x-IBM1383, x-IBM300=x-IBM300, x-IBM33722=x-IBM33722, x-IBM737=x-IBM737, x-IBM833=x-IBM833, x-IBM834=x-IBM834, x-IBM856=x-IBM856, x-IBM874=x-IBM874, x-IBM875=x-IBM875, x-IBM921=x-IBM921, x-IBM922=x-IBM922, x-IBM930=x-IBM930, x-IBM933=x-IBM933, x-IBM935=x-IBM935, x-IBM937=x-IBM937, x-IBM939=x-IBM939, x-IBM942=x-IBM942, x-IBM942C=x-IBM942C, x-IBM943=x-IBM943, x-IBM943C=x-IBM943C, x-IBM948=x-IBM948, x-IBM949=x-IBM949, x-IBM949C=x-IBM949C, x-IBM950=x-IBM950, x-IBM964=x-IBM964, x-IBM970=x-IBM970, x-ISCII91=x-ISCII91, x-ISO-2022-CN-CNS=x-ISO-2022-CN-CNS, x-ISO-2022-CN-GB=x-ISO-2022-CN-GB, x-iso-8859-11=x-iso-8859-11, x-JIS0208=x-JIS0208, x-JISAutoDetect=x-JISAutoDetect, x-Johab=x-Johab, x-MacArabic=x-MacArabic, x-MacCentralEurope=x-MacCentralEurope, x-MacCroatian=x-MacCroatian, x-MacCyrillic=x-MacCyrillic, x-MacDingbat=x-MacDingbat, x-MacGreek=x-MacGreek, x-MacHebrew=x-MacHebrew, x-MacIceland=x-MacIceland, x-MacRoman=x-MacRoman, x-MacRomania=x-MacRomania, x-MacSymbol=x-MacSymbol, x-MacThai=x-MacThai, x-MacTurkish=x-MacTurkish, x-MacUkraine=x-MacUkraine, x-MS932_0213=x-MS932_0213, x-MS950-HKSCS=x-MS950-HKSCS, x-MS950-HKSCS-XP=x-MS950-HKSCS-XP, x-mswin-936=x-mswin-936, x-PCK=x-PCK, x-SJIS_0213=x-SJIS_0213, x-UTF-16LE-BOM=x-UTF-16LE-BOM, X-UTF-32BE-BOM=X-UTF-32BE-BOM, X-UTF-32LE-BOM=X-UTF-32LE-BOM, x-windows-50220=x-windows-50220, x-windows-50221=x-windows-50221, x-windows-874=x-windows-874, x-windows-949=x-windows-949, x-windows-950=x-windows-950, x-windows-iso2022jp=x-windows-iso2022jp}
13:11:24.996 [main] ERROR org.apache.logging.log4j.core.CollectionLoggingTest - {java.runtime.name=Java(TM) SE Runtime Environment, sun.boot.library.path=/bam/scratch/jmcampos/RTA/repair_them_all_framework/jdks/jdk1.7.0_80/jre/lib/amd64, java.vm.version=24.80-b11, java.vm.vendor=Oracle Corporation, java.vendor.url=http://java.oracle.com/, skip.gulp=true, path.separator=:, java.vm.name=Java HotSpot(TM) 64-Bit Server VM, file.encoding.pkg=sun.io, findbugs.skip=true, user.country=US, sun.java.launcher=SUN_STANDARD, sun.os.patch.level=unknown, java.vm.specification.name=Java Virtual Machine Specification, user.dir=/bam/scratch/tmp-rta/Bugs.jar_Logging-Log4J2_7f391872_java-7/core, checkstyle.skip=true, java.runtime.version=1.7.0_80-b15, basedir=/bam/scratch/tmp-rta/Bugs.jar_Logging-Log4J2_7f391872_java-7/core, skip.npm=true, java.awt.graphicsenv=sun.awt.X11GraphicsEnvironment, java.endorsed.dirs=/bam/scratch/jmcampos/RTA/repair_them_all_framework/jdks/jdk1.7.0_80/jre/lib/endorsed, os.arch=amd64, gpg.skip=true, java.io.tmpdir=/tmp, line.separator=
, cobertura.skip=true, java.vm.specification.vendor=Oracle Corporation, rat.numUnapprovedLicenses=1000000, os.name=Linux, https.protocols=TLSv1.2, sun.jnu.encoding=UTF-8, license.skip=true, java.library.path=/opt/rh/rh-ruby25/root/usr/lib64:/opt/rh/devtoolset-7/root/usr/lib64:/opt/rh/devtoolset-7/root/usr/lib:/usr/java/packages/lib/amd64:/usr/lib64:/lib64:/lib:/usr/lib, surefire.test.class.path=/bam/scratch/tmp-rta/Bugs.jar_Logging-Log4J2_7f391872_java-7/core/target/test-classes:/bam/scratch/tmp-rta/Bugs.jar_Logging-Log4J2_7f391872_java-7/core/target/classes:/bam/scratch/tmp-rta/Bugs.jar_Logging-Log4J2_7f391872_java-7/.m2/org/apache/logging/log4j/log4j-api/2.0-beta3-SNAPSHOT/log4j-api-2.0-beta3-SNAPSHOT.jar:/bam/scratch/tmp-rta/Bugs.jar_Logging-Log4J2_7f391872_java-7/.m2/org/codehaus/jackson/jackson-core-asl/1.9.2/jackson-core-asl-1.9.2.jar:/bam/scratch/tmp-rta/Bugs.jar_Logging-Log4J2_7f391872_java-7/.m2/org/codehaus/jackson/jackson-mapper-asl/1.9.2/jackson-mapper-asl-1.9.2.jar:/bam/scratch/tmp-rta/Bugs.jar_Logging-Log4J2_7f391872_java-7/.m2/org/fusesource/jansi/jansi/1.9/jansi-1.9.jar:/bam/scratch/tmp-rta/Bugs.jar_Logging-Log4J2_7f391872_java-7/.m2/oro/oro/2.0.8/oro-2.0.8.jar:/bam/scratch/tmp-rta/Bugs.jar_Logging-Log4J2_7f391872_java-7/.m2/log4j/log4j/1.2.16/log4j-1.2.16.jar:/bam/scratch/tmp-rta/Bugs.jar_Logging-Log4J2_7f391872_java-7/.m2/org/slf4j/slf4j-api/1.7.1/slf4j-api-1.7.1.jar:/bam/scratch/tmp-rta/Bugs.jar_Logging-Log4J2_7f391872_java-7/.m2/org/slf4j/slf4j-ext/1.7.1/slf4j-ext-1.7.1.jar:/bam/scratch/tmp-rta/Bugs.jar_Logging-Log4J2_7f391872_java-7/.m2/ch/qos/cal10n/cal10n-api/0.7.4/cal10n-api-0.7.4.jar:/bam/scratch/tmp-rta/Bugs.jar_Logging-Log4J2_7f391872_java-7/.m2/junit/junit/4.7/junit-4.7.jar:/bam/scratch/tmp-rta/Bugs.jar_Logging-Log4J2_7f391872_java-7/.m2/org/mockejb/mockejb/0.6-beta2/mockejb-0.6-beta2.jar:/bam/scratch/tmp-rta/Bugs.jar_Logging-Log4J2_7f391872_java-7/.m2/cglib/cglib-full/2.0.2/cglib-full-2.0.2.jar:/bam/scratch/tmp-rta/Bugs.jar_Logging-Log4J2_7f391872_java-7/.m2/commons-logging/commons-logging/1.0.4/commons-logging-1.0.4.jar:/bam/scratch/tmp-rta/Bugs.jar_Logging-Log4J2_7f391872_java-7/.m2/ch/qos/logback/logback-core/1.0.7/logback-core-1.0.7.jar:/bam/scratch/tmp-rta/Bugs.jar_Logging-Log4J2_7f391872_java-7/.m2/ch/qos/logback/logback-classic/1.0.7/logback-classic-1.0.7.jar:/bam/scratch/tmp-rta/Bugs.jar_Logging-Log4J2_7f391872_java-7/.m2/org/apache/geronimo/specs/geronimo-jms_1.1_spec/1.0/geronimo-jms_1.1_spec-1.0.jar:, java.specification.name=Java Platform API Specification, java.class.version=51.0, skip.bower=true, sun.management.compiler=HotSpot 64-Bit Tiered Compilers, maven.repo.local=/bam/scratch/tmp-rta/Bugs.jar_Logging-Log4J2_7f391872_java-7/.m2, rat.ignoreErrors=true, os.version=4.14.147-1.el7.retpoline.x86_64, user.home=/homes/gws/jmcampos, baseline.skip=true, user.timezone=America/Los_Angeles, java.awt.printerjob=sun.print.PSPrinterJob, file.encoding=UTF-8, java.specification.version=1.7, jacoco.skip=true, java.class.path=/bam/scratch/tmp-rta/Bugs.jar_Logging-Log4J2_7f391872_java-7/core/target/surefire/surefirebooter5551937376411447039.jar, user.name=jmcampos, jdk.net.URLClassPath.disableClassPathURLCheck=true, java.vm.specification.version=1.7, sun.java.command=/bam/scratch/tmp-rta/Bugs.jar_Logging-Log4J2_7f391872_java-7/core/target/surefire/surefirebooter5551937376411447039.jar /bam/scratch/tmp-rta/Bugs.jar_Logging-Log4J2_7f391872_java-7/core/target/surefire/surefire1454832772343889722tmp /bam/scratch/tmp-rta/Bugs.jar_Logging-Log4J2_7f391872_java-7/core/target/surefire/surefire9097086934918328773tmp, java.home=/bam/scratch/jmcampos/RTA/repair_them_all_framework/jdks/jdk1.7.0_80/jre, sun.arch.data.model=64, user.language=en, java.specification.vendor=Oracle Corporation, awt.toolkit=sun.awt.X11.XToolkit, java.vm.info=mixed mode, java.version=1.7.0_80, java.ext.dirs=/bam/scratch/jmcampos/RTA/repair_them_all_framework/jdks/jdk1.7.0_80/jre/lib/ext:/usr/java/packages/lib/ext, sun.boot.class.path=/bam/scratch/jmcampos/RTA/repair_them_all_framework/jdks/jdk1.7.0_80/jre/lib/resources.jar:/bam/scratch/jmcampos/RTA/repair_them_all_framework/jdks/jdk1.7.0_80/jre/lib/rt.jar:/bam/scratch/jmcampos/RTA/repair_them_all_framework/jdks/jdk1.7.0_80/jre/lib/sunrsasign.jar:/bam/scratch/jmcampos/RTA/repair_them_all_framework/jdks/jdk1.7.0_80/jre/lib/jsse.jar:/bam/scratch/jmcampos/RTA/repair_them_all_framework/jdks/jdk1.7.0_80/jre/lib/jce.jar:/bam/scratch/jmcampos/RTA/repair_them_all_framework/jdks/jdk1.7.0_80/jre/lib/charsets.jar:/bam/scratch/jmcampos/RTA/repair_them_all_framework/jdks/jdk1.7.0_80/jre/lib/jfr.jar:/bam/scratch/jmcampos/RTA/repair_them_all_framework/jdks/jdk1.7.0_80/jre/classes, rat.skip=true, enforcer.skip=true, java.vendor=Oracle Corporation, localRepository=/bam/scratch/tmp-rta/Bugs.jar_Logging-Log4J2_7f391872_java-7/.m2, file.separator=/, java.vendor.url.bug=http://bugreport.sun.com/bugreport/, sun.io.unicode.encoding=UnicodeLittle, sun.cpu.endian=little, sun.cpu.isalist=}
Tests run: 4, Failures: 0, Errors: 0, Skipped: 0, Time elapsed: 0.257 sec
Picked up JAVA_TOOL_OPTIONS: -XX:CICompilerCount=2 -XX:ParallelGCThreads=2 -XX:ConcGCThreads=2 -Djdk.net.URLClassPath.disableClassPathURLCheck=true -XX:CICompilerCount=2 -XX:ParallelGCThreads=2 -XX:ConcGCThreads=2 -Djdk.net.URLClassPath.disableClassPathURLCheck=true 
Picked up _JAVA_OPTIONS: -Djdk.net.URLClassPath.disableClassPathURLCheck=true
Running org.apache.logging.log4j.core.BasicLoggingTest
13:11:25.381 [main] ERROR org.apache.logging.log4j.core.BasicLoggingTest - Test message
Tests run: 1, Failures: 0, Errors: 0, Skipped: 0, Time elapsed: 0.205 sec
Picked up JAVA_TOOL_OPTIONS: -XX:CICompilerCount=2 -XX:ParallelGCThreads=2 -XX:ConcGCThreads=2 -Djdk.net.URLClassPath.disableClassPathURLCheck=true -XX:CICompilerCount=2 -XX:ParallelGCThreads=2 -XX:ConcGCThreads=2 -Djdk.net.URLClassPath.disableClassPathURLCheck=true 
Picked up _JAVA_OPTIONS: -Djdk.net.URLClassPath.disableClassPathURLCheck=true
Running org.apache.logging.log4j.core.LoggerTest
2020-03-12 13:11:25,847 DEBUG Generated plugins in 0.003619186 seconds
2020-03-12 13:11:25,858 DEBUG Calling createProperty on class org.apache.logging.log4j.core.config.Property for element property with params(name="filename", value="target/test.log")
2020-03-12 13:11:25,861 DEBUG Calling configureSubstitutor on class org.apache.logging.log4j.core.config.plugins.PropertiesPlugin for element properties with params(properties={filename=target/test.log})
2020-03-12 13:11:25,863 DEBUG Generated plugins in 0.000999888 seconds
2020-03-12 13:11:25,865 DEBUG Calling createFilter on class org.apache.logging.log4j.core.filter.ThresholdFilter for element ThresholdFilter with params(level="trace", onMatch="null", onMismatch="null")
2020-03-12 13:11:25,868 DEBUG Calling createLayout on class org.apache.logging.log4j.core.layout.PatternLayout for element PatternLayout with params(pattern="%m MDC%X%n", Configuration(XMLConfigTest), null, charset="null")
2020-03-12 13:11:25,870 DEBUG Generated plugins in 0.001007944 seconds
2020-03-12 13:11:25,871 DEBUG Calling createFilter on class org.apache.logging.log4j.core.filter.MarkerFilter for element MarkerFilter with params(marker="FLOW", onMatch="DENY", onMismatch="NEUTRAL")
2020-03-12 13:11:25,872 DEBUG Calling createFilter on class org.apache.logging.log4j.core.filter.MarkerFilter for element MarkerFilter with params(marker="EXCEPTION", onMatch="DENY", onMismatch="ACCEPT")
2020-03-12 13:11:25,873 DEBUG Calling createFilters on class org.apache.logging.log4j.core.filter.CompositeFilter for element filters with params(filters={FLOW, EXCEPTION})
2020-03-12 13:11:25,875 DEBUG Calling createAppender on class org.apache.logging.log4j.core.appender.ConsoleAppender for element Console with params(PatternLayout(%m MDC%X%n), filters({FLOW, EXCEPTION}), target="null", name="STDOUT", suppressExceptions="null")
2020-03-12 13:11:25,877 DEBUG Calling createLayout on class org.apache.logging.log4j.core.layout.PatternLayout for element PatternLayout with params(pattern="%C{1}.%M %m %ex%n", Configuration(XMLConfigTest), null, charset="null")
2020-03-12 13:11:25,878 DEBUG Calling createFilter on class org.apache.logging.log4j.core.filter.MarkerFilter for element MarkerFilter with params(marker="FLOW", onMatch="ACCEPT", onMismatch="NEUTRAL")
2020-03-12 13:11:25,878 DEBUG Calling createFilter on class org.apache.logging.log4j.core.filter.MarkerFilter for element MarkerFilter with params(marker="EXCEPTION", onMatch="ACCEPT", onMismatch="DENY")
2020-03-12 13:11:25,879 DEBUG Calling createFilters on class org.apache.logging.log4j.core.filter.CompositeFilter for element filters with params(filters={FLOW, EXCEPTION})
2020-03-12 13:11:25,880 DEBUG Calling createAppender on class org.apache.logging.log4j.core.appender.ConsoleAppender for element Console with params(PatternLayout(%C{1}.%M %m %ex%n), filters({FLOW, EXCEPTION}), target="null", name="FLOW", suppressExceptions="null")
2020-03-12 13:11:25,881 DEBUG Calling createLayout on class org.apache.logging.log4j.core.layout.PatternLayout for element PatternLayout with params(pattern="%d %p %C{1.} [%t] %m%n", Configuration(XMLConfigTest), null, charset="null")
2020-03-12 13:11:25,884 DEBUG Calling createAppender on class org.apache.logging.log4j.core.appender.FileAppender for element File with params(fileName="target/test.log", append="null", locking="null", name="File", immediateFlush="null", suppressExceptions="null", bufferedIO="null", PatternLayout(%d %p %C{1.} [%t] %m%n), null)
2020-03-12 13:11:25,885 DEBUG Starting FileManager target/test.log
2020-03-12 13:11:25,887 DEBUG Calling createAppender on class org.apache.logging.log4j.test.appender.ListAppender for element List with params(name="List", entryPerNewLine="null", raw="null", null, null)
2020-03-12 13:11:25,888 DEBUG Calling createAppenders on class org.apache.logging.log4j.core.config.plugins.AppendersPlugin for element appenders with params(appenders={STDOUT, FLOW, File, List})
2020-03-12 13:11:25,889 DEBUG Calling createPair on class org.apache.logging.log4j.core.helpers.KeyValuePair for element KeyValuePair with params(key="test", value="123")
2020-03-12 13:11:25,891 DEBUG Calling createFilter on class org.apache.logging.log4j.core.filter.ThreadContextMapFilter for element ThreadContextMapFilter with params(pairs={test=123}, operator="null", onmatch="null", onmismatch="null")
2020-03-12 13:11:25,892 DEBUG Calling createAppenderRef on class org.apache.logging.log4j.core.config.AppenderRef for element appender-ref with params(ref="STDOUT", level="null", null)
2020-03-12 13:11:25,893 DEBUG Calling createLogger on class org.apache.logging.log4j.core.config.LoggerConfig for element logger with params(additivity="false", level="debug", name="org.apache.logging.log4j.test1", appender-ref={org.apache.logging.log4j.core.config.AppenderRef@7af485b}, ThreadContextMapFilter(isAnd=true, {test=[123]}))
2020-03-12 13:11:25,894 DEBUG Calling createAppenderRef on class org.apache.logging.log4j.core.config.AppenderRef for element appender-ref with params(ref="File", level="null", null)
2020-03-12 13:11:25,895 DEBUG Calling createLogger on class org.apache.logging.log4j.core.config.LoggerConfig for element logger with params(additivity="false", level="debug", name="org.apache.logging.log4j.test2", appender-ref={org.apache.logging.log4j.core.config.AppenderRef@4b7524e}, null)
2020-03-12 13:11:25,895 DEBUG Calling createAppenderRef on class org.apache.logging.log4j.core.config.AppenderRef for element appender-ref with params(ref="List", level="null", null)
2020-03-12 13:11:25,897 DEBUG Calling createLogger on class org.apache.logging.log4j.core.config.LoggerConfig$RootLogger for element root with params(additivity="null", level="trace", appender-ref={org.apache.logging.log4j.core.config.AppenderRef@44036e4e}, null)
2020-03-12 13:11:25,898 DEBUG Calling createLoggers on class org.apache.logging.log4j.core.config.plugins.LoggersPlugin for element loggers with params(loggers={org.apache.logging.log4j.test1, org.apache.logging.log4j.test2, root})
2020-03-12 13:11:25,899 DEBUG Reconfiguration completed
2020-03-12 13:11:25,930 DEBUG Reconfiguration started for context sun.misc.Launcher$AppClassLoader@1ba4806
2020-03-12 13:11:25,931 DEBUG Generated plugins in 0.000914185 seconds
2020-03-12 13:11:25,956 DEBUG Generated plugins in 0.000948300 seconds
2020-03-12 13:11:25,958 DEBUG Generated plugins in 0.000963293 seconds
2020-03-12 13:11:25,958 WARN No Loggers were configured, using default
2020-03-12 13:11:25,959 DEBUG Shutting down FileManager target/test.log
2020-03-12 13:11:25,959 DEBUG Reconfiguration completed
Tests run: 9, Failures: 0, Errors: 2, Skipped: 0, Time elapsed: 0.374 sec <<< FAILURE!

Results :

Tests in error: 
  throwing(org.apache.logging.log4j.core.LoggerTest)
  catching(org.apache.logging.log4j.core.LoggerTest)

Tests run: 115, Failures: 0, Errors: 12, Skipped: 0

[INFO] ------------------------------------------------------------------------
[INFO] BUILD FAILURE
[INFO] ------------------------------------------------------------------------
[INFO] Total time: 03:25 min
[INFO] Finished at: 2020-03-12T13:11:25-07:00
[INFO] Final Memory: 22M/982M
[INFO] ------------------------------------------------------------------------
[ERROR] Failed to execute goal org.apache.maven.plugins:maven-surefire-plugin:2.7.2:test (default-test) on project log4j-core: There are test failures.
[ERROR] 
[ERROR] Please refer to /bam/scratch/tmp-rta/Bugs.jar_Logging-Log4J2_7f391872_java-7/core/target/surefire-reports for the individual test results.
[ERROR] -> [Help 1]
[ERROR] 
[ERROR] To see the full stack trace of the errors, re-run Maven with the -e switch.
[ERROR] Re-run Maven using the -X switch to enable full debug logging.
[ERROR] 
[ERROR] For more information about the errors and possible solutions, please read the following articles:
[ERROR] [Help 1] http://cwiki.apache.org/confluence/display/MAVEN/MojoFailureException
