Picked up JAVA_TOOL_OPTIONS: -XX:CICompilerCount=2 -XX:ParallelGCThreads=2 -XX:ConcGCThreads=2 -Djdk.net.URLClassPath.disableClassPathURLCheck=true 
Picked up _JAVA_OPTIONS: -Djdk.net.URLClassPath.disableClassPathURLCheck=true
Apache Maven 3.5.0 (Red Hat 3.5.0-4.3)
Maven home: /opt/rh/rh-maven35/root/usr/share/maven
Java version: 1.7.0_80, vendor: Oracle Corporation
Java home: /scratch/jmcampos/RTA/repair_them_all_framework/jdks/jdk1.7.0_80/jre
Default locale: en_US, platform encoding: UTF-8
OS name: "linux", version: "4.14.125-1.el7.retpoline.x86_64", arch: "amd64", family: "unix"
[INFO] Scanning for projects...
[INFO] 
[INFO] ------------------------------------------------------------------------
[INFO] Building Wicket Extensions 6.0-SNAPSHOT
[INFO] ------------------------------------------------------------------------
[INFO] Downloading: http://repository.apache.org/snapshots/org/apache/wicket/wicket-core/6.0-SNAPSHOT/maven-metadata.xml
[INFO] Downloaded: http://repository.apache.org/snapshots/org/apache/wicket/wicket-core/6.0-SNAPSHOT/maven-metadata.xml (1.4 kB at 3.1 kB/s)
[INFO] Downloading: http://repository.apache.org/snapshots/org/apache/wicket/wicket-parent/6.0-SNAPSHOT/maven-metadata.xml
[INFO] Downloaded: http://repository.apache.org/snapshots/org/apache/wicket/wicket-parent/6.0-SNAPSHOT/maven-metadata.xml (609 B at 963 B/s)
[INFO] Downloading: http://repository.apache.org/snapshots/org/apache/wicket/wicket-util/6.0-SNAPSHOT/maven-metadata.xml
[INFO] Downloaded: http://repository.apache.org/snapshots/org/apache/wicket/wicket-util/6.0-SNAPSHOT/maven-metadata.xml (1.4 kB at 3.2 kB/s)
[INFO] Downloading: http://repository.apache.org/snapshots/org/apache/wicket/wicket-request/6.0-SNAPSHOT/maven-metadata.xml
[INFO] Downloaded: http://repository.apache.org/snapshots/org/apache/wicket/wicket-request/6.0-SNAPSHOT/maven-metadata.xml (1.4 kB at 3.3 kB/s)
[INFO] 
[INFO] --- maven-remote-resources-plugin:1.2.1:process (default) @ wicket-extensions ---
[INFO] 
[INFO] --- maven-resources-plugin:2.5:resources (default-resources) @ wicket-extensions ---
[debug] execute contextualize
[INFO] Using 'UTF-8' encoding to copy filtered resources.
[INFO] Copying 137 resources
[INFO] skip non existing resourceDirectory /tmp/Bugs.jar_Wicket_2624d2db_java-7/wicket-extensions/src/main/resources
[INFO] Copying 3 resources
[INFO] 
[INFO] --- yuicompressor-maven-plugin:1.3.0:compress (default) @ wicket-extensions ---
[INFO] nothing to do, /tmp/Bugs.jar_Wicket_2624d2db_java-7/wicket-extensions/target/classes/org/apache/wicket/extensions/ajax/markup/html/autocomplete/DefaultCssAutoCompleteTextField.min.css is younger than original, use 'force' option or clean your target
[INFO] nothing to do, /tmp/Bugs.jar_Wicket_2624d2db_java-7/wicket-extensions/target/classes/org/apache/wicket/extensions/ajax/markup/html/autocomplete/wicket-autocomplete.min.js is younger than original, use 'force' option or clean your target
[INFO] nothing to do, /tmp/Bugs.jar_Wicket_2624d2db_java-7/wicket-extensions/target/classes/org/apache/wicket/extensions/ajax/markup/html/form/upload/UploadProgressBar.min.css is younger than original, use 'force' option or clean your target
[INFO] nothing to do, /tmp/Bugs.jar_Wicket_2624d2db_java-7/wicket-extensions/target/classes/org/apache/wicket/extensions/ajax/markup/html/form/upload/progressbar.min.js is younger than original, use 'force' option or clean your target
[INFO] nothing to do, /tmp/Bugs.jar_Wicket_2624d2db_java-7/wicket-extensions/target/classes/org/apache/wicket/extensions/ajax/markup/html/modal/res/modal.min.css is younger than original, use 'force' option or clean your target
[INFO] nothing to do, /tmp/Bugs.jar_Wicket_2624d2db_java-7/wicket-extensions/target/classes/org/apache/wicket/extensions/ajax/markup/html/modal/res/modal.min.js is younger than original, use 'force' option or clean your target
[INFO] nothing to do, /tmp/Bugs.jar_Wicket_2624d2db_java-7/wicket-extensions/target/classes/org/apache/wicket/extensions/markup/html/form/palette/palette.min.js is younger than original, use 'force' option or clean your target
[INFO] nothing to do, /tmp/Bugs.jar_Wicket_2624d2db_java-7/wicket-extensions/target/classes/org/apache/wicket/extensions/markup/html/form/palette/palette.min.css is younger than original, use 'force' option or clean your target
[INFO] nothing to do, /tmp/Bugs.jar_Wicket_2624d2db_java-7/wicket-extensions/target/classes/org/apache/wicket/extensions/markup/html/repeater/tree/theme/human/theme.min.css is younger than original, use 'force' option or clean your target
[INFO] nothing to do, /tmp/Bugs.jar_Wicket_2624d2db_java-7/wicket-extensions/target/classes/org/apache/wicket/extensions/markup/html/repeater/tree/theme/windows/theme.min.css is younger than original, use 'force' option or clean your target
[INFO] nothing to do, /tmp/Bugs.jar_Wicket_2624d2db_java-7/wicket-extensions/target/classes/org/apache/wicket/extensions/markup/html/tree/res/tree-table.min.css is younger than original, use 'force' option or clean your target
[INFO] nothing to do, /tmp/Bugs.jar_Wicket_2624d2db_java-7/wicket-extensions/target/classes/org/apache/wicket/extensions/markup/html/tree/res/tree.min.css is younger than original, use 'force' option or clean your target
[INFO] nothing to do, /tmp/Bugs.jar_Wicket_2624d2db_java-7/wicket-extensions/target/classes/org/apache/wicket/extensions/markup/html/tree/res/base-tree.min.css is younger than original, use 'force' option or clean your target
[INFO] nothing to do, /tmp/Bugs.jar_Wicket_2624d2db_java-7/wicket-extensions/target/classes/org/apache/wicket/extensions/markup/html/tree/res/tree.min.js is younger than original, use 'force' option or clean your target
[INFO] nothing to do, /tmp/Bugs.jar_Wicket_2624d2db_java-7/wicket-extensions/target/classes/org/apache/wicket/extensions/rating/RatingPanel.min.css is younger than original, use 'force' option or clean your target
[INFO] nothing to do, /tmp/Bugs.jar_Wicket_2624d2db_java-7/wicket-extensions/target/classes/org/apache/wicket/extensions/wizard/Wizard.min.css is younger than original, use 'force' option or clean your target
[INFO] nb warnings: 0, nb errors: 0
[INFO] 
[INFO] --- maven-compiler-plugin:2.3.2:compile (default-compile) @ wicket-extensions ---
[INFO] Nothing to compile - all classes are up to date
[INFO] 
[INFO] --- maven-bundle-plugin:2.3.7:manifest (bundle-manifest) @ wicket-extensions ---
[INFO] 
[INFO] --- maven-resources-plugin:2.5:testResources (default-testResources) @ wicket-extensions ---
[debug] execute contextualize
[INFO] Using 'UTF-8' encoding to copy filtered resources.
[INFO] Copying 6 resources
[INFO] Copying 3 resources
[INFO] 
[INFO] --- maven-compiler-plugin:2.3.2:testCompile (default-testCompile) @ wicket-extensions ---
[INFO] Nothing to compile - all classes are up to date
[INFO] 
[INFO] --- maven-surefire-plugin:2.11:test (default-test) @ wicket-extensions ---
[INFO] Surefire report directory: /tmp/Bugs.jar_Wicket_2624d2db_java-7/wicket-extensions/target/surefire-reports
[INFO] Using configured provider org.apache.maven.surefire.junitcore.JUnitCoreProvider

-------------------------------------------------------
 T E S T S
-------------------------------------------------------
Picked up JAVA_TOOL_OPTIONS: -XX:CICompilerCount=2 -XX:ParallelGCThreads=2 -XX:ConcGCThreads=2 -Djdk.net.URLClassPath.disableClassPathURLCheck=true -XX:CICompilerCount=2 -XX:ParallelGCThreads=2 -XX:ConcGCThreads=2 -Djdk.net.URLClassPath.disableClassPathURLCheck=true 
Picked up _JAVA_OPTIONS: -Djdk.net.URLClassPath.disableClassPathURLCheck=true
Concurrency config is parallel='none', perCoreThreadCount=true, threadCount=2, useUnlimitedThreads=false
Running org.apache.wicket.extensions.ajax.markup.html.AjaxEditableTest
log4j:WARN No appenders could be found for logger (org.apache.wicket.Application).
log4j:WARN Please initialize the log4j system properly.
log4j:WARN See http://logging.apache.org/log4j/1.2/faq.html#noconfig for more info.
Tests run: 4, Failures: 0, Errors: 0, Skipped: 0, Time elapsed: 0.687 sec
Running org.apache.wicket.extensions.markup.html.form.palette.PaletteTest
Tests run: 3, Failures: 0, Errors: 0, Skipped: 0, Time elapsed: 0.934 sec
Running org.apache.wicket.extensions.markup.html.form.select.SelectTest
Tests run: 1, Failures: 0, Errors: 0, Skipped: 0, Time elapsed: 0.111 sec
Running org.apache.wicket.extensions.markup.html.repeater.data.table.DataTableTest
Tests run: 3, Failures: 0, Errors: 0, Skipped: 0, Time elapsed: 0.691 sec
Running org.apache.wicket.extensions.markup.html.repeater.util.ProviderSubsetTest
Tests run: 1, Failures: 0, Errors: 0, Skipped: 0, Time elapsed: 0.004 sec
Running org.apache.wicket.extensions.markup.html.repeater.util.TreeModelProviderTest
Tests run: 2, Failures: 0, Errors: 0, Skipped: 0, Time elapsed: 0.002 sec
Running org.apache.wicket.extensions.markup.html.repeater.tree.table.NodeModelTest
Tests run: 1, Failures: 0, Errors: 0, Skipped: 0, Time elapsed: 0.001 sec
Running org.apache.wicket.extensions.markup.html.repeater.tree.table.TreeDataProviderTest
Tests run: 1, Failures: 0, Errors: 0, Skipped: 0, Time elapsed: 0.002 sec
Running org.apache.wicket.extensions.markup.html.tree.TreeTest
Tests run: 3, Failures: 0, Errors: 0, Skipped: 0, Time elapsed: 0.12 sec
Running org.apache.wicket.extensions.markup.html.tree.MoveChildToParentNodeMarkedForRecreationTest
Tests run: 1, Failures: 0, Errors: 0, Skipped: 0, Time elapsed: 0.06 sec
Running org.apache.wicket.extensions.markup.html.AjaxLazyLoadPanelTesterTest
Tests run: 1, Failures: 0, Errors: 0, Skipped: 0, Time elapsed: 0.03 sec
Running org.apache.wicket.extensions.markup.html.image.resource.ThumbnailImageResourceTest
Tests run: 1, Failures: 0, Errors: 0, Skipped: 0, Time elapsed: 2.611 sec
Running org.apache.wicket.extensions.markup.html.upload.UploadFormWithProgressBarTest
Tests run: 1, Failures: 0, Errors: 0, Skipped: 0, Time elapsed: 0.183 sec
Running org.apache.wicket.extensions.wizard.WizardModelTest
Tests run: 1, Failures: 0, Errors: 0, Skipped: 0, Time elapsed: 0.01 sec
Running org.apache.wicket.extensions.validation.validator.RfcCompliantEmailValidatorTest
Tests run: 2, Failures: 0, Errors: 0, Skipped: 0, Time elapsed: 0.01 sec
Running org.apache.wicket.util.license.ApacheLicenceHeaderTest

org.apache.wicket.util.license.JavaScriptLicenseHeaderHandler failed. The following files(1) didn't have correct license header:
NONE /tmp/Bugs.jar_Wicket_2624d2db_java-7/wicket-extensions/project-config-maven-plugin.json
Tests run: 1, Failures: 1, Errors: 0, Skipped: 0, Time elapsed: 0.33 sec <<< FAILURE!
Running org.apache.wicket.util.markup.xhtml.WellFormedXmlTest
Tests run: 1, Failures: 0, Errors: 0, Skipped: 0, Time elapsed: 0.125 sec
Running org.apache.wicket.extensions.markup.html.basic.DefaultLinkParserTest
Tests run: 4, Failures: 1, Errors: 0, Skipped: 0, Time elapsed: 0.009 sec <<< FAILURE!

Results :

Failed tests:   licenseHeaders(org.apache.wicket.util.license.ApacheLicenceHeaderTest): (..)
  testEmailWithMinusChar(org.apache.wicket.extensions.markup.html.basic.DefaultLinkParserTest): Expected chars to left of - to be included in the link. expected:<[<a href="mailto:my-test@example.com">my-]test@example.com</a>> but was:<[my-<a href="mailto:test@example.com">]test@example.com</a>>

Tests run: 32, Failures: 2, Errors: 0, Skipped: 0

[INFO] ------------------------------------------------------------------------
[INFO] BUILD FAILURE
[INFO] ------------------------------------------------------------------------
[INFO] Total time: 13.651 s
[INFO] Finished at: 2020-03-09T05:12:36-07:00
[INFO] Final Memory: 23M/982M
[INFO] ------------------------------------------------------------------------
[ERROR] Failed to execute goal org.apache.maven.plugins:maven-surefire-plugin:2.11:test (default-test) on project wicket-extensions: There are test failures.
[ERROR] 
[ERROR] Please refer to /tmp/Bugs.jar_Wicket_2624d2db_java-7/wicket-extensions/target/surefire-reports for the individual test results.
[ERROR] -> [Help 1]
[ERROR] 
[ERROR] To see the full stack trace of the errors, re-run Maven with the -e switch.
[ERROR] Re-run Maven using the -X switch to enable full debug logging.
[ERROR] 
[ERROR] For more information about the errors and possible solutions, please read the following articles:
[ERROR] [Help 1] http://cwiki.apache.org/confluence/display/MAVEN/MojoFailureException
