Picked up JAVA_TOOL_OPTIONS: -XX:CICompilerCount=2 -XX:ParallelGCThreads=2 -XX:ConcGCThreads=2 -Djdk.net.URLClassPath.disableClassPathURLCheck=true 
Picked up _JAVA_OPTIONS: -Djdk.net.URLClassPath.disableClassPathURLCheck=true
Apache Maven 3.5.0 (Red Hat 3.5.0-4.3)
Maven home: /opt/rh/rh-maven35/root/usr/share/maven
Java version: 1.7.0_80, vendor: Oracle Corporation
Java home: /scratch/jmcampos/RTA/repair_them_all_framework/jdks/jdk1.7.0_80/jre
Default locale: en_US, platform encoding: UTF-8
OS name: "linux", version: "4.14.125-1.el7.retpoline.x86_64", arch: "amd64", family: "unix"
[INFO] Scanning for projects...
[INFO] 
[INFO] ------------------------------------------------------------------------
[INFO] Building Oak JCR Binding 0.6-SNAPSHOT
[INFO] ------------------------------------------------------------------------
[INFO] Downloading: http://repository.apache.org/snapshots/org/apache/jackrabbit/oak-core/0.6-SNAPSHOT/maven-metadata.xml
[INFO] Downloading: http://repository.apache.org/snapshots/org/apache/jackrabbit/oak-parent/0.6-SNAPSHOT/maven-metadata.xml
[INFO] Downloading: http://repository.apache.org/snapshots/org/apache/jackrabbit/oak-mk-api/0.6-SNAPSHOT/maven-metadata.xml
[INFO] Downloading: http://repository.apache.org/snapshots/org/apache/jackrabbit/oak-mk/0.6-SNAPSHOT/maven-metadata.xml
[INFO] Downloading: http://repository.apache.org/snapshots/org/apache/jackrabbit/oak-commons/0.6-SNAPSHOT/maven-metadata.xml
[INFO] Downloading: http://repository.apache.org/snapshots/org/apache/jackrabbit/oak-mk-remote/0.6-SNAPSHOT/maven-metadata.xml
[INFO] Downloading: http://repository.apache.org/snapshots/org/apache/jackrabbit/oak-lucene/0.6-SNAPSHOT/maven-metadata.xml
[INFO] 
[INFO] --- maven-remote-resources-plugin:1.2.1:process (default) @ oak-jcr ---
[INFO] 
[INFO] --- maven-resources-plugin:2.5:resources (default-resources) @ oak-jcr ---
[debug] execute contextualize
[INFO] Using 'UTF-8' encoding to copy filtered resources.
[INFO] Copying 1 resource
[INFO] Copying 3 resources
[INFO] 
[INFO] --- maven-compiler-plugin:2.3.2:compile (default-compile) @ oak-jcr ---
[INFO] Nothing to compile - all classes are up to date
[INFO] 
[INFO] --- maven-resources-plugin:2.5:testResources (default-testResources) @ oak-jcr ---
[debug] execute contextualize
[INFO] Using 'UTF-8' encoding to copy filtered resources.
[INFO] Copying 3 resources
[INFO] Copying 3 resources
[INFO] 
[INFO] --- maven-compiler-plugin:2.3.2:testCompile (default-testCompile) @ oak-jcr ---
[INFO] Nothing to compile - all classes are up to date
[INFO] 
[INFO] --- maven-surefire-plugin:2.9:test (default-test) @ oak-jcr ---
[INFO] Surefire report directory: /tmp/Bugs.jar_Jackrabbit-Oak_4e245a76_java-7/oak-jcr/target/surefire-reports
[INFO] Downloading: https://repo.maven.apache.org/maven2/org/apache/maven/surefire/surefire-junit4/2.9/surefire-junit4-2.9.pom
[INFO] Downloaded: https://repo.maven.apache.org/maven2/org/apache/maven/surefire/surefire-junit4/2.9/surefire-junit4-2.9.pom (2.6 kB at 1.8 kB/s)
[INFO] Downloading: https://repo.maven.apache.org/maven2/org/apache/maven/surefire/surefire-providers/2.9/surefire-providers-2.9.pom
[INFO] Downloaded: https://repo.maven.apache.org/maven2/org/apache/maven/surefire/surefire-providers/2.9/surefire-providers-2.9.pom (2.3 kB at 12 kB/s)
[INFO] Downloading: https://repo.maven.apache.org/maven2/org/apache/maven/surefire/surefire-junit4/2.9/surefire-junit4-2.9.jar
[INFO] Downloaded: https://repo.maven.apache.org/maven2/org/apache/maven/surefire/surefire-junit4/2.9/surefire-junit4-2.9.jar (33 kB at 56 kB/s)

-------------------------------------------------------
 T E S T S
-------------------------------------------------------
Picked up JAVA_TOOL_OPTIONS: -XX:CICompilerCount=2 -XX:ParallelGCThreads=2 -XX:ConcGCThreads=2 -Djdk.net.URLClassPath.disableClassPathURLCheck=true -XX:CICompilerCount=2 -XX:ParallelGCThreads=2 -XX:ConcGCThreads=2 -Djdk.net.URLClassPath.disableClassPathURLCheck=true 
Picked up _JAVA_OPTIONS: -Djdk.net.URLClassPath.disableClassPathURLCheck=true
Running org.apache.jackrabbit.oak.jcr.security.user.UserQueryTest
07:17:28,849 |-INFO in ch.qos.logback.classic.LoggerContext[default] - Could NOT find resource [logback.groovy]
07:17:28,850 |-INFO in ch.qos.logback.classic.LoggerContext[default] - Found resource [logback-test.xml] at [file:/tmp/Bugs.jar_Jackrabbit-Oak_4e245a76_java-7/oak-jcr/target/test-classes/logback-test.xml]
07:17:28,851 |-WARN in ch.qos.logback.classic.LoggerContext[default] - Resource [logback-test.xml] occurs multiple times on the classpath.
07:17:28,851 |-WARN in ch.qos.logback.classic.LoggerContext[default] - Resource [logback-test.xml] occurs at [file:/tmp/Bugs.jar_Jackrabbit-Oak_4e245a76_java-7/oak-jcr/target/test-classes/logback-test.xml]
07:17:28,851 |-WARN in ch.qos.logback.classic.LoggerContext[default] - Resource [logback-test.xml] occurs at [jar:file:/tmp/Bugs.jar_Jackrabbit-Oak_4e245a76_java-7/.m2/org/apache/jackrabbit/oak-core/0.6-SNAPSHOT/oak-core-0.6-SNAPSHOT-tests.jar!/logback-test.xml]
07:17:28,942 |-INFO in ch.qos.logback.classic.joran.action.ConfigurationAction - debug attribute not set
07:17:28,949 |-INFO in ch.qos.logback.core.joran.action.AppenderAction - About to instantiate appender of type [ch.qos.logback.core.ConsoleAppender]
07:17:28,954 |-INFO in ch.qos.logback.core.joran.action.AppenderAction - Naming appender as [console]
07:17:28,986 |-INFO in ch.qos.logback.core.joran.action.NestedComplexPropertyIA - Assuming default type [ch.qos.logback.classic.encoder.PatternLayoutEncoder] for [encoder] property
07:17:29,062 |-INFO in ch.qos.logback.core.joran.action.AppenderAction - About to instantiate appender of type [ch.qos.logback.core.FileAppender]
07:17:29,064 |-INFO in ch.qos.logback.core.joran.action.AppenderAction - Naming appender as [file]
07:17:29,069 |-INFO in ch.qos.logback.core.joran.action.NestedComplexPropertyIA - Assuming default type [ch.qos.logback.classic.encoder.PatternLayoutEncoder] for [encoder] property
07:17:29,070 |-INFO in ch.qos.logback.core.FileAppender[file] - File property is set to [target/unit-tests.log]
07:17:29,833 |-INFO in ch.qos.logback.classic.joran.action.RootLoggerAction - Setting level of ROOT logger to DEBUG
07:17:29,833 |-INFO in ch.qos.logback.core.joran.action.AppenderRefAction - Attaching appender named [file] to Logger[ROOT]
07:17:29,835 |-INFO in ch.qos.logback.classic.joran.action.ConfigurationAction - End of configuration.
07:17:29,837 |-INFO in ch.qos.logback.classic.joran.JoranConfigurator@5c11a0fb - Registering current configuration as safe fallback point

Tests run: 25, Failures: 0, Errors: 0, Skipped: 0, Time elapsed: 8.68 sec
Running org.apache.jackrabbit.oak.jcr.security.user.AdministratorTest
Tests run: 4, Failures: 0, Errors: 0, Skipped: 0, Time elapsed: 0.346 sec
Running org.apache.jackrabbit.oak.jcr.security.user.ImpersonationTest
Tests run: 3, Failures: 0, Errors: 0, Skipped: 0, Time elapsed: 0.408 sec
Running org.apache.jackrabbit.oak.jcr.security.user.AuthorizablePropertyTest
Tests run: 23, Failures: 0, Errors: 0, Skipped: 0, Time elapsed: 0.82 sec
Running org.apache.jackrabbit.oak.jcr.security.user.AuthorizableTest
Tests run: 2, Failures: 0, Errors: 0, Skipped: 0, Time elapsed: 0.129 sec
Running org.apache.jackrabbit.oak.jcr.security.user.UserManagerTest
Tests run: 25, Failures: 0, Errors: 0, Skipped: 0, Time elapsed: 1.714 sec
Running org.apache.jackrabbit.oak.jcr.security.user.UserTest
Tests run: 22, Failures: 0, Errors: 0, Skipped: 0, Time elapsed: 1.279 sec
Running org.apache.jackrabbit.oak.jcr.security.user.NestedGroupTest
Tests run: 4, Failures: 0, Errors: 0, Skipped: 0, Time elapsed: 0.59 sec
Running org.apache.jackrabbit.oak.jcr.security.user.EveryoneGroupTest
Tests run: 5, Failures: 0, Errors: 0, Skipped: 0, Time elapsed: 0.343 sec
Running org.apache.jackrabbit.oak.jcr.security.user.FindAuthorizablesTest
Tests run: 7, Failures: 0, Errors: 0, Skipped: 0, Time elapsed: 0.42 sec
Running org.apache.jackrabbit.oak.jcr.security.user.CreateUserTest
Tests run: 12, Failures: 0, Errors: 0, Skipped: 0, Time elapsed: 0.713 sec
Running org.apache.jackrabbit.oak.jcr.security.user.CreateGroupTest
Tests run: 3, Failures: 0, Errors: 0, Skipped: 0, Time elapsed: 0 sec
Running org.apache.jackrabbit.oak.jcr.security.user.GroupTest
Tests run: 26, Failures: 0, Errors: 0, Skipped: 0, Time elapsed: 4.569 sec
Running org.apache.jackrabbit.oak.jcr.security.principal.PrincipalManagerTest
Tests run: 17, Failures: 0, Errors: 0, Skipped: 0, Time elapsed: 0.356 sec
Running org.apache.jackrabbit.oak.jcr.security.privilege.PrivilegeManagerTest
Tests run: 7, Failures: 0, Errors: 0, Skipped: 0, Time elapsed: 0.094 sec
Running org.apache.jackrabbit.oak.jcr.security.privilege.PrivilegeRegistrationTest
Tests run: 13, Failures: 0, Errors: 0, Skipped: 0, Time elapsed: 32.276 sec
Running org.apache.jackrabbit.oak.jcr.ValueFactoryTest
Tests run: 2, Failures: 0, Errors: 0, Skipped: 0, Time elapsed: 0.183 sec
Running org.apache.jackrabbit.oak.jcr.query.PrefetchIteratorTest
Tests run: 3, Failures: 0, Errors: 0, Skipped: 0, Time elapsed: 0.282 sec
Running org.apache.jackrabbit.oak.jcr.query.qom.QomTest
Tests run: 29, Failures: 0, Errors: 0, Skipped: 0, Time elapsed: 2.028 sec
Running org.apache.jackrabbit.oak.jcr.query.QueryTest
Tests run: 4, Failures: 0, Errors: 0, Skipped: 0, Time elapsed: 0.585 sec
Running org.apache.jackrabbit.oak.jcr.CompatibilityIssuesTest
Tests run: 3, Failures: 0, Errors: 0, Skipped: 0, Time elapsed: 0.219 sec
Running org.apache.jackrabbit.oak.jcr.CRUDTest
Tests run: 6, Failures: 0, Errors: 0, Skipped: 0, Time elapsed: 0.422 sec
Running org.apache.jackrabbit.oak.jcr.RepositoryTest
Tests run: 98, Failures: 2, Errors: 2, Skipped: 3, Time elapsed: 12.278 sec <<< FAILURE!
Running org.apache.jackrabbit.oak.jcr.AutoCreatedItemsTest
Tests run: 1, Failures: 0, Errors: 0, Skipped: 0, Time elapsed: 0.356 sec
Running org.apache.jackrabbit.oak.jcr.OrderableNodesTest
Tests run: 2, Failures: 0, Errors: 0, Skipped: 0, Time elapsed: 0.091 sec
Running org.apache.jackrabbit.oak.jcr.ConcurrentAddTest
Tests run: 1, Failures: 0, Errors: 0, Skipped: 1, Time elapsed: 0.001 sec

Results :

Failed tests:   hasNodeDotDot(org.apache.jackrabbit.oak.jcr.RepositoryTest)
  testAddNodeDot(org.apache.jackrabbit.oak.jcr.RepositoryTest): Expected exception: javax.jcr.ItemExistsException

Tests in error: 
  getNodeDotDot(org.apache.jackrabbit.oak.jcr.RepositoryTest): ..
  getNodeAbsolutePath(org.apache.jackrabbit.oak.jcr.RepositoryTest): Unexpected exception, expected<javax.jcr.RepositoryException> but was<java.lang.IllegalArgumentException>

Tests run: 347, Failures: 2, Errors: 2, Skipped: 4

[INFO] ------------------------------------------------------------------------
[INFO] BUILD FAILURE
[INFO] ------------------------------------------------------------------------
[INFO] Total time: 01:34 min
[INFO] Finished at: 2020-03-09T07:18:45-07:00
[INFO] Final Memory: 20M/982M
[INFO] ------------------------------------------------------------------------
[ERROR] Failed to execute goal org.apache.maven.plugins:maven-surefire-plugin:2.9:test (default-test) on project oak-jcr: There are test failures.
[ERROR] 
[ERROR] Please refer to /tmp/Bugs.jar_Jackrabbit-Oak_4e245a76_java-7/oak-jcr/target/surefire-reports for the individual test results.
[ERROR] -> [Help 1]
[ERROR] 
[ERROR] To see the full stack trace of the errors, re-run Maven with the -e switch.
[ERROR] Re-run Maven using the -X switch to enable full debug logging.
[ERROR] 
[ERROR] For more information about the errors and possible solutions, please read the following articles:
[ERROR] [Help 1] http://cwiki.apache.org/confluence/display/MAVEN/MojoFailureException
