Picked up JAVA_TOOL_OPTIONS: -XX:CICompilerCount=2 -XX:ParallelGCThreads=2 -XX:ConcGCThreads=2 -Djdk.net.URLClassPath.disableClassPathURLCheck=true 
Java HotSpot(TM) 64-Bit Server VM warning: ignoring option MaxPermSize=512m; support was removed in 8.0
Picked up _JAVA_OPTIONS: -Djdk.net.URLClassPath.disableClassPathURLCheck=true
Apache Maven 3.5.0 (Red Hat 3.5.0-4.3)
Maven home: /opt/rh/rh-maven35/root/usr/share/maven
Java version: 1.8.0_181, vendor: Oracle Corporation
Java home: /scratch/jmcampos/RTA/repair_them_all_framework/jdks/jdk1.8.0_181/jre
Default locale: en_US, platform encoding: UTF-8
OS name: "linux", version: "4.14.158-1.el7.retpoline.x86_64", arch: "amd64", family: "unix"
[INFO] Scanning for projects...
[INFO] 
[INFO] ------------------------------------------------------------------------
[INFO] Building Core 1.6.0-SNAPSHOT
[INFO] ------------------------------------------------------------------------
[INFO] Downloading: http://repository.apache.org/snapshots/org/apache/accumulo/accumulo-fate/1.6.0-SNAPSHOT/maven-metadata.xml
[INFO] Downloading: http://repository.apache.org/snapshots/org/apache/accumulo/accumulo-project/1.6.0-SNAPSHOT/maven-metadata.xml
[INFO] Downloading: http://repository.apache.org/snapshots/org/apache/accumulo/accumulo-start/1.6.0-SNAPSHOT/maven-metadata.xml
[INFO] Downloading: http://repository.apache.org/snapshots/org/apache/accumulo/accumulo-trace/1.6.0-SNAPSHOT/maven-metadata.xml
[INFO] 
[INFO] --- maven-sortpom-plugin:2.3.0:verify (verify-sorted-pom) @ accumulo-core ---
[INFO] Verifying file /scratch/tmp-rta/Bugs.jar_Accumulo_17344890_java-8/core/pom.xml
[INFO] 
[INFO] --- maven-enforcer-plugin:1.3.1:enforce (enforce-mvn) @ accumulo-core ---
[INFO] Skipping Rule Enforcement.
[INFO] 
[INFO] --- mavanagaiata:0.7.0:commit (git-commit) @ accumulo-core ---
[INFO] 
[INFO] --- apache-rat-plugin:0.10:check (check-licenses) @ accumulo-core ---
[INFO] 51 implicit excludes (use -debug for more details).
[INFO] Exclude: src/test/resources/shelltest.txt
[INFO] Exclude: src/test/resources/org/apache/accumulo/core/file/rfile/ver_3.rf
[INFO] Exclude: src/test/resources/org/apache/accumulo/core/file/rfile/ver_4.rf
[INFO] Exclude: src/test/resources/org/apache/accumulo/core/file/rfile/ver_6.rf
[INFO] 729 resources included (use -debug for more details)
[INFO] Rat check: Summary of files. Unapproved: 1 unknown: 1 generated: 0 approved: 728 licence.
[INFO] 
[INFO] --- build-helper-maven-plugin:1.8:regex-property (regex-property) @ accumulo-core ---
[INFO] 
[INFO] --- maven-resources-plugin:2.6:copy-resources (prepare-filtered-java-source) @ accumulo-core ---
[INFO] Using 'UTF-8' encoding to copy filtered resources.
[INFO] Copying 1 resource
[INFO] 
[INFO] --- build-helper-maven-plugin:1.8:add-source (add-filtered-java-source) @ accumulo-core ---
[INFO] Source directory: /scratch/tmp-rta/Bugs.jar_Accumulo_17344890_java-8/core/target/filtered-java-src added.
[INFO] 
[INFO] --- maven-remote-resources-plugin:1.5:process (default) @ accumulo-core ---
[INFO] 
[INFO] --- maven-resources-plugin:2.6:resources (default-resources) @ accumulo-core ---
[INFO] Using 'UTF-8' encoding to copy filtered resources.
[INFO] Copying 2 resources
[INFO] Copying 3 resources
[INFO] 
[INFO] --- maven-compiler-plugin:3.1:compile (default-compile) @ accumulo-core ---
[INFO] Changes detected - recompiling the module!
[INFO] Compiling 579 source files to /scratch/tmp-rta/Bugs.jar_Accumulo_17344890_java-8/core/target/classes
[WARNING] /scratch/tmp-rta/Bugs.jar_Accumulo_17344890_java-8/core/src/main/java/org/apache/accumulo/core/iterators/aggregation/conf/AggregatorConfiguration.java: Some input files use or override a deprecated API.
[WARNING] /scratch/tmp-rta/Bugs.jar_Accumulo_17344890_java-8/core/src/main/java/org/apache/accumulo/core/iterators/aggregation/conf/AggregatorConfiguration.java: Recompile with -Xlint:deprecation for details.
[WARNING] /scratch/tmp-rta/Bugs.jar_Accumulo_17344890_java-8/core/src/main/java/org/apache/accumulo/core/data/thrift/TKey.java: Some input files use unchecked or unsafe operations.
[WARNING] /scratch/tmp-rta/Bugs.jar_Accumulo_17344890_java-8/core/src/main/java/org/apache/accumulo/core/data/thrift/TKey.java: Recompile with -Xlint:unchecked for details.
[INFO] 
[INFO] --- maven-resources-plugin:2.6:testResources (default-testResources) @ accumulo-core ---
[INFO] Using 'UTF-8' encoding to copy filtered resources.
[INFO] skip non existing resourceDirectory /scratch/tmp-rta/Bugs.jar_Accumulo_17344890_java-8/core/src/test/filtered-resources
[INFO] Copying 9 resources
[INFO] Copying 3 resources
[INFO] 
[INFO] --- maven-compiler-plugin:3.1:testCompile (default-testCompile) @ accumulo-core ---
[INFO] Nothing to compile - all classes are up to date
[INFO] 
[INFO] --- maven-surefire-plugin:2.16:test (default-test) @ accumulo-core ---
[INFO] Surefire report directory: /scratch/tmp-rta/Bugs.jar_Accumulo_17344890_java-8/core/target/surefire-reports
[INFO] Downloading: https://repo.maven.apache.org/maven2/org/apache/maven/surefire/surefire-junit4/2.16/surefire-junit4-2.16.pom
[INFO] Downloaded: https://repo.maven.apache.org/maven2/org/apache/maven/surefire/surefire-junit4/2.16/surefire-junit4-2.16.pom (2.5 kB at 805 B/s)
[INFO] Downloading: https://repo.maven.apache.org/maven2/org/apache/maven/surefire/surefire-providers/2.16/surefire-providers-2.16.pom
[INFO] Downloaded: https://repo.maven.apache.org/maven2/org/apache/maven/surefire/surefire-providers/2.16/surefire-providers-2.16.pom (2.4 kB at 3.2 kB/s)
[INFO] Downloading: https://repo.maven.apache.org/maven2/org/apache/maven/surefire/surefire-junit4/2.16/surefire-junit4-2.16.jar
[INFO] Downloaded: https://repo.maven.apache.org/maven2/org/apache/maven/surefire/surefire-junit4/2.16/surefire-junit4-2.16.jar (64 kB at 88 kB/s)

-------------------------------------------------------
 T E S T S
-------------------------------------------------------

-------------------------------------------------------
 T E S T S
-------------------------------------------------------
Picked up JAVA_TOOL_OPTIONS: -XX:CICompilerCount=2 -XX:ParallelGCThreads=2 -XX:ConcGCThreads=2 -Djdk.net.URLClassPath.disableClassPathURLCheck=true -XX:CICompilerCount=2 -XX:ParallelGCThreads=2 -XX:ConcGCThreads=2 -Djdk.net.URLClassPath.disableClassPathURLCheck=true 
Picked up _JAVA_OPTIONS: -Djdk.net.URLClassPath.disableClassPathURLCheck=true
Running org.apache.accumulo.core.file.rfile.BlockIndexTest
Tests run: 2, Failures: 0, Errors: 0, Skipped: 0, Time elapsed: 0.28 sec - in org.apache.accumulo.core.file.rfile.BlockIndexTest
Picked up JAVA_TOOL_OPTIONS: -XX:CICompilerCount=2 -XX:ParallelGCThreads=2 -XX:ConcGCThreads=2 -Djdk.net.URLClassPath.disableClassPathURLCheck=true -XX:CICompilerCount=2 -XX:ParallelGCThreads=2 -XX:ConcGCThreads=2 -Djdk.net.URLClassPath.disableClassPathURLCheck=true 
Picked up _JAVA_OPTIONS: -Djdk.net.URLClassPath.disableClassPathURLCheck=true
Running org.apache.accumulo.core.file.rfile.RFileTest
Tests run: 41, Failures: 0, Errors: 0, Skipped: 0, Time elapsed: 32.185 sec - in org.apache.accumulo.core.file.rfile.RFileTest
Picked up JAVA_TOOL_OPTIONS: -XX:CICompilerCount=2 -XX:ParallelGCThreads=2 -XX:ConcGCThreads=2 -Djdk.net.URLClassPath.disableClassPathURLCheck=true -XX:CICompilerCount=2 -XX:ParallelGCThreads=2 -XX:ConcGCThreads=2 -Djdk.net.URLClassPath.disableClassPathURLCheck=true 
Picked up _JAVA_OPTIONS: -Djdk.net.URLClassPath.disableClassPathURLCheck=true
Running org.apache.accumulo.core.file.rfile.MultiLevelIndexTest
Tests run: 1, Failures: 0, Errors: 0, Skipped: 0, Time elapsed: 1.668 sec - in org.apache.accumulo.core.file.rfile.MultiLevelIndexTest
Picked up JAVA_TOOL_OPTIONS: -XX:CICompilerCount=2 -XX:ParallelGCThreads=2 -XX:ConcGCThreads=2 -Djdk.net.URLClassPath.disableClassPathURLCheck=true -XX:CICompilerCount=2 -XX:ParallelGCThreads=2 -XX:ConcGCThreads=2 -Djdk.net.URLClassPath.disableClassPathURLCheck=true 
Picked up _JAVA_OPTIONS: -Djdk.net.URLClassPath.disableClassPathURLCheck=true
Running org.apache.accumulo.core.file.rfile.RelativeKeyTest
Tests run: 6, Failures: 0, Errors: 0, Skipped: 0, Time elapsed: 0.197 sec - in org.apache.accumulo.core.file.rfile.RelativeKeyTest
Picked up JAVA_TOOL_OPTIONS: -XX:CICompilerCount=2 -XX:ParallelGCThreads=2 -XX:ConcGCThreads=2 -Djdk.net.URLClassPath.disableClassPathURLCheck=true -XX:CICompilerCount=2 -XX:ParallelGCThreads=2 -XX:ConcGCThreads=2 -Djdk.net.URLClassPath.disableClassPathURLCheck=true 
Picked up _JAVA_OPTIONS: -Djdk.net.URLClassPath.disableClassPathURLCheck=true
Running org.apache.accumulo.core.file.FileOperationsTest
Tests run: 1, Failures: 0, Errors: 0, Skipped: 0, Time elapsed: 0.92 sec - in org.apache.accumulo.core.file.FileOperationsTest
Picked up JAVA_TOOL_OPTIONS: -XX:CICompilerCount=2 -XX:ParallelGCThreads=2 -XX:ConcGCThreads=2 -Djdk.net.URLClassPath.disableClassPathURLCheck=true -XX:CICompilerCount=2 -XX:ParallelGCThreads=2 -XX:ConcGCThreads=2 -Djdk.net.URLClassPath.disableClassPathURLCheck=true 
Picked up _JAVA_OPTIONS: -Djdk.net.URLClassPath.disableClassPathURLCheck=true
Running org.apache.accumulo.core.file.BloomFilterLayerLookupTest
Tests run: 1, Failures: 0, Errors: 0, Skipped: 0, Time elapsed: 4.622 sec - in org.apache.accumulo.core.file.BloomFilterLayerLookupTest
Picked up JAVA_TOOL_OPTIONS: -XX:CICompilerCount=2 -XX:ParallelGCThreads=2 -XX:ConcGCThreads=2 -Djdk.net.URLClassPath.disableClassPathURLCheck=true -XX:CICompilerCount=2 -XX:ParallelGCThreads=2 -XX:ConcGCThreads=2 -Djdk.net.URLClassPath.disableClassPathURLCheck=true 
Picked up _JAVA_OPTIONS: -Djdk.net.URLClassPath.disableClassPathURLCheck=true
Running org.apache.accumulo.core.file.blockfile.cache.TestCachedBlockQueue
Tests run: 2, Failures: 0, Errors: 0, Skipped: 0, Time elapsed: 0.128 sec - in org.apache.accumulo.core.file.blockfile.cache.TestCachedBlockQueue
Picked up JAVA_TOOL_OPTIONS: -XX:CICompilerCount=2 -XX:ParallelGCThreads=2 -XX:ConcGCThreads=2 -Djdk.net.URLClassPath.disableClassPathURLCheck=true -XX:CICompilerCount=2 -XX:ParallelGCThreads=2 -XX:ConcGCThreads=2 -Djdk.net.URLClassPath.disableClassPathURLCheck=true 
Picked up _JAVA_OPTIONS: -Djdk.net.URLClassPath.disableClassPathURLCheck=true
Running org.apache.accumulo.core.file.blockfile.cache.TestLruBlockCache
Tests run: 7, Failures: 0, Errors: 0, Skipped: 0, Time elapsed: 1.251 sec - in org.apache.accumulo.core.file.blockfile.cache.TestLruBlockCache
Picked up JAVA_TOOL_OPTIONS: -XX:CICompilerCount=2 -XX:ParallelGCThreads=2 -XX:ConcGCThreads=2 -Djdk.net.URLClassPath.disableClassPathURLCheck=true -XX:CICompilerCount=2 -XX:ParallelGCThreads=2 -XX:ConcGCThreads=2 -Djdk.net.URLClassPath.disableClassPathURLCheck=true 
Picked up _JAVA_OPTIONS: -Djdk.net.URLClassPath.disableClassPathURLCheck=true
Running org.apache.accumulo.core.data.ConditionTest
Tests run: 15, Failures: 0, Errors: 0, Skipped: 0, Time elapsed: 0.12 sec - in org.apache.accumulo.core.data.ConditionTest
Picked up JAVA_TOOL_OPTIONS: -XX:CICompilerCount=2 -XX:ParallelGCThreads=2 -XX:ConcGCThreads=2 -Djdk.net.URLClassPath.disableClassPathURLCheck=true -XX:CICompilerCount=2 -XX:ParallelGCThreads=2 -XX:ConcGCThreads=2 -Djdk.net.URLClassPath.disableClassPathURLCheck=true 
Picked up _JAVA_OPTIONS: -Djdk.net.URLClassPath.disableClassPathURLCheck=true
Running org.apache.accumulo.core.data.RangeTest
Tests run: 47, Failures: 0, Errors: 0, Skipped: 0, Time elapsed: 0.147 sec - in org.apache.accumulo.core.data.RangeTest
Picked up JAVA_TOOL_OPTIONS: -XX:CICompilerCount=2 -XX:ParallelGCThreads=2 -XX:ConcGCThreads=2 -Djdk.net.URLClassPath.disableClassPathURLCheck=true -XX:CICompilerCount=2 -XX:ParallelGCThreads=2 -XX:ConcGCThreads=2 -Djdk.net.URLClassPath.disableClassPathURLCheck=true 
Picked up _JAVA_OPTIONS: -Djdk.net.URLClassPath.disableClassPathURLCheck=true
Running org.apache.accumulo.core.data.ValueTest
Tests run: 20, Failures: 0, Errors: 0, Skipped: 0, Time elapsed: 0.238 sec - in org.apache.accumulo.core.data.ValueTest
Picked up JAVA_TOOL_OPTIONS: -XX:CICompilerCount=2 -XX:ParallelGCThreads=2 -XX:ConcGCThreads=2 -Djdk.net.URLClassPath.disableClassPathURLCheck=true -XX:CICompilerCount=2 -XX:ParallelGCThreads=2 -XX:ConcGCThreads=2 -Djdk.net.URLClassPath.disableClassPathURLCheck=true 
Picked up _JAVA_OPTIONS: -Djdk.net.URLClassPath.disableClassPathURLCheck=true
Running org.apache.accumulo.core.data.ColumnTest
Tests run: 5, Failures: 0, Errors: 0, Skipped: 0, Time elapsed: 0.094 sec - in org.apache.accumulo.core.data.ColumnTest
Picked up JAVA_TOOL_OPTIONS: -XX:CICompilerCount=2 -XX:ParallelGCThreads=2 -XX:ConcGCThreads=2 -Djdk.net.URLClassPath.disableClassPathURLCheck=true -XX:CICompilerCount=2 -XX:ParallelGCThreads=2 -XX:ConcGCThreads=2 -Djdk.net.URLClassPath.disableClassPathURLCheck=true 
Picked up _JAVA_OPTIONS: -Djdk.net.URLClassPath.disableClassPathURLCheck=true
Running org.apache.accumulo.core.data.KeyExtentTest
Tests run: 7, Failures: 0, Errors: 0, Skipped: 0, Time elapsed: 0.123 sec - in org.apache.accumulo.core.data.KeyExtentTest
Picked up JAVA_TOOL_OPTIONS: -XX:CICompilerCount=2 -XX:ParallelGCThreads=2 -XX:ConcGCThreads=2 -Djdk.net.URLClassPath.disableClassPathURLCheck=true -XX:CICompilerCount=2 -XX:ParallelGCThreads=2 -XX:ConcGCThreads=2 -Djdk.net.URLClassPath.disableClassPathURLCheck=true 
Picked up _JAVA_OPTIONS: -Djdk.net.URLClassPath.disableClassPathURLCheck=true
Running org.apache.accumulo.core.data.ArrayByteSequenceTest
Tests run: 12, Failures: 0, Errors: 0, Skipped: 0, Time elapsed: 0.086 sec - in org.apache.accumulo.core.data.ArrayByteSequenceTest
Picked up JAVA_TOOL_OPTIONS: -XX:CICompilerCount=2 -XX:ParallelGCThreads=2 -XX:ConcGCThreads=2 -Djdk.net.URLClassPath.disableClassPathURLCheck=true -XX:CICompilerCount=2 -XX:ParallelGCThreads=2 -XX:ConcGCThreads=2 -Djdk.net.URLClassPath.disableClassPathURLCheck=true 
Picked up _JAVA_OPTIONS: -Djdk.net.URLClassPath.disableClassPathURLCheck=true
Running org.apache.accumulo.core.data.MutationTest
Tests run: 13, Failures: 0, Errors: 0, Skipped: 0, Time elapsed: 0.171 sec - in org.apache.accumulo.core.data.MutationTest
Picked up JAVA_TOOL_OPTIONS: -XX:CICompilerCount=2 -XX:ParallelGCThreads=2 -XX:ConcGCThreads=2 -Djdk.net.URLClassPath.disableClassPathURLCheck=true -XX:CICompilerCount=2 -XX:ParallelGCThreads=2 -XX:ConcGCThreads=2 -Djdk.net.URLClassPath.disableClassPathURLCheck=true 
Picked up _JAVA_OPTIONS: -Djdk.net.URLClassPath.disableClassPathURLCheck=true
Running org.apache.accumulo.core.data.KeyTest
Tests run: 7, Failures: 0, Errors: 0, Skipped: 0, Time elapsed: 0.108 sec - in org.apache.accumulo.core.data.KeyTest
Picked up JAVA_TOOL_OPTIONS: -XX:CICompilerCount=2 -XX:ParallelGCThreads=2 -XX:ConcGCThreads=2 -Djdk.net.URLClassPath.disableClassPathURLCheck=true -XX:CICompilerCount=2 -XX:ParallelGCThreads=2 -XX:ConcGCThreads=2 -Djdk.net.URLClassPath.disableClassPathURLCheck=true 
Picked up _JAVA_OPTIONS: -Djdk.net.URLClassPath.disableClassPathURLCheck=true
Running org.apache.accumulo.core.data.ByteSequenceTest
Tests run: 1, Failures: 0, Errors: 0, Skipped: 0, Time elapsed: 0.075 sec - in org.apache.accumulo.core.data.ByteSequenceTest
Picked up JAVA_TOOL_OPTIONS: -XX:CICompilerCount=2 -XX:ParallelGCThreads=2 -XX:ConcGCThreads=2 -Djdk.net.URLClassPath.disableClassPathURLCheck=true -XX:CICompilerCount=2 -XX:ParallelGCThreads=2 -XX:ConcGCThreads=2 -Djdk.net.URLClassPath.disableClassPathURLCheck=true 
Picked up _JAVA_OPTIONS: -Djdk.net.URLClassPath.disableClassPathURLCheck=true
Running org.apache.accumulo.core.data.ConditionalMutationTest
Tests run: 10, Failures: 0, Errors: 0, Skipped: 0, Time elapsed: 0.108 sec - in org.apache.accumulo.core.data.ConditionalMutationTest
Picked up JAVA_TOOL_OPTIONS: -XX:CICompilerCount=2 -XX:ParallelGCThreads=2 -XX:ConcGCThreads=2 -Djdk.net.URLClassPath.disableClassPathURLCheck=true -XX:CICompilerCount=2 -XX:ParallelGCThreads=2 -XX:ConcGCThreads=2 -Djdk.net.URLClassPath.disableClassPathURLCheck=true 
Picked up _JAVA_OPTIONS: -Djdk.net.URLClassPath.disableClassPathURLCheck=true
Running org.apache.accumulo.core.client.mock.MockConnectorTest
Tests run: 10, Failures: 0, Errors: 0, Skipped: 0, Time elapsed: 0.891 sec - in org.apache.accumulo.core.client.mock.MockConnectorTest
Picked up JAVA_TOOL_OPTIONS: -XX:CICompilerCount=2 -XX:ParallelGCThreads=2 -XX:ConcGCThreads=2 -Djdk.net.URLClassPath.disableClassPathURLCheck=true -XX:CICompilerCount=2 -XX:ParallelGCThreads=2 -XX:ConcGCThreads=2 -Djdk.net.URLClassPath.disableClassPathURLCheck=true 
Picked up _JAVA_OPTIONS: -Djdk.net.URLClassPath.disableClassPathURLCheck=true
Running org.apache.accumulo.core.client.mock.TestBatchScanner821
Tests run: 1, Failures: 0, Errors: 0, Skipped: 0, Time elapsed: 0.73 sec - in org.apache.accumulo.core.client.mock.TestBatchScanner821
Picked up JAVA_TOOL_OPTIONS: -XX:CICompilerCount=2 -XX:ParallelGCThreads=2 -XX:ConcGCThreads=2 -Djdk.net.URLClassPath.disableClassPathURLCheck=true -XX:CICompilerCount=2 -XX:ParallelGCThreads=2 -XX:ConcGCThreads=2 -Djdk.net.URLClassPath.disableClassPathURLCheck=true 
Picked up _JAVA_OPTIONS: -Djdk.net.URLClassPath.disableClassPathURLCheck=true
Running org.apache.accumulo.core.client.mock.MockNamespacesTest
Tests run: 6, Failures: 0, Errors: 0, Skipped: 0, Time elapsed: 0.746 sec - in org.apache.accumulo.core.client.mock.MockNamespacesTest
Picked up JAVA_TOOL_OPTIONS: -XX:CICompilerCount=2 -XX:ParallelGCThreads=2 -XX:ConcGCThreads=2 -Djdk.net.URLClassPath.disableClassPathURLCheck=true -XX:CICompilerCount=2 -XX:ParallelGCThreads=2 -XX:ConcGCThreads=2 -Djdk.net.URLClassPath.disableClassPathURLCheck=true 
Picked up _JAVA_OPTIONS: -Djdk.net.URLClassPath.disableClassPathURLCheck=true
Running org.apache.accumulo.core.client.mock.MockTableOperationsTest
Tests run: 6, Failures: 0, Errors: 0, Skipped: 0, Time elapsed: 1.257 sec - in org.apache.accumulo.core.client.mock.MockTableOperationsTest
Picked up JAVA_TOOL_OPTIONS: -XX:CICompilerCount=2 -XX:ParallelGCThreads=2 -XX:ConcGCThreads=2 -Djdk.net.URLClassPath.disableClassPathURLCheck=true -XX:CICompilerCount=2 -XX:ParallelGCThreads=2 -XX:ConcGCThreads=2 -Djdk.net.URLClassPath.disableClassPathURLCheck=true 
Picked up _JAVA_OPTIONS: -Djdk.net.URLClassPath.disableClassPathURLCheck=true
Running org.apache.accumulo.core.client.lexicoder.ListLexicoderTest
Tests run: 1, Failures: 0, Errors: 0, Skipped: 0, Time elapsed: 0.062 sec - in org.apache.accumulo.core.client.lexicoder.ListLexicoderTest
Picked up JAVA_TOOL_OPTIONS: -XX:CICompilerCount=2 -XX:ParallelGCThreads=2 -XX:ConcGCThreads=2 -Djdk.net.URLClassPath.disableClassPathURLCheck=true -XX:CICompilerCount=2 -XX:ParallelGCThreads=2 -XX:ConcGCThreads=2 -Djdk.net.URLClassPath.disableClassPathURLCheck=true 
Picked up _JAVA_OPTIONS: -Djdk.net.URLClassPath.disableClassPathURLCheck=true
Running org.apache.accumulo.core.client.lexicoder.IntegerLexicoderTest
Tests run: 1, Failures: 0, Errors: 0, Skipped: 0, Time elapsed: 0.063 sec - in org.apache.accumulo.core.client.lexicoder.IntegerLexicoderTest
Picked up JAVA_TOOL_OPTIONS: -XX:CICompilerCount=2 -XX:ParallelGCThreads=2 -XX:ConcGCThreads=2 -Djdk.net.URLClassPath.disableClassPathURLCheck=true -XX:CICompilerCount=2 -XX:ParallelGCThreads=2 -XX:ConcGCThreads=2 -Djdk.net.URLClassPath.disableClassPathURLCheck=true 
Picked up _JAVA_OPTIONS: -Djdk.net.URLClassPath.disableClassPathURLCheck=true
Running org.apache.accumulo.core.client.lexicoder.ReverseLexicoderTest
Tests run: 2, Failures: 0, Errors: 0, Skipped: 0, Time elapsed: 0.093 sec - in org.apache.accumulo.core.client.lexicoder.ReverseLexicoderTest
Picked up JAVA_TOOL_OPTIONS: -XX:CICompilerCount=2 -XX:ParallelGCThreads=2 -XX:ConcGCThreads=2 -Djdk.net.URLClassPath.disableClassPathURLCheck=true -XX:CICompilerCount=2 -XX:ParallelGCThreads=2 -XX:ConcGCThreads=2 -Djdk.net.URLClassPath.disableClassPathURLCheck=true 
Picked up _JAVA_OPTIONS: -Djdk.net.URLClassPath.disableClassPathURLCheck=true
Running org.apache.accumulo.core.client.lexicoder.BigIntegerLexicoderTest
Tests run: 1, Failures: 0, Errors: 0, Skipped: 0, Time elapsed: 0.064 sec - in org.apache.accumulo.core.client.lexicoder.BigIntegerLexicoderTest
Picked up JAVA_TOOL_OPTIONS: -XX:CICompilerCount=2 -XX:ParallelGCThreads=2 -XX:ConcGCThreads=2 -Djdk.net.URLClassPath.disableClassPathURLCheck=true -XX:CICompilerCount=2 -XX:ParallelGCThreads=2 -XX:ConcGCThreads=2 -Djdk.net.URLClassPath.disableClassPathURLCheck=true 
Picked up _JAVA_OPTIONS: -Djdk.net.URLClassPath.disableClassPathURLCheck=true
Running org.apache.accumulo.core.client.lexicoder.PairLexicoderTest
Tests run: 1, Failures: 0, Errors: 0, Skipped: 0, Time elapsed: 0.072 sec - in org.apache.accumulo.core.client.lexicoder.PairLexicoderTest
Picked up JAVA_TOOL_OPTIONS: -XX:CICompilerCount=2 -XX:ParallelGCThreads=2 -XX:ConcGCThreads=2 -Djdk.net.URLClassPath.disableClassPathURLCheck=true -XX:CICompilerCount=2 -XX:ParallelGCThreads=2 -XX:ConcGCThreads=2 -Djdk.net.URLClassPath.disableClassPathURLCheck=true 
Picked up _JAVA_OPTIONS: -Djdk.net.URLClassPath.disableClassPathURLCheck=true
Running org.apache.accumulo.core.client.lexicoder.LongLexicoderTest
Tests run: 1, Failures: 0, Errors: 0, Skipped: 0, Time elapsed: 0.072 sec - in org.apache.accumulo.core.client.lexicoder.LongLexicoderTest
Picked up JAVA_TOOL_OPTIONS: -XX:CICompilerCount=2 -XX:ParallelGCThreads=2 -XX:ConcGCThreads=2 -Djdk.net.URLClassPath.disableClassPathURLCheck=true -XX:CICompilerCount=2 -XX:ParallelGCThreads=2 -XX:ConcGCThreads=2 -Djdk.net.URLClassPath.disableClassPathURLCheck=true 
Picked up _JAVA_OPTIONS: -Djdk.net.URLClassPath.disableClassPathURLCheck=true
Running org.apache.accumulo.core.client.lexicoder.UUIDLexicoderTest
Tests run: 1, Failures: 0, Errors: 0, Skipped: 0, Time elapsed: 0.094 sec - in org.apache.accumulo.core.client.lexicoder.UUIDLexicoderTest
Picked up JAVA_TOOL_OPTIONS: -XX:CICompilerCount=2 -XX:ParallelGCThreads=2 -XX:ConcGCThreads=2 -Djdk.net.URLClassPath.disableClassPathURLCheck=true -XX:CICompilerCount=2 -XX:ParallelGCThreads=2 -XX:ConcGCThreads=2 -Djdk.net.URLClassPath.disableClassPathURLCheck=true 
Picked up _JAVA_OPTIONS: -Djdk.net.URLClassPath.disableClassPathURLCheck=true
Running org.apache.accumulo.core.client.lexicoder.DoubleLexicoderTest
Tests run: 1, Failures: 0, Errors: 0, Skipped: 0, Time elapsed: 0.056 sec - in org.apache.accumulo.core.client.lexicoder.DoubleLexicoderTest
Picked up JAVA_TOOL_OPTIONS: -XX:CICompilerCount=2 -XX:ParallelGCThreads=2 -XX:ConcGCThreads=2 -Djdk.net.URLClassPath.disableClassPathURLCheck=true -XX:CICompilerCount=2 -XX:ParallelGCThreads=2 -XX:ConcGCThreads=2 -Djdk.net.URLClassPath.disableClassPathURLCheck=true 
Picked up _JAVA_OPTIONS: -Djdk.net.URLClassPath.disableClassPathURLCheck=true
Running org.apache.accumulo.core.client.lexicoder.ULongLexicoderTest
Tests run: 2, Failures: 0, Errors: 0, Skipped: 0, Time elapsed: 0.058 sec - in org.apache.accumulo.core.client.lexicoder.ULongLexicoderTest
Picked up JAVA_TOOL_OPTIONS: -XX:CICompilerCount=2 -XX:ParallelGCThreads=2 -XX:ConcGCThreads=2 -Djdk.net.URLClassPath.disableClassPathURLCheck=true -XX:CICompilerCount=2 -XX:ParallelGCThreads=2 -XX:ConcGCThreads=2 -Djdk.net.URLClassPath.disableClassPathURLCheck=true 
Picked up _JAVA_OPTIONS: -Djdk.net.URLClassPath.disableClassPathURLCheck=true
Running org.apache.accumulo.core.client.lexicoder.UIntegerLexicoderTest
Tests run: 1, Failures: 0, Errors: 0, Skipped: 0, Time elapsed: 0.07 sec - in org.apache.accumulo.core.client.lexicoder.UIntegerLexicoderTest
Picked up JAVA_TOOL_OPTIONS: -XX:CICompilerCount=2 -XX:ParallelGCThreads=2 -XX:ConcGCThreads=2 -Djdk.net.URLClassPath.disableClassPathURLCheck=true -XX:CICompilerCount=2 -XX:ParallelGCThreads=2 -XX:ConcGCThreads=2 -Djdk.net.URLClassPath.disableClassPathURLCheck=true 
Picked up _JAVA_OPTIONS: -Djdk.net.URLClassPath.disableClassPathURLCheck=true
Running org.apache.accumulo.core.client.mapreduce.RangeInputSplitTest
Tests run: 2, Failures: 0, Errors: 0, Skipped: 0, Time elapsed: 0.131 sec - in org.apache.accumulo.core.client.mapreduce.RangeInputSplitTest
Picked up JAVA_TOOL_OPTIONS: -XX:CICompilerCount=2 -XX:ParallelGCThreads=2 -XX:ConcGCThreads=2 -Djdk.net.URLClassPath.disableClassPathURLCheck=true -XX:CICompilerCount=2 -XX:ParallelGCThreads=2 -XX:ConcGCThreads=2 -Djdk.net.URLClassPath.disableClassPathURLCheck=true 
Picked up _JAVA_OPTIONS: -Djdk.net.URLClassPath.disableClassPathURLCheck=true
Running org.apache.accumulo.core.client.mapreduce.AccumuloInputFormatTest
Tests run: 10, Failures: 0, Errors: 0, Skipped: 0, Time elapsed: 5.339 sec - in org.apache.accumulo.core.client.mapreduce.AccumuloInputFormatTest
Picked up JAVA_TOOL_OPTIONS: -XX:CICompilerCount=2 -XX:ParallelGCThreads=2 -XX:ConcGCThreads=2 -Djdk.net.URLClassPath.disableClassPathURLCheck=true -XX:CICompilerCount=2 -XX:ParallelGCThreads=2 -XX:ConcGCThreads=2 -Djdk.net.URLClassPath.disableClassPathURLCheck=true 
Picked up _JAVA_OPTIONS: -Djdk.net.URLClassPath.disableClassPathURLCheck=true
Running org.apache.accumulo.core.client.mapreduce.AccumuloMultiTableInputFormatTest
Tests run: 2, Failures: 0, Errors: 0, Skipped: 0, Time elapsed: 2.879 sec - in org.apache.accumulo.core.client.mapreduce.AccumuloMultiTableInputFormatTest
Picked up JAVA_TOOL_OPTIONS: -XX:CICompilerCount=2 -XX:ParallelGCThreads=2 -XX:ConcGCThreads=2 -Djdk.net.URLClassPath.disableClassPathURLCheck=true -XX:CICompilerCount=2 -XX:ParallelGCThreads=2 -XX:ConcGCThreads=2 -Djdk.net.URLClassPath.disableClassPathURLCheck=true 
Picked up _JAVA_OPTIONS: -Djdk.net.URLClassPath.disableClassPathURLCheck=true
Running org.apache.accumulo.core.client.mapreduce.InputTableConfigTest
Tests run: 4, Failures: 0, Errors: 0, Skipped: 0, Time elapsed: 0.085 sec - in org.apache.accumulo.core.client.mapreduce.InputTableConfigTest
Picked up JAVA_TOOL_OPTIONS: -XX:CICompilerCount=2 -XX:ParallelGCThreads=2 -XX:ConcGCThreads=2 -Djdk.net.URLClassPath.disableClassPathURLCheck=true -XX:CICompilerCount=2 -XX:ParallelGCThreads=2 -XX:ConcGCThreads=2 -Djdk.net.URLClassPath.disableClassPathURLCheck=true 
Picked up _JAVA_OPTIONS: -Djdk.net.URLClassPath.disableClassPathURLCheck=true
Running org.apache.accumulo.core.client.mapreduce.lib.impl.ConfiguratorBaseTest
Tests run: 6, Failures: 0, Errors: 0, Skipped: 0, Time elapsed: 0.974 sec - in org.apache.accumulo.core.client.mapreduce.lib.impl.ConfiguratorBaseTest
Picked up JAVA_TOOL_OPTIONS: -XX:CICompilerCount=2 -XX:ParallelGCThreads=2 -XX:ConcGCThreads=2 -Djdk.net.URLClassPath.disableClassPathURLCheck=true -XX:CICompilerCount=2 -XX:ParallelGCThreads=2 -XX:ConcGCThreads=2 -Djdk.net.URLClassPath.disableClassPathURLCheck=true 
Picked up _JAVA_OPTIONS: -Djdk.net.URLClassPath.disableClassPathURLCheck=true
Running org.apache.accumulo.core.client.mapreduce.lib.partition.RangePartitionerTest
Tests run: 2, Failures: 0, Errors: 0, Skipped: 0, Time elapsed: 1.363 sec - in org.apache.accumulo.core.client.mapreduce.lib.partition.RangePartitionerTest
Picked up JAVA_TOOL_OPTIONS: -XX:CICompilerCount=2 -XX:ParallelGCThreads=2 -XX:ConcGCThreads=2 -Djdk.net.URLClassPath.disableClassPathURLCheck=true -XX:CICompilerCount=2 -XX:ParallelGCThreads=2 -XX:ConcGCThreads=2 -Djdk.net.URLClassPath.disableClassPathURLCheck=true 
Picked up _JAVA_OPTIONS: -Djdk.net.URLClassPath.disableClassPathURLCheck=true
Running org.apache.accumulo.core.client.mapreduce.TokenFileTest
Tests run: 1, Failures: 0, Errors: 0, Skipped: 0, Time elapsed: 9.452 sec - in org.apache.accumulo.core.client.mapreduce.TokenFileTest
Picked up JAVA_TOOL_OPTIONS: -XX:CICompilerCount=2 -XX:ParallelGCThreads=2 -XX:ConcGCThreads=2 -Djdk.net.URLClassPath.disableClassPathURLCheck=true -XX:CICompilerCount=2 -XX:ParallelGCThreads=2 -XX:ConcGCThreads=2 -Djdk.net.URLClassPath.disableClassPathURLCheck=true 
Picked up _JAVA_OPTIONS: -Djdk.net.URLClassPath.disableClassPathURLCheck=true
Running org.apache.accumulo.core.client.mapreduce.AccumuloRowInputFormatTest
Tests run: 1, Failures: 0, Errors: 0, Skipped: 0, Time elapsed: 2.74 sec - in org.apache.accumulo.core.client.mapreduce.AccumuloRowInputFormatTest
Picked up JAVA_TOOL_OPTIONS: -XX:CICompilerCount=2 -XX:ParallelGCThreads=2 -XX:ConcGCThreads=2 -Djdk.net.URLClassPath.disableClassPathURLCheck=true -XX:CICompilerCount=2 -XX:ParallelGCThreads=2 -XX:ConcGCThreads=2 -Djdk.net.URLClassPath.disableClassPathURLCheck=true 
Picked up _JAVA_OPTIONS: -Djdk.net.URLClassPath.disableClassPathURLCheck=true
Running org.apache.accumulo.core.client.mapreduce.AccumuloOutputFormatTest
Tests run: 2, Failures: 0, Errors: 0, Skipped: 0, Time elapsed: 2.808 sec - in org.apache.accumulo.core.client.mapreduce.AccumuloOutputFormatTest
Picked up JAVA_TOOL_OPTIONS: -XX:CICompilerCount=2 -XX:ParallelGCThreads=2 -XX:ConcGCThreads=2 -Djdk.net.URLClassPath.disableClassPathURLCheck=true -XX:CICompilerCount=2 -XX:ParallelGCThreads=2 -XX:ConcGCThreads=2 -Djdk.net.URLClassPath.disableClassPathURLCheck=true 
Picked up _JAVA_OPTIONS: -Djdk.net.URLClassPath.disableClassPathURLCheck=true
Running org.apache.accumulo.core.client.mapreduce.AccumuloFileOutputFormatTest
Tests run: 4, Failures: 0, Errors: 0, Skipped: 0, Time elapsed: 19.97 sec - in org.apache.accumulo.core.client.mapreduce.AccumuloFileOutputFormatTest
Picked up JAVA_TOOL_OPTIONS: -XX:CICompilerCount=2 -XX:ParallelGCThreads=2 -XX:ConcGCThreads=2 -Djdk.net.URLClassPath.disableClassPathURLCheck=true -XX:CICompilerCount=2 -XX:ParallelGCThreads=2 -XX:ConcGCThreads=2 -Djdk.net.URLClassPath.disableClassPathURLCheck=true 
Picked up _JAVA_OPTIONS: -Djdk.net.URLClassPath.disableClassPathURLCheck=true
Running org.apache.accumulo.core.client.IteratorSettingTest
Tests run: 10, Failures: 0, Errors: 0, Skipped: 0, Time elapsed: 0.087 sec - in org.apache.accumulo.core.client.IteratorSettingTest
Picked up JAVA_TOOL_OPTIONS: -XX:CICompilerCount=2 -XX:ParallelGCThreads=2 -XX:ConcGCThreads=2 -Djdk.net.URLClassPath.disableClassPathURLCheck=true -XX:CICompilerCount=2 -XX:ParallelGCThreads=2 -XX:ConcGCThreads=2 -Djdk.net.URLClassPath.disableClassPathURLCheck=true 
Picked up _JAVA_OPTIONS: -Djdk.net.URLClassPath.disableClassPathURLCheck=true
Running org.apache.accumulo.core.client.mapred.TokenFileTest
Tests run: 1, Failures: 0, Errors: 0, Skipped: 0, Time elapsed: 9.607 sec - in org.apache.accumulo.core.client.mapred.TokenFileTest
Picked up JAVA_TOOL_OPTIONS: -XX:CICompilerCount=2 -XX:ParallelGCThreads=2 -XX:ConcGCThreads=2 -Djdk.net.URLClassPath.disableClassPathURLCheck=true -XX:CICompilerCount=2 -XX:ParallelGCThreads=2 -XX:ConcGCThreads=2 -Djdk.net.URLClassPath.disableClassPathURLCheck=true 
Picked up _JAVA_OPTIONS: -Djdk.net.URLClassPath.disableClassPathURLCheck=true
Running org.apache.accumulo.core.client.mapred.AccumuloInputFormatTest
Tests run: 6, Failures: 0, Errors: 0, Skipped: 0, Time elapsed: 4.448 sec - in org.apache.accumulo.core.client.mapred.AccumuloInputFormatTest
Picked up JAVA_TOOL_OPTIONS: -XX:CICompilerCount=2 -XX:ParallelGCThreads=2 -XX:ConcGCThreads=2 -Djdk.net.URLClassPath.disableClassPathURLCheck=true -XX:CICompilerCount=2 -XX:ParallelGCThreads=2 -XX:ConcGCThreads=2 -Djdk.net.URLClassPath.disableClassPathURLCheck=true 
Picked up _JAVA_OPTIONS: -Djdk.net.URLClassPath.disableClassPathURLCheck=true
Running org.apache.accumulo.core.client.mapred.AccumuloOutputFormatTest
Tests run: 2, Failures: 0, Errors: 0, Skipped: 0, Time elapsed: 2.72 sec - in org.apache.accumulo.core.client.mapred.AccumuloOutputFormatTest
Picked up JAVA_TOOL_OPTIONS: -XX:CICompilerCount=2 -XX:ParallelGCThreads=2 -XX:ConcGCThreads=2 -Djdk.net.URLClassPath.disableClassPathURLCheck=true -XX:CICompilerCount=2 -XX:ParallelGCThreads=2 -XX:ConcGCThreads=2 -Djdk.net.URLClassPath.disableClassPathURLCheck=true 
Picked up _JAVA_OPTIONS: -Djdk.net.URLClassPath.disableClassPathURLCheck=true
Running org.apache.accumulo.core.client.mapred.AccumuloMultiTableInputFormatTest
Tests run: 2, Failures: 0, Errors: 0, Skipped: 0, Time elapsed: 2.695 sec - in org.apache.accumulo.core.client.mapred.AccumuloMultiTableInputFormatTest
Picked up JAVA_TOOL_OPTIONS: -XX:CICompilerCount=2 -XX:ParallelGCThreads=2 -XX:ConcGCThreads=2 -Djdk.net.URLClassPath.disableClassPathURLCheck=true -XX:CICompilerCount=2 -XX:ParallelGCThreads=2 -XX:ConcGCThreads=2 -Djdk.net.URLClassPath.disableClassPathURLCheck=true 
Picked up _JAVA_OPTIONS: -Djdk.net.URLClassPath.disableClassPathURLCheck=true
Running org.apache.accumulo.core.client.mapred.AccumuloRowInputFormatTest
Tests run: 1, Failures: 0, Errors: 0, Skipped: 0, Time elapsed: 2.616 sec - in org.apache.accumulo.core.client.mapred.AccumuloRowInputFormatTest
Picked up JAVA_TOOL_OPTIONS: -XX:CICompilerCount=2 -XX:ParallelGCThreads=2 -XX:ConcGCThreads=2 -Djdk.net.URLClassPath.disableClassPathURLCheck=true -XX:CICompilerCount=2 -XX:ParallelGCThreads=2 -XX:ConcGCThreads=2 -Djdk.net.URLClassPath.disableClassPathURLCheck=true 
Picked up _JAVA_OPTIONS: -Djdk.net.URLClassPath.disableClassPathURLCheck=true
Running org.apache.accumulo.core.client.mapred.AccumuloFileOutputFormatTest
Tests run: 4, Failures: 0, Errors: 0, Skipped: 0, Time elapsed: 13.492 sec - in org.apache.accumulo.core.client.mapred.AccumuloFileOutputFormatTest
Picked up JAVA_TOOL_OPTIONS: -XX:CICompilerCount=2 -XX:ParallelGCThreads=2 -XX:ConcGCThreads=2 -Djdk.net.URLClassPath.disableClassPathURLCheck=true -XX:CICompilerCount=2 -XX:ParallelGCThreads=2 -XX:ConcGCThreads=2 -Djdk.net.URLClassPath.disableClassPathURLCheck=true 
Picked up _JAVA_OPTIONS: -Djdk.net.URLClassPath.disableClassPathURLCheck=true
Running org.apache.accumulo.core.client.impl.TabletLocatorImplTest
Tests run: 19, Failures: 0, Errors: 0, Skipped: 0, Time elapsed: 0.362 sec - in org.apache.accumulo.core.client.impl.TabletLocatorImplTest
Picked up JAVA_TOOL_OPTIONS: -XX:CICompilerCount=2 -XX:ParallelGCThreads=2 -XX:ConcGCThreads=2 -Djdk.net.URLClassPath.disableClassPathURLCheck=true -XX:CICompilerCount=2 -XX:ParallelGCThreads=2 -XX:ConcGCThreads=2 -Djdk.net.URLClassPath.disableClassPathURLCheck=true 
Picked up _JAVA_OPTIONS: -Djdk.net.URLClassPath.disableClassPathURLCheck=true
Running org.apache.accumulo.core.client.impl.ScannerImplTest
Tests run: 2, Failures: 0, Errors: 0, Skipped: 0, Time elapsed: 0.738 sec - in org.apache.accumulo.core.client.impl.ScannerImplTest
Picked up JAVA_TOOL_OPTIONS: -XX:CICompilerCount=2 -XX:ParallelGCThreads=2 -XX:ConcGCThreads=2 -Djdk.net.URLClassPath.disableClassPathURLCheck=true -XX:CICompilerCount=2 -XX:ParallelGCThreads=2 -XX:ConcGCThreads=2 -Djdk.net.URLClassPath.disableClassPathURLCheck=true 
Picked up _JAVA_OPTIONS: -Djdk.net.URLClassPath.disableClassPathURLCheck=true
Running org.apache.accumulo.core.client.impl.ScannerOptionsTest
Tests run: 2, Failures: 0, Errors: 0, Skipped: 0, Time elapsed: 0.082 sec - in org.apache.accumulo.core.client.impl.ScannerOptionsTest
Picked up JAVA_TOOL_OPTIONS: -XX:CICompilerCount=2 -XX:ParallelGCThreads=2 -XX:ConcGCThreads=2 -Djdk.net.URLClassPath.disableClassPathURLCheck=true -XX:CICompilerCount=2 -XX:ParallelGCThreads=2 -XX:ConcGCThreads=2 -Djdk.net.URLClassPath.disableClassPathURLCheck=true 
Picked up _JAVA_OPTIONS: -Djdk.net.URLClassPath.disableClassPathURLCheck=true
Running org.apache.accumulo.core.client.security.tokens.PasswordTokenTest
Tests run: 1, Failures: 0, Errors: 0, Skipped: 0, Time elapsed: 0.076 sec - in org.apache.accumulo.core.client.security.tokens.PasswordTokenTest
Picked up JAVA_TOOL_OPTIONS: -XX:CICompilerCount=2 -XX:ParallelGCThreads=2 -XX:ConcGCThreads=2 -Djdk.net.URLClassPath.disableClassPathURLCheck=true -XX:CICompilerCount=2 -XX:ParallelGCThreads=2 -XX:ConcGCThreads=2 -Djdk.net.URLClassPath.disableClassPathURLCheck=true 
Picked up _JAVA_OPTIONS: -Djdk.net.URLClassPath.disableClassPathURLCheck=true
Running org.apache.accumulo.core.client.security.SecurityErrorCodeTest
Tests run: 1, Failures: 0, Errors: 0, Skipped: 0, Time elapsed: 0.069 sec - in org.apache.accumulo.core.client.security.SecurityErrorCodeTest
Picked up JAVA_TOOL_OPTIONS: -XX:CICompilerCount=2 -XX:ParallelGCThreads=2 -XX:ConcGCThreads=2 -Djdk.net.URLClassPath.disableClassPathURLCheck=true -XX:CICompilerCount=2 -XX:ParallelGCThreads=2 -XX:ConcGCThreads=2 -Djdk.net.URLClassPath.disableClassPathURLCheck=true 
Picked up _JAVA_OPTIONS: -Djdk.net.URLClassPath.disableClassPathURLCheck=true
Running org.apache.accumulo.core.client.BatchWriterConfigTest
Tests run: 10, Failures: 0, Errors: 0, Skipped: 0, Time elapsed: 0.267 sec - in org.apache.accumulo.core.client.BatchWriterConfigTest
Picked up JAVA_TOOL_OPTIONS: -XX:CICompilerCount=2 -XX:ParallelGCThreads=2 -XX:ConcGCThreads=2 -Djdk.net.URLClassPath.disableClassPathURLCheck=true -XX:CICompilerCount=2 -XX:ParallelGCThreads=2 -XX:ConcGCThreads=2 -Djdk.net.URLClassPath.disableClassPathURLCheck=true 
Picked up _JAVA_OPTIONS: -Djdk.net.URLClassPath.disableClassPathURLCheck=true
Running org.apache.accumulo.core.client.ClientSideIteratorTest
Tests run: 2, Failures: 0, Errors: 0, Skipped: 0, Time elapsed: 0.803 sec - in org.apache.accumulo.core.client.ClientSideIteratorTest
Picked up JAVA_TOOL_OPTIONS: -XX:CICompilerCount=2 -XX:ParallelGCThreads=2 -XX:ConcGCThreads=2 -Djdk.net.URLClassPath.disableClassPathURLCheck=true -XX:CICompilerCount=2 -XX:ParallelGCThreads=2 -XX:ConcGCThreads=2 -Djdk.net.URLClassPath.disableClassPathURLCheck=true 
Picked up _JAVA_OPTIONS: -Djdk.net.URLClassPath.disableClassPathURLCheck=true
Running org.apache.accumulo.core.client.admin.TableOperationsHelperTest
Tests run: 1, Failures: 0, Errors: 0, Skipped: 0, Time elapsed: 0.165 sec - in org.apache.accumulo.core.client.admin.TableOperationsHelperTest
Picked up JAVA_TOOL_OPTIONS: -XX:CICompilerCount=2 -XX:ParallelGCThreads=2 -XX:ConcGCThreads=2 -Djdk.net.URLClassPath.disableClassPathURLCheck=true -XX:CICompilerCount=2 -XX:ParallelGCThreads=2 -XX:ConcGCThreads=2 -Djdk.net.URLClassPath.disableClassPathURLCheck=true 
Picked up _JAVA_OPTIONS: -Djdk.net.URLClassPath.disableClassPathURLCheck=true
Running org.apache.accumulo.core.client.admin.FindMaxTest
Tests run: 1, Failures: 0, Errors: 0, Skipped: 0, Time elapsed: 2.451 sec - in org.apache.accumulo.core.client.admin.FindMaxTest
Picked up JAVA_TOOL_OPTIONS: -XX:CICompilerCount=2 -XX:ParallelGCThreads=2 -XX:ConcGCThreads=2 -Djdk.net.URLClassPath.disableClassPathURLCheck=true -XX:CICompilerCount=2 -XX:ParallelGCThreads=2 -XX:ConcGCThreads=2 -Djdk.net.URLClassPath.disableClassPathURLCheck=true 
Picked up _JAVA_OPTIONS: -Djdk.net.URLClassPath.disableClassPathURLCheck=true
Running org.apache.accumulo.core.client.TestThrift1474
Tests run: 1, Failures: 0, Errors: 0, Skipped: 0, Time elapsed: 0.227 sec - in org.apache.accumulo.core.client.TestThrift1474
Picked up JAVA_TOOL_OPTIONS: -XX:CICompilerCount=2 -XX:ParallelGCThreads=2 -XX:ConcGCThreads=2 -Djdk.net.URLClassPath.disableClassPathURLCheck=true -XX:CICompilerCount=2 -XX:ParallelGCThreads=2 -XX:ConcGCThreads=2 -Djdk.net.URLClassPath.disableClassPathURLCheck=true 
Picked up _JAVA_OPTIONS: -Djdk.net.URLClassPath.disableClassPathURLCheck=true
Running org.apache.accumulo.core.client.RowIteratorTest
Tests run: 2, Failures: 0, Errors: 0, Skipped: 0, Time elapsed: 0.089 sec - in org.apache.accumulo.core.client.RowIteratorTest
Picked up JAVA_TOOL_OPTIONS: -XX:CICompilerCount=2 -XX:ParallelGCThreads=2 -XX:ConcGCThreads=2 -Djdk.net.URLClassPath.disableClassPathURLCheck=true -XX:CICompilerCount=2 -XX:ParallelGCThreads=2 -XX:ConcGCThreads=2 -Djdk.net.URLClassPath.disableClassPathURLCheck=true 
Picked up _JAVA_OPTIONS: -Djdk.net.URLClassPath.disableClassPathURLCheck=true
Running org.apache.accumulo.core.conf.AccumuloConfigurationTest
Tests run: 3, Failures: 0, Errors: 0, Skipped: 0, Time elapsed: 0.137 sec - in org.apache.accumulo.core.conf.AccumuloConfigurationTest
Picked up JAVA_TOOL_OPTIONS: -XX:CICompilerCount=2 -XX:ParallelGCThreads=2 -XX:ConcGCThreads=2 -Djdk.net.URLClassPath.disableClassPathURLCheck=true -XX:CICompilerCount=2 -XX:ParallelGCThreads=2 -XX:ConcGCThreads=2 -Djdk.net.URLClassPath.disableClassPathURLCheck=true 
Picked up _JAVA_OPTIONS: -Djdk.net.URLClassPath.disableClassPathURLCheck=true
Running org.apache.accumulo.core.conf.PropertyTypeTest
Tests run: 4, Failures: 0, Errors: 0, Skipped: 0, Time elapsed: 0.091 sec - in org.apache.accumulo.core.conf.PropertyTypeTest
Picked up JAVA_TOOL_OPTIONS: -XX:CICompilerCount=2 -XX:ParallelGCThreads=2 -XX:ConcGCThreads=2 -Djdk.net.URLClassPath.disableClassPathURLCheck=true -XX:CICompilerCount=2 -XX:ParallelGCThreads=2 -XX:ConcGCThreads=2 -Djdk.net.URLClassPath.disableClassPathURLCheck=true 
Picked up _JAVA_OPTIONS: -Djdk.net.URLClassPath.disableClassPathURLCheck=true
Running org.apache.accumulo.core.conf.PropertyTest
Tests run: 6, Failures: 0, Errors: 0, Skipped: 0, Time elapsed: 0.274 sec - in org.apache.accumulo.core.conf.PropertyTest
Picked up JAVA_TOOL_OPTIONS: -XX:CICompilerCount=2 -XX:ParallelGCThreads=2 -XX:ConcGCThreads=2 -Djdk.net.URLClassPath.disableClassPathURLCheck=true -XX:CICompilerCount=2 -XX:ParallelGCThreads=2 -XX:ConcGCThreads=2 -Djdk.net.URLClassPath.disableClassPathURLCheck=true 
Picked up _JAVA_OPTIONS: -Djdk.net.URLClassPath.disableClassPathURLCheck=true
Running org.apache.accumulo.core.conf.ClientConfigurationTest
Tests run: 2, Failures: 0, Errors: 0, Skipped: 0, Time elapsed: 0.232 sec - in org.apache.accumulo.core.conf.ClientConfigurationTest
Picked up JAVA_TOOL_OPTIONS: -XX:CICompilerCount=2 -XX:ParallelGCThreads=2 -XX:ConcGCThreads=2 -Djdk.net.URLClassPath.disableClassPathURLCheck=true -XX:CICompilerCount=2 -XX:ParallelGCThreads=2 -XX:ConcGCThreads=2 -Djdk.net.URLClassPath.disableClassPathURLCheck=true 
Picked up _JAVA_OPTIONS: -Djdk.net.URLClassPath.disableClassPathURLCheck=true
Running org.apache.accumulo.core.iterators.user.WholeColumnFamilyIteratorTest
Tests run: 3, Failures: 0, Errors: 0, Skipped: 0, Time elapsed: 0.084 sec - in org.apache.accumulo.core.iterators.user.WholeColumnFamilyIteratorTest
Picked up JAVA_TOOL_OPTIONS: -XX:CICompilerCount=2 -XX:ParallelGCThreads=2 -XX:ConcGCThreads=2 -Djdk.net.URLClassPath.disableClassPathURLCheck=true -XX:CICompilerCount=2 -XX:ParallelGCThreads=2 -XX:ConcGCThreads=2 -Djdk.net.URLClassPath.disableClassPathURLCheck=true 
Picked up _JAVA_OPTIONS: -Djdk.net.URLClassPath.disableClassPathURLCheck=true
Running org.apache.accumulo.core.iterators.user.GrepIteratorTest
Tests run: 1, Failures: 0, Errors: 0, Skipped: 0, Time elapsed: 0.1 sec - in org.apache.accumulo.core.iterators.user.GrepIteratorTest
Picked up JAVA_TOOL_OPTIONS: -XX:CICompilerCount=2 -XX:ParallelGCThreads=2 -XX:ConcGCThreads=2 -Djdk.net.URLClassPath.disableClassPathURLCheck=true -XX:CICompilerCount=2 -XX:ParallelGCThreads=2 -XX:ConcGCThreads=2 -Djdk.net.URLClassPath.disableClassPathURLCheck=true 
Picked up _JAVA_OPTIONS: -Djdk.net.URLClassPath.disableClassPathURLCheck=true
Running org.apache.accumulo.core.iterators.user.FilterTest
Tests run: 11, Failures: 0, Errors: 0, Skipped: 0, Time elapsed: 0.608 sec - in org.apache.accumulo.core.iterators.user.FilterTest
Picked up JAVA_TOOL_OPTIONS: -XX:CICompilerCount=2 -XX:ParallelGCThreads=2 -XX:ConcGCThreads=2 -Djdk.net.URLClassPath.disableClassPathURLCheck=true -XX:CICompilerCount=2 -XX:ParallelGCThreads=2 -XX:ConcGCThreads=2 -Djdk.net.URLClassPath.disableClassPathURLCheck=true 
Picked up _JAVA_OPTIONS: -Djdk.net.URLClassPath.disableClassPathURLCheck=true
Running org.apache.accumulo.core.iterators.user.IndexedDocIteratorTest
Tests run: 5, Failures: 0, Errors: 0, Skipped: 0, Time elapsed: 1.637 sec - in org.apache.accumulo.core.iterators.user.IndexedDocIteratorTest
Picked up JAVA_TOOL_OPTIONS: -XX:CICompilerCount=2 -XX:ParallelGCThreads=2 -XX:ConcGCThreads=2 -Djdk.net.URLClassPath.disableClassPathURLCheck=true -XX:CICompilerCount=2 -XX:ParallelGCThreads=2 -XX:ConcGCThreads=2 -Djdk.net.URLClassPath.disableClassPathURLCheck=true 
Picked up _JAVA_OPTIONS: -Djdk.net.URLClassPath.disableClassPathURLCheck=true
Running org.apache.accumulo.core.iterators.user.WholeRowIteratorTest
Tests run: 4, Failures: 0, Errors: 0, Skipped: 0, Time elapsed: 0.12 sec - in org.apache.accumulo.core.iterators.user.WholeRowIteratorTest
Picked up JAVA_TOOL_OPTIONS: -XX:CICompilerCount=2 -XX:ParallelGCThreads=2 -XX:ConcGCThreads=2 -Djdk.net.URLClassPath.disableClassPathURLCheck=true -XX:CICompilerCount=2 -XX:ParallelGCThreads=2 -XX:ConcGCThreads=2 -Djdk.net.URLClassPath.disableClassPathURLCheck=true 
Picked up _JAVA_OPTIONS: -Djdk.net.URLClassPath.disableClassPathURLCheck=true
Running org.apache.accumulo.core.iterators.user.VersioningIteratorTest
Tests run: 6, Failures: 0, Errors: 0, Skipped: 0, Time elapsed: 0.217 sec - in org.apache.accumulo.core.iterators.user.VersioningIteratorTest
Picked up JAVA_TOOL_OPTIONS: -XX:CICompilerCount=2 -XX:ParallelGCThreads=2 -XX:ConcGCThreads=2 -Djdk.net.URLClassPath.disableClassPathURLCheck=true -XX:CICompilerCount=2 -XX:ParallelGCThreads=2 -XX:ConcGCThreads=2 -Djdk.net.URLClassPath.disableClassPathURLCheck=true 
Picked up _JAVA_OPTIONS: -Djdk.net.URLClassPath.disableClassPathURLCheck=true
Running org.apache.accumulo.core.iterators.user.RowDeletingIteratorTest
Tests run: 4, Failures: 0, Errors: 0, Skipped: 0, Time elapsed: 0.081 sec - in org.apache.accumulo.core.iterators.user.RowDeletingIteratorTest
Picked up JAVA_TOOL_OPTIONS: -XX:CICompilerCount=2 -XX:ParallelGCThreads=2 -XX:ConcGCThreads=2 -Djdk.net.URLClassPath.disableClassPathURLCheck=true -XX:CICompilerCount=2 -XX:ParallelGCThreads=2 -XX:ConcGCThreads=2 -Djdk.net.URLClassPath.disableClassPathURLCheck=true 
Picked up _JAVA_OPTIONS: -Djdk.net.URLClassPath.disableClassPathURLCheck=true
Running org.apache.accumulo.core.iterators.user.BigDecimalCombinerTest
Tests run: 3, Failures: 0, Errors: 0, Skipped: 0, Time elapsed: 0.196 sec - in org.apache.accumulo.core.iterators.user.BigDecimalCombinerTest
Picked up JAVA_TOOL_OPTIONS: -XX:CICompilerCount=2 -XX:ParallelGCThreads=2 -XX:ConcGCThreads=2 -Djdk.net.URLClassPath.disableClassPathURLCheck=true -XX:CICompilerCount=2 -XX:ParallelGCThreads=2 -XX:ConcGCThreads=2 -Djdk.net.URLClassPath.disableClassPathURLCheck=true 
Picked up _JAVA_OPTIONS: -Djdk.net.URLClassPath.disableClassPathURLCheck=true
Running org.apache.accumulo.core.iterators.user.IntersectingIteratorTest
Tests run: 6, Failures: 0, Errors: 0, Skipped: 0, Time elapsed: 2.056 sec - in org.apache.accumulo.core.iterators.user.IntersectingIteratorTest
Picked up JAVA_TOOL_OPTIONS: -XX:CICompilerCount=2 -XX:ParallelGCThreads=2 -XX:ConcGCThreads=2 -Djdk.net.URLClassPath.disableClassPathURLCheck=true -XX:CICompilerCount=2 -XX:ParallelGCThreads=2 -XX:ConcGCThreads=2 -Djdk.net.URLClassPath.disableClassPathURLCheck=true 
Picked up _JAVA_OPTIONS: -Djdk.net.URLClassPath.disableClassPathURLCheck=true
Running org.apache.accumulo.core.iterators.user.VisibilityFilterTest
Tests run: 9, Failures: 0, Errors: 0, Skipped: 0, Time elapsed: 0.47 sec - in org.apache.accumulo.core.iterators.user.VisibilityFilterTest
Picked up JAVA_TOOL_OPTIONS: -XX:CICompilerCount=2 -XX:ParallelGCThreads=2 -XX:ConcGCThreads=2 -Djdk.net.URLClassPath.disableClassPathURLCheck=true -XX:CICompilerCount=2 -XX:ParallelGCThreads=2 -XX:ConcGCThreads=2 -Djdk.net.URLClassPath.disableClassPathURLCheck=true 
Picked up _JAVA_OPTIONS: -Djdk.net.URLClassPath.disableClassPathURLCheck=true
Running org.apache.accumulo.core.iterators.user.TransformingIteratorTest
Tests run: 16, Failures: 0, Errors: 0, Skipped: 0, Time elapsed: 0.999 sec - in org.apache.accumulo.core.iterators.user.TransformingIteratorTest
Picked up JAVA_TOOL_OPTIONS: -XX:CICompilerCount=2 -XX:ParallelGCThreads=2 -XX:ConcGCThreads=2 -Djdk.net.URLClassPath.disableClassPathURLCheck=true -XX:CICompilerCount=2 -XX:ParallelGCThreads=2 -XX:ConcGCThreads=2 -Djdk.net.URLClassPath.disableClassPathURLCheck=true 
Picked up _JAVA_OPTIONS: -Djdk.net.URLClassPath.disableClassPathURLCheck=true
Running org.apache.accumulo.core.iterators.user.RowFilterTest
Tests run: 1, Failures: 0, Errors: 0, Skipped: 0, Time elapsed: 0.904 sec - in org.apache.accumulo.core.iterators.user.RowFilterTest
Picked up JAVA_TOOL_OPTIONS: -XX:CICompilerCount=2 -XX:ParallelGCThreads=2 -XX:ConcGCThreads=2 -Djdk.net.URLClassPath.disableClassPathURLCheck=true -XX:CICompilerCount=2 -XX:ParallelGCThreads=2 -XX:ConcGCThreads=2 -Djdk.net.URLClassPath.disableClassPathURLCheck=true 
Picked up _JAVA_OPTIONS: -Djdk.net.URLClassPath.disableClassPathURLCheck=true
Running org.apache.accumulo.core.iterators.user.LargeRowFilterTest
Tests run: 5, Failures: 0, Errors: 0, Skipped: 0, Time elapsed: 0.334 sec - in org.apache.accumulo.core.iterators.user.LargeRowFilterTest
Picked up JAVA_TOOL_OPTIONS: -XX:CICompilerCount=2 -XX:ParallelGCThreads=2 -XX:ConcGCThreads=2 -Djdk.net.URLClassPath.disableClassPathURLCheck=true -XX:CICompilerCount=2 -XX:ParallelGCThreads=2 -XX:ConcGCThreads=2 -Djdk.net.URLClassPath.disableClassPathURLCheck=true 
Picked up _JAVA_OPTIONS: -Djdk.net.URLClassPath.disableClassPathURLCheck=true
Running org.apache.accumulo.core.iterators.user.ColumnSliceFilterTest
Tests run: 11, Failures: 0, Errors: 0, Skipped: 0, Time elapsed: 0.336 sec - in org.apache.accumulo.core.iterators.user.ColumnSliceFilterTest
Picked up JAVA_TOOL_OPTIONS: -XX:CICompilerCount=2 -XX:ParallelGCThreads=2 -XX:ConcGCThreads=2 -Djdk.net.URLClassPath.disableClassPathURLCheck=true -XX:CICompilerCount=2 -XX:ParallelGCThreads=2 -XX:ConcGCThreads=2 -Djdk.net.URLClassPath.disableClassPathURLCheck=true 
Picked up _JAVA_OPTIONS: -Djdk.net.URLClassPath.disableClassPathURLCheck=true
Running org.apache.accumulo.core.iterators.user.CombinerTest
Tests run: 14, Failures: 0, Errors: 0, Skipped: 0, Time elapsed: 0.46 sec - in org.apache.accumulo.core.iterators.user.CombinerTest
Picked up JAVA_TOOL_OPTIONS: -XX:CICompilerCount=2 -XX:ParallelGCThreads=2 -XX:ConcGCThreads=2 -Djdk.net.URLClassPath.disableClassPathURLCheck=true -XX:CICompilerCount=2 -XX:ParallelGCThreads=2 -XX:ConcGCThreads=2 -Djdk.net.URLClassPath.disableClassPathURLCheck=true 
Picked up _JAVA_OPTIONS: -Djdk.net.URLClassPath.disableClassPathURLCheck=true
Running org.apache.accumulo.core.iterators.user.RegExFilterTest
Tests run: 2, Failures: 0, Errors: 0, Skipped: 0, Time elapsed: 0.732 sec - in org.apache.accumulo.core.iterators.user.RegExFilterTest
Picked up JAVA_TOOL_OPTIONS: -XX:CICompilerCount=2 -XX:ParallelGCThreads=2 -XX:ConcGCThreads=2 -Djdk.net.URLClassPath.disableClassPathURLCheck=true -XX:CICompilerCount=2 -XX:ParallelGCThreads=2 -XX:ConcGCThreads=2 -Djdk.net.URLClassPath.disableClassPathURLCheck=true 
Picked up _JAVA_OPTIONS: -Djdk.net.URLClassPath.disableClassPathURLCheck=true
Running org.apache.accumulo.core.iterators.system.TimeSettingIteratorTest
Tests run: 1, Failures: 0, Errors: 0, Skipped: 0, Time elapsed: 0.143 sec - in org.apache.accumulo.core.iterators.system.TimeSettingIteratorTest
Picked up JAVA_TOOL_OPTIONS: -XX:CICompilerCount=2 -XX:ParallelGCThreads=2 -XX:ConcGCThreads=2 -Djdk.net.URLClassPath.disableClassPathURLCheck=true -XX:CICompilerCount=2 -XX:ParallelGCThreads=2 -XX:ConcGCThreads=2 -Djdk.net.URLClassPath.disableClassPathURLCheck=true 
Picked up _JAVA_OPTIONS: -Djdk.net.URLClassPath.disableClassPathURLCheck=true
Running org.apache.accumulo.core.iterators.system.VisibilityFilterTest
Tests run: 1, Failures: 0, Errors: 0, Skipped: 0, Time elapsed: 0.163 sec - in org.apache.accumulo.core.iterators.system.VisibilityFilterTest
Picked up JAVA_TOOL_OPTIONS: -XX:CICompilerCount=2 -XX:ParallelGCThreads=2 -XX:ConcGCThreads=2 -Djdk.net.URLClassPath.disableClassPathURLCheck=true -XX:CICompilerCount=2 -XX:ParallelGCThreads=2 -XX:ConcGCThreads=2 -Djdk.net.URLClassPath.disableClassPathURLCheck=true 
Picked up _JAVA_OPTIONS: -Djdk.net.URLClassPath.disableClassPathURLCheck=true
Running org.apache.accumulo.core.iterators.system.ColumnFamilySkippingIteratorTest
Tests run: 3, Failures: 0, Errors: 0, Skipped: 0, Time elapsed: 1.149 sec - in org.apache.accumulo.core.iterators.system.ColumnFamilySkippingIteratorTest
Picked up JAVA_TOOL_OPTIONS: -XX:CICompilerCount=2 -XX:ParallelGCThreads=2 -XX:ConcGCThreads=2 -Djdk.net.URLClassPath.disableClassPathURLCheck=true -XX:CICompilerCount=2 -XX:ParallelGCThreads=2 -XX:ConcGCThreads=2 -Djdk.net.URLClassPath.disableClassPathURLCheck=true 
Picked up _JAVA_OPTIONS: -Djdk.net.URLClassPath.disableClassPathURLCheck=true
Running org.apache.accumulo.core.iterators.system.MultiIteratorTest
Tests run: 7, Failures: 0, Errors: 0, Skipped: 0, Time elapsed: 0.389 sec - in org.apache.accumulo.core.iterators.system.MultiIteratorTest
Picked up JAVA_TOOL_OPTIONS: -XX:CICompilerCount=2 -XX:ParallelGCThreads=2 -XX:ConcGCThreads=2 -Djdk.net.URLClassPath.disableClassPathURLCheck=true -XX:CICompilerCount=2 -XX:ParallelGCThreads=2 -XX:ConcGCThreads=2 -Djdk.net.URLClassPath.disableClassPathURLCheck=true 
Picked up _JAVA_OPTIONS: -Djdk.net.URLClassPath.disableClassPathURLCheck=true
Running org.apache.accumulo.core.iterators.system.ColumnFilterTest
Tests run: 3, Failures: 0, Errors: 0, Skipped: 0, Time elapsed: 0.072 sec - in org.apache.accumulo.core.iterators.system.ColumnFilterTest
Picked up JAVA_TOOL_OPTIONS: -XX:CICompilerCount=2 -XX:ParallelGCThreads=2 -XX:ConcGCThreads=2 -Djdk.net.URLClassPath.disableClassPathURLCheck=true -XX:CICompilerCount=2 -XX:ParallelGCThreads=2 -XX:ConcGCThreads=2 -Djdk.net.URLClassPath.disableClassPathURLCheck=true 
Picked up _JAVA_OPTIONS: -Djdk.net.URLClassPath.disableClassPathURLCheck=true
Running org.apache.accumulo.core.iterators.system.SourceSwitchingIteratorTest
Tests run: 5, Failures: 0, Errors: 0, Skipped: 0, Time elapsed: 0.085 sec - in org.apache.accumulo.core.iterators.system.SourceSwitchingIteratorTest
Picked up JAVA_TOOL_OPTIONS: -XX:CICompilerCount=2 -XX:ParallelGCThreads=2 -XX:ConcGCThreads=2 -Djdk.net.URLClassPath.disableClassPathURLCheck=true -XX:CICompilerCount=2 -XX:ParallelGCThreads=2 -XX:ConcGCThreads=2 -Djdk.net.URLClassPath.disableClassPathURLCheck=true 
Picked up _JAVA_OPTIONS: -Djdk.net.URLClassPath.disableClassPathURLCheck=true
Running org.apache.accumulo.core.iterators.system.DeletingIteratorTest
Tests run: 4, Failures: 0, Errors: 0, Skipped: 0, Time elapsed: 0.139 sec - in org.apache.accumulo.core.iterators.system.DeletingIteratorTest
Picked up JAVA_TOOL_OPTIONS: -XX:CICompilerCount=2 -XX:ParallelGCThreads=2 -XX:ConcGCThreads=2 -Djdk.net.URLClassPath.disableClassPathURLCheck=true -XX:CICompilerCount=2 -XX:ParallelGCThreads=2 -XX:ConcGCThreads=2 -Djdk.net.URLClassPath.disableClassPathURLCheck=true 
Picked up _JAVA_OPTIONS: -Djdk.net.URLClassPath.disableClassPathURLCheck=true
Running org.apache.accumulo.core.iterators.aggregation.conf.AggregatorConfigurationTest
Tests run: 2, Failures: 0, Errors: 0, Skipped: 0, Time elapsed: 0.133 sec - in org.apache.accumulo.core.iterators.aggregation.conf.AggregatorConfigurationTest
Picked up JAVA_TOOL_OPTIONS: -XX:CICompilerCount=2 -XX:ParallelGCThreads=2 -XX:ConcGCThreads=2 -Djdk.net.URLClassPath.disableClassPathURLCheck=true -XX:CICompilerCount=2 -XX:ParallelGCThreads=2 -XX:ConcGCThreads=2 -Djdk.net.URLClassPath.disableClassPathURLCheck=true 
Picked up _JAVA_OPTIONS: -Djdk.net.URLClassPath.disableClassPathURLCheck=true
Running org.apache.accumulo.core.iterators.aggregation.NumSummationTest
Tests run: 5, Failures: 0, Errors: 0, Skipped: 0, Time elapsed: 0.063 sec - in org.apache.accumulo.core.iterators.aggregation.NumSummationTest
Picked up JAVA_TOOL_OPTIONS: -XX:CICompilerCount=2 -XX:ParallelGCThreads=2 -XX:ConcGCThreads=2 -Djdk.net.URLClassPath.disableClassPathURLCheck=true -XX:CICompilerCount=2 -XX:ParallelGCThreads=2 -XX:ConcGCThreads=2 -Djdk.net.URLClassPath.disableClassPathURLCheck=true 
Picked up _JAVA_OPTIONS: -Djdk.net.URLClassPath.disableClassPathURLCheck=true
Running org.apache.accumulo.core.iterators.FirstEntryInRowIteratorTest
Tests run: 1, Failures: 0, Errors: 0, Skipped: 0, Time elapsed: 0.106 sec - in org.apache.accumulo.core.iterators.FirstEntryInRowIteratorTest
Picked up JAVA_TOOL_OPTIONS: -XX:CICompilerCount=2 -XX:ParallelGCThreads=2 -XX:ConcGCThreads=2 -Djdk.net.URLClassPath.disableClassPathURLCheck=true -XX:CICompilerCount=2 -XX:ParallelGCThreads=2 -XX:ConcGCThreads=2 -Djdk.net.URLClassPath.disableClassPathURLCheck=true 
Picked up _JAVA_OPTIONS: -Djdk.net.URLClassPath.disableClassPathURLCheck=true
Running org.apache.accumulo.core.iterators.AggregatingIteratorTest
Tests run: 7, Failures: 0, Errors: 0, Skipped: 0, Time elapsed: 0.411 sec - in org.apache.accumulo.core.iterators.AggregatingIteratorTest
Picked up JAVA_TOOL_OPTIONS: -XX:CICompilerCount=2 -XX:ParallelGCThreads=2 -XX:ConcGCThreads=2 -Djdk.net.URLClassPath.disableClassPathURLCheck=true -XX:CICompilerCount=2 -XX:ParallelGCThreads=2 -XX:ConcGCThreads=2 -Djdk.net.URLClassPath.disableClassPathURLCheck=true 
Picked up _JAVA_OPTIONS: -Djdk.net.URLClassPath.disableClassPathURLCheck=true
Running org.apache.accumulo.core.iterators.IterUtilTest
Tests run: 5, Failures: 0, Errors: 0, Skipped: 0, Time elapsed: 0.413 sec - in org.apache.accumulo.core.iterators.IterUtilTest
Picked up JAVA_TOOL_OPTIONS: -XX:CICompilerCount=2 -XX:ParallelGCThreads=2 -XX:ConcGCThreads=2 -Djdk.net.URLClassPath.disableClassPathURLCheck=true -XX:CICompilerCount=2 -XX:ParallelGCThreads=2 -XX:ConcGCThreads=2 -Djdk.net.URLClassPath.disableClassPathURLCheck=true 
Picked up _JAVA_OPTIONS: -Djdk.net.URLClassPath.disableClassPathURLCheck=true
Running org.apache.accumulo.core.iterators.FirstEntryInRowTest
Tests run: 2, Failures: 0, Errors: 0, Skipped: 0, Time elapsed: 0.239 sec - in org.apache.accumulo.core.iterators.FirstEntryInRowTest
Picked up JAVA_TOOL_OPTIONS: -XX:CICompilerCount=2 -XX:ParallelGCThreads=2 -XX:ConcGCThreads=2 -Djdk.net.URLClassPath.disableClassPathURLCheck=true -XX:CICompilerCount=2 -XX:ParallelGCThreads=2 -XX:ConcGCThreads=2 -Djdk.net.URLClassPath.disableClassPathURLCheck=true 
Picked up _JAVA_OPTIONS: -Djdk.net.URLClassPath.disableClassPathURLCheck=true
Running org.apache.accumulo.core.util.format.StatisticsDisplayFormatterTest
Tests run: 2, Failures: 0, Errors: 0, Skipped: 0, Time elapsed: 0.093 sec - in org.apache.accumulo.core.util.format.StatisticsDisplayFormatterTest
Picked up JAVA_TOOL_OPTIONS: -XX:CICompilerCount=2 -XX:ParallelGCThreads=2 -XX:ConcGCThreads=2 -Djdk.net.URLClassPath.disableClassPathURLCheck=true -XX:CICompilerCount=2 -XX:ParallelGCThreads=2 -XX:ConcGCThreads=2 -Djdk.net.URLClassPath.disableClassPathURLCheck=true 
Picked up _JAVA_OPTIONS: -Djdk.net.URLClassPath.disableClassPathURLCheck=true
Running org.apache.accumulo.core.util.format.DateStringFormatterTest
Tests run: 2, Failures: 0, Errors: 0, Skipped: 0, Time elapsed: 0.125 sec - in org.apache.accumulo.core.util.format.DateStringFormatterTest
Picked up JAVA_TOOL_OPTIONS: -XX:CICompilerCount=2 -XX:ParallelGCThreads=2 -XX:ConcGCThreads=2 -Djdk.net.URLClassPath.disableClassPathURLCheck=true -XX:CICompilerCount=2 -XX:ParallelGCThreads=2 -XX:ConcGCThreads=2 -Djdk.net.URLClassPath.disableClassPathURLCheck=true 
Picked up _JAVA_OPTIONS: -Djdk.net.URLClassPath.disableClassPathURLCheck=true
Running org.apache.accumulo.core.util.format.DeleterFormatterTest
Tests run: 6, Failures: 0, Errors: 0, Skipped: 0, Time elapsed: 0.445 sec - in org.apache.accumulo.core.util.format.DeleterFormatterTest
Picked up JAVA_TOOL_OPTIONS: -XX:CICompilerCount=2 -XX:ParallelGCThreads=2 -XX:ConcGCThreads=2 -Djdk.net.URLClassPath.disableClassPathURLCheck=true -XX:CICompilerCount=2 -XX:ParallelGCThreads=2 -XX:ConcGCThreads=2 -Djdk.net.URLClassPath.disableClassPathURLCheck=true 
Picked up _JAVA_OPTIONS: -Djdk.net.URLClassPath.disableClassPathURLCheck=true
Running org.apache.accumulo.core.util.format.FormatterFactoryTest
Tests run: 1, Failures: 0, Errors: 0, Skipped: 0, Time elapsed: 0.148 sec - in org.apache.accumulo.core.util.format.FormatterFactoryTest
Picked up JAVA_TOOL_OPTIONS: -XX:CICompilerCount=2 -XX:ParallelGCThreads=2 -XX:ConcGCThreads=2 -Djdk.net.URLClassPath.disableClassPathURLCheck=true -XX:CICompilerCount=2 -XX:ParallelGCThreads=2 -XX:ConcGCThreads=2 -Djdk.net.URLClassPath.disableClassPathURLCheck=true 
Picked up _JAVA_OPTIONS: -Djdk.net.URLClassPath.disableClassPathURLCheck=true
Running org.apache.accumulo.core.util.format.HexFormatterTest
Tests run: 6, Failures: 0, Errors: 0, Skipped: 0, Time elapsed: 0.1 sec - in org.apache.accumulo.core.util.format.HexFormatterTest
Picked up JAVA_TOOL_OPTIONS: -XX:CICompilerCount=2 -XX:ParallelGCThreads=2 -XX:ConcGCThreads=2 -Djdk.net.URLClassPath.disableClassPathURLCheck=true -XX:CICompilerCount=2 -XX:ParallelGCThreads=2 -XX:ConcGCThreads=2 -Djdk.net.URLClassPath.disableClassPathURLCheck=true 
Picked up _JAVA_OPTIONS: -Djdk.net.URLClassPath.disableClassPathURLCheck=true
Running org.apache.accumulo.core.util.format.DefaultFormatterTest
Tests run: 3, Failures: 0, Errors: 0, Skipped: 0, Time elapsed: 0.086 sec - in org.apache.accumulo.core.util.format.DefaultFormatterTest
Picked up JAVA_TOOL_OPTIONS: -XX:CICompilerCount=2 -XX:ParallelGCThreads=2 -XX:ConcGCThreads=2 -Djdk.net.URLClassPath.disableClassPathURLCheck=true -XX:CICompilerCount=2 -XX:ParallelGCThreads=2 -XX:ConcGCThreads=2 -Djdk.net.URLClassPath.disableClassPathURLCheck=true 
Picked up _JAVA_OPTIONS: -Djdk.net.URLClassPath.disableClassPathURLCheck=true
Running org.apache.accumulo.core.util.format.ShardedTableDistributionFormatterTest
Tests run: 2, Failures: 1, Errors: 0, Skipped: 0, Time elapsed: 0.117 sec <<< FAILURE! - in org.apache.accumulo.core.util.format.ShardedTableDistributionFormatterTest
testAggregate(org.apache.accumulo.core.util.format.ShardedTableDistributionFormatterTest)  Time elapsed: 0.012 sec  <<< FAILURE!
java.lang.AssertionError: null
	at org.junit.Assert.fail(Assert.java:86)
	at org.junit.Assert.assertTrue(Assert.java:41)
	at org.junit.Assert.assertTrue(Assert.java:52)
	at org.apache.accumulo.core.util.format.ShardedTableDistributionFormatterTest.testAggregate(ShardedTableDistributionFormatterTest.java:62)

Picked up JAVA_TOOL_OPTIONS: -XX:CICompilerCount=2 -XX:ParallelGCThreads=2 -XX:ConcGCThreads=2 -Djdk.net.URLClassPath.disableClassPathURLCheck=true -XX:CICompilerCount=2 -XX:ParallelGCThreads=2 -XX:ConcGCThreads=2 -Djdk.net.URLClassPath.disableClassPathURLCheck=true 
Picked up _JAVA_OPTIONS: -Djdk.net.URLClassPath.disableClassPathURLCheck=true
Running org.apache.accumulo.core.util.shell.ShellTest
Tests run: 12, Failures: 0, Errors: 0, Skipped: 0, Time elapsed: 1.42 sec - in org.apache.accumulo.core.util.shell.ShellTest
Picked up JAVA_TOOL_OPTIONS: -XX:CICompilerCount=2 -XX:ParallelGCThreads=2 -XX:ConcGCThreads=2 -Djdk.net.URLClassPath.disableClassPathURLCheck=true -XX:CICompilerCount=2 -XX:ParallelGCThreads=2 -XX:ConcGCThreads=2 -Djdk.net.URLClassPath.disableClassPathURLCheck=true 
Picked up _JAVA_OPTIONS: -Djdk.net.URLClassPath.disableClassPathURLCheck=true
Running org.apache.accumulo.core.util.shell.ShellConfigTest
Tests run: 5, Failures: 0, Errors: 0, Skipped: 0, Time elapsed: 1.054 sec - in org.apache.accumulo.core.util.shell.ShellConfigTest
Picked up JAVA_TOOL_OPTIONS: -XX:CICompilerCount=2 -XX:ParallelGCThreads=2 -XX:ConcGCThreads=2 -Djdk.net.URLClassPath.disableClassPathURLCheck=true -XX:CICompilerCount=2 -XX:ParallelGCThreads=2 -XX:ConcGCThreads=2 -Djdk.net.URLClassPath.disableClassPathURLCheck=true 
Picked up _JAVA_OPTIONS: -Djdk.net.URLClassPath.disableClassPathURLCheck=true
Running org.apache.accumulo.core.util.shell.ShellSetInstanceTest
Tests run: 7, Failures: 0, Errors: 0, Skipped: 0, Time elapsed: 2.753 sec - in org.apache.accumulo.core.util.shell.ShellSetInstanceTest
Picked up JAVA_TOOL_OPTIONS: -XX:CICompilerCount=2 -XX:ParallelGCThreads=2 -XX:ConcGCThreads=2 -Djdk.net.URLClassPath.disableClassPathURLCheck=true -XX:CICompilerCount=2 -XX:ParallelGCThreads=2 -XX:ConcGCThreads=2 -Djdk.net.URLClassPath.disableClassPathURLCheck=true 
Picked up _JAVA_OPTIONS: -Djdk.net.URLClassPath.disableClassPathURLCheck=true
Running org.apache.accumulo.core.util.shell.command.FormatterCommandTest
Tests run: 1, Failures: 0, Errors: 0, Skipped: 0, Time elapsed: 1.306 sec - in org.apache.accumulo.core.util.shell.command.FormatterCommandTest
Picked up JAVA_TOOL_OPTIONS: -XX:CICompilerCount=2 -XX:ParallelGCThreads=2 -XX:ConcGCThreads=2 -Djdk.net.URLClassPath.disableClassPathURLCheck=true -XX:CICompilerCount=2 -XX:ParallelGCThreads=2 -XX:ConcGCThreads=2 -Djdk.net.URLClassPath.disableClassPathURLCheck=true 
Picked up _JAVA_OPTIONS: -Djdk.net.URLClassPath.disableClassPathURLCheck=true
Running org.apache.accumulo.core.util.shell.PasswordConverterTest
Tests run: 5, Failures: 0, Errors: 0, Skipped: 0, Time elapsed: 0.145 sec - in org.apache.accumulo.core.util.shell.PasswordConverterTest
Picked up JAVA_TOOL_OPTIONS: -XX:CICompilerCount=2 -XX:ParallelGCThreads=2 -XX:ConcGCThreads=2 -Djdk.net.URLClassPath.disableClassPathURLCheck=true -XX:CICompilerCount=2 -XX:ParallelGCThreads=2 -XX:ConcGCThreads=2 -Djdk.net.URLClassPath.disableClassPathURLCheck=true 
Picked up _JAVA_OPTIONS: -Djdk.net.URLClassPath.disableClassPathURLCheck=true
Running org.apache.accumulo.core.util.StatTest
Tests run: 6, Failures: 0, Errors: 0, Skipped: 0, Time elapsed: 0.082 sec - in org.apache.accumulo.core.util.StatTest
Picked up JAVA_TOOL_OPTIONS: -XX:CICompilerCount=2 -XX:ParallelGCThreads=2 -XX:ConcGCThreads=2 -Djdk.net.URLClassPath.disableClassPathURLCheck=true -XX:CICompilerCount=2 -XX:ParallelGCThreads=2 -XX:ConcGCThreads=2 -Djdk.net.URLClassPath.disableClassPathURLCheck=true 
Picked up _JAVA_OPTIONS: -Djdk.net.URLClassPath.disableClassPathURLCheck=true
Running org.apache.accumulo.core.util.TestStringUtil
Tests run: 1, Failures: 0, Errors: 0, Skipped: 0, Time elapsed: 0.064 sec - in org.apache.accumulo.core.util.TestStringUtil
Picked up JAVA_TOOL_OPTIONS: -XX:CICompilerCount=2 -XX:ParallelGCThreads=2 -XX:ConcGCThreads=2 -Djdk.net.URLClassPath.disableClassPathURLCheck=true -XX:CICompilerCount=2 -XX:ParallelGCThreads=2 -XX:ConcGCThreads=2 -Djdk.net.URLClassPath.disableClassPathURLCheck=true 
Picked up _JAVA_OPTIONS: -Djdk.net.URLClassPath.disableClassPathURLCheck=true
Running org.apache.accumulo.core.util.LocalityGroupUtilTest
Tests run: 2, Failures: 0, Errors: 0, Skipped: 0, Time elapsed: 0.183 sec - in org.apache.accumulo.core.util.LocalityGroupUtilTest
Picked up JAVA_TOOL_OPTIONS: -XX:CICompilerCount=2 -XX:ParallelGCThreads=2 -XX:ConcGCThreads=2 -Djdk.net.URLClassPath.disableClassPathURLCheck=true -XX:CICompilerCount=2 -XX:ParallelGCThreads=2 -XX:ConcGCThreads=2 -Djdk.net.URLClassPath.disableClassPathURLCheck=true 
Picked up _JAVA_OPTIONS: -Djdk.net.URLClassPath.disableClassPathURLCheck=true
Running org.apache.accumulo.core.util.TextUtilTest
Tests run: 1, Failures: 0, Errors: 0, Skipped: 0, Time elapsed: 0.063 sec - in org.apache.accumulo.core.util.TextUtilTest
Picked up JAVA_TOOL_OPTIONS: -XX:CICompilerCount=2 -XX:ParallelGCThreads=2 -XX:ConcGCThreads=2 -Djdk.net.URLClassPath.disableClassPathURLCheck=true -XX:CICompilerCount=2 -XX:ParallelGCThreads=2 -XX:ConcGCThreads=2 -Djdk.net.URLClassPath.disableClassPathURLCheck=true 
Picked up _JAVA_OPTIONS: -Djdk.net.URLClassPath.disableClassPathURLCheck=true
Running org.apache.accumulo.core.util.TestVersion
Tests run: 1, Failures: 0, Errors: 0, Skipped: 0, Time elapsed: 0.05 sec - in org.apache.accumulo.core.util.TestVersion
Picked up JAVA_TOOL_OPTIONS: -XX:CICompilerCount=2 -XX:ParallelGCThreads=2 -XX:ConcGCThreads=2 -Djdk.net.URLClassPath.disableClassPathURLCheck=true -XX:CICompilerCount=2 -XX:ParallelGCThreads=2 -XX:ConcGCThreads=2 -Djdk.net.URLClassPath.disableClassPathURLCheck=true 
Picked up _JAVA_OPTIONS: -Djdk.net.URLClassPath.disableClassPathURLCheck=true
Running org.apache.accumulo.core.util.NumUtilTest
Tests run: 2, Failures: 0, Errors: 0, Skipped: 0, Time elapsed: 0.094 sec - in org.apache.accumulo.core.util.NumUtilTest
Picked up JAVA_TOOL_OPTIONS: -XX:CICompilerCount=2 -XX:ParallelGCThreads=2 -XX:ConcGCThreads=2 -Djdk.net.URLClassPath.disableClassPathURLCheck=true -XX:CICompilerCount=2 -XX:ParallelGCThreads=2 -XX:ConcGCThreads=2 -Djdk.net.URLClassPath.disableClassPathURLCheck=true 
Picked up _JAVA_OPTIONS: -Djdk.net.URLClassPath.disableClassPathURLCheck=true
Running org.apache.accumulo.core.util.MergeTest
Tests run: 1, Failures: 0, Errors: 0, Skipped: 0, Time elapsed: 0.154 sec - in org.apache.accumulo.core.util.MergeTest
Picked up JAVA_TOOL_OPTIONS: -XX:CICompilerCount=2 -XX:ParallelGCThreads=2 -XX:ConcGCThreads=2 -Djdk.net.URLClassPath.disableClassPathURLCheck=true -XX:CICompilerCount=2 -XX:ParallelGCThreads=2 -XX:ConcGCThreads=2 -Djdk.net.URLClassPath.disableClassPathURLCheck=true 
Picked up _JAVA_OPTIONS: -Djdk.net.URLClassPath.disableClassPathURLCheck=true
Running org.apache.accumulo.core.util.PartitionerTest
Tests run: 1, Failures: 0, Errors: 0, Skipped: 0, Time elapsed: 0.098 sec - in org.apache.accumulo.core.util.PartitionerTest
Picked up JAVA_TOOL_OPTIONS: -XX:CICompilerCount=2 -XX:ParallelGCThreads=2 -XX:ConcGCThreads=2 -Djdk.net.URLClassPath.disableClassPathURLCheck=true -XX:CICompilerCount=2 -XX:ParallelGCThreads=2 -XX:ConcGCThreads=2 -Djdk.net.URLClassPath.disableClassPathURLCheck=true 
Picked up _JAVA_OPTIONS: -Djdk.net.URLClassPath.disableClassPathURLCheck=true
Running org.apache.accumulo.core.volume.NonConfiguredVolumeTest
Tests run: 6, Failures: 0, Errors: 0, Skipped: 0, Time elapsed: 0.813 sec - in org.apache.accumulo.core.volume.NonConfiguredVolumeTest
Picked up JAVA_TOOL_OPTIONS: -XX:CICompilerCount=2 -XX:ParallelGCThreads=2 -XX:ConcGCThreads=2 -Djdk.net.URLClassPath.disableClassPathURLCheck=true -XX:CICompilerCount=2 -XX:ParallelGCThreads=2 -XX:ConcGCThreads=2 -Djdk.net.URLClassPath.disableClassPathURLCheck=true 
Picked up _JAVA_OPTIONS: -Djdk.net.URLClassPath.disableClassPathURLCheck=true
Running org.apache.accumulo.core.cli.TestHelp
Tests run: 1, Failures: 0, Errors: 0, Skipped: 0, Time elapsed: 0.104 sec - in org.apache.accumulo.core.cli.TestHelp
Picked up JAVA_TOOL_OPTIONS: -XX:CICompilerCount=2 -XX:ParallelGCThreads=2 -XX:ConcGCThreads=2 -Djdk.net.URLClassPath.disableClassPathURLCheck=true -XX:CICompilerCount=2 -XX:ParallelGCThreads=2 -XX:ConcGCThreads=2 -Djdk.net.URLClassPath.disableClassPathURLCheck=true 
Picked up _JAVA_OPTIONS: -Djdk.net.URLClassPath.disableClassPathURLCheck=true
Running org.apache.accumulo.core.cli.TestClientOpts
Tests run: 3, Failures: 0, Errors: 0, Skipped: 0, Time elapsed: 0.898 sec - in org.apache.accumulo.core.cli.TestClientOpts
Picked up JAVA_TOOL_OPTIONS: -XX:CICompilerCount=2 -XX:ParallelGCThreads=2 -XX:ConcGCThreads=2 -Djdk.net.URLClassPath.disableClassPathURLCheck=true -XX:CICompilerCount=2 -XX:ParallelGCThreads=2 -XX:ConcGCThreads=2 -Djdk.net.URLClassPath.disableClassPathURLCheck=true 
Picked up _JAVA_OPTIONS: -Djdk.net.URLClassPath.disableClassPathURLCheck=true
Running org.apache.accumulo.core.security.ColumnVisibilityTest
Tests run: 21, Failures: 0, Errors: 0, Skipped: 0, Time elapsed: 0.122 sec - in org.apache.accumulo.core.security.ColumnVisibilityTest
Picked up JAVA_TOOL_OPTIONS: -XX:CICompilerCount=2 -XX:ParallelGCThreads=2 -XX:ConcGCThreads=2 -Djdk.net.URLClassPath.disableClassPathURLCheck=true -XX:CICompilerCount=2 -XX:ParallelGCThreads=2 -XX:ConcGCThreads=2 -Djdk.net.URLClassPath.disableClassPathURLCheck=true 
Picked up _JAVA_OPTIONS: -Djdk.net.URLClassPath.disableClassPathURLCheck=true
Running org.apache.accumulo.core.security.VisibilityConstraintTest
Tests run: 6, Failures: 0, Errors: 0, Skipped: 1, Time elapsed: 0.141 sec - in org.apache.accumulo.core.security.VisibilityConstraintTest
Picked up JAVA_TOOL_OPTIONS: -XX:CICompilerCount=2 -XX:ParallelGCThreads=2 -XX:ConcGCThreads=2 -Djdk.net.URLClassPath.disableClassPathURLCheck=true -XX:CICompilerCount=2 -XX:ParallelGCThreads=2 -XX:ConcGCThreads=2 -Djdk.net.URLClassPath.disableClassPathURLCheck=true 
Picked up _JAVA_OPTIONS: -Djdk.net.URLClassPath.disableClassPathURLCheck=true
Running org.apache.accumulo.core.security.AuthenticationTokenTest
Tests run: 1, Failures: 0, Errors: 0, Skipped: 0, Time elapsed: 0.076 sec - in org.apache.accumulo.core.security.AuthenticationTokenTest
Picked up JAVA_TOOL_OPTIONS: -XX:CICompilerCount=2 -XX:ParallelGCThreads=2 -XX:ConcGCThreads=2 -Djdk.net.URLClassPath.disableClassPathURLCheck=true -XX:CICompilerCount=2 -XX:ParallelGCThreads=2 -XX:ConcGCThreads=2 -Djdk.net.URLClassPath.disableClassPathURLCheck=true 
Picked up _JAVA_OPTIONS: -Djdk.net.URLClassPath.disableClassPathURLCheck=true
Running org.apache.accumulo.core.security.crypto.BlockedIOStreamTest
Tests run: 4, Failures: 0, Errors: 1, Skipped: 0, Time elapsed: 0.903 sec <<< FAILURE! - in org.apache.accumulo.core.security.crypto.BlockedIOStreamTest
testGiantWrite(org.apache.accumulo.core.security.crypto.BlockedIOStreamTest)  Time elapsed: 0.824 sec  <<< ERROR!
java.lang.StackOverflowError: null
	at java.io.DataOutputStream.writeInt(DataOutputStream.java:197)
	at org.apache.accumulo.core.security.crypto.BlockedOutputStream.flush(BlockedOutputStream.java:51)
	at org.apache.accumulo.core.security.crypto.BlockedOutputStream.write(BlockedOutputStream.java:78)
	at org.apache.accumulo.core.security.crypto.BlockedOutputStream.write(BlockedOutputStream.java:81)
	at org.apache.accumulo.core.security.crypto.BlockedOutputStream.write(BlockedOutputStream.java:82)
	at org.apache.accumulo.core.security.crypto.BlockedOutputStream.write(BlockedOutputStream.java:82)
	at org.apache.accumulo.core.security.crypto.BlockedOutputStream.write(BlockedOutputStream.java:82)
	at org.apache.accumulo.core.security.crypto.BlockedOutputStream.write(BlockedOutputStream.java:82)
	at org.apache.accumulo.core.security.crypto.BlockedOutputStream.write(BlockedOutputStream.java:82)
	at org.apache.accumulo.core.security.crypto.BlockedOutputStream.write(BlockedOutputStream.java:82)
	at org.apache.accumulo.core.security.crypto.BlockedOutputStream.write(BlockedOutputStream.java:82)
	at org.apache.accumulo.core.security.crypto.BlockedOutputStream.write(BlockedOutputStream.java:82)
	at org.apache.accumulo.core.security.crypto.BlockedOutputStream.write(BlockedOutputStream.java:82)
	at org.apache.accumulo.core.security.crypto.BlockedOutputStream.write(BlockedOutputStream.java:82)
	at org.apache.accumulo.core.security.crypto.BlockedOutputStream.write(BlockedOutputStream.java:82)
	at org.apache.accumulo.core.security.crypto.BlockedOutputStream.write(BlockedOutputStream.java:82)
	at org.apache.accumulo.core.security.crypto.BlockedOutputStream.write(BlockedOutputStream.java:82)
	at org.apache.accumulo.core.security.crypto.BlockedOutputStream.write(BlockedOutputStream.java:82)
	at org.apache.accumulo.core.security.crypto.BlockedOutputStream.write(BlockedOutputStream.java:82)
	at org.apache.accumulo.core.security.crypto.BlockedOutputStream.write(BlockedOutputStream.java:82)
	at org.apache.accumulo.core.security.crypto.BlockedOutputStream.write(BlockedOutputStream.java:82)
	at org.apache.accumulo.core.security.crypto.BlockedOutputStream.write(BlockedOutputStream.java:82)
	at org.apache.accumulo.core.security.crypto.BlockedOutputStream.write(BlockedOutputStream.java:82)
	at org.apache.accumulo.core.security.crypto.BlockedOutputStream.write(BlockedOutputStream.java:82)
	at org.apache.accumulo.core.security.crypto.BlockedOutputStream.write(BlockedOutputStream.java:82)
	at org.apache.accumulo.core.security.crypto.BlockedOutputStream.write(BlockedOutputStream.java:82)
	at org.apache.accumulo.core.security.crypto.BlockedOutputStream.write(BlockedOutputStream.java:82)
	at org.apache.accumulo.core.security.crypto.BlockedOutputStream.write(BlockedOutputStream.java:82)
	at org.apache.accumulo.core.security.crypto.BlockedOutputStream.write(BlockedOutputStream.java:82)
	at org.apache.accumulo.core.security.crypto.BlockedOutputStream.write(BlockedOutputStream.java:82)
	at org.apache.accumulo.core.security.crypto.BlockedOutputStream.write(BlockedOutputStream.java:82)
	at org.apache.accumulo.core.security.crypto.BlockedOutputStream.write(BlockedOutputStream.java:82)
	at org.apache.accumulo.core.security.crypto.BlockedOutputStream.write(BlockedOutputStream.java:82)
	at org.apache.accumulo.core.security.crypto.BlockedOutputStream.write(BlockedOutputStream.java:82)
	at org.apache.accumulo.core.security.crypto.BlockedOutputStream.write(BlockedOutputStream.java:82)
	at org.apache.accumulo.core.security.crypto.BlockedOutputStream.write(BlockedOutputStream.java:82)
	at org.apache.accumulo.core.security.crypto.BlockedOutputStream.write(BlockedOutputStream.java:82)
	at org.apache.accumulo.core.security.crypto.BlockedOutputStream.write(BlockedOutputStream.java:82)
	at org.apache.accumulo.core.security.crypto.BlockedOutputStream.write(BlockedOutputStream.java:82)
	at org.apache.accumulo.core.security.crypto.BlockedOutputStream.write(BlockedOutputStream.java:82)
	at org.apache.accumulo.core.security.crypto.BlockedOutputStream.write(BlockedOutputStream.java:82)
	at org.apache.accumulo.core.security.crypto.BlockedOutputStream.write(BlockedOutputStream.java:82)
	at org.apache.accumulo.core.security.crypto.BlockedOutputStream.write(BlockedOutputStream.java:82)
	at org.apache.accumulo.core.security.crypto.BlockedOutputStream.write(BlockedOutputStream.java:82)
	at org.apache.accumulo.core.security.crypto.BlockedOutputStream.write(BlockedOutputStream.java:82)
	at org.apache.accumulo.core.security.crypto.BlockedOutputStream.write(BlockedOutputStream.java:82)
	at org.apache.accumulo.core.security.crypto.BlockedOutputStream.write(BlockedOutputStream.java:82)
	at org.apache.accumulo.core.security.crypto.BlockedOutputStream.write(BlockedOutputStream.java:82)
	at org.apache.accumulo.core.security.crypto.BlockedOutputStream.write(BlockedOutputStream.java:82)
	at org.apache.accumulo.core.security.crypto.BlockedOutputStream.write(BlockedOutputStream.java:82)
	at org.apache.accumulo.core.security.crypto.BlockedOutputStream.write(BlockedOutputStream.java:82)
	at org.apache.accumulo.core.security.crypto.BlockedOutputStream.write(BlockedOutputStream.java:82)
	at org.apache.accumulo.core.security.crypto.BlockedOutputStream.write(BlockedOutputStream.java:82)
	at org.apache.accumulo.core.security.crypto.BlockedOutputStream.write(BlockedOutputStream.java:82)
	at org.apache.accumulo.core.security.crypto.BlockedOutputStream.write(BlockedOutputStream.java:82)
	at org.apache.accumulo.core.security.crypto.BlockedOutputStream.write(BlockedOutputStream.java:82)
	at org.apache.accumulo.core.security.crypto.BlockedOutputStream.write(BlockedOutputStream.java:82)
	at org.apache.accumulo.core.security.crypto.BlockedOutputStream.write(BlockedOutputStream.java:82)
	at org.apache.accumulo.core.security.crypto.BlockedOutputStream.write(BlockedOutputStream.java:82)
	at org.apache.accumulo.core.security.crypto.BlockedOutputStream.write(BlockedOutputStream.java:82)
	at org.apache.accumulo.core.security.crypto.BlockedOutputStream.write(BlockedOutputStream.java:82)
	at org.apache.accumulo.core.security.crypto.BlockedOutputStream.write(BlockedOutputStream.java:82)
	at org.apache.accumulo.core.security.crypto.BlockedOutputStream.write(BlockedOutputStream.java:82)
	at org.apache.accumulo.core.security.crypto.BlockedOutputStream.write(BlockedOutputStream.java:82)
	at org.apache.accumulo.core.security.crypto.BlockedOutputStream.write(BlockedOutputStream.java:82)
	at org.apache.accumulo.core.security.crypto.BlockedOutputStream.write(BlockedOutputStream.java:82)
	at org.apache.accumulo.core.security.crypto.BlockedOutputStream.write(BlockedOutputStream.java:82)
	at org.apache.accumulo.core.security.crypto.BlockedOutputStream.write(BlockedOutputStream.java:82)
	at org.apache.accumulo.core.security.crypto.BlockedOutputStream.write(BlockedOutputStream.java:82)
	at org.apache.accumulo.core.security.crypto.BlockedOutputStream.write(BlockedOutputStream.java:82)
	at org.apache.accumulo.core.security.crypto.BlockedOutputStream.write(BlockedOutputStream.java:82)
	at org.apache.accumulo.core.security.crypto.BlockedOutputStream.write(BlockedOutputStream.java:82)
	at org.apache.accumulo.core.security.crypto.BlockedOutputStream.write(BlockedOutputStream.java:82)
	at org.apache.accumulo.core.security.crypto.BlockedOutputStream.write(BlockedOutputStream.java:82)
	at org.apache.accumulo.core.security.crypto.BlockedOutputStream.write(BlockedOutputStream.java:82)
	at org.apache.accumulo.core.security.crypto.BlockedOutputStream.write(BlockedOutputStream.java:82)
	at org.apache.accumulo.core.security.crypto.BlockedOutputStream.write(BlockedOutputStream.java:82)
	at org.apache.accumulo.core.security.crypto.BlockedOutputStream.write(BlockedOutputStream.java:82)
	at org.apache.accumulo.core.security.crypto.BlockedOutputStream.write(BlockedOutputStream.java:82)
	at org.apache.accumulo.core.security.crypto.BlockedOutputStream.write(BlockedOutputStream.java:82)
	at org.apache.accumulo.core.security.crypto.BlockedOutputStream.write(BlockedOutputStream.java:82)
	at org.apache.accumulo.core.security.crypto.BlockedOutputStream.write(BlockedOutputStream.java:82)
	at org.apache.accumulo.core.security.crypto.BlockedOutputStream.write(BlockedOutputStream.java:82)
	at org.apache.accumulo.core.security.crypto.BlockedOutputStream.write(BlockedOutputStream.java:82)
	at org.apache.accumulo.core.security.crypto.BlockedOutputStream.write(BlockedOutputStream.java:82)
	at org.apache.accumulo.core.security.crypto.BlockedOutputStream.write(BlockedOutputStream.java:82)
	at org.apache.accumulo.core.security.crypto.BlockedOutputStream.write(BlockedOutputStream.java:82)
	at org.apache.accumulo.core.security.crypto.BlockedOutputStream.write(BlockedOutputStream.java:82)
	at org.apache.accumulo.core.security.crypto.BlockedOutputStream.write(BlockedOutputStream.java:82)
	at org.apache.accumulo.core.security.crypto.BlockedOutputStream.write(BlockedOutputStream.java:82)
	at org.apache.accumulo.core.security.crypto.BlockedOutputStream.write(BlockedOutputStream.java:82)
	at org.apache.accumulo.core.security.crypto.BlockedOutputStream.write(BlockedOutputStream.java:82)
	at org.apache.accumulo.core.security.crypto.BlockedOutputStream.write(BlockedOutputStream.java:82)
	at org.apache.accumulo.core.security.crypto.BlockedOutputStream.write(BlockedOutputStream.java:82)
	at org.apache.accumulo.core.security.crypto.BlockedOutputStream.write(BlockedOutputStream.java:82)
	at org.apache.accumulo.core.security.crypto.BlockedOutputStream.write(BlockedOutputStream.java:82)
	at org.apache.accumulo.core.security.crypto.BlockedOutputStream.write(BlockedOutputStream.java:82)
	at org.apache.accumulo.core.security.crypto.BlockedOutputStream.write(BlockedOutputStream.java:82)
	at org.apache.accumulo.core.security.crypto.BlockedOutputStream.write(BlockedOutputStream.java:82)
	at org.apache.accumulo.core.security.crypto.BlockedOutputStream.write(BlockedOutputStream.java:82)
	at org.apache.accumulo.core.security.crypto.BlockedOutputStream.write(BlockedOutputStream.java:82)
	at org.apache.accumulo.core.security.crypto.BlockedOutputStream.write(BlockedOutputStream.java:82)
	at org.apache.accumulo.core.security.crypto.BlockedOutputStream.write(BlockedOutputStream.java:82)
	at org.apache.accumulo.core.security.crypto.BlockedOutputStream.write(BlockedOutputStream.java:82)
	at org.apache.accumulo.core.security.crypto.BlockedOutputStream.write(BlockedOutputStream.java:82)
	at org.apache.accumulo.core.security.crypto.BlockedOutputStream.write(BlockedOutputStream.java:82)
	at org.apache.accumulo.core.security.crypto.BlockedOutputStream.write(BlockedOutputStream.java:82)
	at org.apache.accumulo.core.security.crypto.BlockedOutputStream.write(BlockedOutputStream.java:82)
	at org.apache.accumulo.core.security.crypto.BlockedOutputStream.write(BlockedOutputStream.java:82)
	at org.apache.accumulo.core.security.crypto.BlockedOutputStream.write(BlockedOutputStream.java:82)
	at org.apache.accumulo.core.security.crypto.BlockedOutputStream.write(BlockedOutputStream.java:82)
	at org.apache.accumulo.core.security.crypto.BlockedOutputStream.write(BlockedOutputStream.java:82)
	at org.apache.accumulo.core.security.crypto.BlockedOutputStream.write(BlockedOutputStream.java:82)
	at org.apache.accumulo.core.security.crypto.BlockedOutputStream.write(BlockedOutputStream.java:82)
	at org.apache.accumulo.core.security.crypto.BlockedOutputStream.write(BlockedOutputStream.java:82)
	at org.apache.accumulo.core.security.crypto.BlockedOutputStream.write(BlockedOutputStream.java:82)
	at org.apache.accumulo.core.security.crypto.BlockedOutputStream.write(BlockedOutputStream.java:82)
	at org.apache.accumulo.core.security.crypto.BlockedOutputStream.write(BlockedOutputStream.java:82)
	at org.apache.accumulo.core.security.crypto.BlockedOutputStream.write(BlockedOutputStream.java:82)
	at org.apache.accumulo.core.security.crypto.BlockedOutputStream.write(BlockedOutputStream.java:82)
	at org.apache.accumulo.core.security.crypto.BlockedOutputStream.write(BlockedOutputStream.java:82)
	at org.apache.accumulo.core.security.crypto.BlockedOutputStream.write(BlockedOutputStream.java:82)
	at org.apache.accumulo.core.security.crypto.BlockedOutputStream.write(BlockedOutputStream.java:82)
	at org.apache.accumulo.core.security.crypto.BlockedOutputStream.write(BlockedOutputStream.java:82)
	at org.apache.accumulo.core.security.crypto.BlockedOutputStream.write(BlockedOutputStream.java:82)
	at org.apache.accumulo.core.security.crypto.BlockedOutputStream.write(BlockedOutputStream.java:82)
	at org.apache.accumulo.core.security.crypto.BlockedOutputStream.write(BlockedOutputStream.java:82)
	at org.apache.accumulo.core.security.crypto.BlockedOutputStream.write(BlockedOutputStream.java:82)
	at org.apache.accumulo.core.security.crypto.BlockedOutputStream.write(BlockedOutputStream.java:82)
	at org.apache.accumulo.core.security.crypto.BlockedOutputStream.write(BlockedOutputStream.java:82)
	at org.apache.accumulo.core.security.crypto.BlockedOutputStream.write(BlockedOutputStream.java:82)
	at org.apache.accumulo.core.security.crypto.BlockedOutputStream.write(BlockedOutputStream.java:82)
	at org.apache.accumulo.core.security.crypto.BlockedOutputStream.write(BlockedOutputStream.java:82)
	at org.apache.accumulo.core.security.crypto.BlockedOutputStream.write(BlockedOutputStream.java:82)
	at org.apache.accumulo.core.security.crypto.BlockedOutputStream.write(BlockedOutputStream.java:82)
	at org.apache.accumulo.core.security.crypto.BlockedOutputStream.write(BlockedOutputStream.java:82)
	at org.apache.accumulo.core.security.crypto.BlockedOutputStream.write(BlockedOutputStream.java:82)
	at org.apache.accumulo.core.security.crypto.BlockedOutputStream.write(BlockedOutputStream.java:82)
	at org.apache.accumulo.core.security.crypto.BlockedOutputStream.write(BlockedOutputStream.java:82)
	at org.apache.accumulo.core.security.crypto.BlockedOutputStream.write(BlockedOutputStream.java:82)
	at org.apache.accumulo.core.security.crypto.BlockedOutputStream.write(BlockedOutputStream.java:82)
	at org.apache.accumulo.core.security.crypto.BlockedOutputStream.write(BlockedOutputStream.java:82)
	at org.apache.accumulo.core.security.crypto.BlockedOutputStream.write(BlockedOutputStream.java:82)
	at org.apache.accumulo.core.security.crypto.BlockedOutputStream.write(BlockedOutputStream.java:82)
	at org.apache.accumulo.core.security.crypto.BlockedOutputStream.write(BlockedOutputStream.java:82)
	at org.apache.accumulo.core.security.crypto.BlockedOutputStream.write(BlockedOutputStream.java:82)
	at org.apache.accumulo.core.security.crypto.BlockedOutputStream.write(BlockedOutputStream.java:82)
	at org.apache.accumulo.core.security.crypto.BlockedOutputStream.write(BlockedOutputStream.java:82)
	at org.apache.accumulo.core.security.crypto.BlockedOutputStream.write(BlockedOutputStream.java:82)
	at org.apache.accumulo.core.security.crypto.BlockedOutputStream.write(BlockedOutputStream.java:82)
	at org.apache.accumulo.core.security.crypto.BlockedOutputStream.write(BlockedOutputStream.java:82)
	at org.apache.accumulo.core.security.crypto.BlockedOutputStream.write(BlockedOutputStream.java:82)
	at org.apache.accumulo.core.security.crypto.BlockedOutputStream.write(BlockedOutputStream.java:82)
	at org.apache.accumulo.core.security.crypto.BlockedOutputStream.write(BlockedOutputStream.java:82)
	at org.apache.accumulo.core.security.crypto.BlockedOutputStream.write(BlockedOutputStream.java:82)
	at org.apache.accumulo.core.security.crypto.BlockedOutputStream.write(BlockedOutputStream.java:82)
	at org.apache.accumulo.core.security.crypto.BlockedOutputStream.write(BlockedOutputStream.java:82)
	at org.apache.accumulo.core.security.crypto.BlockedOutputStream.write(BlockedOutputStream.java:82)
	at org.apache.accumulo.core.security.crypto.BlockedOutputStream.write(BlockedOutputStream.java:82)
	at org.apache.accumulo.core.security.crypto.BlockedOutputStream.write(BlockedOutputStream.java:82)
	at org.apache.accumulo.core.security.crypto.BlockedOutputStream.write(BlockedOutputStream.java:82)
	at org.apache.accumulo.core.security.crypto.BlockedOutputStream.write(BlockedOutputStream.java:82)
	at org.apache.accumulo.core.security.crypto.BlockedOutputStream.write(BlockedOutputStream.java:82)
	at org.apache.accumulo.core.security.crypto.BlockedOutputStream.write(BlockedOutputStream.java:82)
	at org.apache.accumulo.core.security.crypto.BlockedOutputStream.write(BlockedOutputStream.java:82)
	at org.apache.accumulo.core.security.crypto.BlockedOutputStream.write(BlockedOutputStream.java:82)
	at org.apache.accumulo.core.security.crypto.BlockedOutputStream.write(BlockedOutputStream.java:82)
	at org.apache.accumulo.core.security.crypto.BlockedOutputStream.write(BlockedOutputStream.java:82)
	at org.apache.accumulo.core.security.crypto.BlockedOutputStream.write(BlockedOutputStream.java:82)
	at org.apache.accumulo.core.security.crypto.BlockedOutputStream.write(BlockedOutputStream.java:82)
	at org.apache.accumulo.core.security.crypto.BlockedOutputStream.write(BlockedOutputStream.java:82)
	at org.apache.accumulo.core.security.crypto.BlockedOutputStream.write(BlockedOutputStream.java:82)
	at org.apache.accumulo.core.security.crypto.BlockedOutputStream.write(BlockedOutputStream.java:82)
	at org.apache.accumulo.core.security.crypto.BlockedOutputStream.write(BlockedOutputStream.java:82)
	at org.apache.accumulo.core.security.crypto.BlockedOutputStream.write(BlockedOutputStream.java:82)
	at org.apache.accumulo.core.security.crypto.BlockedOutputStream.write(BlockedOutputStream.java:82)
	at org.apache.accumulo.core.security.crypto.BlockedOutputStream.write(BlockedOutputStream.java:82)
	at org.apache.accumulo.core.security.crypto.BlockedOutputStream.write(BlockedOutputStream.java:82)
	at org.apache.accumulo.core.security.crypto.BlockedOutputStream.write(BlockedOutputStream.java:82)
	at org.apache.accumulo.core.security.crypto.BlockedOutputStream.write(BlockedOutputStream.java:82)
	at org.apache.accumulo.core.security.crypto.BlockedOutputStream.write(BlockedOutputStream.java:82)
	at org.apache.accumulo.core.security.crypto.BlockedOutputStream.write(BlockedOutputStream.java:82)
	at org.apache.accumulo.core.security.crypto.BlockedOutputStream.write(BlockedOutputStream.java:82)
	at org.apache.accumulo.core.security.crypto.BlockedOutputStream.write(BlockedOutputStream.java:82)
	at org.apache.accumulo.core.security.crypto.BlockedOutputStream.write(BlockedOutputStream.java:82)
	at org.apache.accumulo.core.security.crypto.BlockedOutputStream.write(BlockedOutputStream.java:82)
	at org.apache.accumulo.core.security.crypto.BlockedOutputStream.write(BlockedOutputStream.java:82)
	at org.apache.accumulo.core.security.crypto.BlockedOutputStream.write(BlockedOutputStream.java:82)
	at org.apache.accumulo.core.security.crypto.BlockedOutputStream.write(BlockedOutputStream.java:82)
	at org.apache.accumulo.core.security.crypto.BlockedOutputStream.write(BlockedOutputStream.java:82)
	at org.apache.accumulo.core.security.crypto.BlockedOutputStream.write(BlockedOutputStream.java:82)
	at org.apache.accumulo.core.security.crypto.BlockedOutputStream.write(BlockedOutputStream.java:82)
	at org.apache.accumulo.core.security.crypto.BlockedOutputStream.write(BlockedOutputStream.java:82)
	at org.apache.accumulo.core.security.crypto.BlockedOutputStream.write(BlockedOutputStream.java:82)
	at org.apache.accumulo.core.security.crypto.BlockedOutputStream.write(BlockedOutputStream.java:82)
	at org.apache.accumulo.core.security.crypto.BlockedOutputStream.write(BlockedOutputStream.java:82)
	at org.apache.accumulo.core.security.crypto.BlockedOutputStream.write(BlockedOutputStream.java:82)
	at org.apache.accumulo.core.security.crypto.BlockedOutputStream.write(BlockedOutputStream.java:82)
	at org.apache.accumulo.core.security.crypto.BlockedOutputStream.write(BlockedOutputStream.java:82)
	at org.apache.accumulo.core.security.crypto.BlockedOutputStream.write(BlockedOutputStream.java:82)
	at org.apache.accumulo.core.security.crypto.BlockedOutputStream.write(BlockedOutputStream.java:82)
	at org.apache.accumulo.core.security.crypto.BlockedOutputStream.write(BlockedOutputStream.java:82)
	at org.apache.accumulo.core.security.crypto.BlockedOutputStream.write(BlockedOutputStream.java:82)
	at org.apache.accumulo.core.security.crypto.BlockedOutputStream.write(BlockedOutputStream.java:82)
	at org.apache.accumulo.core.security.crypto.BlockedOutputStream.write(BlockedOutputStream.java:82)
	at org.apache.accumulo.core.security.crypto.BlockedOutputStream.write(BlockedOutputStream.java:82)
	at org.apache.accumulo.core.security.crypto.BlockedOutputStream.write(BlockedOutputStream.java:82)
	at org.apache.accumulo.core.security.crypto.BlockedOutputStream.write(BlockedOutputStream.java:82)
	at org.apache.accumulo.core.security.crypto.BlockedOutputStream.write(BlockedOutputStream.java:82)
	at org.apache.accumulo.core.security.crypto.BlockedOutputStream.write(BlockedOutputStream.java:82)
	at org.apache.accumulo.core.security.crypto.BlockedOutputStream.write(BlockedOutputStream.java:82)
	at org.apache.accumulo.core.security.crypto.BlockedOutputStream.write(BlockedOutputStream.java:82)
	at org.apache.accumulo.core.security.crypto.BlockedOutputStream.write(BlockedOutputStream.java:82)
	at org.apache.accumulo.core.security.crypto.BlockedOutputStream.write(BlockedOutputStream.java:82)
	at org.apache.accumulo.core.security.crypto.BlockedOutputStream.write(BlockedOutputStream.java:82)
	at org.apache.accumulo.core.security.crypto.BlockedOutputStream.write(BlockedOutputStream.java:82)
	at org.apache.accumulo.core.security.crypto.BlockedOutputStream.write(BlockedOutputStream.java:82)
	at org.apache.accumulo.core.security.crypto.BlockedOutputStream.write(BlockedOutputStream.java:82)
	at org.apache.accumulo.core.security.crypto.BlockedOutputStream.write(BlockedOutputStream.java:82)
	at org.apache.accumulo.core.security.crypto.BlockedOutputStream.write(BlockedOutputStream.java:82)
	at org.apache.accumulo.core.security.crypto.BlockedOutputStream.write(BlockedOutputStream.java:82)
	at org.apache.accumulo.core.security.crypto.BlockedOutputStream.write(BlockedOutputStream.java:82)
	at org.apache.accumulo.core.security.crypto.BlockedOutputStream.write(BlockedOutputStream.java:82)
	at org.apache.accumulo.core.security.crypto.BlockedOutputStream.write(BlockedOutputStream.java:82)
	at org.apache.accumulo.core.security.crypto.BlockedOutputStream.write(BlockedOutputStream.java:82)
	at org.apache.accumulo.core.security.crypto.BlockedOutputStream.write(BlockedOutputStream.java:82)
	at org.apache.accumulo.core.security.crypto.BlockedOutputStream.write(BlockedOutputStream.java:82)
	at org.apache.accumulo.core.security.crypto.BlockedOutputStream.write(BlockedOutputStream.java:82)
	at org.apache.accumulo.core.security.crypto.BlockedOutputStream.write(BlockedOutputStream.java:82)
	at org.apache.accumulo.core.security.crypto.BlockedOutputStream.write(BlockedOutputStream.java:82)
	at org.apache.accumulo.core.security.crypto.BlockedOutputStream.write(BlockedOutputStream.java:82)
	at org.apache.accumulo.core.security.crypto.BlockedOutputStream.write(BlockedOutputStream.java:82)
	at org.apache.accumulo.core.security.crypto.BlockedOutputStream.write(BlockedOutputStream.java:82)
	at org.apache.accumulo.core.security.crypto.BlockedOutputStream.write(BlockedOutputStream.java:82)
	at org.apache.accumulo.core.security.crypto.BlockedOutputStream.write(BlockedOutputStream.java:82)
	at org.apache.accumulo.core.security.crypto.BlockedOutputStream.write(BlockedOutputStream.java:82)
	at org.apache.accumulo.core.security.crypto.BlockedOutputStream.write(BlockedOutputStream.java:82)
	at org.apache.accumulo.core.security.crypto.BlockedOutputStream.write(BlockedOutputStream.java:82)
	at org.apache.accumulo.core.security.crypto.BlockedOutputStream.write(BlockedOutputStream.java:82)
	at org.apache.accumulo.core.security.crypto.BlockedOutputStream.write(BlockedOutputStream.java:82)
	at org.apache.accumulo.core.security.crypto.BlockedOutputStream.write(BlockedOutputStream.java:82)
	at org.apache.accumulo.core.security.crypto.BlockedOutputStream.write(BlockedOutputStream.java:82)
	at org.apache.accumulo.core.security.crypto.BlockedOutputStream.write(BlockedOutputStream.java:82)
	at org.apache.accumulo.core.security.crypto.BlockedOutputStream.write(BlockedOutputStream.java:82)
	at org.apache.accumulo.core.security.crypto.BlockedOutputStream.write(BlockedOutputStream.java:82)
	at org.apache.accumulo.core.security.crypto.BlockedOutputStream.write(BlockedOutputStream.java:82)
	at org.apache.accumulo.core.security.crypto.BlockedOutputStream.write(BlockedOutputStream.java:82)
	at org.apache.accumulo.core.security.crypto.BlockedOutputStream.write(BlockedOutputStream.java:82)
	at org.apache.accumulo.core.security.crypto.BlockedOutputStream.write(BlockedOutputStream.java:82)
	at org.apache.accumulo.core.security.crypto.BlockedOutputStream.write(BlockedOutputStream.java:82)
	at org.apache.accumulo.core.security.crypto.BlockedOutputStream.write(BlockedOutputStream.java:82)
	at org.apache.accumulo.core.security.crypto.BlockedOutputStream.write(BlockedOutputStream.java:82)
	at org.apache.accumulo.core.security.crypto.BlockedOutputStream.write(BlockedOutputStream.java:82)
	at org.apache.accumulo.core.security.crypto.BlockedOutputStream.write(BlockedOutputStream.java:82)
	at org.apache.accumulo.core.security.crypto.BlockedOutputStream.write(BlockedOutputStream.java:82)
	at org.apache.accumulo.core.security.crypto.BlockedOutputStream.write(BlockedOutputStream.java:82)
	at org.apache.accumulo.core.security.crypto.BlockedOutputStream.write(BlockedOutputStream.java:82)
	at org.apache.accumulo.core.security.crypto.BlockedOutputStream.write(BlockedOutputStream.java:82)
	at org.apache.accumulo.core.security.crypto.BlockedOutputStream.write(BlockedOutputStream.java:82)
	at org.apache.accumulo.core.security.crypto.BlockedOutputStream.write(BlockedOutputStream.java:82)
	at org.apache.accumulo.core.security.crypto.BlockedOutputStream.write(BlockedOutputStream.java:82)
	at org.apache.accumulo.core.security.crypto.BlockedOutputStream.write(BlockedOutputStream.java:82)
	at org.apache.accumulo.core.security.crypto.BlockedOutputStream.write(BlockedOutputStream.java:82)
	at org.apache.accumulo.core.security.crypto.BlockedOutputStream.write(BlockedOutputStream.java:82)
	at org.apache.accumulo.core.security.crypto.BlockedOutputStream.write(BlockedOutputStream.java:82)
	at org.apache.accumulo.core.security.crypto.BlockedOutputStream.write(BlockedOutputStream.java:82)
	at org.apache.accumulo.core.security.crypto.BlockedOutputStream.write(BlockedOutputStream.java:82)
	at org.apache.accumulo.core.security.crypto.BlockedOutputStream.write(BlockedOutputStream.java:82)
	at org.apache.accumulo.core.security.crypto.BlockedOutputStream.write(BlockedOutputStream.java:82)
	at org.apache.accumulo.core.security.crypto.BlockedOutputStream.write(BlockedOutputStream.java:82)
	at org.apache.accumulo.core.security.crypto.BlockedOutputStream.write(BlockedOutputStream.java:82)
	at org.apache.accumulo.core.security.crypto.BlockedOutputStream.write(BlockedOutputStream.java:82)
	at org.apache.accumulo.core.security.crypto.BlockedOutputStream.write(BlockedOutputStream.java:82)
	at org.apache.accumulo.core.security.crypto.BlockedOutputStream.write(BlockedOutputStream.java:82)
	at org.apache.accumulo.core.security.crypto.BlockedOutputStream.write(BlockedOutputStream.java:82)
	at org.apache.accumulo.core.security.crypto.BlockedOutputStream.write(BlockedOutputStream.java:82)
	at org.apache.accumulo.core.security.crypto.BlockedOutputStream.write(BlockedOutputStream.java:82)
	at org.apache.accumulo.core.security.crypto.BlockedOutputStream.write(BlockedOutputStream.java:82)
	at org.apache.accumulo.core.security.crypto.BlockedOutputStream.write(BlockedOutputStream.java:82)
	at org.apache.accumulo.core.security.crypto.BlockedOutputStream.write(BlockedOutputStream.java:82)
	at org.apache.accumulo.core.security.crypto.BlockedOutputStream.write(BlockedOutputStream.java:82)
	at org.apache.accumulo.core.security.crypto.BlockedOutputStream.write(BlockedOutputStream.java:82)
	at org.apache.accumulo.core.security.crypto.BlockedOutputStream.write(BlockedOutputStream.java:82)
	at org.apache.accumulo.core.security.crypto.BlockedOutputStream.write(BlockedOutputStream.java:82)
	at org.apache.accumulo.core.security.crypto.BlockedOutputStream.write(BlockedOutputStream.java:82)
	at org.apache.accumulo.core.security.crypto.BlockedOutputStream.write(BlockedOutputStream.java:82)
	at org.apache.accumulo.core.security.crypto.BlockedOutputStream.write(BlockedOutputStream.java:82)
	at org.apache.accumulo.core.security.crypto.BlockedOutputStream.write(BlockedOutputStream.java:82)
	at org.apache.accumulo.core.security.crypto.BlockedOutputStream.write(BlockedOutputStream.java:82)
	at org.apache.accumulo.core.security.crypto.BlockedOutputStream.write(BlockedOutputStream.java:82)
	at org.apache.accumulo.core.security.crypto.BlockedOutputStream.write(BlockedOutputStream.java:82)
	at org.apache.accumulo.core.security.crypto.BlockedOutputStream.write(BlockedOutputStream.java:82)
	at org.apache.accumulo.core.security.crypto.BlockedOutputStream.write(BlockedOutputStream.java:82)
	at org.apache.accumulo.core.security.crypto.BlockedOutputStream.write(BlockedOutputStream.java:82)
	at org.apache.accumulo.core.security.crypto.BlockedOutputStream.write(BlockedOutputStream.java:82)
	at org.apache.accumulo.core.security.crypto.BlockedOutputStream.write(BlockedOutputStream.java:82)
	at org.apache.accumulo.core.security.crypto.BlockedOutputStream.write(BlockedOutputStream.java:82)
	at org.apache.accumulo.core.security.crypto.BlockedOutputStream.write(BlockedOutputStream.java:82)
	at org.apache.accumulo.core.security.crypto.BlockedOutputStream.write(BlockedOutputStream.java:82)
	at org.apache.accumulo.core.security.crypto.BlockedOutputStream.write(BlockedOutputStream.java:82)
	at org.apache.accumulo.core.security.crypto.BlockedOutputStream.write(BlockedOutputStream.java:82)
	at org.apache.accumulo.core.security.crypto.BlockedOutputStream.write(BlockedOutputStream.java:82)
	at org.apache.accumulo.core.security.crypto.BlockedOutputStream.write(BlockedOutputStream.java:82)
	at org.apache.accumulo.core.security.crypto.BlockedOutputStream.write(BlockedOutputStream.java:82)
	at org.apache.accumulo.core.security.crypto.BlockedOutputStream.write(BlockedOutputStream.java:82)
	at org.apache.accumulo.core.security.crypto.BlockedOutputStream.write(BlockedOutputStream.java:82)
	at org.apache.accumulo.core.security.crypto.BlockedOutputStream.write(BlockedOutputStream.java:82)
	at org.apache.accumulo.core.security.crypto.BlockedOutputStream.write(BlockedOutputStream.java:82)
	at org.apache.accumulo.core.security.crypto.BlockedOutputStream.write(BlockedOutputStream.java:82)
	at org.apache.accumulo.core.security.crypto.BlockedOutputStream.write(BlockedOutputStream.java:82)
	at org.apache.accumulo.core.security.crypto.BlockedOutputStream.write(BlockedOutputStream.java:82)
	at org.apache.accumulo.core.security.crypto.BlockedOutputStream.write(BlockedOutputStream.java:82)
	at org.apache.accumulo.core.security.crypto.BlockedOutputStream.write(BlockedOutputStream.java:82)
	at org.apache.accumulo.core.security.crypto.BlockedOutputStream.write(BlockedOutputStream.java:82)
	at org.apache.accumulo.core.security.crypto.BlockedOutputStream.write(BlockedOutputStream.java:82)
	at org.apache.accumulo.core.security.crypto.BlockedOutputStream.write(BlockedOutputStream.java:82)
	at org.apache.accumulo.core.security.crypto.BlockedOutputStream.write(BlockedOutputStream.java:82)
	at org.apache.accumulo.core.security.crypto.BlockedOutputStream.write(BlockedOutputStream.java:82)
	at org.apache.accumulo.core.security.crypto.BlockedOutputStream.write(BlockedOutputStream.java:82)
	at org.apache.accumulo.core.security.crypto.BlockedOutputStream.write(BlockedOutputStream.java:82)
	at org.apache.accumulo.core.security.crypto.BlockedOutputStream.write(BlockedOutputStream.java:82)
	at org.apache.accumulo.core.security.crypto.BlockedOutputStream.write(BlockedOutputStream.java:82)
	at org.apache.accumulo.core.security.crypto.BlockedOutputStream.write(BlockedOutputStream.java:82)
	at org.apache.accumulo.core.security.crypto.BlockedOutputStream.write(BlockedOutputStream.java:82)
	at org.apache.accumulo.core.security.crypto.BlockedOutputStream.write(BlockedOutputStream.java:82)
	at org.apache.accumulo.core.security.crypto.BlockedOutputStream.write(BlockedOutputStream.java:82)
	at org.apache.accumulo.core.security.crypto.BlockedOutputStream.write(BlockedOutputStream.java:82)
	at org.apache.accumulo.core.security.crypto.BlockedOutputStream.write(BlockedOutputStream.java:82)
	at org.apache.accumulo.core.security.crypto.BlockedOutputStream.write(BlockedOutputStream.java:82)
	at org.apache.accumulo.core.security.crypto.BlockedOutputStream.write(BlockedOutputStream.java:82)
	at org.apache.accumulo.core.security.crypto.BlockedOutputStream.write(BlockedOutputStream.java:82)
	at org.apache.accumulo.core.security.crypto.BlockedOutputStream.write(BlockedOutputStream.java:82)
	at org.apache.accumulo.core.security.crypto.BlockedOutputStream.write(BlockedOutputStream.java:82)
	at org.apache.accumulo.core.security.crypto.BlockedOutputStream.write(BlockedOutputStream.java:82)
	at org.apache.accumulo.core.security.crypto.BlockedOutputStream.write(BlockedOutputStream.java:82)
	at org.apache.accumulo.core.security.crypto.BlockedOutputStream.write(BlockedOutputStream.java:82)
	at org.apache.accumulo.core.security.crypto.BlockedOutputStream.write(BlockedOutputStream.java:82)
	at org.apache.accumulo.core.security.crypto.BlockedOutputStream.write(BlockedOutputStream.java:82)
	at org.apache.accumulo.core.security.crypto.BlockedOutputStream.write(BlockedOutputStream.java:82)
	at org.apache.accumulo.core.security.crypto.BlockedOutputStream.write(BlockedOutputStream.java:82)
	at org.apache.accumulo.core.security.crypto.BlockedOutputStream.write(BlockedOutputStream.java:82)
	at org.apache.accumulo.core.security.crypto.BlockedOutputStream.write(BlockedOutputStream.java:82)
	at org.apache.accumulo.core.security.crypto.BlockedOutputStream.write(BlockedOutputStream.java:82)
	at org.apache.accumulo.core.security.crypto.BlockedOutputStream.write(BlockedOutputStream.java:82)
	at org.apache.accumulo.core.security.crypto.BlockedOutputStream.write(BlockedOutputStream.java:82)
	at org.apache.accumulo.core.security.crypto.BlockedOutputStream.write(BlockedOutputStream.java:82)
	at org.apache.accumulo.core.security.crypto.BlockedOutputStream.write(BlockedOutputStream.java:82)
	at org.apache.accumulo.core.security.crypto.BlockedOutputStream.write(BlockedOutputStream.java:82)
	at org.apache.accumulo.core.security.crypto.BlockedOutputStream.write(BlockedOutputStream.java:82)
	at org.apache.accumulo.core.security.crypto.BlockedOutputStream.write(BlockedOutputStream.java:82)
	at org.apache.accumulo.core.security.crypto.BlockedOutputStream.write(BlockedOutputStream.java:82)
	at org.apache.accumulo.core.security.crypto.BlockedOutputStream.write(BlockedOutputStream.java:82)
	at org.apache.accumulo.core.security.crypto.BlockedOutputStream.write(BlockedOutputStream.java:82)
	at org.apache.accumulo.core.security.crypto.BlockedOutputStream.write(BlockedOutputStream.java:82)
	at org.apache.accumulo.core.security.crypto.BlockedOutputStream.write(BlockedOutputStream.java:82)
	at org.apache.accumulo.core.security.crypto.BlockedOutputStream.write(BlockedOutputStream.java:82)
	at org.apache.accumulo.core.security.crypto.BlockedOutputStream.write(BlockedOutputStream.java:82)
	at org.apache.accumulo.core.security.crypto.BlockedOutputStream.write(BlockedOutputStream.java:82)
	at org.apache.accumulo.core.security.crypto.BlockedOutputStream.write(BlockedOutputStream.java:82)
	at org.apache.accumulo.core.security.crypto.BlockedOutputStream.write(BlockedOutputStream.java:82)
	at org.apache.accumulo.core.security.crypto.BlockedOutputStream.write(BlockedOutputStream.java:82)
	at org.apache.accumulo.core.security.crypto.BlockedOutputStream.write(BlockedOutputStream.java:82)
	at org.apache.accumulo.core.security.crypto.BlockedOutputStream.write(BlockedOutputStream.java:82)
	at org.apache.accumulo.core.security.crypto.BlockedOutputStream.write(BlockedOutputStream.java:82)
	at org.apache.accumulo.core.security.crypto.BlockedOutputStream.write(BlockedOutputStream.java:82)
	at org.apache.accumulo.core.security.crypto.BlockedOutputStream.write(BlockedOutputStream.java:82)
	at org.apache.accumulo.core.security.crypto.BlockedOutputStream.write(BlockedOutputStream.java:82)
	at org.apache.accumulo.core.security.crypto.BlockedOutputStream.write(BlockedOutputStream.java:82)
	at org.apache.accumulo.core.security.crypto.BlockedOutputStream.write(BlockedOutputStream.java:82)
	at org.apache.accumulo.core.security.crypto.BlockedOutputStream.write(BlockedOutputStream.java:82)
	at org.apache.accumulo.core.security.crypto.BlockedOutputStream.write(BlockedOutputStream.java:82)
	at org.apache.accumulo.core.security.crypto.BlockedOutputStream.write(BlockedOutputStream.java:82)
	at org.apache.accumulo.core.security.crypto.BlockedOutputStream.write(BlockedOutputStream.java:82)
	at org.apache.accumulo.core.security.crypto.BlockedOutputStream.write(BlockedOutputStream.java:82)
	at org.apache.accumulo.core.security.crypto.BlockedOutputStream.write(BlockedOutputStream.java:82)
	at org.apache.accumulo.core.security.crypto.BlockedOutputStream.write(BlockedOutputStream.java:82)
	at org.apache.accumulo.core.security.crypto.BlockedOutputStream.write(BlockedOutputStream.java:82)
	at org.apache.accumulo.core.security.crypto.BlockedOutputStream.write(BlockedOutputStream.java:82)
	at org.apache.accumulo.core.security.crypto.BlockedOutputStream.write(BlockedOutputStream.java:82)
	at org.apache.accumulo.core.security.crypto.BlockedOutputStream.write(BlockedOutputStream.java:82)
	at org.apache.accumulo.core.security.crypto.BlockedOutputStream.write(BlockedOutputStream.java:82)
	at org.apache.accumulo.core.security.crypto.BlockedOutputStream.write(BlockedOutputStream.java:82)
	at org.apache.accumulo.core.security.crypto.BlockedOutputStream.write(BlockedOutputStream.java:82)
	at org.apache.accumulo.core.security.crypto.BlockedOutputStream.write(BlockedOutputStream.java:82)
	at org.apache.accumulo.core.security.crypto.BlockedOutputStream.write(BlockedOutputStream.java:82)
	at org.apache.accumulo.core.security.crypto.BlockedOutputStream.write(BlockedOutputStream.java:82)
	at org.apache.accumulo.core.security.crypto.BlockedOutputStream.write(BlockedOutputStream.java:82)
	at org.apache.accumulo.core.security.crypto.BlockedOutputStream.write(BlockedOutputStream.java:82)
	at org.apache.accumulo.core.security.crypto.BlockedOutputStream.write(BlockedOutputStream.java:82)
	at org.apache.accumulo.core.security.crypto.BlockedOutputStream.write(BlockedOutputStream.java:82)
	at org.apache.accumulo.core.security.crypto.BlockedOutputStream.write(BlockedOutputStream.java:82)
	at org.apache.accumulo.core.security.crypto.BlockedOutputStream.write(BlockedOutputStream.java:82)
	at org.apache.accumulo.core.security.crypto.BlockedOutputStream.write(BlockedOutputStream.java:82)
	at org.apache.accumulo.core.security.crypto.BlockedOutputStream.write(BlockedOutputStream.java:82)
	at org.apache.accumulo.core.security.crypto.BlockedOutputStream.write(BlockedOutputStream.java:82)
	at org.apache.accumulo.core.security.crypto.BlockedOutputStream.write(BlockedOutputStream.java:82)
	at org.apache.accumulo.core.security.crypto.BlockedOutputStream.write(BlockedOutputStream.java:82)
	at org.apache.accumulo.core.security.crypto.BlockedOutputStream.write(BlockedOutputStream.java:82)
	at org.apache.accumulo.core.security.crypto.BlockedOutputStream.write(BlockedOutputStream.java:82)
	at org.apache.accumulo.core.security.crypto.BlockedOutputStream.write(BlockedOutputStream.java:82)
	at org.apache.accumulo.core.security.crypto.BlockedOutputStream.write(BlockedOutputStream.java:82)
	at org.apache.accumulo.core.security.crypto.BlockedOutputStream.write(BlockedOutputStream.java:82)
	at org.apache.accumulo.core.security.crypto.BlockedOutputStream.write(BlockedOutputStream.java:82)
	at org.apache.accumulo.core.security.crypto.BlockedOutputStream.write(BlockedOutputStream.java:82)
	at org.apache.accumulo.core.security.crypto.BlockedOutputStream.write(BlockedOutputStream.java:82)
	at org.apache.accumulo.core.security.crypto.BlockedOutputStream.write(BlockedOutputStream.java:82)
	at org.apache.accumulo.core.security.crypto.BlockedOutputStream.write(BlockedOutputStream.java:82)
	at org.apache.accumulo.core.security.crypto.BlockedOutputStream.write(BlockedOutputStream.java:82)
	at org.apache.accumulo.core.security.crypto.BlockedOutputStream.write(BlockedOutputStream.java:82)
	at org.apache.accumulo.core.security.crypto.BlockedOutputStream.write(BlockedOutputStream.java:82)
	at org.apache.accumulo.core.security.crypto.BlockedOutputStream.write(BlockedOutputStream.java:82)
	at org.apache.accumulo.core.security.crypto.BlockedOutputStream.write(BlockedOutputStream.java:82)
	at org.apache.accumulo.core.security.crypto.BlockedOutputStream.write(BlockedOutputStream.java:82)
	at org.apache.accumulo.core.security.crypto.BlockedOutputStream.write(BlockedOutputStream.java:82)
	at org.apache.accumulo.core.security.crypto.BlockedOutputStream.write(BlockedOutputStream.java:82)
	at org.apache.accumulo.core.security.crypto.BlockedOutputStream.write(BlockedOutputStream.java:82)
	at org.apache.accumulo.core.security.crypto.BlockedOutputStream.write(BlockedOutputStream.java:82)
	at org.apache.accumulo.core.security.crypto.BlockedOutputStream.write(BlockedOutputStream.java:82)
	at org.apache.accumulo.core.security.crypto.BlockedOutputStream.write(BlockedOutputStream.java:82)
	at org.apache.accumulo.core.security.crypto.BlockedOutputStream.write(BlockedOutputStream.java:82)
	at org.apache.accumulo.core.security.crypto.BlockedOutputStream.write(BlockedOutputStream.java:82)
	at org.apache.accumulo.core.security.crypto.BlockedOutputStream.write(BlockedOutputStream.java:82)
	at org.apache.accumulo.core.security.crypto.BlockedOutputStream.write(BlockedOutputStream.java:82)
	at org.apache.accumulo.core.security.crypto.BlockedOutputStream.write(BlockedOutputStream.java:82)
	at org.apache.accumulo.core.security.crypto.BlockedOutputStream.write(BlockedOutputStream.java:82)
	at org.apache.accumulo.core.security.crypto.BlockedOutputStream.write(BlockedOutputStream.java:82)
	at org.apache.accumulo.core.security.crypto.BlockedOutputStream.write(BlockedOutputStream.java:82)
	at org.apache.accumulo.core.security.crypto.BlockedOutputStream.write(BlockedOutputStream.java:82)
	at org.apache.accumulo.core.security.crypto.BlockedOutputStream.write(BlockedOutputStream.java:82)
	at org.apache.accumulo.core.security.crypto.BlockedOutputStream.write(BlockedOutputStream.java:82)
	at org.apache.accumulo.core.security.crypto.BlockedOutputStream.write(BlockedOutputStream.java:82)
	at org.apache.accumulo.core.security.crypto.BlockedOutputStream.write(BlockedOutputStream.java:82)
	at org.apache.accumulo.core.security.crypto.BlockedOutputStream.write(BlockedOutputStream.java:82)
	at org.apache.accumulo.core.security.crypto.BlockedOutputStream.write(BlockedOutputStream.java:82)
	at org.apache.accumulo.core.security.crypto.BlockedOutputStream.write(BlockedOutputStream.java:82)
	at org.apache.accumulo.core.security.crypto.BlockedOutputStream.write(BlockedOutputStream.java:82)
	at org.apache.accumulo.core.security.crypto.BlockedOutputStream.write(BlockedOutputStream.java:82)
	at org.apache.accumulo.core.security.crypto.BlockedOutputStream.write(BlockedOutputStream.java:82)
	at org.apache.accumulo.core.security.crypto.BlockedOutputStream.write(BlockedOutputStream.java:82)
	at org.apache.accumulo.core.security.crypto.BlockedOutputStream.write(BlockedOutputStream.java:82)
	at org.apache.accumulo.core.security.crypto.BlockedOutputStream.write(BlockedOutputStream.java:82)
	at org.apache.accumulo.core.security.crypto.BlockedOutputStream.write(BlockedOutputStream.java:82)
	at org.apache.accumulo.core.security.crypto.BlockedOutputStream.write(BlockedOutputStream.java:82)
	at org.apache.accumulo.core.security.crypto.BlockedOutputStream.write(BlockedOutputStream.java:82)
	at org.apache.accumulo.core.security.crypto.BlockedOutputStream.write(BlockedOutputStream.java:82)
	at org.apache.accumulo.core.security.crypto.BlockedOutputStream.write(BlockedOutputStream.java:82)
	at org.apache.accumulo.core.security.crypto.BlockedOutputStream.write(BlockedOutputStream.java:82)
	at org.apache.accumulo.core.security.crypto.BlockedOutputStream.write(BlockedOutputStream.java:82)
	at org.apache.accumulo.core.security.crypto.BlockedOutputStream.write(BlockedOutputStream.java:82)
	at org.apache.accumulo.core.security.crypto.BlockedOutputStream.write(BlockedOutputStream.java:82)
	at org.apache.accumulo.core.security.crypto.BlockedOutputStream.write(BlockedOutputStream.java:82)
	at org.apache.accumulo.core.security.crypto.BlockedOutputStream.write(BlockedOutputStream.java:82)
	at org.apache.accumulo.core.security.crypto.BlockedOutputStream.write(BlockedOutputStream.java:82)
	at org.apache.accumulo.core.security.crypto.BlockedOutputStream.write(BlockedOutputStream.java:82)
	at org.apache.accumulo.core.security.crypto.BlockedOutputStream.write(BlockedOutputStream.java:82)
	at org.apache.accumulo.core.security.crypto.BlockedOutputStream.write(BlockedOutputStream.java:82)
	at org.apache.accumulo.core.security.crypto.BlockedOutputStream.write(BlockedOutputStream.java:82)
	at org.apache.accumulo.core.security.crypto.BlockedOutputStream.write(BlockedOutputStream.java:82)
	at org.apache.accumulo.core.security.crypto.BlockedOutputStream.write(BlockedOutputStream.java:82)
	at org.apache.accumulo.core.security.crypto.BlockedOutputStream.write(BlockedOutputStream.java:82)
	at org.apache.accumulo.core.security.crypto.BlockedOutputStream.write(BlockedOutputStream.java:82)
	at org.apache.accumulo.core.security.crypto.BlockedOutputStream.write(BlockedOutputStream.java:82)
	at org.apache.accumulo.core.security.crypto.BlockedOutputStream.write(BlockedOutputStream.java:82)
	at org.apache.accumulo.core.security.crypto.BlockedOutputStream.write(BlockedOutputStream.java:82)
	at org.apache.accumulo.core.security.crypto.BlockedOutputStream.write(BlockedOutputStream.java:82)
	at org.apache.accumulo.core.security.crypto.BlockedOutputStream.write(BlockedOutputStream.java:82)
	at org.apache.accumulo.core.security.crypto.BlockedOutputStream.write(BlockedOutputStream.java:82)
	at org.apache.accumulo.core.security.crypto.BlockedOutputStream.write(BlockedOutputStream.java:82)
	at org.apache.accumulo.core.security.crypto.BlockedOutputStream.write(BlockedOutputStream.java:82)
	at org.apache.accumulo.core.security.crypto.BlockedOutputStream.write(BlockedOutputStream.java:82)
	at org.apache.accumulo.core.security.crypto.BlockedOutputStream.write(BlockedOutputStream.java:82)
	at org.apache.accumulo.core.security.crypto.BlockedOutputStream.write(BlockedOutputStream.java:82)
	at org.apache.accumulo.core.security.crypto.BlockedOutputStream.write(BlockedOutputStream.java:82)
	at org.apache.accumulo.core.security.crypto.BlockedOutputStream.write(BlockedOutputStream.java:82)
	at org.apache.accumulo.core.security.crypto.BlockedOutputStream.write(BlockedOutputStream.java:82)
	at org.apache.accumulo.core.security.crypto.BlockedOutputStream.write(BlockedOutputStream.java:82)
	at org.apache.accumulo.core.security.crypto.BlockedOutputStream.write(BlockedOutputStream.java:82)
	at org.apache.accumulo.core.security.crypto.BlockedOutputStream.write(BlockedOutputStream.java:82)
	at org.apache.accumulo.core.security.crypto.BlockedOutputStream.write(BlockedOutputStream.java:82)
	at org.apache.accumulo.core.security.crypto.BlockedOutputStream.write(BlockedOutputStream.java:82)
	at org.apache.accumulo.core.security.crypto.BlockedOutputStream.write(BlockedOutputStream.java:82)
	at org.apache.accumulo.core.security.crypto.BlockedOutputStream.write(BlockedOutputStream.java:82)
	at org.apache.accumulo.core.security.crypto.BlockedOutputStream.write(BlockedOutputStream.java:82)
	at org.apache.accumulo.core.security.crypto.BlockedOutputStream.write(BlockedOutputStream.java:82)
	at org.apache.accumulo.core.security.crypto.BlockedOutputStream.write(BlockedOutputStream.java:82)
	at org.apache.accumulo.core.security.crypto.BlockedOutputStream.write(BlockedOutputStream.java:82)
	at org.apache.accumulo.core.security.crypto.BlockedOutputStream.write(BlockedOutputStream.java:82)
	at org.apache.accumulo.core.security.crypto.BlockedOutputStream.write(BlockedOutputStream.java:82)
	at org.apache.accumulo.core.security.crypto.BlockedOutputStream.write(BlockedOutputStream.java:82)
	at org.apache.accumulo.core.security.crypto.BlockedOutputStream.write(BlockedOutputStream.java:82)
	at org.apache.accumulo.core.security.crypto.BlockedOutputStream.write(BlockedOutputStream.java:82)
	at org.apache.accumulo.core.security.crypto.BlockedOutputStream.write(BlockedOutputStream.java:82)
	at org.apache.accumulo.core.security.crypto.BlockedOutputStream.write(BlockedOutputStream.java:82)
	at org.apache.accumulo.core.security.crypto.BlockedOutputStream.write(BlockedOutputStream.java:82)
	at org.apache.accumulo.core.security.crypto.BlockedOutputStream.write(BlockedOutputStream.java:82)
	at org.apache.accumulo.core.security.crypto.BlockedOutputStream.write(BlockedOutputStream.java:82)
	at org.apache.accumulo.core.security.crypto.BlockedOutputStream.write(BlockedOutputStream.java:82)
	at org.apache.accumulo.core.security.crypto.BlockedOutputStream.write(BlockedOutputStream.java:82)
	at org.apache.accumulo.core.security.crypto.BlockedOutputStream.write(BlockedOutputStream.java:82)
	at org.apache.accumulo.core.security.crypto.BlockedOutputStream.write(BlockedOutputStream.java:82)
	at org.apache.accumulo.core.security.crypto.BlockedOutputStream.write(BlockedOutputStream.java:82)
	at org.apache.accumulo.core.security.crypto.BlockedOutputStream.write(BlockedOutputStream.java:82)
	at org.apache.accumulo.core.security.crypto.BlockedOutputStream.write(BlockedOutputStream.java:82)
	at org.apache.accumulo.core.security.crypto.BlockedOutputStream.write(BlockedOutputStream.java:82)
	at org.apache.accumulo.core.security.crypto.BlockedOutputStream.write(BlockedOutputStream.java:82)
	at org.apache.accumulo.core.security.crypto.BlockedOutputStream.write(BlockedOutputStream.java:82)
	at org.apache.accumulo.core.security.crypto.BlockedOutputStream.write(BlockedOutputStream.java:82)
	at org.apache.accumulo.core.security.crypto.BlockedOutputStream.write(BlockedOutputStream.java:82)
	at org.apache.accumulo.core.security.crypto.BlockedOutputStream.write(BlockedOutputStream.java:82)
	at org.apache.accumulo.core.security.crypto.BlockedOutputStream.write(BlockedOutputStream.java:82)
	at org.apache.accumulo.core.security.crypto.BlockedOutputStream.write(BlockedOutputStream.java:82)
	at org.apache.accumulo.core.security.crypto.BlockedOutputStream.write(BlockedOutputStream.java:82)
	at org.apache.accumulo.core.security.crypto.BlockedOutputStream.write(BlockedOutputStream.java:82)
	at org.apache.accumulo.core.security.crypto.BlockedOutputStream.write(BlockedOutputStream.java:82)
	at org.apache.accumulo.core.security.crypto.BlockedOutputStream.write(BlockedOutputStream.java:82)
	at org.apache.accumulo.core.security.crypto.BlockedOutputStream.write(BlockedOutputStream.java:82)
	at org.apache.accumulo.core.security.crypto.BlockedOutputStream.write(BlockedOutputStream.java:82)
	at org.apache.accumulo.core.security.crypto.BlockedOutputStream.write(BlockedOutputStream.java:82)
	at org.apache.accumulo.core.security.crypto.BlockedOutputStream.write(BlockedOutputStream.java:82)
	at org.apache.accumulo.core.security.crypto.BlockedOutputStream.write(BlockedOutputStream.java:82)
	at org.apache.accumulo.core.security.crypto.BlockedOutputStream.write(BlockedOutputStream.java:82)
	at org.apache.accumulo.core.security.crypto.BlockedOutputStream.write(BlockedOutputStream.java:82)
	at org.apache.accumulo.core.security.crypto.BlockedOutputStream.write(BlockedOutputStream.java:82)
	at org.apache.accumulo.core.security.crypto.BlockedOutputStream.write(BlockedOutputStream.java:82)
	at org.apache.accumulo.core.security.crypto.BlockedOutputStream.write(BlockedOutputStream.java:82)
	at org.apache.accumulo.core.security.crypto.BlockedOutputStream.write(BlockedOutputStream.java:82)
	at org.apache.accumulo.core.security.crypto.BlockedOutputStream.write(BlockedOutputStream.java:82)
	at org.apache.accumulo.core.security.crypto.BlockedOutputStream.write(BlockedOutputStream.java:82)
	at org.apache.accumulo.core.security.crypto.BlockedOutputStream.write(BlockedOutputStream.java:82)
	at org.apache.accumulo.core.security.crypto.BlockedOutputStream.write(BlockedOutputStream.java:82)
	at org.apache.accumulo.core.security.crypto.BlockedOutputStream.write(BlockedOutputStream.java:82)
	at org.apache.accumulo.core.security.crypto.BlockedOutputStream.write(BlockedOutputStream.java:82)
	at org.apache.accumulo.core.security.crypto.BlockedOutputStream.write(BlockedOutputStream.java:82)
	at org.apache.accumulo.core.security.crypto.BlockedOutputStream.write(BlockedOutputStream.java:82)
	at org.apache.accumulo.core.security.crypto.BlockedOutputStream.write(BlockedOutputStream.java:82)
	at org.apache.accumulo.core.security.crypto.BlockedOutputStream.write(BlockedOutputStream.java:82)
	at org.apache.accumulo.core.security.crypto.BlockedOutputStream.write(BlockedOutputStream.java:82)
	at org.apache.accumulo.core.security.crypto.BlockedOutputStream.write(BlockedOutputStream.java:82)
	at org.apache.accumulo.core.security.crypto.BlockedOutputStream.write(BlockedOutputStream.java:82)
	at org.apache.accumulo.core.security.crypto.BlockedOutputStream.write(BlockedOutputStream.java:82)
	at org.apache.accumulo.core.security.crypto.BlockedOutputStream.write(BlockedOutputStream.java:82)
	at org.apache.accumulo.core.security.crypto.BlockedOutputStream.write(BlockedOutputStream.java:82)
	at org.apache.accumulo.core.security.crypto.BlockedOutputStream.write(BlockedOutputStream.java:82)
	at org.apache.accumulo.core.security.crypto.BlockedOutputStream.write(BlockedOutputStream.java:82)
	at org.apache.accumulo.core.security.crypto.BlockedOutputStream.write(BlockedOutputStream.java:82)
	at org.apache.accumulo.core.security.crypto.BlockedOutputStream.write(BlockedOutputStream.java:82)
	at org.apache.accumulo.core.security.crypto.BlockedOutputStream.write(BlockedOutputStream.java:82)
	at org.apache.accumulo.core.security.crypto.BlockedOutputStream.write(BlockedOutputStream.java:82)
	at org.apache.accumulo.core.security.crypto.BlockedOutputStream.write(BlockedOutputStream.java:82)
	at org.apache.accumulo.core.security.crypto.BlockedOutputStream.write(BlockedOutputStream.java:82)
	at org.apache.accumulo.core.security.crypto.BlockedOutputStream.write(BlockedOutputStream.java:82)
	at org.apache.accumulo.core.security.crypto.BlockedOutputStream.write(BlockedOutputStream.java:82)
	at org.apache.accumulo.core.security.crypto.BlockedOutputStream.write(BlockedOutputStream.java:82)
	at org.apache.accumulo.core.security.crypto.BlockedOutputStream.write(BlockedOutputStream.java:82)
	at org.apache.accumulo.core.security.crypto.BlockedOutputStream.write(BlockedOutputStream.java:82)
	at org.apache.accumulo.core.security.crypto.BlockedOutputStream.write(BlockedOutputStream.java:82)
	at org.apache.accumulo.core.security.crypto.BlockedOutputStream.write(BlockedOutputStream.java:82)
	at org.apache.accumulo.core.security.crypto.BlockedOutputStream.write(BlockedOutputStream.java:82)
	at org.apache.accumulo.core.security.crypto.BlockedOutputStream.write(BlockedOutputStream.java:82)
	at org.apache.accumulo.core.security.crypto.BlockedOutputStream.write(BlockedOutputStream.java:82)
	at org.apache.accumulo.core.security.crypto.BlockedOutputStream.write(BlockedOutputStream.java:82)
	at org.apache.accumulo.core.security.crypto.BlockedOutputStream.write(BlockedOutputStream.java:82)
	at org.apache.accumulo.core.security.crypto.BlockedOutputStream.write(BlockedOutputStream.java:82)
	at org.apache.accumulo.core.security.crypto.BlockedOutputStream.write(BlockedOutputStream.java:82)
	at org.apache.accumulo.core.security.crypto.BlockedOutputStream.write(BlockedOutputStream.java:82)
	at org.apache.accumulo.core.security.crypto.BlockedOutputStream.write(BlockedOutputStream.java:82)
	at org.apache.accumulo.core.security.crypto.BlockedOutputStream.write(BlockedOutputStream.java:82)
	at org.apache.accumulo.core.security.crypto.BlockedOutputStream.write(BlockedOutputStream.java:82)
	at org.apache.accumulo.core.security.crypto.BlockedOutputStream.write(BlockedOutputStream.java:82)
	at org.apache.accumulo.core.security.crypto.BlockedOutputStream.write(BlockedOutputStream.java:82)
	at org.apache.accumulo.core.security.crypto.BlockedOutputStream.write(BlockedOutputStream.java:82)
	at org.apache.accumulo.core.security.crypto.BlockedOutputStream.write(BlockedOutputStream.java:82)
	at org.apache.accumulo.core.security.crypto.BlockedOutputStream.write(BlockedOutputStream.java:82)
	at org.apache.accumulo.core.security.crypto.BlockedOutputStream.write(BlockedOutputStream.java:82)
	at org.apache.accumulo.core.security.crypto.BlockedOutputStream.write(BlockedOutputStream.java:82)
	at org.apache.accumulo.core.security.crypto.BlockedOutputStream.write(BlockedOutputStream.java:82)
	at org.apache.accumulo.core.security.crypto.BlockedOutputStream.write(BlockedOutputStream.java:82)
	at org.apache.accumulo.core.security.crypto.BlockedOutputStream.write(BlockedOutputStream.java:82)
	at org.apache.accumulo.core.security.crypto.BlockedOutputStream.write(BlockedOutputStream.java:82)
	at org.apache.accumulo.core.security.crypto.BlockedOutputStream.write(BlockedOutputStream.java:82)
	at org.apache.accumulo.core.security.crypto.BlockedOutputStream.write(BlockedOutputStream.java:82)
	at org.apache.accumulo.core.security.crypto.BlockedOutputStream.write(BlockedOutputStream.java:82)
	at org.apache.accumulo.core.security.crypto.BlockedOutputStream.write(BlockedOutputStream.java:82)
	at org.apache.accumulo.core.security.crypto.BlockedOutputStream.write(BlockedOutputStream.java:82)
	at org.apache.accumulo.core.security.crypto.BlockedOutputStream.write(BlockedOutputStream.java:82)
	at org.apache.accumulo.core.security.crypto.BlockedOutputStream.write(BlockedOutputStream.java:82)
	at org.apache.accumulo.core.security.crypto.BlockedOutputStream.write(BlockedOutputStream.java:82)
	at org.apache.accumulo.core.security.crypto.BlockedOutputStream.write(BlockedOutputStream.java:82)
	at org.apache.accumulo.core.security.crypto.BlockedOutputStream.write(BlockedOutputStream.java:82)
	at org.apache.accumulo.core.security.crypto.BlockedOutputStream.write(BlockedOutputStream.java:82)
	at org.apache.accumulo.core.security.crypto.BlockedOutputStream.write(BlockedOutputStream.java:82)
	at org.apache.accumulo.core.security.crypto.BlockedOutputStream.write(BlockedOutputStream.java:82)
	at org.apache.accumulo.core.security.crypto.BlockedOutputStream.write(BlockedOutputStream.java:82)
	at org.apache.accumulo.core.security.crypto.BlockedOutputStream.write(BlockedOutputStream.java:82)
	at org.apache.accumulo.core.security.crypto.BlockedOutputStream.write(BlockedOutputStream.java:82)
	at org.apache.accumulo.core.security.crypto.BlockedOutputStream.write(BlockedOutputStream.java:82)
	at org.apache.accumulo.core.security.crypto.BlockedOutputStream.write(BlockedOutputStream.java:82)
	at org.apache.accumulo.core.security.crypto.BlockedOutputStream.write(BlockedOutputStream.java:82)
	at org.apache.accumulo.core.security.crypto.BlockedOutputStream.write(BlockedOutputStream.java:82)
	at org.apache.accumulo.core.security.crypto.BlockedOutputStream.write(BlockedOutputStream.java:82)
	at org.apache.accumulo.core.security.crypto.BlockedOutputStream.write(BlockedOutputStream.java:82)
	at org.apache.accumulo.core.security.crypto.BlockedOutputStream.write(BlockedOutputStream.java:82)
	at org.apache.accumulo.core.security.crypto.BlockedOutputStream.write(BlockedOutputStream.java:82)
	at org.apache.accumulo.core.security.crypto.BlockedOutputStream.write(BlockedOutputStream.java:82)
	at org.apache.accumulo.core.security.crypto.BlockedOutputStream.write(BlockedOutputStream.java:82)
	at org.apache.accumulo.core.security.crypto.BlockedOutputStream.write(BlockedOutputStream.java:82)
	at org.apache.accumulo.core.security.crypto.BlockedOutputStream.write(BlockedOutputStream.java:82)
	at org.apache.accumulo.core.security.crypto.BlockedOutputStream.write(BlockedOutputStream.java:82)
	at org.apache.accumulo.core.security.crypto.BlockedOutputStream.write(BlockedOutputStream.java:82)
	at org.apache.accumulo.core.security.crypto.BlockedOutputStream.write(BlockedOutputStream.java:82)
	at org.apache.accumulo.core.security.crypto.BlockedOutputStream.write(BlockedOutputStream.java:82)
	at org.apache.accumulo.core.security.crypto.BlockedOutputStream.write(BlockedOutputStream.java:82)
	at org.apache.accumulo.core.security.crypto.BlockedOutputStream.write(BlockedOutputStream.java:82)
	at org.apache.accumulo.core.security.crypto.BlockedOutputStream.write(BlockedOutputStream.java:82)
	at org.apache.accumulo.core.security.crypto.BlockedOutputStream.write(BlockedOutputStream.java:82)
	at org.apache.accumulo.core.security.crypto.BlockedOutputStream.write(BlockedOutputStream.java:82)
	at org.apache.accumulo.core.security.crypto.BlockedOutputStream.write(BlockedOutputStream.java:82)
	at org.apache.accumulo.core.security.crypto.BlockedOutputStream.write(BlockedOutputStream.java:82)
	at org.apache.accumulo.core.security.crypto.BlockedOutputStream.write(BlockedOutputStream.java:82)
	at org.apache.accumulo.core.security.crypto.BlockedOutputStream.write(BlockedOutputStream.java:82)
	at org.apache.accumulo.core.security.crypto.BlockedOutputStream.write(BlockedOutputStream.java:82)
	at org.apache.accumulo.core.security.crypto.BlockedOutputStream.write(BlockedOutputStream.java:82)
	at org.apache.accumulo.core.security.crypto.BlockedOutputStream.write(BlockedOutputStream.java:82)
	at org.apache.accumulo.core.security.crypto.BlockedOutputStream.write(BlockedOutputStream.java:82)
	at org.apache.accumulo.core.security.crypto.BlockedOutputStream.write(BlockedOutputStream.java:82)
	at org.apache.accumulo.core.security.crypto.BlockedOutputStream.write(BlockedOutputStream.java:82)
	at org.apache.accumulo.core.security.crypto.BlockedOutputStream.write(BlockedOutputStream.java:82)
	at org.apache.accumulo.core.security.crypto.BlockedOutputStream.write(BlockedOutputStream.java:82)
	at org.apache.accumulo.core.security.crypto.BlockedOutputStream.write(BlockedOutputStream.java:82)
	at org.apache.accumulo.core.security.crypto.BlockedOutputStream.write(BlockedOutputStream.java:82)
	at org.apache.accumulo.core.security.crypto.BlockedOutputStream.write(BlockedOutputStream.java:82)
	at org.apache.accumulo.core.security.crypto.BlockedOutputStream.write(BlockedOutputStream.java:82)
	at org.apache.accumulo.core.security.crypto.BlockedOutputStream.write(BlockedOutputStream.java:82)
	at org.apache.accumulo.core.security.crypto.BlockedOutputStream.write(BlockedOutputStream.java:82)
	at org.apache.accumulo.core.security.crypto.BlockedOutputStream.write(BlockedOutputStream.java:82)
	at org.apache.accumulo.core.security.crypto.BlockedOutputStream.write(BlockedOutputStream.java:82)
	at org.apache.accumulo.core.security.crypto.BlockedOutputStream.write(BlockedOutputStream.java:82)
	at org.apache.accumulo.core.security.crypto.BlockedOutputStream.write(BlockedOutputStream.java:82)
	at org.apache.accumulo.core.security.crypto.BlockedOutputStream.write(BlockedOutputStream.java:82)
	at org.apache.accumulo.core.security.crypto.BlockedOutputStream.write(BlockedOutputStream.java:82)
	at org.apache.accumulo.core.security.crypto.BlockedOutputStream.write(BlockedOutputStream.java:82)
	at org.apache.accumulo.core.security.crypto.BlockedOutputStream.write(BlockedOutputStream.java:82)
	at org.apache.accumulo.core.security.crypto.BlockedOutputStream.write(BlockedOutputStream.java:82)
	at org.apache.accumulo.core.security.crypto.BlockedOutputStream.write(BlockedOutputStream.java:82)
	at org.apache.accumulo.core.security.crypto.BlockedOutputStream.write(BlockedOutputStream.java:82)
	at org.apache.accumulo.core.security.crypto.BlockedOutputStream.write(BlockedOutputStream.java:82)
	at org.apache.accumulo.core.security.crypto.BlockedOutputStream.write(BlockedOutputStream.java:82)
	at org.apache.accumulo.core.security.crypto.BlockedOutputStream.write(BlockedOutputStream.java:82)
	at org.apache.accumulo.core.security.crypto.BlockedOutputStream.write(BlockedOutputStream.java:82)
	at org.apache.accumulo.core.security.crypto.BlockedOutputStream.write(BlockedOutputStream.java:82)
	at org.apache.accumulo.core.security.crypto.BlockedOutputStream.write(BlockedOutputStream.java:82)
	at org.apache.accumulo.core.security.crypto.BlockedOutputStream.write(BlockedOutputStream.java:82)
	at org.apache.accumulo.core.security.crypto.BlockedOutputStream.write(BlockedOutputStream.java:82)
	at org.apache.accumulo.core.security.crypto.BlockedOutputStream.write(BlockedOutputStream.java:82)
	at org.apache.accumulo.core.security.crypto.BlockedOutputStream.write(BlockedOutputStream.java:82)
	at org.apache.accumulo.core.security.crypto.BlockedOutputStream.write(BlockedOutputStream.java:82)
	at org.apache.accumulo.core.security.crypto.BlockedOutputStream.write(BlockedOutputStream.java:82)
	at org.apache.accumulo.core.security.crypto.BlockedOutputStream.write(BlockedOutputStream.java:82)
	at org.apache.accumulo.core.security.crypto.BlockedOutputStream.write(BlockedOutputStream.java:82)
	at org.apache.accumulo.core.security.crypto.BlockedOutputStream.write(BlockedOutputStream.java:82)
	at org.apache.accumulo.core.security.crypto.BlockedOutputStream.write(BlockedOutputStream.java:82)
	at org.apache.accumulo.core.security.crypto.BlockedOutputStream.write(BlockedOutputStream.java:82)
	at org.apache.accumulo.core.security.crypto.BlockedOutputStream.write(BlockedOutputStream.java:82)
	at org.apache.accumulo.core.security.crypto.BlockedOutputStream.write(BlockedOutputStream.java:82)
	at org.apache.accumulo.core.security.crypto.BlockedOutputStream.write(BlockedOutputStream.java:82)
	at org.apache.accumulo.core.security.crypto.BlockedOutputStream.write(BlockedOutputStream.java:82)
	at org.apache.accumulo.core.security.crypto.BlockedOutputStream.write(BlockedOutputStream.java:82)
	at org.apache.accumulo.core.security.crypto.BlockedOutputStream.write(BlockedOutputStream.java:82)
	at org.apache.accumulo.core.security.crypto.BlockedOutputStream.write(BlockedOutputStream.java:82)
	at org.apache.accumulo.core.security.crypto.BlockedOutputStream.write(BlockedOutputStream.java:82)
	at org.apache.accumulo.core.security.crypto.BlockedOutputStream.write(BlockedOutputStream.java:82)
	at org.apache.accumulo.core.security.crypto.BlockedOutputStream.write(BlockedOutputStream.java:82)
	at org.apache.accumulo.core.security.crypto.BlockedOutputStream.write(BlockedOutputStream.java:82)
	at org.apache.accumulo.core.security.crypto.BlockedOutputStream.write(BlockedOutputStream.java:82)
	at org.apache.accumulo.core.security.crypto.BlockedOutputStream.write(BlockedOutputStream.java:82)
	at org.apache.accumulo.core.security.crypto.BlockedOutputStream.write(BlockedOutputStream.java:82)
	at org.apache.accumulo.core.security.crypto.BlockedOutputStream.write(BlockedOutputStream.java:82)
	at org.apache.accumulo.core.security.crypto.BlockedOutputStream.write(BlockedOutputStream.java:82)
	at org.apache.accumulo.core.security.crypto.BlockedOutputStream.write(BlockedOutputStream.java:82)
	at org.apache.accumulo.core.security.crypto.BlockedOutputStream.write(BlockedOutputStream.java:82)
	at org.apache.accumulo.core.security.crypto.BlockedOutputStream.write(BlockedOutputStream.java:82)
	at org.apache.accumulo.core.security.crypto.BlockedOutputStream.write(BlockedOutputStream.java:82)
	at org.apache.accumulo.core.security.crypto.BlockedOutputStream.write(BlockedOutputStream.java:82)
	at org.apache.accumulo.core.security.crypto.BlockedOutputStream.write(BlockedOutputStream.java:82)
	at org.apache.accumulo.core.security.crypto.BlockedOutputStream.write(BlockedOutputStream.java:82)
	at org.apache.accumulo.core.security.crypto.BlockedOutputStream.write(BlockedOutputStream.java:82)
	at org.apache.accumulo.core.security.crypto.BlockedOutputStream.write(BlockedOutputStream.java:82)
	at org.apache.accumulo.core.security.crypto.BlockedOutputStream.write(BlockedOutputStream.java:82)
	at org.apache.accumulo.core.security.crypto.BlockedOutputStream.write(BlockedOutputStream.java:82)
	at org.apache.accumulo.core.security.crypto.BlockedOutputStream.write(BlockedOutputStream.java:82)
	at org.apache.accumulo.core.security.crypto.BlockedOutputStream.write(BlockedOutputStream.java:82)
	at org.apache.accumulo.core.security.crypto.BlockedOutputStream.write(BlockedOutputStream.java:82)
	at org.apache.accumulo.core.security.crypto.BlockedOutputStream.write(BlockedOutputStream.java:82)
	at org.apache.accumulo.core.security.crypto.BlockedOutputStream.write(BlockedOutputStream.java:82)
	at org.apache.accumulo.core.security.crypto.BlockedOutputStream.write(BlockedOutputStream.java:82)
	at org.apache.accumulo.core.security.crypto.BlockedOutputStream.write(BlockedOutputStream.java:82)
	at org.apache.accumulo.core.security.crypto.BlockedOutputStream.write(BlockedOutputStream.java:82)
	at org.apache.accumulo.core.security.crypto.BlockedOutputStream.write(BlockedOutputStream.java:82)
	at org.apache.accumulo.core.security.crypto.BlockedOutputStream.write(BlockedOutputStream.java:82)
	at org.apache.accumulo.core.security.crypto.BlockedOutputStream.write(BlockedOutputStream.java:82)
	at org.apache.accumulo.core.security.crypto.BlockedOutputStream.write(BlockedOutputStream.java:82)
	at org.apache.accumulo.core.security.crypto.BlockedOutputStream.write(BlockedOutputStream.java:82)
	at org.apache.accumulo.core.security.crypto.BlockedOutputStream.write(BlockedOutputStream.java:82)
	at org.apache.accumulo.core.security.crypto.BlockedOutputStream.write(BlockedOutputStream.java:82)
	at org.apache.accumulo.core.security.crypto.BlockedOutputStream.write(BlockedOutputStream.java:82)
	at org.apache.accumulo.core.security.crypto.BlockedOutputStream.write(BlockedOutputStream.java:82)
	at org.apache.accumulo.core.security.crypto.BlockedOutputStream.write(BlockedOutputStream.java:82)
	at org.apache.accumulo.core.security.crypto.BlockedOutputStream.write(BlockedOutputStream.java:82)
	at org.apache.accumulo.core.security.crypto.BlockedOutputStream.write(BlockedOutputStream.java:82)
	at org.apache.accumulo.core.security.crypto.BlockedOutputStream.write(BlockedOutputStream.java:82)
	at org.apache.accumulo.core.security.crypto.BlockedOutputStream.write(BlockedOutputStream.java:82)
	at org.apache.accumulo.core.security.crypto.BlockedOutputStream.write(BlockedOutputStream.java:82)
	at org.apache.accumulo.core.security.crypto.BlockedOutputStream.write(BlockedOutputStream.java:82)
	at org.apache.accumulo.core.security.crypto.BlockedOutputStream.write(BlockedOutputStream.java:82)
	at org.apache.accumulo.core.security.crypto.BlockedOutputStream.write(BlockedOutputStream.java:82)
	at org.apache.accumulo.core.security.crypto.BlockedOutputStream.write(BlockedOutputStream.java:82)
	at org.apache.accumulo.core.security.crypto.BlockedOutputStream.write(BlockedOutputStream.java:82)
	at org.apache.accumulo.core.security.crypto.BlockedOutputStream.write(BlockedOutputStream.java:82)
	at org.apache.accumulo.core.security.crypto.BlockedOutputStream.write(BlockedOutputStream.java:82)
	at org.apache.accumulo.core.security.crypto.BlockedOutputStream.write(BlockedOutputStream.java:82)
	at org.apache.accumulo.core.security.crypto.BlockedOutputStream.write(BlockedOutputStream.java:82)
	at org.apache.accumulo.core.security.crypto.BlockedOutputStream.write(BlockedOutputStream.java:82)
	at org.apache.accumulo.core.security.crypto.BlockedOutputStream.write(BlockedOutputStream.java:82)
	at org.apache.accumulo.core.security.crypto.BlockedOutputStream.write(BlockedOutputStream.java:82)
	at org.apache.accumulo.core.security.crypto.BlockedOutputStream.write(BlockedOutputStream.java:82)
	at org.apache.accumulo.core.security.crypto.BlockedOutputStream.write(BlockedOutputStream.java:82)
	at org.apache.accumulo.core.security.crypto.BlockedOutputStream.write(BlockedOutputStream.java:82)
	at org.apache.accumulo.core.security.crypto.BlockedOutputStream.write(BlockedOutputStream.java:82)
	at org.apache.accumulo.core.security.crypto.BlockedOutputStream.write(BlockedOutputStream.java:82)
	at org.apache.accumulo.core.security.crypto.BlockedOutputStream.write(BlockedOutputStream.java:82)
	at org.apache.accumulo.core.security.crypto.BlockedOutputStream.write(BlockedOutputStream.java:82)
	at org.apache.accumulo.core.security.crypto.BlockedOutputStream.write(BlockedOutputStream.java:82)
	at org.apache.accumulo.core.security.crypto.BlockedOutputStream.write(BlockedOutputStream.java:82)
	at org.apache.accumulo.core.security.crypto.BlockedOutputStream.write(BlockedOutputStream.java:82)
	at org.apache.accumulo.core.security.crypto.BlockedOutputStream.write(BlockedOutputStream.java:82)
	at org.apache.accumulo.core.security.crypto.BlockedOutputStream.write(BlockedOutputStream.java:82)
	at org.apache.accumulo.core.security.crypto.BlockedOutputStream.write(BlockedOutputStream.java:82)
	at org.apache.accumulo.core.security.crypto.BlockedOutputStream.write(BlockedOutputStream.java:82)
	at org.apache.accumulo.core.security.crypto.BlockedOutputStream.write(BlockedOutputStream.java:82)
	at org.apache.accumulo.core.security.crypto.BlockedOutputStream.write(BlockedOutputStream.java:82)
	at org.apache.accumulo.core.security.crypto.BlockedOutputStream.write(BlockedOutputStream.java:82)
	at org.apache.accumulo.core.security.crypto.BlockedOutputStream.write(BlockedOutputStream.java:82)
	at org.apache.accumulo.core.security.crypto.BlockedOutputStream.write(BlockedOutputStream.java:82)
	at org.apache.accumulo.core.security.crypto.BlockedOutputStream.write(BlockedOutputStream.java:82)
	at org.apache.accumulo.core.security.crypto.BlockedOutputStream.write(BlockedOutputStream.java:82)
	at org.apache.accumulo.core.security.crypto.BlockedOutputStream.write(BlockedOutputStream.java:82)
	at org.apache.accumulo.core.security.crypto.BlockedOutputStream.write(BlockedOutputStream.java:82)
	at org.apache.accumulo.core.security.crypto.BlockedOutputStream.write(BlockedOutputStream.java:82)
	at org.apache.accumulo.core.security.crypto.BlockedOutputStream.write(BlockedOutputStream.java:82)
	at org.apache.accumulo.core.security.crypto.BlockedOutputStream.write(BlockedOutputStream.java:82)
	at org.apache.accumulo.core.security.crypto.BlockedOutputStream.write(BlockedOutputStream.java:82)
	at org.apache.accumulo.core.security.crypto.BlockedOutputStream.write(BlockedOutputStream.java:82)
	at org.apache.accumulo.core.security.crypto.BlockedOutputStream.write(BlockedOutputStream.java:82)
	at org.apache.accumulo.core.security.crypto.BlockedOutputStream.write(BlockedOutputStream.java:82)
	at org.apache.accumulo.core.security.crypto.BlockedOutputStream.write(BlockedOutputStream.java:82)
	at org.apache.accumulo.core.security.crypto.BlockedOutputStream.write(BlockedOutputStream.java:82)
	at org.apache.accumulo.core.security.crypto.BlockedOutputStream.write(BlockedOutputStream.java:82)
	at org.apache.accumulo.core.security.crypto.BlockedOutputStream.write(BlockedOutputStream.java:82)
	at org.apache.accumulo.core.security.crypto.BlockedOutputStream.write(BlockedOutputStream.java:82)
	at org.apache.accumulo.core.security.crypto.BlockedOutputStream.write(BlockedOutputStream.java:82)
	at org.apache.accumulo.core.security.crypto.BlockedOutputStream.write(BlockedOutputStream.java:82)
	at org.apache.accumulo.core.security.crypto.BlockedOutputStream.write(BlockedOutputStream.java:82)
	at org.apache.accumulo.core.security.crypto.BlockedOutputStream.write(BlockedOutputStream.java:82)
	at org.apache.accumulo.core.security.crypto.BlockedOutputStream.write(BlockedOutputStream.java:82)
	at org.apache.accumulo.core.security.crypto.BlockedOutputStream.write(BlockedOutputStream.java:82)
	at org.apache.accumulo.core.security.crypto.BlockedOutputStream.write(BlockedOutputStream.java:82)
	at org.apache.accumulo.core.security.crypto.BlockedOutputStream.write(BlockedOutputStream.java:82)
	at org.apache.accumulo.core.security.crypto.BlockedOutputStream.write(BlockedOutputStream.java:82)
	at org.apache.accumulo.core.security.crypto.BlockedOutputStream.write(BlockedOutputStream.java:82)
	at org.apache.accumulo.core.security.crypto.BlockedOutputStream.write(BlockedOutputStream.java:82)
	at org.apache.accumulo.core.security.crypto.BlockedOutputStream.write(BlockedOutputStream.java:82)
	at org.apache.accumulo.core.security.crypto.BlockedOutputStream.write(BlockedOutputStream.java:82)
	at org.apache.accumulo.core.security.crypto.BlockedOutputStream.write(BlockedOutputStream.java:82)
	at org.apache.accumulo.core.security.crypto.BlockedOutputStream.write(BlockedOutputStream.java:82)
	at org.apache.accumulo.core.security.crypto.BlockedOutputStream.write(BlockedOutputStream.java:82)
	at org.apache.accumulo.core.security.crypto.BlockedOutputStream.write(BlockedOutputStream.java:82)
	at org.apache.accumulo.core.security.crypto.BlockedOutputStream.write(BlockedOutputStream.java:82)
	at org.apache.accumulo.core.security.crypto.BlockedOutputStream.write(BlockedOutputStream.java:82)
	at org.apache.accumulo.core.security.crypto.BlockedOutputStream.write(BlockedOutputStream.java:82)
	at org.apache.accumulo.core.security.crypto.BlockedOutputStream.write(BlockedOutputStream.java:82)
	at org.apache.accumulo.core.security.crypto.BlockedOutputStream.write(BlockedOutputStream.java:82)
	at org.apache.accumulo.core.security.crypto.BlockedOutputStream.write(BlockedOutputStream.java:82)
	at org.apache.accumulo.core.security.crypto.BlockedOutputStream.write(BlockedOutputStream.java:82)
	at org.apache.accumulo.core.security.crypto.BlockedOutputStream.write(BlockedOutputStream.java:82)
	at org.apache.accumulo.core.security.crypto.BlockedOutputStream.write(BlockedOutputStream.java:82)
	at org.apache.accumulo.core.security.crypto.BlockedOutputStream.write(BlockedOutputStream.java:82)
	at org.apache.accumulo.core.security.crypto.BlockedOutputStream.write(BlockedOutputStream.java:82)
	at org.apache.accumulo.core.security.crypto.BlockedOutputStream.write(BlockedOutputStream.java:82)
	at org.apache.accumulo.core.security.crypto.BlockedOutputStream.write(BlockedOutputStream.java:82)
	at org.apache.accumulo.core.security.crypto.BlockedOutputStream.write(BlockedOutputStream.java:82)
	at org.apache.accumulo.core.security.crypto.BlockedOutputStream.write(BlockedOutputStream.java:82)
	at org.apache.accumulo.core.security.crypto.BlockedOutputStream.write(BlockedOutputStream.java:82)
	at org.apache.accumulo.core.security.crypto.BlockedOutputStream.write(BlockedOutputStream.java:82)
	at org.apache.accumulo.core.security.crypto.BlockedOutputStream.write(BlockedOutputStream.java:82)
	at org.apache.accumulo.core.security.crypto.BlockedOutputStream.write(BlockedOutputStream.java:82)
	at org.apache.accumulo.core.security.crypto.BlockedOutputStream.write(BlockedOutputStream.java:82)
	at org.apache.accumulo.core.security.crypto.BlockedOutputStream.write(BlockedOutputStream.java:82)
	at org.apache.accumulo.core.security.crypto.BlockedOutputStream.write(BlockedOutputStream.java:82)
	at org.apache.accumulo.core.security.crypto.BlockedOutputStream.write(BlockedOutputStream.java:82)
	at org.apache.accumulo.core.security.crypto.BlockedOutputStream.write(BlockedOutputStream.java:82)
	at org.apache.accumulo.core.security.crypto.BlockedOutputStream.write(BlockedOutputStream.java:82)
	at org.apache.accumulo.core.security.crypto.BlockedOutputStream.write(BlockedOutputStream.java:82)
	at org.apache.accumulo.core.security.crypto.BlockedOutputStream.write(BlockedOutputStream.java:82)
	at org.apache.accumulo.core.security.crypto.BlockedOutputStream.write(BlockedOutputStream.java:82)
	at org.apache.accumulo.core.security.crypto.BlockedOutputStream.write(BlockedOutputStream.java:82)
	at org.apache.accumulo.core.security.crypto.BlockedOutputStream.write(BlockedOutputStream.java:82)
	at org.apache.accumulo.core.security.crypto.BlockedOutputStream.write(BlockedOutputStream.java:82)
	at org.apache.accumulo.core.security.crypto.BlockedOutputStream.write(BlockedOutputStream.java:82)
	at org.apache.accumulo.core.security.crypto.BlockedOutputStream.write(BlockedOutputStream.java:82)
	at org.apache.accumulo.core.security.crypto.BlockedOutputStream.write(BlockedOutputStream.java:82)
	at org.apache.accumulo.core.security.crypto.BlockedOutputStream.write(BlockedOutputStream.java:82)
	at org.apache.accumulo.core.security.crypto.BlockedOutputStream.write(BlockedOutputStream.java:82)
	at org.apache.accumulo.core.security.crypto.BlockedOutputStream.write(BlockedOutputStream.java:82)
	at org.apache.accumulo.core.security.crypto.BlockedOutputStream.write(BlockedOutputStream.java:82)
	at org.apache.accumulo.core.security.crypto.BlockedOutputStream.write(BlockedOutputStream.java:82)
	at org.apache.accumulo.core.security.crypto.BlockedOutputStream.write(BlockedOutputStream.java:82)
	at org.apache.accumulo.core.security.crypto.BlockedOutputStream.write(BlockedOutputStream.java:82)
	at org.apache.accumulo.core.security.crypto.BlockedOutputStream.write(BlockedOutputStream.java:82)
	at org.apache.accumulo.core.security.crypto.BlockedOutputStream.write(BlockedOutputStream.java:82)
	at org.apache.accumulo.core.security.crypto.BlockedOutputStream.write(BlockedOutputStream.java:82)
	at org.apache.accumulo.core.security.crypto.BlockedOutputStream.write(BlockedOutputStream.java:82)
	at org.apache.accumulo.core.security.crypto.BlockedOutputStream.write(BlockedOutputStream.java:82)
	at org.apache.accumulo.core.security.crypto.BlockedOutputStream.write(BlockedOutputStream.java:82)
	at org.apache.accumulo.core.security.crypto.BlockedOutputStream.write(BlockedOutputStream.java:82)
	at org.apache.accumulo.core.security.crypto.BlockedOutputStream.write(BlockedOutputStream.java:82)
	at org.apache.accumulo.core.security.crypto.BlockedOutputStream.write(BlockedOutputStream.java:82)
	at org.apache.accumulo.core.security.crypto.BlockedOutputStream.write(BlockedOutputStream.java:82)
	at org.apache.accumulo.core.security.crypto.BlockedOutputStream.write(BlockedOutputStream.java:82)
	at org.apache.accumulo.core.security.crypto.BlockedOutputStream.write(BlockedOutputStream.java:82)
	at org.apache.accumulo.core.security.crypto.BlockedOutputStream.write(BlockedOutputStream.java:82)
	at org.apache.accumulo.core.security.crypto.BlockedOutputStream.write(BlockedOutputStream.java:82)
	at org.apache.accumulo.core.security.crypto.BlockedOutputStream.write(BlockedOutputStream.java:82)
	at org.apache.accumulo.core.security.crypto.BlockedOutputStream.write(BlockedOutputStream.java:82)
	at org.apache.accumulo.core.security.crypto.BlockedOutputStream.write(BlockedOutputStream.java:82)
	at org.apache.accumulo.core.security.crypto.BlockedOutputStream.write(BlockedOutputStream.java:82)
	at org.apache.accumulo.core.security.crypto.BlockedOutputStream.write(BlockedOutputStream.java:82)
	at org.apache.accumulo.core.security.crypto.BlockedOutputStream.write(BlockedOutputStream.java:82)
	at org.apache.accumulo.core.security.crypto.BlockedOutputStream.write(BlockedOutputStream.java:82)
	at org.apache.accumulo.core.security.crypto.BlockedOutputStream.write(BlockedOutputStream.java:82)
	at org.apache.accumulo.core.security.crypto.BlockedOutputStream.write(BlockedOutputStream.java:82)
	at org.apache.accumulo.core.security.crypto.BlockedOutputStream.write(BlockedOutputStream.java:82)
	at org.apache.accumulo.core.security.crypto.BlockedOutputStream.write(BlockedOutputStream.java:82)
	at org.apache.accumulo.core.security.crypto.BlockedOutputStream.write(BlockedOutputStream.java:82)
	at org.apache.accumulo.core.security.crypto.BlockedOutputStream.write(BlockedOutputStream.java:82)
	at org.apache.accumulo.core.security.crypto.BlockedOutputStream.write(BlockedOutputStream.java:82)
	at org.apache.accumulo.core.security.crypto.BlockedOutputStream.write(BlockedOutputStream.java:82)
	at org.apache.accumulo.core.security.crypto.BlockedOutputStream.write(BlockedOutputStream.java:82)
	at org.apache.accumulo.core.security.crypto.BlockedOutputStream.write(BlockedOutputStream.java:82)
	at org.apache.accumulo.core.security.crypto.BlockedOutputStream.write(BlockedOutputStream.java:82)
	at org.apache.accumulo.core.security.crypto.BlockedOutputStream.write(BlockedOutputStream.java:82)
	at org.apache.accumulo.core.security.crypto.BlockedOutputStream.write(BlockedOutputStream.java:82)
	at org.apache.accumulo.core.security.crypto.BlockedOutputStream.write(BlockedOutputStream.java:82)
	at org.apache.accumulo.core.security.crypto.BlockedOutputStream.write(BlockedOutputStream.java:82)
	at org.apache.accumulo.core.security.crypto.BlockedOutputStream.write(BlockedOutputStream.java:82)
	at org.apache.accumulo.core.security.crypto.BlockedOutputStream.write(BlockedOutputStream.java:82)
	at org.apache.accumulo.core.security.crypto.BlockedOutputStream.write(BlockedOutputStream.java:82)
	at org.apache.accumulo.core.security.crypto.BlockedOutputStream.write(BlockedOutputStream.java:82)
	at org.apache.accumulo.core.security.crypto.BlockedOutputStream.write(BlockedOutputStream.java:82)
	at org.apache.accumulo.core.security.crypto.BlockedOutputStream.write(BlockedOutputStream.java:82)
	at org.apache.accumulo.core.security.crypto.BlockedOutputStream.write(BlockedOutputStream.java:82)
	at org.apache.accumulo.core.security.crypto.BlockedOutputStream.write(BlockedOutputStream.java:82)
	at org.apache.accumulo.core.security.crypto.BlockedOutputStream.write(BlockedOutputStream.java:82)
	at org.apache.accumulo.core.security.crypto.BlockedOutputStream.write(BlockedOutputStream.java:82)
	at org.apache.accumulo.core.security.crypto.BlockedOutputStream.write(BlockedOutputStream.java:82)
	at org.apache.accumulo.core.security.crypto.BlockedOutputStream.write(BlockedOutputStream.java:82)
	at org.apache.accumulo.core.security.crypto.BlockedOutputStream.write(BlockedOutputStream.java:82)
	at org.apache.accumulo.core.security.crypto.BlockedOutputStream.write(BlockedOutputStream.java:82)
	at org.apache.accumulo.core.security.crypto.BlockedOutputStream.write(BlockedOutputStream.java:82)
	at org.apache.accumulo.core.security.crypto.BlockedOutputStream.write(BlockedOutputStream.java:82)
	at org.apache.accumulo.core.security.crypto.BlockedOutputStream.write(BlockedOutputStream.java:82)
	at org.apache.accumulo.core.security.crypto.BlockedOutputStream.write(BlockedOutputStream.java:82)
	at org.apache.accumulo.core.security.crypto.BlockedOutputStream.write(BlockedOutputStream.java:82)
	at org.apache.accumulo.core.security.crypto.BlockedOutputStream.write(BlockedOutputStream.java:82)
	at org.apache.accumulo.core.security.crypto.BlockedOutputStream.write(BlockedOutputStream.java:82)
	at org.apache.accumulo.core.security.crypto.BlockedOutputStream.write(BlockedOutputStream.java:82)
	at org.apache.accumulo.core.security.crypto.BlockedOutputStream.write(BlockedOutputStream.java:82)
	at org.apache.accumulo.core.security.crypto.BlockedOutputStream.write(BlockedOutputStream.java:82)
	at org.apache.accumulo.core.security.crypto.BlockedOutputStream.write(BlockedOutputStream.java:82)
	at org.apache.accumulo.core.security.crypto.BlockedOutputStream.write(BlockedOutputStream.java:82)
	at org.apache.accumulo.core.security.crypto.BlockedOutputStream.write(BlockedOutputStream.java:82)
	at org.apache.accumulo.core.security.crypto.BlockedOutputStream.write(BlockedOutputStream.java:82)
	at org.apache.accumulo.core.security.crypto.BlockedOutputStream.write(BlockedOutputStream.java:82)
	at org.apache.accumulo.core.security.crypto.BlockedOutputStream.write(BlockedOutputStream.java:82)
	at org.apache.accumulo.core.security.crypto.BlockedOutputStream.write(BlockedOutputStream.java:82)
	at org.apache.accumulo.core.security.crypto.BlockedOutputStream.write(BlockedOutputStream.java:82)
	at org.apache.accumulo.core.security.crypto.BlockedOutputStream.write(BlockedOutputStream.java:82)
	at org.apache.accumulo.core.security.crypto.BlockedOutputStream.write(BlockedOutputStream.java:82)
	at org.apache.accumulo.core.security.crypto.BlockedOutputStream.write(BlockedOutputStream.java:82)
	at org.apache.accumulo.core.security.crypto.BlockedOutputStream.write(BlockedOutputStream.java:82)
	at org.apache.accumulo.core.security.crypto.BlockedOutputStream.write(BlockedOutputStream.java:82)
	at org.apache.accumulo.core.security.crypto.BlockedOutputStream.write(BlockedOutputStream.java:82)
	at org.apache.accumulo.core.security.crypto.BlockedOutputStream.write(BlockedOutputStream.java:82)
	at org.apache.accumulo.core.security.crypto.BlockedOutputStream.write(BlockedOutputStream.java:82)
	at org.apache.accumulo.core.security.crypto.BlockedOutputStream.write(BlockedOutputStream.java:82)
	at org.apache.accumulo.core.security.crypto.BlockedOutputStream.write(BlockedOutputStream.java:82)
	at org.apache.accumulo.core.security.crypto.BlockedOutputStream.write(BlockedOutputStream.java:82)
	at org.apache.accumulo.core.security.crypto.BlockedOutputStream.write(BlockedOutputStream.java:82)
	at org.apache.accumulo.core.security.crypto.BlockedOutputStream.write(BlockedOutputStream.java:82)
	at org.apache.accumulo.core.security.crypto.BlockedOutputStream.write(BlockedOutputStream.java:82)
	at org.apache.accumulo.core.security.crypto.BlockedOutputStream.write(BlockedOutputStream.java:82)
	at org.apache.accumulo.core.security.crypto.BlockedOutputStream.write(BlockedOutputStream.java:82)
	at org.apache.accumulo.core.security.crypto.BlockedOutputStream.write(BlockedOutputStream.java:82)
	at org.apache.accumulo.core.security.crypto.BlockedOutputStream.write(BlockedOutputStream.java:82)
	at org.apache.accumulo.core.security.crypto.BlockedOutputStream.write(BlockedOutputStream.java:82)
	at org.apache.accumulo.core.security.crypto.BlockedOutputStream.write(BlockedOutputStream.java:82)
	at org.apache.accumulo.core.security.crypto.BlockedOutputStream.write(BlockedOutputStream.java:82)
	at org.apache.accumulo.core.security.crypto.BlockedOutputStream.write(BlockedOutputStream.java:82)
	at org.apache.accumulo.core.security.crypto.BlockedOutputStream.write(BlockedOutputStream.java:82)
	at org.apache.accumulo.core.security.crypto.BlockedOutputStream.write(BlockedOutputStream.java:82)
	at org.apache.accumulo.core.security.crypto.BlockedOutputStream.write(BlockedOutputStream.java:82)
	at org.apache.accumulo.core.security.crypto.BlockedOutputStream.write(BlockedOutputStream.java:82)
	at org.apache.accumulo.core.security.crypto.BlockedOutputStream.write(BlockedOutputStream.java:82)
	at org.apache.accumulo.core.security.crypto.BlockedOutputStream.write(BlockedOutputStream.java:82)
	at org.apache.accumulo.core.security.crypto.BlockedOutputStream.write(BlockedOutputStream.java:82)
	at org.apache.accumulo.core.security.crypto.BlockedOutputStream.write(BlockedOutputStream.java:82)
	at org.apache.accumulo.core.security.crypto.BlockedOutputStream.write(BlockedOutputStream.java:82)
	at org.apache.accumulo.core.security.crypto.BlockedOutputStream.write(BlockedOutputStream.java:82)
	at org.apache.accumulo.core.security.crypto.BlockedOutputStream.write(BlockedOutputStream.java:82)
	at org.apache.accumulo.core.security.crypto.BlockedOutputStream.write(BlockedOutputStream.java:82)
	at org.apache.accumulo.core.security.crypto.BlockedOutputStream.write(BlockedOutputStream.java:82)
	at org.apache.accumulo.core.security.crypto.BlockedOutputStream.write(BlockedOutputStream.java:82)
	at org.apache.accumulo.core.security.crypto.BlockedOutputStream.write(BlockedOutputStream.java:82)
	at org.apache.accumulo.core.security.crypto.BlockedOutputStream.write(BlockedOutputStream.java:82)
	at org.apache.accumulo.core.security.crypto.BlockedOutputStream.write(BlockedOutputStream.java:82)
	at org.apache.accumulo.core.security.crypto.BlockedOutputStream.write(BlockedOutputStream.java:82)
	at org.apache.accumulo.core.security.crypto.BlockedOutputStream.write(BlockedOutputStream.java:82)
	at org.apache.accumulo.core.security.crypto.BlockedOutputStream.write(BlockedOutputStream.java:82)
	at org.apache.accumulo.core.security.crypto.BlockedOutputStream.write(BlockedOutputStream.java:82)
	at org.apache.accumulo.core.security.crypto.BlockedOutputStream.write(BlockedOutputStream.java:82)
	at org.apache.accumulo.core.security.crypto.BlockedOutputStream.write(BlockedOutputStream.java:82)
	at org.apache.accumulo.core.security.crypto.BlockedOutputStream.write(BlockedOutputStream.java:82)
	at org.apache.accumulo.core.security.crypto.BlockedOutputStream.write(BlockedOutputStream.java:82)
	at org.apache.accumulo.core.security.crypto.BlockedOutputStream.write(BlockedOutputStream.java:82)
	at org.apache.accumulo.core.security.crypto.BlockedOutputStream.write(BlockedOutputStream.java:82)
	at org.apache.accumulo.core.security.crypto.BlockedOutputStream.write(BlockedOutputStream.java:82)
	at org.apache.accumulo.core.security.crypto.BlockedOutputStream.write(BlockedOutputStream.java:82)
	at org.apache.accumulo.core.security.crypto.BlockedOutputStream.write(BlockedOutputStream.java:82)
	at org.apache.accumulo.core.security.crypto.BlockedOutputStream.write(BlockedOutputStream.java:82)
	at org.apache.accumulo.core.security.crypto.BlockedOutputStream.write(BlockedOutputStream.java:82)
	at org.apache.accumulo.core.security.crypto.BlockedOutputStream.write(BlockedOutputStream.java:82)
	at org.apache.accumulo.core.security.crypto.BlockedOutputStream.write(BlockedOutputStream.java:82)
	at org.apache.accumulo.core.security.crypto.BlockedOutputStream.write(BlockedOutputStream.java:82)
	at org.apache.accumulo.core.security.crypto.BlockedOutputStream.write(BlockedOutputStream.java:82)
	at org.apache.accumulo.core.security.crypto.BlockedOutputStream.write(BlockedOutputStream.java:82)
	at org.apache.accumulo.core.security.crypto.BlockedOutputStream.write(BlockedOutputStream.java:82)
	at org.apache.accumulo.core.security.crypto.BlockedOutputStream.write(BlockedOutputStream.java:82)
	at org.apache.accumulo.core.security.crypto.BlockedOutputStream.write(BlockedOutputStream.java:82)
	at org.apache.accumulo.core.security.crypto.BlockedOutputStream.write(BlockedOutputStream.java:82)
	at org.apache.accumulo.core.security.crypto.BlockedOutputStream.write(BlockedOutputStream.java:82)
	at org.apache.accumulo.core.security.crypto.BlockedOutputStream.write(BlockedOutputStream.java:82)
	at org.apache.accumulo.core.security.crypto.BlockedOutputStream.write(BlockedOutputStream.java:82)
	at org.apache.accumulo.core.security.crypto.BlockedOutputStream.write(BlockedOutputStream.java:82)
	at org.apache.accumulo.core.security.crypto.BlockedOutputStream.write(BlockedOutputStream.java:82)
	at org.apache.accumulo.core.security.crypto.BlockedOutputStream.write(BlockedOutputStream.java:82)
	at org.apache.accumulo.core.security.crypto.BlockedOutputStream.write(BlockedOutputStream.java:82)
	at org.apache.accumulo.core.security.crypto.BlockedOutputStream.write(BlockedOutputStream.java:82)
	at org.apache.accumulo.core.security.crypto.BlockedOutputStream.write(BlockedOutputStream.java:82)
	at org.apache.accumulo.core.security.crypto.BlockedOutputStream.write(BlockedOutputStream.java:82)
	at org.apache.accumulo.core.security.crypto.BlockedOutputStream.write(BlockedOutputStream.java:82)
	at org.apache.accumulo.core.security.crypto.BlockedOutputStream.write(BlockedOutputStream.java:82)
	at org.apache.accumulo.core.security.crypto.BlockedOutputStream.write(BlockedOutputStream.java:82)
	at org.apache.accumulo.core.security.crypto.BlockedOutputStream.write(BlockedOutputStream.java:82)
	at org.apache.accumulo.core.security.crypto.BlockedOutputStream.write(BlockedOutputStream.java:82)
	at org.apache.accumulo.core.security.crypto.BlockedOutputStream.write(BlockedOutputStream.java:82)
	at org.apache.accumulo.core.security.crypto.BlockedOutputStream.write(BlockedOutputStream.java:82)
	at org.apache.accumulo.core.security.crypto.BlockedOutputStream.write(BlockedOutputStream.java:82)
	at org.apache.accumulo.core.security.crypto.BlockedOutputStream.write(BlockedOutputStream.java:82)
	at org.apache.accumulo.core.security.crypto.BlockedOutputStream.write(BlockedOutputStream.java:82)
	at org.apache.accumulo.core.security.crypto.BlockedOutputStream.write(BlockedOutputStream.java:82)
	at org.apache.accumulo.core.security.crypto.BlockedOutputStream.write(BlockedOutputStream.java:82)
	at org.apache.accumulo.core.security.crypto.BlockedOutputStream.write(BlockedOutputStream.java:82)
	at org.apache.accumulo.core.security.crypto.BlockedOutputStream.write(BlockedOutputStream.java:82)
	at org.apache.accumulo.core.security.crypto.BlockedOutputStream.write(BlockedOutputStream.java:82)
	at org.apache.accumulo.core.security.crypto.BlockedOutputStream.write(BlockedOutputStream.java:82)
	at org.apache.accumulo.core.security.crypto.BlockedOutputStream.write(BlockedOutputStream.java:82)
	at org.apache.accumulo.core.security.crypto.BlockedOutputStream.write(BlockedOutputStream.java:82)
	at org.apache.accumulo.core.security.crypto.BlockedOutputStream.write(BlockedOutputStream.java:82)
	at org.apache.accumulo.core.security.crypto.BlockedOutputStream.write(BlockedOutputStream.java:82)
	at org.apache.accumulo.core.security.crypto.BlockedOutputStream.write(BlockedOutputStream.java:82)
	at org.apache.accumulo.core.security.crypto.BlockedOutputStream.write(BlockedOutputStream.java:82)
	at org.apache.accumulo.core.security.crypto.BlockedOutputStream.write(BlockedOutputStream.java:82)
	at org.apache.accumulo.core.security.crypto.BlockedOutputStream.write(BlockedOutputStream.java:82)
	at org.apache.accumulo.core.security.crypto.BlockedOutputStream.write(BlockedOutputStream.java:82)
	at org.apache.accumulo.core.security.crypto.BlockedOutputStream.write(BlockedOutputStream.java:82)
	at org.apache.accumulo.core.security.crypto.BlockedOutputStream.write(BlockedOutputStream.java:82)
	at org.apache.accumulo.core.security.crypto.BlockedOutputStream.write(BlockedOutputStream.java:82)
	at org.apache.accumulo.core.security.crypto.BlockedOutputStream.write(BlockedOutputStream.java:82)
	at org.apache.accumulo.core.security.crypto.BlockedOutputStream.write(BlockedOutputStream.java:82)
	at org.apache.accumulo.core.security.crypto.BlockedOutputStream.write(BlockedOutputStream.java:82)
	at org.apache.accumulo.core.security.crypto.BlockedOutputStream.write(BlockedOutputStream.java:82)
	at org.apache.accumulo.core.security.crypto.BlockedOutputStream.write(BlockedOutputStream.java:82)
	at org.apache.accumulo.core.security.crypto.BlockedOutputStream.write(BlockedOutputStream.java:82)
	at org.apache.accumulo.core.security.crypto.BlockedOutputStream.write(BlockedOutputStream.java:82)
	at org.apache.accumulo.core.security.crypto.BlockedOutputStream.write(BlockedOutputStream.java:82)
	at org.apache.accumulo.core.security.crypto.BlockedOutputStream.write(BlockedOutputStream.java:82)
	at org.apache.accumulo.core.security.crypto.BlockedOutputStream.write(BlockedOutputStream.java:82)
	at org.apache.accumulo.core.security.crypto.BlockedOutputStream.write(BlockedOutputStream.java:82)
	at org.apache.accumulo.core.security.crypto.BlockedOutputStream.write(BlockedOutputStream.java:82)
	at org.apache.accumulo.core.security.crypto.BlockedOutputStream.write(BlockedOutputStream.java:82)
	at org.apache.accumulo.core.security.crypto.BlockedOutputStream.write(BlockedOutputStream.java:82)
	at org.apache.accumulo.core.security.crypto.BlockedOutputStream.write(BlockedOutputStream.java:82)
	at org.apache.accumulo.core.security.crypto.BlockedOutputStream.write(BlockedOutputStream.java:82)
	at org.apache.accumulo.core.security.crypto.BlockedOutputStream.write(BlockedOutputStream.java:82)
	at org.apache.accumulo.core.security.crypto.BlockedOutputStream.write(BlockedOutputStream.java:82)
	at org.apache.accumulo.core.security.crypto.BlockedOutputStream.write(BlockedOutputStream.java:82)
	at org.apache.accumulo.core.security.crypto.BlockedOutputStream.write(BlockedOutputStream.java:82)
	at org.apache.accumulo.core.security.crypto.BlockedOutputStream.write(BlockedOutputStream.java:82)
	at org.apache.accumulo.core.security.crypto.BlockedOutputStream.write(BlockedOutputStream.java:82)
	at org.apache.accumulo.core.security.crypto.BlockedOutputStream.write(BlockedOutputStream.java:82)
	at org.apache.accumulo.core.security.crypto.BlockedOutputStream.write(BlockedOutputStream.java:82)
	at org.apache.accumulo.core.security.crypto.BlockedOutputStream.write(BlockedOutputStream.java:82)
	at org.apache.accumulo.core.security.crypto.BlockedOutputStream.write(BlockedOutputStream.java:82)
	at org.apache.accumulo.core.security.crypto.BlockedOutputStream.write(BlockedOutputStream.java:82)
	at org.apache.accumulo.core.security.crypto.BlockedOutputStream.write(BlockedOutputStream.java:82)
	at org.apache.accumulo.core.security.crypto.BlockedOutputStream.write(BlockedOutputStream.java:82)
	at org.apache.accumulo.core.security.crypto.BlockedOutputStream.write(BlockedOutputStream.java:82)
	at org.apache.accumulo.core.security.crypto.BlockedOutputStream.write(BlockedOutputStream.java:82)
	at org.apache.accumulo.core.security.crypto.BlockedOutputStream.write(BlockedOutputStream.java:82)
	at org.apache.accumulo.core.security.crypto.BlockedOutputStream.write(BlockedOutputStream.java:82)
	at org.apache.accumulo.core.security.crypto.BlockedOutputStream.write(BlockedOutputStream.java:82)
	at org.apache.accumulo.core.security.crypto.BlockedOutputStream.write(BlockedOutputStream.java:82)
	at org.apache.accumulo.core.security.crypto.BlockedOutputStream.write(BlockedOutputStream.java:82)
	at org.apache.accumulo.core.security.crypto.BlockedOutputStream.write(BlockedOutputStream.java:82)
	at org.apache.accumulo.core.security.crypto.BlockedOutputStream.write(BlockedOutputStream.java:82)

Picked up JAVA_TOOL_OPTIONS: -XX:CICompilerCount=2 -XX:ParallelGCThreads=2 -XX:ConcGCThreads=2 -Djdk.net.URLClassPath.disableClassPathURLCheck=true -XX:CICompilerCount=2 -XX:ParallelGCThreads=2 -XX:ConcGCThreads=2 -Djdk.net.URLClassPath.disableClassPathURLCheck=true 
Picked up _JAVA_OPTIONS: -Djdk.net.URLClassPath.disableClassPathURLCheck=true
Running org.apache.accumulo.core.security.crypto.CryptoTest
Tests run: 9, Failures: 0, Errors: 0, Skipped: 0, Time elapsed: 1.317 sec - in org.apache.accumulo.core.security.crypto.CryptoTest
Picked up JAVA_TOOL_OPTIONS: -XX:CICompilerCount=2 -XX:ParallelGCThreads=2 -XX:ConcGCThreads=2 -Djdk.net.URLClassPath.disableClassPathURLCheck=true -XX:CICompilerCount=2 -XX:ParallelGCThreads=2 -XX:ConcGCThreads=2 -Djdk.net.URLClassPath.disableClassPathURLCheck=true 
Picked up _JAVA_OPTIONS: -Djdk.net.URLClassPath.disableClassPathURLCheck=true
Running org.apache.accumulo.core.security.NamespacePermissionsTest
Tests run: 1, Failures: 0, Errors: 0, Skipped: 0, Time elapsed: 0.076 sec - in org.apache.accumulo.core.security.NamespacePermissionsTest
Picked up JAVA_TOOL_OPTIONS: -XX:CICompilerCount=2 -XX:ParallelGCThreads=2 -XX:ConcGCThreads=2 -Djdk.net.URLClassPath.disableClassPathURLCheck=true -XX:CICompilerCount=2 -XX:ParallelGCThreads=2 -XX:ConcGCThreads=2 -Djdk.net.URLClassPath.disableClassPathURLCheck=true 
Picked up _JAVA_OPTIONS: -Djdk.net.URLClassPath.disableClassPathURLCheck=true
Running org.apache.accumulo.core.security.AuthorizationsTest
Tests run: 6, Failures: 0, Errors: 0, Skipped: 0, Time elapsed: 0.091 sec - in org.apache.accumulo.core.security.AuthorizationsTest
Picked up JAVA_TOOL_OPTIONS: -XX:CICompilerCount=2 -XX:ParallelGCThreads=2 -XX:ConcGCThreads=2 -Djdk.net.URLClassPath.disableClassPathURLCheck=true -XX:CICompilerCount=2 -XX:ParallelGCThreads=2 -XX:ConcGCThreads=2 -Djdk.net.URLClassPath.disableClassPathURLCheck=true 
Picked up _JAVA_OPTIONS: -Djdk.net.URLClassPath.disableClassPathURLCheck=true
Running org.apache.accumulo.core.security.VisibilityEvaluatorTest
Tests run: 4, Failures: 0, Errors: 0, Skipped: 0, Time elapsed: 0.09 sec - in org.apache.accumulo.core.security.VisibilityEvaluatorTest
Picked up JAVA_TOOL_OPTIONS: -XX:CICompilerCount=2 -XX:ParallelGCThreads=2 -XX:ConcGCThreads=2 -Djdk.net.URLClassPath.disableClassPathURLCheck=true -XX:CICompilerCount=2 -XX:ParallelGCThreads=2 -XX:ConcGCThreads=2 -Djdk.net.URLClassPath.disableClassPathURLCheck=true 
Picked up _JAVA_OPTIONS: -Djdk.net.URLClassPath.disableClassPathURLCheck=true
Running org.apache.accumulo.core.security.CredentialsTest
Tests run: 5, Failures: 0, Errors: 0, Skipped: 0, Time elapsed: 0.773 sec - in org.apache.accumulo.core.security.CredentialsTest
Picked up JAVA_TOOL_OPTIONS: -XX:CICompilerCount=2 -XX:ParallelGCThreads=2 -XX:ConcGCThreads=2 -Djdk.net.URLClassPath.disableClassPathURLCheck=true -XX:CICompilerCount=2 -XX:ParallelGCThreads=2 -XX:ConcGCThreads=2 -Djdk.net.URLClassPath.disableClassPathURLCheck=true 
Picked up _JAVA_OPTIONS: -Djdk.net.URLClassPath.disableClassPathURLCheck=true
Running org.apache.accumulo.core.constraints.DefaultKeySizeConstraintTest
Tests run: 1, Failures: 0, Errors: 0, Skipped: 0, Time elapsed: 0.096 sec - in org.apache.accumulo.core.constraints.DefaultKeySizeConstraintTest
Picked up JAVA_TOOL_OPTIONS: -XX:CICompilerCount=2 -XX:ParallelGCThreads=2 -XX:ConcGCThreads=2 -Djdk.net.URLClassPath.disableClassPathURLCheck=true -XX:CICompilerCount=2 -XX:ParallelGCThreads=2 -XX:ConcGCThreads=2 -Djdk.net.URLClassPath.disableClassPathURLCheck=true 
Picked up _JAVA_OPTIONS: -Djdk.net.URLClassPath.disableClassPathURLCheck=true
Running org.apache.accumulo.core.metadata.MetadataServicerTest
Tests run: 2, Failures: 0, Errors: 0, Skipped: 0, Time elapsed: 0.785 sec - in org.apache.accumulo.core.metadata.MetadataServicerTest

Results :

Failed tests: 
  ShardedTableDistributionFormatterTest.testAggregate:62 null

Tests in error: 
  BlockedIOStreamTest.testGiantWrite » StackOverflow

Tests run: 634, Failures: 1, Errors: 1, Skipped: 1

[INFO] ------------------------------------------------------------------------
[INFO] BUILD FAILURE
[INFO] ------------------------------------------------------------------------
[INFO] Total time: 04:55 min
[INFO] Finished at: 2020-03-13T14:22:44-07:00
[INFO] Final Memory: 53M/1707M
[INFO] ------------------------------------------------------------------------
[ERROR] Failed to execute goal org.apache.maven.plugins:maven-surefire-plugin:2.16:test (default-test) on project accumulo-core: There are test failures.
[ERROR] 
[ERROR] Please refer to /scratch/tmp-rta/Bugs.jar_Accumulo_17344890_java-8/core/target/surefire-reports for the individual test results.
[ERROR] -> [Help 1]
[ERROR] 
[ERROR] To see the full stack trace of the errors, re-run Maven with the -e switch.
[ERROR] Re-run Maven using the -X switch to enable full debug logging.
[ERROR] 
[ERROR] For more information about the errors and possible solutions, please read the following articles:
[ERROR] [Help 1] http://cwiki.apache.org/confluence/display/MAVEN/MojoFailureException
