Picked up JAVA_TOOL_OPTIONS: -XX:CICompilerCount=2 -XX:ParallelGCThreads=2 -XX:ConcGCThreads=2 -Djdk.net.URLClassPath.disableClassPathURLCheck=true 
Java HotSpot(TM) 64-Bit Server VM warning: ignoring option MaxPermSize=512m; support was removed in 8.0
Picked up _JAVA_OPTIONS: -Djdk.net.URLClassPath.disableClassPathURLCheck=true
Apache Maven 3.5.0 (Red Hat 3.5.0-4.3)
Maven home: /opt/rh/rh-maven35/root/usr/share/maven
Java version: 1.8.0_181, vendor: Oracle Corporation
Java home: /scratch/jmcampos/RTA/repair_them_all_framework/jdks/jdk1.8.0_181/jre
Default locale: en_US, platform encoding: UTF-8
OS name: "linux", version: "4.14.158-1.el7.retpoline.x86_64", arch: "amd64", family: "unix"
[INFO] Scanning for projects...
[INFO] 
[INFO] ------------------------------------------------------------------------
[INFO] Building money-transfer-service 0.1
[INFO] ------------------------------------------------------------------------
[INFO] 
[INFO] --- gmavenplus-plugin:1.6.2:addTestSources (default) @ money-transfer-service ---
[INFO] Downloading: https://dl.bintray.com/groovy/maven/org/apache/maven/maven-plugin-api/3.0.1/maven-plugin-api-3.0.1.pom
[INFO] Downloading: https://repo.maven.apache.org/maven2/org/apache/maven/maven-plugin-api/3.0.1/maven-plugin-api-3.0.1.pom
[INFO] Downloaded: https://repo.maven.apache.org/maven2/org/apache/maven/maven-plugin-api/3.0.1/maven-plugin-api-3.0.1.pom (2.3 kB at 25 kB/s)
[INFO] Downloading: https://dl.bintray.com/groovy/maven/org/apache/maven/maven/3.0.1/maven-3.0.1.pom
[INFO] Downloading: https://repo.maven.apache.org/maven2/org/apache/maven/maven/3.0.1/maven-3.0.1.pom
[INFO] Downloaded: https://repo.maven.apache.org/maven2/org/apache/maven/maven/3.0.1/maven-3.0.1.pom (23 kB at 752 kB/s)
[INFO] Downloading: https://dl.bintray.com/groovy/maven/org/apache/maven/maven-model/3.0.1/maven-model-3.0.1.pom
[INFO] Downloading: https://repo.maven.apache.org/maven2/org/apache/maven/maven-model/3.0.1/maven-model-3.0.1.pom
[INFO] Downloaded: https://repo.maven.apache.org/maven2/org/apache/maven/maven-model/3.0.1/maven-model-3.0.1.pom (3.9 kB at 216 kB/s)
[INFO] Downloading: https://dl.bintray.com/groovy/maven/org/apache/maven/maven-artifact/3.0.1/maven-artifact-3.0.1.pom
[INFO] Downloading: https://repo.maven.apache.org/maven2/org/apache/maven/maven-artifact/3.0.1/maven-artifact-3.0.1.pom
[INFO] Downloaded: https://repo.maven.apache.org/maven2/org/apache/maven/maven-artifact/3.0.1/maven-artifact-3.0.1.pom (1.9 kB at 80 kB/s)
[INFO] Downloading: https://dl.bintray.com/groovy/maven/org/sonatype/sisu/sisu-inject-plexus/1.4.3.1/sisu-inject-plexus-1.4.3.1.pom
[INFO] Downloading: https://repo.maven.apache.org/maven2/org/sonatype/sisu/sisu-inject-plexus/1.4.3.1/sisu-inject-plexus-1.4.3.1.pom
[INFO] Downloaded: https://repo.maven.apache.org/maven2/org/sonatype/sisu/sisu-inject-plexus/1.4.3.1/sisu-inject-plexus-1.4.3.1.pom (5.2 kB at 372 kB/s)
[INFO] Downloading: https://dl.bintray.com/groovy/maven/org/sonatype/sisu/inject/guice-plexus/1.4.3.1/guice-plexus-1.4.3.1.pom
[INFO] Downloading: https://repo.maven.apache.org/maven2/org/sonatype/sisu/inject/guice-plexus/1.4.3.1/guice-plexus-1.4.3.1.pom
[INFO] Downloaded: https://repo.maven.apache.org/maven2/org/sonatype/sisu/inject/guice-plexus/1.4.3.1/guice-plexus-1.4.3.1.pom (3.0 kB at 233 kB/s)
[INFO] Downloading: https://dl.bintray.com/groovy/maven/org/sonatype/sisu/inject/guice-bean/1.4.3.1/guice-bean-1.4.3.1.pom
[INFO] Downloading: https://repo.maven.apache.org/maven2/org/sonatype/sisu/inject/guice-bean/1.4.3.1/guice-bean-1.4.3.1.pom
[INFO] Downloaded: https://repo.maven.apache.org/maven2/org/sonatype/sisu/inject/guice-bean/1.4.3.1/guice-bean-1.4.3.1.pom (2.5 kB at 158 kB/s)
[INFO] Downloading: https://dl.bintray.com/groovy/maven/org/sonatype/sisu/sisu-inject/1.4.3.1/sisu-inject-1.4.3.1.pom
[INFO] Downloading: https://repo.maven.apache.org/maven2/org/sonatype/sisu/sisu-inject/1.4.3.1/sisu-inject-1.4.3.1.pom
[INFO] Downloaded: https://repo.maven.apache.org/maven2/org/sonatype/sisu/sisu-inject/1.4.3.1/sisu-inject-1.4.3.1.pom (1.2 kB at 57 kB/s)
[INFO] Downloading: https://dl.bintray.com/groovy/maven/org/sonatype/sisu/sisu-parent/1.4.3.1/sisu-parent-1.4.3.1.pom
[INFO] Downloading: https://repo.maven.apache.org/maven2/org/sonatype/sisu/sisu-parent/1.4.3.1/sisu-parent-1.4.3.1.pom
[INFO] Downloaded: https://repo.maven.apache.org/maven2/org/sonatype/sisu/sisu-parent/1.4.3.1/sisu-parent-1.4.3.1.pom (8.1 kB at 39 kB/s)
[INFO] Downloading: https://dl.bintray.com/groovy/maven/org/sonatype/forge/forge-parent/6/forge-parent-6.pom
[INFO] Downloading: https://repo.maven.apache.org/maven2/org/sonatype/forge/forge-parent/6/forge-parent-6.pom
[INFO] Downloaded: https://repo.maven.apache.org/maven2/org/sonatype/forge/forge-parent/6/forge-parent-6.pom (11 kB at 717 kB/s)
[INFO] Downloading: https://dl.bintray.com/groovy/maven/org/codehaus/plexus/plexus-classworlds/2.2.3/plexus-classworlds-2.2.3.pom
[INFO] Downloading: https://repo.maven.apache.org/maven2/org/codehaus/plexus/plexus-classworlds/2.2.3/plexus-classworlds-2.2.3.pom
[INFO] Downloaded: https://repo.maven.apache.org/maven2/org/codehaus/plexus/plexus-classworlds/2.2.3/plexus-classworlds-2.2.3.pom (4.0 kB at 286 kB/s)
[INFO] Downloading: https://dl.bintray.com/groovy/maven/org/sonatype/sisu/sisu-inject-bean/1.4.3.1/sisu-inject-bean-1.4.3.1.pom
[INFO] Downloading: https://repo.maven.apache.org/maven2/org/sonatype/sisu/sisu-inject-bean/1.4.3.1/sisu-inject-bean-1.4.3.1.pom
[INFO] Downloaded: https://repo.maven.apache.org/maven2/org/sonatype/sisu/sisu-inject-bean/1.4.3.1/sisu-inject-bean-1.4.3.1.pom (5.3 kB at 166 kB/s)
[INFO] Downloading: https://dl.bintray.com/groovy/maven/org/sonatype/sisu/sisu-guice/2.9.1/sisu-guice-2.9.1.pom
[INFO] Downloading: https://repo.maven.apache.org/maven2/org/sonatype/sisu/sisu-guice/2.9.1/sisu-guice-2.9.1.pom
[INFO] Downloaded: https://repo.maven.apache.org/maven2/org/sonatype/sisu/sisu-guice/2.9.1/sisu-guice-2.9.1.pom (6.7 kB at 334 kB/s)
[INFO] Downloading: https://dl.bintray.com/groovy/maven/org/sonatype/sisu/inject/guice-parent/2.9.1/guice-parent-2.9.1.pom
[INFO] Downloading: https://repo.maven.apache.org/maven2/org/sonatype/sisu/inject/guice-parent/2.9.1/guice-parent-2.9.1.pom
[INFO] Downloaded: https://repo.maven.apache.org/maven2/org/sonatype/sisu/inject/guice-parent/2.9.1/guice-parent-2.9.1.pom (12 kB at 823 kB/s)
[INFO] Downloading: https://dl.bintray.com/groovy/maven/org/apache/maven/maven-core/3.0.1/maven-core-3.0.1.pom
[INFO] Downloading: https://repo.maven.apache.org/maven2/org/apache/maven/maven-core/3.0.1/maven-core-3.0.1.pom
[INFO] Downloaded: https://repo.maven.apache.org/maven2/org/apache/maven/maven-core/3.0.1/maven-core-3.0.1.pom (6.6 kB at 24 kB/s)
[INFO] Downloading: https://dl.bintray.com/groovy/maven/org/apache/maven/maven-settings/3.0.1/maven-settings-3.0.1.pom
[INFO] Downloading: https://repo.maven.apache.org/maven2/org/apache/maven/maven-settings/3.0.1/maven-settings-3.0.1.pom
[INFO] Downloaded: https://repo.maven.apache.org/maven2/org/apache/maven/maven-settings/3.0.1/maven-settings-3.0.1.pom (1.9 kB at 171 kB/s)
[INFO] Downloading: https://dl.bintray.com/groovy/maven/org/apache/maven/maven-settings-builder/3.0.1/maven-settings-builder-3.0.1.pom
[INFO] Downloading: https://repo.maven.apache.org/maven2/org/apache/maven/maven-settings-builder/3.0.1/maven-settings-builder-3.0.1.pom
[INFO] Downloaded: https://repo.maven.apache.org/maven2/org/apache/maven/maven-settings-builder/3.0.1/maven-settings-builder-3.0.1.pom (2.2 kB at 131 kB/s)
[INFO] Downloading: https://dl.bintray.com/groovy/maven/org/codehaus/plexus/plexus-interpolation/1.14/plexus-interpolation-1.14.pom
[INFO] Downloading: https://repo.maven.apache.org/maven2/org/codehaus/plexus/plexus-interpolation/1.14/plexus-interpolation-1.14.pom
[INFO] Downloaded: https://repo.maven.apache.org/maven2/org/codehaus/plexus/plexus-interpolation/1.14/plexus-interpolation-1.14.pom (910 B at 91 kB/s)
[INFO] Downloading: https://dl.bintray.com/groovy/maven/org/codehaus/plexus/plexus-components/1.1.18/plexus-components-1.1.18.pom
[INFO] Downloading: https://repo.maven.apache.org/maven2/org/codehaus/plexus/plexus-components/1.1.18/plexus-components-1.1.18.pom
[INFO] Downloaded: https://repo.maven.apache.org/maven2/org/codehaus/plexus/plexus-components/1.1.18/plexus-components-1.1.18.pom (5.4 kB at 298 kB/s)
[INFO] Downloading: https://dl.bintray.com/groovy/maven/org/apache/maven/maven-repository-metadata/3.0.1/maven-repository-metadata-3.0.1.pom
[INFO] Downloading: https://repo.maven.apache.org/maven2/org/apache/maven/maven-repository-metadata/3.0.1/maven-repository-metadata-3.0.1.pom
[INFO] Downloaded: https://repo.maven.apache.org/maven2/org/apache/maven/maven-repository-metadata/3.0.1/maven-repository-metadata-3.0.1.pom (1.9 kB at 36 kB/s)
[INFO] Downloading: https://dl.bintray.com/groovy/maven/org/apache/maven/maven-model-builder/3.0.1/maven-model-builder-3.0.1.pom
[INFO] Downloading: https://repo.maven.apache.org/maven2/org/apache/maven/maven-model-builder/3.0.1/maven-model-builder-3.0.1.pom
[INFO] Downloaded: https://repo.maven.apache.org/maven2/org/apache/maven/maven-model-builder/3.0.1/maven-model-builder-3.0.1.pom (2.2 kB at 187 kB/s)
[INFO] Downloading: https://dl.bintray.com/groovy/maven/org/apache/maven/maven-aether-provider/3.0.1/maven-aether-provider-3.0.1.pom
[INFO] Downloading: https://repo.maven.apache.org/maven2/org/apache/maven/maven-aether-provider/3.0.1/maven-aether-provider-3.0.1.pom
[INFO] Downloaded: https://repo.maven.apache.org/maven2/org/apache/maven/maven-aether-provider/3.0.1/maven-aether-provider-3.0.1.pom (2.9 kB at 168 kB/s)
[INFO] Downloading: https://dl.bintray.com/groovy/maven/org/sonatype/aether/aether-api/1.8/aether-api-1.8.pom
[INFO] Downloading: https://repo.maven.apache.org/maven2/org/sonatype/aether/aether-api/1.8/aether-api-1.8.pom
[INFO] Downloaded: https://repo.maven.apache.org/maven2/org/sonatype/aether/aether-api/1.8/aether-api-1.8.pom (1.3 kB at 128 kB/s)
[INFO] Downloading: https://dl.bintray.com/groovy/maven/org/sonatype/aether/aether-parent/1.8/aether-parent-1.8.pom
[INFO] Downloading: https://repo.maven.apache.org/maven2/org/sonatype/aether/aether-parent/1.8/aether-parent-1.8.pom
[INFO] Downloaded: https://repo.maven.apache.org/maven2/org/sonatype/aether/aether-parent/1.8/aether-parent-1.8.pom (9.3 kB at 665 kB/s)
[INFO] Downloading: https://dl.bintray.com/groovy/maven/org/sonatype/aether/aether-spi/1.8/aether-spi-1.8.pom
[INFO] Downloading: https://repo.maven.apache.org/maven2/org/sonatype/aether/aether-spi/1.8/aether-spi-1.8.pom
[INFO] Downloaded: https://repo.maven.apache.org/maven2/org/sonatype/aether/aether-spi/1.8/aether-spi-1.8.pom (1.3 kB at 130 kB/s)
[INFO] Downloading: https://dl.bintray.com/groovy/maven/org/sonatype/aether/aether-util/1.8/aether-util-1.8.pom
[INFO] Downloading: https://repo.maven.apache.org/maven2/org/sonatype/aether/aether-util/1.8/aether-util-1.8.pom
[INFO] Downloaded: https://repo.maven.apache.org/maven2/org/sonatype/aether/aether-util/1.8/aether-util-1.8.pom (1.6 kB at 63 kB/s)
[INFO] Downloading: https://dl.bintray.com/groovy/maven/org/sonatype/aether/aether-impl/1.8/aether-impl-1.8.pom
[INFO] Downloading: https://repo.maven.apache.org/maven2/org/sonatype/aether/aether-impl/1.8/aether-impl-1.8.pom
[INFO] Downloaded: https://repo.maven.apache.org/maven2/org/sonatype/aether/aether-impl/1.8/aether-impl-1.8.pom (2.9 kB at 246 kB/s)
[INFO] Downloading: https://dl.bintray.com/groovy/maven/org/codehaus/plexus/plexus-classworlds/2.4/plexus-classworlds-2.4.pom
[INFO] Downloading: https://repo.maven.apache.org/maven2/org/codehaus/plexus/plexus-classworlds/2.4/plexus-classworlds-2.4.pom
[INFO] Downloaded: https://repo.maven.apache.org/maven2/org/codehaus/plexus/plexus-classworlds/2.4/plexus-classworlds-2.4.pom (3.9 kB at 277 kB/s)
[INFO] Downloading: https://dl.bintray.com/groovy/maven/org/apache/maven/shared/file-management/3.0.0/file-management-3.0.0.pom
[INFO] Downloading: https://repo.maven.apache.org/maven2/org/apache/maven/shared/file-management/3.0.0/file-management-3.0.0.pom
[INFO] Downloaded: https://repo.maven.apache.org/maven2/org/apache/maven/shared/file-management/3.0.0/file-management-3.0.0.pom (4.7 kB at 8.4 kB/s)
[INFO] Downloading: https://dl.bintray.com/groovy/maven/org/apache/maven/shared/maven-shared-components/22/maven-shared-components-22.pom
[INFO] Downloading: https://repo.maven.apache.org/maven2/org/apache/maven/shared/maven-shared-components/22/maven-shared-components-22.pom
[INFO] Downloaded: https://repo.maven.apache.org/maven2/org/apache/maven/shared/maven-shared-components/22/maven-shared-components-22.pom (5.1 kB at 12 kB/s)
[INFO] Downloading: https://dl.bintray.com/groovy/maven/org/apache/maven/maven-parent/27/maven-parent-27.pom
[INFO] Downloading: https://repo.maven.apache.org/maven2/org/apache/maven/maven-parent/27/maven-parent-27.pom
[INFO] Downloaded: https://repo.maven.apache.org/maven2/org/apache/maven/maven-parent/27/maven-parent-27.pom (41 kB at 1.1 MB/s)
[INFO] Downloading: https://dl.bintray.com/groovy/maven/org/apache/apache/17/apache-17.pom
[INFO] Downloading: https://repo.maven.apache.org/maven2/org/apache/apache/17/apache-17.pom
[INFO] Downloaded: https://repo.maven.apache.org/maven2/org/apache/apache/17/apache-17.pom (16 kB at 845 kB/s)
[INFO] Downloading: https://dl.bintray.com/groovy/maven/org/apache/maven/maven-plugin-api/3.0/maven-plugin-api-3.0.pom
[INFO] Downloading: https://repo.maven.apache.org/maven2/org/apache/maven/maven-plugin-api/3.0/maven-plugin-api-3.0.pom
[INFO] Downloaded: https://repo.maven.apache.org/maven2/org/apache/maven/maven-plugin-api/3.0/maven-plugin-api-3.0.pom (2.3 kB at 74 kB/s)
[INFO] Downloading: https://dl.bintray.com/groovy/maven/org/apache/maven/maven-model/3.0/maven-model-3.0.pom
[INFO] Downloading: https://repo.maven.apache.org/maven2/org/apache/maven/maven-model/3.0/maven-model-3.0.pom
[INFO] Downloaded: https://repo.maven.apache.org/maven2/org/apache/maven/maven-model/3.0/maven-model-3.0.pom (3.9 kB at 150 kB/s)
[INFO] Downloading: https://dl.bintray.com/groovy/maven/org/sonatype/sisu/sisu-inject-plexus/1.4.2/sisu-inject-plexus-1.4.2.pom
[INFO] Downloading: https://repo.maven.apache.org/maven2/org/sonatype/sisu/sisu-inject-plexus/1.4.2/sisu-inject-plexus-1.4.2.pom
[INFO] Downloaded: https://repo.maven.apache.org/maven2/org/sonatype/sisu/sisu-inject-plexus/1.4.2/sisu-inject-plexus-1.4.2.pom (5.4 kB at 256 kB/s)
[INFO] Downloading: https://dl.bintray.com/groovy/maven/org/sonatype/sisu/inject/guice-plexus/1.4.2/guice-plexus-1.4.2.pom
[INFO] Downloading: https://repo.maven.apache.org/maven2/org/sonatype/sisu/inject/guice-plexus/1.4.2/guice-plexus-1.4.2.pom
[INFO] Downloaded: https://repo.maven.apache.org/maven2/org/sonatype/sisu/inject/guice-plexus/1.4.2/guice-plexus-1.4.2.pom (3.1 kB at 142 kB/s)
[INFO] Downloading: https://dl.bintray.com/groovy/maven/org/sonatype/sisu/inject/guice-bean/1.4.2/guice-bean-1.4.2.pom
[INFO] Downloading: https://repo.maven.apache.org/maven2/org/sonatype/sisu/inject/guice-bean/1.4.2/guice-bean-1.4.2.pom
[INFO] Downloaded: https://repo.maven.apache.org/maven2/org/sonatype/sisu/inject/guice-bean/1.4.2/guice-bean-1.4.2.pom (2.6 kB at 326 kB/s)
[INFO] Downloading: https://dl.bintray.com/groovy/maven/org/sonatype/sisu/sisu-inject/1.4.2/sisu-inject-1.4.2.pom
[INFO] Downloading: https://repo.maven.apache.org/maven2/org/sonatype/sisu/sisu-inject/1.4.2/sisu-inject-1.4.2.pom
[INFO] Downloaded: https://repo.maven.apache.org/maven2/org/sonatype/sisu/sisu-inject/1.4.2/sisu-inject-1.4.2.pom (1.2 kB at 125 kB/s)
[INFO] Downloading: https://dl.bintray.com/groovy/maven/org/sonatype/sisu/sisu-parent/1.4.2/sisu-parent-1.4.2.pom
[INFO] Downloading: https://repo.maven.apache.org/maven2/org/sonatype/sisu/sisu-parent/1.4.2/sisu-parent-1.4.2.pom
[INFO] Downloaded: https://repo.maven.apache.org/maven2/org/sonatype/sisu/sisu-parent/1.4.2/sisu-parent-1.4.2.pom (7.8 kB at 778 kB/s)
[INFO] Downloading: https://dl.bintray.com/groovy/maven/org/codehaus/plexus/plexus-component-annotations/1.5.4/plexus-component-annotations-1.5.4.pom
[INFO] Downloading: https://repo.maven.apache.org/maven2/org/codehaus/plexus/plexus-component-annotations/1.5.4/plexus-component-annotations-1.5.4.pom
[INFO] Downloaded: https://repo.maven.apache.org/maven2/org/codehaus/plexus/plexus-component-annotations/1.5.4/plexus-component-annotations-1.5.4.pom (815 B at 45 kB/s)
[INFO] Downloading: https://dl.bintray.com/groovy/maven/org/codehaus/plexus/plexus-containers/1.5.4/plexus-containers-1.5.4.pom
[INFO] Downloading: https://repo.maven.apache.org/maven2/org/codehaus/plexus/plexus-containers/1.5.4/plexus-containers-1.5.4.pom
[INFO] Downloaded: https://repo.maven.apache.org/maven2/org/codehaus/plexus/plexus-containers/1.5.4/plexus-containers-1.5.4.pom (4.2 kB at 471 kB/s)
[INFO] Downloading: https://dl.bintray.com/groovy/maven/org/codehaus/plexus/plexus/2.0.5/plexus-2.0.5.pom
[INFO] Downloading: https://repo.maven.apache.org/maven2/org/codehaus/plexus/plexus/2.0.5/plexus-2.0.5.pom
[INFO] Downloaded: https://repo.maven.apache.org/maven2/org/codehaus/plexus/plexus/2.0.5/plexus-2.0.5.pom (17 kB at 1.2 MB/s)
[INFO] Downloading: https://dl.bintray.com/groovy/maven/org/sonatype/sisu/sisu-inject-bean/1.4.2/sisu-inject-bean-1.4.2.pom
[INFO] Downloading: https://repo.maven.apache.org/maven2/org/sonatype/sisu/sisu-inject-bean/1.4.2/sisu-inject-bean-1.4.2.pom
[INFO] Downloaded: https://repo.maven.apache.org/maven2/org/sonatype/sisu/sisu-inject-bean/1.4.2/sisu-inject-bean-1.4.2.pom (5.5 kB at 420 kB/s)
[INFO] Downloading: https://dl.bintray.com/groovy/maven/org/sonatype/sisu/sisu-guice/2.1.7/sisu-guice-2.1.7.pom
[INFO] Downloading: https://repo.maven.apache.org/maven2/org/sonatype/sisu/sisu-guice/2.1.7/sisu-guice-2.1.7.pom
[INFO] Downloaded: https://repo.maven.apache.org/maven2/org/sonatype/sisu/sisu-guice/2.1.7/sisu-guice-2.1.7.pom (11 kB at 325 kB/s)
[INFO] Downloading: https://dl.bintray.com/groovy/maven/org/apache/maven/shared/maven-shared-io/3.0.0/maven-shared-io-3.0.0.pom
[INFO] Downloading: https://repo.maven.apache.org/maven2/org/apache/maven/shared/maven-shared-io/3.0.0/maven-shared-io-3.0.0.pom
[INFO] Downloaded: https://repo.maven.apache.org/maven2/org/apache/maven/shared/maven-shared-io/3.0.0/maven-shared-io-3.0.0.pom (4.2 kB at 520 kB/s)
[INFO] Downloading: https://dl.bintray.com/groovy/maven/org/apache/maven/maven-compat/3.0/maven-compat-3.0.pom
[INFO] Downloading: https://repo.maven.apache.org/maven2/org/apache/maven/maven-compat/3.0/maven-compat-3.0.pom
[INFO] Downloaded: https://repo.maven.apache.org/maven2/org/apache/maven/maven-compat/3.0/maven-compat-3.0.pom (4.0 kB at 366 kB/s)
[INFO] Downloading: https://dl.bintray.com/groovy/maven/org/apache/maven/maven-model-builder/3.0/maven-model-builder-3.0.pom
[INFO] Downloading: https://repo.maven.apache.org/maven2/org/apache/maven/maven-model-builder/3.0/maven-model-builder-3.0.pom
[INFO] Downloaded: https://repo.maven.apache.org/maven2/org/apache/maven/maven-model-builder/3.0/maven-model-builder-3.0.pom (2.2 kB at 281 kB/s)
[INFO] Downloading: https://dl.bintray.com/groovy/maven/org/apache/maven/maven-settings/3.0/maven-settings-3.0.pom
[INFO] Downloading: https://repo.maven.apache.org/maven2/org/apache/maven/maven-settings/3.0/maven-settings-3.0.pom
[INFO] Downloaded: https://repo.maven.apache.org/maven2/org/apache/maven/maven-settings/3.0/maven-settings-3.0.pom (1.9 kB at 111 kB/s)
[INFO] Downloading: https://dl.bintray.com/groovy/maven/org/apache/maven/maven-core/3.0/maven-core-3.0.pom
[INFO] Downloading: https://repo.maven.apache.org/maven2/org/apache/maven/maven-core/3.0/maven-core-3.0.pom
[INFO] Downloaded: https://repo.maven.apache.org/maven2/org/apache/maven/maven-core/3.0/maven-core-3.0.pom (6.6 kB at 1.1 MB/s)
[INFO] Downloading: https://dl.bintray.com/groovy/maven/org/apache/maven/maven-settings-builder/3.0/maven-settings-builder-3.0.pom
[INFO] Downloading: https://repo.maven.apache.org/maven2/org/apache/maven/maven-settings-builder/3.0/maven-settings-builder-3.0.pom
[INFO] Downloaded: https://repo.maven.apache.org/maven2/org/apache/maven/maven-settings-builder/3.0/maven-settings-builder-3.0.pom (2.2 kB at 106 kB/s)
[INFO] Downloading: https://dl.bintray.com/groovy/maven/org/apache/maven/maven-repository-metadata/3.0/maven-repository-metadata-3.0.pom
[INFO] Downloading: https://repo.maven.apache.org/maven2/org/apache/maven/maven-repository-metadata/3.0/maven-repository-metadata-3.0.pom
[INFO] Downloaded: https://repo.maven.apache.org/maven2/org/apache/maven/maven-repository-metadata/3.0/maven-repository-metadata-3.0.pom (1.9 kB at 175 kB/s)
[INFO] Downloading: https://dl.bintray.com/groovy/maven/org/apache/maven/maven-aether-provider/3.0/maven-aether-provider-3.0.pom
[INFO] Downloading: https://repo.maven.apache.org/maven2/org/apache/maven/maven-aether-provider/3.0/maven-aether-provider-3.0.pom
[INFO] Downloaded: https://repo.maven.apache.org/maven2/org/apache/maven/maven-aether-provider/3.0/maven-aether-provider-3.0.pom (2.5 kB at 137 kB/s)
[INFO] Downloading: https://dl.bintray.com/groovy/maven/org/sonatype/aether/aether-api/1.7/aether-api-1.7.pom
[INFO] Downloading: https://repo.maven.apache.org/maven2/org/sonatype/aether/aether-api/1.7/aether-api-1.7.pom
[INFO] Downloaded: https://repo.maven.apache.org/maven2/org/sonatype/aether/aether-api/1.7/aether-api-1.7.pom (1.7 kB at 239 kB/s)
[INFO] Downloading: https://dl.bintray.com/groovy/maven/org/sonatype/aether/aether-parent/1.7/aether-parent-1.7.pom
[INFO] Downloading: https://repo.maven.apache.org/maven2/org/sonatype/aether/aether-parent/1.7/aether-parent-1.7.pom
[INFO] Downloaded: https://repo.maven.apache.org/maven2/org/sonatype/aether/aether-parent/1.7/aether-parent-1.7.pom (7.7 kB at 858 kB/s)
[INFO] Downloading: https://dl.bintray.com/groovy/maven/org/sonatype/aether/aether-util/1.7/aether-util-1.7.pom
[INFO] Downloading: https://repo.maven.apache.org/maven2/org/sonatype/aether/aether-util/1.7/aether-util-1.7.pom
[INFO] Downloaded: https://repo.maven.apache.org/maven2/org/sonatype/aether/aether-util/1.7/aether-util-1.7.pom (2.1 kB at 295 kB/s)
[INFO] Downloading: https://dl.bintray.com/groovy/maven/org/sonatype/aether/aether-impl/1.7/aether-impl-1.7.pom
[INFO] Downloading: https://repo.maven.apache.org/maven2/org/sonatype/aether/aether-impl/1.7/aether-impl-1.7.pom
[INFO] Downloaded: https://repo.maven.apache.org/maven2/org/sonatype/aether/aether-impl/1.7/aether-impl-1.7.pom (3.7 kB at 336 kB/s)
[INFO] Downloading: https://dl.bintray.com/groovy/maven/org/sonatype/aether/aether-spi/1.7/aether-spi-1.7.pom
[INFO] Downloading: https://repo.maven.apache.org/maven2/org/sonatype/aether/aether-spi/1.7/aether-spi-1.7.pom
[INFO] Downloaded: https://repo.maven.apache.org/maven2/org/sonatype/aether/aether-spi/1.7/aether-spi-1.7.pom (1.7 kB at 218 kB/s)
[INFO] Downloading: https://dl.bintray.com/groovy/maven/org/apache/maven/wagon/wagon-provider-api/1.0-beta-6/wagon-provider-api-1.0-beta-6.pom
[INFO] Downloading: https://repo.maven.apache.org/maven2/org/apache/maven/wagon/wagon-provider-api/1.0-beta-6/wagon-provider-api-1.0-beta-6.pom
[INFO] Downloaded: https://repo.maven.apache.org/maven2/org/apache/maven/wagon/wagon-provider-api/1.0-beta-6/wagon-provider-api-1.0-beta-6.pom (1.8 kB at 147 kB/s)
[INFO] Downloading: https://dl.bintray.com/groovy/maven/org/apache/maven/wagon/wagon/1.0-beta-6/wagon-1.0-beta-6.pom
[INFO] Downloading: https://repo.maven.apache.org/maven2/org/apache/maven/wagon/wagon/1.0-beta-6/wagon-1.0-beta-6.pom
[INFO] Downloaded: https://repo.maven.apache.org/maven2/org/apache/maven/wagon/wagon/1.0-beta-6/wagon-1.0-beta-6.pom (12 kB at 1.2 MB/s)
[INFO] Downloading: https://dl.bintray.com/groovy/maven/org/codehaus/plexus/plexus-utils/1.4.2/plexus-utils-1.4.2.pom
[INFO] Downloading: https://repo.maven.apache.org/maven2/org/codehaus/plexus/plexus-utils/1.4.2/plexus-utils-1.4.2.pom
[INFO] Downloaded: https://repo.maven.apache.org/maven2/org/codehaus/plexus/plexus-utils/1.4.2/plexus-utils-1.4.2.pom (2.0 kB at 85 kB/s)
[INFO] Downloading: https://dl.bintray.com/groovy/maven/org/apache/maven/wagon/wagon-provider-api/2.10/wagon-provider-api-2.10.pom
[INFO] Downloading: https://repo.maven.apache.org/maven2/org/apache/maven/wagon/wagon-provider-api/2.10/wagon-provider-api-2.10.pom
[INFO] Downloaded: https://repo.maven.apache.org/maven2/org/apache/maven/wagon/wagon-provider-api/2.10/wagon-provider-api-2.10.pom (1.7 kB at 216 kB/s)
[INFO] Downloading: https://dl.bintray.com/groovy/maven/org/apache/maven/wagon/wagon/2.10/wagon-2.10.pom
[INFO] Downloading: https://repo.maven.apache.org/maven2/org/apache/maven/wagon/wagon/2.10/wagon-2.10.pom
[INFO] Downloaded: https://repo.maven.apache.org/maven2/org/apache/maven/wagon/wagon/2.10/wagon-2.10.pom (21 kB at 1.1 MB/s)
[INFO] Downloading: https://dl.bintray.com/groovy/maven/org/apache/maven/shared/maven-shared-utils/3.0.0/maven-shared-utils-3.0.0.pom
[INFO] Downloading: https://repo.maven.apache.org/maven2/org/apache/maven/shared/maven-shared-utils/3.0.0/maven-shared-utils-3.0.0.pom
[INFO] Downloaded: https://repo.maven.apache.org/maven2/org/apache/maven/shared/maven-shared-utils/3.0.0/maven-shared-utils-3.0.0.pom (5.6 kB at 620 kB/s)
[INFO] Downloading: https://dl.bintray.com/groovy/maven/org/apache/maven/shared/maven-shared-components/21/maven-shared-components-21.pom
[INFO] Downloading: https://repo.maven.apache.org/maven2/org/apache/maven/shared/maven-shared-components/21/maven-shared-components-21.pom
[INFO] Downloaded: https://repo.maven.apache.org/maven2/org/apache/maven/shared/maven-shared-components/21/maven-shared-components-21.pom (5.1 kB at 319 kB/s)
[INFO] Downloading: https://dl.bintray.com/groovy/maven/org/apache/maven/maven-parent/25/maven-parent-25.pom
[INFO] Downloading: https://repo.maven.apache.org/maven2/org/apache/maven/maven-parent/25/maven-parent-25.pom
[INFO] Downloaded: https://repo.maven.apache.org/maven2/org/apache/maven/maven-parent/25/maven-parent-25.pom (37 kB at 1.4 MB/s)
[INFO] Downloading: https://dl.bintray.com/groovy/maven/org/apache/apache/15/apache-15.pom
[INFO] Downloading: https://repo.maven.apache.org/maven2/org/apache/apache/15/apache-15.pom
[INFO] Downloaded: https://repo.maven.apache.org/maven2/org/apache/apache/15/apache-15.pom (15 kB at 1.3 MB/s)
[INFO] Downloading: https://dl.bintray.com/groovy/maven/commons-io/commons-io/2.4/commons-io-2.4.pom
[INFO] Downloading: https://repo.maven.apache.org/maven2/commons-io/commons-io/2.4/commons-io-2.4.pom
[INFO] Downloaded: https://repo.maven.apache.org/maven2/commons-io/commons-io/2.4/commons-io-2.4.pom (10 kB at 484 kB/s)
[INFO] Downloading: https://dl.bintray.com/groovy/maven/org/apache/commons/commons-parent/25/commons-parent-25.pom
[INFO] Downloading: https://repo.maven.apache.org/maven2/org/apache/commons/commons-parent/25/commons-parent-25.pom
[INFO] Downloaded: https://repo.maven.apache.org/maven2/org/apache/commons/commons-parent/25/commons-parent-25.pom (48 kB at 2.7 MB/s)
[INFO] Downloading: https://dl.bintray.com/groovy/maven/org/codehaus/plexus/plexus-utils/3.0.22/plexus-utils-3.0.22.pom
[INFO] Downloading: https://repo.maven.apache.org/maven2/org/codehaus/plexus/plexus-utils/3.0.22/plexus-utils-3.0.22.pom
[INFO] Downloaded: https://repo.maven.apache.org/maven2/org/codehaus/plexus/plexus-utils/3.0.22/plexus-utils-3.0.22.pom (3.8 kB at 182 kB/s)
[INFO] Downloading: https://dl.bintray.com/groovy/maven/org/codehaus/plexus/plexus-container-default/1.7.1/plexus-container-default-1.7.1.pom
[INFO] Downloading: https://repo.maven.apache.org/maven2/org/codehaus/plexus/plexus-container-default/1.7.1/plexus-container-default-1.7.1.pom
[INFO] Downloaded: https://repo.maven.apache.org/maven2/org/codehaus/plexus/plexus-container-default/1.7.1/plexus-container-default-1.7.1.pom (2.8 kB at 306 kB/s)
[INFO] Downloading: https://dl.bintray.com/groovy/maven/org/codehaus/plexus/plexus-classworlds/2.5.1/plexus-classworlds-2.5.1.pom
[INFO] Downloading: https://repo.maven.apache.org/maven2/org/codehaus/plexus/plexus-classworlds/2.5.1/plexus-classworlds-2.5.1.pom
[INFO] Downloaded: https://repo.maven.apache.org/maven2/org/codehaus/plexus/plexus-classworlds/2.5.1/plexus-classworlds-2.5.1.pom (5.0 kB at 626 kB/s)
[INFO] Downloading: https://dl.bintray.com/groovy/maven/org/apache/xbean/xbean-reflect/3.7/xbean-reflect-3.7.pom
[INFO] Downloading: https://repo.maven.apache.org/maven2/org/apache/xbean/xbean-reflect/3.7/xbean-reflect-3.7.pom
[INFO] Downloaded: https://repo.maven.apache.org/maven2/org/apache/xbean/xbean-reflect/3.7/xbean-reflect-3.7.pom (5.1 kB at 636 kB/s)
[INFO] Downloading: https://dl.bintray.com/groovy/maven/org/apache/xbean/xbean/3.7/xbean-3.7.pom
[INFO] Downloading: https://repo.maven.apache.org/maven2/org/apache/xbean/xbean/3.7/xbean-3.7.pom
[INFO] Downloaded: https://repo.maven.apache.org/maven2/org/apache/xbean/xbean/3.7/xbean-3.7.pom (15 kB at 1.1 MB/s)
[INFO] Downloading: https://dl.bintray.com/groovy/maven/org/apache/geronimo/genesis/genesis-java5-flava/2.0/genesis-java5-flava-2.0.pom
[INFO] Downloading: https://repo.maven.apache.org/maven2/org/apache/geronimo/genesis/genesis-java5-flava/2.0/genesis-java5-flava-2.0.pom
[INFO] Downloaded: https://repo.maven.apache.org/maven2/org/apache/geronimo/genesis/genesis-java5-flava/2.0/genesis-java5-flava-2.0.pom (5.5 kB at 343 kB/s)
[INFO] Downloading: https://dl.bintray.com/groovy/maven/org/apache/geronimo/genesis/genesis-default-flava/2.0/genesis-default-flava-2.0.pom
[INFO] Downloading: https://repo.maven.apache.org/maven2/org/apache/geronimo/genesis/genesis-default-flava/2.0/genesis-default-flava-2.0.pom
[INFO] Downloaded: https://repo.maven.apache.org/maven2/org/apache/geronimo/genesis/genesis-default-flava/2.0/genesis-default-flava-2.0.pom (18 kB at 1.6 MB/s)
[INFO] Downloading: https://dl.bintray.com/groovy/maven/org/apache/geronimo/genesis/genesis/2.0/genesis-2.0.pom
[INFO] Downloading: https://repo.maven.apache.org/maven2/org/apache/geronimo/genesis/genesis/2.0/genesis-2.0.pom
[INFO] Downloaded: https://repo.maven.apache.org/maven2/org/apache/geronimo/genesis/genesis/2.0/genesis-2.0.pom (18 kB at 526 kB/s)
[INFO] Downloading: https://dl.bintray.com/groovy/maven/org/fusesource/jansi/jansi/1.17.1/jansi-1.17.1.pom
[INFO] Downloading: https://repo.maven.apache.org/maven2/org/fusesource/jansi/jansi/1.17.1/jansi-1.17.1.pom
[INFO] Downloaded: https://repo.maven.apache.org/maven2/org/fusesource/jansi/jansi/1.17.1/jansi-1.17.1.pom (3.5 kB at 434 kB/s)
[INFO] Downloading: https://dl.bintray.com/groovy/maven/org/fusesource/jansi/jansi-project/1.17.1/jansi-project-1.17.1.pom
[INFO] Downloading: https://repo.maven.apache.org/maven2/org/fusesource/jansi/jansi-project/1.17.1/jansi-project-1.17.1.pom
[INFO] Downloaded: https://repo.maven.apache.org/maven2/org/fusesource/jansi/jansi-project/1.17.1/jansi-project-1.17.1.pom (10 kB at 916 kB/s)
[INFO] Downloading: https://dl.bintray.com/groovy/maven/org/fusesource/fusesource-pom/1.11/fusesource-pom-1.11.pom
[INFO] Downloading: https://repo.maven.apache.org/maven2/org/fusesource/fusesource-pom/1.11/fusesource-pom-1.11.pom
[INFO] Downloaded: https://repo.maven.apache.org/maven2/org/fusesource/fusesource-pom/1.11/fusesource-pom-1.11.pom (15 kB at 1.1 MB/s)
[INFO] Downloading: https://dl.bintray.com/groovy/maven/jline/jline/2.14.6/jline-2.14.6.pom
[INFO] Downloading: https://repo.maven.apache.org/maven2/jline/jline/2.14.6/jline-2.14.6.pom
[INFO] Downloaded: https://repo.maven.apache.org/maven2/jline/jline/2.14.6/jline-2.14.6.pom (20 kB at 1.7 MB/s)
[INFO] Downloading: https://dl.bintray.com/groovy/maven/org/apache/ant/ant/1.10.5/ant-1.10.5.pom
[INFO] Downloading: https://repo.maven.apache.org/maven2/org/apache/ant/ant/1.10.5/ant-1.10.5.pom
[INFO] Downloaded: https://repo.maven.apache.org/maven2/org/apache/ant/ant/1.10.5/ant-1.10.5.pom (10 kB at 7.6 kB/s)
[INFO] Downloading: https://dl.bintray.com/groovy/maven/org/apache/ant/ant-parent/1.10.5/ant-parent-1.10.5.pom
[INFO] Downloading: https://repo.maven.apache.org/maven2/org/apache/ant/ant-parent/1.10.5/ant-parent-1.10.5.pom
[INFO] Downloaded: https://repo.maven.apache.org/maven2/org/apache/ant/ant-parent/1.10.5/ant-parent-1.10.5.pom (5.7 kB at 475 kB/s)
[INFO] Downloading: https://dl.bintray.com/groovy/maven/org/apache/ant/ant-launcher/1.10.5/ant-launcher-1.10.5.pom
[INFO] Downloading: https://repo.maven.apache.org/maven2/org/apache/ant/ant-launcher/1.10.5/ant-launcher-1.10.5.pom
[INFO] Downloaded: https://repo.maven.apache.org/maven2/org/apache/ant/ant-launcher/1.10.5/ant-launcher-1.10.5.pom (2.3 kB at 81 kB/s)
[INFO] Downloading: https://dl.bintray.com/groovy/maven/org/apache/ivy/ivy/2.4.0/ivy-2.4.0.pom
[INFO] Downloading: https://repo.maven.apache.org/maven2/org/apache/ivy/ivy/2.4.0/ivy-2.4.0.pom
[INFO] Downloaded: https://repo.maven.apache.org/maven2/org/apache/ivy/ivy/2.4.0/ivy-2.4.0.pom (6.3 kB at 392 kB/s)
[INFO] Downloading: https://dl.bintray.com/groovy/maven/org/apache/maven/maven-plugin-api/3.0.1/maven-plugin-api-3.0.1.jar
[INFO] Downloading: https://dl.bintray.com/groovy/maven/org/apache/maven/maven-artifact/3.0.1/maven-artifact-3.0.1.jar
[INFO] Downloading: https://dl.bintray.com/groovy/maven/org/sonatype/sisu/sisu-inject-plexus/1.4.3.1/sisu-inject-plexus-1.4.3.1.jar
[INFO] Downloading: https://dl.bintray.com/groovy/maven/org/sonatype/sisu/sisu-inject-bean/1.4.3.1/sisu-inject-bean-1.4.3.1.jar
[INFO] Downloading: https://dl.bintray.com/groovy/maven/org/sonatype/sisu/sisu-guice/2.9.1/sisu-guice-2.9.1-noaop.jar
[INFO] Downloading: https://dl.bintray.com/groovy/maven/org/apache/maven/maven-model/3.0.1/maven-model-3.0.1.jar
[INFO] Downloading: https://dl.bintray.com/groovy/maven/org/codehaus/plexus/plexus-utils/2.0.4/plexus-utils-2.0.4.jar
[INFO] Downloading: https://dl.bintray.com/groovy/maven/org/apache/maven/maven-core/3.0.1/maven-core-3.0.1.jar
[INFO] Downloading: https://dl.bintray.com/groovy/maven/org/apache/maven/maven-settings/3.0.1/maven-settings-3.0.1.jar
[INFO] Downloading: https://dl.bintray.com/groovy/maven/org/apache/maven/maven-settings-builder/3.0.1/maven-settings-builder-3.0.1.jar
[INFO] Downloading: https://dl.bintray.com/groovy/maven/org/apache/maven/maven-repository-metadata/3.0.1/maven-repository-metadata-3.0.1.jar
[INFO] Downloading: https://dl.bintray.com/groovy/maven/org/apache/maven/maven-model-builder/3.0.1/maven-model-builder-3.0.1.jar
[INFO] Downloading: https://dl.bintray.com/groovy/maven/org/apache/maven/maven-aether-provider/3.0.1/maven-aether-provider-3.0.1.jar
[INFO] Downloading: https://dl.bintray.com/groovy/maven/org/sonatype/aether/aether-spi/1.8/aether-spi-1.8.jar
[INFO] Downloading: https://dl.bintray.com/groovy/maven/org/sonatype/aether/aether-impl/1.8/aether-impl-1.8.jar
[INFO] Downloading: https://dl.bintray.com/groovy/maven/org/sonatype/aether/aether-api/1.8/aether-api-1.8.jar
[INFO] Downloading: https://dl.bintray.com/groovy/maven/org/sonatype/aether/aether-util/1.8/aether-util-1.8.jar
[INFO] Downloading: https://dl.bintray.com/groovy/maven/org/codehaus/plexus/plexus-interpolation/1.14/plexus-interpolation-1.14.jar
[INFO] Downloading: https://dl.bintray.com/groovy/maven/org/apache/maven/shared/file-management/3.0.0/file-management-3.0.0.jar
[INFO] Downloading: https://dl.bintray.com/groovy/maven/org/apache/maven/shared/maven-shared-io/3.0.0/maven-shared-io-3.0.0.jar
[INFO] Downloading: https://dl.bintray.com/groovy/maven/org/apache/maven/maven-compat/3.0/maven-compat-3.0.jar
[INFO] Downloading: https://dl.bintray.com/groovy/maven/org/apache/maven/wagon/wagon-provider-api/2.10/wagon-provider-api-2.10.jar
[INFO] Downloading: https://dl.bintray.com/groovy/maven/org/apache/maven/shared/maven-shared-utils/3.0.0/maven-shared-utils-3.0.0.jar
[INFO] Downloading: https://dl.bintray.com/groovy/maven/commons-io/commons-io/2.4/commons-io-2.4.jar
[INFO] Downloading: https://dl.bintray.com/groovy/maven/org/codehaus/plexus/plexus-container-default/1.7.1/plexus-container-default-1.7.1.jar
[INFO] Downloading: https://dl.bintray.com/groovy/maven/org/apache/xbean/xbean-reflect/3.7/xbean-reflect-3.7.jar
[INFO] Downloading: https://dl.bintray.com/groovy/maven/org/codehaus/plexus/plexus-classworlds/2.5.2/plexus-classworlds-2.5.2.jar
[INFO] Downloading: https://dl.bintray.com/groovy/maven/org/fusesource/jansi/jansi/1.17.1/jansi-1.17.1.jar
[INFO] Downloading: https://dl.bintray.com/groovy/maven/jline/jline/2.14.6/jline-2.14.6.jar
[INFO] Downloading: https://dl.bintray.com/groovy/maven/org/apache/ant/ant/1.10.5/ant-1.10.5.jar
[INFO] Downloading: https://dl.bintray.com/groovy/maven/org/apache/ant/ant-launcher/1.10.5/ant-launcher-1.10.5.jar
[INFO] Downloading: https://dl.bintray.com/groovy/maven/org/apache/ivy/ivy/2.4.0/ivy-2.4.0.jar
[INFO] Downloading: https://repo.maven.apache.org/maven2/org/apache/maven/maven-plugin-api/3.0.1/maven-plugin-api-3.0.1.jar
[INFO] Downloading: https://repo.maven.apache.org/maven2/org/apache/maven/maven-artifact/3.0.1/maven-artifact-3.0.1.jar
[INFO] Downloading: https://repo.maven.apache.org/maven2/org/sonatype/sisu/sisu-inject-plexus/1.4.3.1/sisu-inject-plexus-1.4.3.1.jar
[INFO] Downloading: https://repo.maven.apache.org/maven2/org/sonatype/sisu/sisu-inject-bean/1.4.3.1/sisu-inject-bean-1.4.3.1.jar
[INFO] Downloading: https://repo.maven.apache.org/maven2/org/sonatype/sisu/sisu-guice/2.9.1/sisu-guice-2.9.1-noaop.jar
[INFO] Downloaded: https://repo.maven.apache.org/maven2/org/apache/maven/maven-plugin-api/3.0.1/maven-plugin-api-3.0.1.jar (0 B at 0 B/s)
[INFO] Downloading: https://repo.maven.apache.org/maven2/org/apache/maven/maven-model/3.0.1/maven-model-3.0.1.jar
[INFO] Downloaded: https://repo.maven.apache.org/maven2/org/apache/maven/maven-model/3.0.1/maven-model-3.0.1.jar (0 B at 0 B/s)
[INFO] Downloading: https://repo.maven.apache.org/maven2/org/codehaus/plexus/plexus-utils/2.0.4/plexus-utils-2.0.4.jar
[INFO] Downloaded: https://repo.maven.apache.org/maven2/org/apache/maven/maven-artifact/3.0.1/maven-artifact-3.0.1.jar (52 kB at 946 kB/s)
[INFO] Downloading: https://repo.maven.apache.org/maven2/org/apache/maven/maven-core/3.0.1/maven-core-3.0.1.jar
[INFO] Downloaded: https://repo.maven.apache.org/maven2/org/sonatype/sisu/sisu-inject-bean/1.4.3.1/sisu-inject-bean-1.4.3.1.jar (160 kB at 3.0 MB/s)
[INFO] Downloading: https://repo.maven.apache.org/maven2/org/apache/maven/maven-settings/3.0.1/maven-settings-3.0.1.jar
[INFO] Downloaded: https://repo.maven.apache.org/maven2/org/sonatype/sisu/sisu-inject-plexus/1.4.3.1/sisu-inject-plexus-1.4.3.1.jar (205 kB at 3.6 MB/s)
[INFO] Downloading: https://repo.maven.apache.org/maven2/org/apache/maven/maven-settings-builder/3.0.1/maven-settings-builder-3.0.1.jar
[INFO] Downloaded: https://repo.maven.apache.org/maven2/org/apache/maven/maven-core/3.0.1/maven-core-3.0.1.jar (0 B at 0 B/s)
[INFO] Downloading: https://repo.maven.apache.org/maven2/org/apache/maven/maven-repository-metadata/3.0.1/maven-repository-metadata-3.0.1.jar
[INFO] Downloaded: https://repo.maven.apache.org/maven2/org/apache/maven/maven-settings/3.0.1/maven-settings-3.0.1.jar (47 kB at 657 kB/s)
[INFO] Downloading: https://repo.maven.apache.org/maven2/org/apache/maven/maven-model-builder/3.0.1/maven-model-builder-3.0.1.jar
[INFO] Downloaded: https://repo.maven.apache.org/maven2/org/apache/maven/maven-settings-builder/3.0.1/maven-settings-builder-3.0.1.jar (41 kB at 513 kB/s)
[INFO] Downloading: https://repo.maven.apache.org/maven2/org/apache/maven/maven-aether-provider/3.0.1/maven-aether-provider-3.0.1.jar
[INFO] Downloaded: https://repo.maven.apache.org/maven2/org/codehaus/plexus/plexus-utils/2.0.4/plexus-utils-2.0.4.jar (222 kB at 2.6 MB/s)
[INFO] Downloading: https://repo.maven.apache.org/maven2/org/sonatype/aether/aether-spi/1.8/aether-spi-1.8.jar
[INFO] Downloaded: https://repo.maven.apache.org/maven2/org/apache/maven/maven-repository-metadata/3.0.1/maven-repository-metadata-3.0.1.jar (30 kB at 324 kB/s)
[INFO] Downloading: https://repo.maven.apache.org/maven2/org/sonatype/aether/aether-impl/1.8/aether-impl-1.8.jar
[INFO] Downloaded: https://repo.maven.apache.org/maven2/org/sonatype/aether/aether-spi/1.8/aether-spi-1.8.jar (14 kB at 147 kB/s)
[INFO] Downloading: https://repo.maven.apache.org/maven2/org/sonatype/aether/aether-api/1.8/aether-api-1.8.jar
[INFO] Downloaded: https://repo.maven.apache.org/maven2/org/apache/maven/maven-aether-provider/3.0.1/maven-aether-provider-3.0.1.jar (52 kB at 516 kB/s)
[INFO] Downloading: https://repo.maven.apache.org/maven2/org/sonatype/aether/aether-util/1.8/aether-util-1.8.jar
[INFO] Downloaded: https://repo.maven.apache.org/maven2/org/sonatype/sisu/sisu-guice/2.9.1/sisu-guice-2.9.1-noaop.jar (477 kB at 4.4 MB/s)
[INFO] Downloading: https://repo.maven.apache.org/maven2/org/codehaus/plexus/plexus-interpolation/1.14/plexus-interpolation-1.14.jar
[INFO] Downloaded: https://repo.maven.apache.org/maven2/org/apache/maven/maven-model-builder/3.0.1/maven-model-builder-3.0.1.jar (148 kB at 1.3 MB/s)
[INFO] Downloaded: https://repo.maven.apache.org/maven2/org/sonatype/aether/aether-api/1.8/aether-api-1.8.jar (77 kB at 715 kB/s)
[INFO] Downloading: https://repo.maven.apache.org/maven2/org/apache/maven/shared/file-management/3.0.0/file-management-3.0.0.jar
[INFO] Downloading: https://repo.maven.apache.org/maven2/org/apache/maven/shared/maven-shared-io/3.0.0/maven-shared-io-3.0.0.jar
[INFO] Downloaded: https://repo.maven.apache.org/maven2/org/sonatype/aether/aether-impl/1.8/aether-impl-1.8.jar (109 kB at 990 kB/s)
[INFO] Downloading: https://repo.maven.apache.org/maven2/org/apache/maven/maven-compat/3.0/maven-compat-3.0.jar
[INFO] Downloaded: https://repo.maven.apache.org/maven2/org/apache/maven/shared/file-management/3.0.0/file-management-3.0.0.jar (0 B at 0 B/s)
[INFO] Downloading: https://repo.maven.apache.org/maven2/org/apache/maven/wagon/wagon-provider-api/2.10/wagon-provider-api-2.10.jar
[INFO] Downloaded: https://repo.maven.apache.org/maven2/org/apache/maven/shared/maven-shared-io/3.0.0/maven-shared-io-3.0.0.jar (41 kB at 348 kB/s)
[INFO] Downloading: https://repo.maven.apache.org/maven2/org/apache/maven/shared/maven-shared-utils/3.0.0/maven-shared-utils-3.0.0.jar
[INFO] Downloaded: https://repo.maven.apache.org/maven2/org/codehaus/plexus/plexus-interpolation/1.14/plexus-interpolation-1.14.jar (61 kB at 473 kB/s)
[INFO] Downloading: https://repo.maven.apache.org/maven2/commons-io/commons-io/2.4/commons-io-2.4.jar
[INFO] Downloaded: https://repo.maven.apache.org/maven2/org/apache/maven/wagon/wagon-provider-api/2.10/wagon-provider-api-2.10.jar (54 kB at 402 kB/s)
[INFO] Downloading: https://repo.maven.apache.org/maven2/org/codehaus/plexus/plexus-container-default/1.7.1/plexus-container-default-1.7.1.jar
[INFO] Downloaded: https://repo.maven.apache.org/maven2/org/codehaus/plexus/plexus-container-default/1.7.1/plexus-container-default-1.7.1.jar (0 B at 0 B/s)
[INFO] Downloading: https://repo.maven.apache.org/maven2/org/apache/xbean/xbean-reflect/3.7/xbean-reflect-3.7.jar
[INFO] Downloaded: https://repo.maven.apache.org/maven2/org/sonatype/aether/aether-util/1.8/aether-util-1.8.jar (115 kB at 831 kB/s)
[INFO] Downloading: https://repo.maven.apache.org/maven2/org/codehaus/plexus/plexus-classworlds/2.5.2/plexus-classworlds-2.5.2.jar
[INFO] Downloaded: https://repo.maven.apache.org/maven2/org/codehaus/plexus/plexus-classworlds/2.5.2/plexus-classworlds-2.5.2.jar (0 B at 0 B/s)
[INFO] Downloading: https://repo.maven.apache.org/maven2/org/fusesource/jansi/jansi/1.17.1/jansi-1.17.1.jar
[INFO] Downloaded: https://repo.maven.apache.org/maven2/org/apache/maven/shared/maven-shared-utils/3.0.0/maven-shared-utils-3.0.0.jar (155 kB at 1.1 MB/s)
[INFO] Downloading: https://repo.maven.apache.org/maven2/jline/jline/2.14.6/jline-2.14.6.jar
[INFO] Downloaded: https://repo.maven.apache.org/maven2/org/fusesource/jansi/jansi/1.17.1/jansi-1.17.1.jar (0 B at 0 B/s)
[INFO] Downloading: https://repo.maven.apache.org/maven2/org/apache/ant/ant/1.10.5/ant-1.10.5.jar
[INFO] Downloaded: https://repo.maven.apache.org/maven2/jline/jline/2.14.6/jline-2.14.6.jar (0 B at 0 B/s)
[INFO] Downloading: https://repo.maven.apache.org/maven2/org/apache/ant/ant-launcher/1.10.5/ant-launcher-1.10.5.jar
[INFO] Downloaded: https://repo.maven.apache.org/maven2/org/apache/ant/ant/1.10.5/ant-1.10.5.jar (0 B at 0 B/s)
[INFO] Downloading: https://repo.maven.apache.org/maven2/org/apache/ivy/ivy/2.4.0/ivy-2.4.0.jar
[INFO] Downloaded: https://repo.maven.apache.org/maven2/org/apache/ivy/ivy/2.4.0/ivy-2.4.0.jar (0 B at 0 B/s)
[INFO] Downloaded: https://repo.maven.apache.org/maven2/org/apache/ant/ant-launcher/1.10.5/ant-launcher-1.10.5.jar (19 kB at 118 kB/s)
[INFO] Downloaded: https://repo.maven.apache.org/maven2/org/apache/maven/maven-compat/3.0/maven-compat-3.0.jar (285 kB at 1.8 MB/s)
[INFO] Downloaded: https://repo.maven.apache.org/maven2/commons-io/commons-io/2.4/commons-io-2.4.jar (185 kB at 1.2 MB/s)
[INFO] Downloaded: https://repo.maven.apache.org/maven2/org/apache/xbean/xbean-reflect/3.7/xbean-reflect-3.7.jar (148 kB at 931 kB/s)
[INFO] 
[INFO] --- jacoco-maven-plugin:0.8.2:prepare-agent (prepare-agent) @ money-transfer-service ---
[INFO] Downloading: https://dl.bintray.com/groovy/maven/junit/junit/4.8.2/junit-4.8.2.pom
[INFO] Downloading: https://repo.maven.apache.org/maven2/junit/junit/4.8.2/junit-4.8.2.pom
[INFO] Downloaded: https://repo.maven.apache.org/maven2/junit/junit/4.8.2/junit-4.8.2.pom (1.5 kB at 25 kB/s)
[INFO] Downloading: https://dl.bintray.com/groovy/maven/org/apache/maven/reporting/maven-reporting-impl/2.1/maven-reporting-impl-2.1.pom
[INFO] Downloading: https://repo.maven.apache.org/maven2/org/apache/maven/reporting/maven-reporting-impl/2.1/maven-reporting-impl-2.1.pom
[INFO] Downloaded: https://repo.maven.apache.org/maven2/org/apache/maven/reporting/maven-reporting-impl/2.1/maven-reporting-impl-2.1.pom (4.5 kB at 108 kB/s)
[INFO] Downloading: https://dl.bintray.com/groovy/maven/org/apache/maven/maven-project/2.0.10/maven-project-2.0.10.pom
[INFO] Downloading: https://repo.maven.apache.org/maven2/org/apache/maven/maven-project/2.0.10/maven-project-2.0.10.pom
[INFO] Downloaded: https://repo.maven.apache.org/maven2/org/apache/maven/maven-project/2.0.10/maven-project-2.0.10.pom (2.8 kB at 316 kB/s)
[INFO] Downloading: https://dl.bintray.com/groovy/maven/org/apache/maven/maven/2.0.10/maven-2.0.10.pom
[INFO] Downloading: https://repo.maven.apache.org/maven2/org/apache/maven/maven/2.0.10/maven-2.0.10.pom
[INFO] Downloaded: https://repo.maven.apache.org/maven2/org/apache/maven/maven/2.0.10/maven-2.0.10.pom (24 kB at 1.9 MB/s)
[INFO] Downloading: https://dl.bintray.com/groovy/maven/org/apache/maven/maven-settings/2.0.10/maven-settings-2.0.10.pom
[INFO] Downloading: https://repo.maven.apache.org/maven2/org/apache/maven/maven-settings/2.0.10/maven-settings-2.0.10.pom
[INFO] Downloaded: https://repo.maven.apache.org/maven2/org/apache/maven/maven-settings/2.0.10/maven-settings-2.0.10.pom (2.2 kB at 280 kB/s)
[INFO] Downloading: https://dl.bintray.com/groovy/maven/org/apache/maven/maven-model/2.0.10/maven-model-2.0.10.pom
[INFO] Downloading: https://repo.maven.apache.org/maven2/org/apache/maven/maven-model/2.0.10/maven-model-2.0.10.pom
[INFO] Downloaded: https://repo.maven.apache.org/maven2/org/apache/maven/maven-model/2.0.10/maven-model-2.0.10.pom (3.3 kB at 477 kB/s)
[INFO] Downloading: https://dl.bintray.com/groovy/maven/org/codehaus/plexus/plexus-interpolation/1.1/plexus-interpolation-1.1.pom
[INFO] Downloading: https://repo.maven.apache.org/maven2/org/codehaus/plexus/plexus-interpolation/1.1/plexus-interpolation-1.1.pom
[INFO] Downloaded: https://repo.maven.apache.org/maven2/org/codehaus/plexus/plexus-interpolation/1.1/plexus-interpolation-1.1.pom (1.4 kB at 205 kB/s)
[INFO] Downloading: https://dl.bintray.com/groovy/maven/org/apache/maven/maven-profile/2.0.10/maven-profile-2.0.10.pom
[INFO] Downloading: https://repo.maven.apache.org/maven2/org/apache/maven/maven-profile/2.0.10/maven-profile-2.0.10.pom
[INFO] Downloaded: https://repo.maven.apache.org/maven2/org/apache/maven/maven-profile/2.0.10/maven-profile-2.0.10.pom (2.1 kB at 233 kB/s)
[INFO] Downloading: https://dl.bintray.com/groovy/maven/org/apache/maven/maven-artifact-manager/2.0.10/maven-artifact-manager-2.0.10.pom
[INFO] Downloading: https://repo.maven.apache.org/maven2/org/apache/maven/maven-artifact-manager/2.0.10/maven-artifact-manager-2.0.10.pom
[INFO] Downloaded: https://repo.maven.apache.org/maven2/org/apache/maven/maven-artifact-manager/2.0.10/maven-artifact-manager-2.0.10.pom (2.7 kB at 150 kB/s)
[INFO] Downloading: https://dl.bintray.com/groovy/maven/org/apache/maven/maven-repository-metadata/2.0.10/maven-repository-metadata-2.0.10.pom
[INFO] Downloading: https://repo.maven.apache.org/maven2/org/apache/maven/maven-repository-metadata/2.0.10/maven-repository-metadata-2.0.10.pom
[INFO] Downloaded: https://repo.maven.apache.org/maven2/org/apache/maven/maven-repository-metadata/2.0.10/maven-repository-metadata-2.0.10.pom (2.3 kB at 232 kB/s)
[INFO] Downloading: https://dl.bintray.com/groovy/maven/org/apache/maven/maven-artifact/2.0.10/maven-artifact-2.0.10.pom
[INFO] Downloading: https://repo.maven.apache.org/maven2/org/apache/maven/maven-artifact/2.0.10/maven-artifact-2.0.10.pom
[INFO] Downloaded: https://repo.maven.apache.org/maven2/org/apache/maven/maven-artifact/2.0.10/maven-artifact-2.0.10.pom (1.6 kB at 108 kB/s)
[INFO] Downloading: https://dl.bintray.com/groovy/maven/org/apache/maven/maven-plugin-registry/2.0.10/maven-plugin-registry-2.0.10.pom
[INFO] Downloading: https://repo.maven.apache.org/maven2/org/apache/maven/maven-plugin-registry/2.0.10/maven-plugin-registry-2.0.10.pom
[INFO] Downloaded: https://repo.maven.apache.org/maven2/org/apache/maven/maven-plugin-registry/2.0.10/maven-plugin-registry-2.0.10.pom (2.0 kB at 155 kB/s)
[INFO] Downloading: https://dl.bintray.com/groovy/maven/org/apache/maven/maven-plugin-api/2.0.10/maven-plugin-api-2.0.10.pom
[INFO] Downloading: https://repo.maven.apache.org/maven2/org/apache/maven/maven-plugin-api/2.0.10/maven-plugin-api-2.0.10.pom
[INFO] Downloaded: https://repo.maven.apache.org/maven2/org/apache/maven/maven-plugin-api/2.0.10/maven-plugin-api-2.0.10.pom (1.5 kB at 150 kB/s)
[INFO] Downloading: https://dl.bintray.com/groovy/maven/org/apache/maven/doxia/doxia-sink-api/1.1.2/doxia-sink-api-1.1.2.pom
[INFO] Downloading: https://repo.maven.apache.org/maven2/org/apache/maven/doxia/doxia-sink-api/1.1.2/doxia-sink-api-1.1.2.pom
[INFO] Downloaded: https://repo.maven.apache.org/maven2/org/apache/maven/doxia/doxia-sink-api/1.1.2/doxia-sink-api-1.1.2.pom (1.6 kB at 121 kB/s)
[INFO] Downloading: https://dl.bintray.com/groovy/maven/org/apache/maven/doxia/doxia/1.1.2/doxia-1.1.2.pom
[INFO] Downloading: https://repo.maven.apache.org/maven2/org/apache/maven/doxia/doxia/1.1.2/doxia-1.1.2.pom
[INFO] Downloaded: https://repo.maven.apache.org/maven2/org/apache/maven/doxia/doxia/1.1.2/doxia-1.1.2.pom (18 kB at 956 kB/s)
[INFO] Downloading: https://dl.bintray.com/groovy/maven/org/apache/maven/doxia/doxia-logging-api/1.1.2/doxia-logging-api-1.1.2.pom
[INFO] Downloading: https://repo.maven.apache.org/maven2/org/apache/maven/doxia/doxia-logging-api/1.1.2/doxia-logging-api-1.1.2.pom
[INFO] Downloaded: https://repo.maven.apache.org/maven2/org/apache/maven/doxia/doxia-logging-api/1.1.2/doxia-logging-api-1.1.2.pom (1.6 kB at 122 kB/s)
[INFO] Downloading: https://dl.bintray.com/groovy/maven/org/apache/maven/doxia/doxia-core/1.1.2/doxia-core-1.1.2.pom
[INFO] Downloading: https://repo.maven.apache.org/maven2/org/apache/maven/doxia/doxia-core/1.1.2/doxia-core-1.1.2.pom
[INFO] Downloaded: https://repo.maven.apache.org/maven2/org/apache/maven/doxia/doxia-core/1.1.2/doxia-core-1.1.2.pom (3.7 kB at 372 kB/s)
[INFO] Downloading: https://dl.bintray.com/groovy/maven/org/codehaus/plexus/plexus-utils/1.5.12/plexus-utils-1.5.12.pom
[INFO] Downloading: https://repo.maven.apache.org/maven2/org/codehaus/plexus/plexus-utils/1.5.12/plexus-utils-1.5.12.pom
[INFO] Downloaded: https://repo.maven.apache.org/maven2/org/codehaus/plexus/plexus-utils/1.5.12/plexus-utils-1.5.12.pom (5.6 kB at 805 kB/s)
[INFO] Downloading: https://dl.bintray.com/groovy/maven/xerces/xercesImpl/2.8.1/xercesImpl-2.8.1.pom
[INFO] Downloading: https://repo.maven.apache.org/maven2/xerces/xercesImpl/2.8.1/xercesImpl-2.8.1.pom
[INFO] Downloaded: https://repo.maven.apache.org/maven2/xerces/xercesImpl/2.8.1/xercesImpl-2.8.1.pom (2.2 kB at 276 kB/s)
[INFO] Downloading: https://dl.bintray.com/groovy/maven/xml-apis/xml-apis/1.3.03/xml-apis-1.3.03.pom
[INFO] Downloading: https://repo.maven.apache.org/maven2/xml-apis/xml-apis/1.3.03/xml-apis-1.3.03.pom
[INFO] Downloaded: https://repo.maven.apache.org/maven2/xml-apis/xml-apis/1.3.03/xml-apis-1.3.03.pom (738 B at 57 kB/s)
[INFO] Downloading: https://dl.bintray.com/groovy/maven/org/apache/apache/1/apache-1.pom
[INFO] Downloading: https://repo.maven.apache.org/maven2/org/apache/apache/1/apache-1.pom
[INFO] Downloaded: https://repo.maven.apache.org/maven2/org/apache/apache/1/apache-1.pom (3.4 kB at 179 kB/s)
[INFO] Downloading: https://dl.bintray.com/groovy/maven/commons-httpclient/commons-httpclient/3.1/commons-httpclient-3.1.pom
[INFO] Downloading: https://repo.maven.apache.org/maven2/commons-httpclient/commons-httpclient/3.1/commons-httpclient-3.1.pom
[INFO] Downloaded: https://repo.maven.apache.org/maven2/commons-httpclient/commons-httpclient/3.1/commons-httpclient-3.1.pom (7.8 kB at 518 kB/s)
[INFO] Downloading: https://dl.bintray.com/groovy/maven/commons-codec/commons-codec/1.2/commons-codec-1.2.pom
[INFO] Downloading: https://repo.maven.apache.org/maven2/commons-codec/commons-codec/1.2/commons-codec-1.2.pom
[INFO] Downloaded: https://repo.maven.apache.org/maven2/commons-codec/commons-codec/1.2/commons-codec-1.2.pom (3.8 kB at 106 kB/s)
[INFO] Downloading: https://dl.bintray.com/groovy/maven/org/apache/maven/doxia/doxia-site-renderer/1.1.2/doxia-site-renderer-1.1.2.pom
[INFO] Downloading: https://repo.maven.apache.org/maven2/org/apache/maven/doxia/doxia-site-renderer/1.1.2/doxia-site-renderer-1.1.2.pom
[INFO] Downloaded: https://repo.maven.apache.org/maven2/org/apache/maven/doxia/doxia-site-renderer/1.1.2/doxia-site-renderer-1.1.2.pom (6.1 kB at 612 kB/s)
[INFO] Downloading: https://dl.bintray.com/groovy/maven/org/apache/maven/doxia/doxia-sitetools/1.1.2/doxia-sitetools-1.1.2.pom
[INFO] Downloading: https://repo.maven.apache.org/maven2/org/apache/maven/doxia/doxia-sitetools/1.1.2/doxia-sitetools-1.1.2.pom
[INFO] Downloaded: https://repo.maven.apache.org/maven2/org/apache/maven/doxia/doxia-sitetools/1.1.2/doxia-sitetools-1.1.2.pom (15 kB at 1.7 MB/s)
[INFO] Downloading: https://dl.bintray.com/groovy/maven/org/apache/maven/doxia/doxia-decoration-model/1.1.2/doxia-decoration-model-1.1.2.pom
[INFO] Downloading: https://repo.maven.apache.org/maven2/org/apache/maven/doxia/doxia-decoration-model/1.1.2/doxia-decoration-model-1.1.2.pom
[INFO] Downloaded: https://repo.maven.apache.org/maven2/org/apache/maven/doxia/doxia-decoration-model/1.1.2/doxia-decoration-model-1.1.2.pom (3.0 kB at 165 kB/s)
[INFO] Downloading: https://dl.bintray.com/groovy/maven/org/apache/maven/doxia/doxia-module-xhtml/1.1.2/doxia-module-xhtml-1.1.2.pom
[INFO] Downloading: https://repo.maven.apache.org/maven2/org/apache/maven/doxia/doxia-module-xhtml/1.1.2/doxia-module-xhtml-1.1.2.pom
[INFO] Downloaded: https://repo.maven.apache.org/maven2/org/apache/maven/doxia/doxia-module-xhtml/1.1.2/doxia-module-xhtml-1.1.2.pom (1.6 kB at 200 kB/s)
[INFO] Downloading: https://dl.bintray.com/groovy/maven/org/apache/maven/doxia/doxia-modules/1.1.2/doxia-modules-1.1.2.pom
[INFO] Downloading: https://repo.maven.apache.org/maven2/org/apache/maven/doxia/doxia-modules/1.1.2/doxia-modules-1.1.2.pom
[INFO] Downloaded: https://repo.maven.apache.org/maven2/org/apache/maven/doxia/doxia-modules/1.1.2/doxia-modules-1.1.2.pom (2.4 kB at 162 kB/s)
[INFO] Downloading: https://dl.bintray.com/groovy/maven/org/apache/maven/doxia/doxia-module-fml/1.1.2/doxia-module-fml-1.1.2.pom
[INFO] Downloading: https://repo.maven.apache.org/maven2/org/apache/maven/doxia/doxia-module-fml/1.1.2/doxia-module-fml-1.1.2.pom
[INFO] Downloaded: https://repo.maven.apache.org/maven2/org/apache/maven/doxia/doxia-module-fml/1.1.2/doxia-module-fml-1.1.2.pom (5.5 kB at 687 kB/s)
[INFO] Downloading: https://dl.bintray.com/groovy/maven/commons-collections/commons-collections/3.2.2/commons-collections-3.2.2.pom
[INFO] Downloading: https://repo.maven.apache.org/maven2/commons-collections/commons-collections/3.2.2/commons-collections-3.2.2.pom
[INFO] Downloaded: https://repo.maven.apache.org/maven2/commons-collections/commons-collections/3.2.2/commons-collections-3.2.2.pom (12 kB at 1.1 MB/s)
[INFO] Downloading: https://dl.bintray.com/groovy/maven/org/jacoco/org.jacoco.agent/0.8.2/org.jacoco.agent-0.8.2.pom
[INFO] Downloading: https://repo.maven.apache.org/maven2/org/jacoco/org.jacoco.agent/0.8.2/org.jacoco.agent-0.8.2.pom
[INFO] Downloaded: https://repo.maven.apache.org/maven2/org/jacoco/org.jacoco.agent/0.8.2/org.jacoco.agent-0.8.2.pom (3.5 kB at 64 kB/s)
[INFO] Downloading: https://dl.bintray.com/groovy/maven/org/jacoco/org.jacoco.core/0.8.2/org.jacoco.core-0.8.2.pom
[INFO] Downloading: https://repo.maven.apache.org/maven2/org/jacoco/org.jacoco.core/0.8.2/org.jacoco.core-0.8.2.pom
[INFO] Downloaded: https://repo.maven.apache.org/maven2/org/jacoco/org.jacoco.core/0.8.2/org.jacoco.core-0.8.2.pom (2.1 kB at 151 kB/s)
[INFO] Downloading: https://dl.bintray.com/groovy/maven/org/ow2/asm/asm/6.2.1/asm-6.2.1.pom
[INFO] Downloading: https://repo.maven.apache.org/maven2/org/ow2/asm/asm/6.2.1/asm-6.2.1.pom
[INFO] Downloaded: https://repo.maven.apache.org/maven2/org/ow2/asm/asm/6.2.1/asm-6.2.1.pom (2.9 kB at 196 kB/s)
[INFO] Downloading: https://dl.bintray.com/groovy/maven/org/ow2/ow2/1.5/ow2-1.5.pom
[INFO] Downloading: https://repo.maven.apache.org/maven2/org/ow2/ow2/1.5/ow2-1.5.pom
[INFO] Downloaded: https://repo.maven.apache.org/maven2/org/ow2/ow2/1.5/ow2-1.5.pom (11 kB at 661 kB/s)
[INFO] Downloading: https://dl.bintray.com/groovy/maven/org/ow2/asm/asm-commons/6.2.1/asm-commons-6.2.1.pom
[INFO] Downloading: https://repo.maven.apache.org/maven2/org/ow2/asm/asm-commons/6.2.1/asm-commons-6.2.1.pom
[INFO] Downloaded: https://repo.maven.apache.org/maven2/org/ow2/asm/asm-commons/6.2.1/asm-commons-6.2.1.pom (3.7 kB at 8.5 kB/s)
[INFO] Downloading: https://dl.bintray.com/groovy/maven/org/ow2/asm/asm-tree/6.2.1/asm-tree-6.2.1.pom
[INFO] Downloading: https://repo.maven.apache.org/maven2/org/ow2/asm/asm-tree/6.2.1/asm-tree-6.2.1.pom
[INFO] Downloaded: https://repo.maven.apache.org/maven2/org/ow2/asm/asm-tree/6.2.1/asm-tree-6.2.1.pom (3.1 kB at 165 kB/s)
[INFO] Downloading: https://dl.bintray.com/groovy/maven/org/ow2/asm/asm-analysis/6.2.1/asm-analysis-6.2.1.pom
[INFO] Downloading: https://repo.maven.apache.org/maven2/org/ow2/asm/asm-analysis/6.2.1/asm-analysis-6.2.1.pom
[INFO] Downloaded: https://repo.maven.apache.org/maven2/org/ow2/asm/asm-analysis/6.2.1/asm-analysis-6.2.1.pom (3.2 kB at 451 kB/s)
[INFO] Downloading: https://dl.bintray.com/groovy/maven/org/jacoco/org.jacoco.report/0.8.2/org.jacoco.report-0.8.2.pom
[INFO] Downloading: https://repo.maven.apache.org/maven2/org/jacoco/org.jacoco.report/0.8.2/org.jacoco.report-0.8.2.pom
[INFO] Downloaded: https://repo.maven.apache.org/maven2/org/jacoco/org.jacoco.report/0.8.2/org.jacoco.report-0.8.2.pom (1.9 kB at 3.6 kB/s)
[INFO] Downloading: https://dl.bintray.com/groovy/maven/org/apache/maven/maven-plugin-api/2.2.1/maven-plugin-api-2.2.1.jar
[INFO] Downloading: https://dl.bintray.com/groovy/maven/org/apache/maven/maven-project/2.2.1/maven-project-2.2.1.jar
[INFO] Downloading: https://dl.bintray.com/groovy/maven/org/apache/maven/maven-model/2.2.1/maven-model-2.2.1.jar
[INFO] Downloading: https://dl.bintray.com/groovy/maven/org/apache/maven/maven-artifact-manager/2.2.1/maven-artifact-manager-2.2.1.jar
[INFO] Downloading: https://dl.bintray.com/groovy/maven/org/apache/maven/maven-artifact/2.2.1/maven-artifact-2.2.1.jar
[INFO] Downloading: https://dl.bintray.com/groovy/maven/junit/junit/4.8.2/junit-4.8.2.jar
[INFO] Downloading: https://dl.bintray.com/groovy/maven/org/codehaus/plexus/plexus-utils/3.0.22/plexus-utils-3.0.22.jar
[INFO] Downloading: https://dl.bintray.com/groovy/maven/org/apache/maven/reporting/maven-reporting-api/2.2.1/maven-reporting-api-2.2.1.jar
[INFO] Downloading: https://dl.bintray.com/groovy/maven/org/apache/maven/doxia/doxia-sink-api/1.1/doxia-sink-api-1.1.jar
[INFO] Downloading: https://dl.bintray.com/groovy/maven/org/apache/maven/doxia/doxia-logging-api/1.1/doxia-logging-api-1.1.jar
[INFO] Downloading: https://dl.bintray.com/groovy/maven/org/apache/maven/reporting/maven-reporting-impl/2.1/maven-reporting-impl-2.1.jar
[INFO] Downloading: https://dl.bintray.com/groovy/maven/org/apache/maven/doxia/doxia-core/1.1.2/doxia-core-1.1.2.jar
[INFO] Downloading: https://dl.bintray.com/groovy/maven/xerces/xercesImpl/2.8.1/xercesImpl-2.8.1.jar
[INFO] Downloading: https://dl.bintray.com/groovy/maven/commons-httpclient/commons-httpclient/3.1/commons-httpclient-3.1.jar
[INFO] Downloading: https://dl.bintray.com/groovy/maven/commons-codec/commons-codec/1.2/commons-codec-1.2.jar
[INFO] Downloading: https://dl.bintray.com/groovy/maven/org/apache/maven/doxia/doxia-site-renderer/1.1.2/doxia-site-renderer-1.1.2.jar
[INFO] Downloading: https://dl.bintray.com/groovy/maven/org/apache/maven/doxia/doxia-decoration-model/1.1.2/doxia-decoration-model-1.1.2.jar
[INFO] Downloading: https://dl.bintray.com/groovy/maven/org/apache/maven/doxia/doxia-module-xhtml/1.1.2/doxia-module-xhtml-1.1.2.jar
[INFO] Downloading: https://dl.bintray.com/groovy/maven/org/apache/maven/doxia/doxia-module-fml/1.1.2/doxia-module-fml-1.1.2.jar
[INFO] Downloading: https://dl.bintray.com/groovy/maven/commons-collections/commons-collections/3.2.2/commons-collections-3.2.2.jar
[INFO] Downloading: https://dl.bintray.com/groovy/maven/org/jacoco/org.jacoco.agent/0.8.2/org.jacoco.agent-0.8.2-runtime.jar
[INFO] Downloading: https://dl.bintray.com/groovy/maven/org/jacoco/org.jacoco.core/0.8.2/org.jacoco.core-0.8.2.jar
[INFO] Downloading: https://dl.bintray.com/groovy/maven/org/ow2/asm/asm/6.2.1/asm-6.2.1.jar
[INFO] Downloading: https://dl.bintray.com/groovy/maven/org/ow2/asm/asm-commons/6.2.1/asm-commons-6.2.1.jar
[INFO] Downloading: https://dl.bintray.com/groovy/maven/org/ow2/asm/asm-analysis/6.2.1/asm-analysis-6.2.1.jar
[INFO] Downloading: https://dl.bintray.com/groovy/maven/org/ow2/asm/asm-tree/6.2.1/asm-tree-6.2.1.jar
[INFO] Downloading: https://dl.bintray.com/groovy/maven/org/jacoco/org.jacoco.report/0.8.2/org.jacoco.report-0.8.2.jar
[INFO] Downloading: https://repo.maven.apache.org/maven2/org/apache/maven/maven-plugin-api/2.2.1/maven-plugin-api-2.2.1.jar
[INFO] Downloading: https://repo.maven.apache.org/maven2/org/apache/maven/maven-project/2.2.1/maven-project-2.2.1.jar
[INFO] Downloading: https://repo.maven.apache.org/maven2/org/apache/maven/maven-model/2.2.1/maven-model-2.2.1.jar
[INFO] Downloaded: https://repo.maven.apache.org/maven2/org/apache/maven/maven-plugin-api/2.2.1/maven-plugin-api-2.2.1.jar (0 B at 0 B/s)
[INFO] Downloaded: https://repo.maven.apache.org/maven2/org/apache/maven/maven-project/2.2.1/maven-project-2.2.1.jar (0 B at 0 B/s)
[INFO] Downloading: https://repo.maven.apache.org/maven2/org/apache/maven/maven-artifact-manager/2.2.1/maven-artifact-manager-2.2.1.jar
[INFO] Downloaded: https://repo.maven.apache.org/maven2/org/apache/maven/maven-model/2.2.1/maven-model-2.2.1.jar (0 B at 0 B/s)
[INFO] Downloading: https://repo.maven.apache.org/maven2/org/apache/maven/maven-artifact/2.2.1/maven-artifact-2.2.1.jar
[INFO] Downloading: https://repo.maven.apache.org/maven2/junit/junit/4.8.2/junit-4.8.2.jar
[INFO] Downloading: https://repo.maven.apache.org/maven2/org/codehaus/plexus/plexus-utils/3.0.22/plexus-utils-3.0.22.jar
[INFO] Downloading: https://repo.maven.apache.org/maven2/org/apache/maven/reporting/maven-reporting-api/2.2.1/maven-reporting-api-2.2.1.jar
[INFO] Downloaded: https://repo.maven.apache.org/maven2/org/apache/maven/maven-artifact/2.2.1/maven-artifact-2.2.1.jar (0 B at 0 B/s)
[INFO] Downloading: https://repo.maven.apache.org/maven2/org/apache/maven/doxia/doxia-sink-api/1.1/doxia-sink-api-1.1.jar
[INFO] Downloaded: https://repo.maven.apache.org/maven2/org/apache/maven/maven-artifact-manager/2.2.1/maven-artifact-manager-2.2.1.jar (0 B at 0 B/s)
[INFO] Downloaded: https://repo.maven.apache.org/maven2/org/apache/maven/reporting/maven-reporting-api/2.2.1/maven-reporting-api-2.2.1.jar (0 B at 0 B/s)
[INFO] Downloading: https://repo.maven.apache.org/maven2/org/apache/maven/doxia/doxia-logging-api/1.1/doxia-logging-api-1.1.jar
[INFO] Downloading: https://repo.maven.apache.org/maven2/org/apache/maven/reporting/maven-reporting-impl/2.1/maven-reporting-impl-2.1.jar
[INFO] Downloaded: https://repo.maven.apache.org/maven2/org/codehaus/plexus/plexus-utils/3.0.22/plexus-utils-3.0.22.jar (0 B at 0 B/s)
[INFO] Downloading: https://repo.maven.apache.org/maven2/org/apache/maven/doxia/doxia-core/1.1.2/doxia-core-1.1.2.jar
[INFO] Downloaded: https://repo.maven.apache.org/maven2/org/apache/maven/reporting/maven-reporting-impl/2.1/maven-reporting-impl-2.1.jar (0 B at 0 B/s)
[INFO] Downloading: https://repo.maven.apache.org/maven2/xerces/xercesImpl/2.8.1/xercesImpl-2.8.1.jar
[INFO] Downloaded: https://repo.maven.apache.org/maven2/org/apache/maven/doxia/doxia-sink-api/1.1/doxia-sink-api-1.1.jar (13 kB at 1.2 MB/s)
[INFO] Downloading: https://repo.maven.apache.org/maven2/commons-httpclient/commons-httpclient/3.1/commons-httpclient-3.1.jar
[INFO] Downloaded: https://repo.maven.apache.org/maven2/org/apache/maven/doxia/doxia-logging-api/1.1/doxia-logging-api-1.1.jar (11 kB at 756 kB/s)
[INFO] Downloading: https://repo.maven.apache.org/maven2/commons-codec/commons-codec/1.2/commons-codec-1.2.jar
[INFO] Downloaded: https://repo.maven.apache.org/maven2/org/apache/maven/doxia/doxia-core/1.1.2/doxia-core-1.1.2.jar (158 kB at 4.4 MB/s)
[INFO] Downloading: https://repo.maven.apache.org/maven2/org/apache/maven/doxia/doxia-site-renderer/1.1.2/doxia-site-renderer-1.1.2.jar
[INFO] Downloaded: https://repo.maven.apache.org/maven2/junit/junit/4.8.2/junit-4.8.2.jar (237 kB at 4.0 MB/s)
[INFO] Downloading: https://repo.maven.apache.org/maven2/org/apache/maven/doxia/doxia-decoration-model/1.1.2/doxia-decoration-model-1.1.2.jar
[INFO] Downloaded: https://repo.maven.apache.org/maven2/commons-codec/commons-codec/1.2/commons-codec-1.2.jar (30 kB at 510 kB/s)
[INFO] Downloading: https://repo.maven.apache.org/maven2/org/apache/maven/doxia/doxia-module-xhtml/1.1.2/doxia-module-xhtml-1.1.2.jar
[INFO] Downloaded: https://repo.maven.apache.org/maven2/org/apache/maven/doxia/doxia-site-renderer/1.1.2/doxia-site-renderer-1.1.2.jar (50 kB at 764 kB/s)
[INFO] Downloading: https://repo.maven.apache.org/maven2/org/apache/maven/doxia/doxia-module-fml/1.1.2/doxia-module-fml-1.1.2.jar
[INFO] Downloaded: https://repo.maven.apache.org/maven2/org/apache/maven/doxia/doxia-module-xhtml/1.1.2/doxia-module-xhtml-1.1.2.jar (15 kB at 217 kB/s)
[INFO] Downloading: https://repo.maven.apache.org/maven2/commons-collections/commons-collections/3.2.2/commons-collections-3.2.2.jar
[INFO] Downloaded: https://repo.maven.apache.org/maven2/org/apache/maven/doxia/doxia-decoration-model/1.1.2/doxia-decoration-model-1.1.2.jar (52 kB at 508 kB/s)
[INFO] Downloading: https://repo.maven.apache.org/maven2/org/jacoco/org.jacoco.agent/0.8.2/org.jacoco.agent-0.8.2-runtime.jar
[INFO] Downloaded: https://repo.maven.apache.org/maven2/commons-httpclient/commons-httpclient/3.1/commons-httpclient-3.1.jar (305 kB at 3.0 MB/s)
[INFO] Downloading: https://repo.maven.apache.org/maven2/org/jacoco/org.jacoco.core/0.8.2/org.jacoco.core-0.8.2.jar
[INFO] Downloaded: https://repo.maven.apache.org/maven2/org/jacoco/org.jacoco.agent/0.8.2/org.jacoco.agent-0.8.2-runtime.jar (0 B at 0 B/s)
[INFO] Downloading: https://repo.maven.apache.org/maven2/org/ow2/asm/asm/6.2.1/asm-6.2.1.jar
[INFO] Downloaded: https://repo.maven.apache.org/maven2/org/jacoco/org.jacoco.core/0.8.2/org.jacoco.core-0.8.2.jar (0 B at 0 B/s)
[INFO] Downloading: https://repo.maven.apache.org/maven2/org/ow2/asm/asm-commons/6.2.1/asm-commons-6.2.1.jar
[INFO] Downloaded: https://repo.maven.apache.org/maven2/org/apache/maven/doxia/doxia-module-fml/1.1.2/doxia-module-fml-1.1.2.jar (37 kB at 334 kB/s)
[INFO] Downloading: https://repo.maven.apache.org/maven2/org/ow2/asm/asm-analysis/6.2.1/asm-analysis-6.2.1.jar
[INFO] Downloaded: https://repo.maven.apache.org/maven2/org/ow2/asm/asm/6.2.1/asm-6.2.1.jar (0 B at 0 B/s)
[INFO] Downloading: https://repo.maven.apache.org/maven2/org/ow2/asm/asm-tree/6.2.1/asm-tree-6.2.1.jar
[INFO] Downloaded: https://repo.maven.apache.org/maven2/org/ow2/asm/asm-commons/6.2.1/asm-commons-6.2.1.jar (0 B at 0 B/s)
[INFO] Downloading: https://repo.maven.apache.org/maven2/org/jacoco/org.jacoco.report/0.8.2/org.jacoco.report-0.8.2.jar
[INFO] Downloaded: https://repo.maven.apache.org/maven2/org/jacoco/org.jacoco.report/0.8.2/org.jacoco.report-0.8.2.jar (0 B at 0 B/s)
[INFO] Downloaded: https://repo.maven.apache.org/maven2/org/ow2/asm/asm-tree/6.2.1/asm-tree-6.2.1.jar (50 kB at 317 kB/s)
[INFO] Downloaded: https://repo.maven.apache.org/maven2/org/ow2/asm/asm-analysis/6.2.1/asm-analysis-6.2.1.jar (33 kB at 179 kB/s)
[INFO] Downloaded: https://repo.maven.apache.org/maven2/commons-collections/commons-collections/3.2.2/commons-collections-3.2.2.jar (588 kB at 3.2 MB/s)
[INFO] Downloaded: https://repo.maven.apache.org/maven2/xerces/xercesImpl/2.8.1/xercesImpl-2.8.1.jar (1.2 MB at 6.0 MB/s)
[INFO] maven.surefire.argLine set to -javaagent:/scratch/tmp-rta/Bears_DmitriiSerikov-money-transfer-service_446104441-446106577_java-8/.m2/org/jacoco/org.jacoco.agent/0.8.2/org.jacoco.agent-0.8.2-runtime.jar=destfile=/scratch/tmp-rta/Bears_DmitriiSerikov-money-transfer-service_446104441-446106577_java-8/target/jacoco.exec
[INFO] 
[INFO] --- maven-resources-plugin:2.6:resources (default-resources) @ money-transfer-service ---
[INFO] Downloading: https://dl.bintray.com/groovy/maven/org/apache/maven/maven-plugin-api/2.0.6/maven-plugin-api-2.0.6.jar
[INFO] Downloading: https://dl.bintray.com/groovy/maven/org/apache/maven/maven-project/2.0.6/maven-project-2.0.6.jar
[INFO] Downloading: https://dl.bintray.com/groovy/maven/org/apache/maven/maven-artifact-manager/2.0.6/maven-artifact-manager-2.0.6.jar
[INFO] Downloading: https://dl.bintray.com/groovy/maven/org/apache/maven/maven-core/2.0.6/maven-core-2.0.6.jar
[INFO] Downloading: https://dl.bintray.com/groovy/maven/org/apache/maven/maven-settings/2.0.6/maven-settings-2.0.6.jar
[INFO] Downloading: https://dl.bintray.com/groovy/maven/org/apache/maven/maven-artifact/2.0.6/maven-artifact-2.0.6.jar
[INFO] Downloading: https://dl.bintray.com/groovy/maven/org/apache/maven/maven-model/2.0.6/maven-model-2.0.6.jar
[INFO] Downloading: https://dl.bintray.com/groovy/maven/org/apache/maven/maven-monitor/2.0.6/maven-monitor-2.0.6.jar
[INFO] Downloading: https://dl.bintray.com/groovy/maven/org/codehaus/plexus/plexus-utils/2.0.5/plexus-utils-2.0.5.jar
[INFO] Downloading: https://dl.bintray.com/groovy/maven/org/apache/maven/shared/maven-filtering/1.1/maven-filtering-1.1.jar
[INFO] Downloading: https://dl.bintray.com/groovy/maven/org/codehaus/plexus/plexus-interpolation/1.13/plexus-interpolation-1.13.jar
[INFO] Downloading: https://repo.maven.apache.org/maven2/org/apache/maven/maven-plugin-api/2.0.6/maven-plugin-api-2.0.6.jar
[INFO] Downloading: https://repo.maven.apache.org/maven2/org/apache/maven/maven-project/2.0.6/maven-project-2.0.6.jar
[INFO] Downloading: https://repo.maven.apache.org/maven2/org/apache/maven/maven-artifact-manager/2.0.6/maven-artifact-manager-2.0.6.jar
[INFO] Downloading: https://repo.maven.apache.org/maven2/org/apache/maven/maven-core/2.0.6/maven-core-2.0.6.jar
[INFO] Downloading: https://repo.maven.apache.org/maven2/org/apache/maven/maven-artifact/2.0.6/maven-artifact-2.0.6.jar
[INFO] Downloaded: https://repo.maven.apache.org/maven2/org/apache/maven/maven-plugin-api/2.0.6/maven-plugin-api-2.0.6.jar (0 B at 0 B/s)
[INFO] Downloaded: https://repo.maven.apache.org/maven2/org/apache/maven/maven-artifact-manager/2.0.6/maven-artifact-manager-2.0.6.jar (0 B at 0 B/s)
[INFO] Downloaded: https://repo.maven.apache.org/maven2/org/apache/maven/maven-project/2.0.6/maven-project-2.0.6.jar (0 B at 0 B/s)
[INFO] Downloading: https://repo.maven.apache.org/maven2/org/apache/maven/maven-settings/2.0.6/maven-settings-2.0.6.jar
[INFO] Downloading: https://repo.maven.apache.org/maven2/org/apache/maven/maven-model/2.0.6/maven-model-2.0.6.jar
[INFO] Downloading: https://repo.maven.apache.org/maven2/org/apache/maven/maven-monitor/2.0.6/maven-monitor-2.0.6.jar
[INFO] Downloaded: https://repo.maven.apache.org/maven2/org/apache/maven/maven-artifact/2.0.6/maven-artifact-2.0.6.jar (0 B at 0 B/s)
[INFO] Downloading: https://repo.maven.apache.org/maven2/org/codehaus/plexus/plexus-utils/2.0.5/plexus-utils-2.0.5.jar
[INFO] Downloaded: https://repo.maven.apache.org/maven2/org/apache/maven/maven-settings/2.0.6/maven-settings-2.0.6.jar (0 B at 0 B/s)
[INFO] Downloading: https://repo.maven.apache.org/maven2/org/apache/maven/shared/maven-filtering/1.1/maven-filtering-1.1.jar
[INFO] Downloaded: https://repo.maven.apache.org/maven2/org/apache/maven/maven-model/2.0.6/maven-model-2.0.6.jar (0 B at 0 B/s)
[INFO] Downloaded: https://repo.maven.apache.org/maven2/org/apache/maven/maven-monitor/2.0.6/maven-monitor-2.0.6.jar (0 B at 0 B/s)
[INFO] Downloading: https://repo.maven.apache.org/maven2/org/codehaus/plexus/plexus-interpolation/1.13/plexus-interpolation-1.13.jar
[INFO] Downloaded: https://repo.maven.apache.org/maven2/org/apache/maven/maven-core/2.0.6/maven-core-2.0.6.jar (0 B at 0 B/s)
[INFO] Downloaded: https://repo.maven.apache.org/maven2/org/codehaus/plexus/plexus-interpolation/1.13/plexus-interpolation-1.13.jar (0 B at 0 B/s)
[INFO] Downloaded: https://repo.maven.apache.org/maven2/org/apache/maven/shared/maven-filtering/1.1/maven-filtering-1.1.jar (0 B at 0 B/s)
[INFO] Downloaded: https://repo.maven.apache.org/maven2/org/codehaus/plexus/plexus-utils/2.0.5/plexus-utils-2.0.5.jar (0 B at 0 B/s)
[INFO] Using 'UTF-8' encoding to copy filtered resources.
[INFO] Copying 2 resources
[INFO] 
[INFO] --- maven-compiler-plugin:3.7.0:compile (default-compile) @ money-transfer-service ---
[INFO] Downloading: https://dl.bintray.com/groovy/maven/org/codehaus/plexus/plexus-component-annotations/1.6/plexus-component-annotations-1.6.pom
[INFO] Downloading: https://repo.maven.apache.org/maven2/org/codehaus/plexus/plexus-component-annotations/1.6/plexus-component-annotations-1.6.pom
[INFO] Downloaded: https://repo.maven.apache.org/maven2/org/codehaus/plexus/plexus-component-annotations/1.6/plexus-component-annotations-1.6.pom (748 B at 1.8 kB/s)
[INFO] Downloading: https://dl.bintray.com/groovy/maven/org/codehaus/plexus/plexus-containers/1.6/plexus-containers-1.6.pom
[INFO] Downloading: https://repo.maven.apache.org/maven2/org/codehaus/plexus/plexus-containers/1.6/plexus-containers-1.6.pom
[INFO] Downloaded: https://repo.maven.apache.org/maven2/org/codehaus/plexus/plexus-containers/1.6/plexus-containers-1.6.pom (3.8 kB at 418 kB/s)
[INFO] Downloading: https://dl.bintray.com/groovy/maven/org/codehaus/plexus/plexus/3.3.2/plexus-3.3.2.pom
[INFO] Downloading: https://repo.maven.apache.org/maven2/org/codehaus/plexus/plexus/3.3.2/plexus-3.3.2.pom
[INFO] Downloaded: https://repo.maven.apache.org/maven2/org/codehaus/plexus/plexus/3.3.2/plexus-3.3.2.pom (22 kB at 1.8 MB/s)
[INFO] Downloading: https://dl.bintray.com/groovy/maven/org/apache/maven/shared/maven-shared-utils/3.1.0/maven-shared-utils-3.1.0.pom
[INFO] Downloading: https://repo.maven.apache.org/maven2/org/apache/maven/shared/maven-shared-utils/3.1.0/maven-shared-utils-3.1.0.pom
[INFO] Downloaded: https://repo.maven.apache.org/maven2/org/apache/maven/shared/maven-shared-utils/3.1.0/maven-shared-utils-3.1.0.pom (5.0 kB at 199 kB/s)
[INFO] Downloading: https://dl.bintray.com/groovy/maven/org/codehaus/plexus/plexus-java/0.9.2/plexus-java-0.9.2.pom
[INFO] Downloading: https://repo.maven.apache.org/maven2/org/codehaus/plexus/plexus-java/0.9.2/plexus-java-0.9.2.pom
[INFO] Downloaded: https://repo.maven.apache.org/maven2/org/codehaus/plexus/plexus-java/0.9.2/plexus-java-0.9.2.pom (2.4 kB at 305 kB/s)
[INFO] Downloading: https://dl.bintray.com/groovy/maven/org/codehaus/plexus/plexus-languages/0.9.2/plexus-languages-0.9.2.pom
[INFO] Downloading: https://repo.maven.apache.org/maven2/org/codehaus/plexus/plexus-languages/0.9.2/plexus-languages-0.9.2.pom
[INFO] Downloaded: https://repo.maven.apache.org/maven2/org/codehaus/plexus/plexus-languages/0.9.2/plexus-languages-0.9.2.pom (2.3 kB at 326 kB/s)
[INFO] Downloading: https://dl.bintray.com/groovy/maven/org/ow2/asm/asm/6.0_BETA/asm-6.0_BETA.pom
[INFO] Downloading: https://repo.maven.apache.org/maven2/org/ow2/asm/asm/6.0_BETA/asm-6.0_BETA.pom
[INFO] Downloaded: https://repo.maven.apache.org/maven2/org/ow2/asm/asm/6.0_BETA/asm-6.0_BETA.pom (1.9 kB at 194 kB/s)
[INFO] Downloading: https://dl.bintray.com/groovy/maven/org/ow2/asm/asm-parent/6.0_BETA/asm-parent-6.0_BETA.pom
[INFO] Downloading: https://repo.maven.apache.org/maven2/org/ow2/asm/asm-parent/6.0_BETA/asm-parent-6.0_BETA.pom
[INFO] Downloaded: https://repo.maven.apache.org/maven2/org/ow2/asm/asm-parent/6.0_BETA/asm-parent-6.0_BETA.pom (5.5 kB at 611 kB/s)
[INFO] Downloading: https://dl.bintray.com/groovy/maven/com/thoughtworks/qdox/qdox/2.0-M7/qdox-2.0-M7.pom
[INFO] Downloading: https://repo.maven.apache.org/maven2/com/thoughtworks/qdox/qdox/2.0-M7/qdox-2.0-M7.pom
[INFO] Downloaded: https://repo.maven.apache.org/maven2/com/thoughtworks/qdox/qdox/2.0-M7/qdox-2.0-M7.pom (16 kB at 990 kB/s)
[INFO] Downloading: https://dl.bintray.com/groovy/maven/org/codehaus/plexus/plexus-compiler-api/2.8.2/plexus-compiler-api-2.8.2.pom
[INFO] Downloading: https://repo.maven.apache.org/maven2/org/codehaus/plexus/plexus-compiler-api/2.8.2/plexus-compiler-api-2.8.2.pom
[INFO] Downloaded: https://repo.maven.apache.org/maven2/org/codehaus/plexus/plexus-compiler-api/2.8.2/plexus-compiler-api-2.8.2.pom (867 B at 108 kB/s)
[INFO] Downloading: https://dl.bintray.com/groovy/maven/org/codehaus/plexus/plexus-compiler/2.8.2/plexus-compiler-2.8.2.pom
[INFO] Downloading: https://repo.maven.apache.org/maven2/org/codehaus/plexus/plexus-compiler/2.8.2/plexus-compiler-2.8.2.pom
[INFO] Downloaded: https://repo.maven.apache.org/maven2/org/codehaus/plexus/plexus-compiler/2.8.2/plexus-compiler-2.8.2.pom (4.9 kB at 488 kB/s)
[INFO] Downloading: https://dl.bintray.com/groovy/maven/org/codehaus/plexus/plexus-components/4.0/plexus-components-4.0.pom
[INFO] Downloading: https://repo.maven.apache.org/maven2/org/codehaus/plexus/plexus-components/4.0/plexus-components-4.0.pom
[INFO] Downloaded: https://repo.maven.apache.org/maven2/org/codehaus/plexus/plexus-components/4.0/plexus-components-4.0.pom (2.7 kB at 332 kB/s)
[INFO] Downloading: https://dl.bintray.com/groovy/maven/org/codehaus/plexus/plexus-compiler-manager/2.8.2/plexus-compiler-manager-2.8.2.pom
[INFO] Downloading: https://repo.maven.apache.org/maven2/org/codehaus/plexus/plexus-compiler-manager/2.8.2/plexus-compiler-manager-2.8.2.pom
[INFO] Downloaded: https://repo.maven.apache.org/maven2/org/codehaus/plexus/plexus-compiler-manager/2.8.2/plexus-compiler-manager-2.8.2.pom (692 B at 53 kB/s)
[INFO] Downloading: https://dl.bintray.com/groovy/maven/org/codehaus/plexus/plexus-compiler-javac/2.8.2/plexus-compiler-javac-2.8.2.pom
[INFO] Downloading: https://repo.maven.apache.org/maven2/org/codehaus/plexus/plexus-compiler-javac/2.8.2/plexus-compiler-javac-2.8.2.pom
[INFO] Downloaded: https://repo.maven.apache.org/maven2/org/codehaus/plexus/plexus-compiler-javac/2.8.2/plexus-compiler-javac-2.8.2.pom (771 B at 70 kB/s)
[INFO] Downloading: https://dl.bintray.com/groovy/maven/org/codehaus/plexus/plexus-compilers/2.8.2/plexus-compilers-2.8.2.pom
[INFO] Downloading: https://repo.maven.apache.org/maven2/org/codehaus/plexus/plexus-compilers/2.8.2/plexus-compilers-2.8.2.pom
[INFO] Downloaded: https://repo.maven.apache.org/maven2/org/codehaus/plexus/plexus-compilers/2.8.2/plexus-compilers-2.8.2.pom (1.3 kB at 168 kB/s)
[INFO] Downloading: https://dl.bintray.com/groovy/maven/org/apache/maven/maven-plugin-api/3.0/maven-plugin-api-3.0.jar
[INFO] Downloading: https://dl.bintray.com/groovy/maven/org/apache/maven/maven-model/3.0/maven-model-3.0.jar
[INFO] Downloading: https://dl.bintray.com/groovy/maven/org/sonatype/sisu/sisu-inject-plexus/1.4.2/sisu-inject-plexus-1.4.2.jar
[INFO] Downloading: https://dl.bintray.com/groovy/maven/org/sonatype/sisu/sisu-inject-bean/1.4.2/sisu-inject-bean-1.4.2.jar
[INFO] Downloading: https://dl.bintray.com/groovy/maven/org/sonatype/sisu/sisu-guice/2.1.7/sisu-guice-2.1.7-noaop.jar
[INFO] Downloading: https://dl.bintray.com/groovy/maven/org/apache/maven/maven-artifact/3.0/maven-artifact-3.0.jar
[INFO] Downloading: https://dl.bintray.com/groovy/maven/org/apache/maven/maven-core/3.0/maven-core-3.0.jar
[INFO] Downloading: https://dl.bintray.com/groovy/maven/org/apache/maven/maven-settings/3.0/maven-settings-3.0.jar
[INFO] Downloading: https://dl.bintray.com/groovy/maven/org/apache/maven/maven-settings-builder/3.0/maven-settings-builder-3.0.jar
[INFO] Downloading: https://dl.bintray.com/groovy/maven/org/apache/maven/maven-repository-metadata/3.0/maven-repository-metadata-3.0.jar
[INFO] Downloading: https://dl.bintray.com/groovy/maven/org/apache/maven/maven-model-builder/3.0/maven-model-builder-3.0.jar
[INFO] Downloading: https://dl.bintray.com/groovy/maven/org/apache/maven/maven-aether-provider/3.0/maven-aether-provider-3.0.jar
[INFO] Downloading: https://dl.bintray.com/groovy/maven/org/sonatype/aether/aether-impl/1.7/aether-impl-1.7.jar
[INFO] Downloading: https://dl.bintray.com/groovy/maven/org/sonatype/aether/aether-spi/1.7/aether-spi-1.7.jar
[INFO] Downloading: https://dl.bintray.com/groovy/maven/org/sonatype/aether/aether-api/1.7/aether-api-1.7.jar
[INFO] Downloading: https://dl.bintray.com/groovy/maven/org/sonatype/aether/aether-util/1.7/aether-util-1.7.jar
[INFO] Downloading: https://dl.bintray.com/groovy/maven/org/codehaus/plexus/plexus-classworlds/2.2.3/plexus-classworlds-2.2.3.jar
[INFO] Downloading: https://dl.bintray.com/groovy/maven/org/codehaus/plexus/plexus-component-annotations/1.6/plexus-component-annotations-1.6.jar
[INFO] Downloading: https://dl.bintray.com/groovy/maven/org/apache/maven/shared/maven-shared-utils/3.1.0/maven-shared-utils-3.1.0.jar
[INFO] Downloading: https://dl.bintray.com/groovy/maven/commons-io/commons-io/2.5/commons-io-2.5.jar
[INFO] Downloading: https://dl.bintray.com/groovy/maven/org/apache/maven/shared/maven-shared-incremental/1.1/maven-shared-incremental-1.1.jar
[INFO] Downloading: https://dl.bintray.com/groovy/maven/org/codehaus/plexus/plexus-java/0.9.2/plexus-java-0.9.2.jar
[INFO] Downloading: https://dl.bintray.com/groovy/maven/org/ow2/asm/asm/6.0_BETA/asm-6.0_BETA.jar
[INFO] Downloading: https://dl.bintray.com/groovy/maven/com/thoughtworks/qdox/qdox/2.0-M7/qdox-2.0-M7.jar
[INFO] Downloading: https://dl.bintray.com/groovy/maven/org/codehaus/plexus/plexus-compiler-api/2.8.2/plexus-compiler-api-2.8.2.jar
[INFO] Downloading: https://dl.bintray.com/groovy/maven/org/codehaus/plexus/plexus-compiler-manager/2.8.2/plexus-compiler-manager-2.8.2.jar
[INFO] Downloading: https://dl.bintray.com/groovy/maven/org/codehaus/plexus/plexus-compiler-javac/2.8.2/plexus-compiler-javac-2.8.2.jar
[INFO] Downloading: https://repo.maven.apache.org/maven2/org/apache/maven/maven-plugin-api/3.0/maven-plugin-api-3.0.jar
[INFO] Downloading: https://repo.maven.apache.org/maven2/org/apache/maven/maven-model/3.0/maven-model-3.0.jar
[INFO] Downloading: https://repo.maven.apache.org/maven2/org/sonatype/sisu/sisu-inject-plexus/1.4.2/sisu-inject-plexus-1.4.2.jar
[INFO] Downloading: https://repo.maven.apache.org/maven2/org/sonatype/sisu/sisu-inject-bean/1.4.2/sisu-inject-bean-1.4.2.jar
[INFO] Downloaded: https://repo.maven.apache.org/maven2/org/apache/maven/maven-model/3.0/maven-model-3.0.jar (0 B at 0 B/s)
[INFO] Downloaded: https://repo.maven.apache.org/maven2/org/apache/maven/maven-plugin-api/3.0/maven-plugin-api-3.0.jar (0 B at 0 B/s)
[INFO] Downloading: https://repo.maven.apache.org/maven2/org/apache/maven/maven-artifact/3.0/maven-artifact-3.0.jar
[INFO] Downloading: https://repo.maven.apache.org/maven2/org/apache/maven/maven-core/3.0/maven-core-3.0.jar
[INFO] Downloading: https://repo.maven.apache.org/maven2/org/sonatype/sisu/sisu-guice/2.1.7/sisu-guice-2.1.7-noaop.jar
[INFO] Downloaded: https://repo.maven.apache.org/maven2/org/apache/maven/maven-artifact/3.0/maven-artifact-3.0.jar (0 B at 0 B/s)
[INFO] Downloading: https://repo.maven.apache.org/maven2/org/apache/maven/maven-settings/3.0/maven-settings-3.0.jar
[INFO] Downloaded: https://repo.maven.apache.org/maven2/org/apache/maven/maven-core/3.0/maven-core-3.0.jar (0 B at 0 B/s)
[INFO] Downloading: https://repo.maven.apache.org/maven2/org/apache/maven/maven-settings-builder/3.0/maven-settings-builder-3.0.jar
[INFO] Downloaded: https://repo.maven.apache.org/maven2/org/apache/maven/maven-settings/3.0/maven-settings-3.0.jar (0 B at 0 B/s)
[INFO] Downloading: https://repo.maven.apache.org/maven2/org/apache/maven/maven-repository-metadata/3.0/maven-repository-metadata-3.0.jar
[INFO] Downloaded: https://repo.maven.apache.org/maven2/org/apache/maven/maven-settings-builder/3.0/maven-settings-builder-3.0.jar (0 B at 0 B/s)
[INFO] Downloading: https://repo.maven.apache.org/maven2/org/apache/maven/maven-model-builder/3.0/maven-model-builder-3.0.jar
[INFO] Downloaded: https://repo.maven.apache.org/maven2/org/apache/maven/maven-repository-metadata/3.0/maven-repository-metadata-3.0.jar (30 kB at 1.2 MB/s)
[INFO] Downloading: https://repo.maven.apache.org/maven2/org/apache/maven/maven-aether-provider/3.0/maven-aether-provider-3.0.jar
[INFO] Downloaded: https://repo.maven.apache.org/maven2/org/sonatype/sisu/sisu-inject-bean/1.4.2/sisu-inject-bean-1.4.2.jar (153 kB at 2.7 MB/s)
[INFO] Downloading: https://repo.maven.apache.org/maven2/org/sonatype/aether/aether-impl/1.7/aether-impl-1.7.jar
[INFO] Downloaded: https://repo.maven.apache.org/maven2/org/apache/maven/maven-model-builder/3.0/maven-model-builder-3.0.jar (148 kB at 2.5 MB/s)
[INFO] Downloading: https://repo.maven.apache.org/maven2/org/sonatype/aether/aether-spi/1.7/aether-spi-1.7.jar
[INFO] Downloaded: https://repo.maven.apache.org/maven2/org/apache/maven/maven-aether-provider/3.0/maven-aether-provider-3.0.jar (51 kB at 683 kB/s)
[INFO] Downloaded: https://repo.maven.apache.org/maven2/org/sonatype/sisu/sisu-inject-plexus/1.4.2/sisu-inject-plexus-1.4.2.jar (202 kB at 2.5 MB/s)
[INFO] Downloading: https://repo.maven.apache.org/maven2/org/sonatype/aether/aether-api/1.7/aether-api-1.7.jar
[INFO] Downloading: https://repo.maven.apache.org/maven2/org/sonatype/aether/aether-util/1.7/aether-util-1.7.jar
[INFO] Downloaded: https://repo.maven.apache.org/maven2/org/sonatype/sisu/sisu-guice/2.1.7/sisu-guice-2.1.7-noaop.jar (472 kB at 5.4 MB/s)
[INFO] Downloading: https://repo.maven.apache.org/maven2/org/codehaus/plexus/plexus-classworlds/2.2.3/plexus-classworlds-2.2.3.jar
[INFO] Downloaded: https://repo.maven.apache.org/maven2/org/sonatype/aether/aether-spi/1.7/aether-spi-1.7.jar (14 kB at 161 kB/s)
[INFO] Downloading: https://repo.maven.apache.org/maven2/org/codehaus/plexus/plexus-component-annotations/1.6/plexus-component-annotations-1.6.jar
[INFO] Downloaded: https://repo.maven.apache.org/maven2/org/codehaus/plexus/plexus-component-annotations/1.6/plexus-component-annotations-1.6.jar (4.3 kB at 44 kB/s)
[INFO] Downloading: https://repo.maven.apache.org/maven2/org/apache/maven/shared/maven-shared-utils/3.1.0/maven-shared-utils-3.1.0.jar
[INFO] Downloaded: https://repo.maven.apache.org/maven2/org/apache/maven/shared/maven-shared-utils/3.1.0/maven-shared-utils-3.1.0.jar (0 B at 0 B/s)
[INFO] Downloading: https://repo.maven.apache.org/maven2/commons-io/commons-io/2.5/commons-io-2.5.jar
[INFO] Downloaded: https://repo.maven.apache.org/maven2/org/codehaus/plexus/plexus-classworlds/2.2.3/plexus-classworlds-2.2.3.jar (46 kB at 452 kB/s)
[INFO] Downloading: https://repo.maven.apache.org/maven2/org/apache/maven/shared/maven-shared-incremental/1.1/maven-shared-incremental-1.1.jar
[INFO] Downloaded: https://repo.maven.apache.org/maven2/commons-io/commons-io/2.5/commons-io-2.5.jar (0 B at 0 B/s)
[INFO] Downloading: https://repo.maven.apache.org/maven2/org/codehaus/plexus/plexus-java/0.9.2/plexus-java-0.9.2.jar
[INFO] Downloaded: https://repo.maven.apache.org/maven2/org/sonatype/aether/aether-impl/1.7/aether-impl-1.7.jar (106 kB at 924 kB/s)
[INFO] Downloading: https://repo.maven.apache.org/maven2/org/ow2/asm/asm/6.0_BETA/asm-6.0_BETA.jar
[INFO] Downloaded: https://repo.maven.apache.org/maven2/org/codehaus/plexus/plexus-java/0.9.2/plexus-java-0.9.2.jar (0 B at 0 B/s)
[INFO] Downloading: https://repo.maven.apache.org/maven2/com/thoughtworks/qdox/qdox/2.0-M7/qdox-2.0-M7.jar
[INFO] Downloaded: https://repo.maven.apache.org/maven2/org/sonatype/aether/aether-util/1.7/aether-util-1.7.jar (108 kB at 892 kB/s)
[INFO] Downloading: https://repo.maven.apache.org/maven2/org/codehaus/plexus/plexus-compiler-api/2.8.2/plexus-compiler-api-2.8.2.jar
[INFO] Downloaded: https://repo.maven.apache.org/maven2/org/apache/maven/shared/maven-shared-incremental/1.1/maven-shared-incremental-1.1.jar (0 B at 0 B/s)
[INFO] Downloading: https://repo.maven.apache.org/maven2/org/codehaus/plexus/plexus-compiler-manager/2.8.2/plexus-compiler-manager-2.8.2.jar
[INFO] Downloaded: https://repo.maven.apache.org/maven2/org/codehaus/plexus/plexus-compiler-manager/2.8.2/plexus-compiler-manager-2.8.2.jar (0 B at 0 B/s)
[INFO] Downloading: https://repo.maven.apache.org/maven2/org/codehaus/plexus/plexus-compiler-javac/2.8.2/plexus-compiler-javac-2.8.2.jar
[INFO] Downloaded: https://repo.maven.apache.org/maven2/org/codehaus/plexus/plexus-compiler-api/2.8.2/plexus-compiler-api-2.8.2.jar (0 B at 0 B/s)
[INFO] Downloaded: https://repo.maven.apache.org/maven2/org/codehaus/plexus/plexus-compiler-javac/2.8.2/plexus-compiler-javac-2.8.2.jar (0 B at 0 B/s)
[INFO] Downloaded: https://repo.maven.apache.org/maven2/org/sonatype/aether/aether-api/1.7/aether-api-1.7.jar (74 kB at 452 kB/s)
[INFO] Downloaded: https://repo.maven.apache.org/maven2/org/ow2/asm/asm/6.0_BETA/asm-6.0_BETA.jar (56 kB at 236 kB/s)
[INFO] Downloaded: https://repo.maven.apache.org/maven2/com/thoughtworks/qdox/qdox/2.0-M7/qdox-2.0-M7.jar (315 kB at 1.3 MB/s)
[INFO] Downloading: https://jcenter.bintray.com/org/codehaus/groovy/groovy/2.5.1/groovy-2.5.1.jar
[INFO] Downloaded: https://jcenter.bintray.com/org/codehaus/groovy/groovy/2.5.1/groovy-2.5.1.jar (5.4 MB at 5.0 MB/s)
[INFO] Changes detected - recompiling the module!
[INFO] Compiling 31 source files to /scratch/tmp-rta/Bears_DmitriiSerikov-money-transfer-service_446104441-446106577_java-8/target/classes
[INFO] 
[INFO] --- maven-resources-plugin:2.6:testResources (default-testResources) @ money-transfer-service ---
[INFO] Using 'UTF-8' encoding to copy filtered resources.
[INFO] skip non existing resourceDirectory /scratch/tmp-rta/Bears_DmitriiSerikov-money-transfer-service_446104441-446106577_java-8/src/test/resources
[INFO] 
[INFO] --- maven-compiler-plugin:3.7.0:testCompile (default-testCompile) @ money-transfer-service ---
[INFO] Changes detected - recompiling the module!
[INFO] Compiling 2 source files to /scratch/tmp-rta/Bears_DmitriiSerikov-money-transfer-service_446104441-446106577_java-8/target/test-classes
[INFO] 
[INFO] --- gmavenplus-plugin:1.6.2:compileTests (default) @ money-transfer-service ---
[INFO] Using Groovy 2.5.1 to perform compileTests.
[INFO] Compiled 62 files.
[INFO] 
[INFO] --- maven-surefire-plugin:2.22.1:test (default-test) @ money-transfer-service ---
[INFO] Downloading: https://dl.bintray.com/groovy/maven/org/apache/maven/surefire/maven-surefire-common/2.22.1/maven-surefire-common-2.22.1.pom
[INFO] Downloading: https://repo.maven.apache.org/maven2/org/apache/maven/surefire/maven-surefire-common/2.22.1/maven-surefire-common-2.22.1.pom
[INFO] Downloaded: https://repo.maven.apache.org/maven2/org/apache/maven/surefire/maven-surefire-common/2.22.1/maven-surefire-common-2.22.1.pom (11 kB at 573 kB/s)
[INFO] Downloading: https://dl.bintray.com/groovy/maven/org/apache/maven/plugin-tools/maven-plugin-annotations/3.5.2/maven-plugin-annotations-3.5.2.pom
[INFO] Downloading: https://repo.maven.apache.org/maven2/org/apache/maven/plugin-tools/maven-plugin-annotations/3.5.2/maven-plugin-annotations-3.5.2.pom
[INFO] Downloaded: https://repo.maven.apache.org/maven2/org/apache/maven/plugin-tools/maven-plugin-annotations/3.5.2/maven-plugin-annotations-3.5.2.pom (1.6 kB at 7.3 kB/s)
[INFO] Downloading: https://dl.bintray.com/groovy/maven/org/apache/maven/plugin-tools/maven-plugin-tools/3.5.2/maven-plugin-tools-3.5.2.pom
[INFO] Downloading: https://repo.maven.apache.org/maven2/org/apache/maven/plugin-tools/maven-plugin-tools/3.5.2/maven-plugin-tools-3.5.2.pom
[INFO] Downloaded: https://repo.maven.apache.org/maven2/org/apache/maven/plugin-tools/maven-plugin-tools/3.5.2/maven-plugin-tools-3.5.2.pom (15 kB at 47 kB/s)
[INFO] Downloading: https://dl.bintray.com/groovy/maven/org/apache/maven/maven-parent/31/maven-parent-31.pom
[INFO] Downloading: https://repo.maven.apache.org/maven2/org/apache/maven/maven-parent/31/maven-parent-31.pom
[INFO] Downloaded: https://repo.maven.apache.org/maven2/org/apache/maven/maven-parent/31/maven-parent-31.pom (43 kB at 761 kB/s)
[INFO] Downloading: https://dl.bintray.com/groovy/maven/org/apache/maven/surefire/surefire-api/2.22.1/surefire-api-2.22.1.pom
[INFO] Downloading: https://repo.maven.apache.org/maven2/org/apache/maven/surefire/surefire-api/2.22.1/surefire-api-2.22.1.pom
[INFO] Downloaded: https://repo.maven.apache.org/maven2/org/apache/maven/surefire/surefire-api/2.22.1/surefire-api-2.22.1.pom (3.5 kB at 86 kB/s)
[INFO] Downloading: https://dl.bintray.com/groovy/maven/org/apache/maven/surefire/surefire-logger-api/2.22.1/surefire-logger-api-2.22.1.pom
[INFO] Downloading: https://repo.maven.apache.org/maven2/org/apache/maven/surefire/surefire-logger-api/2.22.1/surefire-logger-api-2.22.1.pom
[INFO] Downloaded: https://repo.maven.apache.org/maven2/org/apache/maven/surefire/surefire-logger-api/2.22.1/surefire-logger-api-2.22.1.pom (2.0 kB at 178 kB/s)
[INFO] Downloading: https://dl.bintray.com/groovy/maven/org/apache/maven/surefire/surefire-booter/2.22.1/surefire-booter-2.22.1.pom
[INFO] Downloading: https://repo.maven.apache.org/maven2/org/apache/maven/surefire/surefire-booter/2.22.1/surefire-booter-2.22.1.pom
[INFO] Downloaded: https://repo.maven.apache.org/maven2/org/apache/maven/surefire/surefire-booter/2.22.1/surefire-booter-2.22.1.pom (7.5 kB at 226 kB/s)
[INFO] Downloading: https://dl.bintray.com/groovy/maven/org/codehaus/plexus/plexus-java/0.9.10/plexus-java-0.9.10.pom
[INFO] Downloading: https://repo.maven.apache.org/maven2/org/codehaus/plexus/plexus-java/0.9.10/plexus-java-0.9.10.pom
[INFO] Downloaded: https://repo.maven.apache.org/maven2/org/codehaus/plexus/plexus-java/0.9.10/plexus-java-0.9.10.pom (5.1 kB at 341 kB/s)
[INFO] Downloading: https://dl.bintray.com/groovy/maven/org/codehaus/plexus/plexus-languages/0.9.10/plexus-languages-0.9.10.pom
[INFO] Downloading: https://repo.maven.apache.org/maven2/org/codehaus/plexus/plexus-languages/0.9.10/plexus-languages-0.9.10.pom
[INFO] Downloaded: https://repo.maven.apache.org/maven2/org/codehaus/plexus/plexus-languages/0.9.10/plexus-languages-0.9.10.pom (4.1 kB at 460 kB/s)
[INFO] Downloading: https://dl.bintray.com/groovy/maven/org/ow2/asm/asm/6.2/asm-6.2.pom
[INFO] Downloading: https://repo.maven.apache.org/maven2/org/ow2/asm/asm/6.2/asm-6.2.pom
[INFO] Downloaded: https://repo.maven.apache.org/maven2/org/ow2/asm/asm/6.2/asm-6.2.pom (2.9 kB at 367 kB/s)
[INFO] Downloading: https://dl.bintray.com/groovy/maven/com/thoughtworks/qdox/qdox/2.0-M8/qdox-2.0-M8.pom
[INFO] Downloading: https://repo.maven.apache.org/maven2/com/thoughtworks/qdox/qdox/2.0-M8/qdox-2.0-M8.pom
[INFO] Downloaded: https://repo.maven.apache.org/maven2/com/thoughtworks/qdox/qdox/2.0-M8/qdox-2.0-M8.pom (16 kB at 566 kB/s)
[INFO] Downloading: https://dl.bintray.com/groovy/maven/org/apache/maven/surefire/maven-surefire-common/2.22.1/maven-surefire-common-2.22.1.jar
[INFO] Downloading: https://dl.bintray.com/groovy/maven/org/apache/maven/plugin-tools/maven-plugin-annotations/3.5.2/maven-plugin-annotations-3.5.2.jar
[INFO] Downloading: https://dl.bintray.com/groovy/maven/org/apache/maven/surefire/surefire-api/2.22.1/surefire-api-2.22.1.jar
[INFO] Downloading: https://dl.bintray.com/groovy/maven/org/apache/maven/surefire/surefire-logger-api/2.22.1/surefire-logger-api-2.22.1.jar
[INFO] Downloading: https://dl.bintray.com/groovy/maven/org/apache/maven/surefire/surefire-booter/2.22.1/surefire-booter-2.22.1.jar
[INFO] Downloading: https://dl.bintray.com/groovy/maven/org/codehaus/plexus/plexus-utils/1.5.15/plexus-utils-1.5.15.jar
[INFO] Downloading: https://dl.bintray.com/groovy/maven/junit/junit/4.12/junit-4.12.jar
[INFO] Downloading: https://dl.bintray.com/groovy/maven/org/hamcrest/hamcrest-core/1.3/hamcrest-core-1.3.jar
[INFO] Downloading: https://dl.bintray.com/groovy/maven/org/apache/maven/maven-core/2.2.1/maven-core-2.2.1.jar
[INFO] Downloading: https://dl.bintray.com/groovy/maven/org/apache/maven/maven-toolchain/2.2.1/maven-toolchain-2.2.1.jar
[INFO] Downloading: https://dl.bintray.com/groovy/maven/org/codehaus/plexus/plexus-java/0.9.10/plexus-java-0.9.10.jar
[INFO] Downloading: https://dl.bintray.com/groovy/maven/org/ow2/asm/asm/6.2/asm-6.2.jar
[INFO] Downloading: https://dl.bintray.com/groovy/maven/com/thoughtworks/qdox/qdox/2.0-M8/qdox-2.0-M8.jar
[INFO] Downloading: https://repo.maven.apache.org/maven2/org/apache/maven/surefire/maven-surefire-common/2.22.1/maven-surefire-common-2.22.1.jar
[INFO] Downloading: https://repo.maven.apache.org/maven2/org/apache/maven/plugin-tools/maven-plugin-annotations/3.5.2/maven-plugin-annotations-3.5.2.jar
[INFO] Downloading: https://repo.maven.apache.org/maven2/org/apache/maven/surefire/surefire-api/2.22.1/surefire-api-2.22.1.jar
[INFO] Downloaded: https://repo.maven.apache.org/maven2/org/apache/maven/surefire/maven-surefire-common/2.22.1/maven-surefire-common-2.22.1.jar (0 B at 0 B/s)
[INFO] Downloading: https://repo.maven.apache.org/maven2/org/apache/maven/surefire/surefire-logger-api/2.22.1/surefire-logger-api-2.22.1.jar
[INFO] Downloading: https://repo.maven.apache.org/maven2/org/codehaus/plexus/plexus-utils/1.5.15/plexus-utils-1.5.15.jar
[INFO] Downloading: https://repo.maven.apache.org/maven2/org/apache/maven/surefire/surefire-booter/2.22.1/surefire-booter-2.22.1.jar
[INFO] Downloaded: https://repo.maven.apache.org/maven2/org/apache/maven/surefire/surefire-logger-api/2.22.1/surefire-logger-api-2.22.1.jar (13 kB at 636 kB/s)
[INFO] Downloading: https://repo.maven.apache.org/maven2/junit/junit/4.12/junit-4.12.jar
[INFO] Downloaded: https://repo.maven.apache.org/maven2/org/apache/maven/plugin-tools/maven-plugin-annotations/3.5.2/maven-plugin-annotations-3.5.2.jar (14 kB at 357 kB/s)
[INFO] Downloading: https://repo.maven.apache.org/maven2/org/hamcrest/hamcrest-core/1.3/hamcrest-core-1.3.jar
[INFO] Downloaded: https://repo.maven.apache.org/maven2/junit/junit/4.12/junit-4.12.jar (0 B at 0 B/s)
[INFO] Downloading: https://repo.maven.apache.org/maven2/org/apache/maven/maven-core/2.2.1/maven-core-2.2.1.jar
[INFO] Downloaded: https://repo.maven.apache.org/maven2/org/hamcrest/hamcrest-core/1.3/hamcrest-core-1.3.jar (0 B at 0 B/s)
[INFO] Downloading: https://repo.maven.apache.org/maven2/org/apache/maven/maven-toolchain/2.2.1/maven-toolchain-2.2.1.jar
[INFO] Downloaded: https://repo.maven.apache.org/maven2/org/apache/maven/maven-toolchain/2.2.1/maven-toolchain-2.2.1.jar (0 B at 0 B/s)
[INFO] Downloaded: https://repo.maven.apache.org/maven2/org/apache/maven/maven-core/2.2.1/maven-core-2.2.1.jar (0 B at 0 B/s)
[INFO] Downloading: https://repo.maven.apache.org/maven2/org/codehaus/plexus/plexus-java/0.9.10/plexus-java-0.9.10.jar
[INFO] Downloading: https://repo.maven.apache.org/maven2/org/ow2/asm/asm/6.2/asm-6.2.jar
[INFO] Downloaded: https://repo.maven.apache.org/maven2/org/codehaus/plexus/plexus-java/0.9.10/plexus-java-0.9.10.jar (39 kB at 805 kB/s)
[INFO] Downloading: https://repo.maven.apache.org/maven2/com/thoughtworks/qdox/qdox/2.0-M8/qdox-2.0-M8.jar
[INFO] Downloaded: https://repo.maven.apache.org/maven2/org/apache/maven/surefire/surefire-api/2.22.1/surefire-api-2.22.1.jar (186 kB at 2.6 MB/s)
[INFO] Downloaded: https://repo.maven.apache.org/maven2/org/codehaus/plexus/plexus-utils/1.5.15/plexus-utils-1.5.15.jar (228 kB at 3.7 MB/s)
[INFO] Downloaded: https://repo.maven.apache.org/maven2/org/ow2/asm/asm/6.2/asm-6.2.jar (111 kB at 1.7 MB/s)
[INFO] Downloaded: https://repo.maven.apache.org/maven2/org/apache/maven/surefire/surefire-booter/2.22.1/surefire-booter-2.22.1.jar (274 kB at 3.5 MB/s)
[INFO] Downloaded: https://repo.maven.apache.org/maven2/com/thoughtworks/qdox/qdox/2.0-M8/qdox-2.0-M8.jar (316 kB at 2.7 MB/s)
[INFO] Downloading: https://dl.bintray.com/groovy/maven/org/apache/maven/surefire/surefire-junit47/2.22.1/surefire-junit47-2.22.1.pom
[INFO] Downloading: https://repo.maven.apache.org/maven2/org/apache/maven/surefire/surefire-junit47/2.22.1/surefire-junit47-2.22.1.pom
[INFO] Downloaded: https://repo.maven.apache.org/maven2/org/apache/maven/surefire/surefire-junit47/2.22.1/surefire-junit47-2.22.1.pom (6.3 kB at 628 kB/s)
[INFO] Downloading: https://dl.bintray.com/groovy/maven/org/apache/maven/surefire/surefire-providers/2.22.1/surefire-providers-2.22.1.pom
[INFO] Downloading: https://repo.maven.apache.org/maven2/org/apache/maven/surefire/surefire-providers/2.22.1/surefire-providers-2.22.1.pom
[INFO] Downloaded: https://repo.maven.apache.org/maven2/org/apache/maven/surefire/surefire-providers/2.22.1/surefire-providers-2.22.1.pom (2.5 kB at 276 kB/s)
[INFO] Downloading: https://dl.bintray.com/groovy/maven/org/apache/maven/surefire/common-junit48/2.22.1/common-junit48-2.22.1.pom
[INFO] Downloading: https://repo.maven.apache.org/maven2/org/apache/maven/surefire/common-junit48/2.22.1/common-junit48-2.22.1.pom
[INFO] Downloaded: https://repo.maven.apache.org/maven2/org/apache/maven/surefire/common-junit48/2.22.1/common-junit48-2.22.1.pom (3.2 kB at 249 kB/s)
[INFO] Downloading: https://dl.bintray.com/groovy/maven/org/apache/maven/surefire/common-junit4/2.22.1/common-junit4-2.22.1.pom
[INFO] Downloading: https://repo.maven.apache.org/maven2/org/apache/maven/surefire/common-junit4/2.22.1/common-junit4-2.22.1.pom
[INFO] Downloaded: https://repo.maven.apache.org/maven2/org/apache/maven/surefire/common-junit4/2.22.1/common-junit4-2.22.1.pom (2.1 kB at 97 kB/s)
[INFO] Downloading: https://dl.bintray.com/groovy/maven/org/apache/maven/surefire/common-junit3/2.22.1/common-junit3-2.22.1.pom
[INFO] Downloading: https://repo.maven.apache.org/maven2/org/apache/maven/surefire/common-junit3/2.22.1/common-junit3-2.22.1.pom
[INFO] Downloaded: https://repo.maven.apache.org/maven2/org/apache/maven/surefire/common-junit3/2.22.1/common-junit3-2.22.1.pom (1.6 kB at 121 kB/s)
[INFO] Downloading: https://dl.bintray.com/groovy/maven/org/apache/maven/surefire/common-java5/2.22.1/common-java5-2.22.1.pom
[INFO] Downloading: https://repo.maven.apache.org/maven2/org/apache/maven/surefire/common-java5/2.22.1/common-java5-2.22.1.pom
[INFO] Downloaded: https://repo.maven.apache.org/maven2/org/apache/maven/surefire/common-java5/2.22.1/common-java5-2.22.1.pom (2.7 kB at 122 kB/s)
[INFO] Downloading: https://dl.bintray.com/groovy/maven/org/apache/maven/shared/maven-shared-utils/0.9/maven-shared-utils-0.9.pom
[INFO] Downloading: https://repo.maven.apache.org/maven2/org/apache/maven/shared/maven-shared-utils/0.9/maven-shared-utils-0.9.pom
[INFO] Downloaded: https://repo.maven.apache.org/maven2/org/apache/maven/shared/maven-shared-utils/0.9/maven-shared-utils-0.9.pom (6.2 kB at 692 kB/s)
[INFO] Downloading: https://dl.bintray.com/groovy/maven/org/apache/maven/surefire/surefire-grouper/2.22.1/surefire-grouper-2.22.1.pom
[INFO] Downloading: https://repo.maven.apache.org/maven2/org/apache/maven/surefire/surefire-grouper/2.22.1/surefire-grouper-2.22.1.pom
[INFO] Downloaded: https://repo.maven.apache.org/maven2/org/apache/maven/surefire/surefire-grouper/2.22.1/surefire-grouper-2.22.1.pom (2.6 kB at 376 kB/s)
[INFO] Downloading: https://dl.bintray.com/groovy/maven/org/apache/maven/surefire/surefire-junit47/2.22.1/surefire-junit47-2.22.1.jar
[INFO] Downloading: https://dl.bintray.com/groovy/maven/org/apache/maven/surefire/common-junit48/2.22.1/common-junit48-2.22.1.jar
[INFO] Downloading: https://dl.bintray.com/groovy/maven/org/apache/maven/surefire/common-junit3/2.22.1/common-junit3-2.22.1.jar
[INFO] Downloading: https://dl.bintray.com/groovy/maven/org/apache/maven/surefire/common-junit4/2.22.1/common-junit4-2.22.1.jar
[INFO] Downloading: https://dl.bintray.com/groovy/maven/org/apache/maven/surefire/common-java5/2.22.1/common-java5-2.22.1.jar
[INFO] Downloading: https://repo.maven.apache.org/maven2/org/apache/maven/surefire/common-junit48/2.22.1/common-junit48-2.22.1.jar
[INFO] Downloading: https://repo.maven.apache.org/maven2/org/apache/maven/surefire/common-junit3/2.22.1/common-junit3-2.22.1.jar
[INFO] Downloading: https://repo.maven.apache.org/maven2/org/apache/maven/surefire/surefire-junit47/2.22.1/surefire-junit47-2.22.1.jar
[INFO] Downloading: https://repo.maven.apache.org/maven2/org/apache/maven/surefire/common-java5/2.22.1/common-java5-2.22.1.jar
[INFO] Downloading: https://repo.maven.apache.org/maven2/org/apache/maven/surefire/common-junit4/2.22.1/common-junit4-2.22.1.jar
[INFO] Downloaded: https://repo.maven.apache.org/maven2/org/apache/maven/surefire/common-junit3/2.22.1/common-junit3-2.22.1.jar (12 kB at 647 kB/s)
[INFO] Downloading: https://dl.bintray.com/groovy/maven/org/apache/maven/shared/maven-shared-utils/0.9/maven-shared-utils-0.9.jar
[INFO] Downloaded: https://repo.maven.apache.org/maven2/org/apache/maven/surefire/surefire-junit47/2.22.1/surefire-junit47-2.22.1.jar (160 kB at 3.5 MB/s)
[INFO] Downloaded: https://repo.maven.apache.org/maven2/org/apache/maven/surefire/common-junit48/2.22.1/common-junit48-2.22.1.jar (22 kB at 439 kB/s)
[INFO] Downloading: https://dl.bintray.com/groovy/maven/org/apache/maven/surefire/surefire-grouper/2.22.1/surefire-grouper-2.22.1.jar
[INFO] Downloaded: https://repo.maven.apache.org/maven2/org/apache/maven/surefire/common-java5/2.22.1/common-java5-2.22.1.jar (51 kB at 1.1 MB/s)
[INFO] Downloaded: https://repo.maven.apache.org/maven2/org/apache/maven/surefire/common-junit4/2.22.1/common-junit4-2.22.1.jar (28 kB at 611 kB/s)
[INFO] Downloading: https://repo.maven.apache.org/maven2/org/apache/maven/shared/maven-shared-utils/0.9/maven-shared-utils-0.9.jar
[INFO] Downloading: https://repo.maven.apache.org/maven2/org/apache/maven/surefire/surefire-grouper/2.22.1/surefire-grouper-2.22.1.jar
[INFO] Downloaded: https://repo.maven.apache.org/maven2/org/apache/maven/surefire/surefire-grouper/2.22.1/surefire-grouper-2.22.1.jar (40 kB at 2.9 MB/s)
[INFO] Downloaded: https://repo.maven.apache.org/maven2/org/apache/maven/shared/maven-shared-utils/0.9/maven-shared-utils-0.9.jar (172 kB at 3.1 MB/s)
[INFO] 
[INFO] -------------------------------------------------------
[INFO]  T E S T S
[INFO] -------------------------------------------------------
[INFO] Running com.github.example.holder.impl.LockHolderSpec
[ERROR] Tests run: 4, Failures: 2, Errors: 0, Skipped: 0, Time elapsed: 1.078 s <<< FAILURE! - in com.github.example.holder.impl.LockHolderSpec
[ERROR] should throw exception when try acquire lock by null instead of id(com.github.example.holder.impl.LockHolderSpec)  Time elapsed: 0.936 s  <<< FAILURE!
org.spockframework.runtime.WrongExceptionThrownError: Expected exception of type 'java.lang.IllegalArgumentException', but got 'java.lang.NullPointerException'
	at com.github.example.holder.impl.LockHolderSpec.should throw exception when try acquire lock by null instead of id(LockHolderSpec.groovy:24)
Caused by: java.lang.NullPointerException
	at com.github.example.holder.impl.LockHolderSpec.should throw exception when try acquire lock by null instead of id(LockHolderSpec.groovy:21)

[ERROR] should throw exception when try release lock by null instead of id(com.github.example.holder.impl.LockHolderSpec)  Time elapsed: 0.045 s  <<< FAILURE!
org.spockframework.runtime.WrongExceptionThrownError: Expected exception of type 'java.lang.IllegalArgumentException', but got 'java.lang.NullPointerException'
	at com.github.example.holder.impl.LockHolderSpec.should throw exception when try release lock by null instead of id(LockHolderSpec.groovy:45)
Caused by: java.lang.NullPointerException
	at com.github.example.holder.impl.LockHolderSpec.should throw exception when try release lock by null instead of id(LockHolderSpec.groovy:42)

[INFO] Running com.github.example.model.TransactionSpec
[INFO] Tests run: 7, Failures: 0, Errors: 0, Skipped: 0, Time elapsed: 0.001 s - in com.github.example.model.TransactionSpec
[INFO] Running com.github.example.model.AccountSpec
[INFO] Tests run: 6, Failures: 0, Errors: 0, Skipped: 0, Time elapsed: 0.001 s - in com.github.example.model.AccountSpec
[INFO] Running com.github.example.dao.impl.InMemoryTransactionDaoSpec
[INFO] Tests run: 22, Failures: 0, Errors: 0, Skipped: 0, Time elapsed: 0.321 s - in com.github.example.dao.impl.InMemoryTransactionDaoSpec
[INFO] Running com.github.example.dao.impl.InMemoryAccountDaoSpec
[INFO] Tests run: 17, Failures: 0, Errors: 0, Skipped: 0, Time elapsed: 0.147 s - in com.github.example.dao.impl.InMemoryAccountDaoSpec
[INFO] Running com.github.example.factory.ModelMapperFactorySpec
[INFO] Tests run: 1, Failures: 0, Errors: 0, Skipped: 0, Time elapsed: 0 s - in com.github.example.factory.ModelMapperFactorySpec
[INFO] Running com.github.example.handler.CouldNotAcquireLockExceptionHandlerSpec
[INFO] Tests run: 3, Failures: 0, Errors: 0, Skipped: 0, Time elapsed: 0.904 s - in com.github.example.handler.CouldNotAcquireLockExceptionHandlerSpec
[INFO] Running com.github.example.handler.EntityNotFoundExceptionHandlerSpec
[INFO] Tests run: 3, Failures: 0, Errors: 0, Skipped: 0, Time elapsed: 0.027 s - in com.github.example.handler.EntityNotFoundExceptionHandlerSpec
[INFO] Running com.github.example.handler.IllegalArgumentExceptionHandlerSpec
[INFO] Tests run: 3, Failures: 0, Errors: 0, Skipped: 0, Time elapsed: 0.017 s - in com.github.example.handler.IllegalArgumentExceptionHandlerSpec
[INFO] Running com.github.example.handler.EntityAlreadyExistsExceptionHandlerSpec
[INFO] Tests run: 3, Failures: 0, Errors: 0, Skipped: 0, Time elapsed: 0.023 s - in com.github.example.handler.EntityAlreadyExistsExceptionHandlerSpec
[INFO] Running com.github.example.service.impl.TransactionExecutionServiceSpec
[INFO] Tests run: 20, Failures: 0, Errors: 0, Skipped: 0, Time elapsed: 0.443 s - in com.github.example.service.impl.TransactionExecutionServiceSpec
[INFO] Running com.github.example.service.impl.TransactionServiceSpec
[INFO] Tests run: 9, Failures: 0, Errors: 0, Skipped: 0, Time elapsed: 0.072 s - in com.github.example.service.impl.TransactionServiceSpec
[INFO] Running com.github.example.service.impl.AccountServiceSpec
[INFO] Tests run: 7, Failures: 0, Errors: 0, Skipped: 0, Time elapsed: 0.062 s - in com.github.example.service.impl.AccountServiceSpec
[INFO] Running com.github.example.job.TransactionsProcessingJobSpec
[INFO] Tests run: 1, Failures: 0, Errors: 0, Skipped: 0, Time elapsed: 0.046 s - in com.github.example.job.TransactionsProcessingJobSpec
[INFO] 
[INFO] Results:
[INFO] 
[ERROR] Failures: 
[ERROR]   LockHolderSpec.should throw exception when try acquire lock by null instead of id:24->SpecInternals.thrownImpl:67->SpecInternals.checkExceptionThrown:80 Expected exception of type 'java.lang.IllegalArgumentException', but got 'java.lang.NullPointerException'
[ERROR]   LockHolderSpec.should throw exception when try release lock by null instead of id:45->SpecInternals.thrownImpl:67->SpecInternals.checkExceptionThrown:80 Expected exception of type 'java.lang.IllegalArgumentException', but got 'java.lang.NullPointerException'
[INFO] 
[ERROR] Tests run: 106, Failures: 2, Errors: 0, Skipped: 0
[INFO] 
[INFO] ------------------------------------------------------------------------
[INFO] BUILD FAILURE
[INFO] ------------------------------------------------------------------------
[INFO] Total time: 01:27 min
[INFO] Finished at: 2020-03-15T11:25:51-07:00
[INFO] Final Memory: 62M/1223M
[INFO] ------------------------------------------------------------------------
[ERROR] Failed to execute goal org.apache.maven.plugins:maven-surefire-plugin:2.22.1:test (default-test) on project money-transfer-service: There are test failures.
[ERROR] 
[ERROR] Please refer to /scratch/tmp-rta/Bears_DmitriiSerikov-money-transfer-service_446104441-446106577_java-8/target/surefire-reports for the individual test results.
[ERROR] Please refer to dump files (if any exist) [date].dump, [date]-jvmRun[N].dump and [date].dumpstream.
[ERROR] -> [Help 1]
[ERROR] 
[ERROR] To see the full stack trace of the errors, re-run Maven with the -e switch.
[ERROR] Re-run Maven using the -X switch to enable full debug logging.
[ERROR] 
[ERROR] For more information about the errors and possible solutions, please read the following articles:
[ERROR] [Help 1] http://cwiki.apache.org/confluence/display/MAVEN/MojoFailureException
[INFO] Build failures were ignored.
Picked up JAVA_TOOL_OPTIONS: -XX:CICompilerCount=2 -XX:ParallelGCThreads=2 -XX:ConcGCThreads=2 -Djdk.net.URLClassPath.disableClassPathURLCheck=true 
Java HotSpot(TM) 64-Bit Server VM warning: ignoring option MaxPermSize=512m; support was removed in 8.0
Picked up _JAVA_OPTIONS: -Djdk.net.URLClassPath.disableClassPathURLCheck=true
Apache Maven 3.5.0 (Red Hat 3.5.0-4.3)
Maven home: /opt/rh/rh-maven35/root/usr/share/maven
Java version: 1.8.0_181, vendor: Oracle Corporation
Java home: /scratch/jmcampos/RTA/repair_them_all_framework/jdks/jdk1.8.0_181/jre
Default locale: en_US, platform encoding: UTF-8
OS name: "linux", version: "4.14.158-1.el7.retpoline.x86_64", arch: "amd64", family: "unix"
[INFO] Scanning for projects...
[INFO] 
[INFO] ------------------------------------------------------------------------
[INFO] Building money-transfer-service 0.1
[INFO] ------------------------------------------------------------------------
[INFO] 
[INFO] --- gmavenplus-plugin:1.6.2:addTestSources (default) @ money-transfer-service ---
[INFO] 
[INFO] --- jacoco-maven-plugin:0.8.2:prepare-agent (prepare-agent) @ money-transfer-service ---
[INFO] maven.surefire.argLine set to -javaagent:/scratch/tmp-rta/Bears_DmitriiSerikov-money-transfer-service_446104441-446106577_java-8/.m2/org/jacoco/org.jacoco.agent/0.8.2/org.jacoco.agent-0.8.2-runtime.jar=destfile=/scratch/tmp-rta/Bears_DmitriiSerikov-money-transfer-service_446104441-446106577_java-8/target/jacoco.exec
[INFO] 
[INFO] --- maven-resources-plugin:2.6:resources (default-resources) @ money-transfer-service ---
[INFO] Using 'UTF-8' encoding to copy filtered resources.
[INFO] Copying 2 resources
[INFO] 
[INFO] --- maven-compiler-plugin:3.7.0:compile (default-compile) @ money-transfer-service ---
[INFO] Nothing to compile - all classes are up to date
[INFO] 
[INFO] --- maven-resources-plugin:2.6:testResources (default-testResources) @ money-transfer-service ---
[INFO] Using 'UTF-8' encoding to copy filtered resources.
[INFO] skip non existing resourceDirectory /scratch/tmp-rta/Bears_DmitriiSerikov-money-transfer-service_446104441-446106577_java-8/src/test/resources
[INFO] 
[INFO] --- maven-compiler-plugin:3.7.0:testCompile (default-testCompile) @ money-transfer-service ---
[INFO] Nothing to compile - all classes are up to date
[INFO] 
[INFO] --- gmavenplus-plugin:1.6.2:compileTests (default) @ money-transfer-service ---
[INFO] Using Groovy 2.5.1 to perform compileTests.
[INFO] Compiled 62 files.
[INFO] 
[INFO] --- maven-surefire-plugin:2.22.1:test (default-test) @ money-transfer-service ---
[INFO] 
[INFO] -------------------------------------------------------
[INFO]  T E S T S
[INFO] -------------------------------------------------------
[INFO] Running com.github.example.holder.impl.LockHolderSpec
[ERROR] Tests run: 4, Failures: 2, Errors: 0, Skipped: 0, Time elapsed: 1.29 s <<< FAILURE! - in com.github.example.holder.impl.LockHolderSpec
[ERROR] should throw exception when try acquire lock by null instead of id(com.github.example.holder.impl.LockHolderSpec)  Time elapsed: 1.178 s  <<< FAILURE!
org.spockframework.runtime.WrongExceptionThrownError: Expected exception of type 'java.lang.IllegalArgumentException', but got 'java.lang.NullPointerException'
	at com.github.example.holder.impl.LockHolderSpec.should throw exception when try acquire lock by null instead of id(LockHolderSpec.groovy:24)
Caused by: java.lang.NullPointerException
	at com.github.example.holder.impl.LockHolderSpec.should throw exception when try acquire lock by null instead of id(LockHolderSpec.groovy:21)

[ERROR] should throw exception when try release lock by null instead of id(com.github.example.holder.impl.LockHolderSpec)  Time elapsed: 0.019 s  <<< FAILURE!
org.spockframework.runtime.WrongExceptionThrownError: Expected exception of type 'java.lang.IllegalArgumentException', but got 'java.lang.NullPointerException'
	at com.github.example.holder.impl.LockHolderSpec.should throw exception when try release lock by null instead of id(LockHolderSpec.groovy:45)
Caused by: java.lang.NullPointerException
	at com.github.example.holder.impl.LockHolderSpec.should throw exception when try release lock by null instead of id(LockHolderSpec.groovy:42)

[INFO] Running com.github.example.model.TransactionSpec
[INFO] Tests run: 7, Failures: 0, Errors: 0, Skipped: 0, Time elapsed: 0.08 s - in com.github.example.model.TransactionSpec
[INFO] Running com.github.example.model.AccountSpec
[INFO] Tests run: 6, Failures: 0, Errors: 0, Skipped: 0, Time elapsed: 0.032 s - in com.github.example.model.AccountSpec
[INFO] Running com.github.example.dao.impl.InMemoryTransactionDaoSpec
[INFO] Tests run: 22, Failures: 0, Errors: 0, Skipped: 0, Time elapsed: 0.459 s - in com.github.example.dao.impl.InMemoryTransactionDaoSpec
[INFO] Running com.github.example.dao.impl.InMemoryAccountDaoSpec
[INFO] Tests run: 17, Failures: 0, Errors: 0, Skipped: 0, Time elapsed: 0.47 s - in com.github.example.dao.impl.InMemoryAccountDaoSpec
[INFO] Running com.github.example.factory.ModelMapperFactorySpec
[INFO] Tests run: 1, Failures: 0, Errors: 0, Skipped: 0, Time elapsed: 0.143 s - in com.github.example.factory.ModelMapperFactorySpec
[INFO] Running com.github.example.handler.CouldNotAcquireLockExceptionHandlerSpec
[INFO] Tests run: 3, Failures: 0, Errors: 0, Skipped: 0, Time elapsed: 1.612 s - in com.github.example.handler.CouldNotAcquireLockExceptionHandlerSpec
[INFO] Running com.github.example.handler.EntityNotFoundExceptionHandlerSpec
[INFO] Tests run: 3, Failures: 0, Errors: 0, Skipped: 0, Time elapsed: 0.037 s - in com.github.example.handler.EntityNotFoundExceptionHandlerSpec
[INFO] Running com.github.example.handler.IllegalArgumentExceptionHandlerSpec
[INFO] Tests run: 3, Failures: 0, Errors: 0, Skipped: 0, Time elapsed: 0.032 s - in com.github.example.handler.IllegalArgumentExceptionHandlerSpec
[INFO] Running com.github.example.handler.EntityAlreadyExistsExceptionHandlerSpec
[INFO] Tests run: 3, Failures: 0, Errors: 0, Skipped: 0, Time elapsed: 0.028 s - in com.github.example.handler.EntityAlreadyExistsExceptionHandlerSpec
[INFO] Running com.github.example.service.impl.TransactionExecutionServiceSpec
[INFO] Tests run: 20, Failures: 0, Errors: 0, Skipped: 0, Time elapsed: 0.495 s - in com.github.example.service.impl.TransactionExecutionServiceSpec
[INFO] Running com.github.example.service.impl.TransactionServiceSpec
[INFO] Tests run: 9, Failures: 0, Errors: 0, Skipped: 0, Time elapsed: 0.081 s - in com.github.example.service.impl.TransactionServiceSpec
[INFO] Running com.github.example.service.impl.AccountServiceSpec
[INFO] Tests run: 7, Failures: 0, Errors: 0, Skipped: 0, Time elapsed: 0.057 s - in com.github.example.service.impl.AccountServiceSpec
[INFO] Running com.github.example.job.TransactionsProcessingJobSpec
[INFO] Tests run: 1, Failures: 0, Errors: 0, Skipped: 0, Time elapsed: 0.047 s - in com.github.example.job.TransactionsProcessingJobSpec
[INFO] 
[INFO] Results:
[INFO] 
[ERROR] Failures: 
[ERROR]   LockHolderSpec.should throw exception when try acquire lock by null instead of id:24->SpecInternals.thrownImpl:67->SpecInternals.checkExceptionThrown:80 Expected exception of type 'java.lang.IllegalArgumentException', but got 'java.lang.NullPointerException'
[ERROR]   LockHolderSpec.should throw exception when try release lock by null instead of id:45->SpecInternals.thrownImpl:67->SpecInternals.checkExceptionThrown:80 Expected exception of type 'java.lang.IllegalArgumentException', but got 'java.lang.NullPointerException'
[INFO] 
[ERROR] Tests run: 106, Failures: 2, Errors: 0, Skipped: 0
[INFO] 
[INFO] ------------------------------------------------------------------------
[INFO] BUILD FAILURE
[INFO] ------------------------------------------------------------------------
[INFO] Total time: 21.098 s
[INFO] Finished at: 2020-03-15T11:26:17-07:00
[INFO] Final Memory: 41M/1237M
[INFO] ------------------------------------------------------------------------
[ERROR] Failed to execute goal org.apache.maven.plugins:maven-surefire-plugin:2.22.1:test (default-test) on project money-transfer-service: There are test failures.
[ERROR] 
[ERROR] Please refer to /scratch/tmp-rta/Bears_DmitriiSerikov-money-transfer-service_446104441-446106577_java-8/target/surefire-reports for the individual test results.
[ERROR] Please refer to dump files (if any exist) [date].dump, [date]-jvmRun[N].dump and [date].dumpstream.
[ERROR] -> [Help 1]
[ERROR] 
[ERROR] To see the full stack trace of the errors, re-run Maven with the -e switch.
[ERROR] Re-run Maven using the -X switch to enable full debug logging.
[ERROR] 
[ERROR] For more information about the errors and possible solutions, please read the following articles:
[ERROR] [Help 1] http://cwiki.apache.org/confluence/display/MAVEN/MojoFailureException
