Picked up JAVA_TOOL_OPTIONS: -XX:CICompilerCount=2 -XX:ParallelGCThreads=2 -XX:ConcGCThreads=2 -Djdk.net.URLClassPath.disableClassPathURLCheck=true 
Java HotSpot(TM) 64-Bit Server VM warning: ignoring option MaxPermSize=512m; support was removed in 8.0
Picked up _JAVA_OPTIONS: -Djdk.net.URLClassPath.disableClassPathURLCheck=true
Apache Maven 3.5.0 (Red Hat 3.5.0-4.3)
Maven home: /opt/rh/rh-maven35/root/usr/share/maven
Java version: 1.8.0_181, vendor: Oracle Corporation
Java home: /boom/scratch/jmcampos/RTA/repair_them_all_framework/jdks/jdk1.8.0_181/jre
Default locale: en_US, platform encoding: UTF-8
OS name: "linux", version: "4.14.147-1.el7.retpoline.x86_64", arch: "amd64", family: "unix"
[INFO] Scanning for projects...
[INFO] Downloading: https://repo.maven.apache.org/maven2/org/apache/maven/wagon/wagon-ssh/maven-metadata.xml
[INFO] Downloaded: https://repo.maven.apache.org/maven2/org/apache/maven/wagon/wagon-ssh/maven-metadata.xml (1.4 kB at 5.8 kB/s)
[INFO] Inspecting build with total of 1 modules...
[INFO] Installing Nexus Staging features:
[INFO]   ... total of 1 executions of maven-deploy-plugin replaced with nexus-staging-maven-plugin
[INFO] 
[INFO] ------------------------------------------------------------------------
[INFO] Building Spoon Core 5.9.0-SNAPSHOT
[INFO] ------------------------------------------------------------------------
[INFO] Downloading: https://oss.sonatype.org/content/repositories/snapshots/junit/junit-dep/maven-metadata.xml
[INFO] Downloading: https://repo.maven.apache.org/maven2/junit/junit-dep/maven-metadata.xml
[INFO] Downloading: http://spoon.gforge.inria.fr/repositories/snapshots/junit/junit-dep/maven-metadata.xml
[INFO] Downloading: http://spoon.gforge.inria.fr/repositories/releases/junit/junit-dep/maven-metadata.xml
[INFO] Downloaded: https://repo.maven.apache.org/maven2/junit/junit-dep/maven-metadata.xml (563 B at 27 kB/s)
[INFO] Downloading: http://spoon.gforge.inria.fr/repositories/snapshots/commons-io/commons-io/maven-metadata.xml
[INFO] Downloading: https://repo.maven.apache.org/maven2/commons-io/commons-io/maven-metadata.xml
[INFO] Downloading: http://spoon.gforge.inria.fr/repositories/releases/commons-io/commons-io/maven-metadata.xml
[INFO] Downloading: https://oss.sonatype.org/content/repositories/snapshots/commons-io/commons-io/maven-metadata.xml
[INFO] Downloaded: https://repo.maven.apache.org/maven2/commons-io/commons-io/maven-metadata.xml (783 B at 98 kB/s)
[INFO] 
[INFO] --- maven-enforcer-plugin:1.4.1:enforce (enforce-maven) @ spoon-core ---
[INFO] Skipping Rule Enforcement.
[INFO] 
[INFO] --- maven-enforcer-plugin:1.4.1:enforce (enforce-bytecode-version) @ spoon-core ---
[INFO] Skipping Rule Enforcement.
[INFO] 
[INFO] --- jacoco-maven-plugin:0.7.5.201505241946:prepare-agent (default) @ spoon-core ---
[INFO] Skipping JaCoCo execution because property jacoco.skip is set.
[INFO] argLine set to empty
[INFO] 
[INFO] --- maven-resources-plugin:2.6:resources (default-resources) @ spoon-core ---
[INFO] Using 'UTF-8' encoding to copy filtered resources.
[INFO] Copying 3 resources
[INFO] Copying 1 resource
[INFO] 
[INFO] --- maven-compiler-plugin:3.1:compile (default-compile) @ spoon-core ---
[INFO] Changes detected - recompiling the module!
[INFO] Compiling 509 source files to /boom/scratch/tmp-rta/Bears_INRIA-spoon_260612138-265581135_java-8/target/classes
[WARNING] bootstrap class path not set in conjunction with -source 1.7
[WARNING] /boom/scratch/tmp-rta/Bears_INRIA-spoon_260612138-265581135_java-8/src/main/java/spoon/reflect/visitor/DefaultJavaPrettyPrinter.java:[1844,21] reset() in spoon.reflect.visitor.PrettyPrinter has been deprecated
[WARNING] /boom/scratch/tmp-rta/Bears_INRIA-spoon_260612138-265581135_java-8/src/main/java/spoon/support/compiler/jdt/FileCompilerConfig.java:[78,40] closeQuietly(java.io.InputStream) in org.apache.commons.io.IOUtils has been deprecated
[WARNING] /boom/scratch/tmp-rta/Bears_INRIA-spoon_260612138-265581135_java-8/src/main/java/spoon/support/compiler/jdt/FileCompilerConfig.java:[81,32] closeQuietly(java.io.InputStream) in org.apache.commons.io.IOUtils has been deprecated
[WARNING] /boom/scratch/tmp-rta/Bears_INRIA-spoon_260612138-265581135_java-8/src/main/java/spoon/support/reflect/declaration/CtElementImpl.java: Some input files use unchecked or unsafe operations.
[WARNING] /boom/scratch/tmp-rta/Bears_INRIA-spoon_260612138-265581135_java-8/src/main/java/spoon/support/reflect/declaration/CtElementImpl.java: Recompile with -Xlint:unchecked for details.
[INFO] 
[INFO] --- maven-resources-plugin:2.6:testResources (default-testResources) @ spoon-core ---
[INFO] Using 'UTF-8' encoding to copy filtered resources.
[INFO] Copying 101 resources
[INFO] 
[INFO] --- maven-compiler-plugin:3.1:testCompile (default-testCompile) @ spoon-core ---
[INFO] Nothing to compile - all classes are up to date
[INFO] 
[INFO] --- maven-surefire-plugin:2.19.1:test (default-test) @ spoon-core ---
[INFO] Downloading: https://repo.maven.apache.org/maven2/org/apache/maven/surefire/surefire-junit4/2.19.1/surefire-junit4-2.19.1.pom
[INFO] Downloaded: https://repo.maven.apache.org/maven2/org/apache/maven/surefire/surefire-junit4/2.19.1/surefire-junit4-2.19.1.pom (3.3 kB at 204 kB/s)
[INFO] Downloading: https://repo.maven.apache.org/maven2/org/apache/maven/surefire/surefire-providers/2.19.1/surefire-providers-2.19.1.pom
[INFO] Downloaded: https://repo.maven.apache.org/maven2/org/apache/maven/surefire/surefire-providers/2.19.1/surefire-providers-2.19.1.pom (2.6 kB at 171 kB/s)
[INFO] Downloading: https://repo.maven.apache.org/maven2/org/apache/maven/surefire/surefire-junit4/2.19.1/surefire-junit4-2.19.1.jar
[INFO] Downloaded: https://repo.maven.apache.org/maven2/org/apache/maven/surefire/surefire-junit4/2.19.1/surefire-junit4-2.19.1.jar (75 kB at 2.6 MB/s)

-------------------------------------------------------
 T E S T S
-------------------------------------------------------
Picked up JAVA_TOOL_OPTIONS: -XX:CICompilerCount=2 -XX:ParallelGCThreads=2 -XX:ConcGCThreads=2 -Djdk.net.URLClassPath.disableClassPathURLCheck=true -XX:CICompilerCount=2 -XX:ParallelGCThreads=2 -XX:ConcGCThreads=2 -Djdk.net.URLClassPath.disableClassPathURLCheck=true 
Picked up _JAVA_OPTIONS: -Djdk.net.URLClassPath.disableClassPathURLCheck=true
Running spoon.test.api.NoClasspathTest
Tests run: 3, Failures: 0, Errors: 0, Skipped: 0, Time elapsed: 0.794 sec - in spoon.test.api.NoClasspathTest
Running spoon.test.api.FileSystemFolderTest
Tests run: 2, Failures: 0, Errors: 0, Skipped: 0, Time elapsed: 0 sec - in spoon.test.api.FileSystemFolderTest
Running spoon.test.api.APITest
Tests run: 14, Failures: 0, Errors: 0, Skipped: 0, Time elapsed: 16.195 sec - in spoon.test.api.APITest
Running spoon.test.api.MetamodelTest
Tests run: 3, Failures: 0, Errors: 0, Skipped: 0, Time elapsed: 2.033 sec - in spoon.test.api.MetamodelTest
Running spoon.test.exceptions.ExceptionTest
Tests run: 6, Failures: 0, Errors: 0, Skipped: 0, Time elapsed: 0.194 sec - in spoon.test.exceptions.ExceptionTest
Running spoon.test.intercession.insertBefore.InsertMethodsTest
Tests run: 9, Failures: 0, Errors: 0, Skipped: 0, Time elapsed: 0.684 sec - in spoon.test.intercession.insertBefore.InsertMethodsTest
Running spoon.test.intercession.IntercessionContractTest
Tests run: 94, Failures: 0, Errors: 0, Skipped: 0, Time elapsed: 0.834 sec - in spoon.test.intercession.IntercessionContractTest
Running spoon.test.intercession.IntercessionTest
Tests run: 8, Failures: 0, Errors: 0, Skipped: 1, Time elapsed: 2.66 sec - in spoon.test.intercession.IntercessionTest
Running spoon.test.intercession.RemoveTest
Tests run: 1, Failures: 0, Errors: 0, Skipped: 0, Time elapsed: 0 sec - in spoon.test.intercession.RemoveTest
Running spoon.test.loop.LoopTest
Tests run: 2, Failures: 0, Errors: 0, Skipped: 0, Time elapsed: 0 sec - in spoon.test.loop.LoopTest
Running spoon.test.prettyprinter.LinesTest
Tests run: 2, Failures: 0, Errors: 0, Skipped: 0, Time elapsed: 0.054 sec - in spoon.test.prettyprinter.LinesTest
Running spoon.test.prettyprinter.DefaultPrettyPrinterTest
Tests run: 11, Failures: 0, Errors: 1, Skipped: 0, Time elapsed: 0.425 sec <<< FAILURE! - in spoon.test.prettyprinter.DefaultPrettyPrinterTest
testIssue1501(spoon.test.prettyprinter.DefaultPrettyPrinterTest)  Time elapsed: 0.056 sec  <<< ERROR!
spoon.SpoonException: 
spoon.SpoonException: Printing of spoon.support.reflect.code.CtFieldReadImpl on path 
	CtPackageImpl:org
	CtPackageImpl:ethack
	CtPackageImpl:orwall
	CtClassImpl:PreferencesActivity
	CtClassImpl:NetworkPrefs
	CtFieldImpl:listener
	CtNewClassImpl
	CtClassImpl:1
	CtMethodImpl:onSharedPreferenceChanged
	CtBlockImpl
	CtIfImpl
	CtBlockImpl
	CtInvocationImpl
	CtFieldReadImpl:PARAM_ACTIVATE
at position (/boom/scratch/tmp-rta/Bears_INRIA-spoon_260612138-265581135_java-8/src/test/resources/noclasspath/orwall/PreferencesActivity.java:126) failed
	at spoon.test.prettyprinter.DefaultPrettyPrinterTest.testIssue1501(DefaultPrettyPrinterTest.java:305)
Caused by: spoon.SpoonException: 
Printing of spoon.support.reflect.code.CtFieldReadImpl on path 
	CtPackageImpl:org
	CtPackageImpl:ethack
	CtPackageImpl:orwall
	CtClassImpl:PreferencesActivity
	CtClassImpl:NetworkPrefs
	CtFieldImpl:listener
	CtNewClassImpl
	CtClassImpl:1
	CtMethodImpl:onSharedPreferenceChanged
	CtBlockImpl
	CtIfImpl
	CtBlockImpl
	CtInvocationImpl
	CtFieldReadImpl:PARAM_ACTIVATE
at position (/boom/scratch/tmp-rta/Bears_INRIA-spoon_260612138-265581135_java-8/src/test/resources/noclasspath/orwall/PreferencesActivity.java:126) failed
	at spoon.test.prettyprinter.DefaultPrettyPrinterTest.testIssue1501(DefaultPrettyPrinterTest.java:305)
Caused by: java.lang.NullPointerException
	at spoon.test.prettyprinter.DefaultPrettyPrinterTest.testIssue1501(DefaultPrettyPrinterTest.java:305)

Running spoon.test.prettyprinter.PrinterTest
Tests run: 7, Failures: 0, Errors: 0, Skipped: 0, Time elapsed: 1.36 sec - in spoon.test.prettyprinter.PrinterTest
Running spoon.test.prettyprinter.QualifiedThisRefTest
Tests run: 3, Failures: 0, Errors: 0, Skipped: 0, Time elapsed: 0.158 sec - in spoon.test.prettyprinter.QualifiedThisRefTest
Running spoon.test.variable.AccessTest
Tests run: 8, Failures: 0, Errors: 0, Skipped: 0, Time elapsed: 0.365 sec - in spoon.test.variable.AccessTest
Running spoon.test.variable.AccessFullyQualifiedFieldTest
Tests run: 9, Failures: 0, Errors: 0, Skipped: 0, Time elapsed: 1.114 sec - in spoon.test.variable.AccessFullyQualifiedFieldTest
Running spoon.test.visitor.VisitorTest
Tests run: 1, Failures: 0, Errors: 0, Skipped: 0, Time elapsed: 0.041 sec - in spoon.test.visitor.VisitorTest
Running spoon.test.pkg.PackageTest
Tests run: 4, Failures: 0, Errors: 0, Skipped: 0, Time elapsed: 0.347 sec - in spoon.test.pkg.PackageTest
Running spoon.test.comment.CommentTest
Tests run: 15, Failures: 0, Errors: 0, Skipped: 0, Time elapsed: 12.054 sec - in spoon.test.comment.CommentTest
Running spoon.test.annotation.AnnotationTest
Tests run: 41, Failures: 0, Errors: 0, Skipped: 0, Time elapsed: 2.756 sec - in spoon.test.annotation.AnnotationTest
Running spoon.test.annotation.AnnotationLoopTest
Tests run: 1, Failures: 0, Errors: 0, Skipped: 0, Time elapsed: 0.032 sec - in spoon.test.annotation.AnnotationLoopTest
Running spoon.test.annotation.AnnotationValuesTest
Tests run: 6, Failures: 0, Errors: 0, Skipped: 0, Time elapsed: 0.109 sec - in spoon.test.annotation.AnnotationValuesTest
Running spoon.test.trycatch.TryCatchTest
Tests run: 9, Failures: 0, Errors: 0, Skipped: 0, Time elapsed: 0.405 sec - in spoon.test.trycatch.TryCatchTest
Running spoon.test.position.PositionTest
Tests run: 10, Failures: 0, Errors: 0, Skipped: 0, Time elapsed: 0.343 sec - in spoon.test.position.PositionTest
Running spoon.test.refactoring.CtRenameLocalVariableRefactoringTest
Tests run: 4, Failures: 0, Errors: 0, Skipped: 0, Time elapsed: 15.064 sec - in spoon.test.refactoring.CtRenameLocalVariableRefactoringTest
Running spoon.test.refactoring.MethodsRefactoringTest
Tests run: 5, Failures: 0, Errors: 0, Skipped: 0, Time elapsed: 0.937 sec - in spoon.test.refactoring.MethodsRefactoringTest
Running spoon.test.refactoring.RefactoringTest
Tests run: 4, Failures: 0, Errors: 0, Skipped: 0, Time elapsed: 0.613 sec - in spoon.test.refactoring.RefactoringTest
Running spoon.test.targeted.TargetedExpressionTest
Tests run: 17, Failures: 0, Errors: 0, Skipped: 0, Time elapsed: 0.841 sec - in spoon.test.targeted.TargetedExpressionTest
Running spoon.test.control.ControlTest
Tests run: 2, Failures: 0, Errors: 0, Skipped: 0, Time elapsed: 0.087 sec - in spoon.test.control.ControlTest
Running spoon.test.factory.ClassFactoryTest
Tests run: 2, Failures: 0, Errors: 0, Skipped: 0, Time elapsed: 0 sec - in spoon.test.factory.ClassFactoryTest
Running spoon.test.factory.FieldFactoryTest
Tests run: 2, Failures: 0, Errors: 0, Skipped: 0, Time elapsed: 0.149 sec - in spoon.test.factory.FieldFactoryTest
Running spoon.test.factory.ConstructorFactoryTest
Tests run: 2, Failures: 0, Errors: 0, Skipped: 0, Time elapsed: 0.031 sec - in spoon.test.factory.ConstructorFactoryTest
Running spoon.test.factory.AnnotationFactoryTest
Tests run: 1, Failures: 0, Errors: 0, Skipped: 0, Time elapsed: 0.031 sec - in spoon.test.factory.AnnotationFactoryTest
Running spoon.test.factory.FactoryTest
Tests run: 6, Failures: 0, Errors: 0, Skipped: 0, Time elapsed: 0.738 sec - in spoon.test.factory.FactoryTest
Running spoon.test.factory.CodeFactoryTest
Tests run: 1, Failures: 0, Errors: 0, Skipped: 0, Time elapsed: 0 sec - in spoon.test.factory.CodeFactoryTest
Running spoon.test.factory.ExecutableFactoryTest
Tests run: 1, Failures: 0, Errors: 0, Skipped: 0, Time elapsed: 0 sec - in spoon.test.factory.ExecutableFactoryTest
Running spoon.test.factory.TypeFactoryTest
Tests run: 3, Failures: 0, Errors: 0, Skipped: 0, Time elapsed: 0.074 sec - in spoon.test.factory.TypeFactoryTest
Running spoon.test.fieldaccesses.FieldAccessTest
Tests run: 16, Failures: 0, Errors: 0, Skipped: 0, Time elapsed: 0.575 sec - in spoon.test.fieldaccesses.FieldAccessTest
Running spoon.test.filters.FilterTest
2020-03-14 10:15:10,140 INFO spoon.Launcher - Spoon version 5.9.0-SNAPSHOT
2020-03-14 10:15:10,141 INFO spoon.Launcher - running Spoon...
2020-03-14 10:15:10,141 INFO spoon.Launcher - start processing...
2020-03-14 10:15:10,177 INFO spoon.Launcher - end of processing: 
2020-03-14 10:15:10,177 INFO spoon.Launcher - no errors, no warnings
2020-03-14 10:15:10,338 INFO spoon.Launcher - Spoon version 5.9.0-SNAPSHOT
2020-03-14 10:15:10,339 INFO spoon.Launcher - running Spoon...
2020-03-14 10:15:10,339 INFO spoon.Launcher - start processing...
2020-03-14 10:15:10,377 INFO spoon.Launcher - end of processing: 
2020-03-14 10:15:10,377 INFO spoon.Launcher - no errors, no warnings
2020-03-14 10:15:10,585 INFO spoon.Launcher - Spoon version 5.9.0-SNAPSHOT
2020-03-14 10:15:10,585 INFO spoon.Launcher - running Spoon...
2020-03-14 10:15:10,585 INFO spoon.Launcher - start processing...
2020-03-14 10:15:10,621 INFO spoon.Launcher - end of processing: 
2020-03-14 10:15:10,621 INFO spoon.Launcher - no errors, no warnings
2020-03-14 10:15:10,789 INFO spoon.Launcher - Spoon version 5.9.0-SNAPSHOT
2020-03-14 10:15:10,789 INFO spoon.Launcher - running Spoon...
2020-03-14 10:15:10,789 INFO spoon.Launcher - start processing...
2020-03-14 10:15:10,825 INFO spoon.Launcher - end of processing: 
2020-03-14 10:15:10,826 INFO spoon.Launcher - no errors, no warnings
2020-03-14 10:15:10,927 INFO spoon.Launcher - Spoon version 5.9.0-SNAPSHOT
2020-03-14 10:15:10,927 INFO spoon.Launcher - running Spoon...
2020-03-14 10:15:10,927 INFO spoon.Launcher - start processing...
2020-03-14 10:15:10,978 INFO spoon.Launcher - end of processing: 
2020-03-14 10:15:10,978 INFO spoon.Launcher - no errors, no warnings
2020-03-14 10:15:11,347 INFO spoon.Launcher - Spoon version 5.9.0-SNAPSHOT
2020-03-14 10:15:11,347 INFO spoon.Launcher - running Spoon...
2020-03-14 10:15:11,347 INFO spoon.Launcher - start processing...
2020-03-14 10:15:11,382 INFO spoon.Launcher - end of processing: 
2020-03-14 10:15:11,383 INFO spoon.Launcher - no errors, no warnings
2020-03-14 10:15:11,592 INFO spoon.Launcher - Spoon version 5.9.0-SNAPSHOT
2020-03-14 10:15:11,593 INFO spoon.Launcher - running Spoon...
2020-03-14 10:15:11,593 INFO spoon.Launcher - start processing...
2020-03-14 10:15:11,628 INFO spoon.Launcher - end of processing: 
2020-03-14 10:15:11,628 INFO spoon.Launcher - no errors, no warnings
2020-03-14 10:15:11,818 INFO spoon.Launcher - Spoon version 5.9.0-SNAPSHOT
2020-03-14 10:15:11,818 INFO spoon.Launcher - running Spoon...
2020-03-14 10:15:11,818 INFO spoon.Launcher - start processing...
2020-03-14 10:15:11,853 INFO spoon.Launcher - end of processing: 
2020-03-14 10:15:11,854 INFO spoon.Launcher - no errors, no warnings
2020-03-14 10:15:11,892 INFO spoon.Launcher - Spoon version 5.9.0-SNAPSHOT
2020-03-14 10:15:11,893 INFO spoon.Launcher - running Spoon...
2020-03-14 10:15:11,893 INFO spoon.Launcher - start processing...
2020-03-14 10:15:11,928 INFO spoon.Launcher - end of processing: 
2020-03-14 10:15:11,928 INFO spoon.Launcher - no errors, no warnings
2020-03-14 10:15:12,031 INFO spoon.Launcher - Spoon version 5.9.0-SNAPSHOT
2020-03-14 10:15:12,031 INFO spoon.Launcher - running Spoon...
2020-03-14 10:15:12,031 INFO spoon.Launcher - start processing...
2020-03-14 10:15:12,074 INFO spoon.Launcher - end of processing: 
2020-03-14 10:15:12,074 INFO spoon.Launcher - no errors, no warnings
2020-03-14 10:15:12,188 INFO spoon.Launcher - Spoon version 5.9.0-SNAPSHOT
2020-03-14 10:15:12,188 INFO spoon.Launcher - running Spoon...
2020-03-14 10:15:12,188 INFO spoon.Launcher - start processing...
2020-03-14 10:15:12,226 INFO spoon.Launcher - end of processing: 
2020-03-14 10:15:12,226 INFO spoon.Launcher - no errors, no warnings
2020-03-14 10:15:12,267 INFO spoon.Launcher - Spoon version 5.9.0-SNAPSHOT
2020-03-14 10:15:12,267 INFO spoon.Launcher - running Spoon...
2020-03-14 10:15:12,267 INFO spoon.Launcher - start processing...
2020-03-14 10:15:12,309 INFO spoon.Launcher - end of processing: 
2020-03-14 10:15:12,309 INFO spoon.Launcher - no errors, no warnings
2020-03-14 10:15:12,567 INFO spoon.Launcher - Spoon version 5.9.0-SNAPSHOT
2020-03-14 10:15:12,567 INFO spoon.Launcher - running Spoon...
2020-03-14 10:15:12,567 INFO spoon.Launcher - start processing...
2020-03-14 10:15:12,609 INFO spoon.Launcher - end of processing: 
2020-03-14 10:15:12,609 INFO spoon.Launcher - no errors, no warnings
2020-03-14 10:15:12,909 INFO spoon.Launcher - Spoon version 5.9.0-SNAPSHOT
2020-03-14 10:15:12,910 INFO spoon.Launcher - running Spoon...
2020-03-14 10:15:12,910 INFO spoon.Launcher - start processing...
2020-03-14 10:15:12,952 INFO spoon.Launcher - end of processing: 
2020-03-14 10:15:12,953 INFO spoon.Launcher - no errors, no warnings
2020-03-14 10:15:12,955 INFO spoon.Launcher - Step filter CtClass only) spoon.reflect.CtModelImpl$CtRootPackage cannot be cast to spoon.reflect.declaration.CtClass
Parameter 1) CtRootPackage: unnamed package
2020-03-14 10:15:12,955 INFO spoon.Launcher - Step filter CtClass only) spoon.support.reflect.declaration.CtPackageImpl cannot be cast to spoon.reflect.declaration.CtClass
Parameter 1) CtPackageImpl: spoon
2020-03-14 10:15:12,955 INFO spoon.Launcher - Step filter CtClass only) spoon.support.reflect.declaration.CtPackageImpl cannot be cast to spoon.reflect.declaration.CtClass
Parameter 1) CtPackageImpl: spoon.test
2020-03-14 10:15:12,955 INFO spoon.Launcher - Step filter CtClass only) spoon.support.reflect.declaration.CtPackageImpl cannot be cast to spoon.reflect.declaration.CtClass
Parameter 1) CtPackageImpl: spoon.test.filters
2020-03-14 10:15:12,955 INFO spoon.Launcher - Step filter CtClass only) spoon.support.reflect.declaration.CtPackageImpl cannot be cast to spoon.reflect.declaration.CtClass
Parameter 1) CtPackageImpl: spoon.test.filters.testclasses
2020-03-14 10:15:12,956 INFO spoon.Launcher - Step filter CtClass only) spoon.support.reflect.reference.CtTypeReferenceImpl cannot be cast to spoon.reflect.declaration.CtClass
Parameter 1) CtTypeReferenceImpl: spoon.test.filters.testclasses.ITostada
2020-03-14 10:15:12,956 INFO spoon.Launcher - Step filter CtClass only) spoon.support.reflect.reference.CtPackageReferenceImpl cannot be cast to spoon.reflect.declaration.CtClass
Parameter 1) CtPackageReferenceImpl: spoon.test.filters.testclasses
2020-03-14 10:15:12,956 INFO spoon.Launcher - Step filter CtClass only) spoon.support.reflect.declaration.CtConstructorImpl cannot be cast to spoon.reflect.declaration.CtClass
Parameter 1) CtConstructorImpl: public AbstractTostada() {
}
2020-03-14 10:15:12,956 INFO spoon.Launcher - Step filter CtClass only) spoon.support.reflect.code.CtBlockImpl cannot be cast to spoon.reflect.declaration.CtClass
Parameter 1) CtBlockImpl: {
}
2020-03-14 10:15:12,956 INFO spoon.Launcher - Step filter CtClass only) spoon.support.reflect.code.CtInvocationImpl cannot be cast to spoon.reflect.declaration.CtClass
Parameter 1) CtInvocationImpl: super()
2020-03-14 10:15:12,956 INFO spoon.Launcher - Step filter CtClass only) spoon.support.reflect.reference.CtExecutableReferenceImpl cannot be cast to spoon.reflect.declaration.CtClass
Parameter 1) CtExecutableReferenceImpl: java.lang.Object#Object()
2020-03-14 10:15:12,957 INFO spoon.Launcher - Step filter CtClass only) spoon.support.reflect.reference.CtTypeReferenceImpl cannot be cast to spoon.reflect.declaration.CtClass
Parameter 1) CtTypeReferenceImpl: java.lang.Object
2020-03-14 10:15:12,957 INFO spoon.Launcher - Step filter CtClass only) spoon.support.reflect.reference.CtPackageReferenceImpl cannot be cast to spoon.reflect.declaration.CtClass
Parameter 1) CtPackageReferenceImpl: java.lang
2020-03-14 10:15:12,957 INFO spoon.Launcher - Step filter CtClass only) spoon.support.reflect.reference.CtTypeReferenceImpl cannot be cast to spoon.reflect.declaration.CtClass
Parameter 1) CtTypeReferenceImpl: java.lang.Object
2020-03-14 10:15:12,957 INFO spoon.Launcher - Step filter CtClass only) spoon.support.reflect.reference.CtPackageReferenceImpl cannot be cast to spoon.reflect.declaration.CtClass
Parameter 1) CtPackageReferenceImpl: java.lang
2020-03-14 10:15:12,957 INFO spoon.Launcher - Step filter CtClass only) spoon.support.reflect.declaration.CtMethodImpl cannot be cast to spoon.reflect.declaration.CtClass
Parameter 1) CtMethodImpl: @java.lang.Override
public spoon.test.filters.testclasses.ITostada make() {
    return new spoon.test.filters.testclasses.Tostada() {
        @java.lang.Override
        public void prepare() {
            super.prepare();
        }

        @java.lang.Override
        public spoon.test.filters.testclasses.ITostada make() {
            return super.make();
        }
    };
}
2020-03-14 10:15:12,957 INFO spoon.Launcher - Step filter CtClass only) spoon.support.reflect.declaration.CtAnnotationImpl cannot be cast to spoon.reflect.declaration.CtClass
Parameter 1) CtAnnotationImpl: @java.lang.Override
2020-03-14 10:15:12,957 INFO spoon.Launcher - Step filter CtClass only) spoon.support.reflect.reference.CtTypeReferenceImpl cannot be cast to spoon.reflect.declaration.CtClass
Parameter 1) CtTypeReferenceImpl: java.lang.Override
2020-03-14 10:15:12,958 INFO spoon.Launcher - Step filter CtClass only) spoon.support.reflect.reference.CtPackageReferenceImpl cannot be cast to spoon.reflect.declaration.CtClass
Parameter 1) CtPackageReferenceImpl: java.lang
2020-03-14 10:15:12,958 INFO spoon.Launcher - Step filter CtClass only) spoon.support.reflect.reference.CtTypeReferenceImpl cannot be cast to spoon.reflect.declaration.CtClass
Parameter 1) CtTypeReferenceImpl: java.lang.Override
2020-03-14 10:15:12,958 INFO spoon.Launcher - Step filter CtClass only) spoon.support.reflect.reference.CtPackageReferenceImpl cannot be cast to spoon.reflect.declaration.CtClass
Parameter 1) CtPackageReferenceImpl: java.lang
2020-03-14 10:15:12,958 INFO spoon.Launcher - Step filter CtClass only) spoon.support.reflect.reference.CtTypeReferenceImpl cannot be cast to spoon.reflect.declaration.CtClass
Parameter 1) CtTypeReferenceImpl: spoon.test.filters.testclasses.ITostada
2020-03-14 10:15:12,958 INFO spoon.Launcher - Step filter CtClass only) spoon.support.reflect.reference.CtPackageReferenceImpl cannot be cast to spoon.reflect.declaration.CtClass
Parameter 1) CtPackageReferenceImpl: spoon.test.filters.testclasses
2020-03-14 10:15:12,958 INFO spoon.Launcher - Step filter CtClass only) spoon.support.reflect.code.CtBlockImpl cannot be cast to spoon.reflect.declaration.CtClass
Parameter 1) CtBlockImpl: {
    return new spoon.test.filters.testclasses.Tostada() {
        @java.lang.Override
        public void prepare() {
            super.prepare();
        }

        @java.lang.Override
        public spoon.test.filters.testclasses.ITostada make() {
            return super.make();
        }
    };
}
2020-03-14 10:15:12,958 INFO spoon.Launcher - Step filter CtClass only) spoon.support.reflect.code.CtReturnImpl cannot be cast to spoon.reflect.declaration.CtClass
Parameter 1) CtReturnImpl: return new spoon.test.filters.testclasses.Tostada() {
    @java.lang.Override
    public void prepare() {
        super.prepare();
    }

    @java.lang.Override
    public spoon.test.filters.testclasses.ITostada make() {
        return super.make();
    }
}
2020-03-14 10:15:12,959 INFO spoon.Launcher - Step filter CtClass only) spoon.support.reflect.code.CtNewClassImpl cannot be cast to spoon.reflect.declaration.CtClass
Parameter 1) CtNewClassImpl: new spoon.test.filters.testclasses.Tostada() {
    @java.lang.Override
    public void prepare() {
        super.prepare();
    }

    @java.lang.Override
    public spoon.test.filters.testclasses.ITostada make() {
        return super.make();
    }
}
2020-03-14 10:15:12,959 INFO spoon.Launcher - Step filter CtClass only) spoon.support.reflect.reference.CtExecutableReferenceImpl cannot be cast to spoon.reflect.declaration.CtClass
Parameter 1) CtExecutableReferenceImpl: spoon.test.filters.testclasses.AbstractTostada$1#1()
2020-03-14 10:15:12,959 INFO spoon.Launcher - Step filter CtClass only) spoon.support.reflect.reference.CtTypeReferenceImpl cannot be cast to spoon.reflect.declaration.CtClass
Parameter 1) CtTypeReferenceImpl: spoon.test.filters.testclasses.AbstractTostada.1
2020-03-14 10:15:12,960 INFO spoon.Launcher - Step filter CtClass only) spoon.support.reflect.reference.CtTypeReferenceImpl cannot be cast to spoon.reflect.declaration.CtClass
Parameter 1) CtTypeReferenceImpl: spoon.test.filters.testclasses.AbstractTostada
2020-03-14 10:15:12,960 INFO spoon.Launcher - Step filter CtClass only) spoon.support.reflect.reference.CtPackageReferenceImpl cannot be cast to spoon.reflect.declaration.CtClass
Parameter 1) CtPackageReferenceImpl: spoon.test.filters.testclasses
2020-03-14 10:15:12,960 INFO spoon.Launcher - Step filter CtClass only) spoon.support.reflect.reference.CtTypeReferenceImpl cannot be cast to spoon.reflect.declaration.CtClass
Parameter 1) CtTypeReferenceImpl: spoon.test.filters.testclasses.Tostada
2020-03-14 10:15:12,960 INFO spoon.Launcher - Step filter CtClass only) spoon.support.reflect.reference.CtPackageReferenceImpl cannot be cast to spoon.reflect.declaration.CtClass
Parameter 1) CtPackageReferenceImpl: spoon.test.filters.testclasses
2020-03-14 10:15:12,960 INFO spoon.Launcher - Step filter CtClass only) spoon.support.reflect.reference.CtTypeReferenceImpl cannot be cast to spoon.reflect.declaration.CtClass
Parameter 1) CtTypeReferenceImpl: spoon.test.filters.testclasses.Tostada
2020-03-14 10:15:12,960 INFO spoon.Launcher - Step filter CtClass only) spoon.support.reflect.reference.CtPackageReferenceImpl cannot be cast to spoon.reflect.declaration.CtClass
Parameter 1) CtPackageReferenceImpl: spoon.test.filters.testclasses
2020-03-14 10:15:12,960 INFO spoon.Launcher - Step filter CtClass only) spoon.support.reflect.declaration.CtConstructorImpl cannot be cast to spoon.reflect.declaration.CtClass
Parameter 1) CtConstructorImpl: 1() {
}
2020-03-14 10:15:12,960 INFO spoon.Launcher - Step filter CtClass only) spoon.support.reflect.code.CtBlockImpl cannot be cast to spoon.reflect.declaration.CtClass
Parameter 1) CtBlockImpl: {
}
2020-03-14 10:15:12,961 INFO spoon.Launcher - Step filter CtClass only) spoon.support.reflect.code.CtInvocationImpl cannot be cast to spoon.reflect.declaration.CtClass
Parameter 1) CtInvocationImpl: super()
2020-03-14 10:15:12,961 INFO spoon.Launcher - Step filter CtClass only) spoon.support.reflect.reference.CtExecutableReferenceImpl cannot be cast to spoon.reflect.declaration.CtClass
Parameter 1) CtExecutableReferenceImpl: spoon.test.filters.testclasses.Tostada#Tostada()
2020-03-14 10:15:12,961 INFO spoon.Launcher - Step filter CtClass only) spoon.support.reflect.reference.CtTypeReferenceImpl cannot be cast to spoon.reflect.declaration.CtClass
Parameter 1) CtTypeReferenceImpl: spoon.test.filters.testclasses.Tostada
2020-03-14 10:15:12,961 INFO spoon.Launcher - Step filter CtClass only) spoon.support.reflect.reference.CtPackageReferenceImpl cannot be cast to spoon.reflect.declaration.CtClass
Parameter 1) CtPackageReferenceImpl: spoon.test.filters.testclasses
2020-03-14 10:15:12,961 INFO spoon.Launcher - Step filter CtClass only) spoon.support.reflect.reference.CtTypeReferenceImpl cannot be cast to spoon.reflect.declaration.CtClass
Parameter 1) CtTypeReferenceImpl: spoon.test.filters.testclasses.Tostada
2020-03-14 10:15:12,961 INFO spoon.Launcher - Step filter CtClass only) spoon.support.reflect.reference.CtPackageReferenceImpl cannot be cast to spoon.reflect.declaration.CtClass
Parameter 1) CtPackageReferenceImpl: spoon.test.filters.testclasses
2020-03-14 10:15:12,961 INFO spoon.Launcher - Step filter CtClass only) spoon.support.reflect.declaration.CtMethodImpl cannot be cast to spoon.reflect.declaration.CtClass
Parameter 1) CtMethodImpl: @java.lang.Override
public void prepare() {
    super.prepare();
}
2020-03-14 10:15:12,962 INFO spoon.Launcher - Step filter CtClass only) spoon.support.reflect.declaration.CtAnnotationImpl cannot be cast to spoon.reflect.declaration.CtClass
Parameter 1) CtAnnotationImpl: @java.lang.Override
2020-03-14 10:15:12,962 INFO spoon.Launcher - Step filter CtClass only) spoon.support.reflect.reference.CtTypeReferenceImpl cannot be cast to spoon.reflect.declaration.CtClass
Parameter 1) CtTypeReferenceImpl: java.lang.Override
2020-03-14 10:15:12,962 INFO spoon.Launcher - Step filter CtClass only) spoon.support.reflect.reference.CtPackageReferenceImpl cannot be cast to spoon.reflect.declaration.CtClass
Parameter 1) CtPackageReferenceImpl: java.lang
2020-03-14 10:15:12,962 INFO spoon.Launcher - Step filter CtClass only) spoon.support.reflect.reference.CtTypeReferenceImpl cannot be cast to spoon.reflect.declaration.CtClass
Parameter 1) CtTypeReferenceImpl: java.lang.Override
2020-03-14 10:15:12,962 INFO spoon.Launcher - Step filter CtClass only) spoon.support.reflect.reference.CtPackageReferenceImpl cannot be cast to spoon.reflect.declaration.CtClass
Parameter 1) CtPackageReferenceImpl: java.lang
2020-03-14 10:15:12,962 INFO spoon.Launcher - Step filter CtClass only) spoon.support.reflect.reference.CtTypeReferenceImpl cannot be cast to spoon.reflect.declaration.CtClass
Parameter 1) CtTypeReferenceImpl: void
2020-03-14 10:15:12,962 INFO spoon.Launcher - Step filter CtClass only) spoon.support.reflect.code.CtBlockImpl cannot be cast to spoon.reflect.declaration.CtClass
Parameter 1) CtBlockImpl: {
    super.prepare();
}
2020-03-14 10:15:12,962 INFO spoon.Launcher - Step filter CtClass only) spoon.support.reflect.code.CtInvocationImpl cannot be cast to spoon.reflect.declaration.CtClass
Parameter 1) CtInvocationImpl: super.prepare()
2020-03-14 10:15:12,963 INFO spoon.Launcher - Step filter CtClass only) spoon.support.reflect.code.CtSuperAccessImpl cannot be cast to spoon.reflect.declaration.CtClass
Parameter 1) CtSuperAccessImpl: super
2020-03-14 10:15:12,963 INFO spoon.Launcher - Step filter CtClass only) spoon.support.reflect.reference.CtLocalVariableReferenceImpl cannot be cast to spoon.reflect.declaration.CtClass
Parameter 1) CtLocalVariableReferenceImpl: 
2020-03-14 10:15:12,963 INFO spoon.Launcher - Step filter CtClass only) spoon.support.reflect.reference.CtExecutableReferenceImpl cannot be cast to spoon.reflect.declaration.CtClass
Parameter 1) CtExecutableReferenceImpl: spoon.test.filters.testclasses.Tostada#prepare()
2020-03-14 10:15:12,963 INFO spoon.Launcher - Step filter CtClass only) spoon.support.reflect.reference.CtTypeReferenceImpl cannot be cast to spoon.reflect.declaration.CtClass
Parameter 1) CtTypeReferenceImpl: spoon.test.filters.testclasses.Tostada
2020-03-14 10:15:12,963 INFO spoon.Launcher - Step filter CtClass only) spoon.support.reflect.reference.CtPackageReferenceImpl cannot be cast to spoon.reflect.declaration.CtClass
Parameter 1) CtPackageReferenceImpl: spoon.test.filters.testclasses
2020-03-14 10:15:12,963 INFO spoon.Launcher - Step filter CtClass only) spoon.support.reflect.reference.CtTypeReferenceImpl cannot be cast to spoon.reflect.declaration.CtClass
Parameter 1) CtTypeReferenceImpl: void
2020-03-14 10:15:12,963 INFO spoon.Launcher - Step filter CtClass only) spoon.support.reflect.declaration.CtMethodImpl cannot be cast to spoon.reflect.declaration.CtClass
Parameter 1) CtMethodImpl: @java.lang.Override
public spoon.test.filters.testclasses.ITostada make() {
    return super.make();
}
2020-03-14 10:15:12,964 INFO spoon.Launcher - Step filter CtClass only) spoon.support.reflect.declaration.CtAnnotationImpl cannot be cast to spoon.reflect.declaration.CtClass
Parameter 1) CtAnnotationImpl: @java.lang.Override
2020-03-14 10:15:12,964 INFO spoon.Launcher - Step filter CtClass only) spoon.support.reflect.reference.CtTypeReferenceImpl cannot be cast to spoon.reflect.declaration.CtClass
Parameter 1) CtTypeReferenceImpl: java.lang.Override
2020-03-14 10:15:12,964 INFO spoon.Launcher - Step filter CtClass only) spoon.support.reflect.reference.CtPackageReferenceImpl cannot be cast to spoon.reflect.declaration.CtClass
Parameter 1) CtPackageReferenceImpl: java.lang
2020-03-14 10:15:12,964 INFO spoon.Launcher - Step filter CtClass only) spoon.support.reflect.reference.CtTypeReferenceImpl cannot be cast to spoon.reflect.declaration.CtClass
Parameter 1) CtTypeReferenceImpl: java.lang.Override
2020-03-14 10:15:12,964 INFO spoon.Launcher - Step filter CtClass only) spoon.support.reflect.reference.CtPackageReferenceImpl cannot be cast to spoon.reflect.declaration.CtClass
Parameter 1) CtPackageReferenceImpl: java.lang
2020-03-14 10:15:12,964 INFO spoon.Launcher - Step filter CtClass only) spoon.support.reflect.reference.CtTypeReferenceImpl cannot be cast to spoon.reflect.declaration.CtClass
Parameter 1) CtTypeReferenceImpl: spoon.test.filters.testclasses.ITostada
2020-03-14 10:15:12,964 INFO spoon.Launcher - Step filter CtClass only) spoon.support.reflect.reference.CtPackageReferenceImpl cannot be cast to spoon.reflect.declaration.CtClass
Parameter 1) CtPackageReferenceImpl: spoon.test.filters.testclasses
2020-03-14 10:15:12,964 INFO spoon.Launcher - Step filter CtClass only) spoon.support.reflect.code.CtBlockImpl cannot be cast to spoon.reflect.declaration.CtClass
Parameter 1) CtBlockImpl: {
    return super.make();
}
2020-03-14 10:15:12,964 INFO spoon.Launcher - Step filter CtClass only) spoon.support.reflect.code.CtReturnImpl cannot be cast to spoon.reflect.declaration.CtClass
Parameter 1) CtReturnImpl: return super.make()
2020-03-14 10:15:12,965 INFO spoon.Launcher - Step filter CtClass only) spoon.support.reflect.code.CtInvocationImpl cannot be cast to spoon.reflect.declaration.CtClass
Parameter 1) CtInvocationImpl: super.make()
2020-03-14 10:15:12,965 INFO spoon.Launcher - Step filter CtClass only) spoon.support.reflect.code.CtSuperAccessImpl cannot be cast to spoon.reflect.declaration.CtClass
Parameter 1) CtSuperAccessImpl: super
2020-03-14 10:15:12,965 INFO spoon.Launcher - Step filter CtClass only) spoon.support.reflect.reference.CtLocalVariableReferenceImpl cannot be cast to spoon.reflect.declaration.CtClass
Parameter 1) CtLocalVariableReferenceImpl: 
2020-03-14 10:15:12,965 INFO spoon.Launcher - Step filter CtClass only) spoon.support.reflect.reference.CtExecutableReferenceImpl cannot be cast to spoon.reflect.declaration.CtClass
Parameter 1) CtExecutableReferenceImpl: spoon.test.filters.testclasses.Tostada#make()
2020-03-14 10:15:12,965 INFO spoon.Launcher - Step filter CtClass only) spoon.support.reflect.reference.CtTypeReferenceImpl cannot be cast to spoon.reflect.declaration.CtClass
Parameter 1) CtTypeReferenceImpl: spoon.test.filters.testclasses.Tostada
2020-03-14 10:15:12,965 INFO spoon.Launcher - Step filter CtClass only) spoon.support.reflect.reference.CtPackageReferenceImpl cannot be cast to spoon.reflect.declaration.CtClass
Parameter 1) CtPackageReferenceImpl: spoon.test.filters.testclasses
2020-03-14 10:15:12,965 INFO spoon.Launcher - Step filter CtClass only) spoon.support.reflect.reference.CtTypeReferenceImpl cannot be cast to spoon.reflect.declaration.CtClass
Parameter 1) CtTypeReferenceImpl: spoon.test.filters.testclasses.ITostada
2020-03-14 10:15:12,965 INFO spoon.Launcher - Step filter CtClass only) spoon.support.reflect.reference.CtPackageReferenceImpl cannot be cast to spoon.reflect.declaration.CtClass
Parameter 1) CtPackageReferenceImpl: spoon.test.filters.testclasses
2020-03-14 10:15:12,965 INFO spoon.Launcher - Step filter CtClass only) spoon.support.reflect.declaration.CtMethodImpl cannot be cast to spoon.reflect.declaration.CtClass
Parameter 1) CtMethodImpl: public abstract void prepare();
2020-03-14 10:15:12,966 INFO spoon.Launcher - Step filter CtClass only) spoon.support.reflect.reference.CtTypeReferenceImpl cannot be cast to spoon.reflect.declaration.CtClass
Parameter 1) CtTypeReferenceImpl: void
2020-03-14 10:15:12,966 INFO spoon.Launcher - Step filter CtClass only) spoon.support.reflect.reference.CtTypeReferenceImpl cannot be cast to spoon.reflect.declaration.CtClass
Parameter 1) CtTypeReferenceImpl: spoon.test.filters.testclasses.AbstractTostada
2020-03-14 10:15:12,966 INFO spoon.Launcher - Step filter CtClass only) spoon.support.reflect.reference.CtPackageReferenceImpl cannot be cast to spoon.reflect.declaration.CtClass
Parameter 1) CtPackageReferenceImpl: spoon.test.filters.testclasses
2020-03-14 10:15:12,966 INFO spoon.Launcher - Step filter CtClass only) spoon.support.reflect.declaration.CtConstructorImpl cannot be cast to spoon.reflect.declaration.CtClass
Parameter 1) CtConstructorImpl: public Antojito() {
}
2020-03-14 10:15:12,966 INFO spoon.Launcher - Step filter CtClass only) spoon.support.reflect.code.CtBlockImpl cannot be cast to spoon.reflect.declaration.CtClass
Parameter 1) CtBlockImpl: {
}
2020-03-14 10:15:12,966 INFO spoon.Launcher - Step filter CtClass only) spoon.support.reflect.code.CtInvocationImpl cannot be cast to spoon.reflect.declaration.CtClass
Parameter 1) CtInvocationImpl: super()
2020-03-14 10:15:12,966 INFO spoon.Launcher - Step filter CtClass only) spoon.support.reflect.reference.CtExecutableReferenceImpl cannot be cast to spoon.reflect.declaration.CtClass
Parameter 1) CtExecutableReferenceImpl: spoon.test.filters.testclasses.AbstractTostada#AbstractTostada()
2020-03-14 10:15:12,966 INFO spoon.Launcher - Step filter CtClass only) spoon.support.reflect.reference.CtTypeReferenceImpl cannot be cast to spoon.reflect.declaration.CtClass
Parameter 1) CtTypeReferenceImpl: spoon.test.filters.testclasses.AbstractTostada
2020-03-14 10:15:12,967 INFO spoon.Launcher - Step filter CtClass only) spoon.support.reflect.reference.CtPackageReferenceImpl cannot be cast to spoon.reflect.declaration.CtClass
Parameter 1) CtPackageReferenceImpl: spoon.test.filters.testclasses
2020-03-14 10:15:12,967 INFO spoon.Launcher - Step filter CtClass only) spoon.support.reflect.reference.CtTypeReferenceImpl cannot be cast to spoon.reflect.declaration.CtClass
Parameter 1) CtTypeReferenceImpl: spoon.test.filters.testclasses.AbstractTostada
2020-03-14 10:15:12,967 INFO spoon.Launcher - Step filter CtClass only) spoon.support.reflect.reference.CtPackageReferenceImpl cannot be cast to spoon.reflect.declaration.CtClass
Parameter 1) CtPackageReferenceImpl: spoon.test.filters.testclasses
2020-03-14 10:15:12,967 INFO spoon.Launcher - Step filter CtClass only) spoon.support.reflect.declaration.CtMethodImpl cannot be cast to spoon.reflect.declaration.CtClass
Parameter 1) CtMethodImpl: @java.lang.Override
public void prepare() {
    java.lang.System.out.println("Antojito");
}
2020-03-14 10:15:12,967 INFO spoon.Launcher - Step filter CtClass only) spoon.support.reflect.declaration.CtAnnotationImpl cannot be cast to spoon.reflect.declaration.CtClass
Parameter 1) CtAnnotationImpl: @java.lang.Override
2020-03-14 10:15:12,967 INFO spoon.Launcher - Step filter CtClass only) spoon.support.reflect.reference.CtTypeReferenceImpl cannot be cast to spoon.reflect.declaration.CtClass
Parameter 1) CtTypeReferenceImpl: java.lang.Override
2020-03-14 10:15:12,967 INFO spoon.Launcher - Step filter CtClass only) spoon.support.reflect.reference.CtPackageReferenceImpl cannot be cast to spoon.reflect.declaration.CtClass
Parameter 1) CtPackageReferenceImpl: java.lang
2020-03-14 10:15:12,967 INFO spoon.Launcher - Step filter CtClass only) spoon.support.reflect.reference.CtTypeReferenceImpl cannot be cast to spoon.reflect.declaration.CtClass
Parameter 1) CtTypeReferenceImpl: java.lang.Override
2020-03-14 10:15:12,967 INFO spoon.Launcher - Step filter CtClass only) spoon.support.reflect.reference.CtPackageReferenceImpl cannot be cast to spoon.reflect.declaration.CtClass
Parameter 1) CtPackageReferenceImpl: java.lang
2020-03-14 10:15:12,968 INFO spoon.Launcher - Step filter CtClass only) spoon.support.reflect.reference.CtTypeReferenceImpl cannot be cast to spoon.reflect.declaration.CtClass
Parameter 1) CtTypeReferenceImpl: void
2020-03-14 10:15:12,968 INFO spoon.Launcher - Step filter CtClass only) spoon.support.reflect.code.CtBlockImpl cannot be cast to spoon.reflect.declaration.CtClass
Parameter 1) CtBlockImpl: {
    java.lang.System.out.println("Antojito");
}
2020-03-14 10:15:12,968 INFO spoon.Launcher - Step filter CtClass only) spoon.support.reflect.code.CtInvocationImpl cannot be cast to spoon.reflect.declaration.CtClass
Parameter 1) CtInvocationImpl: java.lang.System.out.println("Antojito")
2020-03-14 10:15:12,968 INFO spoon.Launcher - Step filter CtClass only) spoon.support.reflect.code.CtFieldReadImpl cannot be cast to spoon.reflect.declaration.CtClass
Parameter 1) CtFieldReadImpl: java.lang.System.out
2020-03-14 10:15:12,968 INFO spoon.Launcher - Step filter CtClass only) spoon.support.reflect.code.CtTypeAccessImpl cannot be cast to spoon.reflect.declaration.CtClass
Parameter 1) CtTypeAccessImpl: java.lang.System
2020-03-14 10:15:12,968 INFO spoon.Launcher - Step filter CtClass only) spoon.support.reflect.reference.CtTypeReferenceImpl cannot be cast to spoon.reflect.declaration.CtClass
Parameter 1) CtTypeReferenceImpl: java.lang.System
2020-03-14 10:15:12,968 INFO spoon.Launcher - Step filter CtClass only) spoon.support.reflect.reference.CtPackageReferenceImpl cannot be cast to spoon.reflect.declaration.CtClass
Parameter 1) CtPackageReferenceImpl: java.lang
2020-03-14 10:15:12,968 INFO spoon.Launcher - Step filter CtClass only) spoon.support.reflect.reference.CtFieldReferenceImpl cannot be cast to spoon.reflect.declaration.CtClass
Parameter 1) CtFieldReferenceImpl: java.lang.System.out
2020-03-14 10:15:12,969 INFO spoon.Launcher - Step filter CtClass only) spoon.support.reflect.reference.CtTypeReferenceImpl cannot be cast to spoon.reflect.declaration.CtClass
Parameter 1) CtTypeReferenceImpl: java.lang.System
2020-03-14 10:15:12,969 INFO spoon.Launcher - Step filter CtClass only) spoon.support.reflect.reference.CtPackageReferenceImpl cannot be cast to spoon.reflect.declaration.CtClass
Parameter 1) CtPackageReferenceImpl: java.lang
2020-03-14 10:15:12,969 INFO spoon.Launcher - Step filter CtClass only) spoon.support.reflect.reference.CtTypeReferenceImpl cannot be cast to spoon.reflect.declaration.CtClass
Parameter 1) CtTypeReferenceImpl: java.io.PrintStream
2020-03-14 10:15:12,969 INFO spoon.Launcher - Step filter CtClass only) spoon.support.reflect.reference.CtPackageReferenceImpl cannot be cast to spoon.reflect.declaration.CtClass
Parameter 1) CtPackageReferenceImpl: java.io
2020-03-14 10:15:12,969 INFO spoon.Launcher - Step filter CtClass only) spoon.support.reflect.reference.CtExecutableReferenceImpl cannot be cast to spoon.reflect.declaration.CtClass
Parameter 1) CtExecutableReferenceImpl: java.io.PrintStream#println(java.lang.String)
2020-03-14 10:15:12,969 INFO spoon.Launcher - Step filter CtClass only) spoon.support.reflect.reference.CtTypeReferenceImpl cannot be cast to spoon.reflect.declaration.CtClass
Parameter 1) CtTypeReferenceImpl: java.io.PrintStream
2020-03-14 10:15:12,969 INFO spoon.Launcher - Step filter CtClass only) spoon.support.reflect.reference.CtPackageReferenceImpl cannot be cast to spoon.reflect.declaration.CtClass
Parameter 1) CtPackageReferenceImpl: java.io
2020-03-14 10:15:12,969 INFO spoon.Launcher - Step filter CtClass only) spoon.support.reflect.reference.CtTypeReferenceImpl cannot be cast to spoon.reflect.declaration.CtClass
Parameter 1) CtTypeReferenceImpl: void
2020-03-14 10:15:12,969 INFO spoon.Launcher - Step filter CtClass only) spoon.support.reflect.reference.CtTypeReferenceImpl cannot be cast to spoon.reflect.declaration.CtClass
Parameter 1) CtTypeReferenceImpl: java.lang.String
2020-03-14 10:15:12,969 INFO spoon.Launcher - Step filter CtClass only) spoon.support.reflect.reference.CtPackageReferenceImpl cannot be cast to spoon.reflect.declaration.CtClass
Parameter 1) CtPackageReferenceImpl: java.lang
2020-03-14 10:15:12,970 INFO spoon.Launcher - Step filter CtClass only) spoon.support.reflect.code.CtLiteralImpl cannot be cast to spoon.reflect.declaration.CtClass
Parameter 1) CtLiteralImpl: "Antojito"
2020-03-14 10:15:12,970 INFO spoon.Launcher - Step filter CtClass only) spoon.support.reflect.reference.CtTypeReferenceImpl cannot be cast to spoon.reflect.declaration.CtClass
Parameter 1) CtTypeReferenceImpl: java.lang.String
2020-03-14 10:15:12,970 INFO spoon.Launcher - Step filter CtClass only) spoon.support.reflect.reference.CtPackageReferenceImpl cannot be cast to spoon.reflect.declaration.CtClass
Parameter 1) CtPackageReferenceImpl: java.lang
2020-03-14 10:15:12,970 INFO spoon.Launcher - Step filter CtClass only) spoon.support.reflect.declaration.CtMethodImpl cannot be cast to spoon.reflect.declaration.CtClass
Parameter 1) CtMethodImpl: public void prepare(java.lang.String ingredient) {
}
2020-03-14 10:15:12,970 INFO spoon.Launcher - Step filter CtClass only) spoon.support.reflect.reference.CtTypeReferenceImpl cannot be cast to spoon.reflect.declaration.CtClass
Parameter 1) CtTypeReferenceImpl: void
2020-03-14 10:15:12,970 INFO spoon.Launcher - Step filter CtClass only) spoon.support.reflect.declaration.CtParameterImpl cannot be cast to spoon.reflect.declaration.CtClass
Parameter 1) CtParameterImpl: java.lang.String ingredient
2020-03-14 10:15:12,970 INFO spoon.Launcher - Step filter CtClass only) spoon.support.reflect.reference.CtTypeReferenceImpl cannot be cast to spoon.reflect.declaration.CtClass
Parameter 1) CtTypeReferenceImpl: java.lang.String
2020-03-14 10:15:12,970 INFO spoon.Launcher - Step filter CtClass only) spoon.support.reflect.reference.CtPackageReferenceImpl cannot be cast to spoon.reflect.declaration.CtClass
Parameter 1) CtPackageReferenceImpl: java.lang
2020-03-14 10:15:12,970 INFO spoon.Launcher - Step filter CtClass only) spoon.support.reflect.code.CtBlockImpl cannot be cast to spoon.reflect.declaration.CtClass
Parameter 1) CtBlockImpl: {
}
2020-03-14 10:15:12,971 INFO spoon.Launcher - Step filter CtClass only) spoon.support.reflect.reference.CtTypeReferenceImpl cannot be cast to spoon.reflect.declaration.CtClass
Parameter 1) CtTypeReferenceImpl: java.util.ArrayList
2020-03-14 10:15:12,971 INFO spoon.Launcher - Step filter CtClass only) spoon.support.reflect.reference.CtPackageReferenceImpl cannot be cast to spoon.reflect.declaration.CtClass
Parameter 1) CtPackageReferenceImpl: java.util
2020-03-14 10:15:12,971 INFO spoon.Launcher - Step filter CtClass only) spoon.support.reflect.declaration.CtFieldImpl cannot be cast to spoon.reflect.declaration.CtClass
Parameter 1) CtFieldImpl: private int myfield = 0;
2020-03-14 10:15:12,971 INFO spoon.Launcher - Step filter CtClass only) spoon.support.reflect.reference.CtTypeReferenceImpl cannot be cast to spoon.reflect.declaration.CtClass
Parameter 1) CtTypeReferenceImpl: int
2020-03-14 10:15:12,971 INFO spoon.Launcher - Step filter CtClass only) spoon.support.reflect.code.CtLiteralImpl cannot be cast to spoon.reflect.declaration.CtClass
Parameter 1) CtLiteralImpl: 0
2020-03-14 10:15:12,971 INFO spoon.Launcher - Step filter CtClass only) spoon.support.reflect.reference.CtTypeReferenceImpl cannot be cast to spoon.reflect.declaration.CtClass
Parameter 1) CtTypeReferenceImpl: int
2020-03-14 10:15:12,971 INFO spoon.Launcher - Step filter CtClass only) spoon.support.reflect.declaration.CtConstructorImpl cannot be cast to spoon.reflect.declaration.CtClass
Parameter 1) CtConstructorImpl: FieldAccessFilterTacos() {
    super();
    this.myfield = 0;
}
2020-03-14 10:15:12,971 INFO spoon.Launcher - Step filter CtClass only) spoon.support.reflect.code.CtBlockImpl cannot be cast to spoon.reflect.declaration.CtClass
Parameter 1) CtBlockImpl: {
    super();
    this.myfield = 0;
}
2020-03-14 10:15:12,971 INFO spoon.Launcher - Step filter CtClass only) spoon.support.reflect.code.CtInvocationImpl cannot be cast to spoon.reflect.declaration.CtClass
Parameter 1) CtInvocationImpl: super()
2020-03-14 10:15:12,972 INFO spoon.Launcher - Step filter CtClass only) spoon.support.reflect.reference.CtExecutableReferenceImpl cannot be cast to spoon.reflect.declaration.CtClass
Parameter 1) CtExecutableReferenceImpl: java.util.ArrayList#ArrayList()
2020-03-14 10:15:12,972 INFO spoon.Launcher - Step filter CtClass only) spoon.support.reflect.reference.CtTypeReferenceImpl cannot be cast to spoon.reflect.declaration.CtClass
Parameter 1) CtTypeReferenceImpl: java.util.ArrayList
2020-03-14 10:15:12,972 INFO spoon.Launcher - Step filter CtClass only) spoon.support.reflect.reference.CtPackageReferenceImpl cannot be cast to spoon.reflect.declaration.CtClass
Parameter 1) CtPackageReferenceImpl: java.util
2020-03-14 10:15:12,972 INFO spoon.Launcher - Step filter CtClass only) spoon.support.reflect.reference.CtTypeReferenceImpl cannot be cast to spoon.reflect.declaration.CtClass
Parameter 1) CtTypeReferenceImpl: java.util.ArrayList
2020-03-14 10:15:12,972 INFO spoon.Launcher - Step filter CtClass only) spoon.support.reflect.reference.CtPackageReferenceImpl cannot be cast to spoon.reflect.declaration.CtClass
Parameter 1) CtPackageReferenceImpl: java.util
2020-03-14 10:15:12,972 INFO spoon.Launcher - Step filter CtClass only) spoon.support.reflect.code.CtAssignmentImpl cannot be cast to spoon.reflect.declaration.CtClass
Parameter 1) CtAssignmentImpl: this.myfield = 0
2020-03-14 10:15:12,972 INFO spoon.Launcher - Step filter CtClass only) spoon.support.reflect.reference.CtTypeReferenceImpl cannot be cast to spoon.reflect.declaration.CtClass
Parameter 1) CtTypeReferenceImpl: int
2020-03-14 10:15:12,972 INFO spoon.Launcher - Step filter CtClass only) spoon.support.reflect.code.CtFieldWriteImpl cannot be cast to spoon.reflect.declaration.CtClass
Parameter 1) CtFieldWriteImpl: this.myfield
2020-03-14 10:15:12,972 INFO spoon.Launcher - Step filter CtClass only) spoon.support.reflect.code.CtThisAccessImpl cannot be cast to spoon.reflect.declaration.CtClass
Parameter 1) CtThisAccessImpl: this
2020-03-14 10:15:12,973 INFO spoon.Launcher - Step filter CtClass only) spoon.support.reflect.reference.CtTypeReferenceImpl cannot be cast to spoon.reflect.declaration.CtClass
Parameter 1) CtTypeReferenceImpl: spoon.test.filters.testclasses.FieldAccessFilterTacos
2020-03-14 10:15:12,973 INFO spoon.Launcher - Step filter CtClass only) spoon.support.reflect.reference.CtPackageReferenceImpl cannot be cast to spoon.reflect.declaration.CtClass
Parameter 1) CtPackageReferenceImpl: spoon.test.filters.testclasses
2020-03-14 10:15:12,973 INFO spoon.Launcher - Step filter CtClass only) spoon.support.reflect.code.CtTypeAccessImpl cannot be cast to spoon.reflect.declaration.CtClass
Parameter 1) CtTypeAccessImpl: spoon.test.filters.testclasses.FieldAccessFilterTacos
2020-03-14 10:15:12,973 INFO spoon.Launcher - Step filter CtClass only) spoon.support.reflect.reference.CtTypeReferenceImpl cannot be cast to spoon.reflect.declaration.CtClass
Parameter 1) CtTypeReferenceImpl: spoon.test.filters.testclasses.FieldAccessFilterTacos
2020-03-14 10:15:12,973 INFO spoon.Launcher - Step filter CtClass only) spoon.support.reflect.reference.CtPackageReferenceImpl cannot be cast to spoon.reflect.declaration.CtClass
Parameter 1) CtPackageReferenceImpl: spoon.test.filters.testclasses
2020-03-14 10:15:12,973 INFO spoon.Launcher - Step filter CtClass only) spoon.support.reflect.reference.CtFieldReferenceImpl cannot be cast to spoon.reflect.declaration.CtClass
Parameter 1) CtFieldReferenceImpl: myfield
2020-03-14 10:15:12,973 INFO spoon.Launcher - Step filter CtClass only) spoon.support.reflect.reference.CtTypeReferenceImpl cannot be cast to spoon.reflect.declaration.CtClass
Parameter 1) CtTypeReferenceImpl: spoon.test.filters.testclasses.FieldAccessFilterTacos
2020-03-14 10:15:12,973 INFO spoon.Launcher - Step filter CtClass only) spoon.support.reflect.reference.CtPackageReferenceImpl cannot be cast to spoon.reflect.declaration.CtClass
Parameter 1) CtPackageReferenceImpl: spoon.test.filters.testclasses
2020-03-14 10:15:12,973 INFO spoon.Launcher - Step filter CtClass only) spoon.support.reflect.reference.CtTypeReferenceImpl cannot be cast to spoon.reflect.declaration.CtClass
Parameter 1) CtTypeReferenceImpl: int
2020-03-14 10:15:12,973 INFO spoon.Launcher - Step filter CtClass only) spoon.support.reflect.code.CtLiteralImpl cannot be cast to spoon.reflect.declaration.CtClass
Parameter 1) CtLiteralImpl: 0
2020-03-14 10:15:12,974 INFO spoon.Launcher - Step filter CtClass only) spoon.support.reflect.reference.CtTypeReferenceImpl cannot be cast to spoon.reflect.declaration.CtClass
Parameter 1) CtTypeReferenceImpl: int
2020-03-14 10:15:12,988 INFO spoon.Launcher - Step filter CtClass only) spoon.support.reflect.declaration.CtMethodImpl cannot be cast to spoon.reflect.declaration.CtClass
Parameter 1) CtMethodImpl: public void m() {
    myfield = super.size();
    java.lang.Object o = super.get(myfield);
}
2020-03-14 10:15:12,988 INFO spoon.Launcher - Step filter CtClass only) spoon.support.reflect.reference.CtTypeReferenceImpl cannot be cast to spoon.reflect.declaration.CtClass
Parameter 1) CtTypeReferenceImpl: void
2020-03-14 10:15:12,988 INFO spoon.Launcher - Step filter CtClass only) spoon.support.reflect.code.CtBlockImpl cannot be cast to spoon.reflect.declaration.CtClass
Parameter 1) CtBlockImpl: {
    myfield = super.size();
    java.lang.Object o = super.get(myfield);
}
2020-03-14 10:15:12,989 INFO spoon.Launcher - Step filter CtClass only) spoon.support.reflect.code.CtAssignmentImpl cannot be cast to spoon.reflect.declaration.CtClass
Parameter 1) CtAssignmentImpl: myfield = super.size()
2020-03-14 10:15:12,989 INFO spoon.Launcher - Step filter CtClass only) spoon.support.reflect.reference.CtTypeReferenceImpl cannot be cast to spoon.reflect.declaration.CtClass
Parameter 1) CtTypeReferenceImpl: int
2020-03-14 10:15:12,989 INFO spoon.Launcher - Step filter CtClass only) spoon.support.reflect.code.CtFieldWriteImpl cannot be cast to spoon.reflect.declaration.CtClass
Parameter 1) CtFieldWriteImpl: myfield
2020-03-14 10:15:12,989 INFO spoon.Launcher - Step filter CtClass only) spoon.support.reflect.code.CtThisAccessImpl cannot be cast to spoon.reflect.declaration.CtClass
Parameter 1) CtThisAccessImpl: 
2020-03-14 10:15:12,989 INFO spoon.Launcher - Step filter CtClass only) spoon.support.reflect.reference.CtTypeReferenceImpl cannot be cast to spoon.reflect.declaration.CtClass
Parameter 1) CtTypeReferenceImpl: spoon.test.filters.testclasses.FieldAccessFilterTacos
2020-03-14 10:15:12,989 INFO spoon.Launcher - Step filter CtClass only) spoon.support.reflect.reference.CtPackageReferenceImpl cannot be cast to spoon.reflect.declaration.CtClass
Parameter 1) CtPackageReferenceImpl: spoon.test.filters.testclasses
2020-03-14 10:15:12,990 INFO spoon.Launcher - Step filter CtClass only) spoon.support.reflect.code.CtTypeAccessImpl cannot be cast to spoon.reflect.declaration.CtClass
Parameter 1) CtTypeAccessImpl: spoon.test.filters.testclasses.FieldAccessFilterTacos
2020-03-14 10:15:12,990 INFO spoon.Launcher - Step filter CtClass only) spoon.support.reflect.reference.CtTypeReferenceImpl cannot be cast to spoon.reflect.declaration.CtClass
Parameter 1) CtTypeReferenceImpl: spoon.test.filters.testclasses.FieldAccessFilterTacos
2020-03-14 10:15:12,990 INFO spoon.Launcher - Step filter CtClass only) spoon.support.reflect.reference.CtPackageReferenceImpl cannot be cast to spoon.reflect.declaration.CtClass
Parameter 1) CtPackageReferenceImpl: spoon.test.filters.testclasses
2020-03-14 10:15:12,990 INFO spoon.Launcher - Step filter CtClass only) spoon.support.reflect.reference.CtFieldReferenceImpl cannot be cast to spoon.reflect.declaration.CtClass
Parameter 1) CtFieldReferenceImpl: myfield
2020-03-14 10:15:12,990 INFO spoon.Launcher - Step filter CtClass only) spoon.support.reflect.reference.CtTypeReferenceImpl cannot be cast to spoon.reflect.declaration.CtClass
Parameter 1) CtTypeReferenceImpl: spoon.test.filters.testclasses.FieldAccessFilterTacos
2020-03-14 10:15:12,990 INFO spoon.Launcher - Step filter CtClass only) spoon.support.reflect.reference.CtPackageReferenceImpl cannot be cast to spoon.reflect.declaration.CtClass
Parameter 1) CtPackageReferenceImpl: spoon.test.filters.testclasses
2020-03-14 10:15:12,990 INFO spoon.Launcher - Step filter CtClass only) spoon.support.reflect.reference.CtTypeReferenceImpl cannot be cast to spoon.reflect.declaration.CtClass
Parameter 1) CtTypeReferenceImpl: int
2020-03-14 10:15:12,990 INFO spoon.Launcher - Step filter CtClass only) spoon.support.reflect.code.CtInvocationImpl cannot be cast to spoon.reflect.declaration.CtClass
Parameter 1) CtInvocationImpl: super.size()
2020-03-14 10:15:12,990 INFO spoon.Launcher - Step filter CtClass only) spoon.support.reflect.code.CtSuperAccessImpl cannot be cast to spoon.reflect.declaration.CtClass
Parameter 1) CtSuperAccessImpl: super
2020-03-14 10:15:12,990 INFO spoon.Launcher - Step filter CtClass only) spoon.support.reflect.reference.CtLocalVariableReferenceImpl cannot be cast to spoon.reflect.declaration.CtClass
Parameter 1) CtLocalVariableReferenceImpl: 
2020-03-14 10:15:12,991 INFO spoon.Launcher - Step filter CtClass only) spoon.support.reflect.reference.CtExecutableReferenceImpl cannot be cast to spoon.reflect.declaration.CtClass
Parameter 1) CtExecutableReferenceImpl: java.util.ArrayList#size()
2020-03-14 10:15:12,991 INFO spoon.Launcher - Step filter CtClass only) spoon.support.reflect.reference.CtTypeReferenceImpl cannot be cast to spoon.reflect.declaration.CtClass
Parameter 1) CtTypeReferenceImpl: java.util.ArrayList
2020-03-14 10:15:12,991 INFO spoon.Launcher - Step filter CtClass only) spoon.support.reflect.reference.CtPackageReferenceImpl cannot be cast to spoon.reflect.declaration.CtClass
Parameter 1) CtPackageReferenceImpl: java.util
2020-03-14 10:15:12,991 INFO spoon.Launcher - Step filter CtClass only) spoon.support.reflect.reference.CtTypeReferenceImpl cannot be cast to spoon.reflect.declaration.CtClass
Parameter 1) CtTypeReferenceImpl: int
2020-03-14 10:15:12,991 INFO spoon.Launcher - Step filter CtClass only) spoon.support.reflect.code.CtLocalVariableImpl cannot be cast to spoon.reflect.declaration.CtClass
Parameter 1) CtLocalVariableImpl: java.lang.Object o = super.get(myfield)
2020-03-14 10:15:12,991 INFO spoon.Launcher - Step filter CtClass only) spoon.support.reflect.reference.CtTypeReferenceImpl cannot be cast to spoon.reflect.declaration.CtClass
Parameter 1) CtTypeReferenceImpl: java.lang.Object
2020-03-14 10:15:12,991 INFO spoon.Launcher - Step filter CtClass only) spoon.support.reflect.reference.CtPackageReferenceImpl cannot be cast to spoon.reflect.declaration.CtClass
Parameter 1) CtPackageReferenceImpl: java.lang
2020-03-14 10:15:12,992 INFO spoon.Launcher - Step filter CtClass only) spoon.support.reflect.code.CtInvocationImpl cannot be cast to spoon.reflect.declaration.CtClass
Parameter 1) CtInvocationImpl: super.get(myfield)
2020-03-14 10:15:12,992 INFO spoon.Launcher - Step filter CtClass only) spoon.support.reflect.code.CtSuperAccessImpl cannot be cast to spoon.reflect.declaration.CtClass
Parameter 1) CtSuperAccessImpl: super
2020-03-14 10:15:12,992 INFO spoon.Launcher - Step filter CtClass only) spoon.support.reflect.reference.CtLocalVariableReferenceImpl cannot be cast to spoon.reflect.declaration.CtClass
Parameter 1) CtLocalVariableReferenceImpl: 
2020-03-14 10:15:12,992 INFO spoon.Launcher - Step filter CtClass only) spoon.support.reflect.reference.CtExecutableReferenceImpl cannot be cast to spoon.reflect.declaration.CtClass
Parameter 1) CtExecutableReferenceImpl: java.util.ArrayList#get(int)
2020-03-14 10:15:12,992 INFO spoon.Launcher - Step filter CtClass only) spoon.support.reflect.reference.CtTypeReferenceImpl cannot be cast to spoon.reflect.declaration.CtClass
Parameter 1) CtTypeReferenceImpl: java.util.ArrayList
2020-03-14 10:15:12,992 INFO spoon.Launcher - Step filter CtClass only) spoon.support.reflect.reference.CtPackageReferenceImpl cannot be cast to spoon.reflect.declaration.CtClass
Parameter 1) CtPackageReferenceImpl: java.util
2020-03-14 10:15:12,992 INFO spoon.Launcher - Step filter CtClass only) spoon.support.reflect.reference.CtTypeReferenceImpl cannot be cast to spoon.reflect.declaration.CtClass
Parameter 1) CtTypeReferenceImpl: java.lang.Object
2020-03-14 10:15:12,992 INFO spoon.Launcher - Step filter CtClass only) spoon.support.reflect.reference.CtPackageReferenceImpl cannot be cast to spoon.reflect.declaration.CtClass
Parameter 1) CtPackageReferenceImpl: java.lang
2020-03-14 10:15:12,993 INFO spoon.Launcher - Step filter CtClass only) spoon.support.reflect.reference.CtTypeReferenceImpl cannot be cast to spoon.reflect.declaration.CtClass
Parameter 1) CtTypeReferenceImpl: int
2020-03-14 10:15:12,993 INFO spoon.Launcher - Step filter CtClass only) spoon.support.reflect.code.CtFieldReadImpl cannot be cast to spoon.reflect.declaration.CtClass
Parameter 1) CtFieldReadImpl: myfield
2020-03-14 10:15:12,993 INFO spoon.Launcher - Step filter CtClass only) spoon.support.reflect.code.CtThisAccessImpl cannot be cast to spoon.reflect.declaration.CtClass
Parameter 1) CtThisAccessImpl: 
2020-03-14 10:15:12,993 INFO spoon.Launcher - Step filter CtClass only) spoon.support.reflect.reference.CtTypeReferenceImpl cannot be cast to spoon.reflect.declaration.CtClass
Parameter 1) CtTypeReferenceImpl: spoon.test.filters.testclasses.FieldAccessFilterTacos
2020-03-14 10:15:12,993 INFO spoon.Launcher - Step filter CtClass only) spoon.support.reflect.reference.CtPackageReferenceImpl cannot be cast to spoon.reflect.declaration.CtClass
Parameter 1) CtPackageReferenceImpl: spoon.test.filters.testclasses
2020-03-14 10:15:12,993 INFO spoon.Launcher - Step filter CtClass only) spoon.support.reflect.code.CtTypeAccessImpl cannot be cast to spoon.reflect.declaration.CtClass
Parameter 1) CtTypeAccessImpl: spoon.test.filters.testclasses.FieldAccessFilterTacos
2020-03-14 10:15:12,994 INFO spoon.Launcher - Step filter CtClass only) spoon.support.reflect.reference.CtTypeReferenceImpl cannot be cast to spoon.reflect.declaration.CtClass
Parameter 1) CtTypeReferenceImpl: spoon.test.filters.testclasses.FieldAccessFilterTacos
2020-03-14 10:15:12,994 INFO spoon.Launcher - Step filter CtClass only) spoon.support.reflect.reference.CtPackageReferenceImpl cannot be cast to spoon.reflect.declaration.CtClass
Parameter 1) CtPackageReferenceImpl: spoon.test.filters.testclasses
2020-03-14 10:15:12,994 INFO spoon.Launcher - Step filter CtClass only) spoon.support.reflect.reference.CtFieldReferenceImpl cannot be cast to spoon.reflect.declaration.CtClass
Parameter 1) CtFieldReferenceImpl: myfield
2020-03-14 10:15:12,994 INFO spoon.Launcher - Step filter CtClass only) spoon.support.reflect.reference.CtTypeReferenceImpl cannot be cast to spoon.reflect.declaration.CtClass
Parameter 1) CtTypeReferenceImpl: spoon.test.filters.testclasses.FieldAccessFilterTacos
2020-03-14 10:15:12,994 INFO spoon.Launcher - Step filter CtClass only) spoon.support.reflect.reference.CtPackageReferenceImpl cannot be cast to spoon.reflect.declaration.CtClass
Parameter 1) CtPackageReferenceImpl: spoon.test.filters.testclasses
2020-03-14 10:15:12,994 INFO spoon.Launcher - Step filter CtClass only) spoon.support.reflect.reference.CtTypeReferenceImpl cannot be cast to spoon.reflect.declaration.CtClass
Parameter 1) CtTypeReferenceImpl: int
2020-03-14 10:15:12,994 INFO spoon.Launcher - Step filter CtClass only) spoon.support.reflect.declaration.CtInterfaceImpl cannot be cast to spoon.reflect.declaration.CtClass
Parameter 1) CtInterfaceImpl: public interface ITostada {
    spoon.test.filters.testclasses.ITostada make();
}
2020-03-14 10:15:12,994 INFO spoon.Launcher - Step filter CtClass only) spoon.support.reflect.declaration.CtMethodImpl cannot be cast to spoon.reflect.declaration.CtClass
Parameter 1) CtMethodImpl: spoon.test.filters.testclasses.ITostada make();
2020-03-14 10:15:12,995 INFO spoon.Launcher - Step filter CtClass only) spoon.support.reflect.reference.CtTypeReferenceImpl cannot be cast to spoon.reflect.declaration.CtClass
Parameter 1) CtTypeReferenceImpl: spoon.test.filters.testclasses.ITostada
2020-03-14 10:15:12,995 INFO spoon.Launcher - Step filter CtClass only) spoon.support.reflect.reference.CtPackageReferenceImpl cannot be cast to spoon.reflect.declaration.CtClass
Parameter 1) CtPackageReferenceImpl: spoon.test.filters.testclasses
2020-03-14 10:15:12,995 INFO spoon.Launcher - Step filter CtClass only) spoon.support.reflect.reference.CtTypeReferenceImpl cannot be cast to spoon.reflect.declaration.CtClass
Parameter 1) CtTypeReferenceImpl: spoon.test.filters.testclasses.Tostada
2020-03-14 10:15:12,995 INFO spoon.Launcher - Step filter CtClass only) spoon.support.reflect.reference.CtPackageReferenceImpl cannot be cast to spoon.reflect.declaration.CtClass
Parameter 1) CtPackageReferenceImpl: spoon.test.filters.testclasses
2020-03-14 10:15:12,995 INFO spoon.Launcher - Step filter CtClass only) spoon.support.reflect.declaration.CtConstructorImpl cannot be cast to spoon.reflect.declaration.CtClass
Parameter 1) CtConstructorImpl: public SubTostada() {
}
2020-03-14 10:15:12,995 INFO spoon.Launcher - Step filter CtClass only) spoon.support.reflect.code.CtBlockImpl cannot be cast to spoon.reflect.declaration.CtClass
Parameter 1) CtBlockImpl: {
}
2020-03-14 10:15:12,995 INFO spoon.Launcher - Step filter CtClass only) spoon.support.reflect.code.CtInvocationImpl cannot be cast to spoon.reflect.declaration.CtClass
Parameter 1) CtInvocationImpl: super()
2020-03-14 10:15:12,995 INFO spoon.Launcher - Step filter CtClass only) spoon.support.reflect.reference.CtExecutableReferenceImpl cannot be cast to spoon.reflect.declaration.CtClass
Parameter 1) CtExecutableReferenceImpl: spoon.test.filters.testclasses.Tostada#Tostada()
2020-03-14 10:15:12,995 INFO spoon.Launcher - Step filter CtClass only) spoon.support.reflect.reference.CtTypeReferenceImpl cannot be cast to spoon.reflect.declaration.CtClass
Parameter 1) CtTypeReferenceImpl: spoon.test.filters.testclasses.Tostada
2020-03-14 10:15:12,995 INFO spoon.Launcher - Step filter CtClass only) spoon.support.reflect.reference.CtPackageReferenceImpl cannot be cast to spoon.reflect.declaration.CtClass
Parameter 1) CtPackageReferenceImpl: spoon.test.filters.testclasses
2020-03-14 10:15:12,996 INFO spoon.Launcher - Step filter CtClass only) spoon.support.reflect.reference.CtTypeReferenceImpl cannot be cast to spoon.reflect.declaration.CtClass
Parameter 1) CtTypeReferenceImpl: spoon.test.filters.testclasses.Tostada
2020-03-14 10:15:12,996 INFO spoon.Launcher - Step filter CtClass only) spoon.support.reflect.reference.CtPackageReferenceImpl cannot be cast to spoon.reflect.declaration.CtClass
Parameter 1) CtPackageReferenceImpl: spoon.test.filters.testclasses
2020-03-14 10:15:12,996 INFO spoon.Launcher - Step filter CtClass only) spoon.support.reflect.declaration.CtMethodImpl cannot be cast to spoon.reflect.declaration.CtClass
Parameter 1) CtMethodImpl: @java.lang.Override
public void prepare() {
    java.lang.System.out.println("SubTostada");
    super.prepare();
}
2020-03-14 10:15:12,996 INFO spoon.Launcher - Step filter CtClass only) spoon.support.reflect.declaration.CtAnnotationImpl cannot be cast to spoon.reflect.declaration.CtClass
Parameter 1) CtAnnotationImpl: @java.lang.Override
2020-03-14 10:15:12,996 INFO spoon.Launcher - Step filter CtClass only) spoon.support.reflect.reference.CtTypeReferenceImpl cannot be cast to spoon.reflect.declaration.CtClass
Parameter 1) CtTypeReferenceImpl: java.lang.Override
2020-03-14 10:15:12,996 INFO spoon.Launcher - Step filter CtClass only) spoon.support.reflect.reference.CtPackageReferenceImpl cannot be cast to spoon.reflect.declaration.CtClass
Parameter 1) CtPackageReferenceImpl: java.lang
2020-03-14 10:15:12,996 INFO spoon.Launcher - Step filter CtClass only) spoon.support.reflect.reference.CtTypeReferenceImpl cannot be cast to spoon.reflect.declaration.CtClass
Parameter 1) CtTypeReferenceImpl: java.lang.Override
2020-03-14 10:15:12,996 INFO spoon.Launcher - Step filter CtClass only) spoon.support.reflect.reference.CtPackageReferenceImpl cannot be cast to spoon.reflect.declaration.CtClass
Parameter 1) CtPackageReferenceImpl: java.lang
2020-03-14 10:15:12,996 INFO spoon.Launcher - Step filter CtClass only) spoon.support.reflect.reference.CtTypeReferenceImpl cannot be cast to spoon.reflect.declaration.CtClass
Parameter 1) CtTypeReferenceImpl: void
2020-03-14 10:15:12,996 INFO spoon.Launcher - Step filter CtClass only) spoon.support.reflect.code.CtBlockImpl cannot be cast to spoon.reflect.declaration.CtClass
Parameter 1) CtBlockImpl: {
    java.lang.System.out.println("SubTostada");
    super.prepare();
}
2020-03-14 10:15:12,997 INFO spoon.Launcher - Step filter CtClass only) spoon.support.reflect.code.CtInvocationImpl cannot be cast to spoon.reflect.declaration.CtClass
Parameter 1) CtInvocationImpl: java.lang.System.out.println("SubTostada")
2020-03-14 10:15:12,997 INFO spoon.Launcher - Step filter CtClass only) spoon.support.reflect.code.CtFieldReadImpl cannot be cast to spoon.reflect.declaration.CtClass
Parameter 1) CtFieldReadImpl: java.lang.System.out
2020-03-14 10:15:12,997 INFO spoon.Launcher - Step filter CtClass only) spoon.support.reflect.code.CtTypeAccessImpl cannot be cast to spoon.reflect.declaration.CtClass
Parameter 1) CtTypeAccessImpl: java.lang.System
2020-03-14 10:15:12,997 INFO spoon.Launcher - Step filter CtClass only) spoon.support.reflect.reference.CtTypeReferenceImpl cannot be cast to spoon.reflect.declaration.CtClass
Parameter 1) CtTypeReferenceImpl: java.lang.System
2020-03-14 10:15:12,997 INFO spoon.Launcher - Step filter CtClass only) spoon.support.reflect.reference.CtPackageReferenceImpl cannot be cast to spoon.reflect.declaration.CtClass
Parameter 1) CtPackageReferenceImpl: java.lang
2020-03-14 10:15:12,997 INFO spoon.Launcher - Step filter CtClass only) spoon.support.reflect.reference.CtFieldReferenceImpl cannot be cast to spoon.reflect.declaration.CtClass
Parameter 1) CtFieldReferenceImpl: java.lang.System.out
2020-03-14 10:15:12,997 INFO spoon.Launcher - Step filter CtClass only) spoon.support.reflect.reference.CtTypeReferenceImpl cannot be cast to spoon.reflect.declaration.CtClass
Parameter 1) CtTypeReferenceImpl: java.lang.System
2020-03-14 10:15:12,997 INFO spoon.Launcher - Step filter CtClass only) spoon.support.reflect.reference.CtPackageReferenceImpl cannot be cast to spoon.reflect.declaration.CtClass
Parameter 1) CtPackageReferenceImpl: java.lang
2020-03-14 10:15:12,997 INFO spoon.Launcher - Step filter CtClass only) spoon.support.reflect.reference.CtTypeReferenceImpl cannot be cast to spoon.reflect.declaration.CtClass
Parameter 1) CtTypeReferenceImpl: java.io.PrintStream
2020-03-14 10:15:12,997 INFO spoon.Launcher - Step filter CtClass only) spoon.support.reflect.reference.CtPackageReferenceImpl cannot be cast to spoon.reflect.declaration.CtClass
Parameter 1) CtPackageReferenceImpl: java.io
2020-03-14 10:15:12,998 INFO spoon.Launcher - Step filter CtClass only) spoon.support.reflect.reference.CtExecutableReferenceImpl cannot be cast to spoon.reflect.declaration.CtClass
Parameter 1) CtExecutableReferenceImpl: java.io.PrintStream#println(java.lang.String)
2020-03-14 10:15:12,998 INFO spoon.Launcher - Step filter CtClass only) spoon.support.reflect.reference.CtTypeReferenceImpl cannot be cast to spoon.reflect.declaration.CtClass
Parameter 1) CtTypeReferenceImpl: java.io.PrintStream
2020-03-14 10:15:12,998 INFO spoon.Launcher - Step filter CtClass only) spoon.support.reflect.reference.CtPackageReferenceImpl cannot be cast to spoon.reflect.declaration.CtClass
Parameter 1) CtPackageReferenceImpl: java.io
2020-03-14 10:15:12,998 INFO spoon.Launcher - Step filter CtClass only) spoon.support.reflect.reference.CtTypeReferenceImpl cannot be cast to spoon.reflect.declaration.CtClass
Parameter 1) CtTypeReferenceImpl: void
2020-03-14 10:15:12,998 INFO spoon.Launcher - Step filter CtClass only) spoon.support.reflect.reference.CtTypeReferenceImpl cannot be cast to spoon.reflect.declaration.CtClass
Parameter 1) CtTypeReferenceImpl: java.lang.String
2020-03-14 10:15:12,998 INFO spoon.Launcher - Step filter CtClass only) spoon.support.reflect.reference.CtPackageReferenceImpl cannot be cast to spoon.reflect.declaration.CtClass
Parameter 1) CtPackageReferenceImpl: java.lang
2020-03-14 10:15:12,998 INFO spoon.Launcher - Step filter CtClass only) spoon.support.reflect.code.CtLiteralImpl cannot be cast to spoon.reflect.declaration.CtClass
Parameter 1) CtLiteralImpl: "SubTostada"
2020-03-14 10:15:12,998 INFO spoon.Launcher - Step filter CtClass only) spoon.support.reflect.reference.CtTypeReferenceImpl cannot be cast to spoon.reflect.declaration.CtClass
Parameter 1) CtTypeReferenceImpl: java.lang.String
2020-03-14 10:15:12,998 INFO spoon.Launcher - Step filter CtClass only) spoon.support.reflect.reference.CtPackageReferenceImpl cannot be cast to spoon.reflect.declaration.CtClass
Parameter 1) CtPackageReferenceImpl: java.lang
2020-03-14 10:15:12,998 INFO spoon.Launcher - Step filter CtClass only) spoon.support.reflect.code.CtInvocationImpl cannot be cast to spoon.reflect.declaration.CtClass
Parameter 1) CtInvocationImpl: super.prepare()
2020-03-14 10:15:12,999 INFO spoon.Launcher - Step filter CtClass only) spoon.support.reflect.code.CtSuperAccessImpl cannot be cast to spoon.reflect.declaration.CtClass
Parameter 1) CtSuperAccessImpl: super
2020-03-14 10:15:12,999 INFO spoon.Launcher - Step filter CtClass only) spoon.support.reflect.reference.CtLocalVariableReferenceImpl cannot be cast to spoon.reflect.declaration.CtClass
Parameter 1) CtLocalVariableReferenceImpl: 
2020-03-14 10:15:12,999 INFO spoon.Launcher - Step filter CtClass only) spoon.support.reflect.reference.CtExecutableReferenceImpl cannot be cast to spoon.reflect.declaration.CtClass
Parameter 1) CtExecutableReferenceImpl: spoon.test.filters.testclasses.Tostada#prepare()
2020-03-14 10:15:12,999 INFO spoon.Launcher - Step filter CtClass only) spoon.support.reflect.reference.CtTypeReferenceImpl cannot be cast to spoon.reflect.declaration.CtClass
Parameter 1) CtTypeReferenceImpl: spoon.test.filters.testclasses.Tostada
2020-03-14 10:15:12,999 INFO spoon.Launcher - Step filter CtClass only) spoon.support.reflect.reference.CtPackageReferenceImpl cannot be cast to spoon.reflect.declaration.CtClass
Parameter 1) CtPackageReferenceImpl: spoon.test.filters.testclasses
2020-03-14 10:15:12,999 INFO spoon.Launcher - Step filter CtClass only) spoon.support.reflect.reference.CtTypeReferenceImpl cannot be cast to spoon.reflect.declaration.CtClass
Parameter 1) CtTypeReferenceImpl: void
2020-03-14 10:15:12,999 INFO spoon.Launcher - Step filter CtClass only) spoon.support.reflect.reference.CtTypeReferenceImpl cannot be cast to spoon.reflect.declaration.CtClass
Parameter 1) CtTypeReferenceImpl: spoon.test.filters.testclasses.ITostada
2020-03-14 10:15:12,999 INFO spoon.Launcher - Step filter CtClass only) spoon.support.reflect.reference.CtPackageReferenceImpl cannot be cast to spoon.reflect.declaration.CtClass
Parameter 1) CtPackageReferenceImpl: spoon.test.filters.testclasses
2020-03-14 10:15:12,999 INFO spoon.Launcher - Step filter CtClass only) spoon.support.reflect.declaration.CtConstructorImpl cannot be cast to spoon.reflect.declaration.CtClass
Parameter 1) CtConstructorImpl: public Tacos() {
}
2020-03-14 10:15:12,999 INFO spoon.Launcher - Step filter CtClass only) spoon.support.reflect.code.CtBlockImpl cannot be cast to spoon.reflect.declaration.CtClass
Parameter 1) CtBlockImpl: {
}
2020-03-14 10:15:13,000 INFO spoon.Launcher - Step filter CtClass only) spoon.support.reflect.code.CtInvocationImpl cannot be cast to spoon.reflect.declaration.CtClass
Parameter 1) CtInvocationImpl: super()
2020-03-14 10:15:13,000 INFO spoon.Launcher - Step filter CtClass only) spoon.support.reflect.reference.CtExecutableReferenceImpl cannot be cast to spoon.reflect.declaration.CtClass
Parameter 1) CtExecutableReferenceImpl: java.lang.Object#Object()
2020-03-14 10:15:13,000 INFO spoon.Launcher - Step filter CtClass only) spoon.support.reflect.reference.CtTypeReferenceImpl cannot be cast to spoon.reflect.declaration.CtClass
Parameter 1) CtTypeReferenceImpl: java.lang.Object
2020-03-14 10:15:13,000 INFO spoon.Launcher - Step filter CtClass only) spoon.support.reflect.reference.CtPackageReferenceImpl cannot be cast to spoon.reflect.declaration.CtClass
Parameter 1) CtPackageReferenceImpl: java.lang
2020-03-14 10:15:13,000 INFO spoon.Launcher - Step filter CtClass only) spoon.support.reflect.reference.CtTypeReferenceImpl cannot be cast to spoon.reflect.declaration.CtClass
Parameter 1) CtTypeReferenceImpl: java.lang.Object
2020-03-14 10:15:13,000 INFO spoon.Launcher - Step filter CtClass only) spoon.support.reflect.reference.CtPackageReferenceImpl cannot be cast to spoon.reflect.declaration.CtClass
Parameter 1) CtPackageReferenceImpl: java.lang
2020-03-14 10:15:13,000 INFO spoon.Launcher - Step filter CtClass only) spoon.support.reflect.declaration.CtMethodImpl cannot be cast to spoon.reflect.declaration.CtClass
Parameter 1) CtMethodImpl: @java.lang.Override
public spoon.test.filters.testclasses.ITostada make() {
    return null;
}
2020-03-14 10:15:13,000 INFO spoon.Launcher - Step filter CtClass only) spoon.support.reflect.declaration.CtAnnotationImpl cannot be cast to spoon.reflect.declaration.CtClass
Parameter 1) CtAnnotationImpl: @java.lang.Override
2020-03-14 10:15:13,000 INFO spoon.Launcher - Step filter CtClass only) spoon.support.reflect.reference.CtTypeReferenceImpl cannot be cast to spoon.reflect.declaration.CtClass
Parameter 1) CtTypeReferenceImpl: java.lang.Override
2020-03-14 10:15:13,000 INFO spoon.Launcher - Step filter CtClass only) spoon.support.reflect.reference.CtPackageReferenceImpl cannot be cast to spoon.reflect.declaration.CtClass
Parameter 1) CtPackageReferenceImpl: java.lang
2020-03-14 10:15:13,000 INFO spoon.Launcher - Step filter CtClass only) spoon.support.reflect.reference.CtTypeReferenceImpl cannot be cast to spoon.reflect.declaration.CtClass
Parameter 1) CtTypeReferenceImpl: java.lang.Override
2020-03-14 10:15:13,001 INFO spoon.Launcher - Step filter CtClass only) spoon.support.reflect.reference.CtPackageReferenceImpl cannot be cast to spoon.reflect.declaration.CtClass
Parameter 1) CtPackageReferenceImpl: java.lang
2020-03-14 10:15:13,001 INFO spoon.Launcher - Step filter CtClass only) spoon.support.reflect.reference.CtTypeReferenceImpl cannot be cast to spoon.reflect.declaration.CtClass
Parameter 1) CtTypeReferenceImpl: spoon.test.filters.testclasses.ITostada
2020-03-14 10:15:13,001 INFO spoon.Launcher - Step filter CtClass only) spoon.support.reflect.reference.CtPackageReferenceImpl cannot be cast to spoon.reflect.declaration.CtClass
Parameter 1) CtPackageReferenceImpl: spoon.test.filters.testclasses
2020-03-14 10:15:13,001 INFO spoon.Launcher - Step filter CtClass only) spoon.support.reflect.code.CtBlockImpl cannot be cast to spoon.reflect.declaration.CtClass
Parameter 1) CtBlockImpl: {
    return null;
}
2020-03-14 10:15:13,001 INFO spoon.Launcher - Step filter CtClass only) spoon.support.reflect.code.CtReturnImpl cannot be cast to spoon.reflect.declaration.CtClass
Parameter 1) CtReturnImpl: return null
2020-03-14 10:15:13,001 INFO spoon.Launcher - Step filter CtClass only) spoon.support.reflect.code.CtLiteralImpl cannot be cast to spoon.reflect.declaration.CtClass
Parameter 1) CtLiteralImpl: null
2020-03-14 10:15:13,001 INFO spoon.Launcher - Step filter CtClass only) spoon.support.reflect.reference.CtTypeReferenceImpl cannot be cast to spoon.reflect.declaration.CtClass
Parameter 1) CtTypeReferenceImpl: <nulltype>
2020-03-14 10:15:13,001 INFO spoon.Launcher - Step filter CtClass only) spoon.support.reflect.declaration.CtMethodImpl cannot be cast to spoon.reflect.declaration.CtClass
Parameter 1) CtMethodImpl: public void prepare() {
    final java.util.ArrayList<java.lang.String> strings = new java.util.ArrayList<java.lang.String>();
    strings.size();
}
2020-03-14 10:15:13,001 INFO spoon.Launcher - Step filter CtClass only) spoon.support.reflect.reference.CtTypeReferenceImpl cannot be cast to spoon.reflect.declaration.CtClass
Parameter 1) CtTypeReferenceImpl: void
2020-03-14 10:15:13,001 INFO spoon.Launcher - Step filter CtClass only) spoon.support.reflect.code.CtBlockImpl cannot be cast to spoon.reflect.declaration.CtClass
Parameter 1) CtBlockImpl: {
    final java.util.ArrayList<java.lang.String> strings = new java.util.ArrayList<java.lang.String>();
    strings.size();
}
2020-03-14 10:15:13,002 INFO spoon.Launcher - Step filter CtClass only) spoon.support.reflect.code.CtLocalVariableImpl cannot be cast to spoon.reflect.declaration.CtClass
Parameter 1) CtLocalVariableImpl: final java.util.ArrayList<java.lang.String> strings = new java.util.ArrayList<java.lang.String>()
2020-03-14 10:15:13,002 INFO spoon.Launcher - Step filter CtClass only) spoon.support.reflect.reference.CtTypeReferenceImpl cannot be cast to spoon.reflect.declaration.CtClass
Parameter 1) CtTypeReferenceImpl: java.util.ArrayList<java.lang.String>
2020-03-14 10:15:13,002 INFO spoon.Launcher - Step filter CtClass only) spoon.support.reflect.reference.CtPackageReferenceImpl cannot be cast to spoon.reflect.declaration.CtClass
Parameter 1) CtPackageReferenceImpl: java.util
2020-03-14 10:15:13,002 INFO spoon.Launcher - Step filter CtClass only) spoon.support.reflect.reference.CtTypeReferenceImpl cannot be cast to spoon.reflect.declaration.CtClass
Parameter 1) CtTypeReferenceImpl: java.lang.String
2020-03-14 10:15:13,002 INFO spoon.Launcher - Step filter CtClass only) spoon.support.reflect.reference.CtPackageReferenceImpl cannot be cast to spoon.reflect.declaration.CtClass
Parameter 1) CtPackageReferenceImpl: java.lang
2020-03-14 10:15:13,002 INFO spoon.Launcher - Step filter CtClass only) spoon.support.reflect.code.CtConstructorCallImpl cannot be cast to spoon.reflect.declaration.CtClass
Parameter 1) CtConstructorCallImpl: new java.util.ArrayList<java.lang.String>()
2020-03-14 10:15:13,002 INFO spoon.Launcher - Step filter CtClass only) spoon.support.reflect.reference.CtExecutableReferenceImpl cannot be cast to spoon.reflect.declaration.CtClass
Parameter 1) CtExecutableReferenceImpl: java.util.ArrayList#ArrayList()
2020-03-14 10:15:13,002 INFO spoon.Launcher - Step filter CtClass only) spoon.support.reflect.reference.CtTypeReferenceImpl cannot be cast to spoon.reflect.declaration.CtClass
Parameter 1) CtTypeReferenceImpl: java.util.ArrayList
2020-03-14 10:15:13,002 INFO spoon.Launcher - Step filter CtClass only) spoon.support.reflect.reference.CtPackageReferenceImpl cannot be cast to spoon.reflect.declaration.CtClass
Parameter 1) CtPackageReferenceImpl: java.util
2020-03-14 10:15:13,002 INFO spoon.Launcher - Step filter CtClass only) spoon.support.reflect.reference.CtTypeReferenceImpl cannot be cast to spoon.reflect.declaration.CtClass
Parameter 1) CtTypeReferenceImpl: java.util.ArrayList<java.lang.String>
2020-03-14 10:15:13,003 INFO spoon.Launcher - Step filter CtClass only) spoon.support.reflect.reference.CtPackageReferenceImpl cannot be cast to spoon.reflect.declaration.CtClass
Parameter 1) CtPackageReferenceImpl: java.util
2020-03-14 10:15:13,003 INFO spoon.Launcher - Step filter CtClass only) spoon.support.reflect.reference.CtTypeReferenceImpl cannot be cast to spoon.reflect.declaration.CtClass
Parameter 1) CtTypeReferenceImpl: java.lang.String
2020-03-14 10:15:13,003 INFO spoon.Launcher - Step filter CtClass only) spoon.support.reflect.reference.CtPackageReferenceImpl cannot be cast to spoon.reflect.declaration.CtClass
Parameter 1) CtPackageReferenceImpl: java.lang
2020-03-14 10:15:13,003 INFO spoon.Launcher - Step filter CtClass only) spoon.support.reflect.code.CtInvocationImpl cannot be cast to spoon.reflect.declaration.CtClass
Parameter 1) CtInvocationImpl: strings.size()
2020-03-14 10:15:13,003 INFO spoon.Launcher - Step filter CtClass only) spoon.support.reflect.code.CtVariableReadImpl cannot be cast to spoon.reflect.declaration.CtClass
Parameter 1) CtVariableReadImpl: strings
2020-03-14 10:15:13,003 INFO spoon.Launcher - Step filter CtClass only) spoon.support.reflect.reference.CtLocalVariableReferenceImpl cannot be cast to spoon.reflect.declaration.CtClass
Parameter 1) CtLocalVariableReferenceImpl: strings
2020-03-14 10:15:13,003 INFO spoon.Launcher - Step filter CtClass only) spoon.support.reflect.reference.CtTypeReferenceImpl cannot be cast to spoon.reflect.declaration.CtClass
Parameter 1) CtTypeReferenceImpl: java.util.ArrayList<java.lang.String>
2020-03-14 10:15:13,003 INFO spoon.Launcher - Step filter CtClass only) spoon.support.reflect.reference.CtPackageReferenceImpl cannot be cast to spoon.reflect.declaration.CtClass
Parameter 1) CtPackageReferenceImpl: java.util
2020-03-14 10:15:13,003 INFO spoon.Launcher - Step filter CtClass only) spoon.support.reflect.reference.CtTypeReferenceImpl cannot be cast to spoon.reflect.declaration.CtClass
Parameter 1) CtTypeReferenceImpl: java.lang.String
2020-03-14 10:15:13,003 INFO spoon.Launcher - Step filter CtClass only) spoon.support.reflect.reference.CtPackageReferenceImpl cannot be cast to spoon.reflect.declaration.CtClass
Parameter 1) CtPackageReferenceImpl: java.lang
2020-03-14 10:15:13,003 INFO spoon.Launcher - Step filter CtClass only) spoon.support.reflect.reference.CtExecutableReferenceImpl cannot be cast to spoon.reflect.declaration.CtClass
Parameter 1) CtExecutableReferenceImpl: java.util.ArrayList#size()
2020-03-14 10:15:13,004 INFO spoon.Launcher - Step filter CtClass only) spoon.support.reflect.reference.CtTypeReferenceImpl cannot be cast to spoon.reflect.declaration.CtClass
Parameter 1) CtTypeReferenceImpl: java.util.ArrayList
2020-03-14 10:15:13,004 INFO spoon.Launcher - Step filter CtClass only) spoon.support.reflect.reference.CtPackageReferenceImpl cannot be cast to spoon.reflect.declaration.CtClass
Parameter 1) CtPackageReferenceImpl: java.util
2020-03-14 10:15:13,004 INFO spoon.Launcher - Step filter CtClass only) spoon.support.reflect.reference.CtTypeReferenceImpl cannot be cast to spoon.reflect.declaration.CtClass
Parameter 1) CtTypeReferenceImpl: int
2020-03-14 10:15:13,004 INFO spoon.Launcher - Step filter CtClass only) spoon.support.reflect.reference.CtTypeReferenceImpl cannot be cast to spoon.reflect.declaration.CtClass
Parameter 1) CtTypeReferenceImpl: spoon.test.filters.testclasses.AbstractTostada
2020-03-14 10:15:13,004 INFO spoon.Launcher - Step filter CtClass only) spoon.support.reflect.reference.CtPackageReferenceImpl cannot be cast to spoon.reflect.declaration.CtClass
Parameter 1) CtPackageReferenceImpl: spoon.test.filters.testclasses
2020-03-14 10:15:13,004 INFO spoon.Launcher - Step filter CtClass only) spoon.support.reflect.declaration.CtConstructorImpl cannot be cast to spoon.reflect.declaration.CtClass
Parameter 1) CtConstructorImpl: public Tostada() {
}
2020-03-14 10:15:13,004 INFO spoon.Launcher - Step filter CtClass only) spoon.support.reflect.code.CtBlockImpl cannot be cast to spoon.reflect.declaration.CtClass
Parameter 1) CtBlockImpl: {
}
2020-03-14 10:15:13,004 INFO spoon.Launcher - Step filter CtClass only) spoon.support.reflect.code.CtInvocationImpl cannot be cast to spoon.reflect.declaration.CtClass
Parameter 1) CtInvocationImpl: super()
2020-03-14 10:15:13,004 INFO spoon.Launcher - Step filter CtClass only) spoon.support.reflect.reference.CtExecutableReferenceImpl cannot be cast to spoon.reflect.declaration.CtClass
Parameter 1) CtExecutableReferenceImpl: spoon.test.filters.testclasses.AbstractTostada#AbstractTostada()
2020-03-14 10:15:13,004 INFO spoon.Launcher - Step filter CtClass only) spoon.support.reflect.reference.CtTypeReferenceImpl cannot be cast to spoon.reflect.declaration.CtClass
Parameter 1) CtTypeReferenceImpl: spoon.test.filters.testclasses.AbstractTostada
2020-03-14 10:15:13,004 INFO spoon.Launcher - Step filter CtClass only) spoon.support.reflect.reference.CtPackageReferenceImpl cannot be cast to spoon.reflect.declaration.CtClass
Parameter 1) CtPackageReferenceImpl: spoon.test.filters.testclasses
2020-03-14 10:15:13,005 INFO spoon.Launcher - Step filter CtClass only) spoon.support.reflect.reference.CtTypeReferenceImpl cannot be cast to spoon.reflect.declaration.CtClass
Parameter 1) CtTypeReferenceImpl: spoon.test.filters.testclasses.AbstractTostada
2020-03-14 10:15:13,005 INFO spoon.Launcher - Step filter CtClass only) spoon.support.reflect.reference.CtPackageReferenceImpl cannot be cast to spoon.reflect.declaration.CtClass
Parameter 1) CtPackageReferenceImpl: spoon.test.filters.testclasses
2020-03-14 10:15:13,005 INFO spoon.Launcher - Step filter CtClass only) spoon.support.reflect.declaration.CtMethodImpl cannot be cast to spoon.reflect.declaration.CtClass
Parameter 1) CtMethodImpl: @java.lang.Override
public spoon.test.filters.testclasses.ITostada make() {
    return new spoon.test.filters.testclasses.Tostada() {
        @java.lang.Override
        public void prepare() {
            int a = 3;
            super.prepare();
        }
    };
}
2020-03-14 10:15:13,005 INFO spoon.Launcher - Step filter CtClass only) spoon.support.reflect.declaration.CtAnnotationImpl cannot be cast to spoon.reflect.declaration.CtClass
Parameter 1) CtAnnotationImpl: @java.lang.Override
2020-03-14 10:15:13,005 INFO spoon.Launcher - Step filter CtClass only) spoon.support.reflect.reference.CtTypeReferenceImpl cannot be cast to spoon.reflect.declaration.CtClass
Parameter 1) CtTypeReferenceImpl: java.lang.Override
2020-03-14 10:15:13,005 INFO spoon.Launcher - Step filter CtClass only) spoon.support.reflect.reference.CtPackageReferenceImpl cannot be cast to spoon.reflect.declaration.CtClass
Parameter 1) CtPackageReferenceImpl: java.lang
2020-03-14 10:15:13,005 INFO spoon.Launcher - Step filter CtClass only) spoon.support.reflect.reference.CtTypeReferenceImpl cannot be cast to spoon.reflect.declaration.CtClass
Parameter 1) CtTypeReferenceImpl: java.lang.Override
2020-03-14 10:15:13,005 INFO spoon.Launcher - Step filter CtClass only) spoon.support.reflect.reference.CtPackageReferenceImpl cannot be cast to spoon.reflect.declaration.CtClass
Parameter 1) CtPackageReferenceImpl: java.lang
2020-03-14 10:15:13,005 INFO spoon.Launcher - Step filter CtClass only) spoon.support.reflect.reference.CtTypeReferenceImpl cannot be cast to spoon.reflect.declaration.CtClass
Parameter 1) CtTypeReferenceImpl: spoon.test.filters.testclasses.ITostada
2020-03-14 10:15:13,005 INFO spoon.Launcher - Step filter CtClass only) spoon.support.reflect.reference.CtPackageReferenceImpl cannot be cast to spoon.reflect.declaration.CtClass
Parameter 1) CtPackageReferenceImpl: spoon.test.filters.testclasses
2020-03-14 10:15:13,006 INFO spoon.Launcher - Step filter CtClass only) spoon.support.reflect.code.CtBlockImpl cannot be cast to spoon.reflect.declaration.CtClass
Parameter 1) CtBlockImpl: {
    return new spoon.test.filters.testclasses.Tostada() {
        @java.lang.Override
        public void prepare() {
            int a = 3;
            super.prepare();
        }
    };
}
2020-03-14 10:15:13,006 INFO spoon.Launcher - Step filter CtClass only) spoon.support.reflect.code.CtReturnImpl cannot be cast to spoon.reflect.declaration.CtClass
Parameter 1) CtReturnImpl: return new spoon.test.filters.testclasses.Tostada() {
    @java.lang.Override
    public void prepare() {
        int a = 3;
        super.prepare();
    }
}
2020-03-14 10:15:13,006 INFO spoon.Launcher - Step filter CtClass only) spoon.support.reflect.code.CtNewClassImpl cannot be cast to spoon.reflect.declaration.CtClass
Parameter 1) CtNewClassImpl: new spoon.test.filters.testclasses.Tostada() {
    @java.lang.Override
    public void prepare() {
        int a = 3;
        super.prepare();
    }
}
2020-03-14 10:15:13,006 INFO spoon.Launcher - Step filter CtClass only) spoon.support.reflect.reference.CtExecutableReferenceImpl cannot be cast to spoon.reflect.declaration.CtClass
Parameter 1) CtExecutableReferenceImpl: spoon.test.filters.testclasses.Tostada$1#1()
2020-03-14 10:15:13,006 INFO spoon.Launcher - Step filter CtClass only) spoon.support.reflect.reference.CtTypeReferenceImpl cannot be cast to spoon.reflect.declaration.CtClass
Parameter 1) CtTypeReferenceImpl: spoon.test.filters.testclasses.Tostada.1
2020-03-14 10:15:13,007 INFO spoon.Launcher - Step filter CtClass only) spoon.support.reflect.reference.CtTypeReferenceImpl cannot be cast to spoon.reflect.declaration.CtClass
Parameter 1) CtTypeReferenceImpl: spoon.test.filters.testclasses.Tostada
2020-03-14 10:15:13,007 INFO spoon.Launcher - Step filter CtClass only) spoon.support.reflect.reference.CtPackageReferenceImpl cannot be cast to spoon.reflect.declaration.CtClass
Parameter 1) CtPackageReferenceImpl: spoon.test.filters.testclasses
2020-03-14 10:15:13,007 INFO spoon.Launcher - Step filter CtClass only) spoon.support.reflect.reference.CtTypeReferenceImpl cannot be cast to spoon.reflect.declaration.CtClass
Parameter 1) CtTypeReferenceImpl: spoon.test.filters.testclasses.Tostada
2020-03-14 10:15:13,007 INFO spoon.Launcher - Step filter CtClass only) spoon.support.reflect.reference.CtPackageReferenceImpl cannot be cast to spoon.reflect.declaration.CtClass
Parameter 1) CtPackageReferenceImpl: spoon.test.filters.testclasses
2020-03-14 10:15:13,007 INFO spoon.Launcher - Step filter CtClass only) spoon.support.reflect.reference.CtTypeReferenceImpl cannot be cast to spoon.reflect.declaration.CtClass
Parameter 1) CtTypeReferenceImpl: spoon.test.filters.testclasses.Tostada
2020-03-14 10:15:13,007 INFO spoon.Launcher - Step filter CtClass only) spoon.support.reflect.reference.CtPackageReferenceImpl cannot be cast to spoon.reflect.declaration.CtClass
Parameter 1) CtPackageReferenceImpl: spoon.test.filters.testclasses
2020-03-14 10:15:13,007 INFO spoon.Launcher - Step filter CtClass only) spoon.support.reflect.declaration.CtConstructorImpl cannot be cast to spoon.reflect.declaration.CtClass
Parameter 1) CtConstructorImpl: 1() {
}
2020-03-14 10:15:13,007 INFO spoon.Launcher - Step filter CtClass only) spoon.support.reflect.code.CtBlockImpl cannot be cast to spoon.reflect.declaration.CtClass
Parameter 1) CtBlockImpl: {
}
2020-03-14 10:15:13,007 INFO spoon.Launcher - Step filter CtClass only) spoon.support.reflect.code.CtInvocationImpl cannot be cast to spoon.reflect.declaration.CtClass
Parameter 1) CtInvocationImpl: super()
2020-03-14 10:15:13,007 INFO spoon.Launcher - Step filter CtClass only) spoon.support.reflect.reference.CtExecutableReferenceImpl cannot be cast to spoon.reflect.declaration.CtClass
Parameter 1) CtExecutableReferenceImpl: spoon.test.filters.testclasses.Tostada#Tostada()
2020-03-14 10:15:13,008 INFO spoon.Launcher - Step filter CtClass only) spoon.support.reflect.reference.CtTypeReferenceImpl cannot be cast to spoon.reflect.declaration.CtClass
Parameter 1) CtTypeReferenceImpl: spoon.test.filters.testclasses.Tostada
2020-03-14 10:15:13,008 INFO spoon.Launcher - Step filter CtClass only) spoon.support.reflect.reference.CtPackageReferenceImpl cannot be cast to spoon.reflect.declaration.CtClass
Parameter 1) CtPackageReferenceImpl: spoon.test.filters.testclasses
2020-03-14 10:15:13,008 INFO spoon.Launcher - Step filter CtClass only) spoon.support.reflect.reference.CtTypeReferenceImpl cannot be cast to spoon.reflect.declaration.CtClass
Parameter 1) CtTypeReferenceImpl: spoon.test.filters.testclasses.Tostada
2020-03-14 10:15:13,008 INFO spoon.Launcher - Step filter CtClass only) spoon.support.reflect.reference.CtPackageReferenceImpl cannot be cast to spoon.reflect.declaration.CtClass
Parameter 1) CtPackageReferenceImpl: spoon.test.filters.testclasses
2020-03-14 10:15:13,008 INFO spoon.Launcher - Step filter CtClass only) spoon.support.reflect.declaration.CtMethodImpl cannot be cast to spoon.reflect.declaration.CtClass
Parameter 1) CtMethodImpl: @java.lang.Override
public void prepare() {
    int a = 3;
    super.prepare();
}
2020-03-14 10:15:13,008 INFO spoon.Launcher - Step filter CtClass only) spoon.support.reflect.declaration.CtAnnotationImpl cannot be cast to spoon.reflect.declaration.CtClass
Parameter 1) CtAnnotationImpl: @java.lang.Override
2020-03-14 10:15:13,008 INFO spoon.Launcher - Step filter CtClass only) spoon.support.reflect.reference.CtTypeReferenceImpl cannot be cast to spoon.reflect.declaration.CtClass
Parameter 1) CtTypeReferenceImpl: java.lang.Override
2020-03-14 10:15:13,008 INFO spoon.Launcher - Step filter CtClass only) spoon.support.reflect.reference.CtPackageReferenceImpl cannot be cast to spoon.reflect.declaration.CtClass
Parameter 1) CtPackageReferenceImpl: java.lang
2020-03-14 10:15:13,008 INFO spoon.Launcher - Step filter CtClass only) spoon.support.reflect.reference.CtTypeReferenceImpl cannot be cast to spoon.reflect.declaration.CtClass
Parameter 1) CtTypeReferenceImpl: java.lang.Override
2020-03-14 10:15:13,008 INFO spoon.Launcher - Step filter CtClass only) spoon.support.reflect.reference.CtPackageReferenceImpl cannot be cast to spoon.reflect.declaration.CtClass
Parameter 1) CtPackageReferenceImpl: java.lang
2020-03-14 10:15:13,009 INFO spoon.Launcher - Step filter CtClass only) spoon.support.reflect.reference.CtTypeReferenceImpl cannot be cast to spoon.reflect.declaration.CtClass
Parameter 1) CtTypeReferenceImpl: void
2020-03-14 10:15:13,009 INFO spoon.Launcher - Step filter CtClass only) spoon.support.reflect.code.CtBlockImpl cannot be cast to spoon.reflect.declaration.CtClass
Parameter 1) CtBlockImpl: {
    int a = 3;
    super.prepare();
}
2020-03-14 10:15:13,009 INFO spoon.Launcher - Step filter CtClass only) spoon.support.reflect.code.CtLocalVariableImpl cannot be cast to spoon.reflect.declaration.CtClass
Parameter 1) CtLocalVariableImpl: int a = 3
2020-03-14 10:15:13,009 INFO spoon.Launcher - Step filter CtClass only) spoon.support.reflect.reference.CtTypeReferenceImpl cannot be cast to spoon.reflect.declaration.CtClass
Parameter 1) CtTypeReferenceImpl: int
2020-03-14 10:15:13,009 INFO spoon.Launcher - Step filter CtClass only) spoon.support.reflect.code.CtLiteralImpl cannot be cast to spoon.reflect.declaration.CtClass
Parameter 1) CtLiteralImpl: 3
2020-03-14 10:15:13,009 INFO spoon.Launcher - Step filter CtClass only) spoon.support.reflect.reference.CtTypeReferenceImpl cannot be cast to spoon.reflect.declaration.CtClass
Parameter 1) CtTypeReferenceImpl: int
2020-03-14 10:15:13,009 INFO spoon.Launcher - Step filter CtClass only) spoon.support.reflect.code.CtInvocationImpl cannot be cast to spoon.reflect.declaration.CtClass
Parameter 1) CtInvocationImpl: super.prepare()
2020-03-14 10:15:13,009 INFO spoon.Launcher - Step filter CtClass only) spoon.support.reflect.code.CtSuperAccessImpl cannot be cast to spoon.reflect.declaration.CtClass
Parameter 1) CtSuperAccessImpl: super
2020-03-14 10:15:13,009 INFO spoon.Launcher - Step filter CtClass only) spoon.support.reflect.reference.CtLocalVariableReferenceImpl cannot be cast to spoon.reflect.declaration.CtClass
Parameter 1) CtLocalVariableReferenceImpl: 
2020-03-14 10:15:13,009 INFO spoon.Launcher - Step filter CtClass only) spoon.support.reflect.reference.CtExecutableReferenceImpl cannot be cast to spoon.reflect.declaration.CtClass
Parameter 1) CtExecutableReferenceImpl: spoon.test.filters.testclasses.Tostada#prepare()
2020-03-14 10:15:13,009 INFO spoon.Launcher - Step filter CtClass only) spoon.support.reflect.reference.CtTypeReferenceImpl cannot be cast to spoon.reflect.declaration.CtClass
Parameter 1) CtTypeReferenceImpl: spoon.test.filters.testclasses.Tostada
2020-03-14 10:15:13,010 INFO spoon.Launcher - Step filter CtClass only) spoon.support.reflect.reference.CtPackageReferenceImpl cannot be cast to spoon.reflect.declaration.CtClass
Parameter 1) CtPackageReferenceImpl: spoon.test.filters.testclasses
2020-03-14 10:15:13,010 INFO spoon.Launcher - Step filter CtClass only) spoon.support.reflect.reference.CtTypeReferenceImpl cannot be cast to spoon.reflect.declaration.CtClass
Parameter 1) CtTypeReferenceImpl: void
2020-03-14 10:15:13,010 INFO spoon.Launcher - Step filter CtClass only) spoon.support.reflect.declaration.CtMethodImpl cannot be cast to spoon.reflect.declaration.CtClass
Parameter 1) CtMethodImpl: @java.lang.Override
public void prepare() {
}
2020-03-14 10:15:13,010 INFO spoon.Launcher - Step filter CtClass only) spoon.support.reflect.declaration.CtAnnotationImpl cannot be cast to spoon.reflect.declaration.CtClass
Parameter 1) CtAnnotationImpl: @java.lang.Override
2020-03-14 10:15:13,010 INFO spoon.Launcher - Step filter CtClass only) spoon.support.reflect.reference.CtTypeReferenceImpl cannot be cast to spoon.reflect.declaration.CtClass
Parameter 1) CtTypeReferenceImpl: java.lang.Override
2020-03-14 10:15:13,010 INFO spoon.Launcher - Step filter CtClass only) spoon.support.reflect.reference.CtPackageReferenceImpl cannot be cast to spoon.reflect.declaration.CtClass
Parameter 1) CtPackageReferenceImpl: java.lang
2020-03-14 10:15:13,010 INFO spoon.Launcher - Step filter CtClass only) spoon.support.reflect.reference.CtTypeReferenceImpl cannot be cast to spoon.reflect.declaration.CtClass
Parameter 1) CtTypeReferenceImpl: java.lang.Override
2020-03-14 10:15:13,010 INFO spoon.Launcher - Step filter CtClass only) spoon.support.reflect.reference.CtPackageReferenceImpl cannot be cast to spoon.reflect.declaration.CtClass
Parameter 1) CtPackageReferenceImpl: java.lang
2020-03-14 10:15:13,010 INFO spoon.Launcher - Step filter CtClass only) spoon.support.reflect.reference.CtTypeReferenceImpl cannot be cast to spoon.reflect.declaration.CtClass
Parameter 1) CtTypeReferenceImpl: void
2020-03-14 10:15:13,010 INFO spoon.Launcher - Step filter CtClass only) spoon.support.reflect.code.CtBlockImpl cannot be cast to spoon.reflect.declaration.CtClass
Parameter 1) CtBlockImpl: {
}
Tests run: 40, Failures: 0, Errors: 0, Skipped: 0, Time elapsed: 3.046 sec - in spoon.test.filters.FilterTest
Running spoon.test.filters.CUFilterTest
Tests run: 3, Failures: 0, Errors: 0, Skipped: 0, Time elapsed: 0.102 sec - in spoon.test.filters.CUFilterTest
Running spoon.test.processing.ProcessingTest
Tests run: 5, Failures: 0, Errors: 0, Skipped: 0, Time elapsed: 0.078 sec - in spoon.test.processing.ProcessingTest
Running spoon.test.imports.ImportScannerTest
Tests run: 5, Failures: 0, Errors: 0, Skipped: 0, Time elapsed: 0.153 sec - in spoon.test.imports.ImportScannerTest
Running spoon.test.imports.ImportAndExtendWithPackageNameTest
Tests run: 1, Failures: 0, Errors: 0, Skipped: 0, Time elapsed: 0.032 sec - in spoon.test.imports.ImportAndExtendWithPackageNameTest
Running spoon.test.imports.ImportTest
Tests run: 38, Failures: 0, Errors: 0, Skipped: 0, Time elapsed: 2.634 sec - in spoon.test.imports.ImportTest
Running spoon.test.template.TemplateArrayAccessTest
Tests run: 2, Failures: 0, Errors: 0, Skipped: 0, Time elapsed: 0.077 sec - in spoon.test.template.TemplateArrayAccessTest
Running spoon.test.template.TemplateTest
Tests run: 19, Failures: 0, Errors: 0, Skipped: 0, Time elapsed: 1.314 sec - in spoon.test.template.TemplateTest
Running spoon.test.template.TemplateEnumAccessTest
Tests run: 1, Failures: 0, Errors: 0, Skipped: 0, Time elapsed: 0.07 sec - in spoon.test.template.TemplateEnumAccessTest
Running spoon.test.template.TemplateReplaceReturnTest
Tests run: 1, Failures: 0, Errors: 0, Skipped: 0, Time elapsed: 0.071 sec - in spoon.test.template.TemplateReplaceReturnTest
Running spoon.test.template.TemplateClassAccessTest
Tests run: 1, Failures: 0, Errors: 0, Skipped: 0, Time elapsed: 0.062 sec - in spoon.test.template.TemplateClassAccessTest
Running spoon.test.template.TemplateInvocationSubstitutionTest
Tests run: 2, Failures: 0, Errors: 0, Skipped: 0, Time elapsed: 0.084 sec - in spoon.test.template.TemplateInvocationSubstitutionTest
Running spoon.test.generics.GenericsTest
Tests run: 40, Failures: 0, Errors: 0, Skipped: 0, Time elapsed: 2.01 sec - in spoon.test.generics.GenericsTest
Running spoon.test.methodreference.MethodReferenceTest
Tests run: 13, Failures: 0, Errors: 0, Skipped: 0, Time elapsed: 1.867 sec - in spoon.test.methodreference.MethodReferenceTest
Running spoon.test.OutputTypeTest
Tests run: 1, Failures: 0, Errors: 0, Skipped: 0, Time elapsed: 0 sec - in spoon.test.OutputTypeTest
Running spoon.test.ctType.CtTypeTest
Tests run: 8, Failures: 0, Errors: 0, Skipped: 0, Time elapsed: 0.302 sec - in spoon.test.ctType.CtTypeTest
Running spoon.test.ctType.CtTypeParameterTest
Tests run: 2, Failures: 0, Errors: 0, Skipped: 0, Time elapsed: 0.077 sec - in spoon.test.ctType.CtTypeParameterTest
Running spoon.test.enums.EnumsTest
Tests run: 4, Failures: 0, Errors: 0, Skipped: 0, Time elapsed: 0.132 sec - in spoon.test.enums.EnumsTest
Running spoon.test.secondaryclasses.ClassesTest
Tests run: 6, Failures: 0, Errors: 0, Skipped: 0, Time elapsed: 0.204 sec - in spoon.test.secondaryclasses.ClassesTest
Running spoon.test.signature.SignatureTest
Tests run: 8, Failures: 0, Errors: 0, Skipped: 0, Time elapsed: 0.505 sec - in spoon.test.signature.SignatureTest
Running spoon.test.replace.ReplaceParametrizedTest
Tests run: 73, Failures: 0, Errors: 0, Skipped: 0, Time elapsed: 0.878 sec - in spoon.test.replace.ReplaceParametrizedTest
Running spoon.test.replace.ReplaceTest
Tests run: 17, Failures: 0, Errors: 0, Skipped: 0, Time elapsed: 0.764 sec - in spoon.test.replace.ReplaceTest
Running spoon.test.lambda.LambdaTest
Tests run: 22, Failures: 0, Errors: 0, Skipped: 0, Time elapsed: 1.378 sec - in spoon.test.lambda.LambdaTest
Running spoon.test.field.FieldTest
Tests run: 4, Failures: 0, Errors: 0, Skipped: 0, Time elapsed: 0.115 sec - in spoon.test.field.FieldTest
Running spoon.test.reference.CloneReferenceTest
Tests run: 2, Failures: 0, Errors: 0, Skipped: 0, Time elapsed: 0.08 sec - in spoon.test.reference.CloneReferenceTest
Running spoon.test.reference.AnnotationFieldReferenceTest
Tests run: 1, Failures: 0, Errors: 0, Skipped: 0, Time elapsed: 0.038 sec - in spoon.test.reference.AnnotationFieldReferenceTest
Running spoon.test.reference.ExecutableReferenceGenericTest
Tests run: 12, Failures: 0, Errors: 0, Skipped: 0, Time elapsed: 0.611 sec - in spoon.test.reference.ExecutableReferenceGenericTest
Running spoon.test.reference.ExecutableReferenceTest
Tests run: 6, Failures: 0, Errors: 0, Skipped: 0, Time elapsed: 0.272 sec - in spoon.test.reference.ExecutableReferenceTest
Running spoon.test.reference.VariableAccessTest
Tests run: 10, Failures: 0, Errors: 0, Skipped: 0, Time elapsed: 0.419 sec - in spoon.test.reference.VariableAccessTest
Running spoon.test.reference.TypeReferenceTest
Tests run: 27, Failures: 0, Errors: 0, Skipped: 0, Time elapsed: 0.968 sec - in spoon.test.reference.TypeReferenceTest
Running spoon.test.staticFieldAccess2.ImplicitStaticFieldReferenceTest
Tests run: 16, Failures: 0, Errors: 0, Skipped: 0, Time elapsed: 1.343 sec - in spoon.test.staticFieldAccess2.ImplicitStaticFieldReferenceTest
Running spoon.test.visibility.VisibilityTest
Tests run: 5, Failures: 0, Errors: 0, Skipped: 0, Time elapsed: 1.45 sec - in spoon.test.visibility.VisibilityTest
Running spoon.test.interfaces.InterfaceTest
Tests run: 6, Failures: 0, Errors: 0, Skipped: 0, Time elapsed: 0.234 sec - in spoon.test.interfaces.InterfaceTest
Running spoon.test.limits.utils.InternalTest
Tests run: 2, Failures: 0, Errors: 0, Skipped: 0, Time elapsed: 0.077 sec - in spoon.test.limits.utils.InternalTest
Running spoon.test.staticFieldAccess.StaticAccessTest
Tests run: 2, Failures: 0, Errors: 0, Skipped: 0, Time elapsed: 0.124 sec - in spoon.test.staticFieldAccess.StaticAccessTest
Running spoon.test.strings.StringTest
Tests run: 1, Failures: 0, Errors: 0, Skipped: 0, Time elapsed: 0.037 sec - in spoon.test.strings.StringTest
Running spoon.test.strings.StringLiteralTest
Tests run: 1, Failures: 0, Errors: 0, Skipped: 0, Time elapsed: 0.042 sec - in spoon.test.strings.StringLiteralTest
Running spoon.test.constructorcallnewclass.ConstructorCallTest
Tests run: 6, Failures: 0, Errors: 0, Skipped: 0, Time elapsed: 1.756 sec - in spoon.test.constructorcallnewclass.ConstructorCallTest
Running spoon.test.constructorcallnewclass.NewClassTest
Tests run: 7, Failures: 0, Errors: 0, Skipped: 0, Time elapsed: 0.542 sec - in spoon.test.constructorcallnewclass.NewClassTest
Running spoon.test.ctClass.CtClassTest
Tests run: 6, Failures: 0, Errors: 0, Skipped: 0, Time elapsed: 1.617 sec - in spoon.test.ctClass.CtClassTest
Running spoon.test.method_overriding.MethodOverriddingTest
Tests run: 2, Failures: 0, Errors: 0, Skipped: 0, Time elapsed: 0.102 sec - in spoon.test.method_overriding.MethodOverriddingTest
Running spoon.test.invocations.InvocationTest
Tests run: 2, Failures: 0, Errors: 0, Skipped: 0, Time elapsed: 0.087 sec - in spoon.test.invocations.InvocationTest
Running spoon.test.varargs.VarArgsTest
Tests run: 1, Failures: 0, Errors: 0, Skipped: 0, Time elapsed: 0.041 sec - in spoon.test.varargs.VarArgsTest
Running spoon.test.model.SwitchCaseTest
Tests run: 2, Failures: 0, Errors: 0, Skipped: 0, Time elapsed: 0.088 sec - in spoon.test.model.SwitchCaseTest
Running spoon.test.model.AnonymousExecutableTest
Tests run: 1, Failures: 0, Errors: 0, Skipped: 0, Time elapsed: 0.045 sec - in spoon.test.model.AnonymousExecutableTest
Running spoon.test.model.TypeTest
Tests run: 8, Failures: 0, Errors: 0, Skipped: 0, Time elapsed: 0.385 sec - in spoon.test.model.TypeTest
Running spoon.test.model.BlockTest
Tests run: 2, Failures: 0, Errors: 0, Skipped: 0, Time elapsed: 0.089 sec - in spoon.test.model.BlockTest
Running spoon.test.ctElement.ElementTest
Tests run: 1, Failures: 0, Errors: 0, Skipped: 0, Time elapsed: 0 sec - in spoon.test.ctElement.ElementTest
Running spoon.test.ctElement.MetadataTest
Tests run: 1, Failures: 0, Errors: 0, Skipped: 0, Time elapsed: 0.042 sec - in spoon.test.ctElement.MetadataTest
Running spoon.test.executable.ExecutableRefTest
Tests run: 5, Failures: 0, Errors: 0, Skipped: 0, Time elapsed: 0.267 sec - in spoon.test.executable.ExecutableRefTest
Running spoon.test.executable.ExecutableTest
Tests run: 3, Failures: 0, Errors: 0, Skipped: 0, Time elapsed: 0.125 sec - in spoon.test.executable.ExecutableTest
Running spoon.test.sourcePosition.SourcePositionTest
Tests run: 1, Failures: 0, Errors: 0, Skipped: 0, Time elapsed: 0.084 sec - in spoon.test.sourcePosition.SourcePositionTest
Running spoon.test.casts.CastTest
Tests run: 5, Failures: 0, Errors: 0, Skipped: 0, Time elapsed: 0.23 sec - in spoon.test.casts.CastTest
Running spoon.test.condition.ConditionalTest
Tests run: 4, Failures: 0, Errors: 0, Skipped: 0, Time elapsed: 0.172 sec - in spoon.test.condition.ConditionalTest
Running spoon.test.snippets.SnippetTest
Tests run: 6, Failures: 0, Errors: 0, Skipped: 0, Time elapsed: 0.352 sec - in spoon.test.snippets.SnippetTest
Running spoon.test.parent.TopLevelTypeTest
Tests run: 1, Failures: 0, Errors: 0, Skipped: 0, Time elapsed: 0.042 sec - in spoon.test.parent.TopLevelTypeTest
Running spoon.test.parent.ParentContractTest
Tests run: 61, Failures: 0, Errors: 0, Skipped: 0, Time elapsed: 0.472 sec - in spoon.test.parent.ParentContractTest
Running spoon.test.parent.NullParentTest
Tests run: 8, Failures: 0, Errors: 0, Skipped: 0, Time elapsed: 0.337 sec - in spoon.test.parent.NullParentTest
Running spoon.test.parent.ParentTest
Tests run: 11, Failures: 0, Errors: 0, Skipped: 1, Time elapsed: 0.694 sec - in spoon.test.parent.ParentTest
Running spoon.test.labels.TestLabels
Tests run: 1, Failures: 0, Errors: 0, Skipped: 0, Time elapsed: 0.049 sec - in spoon.test.labels.TestLabels
Running spoon.test.type.TypeTest
Tests run: 12, Failures: 0, Errors: 0, Skipped: 0, Time elapsed: 0.665 sec - in spoon.test.type.TypeTest
Running spoon.test.arrays.ArraysTest
Tests run: 4, Failures: 0, Errors: 0, Skipped: 0, Time elapsed: 0.192 sec - in spoon.test.arrays.ArraysTest
Running spoon.test.constructor.ConstructorTest
Tests run: 6, Failures: 0, Errors: 0, Skipped: 0, Time elapsed: 0.249 sec - in spoon.test.constructor.ConstructorTest
Running spoon.test.query_function.VariableReferencesModelTest
Tests run: 15, Failures: 0, Errors: 0, Skipped: 0, Time elapsed: 0.002 sec - in spoon.test.query_function.VariableReferencesModelTest
Running spoon.test.query_function.VariableReferencesTest
2020-03-14 10:15:40,570 INFO spoon.Launcher - Spoon version 5.9.0-SNAPSHOT
2020-03-14 10:15:40,571 INFO spoon.Launcher - running Spoon...
2020-03-14 10:15:40,571 INFO spoon.Launcher - start processing...
2020-03-14 10:15:40,609 INFO spoon.Launcher - end of processing: 
2020-03-14 10:15:40,609 INFO spoon.Launcher - no errors, no warnings
2020-03-14 10:15:40,649 INFO spoon.Launcher - Spoon version 5.9.0-SNAPSHOT
2020-03-14 10:15:40,649 INFO spoon.Launcher - running Spoon...
2020-03-14 10:15:40,649 INFO spoon.Launcher - start processing...
2020-03-14 10:15:40,686 INFO spoon.Launcher - end of processing: 
2020-03-14 10:15:40,686 INFO spoon.Launcher - no errors, no warnings
2020-03-14 10:15:40,785 INFO spoon.Launcher - Spoon version 5.9.0-SNAPSHOT
2020-03-14 10:15:40,785 INFO spoon.Launcher - running Spoon...
2020-03-14 10:15:40,785 INFO spoon.Launcher - start processing...
2020-03-14 10:15:40,822 INFO spoon.Launcher - end of processing: 
2020-03-14 10:15:40,823 INFO spoon.Launcher - no errors, no warnings
2020-03-14 10:15:40,845 INFO spoon.Launcher - Spoon version 5.9.0-SNAPSHOT
2020-03-14 10:15:40,846 INFO spoon.Launcher - running Spoon...
2020-03-14 10:15:40,846 INFO spoon.Launcher - start processing...
2020-03-14 10:15:40,883 INFO spoon.Launcher - end of processing: 
2020-03-14 10:15:40,883 INFO spoon.Launcher - no errors, no warnings
2020-03-14 10:15:40,967 INFO spoon.Launcher - Spoon version 5.9.0-SNAPSHOT
2020-03-14 10:15:40,967 INFO spoon.Launcher - running Spoon...
2020-03-14 10:15:40,967 INFO spoon.Launcher - start processing...
2020-03-14 10:15:41,007 INFO spoon.Launcher - end of processing: 
2020-03-14 10:15:41,007 INFO spoon.Launcher - no errors, no warnings
2020-03-14 10:15:41,032 INFO spoon.Launcher - Spoon version 5.9.0-SNAPSHOT
2020-03-14 10:15:41,032 INFO spoon.Launcher - running Spoon...
2020-03-14 10:15:41,032 INFO spoon.Launcher - start processing...
2020-03-14 10:15:41,084 INFO spoon.Launcher - end of processing: 
2020-03-14 10:15:41,085 INFO spoon.Launcher - no errors, no warnings
2020-03-14 10:15:41,117 INFO spoon.Launcher - Spoon version 5.9.0-SNAPSHOT
2020-03-14 10:15:41,117 INFO spoon.Launcher - running Spoon...
2020-03-14 10:15:41,117 INFO spoon.Launcher - start processing...
2020-03-14 10:15:41,155 INFO spoon.Launcher - end of processing: 
2020-03-14 10:15:41,155 INFO spoon.Launcher - no errors, no warnings
Tests run: 7, Failures: 0, Errors: 0, Skipped: 0, Time elapsed: 0.745 sec - in spoon.test.query_function.VariableReferencesTest
Running spoon.test.delete.DeleteTest
Tests run: 14, Failures: 0, Errors: 0, Skipped: 0, Time elapsed: 0.444 sec - in spoon.test.delete.DeleteTest
Running spoon.test.ctCase.SwitchCaseTest
Tests run: 2, Failures: 0, Errors: 0, Skipped: 0, Time elapsed: 0.06 sec - in spoon.test.ctCase.SwitchCaseTest
Running spoon.test.eval.EvalTest
Tests run: 4, Failures: 0, Errors: 0, Skipped: 0, Time elapsed: 0.229 sec - in spoon.test.eval.EvalTest
Running spoon.test.support.ResourceTest
Tests run: 4, Failures: 0, Errors: 0, Skipped: 0, Time elapsed: 0.13 sec - in spoon.test.support.ResourceTest
Running spoon.test.literal.LiteralTest
Tests run: 5, Failures: 0, Errors: 0, Skipped: 0, Time elapsed: 0.422 sec - in spoon.test.literal.LiteralTest
Running spoon.test.reflect.visitor.ReferenceQueryTest
Tests run: 1, Failures: 0, Errors: 0, Skipped: 0, Time elapsed: 0.031 sec - in spoon.test.reflect.visitor.ReferenceQueryTest
Running spoon.test.ctBlock.TestCtBlock
Tests run: 3, Failures: 0, Errors: 0, Skipped: 0, Time elapsed: 0.098 sec - in spoon.test.ctBlock.TestCtBlock
Running spoon.test.main.MainTest
Tests run: 6, Failures: 0, Errors: 0, Skipped: 0, Time elapsed: 34.723 sec - in spoon.test.main.MainTest
Running spoon.test.jar.JarTest
Tests run: 3, Failures: 0, Errors: 0, Skipped: 0, Time elapsed: 0.093 sec - in spoon.test.jar.JarTest
Running spoon.test.comparison.EqualTest
Tests run: 4, Failures: 0, Errors: 0, Skipped: 0, Time elapsed: 0.155 sec - in spoon.test.comparison.EqualTest
Running spoon.test.properties.PropertiesTest
Tests run: 1, Failures: 0, Errors: 0, Skipped: 0, Time elapsed: 0.031 sec - in spoon.test.properties.PropertiesTest
Running spoon.test.logging.LogTest
2020-03-14 10:16:17,751 DEBUG spoon.Launcher - output: spooned
2020-03-14 10:16:17,752 DEBUG spoon.Launcher - destination: /boom/scratch/tmp-rta/Bears_INRIA-spoon_260612138-265581135_java-8/spooned-classes
2020-03-14 10:16:17,752 DEBUG spoon.Launcher - source classpath: null
2020-03-14 10:16:17,752 DEBUG spoon.Launcher - template classpath: []
2020-03-14 10:16:17,752 INFO spoon.Launcher - Log info
2020-03-14 10:16:17,752 WARN spoon.Launcher - Log warn
2020-03-14 10:16:17,752 ERROR spoon.Launcher - Log error
2020-03-14 10:16:17,752 DEBUG spoon.Launcher - Log debug
2020-03-14 10:16:17,752 DEBUG spoon.Launcher - output: spooned
2020-03-14 10:16:17,752 DEBUG spoon.Launcher - destination: /boom/scratch/tmp-rta/Bears_INRIA-spoon_260612138-265581135_java-8/spooned-classes
2020-03-14 10:16:17,753 DEBUG spoon.Launcher - source classpath: null
2020-03-14 10:16:17,753 DEBUG spoon.Launcher - template classpath: []
2020-03-14 10:16:17,753 INFO spoon.Launcher - Log info
2020-03-14 10:16:17,753 WARN spoon.Launcher - Log warn
2020-03-14 10:16:17,753 ERROR spoon.Launcher - Log error
2020-03-14 10:16:17,753 DEBUG spoon.Launcher - Log debug
2020-03-14 10:16:17,753 INFO spoon.Launcher - Log info
2020-03-14 10:16:17,753 WARN spoon.Launcher - Log warn
2020-03-14 10:16:17,753 ERROR spoon.Launcher - Log error
2020-03-14 10:16:17,754 WARN spoon.Launcher - Log warn
2020-03-14 10:16:17,754 ERROR spoon.Launcher - Log error
2020-03-14 10:16:17,754 ERROR spoon.Launcher - Log error
Tests run: 6, Failures: 0, Errors: 0, Skipped: 0, Time elapsed: 0.003 sec - in spoon.test.logging.LogTest
Running spoon.test.ctBodyHolder.CtBodyHolderTest
Tests run: 6, Failures: 0, Errors: 0, Skipped: 0, Time elapsed: 0.224 sec - in spoon.test.ctBodyHolder.CtBodyHolderTest
Running spoon.test.compilation.CompilationTest
>> Hello: Bar <<
>> Hello: FooEx <<
>> Hello: IBar <<
>> Hello: SimpleProcessor <<
Tests run: 11, Failures: 0, Errors: 0, Skipped: 0, Time elapsed: 3.644 sec - in spoon.test.compilation.CompilationTest
Running spoon.test.javadoc.JavaDocTest
Tests run: 2, Failures: 0, Errors: 0, Skipped: 0, Time elapsed: 0.063 sec - in spoon.test.javadoc.JavaDocTest
Running spoon.test.path.PathTest
Tests run: 6, Failures: 0, Errors: 0, Skipped: 0, Time elapsed: 0.186 sec - in spoon.test.path.PathTest
Running spoon.test.initializers.InitializerTest
Tests run: 2, Failures: 0, Errors: 0, Skipped: 0, Time elapsed: 0.061 sec - in spoon.test.initializers.InitializerTest
Running spoon.test.method.MethodTest
Tests run: 4, Failures: 0, Errors: 0, Skipped: 0, Time elapsed: 0.092 sec - in spoon.test.method.MethodTest
Running spoon.test.parameters.ParameterTest
Tests run: 3, Failures: 0, Errors: 0, Skipped: 0, Time elapsed: 0.109 sec - in spoon.test.parameters.ParameterTest
Running spoon.test.serializable.SerializableTest
Tests run: 3, Failures: 0, Errors: 0, Skipped: 0, Time elapsed: 0.125 sec - in spoon.test.serializable.SerializableTest
Running spoon.test.architecture.SpoonArchitectureEnforcerTest
Tests run: 6, Failures: 0, Errors: 0, Skipped: 0, Time elapsed: 8.13 sec - in spoon.test.architecture.SpoonArchitectureEnforcerTest
Running spoon.test.compilationunit.GetBinaryFilesTest
Tests run: 5, Failures: 0, Errors: 0, Skipped: 0, Time elapsed: 0.28 sec - in spoon.test.compilationunit.GetBinaryFilesTest
Running spoon.support.compiler.jdt.JDTBatchCompilerTest
Tests run: 1, Failures: 0, Errors: 0, Skipped: 0, Time elapsed: 0.434 sec - in spoon.support.compiler.jdt.JDTBatchCompilerTest
Running spoon.support.compiler.jdt.JDTBuilderTest
Tests run: 1, Failures: 0, Errors: 0, Skipped: 0, Time elapsed: 0 sec - in spoon.support.compiler.jdt.JDTBuilderTest
Running spoon.support.compiler.jdt.ExtendedStringLiteralTest
Tests run: 1, Failures: 0, Errors: 0, Skipped: 0, Time elapsed: 0.034 sec - in spoon.support.compiler.jdt.ExtendedStringLiteralTest
Running spoon.support.compiler.classpath.ComputeClasspathTest
Tests run: 1, Failures: 0, Errors: 0, Skipped: 0, Time elapsed: 0 sec - in spoon.support.compiler.classpath.ComputeClasspathTest
Running spoon.support.visitor.java.JavaReflectionTreeBuilderTest
Tests run: 9, Failures: 0, Errors: 0, Skipped: 0, Time elapsed: 0.024 sec - in spoon.support.visitor.java.JavaReflectionTreeBuilderTest
Running spoon.testing.AbstractAssertTest
Tests run: 4, Failures: 0, Errors: 0, Skipped: 0, Time elapsed: 0.204 sec - in spoon.testing.AbstractAssertTest
Running spoon.testing.CtElementAssertTest
Tests run: 5, Failures: 0, Errors: 0, Skipped: 0, Time elapsed: 0.152 sec - in spoon.testing.CtElementAssertTest
Running spoon.testing.FileAssertTest
Tests run: 2, Failures: 0, Errors: 0, Skipped: 0, Time elapsed: 0.115 sec - in spoon.testing.FileAssertTest
Running spoon.testing.CtPackageAssertTest
Tests run: 3, Failures: 0, Errors: 0, Skipped: 0, Time elapsed: 0.084 sec - in spoon.testing.CtPackageAssertTest
Running spoon.reflect.visitor.CtInheritanceScannerTest
Tests run: 73, Failures: 0, Errors: 0, Skipped: 0, Time elapsed: 0.435 sec - in spoon.reflect.visitor.CtInheritanceScannerTest
Running spoon.reflect.visitor.CtScannerTest
Tests run: 2, Failures: 0, Errors: 0, Skipped: 0, Time elapsed: 5.348 sec - in spoon.reflect.visitor.CtScannerTest
Running spoon.reflect.visitor.CtVisitorTest
Tests run: 1, Failures: 0, Errors: 0, Skipped: 0, Time elapsed: 0.368 sec - in spoon.reflect.visitor.CtVisitorTest
Running spoon.reflect.visitor.CtInheritanceScannerMethodsTest
Tests run: 1, Failures: 0, Errors: 0, Skipped: 0, Time elapsed: 0.397 sec - in spoon.reflect.visitor.CtInheritanceScannerMethodsTest
Running spoon.reflect.declaration.UnknownDeclarationTest
Tests run: 1, Failures: 0, Errors: 0, Skipped: 0, Time elapsed: 0.031 sec - in spoon.reflect.declaration.UnknownDeclarationTest
Running spoon.reflect.declaration.CtTypeInformationTest
Tests run: 3, Failures: 1, Errors: 0, Skipped: 0, Time elapsed: 0.167 sec <<< FAILURE! - in spoon.reflect.declaration.CtTypeInformationTest
testGetSuperclass(spoon.reflect.declaration.CtTypeInformationTest)  Time elapsed: 0.067 sec  <<< FAILURE!
java.lang.AssertionError: expected:<61> but was:<62>
	at spoon.reflect.declaration.CtTypeInformationTest.testGetSuperclass(CtTypeInformationTest.java:140)

Running spoon.reflect.ast.AstCheckerTest
Tests run: 2, Failures: 0, Errors: 0, Skipped: 0, Time elapsed: 2.645 sec - in spoon.reflect.ast.AstCheckerTest
Running spoon.reflect.ast.CloneTest
Tests run: 2, Failures: 0, Errors: 0, Skipped: 0, Time elapsed: 5.207 sec - in spoon.reflect.ast.CloneTest
Running spoon.processing.ProcessingTest
Tests run: 2, Failures: 0, Errors: 0, Skipped: 0, Time elapsed: 0.044 sec - in spoon.processing.ProcessingTest
Running spoon.processing.CtGenerationTest
Tests run: 3, Failures: 0, Errors: 0, Skipped: 0, Time elapsed: 20.236 sec - in spoon.processing.CtGenerationTest
Running spoon.LauncherTest
Tests run: 3, Failures: 0, Errors: 0, Skipped: 0, Time elapsed: 0.087 sec - in spoon.LauncherTest

Results :

Failed tests: 
  CtTypeInformationTest.testGetSuperclass:140 expected:<61> but was:<62>
Tests in error: 
  DefaultPrettyPrinterTest.testIssue1501:305 » Spoon spoon.SpoonException: Print...

Tests run: 1152, Failures: 1, Errors: 1, Skipped: 2

[INFO] ------------------------------------------------------------------------
[INFO] BUILD FAILURE
[INFO] ------------------------------------------------------------------------
[INFO] Total time: 03:15 min
[INFO] Finished at: 2020-03-14T10:17:07-07:00
[INFO] Final Memory: 34M/1263M
[INFO] ------------------------------------------------------------------------
[ERROR] Failed to execute goal org.apache.maven.plugins:maven-surefire-plugin:2.19.1:test (default-test) on project spoon-core: There are test failures.
[ERROR] 
[ERROR] Please refer to /boom/scratch/tmp-rta/Bears_INRIA-spoon_260612138-265581135_java-8/target/surefire-reports for the individual test results.
[ERROR] -> [Help 1]
[ERROR] 
[ERROR] To see the full stack trace of the errors, re-run Maven with the -e switch.
[ERROR] Re-run Maven using the -X switch to enable full debug logging.
[ERROR] 
[ERROR] For more information about the errors and possible solutions, please read the following articles:
[ERROR] [Help 1] http://cwiki.apache.org/confluence/display/MAVEN/MojoFailureException
