Picked up JAVA_TOOL_OPTIONS: -XX:CICompilerCount=2 -XX:ParallelGCThreads=2 -XX:ConcGCThreads=2 -Djdk.net.URLClassPath.disableClassPathURLCheck=true 
Java HotSpot(TM) 64-Bit Server VM warning: ignoring option MaxPermSize=512m; support was removed in 8.0
Picked up _JAVA_OPTIONS: -Djdk.net.URLClassPath.disableClassPathURLCheck=true
Apache Maven 3.5.0 (Red Hat 3.5.0-4.3)
Maven home: /opt/rh/rh-maven35/root/usr/share/maven
Java version: 1.8.0_181, vendor: Oracle Corporation
Java home: /boom/scratch/jmcampos/RTA/repair_them_all_framework/jdks/jdk1.8.0_181/jre
Default locale: en_US, platform encoding: UTF-8
OS name: "linux", version: "4.14.147-1.el7.retpoline.x86_64", arch: "amd64", family: "unix"
[INFO] Scanning for projects...
[INFO] 
[INFO] ------------------------------------------------------------------------
[INFO] Building seeds-core 0.0.1-SNAPSHOT
[INFO] ------------------------------------------------------------------------
[INFO] 
[INFO] --- maven-enforcer-plugin:1.4.1:enforce (enforce-maven) @ seeds-core ---
[INFO] Skipping Rule Enforcement.
[INFO] 
[INFO] --- buildnumber-maven-plugin:1.4:create (jcabi-build-number) @ seeds-core ---
[INFO] ShortRevision tag detected. The value is '7'.
[INFO] Executing: /bin/sh -c cd '/boom/scratch/tmp-rta/Bears_smallcreep-cucumber-seeds_442531821-442559338_java-8/seeds-core' && 'git' 'rev-parse' '--verify' '--short=7' 'HEAD'
[INFO] Working directory: /boom/scratch/tmp-rta/Bears_smallcreep-cucumber-seeds_442531821-442559338_java-8/seeds-core
[INFO] Storing buildNumber: bdf24fe at timestamp: 2020-03-13T19:15:25
[INFO] Storing buildScmBranch: master
[INFO] 
[INFO] --- buildnumber-maven-plugin:1.4:create-timestamp (jcabi-build-number) @ seeds-core ---
[INFO] 
[INFO] --- maven-resources-plugin:3.0.1:resources (default-resources) @ seeds-core ---
[INFO] Using 'UTF-8' encoding to copy filtered resources.
[INFO] skip non existing resourceDirectory /boom/scratch/tmp-rta/Bears_smallcreep-cucumber-seeds_442531821-442559338_java-8/seeds-core/src/main/resources
[INFO] 
[INFO] --- maven-compiler-plugin:3.7.0:compile (default-compile) @ seeds-core ---
[INFO] Changes detected - recompiling the module!
[INFO] Compiling 21 source files to /boom/scratch/tmp-rta/Bears_smallcreep-cucumber-seeds_442531821-442559338_java-8/seeds-core/target/classes
[INFO] 
[INFO] --- maven-resources-plugin:3.0.1:testResources (default-testResources) @ seeds-core ---
[INFO] Using 'UTF-8' encoding to copy filtered resources.
[INFO] skip non existing resourceDirectory /boom/scratch/tmp-rta/Bears_smallcreep-cucumber-seeds_442531821-442559338_java-8/seeds-core/src/test/resources
[INFO] 
[INFO] --- maven-compiler-plugin:3.7.0:testCompile (default-testCompile) @ seeds-core ---
[INFO] Nothing to compile - all classes are up to date
[INFO] 
[INFO] --- maven-surefire-plugin:2.19.1:test (default-test) @ seeds-core ---
[INFO] Downloading: https://oss.sonatype.org/content/groups/public/org/apache/maven/surefire/surefire-junit47/2.19.1/surefire-junit47-2.19.1.pom
[INFO] Downloading: https://repo.maven.apache.org/maven2/org/apache/maven/surefire/surefire-junit47/2.19.1/surefire-junit47-2.19.1.pom
[INFO] Downloaded: https://repo.maven.apache.org/maven2/org/apache/maven/surefire/surefire-junit47/2.19.1/surefire-junit47-2.19.1.pom (6.2 kB at 173 kB/s)
[INFO] Downloading: https://oss.sonatype.org/content/groups/public/org/apache/maven/surefire/surefire-providers/2.19.1/surefire-providers-2.19.1.pom
[INFO] Downloading: https://repo.maven.apache.org/maven2/org/apache/maven/surefire/surefire-providers/2.19.1/surefire-providers-2.19.1.pom
[INFO] Downloaded: https://repo.maven.apache.org/maven2/org/apache/maven/surefire/surefire-providers/2.19.1/surefire-providers-2.19.1.pom (2.6 kB at 183 kB/s)
[INFO] Downloading: https://oss.sonatype.org/content/groups/public/org/apache/maven/surefire/common-junit48/2.19.1/common-junit48-2.19.1.pom
[INFO] Downloading: https://repo.maven.apache.org/maven2/org/apache/maven/surefire/common-junit48/2.19.1/common-junit48-2.19.1.pom
[INFO] Downloaded: https://repo.maven.apache.org/maven2/org/apache/maven/surefire/common-junit48/2.19.1/common-junit48-2.19.1.pom (3.1 kB at 257 kB/s)
[INFO] Downloading: https://oss.sonatype.org/content/groups/public/org/apache/maven/surefire/common-junit4/2.19.1/common-junit4-2.19.1.pom
[INFO] Downloading: https://repo.maven.apache.org/maven2/org/apache/maven/surefire/common-junit4/2.19.1/common-junit4-2.19.1.pom
[INFO] Downloaded: https://repo.maven.apache.org/maven2/org/apache/maven/surefire/common-junit4/2.19.1/common-junit4-2.19.1.pom (2.1 kB at 213 kB/s)
[INFO] Downloading: https://oss.sonatype.org/content/groups/public/org/apache/maven/surefire/common-junit3/2.19.1/common-junit3-2.19.1.pom
[INFO] Downloading: https://repo.maven.apache.org/maven2/org/apache/maven/surefire/common-junit3/2.19.1/common-junit3-2.19.1.pom
[INFO] Downloaded: https://repo.maven.apache.org/maven2/org/apache/maven/surefire/common-junit3/2.19.1/common-junit3-2.19.1.pom (1.6 kB at 132 kB/s)
[INFO] Downloading: https://oss.sonatype.org/content/groups/public/org/apache/maven/surefire/common-java5/2.19.1/common-java5-2.19.1.pom
[INFO] Downloading: https://repo.maven.apache.org/maven2/org/apache/maven/surefire/common-java5/2.19.1/common-java5-2.19.1.pom
[INFO] Downloaded: https://repo.maven.apache.org/maven2/org/apache/maven/surefire/common-java5/2.19.1/common-java5-2.19.1.pom (2.7 kB at 243 kB/s)
[INFO] Downloading: https://oss.sonatype.org/content/groups/public/org/apache/maven/shared/maven-shared-utils/0.9/maven-shared-utils-0.9.pom
[INFO] Downloading: https://repo.maven.apache.org/maven2/org/apache/maven/shared/maven-shared-utils/0.9/maven-shared-utils-0.9.pom
[INFO] Downloaded: https://repo.maven.apache.org/maven2/org/apache/maven/shared/maven-shared-utils/0.9/maven-shared-utils-0.9.pom (6.2 kB at 445 kB/s)
[INFO] Downloading: https://oss.sonatype.org/content/groups/public/org/apache/maven/surefire/surefire-grouper/2.19.1/surefire-grouper-2.19.1.pom
[INFO] Downloading: https://repo.maven.apache.org/maven2/org/apache/maven/surefire/surefire-grouper/2.19.1/surefire-grouper-2.19.1.pom
[INFO] Downloaded: https://repo.maven.apache.org/maven2/org/apache/maven/surefire/surefire-grouper/2.19.1/surefire-grouper-2.19.1.pom (2.6 kB at 263 kB/s)
[INFO] Downloading: https://oss.sonatype.org/content/groups/public/org/apache/maven/surefire/common-junit4/2.19.1/common-junit4-2.19.1.jar
[INFO] Downloading: https://oss.sonatype.org/content/groups/public/org/apache/maven/surefire/common-junit48/2.19.1/common-junit48-2.19.1.jar
[INFO] Downloading: https://oss.sonatype.org/content/groups/public/org/apache/maven/surefire/common-junit3/2.19.1/common-junit3-2.19.1.jar
[INFO] Downloading: https://oss.sonatype.org/content/groups/public/org/apache/maven/surefire/common-java5/2.19.1/common-java5-2.19.1.jar
[INFO] Downloading: https://oss.sonatype.org/content/groups/public/org/apache/maven/surefire/surefire-junit47/2.19.1/surefire-junit47-2.19.1.jar
[INFO] Downloading: https://repo.maven.apache.org/maven2/org/apache/maven/surefire/common-junit4/2.19.1/common-junit4-2.19.1.jar
[INFO] Downloading: https://repo.maven.apache.org/maven2/org/apache/maven/surefire/common-java5/2.19.1/common-java5-2.19.1.jar
[INFO] Downloading: https://repo.maven.apache.org/maven2/org/apache/maven/surefire/common-junit48/2.19.1/common-junit48-2.19.1.jar
[INFO] Downloaded: https://repo.maven.apache.org/maven2/org/apache/maven/surefire/common-junit4/2.19.1/common-junit4-2.19.1.jar (26 kB at 1.4 MB/s)
[INFO] Downloaded: https://repo.maven.apache.org/maven2/org/apache/maven/surefire/common-junit48/2.19.1/common-junit48-2.19.1.jar (23 kB at 782 kB/s)
[INFO] Downloaded: https://repo.maven.apache.org/maven2/org/apache/maven/surefire/common-java5/2.19.1/common-java5-2.19.1.jar (44 kB at 1.3 MB/s)
[INFO] Downloading: https://repo.maven.apache.org/maven2/org/apache/maven/surefire/common-junit3/2.19.1/common-junit3-2.19.1.jar
[INFO] Downloaded: https://repo.maven.apache.org/maven2/org/apache/maven/surefire/common-junit3/2.19.1/common-junit3-2.19.1.jar (12 kB at 1.2 MB/s)
[INFO] Downloading: https://oss.sonatype.org/content/groups/public/org/apache/maven/shared/maven-shared-utils/0.9/maven-shared-utils-0.9.jar
[INFO] Downloading: https://oss.sonatype.org/content/groups/public/org/apache/maven/surefire/surefire-grouper/2.19.1/surefire-grouper-2.19.1.jar
[INFO] Downloading: https://repo.maven.apache.org/maven2/org/apache/maven/surefire/surefire-grouper/2.19.1/surefire-grouper-2.19.1.jar
[INFO] Downloaded: https://repo.maven.apache.org/maven2/org/apache/maven/surefire/surefire-grouper/2.19.1/surefire-grouper-2.19.1.jar (38 kB at 2.4 MB/s)
[INFO] Downloading: https://repo.maven.apache.org/maven2/org/apache/maven/surefire/surefire-junit47/2.19.1/surefire-junit47-2.19.1.jar
[INFO] Downloaded: https://repo.maven.apache.org/maven2/org/apache/maven/surefire/surefire-junit47/2.19.1/surefire-junit47-2.19.1.jar (153 kB at 7.3 MB/s)
[INFO] Downloading: https://repo.maven.apache.org/maven2/org/apache/maven/shared/maven-shared-utils/0.9/maven-shared-utils-0.9.jar
[INFO] Downloaded: https://repo.maven.apache.org/maven2/org/apache/maven/shared/maven-shared-utils/0.9/maven-shared-utils-0.9.jar (172 kB at 47 kB/s)

-------------------------------------------------------
 T E S T S
-------------------------------------------------------
Picked up JAVA_TOOL_OPTIONS: -XX:CICompilerCount=2 -XX:ParallelGCThreads=2 -XX:ConcGCThreads=2 -Djdk.net.URLClassPath.disableClassPathURLCheck=true -XX:CICompilerCount=2 -XX:ParallelGCThreads=2 -XX:ConcGCThreads=2 -Djdk.net.URLClassPath.disableClassPathURLCheck=true 
Picked up _JAVA_OPTIONS: -Djdk.net.URLClassPath.disableClassPathURLCheck=true
Running com.github.smallcreep.cucumber.seeds.context.CxSimpleTest
Tests run: 5, Failures: 0, Errors: 0, Skipped: 0, Time elapsed: 0.075 sec - in com.github.smallcreep.cucumber.seeds.context.CxSimpleTest
Running com.github.smallcreep.cucumber.seeds.suit.StSimpleTest
Tests run: 3, Failures: 0, Errors: 0, Skipped: 0, Time elapsed: 0.026 sec - in com.github.smallcreep.cucumber.seeds.suit.StSimpleTest
Running com.github.smallcreep.cucumber.seeds.props.PrMapTest
Tests run: 1, Failures: 0, Errors: 0, Skipped: 0, Time elapsed: 0.073 sec - in com.github.smallcreep.cucumber.seeds.props.PrMapTest
Running com.github.smallcreep.cucumber.seeds.scenario.ScSimpleTest
Tests run: 1, Failures: 0, Errors: 0, Skipped: 0, Time elapsed: 0.007 sec - in com.github.smallcreep.cucumber.seeds.scenario.ScSimpleTest
Running com.github.smallcreep.cucumber.seeds.context.CxJoinedTest
Tests run: 4, Failures: 0, Errors: 0, Skipped: 0, Time elapsed: 0.077 sec - in com.github.smallcreep.cucumber.seeds.context.CxJoinedTest
Running com.github.smallcreep.cucumber.seeds.suit.StDefaultTest
Tests run: 2, Failures: 1, Errors: 0, Skipped: 0, Time elapsed: 0.077 sec <<< FAILURE! - in com.github.smallcreep.cucumber.seeds.suit.StDefaultTest
checkSystemPropertiesOverriddenInContext(com.github.smallcreep.cucumber.seeds.suit.StDefaultTest)  Time elapsed: 0.074 sec  <<< FAILURE!
java.lang.AssertionError: 

Expected: "overridden"
     but: was "test2"
	at org.hamcrest.MatcherAssert.assertThat(MatcherAssert.java:20)
	at org.hamcrest.MatcherAssert.assertThat(MatcherAssert.java:8)
	at com.github.smallcreep.cucumber.seeds.suit.StDefaultTest.checkSystemPropertiesOverriddenInContext(StDefaultTest.java:62)
	at sun.reflect.NativeMethodAccessorImpl.invoke0(Native Method)
	at sun.reflect.NativeMethodAccessorImpl.invoke(NativeMethodAccessorImpl.java:62)
	at sun.reflect.DelegatingMethodAccessorImpl.invoke(DelegatingMethodAccessorImpl.java:43)
	at java.lang.reflect.Method.invoke(Method.java:498)
	at org.junit.runners.model.FrameworkMethod$1.runReflectiveCall(FrameworkMethod.java:50)
	at org.junit.internal.runners.model.ReflectiveCallable.run(ReflectiveCallable.java:12)
	at org.junit.runners.model.FrameworkMethod.invokeExplosively(FrameworkMethod.java:47)
	at org.junit.internal.runners.statements.InvokeMethod.evaluate(InvokeMethod.java:17)
	at org.junit.runners.ParentRunner.runLeaf(ParentRunner.java:325)
	at org.junit.runners.BlockJUnit4ClassRunner.runChild(BlockJUnit4ClassRunner.java:78)
	at org.junit.runners.BlockJUnit4ClassRunner.runChild(BlockJUnit4ClassRunner.java:57)
	at org.junit.runners.ParentRunner$3.run(ParentRunner.java:290)
	at org.apache.maven.surefire.junitcore.pc.Scheduler$1.run(Scheduler.java:393)
	at java.util.concurrent.Executors$RunnableAdapter.call(Executors.java:511)
	at java.util.concurrent.FutureTask.run(FutureTask.java:266)
	at java.util.concurrent.ThreadPoolExecutor.runWorker(ThreadPoolExecutor.java:1149)
	at java.util.concurrent.ThreadPoolExecutor$Worker.run(ThreadPoolExecutor.java:624)
	at java.lang.Thread.run(Thread.java:748)

Running com.github.smallcreep.cucumber.seeds.suit.StEnvelopeTest
Tests run: 3, Failures: 1, Errors: 0, Skipped: 0, Time elapsed: 0.027 sec <<< FAILURE! - in com.github.smallcreep.cucumber.seeds.suit.StEnvelopeTest
checkScenarioTheSameOrigin(com.github.smallcreep.cucumber.seeds.suit.StEnvelopeTest)  Time elapsed: 0.027 sec  <<< FAILURE!
java.lang.AssertionError: 

Expected: <com.github.smallcreep.cucumber.seeds.scenario.ScSimple@27871236>
     but: was null
	at org.hamcrest.MatcherAssert.assertThat(MatcherAssert.java:20)
	at org.hamcrest.MatcherAssert.assertThat(MatcherAssert.java:8)
	at com.github.smallcreep.cucumber.seeds.suit.StEnvelopeTest.checkScenarioTheSameOrigin(StEnvelopeTest.java:57)
	at sun.reflect.NativeMethodAccessorImpl.invoke0(Native Method)
	at sun.reflect.NativeMethodAccessorImpl.invoke(NativeMethodAccessorImpl.java:62)
	at sun.reflect.DelegatingMethodAccessorImpl.invoke(DelegatingMethodAccessorImpl.java:43)
	at java.lang.reflect.Method.invoke(Method.java:498)
	at org.junit.runners.model.FrameworkMethod$1.runReflectiveCall(FrameworkMethod.java:50)
	at org.junit.internal.runners.model.ReflectiveCallable.run(ReflectiveCallable.java:12)
	at org.junit.runners.model.FrameworkMethod.invokeExplosively(FrameworkMethod.java:47)
	at org.junit.internal.runners.statements.InvokeMethod.evaluate(InvokeMethod.java:17)
	at org.junit.runners.ParentRunner.runLeaf(ParentRunner.java:325)
	at org.junit.runners.BlockJUnit4ClassRunner.runChild(BlockJUnit4ClassRunner.java:78)
	at org.junit.runners.BlockJUnit4ClassRunner.runChild(BlockJUnit4ClassRunner.java:57)
	at org.junit.runners.ParentRunner$3.run(ParentRunner.java:290)
	at org.apache.maven.surefire.junitcore.pc.Scheduler$1.run(Scheduler.java:393)
	at java.util.concurrent.Executors$RunnableAdapter.call(Executors.java:511)
	at java.util.concurrent.FutureTask.run(FutureTask.java:266)
	at java.util.concurrent.ThreadPoolExecutor.runWorker(ThreadPoolExecutor.java:1149)
	at java.util.concurrent.ThreadPoolExecutor$Worker.run(ThreadPoolExecutor.java:624)
	at java.lang.Thread.run(Thread.java:748)

Running com.github.smallcreep.cucumber.seeds.suit.StSmartTest
Tests run: 4, Failures: 0, Errors: 0, Skipped: 0, Time elapsed: 0.073 sec - in com.github.smallcreep.cucumber.seeds.suit.StSmartTest
Running com.github.smallcreep.cucumber.seeds.context.CxPropertiesTest
Tests run: 3, Failures: 0, Errors: 0, Skipped: 0, Time elapsed: 0.073 sec - in com.github.smallcreep.cucumber.seeds.context.CxPropertiesTest

Results :

Failed tests: 
  StDefaultTest.checkSystemPropertiesOverriddenInContext:62 
Expected: "overridden"
     but: was "test2"
  StEnvelopeTest.checkScenarioTheSameOrigin:57 
Expected: <com.github.smallcreep.cucumber.seeds.scenario.ScSimple@27871236>
     but: was null

Tests run: 26, Failures: 2, Errors: 0, Skipped: 0

[INFO] ------------------------------------------------------------------------
[INFO] BUILD FAILURE
[INFO] ------------------------------------------------------------------------
[INFO] Total time: 01:51 min
[INFO] Finished at: 2020-03-13T19:17:16-07:00
[INFO] Final Memory: 35M/1237M
[INFO] ------------------------------------------------------------------------
[ERROR] Failed to execute goal org.apache.maven.plugins:maven-surefire-plugin:2.19.1:test (default-test) on project seeds-core: There are test failures.
[ERROR] 
[ERROR] Please refer to /boom/scratch/tmp-rta/Bears_smallcreep-cucumber-seeds_442531821-442559338_java-8/seeds-core/target/surefire-reports for the individual test results.
[ERROR] -> [Help 1]
[ERROR] 
[ERROR] To see the full stack trace of the errors, re-run Maven with the -e switch.
[ERROR] Re-run Maven using the -X switch to enable full debug logging.
[ERROR] 
[ERROR] For more information about the errors and possible solutions, please read the following articles:
[ERROR] [Help 1] http://cwiki.apache.org/confluence/display/MAVEN/MojoFailureException
