Picked up JAVA_TOOL_OPTIONS: -XX:CICompilerCount=2 -XX:ParallelGCThreads=2 -XX:ConcGCThreads=2 -Djdk.net.URLClassPath.disableClassPathURLCheck=true 
Java HotSpot(TM) 64-Bit Server VM warning: ignoring option MaxPermSize=512m; support was removed in 8.0
Picked up _JAVA_OPTIONS: -Djdk.net.URLClassPath.disableClassPathURLCheck=true
Apache Maven 3.5.0 (Red Hat 3.5.0-4.3)
Maven home: /opt/rh/rh-maven35/root/usr/share/maven
Java version: 1.8.0_181, vendor: Oracle Corporation
Java home: /scratch/jmcampos/RTA/repair_them_all_framework/jdks/jdk1.8.0_181/jre
Default locale: en_US, platform encoding: UTF-8
OS name: "linux", version: "4.14.158-1.el7.retpoline.x86_64", arch: "amd64", family: "unix"
[INFO] Scanning for projects...
[INFO] 
[INFO] ------------------------------------------------------------------------
[INFO] Building Cassandra Reaper server 1.2.0-SNAPSHOT
[INFO] ------------------------------------------------------------------------
[INFO] 
[INFO] --- buildnumber-maven-plugin:1.4:create (default) @ cassandra-reaper ---
[INFO] ShortRevision tag detected. The value is '7'.
[INFO] Executing: /bin/sh -c cd '/scratch/tmp-rta/Bears_thelastpickle-cassandra-reaper_365484062-365554427_java-8/src/server' && 'git' 'rev-parse' '--verify' '--short=7' 'HEAD'
[INFO] Working directory: /scratch/tmp-rta/Bears_thelastpickle-cassandra-reaper_365484062-365554427_java-8/src/server
[INFO] Storing buildNumber: 33a1a56 at timestamp: 1584131979337
[INFO] Storing buildScmBranch: master
[INFO] 
[INFO] --- maven-checkstyle-plugin:2.17:check (validate) @ cassandra-reaper ---
[INFO] 
[INFO] --- maven-resources-plugin:2.6:resources (default-resources) @ cassandra-reaper ---
[INFO] Using 'UTF-8' encoding to copy filtered resources.
[INFO] Copying 48 resources
[INFO] 
[INFO] --- maven-compiler-plugin:3.7.0:compile (default-compile) @ cassandra-reaper ---
[INFO] Nothing to compile - all classes are up to date
[INFO] 
[INFO] --- animal-sniffer-maven-plugin:1.16:check (default) @ cassandra-reaper ---
[INFO] Checking unresolved references to org.codehaus.mojo.signature:java18:1.0
[INFO] 
[INFO] --- maven-resources-plugin:2.6:testResources (default-testResources) @ cassandra-reaper ---
[INFO] Using 'UTF-8' encoding to copy filtered resources.
[INFO] Copying 13 resources
[INFO] 
[INFO] --- maven-compiler-plugin:3.7.0:testCompile (default-testCompile) @ cassandra-reaper ---
[INFO] Nothing to compile - all classes are up to date
[INFO] 
[INFO] --- maven-surefire-plugin:2.19:test (default-test) @ cassandra-reaper ---
[INFO] Downloading: https://repo.maven.apache.org/maven2/org/apache/maven/surefire/surefire-junit4/2.19/surefire-junit4-2.19.pom
[INFO] Downloaded: https://repo.maven.apache.org/maven2/org/apache/maven/surefire/surefire-junit4/2.19/surefire-junit4-2.19.pom (3.3 kB at 616 B/s)
[INFO] Downloading: https://repo.maven.apache.org/maven2/org/apache/maven/surefire/surefire-providers/2.19/surefire-providers-2.19.pom
[INFO] Downloaded: https://repo.maven.apache.org/maven2/org/apache/maven/surefire/surefire-providers/2.19/surefire-providers-2.19.pom (2.6 kB at 1.4 kB/s)
[INFO] Downloading: https://repo.maven.apache.org/maven2/org/apache/maven/surefire/surefire-junit4/2.19/surefire-junit4-2.19.jar
[INFO] Downloaded: https://repo.maven.apache.org/maven2/org/apache/maven/surefire/surefire-junit4/2.19/surefire-junit4-2.19.jar (76 kB at 2.0 MB/s)

-------------------------------------------------------
 T E S T S
-------------------------------------------------------
Picked up JAVA_TOOL_OPTIONS: -XX:CICompilerCount=2 -XX:ParallelGCThreads=2 -XX:ConcGCThreads=2 -Djdk.net.URLClassPath.disableClassPathURLCheck=true -XX:CICompilerCount=2 -XX:ParallelGCThreads=2 -XX:ConcGCThreads=2 -Djdk.net.URLClassPath.disableClassPathURLCheck=true 
Picked up _JAVA_OPTIONS: -Djdk.net.URLClassPath.disableClassPathURLCheck=true
Running io.cassandrareaper.ReaperApplicationConfigurationTest
Tests run: 1, Failures: 0, Errors: 0, Skipped: 0, Time elapsed: 3.388 sec - in io.cassandrareaper.ReaperApplicationConfigurationTest
Running io.cassandrareaper.jmx.JmxProxyTest
Tests run: 1, Failures: 0, Errors: 0, Skipped: 0, Time elapsed: 0 sec - in io.cassandrareaper.jmx.JmxProxyTest
Running io.cassandrareaper.jmx.JmxConnectionsInitializerTest
Tests run: 4, Failures: 0, Errors: 0, Skipped: 0, Time elapsed: 5.273 sec - in io.cassandrareaper.jmx.JmxConnectionsInitializerTest
Running io.cassandrareaper.jmx.JmxAddressesTest
Tests run: 2, Failures: 0, Errors: 0, Skipped: 0, Time elapsed: 0.001 sec - in io.cassandrareaper.jmx.JmxAddressesTest
Running io.cassandrareaper.service.SegmentRunnerTest
Tests run: 12, Failures: 0, Errors: 0, Skipped: 0, Time elapsed: 10.861 sec - in io.cassandrareaper.service.SegmentRunnerTest
Running io.cassandrareaper.service.SnapshotManagerTest
Tests run: 6, Failures: 0, Errors: 0, Skipped: 0, Time elapsed: 0 sec - in io.cassandrareaper.service.SnapshotManagerTest
Running io.cassandrareaper.service.SegmentGeneratorTest
Tests run: 8, Failures: 0, Errors: 0, Skipped: 0, Time elapsed: 0.001 sec - in io.cassandrareaper.service.SegmentGeneratorTest
Running io.cassandrareaper.service.ClusterRepairSchedulerTest
Tests run: 6, Failures: 0, Errors: 0, Skipped: 0, Time elapsed: 0 sec - in io.cassandrareaper.service.ClusterRepairSchedulerTest
Running io.cassandrareaper.service.RepairRunServiceTest
Tests run: 6, Failures: 0, Errors: 0, Skipped: 0, Time elapsed: 0 sec - in io.cassandrareaper.service.RepairRunServiceTest
Running io.cassandrareaper.service.AutoSchedulingManagerTest
Tests run: 2, Failures: 0, Errors: 0, Skipped: 0, Time elapsed: 0.001 sec - in io.cassandrareaper.service.AutoSchedulingManagerTest
Running io.cassandrareaper.service.RepairManagerTest
Tests run: 5, Failures: 0, Errors: 0, Skipped: 0, Time elapsed: 0.001 sec - in io.cassandrareaper.service.RepairManagerTest
Running io.cassandrareaper.service.HeartTest
Tests run: 10, Failures: 0, Errors: 0, Skipped: 0, Time elapsed: 8.812 sec - in io.cassandrareaper.service.HeartTest
Running io.cassandrareaper.service.RingRangeTest
Tests run: 4, Failures: 0, Errors: 0, Skipped: 0, Time elapsed: 0.001 sec - in io.cassandrareaper.service.RingRangeTest
Running io.cassandrareaper.service.RepairRunnerTest
Tests run: 6, Failures: 0, Errors: 0, Skipped: 0, Time elapsed: 4.092 sec - in io.cassandrareaper.service.RepairRunnerTest
Running io.cassandrareaper.resources.view.RepairScheduleStatusTest
Tests run: 1, Failures: 0, Errors: 0, Skipped: 0, Time elapsed: 0.307 sec - in io.cassandrareaper.resources.view.RepairScheduleStatusTest
Running io.cassandrareaper.resources.view.RepairRunStatusTest
Tests run: 6, Failures: 2, Errors: 0, Skipped: 0, Time elapsed: 0.017 sec <<< FAILURE! - in io.cassandrareaper.resources.view.RepairRunStatusTest
testRunningRepairDuration(io.cassandrareaper.resources.view.RepairRunStatusTest)  Time elapsed: 0.006 sec  <<< FAILURE!
java.lang.AssertionError: expected:<1 minute 0 seconds> but was:<null>
	at io.cassandrareaper.resources.view.RepairRunStatusTest.testRunningRepairDuration(RepairRunStatusTest.java:79)

testAbortedRepairDuration(io.cassandrareaper.resources.view.RepairRunStatusTest)  Time elapsed: 0.001 sec  <<< FAILURE!
java.lang.AssertionError: expected:<30 seconds> but was:<null>
	at io.cassandrareaper.resources.view.RepairRunStatusTest.testAbortedRepairDuration(RepairRunStatusTest.java:163)

Running io.cassandrareaper.resources.view.NodesStatusTest
Tests run: 12, Failures: 0, Errors: 0, Skipped: 0, Time elapsed: 0.016 sec - in io.cassandrareaper.resources.view.NodesStatusTest
Running io.cassandrareaper.resources.ClusterResourceTest
Tests run: 9, Failures: 0, Errors: 0, Skipped: 0, Time elapsed: 0.409 sec - in io.cassandrareaper.resources.ClusterResourceTest
Running io.cassandrareaper.resources.RepairRunResourceTest
Tests run: 11, Failures: 0, Errors: 0, Skipped: 0, Time elapsed: 2.292 sec - in io.cassandrareaper.resources.RepairRunResourceTest
Running io.cassandrareaper.core.ClusterTest
Tests run: 1, Failures: 0, Errors: 0, Skipped: 0, Time elapsed: 0 sec - in io.cassandrareaper.core.ClusterTest
Running io.cassandrareaper.AssertionTest
Tests run: 1, Failures: 0, Errors: 0, Skipped: 0, Time elapsed: 0 sec - in io.cassandrareaper.AssertionTest

Results :

Failed tests: 
  RepairRunStatusTest.testAbortedRepairDuration:163 expected:<30 seconds> but was:<null>
  RepairRunStatusTest.testRunningRepairDuration:79 expected:<1 minute 0 seconds> but was:<null>

Tests run: 114, Failures: 2, Errors: 0, Skipped: 0

[INFO] ------------------------------------------------------------------------
[INFO] BUILD FAILURE
[INFO] ------------------------------------------------------------------------
[INFO] Total time: 56.599 s
[INFO] Finished at: 2020-03-13T13:40:34-07:00
[INFO] Final Memory: 48M/1749M
[INFO] ------------------------------------------------------------------------
[ERROR] Failed to execute goal org.apache.maven.plugins:maven-surefire-plugin:2.19:test (default-test) on project cassandra-reaper: There are test failures.
[ERROR] 
[ERROR] Please refer to /scratch/tmp-rta/Bears_thelastpickle-cassandra-reaper_365484062-365554427_java-8/src/server/target/surefire-reports for the individual test results.
[ERROR] -> [Help 1]
[ERROR] 
[ERROR] To see the full stack trace of the errors, re-run Maven with the -e switch.
[ERROR] Re-run Maven using the -X switch to enable full debug logging.
[ERROR] 
[ERROR] For more information about the errors and possible solutions, please read the following articles:
[ERROR] [Help 1] http://cwiki.apache.org/confluence/display/MAVEN/MojoFailureException
