Picked up JAVA_TOOL_OPTIONS: -XX:CICompilerCount=2 -XX:ParallelGCThreads=2 -XX:ConcGCThreads=2 -Djdk.net.URLClassPath.disableClassPathURLCheck=true 
Java HotSpot(TM) 64-Bit Server VM warning: ignoring option MaxPermSize=512m; support was removed in 8.0
Picked up _JAVA_OPTIONS: -Djdk.net.URLClassPath.disableClassPathURLCheck=true
Apache Maven 3.5.0 (Red Hat 3.5.0-4.3)
Maven home: /opt/rh/rh-maven35/root/usr/share/maven
Java version: 1.8.0_181, vendor: Oracle Corporation
Java home: /bam/scratch/jmcampos/RTA/repair_them_all_framework/jdks/jdk1.8.0_181/jre
Default locale: en_US, platform encoding: UTF-8
OS name: "linux", version: "4.14.147-1.el7.retpoline.x86_64", arch: "amd64", family: "unix"
[INFO] Scanning for projects...
[INFO] 
[INFO] ------------------------------------------------------------------------
[INFO] Building Core 1.5.0-SNAPSHOT
[INFO] ------------------------------------------------------------------------
[INFO] Downloading: http://repository.apache.org/snapshots/org/apache/accumulo/accumulo-start/1.5.0-SNAPSHOT/maven-metadata.xml
[INFO] Downloading: http://repository.apache.org/snapshots/org/apache/accumulo/accumulo/1.5.0-SNAPSHOT/maven-metadata.xml
[INFO] Downloading: http://repository.apache.org/snapshots/org/apache/accumulo/accumulo-fate/1.5.0-SNAPSHOT/maven-metadata.xml
[INFO] Downloading: http://repository.apache.org/snapshots/org/apache/accumulo/accumulo-trace/1.5.0-SNAPSHOT/maven-metadata.xml
[INFO] Downloading: http://repository.apache.org/snapshots/org/mortbay/jetty/jetty/maven-metadata.xml
[INFO] Downloading: https://repo.maven.apache.org/maven2/org/mortbay/jetty/jetty/maven-metadata.xml
[INFO] Downloaded: https://repo.maven.apache.org/maven2/org/mortbay/jetty/jetty/maven-metadata.xml (688 B at 2.2 kB/s)
[INFO] 
[INFO] --- buildnumber-maven-plugin:1.1:create (default) @ accumulo-core ---
[INFO] Checking for local modifications: skipped.
[INFO] Updating project files from SCM: skipped.
[INFO] Executing: /bin/sh -c cd /bam/scratch/tmp-rta/Bugs.jar_Accumulo_25cf3ccd_java-8/core && svn --non-interactive info
[INFO] Working directory: /bam/scratch/tmp-rta/Bugs.jar_Accumulo_25cf3ccd_java-8/core
[INFO] Storing buildNumber: null at timestamp: 1584246025142
[INFO] Executing: /bin/sh -c cd /bam/scratch/tmp-rta/Bugs.jar_Accumulo_25cf3ccd_java-8/core && svn --non-interactive info
[INFO] Working directory: /bam/scratch/tmp-rta/Bugs.jar_Accumulo_25cf3ccd_java-8/core
[INFO] Storing buildScmBranch: UNKNOWN_BRANCH
[INFO] 
[INFO] --- maven-enforcer-plugin:1.0.1:enforce (enforce-mvn) @ accumulo-core ---
[INFO] Skipping Rule Enforcement.
[INFO] 
[INFO] --- exec-maven-plugin:1.2.1:exec (generate-thrift) @ accumulo-core ---
****************************************************
*** thrift is not available
***   expecting 'thrift -version' to return 0.9
*** generated code will not be updated
****************************************************
[INFO] 
[INFO] --- maven-remote-resources-plugin:1.3:process (default) @ accumulo-core ---
[INFO] 
[INFO] --- maven-resources-plugin:2.5:resources (default-resources) @ accumulo-core ---
[debug] execute contextualize
[INFO] Using 'UTF-8' encoding to copy filtered resources.
[INFO] Copying 1 resource
[INFO] Copying 3 resources
[INFO] 
[INFO] --- maven-dependency-plugin:2.3:copy-dependencies (copy-dependencies) @ accumulo-core ---
[INFO] jcommander-1.30.jar already exists in destination.
[INFO] log4j-1.2.16.jar already exists in destination.
[INFO] commons-collections-3.2.jar already exists in destination.
[INFO] jline-0.9.94.jar already exists in destination.
[INFO] libthrift-0.9.0.jar already exists in destination.
[INFO] commons-logging-1.0.4.jar already exists in destination.
[INFO] commons-lang-2.4.jar already exists in destination.
[INFO] 
[INFO] --- maven-compiler-plugin:2.3.2:compile (default-compile) @ accumulo-core ---
[INFO] Compiling 1 source file to /bam/scratch/tmp-rta/Bugs.jar_Accumulo_25cf3ccd_java-8/core/target/classes
[INFO] 
[INFO] --- maven-resources-plugin:2.5:testResources (default-testResources) @ accumulo-core ---
[debug] execute contextualize
[INFO] Using 'UTF-8' encoding to copy filtered resources.
[INFO] Copying 4 resources
[INFO] Copying 3 resources
[INFO] 
[INFO] --- maven-compiler-plugin:2.3.2:testCompile (default-testCompile) @ accumulo-core ---
[INFO] Nothing to compile - all classes are up to date
[INFO] 
[INFO] --- maven-surefire-plugin:2.12:test (default-test) @ accumulo-core ---
[INFO] Surefire report directory: /bam/scratch/tmp-rta/Bugs.jar_Accumulo_25cf3ccd_java-8/core/target/surefire-reports
[INFO] Downloading: https://repo.maven.apache.org/maven2/org/apache/maven/surefire/surefire-junit4/2.12/surefire-junit4-2.12.pom
[INFO] Downloaded: https://repo.maven.apache.org/maven2/org/apache/maven/surefire/surefire-junit4/2.12/surefire-junit4-2.12.pom (2.4 kB at 150 kB/s)
[INFO] Downloading: https://repo.maven.apache.org/maven2/org/apache/maven/surefire/surefire-providers/2.12/surefire-providers-2.12.pom
[INFO] Downloaded: https://repo.maven.apache.org/maven2/org/apache/maven/surefire/surefire-providers/2.12/surefire-providers-2.12.pom (2.3 kB at 296 B/s)
[INFO] Downloading: https://repo.maven.apache.org/maven2/org/apache/maven/surefire/surefire-junit4/2.12/surefire-junit4-2.12.jar
[INFO] Downloaded: https://repo.maven.apache.org/maven2/org/apache/maven/surefire/surefire-junit4/2.12/surefire-junit4-2.12.jar (34 kB at 458 kB/s)

-------------------------------------------------------
 T E S T S
-------------------------------------------------------
Picked up JAVA_TOOL_OPTIONS: -XX:CICompilerCount=2 -XX:ParallelGCThreads=2 -XX:ConcGCThreads=2 -Djdk.net.URLClassPath.disableClassPathURLCheck=true -XX:CICompilerCount=2 -XX:ParallelGCThreads=2 -XX:ConcGCThreads=2 -Djdk.net.URLClassPath.disableClassPathURLCheck=true 
Picked up _JAVA_OPTIONS: -Djdk.net.URLClassPath.disableClassPathURLCheck=true
Running org.apache.accumulo.core.file.rfile.RFileTest
Tests run: 21, Failures: 0, Errors: 0, Skipped: 0, Time elapsed: 2.635 sec
Running org.apache.accumulo.core.file.rfile.MultiLevelIndexTest
Tests run: 1, Failures: 0, Errors: 0, Skipped: 0, Time elapsed: 0.341 sec
Running org.apache.accumulo.core.file.rfile.RelativeKeyTest
Tests run: 6, Failures: 0, Errors: 0, Skipped: 0, Time elapsed: 0.005 sec
Running org.apache.accumulo.core.file.rfile.BlockIndexTest
Tests run: 2, Failures: 0, Errors: 0, Skipped: 0, Time elapsed: 0.016 sec
Running org.apache.accumulo.core.file.blockfile.cache.TestCachedBlockQueue
Tests run: 2, Failures: 0, Errors: 0, Skipped: 0, Time elapsed: 0.001 sec
Running org.apache.accumulo.core.file.blockfile.cache.TestLruBlockCache
Tests run: 7, Failures: 0, Errors: 0, Skipped: 0, Time elapsed: 1.029 sec
Running org.apache.accumulo.core.client.mapreduce.lib.partition.RangePartitionerTest
Tests run: 2, Failures: 0, Errors: 0, Skipped: 0, Time elapsed: 0.316 sec
Running org.apache.accumulo.core.client.mapreduce.AccumuloRowInputFormatTest
20/03/14 21:20:54 WARN mapred.JobClient: No job jar file set.  User classes may not be found. See JobConf(Class) or JobConf#setJar(String).
20/03/14 21:20:54 INFO mapred.JobClient: Running job: job_local_0001
20/03/14 21:20:54 INFO util.ProcessTree: setsid exited with exit code 0
20/03/14 21:20:54 INFO mapred.Task:  Using ResourceCalculatorPlugin : org.apache.hadoop.util.LinuxResourceCalculatorPlugin@44acd8d8
20/03/14 21:20:54 INFO mapred.Task: Task:attempt_local_0001_m_000000_0 is done. And is in the process of commiting
20/03/14 21:20:55 INFO mapred.JobClient:  map 0% reduce 0%
20/03/14 21:20:57 INFO mapred.LocalJobRunner: 
20/03/14 21:20:57 INFO mapred.Task: Task 'attempt_local_0001_m_000000_0' done.
20/03/14 21:20:57 WARN mapred.FileOutputCommitter: Output path is null in cleanup
20/03/14 21:20:58 INFO mapred.JobClient:  map 100% reduce 0%
20/03/14 21:20:58 INFO mapred.JobClient: Job complete: job_local_0001
20/03/14 21:20:58 INFO mapred.JobClient: Counters: 12
20/03/14 21:20:58 INFO mapred.JobClient:   Map-Reduce Framework
20/03/14 21:20:58 INFO mapred.JobClient:     Spilled Records=0
20/03/14 21:20:58 INFO mapred.JobClient:     Virtual memory (bytes) snapshot=0
20/03/14 21:20:58 INFO mapred.JobClient:     Map input records=3
20/03/14 21:20:58 INFO mapred.JobClient:     SPLIT_RAW_BYTES=93
20/03/14 21:20:58 INFO mapred.JobClient:     Map output records=0
20/03/14 21:20:58 INFO mapred.JobClient:     Physical memory (bytes) snapshot=0
20/03/14 21:20:58 INFO mapred.JobClient:     CPU time spent (ms)=0
20/03/14 21:20:58 INFO mapred.JobClient:     Total committed heap usage (bytes)=2595749888
20/03/14 21:20:58 INFO mapred.JobClient:   File Input Format Counters 
20/03/14 21:20:58 INFO mapred.JobClient:     Bytes Read=0
20/03/14 21:20:58 INFO mapred.JobClient:   FileSystemCounters
20/03/14 21:20:58 INFO mapred.JobClient:     FILE_BYTES_WRITTEN=33452
20/03/14 21:20:58 INFO mapred.JobClient:     FILE_BYTES_READ=149
20/03/14 21:20:58 INFO mapred.JobClient:   File Output Format Counters 
20/03/14 21:20:58 INFO mapred.JobClient:     Bytes Written=0
Tests run: 1, Failures: 0, Errors: 0, Skipped: 0, Time elapsed: 4.166 sec
Running org.apache.accumulo.core.client.mapreduce.AccumuloOutputFormatTest
20/03/14 21:20:58 WARN mapred.JobClient: No job jar file set.  User classes may not be found. See JobConf(Class) or JobConf#setJar(String).
20/03/14 21:20:58 INFO mapred.JobClient: Running job: job_local_0002
20/03/14 21:20:58 INFO mapred.Task:  Using ResourceCalculatorPlugin : org.apache.hadoop.util.LinuxResourceCalculatorPlugin@7a4b40f7
20/03/14 21:20:58 INFO mapred.Task: Task:attempt_local_0002_m_000000_0 is done. And is in the process of commiting
20/03/14 21:20:59 INFO mapred.JobClient:  map 0% reduce 0%
20/03/14 21:21:01 INFO mapred.LocalJobRunner: 
20/03/14 21:21:01 INFO mapred.Task: Task 'attempt_local_0002_m_000000_0' done.
20/03/14 21:21:01 WARN mapred.FileOutputCommitter: Output path is null in cleanup
20/03/14 21:21:02 INFO mapred.JobClient:  map 100% reduce 0%
20/03/14 21:21:02 INFO mapred.JobClient: Job complete: job_local_0002
20/03/14 21:21:02 INFO mapred.JobClient: Counters: 12
20/03/14 21:21:02 INFO mapred.JobClient:   Map-Reduce Framework
20/03/14 21:21:02 INFO mapred.JobClient:     Spilled Records=0
20/03/14 21:21:02 INFO mapred.JobClient:     Virtual memory (bytes) snapshot=0
20/03/14 21:21:02 INFO mapred.JobClient:     Map input records=100
20/03/14 21:21:02 INFO mapred.JobClient:     SPLIT_RAW_BYTES=93
20/03/14 21:21:02 INFO mapred.JobClient:     Map output records=1
20/03/14 21:21:02 INFO mapred.JobClient:     Physical memory (bytes) snapshot=0
20/03/14 21:21:02 INFO mapred.JobClient:     CPU time spent (ms)=0
20/03/14 21:21:02 INFO mapred.JobClient:     Total committed heap usage (bytes)=2595749888
20/03/14 21:21:02 INFO mapred.JobClient:   File Input Format Counters 
20/03/14 21:21:02 INFO mapred.JobClient:     Bytes Read=0
20/03/14 21:21:02 INFO mapred.JobClient:   FileSystemCounters
20/03/14 21:21:02 INFO mapred.JobClient:     FILE_BYTES_WRITTEN=69216
20/03/14 21:21:02 INFO mapred.JobClient:     FILE_BYTES_READ=298
20/03/14 21:21:02 INFO mapred.JobClient:   File Output Format Counters 
20/03/14 21:21:02 INFO mapred.JobClient:     Bytes Written=0
Tests run: 2, Failures: 0, Errors: 0, Skipped: 0, Time elapsed: 4.047 sec
Running org.apache.accumulo.core.client.mapreduce.AccumuloFileOutputFormatTest
20/03/14 21:21:02 WARN mapred.JobClient: No job jar file set.  User classes may not be found. See JobConf(Class) or JobConf#setJar(String).
20/03/14 21:21:02 INFO mapred.JobClient: Running job: job_local_0003
20/03/14 21:21:02 INFO mapred.Task:  Using ResourceCalculatorPlugin : org.apache.hadoop.util.LinuxResourceCalculatorPlugin@b532da0
20/03/14 21:21:02 INFO mapred.Task: Task:attempt_local_0003_m_000000_0 is done. And is in the process of commiting
20/03/14 21:21:03 INFO mapred.JobClient:  map 0% reduce 0%
20/03/14 21:21:05 INFO mapred.LocalJobRunner: 
20/03/14 21:21:05 INFO mapred.Task: Task 'attempt_local_0003_m_000000_0' done.
20/03/14 21:21:06 INFO mapred.JobClient:  map 100% reduce 0%
20/03/14 21:21:06 INFO mapred.JobClient: Job complete: job_local_0003
20/03/14 21:21:06 INFO mapred.JobClient: Counters: 12
20/03/14 21:21:06 INFO mapred.JobClient:   Map-Reduce Framework
20/03/14 21:21:06 INFO mapred.JobClient:     Spilled Records=0
20/03/14 21:21:06 INFO mapred.JobClient:     Virtual memory (bytes) snapshot=0
20/03/14 21:21:06 INFO mapred.JobClient:     Map input records=0
20/03/14 21:21:06 INFO mapred.JobClient:     SPLIT_RAW_BYTES=93
20/03/14 21:21:06 INFO mapred.JobClient:     Map output records=0
20/03/14 21:21:06 INFO mapred.JobClient:     Physical memory (bytes) snapshot=0
20/03/14 21:21:06 INFO mapred.JobClient:     CPU time spent (ms)=0
20/03/14 21:21:06 INFO mapred.JobClient:     Total committed heap usage (bytes)=2595749888
20/03/14 21:21:06 INFO mapred.JobClient:   File Input Format Counters 
20/03/14 21:21:06 INFO mapred.JobClient:     Bytes Read=0
20/03/14 21:21:06 INFO mapred.JobClient:   FileSystemCounters
20/03/14 21:21:06 INFO mapred.JobClient:     FILE_BYTES_WRITTEN=102836
20/03/14 21:21:06 INFO mapred.JobClient:     FILE_BYTES_READ=447
20/03/14 21:21:06 INFO mapred.JobClient:   File Output Format Counters 
20/03/14 21:21:06 INFO mapred.JobClient:     Bytes Written=0
20/03/14 21:21:06 WARN mapred.JobClient: No job jar file set.  User classes may not be found. See JobConf(Class) or JobConf#setJar(String).
20/03/14 21:21:06 INFO mapred.JobClient: Running job: job_local_0004
20/03/14 21:21:06 INFO mapred.Task:  Using ResourceCalculatorPlugin : org.apache.hadoop.util.LinuxResourceCalculatorPlugin@50f0ad6a
20/03/14 21:21:06 INFO mapred.Task: Task:attempt_local_0004_m_000000_0 is done. And is in the process of commiting
20/03/14 21:21:06 INFO mapred.LocalJobRunner: 
20/03/14 21:21:06 INFO mapred.Task: Task attempt_local_0004_m_000000_0 is allowed to commit now
20/03/14 21:21:06 INFO output.FileOutputCommitter: Saved output of task 'attempt_local_0004_m_000000_0' to /tmp/junit786690295386657585/junit1306357341691487171.tmp
20/03/14 21:21:07 INFO mapred.JobClient:  map 0% reduce 0%
20/03/14 21:21:09 INFO mapred.LocalJobRunner: 
20/03/14 21:21:09 INFO mapred.Task: Task 'attempt_local_0004_m_000000_0' done.
20/03/14 21:21:10 INFO mapred.JobClient:  map 100% reduce 0%
20/03/14 21:21:10 INFO mapred.JobClient: Job complete: job_local_0004
20/03/14 21:21:10 INFO mapred.JobClient: Counters: 12
20/03/14 21:21:10 INFO mapred.JobClient:   Map-Reduce Framework
20/03/14 21:21:10 INFO mapred.JobClient:     Spilled Records=0
20/03/14 21:21:10 INFO mapred.JobClient:     Virtual memory (bytes) snapshot=0
20/03/14 21:21:10 INFO mapred.JobClient:     Map input records=1
20/03/14 21:21:10 INFO mapred.JobClient:     SPLIT_RAW_BYTES=93
20/03/14 21:21:10 INFO mapred.JobClient:     Map output records=1
20/03/14 21:21:10 INFO mapred.JobClient:     Physical memory (bytes) snapshot=0
20/03/14 21:21:10 INFO mapred.JobClient:     CPU time spent (ms)=0
20/03/14 21:21:10 INFO mapred.JobClient:     Total committed heap usage (bytes)=2595749888
20/03/14 21:21:10 INFO mapred.JobClient:   File Input Format Counters 
20/03/14 21:21:10 INFO mapred.JobClient:     Bytes Read=0
20/03/14 21:21:10 INFO mapred.JobClient:   FileSystemCounters
20/03/14 21:21:10 INFO mapred.JobClient:     FILE_BYTES_WRITTEN=136657
20/03/14 21:21:10 INFO mapred.JobClient:     FILE_BYTES_READ=596
20/03/14 21:21:10 INFO mapred.JobClient:   File Output Format Counters 
20/03/14 21:21:10 INFO mapred.JobClient:     Bytes Written=191
20/03/14 21:21:10 WARN mapred.JobClient: No job jar file set.  User classes may not be found. See JobConf(Class) or JobConf#setJar(String).
20/03/14 21:21:10 INFO mapred.JobClient: Running job: job_local_0005
20/03/14 21:21:10 INFO mapred.Task:  Using ResourceCalculatorPlugin : org.apache.hadoop.util.LinuxResourceCalculatorPlugin@466f420d
20/03/14 21:21:10 INFO mapred.Task: Task:attempt_local_0005_m_000000_0 is done. And is in the process of commiting
20/03/14 21:21:10 INFO mapred.LocalJobRunner: 
20/03/14 21:21:10 INFO mapred.Task: Task attempt_local_0005_m_000000_0 is allowed to commit now
20/03/14 21:21:10 INFO output.FileOutputCommitter: Saved output of task 'attempt_local_0005_m_000000_0' to /tmp/junit786690295386657585/junit8773974855519648859.tmp
20/03/14 21:21:11 INFO mapred.JobClient:  map 0% reduce 0%
20/03/14 21:21:13 INFO mapred.LocalJobRunner: 
20/03/14 21:21:13 INFO mapred.Task: Task 'attempt_local_0005_m_000000_0' done.
20/03/14 21:21:14 INFO mapred.JobClient:  map 100% reduce 0%
20/03/14 21:21:14 INFO mapred.JobClient: Job complete: job_local_0005
20/03/14 21:21:14 INFO mapred.JobClient: Counters: 12
20/03/14 21:21:14 INFO mapred.JobClient:   Map-Reduce Framework
20/03/14 21:21:14 INFO mapred.JobClient:     Spilled Records=0
20/03/14 21:21:14 INFO mapred.JobClient:     Virtual memory (bytes) snapshot=0
20/03/14 21:21:14 INFO mapred.JobClient:     Map input records=2
20/03/14 21:21:14 INFO mapred.JobClient:     SPLIT_RAW_BYTES=93
20/03/14 21:21:14 INFO mapred.JobClient:     Map output records=2
20/03/14 21:21:14 INFO mapred.JobClient:     Physical memory (bytes) snapshot=0
20/03/14 21:21:14 INFO mapred.JobClient:     CPU time spent (ms)=0
20/03/14 21:21:14 INFO mapred.JobClient:     Total committed heap usage (bytes)=2595749888
20/03/14 21:21:14 INFO mapred.JobClient:   File Input Format Counters 
20/03/14 21:21:14 INFO mapred.JobClient:     Bytes Read=0
20/03/14 21:21:14 INFO mapred.JobClient:   FileSystemCounters
20/03/14 21:21:14 INFO mapred.JobClient:     FILE_BYTES_WRITTEN=170623
20/03/14 21:21:14 INFO mapred.JobClient:     FILE_BYTES_READ=745
20/03/14 21:21:14 INFO mapred.JobClient:   File Output Format Counters 
20/03/14 21:21:14 INFO mapred.JobClient:     Bytes Written=224
Tests run: 4, Failures: 0, Errors: 0, Skipped: 0, Time elapsed: 12.117 sec
Running org.apache.accumulo.core.client.mapreduce.AccumuloInputFormatTest
20/03/14 21:21:14 WARN mapred.JobClient: No job jar file set.  User classes may not be found. See JobConf(Class) or JobConf#setJar(String).
20/03/14 21:21:14 INFO mapred.JobClient: Running job: job_local_0006
20/03/14 21:21:14 INFO mapred.Task:  Using ResourceCalculatorPlugin : org.apache.hadoop.util.LinuxResourceCalculatorPlugin@28a6e67c
20/03/14 21:21:14 INFO mapred.Task: Task:attempt_local_0006_m_000000_0 is done. And is in the process of commiting
20/03/14 21:21:15 INFO mapred.JobClient:  map 0% reduce 0%
20/03/14 21:21:17 INFO mapred.LocalJobRunner: 
20/03/14 21:21:17 INFO mapred.Task: Task 'attempt_local_0006_m_000000_0' done.
20/03/14 21:21:17 WARN mapred.FileOutputCommitter: Output path is null in cleanup
20/03/14 21:21:18 INFO mapred.JobClient:  map 100% reduce 0%
20/03/14 21:21:18 INFO mapred.JobClient: Job complete: job_local_0006
20/03/14 21:21:18 INFO mapred.JobClient: Counters: 12
20/03/14 21:21:18 INFO mapred.JobClient:   Map-Reduce Framework
20/03/14 21:21:18 INFO mapred.JobClient:     Spilled Records=0
20/03/14 21:21:18 INFO mapred.JobClient:     Virtual memory (bytes) snapshot=0
20/03/14 21:21:18 INFO mapred.JobClient:     Map input records=100
20/03/14 21:21:18 INFO mapred.JobClient:     SPLIT_RAW_BYTES=93
20/03/14 21:21:18 INFO mapred.JobClient:     Map output records=0
20/03/14 21:21:18 INFO mapred.JobClient:     Physical memory (bytes) snapshot=0
20/03/14 21:21:18 INFO mapred.JobClient:     CPU time spent (ms)=0
20/03/14 21:21:18 INFO mapred.JobClient:     Total committed heap usage (bytes)=2595749888
20/03/14 21:21:18 INFO mapred.JobClient:   File Input Format Counters 
20/03/14 21:21:18 INFO mapred.JobClient:     Bytes Read=0
20/03/14 21:21:18 INFO mapred.JobClient:   FileSystemCounters
20/03/14 21:21:18 INFO mapred.JobClient:     FILE_BYTES_WRITTEN=204057
20/03/14 21:21:18 INFO mapred.JobClient:     FILE_BYTES_READ=894
20/03/14 21:21:18 INFO mapred.JobClient:   File Output Format Counters 
20/03/14 21:21:18 INFO mapred.JobClient:     Bytes Written=0
Tests run: 9, Failures: 0, Errors: 0, Skipped: 0, Time elapsed: 4.068 sec
Running org.apache.accumulo.core.client.ClientSideIteratorTest
Tests run: 2, Failures: 0, Errors: 0, Skipped: 0, Time elapsed: 0.006 sec
Running org.apache.accumulo.core.client.mock.MockTableOperationsTest
Tests run: 6, Failures: 0, Errors: 0, Skipped: 0, Time elapsed: 0.588 sec
Running org.apache.accumulo.core.client.mock.MockConnectorTest
Tests run: 9, Failures: 0, Errors: 0, Skipped: 0, Time elapsed: 0.017 sec
Running org.apache.accumulo.core.client.mock.TestBatchScanner821
Tests run: 1, Failures: 0, Errors: 0, Skipped: 0, Time elapsed: 0 sec
Running org.apache.accumulo.core.client.RowIteratorTest
Tests run: 2, Failures: 0, Errors: 0, Skipped: 0, Time elapsed: 0 sec
Running org.apache.accumulo.core.client.mapred.AccumuloFileOutputFormatTest
20/03/14 21:21:19 WARN mapred.JobClient: No job jar file set.  User classes may not be found. See JobConf(Class) or JobConf#setJar(String).
20/03/14 21:21:19 INFO mapred.JobClient: Running job: job_local_0007
20/03/14 21:21:19 INFO mapred.Task:  Using ResourceCalculatorPlugin : org.apache.hadoop.util.LinuxResourceCalculatorPlugin@11db0e48
20/03/14 21:21:19 INFO mapred.MapTask: numReduceTasks: 0
20/03/14 21:21:19 INFO mapred.Task: Task:attempt_local_0007_m_000000_0 is done. And is in the process of commiting
20/03/14 21:21:20 INFO mapred.JobClient:  map 0% reduce 0%
20/03/14 21:21:22 INFO mapred.LocalJobRunner: 
20/03/14 21:21:22 INFO mapred.Task: Task 'attempt_local_0007_m_000000_0' done.
20/03/14 21:21:23 INFO mapred.JobClient:  map 100% reduce 0%
20/03/14 21:21:23 INFO mapred.JobClient: Job complete: job_local_0007
20/03/14 21:21:23 INFO mapred.JobClient: Counters: 13
20/03/14 21:21:23 INFO mapred.JobClient:   Map-Reduce Framework
20/03/14 21:21:23 INFO mapred.JobClient:     Spilled Records=0
20/03/14 21:21:23 INFO mapred.JobClient:     Virtual memory (bytes) snapshot=0
20/03/14 21:21:23 INFO mapred.JobClient:     Map input records=0
20/03/14 21:21:23 INFO mapred.JobClient:     SPLIT_RAW_BYTES=90
20/03/14 21:21:23 INFO mapred.JobClient:     Map output records=0
20/03/14 21:21:23 INFO mapred.JobClient:     Physical memory (bytes) snapshot=0
20/03/14 21:21:23 INFO mapred.JobClient:     Map input bytes=0
20/03/14 21:21:23 INFO mapred.JobClient:     CPU time spent (ms)=0
20/03/14 21:21:23 INFO mapred.JobClient:     Total committed heap usage (bytes)=2595749888
20/03/14 21:21:23 INFO mapred.JobClient:   File Input Format Counters 
20/03/14 21:21:23 INFO mapred.JobClient:     Bytes Read=0
20/03/14 21:21:23 INFO mapred.JobClient:   FileSystemCounters
20/03/14 21:21:23 INFO mapred.JobClient:     FILE_BYTES_WRITTEN=238149
20/03/14 21:21:23 INFO mapred.JobClient:     FILE_BYTES_READ=1303
20/03/14 21:21:23 INFO mapred.JobClient:   File Output Format Counters 
20/03/14 21:21:23 INFO mapred.JobClient:     Bytes Written=0
20/03/14 21:21:23 WARN mapred.JobClient: No job jar file set.  User classes may not be found. See JobConf(Class) or JobConf#setJar(String).
20/03/14 21:21:23 INFO mapred.JobClient: Running job: job_local_0008
20/03/14 21:21:23 INFO mapred.Task:  Using ResourceCalculatorPlugin : org.apache.hadoop.util.LinuxResourceCalculatorPlugin@212ade94
20/03/14 21:21:23 INFO mapred.MapTask: numReduceTasks: 0
20/03/14 21:21:23 INFO mapred.Task: Task:attempt_local_0008_m_000000_0 is done. And is in the process of commiting
20/03/14 21:21:23 INFO mapred.LocalJobRunner: 
20/03/14 21:21:23 INFO mapred.Task: Task attempt_local_0008_m_000000_0 is allowed to commit now
20/03/14 21:21:23 INFO mapred.FileOutputCommitter: Saved output of task 'attempt_local_0008_m_000000_0' to file:/tmp/junit2831597622479671647/junit1391344755853512244.tmp
20/03/14 21:21:24 INFO mapred.JobClient:  map 0% reduce 0%
20/03/14 21:21:26 INFO mapred.LocalJobRunner: 
20/03/14 21:21:26 INFO mapred.Task: Task 'attempt_local_0008_m_000000_0' done.
20/03/14 21:21:27 INFO mapred.JobClient:  map 100% reduce 0%
20/03/14 21:21:27 INFO mapred.JobClient: Job complete: job_local_0008
20/03/14 21:21:27 INFO mapred.JobClient: Counters: 13
20/03/14 21:21:27 INFO mapred.JobClient:   Map-Reduce Framework
20/03/14 21:21:27 INFO mapred.JobClient:     Spilled Records=0
20/03/14 21:21:27 INFO mapred.JobClient:     Virtual memory (bytes) snapshot=0
20/03/14 21:21:27 INFO mapred.JobClient:     Map input records=1
20/03/14 21:21:27 INFO mapred.JobClient:     SPLIT_RAW_BYTES=90
20/03/14 21:21:27 INFO mapred.JobClient:     Map output records=1
20/03/14 21:21:27 INFO mapred.JobClient:     Physical memory (bytes) snapshot=0
20/03/14 21:21:27 INFO mapred.JobClient:     Map input bytes=1
20/03/14 21:21:27 INFO mapred.JobClient:     CPU time spent (ms)=0
20/03/14 21:21:27 INFO mapred.JobClient:     Total committed heap usage (bytes)=2595749888
20/03/14 21:21:27 INFO mapred.JobClient:   File Input Format Counters 
20/03/14 21:21:27 INFO mapred.JobClient:     Bytes Read=0
20/03/14 21:21:27 INFO mapred.JobClient:   FileSystemCounters
20/03/14 21:21:27 INFO mapred.JobClient:     FILE_BYTES_WRITTEN=271643
20/03/14 21:21:27 INFO mapred.JobClient:     FILE_BYTES_READ=1449
20/03/14 21:21:27 INFO mapred.JobClient:   File Output Format Counters 
20/03/14 21:21:27 INFO mapred.JobClient:     Bytes Written=191
20/03/14 21:21:27 WARN mapred.JobClient: No job jar file set.  User classes may not be found. See JobConf(Class) or JobConf#setJar(String).
20/03/14 21:21:27 INFO mapred.JobClient: Running job: job_local_0009
20/03/14 21:21:27 INFO mapred.Task:  Using ResourceCalculatorPlugin : org.apache.hadoop.util.LinuxResourceCalculatorPlugin@1221e0c
20/03/14 21:21:27 INFO mapred.MapTask: numReduceTasks: 0
20/03/14 21:21:27 INFO mapred.Task: Task:attempt_local_0009_m_000000_0 is done. And is in the process of commiting
20/03/14 21:21:27 INFO mapred.LocalJobRunner: 
20/03/14 21:21:27 INFO mapred.Task: Task attempt_local_0009_m_000000_0 is allowed to commit now
20/03/14 21:21:27 INFO mapred.FileOutputCommitter: Saved output of task 'attempt_local_0009_m_000000_0' to file:/tmp/junit2831597622479671647/junit1186019173307304087.tmp
20/03/14 21:21:28 INFO mapred.JobClient:  map 0% reduce 0%
20/03/14 21:21:30 INFO mapred.LocalJobRunner: 
20/03/14 21:21:30 INFO mapred.Task: Task 'attempt_local_0009_m_000000_0' done.
20/03/14 21:21:31 INFO mapred.JobClient:  map 100% reduce 0%
20/03/14 21:21:31 INFO mapred.JobClient: Job complete: job_local_0009
20/03/14 21:21:31 INFO mapred.JobClient: Counters: 13
20/03/14 21:21:31 INFO mapred.JobClient:   Map-Reduce Framework
20/03/14 21:21:31 INFO mapred.JobClient:     Spilled Records=0
20/03/14 21:21:31 INFO mapred.JobClient:     Virtual memory (bytes) snapshot=0
20/03/14 21:21:31 INFO mapred.JobClient:     Map input records=2
20/03/14 21:21:31 INFO mapred.JobClient:     SPLIT_RAW_BYTES=90
20/03/14 21:21:31 INFO mapred.JobClient:     Map output records=2
20/03/14 21:21:31 INFO mapred.JobClient:     Physical memory (bytes) snapshot=0
20/03/14 21:21:31 INFO mapred.JobClient:     Map input bytes=2
20/03/14 21:21:31 INFO mapred.JobClient:     CPU time spent (ms)=0
20/03/14 21:21:31 INFO mapred.JobClient:     Total committed heap usage (bytes)=2595749888
20/03/14 21:21:31 INFO mapred.JobClient:   File Input Format Counters 
20/03/14 21:21:31 INFO mapred.JobClient:     Bytes Read=0
20/03/14 21:21:31 INFO mapred.JobClient:   FileSystemCounters
20/03/14 21:21:31 INFO mapred.JobClient:     FILE_BYTES_WRITTEN=305260
20/03/14 21:21:31 INFO mapred.JobClient:     FILE_BYTES_READ=1595
20/03/14 21:21:31 INFO mapred.JobClient:   File Output Format Counters 
20/03/14 21:21:31 INFO mapred.JobClient:     Bytes Written=224
Tests run: 4, Failures: 0, Errors: 0, Skipped: 0, Time elapsed: 11.653 sec
Running org.apache.accumulo.core.client.mapred.AccumuloRowInputFormatTest
20/03/14 21:21:31 WARN mapred.JobClient: No job jar file set.  User classes may not be found. See JobConf(Class) or JobConf#setJar(String).
20/03/14 21:21:31 INFO mapred.JobClient: Running job: job_local_0010
20/03/14 21:21:31 INFO mapred.Task:  Using ResourceCalculatorPlugin : org.apache.hadoop.util.LinuxResourceCalculatorPlugin@7bab450b
20/03/14 21:21:31 INFO mapred.MapTask: numReduceTasks: 0
20/03/14 21:21:31 INFO mapred.Task: Task:attempt_local_0010_m_000000_0 is done. And is in the process of commiting
20/03/14 21:21:32 INFO mapred.JobClient:  map 0% reduce 0%
20/03/14 21:21:34 INFO mapred.LocalJobRunner: 
20/03/14 21:21:34 INFO mapred.Task: Task 'attempt_local_0010_m_000000_0' done.
20/03/14 21:21:34 WARN mapred.FileOutputCommitter: Output path is null in cleanup
20/03/14 21:21:35 INFO mapred.JobClient:  map 100% reduce 0%
20/03/14 21:21:35 INFO mapred.JobClient: Job complete: job_local_0010
20/03/14 21:21:35 INFO mapred.JobClient: Counters: 13
20/03/14 21:21:35 INFO mapred.JobClient:   Map-Reduce Framework
20/03/14 21:21:35 INFO mapred.JobClient:     Spilled Records=0
20/03/14 21:21:35 INFO mapred.JobClient:     Virtual memory (bytes) snapshot=0
20/03/14 21:21:35 INFO mapred.JobClient:     Map input records=3
20/03/14 21:21:35 INFO mapred.JobClient:     SPLIT_RAW_BYTES=90
20/03/14 21:21:35 INFO mapred.JobClient:     Map output records=0
20/03/14 21:21:35 INFO mapred.JobClient:     Physical memory (bytes) snapshot=0
20/03/14 21:21:35 INFO mapred.JobClient:     Map input bytes=4
20/03/14 21:21:35 INFO mapred.JobClient:     CPU time spent (ms)=0
20/03/14 21:21:35 INFO mapred.JobClient:     Total committed heap usage (bytes)=2595749888
20/03/14 21:21:35 INFO mapred.JobClient:   File Input Format Counters 
20/03/14 21:21:35 INFO mapred.JobClient:     Bytes Read=0
20/03/14 21:21:35 INFO mapred.JobClient:   FileSystemCounters
20/03/14 21:21:35 INFO mapred.JobClient:     FILE_BYTES_WRITTEN=338329
20/03/14 21:21:35 INFO mapred.JobClient:     FILE_BYTES_READ=1741
20/03/14 21:21:35 INFO mapred.JobClient:   File Output Format Counters 
20/03/14 21:21:35 INFO mapred.JobClient:     Bytes Written=0
Tests run: 1, Failures: 0, Errors: 0, Skipped: 0, Time elapsed: 4.021 sec
Running org.apache.accumulo.core.client.mapred.AccumuloOutputFormatTest
20/03/14 21:21:35 WARN mapred.JobClient: No job jar file set.  User classes may not be found. See JobConf(Class) or JobConf#setJar(String).
20/03/14 21:21:35 INFO mapred.JobClient: Running job: job_local_0011
20/03/14 21:21:35 INFO mapred.Task:  Using ResourceCalculatorPlugin : org.apache.hadoop.util.LinuxResourceCalculatorPlugin@7554f732
20/03/14 21:21:35 INFO mapred.MapTask: numReduceTasks: 0
20/03/14 21:21:35 INFO mapred.Task: Task:attempt_local_0011_m_000000_0 is done. And is in the process of commiting
20/03/14 21:21:36 INFO mapred.JobClient:  map 0% reduce 0%
20/03/14 21:21:38 INFO mapred.LocalJobRunner: 
20/03/14 21:21:38 INFO mapred.Task: Task 'attempt_local_0011_m_000000_0' done.
20/03/14 21:21:38 WARN mapred.FileOutputCommitter: Output path is null in cleanup
20/03/14 21:21:39 INFO mapred.JobClient:  map 100% reduce 0%
20/03/14 21:21:39 INFO mapred.JobClient: Job complete: job_local_0011
20/03/14 21:21:39 INFO mapred.JobClient: Counters: 13
20/03/14 21:21:39 INFO mapred.JobClient:   Map-Reduce Framework
20/03/14 21:21:39 INFO mapred.JobClient:     Spilled Records=0
20/03/14 21:21:39 INFO mapred.JobClient:     Virtual memory (bytes) snapshot=0
20/03/14 21:21:39 INFO mapred.JobClient:     Map input records=100
20/03/14 21:21:39 INFO mapred.JobClient:     SPLIT_RAW_BYTES=90
20/03/14 21:21:39 INFO mapred.JobClient:     Map output records=1
20/03/14 21:21:39 INFO mapred.JobClient:     Physical memory (bytes) snapshot=0
20/03/14 21:21:39 INFO mapred.JobClient:     Map input bytes=100
20/03/14 21:21:39 INFO mapred.JobClient:     CPU time spent (ms)=0
20/03/14 21:21:39 INFO mapred.JobClient:     Total committed heap usage (bytes)=2595749888
20/03/14 21:21:39 INFO mapred.JobClient:   File Input Format Counters 
20/03/14 21:21:39 INFO mapred.JobClient:     Bytes Read=0
20/03/14 21:21:39 INFO mapred.JobClient:   FileSystemCounters
20/03/14 21:21:39 INFO mapred.JobClient:     FILE_BYTES_WRITTEN=373716
20/03/14 21:21:39 INFO mapred.JobClient:     FILE_BYTES_READ=1887
20/03/14 21:21:39 INFO mapred.JobClient:   File Output Format Counters 
20/03/14 21:21:39 INFO mapred.JobClient:     Bytes Written=0
Tests run: 2, Failures: 0, Errors: 0, Skipped: 0, Time elapsed: 4.04 sec
Running org.apache.accumulo.core.client.mapred.AccumuloInputFormatTest
20/03/14 21:21:39 WARN mapred.JobClient: No job jar file set.  User classes may not be found. See JobConf(Class) or JobConf#setJar(String).
20/03/14 21:21:39 INFO mapred.JobClient: Running job: job_local_0012
20/03/14 21:21:39 INFO mapred.Task:  Using ResourceCalculatorPlugin : org.apache.hadoop.util.LinuxResourceCalculatorPlugin@2a976072
20/03/14 21:21:39 INFO mapred.MapTask: numReduceTasks: 0
20/03/14 21:21:39 INFO mapred.Task: Task:attempt_local_0012_m_000000_0 is done. And is in the process of commiting
20/03/14 21:21:40 INFO mapred.JobClient:  map 0% reduce 0%
20/03/14 21:21:42 INFO mapred.LocalJobRunner: 
20/03/14 21:21:42 INFO mapred.Task: Task 'attempt_local_0012_m_000000_0' done.
20/03/14 21:21:42 WARN mapred.FileOutputCommitter: Output path is null in cleanup
20/03/14 21:21:43 INFO mapred.JobClient:  map 100% reduce 0%
20/03/14 21:21:43 INFO mapred.JobClient: Job complete: job_local_0012
20/03/14 21:21:43 INFO mapred.JobClient: Counters: 13
20/03/14 21:21:43 INFO mapred.JobClient:   Map-Reduce Framework
20/03/14 21:21:43 INFO mapred.JobClient:     Spilled Records=0
20/03/14 21:21:43 INFO mapred.JobClient:     Virtual memory (bytes) snapshot=0
20/03/14 21:21:43 INFO mapred.JobClient:     Map input records=100
20/03/14 21:21:43 INFO mapred.JobClient:     SPLIT_RAW_BYTES=90
20/03/14 21:21:43 INFO mapred.JobClient:     Map output records=0
20/03/14 21:21:43 INFO mapred.JobClient:     Physical memory (bytes) snapshot=0
20/03/14 21:21:43 INFO mapred.JobClient:     Map input bytes=100
20/03/14 21:21:43 INFO mapred.JobClient:     CPU time spent (ms)=0
20/03/14 21:21:43 INFO mapred.JobClient:     Total committed heap usage (bytes)=2595749888
20/03/14 21:21:43 INFO mapred.JobClient:   File Input Format Counters 
20/03/14 21:21:43 INFO mapred.JobClient:     Bytes Read=0
20/03/14 21:21:43 INFO mapred.JobClient:   FileSystemCounters
20/03/14 21:21:43 INFO mapred.JobClient:     FILE_BYTES_WRITTEN=406757
20/03/14 21:21:43 INFO mapred.JobClient:     FILE_BYTES_READ=2033
20/03/14 21:21:43 INFO mapred.JobClient:   File Output Format Counters 
20/03/14 21:21:43 INFO mapred.JobClient:     Bytes Written=0
Tests run: 6, Failures: 0, Errors: 0, Skipped: 0, Time elapsed: 4.045 sec
Running org.apache.accumulo.core.client.TestThrift1474
Tests run: 1, Failures: 0, Errors: 0, Skipped: 0, Time elapsed: 0.001 sec
Running org.apache.accumulo.core.client.impl.TabletLocatorImplTest
Tests run: 17, Failures: 0, Errors: 0, Skipped: 0, Time elapsed: 0 sec
Running org.apache.accumulo.core.client.impl.ScannerOptionsTest
Tests run: 2, Failures: 0, Errors: 0, Skipped: 0, Time elapsed: 0 sec
Running org.apache.accumulo.core.client.BatchWriterConfigTest
Tests run: 10, Failures: 0, Errors: 0, Skipped: 0, Time elapsed: 0.001 sec
Running org.apache.accumulo.core.client.admin.TableOperationsHelperTest
Tests run: 1, Failures: 0, Errors: 0, Skipped: 0, Time elapsed: 0.001 sec
Running org.apache.accumulo.core.client.admin.FindMaxTest
Tests run: 1, Failures: 0, Errors: 0, Skipped: 0, Time elapsed: 0.001 sec
Running org.apache.accumulo.core.iterators.system.VisibilityFilterTest
Tests run: 1, Failures: 0, Errors: 0, Skipped: 0, Time elapsed: 0.001 sec
Running org.apache.accumulo.core.iterators.system.ColumnFamilySkippingIteratorTest
Tests run: 3, Failures: 0, Errors: 0, Skipped: 0, Time elapsed: 0.001 sec
Running org.apache.accumulo.core.iterators.system.SourceSwitchingIteratorTest
Tests run: 5, Failures: 0, Errors: 0, Skipped: 0, Time elapsed: 0 sec
Running org.apache.accumulo.core.iterators.system.ColumnFilterTest
Tests run: 3, Failures: 0, Errors: 0, Skipped: 0, Time elapsed: 0 sec
Running org.apache.accumulo.core.iterators.system.TimeSettingIteratorTest
Tests run: 1, Failures: 0, Errors: 0, Skipped: 0, Time elapsed: 0 sec
Running org.apache.accumulo.core.iterators.system.MultiIteratorTest
Tests run: 7, Failures: 0, Errors: 0, Skipped: 0, Time elapsed: 0 sec
Running org.apache.accumulo.core.iterators.system.DeletingIteratorTest
Tests run: 4, Failures: 0, Errors: 0, Skipped: 0, Time elapsed: 0 sec
Running org.apache.accumulo.core.iterators.user.VersioningIteratorTest
Tests run: 6, Failures: 0, Errors: 0, Skipped: 0, Time elapsed: 0 sec
Running org.apache.accumulo.core.iterators.user.RowFilterTest
Tests run: 1, Failures: 0, Errors: 0, Skipped: 0, Time elapsed: 0.001 sec
Running org.apache.accumulo.core.iterators.user.FilterTest
Tests run: 11, Failures: 0, Errors: 0, Skipped: 0, Time elapsed: 0 sec
Running org.apache.accumulo.core.iterators.user.RegExFilterTest
Tests run: 1, Failures: 0, Errors: 0, Skipped: 0, Time elapsed: 0 sec
Running org.apache.accumulo.core.iterators.user.LargeRowFilterTest
Tests run: 5, Failures: 0, Errors: 0, Skipped: 0, Time elapsed: 0.001 sec
Running org.apache.accumulo.core.iterators.user.GrepIteratorTest
Tests run: 1, Failures: 0, Errors: 0, Skipped: 0, Time elapsed: 0 sec
Running org.apache.accumulo.core.iterators.user.IndexedDocIteratorTest
Tests run: 5, Failures: 0, Errors: 0, Skipped: 0, Time elapsed: 0 sec
Running org.apache.accumulo.core.iterators.user.TransformingIteratorTest
20/03/14 21:21:45 ERROR user.TransformingIteratorTest$IllegalVisKeyTransformingIterator: Parse error after transformation : A&|||
20/03/14 21:21:45 ERROR user.TransformingIteratorTest$IllegalVisKeyTransformingIterator: Parse error after transformation : A&|||
20/03/14 21:21:45 ERROR user.TransformingIteratorTest$IllegalVisCompactionKeyTransformingIterator: Parse error after transformation : A&|||
Tests run: 15, Failures: 0, Errors: 0, Skipped: 0, Time elapsed: 0.001 sec
Running org.apache.accumulo.core.iterators.user.CombinerTest
Tests run: 14, Failures: 0, Errors: 0, Skipped: 0, Time elapsed: 0.001 sec
Running org.apache.accumulo.core.iterators.user.IntersectingIteratorTest
Tests run: 6, Failures: 0, Errors: 0, Skipped: 0, Time elapsed: 0.001 sec
Running org.apache.accumulo.core.iterators.user.RowDeletingIteratorTest
Tests run: 4, Failures: 0, Errors: 0, Skipped: 0, Time elapsed: 0 sec
Running org.apache.accumulo.core.iterators.user.WholeRowIteratorTest
Tests run: 3, Failures: 0, Errors: 0, Skipped: 0, Time elapsed: 0 sec
Running org.apache.accumulo.core.iterators.user.VisibilityFilterTest
20/03/14 21:21:45 ERROR system.VisibilityFilter: Parse Error
org.apache.accumulo.core.util.BadArgumentException: empty term near index 0
&
^
	at org.apache.accumulo.core.security.ColumnVisibility$ColumnVisibilityParser.processTerm(ColumnVisibility.java:240)
	at org.apache.accumulo.core.security.ColumnVisibility$ColumnVisibilityParser.parse_(ColumnVisibility.java:253)
	at org.apache.accumulo.core.security.ColumnVisibility$ColumnVisibilityParser.parse(ColumnVisibility.java:221)
	at org.apache.accumulo.core.security.ColumnVisibility.validate(ColumnVisibility.java:354)
	at org.apache.accumulo.core.security.ColumnVisibility.<init>(ColumnVisibility.java:430)
	at org.apache.accumulo.core.security.ColumnVisibility.<init>(ColumnVisibility.java:388)
	at org.apache.accumulo.core.iterators.system.VisibilityFilter.accept(VisibilityFilter.java:71)
	at org.apache.accumulo.core.iterators.user.VisibilityFilter.accept(VisibilityFilter.java:85)
	at org.apache.accumulo.core.iterators.Filter.findTop(Filter.java:72)
	at org.apache.accumulo.core.iterators.Filter.seek(Filter.java:65)
	at org.apache.accumulo.core.iterators.user.VisibilityFilterTest.verify(VisibilityFilterTest.java:85)
	at org.apache.accumulo.core.iterators.user.VisibilityFilterTest.testFilterUnauthorizedAndBad(VisibilityFilterTest.java:187)
	at sun.reflect.NativeMethodAccessorImpl.invoke0(Native Method)
	at sun.reflect.NativeMethodAccessorImpl.invoke(NativeMethodAccessorImpl.java:62)
	at sun.reflect.DelegatingMethodAccessorImpl.invoke(DelegatingMethodAccessorImpl.java:43)
	at java.lang.reflect.Method.invoke(Method.java:498)
	at org.junit.runners.model.FrameworkMethod$1.runReflectiveCall(FrameworkMethod.java:47)
	at org.junit.internal.runners.model.ReflectiveCallable.run(ReflectiveCallable.java:12)
	at org.junit.runners.model.FrameworkMethod.invokeExplosively(FrameworkMethod.java:44)
	at org.junit.internal.runners.statements.InvokeMethod.evaluate(InvokeMethod.java:17)
	at org.junit.runners.ParentRunner.runLeaf(ParentRunner.java:271)
	at org.junit.runners.BlockJUnit4ClassRunner.runChild(BlockJUnit4ClassRunner.java:70)
	at org.junit.runners.BlockJUnit4ClassRunner.runChild(BlockJUnit4ClassRunner.java:50)
	at org.junit.runners.ParentRunner$3.run(ParentRunner.java:238)
	at org.junit.runners.ParentRunner$1.schedule(ParentRunner.java:63)
	at org.junit.runners.ParentRunner.runChildren(ParentRunner.java:236)
	at org.junit.runners.ParentRunner.access$000(ParentRunner.java:53)
	at org.junit.runners.ParentRunner$2.evaluate(ParentRunner.java:229)
	at org.junit.runners.ParentRunner.run(ParentRunner.java:309)
	at org.apache.maven.surefire.junit4.JUnit4Provider.execute(JUnit4Provider.java:236)
	at org.apache.maven.surefire.junit4.JUnit4Provider.executeTestSet(JUnit4Provider.java:134)
	at org.apache.maven.surefire.junit4.JUnit4Provider.invoke(JUnit4Provider.java:113)
	at sun.reflect.NativeMethodAccessorImpl.invoke0(Native Method)
	at sun.reflect.NativeMethodAccessorImpl.invoke(NativeMethodAccessorImpl.java:62)
	at sun.reflect.DelegatingMethodAccessorImpl.invoke(DelegatingMethodAccessorImpl.java:43)
	at java.lang.reflect.Method.invoke(Method.java:498)
	at org.apache.maven.surefire.util.ReflectionUtils.invokeMethodWithArray(ReflectionUtils.java:189)
	at org.apache.maven.surefire.booter.ProviderFactory$ProviderProxy.invoke(ProviderFactory.java:165)
	at org.apache.maven.surefire.booter.ProviderFactory.invokeProvider(ProviderFactory.java:85)
	at org.apache.maven.surefire.booter.ForkedBooter.runSuitesInProcess(ForkedBooter.java:103)
	at org.apache.maven.surefire.booter.ForkedBooter.main(ForkedBooter.java:74)
Tests run: 9, Failures: 0, Errors: 0, Skipped: 0, Time elapsed: 0 sec
Running org.apache.accumulo.core.iterators.IterUtilTest
Tests run: 5, Failures: 0, Errors: 0, Skipped: 0, Time elapsed: 0.001 sec
Running org.apache.accumulo.core.iterators.FirstEntryInRowTest
Tests run: 2, Failures: 0, Errors: 0, Skipped: 0, Time elapsed: 0 sec
Running org.apache.accumulo.core.iterators.AggregatingIteratorTest
Tests run: 7, Failures: 0, Errors: 0, Skipped: 0, Time elapsed: 0 sec
Running org.apache.accumulo.core.iterators.aggregation.conf.AggregatorConfigurationTest
Tests run: 2, Failures: 0, Errors: 0, Skipped: 0, Time elapsed: 0 sec
Running org.apache.accumulo.core.iterators.aggregation.NumSummationTest
Tests run: 5, Failures: 0, Errors: 0, Skipped: 0, Time elapsed: 0 sec
Running org.apache.accumulo.core.iterators.FirstEntryInRowIteratorTest
Tests run: 1, Failures: 0, Errors: 0, Skipped: 0, Time elapsed: 0 sec
Running org.apache.accumulo.core.util.MetadataTableTest
Tests run: 1, Failures: 0, Errors: 0, Skipped: 0, Time elapsed: 0 sec
Running org.apache.accumulo.core.util.EscapeTokenizerTest
Tests run: 11, Failures: 0, Errors: 0, Skipped: 0, Time elapsed: 0.001 sec
Running org.apache.accumulo.core.util.LocalityGroupUtilTest
Tests run: 2, Failures: 0, Errors: 0, Skipped: 0, Time elapsed: 0 sec
Running org.apache.accumulo.core.util.TextUtilTest
Tests run: 1, Failures: 0, Errors: 0, Skipped: 0, Time elapsed: 0 sec
Running org.apache.accumulo.core.util.TestVersion
Tests run: 1, Failures: 0, Errors: 0, Skipped: 0, Time elapsed: 0 sec
Running org.apache.accumulo.core.util.shell.ShellTest
usage: about [-?] [-v]
description: displays information about this program
  -?,--help        display this help
  -v,--verbose     display detailed session information
usage: setauths [-?] -c | -s <comma-separated-authorizations>  [-u <user>]
description: sets the maximum scan authorizations for a user
  -?,--help                                                     display this help
  -c,--clear-authorizations                                     clear the scan authorizations
  -s,--scan-authorizations <comma-separated-authorizations>     scan authorizations to set
  -u,--user <user>                                              user to operate on
Tests run: 5, Failures: 1, Errors: 0, Skipped: 0, Time elapsed: 0.002 sec <<< FAILURE!
Running org.apache.accumulo.core.util.shell.command.FormatterCommandTest
Tests run: 1, Failures: 0, Errors: 0, Skipped: 0, Time elapsed: 0 sec
Running org.apache.accumulo.core.util.TestStringUtil
Tests run: 1, Failures: 0, Errors: 0, Skipped: 0, Time elapsed: 0 sec
Running org.apache.accumulo.core.util.AddressUtilTest
Tests run: 2, Failures: 0, Errors: 0, Skipped: 0, Time elapsed: 0 sec
Running org.apache.accumulo.core.util.MergeTest
Tests run: 1, Failures: 0, Errors: 0, Skipped: 0, Time elapsed: 0 sec
Running org.apache.accumulo.core.data.ColumnTest
Tests run: 3, Failures: 0, Errors: 0, Skipped: 0, Time elapsed: 0 sec
Running org.apache.accumulo.core.data.MutationTest
Tests run: 13, Failures: 0, Errors: 0, Skipped: 0, Time elapsed: 0 sec
Running org.apache.accumulo.core.data.KeyTest
Tests run: 4, Failures: 0, Errors: 0, Skipped: 0, Time elapsed: 0 sec
Running org.apache.accumulo.core.data.RangeTest
Tests run: 43, Failures: 0, Errors: 0, Skipped: 0, Time elapsed: 0 sec
Running org.apache.accumulo.core.data.KeyExtentTest
Tests run: 3, Failures: 0, Errors: 0, Skipped: 0, Time elapsed: 0 sec
Running org.apache.accumulo.core.security.AuthorizationsTest
Tests run: 2, Failures: 0, Errors: 0, Skipped: 0, Time elapsed: 0 sec
Running org.apache.accumulo.core.security.VisibilityEvaluatorTest
Tests run: 4, Failures: 0, Errors: 0, Skipped: 0, Time elapsed: 0.001 sec
Running org.apache.accumulo.core.security.ColumnVisibilityTest
Tests run: 11, Failures: 0, Errors: 0, Skipped: 0, Time elapsed: 0 sec
Running org.apache.accumulo.core.conf.PropertyTest
Tests run: 3, Failures: 0, Errors: 0, Skipped: 0, Time elapsed: 0 sec
Running org.apache.accumulo.core.cli.TestClientOpts
Tests run: 1, Failures: 0, Errors: 0, Skipped: 0, Time elapsed: 0 sec

Results :

Failed tests:   authsTest(org.apache.accumulo.core.util.shell.ShellTest): y,z,x present in jmcampos@fake> getauths(..)

Tests run: 362, Failures: 1, Errors: 0, Skipped: 0

[INFO] ------------------------------------------------------------------------
[INFO] BUILD FAILURE
[INFO] ------------------------------------------------------------------------
[INFO] Total time: 01:32 min
[INFO] Finished at: 2020-03-14T21:21:46-07:00
[INFO] Final Memory: 32M/981M
[INFO] ------------------------------------------------------------------------
[ERROR] Failed to execute goal org.apache.maven.plugins:maven-surefire-plugin:2.12:test (default-test) on project accumulo-core: There are test failures.
[ERROR] 
[ERROR] Please refer to /bam/scratch/tmp-rta/Bugs.jar_Accumulo_25cf3ccd_java-8/core/target/surefire-reports for the individual test results.
[ERROR] -> [Help 1]
[ERROR] 
[ERROR] To see the full stack trace of the errors, re-run Maven with the -e switch.
[ERROR] Re-run Maven using the -X switch to enable full debug logging.
[ERROR] 
[ERROR] For more information about the errors and possible solutions, please read the following articles:
[ERROR] [Help 1] http://cwiki.apache.org/confluence/display/MAVEN/MojoFailureException
