Picked up JAVA_TOOL_OPTIONS: -XX:CICompilerCount=2 -XX:ParallelGCThreads=2 -XX:ConcGCThreads=2 -Djdk.net.URLClassPath.disableClassPathURLCheck=true 
Picked up _JAVA_OPTIONS: -Djdk.net.URLClassPath.disableClassPathURLCheck=true
Apache Maven 3.5.0 (Red Hat 3.5.0-4.3)
Maven home: /opt/rh/rh-maven35/root/usr/share/maven
Java version: 1.7.0_80, vendor: Oracle Corporation
Java home: /scratch/jmcampos/RTA/repair_them_all_framework/jdks/jdk1.7.0_80/jre
Default locale: en_US, platform encoding: UTF-8
OS name: "linux", version: "4.14.132-1.el7.retpoline.x86_64", arch: "amd64", family: "unix"
[INFO] Scanning for projects...
[INFO] 
[INFO] ------------------------------------------------------------------------
[INFO] Building Oak upgrade 1.1-SNAPSHOT
[INFO] ------------------------------------------------------------------------
[INFO] Downloading: http://repository.apache.org/snapshots/org/apache/jackrabbit/oak-core/1.1-SNAPSHOT/maven-metadata.xml
[INFO] Downloading: http://repository.apache.org/snapshots/org/apache/jackrabbit/oak-parent/1.1-SNAPSHOT/maven-metadata.xml
[INFO] Downloading: http://repository.apache.org/snapshots/org/apache/jackrabbit/oak-mk-api/1.1-SNAPSHOT/maven-metadata.xml
[INFO] Downloading: http://repository.apache.org/snapshots/org/apache/jackrabbit/oak-commons/1.1-SNAPSHOT/maven-metadata.xml
[INFO] Downloaded: http://repository.apache.org/snapshots/org/apache/jackrabbit/oak-commons/1.1-SNAPSHOT/maven-metadata.xml (986 B at 2.8 kB/s)
[INFO] Downloading: http://repository.apache.org/snapshots/org/apache/jackrabbit/oak-blob/1.1-SNAPSHOT/maven-metadata.xml
[INFO] Downloading: http://repository.apache.org/snapshots/org/apache/jackrabbit/jackrabbit-api/2.8-SNAPSHOT/maven-metadata.xml
[INFO] Downloaded: http://repository.apache.org/snapshots/org/apache/jackrabbit/jackrabbit-api/2.8-SNAPSHOT/maven-metadata.xml (785 B at 2.3 kB/s)
[INFO] Downloading: http://repository.apache.org/snapshots/org/apache/jackrabbit/jackrabbit-parent/2.8-SNAPSHOT/maven-metadata.xml
[INFO] Downloaded: http://repository.apache.org/snapshots/org/apache/jackrabbit/jackrabbit-parent/2.8-SNAPSHOT/maven-metadata.xml (615 B at 212 B/s)
[INFO] Downloading: http://repository.apache.org/snapshots/org/apache/jackrabbit/jackrabbit-jcr-commons/2.8-SNAPSHOT/maven-metadata.xml
[INFO] Downloaded: http://repository.apache.org/snapshots/org/apache/jackrabbit/jackrabbit-jcr-commons/2.8-SNAPSHOT/maven-metadata.xml (793 B at 2.3 kB/s)
[INFO] Downloading: http://repository.apache.org/snapshots/org/apache/jackrabbit/jackrabbit-core/2.8-SNAPSHOT/maven-metadata.xml
[INFO] Downloaded: http://repository.apache.org/snapshots/org/apache/jackrabbit/jackrabbit-core/2.8-SNAPSHOT/maven-metadata.xml (994 B at 692 B/s)
[INFO] Downloading: http://repository.apache.org/snapshots/org/apache/jackrabbit/jackrabbit-data/2.8-SNAPSHOT/maven-metadata.xml
[INFO] Downloaded: http://repository.apache.org/snapshots/org/apache/jackrabbit/jackrabbit-data/2.8-SNAPSHOT/maven-metadata.xml (990 B at 3.0 kB/s)
[INFO] Downloading: http://repository.apache.org/snapshots/org/apache/jackrabbit/jackrabbit-spi-commons/2.8-SNAPSHOT/maven-metadata.xml
[INFO] Downloaded: http://repository.apache.org/snapshots/org/apache/jackrabbit/jackrabbit-spi-commons/2.8-SNAPSHOT/maven-metadata.xml (793 B at 2.4 kB/s)
[INFO] Downloading: http://repository.apache.org/snapshots/org/apache/jackrabbit/jackrabbit-spi/2.8-SNAPSHOT/maven-metadata.xml
[INFO] Downloaded: http://repository.apache.org/snapshots/org/apache/jackrabbit/jackrabbit-spi/2.8-SNAPSHOT/maven-metadata.xml (997 B at 3.0 kB/s)
[INFO] Downloading: http://repository.apache.org/snapshots/org/apache/jackrabbit/oak-jcr/1.1-SNAPSHOT/maven-metadata.xml
[INFO] Downloading: http://repository.apache.org/snapshots/org/apache/jackrabbit/oak-mk/1.1-SNAPSHOT/maven-metadata.xml
[INFO] 
[INFO] --- maven-remote-resources-plugin:1.4:process (default) @ oak-upgrade ---
[INFO] 
[INFO] --- maven-resources-plugin:2.6:resources (default-resources) @ oak-upgrade ---
[INFO] Using 'UTF-8' encoding to copy filtered resources.
[INFO] skip non existing resourceDirectory /tmp/Bugs.jar_Jackrabbit-Oak_9f7c1df0_java-7/oak-upgrade/src/main/resources
[INFO] Copying 3 resources
[INFO] 
[INFO] --- maven-compiler-plugin:2.5.1:compile (default-compile) @ oak-upgrade ---
[INFO] Nothing to compile - all classes are up to date
[INFO] 
[INFO] --- maven-resources-plugin:2.6:testResources (default-testResources) @ oak-upgrade ---
[INFO] Using 'UTF-8' encoding to copy filtered resources.
[INFO] Copying 3 resources
[INFO] Copying 3 resources
[INFO] 
[INFO] --- maven-compiler-plugin:2.5.1:testCompile (default-testCompile) @ oak-upgrade ---
[INFO] Nothing to compile - all classes are up to date
[INFO] 
[INFO] --- maven-surefire-plugin:2.12.4:test (default-test) @ oak-upgrade ---
[INFO] Surefire report directory: /tmp/Bugs.jar_Jackrabbit-Oak_9f7c1df0_java-7/oak-upgrade/target/surefire-reports
[INFO] Downloading: https://repo.maven.apache.org/maven2/org/apache/maven/surefire/surefire-junit4/2.12.4/surefire-junit4-2.12.4.pom
[INFO] Downloaded: https://repo.maven.apache.org/maven2/org/apache/maven/surefire/surefire-junit4/2.12.4/surefire-junit4-2.12.4.pom (2.4 kB at 3.6 kB/s)
[INFO] Downloading: https://repo.maven.apache.org/maven2/org/apache/maven/surefire/surefire-providers/2.12.4/surefire-providers-2.12.4.pom
[INFO] Downloaded: https://repo.maven.apache.org/maven2/org/apache/maven/surefire/surefire-providers/2.12.4/surefire-providers-2.12.4.pom (2.3 kB at 147 kB/s)
[INFO] Downloading: https://repo.maven.apache.org/maven2/org/apache/maven/surefire/surefire-junit4/2.12.4/surefire-junit4-2.12.4.jar
[INFO] Downloaded: https://repo.maven.apache.org/maven2/org/apache/maven/surefire/surefire-junit4/2.12.4/surefire-junit4-2.12.4.jar (37 kB at 947 kB/s)

-------------------------------------------------------
 T E S T S
-------------------------------------------------------
Picked up JAVA_TOOL_OPTIONS: -XX:CICompilerCount=2 -XX:ParallelGCThreads=2 -XX:ConcGCThreads=2 -Djdk.net.URLClassPath.disableClassPathURLCheck=true -XX:CICompilerCount=2 -XX:ParallelGCThreads=2 -XX:ConcGCThreads=2 -Djdk.net.URLClassPath.disableClassPathURLCheck=true 
Picked up _JAVA_OPTIONS: -Djdk.net.URLClassPath.disableClassPathURLCheck=true
Running org.apache.jackrabbit.oak.upgrade.RepositoryGroupMemberSplitUpgradeTest
Tests run: 3, Failures: 0, Errors: 3, Skipped: 0, Time elapsed: 81.451 sec <<< FAILURE!
verifyGroupNodeTypes(org.apache.jackrabbit.oak.upgrade.RepositoryGroupMemberSplitUpgradeTest)  Time elapsed: 50.974 sec  <<< ERROR!
javax.jcr.RepositoryException: Failed to copy content
	at org.apache.jackrabbit.oak.upgrade.RepositoryUpgrade.copy(RepositoryUpgrade.java:296)
	at org.apache.jackrabbit.oak.upgrade.RepositoryUpgrade.copy(RepositoryUpgrade.java:196)
	at org.apache.jackrabbit.oak.upgrade.RepositoryUpgrade.copy(RepositoryUpgrade.java:181)
	at org.apache.jackrabbit.oak.upgrade.AbstractRepositoryUpgradeTest.upgradeRepository(AbstractRepositoryUpgradeTest.java:85)
	at sun.reflect.NativeMethodAccessorImpl.invoke0(Native Method)
	at sun.reflect.NativeMethodAccessorImpl.invoke(NativeMethodAccessorImpl.java:57)
	at sun.reflect.DelegatingMethodAccessorImpl.invoke(DelegatingMethodAccessorImpl.java:43)
	at java.lang.reflect.Method.invoke(Method.java:606)
	at org.junit.runners.model.FrameworkMethod$1.runReflectiveCall(FrameworkMethod.java:45)
	at org.junit.internal.runners.model.ReflectiveCallable.run(ReflectiveCallable.java:15)
	at org.junit.runners.model.FrameworkMethod.invokeExplosively(FrameworkMethod.java:42)
	at org.junit.internal.runners.statements.RunBefores.evaluate(RunBefores.java:27)
	at org.junit.runners.ParentRunner.runLeaf(ParentRunner.java:263)
	at org.junit.runners.BlockJUnit4ClassRunner.runChild(BlockJUnit4ClassRunner.java:68)
	at org.junit.runners.BlockJUnit4ClassRunner.runChild(BlockJUnit4ClassRunner.java:47)
	at org.junit.runners.ParentRunner$3.run(ParentRunner.java:231)
	at org.junit.runners.ParentRunner$1.schedule(ParentRunner.java:60)
	at org.junit.runners.ParentRunner.runChildren(ParentRunner.java:229)
	at org.junit.runners.ParentRunner.access$000(ParentRunner.java:50)
	at org.junit.runners.ParentRunner$2.evaluate(ParentRunner.java:222)
	at org.junit.internal.runners.statements.RunBefores.evaluate(RunBefores.java:28)
	at org.junit.runners.ParentRunner.run(ParentRunner.java:300)
	at org.apache.maven.surefire.junit4.JUnit4Provider.execute(JUnit4Provider.java:252)
	at org.apache.maven.surefire.junit4.JUnit4Provider.executeTestSet(JUnit4Provider.java:141)
	at org.apache.maven.surefire.junit4.JUnit4Provider.invoke(JUnit4Provider.java:112)
	at sun.reflect.NativeMethodAccessorImpl.invoke0(Native Method)
	at sun.reflect.NativeMethodAccessorImpl.invoke(NativeMethodAccessorImpl.java:57)
	at sun.reflect.DelegatingMethodAccessorImpl.invoke(DelegatingMethodAccessorImpl.java:43)
	at java.lang.reflect.Method.invoke(Method.java:606)
	at org.apache.maven.surefire.util.ReflectionUtils.invokeMethodWithArray(ReflectionUtils.java:189)
	at org.apache.maven.surefire.booter.ProviderFactory$ProviderProxy.invoke(ProviderFactory.java:165)
	at org.apache.maven.surefire.booter.ProviderFactory.invokeProvider(ProviderFactory.java:85)
	at org.apache.maven.surefire.booter.ForkedBooter.runSuitesInProcess(ForkedBooter.java:115)
	at org.apache.maven.surefire.booter.ForkedBooter.main(ForkedBooter.java:75)
Caused by: java.lang.NullPointerException
	at org.apache.jackrabbit.oak.upgrade.JackrabbitNodeState.createProperties(JackrabbitNodeState.java:286)
	at org.apache.jackrabbit.oak.upgrade.JackrabbitNodeState.<init>(JackrabbitNodeState.java:152)
	at org.apache.jackrabbit.oak.upgrade.RepositoryUpgrade.copyWorkspace(RepositoryUpgrade.java:747)
	at org.apache.jackrabbit.oak.upgrade.RepositoryUpgrade.copy(RepositoryUpgrade.java:265)
	... 33 more

verifyMembers(org.apache.jackrabbit.oak.upgrade.RepositoryGroupMemberSplitUpgradeTest)  Time elapsed: 14.012 sec  <<< ERROR!
javax.jcr.RepositoryException: Failed to copy content
	at org.apache.jackrabbit.oak.upgrade.RepositoryUpgrade.copy(RepositoryUpgrade.java:296)
	at org.apache.jackrabbit.oak.upgrade.RepositoryUpgrade.copy(RepositoryUpgrade.java:196)
	at org.apache.jackrabbit.oak.upgrade.RepositoryUpgrade.copy(RepositoryUpgrade.java:181)
	at org.apache.jackrabbit.oak.upgrade.AbstractRepositoryUpgradeTest.upgradeRepository(AbstractRepositoryUpgradeTest.java:85)
	at sun.reflect.NativeMethodAccessorImpl.invoke0(Native Method)
	at sun.reflect.NativeMethodAccessorImpl.invoke(NativeMethodAccessorImpl.java:57)
	at sun.reflect.DelegatingMethodAccessorImpl.invoke(DelegatingMethodAccessorImpl.java:43)
	at java.lang.reflect.Method.invoke(Method.java:606)
	at org.junit.runners.model.FrameworkMethod$1.runReflectiveCall(FrameworkMethod.java:45)
	at org.junit.internal.runners.model.ReflectiveCallable.run(ReflectiveCallable.java:15)
	at org.junit.runners.model.FrameworkMethod.invokeExplosively(FrameworkMethod.java:42)
	at org.junit.internal.runners.statements.RunBefores.evaluate(RunBefores.java:27)
	at org.junit.runners.ParentRunner.runLeaf(ParentRunner.java:263)
	at org.junit.runners.BlockJUnit4ClassRunner.runChild(BlockJUnit4ClassRunner.java:68)
	at org.junit.runners.BlockJUnit4ClassRunner.runChild(BlockJUnit4ClassRunner.java:47)
	at org.junit.runners.ParentRunner$3.run(ParentRunner.java:231)
	at org.junit.runners.ParentRunner$1.schedule(ParentRunner.java:60)
	at org.junit.runners.ParentRunner.runChildren(ParentRunner.java:229)
	at org.junit.runners.ParentRunner.access$000(ParentRunner.java:50)
	at org.junit.runners.ParentRunner$2.evaluate(ParentRunner.java:222)
	at org.junit.internal.runners.statements.RunBefores.evaluate(RunBefores.java:28)
	at org.junit.runners.ParentRunner.run(ParentRunner.java:300)
	at org.apache.maven.surefire.junit4.JUnit4Provider.execute(JUnit4Provider.java:252)
	at org.apache.maven.surefire.junit4.JUnit4Provider.executeTestSet(JUnit4Provider.java:141)
	at org.apache.maven.surefire.junit4.JUnit4Provider.invoke(JUnit4Provider.java:112)
	at sun.reflect.NativeMethodAccessorImpl.invoke0(Native Method)
	at sun.reflect.NativeMethodAccessorImpl.invoke(NativeMethodAccessorImpl.java:57)
	at sun.reflect.DelegatingMethodAccessorImpl.invoke(DelegatingMethodAccessorImpl.java:43)
	at java.lang.reflect.Method.invoke(Method.java:606)
	at org.apache.maven.surefire.util.ReflectionUtils.invokeMethodWithArray(ReflectionUtils.java:189)
	at org.apache.maven.surefire.booter.ProviderFactory$ProviderProxy.invoke(ProviderFactory.java:165)
	at org.apache.maven.surefire.booter.ProviderFactory.invokeProvider(ProviderFactory.java:85)
	at org.apache.maven.surefire.booter.ForkedBooter.runSuitesInProcess(ForkedBooter.java:115)
	at org.apache.maven.surefire.booter.ForkedBooter.main(ForkedBooter.java:75)
Caused by: java.lang.NullPointerException
	at org.apache.jackrabbit.oak.upgrade.JackrabbitNodeState.createProperties(JackrabbitNodeState.java:286)
	at org.apache.jackrabbit.oak.upgrade.JackrabbitNodeState.<init>(JackrabbitNodeState.java:152)
	at org.apache.jackrabbit.oak.upgrade.RepositoryUpgrade.copyWorkspace(RepositoryUpgrade.java:747)
	at org.apache.jackrabbit.oak.upgrade.RepositoryUpgrade.copy(RepositoryUpgrade.java:265)
	... 33 more

verifyMemberOf(org.apache.jackrabbit.oak.upgrade.RepositoryGroupMemberSplitUpgradeTest)  Time elapsed: 16.409 sec  <<< ERROR!
javax.jcr.RepositoryException: Failed to copy content
	at org.apache.jackrabbit.oak.upgrade.RepositoryUpgrade.copy(RepositoryUpgrade.java:296)
	at org.apache.jackrabbit.oak.upgrade.RepositoryUpgrade.copy(RepositoryUpgrade.java:196)
	at org.apache.jackrabbit.oak.upgrade.RepositoryUpgrade.copy(RepositoryUpgrade.java:181)
	at org.apache.jackrabbit.oak.upgrade.AbstractRepositoryUpgradeTest.upgradeRepository(AbstractRepositoryUpgradeTest.java:85)
	at sun.reflect.NativeMethodAccessorImpl.invoke0(Native Method)
	at sun.reflect.NativeMethodAccessorImpl.invoke(NativeMethodAccessorImpl.java:57)
	at sun.reflect.DelegatingMethodAccessorImpl.invoke(DelegatingMethodAccessorImpl.java:43)
	at java.lang.reflect.Method.invoke(Method.java:606)
	at org.junit.runners.model.FrameworkMethod$1.runReflectiveCall(FrameworkMethod.java:45)
	at org.junit.internal.runners.model.ReflectiveCallable.run(ReflectiveCallable.java:15)
	at org.junit.runners.model.FrameworkMethod.invokeExplosively(FrameworkMethod.java:42)
	at org.junit.internal.runners.statements.RunBefores.evaluate(RunBefores.java:27)
	at org.junit.runners.ParentRunner.runLeaf(ParentRunner.java:263)
	at org.junit.runners.BlockJUnit4ClassRunner.runChild(BlockJUnit4ClassRunner.java:68)
	at org.junit.runners.BlockJUnit4ClassRunner.runChild(BlockJUnit4ClassRunner.java:47)
	at org.junit.runners.ParentRunner$3.run(ParentRunner.java:231)
	at org.junit.runners.ParentRunner$1.schedule(ParentRunner.java:60)
	at org.junit.runners.ParentRunner.runChildren(ParentRunner.java:229)
	at org.junit.runners.ParentRunner.access$000(ParentRunner.java:50)
	at org.junit.runners.ParentRunner$2.evaluate(ParentRunner.java:222)
	at org.junit.internal.runners.statements.RunBefores.evaluate(RunBefores.java:28)
	at org.junit.runners.ParentRunner.run(ParentRunner.java:300)
	at org.apache.maven.surefire.junit4.JUnit4Provider.execute(JUnit4Provider.java:252)
	at org.apache.maven.surefire.junit4.JUnit4Provider.executeTestSet(JUnit4Provider.java:141)
	at org.apache.maven.surefire.junit4.JUnit4Provider.invoke(JUnit4Provider.java:112)
	at sun.reflect.NativeMethodAccessorImpl.invoke0(Native Method)
	at sun.reflect.NativeMethodAccessorImpl.invoke(NativeMethodAccessorImpl.java:57)
	at sun.reflect.DelegatingMethodAccessorImpl.invoke(DelegatingMethodAccessorImpl.java:43)
	at java.lang.reflect.Method.invoke(Method.java:606)
	at org.apache.maven.surefire.util.ReflectionUtils.invokeMethodWithArray(ReflectionUtils.java:189)
	at org.apache.maven.surefire.booter.ProviderFactory$ProviderProxy.invoke(ProviderFactory.java:165)
	at org.apache.maven.surefire.booter.ProviderFactory.invokeProvider(ProviderFactory.java:85)
	at org.apache.maven.surefire.booter.ForkedBooter.runSuitesInProcess(ForkedBooter.java:115)
	at org.apache.maven.surefire.booter.ForkedBooter.main(ForkedBooter.java:75)
Caused by: java.lang.NullPointerException
	at org.apache.jackrabbit.oak.upgrade.JackrabbitNodeState.createProperties(JackrabbitNodeState.java:286)
	at org.apache.jackrabbit.oak.upgrade.JackrabbitNodeState.<init>(JackrabbitNodeState.java:152)
	at org.apache.jackrabbit.oak.upgrade.RepositoryUpgrade.copyWorkspace(RepositoryUpgrade.java:747)
	at org.apache.jackrabbit.oak.upgrade.RepositoryUpgrade.copy(RepositoryUpgrade.java:265)
	... 33 more

Running org.apache.jackrabbit.oak.upgrade.RepositoryGroupMemberUpgradeTest
Tests run: 3, Failures: 0, Errors: 3, Skipped: 0, Time elapsed: 100.059 sec <<< FAILURE!
verifyGroupNodeTypes(org.apache.jackrabbit.oak.upgrade.RepositoryGroupMemberUpgradeTest)  Time elapsed: 42.219 sec  <<< ERROR!
javax.jcr.RepositoryException: Failed to copy content
	at org.apache.jackrabbit.oak.upgrade.RepositoryUpgrade.copy(RepositoryUpgrade.java:296)
	at org.apache.jackrabbit.oak.upgrade.RepositoryUpgrade.copy(RepositoryUpgrade.java:196)
	at org.apache.jackrabbit.oak.upgrade.RepositoryUpgrade.copy(RepositoryUpgrade.java:181)
	at org.apache.jackrabbit.oak.upgrade.AbstractRepositoryUpgradeTest.upgradeRepository(AbstractRepositoryUpgradeTest.java:85)
	at sun.reflect.NativeMethodAccessorImpl.invoke0(Native Method)
	at sun.reflect.NativeMethodAccessorImpl.invoke(NativeMethodAccessorImpl.java:57)
	at sun.reflect.DelegatingMethodAccessorImpl.invoke(DelegatingMethodAccessorImpl.java:43)
	at java.lang.reflect.Method.invoke(Method.java:606)
	at org.junit.runners.model.FrameworkMethod$1.runReflectiveCall(FrameworkMethod.java:45)
	at org.junit.internal.runners.model.ReflectiveCallable.run(ReflectiveCallable.java:15)
	at org.junit.runners.model.FrameworkMethod.invokeExplosively(FrameworkMethod.java:42)
	at org.junit.internal.runners.statements.RunBefores.evaluate(RunBefores.java:27)
	at org.junit.runners.ParentRunner.runLeaf(ParentRunner.java:263)
	at org.junit.runners.BlockJUnit4ClassRunner.runChild(BlockJUnit4ClassRunner.java:68)
	at org.junit.runners.BlockJUnit4ClassRunner.runChild(BlockJUnit4ClassRunner.java:47)
	at org.junit.runners.ParentRunner$3.run(ParentRunner.java:231)
	at org.junit.runners.ParentRunner$1.schedule(ParentRunner.java:60)
	at org.junit.runners.ParentRunner.runChildren(ParentRunner.java:229)
	at org.junit.runners.ParentRunner.access$000(ParentRunner.java:50)
	at org.junit.runners.ParentRunner$2.evaluate(ParentRunner.java:222)
	at org.junit.internal.runners.statements.RunBefores.evaluate(RunBefores.java:28)
	at org.junit.runners.ParentRunner.run(ParentRunner.java:300)
	at org.apache.maven.surefire.junit4.JUnit4Provider.execute(JUnit4Provider.java:252)
	at org.apache.maven.surefire.junit4.JUnit4Provider.executeTestSet(JUnit4Provider.java:141)
	at org.apache.maven.surefire.junit4.JUnit4Provider.invoke(JUnit4Provider.java:112)
	at sun.reflect.NativeMethodAccessorImpl.invoke0(Native Method)
	at sun.reflect.NativeMethodAccessorImpl.invoke(NativeMethodAccessorImpl.java:57)
	at sun.reflect.DelegatingMethodAccessorImpl.invoke(DelegatingMethodAccessorImpl.java:43)
	at java.lang.reflect.Method.invoke(Method.java:606)
	at org.apache.maven.surefire.util.ReflectionUtils.invokeMethodWithArray(ReflectionUtils.java:189)
	at org.apache.maven.surefire.booter.ProviderFactory$ProviderProxy.invoke(ProviderFactory.java:165)
	at org.apache.maven.surefire.booter.ProviderFactory.invokeProvider(ProviderFactory.java:85)
	at org.apache.maven.surefire.booter.ForkedBooter.runSuitesInProcess(ForkedBooter.java:115)
	at org.apache.maven.surefire.booter.ForkedBooter.main(ForkedBooter.java:75)
Caused by: java.lang.NullPointerException
	at org.apache.jackrabbit.oak.upgrade.JackrabbitNodeState.createProperties(JackrabbitNodeState.java:286)
	at org.apache.jackrabbit.oak.upgrade.JackrabbitNodeState.<init>(JackrabbitNodeState.java:152)
	at org.apache.jackrabbit.oak.upgrade.RepositoryUpgrade.copyWorkspace(RepositoryUpgrade.java:747)
	at org.apache.jackrabbit.oak.upgrade.RepositoryUpgrade.copy(RepositoryUpgrade.java:265)
	... 33 more

verifyMembers(org.apache.jackrabbit.oak.upgrade.RepositoryGroupMemberUpgradeTest)  Time elapsed: 3.266 sec  <<< ERROR!
javax.jcr.RepositoryException: Failed to copy content
	at org.apache.jackrabbit.oak.upgrade.RepositoryUpgrade.copy(RepositoryUpgrade.java:296)
	at org.apache.jackrabbit.oak.upgrade.RepositoryUpgrade.copy(RepositoryUpgrade.java:196)
	at org.apache.jackrabbit.oak.upgrade.RepositoryUpgrade.copy(RepositoryUpgrade.java:181)
	at org.apache.jackrabbit.oak.upgrade.AbstractRepositoryUpgradeTest.upgradeRepository(AbstractRepositoryUpgradeTest.java:85)
	at sun.reflect.NativeMethodAccessorImpl.invoke0(Native Method)
	at sun.reflect.NativeMethodAccessorImpl.invoke(NativeMethodAccessorImpl.java:57)
	at sun.reflect.DelegatingMethodAccessorImpl.invoke(DelegatingMethodAccessorImpl.java:43)
	at java.lang.reflect.Method.invoke(Method.java:606)
	at org.junit.runners.model.FrameworkMethod$1.runReflectiveCall(FrameworkMethod.java:45)
	at org.junit.internal.runners.model.ReflectiveCallable.run(ReflectiveCallable.java:15)
	at org.junit.runners.model.FrameworkMethod.invokeExplosively(FrameworkMethod.java:42)
	at org.junit.internal.runners.statements.RunBefores.evaluate(RunBefores.java:27)
	at org.junit.runners.ParentRunner.runLeaf(ParentRunner.java:263)
	at org.junit.runners.BlockJUnit4ClassRunner.runChild(BlockJUnit4ClassRunner.java:68)
	at org.junit.runners.BlockJUnit4ClassRunner.runChild(BlockJUnit4ClassRunner.java:47)
	at org.junit.runners.ParentRunner$3.run(ParentRunner.java:231)
	at org.junit.runners.ParentRunner$1.schedule(ParentRunner.java:60)
	at org.junit.runners.ParentRunner.runChildren(ParentRunner.java:229)
	at org.junit.runners.ParentRunner.access$000(ParentRunner.java:50)
	at org.junit.runners.ParentRunner$2.evaluate(ParentRunner.java:222)
	at org.junit.internal.runners.statements.RunBefores.evaluate(RunBefores.java:28)
	at org.junit.runners.ParentRunner.run(ParentRunner.java:300)
	at org.apache.maven.surefire.junit4.JUnit4Provider.execute(JUnit4Provider.java:252)
	at org.apache.maven.surefire.junit4.JUnit4Provider.executeTestSet(JUnit4Provider.java:141)
	at org.apache.maven.surefire.junit4.JUnit4Provider.invoke(JUnit4Provider.java:112)
	at sun.reflect.NativeMethodAccessorImpl.invoke0(Native Method)
	at sun.reflect.NativeMethodAccessorImpl.invoke(NativeMethodAccessorImpl.java:57)
	at sun.reflect.DelegatingMethodAccessorImpl.invoke(DelegatingMethodAccessorImpl.java:43)
	at java.lang.reflect.Method.invoke(Method.java:606)
	at org.apache.maven.surefire.util.ReflectionUtils.invokeMethodWithArray(ReflectionUtils.java:189)
	at org.apache.maven.surefire.booter.ProviderFactory$ProviderProxy.invoke(ProviderFactory.java:165)
	at org.apache.maven.surefire.booter.ProviderFactory.invokeProvider(ProviderFactory.java:85)
	at org.apache.maven.surefire.booter.ForkedBooter.runSuitesInProcess(ForkedBooter.java:115)
	at org.apache.maven.surefire.booter.ForkedBooter.main(ForkedBooter.java:75)
Caused by: java.lang.NullPointerException
	at org.apache.jackrabbit.oak.upgrade.JackrabbitNodeState.createProperties(JackrabbitNodeState.java:286)
	at org.apache.jackrabbit.oak.upgrade.JackrabbitNodeState.<init>(JackrabbitNodeState.java:152)
	at org.apache.jackrabbit.oak.upgrade.RepositoryUpgrade.copyWorkspace(RepositoryUpgrade.java:747)
	at org.apache.jackrabbit.oak.upgrade.RepositoryUpgrade.copy(RepositoryUpgrade.java:265)
	... 33 more

verifyMemberOf(org.apache.jackrabbit.oak.upgrade.RepositoryGroupMemberUpgradeTest)  Time elapsed: 54.574 sec  <<< ERROR!
javax.jcr.RepositoryException: Failed to copy content
	at org.apache.jackrabbit.oak.upgrade.RepositoryUpgrade.copy(RepositoryUpgrade.java:296)
	at org.apache.jackrabbit.oak.upgrade.RepositoryUpgrade.copy(RepositoryUpgrade.java:196)
	at org.apache.jackrabbit.oak.upgrade.RepositoryUpgrade.copy(RepositoryUpgrade.java:181)
	at org.apache.jackrabbit.oak.upgrade.AbstractRepositoryUpgradeTest.upgradeRepository(AbstractRepositoryUpgradeTest.java:85)
	at sun.reflect.NativeMethodAccessorImpl.invoke0(Native Method)
	at sun.reflect.NativeMethodAccessorImpl.invoke(NativeMethodAccessorImpl.java:57)
	at sun.reflect.DelegatingMethodAccessorImpl.invoke(DelegatingMethodAccessorImpl.java:43)
	at java.lang.reflect.Method.invoke(Method.java:606)
	at org.junit.runners.model.FrameworkMethod$1.runReflectiveCall(FrameworkMethod.java:45)
	at org.junit.internal.runners.model.ReflectiveCallable.run(ReflectiveCallable.java:15)
	at org.junit.runners.model.FrameworkMethod.invokeExplosively(FrameworkMethod.java:42)
	at org.junit.internal.runners.statements.RunBefores.evaluate(RunBefores.java:27)
	at org.junit.runners.ParentRunner.runLeaf(ParentRunner.java:263)
	at org.junit.runners.BlockJUnit4ClassRunner.runChild(BlockJUnit4ClassRunner.java:68)
	at org.junit.runners.BlockJUnit4ClassRunner.runChild(BlockJUnit4ClassRunner.java:47)
	at org.junit.runners.ParentRunner$3.run(ParentRunner.java:231)
	at org.junit.runners.ParentRunner$1.schedule(ParentRunner.java:60)
	at org.junit.runners.ParentRunner.runChildren(ParentRunner.java:229)
	at org.junit.runners.ParentRunner.access$000(ParentRunner.java:50)
	at org.junit.runners.ParentRunner$2.evaluate(ParentRunner.java:222)
	at org.junit.internal.runners.statements.RunBefores.evaluate(RunBefores.java:28)
	at org.junit.runners.ParentRunner.run(ParentRunner.java:300)
	at org.apache.maven.surefire.junit4.JUnit4Provider.execute(JUnit4Provider.java:252)
	at org.apache.maven.surefire.junit4.JUnit4Provider.executeTestSet(JUnit4Provider.java:141)
	at org.apache.maven.surefire.junit4.JUnit4Provider.invoke(JUnit4Provider.java:112)
	at sun.reflect.NativeMethodAccessorImpl.invoke0(Native Method)
	at sun.reflect.NativeMethodAccessorImpl.invoke(NativeMethodAccessorImpl.java:57)
	at sun.reflect.DelegatingMethodAccessorImpl.invoke(DelegatingMethodAccessorImpl.java:43)
	at java.lang.reflect.Method.invoke(Method.java:606)
	at org.apache.maven.surefire.util.ReflectionUtils.invokeMethodWithArray(ReflectionUtils.java:189)
	at org.apache.maven.surefire.booter.ProviderFactory$ProviderProxy.invoke(ProviderFactory.java:165)
	at org.apache.maven.surefire.booter.ProviderFactory.invokeProvider(ProviderFactory.java:85)
	at org.apache.maven.surefire.booter.ForkedBooter.runSuitesInProcess(ForkedBooter.java:115)
	at org.apache.maven.surefire.booter.ForkedBooter.main(ForkedBooter.java:75)
Caused by: java.lang.NullPointerException
	at org.apache.jackrabbit.oak.upgrade.JackrabbitNodeState.createProperties(JackrabbitNodeState.java:286)
	at org.apache.jackrabbit.oak.upgrade.JackrabbitNodeState.<init>(JackrabbitNodeState.java:152)
	at org.apache.jackrabbit.oak.upgrade.RepositoryUpgrade.copyWorkspace(RepositoryUpgrade.java:747)
	at org.apache.jackrabbit.oak.upgrade.RepositoryUpgrade.copy(RepositoryUpgrade.java:265)
	... 33 more

Running org.apache.jackrabbit.oak.upgrade.RepositoryUpgradeTest
Tests run: 8, Failures: 0, Errors: 8, Skipped: 0, Time elapsed: 552.252 sec <<< FAILURE!
verifyNewBuiltinNodeTypes(org.apache.jackrabbit.oak.upgrade.RepositoryUpgradeTest)  Time elapsed: 73.09 sec  <<< ERROR!
javax.jcr.RepositoryException: Failed to copy content
	at org.apache.jackrabbit.oak.upgrade.RepositoryUpgrade.copy(RepositoryUpgrade.java:296)
	at org.apache.jackrabbit.oak.upgrade.RepositoryUpgrade.copy(RepositoryUpgrade.java:196)
	at org.apache.jackrabbit.oak.upgrade.RepositoryUpgrade.copy(RepositoryUpgrade.java:181)
	at org.apache.jackrabbit.oak.upgrade.AbstractRepositoryUpgradeTest.upgradeRepository(AbstractRepositoryUpgradeTest.java:85)
	at sun.reflect.NativeMethodAccessorImpl.invoke0(Native Method)
	at sun.reflect.NativeMethodAccessorImpl.invoke(NativeMethodAccessorImpl.java:57)
	at sun.reflect.DelegatingMethodAccessorImpl.invoke(DelegatingMethodAccessorImpl.java:43)
	at java.lang.reflect.Method.invoke(Method.java:606)
	at org.junit.runners.model.FrameworkMethod$1.runReflectiveCall(FrameworkMethod.java:45)
	at org.junit.internal.runners.model.ReflectiveCallable.run(ReflectiveCallable.java:15)
	at org.junit.runners.model.FrameworkMethod.invokeExplosively(FrameworkMethod.java:42)
	at org.junit.internal.runners.statements.RunBefores.evaluate(RunBefores.java:27)
	at org.junit.runners.ParentRunner.runLeaf(ParentRunner.java:263)
	at org.junit.runners.BlockJUnit4ClassRunner.runChild(BlockJUnit4ClassRunner.java:68)
	at org.junit.runners.BlockJUnit4ClassRunner.runChild(BlockJUnit4ClassRunner.java:47)
	at org.junit.runners.ParentRunner$3.run(ParentRunner.java:231)
	at org.junit.runners.ParentRunner$1.schedule(ParentRunner.java:60)
	at org.junit.runners.ParentRunner.runChildren(ParentRunner.java:229)
	at org.junit.runners.ParentRunner.access$000(ParentRunner.java:50)
	at org.junit.runners.ParentRunner$2.evaluate(ParentRunner.java:222)
	at org.junit.internal.runners.statements.RunBefores.evaluate(RunBefores.java:28)
	at org.junit.runners.ParentRunner.run(ParentRunner.java:300)
	at org.apache.maven.surefire.junit4.JUnit4Provider.execute(JUnit4Provider.java:252)
	at org.apache.maven.surefire.junit4.JUnit4Provider.executeTestSet(JUnit4Provider.java:141)
	at org.apache.maven.surefire.junit4.JUnit4Provider.invoke(JUnit4Provider.java:112)
	at sun.reflect.NativeMethodAccessorImpl.invoke0(Native Method)
	at sun.reflect.NativeMethodAccessorImpl.invoke(NativeMethodAccessorImpl.java:57)
	at sun.reflect.DelegatingMethodAccessorImpl.invoke(DelegatingMethodAccessorImpl.java:43)
	at java.lang.reflect.Method.invoke(Method.java:606)
	at org.apache.maven.surefire.util.ReflectionUtils.invokeMethodWithArray(ReflectionUtils.java:189)
	at org.apache.maven.surefire.booter.ProviderFactory$ProviderProxy.invoke(ProviderFactory.java:165)
	at org.apache.maven.surefire.booter.ProviderFactory.invokeProvider(ProviderFactory.java:85)
	at org.apache.maven.surefire.booter.ForkedBooter.runSuitesInProcess(ForkedBooter.java:115)
	at org.apache.maven.surefire.booter.ForkedBooter.main(ForkedBooter.java:75)
Caused by: java.lang.NullPointerException
	at org.apache.jackrabbit.oak.upgrade.JackrabbitNodeState.createProperties(JackrabbitNodeState.java:286)
	at org.apache.jackrabbit.oak.upgrade.JackrabbitNodeState.<init>(JackrabbitNodeState.java:132)
	at org.apache.jackrabbit.oak.upgrade.JackrabbitNodeState.getChildNodeEntries(JackrabbitNodeState.java:225)
	at org.apache.jackrabbit.oak.upgrade.RepositoryUpgrade.setChildNode(RepositoryUpgrade.java:780)
	at org.apache.jackrabbit.oak.upgrade.RepositoryUpgrade.setChildNode(RepositoryUpgrade.java:781)
	at org.apache.jackrabbit.oak.upgrade.RepositoryUpgrade.setChildNode(RepositoryUpgrade.java:781)
	at org.apache.jackrabbit.oak.upgrade.RepositoryUpgrade.setChildNode(RepositoryUpgrade.java:781)
	at org.apache.jackrabbit.oak.upgrade.RepositoryUpgrade.setChildNode(RepositoryUpgrade.java:781)
	at org.apache.jackrabbit.oak.upgrade.RepositoryUpgrade.setChildNode(RepositoryUpgrade.java:781)
	at org.apache.jackrabbit.oak.upgrade.RepositoryUpgrade.copyState(RepositoryUpgrade.java:767)
	at org.apache.jackrabbit.oak.upgrade.RepositoryUpgrade.copyVersionStore(RepositoryUpgrade.java:730)
	at org.apache.jackrabbit.oak.upgrade.RepositoryUpgrade.copy(RepositoryUpgrade.java:264)
	... 33 more

verifyReplacedBuiltinNodeTypes(org.apache.jackrabbit.oak.upgrade.RepositoryUpgradeTest)  Time elapsed: 91.659 sec  <<< ERROR!
javax.jcr.RepositoryException: Failed to copy content
	at org.apache.jackrabbit.oak.upgrade.RepositoryUpgrade.copy(RepositoryUpgrade.java:296)
	at org.apache.jackrabbit.oak.upgrade.RepositoryUpgrade.copy(RepositoryUpgrade.java:196)
	at org.apache.jackrabbit.oak.upgrade.RepositoryUpgrade.copy(RepositoryUpgrade.java:181)
	at org.apache.jackrabbit.oak.upgrade.AbstractRepositoryUpgradeTest.upgradeRepository(AbstractRepositoryUpgradeTest.java:85)
	at sun.reflect.NativeMethodAccessorImpl.invoke0(Native Method)
	at sun.reflect.NativeMethodAccessorImpl.invoke(NativeMethodAccessorImpl.java:57)
	at sun.reflect.DelegatingMethodAccessorImpl.invoke(DelegatingMethodAccessorImpl.java:43)
	at java.lang.reflect.Method.invoke(Method.java:606)
	at org.junit.runners.model.FrameworkMethod$1.runReflectiveCall(FrameworkMethod.java:45)
	at org.junit.internal.runners.model.ReflectiveCallable.run(ReflectiveCallable.java:15)
	at org.junit.runners.model.FrameworkMethod.invokeExplosively(FrameworkMethod.java:42)
	at org.junit.internal.runners.statements.RunBefores.evaluate(RunBefores.java:27)
	at org.junit.runners.ParentRunner.runLeaf(ParentRunner.java:263)
	at org.junit.runners.BlockJUnit4ClassRunner.runChild(BlockJUnit4ClassRunner.java:68)
	at org.junit.runners.BlockJUnit4ClassRunner.runChild(BlockJUnit4ClassRunner.java:47)
	at org.junit.runners.ParentRunner$3.run(ParentRunner.java:231)
	at org.junit.runners.ParentRunner$1.schedule(ParentRunner.java:60)
	at org.junit.runners.ParentRunner.runChildren(ParentRunner.java:229)
	at org.junit.runners.ParentRunner.access$000(ParentRunner.java:50)
	at org.junit.runners.ParentRunner$2.evaluate(ParentRunner.java:222)
	at org.junit.internal.runners.statements.RunBefores.evaluate(RunBefores.java:28)
	at org.junit.runners.ParentRunner.run(ParentRunner.java:300)
	at org.apache.maven.surefire.junit4.JUnit4Provider.execute(JUnit4Provider.java:252)
	at org.apache.maven.surefire.junit4.JUnit4Provider.executeTestSet(JUnit4Provider.java:141)
	at org.apache.maven.surefire.junit4.JUnit4Provider.invoke(JUnit4Provider.java:112)
	at sun.reflect.NativeMethodAccessorImpl.invoke0(Native Method)
	at sun.reflect.NativeMethodAccessorImpl.invoke(NativeMethodAccessorImpl.java:57)
	at sun.reflect.DelegatingMethodAccessorImpl.invoke(DelegatingMethodAccessorImpl.java:43)
	at java.lang.reflect.Method.invoke(Method.java:606)
	at org.apache.maven.surefire.util.ReflectionUtils.invokeMethodWithArray(ReflectionUtils.java:189)
	at org.apache.maven.surefire.booter.ProviderFactory$ProviderProxy.invoke(ProviderFactory.java:165)
	at org.apache.maven.surefire.booter.ProviderFactory.invokeProvider(ProviderFactory.java:85)
	at org.apache.maven.surefire.booter.ForkedBooter.runSuitesInProcess(ForkedBooter.java:115)
	at org.apache.maven.surefire.booter.ForkedBooter.main(ForkedBooter.java:75)
Caused by: java.lang.NullPointerException
	at org.apache.jackrabbit.oak.upgrade.JackrabbitNodeState.createProperties(JackrabbitNodeState.java:286)
	at org.apache.jackrabbit.oak.upgrade.JackrabbitNodeState.<init>(JackrabbitNodeState.java:132)
	at org.apache.jackrabbit.oak.upgrade.JackrabbitNodeState.getChildNodeEntries(JackrabbitNodeState.java:225)
	at org.apache.jackrabbit.oak.upgrade.RepositoryUpgrade.setChildNode(RepositoryUpgrade.java:780)
	at org.apache.jackrabbit.oak.upgrade.RepositoryUpgrade.setChildNode(RepositoryUpgrade.java:781)
	at org.apache.jackrabbit.oak.upgrade.RepositoryUpgrade.setChildNode(RepositoryUpgrade.java:781)
	at org.apache.jackrabbit.oak.upgrade.RepositoryUpgrade.setChildNode(RepositoryUpgrade.java:781)
	at org.apache.jackrabbit.oak.upgrade.RepositoryUpgrade.setChildNode(RepositoryUpgrade.java:781)
	at org.apache.jackrabbit.oak.upgrade.RepositoryUpgrade.setChildNode(RepositoryUpgrade.java:781)
	at org.apache.jackrabbit.oak.upgrade.RepositoryUpgrade.copyState(RepositoryUpgrade.java:767)
	at org.apache.jackrabbit.oak.upgrade.RepositoryUpgrade.copyVersionStore(RepositoryUpgrade.java:730)
	at org.apache.jackrabbit.oak.upgrade.RepositoryUpgrade.copy(RepositoryUpgrade.java:264)
	... 33 more

verifyGenericProperties(org.apache.jackrabbit.oak.upgrade.RepositoryUpgradeTest)  Time elapsed: 45.807 sec  <<< ERROR!
javax.jcr.RepositoryException: Failed to copy content
	at org.apache.jackrabbit.oak.upgrade.RepositoryUpgrade.copy(RepositoryUpgrade.java:296)
	at org.apache.jackrabbit.oak.upgrade.RepositoryUpgrade.copy(RepositoryUpgrade.java:196)
	at org.apache.jackrabbit.oak.upgrade.RepositoryUpgrade.copy(RepositoryUpgrade.java:181)
	at org.apache.jackrabbit.oak.upgrade.AbstractRepositoryUpgradeTest.upgradeRepository(AbstractRepositoryUpgradeTest.java:85)
	at sun.reflect.NativeMethodAccessorImpl.invoke0(Native Method)
	at sun.reflect.NativeMethodAccessorImpl.invoke(NativeMethodAccessorImpl.java:57)
	at sun.reflect.DelegatingMethodAccessorImpl.invoke(DelegatingMethodAccessorImpl.java:43)
	at java.lang.reflect.Method.invoke(Method.java:606)
	at org.junit.runners.model.FrameworkMethod$1.runReflectiveCall(FrameworkMethod.java:45)
	at org.junit.internal.runners.model.ReflectiveCallable.run(ReflectiveCallable.java:15)
	at org.junit.runners.model.FrameworkMethod.invokeExplosively(FrameworkMethod.java:42)
	at org.junit.internal.runners.statements.RunBefores.evaluate(RunBefores.java:27)
	at org.junit.runners.ParentRunner.runLeaf(ParentRunner.java:263)
	at org.junit.runners.BlockJUnit4ClassRunner.runChild(BlockJUnit4ClassRunner.java:68)
	at org.junit.runners.BlockJUnit4ClassRunner.runChild(BlockJUnit4ClassRunner.java:47)
	at org.junit.runners.ParentRunner$3.run(ParentRunner.java:231)
	at org.junit.runners.ParentRunner$1.schedule(ParentRunner.java:60)
	at org.junit.runners.ParentRunner.runChildren(ParentRunner.java:229)
	at org.junit.runners.ParentRunner.access$000(ParentRunner.java:50)
	at org.junit.runners.ParentRunner$2.evaluate(ParentRunner.java:222)
	at org.junit.internal.runners.statements.RunBefores.evaluate(RunBefores.java:28)
	at org.junit.runners.ParentRunner.run(ParentRunner.java:300)
	at org.apache.maven.surefire.junit4.JUnit4Provider.execute(JUnit4Provider.java:252)
	at org.apache.maven.surefire.junit4.JUnit4Provider.executeTestSet(JUnit4Provider.java:141)
	at org.apache.maven.surefire.junit4.JUnit4Provider.invoke(JUnit4Provider.java:112)
	at sun.reflect.NativeMethodAccessorImpl.invoke0(Native Method)
	at sun.reflect.NativeMethodAccessorImpl.invoke(NativeMethodAccessorImpl.java:57)
	at sun.reflect.DelegatingMethodAccessorImpl.invoke(DelegatingMethodAccessorImpl.java:43)
	at java.lang.reflect.Method.invoke(Method.java:606)
	at org.apache.maven.surefire.util.ReflectionUtils.invokeMethodWithArray(ReflectionUtils.java:189)
	at org.apache.maven.surefire.booter.ProviderFactory$ProviderProxy.invoke(ProviderFactory.java:165)
	at org.apache.maven.surefire.booter.ProviderFactory.invokeProvider(ProviderFactory.java:85)
	at org.apache.maven.surefire.booter.ForkedBooter.runSuitesInProcess(ForkedBooter.java:115)
	at org.apache.maven.surefire.booter.ForkedBooter.main(ForkedBooter.java:75)
Caused by: java.lang.NullPointerException
	at org.apache.jackrabbit.oak.upgrade.JackrabbitNodeState.createProperties(JackrabbitNodeState.java:286)
	at org.apache.jackrabbit.oak.upgrade.JackrabbitNodeState.<init>(JackrabbitNodeState.java:132)
	at org.apache.jackrabbit.oak.upgrade.JackrabbitNodeState.getChildNodeEntries(JackrabbitNodeState.java:225)
	at org.apache.jackrabbit.oak.upgrade.RepositoryUpgrade.setChildNode(RepositoryUpgrade.java:780)
	at org.apache.jackrabbit.oak.upgrade.RepositoryUpgrade.setChildNode(RepositoryUpgrade.java:781)
	at org.apache.jackrabbit.oak.upgrade.RepositoryUpgrade.setChildNode(RepositoryUpgrade.java:781)
	at org.apache.jackrabbit.oak.upgrade.RepositoryUpgrade.setChildNode(RepositoryUpgrade.java:781)
	at org.apache.jackrabbit.oak.upgrade.RepositoryUpgrade.setChildNode(RepositoryUpgrade.java:781)
	at org.apache.jackrabbit.oak.upgrade.RepositoryUpgrade.setChildNode(RepositoryUpgrade.java:781)
	at org.apache.jackrabbit.oak.upgrade.RepositoryUpgrade.copyState(RepositoryUpgrade.java:767)
	at org.apache.jackrabbit.oak.upgrade.RepositoryUpgrade.copyVersionStore(RepositoryUpgrade.java:730)
	at org.apache.jackrabbit.oak.upgrade.RepositoryUpgrade.copy(RepositoryUpgrade.java:264)
	... 33 more

verifyReferencePropertiesContent(org.apache.jackrabbit.oak.upgrade.RepositoryUpgradeTest)  Time elapsed: 8.681 sec  <<< ERROR!
javax.jcr.RepositoryException: Failed to copy content
	at org.apache.jackrabbit.oak.upgrade.RepositoryUpgrade.copy(RepositoryUpgrade.java:296)
	at org.apache.jackrabbit.oak.upgrade.RepositoryUpgrade.copy(RepositoryUpgrade.java:196)
	at org.apache.jackrabbit.oak.upgrade.RepositoryUpgrade.copy(RepositoryUpgrade.java:181)
	at org.apache.jackrabbit.oak.upgrade.AbstractRepositoryUpgradeTest.upgradeRepository(AbstractRepositoryUpgradeTest.java:85)
	at sun.reflect.NativeMethodAccessorImpl.invoke0(Native Method)
	at sun.reflect.NativeMethodAccessorImpl.invoke(NativeMethodAccessorImpl.java:57)
	at sun.reflect.DelegatingMethodAccessorImpl.invoke(DelegatingMethodAccessorImpl.java:43)
	at java.lang.reflect.Method.invoke(Method.java:606)
	at org.junit.runners.model.FrameworkMethod$1.runReflectiveCall(FrameworkMethod.java:45)
	at org.junit.internal.runners.model.ReflectiveCallable.run(ReflectiveCallable.java:15)
	at org.junit.runners.model.FrameworkMethod.invokeExplosively(FrameworkMethod.java:42)
	at org.junit.internal.runners.statements.RunBefores.evaluate(RunBefores.java:27)
	at org.junit.runners.ParentRunner.runLeaf(ParentRunner.java:263)
	at org.junit.runners.BlockJUnit4ClassRunner.runChild(BlockJUnit4ClassRunner.java:68)
	at org.junit.runners.BlockJUnit4ClassRunner.runChild(BlockJUnit4ClassRunner.java:47)
	at org.junit.runners.ParentRunner$3.run(ParentRunner.java:231)
	at org.junit.runners.ParentRunner$1.schedule(ParentRunner.java:60)
	at org.junit.runners.ParentRunner.runChildren(ParentRunner.java:229)
	at org.junit.runners.ParentRunner.access$000(ParentRunner.java:50)
	at org.junit.runners.ParentRunner$2.evaluate(ParentRunner.java:222)
	at org.junit.internal.runners.statements.RunBefores.evaluate(RunBefores.java:28)
	at org.junit.runners.ParentRunner.run(ParentRunner.java:300)
	at org.apache.maven.surefire.junit4.JUnit4Provider.execute(JUnit4Provider.java:252)
	at org.apache.maven.surefire.junit4.JUnit4Provider.executeTestSet(JUnit4Provider.java:141)
	at org.apache.maven.surefire.junit4.JUnit4Provider.invoke(JUnit4Provider.java:112)
	at sun.reflect.NativeMethodAccessorImpl.invoke0(Native Method)
	at sun.reflect.NativeMethodAccessorImpl.invoke(NativeMethodAccessorImpl.java:57)
	at sun.reflect.DelegatingMethodAccessorImpl.invoke(DelegatingMethodAccessorImpl.java:43)
	at java.lang.reflect.Method.invoke(Method.java:606)
	at org.apache.maven.surefire.util.ReflectionUtils.invokeMethodWithArray(ReflectionUtils.java:189)
	at org.apache.maven.surefire.booter.ProviderFactory$ProviderProxy.invoke(ProviderFactory.java:165)
	at org.apache.maven.surefire.booter.ProviderFactory.invokeProvider(ProviderFactory.java:85)
	at org.apache.maven.surefire.booter.ForkedBooter.runSuitesInProcess(ForkedBooter.java:115)
	at org.apache.maven.surefire.booter.ForkedBooter.main(ForkedBooter.java:75)
Caused by: java.lang.NullPointerException
	at org.apache.jackrabbit.oak.upgrade.JackrabbitNodeState.createProperties(JackrabbitNodeState.java:286)
	at org.apache.jackrabbit.oak.upgrade.JackrabbitNodeState.<init>(JackrabbitNodeState.java:132)
	at org.apache.jackrabbit.oak.upgrade.JackrabbitNodeState.getChildNodeEntries(JackrabbitNodeState.java:225)
	at org.apache.jackrabbit.oak.upgrade.RepositoryUpgrade.setChildNode(RepositoryUpgrade.java:780)
	at org.apache.jackrabbit.oak.upgrade.RepositoryUpgrade.setChildNode(RepositoryUpgrade.java:781)
	at org.apache.jackrabbit.oak.upgrade.RepositoryUpgrade.setChildNode(RepositoryUpgrade.java:781)
	at org.apache.jackrabbit.oak.upgrade.RepositoryUpgrade.setChildNode(RepositoryUpgrade.java:781)
	at org.apache.jackrabbit.oak.upgrade.RepositoryUpgrade.setChildNode(RepositoryUpgrade.java:781)
	at org.apache.jackrabbit.oak.upgrade.RepositoryUpgrade.setChildNode(RepositoryUpgrade.java:781)
	at org.apache.jackrabbit.oak.upgrade.RepositoryUpgrade.copyState(RepositoryUpgrade.java:767)
	at org.apache.jackrabbit.oak.upgrade.RepositoryUpgrade.copyVersionStore(RepositoryUpgrade.java:730)
	at org.apache.jackrabbit.oak.upgrade.RepositoryUpgrade.copy(RepositoryUpgrade.java:264)
	... 33 more

verifyVersionHistory(org.apache.jackrabbit.oak.upgrade.RepositoryUpgradeTest)  Time elapsed: 15.763 sec  <<< ERROR!
javax.jcr.RepositoryException: Failed to copy content
	at org.apache.jackrabbit.oak.upgrade.RepositoryUpgrade.copy(RepositoryUpgrade.java:296)
	at org.apache.jackrabbit.oak.upgrade.RepositoryUpgrade.copy(RepositoryUpgrade.java:196)
	at org.apache.jackrabbit.oak.upgrade.RepositoryUpgrade.copy(RepositoryUpgrade.java:181)
	at org.apache.jackrabbit.oak.upgrade.AbstractRepositoryUpgradeTest.upgradeRepository(AbstractRepositoryUpgradeTest.java:85)
	at sun.reflect.NativeMethodAccessorImpl.invoke0(Native Method)
	at sun.reflect.NativeMethodAccessorImpl.invoke(NativeMethodAccessorImpl.java:57)
	at sun.reflect.DelegatingMethodAccessorImpl.invoke(DelegatingMethodAccessorImpl.java:43)
	at java.lang.reflect.Method.invoke(Method.java:606)
	at org.junit.runners.model.FrameworkMethod$1.runReflectiveCall(FrameworkMethod.java:45)
	at org.junit.internal.runners.model.ReflectiveCallable.run(ReflectiveCallable.java:15)
	at org.junit.runners.model.FrameworkMethod.invokeExplosively(FrameworkMethod.java:42)
	at org.junit.internal.runners.statements.RunBefores.evaluate(RunBefores.java:27)
	at org.junit.runners.ParentRunner.runLeaf(ParentRunner.java:263)
	at org.junit.runners.BlockJUnit4ClassRunner.runChild(BlockJUnit4ClassRunner.java:68)
	at org.junit.runners.BlockJUnit4ClassRunner.runChild(BlockJUnit4ClassRunner.java:47)
	at org.junit.runners.ParentRunner$3.run(ParentRunner.java:231)
	at org.junit.runners.ParentRunner$1.schedule(ParentRunner.java:60)
	at org.junit.runners.ParentRunner.runChildren(ParentRunner.java:229)
	at org.junit.runners.ParentRunner.access$000(ParentRunner.java:50)
	at org.junit.runners.ParentRunner$2.evaluate(ParentRunner.java:222)
	at org.junit.internal.runners.statements.RunBefores.evaluate(RunBefores.java:28)
	at org.junit.runners.ParentRunner.run(ParentRunner.java:300)
	at org.apache.maven.surefire.junit4.JUnit4Provider.execute(JUnit4Provider.java:252)
	at org.apache.maven.surefire.junit4.JUnit4Provider.executeTestSet(JUnit4Provider.java:141)
	at org.apache.maven.surefire.junit4.JUnit4Provider.invoke(JUnit4Provider.java:112)
	at sun.reflect.NativeMethodAccessorImpl.invoke0(Native Method)
	at sun.reflect.NativeMethodAccessorImpl.invoke(NativeMethodAccessorImpl.java:57)
	at sun.reflect.DelegatingMethodAccessorImpl.invoke(DelegatingMethodAccessorImpl.java:43)
	at java.lang.reflect.Method.invoke(Method.java:606)
	at org.apache.maven.surefire.util.ReflectionUtils.invokeMethodWithArray(ReflectionUtils.java:189)
	at org.apache.maven.surefire.booter.ProviderFactory$ProviderProxy.invoke(ProviderFactory.java:165)
	at org.apache.maven.surefire.booter.ProviderFactory.invokeProvider(ProviderFactory.java:85)
	at org.apache.maven.surefire.booter.ForkedBooter.runSuitesInProcess(ForkedBooter.java:115)
	at org.apache.maven.surefire.booter.ForkedBooter.main(ForkedBooter.java:75)
Caused by: java.lang.NullPointerException
	at org.apache.jackrabbit.oak.upgrade.JackrabbitNodeState.createProperties(JackrabbitNodeState.java:286)
	at org.apache.jackrabbit.oak.upgrade.JackrabbitNodeState.<init>(JackrabbitNodeState.java:132)
	at org.apache.jackrabbit.oak.upgrade.JackrabbitNodeState.getChildNodeEntries(JackrabbitNodeState.java:225)
	at org.apache.jackrabbit.oak.upgrade.RepositoryUpgrade.setChildNode(RepositoryUpgrade.java:780)
	at org.apache.jackrabbit.oak.upgrade.RepositoryUpgrade.setChildNode(RepositoryUpgrade.java:781)
	at org.apache.jackrabbit.oak.upgrade.RepositoryUpgrade.setChildNode(RepositoryUpgrade.java:781)
	at org.apache.jackrabbit.oak.upgrade.RepositoryUpgrade.setChildNode(RepositoryUpgrade.java:781)
	at org.apache.jackrabbit.oak.upgrade.RepositoryUpgrade.setChildNode(RepositoryUpgrade.java:781)
	at org.apache.jackrabbit.oak.upgrade.RepositoryUpgrade.setChildNode(RepositoryUpgrade.java:781)
	at org.apache.jackrabbit.oak.upgrade.RepositoryUpgrade.copyState(RepositoryUpgrade.java:767)
	at org.apache.jackrabbit.oak.upgrade.RepositoryUpgrade.copyVersionStore(RepositoryUpgrade.java:730)
	at org.apache.jackrabbit.oak.upgrade.RepositoryUpgrade.copy(RepositoryUpgrade.java:264)
	... 33 more

verifyNameSpaces(org.apache.jackrabbit.oak.upgrade.RepositoryUpgradeTest)  Time elapsed: 146.778 sec  <<< ERROR!
javax.jcr.RepositoryException: Failed to copy content
	at org.apache.jackrabbit.oak.upgrade.RepositoryUpgrade.copy(RepositoryUpgrade.java:296)
	at org.apache.jackrabbit.oak.upgrade.RepositoryUpgrade.copy(RepositoryUpgrade.java:196)
	at org.apache.jackrabbit.oak.upgrade.RepositoryUpgrade.copy(RepositoryUpgrade.java:181)
	at org.apache.jackrabbit.oak.upgrade.AbstractRepositoryUpgradeTest.upgradeRepository(AbstractRepositoryUpgradeTest.java:85)
	at sun.reflect.NativeMethodAccessorImpl.invoke0(Native Method)
	at sun.reflect.NativeMethodAccessorImpl.invoke(NativeMethodAccessorImpl.java:57)
	at sun.reflect.DelegatingMethodAccessorImpl.invoke(DelegatingMethodAccessorImpl.java:43)
	at java.lang.reflect.Method.invoke(Method.java:606)
	at org.junit.runners.model.FrameworkMethod$1.runReflectiveCall(FrameworkMethod.java:45)
	at org.junit.internal.runners.model.ReflectiveCallable.run(ReflectiveCallable.java:15)
	at org.junit.runners.model.FrameworkMethod.invokeExplosively(FrameworkMethod.java:42)
	at org.junit.internal.runners.statements.RunBefores.evaluate(RunBefores.java:27)
	at org.junit.runners.ParentRunner.runLeaf(ParentRunner.java:263)
	at org.junit.runners.BlockJUnit4ClassRunner.runChild(BlockJUnit4ClassRunner.java:68)
	at org.junit.runners.BlockJUnit4ClassRunner.runChild(BlockJUnit4ClassRunner.java:47)
	at org.junit.runners.ParentRunner$3.run(ParentRunner.java:231)
	at org.junit.runners.ParentRunner$1.schedule(ParentRunner.java:60)
	at org.junit.runners.ParentRunner.runChildren(ParentRunner.java:229)
	at org.junit.runners.ParentRunner.access$000(ParentRunner.java:50)
	at org.junit.runners.ParentRunner$2.evaluate(ParentRunner.java:222)
	at org.junit.internal.runners.statements.RunBefores.evaluate(RunBefores.java:28)
	at org.junit.runners.ParentRunner.run(ParentRunner.java:300)
	at org.apache.maven.surefire.junit4.JUnit4Provider.execute(JUnit4Provider.java:252)
	at org.apache.maven.surefire.junit4.JUnit4Provider.executeTestSet(JUnit4Provider.java:141)
	at org.apache.maven.surefire.junit4.JUnit4Provider.invoke(JUnit4Provider.java:112)
	at sun.reflect.NativeMethodAccessorImpl.invoke0(Native Method)
	at sun.reflect.NativeMethodAccessorImpl.invoke(NativeMethodAccessorImpl.java:57)
	at sun.reflect.DelegatingMethodAccessorImpl.invoke(DelegatingMethodAccessorImpl.java:43)
	at java.lang.reflect.Method.invoke(Method.java:606)
	at org.apache.maven.surefire.util.ReflectionUtils.invokeMethodWithArray(ReflectionUtils.java:189)
	at org.apache.maven.surefire.booter.ProviderFactory$ProviderProxy.invoke(ProviderFactory.java:165)
	at org.apache.maven.surefire.booter.ProviderFactory.invokeProvider(ProviderFactory.java:85)
	at org.apache.maven.surefire.booter.ForkedBooter.runSuitesInProcess(ForkedBooter.java:115)
	at org.apache.maven.surefire.booter.ForkedBooter.main(ForkedBooter.java:75)
Caused by: java.lang.NullPointerException
	at org.apache.jackrabbit.oak.upgrade.JackrabbitNodeState.createProperties(JackrabbitNodeState.java:286)
	at org.apache.jackrabbit.oak.upgrade.JackrabbitNodeState.<init>(JackrabbitNodeState.java:132)
	at org.apache.jackrabbit.oak.upgrade.JackrabbitNodeState.getChildNodeEntries(JackrabbitNodeState.java:225)
	at org.apache.jackrabbit.oak.upgrade.RepositoryUpgrade.setChildNode(RepositoryUpgrade.java:780)
	at org.apache.jackrabbit.oak.upgrade.RepositoryUpgrade.setChildNode(RepositoryUpgrade.java:781)
	at org.apache.jackrabbit.oak.upgrade.RepositoryUpgrade.setChildNode(RepositoryUpgrade.java:781)
	at org.apache.jackrabbit.oak.upgrade.RepositoryUpgrade.setChildNode(RepositoryUpgrade.java:781)
	at org.apache.jackrabbit.oak.upgrade.RepositoryUpgrade.setChildNode(RepositoryUpgrade.java:781)
	at org.apache.jackrabbit.oak.upgrade.RepositoryUpgrade.setChildNode(RepositoryUpgrade.java:781)
	at org.apache.jackrabbit.oak.upgrade.RepositoryUpgrade.copyState(RepositoryUpgrade.java:767)
	at org.apache.jackrabbit.oak.upgrade.RepositoryUpgrade.copyVersionStore(RepositoryUpgrade.java:730)
	at org.apache.jackrabbit.oak.upgrade.RepositoryUpgrade.copy(RepositoryUpgrade.java:264)
	... 33 more

verifyCustomPrivileges(org.apache.jackrabbit.oak.upgrade.RepositoryUpgradeTest)  Time elapsed: 69.994 sec  <<< ERROR!
javax.jcr.RepositoryException: Failed to copy content
	at org.apache.jackrabbit.oak.upgrade.RepositoryUpgrade.copy(RepositoryUpgrade.java:296)
	at org.apache.jackrabbit.oak.upgrade.RepositoryUpgrade.copy(RepositoryUpgrade.java:196)
	at org.apache.jackrabbit.oak.upgrade.RepositoryUpgrade.copy(RepositoryUpgrade.java:181)
	at org.apache.jackrabbit.oak.upgrade.AbstractRepositoryUpgradeTest.upgradeRepository(AbstractRepositoryUpgradeTest.java:85)
	at sun.reflect.NativeMethodAccessorImpl.invoke0(Native Method)
	at sun.reflect.NativeMethodAccessorImpl.invoke(NativeMethodAccessorImpl.java:57)
	at sun.reflect.DelegatingMethodAccessorImpl.invoke(DelegatingMethodAccessorImpl.java:43)
	at java.lang.reflect.Method.invoke(Method.java:606)
	at org.junit.runners.model.FrameworkMethod$1.runReflectiveCall(FrameworkMethod.java:45)
	at org.junit.internal.runners.model.ReflectiveCallable.run(ReflectiveCallable.java:15)
	at org.junit.runners.model.FrameworkMethod.invokeExplosively(FrameworkMethod.java:42)
	at org.junit.internal.runners.statements.RunBefores.evaluate(RunBefores.java:27)
	at org.junit.runners.ParentRunner.runLeaf(ParentRunner.java:263)
	at org.junit.runners.BlockJUnit4ClassRunner.runChild(BlockJUnit4ClassRunner.java:68)
	at org.junit.runners.BlockJUnit4ClassRunner.runChild(BlockJUnit4ClassRunner.java:47)
	at org.junit.runners.ParentRunner$3.run(ParentRunner.java:231)
	at org.junit.runners.ParentRunner$1.schedule(ParentRunner.java:60)
	at org.junit.runners.ParentRunner.runChildren(ParentRunner.java:229)
	at org.junit.runners.ParentRunner.access$000(ParentRunner.java:50)
	at org.junit.runners.ParentRunner$2.evaluate(ParentRunner.java:222)
	at org.junit.internal.runners.statements.RunBefores.evaluate(RunBefores.java:28)
	at org.junit.runners.ParentRunner.run(ParentRunner.java:300)
	at org.apache.maven.surefire.junit4.JUnit4Provider.execute(JUnit4Provider.java:252)
	at org.apache.maven.surefire.junit4.JUnit4Provider.executeTestSet(JUnit4Provider.java:141)
	at org.apache.maven.surefire.junit4.JUnit4Provider.invoke(JUnit4Provider.java:112)
	at sun.reflect.NativeMethodAccessorImpl.invoke0(Native Method)
	at sun.reflect.NativeMethodAccessorImpl.invoke(NativeMethodAccessorImpl.java:57)
	at sun.reflect.DelegatingMethodAccessorImpl.invoke(DelegatingMethodAccessorImpl.java:43)
	at java.lang.reflect.Method.invoke(Method.java:606)
	at org.apache.maven.surefire.util.ReflectionUtils.invokeMethodWithArray(ReflectionUtils.java:189)
	at org.apache.maven.surefire.booter.ProviderFactory$ProviderProxy.invoke(ProviderFactory.java:165)
	at org.apache.maven.surefire.booter.ProviderFactory.invokeProvider(ProviderFactory.java:85)
	at org.apache.maven.surefire.booter.ForkedBooter.runSuitesInProcess(ForkedBooter.java:115)
	at org.apache.maven.surefire.booter.ForkedBooter.main(ForkedBooter.java:75)
Caused by: java.lang.NullPointerException
	at org.apache.jackrabbit.oak.upgrade.JackrabbitNodeState.createProperties(JackrabbitNodeState.java:286)
	at org.apache.jackrabbit.oak.upgrade.JackrabbitNodeState.<init>(JackrabbitNodeState.java:132)
	at org.apache.jackrabbit.oak.upgrade.JackrabbitNodeState.getChildNodeEntries(JackrabbitNodeState.java:225)
	at org.apache.jackrabbit.oak.upgrade.RepositoryUpgrade.setChildNode(RepositoryUpgrade.java:780)
	at org.apache.jackrabbit.oak.upgrade.RepositoryUpgrade.setChildNode(RepositoryUpgrade.java:781)
	at org.apache.jackrabbit.oak.upgrade.RepositoryUpgrade.setChildNode(RepositoryUpgrade.java:781)
	at org.apache.jackrabbit.oak.upgrade.RepositoryUpgrade.setChildNode(RepositoryUpgrade.java:781)
	at org.apache.jackrabbit.oak.upgrade.RepositoryUpgrade.setChildNode(RepositoryUpgrade.java:781)
	at org.apache.jackrabbit.oak.upgrade.RepositoryUpgrade.setChildNode(RepositoryUpgrade.java:781)
	at org.apache.jackrabbit.oak.upgrade.RepositoryUpgrade.copyState(RepositoryUpgrade.java:767)
	at org.apache.jackrabbit.oak.upgrade.RepositoryUpgrade.copyVersionStore(RepositoryUpgrade.java:730)
	at org.apache.jackrabbit.oak.upgrade.RepositoryUpgrade.copy(RepositoryUpgrade.java:264)
	... 33 more

verifyCustomNodeTypes(org.apache.jackrabbit.oak.upgrade.RepositoryUpgradeTest)  Time elapsed: 100.474 sec  <<< ERROR!
javax.jcr.RepositoryException: Failed to copy content
	at org.apache.jackrabbit.oak.upgrade.RepositoryUpgrade.copy(RepositoryUpgrade.java:296)
	at org.apache.jackrabbit.oak.upgrade.RepositoryUpgrade.copy(RepositoryUpgrade.java:196)
	at org.apache.jackrabbit.oak.upgrade.RepositoryUpgrade.copy(RepositoryUpgrade.java:181)
	at org.apache.jackrabbit.oak.upgrade.AbstractRepositoryUpgradeTest.upgradeRepository(AbstractRepositoryUpgradeTest.java:85)
	at sun.reflect.NativeMethodAccessorImpl.invoke0(Native Method)
	at sun.reflect.NativeMethodAccessorImpl.invoke(NativeMethodAccessorImpl.java:57)
	at sun.reflect.DelegatingMethodAccessorImpl.invoke(DelegatingMethodAccessorImpl.java:43)
	at java.lang.reflect.Method.invoke(Method.java:606)
	at org.junit.runners.model.FrameworkMethod$1.runReflectiveCall(FrameworkMethod.java:45)
	at org.junit.internal.runners.model.ReflectiveCallable.run(ReflectiveCallable.java:15)
	at org.junit.runners.model.FrameworkMethod.invokeExplosively(FrameworkMethod.java:42)
	at org.junit.internal.runners.statements.RunBefores.evaluate(RunBefores.java:27)
	at org.junit.runners.ParentRunner.runLeaf(ParentRunner.java:263)
	at org.junit.runners.BlockJUnit4ClassRunner.runChild(BlockJUnit4ClassRunner.java:68)
	at org.junit.runners.BlockJUnit4ClassRunner.runChild(BlockJUnit4ClassRunner.java:47)
	at org.junit.runners.ParentRunner$3.run(ParentRunner.java:231)
	at org.junit.runners.ParentRunner$1.schedule(ParentRunner.java:60)
	at org.junit.runners.ParentRunner.runChildren(ParentRunner.java:229)
	at org.junit.runners.ParentRunner.access$000(ParentRunner.java:50)
	at org.junit.runners.ParentRunner$2.evaluate(ParentRunner.java:222)
	at org.junit.internal.runners.statements.RunBefores.evaluate(RunBefores.java:28)
	at org.junit.runners.ParentRunner.run(ParentRunner.java:300)
	at org.apache.maven.surefire.junit4.JUnit4Provider.execute(JUnit4Provider.java:252)
	at org.apache.maven.surefire.junit4.JUnit4Provider.executeTestSet(JUnit4Provider.java:141)
	at org.apache.maven.surefire.junit4.JUnit4Provider.invoke(JUnit4Provider.java:112)
	at sun.reflect.NativeMethodAccessorImpl.invoke0(Native Method)
	at sun.reflect.NativeMethodAccessorImpl.invoke(NativeMethodAccessorImpl.java:57)
	at sun.reflect.DelegatingMethodAccessorImpl.invoke(DelegatingMethodAccessorImpl.java:43)
	at java.lang.reflect.Method.invoke(Method.java:606)
	at org.apache.maven.surefire.util.ReflectionUtils.invokeMethodWithArray(ReflectionUtils.java:189)
	at org.apache.maven.surefire.booter.ProviderFactory$ProviderProxy.invoke(ProviderFactory.java:165)
	at org.apache.maven.surefire.booter.ProviderFactory.invokeProvider(ProviderFactory.java:85)
	at org.apache.maven.surefire.booter.ForkedBooter.runSuitesInProcess(ForkedBooter.java:115)
	at org.apache.maven.surefire.booter.ForkedBooter.main(ForkedBooter.java:75)
Caused by: java.lang.NullPointerException
	at org.apache.jackrabbit.oak.upgrade.JackrabbitNodeState.createProperties(JackrabbitNodeState.java:286)
	at org.apache.jackrabbit.oak.upgrade.JackrabbitNodeState.<init>(JackrabbitNodeState.java:132)
	at org.apache.jackrabbit.oak.upgrade.JackrabbitNodeState.getChildNodeEntries(JackrabbitNodeState.java:225)
	at org.apache.jackrabbit.oak.upgrade.RepositoryUpgrade.setChildNode(RepositoryUpgrade.java:780)
	at org.apache.jackrabbit.oak.upgrade.RepositoryUpgrade.setChildNode(RepositoryUpgrade.java:781)
	at org.apache.jackrabbit.oak.upgrade.RepositoryUpgrade.setChildNode(RepositoryUpgrade.java:781)
	at org.apache.jackrabbit.oak.upgrade.RepositoryUpgrade.setChildNode(RepositoryUpgrade.java:781)
	at org.apache.jackrabbit.oak.upgrade.RepositoryUpgrade.setChildNode(RepositoryUpgrade.java:781)
	at org.apache.jackrabbit.oak.upgrade.RepositoryUpgrade.setChildNode(RepositoryUpgrade.java:781)
	at org.apache.jackrabbit.oak.upgrade.RepositoryUpgrade.copyState(RepositoryUpgrade.java:767)
	at org.apache.jackrabbit.oak.upgrade.RepositoryUpgrade.copyVersionStore(RepositoryUpgrade.java:730)
	at org.apache.jackrabbit.oak.upgrade.RepositoryUpgrade.copy(RepositoryUpgrade.java:264)
	... 33 more


Results :

Tests in error: 
  verifyGroupNodeTypes(org.apache.jackrabbit.oak.upgrade.RepositoryGroupMemberSplitUpgradeTest): Failed to copy content
  verifyMembers(org.apache.jackrabbit.oak.upgrade.RepositoryGroupMemberSplitUpgradeTest): Failed to copy content
  verifyMemberOf(org.apache.jackrabbit.oak.upgrade.RepositoryGroupMemberSplitUpgradeTest): Failed to copy content
  verifyGroupNodeTypes(org.apache.jackrabbit.oak.upgrade.RepositoryGroupMemberUpgradeTest): Failed to copy content
  verifyMembers(org.apache.jackrabbit.oak.upgrade.RepositoryGroupMemberUpgradeTest): Failed to copy content
  verifyMemberOf(org.apache.jackrabbit.oak.upgrade.RepositoryGroupMemberUpgradeTest): Failed to copy content
  verifyNewBuiltinNodeTypes(org.apache.jackrabbit.oak.upgrade.RepositoryUpgradeTest): Failed to copy content
  verifyReplacedBuiltinNodeTypes(org.apache.jackrabbit.oak.upgrade.RepositoryUpgradeTest): Failed to copy content
  verifyGenericProperties(org.apache.jackrabbit.oak.upgrade.RepositoryUpgradeTest): Failed to copy content
  verifyReferencePropertiesContent(org.apache.jackrabbit.oak.upgrade.RepositoryUpgradeTest): Failed to copy content
  verifyVersionHistory(org.apache.jackrabbit.oak.upgrade.RepositoryUpgradeTest): Failed to copy content
  verifyNameSpaces(org.apache.jackrabbit.oak.upgrade.RepositoryUpgradeTest): Failed to copy content
  verifyCustomPrivileges(org.apache.jackrabbit.oak.upgrade.RepositoryUpgradeTest): Failed to copy content
  verifyCustomNodeTypes(org.apache.jackrabbit.oak.upgrade.RepositoryUpgradeTest): Failed to copy content

Tests run: 14, Failures: 0, Errors: 14, Skipped: 0

[INFO] ------------------------------------------------------------------------
[INFO] BUILD FAILURE
[INFO] ------------------------------------------------------------------------
[INFO] Total time: 12:32 min
[INFO] Finished at: 2020-03-09T12:26:26-07:00
[INFO] Final Memory: 20M/982M
[INFO] ------------------------------------------------------------------------
[ERROR] Failed to execute goal org.apache.maven.plugins:maven-surefire-plugin:2.12.4:test (default-test) on project oak-upgrade: There are test failures.
[ERROR] 
[ERROR] Please refer to /tmp/Bugs.jar_Jackrabbit-Oak_9f7c1df0_java-7/oak-upgrade/target/surefire-reports for the individual test results.
[ERROR] -> [Help 1]
[ERROR] 
[ERROR] To see the full stack trace of the errors, re-run Maven with the -e switch.
[ERROR] Re-run Maven using the -X switch to enable full debug logging.
[ERROR] 
[ERROR] For more information about the errors and possible solutions, please read the following articles:
[ERROR] [Help 1] http://cwiki.apache.org/confluence/display/MAVEN/MojoFailureException
