Picked up JAVA_TOOL_OPTIONS: -XX:CICompilerCount=2 -XX:ParallelGCThreads=2 -XX:ConcGCThreads=2 -Djdk.net.URLClassPath.disableClassPathURLCheck=true 
Picked up _JAVA_OPTIONS: -Djdk.net.URLClassPath.disableClassPathURLCheck=true
Apache Maven 3.5.0 (Red Hat 3.5.0-4.3)
Maven home: /opt/rh/rh-maven35/root/usr/share/maven
Java version: 1.7.0_80, vendor: Oracle Corporation
Java home: /scratch/jmcampos/RTA/repair_them_all_framework/jdks/jdk1.7.0_80/jre
Default locale: en_US, platform encoding: UTF-8
OS name: "linux", version: "4.14.125-1.el7.retpoline.x86_64", arch: "amd64", family: "unix"
[INFO] Scanning for projects...
[INFO] 
[INFO] ------------------------------------------------------------------------
[INFO] Building flink-runtime 1.1-SNAPSHOT
[INFO] ------------------------------------------------------------------------
[INFO] Downloading: http://repository.apache.org/snapshots/org/apache/flink/flink-core/1.1-SNAPSHOT/maven-metadata.xml
[INFO] Downloaded: http://repository.apache.org/snapshots/org/apache/flink/flink-core/1.1-SNAPSHOT/maven-metadata.xml (1.4 kB at 3.1 kB/s)
[INFO] Downloading: http://repository.apache.org/snapshots/org/apache/flink/flink-parent/1.1-SNAPSHOT/maven-metadata.xml
[INFO] Downloaded: http://repository.apache.org/snapshots/org/apache/flink/flink-parent/1.1-SNAPSHOT/maven-metadata.xml (605 B at 1.8 kB/s)
[INFO] Downloading: http://repository.apache.org/snapshots/org/apache/flink/flink-annotations/1.1-SNAPSHOT/maven-metadata.xml
[INFO] Downloaded: http://repository.apache.org/snapshots/org/apache/flink/flink-annotations/1.1-SNAPSHOT/maven-metadata.xml (1.4 kB at 4.4 kB/s)
[INFO] Downloading: http://repository.apache.org/snapshots/org/apache/flink/flink-shaded-hadoop2/1.1-SNAPSHOT/maven-metadata.xml
[INFO] Downloaded: http://repository.apache.org/snapshots/org/apache/flink/flink-shaded-hadoop2/1.1-SNAPSHOT/maven-metadata.xml (1.0 kB at 3.1 kB/s)
[INFO] Downloading: http://repository.apache.org/snapshots/org/apache/flink/flink-shaded-hadoop/1.1-SNAPSHOT/maven-metadata.xml
[INFO] Downloaded: http://repository.apache.org/snapshots/org/apache/flink/flink-shaded-hadoop/1.1-SNAPSHOT/maven-metadata.xml (612 B at 1.8 kB/s)
[INFO] Downloading: http://repository.apache.org/snapshots/org/apache/flink/flink-java/1.1-SNAPSHOT/maven-metadata.xml
[INFO] Downloaded: http://repository.apache.org/snapshots/org/apache/flink/flink-java/1.1-SNAPSHOT/maven-metadata.xml (1.4 kB at 4.0 kB/s)
[INFO] Downloading: http://repository.apache.org/snapshots/org/apache/flink/flink-shaded-curator-recipes/1.1-SNAPSHOT/maven-metadata.xml
[INFO] Downloaded: http://repository.apache.org/snapshots/org/apache/flink/flink-shaded-curator-recipes/1.1-SNAPSHOT/maven-metadata.xml (1.2 kB at 3.7 kB/s)
[INFO] Downloading: http://repository.apache.org/snapshots/org/apache/flink/flink-shaded-curator/1.1-SNAPSHOT/maven-metadata.xml
[INFO] Downloaded: http://repository.apache.org/snapshots/org/apache/flink/flink-shaded-curator/1.1-SNAPSHOT/maven-metadata.xml (613 B at 1.9 kB/s)
[INFO] 
[INFO] --- maven-checkstyle-plugin:2.16:check (validate) @ flink-runtime_2.10 ---
[INFO] 
[INFO] --- maven-enforcer-plugin:1.3.1:enforce (enforce-maven) @ flink-runtime_2.10 ---
[INFO] Skipping Rule Enforcement.
[INFO] 
[INFO] --- git-commit-id-plugin:2.1.5:revision (default) @ flink-runtime_2.10 ---
[info] 
[info] /scratch/tmp-rta/Bugs.jar_Flink_734ba01d_java-7/.git
[info] 
[info] 
[info] 
[info] 
[info] 
[info] 
[info] 
[info] 
[info] 
[info] 
[info] 
[info] 
[info] 
[info] 
[INFO] 
[INFO] --- build-helper-maven-plugin:1.7:add-source (add-source) @ flink-runtime_2.10 ---
[INFO] Source directory: /scratch/tmp-rta/Bugs.jar_Flink_734ba01d_java-7/flink-runtime/src/main/scala added.
[INFO] 
[INFO] --- maven-remote-resources-plugin:1.5:process (default) @ flink-runtime_2.10 ---
[INFO] 
[INFO] --- maven-resources-plugin:2.6:resources (default-resources) @ flink-runtime_2.10 ---
[INFO] Using 'UTF-8' encoding to copy filtered resources.
[INFO] Copying 2 resources
[INFO] Copying 3 resources
[INFO] 
[INFO] --- scala-maven-plugin:3.1.4:compile (scala-compile-first) @ flink-runtime_2.10 ---
[INFO] Nothing to compile - all classes are up to date
[INFO] 
[INFO] --- maven-compiler-plugin:3.1:compile (default-compile) @ flink-runtime_2.10 ---
[INFO] Changes detected - recompiling the module!
[INFO] Compiling 542 source files to /scratch/tmp-rta/Bugs.jar_Flink_734ba01d_java-7/flink-runtime/target/classes
[WARNING] /scratch/tmp-rta/Bugs.jar_Flink_734ba01d_java-7/flink-runtime/src/main/java/org/apache/flink/runtime/util/SignalHandler.java:[22,16] sun.misc.Signal is internal proprietary API and may be removed in a future release
[WARNING] /scratch/tmp-rta/Bugs.jar_Flink_734ba01d_java-7/flink-runtime/src/main/java/org/apache/flink/runtime/util/SignalHandler.java:[34,57] sun.misc.SignalHandler is internal proprietary API and may be removed in a future release
[WARNING] /scratch/tmp-rta/Bugs.jar_Flink_734ba01d_java-7/flink-runtime/src/main/java/org/apache/flink/runtime/zookeeper/ZooKeeperStateHandleStore.java:[90,44] unchecked conversion
  required: org.apache.flink.runtime.zookeeper.StateStorageHelper<T>
  found:    org.apache.flink.runtime.zookeeper.StateStorageHelper
[WARNING] /scratch/tmp-rta/Bugs.jar_Flink_734ba01d_java-7/flink-runtime/src/main/java/org/apache/flink/runtime/util/DataOutputSerializer.java:[336,38] sun.misc.Unsafe is internal proprietary API and may be removed in a future release
[WARNING] /scratch/tmp-rta/Bugs.jar_Flink_734ba01d_java-7/flink-runtime/src/main/java/org/apache/flink/runtime/util/DataInputDeserializer.java:[372,38] sun.misc.Unsafe is internal proprietary API and may be removed in a future release
[WARNING] /scratch/tmp-rta/Bugs.jar_Flink_734ba01d_java-7/flink-runtime/src/main/java/org/apache/flink/runtime/operators/shipping/OutputEmitter.java:[293,64] unchecked call to compare(T,T) as a member of the raw type org.apache.flink.api.common.typeutils.TypeComparator
[WARNING] /scratch/tmp-rta/Bugs.jar_Flink_734ba01d_java-7/flink-runtime/src/main/java/org/apache/flink/runtime/operators/udf/AssignRangeIndex.java:[51,51] unchecked call to CommonRangeBoundaries(org.apache.flink.api.common.typeutils.TypeComparator<T>,java.lang.Object[][]) as a member of the raw type org.apache.flink.api.common.distributions.CommonRangeBoundaries
[WARNING] /scratch/tmp-rta/Bugs.jar_Flink_734ba01d_java-7/flink-runtime/src/main/java/org/apache/flink/runtime/operators/udf/AssignRangeIndex.java:[56,80] unchecked call to getRangeIndex(T) as a member of the raw type org.apache.flink.api.common.distributions.RangeBoundaries
[WARNING] /scratch/tmp-rta/Bugs.jar_Flink_734ba01d_java-7/flink-runtime/src/main/java/org/apache/flink/runtime/executiongraph/restart/FixedDelayRestartStrategy.java:[116,56] EXECUTION_RETRY_DELAY_KEY in org.apache.flink.configuration.ConfigConstants has been deprecated
[WARNING] /scratch/tmp-rta/Bugs.jar_Flink_734ba01d_java-7/flink-runtime/src/main/java/org/apache/flink/runtime/util/SignalHandler.java:[37,39] sun.misc.SignalHandler is internal proprietary API and may be removed in a future release
[WARNING] /scratch/tmp-rta/Bugs.jar_Flink_734ba01d_java-7/flink-runtime/src/main/java/org/apache/flink/runtime/util/SignalHandler.java:[41,57] sun.misc.Signal is internal proprietary API and may be removed in a future release
[WARNING] /scratch/tmp-rta/Bugs.jar_Flink_734ba01d_java-7/flink-runtime/src/main/java/org/apache/flink/runtime/util/SignalHandler.java:[41,39] sun.misc.Signal is internal proprietary API and may be removed in a future release
[WARNING] /scratch/tmp-rta/Bugs.jar_Flink_734ba01d_java-7/flink-runtime/src/main/java/org/apache/flink/runtime/util/SignalHandler.java:[50,36] sun.misc.Signal is internal proprietary API and may be removed in a future release
[WARNING] /scratch/tmp-rta/Bugs.jar_Flink_734ba01d_java-7/flink-runtime/src/main/java/org/apache/flink/runtime/executiongraph/restart/RestartStrategyFactory.java:[71,108] EXECUTION_RETRIES_KEY in org.apache.flink.configuration.ConfigConstants has been deprecated
[WARNING] /scratch/tmp-rta/Bugs.jar_Flink_734ba01d_java-7/flink-runtime/src/main/java/org/apache/flink/runtime/executiongraph/restart/RestartStrategyFactory.java:[75,93] EXECUTION_RETRY_DELAY_KEY in org.apache.flink.configuration.ConfigConstants has been deprecated
[WARNING] /scratch/tmp-rta/Bugs.jar_Flink_734ba01d_java-7/flink-runtime/src/main/java/org/apache/flink/runtime/executiongraph/restart/RestartStrategyFactory.java:[89,72] EXECUTION_RETRY_DELAY_KEY in org.apache.flink.configuration.ConfigConstants has been deprecated
[WARNING] /scratch/tmp-rta/Bugs.jar_Flink_734ba01d_java-7/flink-runtime/src/main/java/org/apache/flink/runtime/state/AbstractStateBackend.java:[297,80] unchecked call to restoreState(Backend,org.apache.flink.api.common.typeutils.TypeSerializer<K>,java.lang.ClassLoader,long) as a member of the raw type org.apache.flink.runtime.state.KvStateSnapshot
[WARNING] /scratch/tmp-rta/Bugs.jar_Flink_734ba01d_java-7/flink-runtime/src/main/java/org/apache/flink/runtime/util/DependencyVisitor.java:[191,29] visitMethodInsn(int,java.lang.String,java.lang.String,java.lang.String) in org.objectweb.asm.MethodVisitor has been deprecated
[INFO] 
[INFO] --- build-helper-maven-plugin:1.7:add-test-source (add-test-source) @ flink-runtime_2.10 ---
[INFO] Test Source directory: /scratch/tmp-rta/Bugs.jar_Flink_734ba01d_java-7/flink-runtime/src/test/scala added.
[INFO] 
[INFO] --- maven-resources-plugin:2.6:testResources (default-testResources) @ flink-runtime_2.10 ---
[INFO] Using 'UTF-8' encoding to copy filtered resources.
[INFO] Copying 2 resources
[INFO] Copying 3 resources
[INFO] 
[INFO] --- scala-maven-plugin:3.1.4:testCompile (scala-test-compile) @ flink-runtime_2.10 ---
[INFO] Nothing to compile - all classes are up to date
[INFO] 
[INFO] --- maven-compiler-plugin:3.1:testCompile (default-testCompile) @ flink-runtime_2.10 ---
[INFO] Nothing to compile - all classes are up to date
[INFO] 
[INFO] --- maven-surefire-plugin:2.18.1:test (default-test) @ flink-runtime_2.10 ---
[INFO] Surefire report directory: /scratch/tmp-rta/Bugs.jar_Flink_734ba01d_java-7/flink-runtime/target/surefire-reports
[INFO] Downloading: https://repo.maven.apache.org/maven2/org/apache/maven/surefire/surefire-junit4/2.18.1/surefire-junit4-2.18.1.pom
[INFO] Downloaded: https://repo.maven.apache.org/maven2/org/apache/maven/surefire/surefire-junit4/2.18.1/surefire-junit4-2.18.1.pom (2.5 kB at 4.8 kB/s)
[INFO] Downloading: https://repo.maven.apache.org/maven2/org/apache/maven/surefire/surefire-providers/2.18.1/surefire-providers-2.18.1.pom
[INFO] Downloaded: https://repo.maven.apache.org/maven2/org/apache/maven/surefire/surefire-providers/2.18.1/surefire-providers-2.18.1.pom (2.5 kB at 196 kB/s)
[INFO] Downloading: https://repo.maven.apache.org/maven2/org/apache/maven/surefire/surefire-junit4/2.18.1/surefire-junit4-2.18.1.jar
[INFO] Downloaded: https://repo.maven.apache.org/maven2/org/apache/maven/surefire/surefire-junit4/2.18.1/surefire-junit4-2.18.1.jar (68 kB at 1.1 MB/s)

-------------------------------------------------------
 T E S T S
-------------------------------------------------------
Picked up JAVA_TOOL_OPTIONS: -XX:CICompilerCount=2 -XX:ParallelGCThreads=2 -XX:ConcGCThreads=2 -Djdk.net.URLClassPath.disableClassPathURLCheck=true -XX:CICompilerCount=2 -XX:ParallelGCThreads=2 -XX:ConcGCThreads=2 -Djdk.net.URLClassPath.disableClassPathURLCheck=true 
Picked up _JAVA_OPTIONS: -Djdk.net.URLClassPath.disableClassPathURLCheck=true
Picked up JAVA_TOOL_OPTIONS: -XX:CICompilerCount=2 -XX:ParallelGCThreads=2 -XX:ConcGCThreads=2 -Djdk.net.URLClassPath.disableClassPathURLCheck=true -XX:CICompilerCount=2 -XX:ParallelGCThreads=2 -XX:ConcGCThreads=2 -Djdk.net.URLClassPath.disableClassPathURLCheck=true 
Picked up JAVA_TOOL_OPTIONS: -XX:CICompilerCount=2 -XX:ParallelGCThreads=2 -XX:ConcGCThreads=2 -Djdk.net.URLClassPath.disableClassPathURLCheck=true -XX:CICompilerCount=2 -XX:ParallelGCThreads=2 -XX:ConcGCThreads=2 -Djdk.net.URLClassPath.disableClassPathURLCheck=true 
Picked up JAVA_TOOL_OPTIONS: -XX:CICompilerCount=2 -XX:ParallelGCThreads=2 -XX:ConcGCThreads=2 -Djdk.net.URLClassPath.disableClassPathURLCheck=true -XX:CICompilerCount=2 -XX:ParallelGCThreads=2 -XX:ConcGCThreads=2 -Djdk.net.URLClassPath.disableClassPathURLCheck=true 
Picked up _JAVA_OPTIONS: -Djdk.net.URLClassPath.disableClassPathURLCheck=true
Picked up JAVA_TOOL_OPTIONS: -XX:CICompilerCount=2 -XX:ParallelGCThreads=2 -XX:ConcGCThreads=2 -Djdk.net.URLClassPath.disableClassPathURLCheck=true -XX:CICompilerCount=2 -XX:ParallelGCThreads=2 -XX:ConcGCThreads=2 -Djdk.net.URLClassPath.disableClassPathURLCheck=true 
Picked up JAVA_TOOL_OPTIONS: -XX:CICompilerCount=2 -XX:ParallelGCThreads=2 -XX:ConcGCThreads=2 -Djdk.net.URLClassPath.disableClassPathURLCheck=true -XX:CICompilerCount=2 -XX:ParallelGCThreads=2 -XX:ConcGCThreads=2 -Djdk.net.URLClassPath.disableClassPathURLCheck=true 
Picked up _JAVA_OPTIONS: -Djdk.net.URLClassPath.disableClassPathURLCheck=true
Picked up JAVA_TOOL_OPTIONS: -XX:CICompilerCount=2 -XX:ParallelGCThreads=2 -XX:ConcGCThreads=2 -Djdk.net.URLClassPath.disableClassPathURLCheck=true -XX:CICompilerCount=2 -XX:ParallelGCThreads=2 -XX:ConcGCThreads=2 -Djdk.net.URLClassPath.disableClassPathURLCheck=true 
Picked up JAVA_TOOL_OPTIONS: -XX:CICompilerCount=2 -XX:ParallelGCThreads=2 -XX:ConcGCThreads=2 -Djdk.net.URLClassPath.disableClassPathURLCheck=true -XX:CICompilerCount=2 -XX:ParallelGCThreads=2 -XX:ConcGCThreads=2 -Djdk.net.URLClassPath.disableClassPathURLCheck=true 
Picked up _JAVA_OPTIONS: -Djdk.net.URLClassPath.disableClassPathURLCheck=true
Picked up JAVA_TOOL_OPTIONS: -XX:CICompilerCount=2 -XX:ParallelGCThreads=2 -XX:ConcGCThreads=2 -Djdk.net.URLClassPath.disableClassPathURLCheck=true -XX:CICompilerCount=2 -XX:ParallelGCThreads=2 -XX:ConcGCThreads=2 -Djdk.net.URLClassPath.disableClassPathURLCheck=true 
Picked up JAVA_TOOL_OPTIONS: -XX:CICompilerCount=2 -XX:ParallelGCThreads=2 -XX:ConcGCThreads=2 -Djdk.net.URLClassPath.disableClassPathURLCheck=true -XX:CICompilerCount=2 -XX:ParallelGCThreads=2 -XX:ConcGCThreads=2 -Djdk.net.URLClassPath.disableClassPathURLCheck=true 
Picked up _JAVA_OPTIONS: -Djdk.net.URLClassPath.disableClassPathURLCheck=true
Picked up JAVA_TOOL_OPTIONS: -XX:CICompilerCount=2 -XX:ParallelGCThreads=2 -XX:ConcGCThreads=2 -Djdk.net.URLClassPath.disableClassPathURLCheck=true -XX:CICompilerCount=2 -XX:ParallelGCThreads=2 -XX:ConcGCThreads=2 -Djdk.net.URLClassPath.disableClassPathURLCheck=true 
Picked up _JAVA_OPTIONS: -Djdk.net.URLClassPath.disableClassPathURLCheck=true
Picked up JAVA_TOOL_OPTIONS: -XX:CICompilerCount=2 -XX:ParallelGCThreads=2 -XX:ConcGCThreads=2 -Djdk.net.URLClassPath.disableClassPathURLCheck=true -XX:CICompilerCount=2 -XX:ParallelGCThreads=2 -XX:ConcGCThreads=2 -Djdk.net.URLClassPath.disableClassPathURLCheck=true 
Picked up _JAVA_OPTIONS: -Djdk.net.URLClassPath.disableClassPathURLCheck=true
Picked up JAVA_TOOL_OPTIONS: -XX:CICompilerCount=2 -XX:ParallelGCThreads=2 -XX:ConcGCThreads=2 -Djdk.net.URLClassPath.disableClassPathURLCheck=true -XX:CICompilerCount=2 -XX:ParallelGCThreads=2 -XX:ConcGCThreads=2 -Djdk.net.URLClassPath.disableClassPathURLCheck=true 
Picked up _JAVA_OPTIONS: -Djdk.net.URLClassPath.disableClassPathURLCheck=true
Picked up JAVA_TOOL_OPTIONS: -XX:CICompilerCount=2 -XX:ParallelGCThreads=2 -XX:ConcGCThreads=2 -Djdk.net.URLClassPath.disableClassPathURLCheck=true -XX:CICompilerCount=2 -XX:ParallelGCThreads=2 -XX:ConcGCThreads=2 -Djdk.net.URLClassPath.disableClassPathURLCheck=true 
Picked up _JAVA_OPTIONS: -Djdk.net.URLClassPath.disableClassPathURLCheck=true
Picked up JAVA_TOOL_OPTIONS: -XX:CICompilerCount=2 -XX:ParallelGCThreads=2 -XX:ConcGCThreads=2 -Djdk.net.URLClassPath.disableClassPathURLCheck=true -XX:CICompilerCount=2 -XX:ParallelGCThreads=2 -XX:ConcGCThreads=2 -Djdk.net.URLClassPath.disableClassPathURLCheck=true 
Picked up _JAVA_OPTIONS: -Djdk.net.URLClassPath.disableClassPathURLCheck=true
Picked up JAVA_TOOL_OPTIONS: -XX:CICompilerCount=2 -XX:ParallelGCThreads=2 -XX:ConcGCThreads=2 -Djdk.net.URLClassPath.disableClassPathURLCheck=true -XX:CICompilerCount=2 -XX:ParallelGCThreads=2 -XX:ConcGCThreads=2 -Djdk.net.URLClassPath.disableClassPathURLCheck=true 
Picked up _JAVA_OPTIONS: -Djdk.net.URLClassPath.disableClassPathURLCheck=true
Picked up JAVA_TOOL_OPTIONS: -XX:CICompilerCount=2 -XX:ParallelGCThreads=2 -XX:ConcGCThreads=2 -Djdk.net.URLClassPath.disableClassPathURLCheck=true -XX:CICompilerCount=2 -XX:ParallelGCThreads=2 -XX:ConcGCThreads=2 -Djdk.net.URLClassPath.disableClassPathURLCheck=true 
Picked up _JAVA_OPTIONS: -Djdk.net.URLClassPath.disableClassPathURLCheck=true
Picked up JAVA_TOOL_OPTIONS: -XX:CICompilerCount=2 -XX:ParallelGCThreads=2 -XX:ConcGCThreads=2 -Djdk.net.URLClassPath.disableClassPathURLCheck=true -XX:CICompilerCount=2 -XX:ParallelGCThreads=2 -XX:ConcGCThreads=2 -Djdk.net.URLClassPath.disableClassPathURLCheck=true 
Picked up _JAVA_OPTIONS: -Djdk.net.URLClassPath.disableClassPathURLCheck=true
Picked up JAVA_TOOL_OPTIONS: -XX:CICompilerCount=2 -XX:ParallelGCThreads=2 -XX:ConcGCThreads=2 -Djdk.net.URLClassPath.disableClassPathURLCheck=true -XX:CICompilerCount=2 -XX:ParallelGCThreads=2 -XX:ConcGCThreads=2 -Djdk.net.URLClassPath.disableClassPathURLCheck=true 
Picked up _JAVA_OPTIONS: -Djdk.net.URLClassPath.disableClassPathURLCheck=true
Picked up JAVA_TOOL_OPTIONS: -XX:CICompilerCount=2 -XX:ParallelGCThreads=2 -XX:ConcGCThreads=2 -Djdk.net.URLClassPath.disableClassPathURLCheck=true -XX:CICompilerCount=2 -XX:ParallelGCThreads=2 -XX:ConcGCThreads=2 -Djdk.net.URLClassPath.disableClassPathURLCheck=true 
Picked up _JAVA_OPTIONS: -Djdk.net.URLClassPath.disableClassPathURLCheck=true
Picked up JAVA_TOOL_OPTIONS: -XX:CICompilerCount=2 -XX:ParallelGCThreads=2 -XX:ConcGCThreads=2 -Djdk.net.URLClassPath.disableClassPathURLCheck=true -XX:CICompilerCount=2 -XX:ParallelGCThreads=2 -XX:ConcGCThreads=2 -Djdk.net.URLClassPath.disableClassPathURLCheck=true 
Picked up _JAVA_OPTIONS: -Djdk.net.URLClassPath.disableClassPathURLCheck=true
Picked up JAVA_TOOL_OPTIONS: -XX:CICompilerCount=2 -XX:ParallelGCThreads=2 -XX:ConcGCThreads=2 -Djdk.net.URLClassPath.disableClassPathURLCheck=true -XX:CICompilerCount=2 -XX:ParallelGCThreads=2 -XX:ConcGCThreads=2 -Djdk.net.URLClassPath.disableClassPathURLCheck=true 
Picked up _JAVA_OPTIONS: -Djdk.net.URLClassPath.disableClassPathURLCheck=true
Picked up JAVA_TOOL_OPTIONS: -XX:CICompilerCount=2 -XX:ParallelGCThreads=2 -XX:ConcGCThreads=2 -Djdk.net.URLClassPath.disableClassPathURLCheck=true -XX:CICompilerCount=2 -XX:ParallelGCThreads=2 -XX:ConcGCThreads=2 -Djdk.net.URLClassPath.disableClassPathURLCheck=true 
Picked up JAVA_TOOL_OPTIONS: -XX:CICompilerCount=2 -XX:ParallelGCThreads=2 -XX:ConcGCThreads=2 -Djdk.net.URLClassPath.disableClassPathURLCheck=true -XX:CICompilerCount=2 -XX:ParallelGCThreads=2 -XX:ConcGCThreads=2 -Djdk.net.URLClassPath.disableClassPathURLCheck=true 
Picked up JAVA_TOOL_OPTIONS: -XX:CICompilerCount=2 -XX:ParallelGCThreads=2 -XX:ConcGCThreads=2 -Djdk.net.URLClassPath.disableClassPathURLCheck=true -XX:CICompilerCount=2 -XX:ParallelGCThreads=2 -XX:ConcGCThreads=2 -Djdk.net.URLClassPath.disableClassPathURLCheck=true 
Picked up JAVA_TOOL_OPTIONS: -XX:CICompilerCount=2 -XX:ParallelGCThreads=2 -XX:ConcGCThreads=2 -Djdk.net.URLClassPath.disableClassPathURLCheck=true -XX:CICompilerCount=2 -XX:ParallelGCThreads=2 -XX:ConcGCThreads=2 -Djdk.net.URLClassPath.disableClassPathURLCheck=true 
Picked up JAVA_TOOL_OPTIONS: -XX:CICompilerCount=2 -XX:ParallelGCThreads=2 -XX:ConcGCThreads=2 -Djdk.net.URLClassPath.disableClassPathURLCheck=true -XX:CICompilerCount=2 -XX:ParallelGCThreads=2 -XX:ConcGCThreads=2 -Djdk.net.URLClassPath.disableClassPathURLCheck=true 
Picked up JAVA_TOOL_OPTIONS: -XX:CICompilerCount=2 -XX:ParallelGCThreads=2 -XX:ConcGCThreads=2 -Djdk.net.URLClassPath.disableClassPathURLCheck=true -XX:CICompilerCount=2 -XX:ParallelGCThreads=2 -XX:ConcGCThreads=2 -Djdk.net.URLClassPath.disableClassPathURLCheck=true 
Picked up JAVA_TOOL_OPTIONS: -XX:CICompilerCount=2 -XX:ParallelGCThreads=2 -XX:ConcGCThreads=2 -Djdk.net.URLClassPath.disableClassPathURLCheck=true -XX:CICompilerCount=2 -XX:ParallelGCThreads=2 -XX:ConcGCThreads=2 -Djdk.net.URLClassPath.disableClassPathURLCheck=true 
Picked up JAVA_TOOL_OPTIONS: -XX:CICompilerCount=2 -XX:ParallelGCThreads=2 -XX:ConcGCThreads=2 -Djdk.net.URLClassPath.disableClassPathURLCheck=true -XX:CICompilerCount=2 -XX:ParallelGCThreads=2 -XX:ConcGCThreads=2 -Djdk.net.URLClassPath.disableClassPathURLCheck=true 
Picked up _JAVA_OPTIONS: -Djdk.net.URLClassPath.disableClassPathURLCheck=true
Picked up JAVA_TOOL_OPTIONS: -XX:CICompilerCount=2 -XX:ParallelGCThreads=2 -XX:ConcGCThreads=2 -Djdk.net.URLClassPath.disableClassPathURLCheck=true -XX:CICompilerCount=2 -XX:ParallelGCThreads=2 -XX:ConcGCThreads=2 -Djdk.net.URLClassPath.disableClassPathURLCheck=true 
Picked up _JAVA_OPTIONS: -Djdk.net.URLClassPath.disableClassPathURLCheck=true
Picked up JAVA_TOOL_OPTIONS: -XX:CICompilerCount=2 -XX:ParallelGCThreads=2 -XX:ConcGCThreads=2 -Djdk.net.URLClassPath.disableClassPathURLCheck=true -XX:CICompilerCount=2 -XX:ParallelGCThreads=2 -XX:ConcGCThreads=2 -Djdk.net.URLClassPath.disableClassPathURLCheck=true 
Picked up JAVA_TOOL_OPTIONS: -XX:CICompilerCount=2 -XX:ParallelGCThreads=2 -XX:ConcGCThreads=2 -Djdk.net.URLClassPath.disableClassPathURLCheck=true -XX:CICompilerCount=2 -XX:ParallelGCThreads=2 -XX:ConcGCThreads=2 -Djdk.net.URLClassPath.disableClassPathURLCheck=true 
Picked up JAVA_TOOL_OPTIONS: -XX:CICompilerCount=2 -XX:ParallelGCThreads=2 -XX:ConcGCThreads=2 -Djdk.net.URLClassPath.disableClassPathURLCheck=true -XX:CICompilerCount=2 -XX:ParallelGCThreads=2 -XX:ConcGCThreads=2 -Djdk.net.URLClassPath.disableClassPathURLCheck=true 
Picked up JAVA_TOOL_OPTIONS: -XX:CICompilerCount=2 -XX:ParallelGCThreads=2 -XX:ConcGCThreads=2 -Djdk.net.URLClassPath.disableClassPathURLCheck=true -XX:CICompilerCount=2 -XX:ParallelGCThreads=2 -XX:ConcGCThreads=2 -Djdk.net.URLClassPath.disableClassPathURLCheck=true 
Picked up _JAVA_OPTIONS: -Djdk.net.URLClassPath.disableClassPathURLCheck=true
Running org.apache.flink.runtime.operators.CachedMatchTaskTest
Picked up JAVA_TOOL_OPTIONS: -XX:CICompilerCount=2 -XX:ParallelGCThreads=2 -XX:ConcGCThreads=2 -Djdk.net.URLClassPath.disableClassPathURLCheck=true -XX:CICompilerCount=2 -XX:ParallelGCThreads=2 -XX:ConcGCThreads=2 -Djdk.net.URLClassPath.disableClassPathURLCheck=true 
Picked up _JAVA_OPTIONS: -Djdk.net.URLClassPath.disableClassPathURLCheck=true
Picked up JAVA_TOOL_OPTIONS: -XX:CICompilerCount=2 -XX:ParallelGCThreads=2 -XX:ConcGCThreads=2 -Djdk.net.URLClassPath.disableClassPathURLCheck=true -XX:CICompilerCount=2 -XX:ParallelGCThreads=2 -XX:ConcGCThreads=2 -Djdk.net.URLClassPath.disableClassPathURLCheck=true 
Picked up _JAVA_OPTIONS: -Djdk.net.URLClassPath.disableClassPathURLCheck=true
Picked up JAVA_TOOL_OPTIONS: -XX:CICompilerCount=2 -XX:ParallelGCThreads=2 -XX:ConcGCThreads=2 -Djdk.net.URLClassPath.disableClassPathURLCheck=true -XX:CICompilerCount=2 -XX:ParallelGCThreads=2 -XX:ConcGCThreads=2 -Djdk.net.URLClassPath.disableClassPathURLCheck=true 
Picked up _JAVA_OPTIONS: -Djdk.net.URLClassPath.disableClassPathURLCheck=true
Running org.apache.flink.runtime.io.network.partition.PartialConsumePipelinedResultTest
Picked up JAVA_TOOL_OPTIONS: -XX:CICompilerCount=2 -XX:ParallelGCThreads=2 -XX:ConcGCThreads=2 -Djdk.net.URLClassPath.disableClassPathURLCheck=true -XX:CICompilerCount=2 -XX:ParallelGCThreads=2 -XX:ConcGCThreads=2 -Djdk.net.URLClassPath.disableClassPathURLCheck=true 
Picked up _JAVA_OPTIONS: -Djdk.net.URLClassPath.disableClassPathURLCheck=true
Picked up _JAVA_OPTIONS: -Djdk.net.URLClassPath.disableClassPathURLCheck=true
Picked up JAVA_TOOL_OPTIONS: -XX:CICompilerCount=2 -XX:ParallelGCThreads=2 -XX:ConcGCThreads=2 -Djdk.net.URLClassPath.disableClassPathURLCheck=true -XX:CICompilerCount=2 -XX:ParallelGCThreads=2 -XX:ConcGCThreads=2 -Djdk.net.URLClassPath.disableClassPathURLCheck=true 
Picked up _JAVA_OPTIONS: -Djdk.net.URLClassPath.disableClassPathURLCheck=true
Picked up JAVA_TOOL_OPTIONS: -XX:CICompilerCount=2 -XX:ParallelGCThreads=2 -XX:ConcGCThreads=2 -Djdk.net.URLClassPath.disableClassPathURLCheck=true -XX:CICompilerCount=2 -XX:ParallelGCThreads=2 -XX:ConcGCThreads=2 -Djdk.net.URLClassPath.disableClassPathURLCheck=true 
Picked up _JAVA_OPTIONS: -Djdk.net.URLClassPath.disableClassPathURLCheck=true
Picked up JAVA_TOOL_OPTIONS: -XX:CICompilerCount=2 -XX:ParallelGCThreads=2 -XX:ConcGCThreads=2 -Djdk.net.URLClassPath.disableClassPathURLCheck=true -XX:CICompilerCount=2 -XX:ParallelGCThreads=2 -XX:ConcGCThreads=2 -Djdk.net.URLClassPath.disableClassPathURLCheck=true 
Picked up _JAVA_OPTIONS: -Djdk.net.URLClassPath.disableClassPathURLCheck=true
Picked up JAVA_TOOL_OPTIONS: -XX:CICompilerCount=2 -XX:ParallelGCThreads=2 -XX:ConcGCThreads=2 -Djdk.net.URLClassPath.disableClassPathURLCheck=true -XX:CICompilerCount=2 -XX:ParallelGCThreads=2 -XX:ConcGCThreads=2 -Djdk.net.URLClassPath.disableClassPathURLCheck=true 
Picked up _JAVA_OPTIONS: -Djdk.net.URLClassPath.disableClassPathURLCheck=true
Picked up _JAVA_OPTIONS: -Djdk.net.URLClassPath.disableClassPathURLCheck=true
Picked up JAVA_TOOL_OPTIONS: -XX:CICompilerCount=2 -XX:ParallelGCThreads=2 -XX:ConcGCThreads=2 -Djdk.net.URLClassPath.disableClassPathURLCheck=true -XX:CICompilerCount=2 -XX:ParallelGCThreads=2 -XX:ConcGCThreads=2 -Djdk.net.URLClassPath.disableClassPathURLCheck=true 
Picked up _JAVA_OPTIONS: -Djdk.net.URLClassPath.disableClassPathURLCheck=true
Picked up JAVA_TOOL_OPTIONS: -XX:CICompilerCount=2 -XX:ParallelGCThreads=2 -XX:ConcGCThreads=2 -Djdk.net.URLClassPath.disableClassPathURLCheck=true -XX:CICompilerCount=2 -XX:ParallelGCThreads=2 -XX:ConcGCThreads=2 -Djdk.net.URLClassPath.disableClassPathURLCheck=true 
Picked up _JAVA_OPTIONS: -Djdk.net.URLClassPath.disableClassPathURLCheck=true
Picked up JAVA_TOOL_OPTIONS: -XX:CICompilerCount=2 -XX:ParallelGCThreads=2 -XX:ConcGCThreads=2 -Djdk.net.URLClassPath.disableClassPathURLCheck=true -XX:CICompilerCount=2 -XX:ParallelGCThreads=2 -XX:ConcGCThreads=2 -Djdk.net.URLClassPath.disableClassPathURLCheck=true 
Picked up _JAVA_OPTIONS: -Djdk.net.URLClassPath.disableClassPathURLCheck=true
Picked up JAVA_TOOL_OPTIONS: -XX:CICompilerCount=2 -XX:ParallelGCThreads=2 -XX:ConcGCThreads=2 -Djdk.net.URLClassPath.disableClassPathURLCheck=true -XX:CICompilerCount=2 -XX:ParallelGCThreads=2 -XX:ConcGCThreads=2 -Djdk.net.URLClassPath.disableClassPathURLCheck=true 
Picked up JAVA_TOOL_OPTIONS: -XX:CICompilerCount=2 -XX:ParallelGCThreads=2 -XX:ConcGCThreads=2 -Djdk.net.URLClassPath.disableClassPathURLCheck=true -XX:CICompilerCount=2 -XX:ParallelGCThreads=2 -XX:ConcGCThreads=2 -Djdk.net.URLClassPath.disableClassPathURLCheck=true 
Picked up _JAVA_OPTIONS: -Djdk.net.URLClassPath.disableClassPathURLCheck=true
Picked up JAVA_TOOL_OPTIONS: -XX:CICompilerCount=2 -XX:ParallelGCThreads=2 -XX:ConcGCThreads=2 -Djdk.net.URLClassPath.disableClassPathURLCheck=true -XX:CICompilerCount=2 -XX:ParallelGCThreads=2 -XX:ConcGCThreads=2 -Djdk.net.URLClassPath.disableClassPathURLCheck=true 
Picked up _JAVA_OPTIONS: -Djdk.net.URLClassPath.disableClassPathURLCheck=true
Picked up _JAVA_OPTIONS: -Djdk.net.URLClassPath.disableClassPathURLCheck=true
Picked up _JAVA_OPTIONS: -Djdk.net.URLClassPath.disableClassPathURLCheck=true
Picked up JAVA_TOOL_OPTIONS: -XX:CICompilerCount=2 -XX:ParallelGCThreads=2 -XX:ConcGCThreads=2 -Djdk.net.URLClassPath.disableClassPathURLCheck=true -XX:CICompilerCount=2 -XX:ParallelGCThreads=2 -XX:ConcGCThreads=2 -Djdk.net.URLClassPath.disableClassPathURLCheck=true 
Picked up _JAVA_OPTIONS: -Djdk.net.URLClassPath.disableClassPathURLCheck=true
Picked up JAVA_TOOL_OPTIONS: -XX:CICompilerCount=2 -XX:ParallelGCThreads=2 -XX:ConcGCThreads=2 -Djdk.net.URLClassPath.disableClassPathURLCheck=true -XX:CICompilerCount=2 -XX:ParallelGCThreads=2 -XX:ConcGCThreads=2 -Djdk.net.URLClassPath.disableClassPathURLCheck=true 
Picked up _JAVA_OPTIONS: -Djdk.net.URLClassPath.disableClassPathURLCheck=true
Picked up JAVA_TOOL_OPTIONS: -XX:CICompilerCount=2 -XX:ParallelGCThreads=2 -XX:ConcGCThreads=2 -Djdk.net.URLClassPath.disableClassPathURLCheck=true -XX:CICompilerCount=2 -XX:ParallelGCThreads=2 -XX:ConcGCThreads=2 -Djdk.net.URLClassPath.disableClassPathURLCheck=true 
Picked up _JAVA_OPTIONS: -Djdk.net.URLClassPath.disableClassPathURLCheck=true
Picked up JAVA_TOOL_OPTIONS: -XX:CICompilerCount=2 -XX:ParallelGCThreads=2 -XX:ConcGCThreads=2 -Djdk.net.URLClassPath.disableClassPathURLCheck=true -XX:CICompilerCount=2 -XX:ParallelGCThreads=2 -XX:ConcGCThreads=2 -Djdk.net.URLClassPath.disableClassPathURLCheck=true 
Picked up _JAVA_OPTIONS: -Djdk.net.URLClassPath.disableClassPathURLCheck=true
Picked up JAVA_TOOL_OPTIONS: -XX:CICompilerCount=2 -XX:ParallelGCThreads=2 -XX:ConcGCThreads=2 -Djdk.net.URLClassPath.disableClassPathURLCheck=true -XX:CICompilerCount=2 -XX:ParallelGCThreads=2 -XX:ConcGCThreads=2 -Djdk.net.URLClassPath.disableClassPathURLCheck=true 
Picked up _JAVA_OPTIONS: -Djdk.net.URLClassPath.disableClassPathURLCheck=true
Picked up JAVA_TOOL_OPTIONS: -XX:CICompilerCount=2 -XX:ParallelGCThreads=2 -XX:ConcGCThreads=2 -Djdk.net.URLClassPath.disableClassPathURLCheck=true -XX:CICompilerCount=2 -XX:ParallelGCThreads=2 -XX:ConcGCThreads=2 -Djdk.net.URLClassPath.disableClassPathURLCheck=true 
Picked up _JAVA_OPTIONS: -Djdk.net.URLClassPath.disableClassPathURLCheck=true
Picked up JAVA_TOOL_OPTIONS: -XX:CICompilerCount=2 -XX:ParallelGCThreads=2 -XX:ConcGCThreads=2 -Djdk.net.URLClassPath.disableClassPathURLCheck=true -XX:CICompilerCount=2 -XX:ParallelGCThreads=2 -XX:ConcGCThreads=2 -Djdk.net.URLClassPath.disableClassPathURLCheck=true 
Picked up _JAVA_OPTIONS: -Djdk.net.URLClassPath.disableClassPathURLCheck=true
Picked up JAVA_TOOL_OPTIONS: -XX:CICompilerCount=2 -XX:ParallelGCThreads=2 -XX:ConcGCThreads=2 -Djdk.net.URLClassPath.disableClassPathURLCheck=true -XX:CICompilerCount=2 -XX:ParallelGCThreads=2 -XX:ConcGCThreads=2 -Djdk.net.URLClassPath.disableClassPathURLCheck=true 
Picked up _JAVA_OPTIONS: -Djdk.net.URLClassPath.disableClassPathURLCheck=true
Picked up JAVA_TOOL_OPTIONS: -XX:CICompilerCount=2 -XX:ParallelGCThreads=2 -XX:ConcGCThreads=2 -Djdk.net.URLClassPath.disableClassPathURLCheck=true -XX:CICompilerCount=2 -XX:ParallelGCThreads=2 -XX:ConcGCThreads=2 -Djdk.net.URLClassPath.disableClassPathURLCheck=true 
Picked up _JAVA_OPTIONS: -Djdk.net.URLClassPath.disableClassPathURLCheck=true
Picked up JAVA_TOOL_OPTIONS: -XX:CICompilerCount=2 -XX:ParallelGCThreads=2 -XX:ConcGCThreads=2 -Djdk.net.URLClassPath.disableClassPathURLCheck=true -XX:CICompilerCount=2 -XX:ParallelGCThreads=2 -XX:ConcGCThreads=2 -Djdk.net.URLClassPath.disableClassPathURLCheck=true 
Picked up _JAVA_OPTIONS: -Djdk.net.URLClassPath.disableClassPathURLCheck=true
Picked up JAVA_TOOL_OPTIONS: -XX:CICompilerCount=2 -XX:ParallelGCThreads=2 -XX:ConcGCThreads=2 -Djdk.net.URLClassPath.disableClassPathURLCheck=true -XX:CICompilerCount=2 -XX:ParallelGCThreads=2 -XX:ConcGCThreads=2 -Djdk.net.URLClassPath.disableClassPathURLCheck=true 
Picked up _JAVA_OPTIONS: -Djdk.net.URLClassPath.disableClassPathURLCheck=true
Picked up JAVA_TOOL_OPTIONS: -XX:CICompilerCount=2 -XX:ParallelGCThreads=2 -XX:ConcGCThreads=2 -Djdk.net.URLClassPath.disableClassPathURLCheck=true -XX:CICompilerCount=2 -XX:ParallelGCThreads=2 -XX:ConcGCThreads=2 -Djdk.net.URLClassPath.disableClassPathURLCheck=true 
Picked up _JAVA_OPTIONS: -Djdk.net.URLClassPath.disableClassPathURLCheck=true
Picked up JAVA_TOOL_OPTIONS: -XX:CICompilerCount=2 -XX:ParallelGCThreads=2 -XX:ConcGCThreads=2 -Djdk.net.URLClassPath.disableClassPathURLCheck=true -XX:CICompilerCount=2 -XX:ParallelGCThreads=2 -XX:ConcGCThreads=2 -Djdk.net.URLClassPath.disableClassPathURLCheck=true 
Picked up _JAVA_OPTIONS: -Djdk.net.URLClassPath.disableClassPathURLCheck=true
Picked up JAVA_TOOL_OPTIONS: -XX:CICompilerCount=2 -XX:ParallelGCThreads=2 -XX:ConcGCThreads=2 -Djdk.net.URLClassPath.disableClassPathURLCheck=true -XX:CICompilerCount=2 -XX:ParallelGCThreads=2 -XX:ConcGCThreads=2 -Djdk.net.URLClassPath.disableClassPathURLCheck=true 
Picked up _JAVA_OPTIONS: -Djdk.net.URLClassPath.disableClassPathURLCheck=true
Picked up JAVA_TOOL_OPTIONS: -XX:CICompilerCount=2 -XX:ParallelGCThreads=2 -XX:ConcGCThreads=2 -Djdk.net.URLClassPath.disableClassPathURLCheck=true -XX:CICompilerCount=2 -XX:ParallelGCThreads=2 -XX:ConcGCThreads=2 -Djdk.net.URLClassPath.disableClassPathURLCheck=true 
Picked up _JAVA_OPTIONS: -Djdk.net.URLClassPath.disableClassPathURLCheck=true
Picked up JAVA_TOOL_OPTIONS: -XX:CICompilerCount=2 -XX:ParallelGCThreads=2 -XX:ConcGCThreads=2 -Djdk.net.URLClassPath.disableClassPathURLCheck=true -XX:CICompilerCount=2 -XX:ParallelGCThreads=2 -XX:ConcGCThreads=2 -Djdk.net.URLClassPath.disableClassPathURLCheck=true 
Picked up _JAVA_OPTIONS: -Djdk.net.URLClassPath.disableClassPathURLCheck=true
Picked up JAVA_TOOL_OPTIONS: -XX:CICompilerCount=2 -XX:ParallelGCThreads=2 -XX:ConcGCThreads=2 -Djdk.net.URLClassPath.disableClassPathURLCheck=true -XX:CICompilerCount=2 -XX:ParallelGCThreads=2 -XX:ConcGCThreads=2 -Djdk.net.URLClassPath.disableClassPathURLCheck=true 
Picked up _JAVA_OPTIONS: -Djdk.net.URLClassPath.disableClassPathURLCheck=true
Picked up JAVA_TOOL_OPTIONS: -XX:CICompilerCount=2 -XX:ParallelGCThreads=2 -XX:ConcGCThreads=2 -Djdk.net.URLClassPath.disableClassPathURLCheck=true -XX:CICompilerCount=2 -XX:ParallelGCThreads=2 -XX:ConcGCThreads=2 -Djdk.net.URLClassPath.disableClassPathURLCheck=true 
Picked up _JAVA_OPTIONS: -Djdk.net.URLClassPath.disableClassPathURLCheck=true
Picked up JAVA_TOOL_OPTIONS: -XX:CICompilerCount=2 -XX:ParallelGCThreads=2 -XX:ConcGCThreads=2 -Djdk.net.URLClassPath.disableClassPathURLCheck=true -XX:CICompilerCount=2 -XX:ParallelGCThreads=2 -XX:ConcGCThreads=2 -Djdk.net.URLClassPath.disableClassPathURLCheck=true 
Picked up _JAVA_OPTIONS: -Djdk.net.URLClassPath.disableClassPathURLCheck=true
Picked up JAVA_TOOL_OPTIONS: -XX:CICompilerCount=2 -XX:ParallelGCThreads=2 -XX:ConcGCThreads=2 -Djdk.net.URLClassPath.disableClassPathURLCheck=true -XX:CICompilerCount=2 -XX:ParallelGCThreads=2 -XX:ConcGCThreads=2 -Djdk.net.URLClassPath.disableClassPathURLCheck=true 
Picked up JAVA_TOOL_OPTIONS: -XX:CICompilerCount=2 -XX:ParallelGCThreads=2 -XX:ConcGCThreads=2 -Djdk.net.URLClassPath.disableClassPathURLCheck=true -XX:CICompilerCount=2 -XX:ParallelGCThreads=2 -XX:ConcGCThreads=2 -Djdk.net.URLClassPath.disableClassPathURLCheck=true 
Picked up _JAVA_OPTIONS: -Djdk.net.URLClassPath.disableClassPathURLCheck=true
Picked up JAVA_TOOL_OPTIONS: -XX:CICompilerCount=2 -XX:ParallelGCThreads=2 -XX:ConcGCThreads=2 -Djdk.net.URLClassPath.disableClassPathURLCheck=true -XX:CICompilerCount=2 -XX:ParallelGCThreads=2 -XX:ConcGCThreads=2 -Djdk.net.URLClassPath.disableClassPathURLCheck=true 
Picked up JAVA_TOOL_OPTIONS: -XX:CICompilerCount=2 -XX:ParallelGCThreads=2 -XX:ConcGCThreads=2 -Djdk.net.URLClassPath.disableClassPathURLCheck=true -XX:CICompilerCount=2 -XX:ParallelGCThreads=2 -XX:ConcGCThreads=2 -Djdk.net.URLClassPath.disableClassPathURLCheck=true 
Picked up JAVA_TOOL_OPTIONS: -XX:CICompilerCount=2 -XX:ParallelGCThreads=2 -XX:ConcGCThreads=2 -Djdk.net.URLClassPath.disableClassPathURLCheck=true -XX:CICompilerCount=2 -XX:ParallelGCThreads=2 -XX:ConcGCThreads=2 -Djdk.net.URLClassPath.disableClassPathURLCheck=true 
Picked up _JAVA_OPTIONS: -Djdk.net.URLClassPath.disableClassPathURLCheck=true
Picked up JAVA_TOOL_OPTIONS: -XX:CICompilerCount=2 -XX:ParallelGCThreads=2 -XX:ConcGCThreads=2 -Djdk.net.URLClassPath.disableClassPathURLCheck=true -XX:CICompilerCount=2 -XX:ParallelGCThreads=2 -XX:ConcGCThreads=2 -Djdk.net.URLClassPath.disableClassPathURLCheck=true 
Picked up JAVA_TOOL_OPTIONS: -XX:CICompilerCount=2 -XX:ParallelGCThreads=2 -XX:ConcGCThreads=2 -Djdk.net.URLClassPath.disableClassPathURLCheck=true -XX:CICompilerCount=2 -XX:ParallelGCThreads=2 -XX:ConcGCThreads=2 -Djdk.net.URLClassPath.disableClassPathURLCheck=true 
Picked up _JAVA_OPTIONS: -Djdk.net.URLClassPath.disableClassPathURLCheck=true
Signal 15 (TERM) caught by ps (procps-ng version 3.3.10).
ps:display.c:66: please report this bug
Picked up JAVA_TOOL_OPTIONS: -XX:CICompilerCount=2 -XX:ParallelGCThreads=2 -XX:ConcGCThreads=2 -Djdk.net.URLClassPath.disableClassPathURLCheck=true -XX:CICompilerCount=2 -XX:ParallelGCThreads=2 -XX:ConcGCThreads=2 -Djdk.net.URLClassPath.disableClassPathURLCheck=true 
Signal 15 (TERM) caught by ps (procps-ng version 3.3.10).
ps:display.c:66: please report this bug
Terminate 12457!
Kill 12457!
Killed 12457! at /scratch/jmcampos/RTA/repair_them_all_framework/jdks/jdk1.7.0_80/jre/bin/java line 73.
Terminate 14439!
Kill 14439!
Killed 14439! at /scratch/jmcampos/RTA/repair_them_all_framework/jdks/jdk1.7.0_80/jre/bin/java line 73.
Terminate 12884!
Killed 12884! at /scratch/jmcampos/RTA/repair_them_all_framework/jdks/jdk1.7.0_80/jre/bin/java line 73.
Terminate 12489!
Killed 12489! at /scratch/jmcampos/RTA/repair_them_all_framework/jdks/jdk1.7.0_80/jre/bin/java line 73.
Picked up JAVA_TOOL_OPTIONS: -XX:CICompilerCount=2 -XX:ParallelGCThreads=2 -XX:ConcGCThreads=2 -Djdk.net.URLClassPath.disableClassPathURLCheck=true -XX:CICompilerCount=2 -XX:ParallelGCThreads=2 -XX:ConcGCThreads=2 -Djdk.net.URLClassPath.disableClassPathURLCheck=true 
Picked up JAVA_TOOL_OPTIONS: -XX:CICompilerCount=2 -XX:ParallelGCThreads=2 -XX:ConcGCThreads=2 -Djdk.net.URLClassPath.disableClassPathURLCheck=true -XX:CICompilerCount=2 -XX:ParallelGCThreads=2 -XX:ConcGCThreads=2 -Djdk.net.URLClassPath.disableClassPathURLCheck=true 
Picked up JAVA_TOOL_OPTIONS: -XX:CICompilerCount=2 -XX:ParallelGCThreads=2 -XX:ConcGCThreads=2 -Djdk.net.URLClassPath.disableClassPathURLCheck=true -XX:CICompilerCount=2 -XX:ParallelGCThreads=2 -XX:ConcGCThreads=2 -Djdk.net.URLClassPath.disableClassPathURLCheck=true 
Terminate 12590!
Killed 12590! at /scratch/jmcampos/RTA/repair_them_all_framework/jdks/jdk1.7.0_80/jre/bin/java line 73.
Picked up JAVA_TOOL_OPTIONS: -XX:CICompilerCount=2 -XX:ParallelGCThreads=2 -XX:ConcGCThreads=2 -Djdk.net.URLClassPath.disableClassPathURLCheck=true -XX:CICompilerCount=2 -XX:ParallelGCThreads=2 -XX:ConcGCThreads=2 -Djdk.net.URLClassPath.disableClassPathURLCheck=true 
Picked up JAVA_TOOL_OPTIONS: -XX:CICompilerCount=2 -XX:ParallelGCThreads=2 -XX:ConcGCThreads=2 -Djdk.net.URLClassPath.disableClassPathURLCheck=true -XX:CICompilerCount=2 -XX:ParallelGCThreads=2 -XX:ConcGCThreads=2 -Djdk.net.URLClassPath.disableClassPathURLCheck=true 
Picked up JAVA_TOOL_OPTIONS: -XX:CICompilerCount=2 -XX:ParallelGCThreads=2 -XX:ConcGCThreads=2 -Djdk.net.URLClassPath.disableClassPathURLCheck=true -XX:CICompilerCount=2 -XX:ParallelGCThreads=2 -XX:ConcGCThreads=2 -Djdk.net.URLClassPath.disableClassPathURLCheck=true 
Picked up JAVA_TOOL_OPTIONS: -XX:CICompilerCount=2 -XX:ParallelGCThreads=2 -XX:ConcGCThreads=2 -Djdk.net.URLClassPath.disableClassPathURLCheck=true -XX:CICompilerCount=2 -XX:ParallelGCThreads=2 -XX:ConcGCThreads=2 -Djdk.net.URLClassPath.disableClassPathURLCheck=true 
Picked up JAVA_TOOL_OPTIONS: -XX:CICompilerCount=2 -XX:ParallelGCThreads=2 -XX:ConcGCThreads=2 -Djdk.net.URLClassPath.disableClassPathURLCheck=true -XX:CICompilerCount=2 -XX:ParallelGCThreads=2 -XX:ConcGCThreads=2 -Djdk.net.URLClassPath.disableClassPathURLCheck=true 
Picked up JAVA_TOOL_OPTIONS: -XX:CICompilerCount=2 -XX:ParallelGCThreads=2 -XX:ConcGCThreads=2 -Djdk.net.URLClassPath.disableClassPathURLCheck=true -XX:CICompilerCount=2 -XX:ParallelGCThreads=2 -XX:ConcGCThreads=2 -Djdk.net.URLClassPath.disableClassPathURLCheck=true 
Picked up _JAVA_OPTIONS: -Djdk.net.URLClassPath.disableClassPathURLCheck=true
Signal 15 (TERM) caught by ps (procps-ng version 3.3.10).
ps:display.c:66: please report this bug
Terminate 14709!
Killed 14709! at /scratch/jmcampos/RTA/repair_them_all_framework/jdks/jdk1.7.0_80/jre/bin/java line 73.
Picked up JAVA_TOOL_OPTIONS: -XX:CICompilerCount=2 -XX:ParallelGCThreads=2 -XX:ConcGCThreads=2 -Djdk.net.URLClassPath.disableClassPathURLCheck=true -XX:CICompilerCount=2 -XX:ParallelGCThreads=2 -XX:ConcGCThreads=2 -Djdk.net.URLClassPath.disableClassPathURLCheck=true 
Picked up _JAVA_OPTIONS: -Djdk.net.URLClassPath.disableClassPathURLCheck=true
Signal 15 (TERM) caught by ps (procps-ng version 3.3.10).
ps:display.c:66: please report this bug
Terminate 14890!
Kill 14890!
Killed 14890! at /scratch/jmcampos/RTA/repair_them_all_framework/jdks/jdk1.7.0_80/jre/bin/java line 73.
Picked up JAVA_TOOL_OPTIONS: -XX:CICompilerCount=2 -XX:ParallelGCThreads=2 -XX:ConcGCThreads=2 -Djdk.net.URLClassPath.disableClassPathURLCheck=true -XX:CICompilerCount=2 -XX:ParallelGCThreads=2 -XX:ConcGCThreads=2 -Djdk.net.URLClassPath.disableClassPathURLCheck=true 
Picked up _JAVA_OPTIONS: -Djdk.net.URLClassPath.disableClassPathURLCheck=true
Signal 15 (TERM) caught by ps (procps-ng version 3.3.10).
ps:display.c:66: please report this bug
Terminate 15001!
Killed 15001! at /scratch/jmcampos/RTA/repair_them_all_framework/jdks/jdk1.7.0_80/jre/bin/java line 73.
Terminate 13494!
Killed 13494! at /scratch/jmcampos/RTA/repair_them_all_framework/jdks/jdk1.7.0_80/jre/bin/java line 73.
Picked up JAVA_TOOL_OPTIONS: -XX:CICompilerCount=2 -XX:ParallelGCThreads=2 -XX:ConcGCThreads=2 -Djdk.net.URLClassPath.disableClassPathURLCheck=true -XX:CICompilerCount=2 -XX:ParallelGCThreads=2 -XX:ConcGCThreads=2 -Djdk.net.URLClassPath.disableClassPathURLCheck=true 
Picked up JAVA_TOOL_OPTIONS: -XX:CICompilerCount=2 -XX:ParallelGCThreads=2 -XX:ConcGCThreads=2 -Djdk.net.URLClassPath.disableClassPathURLCheck=true -XX:CICompilerCount=2 -XX:ParallelGCThreads=2 -XX:ConcGCThreads=2 -Djdk.net.URLClassPath.disableClassPathURLCheck=true 
Picked up _JAVA_OPTIONS: -Djdk.net.URLClassPath.disableClassPathURLCheck=true
Picked up _JAVA_OPTIONS: -Djdk.net.URLClassPath.disableClassPathURLCheck=true
Signal 15 (TERM) caught by ps (procps-ng version 3.3.10).
Signal 15 (TERM) caught by ps (procps-ng version 3.3.10).
ps:display.c:66: please report this bug
ps:display.c:66: please report this bug
Terminate 15225!
Terminate 14527!
Killed 15225! at /scratch/jmcampos/RTA/repair_them_all_framework/jdks/jdk1.7.0_80/jre/bin/java line 73.
Kill 14527!
Killed 14527! at /scratch/jmcampos/RTA/repair_them_all_framework/jdks/jdk1.7.0_80/jre/bin/java line 73.
Picked up JAVA_TOOL_OPTIONS: -XX:CICompilerCount=2 -XX:ParallelGCThreads=2 -XX:ConcGCThreads=2 -Djdk.net.URLClassPath.disableClassPathURLCheck=true -XX:CICompilerCount=2 -XX:ParallelGCThreads=2 -XX:ConcGCThreads=2 -Djdk.net.URLClassPath.disableClassPathURLCheck=true 
Picked up _JAVA_OPTIONS: -Djdk.net.URLClassPath.disableClassPathURLCheck=true
Terminate 15382!
Killed 15382! at /scratch/jmcampos/RTA/repair_them_all_framework/jdks/jdk1.7.0_80/jre/bin/java line 73.
Picked up JAVA_TOOL_OPTIONS: -XX:CICompilerCount=2 -XX:ParallelGCThreads=2 -XX:ConcGCThreads=2 -Djdk.net.URLClassPath.disableClassPathURLCheck=true -XX:CICompilerCount=2 -XX:ParallelGCThreads=2 -XX:ConcGCThreads=2 -Djdk.net.URLClassPath.disableClassPathURLCheck=true 
Picked up JAVA_TOOL_OPTIONS: -XX:CICompilerCount=2 -XX:ParallelGCThreads=2 -XX:ConcGCThreads=2 -Djdk.net.URLClassPath.disableClassPathURLCheck=true -XX:CICompilerCount=2 -XX:ParallelGCThreads=2 -XX:ConcGCThreads=2 -Djdk.net.URLClassPath.disableClassPathURLCheck=true 
Picked up JAVA_TOOL_OPTIONS: -XX:CICompilerCount=2 -XX:ParallelGCThreads=2 -XX:ConcGCThreads=2 -Djdk.net.URLClassPath.disableClassPathURLCheck=true -XX:CICompilerCount=2 -XX:ParallelGCThreads=2 -XX:ConcGCThreads=2 -Djdk.net.URLClassPath.disableClassPathURLCheck=true 
Picked up _JAVA_OPTIONS: -Djdk.net.URLClassPath.disableClassPathURLCheck=true
Picked up JAVA_TOOL_OPTIONS: -XX:CICompilerCount=2 -XX:ParallelGCThreads=2 -XX:ConcGCThreads=2 -Djdk.net.URLClassPath.disableClassPathURLCheck=true -XX:CICompilerCount=2 -XX:ParallelGCThreads=2 -XX:ConcGCThreads=2 -Djdk.net.URLClassPath.disableClassPathURLCheck=true 
Terminate 14415!
Killed 14415! at /scratch/jmcampos/RTA/repair_them_all_framework/jdks/jdk1.7.0_80/jre/bin/java line 73.
Signal 15 (TERM) caught by ps (procps-ng version 3.3.10).
ps:display.c:66: please report this bug
Picked up _JAVA_OPTIONS: -Djdk.net.URLClassPath.disableClassPathURLCheck=true
Picked up _JAVA_OPTIONS: -Djdk.net.URLClassPath.disableClassPathURLCheck=true
Signal 15 (TERM) caught by ps (procps-ng version 3.3.10).
ps:display.c:66: please report this bug
Terminate 14305!
Killed 14305! at /scratch/jmcampos/RTA/repair_them_all_framework/jdks/jdk1.7.0_80/jre/bin/java line 73.
Terminate 15390!
Killed 15390! at /scratch/jmcampos/RTA/repair_them_all_framework/jdks/jdk1.7.0_80/jre/bin/java line 73.
Picked up JAVA_TOOL_OPTIONS: -XX:CICompilerCount=2 -XX:ParallelGCThreads=2 -XX:ConcGCThreads=2 -Djdk.net.URLClassPath.disableClassPathURLCheck=true -XX:CICompilerCount=2 -XX:ParallelGCThreads=2 -XX:ConcGCThreads=2 -Djdk.net.URLClassPath.disableClassPathURLCheck=true 
Picked up _JAVA_OPTIONS: -Djdk.net.URLClassPath.disableClassPathURLCheck=true
Picked up JAVA_TOOL_OPTIONS: -XX:CICompilerCount=2 -XX:ParallelGCThreads=2 -XX:ConcGCThreads=2 -Djdk.net.URLClassPath.disableClassPathURLCheck=true -XX:CICompilerCount=2 -XX:ParallelGCThreads=2 -XX:ConcGCThreads=2 -Djdk.net.URLClassPath.disableClassPathURLCheck=true 
Picked up _JAVA_OPTIONS: -Djdk.net.URLClassPath.disableClassPathURLCheck=true
Picked up JAVA_TOOL_OPTIONS: -XX:CICompilerCount=2 -XX:ParallelGCThreads=2 -XX:ConcGCThreads=2 -Djdk.net.URLClassPath.disableClassPathURLCheck=true -XX:CICompilerCount=2 -XX:ParallelGCThreads=2 -XX:ConcGCThreads=2 -Djdk.net.URLClassPath.disableClassPathURLCheck=true 
Picked up _JAVA_OPTIONS: -Djdk.net.URLClassPath.disableClassPathURLCheck=true
Terminate 15461!
Killed 15461! at /scratch/jmcampos/RTA/repair_them_all_framework/jdks/jdk1.7.0_80/jre/bin/java line 73.
Picked up JAVA_TOOL_OPTIONS: -XX:CICompilerCount=2 -XX:ParallelGCThreads=2 -XX:ConcGCThreads=2 -Djdk.net.URLClassPath.disableClassPathURLCheck=true -XX:CICompilerCount=2 -XX:ParallelGCThreads=2 -XX:ConcGCThreads=2 -Djdk.net.URLClassPath.disableClassPathURLCheck=true 
Picked up JAVA_TOOL_OPTIONS: -XX:CICompilerCount=2 -XX:ParallelGCThreads=2 -XX:ConcGCThreads=2 -Djdk.net.URLClassPath.disableClassPathURLCheck=true -XX:CICompilerCount=2 -XX:ParallelGCThreads=2 -XX:ConcGCThreads=2 -Djdk.net.URLClassPath.disableClassPathURLCheck=true 
Picked up _JAVA_OPTIONS: -Djdk.net.URLClassPath.disableClassPathURLCheck=true
Picked up _JAVA_OPTIONS: -Djdk.net.URLClassPath.disableClassPathURLCheck=true
Picked up JAVA_TOOL_OPTIONS: -XX:CICompilerCount=2 -XX:ParallelGCThreads=2 -XX:ConcGCThreads=2 -Djdk.net.URLClassPath.disableClassPathURLCheck=true -XX:CICompilerCount=2 -XX:ParallelGCThreads=2 -XX:ConcGCThreads=2 -Djdk.net.URLClassPath.disableClassPathURLCheck=true 
Picked up _JAVA_OPTIONS: -Djdk.net.URLClassPath.disableClassPathURLCheck=true
Signal 15 (TERM) caught by ps (procps-ng version 3.3.10).
ps:display.c:66: please report this bug
Terminate 15640!
Killed 15640! at /scratch/jmcampos/RTA/repair_them_all_framework/jdks/jdk1.7.0_80/jre/bin/java line 73.
Picked up JAVA_TOOL_OPTIONS: -XX:CICompilerCount=2 -XX:ParallelGCThreads=2 -XX:ConcGCThreads=2 -Djdk.net.URLClassPath.disableClassPathURLCheck=true -XX:CICompilerCount=2 -XX:ParallelGCThreads=2 -XX:ConcGCThreads=2 -Djdk.net.URLClassPath.disableClassPathURLCheck=true 
Picked up JAVA_TOOL_OPTIONS: -XX:CICompilerCount=2 -XX:ParallelGCThreads=2 -XX:ConcGCThreads=2 -Djdk.net.URLClassPath.disableClassPathURLCheck=true -XX:CICompilerCount=2 -XX:ParallelGCThreads=2 -XX:ConcGCThreads=2 -Djdk.net.URLClassPath.disableClassPathURLCheck=true 
Picked up _JAVA_OPTIONS: -Djdk.net.URLClassPath.disableClassPathURLCheck=true
Signal 15 (TERM) caught by ps (procps-ng version 3.3.10).
ps:display.c:66: please report this bug
Terminate 13844!
Killed 13844! at /scratch/jmcampos/RTA/repair_them_all_framework/jdks/jdk1.7.0_80/jre/bin/java line 73.
Picked up JAVA_TOOL_OPTIONS: -XX:CICompilerCount=2 -XX:ParallelGCThreads=2 -XX:ConcGCThreads=2 -Djdk.net.URLClassPath.disableClassPathURLCheck=true -XX:CICompilerCount=2 -XX:ParallelGCThreads=2 -XX:ConcGCThreads=2 -Djdk.net.URLClassPath.disableClassPathURLCheck=true 
Picked up _JAVA_OPTIONS: -Djdk.net.URLClassPath.disableClassPathURLCheck=true
Terminate 13887!
Killed 13887! at /scratch/jmcampos/RTA/repair_them_all_framework/jdks/jdk1.7.0_80/jre/bin/java line 73.
Picked up JAVA_TOOL_OPTIONS: -XX:CICompilerCount=2 -XX:ParallelGCThreads=2 -XX:ConcGCThreads=2 -Djdk.net.URLClassPath.disableClassPathURLCheck=true -XX:CICompilerCount=2 -XX:ParallelGCThreads=2 -XX:ConcGCThreads=2 -Djdk.net.URLClassPath.disableClassPathURLCheck=true 
Picked up _JAVA_OPTIONS: -Djdk.net.URLClassPath.disableClassPathURLCheck=true
Picked up _JAVA_OPTIONS: -Djdk.net.URLClassPath.disableClassPathURLCheck=true
Terminate 15756!
Killed 15756! at /scratch/jmcampos/RTA/repair_them_all_framework/jdks/jdk1.7.0_80/jre/bin/java line 73.
Picked up JAVA_TOOL_OPTIONS: -XX:CICompilerCount=2 -XX:ParallelGCThreads=2 -XX:ConcGCThreads=2 -Djdk.net.URLClassPath.disableClassPathURLCheck=true -XX:CICompilerCount=2 -XX:ParallelGCThreads=2 -XX:ConcGCThreads=2 -Djdk.net.URLClassPath.disableClassPathURLCheck=true 
Picked up _JAVA_OPTIONS: -Djdk.net.URLClassPath.disableClassPathURLCheck=true
Terminate 16035!
Killed 16035! at /scratch/jmcampos/RTA/repair_them_all_framework/jdks/jdk1.7.0_80/jre/bin/java line 73.
Picked up JAVA_TOOL_OPTIONS: -XX:CICompilerCount=2 -XX:ParallelGCThreads=2 -XX:ConcGCThreads=2 -Djdk.net.URLClassPath.disableClassPathURLCheck=true -XX:CICompilerCount=2 -XX:ParallelGCThreads=2 -XX:ConcGCThreads=2 -Djdk.net.URLClassPath.disableClassPathURLCheck=true 
Picked up JAVA_TOOL_OPTIONS: -XX:CICompilerCount=2 -XX:ParallelGCThreads=2 -XX:ConcGCThreads=2 -Djdk.net.URLClassPath.disableClassPathURLCheck=true -XX:CICompilerCount=2 -XX:ParallelGCThreads=2 -XX:ConcGCThreads=2 -Djdk.net.URLClassPath.disableClassPathURLCheck=true 
Picked up JAVA_TOOL_OPTIONS: -XX:CICompilerCount=2 -XX:ParallelGCThreads=2 -XX:ConcGCThreads=2 -Djdk.net.URLClassPath.disableClassPathURLCheck=true -XX:CICompilerCount=2 -XX:ParallelGCThreads=2 -XX:ConcGCThreads=2 -Djdk.net.URLClassPath.disableClassPathURLCheck=true 
Picked up JAVA_TOOL_OPTIONS: -XX:CICompilerCount=2 -XX:ParallelGCThreads=2 -XX:ConcGCThreads=2 -Djdk.net.URLClassPath.disableClassPathURLCheck=true -XX:CICompilerCount=2 -XX:ParallelGCThreads=2 -XX:ConcGCThreads=2 -Djdk.net.URLClassPath.disableClassPathURLCheck=true 
Picked up JAVA_TOOL_OPTIONS: -XX:CICompilerCount=2 -XX:ParallelGCThreads=2 -XX:ConcGCThreads=2 -Djdk.net.URLClassPath.disableClassPathURLCheck=true -XX:CICompilerCount=2 -XX:ParallelGCThreads=2 -XX:ConcGCThreads=2 -Djdk.net.URLClassPath.disableClassPathURLCheck=true 
Picked up _JAVA_OPTIONS: -Djdk.net.URLClassPath.disableClassPathURLCheck=true
Picked up JAVA_TOOL_OPTIONS: -XX:CICompilerCount=2 -XX:ParallelGCThreads=2 -XX:ConcGCThreads=2 -Djdk.net.URLClassPath.disableClassPathURLCheck=true -XX:CICompilerCount=2 -XX:ParallelGCThreads=2 -XX:ConcGCThreads=2 -Djdk.net.URLClassPath.disableClassPathURLCheck=true 
Picked up _JAVA_OPTIONS: -Djdk.net.URLClassPath.disableClassPathURLCheck=true
Terminate 12477!
Killed 12477! at /scratch/jmcampos/RTA/repair_them_all_framework/jdks/jdk1.7.0_80/jre/bin/java line 73.
Running org.apache.flink.runtime.io.network.partition.ProducerFailedExceptionTest
Running org.apache.flink.runtime.io.network.DataExchangeModeTest
Running org.apache.flink.runtime.operators.drivers.AllReduceDriverTest
Running org.apache.flink.runtime.operators.util.BitSetTest
Running org.apache.flink.runtime.io.network.partition.consumer.InputChannelTest
Picked up JAVA_TOOL_OPTIONS: -XX:CICompilerCount=2 -XX:ParallelGCThreads=2 -XX:ConcGCThreads=2 -Djdk.net.URLClassPath.disableClassPathURLCheck=true -XX:CICompilerCount=2 -XX:ParallelGCThreads=2 -XX:ConcGCThreads=2 -Djdk.net.URLClassPath.disableClassPathURLCheck=true 
Picked up _JAVA_OPTIONS: -Djdk.net.URLClassPath.disableClassPathURLCheck=true
Terminate 16146!
Killed 16146! at /scratch/jmcampos/RTA/repair_them_all_framework/jdks/jdk1.7.0_80/jre/bin/java line 73.
Picked up JAVA_TOOL_OPTIONS: -XX:CICompilerCount=2 -XX:ParallelGCThreads=2 -XX:ConcGCThreads=2 -Djdk.net.URLClassPath.disableClassPathURLCheck=true -XX:CICompilerCount=2 -XX:ParallelGCThreads=2 -XX:ConcGCThreads=2 -Djdk.net.URLClassPath.disableClassPathURLCheck=true 
Picked up JAVA_TOOL_OPTIONS: -XX:CICompilerCount=2 -XX:ParallelGCThreads=2 -XX:ConcGCThreads=2 -Djdk.net.URLClassPath.disableClassPathURLCheck=true -XX:CICompilerCount=2 -XX:ParallelGCThreads=2 -XX:ConcGCThreads=2 -Djdk.net.URLClassPath.disableClassPathURLCheck=true 
Running org.apache.flink.runtime.operators.CoGroupTaskTest
Picked up JAVA_TOOL_OPTIONS: -XX:CICompilerCount=2 -XX:ParallelGCThreads=2 -XX:ConcGCThreads=2 -Djdk.net.URLClassPath.disableClassPathURLCheck=true -XX:CICompilerCount=2 -XX:ParallelGCThreads=2 -XX:ConcGCThreads=2 -Djdk.net.URLClassPath.disableClassPathURLCheck=true 
Picked up JAVA_TOOL_OPTIONS: -XX:CICompilerCount=2 -XX:ParallelGCThreads=2 -XX:ConcGCThreads=2 -Djdk.net.URLClassPath.disableClassPathURLCheck=true -XX:CICompilerCount=2 -XX:ParallelGCThreads=2 -XX:ConcGCThreads=2 -Djdk.net.URLClassPath.disableClassPathURLCheck=true 
Running org.apache.flink.runtime.operators.sort.FixedLengthRecordSorterTest
Running org.apache.flink.runtime.io.disk.iomanager.BufferFileWriterReaderTest
Picked up JAVA_TOOL_OPTIONS: -XX:CICompilerCount=2 -XX:ParallelGCThreads=2 -XX:ConcGCThreads=2 -Djdk.net.URLClassPath.disableClassPathURLCheck=true -XX:CICompilerCount=2 -XX:ParallelGCThreads=2 -XX:ConcGCThreads=2 -Djdk.net.URLClassPath.disableClassPathURLCheck=true 
Picked up _JAVA_OPTIONS: -Djdk.net.URLClassPath.disableClassPathURLCheck=true
Picked up JAVA_TOOL_OPTIONS: -XX:CICompilerCount=2 -XX:ParallelGCThreads=2 -XX:ConcGCThreads=2 -Djdk.net.URLClassPath.disableClassPathURLCheck=true -XX:CICompilerCount=2 -XX:ParallelGCThreads=2 -XX:ConcGCThreads=2 -Djdk.net.URLClassPath.disableClassPathURLCheck=true 
Picked up _JAVA_OPTIONS: -Djdk.net.URLClassPath.disableClassPathURLCheck=true
Running org.apache.flink.runtime.jobmanager.scheduler.SchedulerSlotSharingTest
Running org.apache.flink.runtime.taskmanager.TaskManagerStartupTest
Running org.apache.flink.runtime.jobmanager.scheduler.SlotAllocationFutureTest
Running org.apache.flink.runtime.executiongraph.ExecutionVertexCancelTest
Running org.apache.flink.runtime.operators.RightOuterJoinTaskTest
Running org.apache.flink.runtime.io.network.netty.PartitionRequestClientHandlerTest
Running org.apache.flink.runtime.io.network.partition.SpilledSubpartitionViewAsyncIOTest
Running org.apache.flink.runtime.io.network.api.writer.RecordWriterTest
Picked up _JAVA_OPTIONS: -Djdk.net.URLClassPath.disableClassPathURLCheck=true
Terminate 12570!
Killed 12570! at /scratch/jmcampos/RTA/repair_them_all_framework/jdks/jdk1.7.0_80/jre/bin/java line 73.
Picked up _JAVA_OPTIONS: -Djdk.net.URLClassPath.disableClassPathURLCheck=true
Picked up _JAVA_OPTIONS: -Djdk.net.URLClassPath.disableClassPathURLCheck=true
Running org.apache.flink.runtime.taskmanager.TaskExecutionStateTest
Running org.apache.flink.runtime.operators.FlatMapTaskTest
Running org.apache.flink.runtime.io.network.partition.SpilledSubpartitionViewSyncIOTest
Running org.apache.flink.runtime.taskmanager.TaskInputSplitProviderTest
Running org.apache.flink.runtime.io.network.buffer.BufferPoolFactoryTest
Running org.apache.flink.runtime.taskmanager.TaskManagerRegistrationTest
Running org.apache.flink.runtime.operators.LeftOuterJoinTaskTest
Running org.apache.flink.runtime.io.network.netty.NettyMessageSerializationTest
Running org.apache.flink.runtime.taskmanager.TaskManagerProcessReapingTest
Running org.apache.flink.runtime.operators.CombinerOversizedRecordsTest
Picked up _JAVA_OPTIONS: -Djdk.net.URLClassPath.disableClassPathURLCheck=true
Running org.apache.flink.runtime.io.disk.iomanager.AsynchronousFileIOChannelTest
Picked up _JAVA_OPTIONS: -Djdk.net.URLClassPath.disableClassPathURLCheck=true
Running org.apache.flink.runtime.io.network.buffer.LocalBufferPoolTest
Picked up _JAVA_OPTIONS: -Djdk.net.URLClassPath.disableClassPathURLCheck=true
Signal 15 (TERM) caught by ps (procps-ng version 3.3.10).
Terminate 12780!
Running org.apache.flink.runtime.io.disk.iomanager.IOManagerTest
Running org.apache.flink.runtime.operators.sort.MergeIteratorTest
Running org.apache.flink.runtime.operators.FullOuterJoinTaskTest
Picked up _JAVA_OPTIONS: -Djdk.net.URLClassPath.disableClassPathURLCheck=true
Terminate 16103!
Killed 16103! at /scratch/jmcampos/RTA/repair_them_all_framework/jdks/jdk1.7.0_80/jre/bin/java line 73.
Picked up _JAVA_OPTIONS: -Djdk.net.URLClassPath.disableClassPathURLCheck=true
Terminate 12956!
Killed 12956! at /scratch/jmcampos/RTA/repair_them_all_framework/jdks/jdk1.7.0_80/jre/bin/java line 73.
Picked up _JAVA_OPTIONS: -Djdk.net.URLClassPath.disableClassPathURLCheck=true
Picked up _JAVA_OPTIONS: -Djdk.net.URLClassPath.disableClassPathURLCheck=true
Terminate 12866!
Kill 12866!
Killed 12780! at /scratch/jmcampos/RTA/repair_them_all_framework/jdks/jdk1.7.0_80/jre/bin/java line 73.
Signal 15 (TERM) caught by ps (procps-ng version 3.3.10).
ps:display.c:66: please report this bug
Signal 15 (TERM) caught by ps (procps-ng version 3.3.10).
ps:display.c:66: please report this bug
Picked up _JAVA_OPTIONS: -Djdk.net.URLClassPath.disableClassPathURLCheck=true
Terminate 13186!
Killed 13186! at /scratch/jmcampos/RTA/repair_them_all_framework/jdks/jdk1.7.0_80/jre/bin/java line 73.
Terminate 13204!
ps:display.c:66: please report this bug
Terminate 13612!
Killed 12866! at /scratch/jmcampos/RTA/repair_them_all_framework/jdks/jdk1.7.0_80/jre/bin/java line 73.
Kill 13612!
Killed 13612! at /scratch/jmcampos/RTA/repair_them_all_framework/jdks/jdk1.7.0_80/jre/bin/java line 73.
Killed 13204! at /scratch/jmcampos/RTA/repair_them_all_framework/jdks/jdk1.7.0_80/jre/bin/java line 73.
Terminate 13122!
Killed 13122! at /scratch/jmcampos/RTA/repair_them_all_framework/jdks/jdk1.7.0_80/jre/bin/java line 73.
Signal 15 (TERM) caught by ps (procps-ng version 3.3.10).
ps:display.c:66: please report this bug
Terminate 12560!
Killed 12560! at /scratch/jmcampos/RTA/repair_them_all_framework/jdks/jdk1.7.0_80/jre/bin/java line 73.
Running org.apache.flink.runtime.io.network.api.serialization.EventSerializerTest
Running org.apache.flink.runtime.io.network.serialization.LargeRecordsTest
Running org.apache.flink.runtime.io.disk.ChannelViewsTest
Picked up _JAVA_OPTIONS: -Djdk.net.URLClassPath.disableClassPathURLCheck=true
Signal 15 (TERM) caught by ps (procps-ng version 3.3.10).
ps:display.c:66: please report this bug
Running org.apache.flink.runtime.operators.drivers.GroupReduceDriverTest
Terminate 12314!
Killed 12314! at /scratch/jmcampos/RTA/repair_them_all_framework/jdks/jdk1.7.0_80/jre/bin/java line 73.
Terminate 12529!
Killed 12529! at /scratch/jmcampos/RTA/repair_them_all_framework/jdks/jdk1.7.0_80/jre/bin/java line 73.
Signal 15 (TERM) caught by ps (procps-ng version 3.3.10).
ps:display.c:66: please report this bug
Terminate 12856!
Killed 12856! at /scratch/jmcampos/RTA/repair_them_all_framework/jdks/jdk1.7.0_80/jre/bin/java line 73.
Running org.apache.flink.runtime.executiongraph.PointwisePatternTest
Running org.apache.flink.runtime.instance.SimpleSlotTest
Running org.apache.flink.runtime.io.disk.FileChannelStreamsTest
Running org.apache.flink.runtime.operators.drivers.AllGroupReduceDriverTest
Running org.apache.flink.runtime.operators.drivers.ReduceDriverTest
Running org.apache.flink.runtime.jobmanager.SlotCountExceedingParallelismTest
Running org.apache.flink.runtime.jobmanager.JobManagerProcessReapingTest
Running org.apache.flink.runtime.jobmanager.JobManagerTest
Terminate 12345!
Killed 12345! at /scratch/jmcampos/RTA/repair_them_all_framework/jdks/jdk1.7.0_80/jre/bin/java line 73.
Running org.apache.flink.runtime.jobmanager.scheduler.ScheduleOrUpdateConsumersTest
Running org.apache.flink.runtime.executiongraph.ExecutionGraphConstructionTest
Running org.apache.flink.runtime.taskmanager.TaskTest
Terminate 12491!
Killed 12491! at /scratch/jmcampos/RTA/repair_them_all_framework/jdks/jdk1.7.0_80/jre/bin/java line 73.
Running org.apache.flink.runtime.io.disk.iomanager.BufferFileWriterFileSegmentReaderTest
Running org.apache.flink.runtime.operators.resettable.NonReusingBlockResettableIteratorTest
Running org.apache.flink.runtime.io.network.partition.PipelinedSubpartitionTest
Signal 15 (TERM) caught by ps (procps-ng version 3.3.10).
ps:display.c:66: please report this bug
Terminate 13516!
Killed 13516! at /scratch/jmcampos/RTA/repair_them_all_framework/jdks/jdk1.7.0_80/jre/bin/java line 73.
Running org.apache.flink.runtime.io.disk.SeekableFileChannelInputViewTest
Running org.apache.flink.runtime.jobmanager.scheduler.SchedulerIsolatedTasksTest
Running org.apache.flink.runtime.executiongraph.TaskManagerLossFailsTasksTest
Running org.apache.flink.runtime.taskmanager.TaskManagerTest
Running org.apache.flink.runtime.executiongraph.ExecutionGraphDeploymentTest
Running org.apache.flink.runtime.blob.BlobClientTest
Running org.apache.flink.runtime.jobmanager.scheduler.CoLocationConstraintTest
Running org.apache.flink.runtime.io.network.NetworkEnvironmentTest
Running org.apache.flink.runtime.io.network.api.serialization.PagedViewsTest
Running org.apache.flink.runtime.leaderelection.StandaloneLeaderElectionTest
Signal 15 (TERM) caught by ps (procps-ng version 3.3.10).
Running org.apache.flink.runtime.jobmanager.JobSubmitTest
Running org.apache.flink.runtime.jobmanager.JobManagerConnectionTest
Running org.apache.flink.runtime.operators.JoinTaskTest
Signal 15 (TERM) caught by ps (procps-ng version 3.3.10).
Signal 15 (TERM) caught by ps (procps-ng version 3.3.10).
Running org.apache.flink.runtime.leaderelection.ZooKeeperLeaderElectionTest
Running org.apache.flink.runtime.io.network.netty.ClientTransportErrorHandlingTest
Terminate 14032!
Running org.apache.flink.runtime.operators.drivers.ReduceCombineDriverTest
ps:display.c:66: please report this bug
Running org.apache.flink.runtime.io.network.partition.consumer.LocalInputChannelTest
Running org.apache.flink.runtime.operators.sort.LargeRecordHandlerTest
Running org.apache.flink.runtime.io.network.buffer.BufferTest
Terminate 13833!
Running org.apache.flink.runtime.io.network.netty.ServerTransportErrorHandlingTest
Running org.apache.flink.runtime.io.network.partition.consumer.RemoteInputChannelTest
java.lang.IllegalStateException: I/O-Manger is shut down.
Running org.apache.flink.runtime.leaderelection.LeaderChangeStateCleanupTest
	at com.google.common.base.Preconditions.checkState(Preconditions.java:173)
Picked up _JAVA_OPTIONS: -Djdk.net.URLClassPath.disableClassPathURLCheck=true
Signal 15 (TERM) caught by ps (procps-ng version 3.3.10).
	at org.apache.flink.runtime.io.disk.iomanager.IOManagerAsync.createBlockChannelReader(IOManagerAsync.java:249)
Running org.apache.flink.runtime.io.network.api.serialization.SpanningRecordSerializerTest
	at org.apache.flink.runtime.io.disk.iomanager.IOManager.createBlockChannelReader(IOManager.java:223)
ps:display.c:66: please report this bug
Terminate 14525!
	at org.apache.flink.runtime.io.disk.SeekableFileChannelInputView.seek(SeekableFileChannelInputView.java:116)
Signal 15 (TERM) caught by ps (procps-ng version 3.3.10).
Killed 13833! at /scratch/jmcampos/RTA/repair_them_all_framework/jdks/jdk1.7.0_80/jre/bin/java line 73.
	at org.apache.flink.runtime.operators.sort.LargeRecordHandler$FetchingIterator.next(LargeRecordHandler.java:431)
Terminate 13492!
	at org.apache.flink.runtime.operators.sort.LargeRecordHandler$FetchingIterator.next(LargeRecordHandler.java:421)
Killed 13492! at /scratch/jmcampos/RTA/repair_them_all_framework/jdks/jdk1.7.0_80/jre/bin/java line 73.
	at org.apache.flink.runtime.operators.sort.LargeRecordHandlerTest.testRecordHandlerCompositeKey(LargeRecordHandlerTest.java:230)
Killed 14032! at /scratch/jmcampos/RTA/repair_them_all_framework/jdks/jdk1.7.0_80/jre/bin/java line 73.
	at sun.reflect.NativeMethodAccessorImpl.invoke0(Native Method)
ps:display.c:66: please report this bug
	at sun.reflect.NativeMethodAccessorImpl.invoke(NativeMethodAccessorImpl.java:57)
Terminate 13772!
ps:display.c:66: please report this bug
	at sun.reflect.DelegatingMethodAccessorImpl.invoke(DelegatingMethodAccessorImpl.java:43)
Running org.apache.flink.runtime.io.disk.iomanager.IOManagerAsyncTest
	at java.lang.reflect.Method.invoke(Method.java:606)
Signal 15 (TERM) caught by ps (procps-ng version 3.3.10).
	at org.junit.runners.model.FrameworkMethod$1.runReflectiveCall(FrameworkMethod.java:47)
Terminate 12502!
Running org.apache.flink.runtime.io.network.netty.NettyServerLowAndHighWatermarkTest
	at org.junit.internal.runners.model.ReflectiveCallable.run(ReflectiveCallable.java:12)
	at org.junit.runners.model.FrameworkMethod.invokeExplosively(FrameworkMethod.java:44)
Killed 13772! at /scratch/jmcampos/RTA/repair_them_all_framework/jdks/jdk1.7.0_80/jre/bin/java line 73.
Running org.apache.flink.runtime.jobmanager.JobManagerRegistrationTest
	at org.junit.internal.runners.statements.InvokeMethod.evaluate(InvokeMethod.java:17)
	at org.junit.runners.ParentRunner.runLeaf(ParentRunner.java:271)
Picked up _JAVA_OPTIONS: -Djdk.net.URLClassPath.disableClassPathURLCheck=true
	at org.junit.runners.BlockJUnit4ClassRunner.runChild(BlockJUnit4ClassRunner.java:70)
Signal 15 (TERM) caught by ps (procps-ng version 3.3.10).
	at org.junit.runners.BlockJUnit4ClassRunner.runChild(BlockJUnit4ClassRunner.java:50)
	at org.junit.runners.ParentRunner$3.run(ParentRunner.java:238)
ps:display.c:66: please report this bug
	at org.junit.runners.ParentRunner$1.schedule(ParentRunner.java:63)
ps:display.c:66: please report this bug
	at org.junit.runners.ParentRunner.runChildren(ParentRunner.java:236)
Killed 14525! at /scratch/jmcampos/RTA/repair_them_all_framework/jdks/jdk1.7.0_80/jre/bin/java line 73.
	at org.junit.runners.ParentRunner.access$000(ParentRunner.java:53)
Terminate 13812!
	at org.junit.runners.ParentRunner$2.evaluate(ParentRunner.java:229)
Signal 15 (TERM) caught by ps (procps-ng version 3.3.10).
	at org.junit.runners.ParentRunner.run(ParentRunner.java:309)
Killed 13812! at /scratch/jmcampos/RTA/repair_them_all_framework/jdks/jdk1.7.0_80/jre/bin/java line 73.
	at org.apache.maven.surefire.junit4.JUnit4Provider.execute(JUnit4Provider.java:283)
Terminate 12760!
	at org.apache.maven.surefire.junit4.JUnit4Provider.executeWithRerun(JUnit4Provider.java:173)
Killed 12760! at /scratch/jmcampos/RTA/repair_them_all_framework/jdks/jdk1.7.0_80/jre/bin/java line 73.
Running org.apache.flink.runtime.executiongraph.restart.FixedDelayRestartStrategyTest
	at org.apache.maven.surefire.junit4.JUnit4Provider.executeTestSet(JUnit4Provider.java:153)
ps:display.c:66: please report this bug
Terminate 13777!
Running org.apache.flink.runtime.operators.resettable.ReusingBlockResettableIteratorTest
	at org.apache.maven.surefire.junit4.JUnit4Provider.invoke(JUnit4Provider.java:128)
Running org.apache.flink.runtime.executiongraph.VertexLocationConstraintTest
	at org.apache.maven.surefire.booter.ForkedBooter.invokeProviderInSameClassLoader(ForkedBooter.java:203)
Terminate 14096!
	at org.apache.maven.surefire.booter.ForkedBooter.runSuitesInProcess(ForkedBooter.java:155)
Picked up _JAVA_OPTIONS: -Djdk.net.URLClassPath.disableClassPathURLCheck=true
	at org.apache.maven.surefire.booter.ForkedBooter.main(ForkedBooter.java:103)
Terminate 14062!
Terminate 14291!
Killed 14291! at /scratch/jmcampos/RTA/repair_them_all_framework/jdks/jdk1.7.0_80/jre/bin/java line 73.
Signal 15 (TERM) caught by ps (procps-ng version 3.3.10).
Terminate 13804!
Killed 12502! at /scratch/jmcampos/RTA/repair_them_all_framework/jdks/jdk1.7.0_80/jre/bin/java line 73.
ps:display.c:66: please report this bug
Killed 13804! at /scratch/jmcampos/RTA/repair_them_all_framework/jdks/jdk1.7.0_80/jre/bin/java line 73.
ps:display.c:66: please report this bug
Kill 14062!
Signal 15 (TERM) caught by ps (procps-ng version 3.3.10).
Kill 14096!
Running org.apache.flink.runtime.executiongraph.ExecutionVertexDeploymentTest
Killed 13777! at /scratch/jmcampos/RTA/repair_them_all_framework/jdks/jdk1.7.0_80/jre/bin/java line 73.
Running org.apache.flink.runtime.io.network.DefaultChannelSelectorTest
Terminate 14475!
Killed 14475! at /scratch/jmcampos/RTA/repair_them_all_framework/jdks/jdk1.7.0_80/jre/bin/java line 73.
Running org.apache.flink.runtime.executiongraph.ExecutionStateProgressTest
Running org.apache.flink.runtime.instance.InstanceManagerTest
Signal 15 (TERM) caught by ps (procps-ng version 3.3.10).
Running org.apache.flink.runtime.io.disk.iomanager.AsynchronousBufferFileWriterTest
Killed 14096! at /scratch/jmcampos/RTA/repair_them_all_framework/jdks/jdk1.7.0_80/jre/bin/java line 73.
ps:display.c:66: please report this bug
Killed 14062! at /scratch/jmcampos/RTA/repair_them_all_framework/jdks/jdk1.7.0_80/jre/bin/java line 73.
Running org.apache.flink.runtime.io.network.partition.SpillableSubpartitionTest
Picked up _JAVA_OPTIONS: -Djdk.net.URLClassPath.disableClassPathURLCheck=true
Terminate 13594!
Terminate 14325!
Killed 13594! at /scratch/jmcampos/RTA/repair_them_all_framework/jdks/jdk1.7.0_80/jre/bin/java line 73.
Signal 15 (TERM) caught by ps (procps-ng version 3.3.10).
ps:display.c:66: please report this bug
Terminate 14438!
ps:display.c:66: please report this bug
Picked up _JAVA_OPTIONS: -Djdk.net.URLClassPath.disableClassPathURLCheck=true
Terminate 14155!
Killed 14155! at /scratch/jmcampos/RTA/repair_them_all_framework/jdks/jdk1.7.0_80/jre/bin/java line 73.
Kill 14438!
Terminate 14704!
Killed 14325! at /scratch/jmcampos/RTA/repair_them_all_framework/jdks/jdk1.7.0_80/jre/bin/java line 73.
Killed 14704! at /scratch/jmcampos/RTA/repair_them_all_framework/jdks/jdk1.7.0_80/jre/bin/java line 73.
Killed 14438! at /scratch/jmcampos/RTA/repair_them_all_framework/jdks/jdk1.7.0_80/jre/bin/java line 73.
Signal 15 (TERM) caught by ps (procps-ng version 3.3.10).
Terminate 14485!
Kill 14485!
Killed 14485! at /scratch/jmcampos/RTA/repair_them_all_framework/jdks/jdk1.7.0_80/jre/bin/java line 73.
ps:display.c:66: please report this bug
Running org.apache.flink.runtime.leaderelection.JobManagerLeaderElectionTest
Running org.apache.flink.runtime.instance.SharedSlotsTest
Running org.apache.flink.runtime.operators.resettable.BlockResettableMutableObjectIteratorTest
Running org.apache.flink.runtime.io.network.netty.CancelPartitionRequestTest
Running org.apache.flink.runtime.jobmanager.scheduler.ScheduleWithCoLocationHintTest
Picked up _JAVA_OPTIONS: -Djdk.net.URLClassPath.disableClassPathURLCheck=true
Running org.apache.flink.runtime.io.network.partition.SpilledSubpartitionViewTest
Picked up _JAVA_OPTIONS: -Djdk.net.URLClassPath.disableClassPathURLCheck=true
Running org.apache.flink.runtime.instance.InstanceTest
Picked up _JAVA_OPTIONS: -Djdk.net.URLClassPath.disableClassPathURLCheck=true
Terminate 14812!
Signal 15 (TERM) caught by ps (procps-ng version 3.3.10).
ps:display.c:66: please report this bug
Terminate 14592!
Terminate 14708!
Killed 14812! at /scratch/jmcampos/RTA/repair_them_all_framework/jdks/jdk1.7.0_80/jre/bin/java line 73.
Killed 14708! at /scratch/jmcampos/RTA/repair_them_all_framework/jdks/jdk1.7.0_80/jre/bin/java line 73.
Killed 14592! at /scratch/jmcampos/RTA/repair_them_all_framework/jdks/jdk1.7.0_80/jre/bin/java line 73.
Running org.apache.flink.runtime.io.network.partition.consumer.SingleInputGateTest
Picked up _JAVA_OPTIONS: -Djdk.net.URLClassPath.disableClassPathURLCheck=true
Signal 15 (TERM) caught by ps (procps-ng version 3.3.10).
ps:display.c:66: please report this bug
Terminate 14728!
Kill 14728!
Killed 14728! at /scratch/jmcampos/RTA/repair_them_all_framework/jdks/jdk1.7.0_80/jre/bin/java line 73.
Running org.apache.flink.runtime.operators.CombineTaskTest
Running org.apache.flink.runtime.taskmanager.TaskAsyncCallTest
Picked up _JAVA_OPTIONS: -Djdk.net.URLClassPath.disableClassPathURLCheck=true
Terminate 14635!
Kill 14635!
Killed 14635! at /scratch/jmcampos/RTA/repair_them_all_framework/jdks/jdk1.7.0_80/jre/bin/java line 73.
Signal 15 (TERM) caught by ps (procps-ng version 3.3.10).
ps:display.c:66: please report this bug
Running org.apache.flink.runtime.jobmanager.JobManagerStartupTest
Running org.apache.flink.runtime.client.JobClientActorTest
Picked up _JAVA_OPTIONS: -Djdk.net.URLClassPath.disableClassPathURLCheck=true
Signal 15 (TERM) caught by ps (procps-ng version 3.3.10).
ps:display.c:66: please report this bug
Terminate 14833!
Kill 14833!
Killed 14833! at /scratch/jmcampos/RTA/repair_them_all_framework/jdks/jdk1.7.0_80/jre/bin/java line 73.
Running org.apache.flink.runtime.operators.ReduceTaskTest
Running org.apache.flink.runtime.executiongraph.LocalInputSplitsTest
Running org.apache.flink.runtime.operators.CrossTaskTest
Running org.apache.flink.runtime.jobmanager.scheduler.SetQueueTest
Running org.apache.flink.runtime.executiongraph.ExecutionGraphRestartTest
Running org.apache.flink.runtime.io.disk.SpillingBufferTest
Running org.apache.flink.runtime.io.network.partition.consumer.UnionInputGateTest
Running org.apache.flink.runtime.operators.hash.HashTableTest
Running org.apache.flink.runtime.io.network.netty.PartitionRequestClientFactoryTest
Running org.apache.flink.runtime.io.network.api.reader.AbstractReaderTest
Running org.apache.flink.runtime.operators.sort.NormalizedKeySorterTest
Running org.apache.flink.runtime.operators.resettable.SpillingResettableMutableObjectIteratorTest
Running org.apache.flink.runtime.io.network.netty.PartitionRequestQueueTest
java.io.IOException: I/O channel already closed. Could not fulfill: org.apache.flink.runtime.io.disk.iomanager.SegmentWriteRequeRunning org.apache.flink.runtime.operators.resettable.SpillingResettableIteratorTest
st@12b35c53java.lang.RuntimeException: SpillingIterator: Error reading element from buffer.
Picked up _JAVA_OPTIONS: -Djdk.net.URLClassPath.disableClassPathURLCheck=true

Terminate 14283!
	at org.apache.flink.runtime.operators.resettable.SpillingResettableMutableObjectIterator.next(SpillingResettableMutableObjectIterator.java:140)
Killed 14283! at /scratch/jmcampos/RTA/repair_them_all_framework/jdks/jdk1.7.0_80/jre/bin/java line 73.
	at org.apache.flink.runtime.io.disk.iomanager.AsynchronousFileIOChannel.addRequest(AsynchronousFileIOChannel.java:249)	at org.apache.flink.runtime.operators.resettable.SpillingResettableMutableObjectIteratorTest.testResettableIterator(SpillingResettableMutableObjectIteratorTest.java:115)

	at org.apache.flink.runtime.io.disk.iomanager.AsynchronousBlockWriterWithCallback.writeBlock(AsynchronousBlockWriterWithCallbacRunning org.apache.flink.runtime.jobmanager.scheduler.LifoSetQueueTest
k.java:54)
	at org.apache.flink.runtime.io.disk.iomanager.AsynchronousBlockWriterWithCallback.writeBlock(AsynchronousBlockWriterWithCallback.java:29)
	at org.apache.flink.runtime.operators.hash.HashPartition$BuildSideBuffer.nextSegment(HashPartition.java:529)
	at org.apache.flink.runtime.memory.AbstractPagedOutputView.advance(AbstractPagedOutputView.java:140)
	at org.apache.flink.runtime.memory.AbstractPagedOutputView.writeByte(AbstractPagedOutputView.java:223)
	at org.apache.flink.types.ByteValue.write(ByteValue.java:90)
	at org.apache.flink.api.common.typeutils.base.ByteValueSerializer.serialize(ByteValueSerializer.java:64)
	at org.apache.flink.api.common.typeutils.base.ByteValueSerializer.serialize(ByteValueSerializer.java:28)	at sun.reflect.NativeMethodAccessorImpl.invoke0(Native Method)

	at org.apache.flink.runtime.operators.hash.HashPartition.insertIntoBuildBuffer(HashPartition.java:260)	at sun.reflect.NativeMethodAccessorImpl.invoke(NativeMethodAccessorImpl.java:57)

	at org.apache.flink.runtime.operators.hash.MutableHashTable.insertIntoTable(MutableHashTable.java:975)	at sun.reflect.DelegatingMethodAccessorImpl.invoke(DelegatingMethodAccessorImpl.java:43)

	at org.apache.flink.runtime.operators.hash.MutableHashTable.buildInitialTable(MutableHashTable.java:804)	at java.lang.reflect.Method.invoke(Method.java:606)

	at org.apache.flink.runtime.operators.hash.MutableHashTable.open(MutableHashTable.java:487)	at org.junit.runners.model.FrameworkMethod$1.runReflectiveCall(FrameworkMethod.java:47)

	at org.apache.flink.runtime.operators.hash.MutableHashTable.open(MutableHashTable.java:459)	at org.junit.internal.runners.model.ReflectiveCallable.run(ReflectiveCallable.java:12)

	at org.apache.flink.runtime.operators.hash.HashTableTest.testSpillingFreesOnlyOverflowSegments(HashTableTest.java:185)	at org.junit.runners.model.FrameworkMethod.invokeExplosively(FrameworkMethod.java:44)

	at sun.reflect.NativeMethodAccessorImpl.invoke0(Native Method)
	at org.junit.internal.runners.statements.InvokeMethod.evaluate(InvokeMethod.java:17)	at sun.reflect.NativeMethodAccessorImpl.invoke(NativeMethodAccessorImpl.java:57)

	at org.junit.internal.runners.statements.RunBefores.evaluate(RunBefores.java:26)	at sun.reflect.DelegatingMethodAccessorImpl.invoke(DelegatingMethodAccessorImpl.java:43)

	at org.junit.internal.runners.statements.RunAfters.evaluate(RunAfters.java:27)	at java.lang.reflect.Method.invoke(Method.java:606)

	at org.junit.runners.ParentRunner.runLeaf(ParentRunner.java:271)
	at org.junit.runners.model.FrameworkMethod$1.runReflectiveCall(FrameworkMethod.java:47)	at org.junit.runners.BlockJUnit4ClassRunner.runChild(BlockJUnit4ClassRunner.java:70)

	at org.junit.internal.runners.model.ReflectiveCallable.run(ReflectiveCallable.java:12)	at org.junit.runners.BlockJUnit4ClassRunner.runChild(BlockJUnit4ClassRunner.java:50)

	at org.junit.runners.model.FrameworkMethod.invokeExplosively(FrameworkMethod.java:44)	at org.junit.runners.ParentRunner$3.run(ParentRunner.java:238)

	at org.junit.internal.runners.statements.InvokeMethod.evaluate(InvokeMethod.java:17)	at org.junit.runners.ParentRunner$1.schedule(ParentRunner.java:63)

	at org.junit.runners.ParentRunner.runLeaf(ParentRunner.java:271)	at org.junit.runners.ParentRunner.runChildren(ParentRunner.java:236)

	at org.junit.runners.BlockJUnit4ClassRunner.runChild(BlockJUnit4ClassRunner.java:70)	at org.junit.runners.ParentRunner.access$000(ParentRunner.java:53)

	at org.junit.runners.BlockJUnit4ClassRunner.runChild(BlockJUnit4ClassRunner.java:50)	at org.junit.runners.ParentRunner$2.evaluate(ParentRunner.java:229)

	at org.junit.runners.ParentRunner$3.run(ParentRunner.java:238)	at org.junit.runners.ParentRunner.run(ParentRunner.java:309)

	at org.junit.runners.ParentRunner$1.schedule(ParentRunner.java:63)	at org.apache.maven.surefire.junit4.JUnit4Provider.execute(JUnit4Provider.java:283)

	at org.junit.runners.ParentRunner.runChildren(ParentRunner.java:236)	at org.apache.maven.surefire.junit4.JUnit4Provider.executeWithRerun(JUnit4Provider.java:173)

	at org.junit.runners.ParentRunner.access$000(ParentRunner.java:53)	at org.apache.maven.surefire.junit4.JUnit4Provider.executeTestSet(JUnit4Provider.java:153)

	at org.junit.runners.ParentRunner$2.evaluate(ParentRunner.java:229)	at org.apache.maven.surefire.junit4.JUnit4Provider.invoke(JUnit4Provider.java:128)

	at org.junit.runners.ParentRunner.run(ParentRunner.java:309)	at org.apache.maven.surefire.booter.ForkedBooter.invokeProviderInSameClassLoader(ForkedBooter.java:203)

	at org.apache.maven.surefire.junit4.JUnit4Provider.execute(JUnit4Provider.java:283)	at org.apache.maven.surefire.booter.ForkedBooter.runSuitesInProcess(ForkedBooter.java:155)

	at org.apache.maven.surefire.junit4.JUnit4Provider.executeWithRerun(JUnit4Provider.java:173)	at org.apache.maven.surefire.booter.ForkedBooter.main(ForkedBooter.java:103)

	at org.apache.maven.surefire.junit4.JUnit4Provider.executeTestSet(JUnit4Provider.java:153)Caused by: java.io.IOException: I/O channel already closed. Could not fulfill: org.apache.flink.runtime.io.disk.iomanager.SegmentReadRequest@49404e39

	at org.apache.maven.surefire.junit4.JUnit4Provider.invoke(JUnit4Provider.java:128)	at org.apache.flink.runtime.io.disk.iomanager.AsynchronousFileIOChannel.addRequest(AsynchronousFileIOChannel.java:249)

	at org.apache.maven.surefire.booter.ForkedBooter.invokeProviderInSameClassLoader(ForkedBooter.java:203)
	at org.apache.flink.runtime.io.disk.iomanager.AsynchronousBlockReader.readBlock(AsynchronousBlockReader.java:75)
	at org.apache.maven.surefire.booter.ForkedBooter.runSuitesInProcess(ForkedBooter.java:155)
	at org.apache.flink.runtime.io.disk.iomanager.AsynchronousBlockReader.readBlock(AsynchronousBlockReader.java:43)	at org.apache.maven.surefire.booter.ForkedBooter.main(ForkedBooter.java:103)

	at org.apache.flink.runtime.io.disk.iomanager.ChannelReaderInputView.sendReadRequest(ChannelReaderInputView.java:259)
	at org.apache.flink.runtime.io.disk.iomanager.HeaderlessChannelReaderInputView.nextSegment(HeaderlessChannelReaderInputView.java:85)
	at org.apache.flink.runtime.memory.AbstractPagedInputView.advance(AbstractPagedInputView.java:159)
	at org.apache.flink.runtime.memory.AbstractPagedInputView.read(AbstractPagedInputView.java:230)
	at org.apache.flink.runtime.memory.AbstractPagedInputView.readFully(AbstractPagedInputView.java:254)
	at org.apache.flink.types.Record.read(Record.java:1108)
	at org.apache.flink.types.Record.deserialize(Record.java:1232)
	at org.apache.flink.runtime.testutils.recordutils.RecordSerializer.deserialize(RecordSerializer.java:100)
	at org.apache.flink.runtime.testutils.recordutils.RecordSerializer.deserialize(RecordSerializer.java:33)
	at org.apache.flink.runtime.operators.resettable.SpillingResettableMutableObjectIterator.next(SpillingResettableMutableObjectIterator.java:138)
	... 27 more
Picked up _JAVA_OPTIONS: -Djdk.net.URLClassPath.disableClassPathURLCheck=true
Signal 15 (TERM) caught by ps (procps-ng version 3.3.10).
Signal 15 (TERM) caught by ps (procps-ng version 3.3.10).
ps:display.c:66: please report this bug
Terminate 13942!
Killed 13942! at /scratch/jmcampos/RTA/repair_them_all_framework/jdks/jdk1.7.0_80/jre/bin/java line 73.
ps:display.c:66: please report this bug
Terminate 14536!
Killed 14536! at /scratch/jmcampos/RTA/repair_them_all_framework/jdks/jdk1.7.0_80/jre/bin/java line 73.
Picked up JAVA_TOOL_OPTIONS: -XX:CICompilerCount=2 -XX:ParallelGCThreads=2 -XX:ConcGCThreads=2 -Djdk.net.URLClassPath.disableClassPathURLCheck=true -XX:CICompilerCount=2 -XX:ParallelGCThreads=2 -XX:ConcGCThreads=2 -Djdk.net.URLClassPath.disableClassPathURLCheck=true 
Picked up _JAVA_OPTIONS: -Djdk.net.URLClassPath.disableClassPathURLCheck=true
Terminate 15448!
Killed 15448! at /scratch/jmcampos/RTA/repair_them_all_framework/jdks/jdk1.7.0_80/jre/bin/java line 73.
Running org.apache.flink.runtime.io.network.netty.NettyConnectionManagerTest
Tests run: 1, Failures: 0, Errors: 0, Skipped: 0, Time elapsed: 0 sec - in org.apache.flink.runtime.io.disk.SeekableFileChannelInputViewTest
Running org.apache.flink.runtime.taskmanager.TaskCancelTest
Tests run: 2, Failures: 0, Errors: 0, Skipped: 0, Time elapsed: 0 sec - in org.apache.flink.runtime.io.network.partition.ProducerFailedExceptionTest
Tests run: 1, Failures: 0, Errors: 0, Skipped: 0, Time elapsed: 0 sec - in org.apache.flink.runtime.io.network.api.serialization.EventSerializerTest
Tests run: 1, Failures: 0, Errors: 0, Skipped: 0, Time elapsed: 0.002 sec - in org.apache.flink.runtime.taskmanager.TaskInputSplitProviderTest
Picked up _JAVA_OPTIONS: -Djdk.net.URLClassPath.disableClassPathURLCheck=true
Tests run: 3, Failures: 0, Errors: 0, Skipped: 0, Time elapsed: 0.004 sec - in org.apache.flink.runtime.operators.sort.MergeIteratorTest
Tests run: 6, Failures: 0, Errors: 0, Skipped: 0, Time elapsed: 0.002 sec - in org.apache.flink.runtime.io.network.partition.SpillableSubpartitionTest
Tests run: 2, Failures: 0, Errors: 0, Skipped: 0, Time elapsed: 0.001 sec - in org.apache.flink.runtime.jobmanager.scheduler.CoLocationConstraintTest
Tests run: 4, Failures: 0, Errors: 0, Skipped: 0, Time elapsed: 0.008 sec - in org.apache.flink.runtime.io.network.netty.PartitionRequestClientHandlerTest
Picked up JAVA_TOOL_OPTIONS: -XX:CICompilerCount=2 -XX:ParallelGCThreads=2 -XX:ConcGCThreads=2 -Djdk.net.URLClassPath.disableClassPathURLCheck=true -XX:CICompilerCount=2 -XX:ParallelGCThreads=2 -XX:ConcGCThreads=2 -Djdk.net.URLClassPath.disableClassPathURLCheck=true 
Tests run: 6, Failures: 0, Errors: 0, Skipped: 0, Time elapsed: 0.003 sec - in org.apache.flink.runtime.operators.FlatMapTaskTest
Picked up JAVA_TOOL_OPTIONS: -XX:CICompilerCount=2 -XX:ParallelGCThreads=2 -XX:ConcGCThreads=2 -Djdk.net.URLClassPath.disableClassPathURLCheck=true -XX:CICompilerCount=2 -XX:ParallelGCThreads=2 -XX:ConcGCThreads=2 -Djdk.net.URLClassPath.disableClassPathURLCheck=true 
Tests run: 1, Failures: 0, Errors: 0, Skipped: 0, Time elapsed: 0.001 sec - in org.apache.flink.runtime.io.network.netty.PartitionRequestQueueTest
Tests run: 8, Failures: 0, Errors: 0, Skipped: 0, Time elapsed: 0.001 sec - in org.apache.flink.runtime.executiongraph.ExecutionGraphConstructionTest
Picked up _JAVA_OPTIONS: -Djdk.net.URLClassPath.disableClassPathURLCheck=true
Signal 15 (TERM) caught by ps (procps-ng version 3.3.10).
ps:display.c:66: please report this bug
Terminate 14179!
Killed 14179! at /scratch/jmcampos/RTA/repair_them_all_framework/jdks/jdk1.7.0_80/jre/bin/java line 73.
Tests run: 4, Failures: 0, Errors: 0, Skipped: 0, Time elapsed: 0.001 sec - in org.apache.flink.runtime.io.network.api.reader.AbstractReaderTest
Running org.apache.flink.runtime.instance.InstanceConnectionInfoTest
Picked up JAVA_TOOL_OPTIONS: -XX:CICompilerCount=2 -XX:ParallelGCThreads=2 -XX:ConcGCThreads=2 -Djdk.net.URLClassPath.disableClassPathURLCheck=true -XX:CICompilerCount=2 -XX:ParallelGCThreads=2 -XX:ConcGCThreads=2 -Djdk.net.URLClassPath.disableClassPathURLCheck=true 
Picked up _JAVA_OPTIONS: -Djdk.net.URLClassPath.disableClassPathURLCheck=true
Tests run: 8, Failures: 0, Errors: 0, Skipped: 0, Time elapsed: 0.001 sec - in org.apache.flink.runtime.instance.SharedSlotsTest
Tests run: 1, Failures: 0, Errors: 0, Skipped: 0, Time elapsed: 0 sec - in org.apache.flink.runtime.io.network.netty.NettyServerLowAndHighWatermarkTest
Tests run: 3, Failures: 0, Errors: 0, Skipped: 0, Time elapsed: 0.004 sec - in org.apache.flink.runtime.operators.drivers.AllReduceDriverTest
Tests run: 5, Failures: 0, Errors: 0, Skipped: 0, Time elapsed: 0.001 sec - in org.apache.flink.runtime.operators.drivers.GroupReduceDriverTest
Running org.apache.flink.runtime.executiongraph.TerminalStateDeadlockTest
Picked up _JAVA_OPTIONS: -Djdk.net.URLClassPath.disableClassPathURLCheck=true
Running org.apache.flink.runtime.akka.FlinkUntypedActorTest
Tests run: 1, Failures: 0, Errors: 0, Skipped: 0, Time elapsed: 0 sec - in org.apache.flink.runtime.io.network.DefaultChannelSelectorTest
Running org.apache.flink.runtime.taskmanager.TaskManagerComponentsStartupShutdownTest
Running org.apache.flink.runtime.jobmanager.StandaloneSubmittedJobGraphStoreTest
Tests run: 3, Failures: 0, Errors: 0, Skipped: 0, Time elapsed: 0 sec - in org.apache.flink.runtime.operators.resettable.ReusingBlockResettableIteratorTest
Tests run: 4, Failures: 0, Errors: 0, Skipped: 0, Time elapsed: 0.012 sec - in org.apache.flink.runtime.io.network.partition.consumer.InputChannelTest
Tests run: 11, Failures: 2, Errors: 0, Skipped: 0, Time elapsed: 0.038 sec <<< FAILURE! - in org.apache.flink.runtime.executiongraph.ExecutionVertexCancelTest
testCancelCallFails(org.apache.flink.runtime.executiongraph.ExecutionVertexCancelTest)  Time elapsed: 0.027 sec  <<< FAILURE!
java.lang.AssertionError: expected:<CANCELED> but was:<FAILED>
	at org.junit.Assert.fail(Assert.java:88)
	at org.junit.Assert.failNotEquals(Assert.java:743)
	at org.junit.Assert.assertEquals(Assert.java:118)
	at org.junit.Assert.assertEquals(Assert.java:144)
	at org.apache.flink.runtime.executiongraph.ExecutionVertexCancelTest.testCancelCallFails(ExecutionVertexCancelTest.java:403)

testActionsWhileCancelling(org.apache.flink.runtime.executiongraph.ExecutionVertexCancelTest)  Time elapsed: 0 sec  <<< FAILURE!
java.lang.AssertionError: expected:<CANCELED> but was:<FAILED>
	at org.junit.Assert.fail(Assert.java:88)
	at org.junit.Assert.failNotEquals(Assert.java:743)
	at org.junit.Assert.assertEquals(Assert.java:118)
	at org.junit.Assert.assertEquals(Assert.java:144)
	at org.apache.flink.runtime.executiongraph.ExecutionVertexCancelTest.testActionsWhileCancelling(ExecutionVertexCancelTest.java:552)

Tests run: 6, Failures: 0, Errors: 0, Skipped: 0, Time elapsed: 0.002 sec - in org.apache.flink.runtime.io.disk.iomanager.IOManagerAsyncTest
Picked up _JAVA_OPTIONS: -Djdk.net.URLClassPath.disableClassPathURLCheck=true
Tests run: 1, Failures: 0, Errors: 0, Skipped: 0, Time elapsed: 0.002 sec - in org.apache.flink.runtime.executiongraph.ExecutionStateProgressTest
Tests run: 2, Failures: 0, Errors: 0, Skipped: 0, Time elapsed: 0 sec - in org.apache.flink.runtime.io.disk.FileChannelStreamsTest
Tests run: 10, Failures: 0, Errors: 0, Skipped: 0, Time elapsed: 0.005 sec - in org.apache.flink.runtime.io.network.buffer.LocalBufferPoolTest
Tests run: 2, Failures: 0, Errors: 0, Skipped: 0, Time elapsed: 0.002 sec - in org.apache.flink.runtime.io.network.partition.SpilledSubpartitionViewSyncIOTest
Tests run: 1, Failures: 0, Errors: 0, Skipped: 0, Time elapsed: 0 sec - in org.apache.flink.runtime.jobmanager.StandaloneSubmittedJobGraphStoreTest
Picked up _JAVA_OPTIONS: -Djdk.net.URLClassPath.disableClassPathURLCheck=true
Picked up JAVA_TOOL_OPTIONS: -XX:CICompilerCount=2 -XX:ParallelGCThreads=2 -XX:ConcGCThreads=2 -Djdk.net.URLClassPath.disableClassPathURLCheck=true -XX:CICompilerCount=2 -XX:ParallelGCThreads=2 -XX:ConcGCThreads=2 -Djdk.net.URLClassPath.disableClassPathURLCheck=true 
Picked up _JAVA_OPTIONS: -Djdk.net.URLClassPath.disableClassPathURLCheck=true
Signal 15 (TERM) caught by ps (procps-ng version 3.3.10).
ps:display.c:66: please report this bug
Picked up JAVA_TOOL_OPTIONS: -XX:CICompilerCount=2 -XX:ParallelGCThreads=2 -XX:ConcGCThreads=2 -Djdk.net.URLClassPath.disableClassPathURLCheck=true -XX:CICompilerCount=2 -XX:ParallelGCThreads=2 -XX:ConcGCThreads=2 -Djdk.net.URLClassPath.disableClassPathURLCheck=true 
Picked up _JAVA_OPTIONS: -Djdk.net.URLClassPath.disableClassPathURLCheck=true
Picked up JAVA_TOOL_OPTIONS: -XX:CICompilerCount=2 -XX:ParallelGCThreads=2 -XX:ConcGCThreads=2 -Djdk.net.URLClassPath.disableClassPathURLCheck=true -XX:CICompilerCount=2 -XX:ParallelGCThreads=2 -XX:ConcGCThreads=2 -Djdk.net.URLClassPath.disableClassPathURLCheck=true 
Picked up _JAVA_OPTIONS: -Djdk.net.URLClassPath.disableClassPathURLCheck=true
Signal 15 (TERM) caught by ps (procps-ng version 3.3.10).
ps:display.c:66: please report this bug
Terminate 14863!
Kill 14863!
Picked up JAVA_TOOL_OPTIONS: -XX:CICompilerCount=2 -XX:ParallelGCThreads=2 -XX:ConcGCThreads=2 -Djdk.net.URLClassPath.disableClassPathURLCheck=true -XX:CICompilerCount=2 -XX:ParallelGCThreads=2 -XX:ConcGCThreads=2 -Djdk.net.URLClassPath.disableClassPathURLCheck=true 
Picked up _JAVA_OPTIONS: -Djdk.net.URLClassPath.disableClassPathURLCheck=true
Signal 15 (TERM) caught by ps (procps-ng version 3.3.10).
ps:display.c:66: please report this bug
Terminate 14867!
Killed 14867! at /scratch/jmcampos/RTA/repair_them_all_framework/jdks/jdk1.7.0_80/jre/bin/java line 73.
Killed 14863! at /scratch/jmcampos/RTA/repair_them_all_framework/jdks/jdk1.7.0_80/jre/bin/java line 73.
Picked up JAVA_TOOL_OPTIONS: -XX:CICompilerCount=2 -XX:ParallelGCThreads=2 -XX:ConcGCThreads=2 -Djdk.net.URLClassPath.disableClassPathURLCheck=true -XX:CICompilerCount=2 -XX:ParallelGCThreads=2 -XX:ConcGCThreads=2 -Djdk.net.URLClassPath.disableClassPathURLCheck=true 
Picked up JAVA_TOOL_OPTIONS: -XX:CICompilerCount=2 -XX:ParallelGCThreads=2 -XX:ConcGCThreads=2 -Djdk.net.URLClassPath.disableClassPathURLCheck=true -XX:CICompilerCount=2 -XX:ParallelGCThreads=2 -XX:ConcGCThreads=2 -Djdk.net.URLClassPath.disableClassPathURLCheck=true 
Picked up _JAVA_OPTIONS: -Djdk.net.URLClassPath.disableClassPathURLCheck=true
Terminate 15267!
Killed 15267! at /scratch/jmcampos/RTA/repair_them_all_framework/jdks/jdk1.7.0_80/jre/bin/java line 73.
Picked up JAVA_TOOL_OPTIONS: -XX:CICompilerCount=2 -XX:ParallelGCThreads=2 -XX:ConcGCThreads=2 -Djdk.net.URLClassPath.disableClassPathURLCheck=true -XX:CICompilerCount=2 -XX:ParallelGCThreads=2 -XX:ConcGCThreads=2 -Djdk.net.URLClassPath.disableClassPathURLCheck=true 
Picked up JAVA_TOOL_OPTIONS: -XX:CICompilerCount=2 -XX:ParallelGCThreads=2 -XX:ConcGCThreads=2 -Djdk.net.URLClassPath.disableClassPathURLCheck=true -XX:CICompilerCount=2 -XX:ParallelGCThreads=2 -XX:ConcGCThreads=2 -Djdk.net.URLClassPath.disableClassPathURLCheck=true 
Picked up _JAVA_OPTIONS: -Djdk.net.URLClassPath.disableClassPathURLCheck=true
Picked up JAVA_TOOL_OPTIONS: -XX:CICompilerCount=2 -XX:ParallelGCThreads=2 -XX:ConcGCThreads=2 -Djdk.net.URLClassPath.disableClassPathURLCheck=true -XX:CICompilerCount=2 -XX:ParallelGCThreads=2 -XX:ConcGCThreads=2 -Djdk.net.URLClassPath.disableClassPathURLCheck=true 
Picked up _JAVA_OPTIONS: -Djdk.net.URLClassPath.disableClassPathURLCheck=true
Picked up JAVA_TOOL_OPTIONS: -XX:CICompilerCount=2 -XX:ParallelGCThreads=2 -XX:ConcGCThreads=2 -Djdk.net.URLClassPath.disableClassPathURLCheck=true -XX:CICompilerCount=2 -XX:ParallelGCThreads=2 -XX:ConcGCThreads=2 -Djdk.net.URLClassPath.disableClassPathURLCheck=true 
Picked up _JAVA_OPTIONS: -Djdk.net.URLClassPath.disableClassPathURLCheck=true
Terminate 12327!
Killed 12327! at /scratch/jmcampos/RTA/repair_them_all_framework/jdks/jdk1.7.0_80/jre/bin/java line 73.
Terminate 13570!
Killed 13570! at /scratch/jmcampos/RTA/repair_them_all_framework/jdks/jdk1.7.0_80/jre/bin/java line 73.
Terminate 13040!
Killed 13040! at /scratch/jmcampos/RTA/repair_them_all_framework/jdks/jdk1.7.0_80/jre/bin/java line 73.
Terminate 13863!
Killed 13863! at /scratch/jmcampos/RTA/repair_them_all_framework/jdks/jdk1.7.0_80/jre/bin/java line 73.
Tests run: 1, Failures: 0, Errors: 0, Skipped: 0, Time elapsed: 0.004 sec - in org.apache.flink.runtime.io.disk.iomanager.IOManagerTest
Picked up _JAVA_OPTIONS: -Djdk.net.URLClassPath.disableClassPathURLCheck=true
Tests run: 3, Failures: 0, Errors: 0, Skipped: 0, Time elapsed: 0.002 sec - in org.apache.flink.runtime.taskmanager.TaskExecutionStateTest
Picked up _JAVA_OPTIONS: -Djdk.net.URLClassPath.disableClassPathURLCheck=true
Tests run: 1, Failures: 0, Errors: 0, Skipped: 0, Time elapsed: 0 sec - in org.apache.flink.runtime.io.disk.iomanager.BufferFileWriterFileSegmentReaderTest
Tests run: 3, Failures: 0, Errors: 0, Skipped: 0, Time elapsed: 0 sec - in org.apache.flink.runtime.operators.drivers.ReduceDriverTest
Tests run: 3, Failures: 0, Errors: 0, Skipped: 0, Time elapsed: 0 sec - in org.apache.flink.runtime.io.network.DataExchangeModeTest
Tests run: 2, Failures: 0, Errors: 0, Skipped: 0, Time elapsed: 0 sec - in org.apache.flink.runtime.jobmanager.scheduler.SetQueueTest
Tests run: 1, Failures: 0, Errors: 0, Skipped: 0, Time elapsed: 0.007 sec - in org.apache.flink.runtime.io.network.partition.SpilledSubpartitionViewAsyncIOTest
Tests run: 1, Failures: 0, Errors: 0, Skipped: 1, Time elapsed: 0.001 sec - in org.apache.flink.runtime.io.network.netty.PartitionRequestClientFactoryTest
Tests run: 2, Failures: 0, Errors: 0, Skipped: 0, Time elapsed: 0.008 sec - in org.apache.flink.runtime.io.disk.iomanager.BufferFileWriterReaderTest
Picked up JAVA_TOOL_OPTIONS: -XX:CICompilerCount=2 -XX:ParallelGCThreads=2 -XX:ConcGCThreads=2 -Djdk.net.URLClassPath.disableClassPathURLCheck=true -XX:CICompilerCount=2 -XX:ParallelGCThreads=2 -XX:ConcGCThreads=2 -Djdk.net.URLClassPath.disableClassPathURLCheck=true 
Picked up _JAVA_OPTIONS: -Djdk.net.URLClassPath.disableClassPathURLCheck=true
Tests run: 4, Failures: 0, Errors: 0, Skipped: 0, Time elapsed: 0 sec - in org.apache.flink.runtime.instance.InstanceTest
Picked up _JAVA_OPTIONS: -Djdk.net.URLClassPath.disableClassPathURLCheck=true
Tests run: 2, Failures: 0, Errors: 0, Skipped: 0, Time elapsed: 0.001 sec - in org.apache.flink.runtime.io.network.buffer.BufferTest
Tests run: 2, Failures: 0, Errors: 0, Skipped: 0, Time elapsed: 0 sec - in org.apache.flink.runtime.jobmanager.scheduler.LifoSetQueueTest
Running org.apache.flink.runtime.executiongraph.ExecutionVertexSchedulingTest
Running org.apache.flink.runtime.client.SerializedJobExecutionResultTest
Picked up JAVA_TOOL_OPTIONS: -XX:CICompilerCount=2 -XX:ParallelGCThreads=2 -XX:ConcGCThreads=2 -Djdk.net.URLClassPath.disableClassPathURLCheck=true -XX:CICompilerCount=2 -XX:ParallelGCThreads=2 -XX:ConcGCThreads=2 -Djdk.net.URLClassPath.disableClassPathURLCheck=true 
Picked up _JAVA_OPTIONS: -Djdk.net.URLClassPath.disableClassPathURLCheck=true
Running org.apache.flink.runtime.operators.util.BloomFilterTest
Running org.apache.flink.runtime.leaderelection.ZooKeeperLeaderRetrievalTest
Running org.apache.flink.runtime.operators.hash.CompactingHashTableTest
Running org.apache.flink.runtime.operators.util.OutputEmitterTest
Picked up JAVA_TOOL_OPTIONS: -XX:CICompilerCount=2 -XX:ParallelGCThreads=2 -XX:ConcGCThreads=2 -Djdk.net.URLClassPath.disableClassPathURLCheck=true -XX:CICompilerCount=2 -XX:ParallelGCThreads=2 -XX:ConcGCThreads=2 -Djdk.net.URLClassPath.disableClassPathURLCheck=true 
Picked up _JAVA_OPTIONS: -Djdk.net.URLClassPath.disableClassPathURLCheck=true
Running org.apache.flink.runtime.executiongraph.VertexSlotSharingTest
Running org.apache.flink.runtime.taskmanager.TaskManagerConfigurationTest
Picked up JAVA_TOOL_OPTIONS: -XX:CICompilerCount=2 -XX:ParallelGCThreads=2 -XX:ConcGCThreads=2 -Djdk.net.URLClassPath.disableClassPathURLCheck=true -XX:CICompilerCount=2 -XX:ParallelGCThreads=2 -XX:ConcGCThreads=2 -Djdk.net.URLClassPath.disableClassPathURLCheck=true 
Picked up _JAVA_OPTIONS: -Djdk.net.URLClassPath.disableClassPathURLCheck=true
Terminate 15248!
Killed 15248! at /scratch/jmcampos/RTA/repair_them_all_framework/jdks/jdk1.7.0_80/jre/bin/java line 73.
Tests run: 6, Failures: 0, Errors: 0, Skipped: 0, Time elapsed: 0.012 sec - in org.apache.flink.runtime.operators.util.BitSetTest
Tests run: 1, Failures: 0, Errors: 0, Skipped: 0, Time elapsed: 0.003 sec - in org.apache.flink.runtime.io.network.netty.NettyMessageSerializationTest
Picked up JAVA_TOOL_OPTIONS: -XX:CICompilerCount=2 -XX:ParallelGCThreads=2 -XX:ConcGCThreads=2 -Djdk.net.URLClassPath.disableClassPathURLCheck=true -XX:CICompilerCount=2 -XX:ParallelGCThreads=2 -XX:ConcGCThreads=2 -Djdk.net.URLClassPath.disableClassPathURLCheck=true 
Tests run: 1, Failures: 0, Errors: 0, Skipped: 0, Time elapsed: 0.001 sec - in org.apache.flink.runtime.leaderelection.StandaloneLeaderElectionTest
Tests run: 2, Failures: 0, Errors: 0, Skipped: 0, Time elapsed: 0.003 sec - in org.apache.flink.runtime.operators.CombinerOversizedRecordsTest
Picked up _JAVA_OPTIONS: -Djdk.net.URLClassPath.disableClassPathURLCheck=true
Signal 15 (TERM) caught by ps (procps-ng version 3.3.10).
ps:display.c:66: please report this bug
Tests run: 15, Failures: 0, Errors: 0, Skipped: 0, Time elapsed: 0.002 sec - in org.apache.flink.runtime.taskmanager.TaskTest
Tests run: 3, Failures: 0, Errors: 0, Skipped: 0, Time elapsed: 0 sec - in org.apache.flink.runtime.operators.drivers.ReduceCombineDriverTest
Picked up _JAVA_OPTIONS: -Djdk.net.URLClassPath.disableClassPathURLCheck=true
Tests run: 7, Failures: 0, Errors: 0, Skipped: 0, Time elapsed: 0.004 sec - in org.apache.flink.runtime.io.network.buffer.BufferPoolFactoryTest
Running org.apache.flink.runtime.blob.BlobServerPutTest
Tests run: 3, Failures: 0, Errors: 0, Skipped: 0, Time elapsed: 0.01 sec - in org.apache.flink.runtime.jobmanager.scheduler.SlotAllocationFutureTest
Picked up _JAVA_OPTIONS: -Djdk.net.URLClassPath.disableClassPathURLCheck=true
Tests run: 7, Failures: 0, Errors: 0, Skipped: 0, Time elapsed: 0.001 sec - in org.apache.flink.runtime.executiongraph.PointwisePatternTest
Tests run: 3, Failures: 0, Errors: 0, Skipped: 0, Time elapsed: 0.001 sec - in org.apache.flink.runtime.operators.resettable.NonReusingBlockResettableIteratorTest
Tests run: 2, Failures: 0, Errors: 0, Skipped: 0, Time elapsed: 0 sec - in org.apache.flink.runtime.client.SerializedJobExecutionResultTest
Picked up _JAVA_OPTIONS: -Djdk.net.URLClassPath.disableClassPathURLCheck=true
Running org.apache.flink.runtime.instance.HardwareTest
Picked up JAVA_TOOL_OPTIONS: -XX:CICompilerCount=2 -XX:ParallelGCThreads=2 -XX:ConcGCThreads=2 -Djdk.net.URLClassPath.disableClassPathURLCheck=true -XX:CICompilerCount=2 -XX:ParallelGCThreads=2 -XX:ConcGCThreads=2 -Djdk.net.URLClassPath.disableClassPathURLCheck=true 
Picked up _JAVA_OPTIONS: -Djdk.net.URLClassPath.disableClassPathURLCheck=true
Signal 15 (TERM) caught by ps (procps-ng version 3.3.10).
ps:display.c:66: please report this bug
Terminate 15453!
Kill 15453!
Killed 15453! at /scratch/jmcampos/RTA/repair_them_all_framework/jdks/jdk1.7.0_80/jre/bin/java line 73.
Tests run: 8, Failures: 0, Errors: 0, Skipped: 0, Time elapsed: 0.001 sec - in org.apache.flink.runtime.operators.util.OutputEmitterTest
Tests run: 9, Failures: 0, Errors: 0, Skipped: 0, Time elapsed: 0.001 sec - in org.apache.flink.runtime.operators.util.BloomFilterTest
Picked up _JAVA_OPTIONS: -Djdk.net.URLClassPath.disableClassPathURLCheck=true
Tests run: 2, Failures: 0, Errors: 0, Skipped: 0, Time elapsed: 0.001 sec - in org.apache.flink.runtime.instance.HardwareTest
Picked up _JAVA_OPTIONS: -Djdk.net.URLClassPath.disableClassPathURLCheck=true
Picked up JAVA_TOOL_OPTIONS: -XX:CICompilerCount=2 -XX:ParallelGCThreads=2 -XX:ConcGCThreads=2 -Djdk.net.URLClassPath.disableClassPathURLCheck=true -XX:CICompilerCount=2 -XX:ParallelGCThreads=2 -XX:ConcGCThreads=2 -Djdk.net.URLClassPath.disableClassPathURLCheck=true 
Picked up _JAVA_OPTIONS: -Djdk.net.URLClassPath.disableClassPathURLCheck=true
Picked up JAVA_TOOL_OPTIONS: -XX:CICompilerCount=2 -XX:ParallelGCThreads=2 -XX:ConcGCThreads=2 -Djdk.net.URLClassPath.disableClassPathURLCheck=true -XX:CICompilerCount=2 -XX:ParallelGCThreads=2 -XX:ConcGCThreads=2 -Djdk.net.URLClassPath.disableClassPathURLCheck=true 
Picked up _JAVA_OPTIONS: -Djdk.net.URLClassPath.disableClassPathURLCheck=true
Picked up JAVA_TOOL_OPTIONS: -XX:CICompilerCount=2 -XX:ParallelGCThreads=2 -XX:ConcGCThreads=2 -Djdk.net.URLClassPath.disableClassPathURLCheck=true -XX:CICompilerCount=2 -XX:ParallelGCThreads=2 -XX:ConcGCThreads=2 -Djdk.net.URLClassPath.disableClassPathURLCheck=true 
Picked up _JAVA_OPTIONS: -Djdk.net.URLClassPath.disableClassPathURLCheck=true
Picked up JAVA_TOOL_OPTIONS: -XX:CICompilerCount=2 -XX:ParallelGCThreads=2 -XX:ConcGCThreads=2 -Djdk.net.URLClassPath.disableClassPathURLCheck=true -XX:CICompilerCount=2 -XX:ParallelGCThreads=2 -XX:ConcGCThreads=2 -Djdk.net.URLClassPath.disableClassPathURLCheck=true 
Running org.apache.flink.runtime.io.network.netty.NettyBufferPoolTest
Tests run: 2, Failures: 0, Errors: 0, Skipped: 0, Time elapsed: 0.001 sec - in org.apache.flink.runtime.io.network.netty.NettyBufferPoolTest
Picked up _JAVA_OPTIONS: -Djdk.net.URLClassPath.disableClassPathURLCheck=true
Running org.apache.flink.runtime.io.network.buffer.NetworkBufferPoolTest
Picked up JAVA_TOOL_OPTIONS: -XX:CICompilerCount=2 -XX:ParallelGCThreads=2 -XX:ConcGCThreads=2 -Djdk.net.URLClassPath.disableClassPathURLCheck=true -XX:CICompilerCount=2 -XX:ParallelGCThreads=2 -XX:ConcGCThreads=2 -Djdk.net.URLClassPath.disableClassPathURLCheck=true 
Picked up _JAVA_OPTIONS: -Djdk.net.URLClassPath.disableClassPathURLCheck=true
Signal 15 (TERM) caught by ps (procps-ng version 3.3.10).
ps:display.c:66: please report this bug
Terminate 15226!
Killed 15226! at /scratch/jmcampos/RTA/repair_them_all_framework/jdks/jdk1.7.0_80/jre/bin/java line 73.
Tests run: 2, Failures: 0, Errors: 0, Skipped: 0, Time elapsed: 0 sec - in org.apache.flink.runtime.io.network.buffer.NetworkBufferPoolTest
Running org.apache.flink.runtime.executiongraph.AllVerticesIteratorTest
Picked up JAVA_TOOL_OPTIONS: -XX:CICompilerCount=2 -XX:ParallelGCThreads=2 -XX:ConcGCThreads=2 -Djdk.net.URLClassPath.disableClassPathURLCheck=true -XX:CICompilerCount=2 -XX:ParallelGCThreads=2 -XX:ConcGCThreads=2 -Djdk.net.URLClassPath.disableClassPathURLCheck=true 
Picked up _JAVA_OPTIONS: -Djdk.net.URLClassPath.disableClassPathURLCheck=true
Terminate 15257!
Killed 15257! at /scratch/jmcampos/RTA/repair_them_all_framework/jdks/jdk1.7.0_80/jre/bin/java line 73.
Picked up JAVA_TOOL_OPTIONS: -XX:CICompilerCount=2 -XX:ParallelGCThreads=2 -XX:ConcGCThreads=2 -Djdk.net.URLClassPath.disableClassPathURLCheck=true -XX:CICompilerCount=2 -XX:ParallelGCThreads=2 -XX:ConcGCThreads=2 -Djdk.net.URLClassPath.disableClassPathURLCheck=true 
Picked up _JAVA_OPTIONS: -Djdk.net.URLClassPath.disableClassPathURLCheck=true
Picked up JAVA_TOOL_OPTIONS: -XX:CICompilerCount=2 -XX:ParallelGCThreads=2 -XX:ConcGCThreads=2 -Djdk.net.URLClassPath.disableClassPathURLCheck=true -XX:CICompilerCount=2 -XX:ParallelGCThreads=2 -XX:ConcGCThreads=2 -Djdk.net.URLClassPath.disableClassPathURLCheck=true 
Picked up _JAVA_OPTIONS: -Djdk.net.URLClassPath.disableClassPathURLCheck=true
Picked up JAVA_TOOL_OPTIONS: -XX:CICompilerCount=2 -XX:ParallelGCThreads=2 -XX:ConcGCThreads=2 -Djdk.net.URLClassPath.disableClassPathURLCheck=true -XX:CICompilerCount=2 -XX:ParallelGCThreads=2 -XX:ConcGCThreads=2 -Djdk.net.URLClassPath.disableClassPathURLCheck=true 
Picked up _JAVA_OPTIONS: -Djdk.net.URLClassPath.disableClassPathURLCheck=true
Running org.apache.flink.runtime.blob.BlobCacheSuccessTest
Picked up JAVA_TOOL_OPTIONS: -XX:CICompilerCount=2 -XX:ParallelGCThreads=2 -XX:ConcGCThreads=2 -Djdk.net.URLClassPath.disableClassPathURLCheck=true -XX:CICompilerCount=2 -XX:ParallelGCThreads=2 -XX:ConcGCThreads=2 -Djdk.net.URLClassPath.disableClassPathURLCheck=true 
Picked up _JAVA_OPTIONS: -Djdk.net.URLClassPath.disableClassPathURLCheck=true
Picked up JAVA_TOOL_OPTIONS: -XX:CICompilerCount=2 -XX:ParallelGCThreads=2 -XX:ConcGCThreads=2 -Djdk.net.URLClassPath.disableClassPathURLCheck=true -XX:CICompilerCount=2 -XX:ParallelGCThreads=2 -XX:ConcGCThreads=2 -Djdk.net.URLClassPath.disableClassPathURLCheck=true 
Picked up _JAVA_OPTIONS: -Djdk.net.URLClassPath.disableClassPathURLCheck=true
Signal 15 (TERM) caught by ps (procps-ng version 3.3.10).
ps:display.c:66: please report this bug
Terminate 15028!
Killed 15028! at /scratch/jmcampos/RTA/repair_them_all_framework/jdks/jdk1.7.0_80/jre/bin/java line 73.
Running org.apache.flink.runtime.io.network.api.serialization.SpanningRecordSerializationTest
Running org.apache.flink.runtime.blob.BlobServerGetTest
Picked up JAVA_TOOL_OPTIONS: -XX:CICompilerCount=2 -XX:ParallelGCThreads=2 -XX:ConcGCThreads=2 -Djdk.net.URLClassPath.disableClassPathURLCheck=true -XX:CICompilerCount=2 -XX:ParallelGCThreads=2 -XX:ConcGCThreads=2 -Djdk.net.URLClassPath.disableClassPathURLCheck=true 
Picked up _JAVA_OPTIONS: -Djdk.net.URLClassPath.disableClassPathURLCheck=true
Picked up JAVA_TOOL_OPTIONS: -XX:CICompilerCount=2 -XX:ParallelGCThreads=2 -XX:ConcGCThreads=2 -Djdk.net.URLClassPath.disableClassPathURLCheck=true -XX:CICompilerCount=2 -XX:ParallelGCThreads=2 -XX:ConcGCThreads=2 -Djdk.net.URLClassPath.disableClassPathURLCheck=true 
Picked up _JAVA_OPTIONS: -Djdk.net.URLClassPath.disableClassPathURLCheck=true
Running org.apache.flink.runtime.blob.BlobCacheRetriesTest
Running org.apache.flink.runtime.blob.BlobUtilsTest
Picked up JAVA_TOOL_OPTIONS: -XX:CICompilerCount=2 -XX:ParallelGCThreads=2 -XX:ConcGCThreads=2 -Djdk.net.URLClassPath.disableClassPathURLCheck=true -XX:CICompilerCount=2 -XX:ParallelGCThreads=2 -XX:ConcGCThreads=2 -Djdk.net.URLClassPath.disableClassPathURLCheck=true 
Picked up _JAVA_OPTIONS: -Djdk.net.URLClassPath.disableClassPathURLCheck=true
Picked up JAVA_TOOL_OPTIONS: -XX:CICompilerCount=2 -XX:ParallelGCThreads=2 -XX:ConcGCThreads=2 -Djdk.net.URLClassPath.disableClassPathURLCheck=true -XX:CICompilerCount=2 -XX:ParallelGCThreads=2 -XX:ConcGCThreads=2 -Djdk.net.URLClassPath.disableClassPathURLCheck=true 
Picked up _JAVA_OPTIONS: -Djdk.net.URLClassPath.disableClassPathURLCheck=true
Picked up JAVA_TOOL_OPTIONS: -XX:CICompilerCount=2 -XX:ParallelGCThreads=2 -XX:ConcGCThreads=2 -Djdk.net.URLClassPath.disableClassPathURLCheck=true -XX:CICompilerCount=2 -XX:ParallelGCThreads=2 -XX:ConcGCThreads=2 -Djdk.net.URLClassPath.disableClassPathURLCheck=true 
Picked up _JAVA_OPTIONS: -Djdk.net.URLClassPath.disableClassPathURLCheck=true
Picked up JAVA_TOOL_OPTIONS: -XX:CICompilerCount=2 -XX:ParallelGCThreads=2 -XX:ConcGCThreads=2 -Djdk.net.URLClassPath.disableClassPathURLCheck=true -XX:CICompilerCount=2 -XX:ParallelGCThreads=2 -XX:ConcGCThreads=2 -Djdk.net.URLClassPath.disableClassPathURLCheck=true 
Picked up _JAVA_OPTIONS: -Djdk.net.URLClassPath.disableClassPathURLCheck=true
Picked up JAVA_TOOL_OPTIONS: -XX:CICompilerCount=2 -XX:ParallelGCThreads=2 -XX:ConcGCThreads=2 -Djdk.net.URLClassPath.disableClassPathURLCheck=true -XX:CICompilerCount=2 -XX:ParallelGCThreads=2 -XX:ConcGCThreads=2 -Djdk.net.URLClassPath.disableClassPathURLCheck=true 
Picked up _JAVA_OPTIONS: -Djdk.net.URLClassPath.disableClassPathURLCheck=true
Picked up JAVA_TOOL_OPTIONS: -XX:CICompilerCount=2 -XX:ParallelGCThreads=2 -XX:ConcGCThreads=2 -Djdk.net.URLClassPath.disableClassPathURLCheck=true -XX:CICompilerCount=2 -XX:ParallelGCThreads=2 -XX:ConcGCThreads=2 -Djdk.net.URLClassPath.disableClassPathURLCheck=true 
Picked up _JAVA_OPTIONS: -Djdk.net.URLClassPath.disableClassPathURLCheck=true
Picked up JAVA_TOOL_OPTIONS: -XX:CICompilerCount=2 -XX:ParallelGCThreads=2 -XX:ConcGCThreads=2 -Djdk.net.URLClassPath.disableClassPathURLCheck=true -XX:CICompilerCount=2 -XX:ParallelGCThreads=2 -XX:ConcGCThreads=2 -Djdk.net.URLClassPath.disableClassPathURLCheck=true 
Picked up _JAVA_OPTIONS: -Djdk.net.URLClassPath.disableClassPathURLCheck=true
Running org.apache.flink.runtime.util.EnvironmentInformationTest
Picked up JAVA_TOOL_OPTIONS: -XX:CICompilerCount=2 -XX:ParallelGCThreads=2 -XX:ConcGCThreads=2 -Djdk.net.URLClassPath.disableClassPathURLCheck=true -XX:CICompilerCount=2 -XX:ParallelGCThreads=2 -XX:ConcGCThreads=2 -Djdk.net.URLClassPath.disableClassPathURLCheck=true 
Picked up _JAVA_OPTIONS: -Djdk.net.URLClassPath.disableClassPathURLCheck=true
Picked up JAVA_TOOL_OPTIONS: -XX:CICompilerCount=2 -XX:ParallelGCThreads=2 -XX:ConcGCThreads=2 -Djdk.net.URLClassPath.disableClassPathURLCheck=true -XX:CICompilerCount=2 -XX:ParallelGCThreads=2 -XX:ConcGCThreads=2 -Djdk.net.URLClassPath.disableClassPathURLCheck=true 
Picked up _JAVA_OPTIONS: -Djdk.net.URLClassPath.disableClassPathURLCheck=true
Picked up JAVA_TOOL_OPTIONS: -XX:CICompilerCount=2 -XX:ParallelGCThreads=2 -XX:ConcGCThreads=2 -Djdk.net.URLClassPath.disableClassPathURLCheck=true -XX:CICompilerCount=2 -XX:ParallelGCThreads=2 -XX:ConcGCThreads=2 -Djdk.net.URLClassPath.disableClassPathURLCheck=true 
Picked up JAVA_TOOL_OPTIONS: -XX:CICompilerCount=2 -XX:ParallelGCThreads=2 -XX:ConcGCThreads=2 -Djdk.net.URLClassPath.disableClassPathURLCheck=true -XX:CICompilerCount=2 -XX:ParallelGCThreads=2 -XX:ConcGCThreads=2 -Djdk.net.URLClassPath.disableClassPathURLCheck=true 
Picked up _JAVA_OPTIONS: -Djdk.net.URLClassPath.disableClassPathURLCheck=true
Picked up _JAVA_OPTIONS: -Djdk.net.URLClassPath.disableClassPathURLCheck=true
Picked up JAVA_TOOL_OPTIONS: -XX:CICompilerCount=2 -XX:ParallelGCThreads=2 -XX:ConcGCThreads=2 -Djdk.net.URLClassPath.disableClassPathURLCheck=true -XX:CICompilerCount=2 -XX:ParallelGCThreads=2 -XX:ConcGCThreads=2 -Djdk.net.URLClassPath.disableClassPathURLCheck=true 
Picked up JAVA_TOOL_OPTIONS: -XX:CICompilerCount=2 -XX:ParallelGCThreads=2 -XX:ConcGCThreads=2 -Djdk.net.URLClassPath.disableClassPathURLCheck=true -XX:CICompilerCount=2 -XX:ParallelGCThreads=2 -XX:ConcGCThreads=2 -Djdk.net.URLClassPath.disableClassPathURLCheck=true 
Running org.apache.flink.runtime.blob.BlobKeyTest
Picked up JAVA_TOOL_OPTIONS: -XX:CICompilerCount=2 -XX:ParallelGCThreads=2 -XX:ConcGCThreads=2 -Djdk.net.URLClassPath.disableClassPathURLCheck=true -XX:CICompilerCount=2 -XX:ParallelGCThreads=2 -XX:ConcGCThreads=2 -Djdk.net.URLClassPath.disableClassPathURLCheck=true 
Picked up _JAVA_OPTIONS: -Djdk.net.URLClassPath.disableClassPathURLCheck=true
Terminate 14874!
Killed 14874! at /scratch/jmcampos/RTA/repair_them_all_framework/jdks/jdk1.7.0_80/jre/bin/java line 73.
Running org.apache.flink.runtime.operators.hash.MemoryHashTableTest
Running org.apache.flink.runtime.blob.BlobServerRangeTest
Picked up _JAVA_OPTIONS: -Djdk.net.URLClassPath.disableClassPathURLCheck=true
Tests run: 4, Failures: 0, Errors: 0, Skipped: 0, Time elapsed: 0 sec - in org.apache.flink.runtime.blob.BlobKeyTest
Picked up _JAVA_OPTIONS: -Djdk.net.URLClassPath.disableClassPathURLCheck=true
Running org.apache.flink.runtime.util.ZooKeeperUtilTest
Picked up JAVA_TOOL_OPTIONS: -XX:CICompilerCount=2 -XX:ParallelGCThreads=2 -XX:ConcGCThreads=2 -Djdk.net.URLClassPath.disableClassPathURLCheck=true -XX:CICompilerCount=2 -XX:ParallelGCThreads=2 -XX:ConcGCThreads=2 -Djdk.net.URLClassPath.disableClassPathURLCheck=true 
Picked up _JAVA_OPTIONS: -Djdk.net.URLClassPath.disableClassPathURLCheck=true
java.io.FileNotFoundException: /scratch/tmp-rta/Bugs.jar_Flink_734ba01d_java-7/flink-runtime/target/surefire/surefire_1736922364975883667399tmp (No such file or directory)
Running org.apache.flink.runtime.filecache.FileCacheDeleteValidationTest
	at java.io.FileInputStream.open(Native Method)
	at java.io.FileInputStream.<init>(FileInputStream.java:146)
	at org.apache.maven.surefire.booter.SystemPropertyManager.loadProperties(SystemPropertyManager.java:62)
	at org.apache.maven.surefire.booter.SystemPropertyManager.setSystemProperties(SystemPropertyManager.java:69)
	at org.apache.maven.surefire.booter.ForkedBooter.main(ForkedBooter.java:65)
Picked up JAVA_TOOL_OPTIONS: -XX:CICompilerCount=2 -XX:ParallelGCThreads=2 -XX:ConcGCThreads=2 -Djdk.net.URLClassPath.disableClassPathURLCheck=true -XX:CICompilerCount=2 -XX:ParallelGCThreads=2 -XX:ConcGCThreads=2 -Djdk.net.URLClassPath.disableClassPathURLCheck=true 
Picked up _JAVA_OPTIONS: -Djdk.net.URLClassPath.disableClassPathURLCheck=true
Running org.apache.flink.runtime.util.MathUtilTest
Picked up JAVA_TOOL_OPTIONS: -XX:CICompilerCount=2 -XX:ParallelGCThreads=2 -XX:ConcGCThreads=2 -Djdk.net.URLClassPath.disableClassPathURLCheck=true -XX:CICompilerCount=2 -XX:ParallelGCThreads=2 -XX:ConcGCThreads=2 -Djdk.net.URLClassPath.disableClassPathURLCheck=true 
Picked up _JAVA_OPTIONS: -Djdk.net.URLClassPath.disableClassPathURLCheck=true
Error: Unable to access jarfile /scratch/tmp-rta/Bugs.jar_Flink_734ba01d_java-7/flink-runtime/target/surefire/surefirebooter2873803518774557606.jar
Picked up JAVA_TOOL_OPTIONS: -XX:CICompilerCount=2 -XX:ParallelGCThreads=2 -XX:ConcGCThreads=2 -Djdk.net.URLClassPath.disableClassPathURLCheck=true -XX:CICompilerCount=2 -XX:ParallelGCThreads=2 -XX:ConcGCThreads=2 -Djdk.net.URLClassPath.disableClassPathURLCheck=true 
Picked up _JAVA_OPTIONS: -Djdk.net.URLClassPath.disableClassPathURLCheck=true
Running org.apache.flink.runtime.util.JarFileCreatorTest
Tests run: 3, Failures: 0, Errors: 0, Skipped: 0, Time elapsed: 0.02 sec - in org.apache.flink.runtime.util.MathUtilTest
Running org.apache.flink.runtime.util.AtomicDisposableReferenceCounterTest
Running org.apache.flink.runtime.util.SerializedThrowableTest
Picked up JAVA_TOOL_OPTIONS: -XX:CICompilerCount=2 -XX:ParallelGCThreads=2 -XX:ConcGCThreads=2 -Djdk.net.URLClassPath.disableClassPathURLCheck=true -XX:CICompilerCount=2 -XX:ParallelGCThreads=2 -XX:ConcGCThreads=2 -Djdk.net.URLClassPath.disableClassPathURLCheck=true 
Picked up _JAVA_OPTIONS: -Djdk.net.URLClassPath.disableClassPathURLCheck=true
Picked up JAVA_TOOL_OPTIONS: -XX:CICompilerCount=2 -XX:ParallelGCThreads=2 -XX:ConcGCThreads=2 -Djdk.net.URLClassPath.disableClassPathURLCheck=true -XX:CICompilerCount=2 -XX:ParallelGCThreads=2 -XX:ConcGCThreads=2 -Djdk.net.URLClassPath.disableClassPathURLCheck=true 
Picked up _JAVA_OPTIONS: -Djdk.net.URLClassPath.disableClassPathURLCheck=true
Tests run: 1, Failures: 0, Errors: 0, Skipped: 0, Time elapsed: 0.575 sec - in org.apache.flink.runtime.blob.BlobCacheSuccessTest
Running org.apache.flink.runtime.blob.BlobServerDeleteTest
Running org.apache.flink.runtime.util.ClassLoaderUtilsTest
Running org.apache.flink.runtime.util.UnionIteratorTest
Running org.apache.flink.runtime.deployment.TaskDeploymentDescriptorTest
Running org.apache.flink.runtime.util.ReusingKeyGroupedIteratorTest
Tests run: 2, Failures: 0, Errors: 0, Skipped: 0, Time elapsed: 0.312 sec - in org.apache.flink.runtime.blob.BlobUtilsTest
Picked up JAVA_TOOL_OPTIONS: -XX:CICompilerCount=2 -XX:ParallelGCThreads=2 -XX:ConcGCThreads=2 -Djdk.net.URLClassPath.disableClassPathURLCheck=true -XX:CICompilerCount=2 -XX:ParallelGCThreads=2 -XX:ConcGCThreads=2 -Djdk.net.URLClassPath.disableClassPathURLCheck=true 
Picked up _JAVA_OPTIONS: -Djdk.net.URLClassPath.disableClassPathURLCheck=true
Tests run: 3, Failures: 0, Errors: 0, Skipped: 0, Time elapsed: 0.099 sec - in org.apache.flink.runtime.util.AtomicDisposableReferenceCounterTest
Picked up JAVA_TOOL_OPTIONS: -XX:CICompilerCount=2 -XX:ParallelGCThreads=2 -XX:ConcGCThreads=2 -Djdk.net.URLClassPath.disableClassPathURLCheck=true -XX:CICompilerCount=2 -XX:ParallelGCThreads=2 -XX:ConcGCThreads=2 -Djdk.net.URLClassPath.disableClassPathURLCheck=true 
Picked up _JAVA_OPTIONS: -Djdk.net.URLClassPath.disableClassPathURLCheck=true
Error: An unexpected error occurred while trying to open file /scratch/tmp-rta/Bugs.jar_Flink_734ba01d_java-7/flink-runtime/target/surefire/surefirebooter5949468514129577293.jar
Picked up JAVA_TOOL_OPTIONS: -XX:CICompilerCount=2 -XX:ParallelGCThreads=2 -XX:ConcGCThreads=2 -Djdk.net.URLClassPath.disableClassPathURLCheck=true -XX:CICompilerCount=2 -XX:ParallelGCThreads=2 -XX:ConcGCThreads=2 -Djdk.net.URLClassPath.disableClassPathURLCheck=true 
Tests run: 4, Failures: 0, Errors: 0, Skipped: 0, Time elapsed: 0.046 sec - in org.apache.flink.runtime.util.ReusingKeyGroupedIteratorTest
Picked up JAVA_TOOL_OPTIONS: -XX:CICompilerCount=2 -XX:ParallelGCThreads=2 -XX:ConcGCThreads=2 -Djdk.net.URLClassPath.disableClassPathURLCheck=true -XX:CICompilerCount=2 -XX:ParallelGCThreads=2 -XX:ConcGCThreads=2 -Djdk.net.URLClassPath.disableClassPathURLCheck=true 
Error: An unexpected error occurred while trying to open file /scratch/tmp-rta/Bugs.jar_Flink_734ba01d_java-7/flink-runtime/target/surefire/surefirebooter7707127316872621756.jar
Picked up JAVA_TOOL_OPTIONS: -XX:CICompilerCount=2 -XX:ParallelGCThreads=2 -XX:ConcGCThreads=2 -Djdk.net.URLClassPath.disableClassPathURLCheck=true -XX:CICompilerCount=2 -XX:ParallelGCThreads=2 -XX:ConcGCThreads=2 -Djdk.net.URLClassPath.disableClassPathURLCheck=true 
Picked up _JAVA_OPTIONS: -Djdk.net.URLClassPath.disableClassPathURLCheck=true
java.io.FileNotFoundException: /scratch/tmp-rta/Bugs.jar_Flink_734ba01d_java-7/flink-runtime/target/surefire/surefire_1763314580455201932344tmp (No such file or directory)
	at java.io.FileInputStream.open(Native Method)
	at java.io.FileInputStream.<init>(FileInputStream.java:146)
	at org.apache.maven.surefire.booter.SystemPropertyManager.loadProperties(SystemPropertyManager.java:62)
	at org.apache.maven.surefire.booter.SystemPropertyManager.setSystemProperties(SystemPropertyManager.java:69)
Picked up _JAVA_OPTIONS: -Djdk.net.URLClassPath.disableClassPathURLCheck=true
Picked up JAVA_TOOL_OPTIONS: -XX:CICompilerCount=2 -XX:ParallelGCThreads=2 -XX:ConcGCThreads=2 -Djdk.net.URLClassPath.disableClassPathURLCheck=true -XX:CICompilerCount=2 -XX:ParallelGCThreads=2 -XX:ConcGCThreads=2 -Djdk.net.URLClassPath.disableClassPathURLCheck=true 
Picked up _JAVA_OPTIONS: -Djdk.net.URLClassPath.disableClassPathURLCheck=true
Picked up _JAVA_OPTIONS: -Djdk.net.URLClassPath.disableClassPathURLCheck=true
Picked up JAVA_TOOL_OPTIONS: -XX:CICompilerCount=2 -XX:ParallelGCThreads=2 -XX:ConcGCThreads=2 -Djdk.net.URLClassPath.disableClassPathURLCheck=true -XX:CICompilerCount=2 -XX:ParallelGCThreads=2 -XX:ConcGCThreads=2 -Djdk.net.URLClassPath.disableClassPathURLCheck=true 
Picked up _JAVA_OPTIONS: -Djdk.net.URLClassPath.disableClassPathURLCheck=true
java.io.FileNotFoundException: /scratch/tmp-rta/Bugs.jar_Flink_734ba01d_java-7/flink-runtime/target/surefire/surefire_1776521907270130921525tmp (No such file or directory)
	at java.io.FileInputStream.open(Native Method)
	at java.io.FileInputStream.<init>(FileInputStream.java:146)
	at org.apache.maven.surefire.booter.SystemPropertyManager.loadProperties(SystemPropertyManager.java:62)
	at org.apache.maven.surefire.booter.SystemPropertyManager.setSystemProperties(SystemPropertyManager.java:69)
	at org.apache.maven.surefire.booter.ForkedBooter.main(ForkedBooter.java:65)
	at org.apache.maven.surefire.booter.ForkedBooter.main(ForkedBooter.java:65)
Tests run: 2, Failures: 0, Errors: 0, Skipped: 0, Time elapsed: 0.075 sec - in org.apache.flink.runtime.util.UnionIteratorTest
Picked up JAVA_TOOL_OPTIONS: -XX:CICompilerCount=2 -XX:ParallelGCThreads=2 -XX:ConcGCThreads=2 -Djdk.net.URLClassPath.disableClassPathURLCheck=true -XX:CICompilerCount=2 -XX:ParallelGCThreads=2 -XX:ConcGCThreads=2 -Djdk.net.URLClassPath.disableClassPathURLCheck=true 
Picked up _JAVA_OPTIONS: -Djdk.net.URLClassPath.disableClassPathURLCheck=true
Running org.apache.flink.runtime.util.DelegatingConfigurationTest
Tests run: 1, Failures: 0, Errors: 0, Skipped: 0, Time elapsed: 0.001 sec - in org.apache.flink.runtime.util.DelegatingConfigurationTest
Running org.apache.flink.runtime.util.LRUCacheMapTest
Tests run: 3, Failures: 0, Errors: 0, Skipped: 0, Time elapsed: 0.177 sec - in org.apache.flink.runtime.blob.BlobServerRangeTest
Picked up JAVA_TOOL_OPTIONS: -XX:CICompilerCount=2 -XX:ParallelGCThreads=2 -XX:ConcGCThreads=2 -Djdk.net.URLClassPath.disableClassPathURLCheck=true -XX:CICompilerCount=2 -XX:ParallelGCThreads=2 -XX:ConcGCThreads=2 -Djdk.net.URLClassPath.disableClassPathURLCheck=true 
Picked up _JAVA_OPTIONS: -Djdk.net.URLClassPath.disableClassPathURLCheck=true
Error: An unexpected error occurred while trying to open file /scratch/tmp-rta/Bugs.jar_Flink_734ba01d_java-7/flink-runtime/target/surefire/surefirebooter1388788396680806182.jar
Picked up JAVA_TOOL_OPTIONS: -XX:CICompilerCount=2 -XX:ParallelGCThreads=2 -XX:ConcGCThreads=2 -Djdk.net.URLClassPath.disableClassPathURLCheck=true -XX:CICompilerCount=2 -XX:ParallelGCThreads=2 -XX:ConcGCThreads=2 -Djdk.net.URLClassPath.disableClassPathURLCheck=true 
Picked up _JAVA_OPTIONS: -Djdk.net.URLClassPath.disableClassPathURLCheck=true
Error: An unexpected error occurred while trying to open file /scratch/tmp-rta/Bugs.jar_Flink_734ba01d_java-7/flink-runtime/target/surefire/surefirebooter824238094535423988.jar
Picked up JAVA_TOOL_OPTIONS: -XX:CICompilerCount=2 -XX:ParallelGCThreads=2 -XX:ConcGCThreads=2 -Djdk.net.URLClassPath.disableClassPathURLCheck=true -XX:CICompilerCount=2 -XX:ParallelGCThreads=2 -XX:ConcGCThreads=2 -Djdk.net.URLClassPath.disableClassPathURLCheck=true 
Picked up _JAVA_OPTIONS: -Djdk.net.URLClassPath.disableClassPathURLCheck=true
Picked up JAVA_TOOL_OPTIONS: -XX:CICompilerCount=2 -XX:ParallelGCThreads=2 -XX:ConcGCThreads=2 -Djdk.net.URLClassPath.disableClassPathURLCheck=true -XX:CICompilerCount=2 -XX:ParallelGCThreads=2 -XX:ConcGCThreads=2 -Djdk.net.URLClassPath.disableClassPathURLCheck=true 
Picked up _JAVA_OPTIONS: -Djdk.net.URLClassPath.disableClassPathURLCheck=true
Error: An unexpected error occurred while trying to open file /scratch/tmp-rta/Bugs.jar_Flink_734ba01d_java-7/flink-runtime/target/surefire/surefirebooter8820230310669427922.jar
Tests run: 5, Failures: 0, Errors: 0, Skipped: 0, Time elapsed: 0.041 sec - in org.apache.flink.runtime.util.LRUCacheMapTest
Running org.apache.flink.runtime.util.DataInputOutputSerializerTest
Picked up JAVA_TOOL_OPTIONS: -XX:CICompilerCount=2 -XX:ParallelGCThreads=2 -XX:ConcGCThreads=2 -Djdk.net.URLClassPath.disableClassPathURLCheck=true -XX:CICompilerCount=2 -XX:ParallelGCThreads=2 -XX:ConcGCThreads=2 -Djdk.net.URLClassPath.disableClassPathURLCheck=true 
Picked up _JAVA_OPTIONS: -Djdk.net.URLClassPath.disableClassPathURLCheck=true
Running org.apache.flink.runtime.deployment.ResultPartitionDeploymentDescriptorTest
Picked up JAVA_TOOL_OPTIONS: -XX:CICompilerCount=2 -XX:ParallelGCThreads=2 -XX:ConcGCThreads=2 -Djdk.net.URLClassPath.disableClassPathURLCheck=true -XX:CICompilerCount=2 -XX:ParallelGCThreads=2 -XX:ConcGCThreads=2 -Djdk.net.URLClassPath.disableClassPathURLCheck=true 
Tests run: 1, Failures: 0, Errors: 0, Skipped: 0, Time elapsed: 0 sec - in org.apache.flink.runtime.deployment.ResultPartitionDeploymentDescriptorTest
Running org.apache.flink.runtime.checkpoint.ExecutionGraphCheckpointCoordinatorTest
Picked up _JAVA_OPTIONS: -Djdk.net.URLClassPath.disableClassPathURLCheck=true
Picked up JAVA_TOOL_OPTIONS: -XX:CICompilerCount=2 -XX:ParallelGCThreads=2 -XX:ConcGCThreads=2 -Djdk.net.URLClassPath.disableClassPathURLCheck=true -XX:CICompilerCount=2 -XX:ParallelGCThreads=2 -XX:ConcGCThreads=2 -Djdk.net.URLClassPath.disableClassPathURLCheck=true 
Picked up _JAVA_OPTIONS: -Djdk.net.URLClassPath.disableClassPathURLCheck=true
java.io.FileNotFoundException: /scratch/tmp-rta/Bugs.jar_Flink_734ba01d_java-7/flink-runtime/target/surefire/surefire_1711968696018825280894tmp (No such file or directory)
	at java.io.FileInputStream.open(Native Method)
	at java.io.FileInputStream.<init>(FileInputStream.java:146)
	at org.apache.maven.surefire.booter.SystemPropertyManager.loadProperties(SystemPropertyManager.java:62)
	at org.apache.maven.surefire.booter.SystemPropertyManager.setSystemProperties(SystemPropertyManager.java:69)
	at org.apache.maven.surefire.booter.ForkedBooter.main(ForkedBooter.java:65)
Picked up JAVA_TOOL_OPTIONS: -XX:CICompilerCount=2 -XX:ParallelGCThreads=2 -XX:ConcGCThreads=2 -Djdk.net.URLClassPath.disableClassPathURLCheck=true -XX:CICompilerCount=2 -XX:ParallelGCThreads=2 -XX:ConcGCThreads=2 -Djdk.net.URLClassPath.disableClassPathURLCheck=true 
Picked up _JAVA_OPTIONS: -Djdk.net.URLClassPath.disableClassPathURLCheck=true
Error: An unexpected error occurred while trying to open file /scratch/tmp-rta/Bugs.jar_Flink_734ba01d_java-7/flink-runtime/target/surefire/surefirebooter5337513604537049755.jar
Picked up JAVA_TOOL_OPTIONS: -XX:CICompilerCount=2 -XX:ParallelGCThreads=2 -XX:ConcGCThreads=2 -Djdk.net.URLClassPath.disableClassPathURLCheck=true -XX:CICompilerCount=2 -XX:ParallelGCThreads=2 -XX:ConcGCThreads=2 -Djdk.net.URLClassPath.disableClassPathURLCheck=true 
Picked up _JAVA_OPTIONS: -Djdk.net.URLClassPath.disableClassPathURLCheck=true
Error: An unexpected error occurred while trying to open file /scratch/tmp-rta/Bugs.jar_Flink_734ba01d_java-7/flink-runtime/target/surefire/surefirebooter2008493920699837564.jar
Picked up JAVA_TOOL_OPTIONS: -XX:CICompilerCount=2 -XX:ParallelGCThreads=2 -XX:ConcGCThreads=2 -Djdk.net.URLClassPath.disableClassPathURLCheck=true -XX:CICompilerCount=2 -XX:ParallelGCThreads=2 -XX:ConcGCThreads=2 -Djdk.net.URLClassPath.disableClassPathURLCheck=true 
Running org.apache.flink.runtime.jobgraph.JobTaskVertexTest
Running org.apache.flink.runtime.checkpoint.stats.SimpleCheckpointStatsTrackerTest
Running org.apache.flink.runtime.state.FileStateBackendTest
JVM seems rogue. Kill 10955!
Terminate 10955!
Killed 10955! at /scratch/jmcampos/RTA/repair_them_all_framework/jdks/jdk1.7.0_80/bin/java line 73.
