Picked up JAVA_TOOL_OPTIONS: -XX:CICompilerCount=2 -XX:ParallelGCThreads=2 -XX:ConcGCThreads=2 -Djdk.net.URLClassPath.disableClassPathURLCheck=true 
Picked up _JAVA_OPTIONS: -Djdk.net.URLClassPath.disableClassPathURLCheck=true
Apache Maven 3.5.0 (Red Hat 3.5.0-4.3)
Maven home: /opt/rh/rh-maven35/root/usr/share/maven
Java version: 1.7.0_80, vendor: Oracle Corporation
Java home: /bam/scratch/jmcampos/RTA/repair_them_all_framework/jdks/jdk1.7.0_80/jre
Default locale: en_US, platform encoding: UTF-8
OS name: "linux", version: "4.14.147-1.el7.retpoline.x86_64", arch: "amd64", family: "unix"
[INFO] Scanning for projects...
[INFO] 
[INFO] ------------------------------------------------------------------------
[INFO] Building pinot-core 0.016
[INFO] ------------------------------------------------------------------------
[INFO] Downloading: https://repo.maven.apache.org/maven2/org/apache/maven/plugins/maven-source-plugin/maven-metadata.xml
[INFO] Downloaded: https://repo.maven.apache.org/maven2/org/apache/maven/plugins/maven-source-plugin/maven-metadata.xml (905 B at 2.5 kB/s)
[INFO] 
[INFO] --- buildnumber-maven-plugin:1.3:create (default) @ pinot-core ---
[INFO] Executing: /bin/sh -c cd /bam/scratch/tmp-rta/Bears_linkedin-pinot_342188288-342446553_java-7/pinot-core && git rev-parse --verify HEAD
[INFO] Working directory: /bam/scratch/tmp-rta/Bears_linkedin-pinot_342188288-342446553_java-7/pinot-core
[INFO] Storing buildNumber: 15183af47d96cc580743c4ff5434c3b416a70934 at timestamp: 1584009229448
[INFO] Storing buildScmBranch: master
[INFO] 
[INFO] --- jacoco-maven-plugin:0.7.7.201606060606:prepare-agent (default) @ pinot-core ---
[INFO] Skipping JaCoCo execution because property jacoco.skip is set.
[INFO] argLine set to empty
[INFO] 
[INFO] --- maven-resources-plugin:2.6:resources (default-resources) @ pinot-core ---
[INFO] Using 'UTF-8' encoding to copy filtered resources.
[INFO] skip non existing resourceDirectory /bam/scratch/tmp-rta/Bears_linkedin-pinot_342188288-342446553_java-7/pinot-core/src/main/resources
[INFO] 
[INFO] --- maven-compiler-plugin:2.5.1:compile (default-compile) @ pinot-core ---
[INFO] Nothing to compile - all classes are up to date
[INFO] 
[INFO] --- maven-resources-plugin:2.6:testResources (default-testResources) @ pinot-core ---
[INFO] Using 'UTF-8' encoding to copy filtered resources.
[INFO] Copying 24 resources
[INFO] 
[INFO] --- maven-compiler-plugin:2.5.1:testCompile (default-testCompile) @ pinot-core ---
[INFO] Nothing to compile - all classes are up to date
[INFO] 
[INFO] --- maven-surefire-plugin:2.19:test (default-test) @ pinot-core ---
[INFO] Downloading: https://repo.maven.apache.org/maven2/org/apache/maven/surefire/surefire-testng/2.19/surefire-testng-2.19.pom
[INFO] Downloaded: https://repo.maven.apache.org/maven2/org/apache/maven/surefire/surefire-testng/2.19/surefire-testng-2.19.pom (2.6 kB at 176 kB/s)
[INFO] Downloading: https://repo.maven.apache.org/maven2/org/apache/maven/surefire/surefire-providers/2.19/surefire-providers-2.19.pom
[INFO] Downloaded: https://repo.maven.apache.org/maven2/org/apache/maven/surefire/surefire-providers/2.19/surefire-providers-2.19.pom (2.6 kB at 256 kB/s)
[INFO] Downloading: https://repo.maven.apache.org/maven2/org/apache/maven/surefire/common-java5/2.19/common-java5-2.19.pom
[INFO] Downloaded: https://repo.maven.apache.org/maven2/org/apache/maven/surefire/common-java5/2.19/common-java5-2.19.pom (2.7 kB at 38 kB/s)
[INFO] Downloading: https://repo.maven.apache.org/maven2/org/apache/maven/surefire/surefire-testng-utils/2.19/surefire-testng-utils-2.19.pom
[INFO] Downloaded: https://repo.maven.apache.org/maven2/org/apache/maven/surefire/surefire-testng-utils/2.19/surefire-testng-utils-2.19.pom (3.0 kB at 78 kB/s)
[INFO] Downloading: https://repo.maven.apache.org/maven2/org/apache/maven/surefire/surefire-grouper/2.19/surefire-grouper-2.19.pom
[INFO] Downloaded: https://repo.maven.apache.org/maven2/org/apache/maven/surefire/surefire-grouper/2.19/surefire-grouper-2.19.pom (2.6 kB at 292 kB/s)
[INFO] Downloading: https://repo.maven.apache.org/maven2/org/apache/maven/surefire/surefire-testng-utils/2.19/surefire-testng-utils-2.19.jar
[INFO] Downloading: https://repo.maven.apache.org/maven2/org/apache/maven/surefire/surefire-grouper/2.19/surefire-grouper-2.19.jar
[INFO] Downloading: https://repo.maven.apache.org/maven2/org/apache/maven/surefire/common-java5/2.19/common-java5-2.19.jar
[INFO] Downloading: https://repo.maven.apache.org/maven2/org/apache/maven/surefire/surefire-testng/2.19/surefire-testng-2.19.jar
[INFO] Downloaded: https://repo.maven.apache.org/maven2/org/apache/maven/surefire/surefire-testng-utils/2.19/surefire-testng-utils-2.19.jar (27 kB at 1.8 MB/s)
[INFO] Downloaded: https://repo.maven.apache.org/maven2/org/apache/maven/surefire/surefire-testng/2.19/surefire-testng-2.19.jar (42 kB at 1.4 MB/s)
[INFO] Downloaded: https://repo.maven.apache.org/maven2/org/apache/maven/surefire/common-java5/2.19/common-java5-2.19.jar (44 kB at 865 kB/s)
[INFO] Downloaded: https://repo.maven.apache.org/maven2/org/apache/maven/surefire/surefire-grouper/2.19/surefire-grouper-2.19.jar (38 kB at 685 kB/s)

-------------------------------------------------------
 T E S T S
-------------------------------------------------------
Picked up JAVA_TOOL_OPTIONS: -XX:CICompilerCount=2 -XX:ParallelGCThreads=2 -XX:ConcGCThreads=2 -Djdk.net.URLClassPath.disableClassPathURLCheck=true -XX:CICompilerCount=2 -XX:ParallelGCThreads=2 -XX:ConcGCThreads=2 -Djdk.net.URLClassPath.disableClassPathURLCheck=true 
Picked up _JAVA_OPTIONS: -Djdk.net.URLClassPath.disableClassPathURLCheck=true
Running com.linkedin.pinot.query.aggregation.groupby.NoDictionaryGroupKeyGeneratorTest
Tests run: 3, Failures: 0, Errors: 0, Skipped: 0, Time elapsed: 0.829 sec - in com.linkedin.pinot.query.aggregation.groupby.NoDictionaryGroupKeyGeneratorTest
testMultiColumnGroupKeyGenerator(com.linkedin.pinot.query.aggregation.groupby.NoDictionaryGroupKeyGeneratorTest)  Time elapsed: 0.052 sec
testMultiColumnHybridGroupKeyGenerator(com.linkedin.pinot.query.aggregation.groupby.NoDictionaryGroupKeyGeneratorTest)  Time elapsed: 0 sec
testSingleColumnGroupKeyGenerator(com.linkedin.pinot.query.aggregation.groupby.NoDictionaryGroupKeyGeneratorTest)  Time elapsed: 0.015 sec
Picked up JAVA_TOOL_OPTIONS: -XX:CICompilerCount=2 -XX:ParallelGCThreads=2 -XX:ConcGCThreads=2 -Djdk.net.URLClassPath.disableClassPathURLCheck=true -XX:CICompilerCount=2 -XX:ParallelGCThreads=2 -XX:ConcGCThreads=2 -Djdk.net.URLClassPath.disableClassPathURLCheck=true 
Picked up _JAVA_OPTIONS: -Djdk.net.URLClassPath.disableClassPathURLCheck=true
Running com.linkedin.pinot.query.aggregation.groupby.AggregationGroupByTrimmingServiceTest
Tests run: 1, Failures: 0, Errors: 0, Skipped: 0, Time elapsed: 0.676 sec - in com.linkedin.pinot.query.aggregation.groupby.AggregationGroupByTrimmingServiceTest
testTrimming(com.linkedin.pinot.query.aggregation.groupby.AggregationGroupByTrimmingServiceTest)  Time elapsed: 0.23 sec
Picked up JAVA_TOOL_OPTIONS: -XX:CICompilerCount=2 -XX:ParallelGCThreads=2 -XX:ConcGCThreads=2 -Djdk.net.URLClassPath.disableClassPathURLCheck=true -XX:CICompilerCount=2 -XX:ParallelGCThreads=2 -XX:ConcGCThreads=2 -Djdk.net.URLClassPath.disableClassPathURLCheck=true 
Picked up _JAVA_OPTIONS: -Djdk.net.URLClassPath.disableClassPathURLCheck=true
Running com.linkedin.pinot.query.aggregation.groupby.ObjectGroupByResultHolderTest
Tests run: 2, Failures: 0, Errors: 0, Skipped: 0, Time elapsed: 0.308 sec - in com.linkedin.pinot.query.aggregation.groupby.ObjectGroupByResultHolderTest
testMaxTrimResults(com.linkedin.pinot.query.aggregation.groupby.ObjectGroupByResultHolderTest)  Time elapsed: 0.064 sec
testMinTrimResults(com.linkedin.pinot.query.aggregation.groupby.ObjectGroupByResultHolderTest)  Time elapsed: 0.014 sec
Picked up JAVA_TOOL_OPTIONS: -XX:CICompilerCount=2 -XX:ParallelGCThreads=2 -XX:ConcGCThreads=2 -Djdk.net.URLClassPath.disableClassPathURLCheck=true -XX:CICompilerCount=2 -XX:ParallelGCThreads=2 -XX:ConcGCThreads=2 -Djdk.net.URLClassPath.disableClassPathURLCheck=true 
Picked up _JAVA_OPTIONS: -Djdk.net.URLClassPath.disableClassPathURLCheck=true
Running com.linkedin.pinot.query.aggregation.groupby.DoubleGroupByResultHolderTest
Tests run: 4, Failures: 0, Errors: 0, Skipped: 0, Time elapsed: 0.386 sec - in com.linkedin.pinot.query.aggregation.groupby.DoubleGroupByResultHolderTest
testEnsureCapacity(com.linkedin.pinot.query.aggregation.groupby.DoubleGroupByResultHolderTest)  Time elapsed: 0.035 sec
testMaxTrimResults(com.linkedin.pinot.query.aggregation.groupby.DoubleGroupByResultHolderTest)  Time elapsed: 0.054 sec
testMinTrimResults(com.linkedin.pinot.query.aggregation.groupby.DoubleGroupByResultHolderTest)  Time elapsed: 0.012 sec
testSetValueForKey(com.linkedin.pinot.query.aggregation.groupby.DoubleGroupByResultHolderTest)  Time elapsed: 0.001 sec
Picked up JAVA_TOOL_OPTIONS: -XX:CICompilerCount=2 -XX:ParallelGCThreads=2 -XX:ConcGCThreads=2 -Djdk.net.URLClassPath.disableClassPathURLCheck=true -XX:CICompilerCount=2 -XX:ParallelGCThreads=2 -XX:ConcGCThreads=2 -Djdk.net.URLClassPath.disableClassPathURLCheck=true 
Picked up _JAVA_OPTIONS: -Djdk.net.URLClassPath.disableClassPathURLCheck=true
Running com.linkedin.pinot.query.aggregation.groupby.DictionaryBasedGroupKeyGeneratorTest
Tests run: 6, Failures: 0, Errors: 0, Skipped: 0, Time elapsed: 0.828 sec - in com.linkedin.pinot.query.aggregation.groupby.DictionaryBasedGroupKeyGeneratorTest
testArrayBasedMultiValue(com.linkedin.pinot.query.aggregation.groupby.DictionaryBasedGroupKeyGeneratorTest)  Time elapsed: 0.004 sec
testArrayBasedSingleValue(com.linkedin.pinot.query.aggregation.groupby.DictionaryBasedGroupKeyGeneratorTest)  Time elapsed: 0.001 sec
testArrayMapBasedMultiValue(com.linkedin.pinot.query.aggregation.groupby.DictionaryBasedGroupKeyGeneratorTest)  Time elapsed: 0.008 sec
testArrayMapBasedSingleValue(com.linkedin.pinot.query.aggregation.groupby.DictionaryBasedGroupKeyGeneratorTest)  Time elapsed: 0.001 sec
testLongMapBasedMultiValue(com.linkedin.pinot.query.aggregation.groupby.DictionaryBasedGroupKeyGeneratorTest)  Time elapsed: 0.007 sec
testLongMapBasedSingleValue(com.linkedin.pinot.query.aggregation.groupby.DictionaryBasedGroupKeyGeneratorTest)  Time elapsed: 0.004 sec
Picked up JAVA_TOOL_OPTIONS: -XX:CICompilerCount=2 -XX:ParallelGCThreads=2 -XX:ConcGCThreads=2 -Djdk.net.URLClassPath.disableClassPathURLCheck=true -XX:CICompilerCount=2 -XX:ParallelGCThreads=2 -XX:ConcGCThreads=2 -Djdk.net.URLClassPath.disableClassPathURLCheck=true 
Picked up _JAVA_OPTIONS: -Djdk.net.URLClassPath.disableClassPathURLCheck=true
Running com.linkedin.pinot.query.aggregation.DoubleAggregationResultHolderTest
Tests run: 2, Failures: 0, Errors: 0, Skipped: 0, Time elapsed: 8.992 sec - in com.linkedin.pinot.query.aggregation.DoubleAggregationResultHolderTest
testDefaultValue(com.linkedin.pinot.query.aggregation.DoubleAggregationResultHolderTest)  Time elapsed: 0.009 sec
testSetValue(com.linkedin.pinot.query.aggregation.DoubleAggregationResultHolderTest)  Time elapsed: 0.023 sec
Picked up JAVA_TOOL_OPTIONS: -XX:CICompilerCount=2 -XX:ParallelGCThreads=2 -XX:ConcGCThreads=2 -Djdk.net.URLClassPath.disableClassPathURLCheck=true -XX:CICompilerCount=2 -XX:ParallelGCThreads=2 -XX:ConcGCThreads=2 -Djdk.net.URLClassPath.disableClassPathURLCheck=true 
Picked up _JAVA_OPTIONS: -Djdk.net.URLClassPath.disableClassPathURLCheck=true
Running com.linkedin.pinot.query.aggregation.DefaultAggregationExecutorTest
Tests run: 1, Failures: 0, Errors: 0, Skipped: 0, Time elapsed: 0.676 sec - in com.linkedin.pinot.query.aggregation.DefaultAggregationExecutorTest
testAggregation(com.linkedin.pinot.query.aggregation.DefaultAggregationExecutorTest)  Time elapsed: 0.028 sec
Picked up JAVA_TOOL_OPTIONS: -XX:CICompilerCount=2 -XX:ParallelGCThreads=2 -XX:ConcGCThreads=2 -Djdk.net.URLClassPath.disableClassPathURLCheck=true -XX:CICompilerCount=2 -XX:ParallelGCThreads=2 -XX:ConcGCThreads=2 -Djdk.net.URLClassPath.disableClassPathURLCheck=true 
Picked up _JAVA_OPTIONS: -Djdk.net.URLClassPath.disableClassPathURLCheck=true
Running com.linkedin.pinot.query.transform.TimeConversionTransformTest
Tests run: 2, Failures: 0, Errors: 0, Skipped: 0, Time elapsed: 2.314 sec - in com.linkedin.pinot.query.transform.TimeConversionTransformTest
test(com.linkedin.pinot.query.transform.TimeConversionTransformTest)  Time elapsed: 0.073 sec
testCustom(com.linkedin.pinot.query.transform.TimeConversionTransformTest)  Time elapsed: 0.095 sec
Picked up JAVA_TOOL_OPTIONS: -XX:CICompilerCount=2 -XX:ParallelGCThreads=2 -XX:ConcGCThreads=2 -Djdk.net.URLClassPath.disableClassPathURLCheck=true -XX:CICompilerCount=2 -XX:ParallelGCThreads=2 -XX:ConcGCThreads=2 -Djdk.net.URLClassPath.disableClassPathURLCheck=true 
Picked up _JAVA_OPTIONS: -Djdk.net.URLClassPath.disableClassPathURLCheck=true
Running com.linkedin.pinot.query.transform.TransformExpressionOperatorTest
Tests run: 1, Failures: 0, Errors: 0, Skipped: 0, Time elapsed: 0.908 sec - in com.linkedin.pinot.query.transform.TransformExpressionOperatorTest
test(com.linkedin.pinot.query.transform.TransformExpressionOperatorTest)  Time elapsed: 0.122 sec
Picked up JAVA_TOOL_OPTIONS: -XX:CICompilerCount=2 -XX:ParallelGCThreads=2 -XX:ConcGCThreads=2 -Djdk.net.URLClassPath.disableClassPathURLCheck=true -XX:CICompilerCount=2 -XX:ParallelGCThreads=2 -XX:ConcGCThreads=2 -Djdk.net.URLClassPath.disableClassPathURLCheck=true 
Picked up _JAVA_OPTIONS: -Djdk.net.URLClassPath.disableClassPathURLCheck=true
Running com.linkedin.pinot.query.transform.TransformExpressionTreeTest
Tests run: 1, Failures: 0, Errors: 0, Skipped: 0, Time elapsed: 0.344 sec - in com.linkedin.pinot.query.transform.TransformExpressionTreeTest
test(com.linkedin.pinot.query.transform.TransformExpressionTreeTest)  Time elapsed: 0.145 sec
Picked up JAVA_TOOL_OPTIONS: -XX:CICompilerCount=2 -XX:ParallelGCThreads=2 -XX:ConcGCThreads=2 -Djdk.net.URLClassPath.disableClassPathURLCheck=true -XX:CICompilerCount=2 -XX:ParallelGCThreads=2 -XX:ConcGCThreads=2 -Djdk.net.URLClassPath.disableClassPathURLCheck=true 
Picked up _JAVA_OPTIONS: -Djdk.net.URLClassPath.disableClassPathURLCheck=true
Running com.linkedin.pinot.query.transform.DateTimeConversionTransformTest
Tests run: 33, Failures: 0, Errors: 0, Skipped: 0, Time elapsed: 0.381 sec - in com.linkedin.pinot.query.transform.DateTimeConversionTransformTest
testDateTimeConversionEvaluation(com.linkedin.pinot.query.transform.DateTimeConversionTransformTest)  Time elapsed: 0.063 sec
testDateTimeConversionEvaluation(com.linkedin.pinot.query.transform.DateTimeConversionTransformTest)  Time elapsed: 0.001 sec
testDateTimeConversionEvaluation(com.linkedin.pinot.query.transform.DateTimeConversionTransformTest)  Time elapsed: 0.001 sec
testDateTimeConversionEvaluation(com.linkedin.pinot.query.transform.DateTimeConversionTransformTest)  Time elapsed: 0.018 sec
testDateTimeConversionEvaluation(com.linkedin.pinot.query.transform.DateTimeConversionTransformTest)  Time elapsed: 0.002 sec
testDateTimeConversionEvaluation(com.linkedin.pinot.query.transform.DateTimeConversionTransformTest)  Time elapsed: 0.009 sec
testDateTimeConversionEvaluation(com.linkedin.pinot.query.transform.DateTimeConversionTransformTest)  Time elapsed: 0 sec
testDateTimeConversionEvaluation(com.linkedin.pinot.query.transform.DateTimeConversionTransformTest)  Time elapsed: 0.001 sec
testDateTimeConversionEvaluation(com.linkedin.pinot.query.transform.DateTimeConversionTransformTest)  Time elapsed: 0 sec
testDateTimeConversionEvaluation(com.linkedin.pinot.query.transform.DateTimeConversionTransformTest)  Time elapsed: 0.001 sec
testDateTimeConversionEvaluation(com.linkedin.pinot.query.transform.DateTimeConversionTransformTest)  Time elapsed: 0 sec
testDateTimeConversionEvaluation(com.linkedin.pinot.query.transform.DateTimeConversionTransformTest)  Time elapsed: 0 sec
testDateTimeConversionTransform(com.linkedin.pinot.query.transform.DateTimeConversionTransformTest)  Time elapsed: 0.046 sec
testDateTimeConversionTransform(com.linkedin.pinot.query.transform.DateTimeConversionTransformTest)  Time elapsed: 0.001 sec
testDateTimeConversionTransform(com.linkedin.pinot.query.transform.DateTimeConversionTransformTest)  Time elapsed: 0 sec
testDateTimeConversionTransform(com.linkedin.pinot.query.transform.DateTimeConversionTransformTest)  Time elapsed: 0.001 sec
testDateTimeConversionTransform(com.linkedin.pinot.query.transform.DateTimeConversionTransformTest)  Time elapsed: 0 sec
testDateTimeConversionTransform(com.linkedin.pinot.query.transform.DateTimeConversionTransformTest)  Time elapsed: 0.001 sec
testDateTimeConversionTransform(com.linkedin.pinot.query.transform.DateTimeConversionTransformTest)  Time elapsed: 0.001 sec
testDateTimeConversionTransform(com.linkedin.pinot.query.transform.DateTimeConversionTransformTest)  Time elapsed: 0 sec
testDateTimeConversionTransform(com.linkedin.pinot.query.transform.DateTimeConversionTransformTest)  Time elapsed: 0.002 sec
testDateTimeConversionTransform(com.linkedin.pinot.query.transform.DateTimeConversionTransformTest)  Time elapsed: 0.001 sec
testDateTimeConversionTransform(com.linkedin.pinot.query.transform.DateTimeConversionTransformTest)  Time elapsed: 0.002 sec
testDateTimeConversionTransform(com.linkedin.pinot.query.transform.DateTimeConversionTransformTest)  Time elapsed: 0.001 sec
testDateTimeConversionTransform(com.linkedin.pinot.query.transform.DateTimeConversionTransformTest)  Time elapsed: 0.001 sec
testDateTimeConversionTransform(com.linkedin.pinot.query.transform.DateTimeConversionTransformTest)  Time elapsed: 0 sec
testDateTimeConversionTransform(com.linkedin.pinot.query.transform.DateTimeConversionTransformTest)  Time elapsed: 0.002 sec
testDateTimeConversionTransform(com.linkedin.pinot.query.transform.DateTimeConversionTransformTest)  Time elapsed: 0.002 sec
testDateTimeConversionTransform(com.linkedin.pinot.query.transform.DateTimeConversionTransformTest)  Time elapsed: 0.001 sec
testDateTimeConversionTransform(com.linkedin.pinot.query.transform.DateTimeConversionTransformTest)  Time elapsed: 0.001 sec
testDateTimeConversionTransform(com.linkedin.pinot.query.transform.DateTimeConversionTransformTest)  Time elapsed: 0 sec
testDateTimeConversionTransform(com.linkedin.pinot.query.transform.DateTimeConversionTransformTest)  Time elapsed: 0.002 sec
testDateTimeConversionTransform(com.linkedin.pinot.query.transform.DateTimeConversionTransformTest)  Time elapsed: 0.001 sec
Picked up JAVA_TOOL_OPTIONS: -XX:CICompilerCount=2 -XX:ParallelGCThreads=2 -XX:ConcGCThreads=2 -Djdk.net.URLClassPath.disableClassPathURLCheck=true -XX:CICompilerCount=2 -XX:ParallelGCThreads=2 -XX:ConcGCThreads=2 -Djdk.net.URLClassPath.disableClassPathURLCheck=true 
Picked up _JAVA_OPTIONS: -Djdk.net.URLClassPath.disableClassPathURLCheck=true
Running com.linkedin.pinot.query.transform.TransformGroupByTest
Tests run: 2, Failures: 0, Errors: 0, Skipped: 0, Time elapsed: 1.216 sec - in com.linkedin.pinot.query.transform.TransformGroupByTest
testGroupByString(com.linkedin.pinot.query.transform.TransformGroupByTest)  Time elapsed: 0.169 sec
testTimeRollUp(com.linkedin.pinot.query.transform.TransformGroupByTest)  Time elapsed: 0.031 sec
Picked up JAVA_TOOL_OPTIONS: -XX:CICompilerCount=2 -XX:ParallelGCThreads=2 -XX:ConcGCThreads=2 -Djdk.net.URLClassPath.disableClassPathURLCheck=true -XX:CICompilerCount=2 -XX:ParallelGCThreads=2 -XX:ConcGCThreads=2 -Djdk.net.URLClassPath.disableClassPathURLCheck=true 
Picked up _JAVA_OPTIONS: -Djdk.net.URLClassPath.disableClassPathURLCheck=true
Running com.linkedin.pinot.query.transform.TransformExpressionParserTest
Tests run: 1, Failures: 0, Errors: 0, Skipped: 0, Time elapsed: 0.379 sec - in com.linkedin.pinot.query.transform.TransformExpressionParserTest
testGroupBy(com.linkedin.pinot.query.transform.TransformExpressionParserTest)  Time elapsed: 0.158 sec
Picked up JAVA_TOOL_OPTIONS: -XX:CICompilerCount=2 -XX:ParallelGCThreads=2 -XX:ConcGCThreads=2 -Djdk.net.URLClassPath.disableClassPathURLCheck=true -XX:CICompilerCount=2 -XX:ParallelGCThreads=2 -XX:ConcGCThreads=2 -Djdk.net.URLClassPath.disableClassPathURLCheck=true 
Picked up _JAVA_OPTIONS: -Djdk.net.URLClassPath.disableClassPathURLCheck=true
Running com.linkedin.pinot.query.transform.DivisionTransformTest
Tests run: 1, Failures: 0, Errors: 0, Skipped: 0, Time elapsed: 0.26 sec - in com.linkedin.pinot.query.transform.DivisionTransformTest
test(com.linkedin.pinot.query.transform.DivisionTransformTest)  Time elapsed: 0.068 sec
Picked up JAVA_TOOL_OPTIONS: -XX:CICompilerCount=2 -XX:ParallelGCThreads=2 -XX:ConcGCThreads=2 -Djdk.net.URLClassPath.disableClassPathURLCheck=true -XX:CICompilerCount=2 -XX:ParallelGCThreads=2 -XX:ConcGCThreads=2 -Djdk.net.URLClassPath.disableClassPathURLCheck=true 
Picked up _JAVA_OPTIONS: -Djdk.net.URLClassPath.disableClassPathURLCheck=true
Running com.linkedin.pinot.query.transform.MultiplicationTransformTest
Tests run: 1, Failures: 0, Errors: 0, Skipped: 0, Time elapsed: 0.268 sec - in com.linkedin.pinot.query.transform.MultiplicationTransformTest
test(com.linkedin.pinot.query.transform.MultiplicationTransformTest)  Time elapsed: 0.061 sec
Picked up JAVA_TOOL_OPTIONS: -XX:CICompilerCount=2 -XX:ParallelGCThreads=2 -XX:ConcGCThreads=2 -Djdk.net.URLClassPath.disableClassPathURLCheck=true -XX:CICompilerCount=2 -XX:ParallelGCThreads=2 -XX:ConcGCThreads=2 -Djdk.net.URLClassPath.disableClassPathURLCheck=true 
Picked up _JAVA_OPTIONS: -Djdk.net.URLClassPath.disableClassPathURLCheck=true
Running com.linkedin.pinot.query.transform.AdditionTransformTest
Tests run: 1, Failures: 0, Errors: 0, Skipped: 0, Time elapsed: 1.129 sec - in com.linkedin.pinot.query.transform.AdditionTransformTest
test(com.linkedin.pinot.query.transform.AdditionTransformTest)  Time elapsed: 0.066 sec
Picked up JAVA_TOOL_OPTIONS: -XX:CICompilerCount=2 -XX:ParallelGCThreads=2 -XX:ConcGCThreads=2 -Djdk.net.URLClassPath.disableClassPathURLCheck=true -XX:CICompilerCount=2 -XX:ParallelGCThreads=2 -XX:ConcGCThreads=2 -Djdk.net.URLClassPath.disableClassPathURLCheck=true 
Picked up _JAVA_OPTIONS: -Djdk.net.URLClassPath.disableClassPathURLCheck=true
Running com.linkedin.pinot.query.transform.TransformFunctionFactoryTest
Tests run: 1, Failures: 0, Errors: 0, Skipped: 0, Time elapsed: 1.405 sec - in com.linkedin.pinot.query.transform.TransformFunctionFactoryTest
testTransformLoading(com.linkedin.pinot.query.transform.TransformFunctionFactoryTest)  Time elapsed: 0.061 sec
Picked up JAVA_TOOL_OPTIONS: -XX:CICompilerCount=2 -XX:ParallelGCThreads=2 -XX:ConcGCThreads=2 -Djdk.net.URLClassPath.disableClassPathURLCheck=true -XX:CICompilerCount=2 -XX:ParallelGCThreads=2 -XX:ConcGCThreads=2 -Djdk.net.URLClassPath.disableClassPathURLCheck=true 
Picked up _JAVA_OPTIONS: -Djdk.net.URLClassPath.disableClassPathURLCheck=true
Running com.linkedin.pinot.query.transform.SubtractionTransformTest
Tests run: 1, Failures: 0, Errors: 0, Skipped: 0, Time elapsed: 0.684 sec - in com.linkedin.pinot.query.transform.SubtractionTransformTest
test(com.linkedin.pinot.query.transform.SubtractionTransformTest)  Time elapsed: 0.07 sec
Picked up JAVA_TOOL_OPTIONS: -XX:CICompilerCount=2 -XX:ParallelGCThreads=2 -XX:ConcGCThreads=2 -Djdk.net.URLClassPath.disableClassPathURLCheck=true -XX:CICompilerCount=2 -XX:ParallelGCThreads=2 -XX:ConcGCThreads=2 -Djdk.net.URLClassPath.disableClassPathURLCheck=true 
Picked up _JAVA_OPTIONS: -Djdk.net.URLClassPath.disableClassPathURLCheck=true
Running com.linkedin.pinot.query.executor.QueryExecutorTest
Tests run: 4, Failures: 0, Errors: 0, Skipped: 0, Time elapsed: 5.673 sec - in com.linkedin.pinot.query.executor.QueryExecutorTest
testCountQuery(com.linkedin.pinot.query.executor.QueryExecutorTest)  Time elapsed: 0.098 sec
testMaxQuery(com.linkedin.pinot.query.executor.QueryExecutorTest)  Time elapsed: 0.005 sec
testMinQuery(com.linkedin.pinot.query.executor.QueryExecutorTest)  Time elapsed: 0.002 sec
testSumQuery(com.linkedin.pinot.query.executor.QueryExecutorTest)  Time elapsed: 0.079 sec
Picked up JAVA_TOOL_OPTIONS: -XX:CICompilerCount=2 -XX:ParallelGCThreads=2 -XX:ConcGCThreads=2 -Djdk.net.URLClassPath.disableClassPathURLCheck=true -XX:CICompilerCount=2 -XX:ParallelGCThreads=2 -XX:ConcGCThreads=2 -Djdk.net.URLClassPath.disableClassPathURLCheck=true 
Picked up _JAVA_OPTIONS: -Djdk.net.URLClassPath.disableClassPathURLCheck=true
Running com.linkedin.pinot.query.selection.SelectionOperatorServiceTest
Tests run: 6, Failures: 0, Errors: 0, Skipped: 0, Time elapsed: 4.284 sec - in com.linkedin.pinot.query.selection.SelectionOperatorServiceTest
testCompatibleRowsDataTableTransformation(com.linkedin.pinot.query.selection.SelectionOperatorServiceTest)  Time elapsed: 0.012 sec
testCompatibleRowsMergeWithOrdering(com.linkedin.pinot.query.selection.SelectionOperatorServiceTest)  Time elapsed: 0.002 sec
testCompatibleRowsMergeWithoutOrdering(com.linkedin.pinot.query.selection.SelectionOperatorServiceTest)  Time elapsed: 0.001 sec
testCompatibleRowsRenderSelectionResultsWithOrdering(com.linkedin.pinot.query.selection.SelectionOperatorServiceTest)  Time elapsed: 0.002 sec
testCompatibleRowsRenderSelectionResultsWithoutOrdering(com.linkedin.pinot.query.selection.SelectionOperatorServiceTest)  Time elapsed: 0 sec
testGetSelectionColumns(com.linkedin.pinot.query.selection.SelectionOperatorServiceTest)  Time elapsed: 0 sec
Picked up JAVA_TOOL_OPTIONS: -XX:CICompilerCount=2 -XX:ParallelGCThreads=2 -XX:ConcGCThreads=2 -Djdk.net.URLClassPath.disableClassPathURLCheck=true -XX:CICompilerCount=2 -XX:ParallelGCThreads=2 -XX:ConcGCThreads=2 -Djdk.net.URLClassPath.disableClassPathURLCheck=true 
Picked up _JAVA_OPTIONS: -Djdk.net.URLClassPath.disableClassPathURLCheck=true
Running com.linkedin.pinot.query.pruner.ColumnValueSegmentPrunerTest
Tests run: 1, Failures: 0, Errors: 0, Skipped: 0, Time elapsed: 0.396 sec - in com.linkedin.pinot.query.pruner.ColumnValueSegmentPrunerTest
test(com.linkedin.pinot.query.pruner.ColumnValueSegmentPrunerTest)  Time elapsed: 0.134 sec
Picked up JAVA_TOOL_OPTIONS: -XX:CICompilerCount=2 -XX:ParallelGCThreads=2 -XX:ConcGCThreads=2 -Djdk.net.URLClassPath.disableClassPathURLCheck=true -XX:CICompilerCount=2 -XX:ParallelGCThreads=2 -XX:ConcGCThreads=2 -Djdk.net.URLClassPath.disableClassPathURLCheck=true 
Picked up _JAVA_OPTIONS: -Djdk.net.URLClassPath.disableClassPathURLCheck=true
Running com.linkedin.pinot.core.query.scheduler.TestHelper
Tests run: 0, Failures: 0, Errors: 0, Skipped: 0, Time elapsed: 1.96 sec - in com.linkedin.pinot.core.query.scheduler.TestHelper
Picked up JAVA_TOOL_OPTIONS: -XX:CICompilerCount=2 -XX:ParallelGCThreads=2 -XX:ConcGCThreads=2 -Djdk.net.URLClassPath.disableClassPathURLCheck=true -XX:CICompilerCount=2 -XX:ParallelGCThreads=2 -XX:ConcGCThreads=2 -Djdk.net.URLClassPath.disableClassPathURLCheck=true 
Picked up _JAVA_OPTIONS: -Djdk.net.URLClassPath.disableClassPathURLCheck=true
Running com.linkedin.pinot.core.query.scheduler.MultiLevelPriorityQueueTest
Tests run: 5, Failures: 0, Errors: 0, Skipped: 0, Time elapsed: 1.675 sec - in com.linkedin.pinot.core.query.scheduler.MultiLevelPriorityQueueTest
testNoPendingAfterTrim(com.linkedin.pinot.core.query.scheduler.MultiLevelPriorityQueueTest)  Time elapsed: 0.099 sec
testPutForBlockedReader(com.linkedin.pinot.core.query.scheduler.MultiLevelPriorityQueueTest)  Time elapsed: 0.034 sec
testPutOutOfCapacity(com.linkedin.pinot.core.query.scheduler.MultiLevelPriorityQueueTest)  Time elapsed: 0.002 sec
testSimplePutTake(com.linkedin.pinot.core.query.scheduler.MultiLevelPriorityQueueTest)  Time elapsed: 0.001 sec
testTakeWithLimits(com.linkedin.pinot.core.query.scheduler.MultiLevelPriorityQueueTest)  Time elapsed: 0.04 sec
Picked up JAVA_TOOL_OPTIONS: -XX:CICompilerCount=2 -XX:ParallelGCThreads=2 -XX:ConcGCThreads=2 -Djdk.net.URLClassPath.disableClassPathURLCheck=true -XX:CICompilerCount=2 -XX:ParallelGCThreads=2 -XX:ConcGCThreads=2 -Djdk.net.URLClassPath.disableClassPathURLCheck=true 
Picked up _JAVA_OPTIONS: -Djdk.net.URLClassPath.disableClassPathURLCheck=true
Running com.linkedin.pinot.core.query.scheduler.TestSchedulerGroupFactory
Tests run: 0, Failures: 0, Errors: 0, Skipped: 0, Time elapsed: 11.291 sec - in com.linkedin.pinot.core.query.scheduler.TestSchedulerGroupFactory
Picked up JAVA_TOOL_OPTIONS: -XX:CICompilerCount=2 -XX:ParallelGCThreads=2 -XX:ConcGCThreads=2 -Djdk.net.URLClassPath.disableClassPathURLCheck=true -XX:CICompilerCount=2 -XX:ParallelGCThreads=2 -XX:ConcGCThreads=2 -Djdk.net.URLClassPath.disableClassPathURLCheck=true 
Picked up _JAVA_OPTIONS: -Djdk.net.URLClassPath.disableClassPathURLCheck=true
Running com.linkedin.pinot.core.query.scheduler.TestSchedulerGroup
Tests run: 0, Failures: 0, Errors: 0, Skipped: 0, Time elapsed: 0.724 sec - in com.linkedin.pinot.core.query.scheduler.TestSchedulerGroup
Picked up JAVA_TOOL_OPTIONS: -XX:CICompilerCount=2 -XX:ParallelGCThreads=2 -XX:ConcGCThreads=2 -Djdk.net.URLClassPath.disableClassPathURLCheck=true -XX:CICompilerCount=2 -XX:ParallelGCThreads=2 -XX:ConcGCThreads=2 -Djdk.net.URLClassPath.disableClassPathURLCheck=true 
Picked up _JAVA_OPTIONS: -Djdk.net.URLClassPath.disableClassPathURLCheck=true
Running com.linkedin.pinot.core.query.scheduler.tokenbucket.TokenSchedulerGroupTest
Tests run: 2, Failures: 0, Errors: 0, Skipped: 0, Time elapsed: 0.312 sec - in com.linkedin.pinot.core.query.scheduler.tokenbucket.TokenSchedulerGroupTest
testIncrementThreads(com.linkedin.pinot.core.query.scheduler.tokenbucket.TokenSchedulerGroupTest)  Time elapsed: 0.008 sec
testStartStopQuery(com.linkedin.pinot.core.query.scheduler.tokenbucket.TokenSchedulerGroupTest)  Time elapsed: 0 sec
Picked up JAVA_TOOL_OPTIONS: -XX:CICompilerCount=2 -XX:ParallelGCThreads=2 -XX:ConcGCThreads=2 -Djdk.net.URLClassPath.disableClassPathURLCheck=true -XX:CICompilerCount=2 -XX:ParallelGCThreads=2 -XX:ConcGCThreads=2 -Djdk.net.URLClassPath.disableClassPathURLCheck=true 
Picked up _JAVA_OPTIONS: -Djdk.net.URLClassPath.disableClassPathURLCheck=true
Running com.linkedin.pinot.core.query.scheduler.resources.ResourceManagerTest
Tests run: 1, Failures: 0, Errors: 0, Skipped: 0, Time elapsed: 7.062 sec - in com.linkedin.pinot.core.query.scheduler.resources.ResourceManagerTest
testCanSchedule(com.linkedin.pinot.core.query.scheduler.resources.ResourceManagerTest)  Time elapsed: 0.479 sec
Picked up JAVA_TOOL_OPTIONS: -XX:CICompilerCount=2 -XX:ParallelGCThreads=2 -XX:ConcGCThreads=2 -Djdk.net.URLClassPath.disableClassPathURLCheck=true -XX:CICompilerCount=2 -XX:ParallelGCThreads=2 -XX:ConcGCThreads=2 -Djdk.net.URLClassPath.disableClassPathURLCheck=true 
Picked up _JAVA_OPTIONS: -Djdk.net.URLClassPath.disableClassPathURLCheck=true
Running com.linkedin.pinot.core.query.scheduler.resources.UnboundedResourceManagerTest
Tests run: 2, Failures: 0, Errors: 0, Skipped: 0, Time elapsed: 0.993 sec - in com.linkedin.pinot.core.query.scheduler.resources.UnboundedResourceManagerTest
testDefault(com.linkedin.pinot.core.query.scheduler.resources.UnboundedResourceManagerTest)  Time elapsed: 0.113 sec
testWithConfig(com.linkedin.pinot.core.query.scheduler.resources.UnboundedResourceManagerTest)  Time elapsed: 0.491 sec
Picked up JAVA_TOOL_OPTIONS: -XX:CICompilerCount=2 -XX:ParallelGCThreads=2 -XX:ConcGCThreads=2 -Djdk.net.URLClassPath.disableClassPathURLCheck=true -XX:CICompilerCount=2 -XX:ParallelGCThreads=2 -XX:ConcGCThreads=2 -Djdk.net.URLClassPath.disableClassPathURLCheck=true 
Picked up _JAVA_OPTIONS: -Djdk.net.URLClassPath.disableClassPathURLCheck=true
Running com.linkedin.pinot.core.query.scheduler.resources.BoundedAccountingExecutorTest
Tests run: 1, Failures: 0, Errors: 0, Skipped: 0, Time elapsed: 0.797 sec - in com.linkedin.pinot.core.query.scheduler.resources.BoundedAccountingExecutorTest
testBoundsWithinThreadCount(com.linkedin.pinot.core.query.scheduler.resources.BoundedAccountingExecutorTest)  Time elapsed: 0.587 sec
Picked up JAVA_TOOL_OPTIONS: -XX:CICompilerCount=2 -XX:ParallelGCThreads=2 -XX:ConcGCThreads=2 -Djdk.net.URLClassPath.disableClassPathURLCheck=true -XX:CICompilerCount=2 -XX:ParallelGCThreads=2 -XX:ConcGCThreads=2 -Djdk.net.URLClassPath.disableClassPathURLCheck=true 
Picked up _JAVA_OPTIONS: -Djdk.net.URLClassPath.disableClassPathURLCheck=true
Running com.linkedin.pinot.core.query.scheduler.fcfs.FCFSSchedulerGroupTest
Tests run: 1, Failures: 0, Errors: 0, Skipped: 0, Time elapsed: 0.375 sec - in com.linkedin.pinot.core.query.scheduler.fcfs.FCFSSchedulerGroupTest
testCompare(com.linkedin.pinot.core.query.scheduler.fcfs.FCFSSchedulerGroupTest)  Time elapsed: 0.048 sec
Picked up JAVA_TOOL_OPTIONS: -XX:CICompilerCount=2 -XX:ParallelGCThreads=2 -XX:ConcGCThreads=2 -Djdk.net.URLClassPath.disableClassPathURLCheck=true -XX:CICompilerCount=2 -XX:ParallelGCThreads=2 -XX:ConcGCThreads=2 -Djdk.net.URLClassPath.disableClassPathURLCheck=true 
Picked up _JAVA_OPTIONS: -Djdk.net.URLClassPath.disableClassPathURLCheck=true
Running com.linkedin.pinot.core.query.scheduler.PrioritySchedulerTest
Tests run: 5, Failures: 0, Errors: 0, Skipped: 0, Time elapsed: 1.117 sec - in com.linkedin.pinot.core.query.scheduler.PrioritySchedulerTest
testMultiThreaded(com.linkedin.pinot.core.query.scheduler.PrioritySchedulerTest)  Time elapsed: 0.662 sec
testOneQuery(com.linkedin.pinot.core.query.scheduler.PrioritySchedulerTest)  Time elapsed: 0.005 sec
testStartStop(com.linkedin.pinot.core.query.scheduler.PrioritySchedulerTest)  Time elapsed: 0.112 sec
testStartStopQueries(com.linkedin.pinot.core.query.scheduler.PrioritySchedulerTest)  Time elapsed: 0.017 sec
testSubmitBeforeRunning(com.linkedin.pinot.core.query.scheduler.PrioritySchedulerTest)  Time elapsed: 0.002 sec
Picked up JAVA_TOOL_OPTIONS: -XX:CICompilerCount=2 -XX:ParallelGCThreads=2 -XX:ConcGCThreads=2 -Djdk.net.URLClassPath.disableClassPathURLCheck=true -XX:CICompilerCount=2 -XX:ParallelGCThreads=2 -XX:ConcGCThreads=2 -Djdk.net.URLClassPath.disableClassPathURLCheck=true 
Picked up _JAVA_OPTIONS: -Djdk.net.URLClassPath.disableClassPathURLCheck=true
Running com.linkedin.pinot.core.data.readers.ThriftRecordReaderTest
Tests run: 2, Failures: 0, Errors: 0, Skipped: 0, Time elapsed: 0.461 sec - in com.linkedin.pinot.core.data.readers.ThriftRecordReaderTest
testReadData(com.linkedin.pinot.core.data.readers.ThriftRecordReaderTest)  Time elapsed: 0.155 sec
testRewind(com.linkedin.pinot.core.data.readers.ThriftRecordReaderTest)  Time elapsed: 0.001 sec
Picked up JAVA_TOOL_OPTIONS: -XX:CICompilerCount=2 -XX:ParallelGCThreads=2 -XX:ConcGCThreads=2 -Djdk.net.URLClassPath.disableClassPathURLCheck=true -XX:CICompilerCount=2 -XX:ParallelGCThreads=2 -XX:ConcGCThreads=2 -Djdk.net.URLClassPath.disableClassPathURLCheck=true 
Picked up _JAVA_OPTIONS: -Djdk.net.URLClassPath.disableClassPathURLCheck=true
Running com.linkedin.pinot.core.data.readers.RecordReaderTest
Tests run: 0, Failures: 0, Errors: 0, Skipped: 0, Time elapsed: 0.157 sec - in com.linkedin.pinot.core.data.readers.RecordReaderTest
Picked up JAVA_TOOL_OPTIONS: -XX:CICompilerCount=2 -XX:ParallelGCThreads=2 -XX:ConcGCThreads=2 -Djdk.net.URLClassPath.disableClassPathURLCheck=true -XX:CICompilerCount=2 -XX:ParallelGCThreads=2 -XX:ConcGCThreads=2 -Djdk.net.URLClassPath.disableClassPathURLCheck=true 
Picked up _JAVA_OPTIONS: -Djdk.net.URLClassPath.disableClassPathURLCheck=true
Running com.linkedin.pinot.core.data.readers.PinotSegmentRecordReaderTest
Tests run: 1, Failures: 0, Errors: 0, Skipped: 0, Time elapsed: 1.395 sec - in com.linkedin.pinot.core.data.readers.PinotSegmentRecordReaderTest
testPinotSegmentRecordReader(com.linkedin.pinot.core.data.readers.PinotSegmentRecordReaderTest)  Time elapsed: 0.2 sec
Picked up JAVA_TOOL_OPTIONS: -XX:CICompilerCount=2 -XX:ParallelGCThreads=2 -XX:ConcGCThreads=2 -Djdk.net.URLClassPath.disableClassPathURLCheck=true -XX:CICompilerCount=2 -XX:ParallelGCThreads=2 -XX:ConcGCThreads=2 -Djdk.net.URLClassPath.disableClassPathURLCheck=true 
Picked up _JAVA_OPTIONS: -Djdk.net.URLClassPath.disableClassPathURLCheck=true
Running com.linkedin.pinot.core.data.readers.BackfillDateTimeRecordReaderTest
Tests run: 7, Failures: 0, Errors: 0, Skipped: 0, Time elapsed: 2.693 sec - in com.linkedin.pinot.core.data.readers.BackfillDateTimeRecordReaderTest
testBackfillDateTimeRecordReader(com.linkedin.pinot.core.data.readers.BackfillDateTimeRecordReaderTest)  Time elapsed: 0.12 sec
testBackfillDateTimeRecordReader(com.linkedin.pinot.core.data.readers.BackfillDateTimeRecordReaderTest)  Time elapsed: 0.961 sec
testBackfillDateTimeRecordReader(com.linkedin.pinot.core.data.readers.BackfillDateTimeRecordReaderTest)  Time elapsed: 0.096 sec
testBackfillDateTimeRecordReader(com.linkedin.pinot.core.data.readers.BackfillDateTimeRecordReaderTest)  Time elapsed: 0.188 sec
testBackfillDateTimeRecordReader(com.linkedin.pinot.core.data.readers.BackfillDateTimeRecordReaderTest)  Time elapsed: 0.092 sec
testBackfillDateTimeRecordReader(com.linkedin.pinot.core.data.readers.BackfillDateTimeRecordReaderTest)  Time elapsed: 0.058 sec
testBackfillDateTimeRecordReader(com.linkedin.pinot.core.data.readers.BackfillDateTimeRecordReaderTest)  Time elapsed: 0.108 sec
Picked up JAVA_TOOL_OPTIONS: -XX:CICompilerCount=2 -XX:ParallelGCThreads=2 -XX:ConcGCThreads=2 -Djdk.net.URLClassPath.disableClassPathURLCheck=true -XX:CICompilerCount=2 -XX:ParallelGCThreads=2 -XX:ConcGCThreads=2 -Djdk.net.URLClassPath.disableClassPathURLCheck=true 
Picked up _JAVA_OPTIONS: -Djdk.net.URLClassPath.disableClassPathURLCheck=true
Running com.linkedin.pinot.core.data.readers.JSONRecordReaderTest
Tests run: 1, Failures: 0, Errors: 0, Skipped: 0, Time elapsed: 0.544 sec - in com.linkedin.pinot.core.data.readers.JSONRecordReaderTest
testJSONRecordReader(com.linkedin.pinot.core.data.readers.JSONRecordReaderTest)  Time elapsed: 0.043 sec
Picked up JAVA_TOOL_OPTIONS: -XX:CICompilerCount=2 -XX:ParallelGCThreads=2 -XX:ConcGCThreads=2 -Djdk.net.URLClassPath.disableClassPathURLCheck=true -XX:CICompilerCount=2 -XX:ParallelGCThreads=2 -XX:ConcGCThreads=2 -Djdk.net.URLClassPath.disableClassPathURLCheck=true 
Picked up _JAVA_OPTIONS: -Djdk.net.URLClassPath.disableClassPathURLCheck=true
Running com.linkedin.pinot.core.data.readers.CSVRecordReaderTest
Tests run: 2, Failures: 0, Errors: 0, Skipped: 0, Time elapsed: 0.465 sec - in com.linkedin.pinot.core.data.readers.CSVRecordReaderTest
testCSVRecordReader(com.linkedin.pinot.core.data.readers.CSVRecordReaderTest)  Time elapsed: 0.015 sec
testCSVRecordReaderWithDefaultConfig(com.linkedin.pinot.core.data.readers.CSVRecordReaderTest)  Time elapsed: 0 sec
Picked up JAVA_TOOL_OPTIONS: -XX:CICompilerCount=2 -XX:ParallelGCThreads=2 -XX:ConcGCThreads=2 -Djdk.net.URLClassPath.disableClassPathURLCheck=true -XX:CICompilerCount=2 -XX:ParallelGCThreads=2 -XX:ConcGCThreads=2 -Djdk.net.URLClassPath.disableClassPathURLCheck=true 
Picked up _JAVA_OPTIONS: -Djdk.net.URLClassPath.disableClassPathURLCheck=true
Running com.linkedin.pinot.core.data.partition.PartitionFunctionTest
Tests run: 3, Failures: 0, Errors: 0, Skipped: 0, Time elapsed: 1.413 sec - in com.linkedin.pinot.core.data.partition.PartitionFunctionTest
testByteArrayPartitioner(com.linkedin.pinot.core.data.partition.PartitionFunctionTest)  Time elapsed: 0.656 sec
testModulo(com.linkedin.pinot.core.data.partition.PartitionFunctionTest)  Time elapsed: 0.07 sec
testMurmurPartitioner(com.linkedin.pinot.core.data.partition.PartitionFunctionTest)  Time elapsed: 0.48 sec
Picked up JAVA_TOOL_OPTIONS: -XX:CICompilerCount=2 -XX:ParallelGCThreads=2 -XX:ConcGCThreads=2 -Djdk.net.URLClassPath.disableClassPathURLCheck=true -XX:CICompilerCount=2 -XX:ParallelGCThreads=2 -XX:ConcGCThreads=2 -Djdk.net.URLClassPath.disableClassPathURLCheck=true 
Picked up _JAVA_OPTIONS: -Djdk.net.URLClassPath.disableClassPathURLCheck=true
Running com.linkedin.pinot.core.data.extractors.PlainFieldExtractorTest
Tests run: 6, Failures: 0, Errors: 0, Skipped: 0, Time elapsed: 0.454 sec - in com.linkedin.pinot.core.data.extractors.PlainFieldExtractorTest
automatedTest(com.linkedin.pinot.core.data.extractors.PlainFieldExtractorTest)  Time elapsed: 0.02 sec
classWithToStringTest(com.linkedin.pinot.core.data.extractors.PlainFieldExtractorTest)  Time elapsed: 0 sec
differentIncomingOutgoingTimeSpecTest(com.linkedin.pinot.core.data.extractors.PlainFieldExtractorTest)  Time elapsed: 0.003 sec
nullValueTest(com.linkedin.pinot.core.data.extractors.PlainFieldExtractorTest)  Time elapsed: 0 sec
simpleTest(com.linkedin.pinot.core.data.extractors.PlainFieldExtractorTest)  Time elapsed: 0.001 sec
timeSpecStringTest(com.linkedin.pinot.core.data.extractors.PlainFieldExtractorTest)  Time elapsed: 0.001 sec
Picked up JAVA_TOOL_OPTIONS: -XX:CICompilerCount=2 -XX:ParallelGCThreads=2 -XX:ConcGCThreads=2 -Djdk.net.URLClassPath.disableClassPathURLCheck=true -XX:CICompilerCount=2 -XX:ParallelGCThreads=2 -XX:ConcGCThreads=2 -Djdk.net.URLClassPath.disableClassPathURLCheck=true 
Picked up _JAVA_OPTIONS: -Djdk.net.URLClassPath.disableClassPathURLCheck=true
Running com.linkedin.pinot.core.data.manager.realtime.LLRealtimeSegmentDataManagerTest
SegmentBuildTimeLeaseExtender - Instance already exists
SegmentBuildTimeLeaseExtender - Instance already exists
LLRealtimeSegmentDataManager_Coffee__13__945__19730212T0651Z - Exception while in work
com.linkedin.pinot.core.realtime.impl.kafka.SimpleConsumerWrapper$PermanentConsumerException: org.apache.kafka.common.errors.ApiException: The requested offset is not within the range of offsets maintained by the server.
	at com.linkedin.pinot.core.data.manager.realtime.LLRealtimeSegmentDataManagerTest$FakeLLRealtimeSegmentDataManager.consumeLoop(LLRealtimeSegmentDataManagerTest.java:723)
	at com.linkedin.pinot.core.data.manager.realtime.LLRealtimeSegmentDataManager$PartitionConsumer.run(LLRealtimeSegmentDataManager.java:438)
	at com.linkedin.pinot.core.data.manager.realtime.LLRealtimeSegmentDataManagerTest.testConsumingException(LLRealtimeSegmentDataManagerTest.java:392)
	at sun.reflect.NativeMethodAccessorImpl.invoke0(Native Method)
	at sun.reflect.NativeMethodAccessorImpl.invoke(NativeMethodAccessorImpl.java:57)
	at sun.reflect.DelegatingMethodAccessorImpl.invoke(DelegatingMethodAccessorImpl.java:43)
	at java.lang.reflect.Method.invoke(Method.java:606)
	at org.testng.internal.MethodInvocationHelper.invokeMethod(MethodInvocationHelper.java:76)
	at org.testng.internal.Invoker.invokeMethod(Invoker.java:673)
	at org.testng.internal.Invoker.invokeTestMethod(Invoker.java:846)
	at org.testng.internal.Invoker.invokeTestMethods(Invoker.java:1170)
	at org.testng.internal.TestMethodWorker.invokeTestMethods(TestMethodWorker.java:125)
	at org.testng.internal.TestMethodWorker.run(TestMethodWorker.java:109)
	at org.testng.TestRunner.runWorkers(TestRunner.java:1147)
	at org.testng.TestRunner.privateRun(TestRunner.java:749)
	at org.testng.TestRunner.run(TestRunner.java:600)
	at org.testng.SuiteRunner.runTest(SuiteRunner.java:317)
	at org.testng.SuiteRunner.runSequentially(SuiteRunner.java:312)
	at org.testng.SuiteRunner.privateRun(SuiteRunner.java:274)
	at org.testng.SuiteRunner.run(SuiteRunner.java:223)
	at org.testng.SuiteRunnerWorker.runSuite(SuiteRunnerWorker.java:52)
	at org.testng.SuiteRunnerWorker.run(SuiteRunnerWorker.java:86)
	at org.testng.TestNG.runSuitesSequentially(TestNG.java:1039)
	at org.testng.TestNG.runSuitesLocally(TestNG.java:964)
	at org.testng.TestNG.run(TestNG.java:900)
	at org.apache.maven.surefire.testng.TestNGExecutor.run(TestNGExecutor.java:132)
	at org.apache.maven.surefire.testng.TestNGDirectoryTestSuite.executeSingleClass(TestNGDirectoryTestSuite.java:134)
	at org.apache.maven.surefire.testng.TestNGDirectoryTestSuite.execute(TestNGDirectoryTestSuite.java:118)
	at org.apache.maven.surefire.testng.TestNGProvider.invoke(TestNGProvider.java:146)
	at org.apache.maven.surefire.booter.ForkedBooter.invokeProviderInSameClassLoader(ForkedBooter.java:286)
	at org.apache.maven.surefire.booter.ForkedBooter.runSuitesInProcess(ForkedBooter.java:240)
	at org.apache.maven.surefire.booter.ForkedBooter.main(ForkedBooter.java:121)
Caused by: org.apache.kafka.common.errors.ApiException: The requested offset is not within the range of offsets maintained by the server.
SegmentBuildTimeLeaseExtender - Instance already exists
SegmentBuildTimeLeaseExtender - Instance already exists
SegmentBuildTimeLeaseExtender - Instance already exists
SegmentBuildTimeLeaseExtender - Instance already exists
SegmentBuildTimeLeaseExtender - Instance already exists
SegmentBuildTimeLeaseExtender - Instance already exists
SegmentBuildTimeLeaseExtender - Instance already exists
SegmentBuildTimeLeaseExtender - Instance already exists
SegmentBuildTimeLeaseExtender - Instance already exists
SegmentBuildTimeLeaseExtender - Instance already exists
LLRealtimeSegmentDataManager_Coffee__13__945__19730212T0651Z - Got not leader response
LLRealtimeSegmentDataManager_Coffee__13__945__19730212T0651Z - Got not leader response
LLRealtimeSegmentDataManager_Coffee__13__945__19730212T0651Z - Got not leader response
LLRealtimeSegmentDataManager_Coffee__13__945__19730212T0651Z - Got not leader response
LLRealtimeSegmentDataManager_Coffee__13__945__19730212T0651Z - Got not leader response
LLRealtimeSegmentDataManager_Coffee__13__945__19730212T0651Z - Got not leader response
LLRealtimeSegmentDataManager_Coffee__13__945__19730212T0651Z - Got not leader response
LLRealtimeSegmentDataManager_Coffee__13__945__19730212T0651Z - Got not leader response
LLRealtimeSegmentDataManager_Coffee__13__945__19730212T0651Z - Got not leader response
LLRealtimeSegmentDataManager_Coffee__13__945__19730212T0651Z - Got not leader response
LLRealtimeSegmentDataManager_Coffee__13__945__19730212T0651Z - Got not leader response
LLRealtimeSegmentDataManager_Coffee__13__945__19730212T0651Z - Got not leader response
LLRealtimeSegmentDataManager_Coffee__13__945__19730212T0651Z - Got not leader response
LLRealtimeSegmentDataManager_Coffee__13__945__19730212T0651Z - Got not leader response
LLRealtimeSegmentDataManager_Coffee__13__945__19730212T0651Z - Got not leader response
LLRealtimeSegmentDataManager_Coffee__13__945__19730212T0651Z - Got not leader response
LLRealtimeSegmentDataManager_Coffee__13__945__19730212T0651Z - Got not leader response
LLRealtimeSegmentDataManager_Coffee__13__945__19730212T0651Z - Got not leader response
LLRealtimeSegmentDataManager_Coffee__13__945__19730212T0651Z - Got not leader response
LLRealtimeSegmentDataManager_Coffee__13__945__19730212T0651Z - Got not leader response
LLRealtimeSegmentDataManager_Coffee__13__945__19730212T0651Z - Got not leader response
LLRealtimeSegmentDataManager_Coffee__13__945__19730212T0651Z - Got not leader response
LLRealtimeSegmentDataManager_Coffee__13__945__19730212T0651Z - Got not leader response
LLRealtimeSegmentDataManager_Coffee__13__945__19730212T0651Z - Got not leader response
LLRealtimeSegmentDataManager_Coffee__13__945__19730212T0651Z - Got not leader response
LLRealtimeSegmentDataManager_Coffee__13__945__19730212T0651Z - Got not leader response
LLRealtimeSegmentDataManager_Coffee__13__945__19730212T0651Z - Got not leader response
LLRealtimeSegmentDataManager_Coffee__13__945__19730212T0651Z - Got not leader response
LLRealtimeSegmentDataManager_Coffee__13__945__19730212T0651Z - Got not leader response
LLRealtimeSegmentDataManager_Coffee__13__945__19730212T0651Z - Got not leader response
LLRealtimeSegmentDataManager_Coffee__13__945__19730212T0651Z - Got not leader response
LLRealtimeSegmentDataManager_Coffee__13__945__19730212T0651Z - Got not leader response
LLRealtimeSegmentDataManager_Coffee__13__945__19730212T0651Z - Got not leader response
LLRealtimeSegmentDataManager_Coffee__13__945__19730212T0651Z - Got not leader response
LLRealtimeSegmentDataManager_Coffee__13__945__19730212T0651Z - Got not leader response
LLRealtimeSegmentDataManager_Coffee__13__945__19730212T0651Z - Got not leader response
LLRealtimeSegmentDataManager_Coffee__13__945__19730212T0651Z - Got not leader response
LLRealtimeSegmentDataManager_Coffee__13__945__19730212T0651Z - Got not leader response
LLRealtimeSegmentDataManager_Coffee__13__945__19730212T0651Z - Got not leader response
LLRealtimeSegmentDataManager_Coffee__13__945__19730212T0651Z - Got not leader response
LLRealtimeSegmentDataManager_Coffee__13__945__19730212T0651Z - Got not leader response
LLRealtimeSegmentDataManager_Coffee__13__945__19730212T0651Z - Got not leader response
LLRealtimeSegmentDataManager_Coffee__13__945__19730212T0651Z - Got not leader response
LLRealtimeSegmentDataManager_Coffee__13__945__19730212T0651Z - Got not leader response
LLRealtimeSegmentDataManager_Coffee__13__945__19730212T0651Z - Got not leader response
LLRealtimeSegmentDataManager_Coffee__13__945__19730212T0651Z - Got not leader response
LLRealtimeSegmentDataManager_Coffee__13__945__19730212T0651Z - Got not leader response
LLRealtimeSegmentDataManager_Coffee__13__945__19730212T0651Z - Got not leader response
LLRealtimeSegmentDataManager_Coffee__13__945__19730212T0651Z - Got not leader response
LLRealtimeSegmentDataManager_Coffee__13__945__19730212T0651Z - Got not leader response
LLRealtimeSegmentDataManager_Coffee__13__945__19730212T0651Z - Got not leader response
LLRealtimeSegmentDataManager_Coffee__13__945__19730212T0651Z - Got not leader response
LLRealtimeSegmentDataManager_Coffee__13__945__19730212T0651Z - Got not leader response
LLRealtimeSegmentDataManager_Coffee__13__945__19730212T0651Z - Got not leader response
LLRealtimeSegmentDataManager_Coffee__13__945__19730212T0651Z - Got not leader response
LLRealtimeSegmentDataManager_Coffee__13__945__19730212T0651Z - Got not leader response
LLRealtimeSegmentDataManager_Coffee__13__945__19730212T0651Z - Got not leader response
LLRealtimeSegmentDataManager_Coffee__13__945__19730212T0651Z - Got not leader response
LLRealtimeSegmentDataManager_Coffee__13__945__19730212T0651Z - Got not leader response
LLRealtimeSegmentDataManager_Coffee__13__945__19730212T0651Z - Got not leader response
LLRealtimeSegmentDataManager_Coffee__13__945__19730212T0651Z - Got not leader response
LLRealtimeSegmentDataManager_Coffee__13__945__19730212T0651Z - Got not leader response
LLRealtimeSegmentDataManager_Coffee__13__945__19730212T0651Z - Got not leader response
LLRealtimeSegmentDataManager_Coffee__13__945__19730212T0651Z - Got not leader response
LLRealtimeSegmentDataManager_Coffee__13__945__19730212T0651Z - Got not leader response
LLRealtimeSegmentDataManager_Coffee__13__945__19730212T0651Z - Got not leader response
LLRealtimeSegmentDataManager_Coffee__13__945__19730212T0651Z - Got not leader response
LLRealtimeSegmentDataManager_Coffee__13__945__19730212T0651Z - Got not leader response
LLRealtimeSegmentDataManager_Coffee__13__945__19730212T0651Z - Got not leader response
LLRealtimeSegmentDataManager_Coffee__13__945__19730212T0651Z - Got not leader response
LLRealtimeSegmentDataManager_Coffee__13__945__19730212T0651Z - Got not leader response
LLRealtimeSegmentDataManager_Coffee__13__945__19730212T0651Z - Got not leader response
LLRealtimeSegmentDataManager_Coffee__13__945__19730212T0651Z - Got not leader response
LLRealtimeSegmentDataManager_Coffee__13__945__19730212T0651Z - Got not leader response
LLRealtimeSegmentDataManager_Coffee__13__945__19730212T0651Z - Got not leader response
LLRealtimeSegmentDataManager_Coffee__13__945__19730212T0651Z - Got not leader response
LLRealtimeSegmentDataManager_Coffee__13__945__19730212T0651Z - Got not leader response
LLRealtimeSegmentDataManager_Coffee__13__945__19730212T0651Z - Got not leader response
LLRealtimeSegmentDataManager_Coffee__13__945__19730212T0651Z - Got not leader response
LLRealtimeSegmentDataManager_Coffee__13__945__19730212T0651Z - Got not leader response
LLRealtimeSegmentDataManager_Coffee__13__945__19730212T0651Z - Got not leader response
LLRealtimeSegmentDataManager_Coffee__13__945__19730212T0651Z - Got not leader response
LLRealtimeSegmentDataManager_Coffee__13__945__19730212T0651Z - Got not leader response
LLRealtimeSegmentDataManager_Coffee__13__945__19730212T0651Z - Got not leader response
LLRealtimeSegmentDataManager_Coffee__13__945__19730212T0651Z - Got not leader response
LLRealtimeSegmentDataManager_Coffee__13__945__19730212T0651Z - Got not leader response
LLRealtimeSegmentDataManager_Coffee__13__945__19730212T0651Z - Got not leader response
LLRealtimeSegmentDataManager_Coffee__13__945__19730212T0651Z - Got not leader response
LLRealtimeSegmentDataManager_Coffee__13__945__19730212T0651Z - Got not leader response
LLRealtimeSegmentDataManager_Coffee__13__945__19730212T0651Z - Got not leader response
LLRealtimeSegmentDataManager_Coffee__13__945__19730212T0651Z - Got not leader response
LLRealtimeSegmentDataManager_Coffee__13__945__19730212T0651Z - Got not leader response
LLRealtimeSegmentDataManager_Coffee__13__945__19730212T0651Z - Got not leader response
LLRealtimeSegmentDataManager_Coffee__13__945__19730212T0651Z - Got not leader response
LLRealtimeSegmentDataManager_Coffee__13__945__19730212T0651Z - Got not leader response
LLRealtimeSegmentDataManager_Coffee__13__945__19730212T0651Z - Got not leader response
LLRealtimeSegmentDataManager_Coffee__13__945__19730212T0651Z - Got not leader response
LLRealtimeSegmentDataManager_Coffee__13__945__19730212T0651Z - Got not leader response
LLRealtimeSegmentDataManager_Coffee__13__945__19730212T0651Z - Got not leader response
LLRealtimeSegmentDataManager_Coffee__13__945__19730212T0651Z - Got not leader response
SegmentBuildTimeLeaseExtender - Instance already exists
SegmentBuildTimeLeaseExtender - Instance already exists
SegmentBuildTimeLeaseExtender - Instance already exists
SegmentBuildTimeLeaseExtender - Instance already exists
SegmentBuildTimeLeaseExtender - Instance already exists
LLRealtimeSegmentDataManager_Coffee__13__945__19730212T0651Z - Current offset 20486 ahead of the offset in zk 20485. Downloading to replace
SegmentBuildTimeLeaseExtender - Instance already exists
LLRealtimeSegmentDataManager_Coffee__13__945__19730212T0651Z - Current offset 20486 ahead of the offset in zk 20485. Downloading to replace
SegmentBuildTimeLeaseExtender - Instance already exists
LLRealtimeSegmentDataManager_Coffee__13__945__19730212T0651Z - Could not consume up to 20485 (current offset 20484)
SegmentBuildTimeLeaseExtender - Instance already exists
SegmentBuildTimeLeaseExtender - Instance already exists
SegmentBuildTimeLeaseExtender - Instance already exists
SegmentBuildTimeLeaseExtender - Instance already exists
Tests run: 13, Failures: 1, Errors: 0, Skipped: 0, Time elapsed: 2.365 sec <<< FAILURE! - in com.linkedin.pinot.core.data.manager.realtime.LLRealtimeSegmentDataManagerTest
testCommitAfterCatchup(com.linkedin.pinot.core.data.manager.realtime.LLRealtimeSegmentDataManagerTest)  Time elapsed: 1.609 sec
testCommitAfterHold(com.linkedin.pinot.core.data.manager.realtime.LLRealtimeSegmentDataManagerTest)  Time elapsed: 0.013 sec
testConsumingException(com.linkedin.pinot.core.data.manager.realtime.LLRealtimeSegmentDataManagerTest)  Time elapsed: 0.021 sec
testDiscarded(com.linkedin.pinot.core.data.manager.realtime.LLRealtimeSegmentDataManagerTest)  Time elapsed: 0.012 sec
testEndCriteriaChecking(com.linkedin.pinot.core.data.manager.realtime.LLRealtimeSegmentDataManagerTest)  Time elapsed: 0.164 sec
testFileRemovedDuringOnlineTransition(com.linkedin.pinot.core.data.manager.realtime.LLRealtimeSegmentDataManagerTest)  Time elapsed: 0.056 sec
testHolding(com.linkedin.pinot.core.data.manager.realtime.LLRealtimeSegmentDataManagerTest)  Time elapsed: 0.013 sec
testNotLeader(com.linkedin.pinot.core.data.manager.realtime.LLRealtimeSegmentDataManagerTest)  Time elapsed: 0.018 sec
testOnlineTransitionAfterStop(com.linkedin.pinot.core.data.manager.realtime.LLRealtimeSegmentDataManagerTest)  Time elapsed: 0.077 sec
testRetained(com.linkedin.pinot.core.data.manager.realtime.LLRealtimeSegmentDataManagerTest)  Time elapsed: 0.01 sec
testReuseOfBuiltSegment(com.linkedin.pinot.core.data.manager.realtime.LLRealtimeSegmentDataManagerTest)  Time elapsed: 0.009 sec
testSegmentBuildException(com.linkedin.pinot.core.data.manager.realtime.LLRealtimeSegmentDataManagerTest)  Time elapsed: 0.016 sec  <<< FAILURE!
java.lang.NullPointerException
	at com.linkedin.pinot.core.data.manager.realtime.LLRealtimeSegmentDataManagerTest.testSegmentBuildException(LLRealtimeSegmentDataManagerTest.java:268)

testTimeString(com.linkedin.pinot.core.data.manager.realtime.LLRealtimeSegmentDataManagerTest)  Time elapsed: 0.022 sec
Picked up JAVA_TOOL_OPTIONS: -XX:CICompilerCount=2 -XX:ParallelGCThreads=2 -XX:ConcGCThreads=2 -Djdk.net.URLClassPath.disableClassPathURLCheck=true -XX:CICompilerCount=2 -XX:ParallelGCThreads=2 -XX:ConcGCThreads=2 -Djdk.net.URLClassPath.disableClassPathURLCheck=true 
Picked up _JAVA_OPTIONS: -Djdk.net.URLClassPath.disableClassPathURLCheck=true
Running com.linkedin.pinot.core.segment.DefaultSegmentNameGeneratorTest
Tests run: 7, Failures: 0, Errors: 0, Skipped: 0, Time elapsed: 57.914 sec - in com.linkedin.pinot.core.segment.DefaultSegmentNameGeneratorTest
testAlreadyNamedSegment(com.linkedin.pinot.core.segment.DefaultSegmentNameGeneratorTest)  Time elapsed: 2.388 sec
testNullPostfix(com.linkedin.pinot.core.segment.DefaultSegmentNameGeneratorTest)  Time elapsed: 10.413 sec
testNullPostfixWithNonNegSequenceId(com.linkedin.pinot.core.segment.DefaultSegmentNameGeneratorTest)  Time elapsed: 4.199 sec
testNullTimeColumn(com.linkedin.pinot.core.segment.DefaultSegmentNameGeneratorTest)  Time elapsed: 7.34 sec
testNullTimeColumnThroughDefaultSegment(com.linkedin.pinot.core.segment.DefaultSegmentNameGeneratorTest)  Time elapsed: 3.492 sec
testOnlyTableName(com.linkedin.pinot.core.segment.DefaultSegmentNameGeneratorTest)  Time elapsed: 14.653 sec
testPostfix(com.linkedin.pinot.core.segment.DefaultSegmentNameGeneratorTest)  Time elapsed: 8.54 sec
Picked up JAVA_TOOL_OPTIONS: -XX:CICompilerCount=2 -XX:ParallelGCThreads=2 -XX:ConcGCThreads=2 -Djdk.net.URLClassPath.disableClassPathURLCheck=true -XX:CICompilerCount=2 -XX:ParallelGCThreads=2 -XX:ConcGCThreads=2 -Djdk.net.URLClassPath.disableClassPathURLCheck=true 
Picked up _JAVA_OPTIONS: -Djdk.net.URLClassPath.disableClassPathURLCheck=true
Running com.linkedin.pinot.core.segment.index.loader.LoaderUtilsTest
Tests run: 1, Failures: 0, Errors: 0, Skipped: 0, Time elapsed: 0.265 sec - in com.linkedin.pinot.core.segment.index.loader.LoaderUtilsTest
testReloadFailureRecovery(com.linkedin.pinot.core.segment.index.loader.LoaderUtilsTest)  Time elapsed: 0.061 sec
Picked up JAVA_TOOL_OPTIONS: -XX:CICompilerCount=2 -XX:ParallelGCThreads=2 -XX:ConcGCThreads=2 -Djdk.net.URLClassPath.disableClassPathURLCheck=true -XX:CICompilerCount=2 -XX:ParallelGCThreads=2 -XX:ConcGCThreads=2 -Djdk.net.URLClassPath.disableClassPathURLCheck=true 
Picked up _JAVA_OPTIONS: -Djdk.net.URLClassPath.disableClassPathURLCheck=true
Running com.linkedin.pinot.core.segment.index.loader.LoadersTest
Tests run: 3, Failures: 0, Errors: 0, Skipped: 0, Time elapsed: 4.655 sec - in com.linkedin.pinot.core.segment.index.loader.LoadersTest
testLoad(com.linkedin.pinot.core.segment.index.loader.LoadersTest)  Time elapsed: 2.646 sec
testLoadWithStaleConversionDir(com.linkedin.pinot.core.segment.index.loader.LoadersTest)  Time elapsed: 1.648 sec
testPadding(com.linkedin.pinot.core.segment.index.loader.LoadersTest)  Time elapsed: 0.116 sec
Picked up JAVA_TOOL_OPTIONS: -XX:CICompilerCount=2 -XX:ParallelGCThreads=2 -XX:ConcGCThreads=2 -Djdk.net.URLClassPath.disableClassPathURLCheck=true -XX:CICompilerCount=2 -XX:ParallelGCThreads=2 -XX:ConcGCThreads=2 -Djdk.net.URLClassPath.disableClassPathURLCheck=true 
Picked up _JAVA_OPTIONS: -Djdk.net.URLClassPath.disableClassPathURLCheck=true
Running com.linkedin.pinot.core.segment.index.loader.SegmentPreProcessorTest
Tests run: 5, Failures: 0, Errors: 0, Skipped: 0, Time elapsed: 32.584 sec - in com.linkedin.pinot.core.segment.index.loader.SegmentPreProcessorTest
testAddColumnMinMaxValue(com.linkedin.pinot.core.segment.index.loader.SegmentPreProcessorTest)  Time elapsed: 2.431 sec
testV1CreateInvertedIndices(com.linkedin.pinot.core.segment.index.loader.SegmentPreProcessorTest)  Time elapsed: 5.589 sec
testV1UpdateDefaultColumns(com.linkedin.pinot.core.segment.index.loader.SegmentPreProcessorTest)  Time elapsed: 11.283 sec
testV3CreateInvertedIndices(com.linkedin.pinot.core.segment.index.loader.SegmentPreProcessorTest)  Time elapsed: 10.136 sec
testV3UpdateDefaultColumns(com.linkedin.pinot.core.segment.index.loader.SegmentPreProcessorTest)  Time elapsed: 2.519 sec
Picked up JAVA_TOOL_OPTIONS: -XX:CICompilerCount=2 -XX:ParallelGCThreads=2 -XX:ConcGCThreads=2 -Djdk.net.URLClassPath.disableClassPathURLCheck=true -XX:CICompilerCount=2 -XX:ParallelGCThreads=2 -XX:ConcGCThreads=2 -Djdk.net.URLClassPath.disableClassPathURLCheck=true 
Picked up _JAVA_OPTIONS: -Djdk.net.URLClassPath.disableClassPathURLCheck=true
Running com.linkedin.pinot.core.segment.index.ColumnMetadataTest
Tests run: 4, Failures: 0, Errors: 0, Skipped: 0, Time elapsed: 11.026 sec - in com.linkedin.pinot.core.segment.index.ColumnMetadataTest
testAllFieldsExceptCreatorName(com.linkedin.pinot.core.segment.index.ColumnMetadataTest)  Time elapsed: 2.624 sec
testAllFieldsInitialized(com.linkedin.pinot.core.segment.index.ColumnMetadataTest)  Time elapsed: 1.49 sec
testHllIndexRelatedMetadata(com.linkedin.pinot.core.segment.index.ColumnMetadataTest)  Time elapsed: 2.572 sec
testPaddingCharacter(com.linkedin.pinot.core.segment.index.ColumnMetadataTest)  Time elapsed: 2.165 sec
Picked up JAVA_TOOL_OPTIONS: -XX:CICompilerCount=2 -XX:ParallelGCThreads=2 -XX:ConcGCThreads=2 -Djdk.net.URLClassPath.disableClassPathURLCheck=true -XX:CICompilerCount=2 -XX:ParallelGCThreads=2 -XX:ConcGCThreads=2 -Djdk.net.URLClassPath.disableClassPathURLCheck=true 
Picked up _JAVA_OPTIONS: -Djdk.net.URLClassPath.disableClassPathURLCheck=true
Running com.linkedin.pinot.core.segment.index.converter.SegmentV1V2ToV3FormatConverterTest
Tests run: 1, Failures: 0, Errors: 0, Skipped: 0, Time elapsed: 3.403 sec - in com.linkedin.pinot.core.segment.index.converter.SegmentV1V2ToV3FormatConverterTest
testConvert(com.linkedin.pinot.core.segment.index.converter.SegmentV1V2ToV3FormatConverterTest)  Time elapsed: 0.284 sec
Picked up JAVA_TOOL_OPTIONS: -XX:CICompilerCount=2 -XX:ParallelGCThreads=2 -XX:ConcGCThreads=2 -Djdk.net.URLClassPath.disableClassPathURLCheck=true -XX:CICompilerCount=2 -XX:ParallelGCThreads=2 -XX:ConcGCThreads=2 -Djdk.net.URLClassPath.disableClassPathURLCheck=true 
Picked up _JAVA_OPTIONS: -Djdk.net.URLClassPath.disableClassPathURLCheck=true
Running com.linkedin.pinot.core.segment.index.creator.RawIndexCreatorTest
Tests run: 5, Failures: 0, Errors: 0, Skipped: 0, Time elapsed: 1.881 sec - in com.linkedin.pinot.core.segment.index.creator.RawIndexCreatorTest
testDoubleRawIndexCreator(com.linkedin.pinot.core.segment.index.creator.RawIndexCreatorTest)  Time elapsed: 0.131 sec
testFloatRawIndexCreator(com.linkedin.pinot.core.segment.index.creator.RawIndexCreatorTest)  Time elapsed: 0.052 sec
testIntRawIndexCreator(com.linkedin.pinot.core.segment.index.creator.RawIndexCreatorTest)  Time elapsed: 0.04 sec
testLongRawIndexCreator(com.linkedin.pinot.core.segment.index.creator.RawIndexCreatorTest)  Time elapsed: 0.064 sec
testStringRawIndexCreator(com.linkedin.pinot.core.segment.index.creator.RawIndexCreatorTest)  Time elapsed: 0.041 sec
Picked up JAVA_TOOL_OPTIONS: -XX:CICompilerCount=2 -XX:ParallelGCThreads=2 -XX:ConcGCThreads=2 -Djdk.net.URLClassPath.disableClassPathURLCheck=true -XX:CICompilerCount=2 -XX:ParallelGCThreads=2 -XX:ConcGCThreads=2 -Djdk.net.URLClassPath.disableClassPathURLCheck=true 
Picked up _JAVA_OPTIONS: -Djdk.net.URLClassPath.disableClassPathURLCheck=true
Running com.linkedin.pinot.core.segment.index.creator.SegmentGenerationWithTimeColumnTest
Tests run: 2, Failures: 0, Errors: 0, Skipped: 0, Time elapsed: 1.491 sec - in com.linkedin.pinot.core.segment.index.creator.SegmentGenerationWithTimeColumnTest
testEpochDateSegmentGeneration(com.linkedin.pinot.core.segment.index.creator.SegmentGenerationWithTimeColumnTest)  Time elapsed: 0.714 sec
testSimpleDateSegmentGeneration(com.linkedin.pinot.core.segment.index.creator.SegmentGenerationWithTimeColumnTest)  Time elapsed: 0.579 sec
Picked up JAVA_TOOL_OPTIONS: -XX:CICompilerCount=2 -XX:ParallelGCThreads=2 -XX:ConcGCThreads=2 -Djdk.net.URLClassPath.disableClassPathURLCheck=true -XX:CICompilerCount=2 -XX:ParallelGCThreads=2 -XX:ConcGCThreads=2 -Djdk.net.URLClassPath.disableClassPathURLCheck=true 
Picked up _JAVA_OPTIONS: -Djdk.net.URLClassPath.disableClassPathURLCheck=true
Running com.linkedin.pinot.core.segment.index.creator.SegmentPartitionTest
Tests run: 4, Failures: 0, Errors: 0, Skipped: 0, Time elapsed: 4.408 sec - in com.linkedin.pinot.core.segment.index.creator.SegmentPartitionTest
testMetadata(com.linkedin.pinot.core.segment.index.creator.SegmentPartitionTest)  Time elapsed: 0.002 sec
testPruner(com.linkedin.pinot.core.segment.index.creator.SegmentPartitionTest)  Time elapsed: 0.802 sec
testSegmentPartitionConfig(com.linkedin.pinot.core.segment.index.creator.SegmentPartitionTest)  Time elapsed: 0.086 sec
testStringRangeConversions(com.linkedin.pinot.core.segment.index.creator.SegmentPartitionTest)  Time elapsed: 1.053 sec
Picked up JAVA_TOOL_OPTIONS: -XX:CICompilerCount=2 -XX:ParallelGCThreads=2 -XX:ConcGCThreads=2 -Djdk.net.URLClassPath.disableClassPathURLCheck=true -XX:CICompilerCount=2 -XX:ParallelGCThreads=2 -XX:ConcGCThreads=2 -Djdk.net.URLClassPath.disableClassPathURLCheck=true 
Picked up _JAVA_OPTIONS: -Djdk.net.URLClassPath.disableClassPathURLCheck=true
Running com.linkedin.pinot.core.segment.index.readers.ImmutableDictionaryReaderTest
Tests run: 6, Failures: 0, Errors: 0, Skipped: 0, Time elapsed: 2.063 sec - in com.linkedin.pinot.core.segment.index.readers.ImmutableDictionaryReaderTest
testDoubleDictionary(com.linkedin.pinot.core.segment.index.readers.ImmutableDictionaryReaderTest)  Time elapsed: 0.049 sec
testFloatDictionary(com.linkedin.pinot.core.segment.index.readers.ImmutableDictionaryReaderTest)  Time elapsed: 0.027 sec
testIntDictionary(com.linkedin.pinot.core.segment.index.readers.ImmutableDictionaryReaderTest)  Time elapsed: 0.017 sec
testLongDictionary(com.linkedin.pinot.core.segment.index.readers.ImmutableDictionaryReaderTest)  Time elapsed: 0.017 sec
testOnHeapStringDictionary(com.linkedin.pinot.core.segment.index.readers.ImmutableDictionaryReaderTest)  Time elapsed: 0.028 sec
testStringDictionary(com.linkedin.pinot.core.segment.index.readers.ImmutableDictionaryReaderTest)  Time elapsed: 0.049 sec
Picked up JAVA_TOOL_OPTIONS: -XX:CICompilerCount=2 -XX:ParallelGCThreads=2 -XX:ConcGCThreads=2 -Djdk.net.URLClassPath.disableClassPathURLCheck=true -XX:CICompilerCount=2 -XX:ParallelGCThreads=2 -XX:ConcGCThreads=2 -Djdk.net.URLClassPath.disableClassPathURLCheck=true 
Picked up _JAVA_OPTIONS: -Djdk.net.URLClassPath.disableClassPathURLCheck=true
Running com.linkedin.pinot.core.segment.index.SegmentMetadataImplTest
Tests run: 1, Failures: 0, Errors: 0, Skipped: 0, Time elapsed: 2.886 sec - in com.linkedin.pinot.core.segment.index.SegmentMetadataImplTest
testToJson(com.linkedin.pinot.core.segment.index.SegmentMetadataImplTest)  Time elapsed: 0.148 sec
Picked up JAVA_TOOL_OPTIONS: -XX:CICompilerCount=2 -XX:ParallelGCThreads=2 -XX:ConcGCThreads=2 -Djdk.net.URLClassPath.disableClassPathURLCheck=true -XX:CICompilerCount=2 -XX:ParallelGCThreads=2 -XX:ConcGCThreads=2 -Djdk.net.URLClassPath.disableClassPathURLCheck=true 
Picked up _JAVA_OPTIONS: -Djdk.net.URLClassPath.disableClassPathURLCheck=true
Running com.linkedin.pinot.core.segment.store.SingleFileIndexDirectoryTest
Tests run: 7, Failures: 0, Errors: 0, Skipped: 0, Time elapsed: 1.715 sec - in com.linkedin.pinot.core.segment.store.SingleFileIndexDirectoryTest
testLargeRWDirectBuffer(com.linkedin.pinot.core.segment.store.SingleFileIndexDirectoryTest)  Time elapsed: 0.298 sec
testMissingIndex(com.linkedin.pinot.core.segment.store.SingleFileIndexDirectoryTest)  Time elapsed: 0 sec
testMmapLargeBuffer(com.linkedin.pinot.core.segment.store.SingleFileIndexDirectoryTest)  Time elapsed: 0.128 sec
testModeChange(com.linkedin.pinot.core.segment.store.SingleFileIndexDirectoryTest)  Time elapsed: 0.182 sec
testRemoveIndex(com.linkedin.pinot.core.segment.store.SingleFileIndexDirectoryTest)  Time elapsed: 0.001 sec
testWithEmptyDir(com.linkedin.pinot.core.segment.store.SingleFileIndexDirectoryTest)  Time elapsed: 0.005 sec
testWriteExisting(com.linkedin.pinot.core.segment.store.SingleFileIndexDirectoryTest)  Time elapsed: 0.002 sec
Picked up JAVA_TOOL_OPTIONS: -XX:CICompilerCount=2 -XX:ParallelGCThreads=2 -XX:ConcGCThreads=2 -Djdk.net.URLClassPath.disableClassPathURLCheck=true -XX:CICompilerCount=2 -XX:ParallelGCThreads=2 -XX:ConcGCThreads=2 -Djdk.net.URLClassPath.disableClassPathURLCheck=true 
Picked up _JAVA_OPTIONS: -Djdk.net.URLClassPath.disableClassPathURLCheck=true
Running com.linkedin.pinot.core.segment.store.SegmentLocalFSDirectoryTest
Tests run: 5, Failures: 0, Errors: 0, Skipped: 0, Time elapsed: 1.038 sec - in com.linkedin.pinot.core.segment.store.SegmentLocalFSDirectoryTest
testDirectorySize(com.linkedin.pinot.core.segment.store.SegmentLocalFSDirectoryTest)  Time elapsed: 0.007 sec
testExclusiveWrite(com.linkedin.pinot.core.segment.store.SegmentLocalFSDirectoryTest)  Time elapsed: 0.001 sec
testMultipleReadersNoWriter(com.linkedin.pinot.core.segment.store.SegmentLocalFSDirectoryTest)  Time elapsed: 0 sec
testStarTree(com.linkedin.pinot.core.segment.store.SegmentLocalFSDirectoryTest)  Time elapsed: 0.003 sec
testWriteAndReadBackData(com.linkedin.pinot.core.segment.store.SegmentLocalFSDirectoryTest)  Time elapsed: 0.014 sec
Picked up JAVA_TOOL_OPTIONS: -XX:CICompilerCount=2 -XX:ParallelGCThreads=2 -XX:ConcGCThreads=2 -Djdk.net.URLClassPath.disableClassPathURLCheck=true -XX:CICompilerCount=2 -XX:ParallelGCThreads=2 -XX:ConcGCThreads=2 -Djdk.net.URLClassPath.disableClassPathURLCheck=true 
Picked up _JAVA_OPTIONS: -Djdk.net.URLClassPath.disableClassPathURLCheck=true
Running com.linkedin.pinot.core.segment.store.FilePerIndexDirectoryTest
Tests run: 8, Failures: 0, Errors: 0, Skipped: 0, Time elapsed: 4.218 sec - in com.linkedin.pinot.core.segment.store.FilePerIndexDirectoryTest
testEmptyDirectory(com.linkedin.pinot.core.segment.store.FilePerIndexDirectoryTest)  Time elapsed: 0.015 sec
testHasIndex(com.linkedin.pinot.core.segment.store.FilePerIndexDirectoryTest)  Time elapsed: 0.001 sec
testLargeRWDirectBuffer(com.linkedin.pinot.core.segment.store.FilePerIndexDirectoryTest)  Time elapsed: 0.136 sec
testMissingIndex(com.linkedin.pinot.core.segment.store.FilePerIndexDirectoryTest)  Time elapsed: 0.001 sec
testMmapLargeBuffer(com.linkedin.pinot.core.segment.store.FilePerIndexDirectoryTest)  Time elapsed: 0.076 sec
testReadModeChange(com.linkedin.pinot.core.segment.store.FilePerIndexDirectoryTest)  Time elapsed: 2.447 sec
testRemoveIndex(com.linkedin.pinot.core.segment.store.FilePerIndexDirectoryTest)  Time elapsed: 0.001 sec
testWriteExisting(com.linkedin.pinot.core.segment.store.FilePerIndexDirectoryTest)  Time elapsed: 0 sec
Picked up JAVA_TOOL_OPTIONS: -XX:CICompilerCount=2 -XX:ParallelGCThreads=2 -XX:ConcGCThreads=2 -Djdk.net.URLClassPath.disableClassPathURLCheck=true -XX:CICompilerCount=2 -XX:ParallelGCThreads=2 -XX:ConcGCThreads=2 -Djdk.net.URLClassPath.disableClassPathURLCheck=true 
Picked up _JAVA_OPTIONS: -Djdk.net.URLClassPath.disableClassPathURLCheck=true
Running com.linkedin.pinot.core.segment.store.SegmentDirectoryPathsTest
Tests run: 2, Failures: 0, Errors: 0, Skipped: 0, Time elapsed: 1.88 sec - in com.linkedin.pinot.core.segment.store.SegmentDirectoryPathsTest
testFindMetadataFile(com.linkedin.pinot.core.segment.store.SegmentDirectoryPathsTest)  Time elapsed: 0.022 sec
testSegmentDirectoryFor(com.linkedin.pinot.core.segment.store.SegmentDirectoryPathsTest)  Time elapsed: 0.001 sec
Picked up JAVA_TOOL_OPTIONS: -XX:CICompilerCount=2 -XX:ParallelGCThreads=2 -XX:ConcGCThreads=2 -Djdk.net.URLClassPath.disableClassPathURLCheck=true -XX:CICompilerCount=2 -XX:ParallelGCThreads=2 -XX:ConcGCThreads=2 -Djdk.net.URLClassPath.disableClassPathURLCheck=true 
Picked up _JAVA_OPTIONS: -Djdk.net.URLClassPath.disableClassPathURLCheck=true
Running com.linkedin.pinot.core.segment.memory.PinotDataBufferTest
Tests run: 1, Failures: 0, Errors: 0, Skipped: 0, Time elapsed: 2.19 sec - in com.linkedin.pinot.core.segment.memory.PinotDataBufferTest
testFactory(com.linkedin.pinot.core.segment.memory.PinotDataBufferTest)  Time elapsed: 1.961 sec
Picked up JAVA_TOOL_OPTIONS: -XX:CICompilerCount=2 -XX:ParallelGCThreads=2 -XX:ConcGCThreads=2 -Djdk.net.URLClassPath.disableClassPathURLCheck=true -XX:CICompilerCount=2 -XX:ParallelGCThreads=2 -XX:ConcGCThreads=2 -Djdk.net.URLClassPath.disableClassPathURLCheck=true 
Picked up _JAVA_OPTIONS: -Djdk.net.URLClassPath.disableClassPathURLCheck=true
Running com.linkedin.pinot.core.segment.memory.PinotLByteBufferTest
Tests run: 0, Failures: 0, Errors: 0, Skipped: 0, Time elapsed: 0.226 sec - in com.linkedin.pinot.core.segment.memory.PinotLByteBufferTest
Picked up JAVA_TOOL_OPTIONS: -XX:CICompilerCount=2 -XX:ParallelGCThreads=2 -XX:ConcGCThreads=2 -Djdk.net.URLClassPath.disableClassPathURLCheck=true -XX:CICompilerCount=2 -XX:ParallelGCThreads=2 -XX:ConcGCThreads=2 -Djdk.net.URLClassPath.disableClassPathURLCheck=true 
Picked up _JAVA_OPTIONS: -Djdk.net.URLClassPath.disableClassPathURLCheck=true
Running com.linkedin.pinot.core.predicate.NoDictionaryInPredicateEvaluatorTest
Tests run: 5, Failures: 0, Errors: 0, Skipped: 0, Time elapsed: 0.256 sec - in com.linkedin.pinot.core.predicate.NoDictionaryInPredicateEvaluatorTest
testDoublePredicateEvaluators(com.linkedin.pinot.core.predicate.NoDictionaryInPredicateEvaluatorTest)  Time elapsed: 0.024 sec
testFloatPredicateEvaluators(com.linkedin.pinot.core.predicate.NoDictionaryInPredicateEvaluatorTest)  Time elapsed: 0.006 sec
testIntPredicateEvaluators(com.linkedin.pinot.core.predicate.NoDictionaryInPredicateEvaluatorTest)  Time elapsed: 0.005 sec
testLongPredicateEvaluators(com.linkedin.pinot.core.predicate.NoDictionaryInPredicateEvaluatorTest)  Time elapsed: 0.006 sec
testStringPredicateEvaluators(com.linkedin.pinot.core.predicate.NoDictionaryInPredicateEvaluatorTest)  Time elapsed: 0.013 sec
Picked up JAVA_TOOL_OPTIONS: -XX:CICompilerCount=2 -XX:ParallelGCThreads=2 -XX:ConcGCThreads=2 -Djdk.net.URLClassPath.disableClassPathURLCheck=true -XX:CICompilerCount=2 -XX:ParallelGCThreads=2 -XX:ConcGCThreads=2 -Djdk.net.URLClassPath.disableClassPathURLCheck=true 
Picked up _JAVA_OPTIONS: -Djdk.net.URLClassPath.disableClassPathURLCheck=true
Running com.linkedin.pinot.core.predicate.NoDictionaryEqualsPredicateEvaluatorsTest
Tests run: 5, Failures: 0, Errors: 0, Skipped: 0, Time elapsed: 0.317 sec - in com.linkedin.pinot.core.predicate.NoDictionaryEqualsPredicateEvaluatorsTest
testDoublePredicateEvaluators(com.linkedin.pinot.core.predicate.NoDictionaryEqualsPredicateEvaluatorsTest)  Time elapsed: 0.022 sec
testFloatPredicateEvaluators(com.linkedin.pinot.core.predicate.NoDictionaryEqualsPredicateEvaluatorsTest)  Time elapsed: 0.005 sec
testIntPredicateEvaluators(com.linkedin.pinot.core.predicate.NoDictionaryEqualsPredicateEvaluatorsTest)  Time elapsed: 0.004 sec
testLongPredicateEvaluators(com.linkedin.pinot.core.predicate.NoDictionaryEqualsPredicateEvaluatorsTest)  Time elapsed: 0.005 sec
testStringPredicateEvaluators(com.linkedin.pinot.core.predicate.NoDictionaryEqualsPredicateEvaluatorsTest)  Time elapsed: 0.045 sec
Picked up JAVA_TOOL_OPTIONS: -XX:CICompilerCount=2 -XX:ParallelGCThreads=2 -XX:ConcGCThreads=2 -Djdk.net.URLClassPath.disableClassPathURLCheck=true -XX:CICompilerCount=2 -XX:ParallelGCThreads=2 -XX:ConcGCThreads=2 -Djdk.net.URLClassPath.disableClassPathURLCheck=true 
Picked up _JAVA_OPTIONS: -Djdk.net.URLClassPath.disableClassPathURLCheck=true
Running com.linkedin.pinot.core.predicate.InPredicateTest
Tests run: 2, Failures: 0, Errors: 0, Skipped: 0, Time elapsed: 0.981 sec - in com.linkedin.pinot.core.predicate.InPredicateTest
testSplitInClause(com.linkedin.pinot.core.predicate.InPredicateTest)  Time elapsed: 0.135 sec
testSplitNotInClause(com.linkedin.pinot.core.predicate.InPredicateTest)  Time elapsed: 0.002 sec
Picked up JAVA_TOOL_OPTIONS: -XX:CICompilerCount=2 -XX:ParallelGCThreads=2 -XX:ConcGCThreads=2 -Djdk.net.URLClassPath.disableClassPathURLCheck=true -XX:CICompilerCount=2 -XX:ParallelGCThreads=2 -XX:ConcGCThreads=2 -Djdk.net.URLClassPath.disableClassPathURLCheck=true 
Picked up _JAVA_OPTIONS: -Djdk.net.URLClassPath.disableClassPathURLCheck=true
Running com.linkedin.pinot.core.predicate.RangeOfflineDictionaryPredicateEvaluatorTest
Tests run: 3, Failures: 0, Errors: 0, Skipped: 0, Time elapsed: 1.078 sec - in com.linkedin.pinot.core.predicate.RangeOfflineDictionaryPredicateEvaluatorTest
testBoundaries(com.linkedin.pinot.core.predicate.RangeOfflineDictionaryPredicateEvaluatorTest)  Time elapsed: 0.832 sec
testRanges(com.linkedin.pinot.core.predicate.RangeOfflineDictionaryPredicateEvaluatorTest)  Time elapsed: 0.003 sec
testZeroRange(com.linkedin.pinot.core.predicate.RangeOfflineDictionaryPredicateEvaluatorTest)  Time elapsed: 0.001 sec
Picked up JAVA_TOOL_OPTIONS: -XX:CICompilerCount=2 -XX:ParallelGCThreads=2 -XX:ConcGCThreads=2 -Djdk.net.URLClassPath.disableClassPathURLCheck=true -XX:CICompilerCount=2 -XX:ParallelGCThreads=2 -XX:ConcGCThreads=2 -Djdk.net.URLClassPath.disableClassPathURLCheck=true 
Picked up _JAVA_OPTIONS: -Djdk.net.URLClassPath.disableClassPathURLCheck=true
Running com.linkedin.pinot.core.predicate.NoDictionaryRangePredicateEvaluatorTest
Tests run: 5, Failures: 0, Errors: 0, Skipped: 0, Time elapsed: 0.272 sec - in com.linkedin.pinot.core.predicate.NoDictionaryRangePredicateEvaluatorTest
testDoublePredicateEvaluator(com.linkedin.pinot.core.predicate.NoDictionaryRangePredicateEvaluatorTest)  Time elapsed: 0.016 sec
testFloatPredicateEvaluator(com.linkedin.pinot.core.predicate.NoDictionaryRangePredicateEvaluatorTest)  Time elapsed: 0.002 sec
testIntPredicateEvaluator(com.linkedin.pinot.core.predicate.NoDictionaryRangePredicateEvaluatorTest)  Time elapsed: 0.002 sec
testLongPredicateEvaluator(com.linkedin.pinot.core.predicate.NoDictionaryRangePredicateEvaluatorTest)  Time elapsed: 0.001 sec
testStringPredicateEvaluator(com.linkedin.pinot.core.predicate.NoDictionaryRangePredicateEvaluatorTest)  Time elapsed: 0.001 sec
Picked up JAVA_TOOL_OPTIONS: -XX:CICompilerCount=2 -XX:ParallelGCThreads=2 -XX:ConcGCThreads=2 -Djdk.net.URLClassPath.disableClassPathURLCheck=true -XX:CICompilerCount=2 -XX:ParallelGCThreads=2 -XX:ConcGCThreads=2 -Djdk.net.URLClassPath.disableClassPathURLCheck=true 
Picked up _JAVA_OPTIONS: -Djdk.net.URLClassPath.disableClassPathURLCheck=true
Running com.linkedin.pinot.core.realtime.impl.RealtimeSegmentStatsHistoryTest
Tests run: 4, Failures: 0, Errors: 0, Skipped: 0, Time elapsed: 16.573 sec - in com.linkedin.pinot.core.realtime.impl.RealtimeSegmentStatsHistoryTest
serdeTest(com.linkedin.pinot.core.realtime.impl.RealtimeSegmentStatsHistoryTest)  Time elapsed: 0.114 sec
testMultiThreadedUse(com.linkedin.pinot.core.realtime.impl.RealtimeSegmentStatsHistoryTest)  Time elapsed: 16.043 sec
testVersion1(com.linkedin.pinot.core.realtime.impl.RealtimeSegmentStatsHistoryTest)  Time elapsed: 0.005 sec
zeroStatTest(com.linkedin.pinot.core.realtime.impl.RealtimeSegmentStatsHistoryTest)  Time elapsed: 0.003 sec
Picked up JAVA_TOOL_OPTIONS: -XX:CICompilerCount=2 -XX:ParallelGCThreads=2 -XX:ConcGCThreads=2 -Djdk.net.URLClassPath.disableClassPathURLCheck=true -XX:CICompilerCount=2 -XX:ParallelGCThreads=2 -XX:ConcGCThreads=2 -Djdk.net.URLClassPath.disableClassPathURLCheck=true 
Picked up _JAVA_OPTIONS: -Djdk.net.URLClassPath.disableClassPathURLCheck=true
Running com.linkedin.pinot.core.realtime.impl.dictionary.MultiValueDictionaryTest
Tests run: 1, Failures: 0, Errors: 0, Skipped: 0, Time elapsed: 1.474 sec - in com.linkedin.pinot.core.realtime.impl.dictionary.MultiValueDictionaryTest
testMultiValueIndexing(com.linkedin.pinot.core.realtime.impl.dictionary.MultiValueDictionaryTest)  Time elapsed: 0.389 sec
Picked up JAVA_TOOL_OPTIONS: -XX:CICompilerCount=2 -XX:ParallelGCThreads=2 -XX:ConcGCThreads=2 -Djdk.net.URLClassPath.disableClassPathURLCheck=true -XX:CICompilerCount=2 -XX:ParallelGCThreads=2 -XX:ConcGCThreads=2 -Djdk.net.URLClassPath.disableClassPathURLCheck=true 
Picked up _JAVA_OPTIONS: -Djdk.net.URLClassPath.disableClassPathURLCheck=true
Running com.linkedin.pinot.core.realtime.impl.dictionary.MutableDictionaryTest
Tests run: 4, Failures: 0, Errors: 0, Skipped: 0, Time elapsed: 5.272 sec - in com.linkedin.pinot.core.realtime.impl.dictionary.MutableDictionaryTest
testMultiReadersSingleWriter(com.linkedin.pinot.core.realtime.impl.dictionary.MutableDictionaryTest)  Time elapsed: 0.781 sec
testOffHeapMutableDictionary(com.linkedin.pinot.core.realtime.impl.dictionary.MutableDictionaryTest)  Time elapsed: 3.029 sec
testOnHeapMutableDictionary(com.linkedin.pinot.core.realtime.impl.dictionary.MutableDictionaryTest)  Time elapsed: 0.97 sec
testSingleReaderSingleWriter(com.linkedin.pinot.core.realtime.impl.dictionary.MutableDictionaryTest)  Time elapsed: 0.161 sec
Picked up JAVA_TOOL_OPTIONS: -XX:CICompilerCount=2 -XX:ParallelGCThreads=2 -XX:ConcGCThreads=2 -Djdk.net.URLClassPath.disableClassPathURLCheck=true -XX:CICompilerCount=2 -XX:ParallelGCThreads=2 -XX:ConcGCThreads=2 -Djdk.net.URLClassPath.disableClassPathURLCheck=true 
Picked up _JAVA_OPTIONS: -Djdk.net.URLClassPath.disableClassPathURLCheck=true
Running com.linkedin.pinot.core.realtime.impl.kafka.AvroRecordToPinotRowGeneratorTest
Tests run: 1, Failures: 0, Errors: 0, Skipped: 0, Time elapsed: 0.387 sec - in com.linkedin.pinot.core.realtime.impl.kafka.AvroRecordToPinotRowGeneratorTest
testIncomingTimeColumn(com.linkedin.pinot.core.realtime.impl.kafka.AvroRecordToPinotRowGeneratorTest)  Time elapsed: 0.226 sec
Picked up JAVA_TOOL_OPTIONS: -XX:CICompilerCount=2 -XX:ParallelGCThreads=2 -XX:ConcGCThreads=2 -Djdk.net.URLClassPath.disableClassPathURLCheck=true -XX:CICompilerCount=2 -XX:ParallelGCThreads=2 -XX:ConcGCThreads=2 -Djdk.net.URLClassPath.disableClassPathURLCheck=true 
Picked up _JAVA_OPTIONS: -Djdk.net.URLClassPath.disableClassPathURLCheck=true
Running com.linkedin.pinot.core.realtime.RealtimeFileBasedReaderTest
Tests run: 2, Failures: 0, Errors: 0, Skipped: 0, Time elapsed: 4.698 sec - in com.linkedin.pinot.core.realtime.RealtimeFileBasedReaderTest
allTestsV1(com.linkedin.pinot.core.realtime.RealtimeFileBasedReaderTest)  Time elapsed: 2.947 sec
allTestsV3(com.linkedin.pinot.core.realtime.RealtimeFileBasedReaderTest)  Time elapsed: 1.516 sec
Picked up JAVA_TOOL_OPTIONS: -XX:CICompilerCount=2 -XX:ParallelGCThreads=2 -XX:ConcGCThreads=2 -Djdk.net.URLClassPath.disableClassPathURLCheck=true -XX:CICompilerCount=2 -XX:ParallelGCThreads=2 -XX:ConcGCThreads=2 -Djdk.net.URLClassPath.disableClassPathURLCheck=true 
Picked up _JAVA_OPTIONS: -Djdk.net.URLClassPath.disableClassPathURLCheck=true
Running com.linkedin.pinot.core.realtime.kafka.SimpleConsumerWrapperTest
Tests run: 2, Failures: 0, Errors: 0, Skipped: 0, Time elapsed: 0.592 sec - in com.linkedin.pinot.core.realtime.kafka.SimpleConsumerWrapperTest
testFetchMessages(com.linkedin.pinot.core.realtime.kafka.SimpleConsumerWrapperTest)  Time elapsed: 0.404 sec
testGetPartitionCount(com.linkedin.pinot.core.realtime.kafka.SimpleConsumerWrapperTest)  Time elapsed: 0.001 sec
Picked up JAVA_TOOL_OPTIONS: -XX:CICompilerCount=2 -XX:ParallelGCThreads=2 -XX:ConcGCThreads=2 -Djdk.net.URLClassPath.disableClassPathURLCheck=true -XX:CICompilerCount=2 -XX:ParallelGCThreads=2 -XX:ConcGCThreads=2 -Djdk.net.URLClassPath.disableClassPathURLCheck=true 
Picked up _JAVA_OPTIONS: -Djdk.net.URLClassPath.disableClassPathURLCheck=true
Running com.linkedin.pinot.core.realtime.converter.stats.RealtimeNoDictionaryColStatsTest
Tests run: 4, Failures: 0, Errors: 0, Skipped: 0, Time elapsed: 2.886 sec - in com.linkedin.pinot.core.realtime.converter.stats.RealtimeNoDictionaryColStatsTest
testDoubleStats(com.linkedin.pinot.core.realtime.converter.stats.RealtimeNoDictionaryColStatsTest)  Time elapsed: 0.031 sec
testFloatStats(com.linkedin.pinot.core.realtime.converter.stats.RealtimeNoDictionaryColStatsTest)  Time elapsed: 0.008 sec
testIntStats(com.linkedin.pinot.core.realtime.converter.stats.RealtimeNoDictionaryColStatsTest)  Time elapsed: 0.004 sec
testLongStats(com.linkedin.pinot.core.realtime.converter.stats.RealtimeNoDictionaryColStatsTest)  Time elapsed: 0.008 sec
Picked up JAVA_TOOL_OPTIONS: -XX:CICompilerCount=2 -XX:ParallelGCThreads=2 -XX:ConcGCThreads=2 -Djdk.net.URLClassPath.disableClassPathURLCheck=true -XX:CICompilerCount=2 -XX:ParallelGCThreads=2 -XX:ConcGCThreads=2 -Djdk.net.URLClassPath.disableClassPathURLCheck=true 
Picked up _JAVA_OPTIONS: -Djdk.net.URLClassPath.disableClassPathURLCheck=true
Running com.linkedin.pinot.core.realtime.RealtimeSegmentTest
Tests run: 8, Failures: 0, Errors: 0, Skipped: 0, Time elapsed: 2.654 sec - in com.linkedin.pinot.core.realtime.RealtimeSegmentTest
testMetricPredicateWithInvIdx(com.linkedin.pinot.core.realtime.RealtimeSegmentTest)  Time elapsed: 0.07 sec
testMetricPredicateWithoutInvIdx(com.linkedin.pinot.core.realtime.RealtimeSegmentTest)  Time elapsed: 0.023 sec
testNoMatchFilteringMetricPredicateWithInvIdx(com.linkedin.pinot.core.realtime.RealtimeSegmentTest)  Time elapsed: 0.002 sec
testNoMatchFilteringMetricPredicateWithoutInvIdx(com.linkedin.pinot.core.realtime.RealtimeSegmentTest)  Time elapsed: 0.011 sec
testNoRangeMatchFilteringMetricPredicateWithInvIdx(com.linkedin.pinot.core.realtime.RealtimeSegmentTest)  Time elapsed: 0.01 sec
testNoRangeMatchFilteringMetricPredicateWithoutInvIdx(com.linkedin.pinot.core.realtime.RealtimeSegmentTest)  Time elapsed: 0.014 sec
testRangeMatchFilteringMetricPredicateWithInvIdx(com.linkedin.pinot.core.realtime.RealtimeSegmentTest)  Time elapsed: 0.022 sec
testRangeMatchFilteringMetricPredicateWithoutInvIdx(com.linkedin.pinot.core.realtime.RealtimeSegmentTest)  Time elapsed: 0.021 sec
Picked up JAVA_TOOL_OPTIONS: -XX:CICompilerCount=2 -XX:ParallelGCThreads=2 -XX:ConcGCThreads=2 -Djdk.net.URLClassPath.disableClassPathURLCheck=true -XX:CICompilerCount=2 -XX:ParallelGCThreads=2 -XX:ConcGCThreads=2 -Djdk.net.URLClassPath.disableClassPathURLCheck=true 
Picked up _JAVA_OPTIONS: -Djdk.net.URLClassPath.disableClassPathURLCheck=true
Running com.linkedin.pinot.core.startree.hll.OffHeapStarTreeBuilderWithHllFieldTest
Tests run: 4, Failures: 0, Errors: 0, Skipped: 0, Time elapsed: 1.108 sec - in com.linkedin.pinot.core.startree.hll.OffHeapStarTreeBuilderWithHllFieldTest
testLargeDuplicates(com.linkedin.pinot.core.startree.hll.OffHeapStarTreeBuilderWithHllFieldTest)  Time elapsed: 0.397 sec
testMediumDuplicates(com.linkedin.pinot.core.startree.hll.OffHeapStarTreeBuilderWithHllFieldTest)  Time elapsed: 0.139 sec
testSkipMaterialization(com.linkedin.pinot.core.startree.hll.OffHeapStarTreeBuilderWithHllFieldTest)  Time elapsed: 0.207 sec
testSmallDuplicates(com.linkedin.pinot.core.startree.hll.OffHeapStarTreeBuilderWithHllFieldTest)  Time elapsed: 0.121 sec
Picked up JAVA_TOOL_OPTIONS: -XX:CICompilerCount=2 -XX:ParallelGCThreads=2 -XX:ConcGCThreads=2 -Djdk.net.URLClassPath.disableClassPathURLCheck=true -XX:CICompilerCount=2 -XX:ParallelGCThreads=2 -XX:ConcGCThreads=2 -Djdk.net.URLClassPath.disableClassPathURLCheck=true 
Picked up _JAVA_OPTIONS: -Djdk.net.URLClassPath.disableClassPathURLCheck=true
Running com.linkedin.pinot.core.startree.hll.HllIndexCreationTest
Tests run: 3, Failures: 0, Errors: 0, Skipped: 0, Time elapsed: 18.853 sec - in com.linkedin.pinot.core.startree.hll.HllIndexCreationTest
testColumnStatsWithStarTree(com.linkedin.pinot.core.startree.hll.HllIndexCreationTest)  Time elapsed: 12.413 sec
testColumnStatsWithoutStarTree(com.linkedin.pinot.core.startree.hll.HllIndexCreationTest)  Time elapsed: 0.562 sec
testConvert(com.linkedin.pinot.core.startree.hll.HllIndexCreationTest)  Time elapsed: 5.449 sec
Picked up JAVA_TOOL_OPTIONS: -XX:CICompilerCount=2 -XX:ParallelGCThreads=2 -XX:ConcGCThreads=2 -Djdk.net.URLClassPath.disableClassPathURLCheck=true -XX:CICompilerCount=2 -XX:ParallelGCThreads=2 -XX:ConcGCThreads=2 -Djdk.net.URLClassPath.disableClassPathURLCheck=true 
Picked up _JAVA_OPTIONS: -Djdk.net.URLClassPath.disableClassPathURLCheck=true
Running com.linkedin.pinot.core.startree.hll.HllStarTreeIndexTest
Tests run: 1, Failures: 0, Errors: 0, Skipped: 0, Time elapsed: 4.3 sec - in com.linkedin.pinot.core.startree.hll.HllStarTreeIndexTest
testQueries(com.linkedin.pinot.core.startree.hll.HllStarTreeIndexTest)  Time elapsed: 0.615 sec
Picked up JAVA_TOOL_OPTIONS: -XX:CICompilerCount=2 -XX:ParallelGCThreads=2 -XX:ConcGCThreads=2 -Djdk.net.URLClassPath.disableClassPathURLCheck=true -XX:CICompilerCount=2 -XX:ParallelGCThreads=2 -XX:ConcGCThreads=2 -Djdk.net.URLClassPath.disableClassPathURLCheck=true 
Picked up _JAVA_OPTIONS: -Djdk.net.URLClassPath.disableClassPathURLCheck=true
Running com.linkedin.pinot.core.startree.hll.HllFieldSizeTest
Tests run: 1, Failures: 0, Errors: 0, Skipped: 0, Time elapsed: 0.306 sec - in com.linkedin.pinot.core.startree.hll.HllFieldSizeTest
testHllFieldSerializedSize(com.linkedin.pinot.core.startree.hll.HllFieldSizeTest)  Time elapsed: 0.044 sec
Picked up JAVA_TOOL_OPTIONS: -XX:CICompilerCount=2 -XX:ParallelGCThreads=2 -XX:ConcGCThreads=2 -Djdk.net.URLClassPath.disableClassPathURLCheck=true -XX:CICompilerCount=2 -XX:ParallelGCThreads=2 -XX:ConcGCThreads=2 -Djdk.net.URLClassPath.disableClassPathURLCheck=true 
Picked up _JAVA_OPTIONS: -Djdk.net.URLClassPath.disableClassPathURLCheck=true
Running com.linkedin.pinot.core.startree.hll.HllTypeConversionTest
Tests run: 2, Failures: 0, Errors: 0, Skipped: 0, Time elapsed: 3.56 sec - in com.linkedin.pinot.core.startree.hll.HllTypeConversionTest
testConvertInByteRange(com.linkedin.pinot.core.startree.hll.HllTypeConversionTest)  Time elapsed: 0.006 sec
testToStringFunctionality(com.linkedin.pinot.core.startree.hll.HllTypeConversionTest)  Time elapsed: 3.323 sec
Picked up JAVA_TOOL_OPTIONS: -XX:CICompilerCount=2 -XX:ParallelGCThreads=2 -XX:ConcGCThreads=2 -Djdk.net.URLClassPath.disableClassPathURLCheck=true -XX:CICompilerCount=2 -XX:ParallelGCThreads=2 -XX:ConcGCThreads=2 -Djdk.net.URLClassPath.disableClassPathURLCheck=true 
Picked up _JAVA_OPTIONS: -Djdk.net.URLClassPath.disableClassPathURLCheck=true
Running com.linkedin.pinot.core.startree.StarTreeDataTableTest
Tests run: 1, Failures: 0, Errors: 0, Skipped: 0, Time elapsed: 0.248 sec - in com.linkedin.pinot.core.startree.StarTreeDataTableTest
testSort(com.linkedin.pinot.core.startree.StarTreeDataTableTest)  Time elapsed: 0.023 sec
Picked up JAVA_TOOL_OPTIONS: -XX:CICompilerCount=2 -XX:ParallelGCThreads=2 -XX:ConcGCThreads=2 -Djdk.net.URLClassPath.disableClassPathURLCheck=true -XX:CICompilerCount=2 -XX:ParallelGCThreads=2 -XX:ConcGCThreads=2 -Djdk.net.URLClassPath.disableClassPathURLCheck=true 
Picked up _JAVA_OPTIONS: -Djdk.net.URLClassPath.disableClassPathURLCheck=true
Running com.linkedin.pinot.core.startree.TestStarTreeMetadata
Tests run: 1, Failures: 0, Errors: 0, Skipped: 0, Time elapsed: 2.19 sec - in com.linkedin.pinot.core.startree.TestStarTreeMetadata
testStarTreeMetadata(com.linkedin.pinot.core.startree.TestStarTreeMetadata)  Time elapsed: 0.081 sec
Picked up JAVA_TOOL_OPTIONS: -XX:CICompilerCount=2 -XX:ParallelGCThreads=2 -XX:ConcGCThreads=2 -Djdk.net.URLClassPath.disableClassPathURLCheck=true -XX:CICompilerCount=2 -XX:ParallelGCThreads=2 -XX:ConcGCThreads=2 -Djdk.net.URLClassPath.disableClassPathURLCheck=true 
Picked up _JAVA_OPTIONS: -Djdk.net.URLClassPath.disableClassPathURLCheck=true
Running com.linkedin.pinot.core.startree.BaseStarTreeIndexTest
Tests run: 0, Failures: 0, Errors: 0, Skipped: 0, Time elapsed: 0.167 sec - in com.linkedin.pinot.core.startree.BaseStarTreeIndexTest
Picked up JAVA_TOOL_OPTIONS: -XX:CICompilerCount=2 -XX:ParallelGCThreads=2 -XX:ConcGCThreads=2 -Djdk.net.URLClassPath.disableClassPathURLCheck=true -XX:CICompilerCount=2 -XX:ParallelGCThreads=2 -XX:ConcGCThreads=2 -Djdk.net.URLClassPath.disableClassPathURLCheck=true 
Picked up _JAVA_OPTIONS: -Djdk.net.URLClassPath.disableClassPathURLCheck=true
Running com.linkedin.pinot.core.startree.OffHeapStarTreeBuilderTest
Tests run: 2, Failures: 0, Errors: 0, Skipped: 0, Time elapsed: 0.732 sec - in com.linkedin.pinot.core.startree.OffHeapStarTreeBuilderTest
testSimple(com.linkedin.pinot.core.startree.OffHeapStarTreeBuilderTest)  Time elapsed: 0.297 sec
testSkipMaterialization(com.linkedin.pinot.core.startree.OffHeapStarTreeBuilderTest)  Time elapsed: 0.202 sec
Picked up JAVA_TOOL_OPTIONS: -XX:CICompilerCount=2 -XX:ParallelGCThreads=2 -XX:ConcGCThreads=2 -Djdk.net.URLClassPath.disableClassPathURLCheck=true -XX:CICompilerCount=2 -XX:ParallelGCThreads=2 -XX:ConcGCThreads=2 -Djdk.net.URLClassPath.disableClassPathURLCheck=true 
Picked up _JAVA_OPTIONS: -Djdk.net.URLClassPath.disableClassPathURLCheck=true
Running com.linkedin.pinot.core.startree.SumStarTreeIndexTest
Tests run: 1, Failures: 0, Errors: 0, Skipped: 0, Time elapsed: 1.967 sec - in com.linkedin.pinot.core.startree.SumStarTreeIndexTest
testQueries(com.linkedin.pinot.core.startree.SumStarTreeIndexTest)  Time elapsed: 0.387 sec
Picked up JAVA_TOOL_OPTIONS: -XX:CICompilerCount=2 -XX:ParallelGCThreads=2 -XX:ConcGCThreads=2 -Djdk.net.URLClassPath.disableClassPathURLCheck=true -XX:CICompilerCount=2 -XX:ParallelGCThreads=2 -XX:ConcGCThreads=2 -Djdk.net.URLClassPath.disableClassPathURLCheck=true 
Picked up _JAVA_OPTIONS: -Djdk.net.URLClassPath.disableClassPathURLCheck=true
Running com.linkedin.pinot.core.operator.dociditerators.BitmapDocIdIteratorTest
Tests run: 1, Failures: 0, Errors: 0, Skipped: 0, Time elapsed: 0.236 sec - in com.linkedin.pinot.core.operator.dociditerators.BitmapDocIdIteratorTest
testIt(com.linkedin.pinot.core.operator.dociditerators.BitmapDocIdIteratorTest)  Time elapsed: 0.024 sec
Picked up JAVA_TOOL_OPTIONS: -XX:CICompilerCount=2 -XX:ParallelGCThreads=2 -XX:ConcGCThreads=2 -Djdk.net.URLClassPath.disableClassPathURLCheck=true -XX:CICompilerCount=2 -XX:ParallelGCThreads=2 -XX:ConcGCThreads=2 -Djdk.net.URLClassPath.disableClassPathURLCheck=true 
Picked up _JAVA_OPTIONS: -Djdk.net.URLClassPath.disableClassPathURLCheck=true
Running com.linkedin.pinot.core.operator.docvaliterators.RealtimeSingleValueIteratorTest
Tests run: 4, Failures: 0, Errors: 0, Skipped: 0, Time elapsed: 0.337 sec - in com.linkedin.pinot.core.operator.docvaliterators.RealtimeSingleValueIteratorTest
testDoubleReader(com.linkedin.pinot.core.operator.docvaliterators.RealtimeSingleValueIteratorTest)  Time elapsed: 0.006 sec
testFloatReader(com.linkedin.pinot.core.operator.docvaliterators.RealtimeSingleValueIteratorTest)  Time elapsed: 0.004 sec
testIntReader(com.linkedin.pinot.core.operator.docvaliterators.RealtimeSingleValueIteratorTest)  Time elapsed: 0.005 sec
testLongReader(com.linkedin.pinot.core.operator.docvaliterators.RealtimeSingleValueIteratorTest)  Time elapsed: 0.005 sec
Picked up JAVA_TOOL_OPTIONS: -XX:CICompilerCount=2 -XX:ParallelGCThreads=2 -XX:ConcGCThreads=2 -Djdk.net.URLClassPath.disableClassPathURLCheck=true -XX:CICompilerCount=2 -XX:ParallelGCThreads=2 -XX:ConcGCThreads=2 -Djdk.net.URLClassPath.disableClassPathURLCheck=true 
Picked up _JAVA_OPTIONS: -Djdk.net.URLClassPath.disableClassPathURLCheck=true
Running com.linkedin.pinot.core.plan.maker.MetadataAndDictionaryAggregationPlanMakerTest
Tests run: 32, Failures: 0, Errors: 0, Skipped: 0, Time elapsed: 3.043 sec - in com.linkedin.pinot.core.plan.maker.MetadataAndDictionaryAggregationPlanMakerTest
testInstancePlanMakerForMetadataAndDictionaryPlan(com.linkedin.pinot.core.plan.maker.MetadataAndDictionaryAggregationPlanMakerTest)  Time elapsed: 0.09 sec
testInstancePlanMakerForMetadataAndDictionaryPlan(com.linkedin.pinot.core.plan.maker.MetadataAndDictionaryAggregationPlanMakerTest)  Time elapsed: 0.005 sec
testInstancePlanMakerForMetadataAndDictionaryPlan(com.linkedin.pinot.core.plan.maker.MetadataAndDictionaryAggregationPlanMakerTest)  Time elapsed: 0.014 sec
testInstancePlanMakerForMetadataAndDictionaryPlan(com.linkedin.pinot.core.plan.maker.MetadataAndDictionaryAggregationPlanMakerTest)  Time elapsed: 0.007 sec
testInstancePlanMakerForMetadataAndDictionaryPlan(com.linkedin.pinot.core.plan.maker.MetadataAndDictionaryAggregationPlanMakerTest)  Time elapsed: 0.004 sec
testInstancePlanMakerForMetadataAndDictionaryPlan(com.linkedin.pinot.core.plan.maker.MetadataAndDictionaryAggregationPlanMakerTest)  Time elapsed: 0.001 sec
testInstancePlanMakerForMetadataAndDictionaryPlan(com.linkedin.pinot.core.plan.maker.MetadataAndDictionaryAggregationPlanMakerTest)  Time elapsed: 0.001 sec
testInstancePlanMakerForMetadataAndDictionaryPlan(com.linkedin.pinot.core.plan.maker.MetadataAndDictionaryAggregationPlanMakerTest)  Time elapsed: 0 sec
testInstancePlanMakerForMetadataAndDictionaryPlan(com.linkedin.pinot.core.plan.maker.MetadataAndDictionaryAggregationPlanMakerTest)  Time elapsed: 0.001 sec
testInstancePlanMakerForMetadataAndDictionaryPlan(com.linkedin.pinot.core.plan.maker.MetadataAndDictionaryAggregationPlanMakerTest)  Time elapsed: 0.003 sec
testInstancePlanMakerForMetadataAndDictionaryPlan(com.linkedin.pinot.core.plan.maker.MetadataAndDictionaryAggregationPlanMakerTest)  Time elapsed: 0.001 sec
testInstancePlanMakerForMetadataAndDictionaryPlan(com.linkedin.pinot.core.plan.maker.MetadataAndDictionaryAggregationPlanMakerTest)  Time elapsed: 0 sec
testIsFitFor(com.linkedin.pinot.core.plan.maker.MetadataAndDictionaryAggregationPlanMakerTest)  Time elapsed: 0.001 sec
testIsFitFor(com.linkedin.pinot.core.plan.maker.MetadataAndDictionaryAggregationPlanMakerTest)  Time elapsed: 0 sec
testIsFitFor(com.linkedin.pinot.core.plan.maker.MetadataAndDictionaryAggregationPlanMakerTest)  Time elapsed: 0.001 sec
testIsFitFor(com.linkedin.pinot.core.plan.maker.MetadataAndDictionaryAggregationPlanMakerTest)  Time elapsed: 0.001 sec
testIsFitFor(com.linkedin.pinot.core.plan.maker.MetadataAndDictionaryAggregationPlanMakerTest)  Time elapsed: 0 sec
testIsFitFor(com.linkedin.pinot.core.plan.maker.MetadataAndDictionaryAggregationPlanMakerTest)  Time elapsed: 0.001 sec
testIsFitFor(com.linkedin.pinot.core.plan.maker.MetadataAndDictionaryAggregationPlanMakerTest)  Time elapsed: 0.001 sec
testIsFitFor(com.linkedin.pinot.core.plan.maker.MetadataAndDictionaryAggregationPlanMakerTest)  Time elapsed: 0 sec
testIsFitFor(com.linkedin.pinot.core.plan.maker.MetadataAndDictionaryAggregationPlanMakerTest)  Time elapsed: 0.001 sec
testIsFitFor(com.linkedin.pinot.core.plan.maker.MetadataAndDictionaryAggregationPlanMakerTest)  Time elapsed: 0 sec
testIsFitFor(com.linkedin.pinot.core.plan.maker.MetadataAndDictionaryAggregationPlanMakerTest)  Time elapsed: 0.001 sec
testIsFitFor(com.linkedin.pinot.core.plan.maker.MetadataAndDictionaryAggregationPlanMakerTest)  Time elapsed: 0 sec
testIsFitFor(com.linkedin.pinot.core.plan.maker.MetadataAndDictionaryAggregationPlanMakerTest)  Time elapsed: 0.001 sec
testIsFitFor(com.linkedin.pinot.core.plan.maker.MetadataAndDictionaryAggregationPlanMakerTest)  Time elapsed: 0.001 sec
testIsFitFor(com.linkedin.pinot.core.plan.maker.MetadataAndDictionaryAggregationPlanMakerTest)  Time elapsed: 0 sec
testIsFitFor(com.linkedin.pinot.core.plan.maker.MetadataAndDictionaryAggregationPlanMakerTest)  Time elapsed: 0.001 sec
testIsFitFor(com.linkedin.pinot.core.plan.maker.MetadataAndDictionaryAggregationPlanMakerTest)  Time elapsed: 0.001 sec
testIsFitFor(com.linkedin.pinot.core.plan.maker.MetadataAndDictionaryAggregationPlanMakerTest)  Time elapsed: 0.001 sec
testIsFitFor(com.linkedin.pinot.core.plan.maker.MetadataAndDictionaryAggregationPlanMakerTest)  Time elapsed: 0 sec
testIsFitFor(com.linkedin.pinot.core.plan.maker.MetadataAndDictionaryAggregationPlanMakerTest)  Time elapsed: 0.001 sec
Picked up JAVA_TOOL_OPTIONS: -XX:CICompilerCount=2 -XX:ParallelGCThreads=2 -XX:ConcGCThreads=2 -Djdk.net.URLClassPath.disableClassPathURLCheck=true -XX:CICompilerCount=2 -XX:ParallelGCThreads=2 -XX:ConcGCThreads=2 -Djdk.net.URLClassPath.disableClassPathURLCheck=true 
Picked up _JAVA_OPTIONS: -Djdk.net.URLClassPath.disableClassPathURLCheck=true
Running com.linkedin.pinot.core.plan.CombinePlanNodeTest
Tests run: 2, Failures: 0, Errors: 0, Skipped: 0, Time elapsed: 10.306 sec - in com.linkedin.pinot.core.plan.CombinePlanNodeTest
testPlanNodeThrowException(com.linkedin.pinot.core.plan.CombinePlanNodeTest)  Time elapsed: 0.081 sec
testSlowPlanNode(com.linkedin.pinot.core.plan.CombinePlanNodeTest)  Time elapsed: 10.002 sec
Picked up JAVA_TOOL_OPTIONS: -XX:CICompilerCount=2 -XX:ParallelGCThreads=2 -XX:ConcGCThreads=2 -Djdk.net.URLClassPath.disableClassPathURLCheck=true -XX:CICompilerCount=2 -XX:ParallelGCThreads=2 -XX:ConcGCThreads=2 -Djdk.net.URLClassPath.disableClassPathURLCheck=true 
Picked up _JAVA_OPTIONS: -Djdk.net.URLClassPath.disableClassPathURLCheck=true
Running com.linkedin.pinot.core.indexsegment.utils.MmapMemoryManagerFileCleanupTest
Tests run: 1, Failures: 0, Errors: 0, Skipped: 0, Time elapsed: 0.297 sec - in com.linkedin.pinot.core.indexsegment.utils.MmapMemoryManagerFileCleanupTest
testFileDelete(com.linkedin.pinot.core.indexsegment.utils.MmapMemoryManagerFileCleanupTest)  Time elapsed: 0.083 sec
Picked up JAVA_TOOL_OPTIONS: -XX:CICompilerCount=2 -XX:ParallelGCThreads=2 -XX:ConcGCThreads=2 -Djdk.net.URLClassPath.disableClassPathURLCheck=true -XX:CICompilerCount=2 -XX:ParallelGCThreads=2 -XX:ConcGCThreads=2 -Djdk.net.URLClassPath.disableClassPathURLCheck=true 
Picked up _JAVA_OPTIONS: -Djdk.net.URLClassPath.disableClassPathURLCheck=true
Running com.linkedin.pinot.core.indexsegment.utils.OffHeapStringStoreTest
Tests run: 2, Failures: 0, Errors: 0, Skipped: 0, Time elapsed: 0.51 sec - in com.linkedin.pinot.core.indexsegment.utils.OffHeapStringStoreTest
maxValueTest(com.linkedin.pinot.core.indexsegment.utils.OffHeapStringStoreTest)  Time elapsed: 0.037 sec
overflowTest(com.linkedin.pinot.core.indexsegment.utils.OffHeapStringStoreTest)  Time elapsed: 0.17 sec
Picked up JAVA_TOOL_OPTIONS: -XX:CICompilerCount=2 -XX:ParallelGCThreads=2 -XX:ConcGCThreads=2 -Djdk.net.URLClassPath.disableClassPathURLCheck=true -XX:CICompilerCount=2 -XX:ParallelGCThreads=2 -XX:ConcGCThreads=2 -Djdk.net.URLClassPath.disableClassPathURLCheck=true 
Picked up _JAVA_OPTIONS: -Djdk.net.URLClassPath.disableClassPathURLCheck=true
Running com.linkedin.pinot.core.indexsegment.utils.MmapMemoryManagerTest
Tests run: 3, Failures: 0, Errors: 0, Skipped: 0, Time elapsed: 0.317 sec - in com.linkedin.pinot.core.indexsegment.utils.MmapMemoryManagerTest
testCornerConditions(com.linkedin.pinot.core.indexsegment.utils.MmapMemoryManagerTest)  Time elapsed: 0.084 sec
testLargeBlocks(com.linkedin.pinot.core.indexsegment.utils.MmapMemoryManagerTest)  Time elapsed: 0.002 sec
testSmallBlocksForSameColumn(com.linkedin.pinot.core.indexsegment.utils.MmapMemoryManagerTest)  Time elapsed: 0.001 sec
Picked up JAVA_TOOL_OPTIONS: -XX:CICompilerCount=2 -XX:ParallelGCThreads=2 -XX:ConcGCThreads=2 -Djdk.net.URLClassPath.disableClassPathURLCheck=true -XX:CICompilerCount=2 -XX:ParallelGCThreads=2 -XX:ConcGCThreads=2 -Djdk.net.URLClassPath.disableClassPathURLCheck=true 
Picked up _JAVA_OPTIONS: -Djdk.net.URLClassPath.disableClassPathURLCheck=true
Running com.linkedin.pinot.core.indexsegment.utils.MutableOffHeapByteArrayStoreTest
Tests run: 2, Failures: 0, Errors: 0, Skipped: 0, Time elapsed: 0.415 sec - in com.linkedin.pinot.core.indexsegment.utils.MutableOffHeapByteArrayStoreTest
maxValueTest(com.linkedin.pinot.core.indexsegment.utils.MutableOffHeapByteArrayStoreTest)  Time elapsed: 0.033 sec
overflowTest(com.linkedin.pinot.core.indexsegment.utils.MutableOffHeapByteArrayStoreTest)  Time elapsed: 0.108 sec
Picked up JAVA_TOOL_OPTIONS: -XX:CICompilerCount=2 -XX:ParallelGCThreads=2 -XX:ConcGCThreads=2 -Djdk.net.URLClassPath.disableClassPathURLCheck=true -XX:CICompilerCount=2 -XX:ParallelGCThreads=2 -XX:ConcGCThreads=2 -Djdk.net.URLClassPath.disableClassPathURLCheck=true 
Picked up _JAVA_OPTIONS: -Djdk.net.URLClassPath.disableClassPathURLCheck=true
Running com.linkedin.pinot.core.minion.SegmentPurgerTest
Tests run: 1, Failures: 0, Errors: 0, Skipped: 0, Time elapsed: 1.028 sec - in com.linkedin.pinot.core.minion.SegmentPurgerTest
testPurgeSegment(com.linkedin.pinot.core.minion.SegmentPurgerTest)  Time elapsed: 0.263 sec
Picked up JAVA_TOOL_OPTIONS: -XX:CICompilerCount=2 -XX:ParallelGCThreads=2 -XX:ConcGCThreads=2 -Djdk.net.URLClassPath.disableClassPathURLCheck=true -XX:CICompilerCount=2 -XX:ParallelGCThreads=2 -XX:ConcGCThreads=2 -Djdk.net.URLClassPath.disableClassPathURLCheck=true 
Picked up _JAVA_OPTIONS: -Djdk.net.URLClassPath.disableClassPathURLCheck=true
Running com.linkedin.pinot.core.common.RealtimeNoDictionaryTest
Tests run: 4, Failures: 0, Errors: 0, Skipped: 0, Time elapsed: 0.336 sec - in com.linkedin.pinot.core.common.RealtimeNoDictionaryTest
testDoubleValues(com.linkedin.pinot.core.common.RealtimeNoDictionaryTest)  Time elapsed: 0.031 sec
testFloatValues(com.linkedin.pinot.core.common.RealtimeNoDictionaryTest)  Time elapsed: 0.007 sec
testIntColumn(com.linkedin.pinot.core.common.RealtimeNoDictionaryTest)  Time elapsed: 0.006 sec
testLongValues(com.linkedin.pinot.core.common.RealtimeNoDictionaryTest)  Time elapsed: 0.005 sec
Picked up JAVA_TOOL_OPTIONS: -XX:CICompilerCount=2 -XX:ParallelGCThreads=2 -XX:ConcGCThreads=2 -Djdk.net.URLClassPath.disableClassPathURLCheck=true -XX:CICompilerCount=2 -XX:ParallelGCThreads=2 -XX:ConcGCThreads=2 -Djdk.net.URLClassPath.disableClassPathURLCheck=true 
Picked up _JAVA_OPTIONS: -Djdk.net.URLClassPath.disableClassPathURLCheck=true
Running com.linkedin.pinot.core.common.docidsets.BitmapDocIdSetTest
Tests run: 1, Failures: 0, Errors: 0, Skipped: 0, Time elapsed: 0.259 sec - in com.linkedin.pinot.core.common.docidsets.BitmapDocIdSetTest
testSimple(com.linkedin.pinot.core.common.docidsets.BitmapDocIdSetTest)  Time elapsed: 0.054 sec
Picked up JAVA_TOOL_OPTIONS: -XX:CICompilerCount=2 -XX:ParallelGCThreads=2 -XX:ConcGCThreads=2 -Djdk.net.URLClassPath.disableClassPathURLCheck=true -XX:CICompilerCount=2 -XX:ParallelGCThreads=2 -XX:ConcGCThreads=2 -Djdk.net.URLClassPath.disableClassPathURLCheck=true 
Picked up _JAVA_OPTIONS: -Djdk.net.URLClassPath.disableClassPathURLCheck=true
Running com.linkedin.pinot.core.common.docidsets.SortedDocIdSetTest
Tests run: 5, Failures: 0, Errors: 0, Skipped: 0, Time elapsed: 0.324 sec - in com.linkedin.pinot.core.common.docidsets.SortedDocIdSetTest
testCustom(com.linkedin.pinot.core.common.docidsets.SortedDocIdSetTest)  Time elapsed: 0.084 sec
testEmpty(com.linkedin.pinot.core.common.docidsets.SortedDocIdSetTest)  Time elapsed: 0.001 sec
testOnePair(com.linkedin.pinot.core.common.docidsets.SortedDocIdSetTest)  Time elapsed: 0.001 sec
testPairWithSameStartAndEnd(com.linkedin.pinot.core.common.docidsets.SortedDocIdSetTest)  Time elapsed: 0.001 sec
testTwoPair(com.linkedin.pinot.core.common.docidsets.SortedDocIdSetTest)  Time elapsed: 0.001 sec
Picked up JAVA_TOOL_OPTIONS: -XX:CICompilerCount=2 -XX:ParallelGCThreads=2 -XX:ConcGCThreads=2 -Djdk.net.URLClassPath.disableClassPathURLCheck=true -XX:CICompilerCount=2 -XX:ParallelGCThreads=2 -XX:ConcGCThreads=2 -Djdk.net.URLClassPath.disableClassPathURLCheck=true 
Picked up _JAVA_OPTIONS: -Djdk.net.URLClassPath.disableClassPathURLCheck=true
Running com.linkedin.pinot.core.common.DataFetcherTest
Tests run: 5, Failures: 0, Errors: 0, Skipped: 0, Time elapsed: 0.877 sec - in com.linkedin.pinot.core.common.DataFetcherTest
testFetchSingleDoubleValues(com.linkedin.pinot.core.common.DataFetcherTest)  Time elapsed: 0.004 sec
testFetchSingleFloatValues(com.linkedin.pinot.core.common.DataFetcherTest)  Time elapsed: 0.002 sec
testFetchSingleIntValues(com.linkedin.pinot.core.common.DataFetcherTest)  Time elapsed: 0.002 sec
testFetchSingleLongValues(com.linkedin.pinot.core.common.DataFetcherTest)  Time elapsed: 0.002 sec
testFetchSingleStringValues(com.linkedin.pinot.core.common.DataFetcherTest)  Time elapsed: 0.003 sec
Picked up JAVA_TOOL_OPTIONS: -XX:CICompilerCount=2 -XX:ParallelGCThreads=2 -XX:ConcGCThreads=2 -Djdk.net.URLClassPath.disableClassPathURLCheck=true -XX:CICompilerCount=2 -XX:ParallelGCThreads=2 -XX:ConcGCThreads=2 -Djdk.net.URLClassPath.disableClassPathURLCheck=true 
Picked up _JAVA_OPTIONS: -Djdk.net.URLClassPath.disableClassPathURLCheck=true
Running com.linkedin.pinot.core.common.datatable.ObjectCustomSerDeTest
Tests run: 7, Failures: 0, Errors: 0, Skipped: 0, Time elapsed: 0.47 sec - in com.linkedin.pinot.core.common.datatable.ObjectCustomSerDeTest
testAvgPair(com.linkedin.pinot.core.common.datatable.ObjectCustomSerDeTest)  Time elapsed: 0.015 sec
testDouble(com.linkedin.pinot.core.common.datatable.ObjectCustomSerDeTest)  Time elapsed: 0.001 sec
testDoubleArrayList(com.linkedin.pinot.core.common.datatable.ObjectCustomSerDeTest)  Time elapsed: 0.103 sec
testIntOpenHashSet(com.linkedin.pinot.core.common.datatable.ObjectCustomSerDeTest)  Time elapsed: 0.022 sec
testLong(com.linkedin.pinot.core.common.datatable.ObjectCustomSerDeTest)  Time elapsed: 0.001 sec
testMinMaxRangePair(com.linkedin.pinot.core.common.datatable.ObjectCustomSerDeTest)  Time elapsed: 0.001 sec
testStringDoubleHashMap(com.linkedin.pinot.core.common.datatable.ObjectCustomSerDeTest)  Time elapsed: 0.085 sec
Picked up JAVA_TOOL_OPTIONS: -XX:CICompilerCount=2 -XX:ParallelGCThreads=2 -XX:ConcGCThreads=2 -Djdk.net.URLClassPath.disableClassPathURLCheck=true -XX:CICompilerCount=2 -XX:ParallelGCThreads=2 -XX:ConcGCThreads=2 -Djdk.net.URLClassPath.disableClassPathURLCheck=true 
Picked up _JAVA_OPTIONS: -Djdk.net.URLClassPath.disableClassPathURLCheck=true
Running com.linkedin.pinot.core.common.datatable.DataTableSerDeTest
Tests run: 2, Failures: 0, Errors: 0, Skipped: 0, Time elapsed: 0.305 sec - in com.linkedin.pinot.core.common.datatable.DataTableSerDeTest
testAllDataTypes(com.linkedin.pinot.core.common.datatable.DataTableSerDeTest)  Time elapsed: 0.06 sec
testException(com.linkedin.pinot.core.common.datatable.DataTableSerDeTest)  Time elapsed: 0.013 sec
Picked up JAVA_TOOL_OPTIONS: -XX:CICompilerCount=2 -XX:ParallelGCThreads=2 -XX:ConcGCThreads=2 -Djdk.net.URLClassPath.disableClassPathURLCheck=true -XX:CICompilerCount=2 -XX:ParallelGCThreads=2 -XX:ConcGCThreads=2 -Djdk.net.URLClassPath.disableClassPathURLCheck=true 
Picked up _JAVA_OPTIONS: -Djdk.net.URLClassPath.disableClassPathURLCheck=true
Running com.linkedin.pinot.core.util.SortedRangeIntersectionTest
Tests run: 3, Failures: 0, Errors: 0, Skipped: 0, Time elapsed: 0.427 sec - in com.linkedin.pinot.core.util.SortedRangeIntersectionTest
testComplex(com.linkedin.pinot.core.util.SortedRangeIntersectionTest)  Time elapsed: 0.013 sec
testRandom(com.linkedin.pinot.core.util.SortedRangeIntersectionTest)  Time elapsed: 0.14 sec
testSimple(com.linkedin.pinot.core.util.SortedRangeIntersectionTest)  Time elapsed: 0 sec
Picked up JAVA_TOOL_OPTIONS: -XX:CICompilerCount=2 -XX:ParallelGCThreads=2 -XX:ConcGCThreads=2 -Djdk.net.URLClassPath.disableClassPathURLCheck=true -XX:CICompilerCount=2 -XX:ParallelGCThreads=2 -XX:ConcGCThreads=2 -Djdk.net.URLClassPath.disableClassPathURLCheck=true 
Picked up _JAVA_OPTIONS: -Djdk.net.URLClassPath.disableClassPathURLCheck=true
Running com.linkedin.pinot.core.util.trace.TraceContextTest
Tests run: 2, Failures: 0, Errors: 0, Skipped: 0, Time elapsed: 0.248 sec - in com.linkedin.pinot.core.util.trace.TraceContextTest
testMultipleRequests(com.linkedin.pinot.core.util.trace.TraceContextTest)  Time elapsed: 0.042 sec
testSingleRequest(com.linkedin.pinot.core.util.trace.TraceContextTest)  Time elapsed: 0.004 sec
Picked up JAVA_TOOL_OPTIONS: -XX:CICompilerCount=2 -XX:ParallelGCThreads=2 -XX:ConcGCThreads=2 -Djdk.net.URLClassPath.disableClassPathURLCheck=true -XX:CICompilerCount=2 -XX:ParallelGCThreads=2 -XX:ConcGCThreads=2 -Djdk.net.URLClassPath.disableClassPathURLCheck=true 
Picked up _JAVA_OPTIONS: -Djdk.net.URLClassPath.disableClassPathURLCheck=true
Running com.linkedin.pinot.core.util.CrcUtilsTest
Tests run: 1, Failures: 0, Errors: 0, Skipped: 0, Time elapsed: 5.496 sec - in com.linkedin.pinot.core.util.CrcUtilsTest
test1(com.linkedin.pinot.core.util.CrcUtilsTest)  Time elapsed: 4.758 sec
Picked up JAVA_TOOL_OPTIONS: -XX:CICompilerCount=2 -XX:ParallelGCThreads=2 -XX:ConcGCThreads=2 -Djdk.net.URLClassPath.disableClassPathURLCheck=true -XX:CICompilerCount=2 -XX:ParallelGCThreads=2 -XX:ConcGCThreads=2 -Djdk.net.URLClassPath.disableClassPathURLCheck=true 
Picked up _JAVA_OPTIONS: -Djdk.net.URLClassPath.disableClassPathURLCheck=true
Running com.linkedin.pinot.core.offline.OfflineTableDataManagerTest
Tests run: 2, Failures: 0, Errors: 0, Skipped: 0, Time elapsed: 21.341 sec - in com.linkedin.pinot.core.offline.OfflineTableDataManagerTest
basicTest(com.linkedin.pinot.core.offline.OfflineTableDataManagerTest)  Time elapsed: 0.996 sec
testReplace(com.linkedin.pinot.core.offline.OfflineTableDataManagerTest)  Time elapsed: 20.09 sec
Picked up JAVA_TOOL_OPTIONS: -XX:CICompilerCount=2 -XX:ParallelGCThreads=2 -XX:ConcGCThreads=2 -Djdk.net.URLClassPath.disableClassPathURLCheck=true -XX:CICompilerCount=2 -XX:ParallelGCThreads=2 -XX:ConcGCThreads=2 -Djdk.net.URLClassPath.disableClassPathURLCheck=true 
Picked up _JAVA_OPTIONS: -Djdk.net.URLClassPath.disableClassPathURLCheck=true
Running com.linkedin.pinot.core.io.util.PinotDataBitSetTest
Tests run: 3, Failures: 0, Errors: 0, Skipped: 0, Time elapsed: 0.327 sec - in com.linkedin.pinot.core.io.util.PinotDataBitSetTest
testGetNextSetBitOffset(com.linkedin.pinot.core.io.util.PinotDataBitSetTest)  Time elapsed: 0.092 sec
testReadWriteInt(com.linkedin.pinot.core.io.util.PinotDataBitSetTest)  Time elapsed: 0.009 sec
testSetUnsetBit(com.linkedin.pinot.core.io.util.PinotDataBitSetTest)  Time elapsed: 0.003 sec
Picked up JAVA_TOOL_OPTIONS: -XX:CICompilerCount=2 -XX:ParallelGCThreads=2 -XX:ConcGCThreads=2 -Djdk.net.URLClassPath.disableClassPathURLCheck=true -XX:CICompilerCount=2 -XX:ParallelGCThreads=2 -XX:ConcGCThreads=2 -Djdk.net.URLClassPath.disableClassPathURLCheck=true 
Picked up _JAVA_OPTIONS: -Djdk.net.URLClassPath.disableClassPathURLCheck=true
Running com.linkedin.pinot.index.readerwriter.FixedByteSingleColumnMultiValueReaderWriterTest
Tests run: 5, Failures: 0, Errors: 0, Skipped: 0, Time elapsed: 1.573 sec - in com.linkedin.pinot.index.readerwriter.FixedByteSingleColumnMultiValueReaderWriterTest
testDoubleArray(com.linkedin.pinot.index.readerwriter.FixedByteSingleColumnMultiValueReaderWriterTest)  Time elapsed: 0.051 sec
testFloatArray(com.linkedin.pinot.index.readerwriter.FixedByteSingleColumnMultiValueReaderWriterTest)  Time elapsed: 0.014 sec
testIntArray(com.linkedin.pinot.index.readerwriter.FixedByteSingleColumnMultiValueReaderWriterTest)  Time elapsed: 1.156 sec
testLongArray(com.linkedin.pinot.index.readerwriter.FixedByteSingleColumnMultiValueReaderWriterTest)  Time elapsed: 0.008 sec
testShortArray(com.linkedin.pinot.index.readerwriter.FixedByteSingleColumnMultiValueReaderWriterTest)  Time elapsed: 0.025 sec
Picked up JAVA_TOOL_OPTIONS: -XX:CICompilerCount=2 -XX:ParallelGCThreads=2 -XX:ConcGCThreads=2 -Djdk.net.URLClassPath.disableClassPathURLCheck=true -XX:CICompilerCount=2 -XX:ParallelGCThreads=2 -XX:ConcGCThreads=2 -Djdk.net.URLClassPath.disableClassPathURLCheck=true 
Picked up _JAVA_OPTIONS: -Djdk.net.URLClassPath.disableClassPathURLCheck=true
Running com.linkedin.pinot.index.readerwriter.FixedByteSingleColumnSingleValueReaderWriterTest
Tests run: 2, Failures: 0, Errors: 0, Skipped: 0, Time elapsed: 0.303 sec - in com.linkedin.pinot.index.readerwriter.FixedByteSingleColumnSingleValueReaderWriterTest
testInt(com.linkedin.pinot.index.readerwriter.FixedByteSingleColumnSingleValueReaderWriterTest)  Time elapsed: 0.023 sec
testLong(com.linkedin.pinot.index.readerwriter.FixedByteSingleColumnSingleValueReaderWriterTest)  Time elapsed: 0.005 sec
Picked up JAVA_TOOL_OPTIONS: -XX:CICompilerCount=2 -XX:ParallelGCThreads=2 -XX:ConcGCThreads=2 -Djdk.net.URLClassPath.disableClassPathURLCheck=true -XX:CICompilerCount=2 -XX:ParallelGCThreads=2 -XX:ConcGCThreads=2 -Djdk.net.URLClassPath.disableClassPathURLCheck=true 
Picked up _JAVA_OPTIONS: -Djdk.net.URLClassPath.disableClassPathURLCheck=true
Running com.linkedin.pinot.index.readerwriter.FixedByteChunkSingleValueReaderWriteTest
Tests run: 3, Failures: 0, Errors: 0, Skipped: 0, Time elapsed: 0.49 sec - in com.linkedin.pinot.index.readerwriter.FixedByteChunkSingleValueReaderWriteTest
testBackwardCompatibility(com.linkedin.pinot.index.readerwriter.FixedByteChunkSingleValueReaderWriteTest)  Time elapsed: 0.167 sec
testWithCompression(com.linkedin.pinot.index.readerwriter.FixedByteChunkSingleValueReaderWriteTest)  Time elapsed: 0.074 sec
testWithoutCompression(com.linkedin.pinot.index.readerwriter.FixedByteChunkSingleValueReaderWriteTest)  Time elapsed: 0.029 sec
Picked up JAVA_TOOL_OPTIONS: -XX:CICompilerCount=2 -XX:ParallelGCThreads=2 -XX:ConcGCThreads=2 -Djdk.net.URLClassPath.disableClassPathURLCheck=true -XX:CICompilerCount=2 -XX:ParallelGCThreads=2 -XX:ConcGCThreads=2 -Djdk.net.URLClassPath.disableClassPathURLCheck=true 
Picked up _JAVA_OPTIONS: -Djdk.net.URLClassPath.disableClassPathURLCheck=true
Running com.linkedin.pinot.index.readerwriter.VarByteChunkSingleValueReaderWriteTest
Tests run: 2, Failures: 0, Errors: 0, Skipped: 0, Time elapsed: 0.454 sec - in com.linkedin.pinot.index.readerwriter.VarByteChunkSingleValueReaderWriteTest
test(com.linkedin.pinot.index.readerwriter.VarByteChunkSingleValueReaderWriteTest)  Time elapsed: 0.236 sec
testBackwardCompatibility(com.linkedin.pinot.index.readerwriter.VarByteChunkSingleValueReaderWriteTest)  Time elapsed: 0.005 sec
Picked up JAVA_TOOL_OPTIONS: -XX:CICompilerCount=2 -XX:ParallelGCThreads=2 -XX:ConcGCThreads=2 -Djdk.net.URLClassPath.disableClassPathURLCheck=true -XX:CICompilerCount=2 -XX:ParallelGCThreads=2 -XX:ConcGCThreads=2 -Djdk.net.URLClassPath.disableClassPathURLCheck=true 
Picked up _JAVA_OPTIONS: -Djdk.net.URLClassPath.disableClassPathURLCheck=true
Running com.linkedin.pinot.index.reader.SortedForwardIndexReaderTest
Took 2681 to scan 49791848 docs without using context
Tests run: 1, Failures: 0, Errors: 0, Skipped: 0, Time elapsed: 3.426 sec - in com.linkedin.pinot.index.reader.SortedForwardIndexReaderTest
testSimple(com.linkedin.pinot.index.reader.SortedForwardIndexReaderTest)  Time elapsed: 3.164 sec
Picked up JAVA_TOOL_OPTIONS: -XX:CICompilerCount=2 -XX:ParallelGCThreads=2 -XX:ConcGCThreads=2 -Djdk.net.URLClassPath.disableClassPathURLCheck=true -XX:CICompilerCount=2 -XX:ParallelGCThreads=2 -XX:ConcGCThreads=2 -Djdk.net.URLClassPath.disableClassPathURLCheck=true 
Picked up _JAVA_OPTIONS: -Djdk.net.URLClassPath.disableClassPathURLCheck=true
Running com.linkedin.pinot.index.reader.FixedByteWidthRowColDataFileReaderTest
Tests run: 2, Failures: 0, Errors: 0, Skipped: 0, Time elapsed: 0.303 sec - in com.linkedin.pinot.index.reader.FixedByteWidthRowColDataFileReaderTest
testMultiCol(com.linkedin.pinot.index.reader.FixedByteWidthRowColDataFileReaderTest)  Time elapsed: 0.083 sec
testSingleCol(com.linkedin.pinot.index.reader.FixedByteWidthRowColDataFileReaderTest)  Time elapsed: 0.002 sec
Picked up JAVA_TOOL_OPTIONS: -XX:CICompilerCount=2 -XX:ParallelGCThreads=2 -XX:ConcGCThreads=2 -Djdk.net.URLClassPath.disableClassPathURLCheck=true -XX:CICompilerCount=2 -XX:ParallelGCThreads=2 -XX:ConcGCThreads=2 -Djdk.net.URLClassPath.disableClassPathURLCheck=true 
Picked up _JAVA_OPTIONS: -Djdk.net.URLClassPath.disableClassPathURLCheck=true
Running com.linkedin.pinot.index.reader.FixedBitMultiValueTest
Tests run: 1, Failures: 0, Errors: 0, Skipped: 0, Time elapsed: 0.345 sec - in com.linkedin.pinot.index.reader.FixedBitMultiValueTest
testSingleColMultiValue(com.linkedin.pinot.index.reader.FixedBitMultiValueTest)  Time elapsed: 0.092 sec
Picked up JAVA_TOOL_OPTIONS: -XX:CICompilerCount=2 -XX:ParallelGCThreads=2 -XX:ConcGCThreads=2 -Djdk.net.URLClassPath.disableClassPathURLCheck=true -XX:CICompilerCount=2 -XX:ParallelGCThreads=2 -XX:ConcGCThreads=2 -Djdk.net.URLClassPath.disableClassPathURLCheck=true 
Picked up _JAVA_OPTIONS: -Djdk.net.URLClassPath.disableClassPathURLCheck=true
Running com.linkedin.pinot.index.persist.AvroDataPublisherTest
AvroRecordReader - Pinot field: column2 of type: STRING mismatches with corresponding field in Avro Schema of type: INT
AvroRecordReader - Pinot field: column2 of type: STRING mismatches with corresponding field in Avro Schema of type: INT
Tests run: 3, Failures: 0, Errors: 0, Skipped: 0, Time elapsed: 2.392 sec - in com.linkedin.pinot.index.persist.AvroDataPublisherTest
TestReadAvro(com.linkedin.pinot.index.persist.AvroDataPublisherTest)  Time elapsed: 0.798 sec
TestReadMultiValueAvro(com.linkedin.pinot.index.persist.AvroDataPublisherTest)  Time elapsed: 1.143 sec
TestReadPartialAvro(com.linkedin.pinot.index.persist.AvroDataPublisherTest)  Time elapsed: 0.244 sec
Picked up JAVA_TOOL_OPTIONS: -XX:CICompilerCount=2 -XX:ParallelGCThreads=2 -XX:ConcGCThreads=2 -Djdk.net.URLClassPath.disableClassPathURLCheck=true -XX:CICompilerCount=2 -XX:ParallelGCThreads=2 -XX:ConcGCThreads=2 -Djdk.net.URLClassPath.disableClassPathURLCheck=true 
Picked up _JAVA_OPTIONS: -Djdk.net.URLClassPath.disableClassPathURLCheck=true
Running com.linkedin.pinot.index.writer.FixedByteWidthRowColDataFileWriterTest
Tests run: 7, Failures: 0, Errors: 0, Skipped: 0, Time elapsed: 0.312 sec - in com.linkedin.pinot.index.writer.FixedByteWidthRowColDataFileWriterTest
testMultiCol(com.linkedin.pinot.index.writer.FixedByteWidthRowColDataFileWriterTest)  Time elapsed: 0.075 sec
testSingleColDouble(com.linkedin.pinot.index.writer.FixedByteWidthRowColDataFileWriterTest)  Time elapsed: 0.002 sec
testSingleColFloat(com.linkedin.pinot.index.writer.FixedByteWidthRowColDataFileWriterTest)  Time elapsed: 0.001 sec
testSingleColInt(com.linkedin.pinot.index.writer.FixedByteWidthRowColDataFileWriterTest)  Time elapsed: 0.001 sec
testSingleColLong(com.linkedin.pinot.index.writer.FixedByteWidthRowColDataFileWriterTest)  Time elapsed: 0.001 sec
testSpecialCharsForStringReaderWriter(com.linkedin.pinot.index.writer.FixedByteWidthRowColDataFileWriterTest)  Time elapsed: 0.007 sec
testSpecialPaddingCharsForStringReaderWriter(com.linkedin.pinot.index.writer.FixedByteWidthRowColDataFileWriterTest)  Time elapsed: 0.006 sec
Picked up JAVA_TOOL_OPTIONS: -XX:CICompilerCount=2 -XX:ParallelGCThreads=2 -XX:ConcGCThreads=2 -Djdk.net.URLClassPath.disableClassPathURLCheck=true -XX:CICompilerCount=2 -XX:ParallelGCThreads=2 -XX:ConcGCThreads=2 -Djdk.net.URLClassPath.disableClassPathURLCheck=true 
Picked up _JAVA_OPTIONS: -Djdk.net.URLClassPath.disableClassPathURLCheck=true
Running com.linkedin.pinot.queries.FastHllQueriesTest
Tests run: 2, Failures: 0, Errors: 0, Skipped: 0, Time elapsed: 8.952 sec - in com.linkedin.pinot.queries.FastHllQueriesTest
testFastHllWithPreGeneratedHllColumns(com.linkedin.pinot.queries.FastHllQueriesTest)  Time elapsed: 6.995 sec
testFastHllWithoutPreGeneratedHllColumns(com.linkedin.pinot.queries.FastHllQueriesTest)  Time elapsed: 1.69 sec
Picked up JAVA_TOOL_OPTIONS: -XX:CICompilerCount=2 -XX:ParallelGCThreads=2 -XX:ConcGCThreads=2 -Djdk.net.URLClassPath.disableClassPathURLCheck=true -XX:CICompilerCount=2 -XX:ParallelGCThreads=2 -XX:ConcGCThreads=2 -Djdk.net.URLClassPath.disableClassPathURLCheck=true 
Picked up _JAVA_OPTIONS: -Djdk.net.URLClassPath.disableClassPathURLCheck=true
Running com.linkedin.pinot.queries.BaseQueriesTest
Tests run: 0, Failures: 0, Errors: 0, Skipped: 0, Time elapsed: 0.157 sec - in com.linkedin.pinot.queries.BaseQueriesTest
Picked up JAVA_TOOL_OPTIONS: -XX:CICompilerCount=2 -XX:ParallelGCThreads=2 -XX:ConcGCThreads=2 -Djdk.net.URLClassPath.disableClassPathURLCheck=true -XX:CICompilerCount=2 -XX:ParallelGCThreads=2 -XX:ConcGCThreads=2 -Djdk.net.URLClassPath.disableClassPathURLCheck=true 
Picked up _JAVA_OPTIONS: -Djdk.net.URLClassPath.disableClassPathURLCheck=true
Running com.linkedin.pinot.queries.InnerSegmentAggregationMultiValueQueriesTest
Tests run: 6, Failures: 0, Errors: 0, Skipped: 0, Time elapsed: 3.455 sec - in com.linkedin.pinot.queries.InnerSegmentAggregationMultiValueQueriesTest
testAggregationOnly(com.linkedin.pinot.queries.InnerSegmentAggregationMultiValueQueriesTest)  Time elapsed: 0.369 sec
testLargeAggregationGroupBy(com.linkedin.pinot.queries.InnerSegmentAggregationMultiValueQueriesTest)  Time elapsed: 0.139 sec
testMediumAggregationGroupBy(com.linkedin.pinot.queries.InnerSegmentAggregationMultiValueQueriesTest)  Time elapsed: 0.092 sec
testMultiValueAggregationOnly(com.linkedin.pinot.queries.InnerSegmentAggregationMultiValueQueriesTest)  Time elapsed: 0.067 sec
testSmallAggregationGroupBy(com.linkedin.pinot.queries.InnerSegmentAggregationMultiValueQueriesTest)  Time elapsed: 0.047 sec
testVeryLargeAggregationGroupBy(com.linkedin.pinot.queries.InnerSegmentAggregationMultiValueQueriesTest)  Time elapsed: 0.135 sec
Picked up JAVA_TOOL_OPTIONS: -XX:CICompilerCount=2 -XX:ParallelGCThreads=2 -XX:ConcGCThreads=2 -Djdk.net.URLClassPath.disableClassPathURLCheck=true -XX:CICompilerCount=2 -XX:ParallelGCThreads=2 -XX:ConcGCThreads=2 -Djdk.net.URLClassPath.disableClassPathURLCheck=true 
Picked up _JAVA_OPTIONS: -Djdk.net.URLClassPath.disableClassPathURLCheck=true
Running com.linkedin.pinot.queries.BaseMultiValueQueriesTest
Tests run: 0, Failures: 0, Errors: 0, Skipped: 0, Time elapsed: 0.159 sec - in com.linkedin.pinot.queries.BaseMultiValueQueriesTest
Picked up JAVA_TOOL_OPTIONS: -XX:CICompilerCount=2 -XX:ParallelGCThreads=2 -XX:ConcGCThreads=2 -Djdk.net.URLClassPath.disableClassPathURLCheck=true -XX:CICompilerCount=2 -XX:ParallelGCThreads=2 -XX:ConcGCThreads=2 -Djdk.net.URLClassPath.disableClassPathURLCheck=true 
Picked up _JAVA_OPTIONS: -Djdk.net.URLClassPath.disableClassPathURLCheck=true
Running com.linkedin.pinot.queries.InnerSegmentSelectionMultiValueQueriesTest
Tests run: 3, Failures: 0, Errors: 0, Skipped: 0, Time elapsed: 2.911 sec - in com.linkedin.pinot.queries.InnerSegmentSelectionMultiValueQueriesTest
testSelectStar(com.linkedin.pinot.queries.InnerSegmentSelectionMultiValueQueriesTest)  Time elapsed: 0.233 sec
testSelectionOnly(com.linkedin.pinot.queries.InnerSegmentSelectionMultiValueQueriesTest)  Time elapsed: 0.014 sec
testSelectionOrderBy(com.linkedin.pinot.queries.InnerSegmentSelectionMultiValueQueriesTest)  Time elapsed: 0.106 sec
Picked up JAVA_TOOL_OPTIONS: -XX:CICompilerCount=2 -XX:ParallelGCThreads=2 -XX:ConcGCThreads=2 -Djdk.net.URLClassPath.disableClassPathURLCheck=true -XX:CICompilerCount=2 -XX:ParallelGCThreads=2 -XX:ConcGCThreads=2 -Djdk.net.URLClassPath.disableClassPathURLCheck=true 
Picked up _JAVA_OPTIONS: -Djdk.net.URLClassPath.disableClassPathURLCheck=true
Running com.linkedin.pinot.queries.BaseSingleValueQueriesTest
Tests run: 0, Failures: 0, Errors: 0, Skipped: 0, Time elapsed: 0.194 sec - in com.linkedin.pinot.queries.BaseSingleValueQueriesTest
Picked up JAVA_TOOL_OPTIONS: -XX:CICompilerCount=2 -XX:ParallelGCThreads=2 -XX:ConcGCThreads=2 -Djdk.net.URLClassPath.disableClassPathURLCheck=true -XX:CICompilerCount=2 -XX:ParallelGCThreads=2 -XX:ConcGCThreads=2 -Djdk.net.URLClassPath.disableClassPathURLCheck=true 
Picked up _JAVA_OPTIONS: -Djdk.net.URLClassPath.disableClassPathURLCheck=true
Running com.linkedin.pinot.queries.InnerSegmentAggregationSingleValueQueriesTest
Tests run: 5, Failures: 0, Errors: 0, Skipped: 0, Time elapsed: 2.187 sec - in com.linkedin.pinot.queries.InnerSegmentAggregationSingleValueQueriesTest
testAggregationOnly(com.linkedin.pinot.queries.InnerSegmentAggregationSingleValueQueriesTest)  Time elapsed: 0.308 sec
testLargeAggregationGroupBy(com.linkedin.pinot.queries.InnerSegmentAggregationSingleValueQueriesTest)  Time elapsed: 0.062 sec
testMediumAggregationGroupBy(com.linkedin.pinot.queries.InnerSegmentAggregationSingleValueQueriesTest)  Time elapsed: 0.032 sec
testSmallAggregationGroupBy(com.linkedin.pinot.queries.InnerSegmentAggregationSingleValueQueriesTest)  Time elapsed: 0.016 sec
testVeryLargeAggregationGroupBy(com.linkedin.pinot.queries.InnerSegmentAggregationSingleValueQueriesTest)  Time elapsed: 0.062 sec
Picked up JAVA_TOOL_OPTIONS: -XX:CICompilerCount=2 -XX:ParallelGCThreads=2 -XX:ConcGCThreads=2 -Djdk.net.URLClassPath.disableClassPathURLCheck=true -XX:CICompilerCount=2 -XX:ParallelGCThreads=2 -XX:ConcGCThreads=2 -Djdk.net.URLClassPath.disableClassPathURLCheck=true 
Picked up _JAVA_OPTIONS: -Djdk.net.URLClassPath.disableClassPathURLCheck=true
Running com.linkedin.pinot.queries.InterSegmentAggregationMultiValueQueriesTest
Tests run: 16, Failures: 0, Errors: 0, Skipped: 0, Time elapsed: 7.201 sec - in com.linkedin.pinot.queries.InterSegmentAggregationMultiValueQueriesTest
testAvgMV(com.linkedin.pinot.queries.InterSegmentAggregationMultiValueQueriesTest)  Time elapsed: 0.781 sec
testCountMV(com.linkedin.pinot.queries.InterSegmentAggregationMultiValueQueriesTest)  Time elapsed: 0.145 sec
testDistinctCountHLLMV(com.linkedin.pinot.queries.InterSegmentAggregationMultiValueQueriesTest)  Time elapsed: 0.232 sec
testDistinctCountMV(com.linkedin.pinot.queries.InterSegmentAggregationMultiValueQueriesTest)  Time elapsed: 0.181 sec
testMaxMV(com.linkedin.pinot.queries.InterSegmentAggregationMultiValueQueriesTest)  Time elapsed: 0.142 sec
testMinMV(com.linkedin.pinot.queries.InterSegmentAggregationMultiValueQueriesTest)  Time elapsed: 0.136 sec
testMinMaxRangeMV(com.linkedin.pinot.queries.InterSegmentAggregationMultiValueQueriesTest)  Time elapsed: 0.142 sec
testPercentile50MV(com.linkedin.pinot.queries.InterSegmentAggregationMultiValueQueriesTest)  Time elapsed: 0.616 sec
testPercentile90MV(com.linkedin.pinot.queries.InterSegmentAggregationMultiValueQueriesTest)  Time elapsed: 0.339 sec
testPercentile95MV(com.linkedin.pinot.queries.InterSegmentAggregationMultiValueQueriesTest)  Time elapsed: 0.338 sec
testPercentile99MV(com.linkedin.pinot.queries.InterSegmentAggregationMultiValueQueriesTest)  Time elapsed: 0.362 sec
testPercentileEst50MV(com.linkedin.pinot.queries.InterSegmentAggregationMultiValueQueriesTest)  Time elapsed: 0.475 sec
testPercentileEst90MV(com.linkedin.pinot.queries.InterSegmentAggregationMultiValueQueriesTest)  Time elapsed: 0.229 sec
testPercentileEst95MV(com.linkedin.pinot.queries.InterSegmentAggregationMultiValueQueriesTest)  Time elapsed: 0.231 sec
testPercentileEst99MV(com.linkedin.pinot.queries.InterSegmentAggregationMultiValueQueriesTest)  Time elapsed: 0.228 sec
testSumMV(com.linkedin.pinot.queries.InterSegmentAggregationMultiValueQueriesTest)  Time elapsed: 0.12 sec
Picked up JAVA_TOOL_OPTIONS: -XX:CICompilerCount=2 -XX:ParallelGCThreads=2 -XX:ConcGCThreads=2 -Djdk.net.URLClassPath.disableClassPathURLCheck=true -XX:CICompilerCount=2 -XX:ParallelGCThreads=2 -XX:ConcGCThreads=2 -Djdk.net.URLClassPath.disableClassPathURLCheck=true 
Picked up _JAVA_OPTIONS: -Djdk.net.URLClassPath.disableClassPathURLCheck=true
Running com.linkedin.pinot.queries.InnerSegmentSelectionSingleValueQueriesTest
Tests run: 3, Failures: 0, Errors: 0, Skipped: 0, Time elapsed: 1.921 sec - in com.linkedin.pinot.queries.InnerSegmentSelectionSingleValueQueriesTest
testSelectStar(com.linkedin.pinot.queries.InnerSegmentSelectionSingleValueQueriesTest)  Time elapsed: 0.193 sec
testSelectionOnly(com.linkedin.pinot.queries.InnerSegmentSelectionSingleValueQueriesTest)  Time elapsed: 0.032 sec
testSelectionOrderBy(com.linkedin.pinot.queries.InnerSegmentSelectionSingleValueQueriesTest)  Time elapsed: 0.05 sec
Picked up JAVA_TOOL_OPTIONS: -XX:CICompilerCount=2 -XX:ParallelGCThreads=2 -XX:ConcGCThreads=2 -Djdk.net.URLClassPath.disableClassPathURLCheck=true -XX:CICompilerCount=2 -XX:ParallelGCThreads=2 -XX:ConcGCThreads=2 -Djdk.net.URLClassPath.disableClassPathURLCheck=true 
Picked up _JAVA_OPTIONS: -Djdk.net.URLClassPath.disableClassPathURLCheck=true
Running com.linkedin.pinot.queries.InterSegmentAggregationSingleValueQueriesTest
Tests run: 16, Failures: 0, Errors: 0, Skipped: 0, Time elapsed: 4.467 sec - in com.linkedin.pinot.queries.InterSegmentAggregationSingleValueQueriesTest
testAvg(com.linkedin.pinot.queries.InterSegmentAggregationSingleValueQueriesTest)  Time elapsed: 0.718 sec
testCount(com.linkedin.pinot.queries.InterSegmentAggregationSingleValueQueriesTest)  Time elapsed: 0.089 sec
testDistinctCount(com.linkedin.pinot.queries.InterSegmentAggregationSingleValueQueriesTest)  Time elapsed: 0.189 sec
testDistinctCountHLL(com.linkedin.pinot.queries.InterSegmentAggregationSingleValueQueriesTest)  Time elapsed: 0.229 sec
testMax(com.linkedin.pinot.queries.InterSegmentAggregationSingleValueQueriesTest)  Time elapsed: 0.058 sec
testMin(com.linkedin.pinot.queries.InterSegmentAggregationSingleValueQueriesTest)  Time elapsed: 0.047 sec
testMinMaxRange(com.linkedin.pinot.queries.InterSegmentAggregationSingleValueQueriesTest)  Time elapsed: 0.065 sec
testPercentile50(com.linkedin.pinot.queries.InterSegmentAggregationSingleValueQueriesTest)  Time elapsed: 0.317 sec
testPercentile90(com.linkedin.pinot.queries.InterSegmentAggregationSingleValueQueriesTest)  Time elapsed: 0.14 sec
testPercentile95(com.linkedin.pinot.queries.InterSegmentAggregationSingleValueQueriesTest)  Time elapsed: 0.128 sec
testPercentile99(com.linkedin.pinot.queries.InterSegmentAggregationSingleValueQueriesTest)  Time elapsed: 0.146 sec
testPercentileEst50(com.linkedin.pinot.queries.InterSegmentAggregationSingleValueQueriesTest)  Time elapsed: 0.309 sec
testPercentileEst90(com.linkedin.pinot.queries.InterSegmentAggregationSingleValueQueriesTest)  Time elapsed: 0.114 sec
testPercentileEst95(com.linkedin.pinot.queries.InterSegmentAggregationSingleValueQueriesTest)  Time elapsed: 0.095 sec
testPercentileEst99(com.linkedin.pinot.queries.InterSegmentAggregationSingleValueQueriesTest)  Time elapsed: 0.092 sec
testSum(com.linkedin.pinot.queries.InterSegmentAggregationSingleValueQueriesTest)  Time elapsed: 0.044 sec
Picked up JAVA_TOOL_OPTIONS: -XX:CICompilerCount=2 -XX:ParallelGCThreads=2 -XX:ConcGCThreads=2 -Djdk.net.URLClassPath.disableClassPathURLCheck=true -XX:CICompilerCount=2 -XX:ParallelGCThreads=2 -XX:ConcGCThreads=2 -Djdk.net.URLClassPath.disableClassPathURLCheck=true 
Picked up _JAVA_OPTIONS: -Djdk.net.URLClassPath.disableClassPathURLCheck=true
Running com.linkedin.pinot.segments.v1.creator.DictionariesTest
Tests run: 10, Failures: 0, Errors: 0, Skipped: 0, Time elapsed: 2.049 sec - in com.linkedin.pinot.segments.v1.creator.DictionariesTest
test1(com.linkedin.pinot.segments.v1.creator.DictionariesTest)  Time elapsed: 0.177 sec
test2(com.linkedin.pinot.segments.v1.creator.DictionariesTest)  Time elapsed: 0.141 sec
testDoubleColumnPreIndexStatsCollector(com.linkedin.pinot.segments.v1.creator.DictionariesTest)  Time elapsed: 0.007 sec
testFloatColumnPreIndexStatsCollector(com.linkedin.pinot.segments.v1.creator.DictionariesTest)  Time elapsed: 0.006 sec
testIntColumnPreIndexStatsCollector(com.linkedin.pinot.segments.v1.creator.DictionariesTest)  Time elapsed: 0 sec
testLongColumnPreIndexStatsCollector(com.linkedin.pinot.segments.v1.creator.DictionariesTest)  Time elapsed: 0 sec
testSingleEmptyString(com.linkedin.pinot.segments.v1.creator.DictionariesTest)  Time elapsed: 0.001 sec
testStringColumnPreIndexStatsCollectorForBoolean(com.linkedin.pinot.segments.v1.creator.DictionariesTest)  Time elapsed: 0 sec
testStringColumnPreIndexStatsCollectorForRandomString(com.linkedin.pinot.segments.v1.creator.DictionariesTest)  Time elapsed: 0 sec
testUTF8Characters(com.linkedin.pinot.segments.v1.creator.DictionariesTest)  Time elapsed: 0.001 sec
Picked up JAVA_TOOL_OPTIONS: -XX:CICompilerCount=2 -XX:ParallelGCThreads=2 -XX:ConcGCThreads=2 -Djdk.net.URLClassPath.disableClassPathURLCheck=true -XX:CICompilerCount=2 -XX:ParallelGCThreads=2 -XX:ConcGCThreads=2 -Djdk.net.URLClassPath.disableClassPathURLCheck=true 
Picked up _JAVA_OPTIONS: -Djdk.net.URLClassPath.disableClassPathURLCheck=true
Running com.linkedin.pinot.segments.v1.creator.OnHeapDictionariesTest
Tests run: 1, Failures: 0, Errors: 0, Skipped: 0, Time elapsed: 0.645 sec - in com.linkedin.pinot.segments.v1.creator.OnHeapDictionariesTest
test(com.linkedin.pinot.segments.v1.creator.OnHeapDictionariesTest)  Time elapsed: 0.004 sec
Picked up JAVA_TOOL_OPTIONS: -XX:CICompilerCount=2 -XX:ParallelGCThreads=2 -XX:ConcGCThreads=2 -Djdk.net.URLClassPath.disableClassPathURLCheck=true -XX:CICompilerCount=2 -XX:ParallelGCThreads=2 -XX:ConcGCThreads=2 -Djdk.net.URLClassPath.disableClassPathURLCheck=true 
Picked up _JAVA_OPTIONS: -Djdk.net.URLClassPath.disableClassPathURLCheck=true
Running com.linkedin.pinot.segments.v1.creator.BitmapInvertedIndexTest
Tests run: 1, Failures: 0, Errors: 0, Skipped: 0, Time elapsed: 1.927 sec - in com.linkedin.pinot.segments.v1.creator.BitmapInvertedIndexTest
testBitmapInvertedIndex(com.linkedin.pinot.segments.v1.creator.BitmapInvertedIndexTest)  Time elapsed: 0.309 sec
Picked up JAVA_TOOL_OPTIONS: -XX:CICompilerCount=2 -XX:ParallelGCThreads=2 -XX:ConcGCThreads=2 -Djdk.net.URLClassPath.disableClassPathURLCheck=true -XX:CICompilerCount=2 -XX:ParallelGCThreads=2 -XX:ConcGCThreads=2 -Djdk.net.URLClassPath.disableClassPathURLCheck=true 
Picked up _JAVA_OPTIONS: -Djdk.net.URLClassPath.disableClassPathURLCheck=true
Running com.linkedin.pinot.segments.v1.creator.IntArraysTest
Tests run: 1, Failures: 0, Errors: 0, Skipped: 0, Time elapsed: 6.559 sec - in com.linkedin.pinot.segments.v1.creator.IntArraysTest
test1(com.linkedin.pinot.segments.v1.creator.IntArraysTest)  Time elapsed: 0.671 sec
Picked up JAVA_TOOL_OPTIONS: -XX:CICompilerCount=2 -XX:ParallelGCThreads=2 -XX:ConcGCThreads=2 -Djdk.net.URLClassPath.disableClassPathURLCheck=true -XX:CICompilerCount=2 -XX:ParallelGCThreads=2 -XX:ConcGCThreads=2 -Djdk.net.URLClassPath.disableClassPathURLCheck=true 
Picked up _JAVA_OPTIONS: -Djdk.net.URLClassPath.disableClassPathURLCheck=true
Running com.linkedin.pinot.segments.v1.creator.BitmapInvertedIndexCreatorTest
Tests run: 2, Failures: 0, Errors: 0, Skipped: 0, Time elapsed: 0.288 sec - in com.linkedin.pinot.segments.v1.creator.BitmapInvertedIndexCreatorTest
testMultiValue(com.linkedin.pinot.segments.v1.creator.BitmapInvertedIndexCreatorTest)  Time elapsed: 0.085 sec
testSingleValue(com.linkedin.pinot.segments.v1.creator.BitmapInvertedIndexCreatorTest)  Time elapsed: 0.002 sec
Picked up JAVA_TOOL_OPTIONS: -XX:CICompilerCount=2 -XX:ParallelGCThreads=2 -XX:ConcGCThreads=2 -Djdk.net.URLClassPath.disableClassPathURLCheck=true -XX:CICompilerCount=2 -XX:ParallelGCThreads=2 -XX:ConcGCThreads=2 -Djdk.net.URLClassPath.disableClassPathURLCheck=true 
Picked up _JAVA_OPTIONS: -Djdk.net.URLClassPath.disableClassPathURLCheck=true
Running com.linkedin.pinot.segments.v1.creator.BlocksTest
Tests run: 0, Failures: 0, Errors: 0, Skipped: 0, Time elapsed: 0.174 sec - in com.linkedin.pinot.segments.v1.creator.BlocksTest
Picked up JAVA_TOOL_OPTIONS: -XX:CICompilerCount=2 -XX:ParallelGCThreads=2 -XX:ConcGCThreads=2 -Djdk.net.URLClassPath.disableClassPathURLCheck=true -XX:CICompilerCount=2 -XX:ParallelGCThreads=2 -XX:ConcGCThreads=2 -Djdk.net.URLClassPath.disableClassPathURLCheck=true 
Picked up _JAVA_OPTIONS: -Djdk.net.URLClassPath.disableClassPathURLCheck=true
Running com.linkedin.pinot.util.IntDoubleIndexedPriorityQueueTest
Tests run: 2, Failures: 0, Errors: 0, Skipped: 0, Time elapsed: 0.253 sec - in com.linkedin.pinot.util.IntDoubleIndexedPriorityQueueTest
testMax(com.linkedin.pinot.util.IntDoubleIndexedPriorityQueueTest)  Time elapsed: 0.065 sec
testMin(com.linkedin.pinot.util.IntDoubleIndexedPriorityQueueTest)  Time elapsed: 0.013 sec
Picked up JAVA_TOOL_OPTIONS: -XX:CICompilerCount=2 -XX:ParallelGCThreads=2 -XX:ConcGCThreads=2 -Djdk.net.URLClassPath.disableClassPathURLCheck=true -XX:CICompilerCount=2 -XX:ParallelGCThreads=2 -XX:ConcGCThreads=2 -Djdk.net.URLClassPath.disableClassPathURLCheck=true 
Picked up _JAVA_OPTIONS: -Djdk.net.URLClassPath.disableClassPathURLCheck=true
Running com.linkedin.pinot.util.TestUtils
Tests run: 0, Failures: 0, Errors: 0, Skipped: 0, Time elapsed: 0.176 sec - in com.linkedin.pinot.util.TestUtils
Picked up JAVA_TOOL_OPTIONS: -XX:CICompilerCount=2 -XX:ParallelGCThreads=2 -XX:ConcGCThreads=2 -Djdk.net.URLClassPath.disableClassPathURLCheck=true -XX:CICompilerCount=2 -XX:ParallelGCThreads=2 -XX:ConcGCThreads=2 -Djdk.net.URLClassPath.disableClassPathURLCheck=true 
Picked up _JAVA_OPTIONS: -Djdk.net.URLClassPath.disableClassPathURLCheck=true
Running com.linkedin.pinot.util.IntObjectIndexedPriorityQueueTest
Tests run: 2, Failures: 0, Errors: 0, Skipped: 0, Time elapsed: 0.277 sec - in com.linkedin.pinot.util.IntObjectIndexedPriorityQueueTest
testMax(com.linkedin.pinot.util.IntObjectIndexedPriorityQueueTest)  Time elapsed: 0.069 sec
testMin(com.linkedin.pinot.util.IntObjectIndexedPriorityQueueTest)  Time elapsed: 0.019 sec
Picked up JAVA_TOOL_OPTIONS: -XX:CICompilerCount=2 -XX:ParallelGCThreads=2 -XX:ConcGCThreads=2 -Djdk.net.URLClassPath.disableClassPathURLCheck=true -XX:CICompilerCount=2 -XX:ParallelGCThreads=2 -XX:ConcGCThreads=2 -Djdk.net.URLClassPath.disableClassPathURLCheck=true 
Picked up _JAVA_OPTIONS: -Djdk.net.URLClassPath.disableClassPathURLCheck=true
Running com.linkedin.pinot.operator.filter.OrOperatorTest
Tests run: 3, Failures: 0, Errors: 0, Skipped: 0, Time elapsed: 0.264 sec - in com.linkedin.pinot.operator.filter.OrOperatorTest
testComplex(com.linkedin.pinot.operator.filter.OrOperatorTest)  Time elapsed: 0.072 sec
testUnionForThreeLists(com.linkedin.pinot.operator.filter.OrOperatorTest)  Time elapsed: 0.001 sec
testUnionForTwoLists(com.linkedin.pinot.operator.filter.OrOperatorTest)  Time elapsed: 0.001 sec
Picked up JAVA_TOOL_OPTIONS: -XX:CICompilerCount=2 -XX:ParallelGCThreads=2 -XX:ConcGCThreads=2 -Djdk.net.URLClassPath.disableClassPathURLCheck=true -XX:CICompilerCount=2 -XX:ParallelGCThreads=2 -XX:ConcGCThreads=2 -Djdk.net.URLClassPath.disableClassPathURLCheck=true 
Picked up _JAVA_OPTIONS: -Djdk.net.URLClassPath.disableClassPathURLCheck=true
Running com.linkedin.pinot.operator.filter.IntRangesTest
Tests run: 4, Failures: 0, Errors: 0, Skipped: 0, Time elapsed: 0.231 sec - in com.linkedin.pinot.operator.filter.IntRangesTest
testClip(com.linkedin.pinot.operator.filter.IntRangesTest)  Time elapsed: 0.008 sec
testIsDegenerate(com.linkedin.pinot.operator.filter.IntRangesTest)  Time elapsed: 0.001 sec
testMergeIntoFirst(com.linkedin.pinot.operator.filter.IntRangesTest)  Time elapsed: 0.001 sec
testRangesAreMergeable(com.linkedin.pinot.operator.filter.IntRangesTest)  Time elapsed: 0 sec
Picked up JAVA_TOOL_OPTIONS: -XX:CICompilerCount=2 -XX:ParallelGCThreads=2 -XX:ConcGCThreads=2 -Djdk.net.URLClassPath.disableClassPathURLCheck=true -XX:CICompilerCount=2 -XX:ParallelGCThreads=2 -XX:ConcGCThreads=2 -Djdk.net.URLClassPath.disableClassPathURLCheck=true 
Picked up _JAVA_OPTIONS: -Djdk.net.URLClassPath.disableClassPathURLCheck=true
Running com.linkedin.pinot.operator.filter.AndOperatorTest
Tests run: 4, Failures: 0, Errors: 0, Skipped: 0, Time elapsed: 0.256 sec - in com.linkedin.pinot.operator.filter.AndOperatorTest
testComplex(com.linkedin.pinot.operator.filter.AndOperatorTest)  Time elapsed: 0.068 sec
testComplexWithOr(com.linkedin.pinot.operator.filter.AndOperatorTest)  Time elapsed: 0.001 sec
testIntersectionForThreeLists(com.linkedin.pinot.operator.filter.AndOperatorTest)  Time elapsed: 0 sec
testIntersectionForTwoLists(com.linkedin.pinot.operator.filter.AndOperatorTest)  Time elapsed: 0 sec
Picked up JAVA_TOOL_OPTIONS: -XX:CICompilerCount=2 -XX:ParallelGCThreads=2 -XX:ConcGCThreads=2 -Djdk.net.URLClassPath.disableClassPathURLCheck=true -XX:CICompilerCount=2 -XX:ParallelGCThreads=2 -XX:ConcGCThreads=2 -Djdk.net.URLClassPath.disableClassPathURLCheck=true 
Picked up _JAVA_OPTIONS: -Djdk.net.URLClassPath.disableClassPathURLCheck=true
Running com.linkedin.pinot.server.realtime.ControllerLeaderLocatorTest
ControllerLeaderLocator - Could not locate controller leader, exception
java.lang.RuntimeException
	at com.linkedin.pinot.server.realtime.ControllerLeaderLocator.getControllerLeader(ControllerLeaderLocator.java:85)
	at com.linkedin.pinot.server.realtime.ControllerLeaderLocatorTest.testNoControllerLeader(ControllerLeaderLocatorTest.java:50)
	at sun.reflect.NativeMethodAccessorImpl.invoke0(Native Method)
	at sun.reflect.NativeMethodAccessorImpl.invoke(NativeMethodAccessorImpl.java:57)
	at sun.reflect.DelegatingMethodAccessorImpl.invoke(DelegatingMethodAccessorImpl.java:43)
	at java.lang.reflect.Method.invoke(Method.java:606)
	at org.testng.internal.MethodInvocationHelper.invokeMethod(MethodInvocationHelper.java:76)
	at org.testng.internal.Invoker.invokeMethod(Invoker.java:673)
	at org.testng.internal.Invoker.invokeTestMethod(Invoker.java:846)
	at org.testng.internal.Invoker.invokeTestMethods(Invoker.java:1170)
	at org.testng.internal.TestMethodWorker.invokeTestMethods(TestMethodWorker.java:125)
	at org.testng.internal.TestMethodWorker.run(TestMethodWorker.java:109)
	at org.testng.TestRunner.runWorkers(TestRunner.java:1147)
	at org.testng.TestRunner.privateRun(TestRunner.java:749)
	at org.testng.TestRunner.run(TestRunner.java:600)
	at org.testng.SuiteRunner.runTest(SuiteRunner.java:317)
	at org.testng.SuiteRunner.runSequentially(SuiteRunner.java:312)
	at org.testng.SuiteRunner.privateRun(SuiteRunner.java:274)
	at org.testng.SuiteRunner.run(SuiteRunner.java:223)
	at org.testng.SuiteRunnerWorker.runSuite(SuiteRunnerWorker.java:52)
	at org.testng.SuiteRunnerWorker.run(SuiteRunnerWorker.java:86)
	at org.testng.TestNG.runSuitesSequentially(TestNG.java:1039)
	at org.testng.TestNG.runSuitesLocally(TestNG.java:964)
	at org.testng.TestNG.run(TestNG.java:900)
	at org.apache.maven.surefire.testng.TestNGExecutor.run(TestNGExecutor.java:132)
	at org.apache.maven.surefire.testng.TestNGDirectoryTestSuite.executeSingleClass(TestNGDirectoryTestSuite.java:134)
	at org.apache.maven.surefire.testng.TestNGDirectoryTestSuite.execute(TestNGDirectoryTestSuite.java:118)
	at org.apache.maven.surefire.testng.TestNGProvider.invoke(TestNGProvider.java:146)
	at org.apache.maven.surefire.booter.ForkedBooter.invokeProviderInSameClassLoader(ForkedBooter.java:286)
	at org.apache.maven.surefire.booter.ForkedBooter.runSuitesInProcess(ForkedBooter.java:240)
	at org.apache.maven.surefire.booter.ForkedBooter.main(ForkedBooter.java:121)
Tests run: 2, Failures: 0, Errors: 0, Skipped: 0, Time elapsed: 1.365 sec - in com.linkedin.pinot.server.realtime.ControllerLeaderLocatorTest
testControllerLeaderExists(com.linkedin.pinot.server.realtime.ControllerLeaderLocatorTest)  Time elapsed: 1.176 sec
testNoControllerLeader(com.linkedin.pinot.server.realtime.ControllerLeaderLocatorTest)  Time elapsed: 0.004 sec

Results :

Failed tests: 
  LLRealtimeSegmentDataManagerTest.testSegmentBuildException:268 » NullPointer

Tests run: 443, Failures: 1, Errors: 0, Skipped: 0

[INFO] ------------------------------------------------------------------------
[INFO] BUILD FAILURE
[INFO] ------------------------------------------------------------------------
[INFO] Total time: 08:04 min
[INFO] Finished at: 2020-03-12T03:41:51-07:00
[INFO] Final Memory: 20M/1215M
[INFO] ------------------------------------------------------------------------
[ERROR] Failed to execute goal org.apache.maven.plugins:maven-surefire-plugin:2.19:test (default-test) on project pinot-core: There are test failures.
[ERROR] 
[ERROR] Please refer to /bam/scratch/tmp-rta/Bears_linkedin-pinot_342188288-342446553_java-7/pinot-core/target/surefire-reports for the individual test results.
[ERROR] -> [Help 1]
[ERROR] 
[ERROR] To see the full stack trace of the errors, re-run Maven with the -e switch.
[ERROR] Re-run Maven using the -X switch to enable full debug logging.
[ERROR] 
[ERROR] For more information about the errors and possible solutions, please read the following articles:
[ERROR] [Help 1] http://cwiki.apache.org/confluence/display/MAVEN/MojoFailureException
