Picked up JAVA_TOOL_OPTIONS: -XX:CICompilerCount=2 -XX:ParallelGCThreads=2 -XX:ConcGCThreads=2 -Djdk.net.URLClassPath.disableClassPathURLCheck=true 
Picked up _JAVA_OPTIONS: -Djdk.net.URLClassPath.disableClassPathURLCheck=true
Apache Maven 3.5.0 (Red Hat 3.5.0-4.3)
Maven home: /opt/rh/rh-maven35/root/usr/share/maven
Java version: 1.8.0_181, vendor: Oracle Corporation
Java home: /scratch/rjust/projects/calling-bs/repair-them-all/RepairThemAll/jdks/jdk1.8.0_181/jre
Default locale: en_US, platform encoding: UTF-8
OS name: "linux", version: "4.14.132-1.el7.retpoline.x86_64", arch: "amd64", family: "unix"
[INFO] Scanning for projects...
[INFO] 
[INFO] ------------------------------------------------------------------------
[INFO] Building Proxy 1.6.0-SNAPSHOT
[INFO] ------------------------------------------------------------------------
[INFO] 
[INFO] --- maven-sortpom-plugin:2.1.0:verify (verify-sorted-pom) @ accumulo-proxy ---
[INFO] Verifying file /tmp/Arja_Bugs.jar_Accumulo_813109d7/proxy/pom.xml
[INFO] 
[INFO] --- maven-enforcer-plugin:1.0.1:enforce (enforce-mvn) @ accumulo-proxy ---
[INFO] Skipping Rule Enforcement.
[INFO] 
[INFO] --- maven-remote-resources-plugin:1.4:process (default) @ accumulo-proxy ---
[INFO] 
[INFO] --- maven-resources-plugin:2.6:resources (default-resources) @ accumulo-proxy ---
[INFO] Using 'UTF-8' encoding to copy filtered resources.
[INFO] skip non existing resourceDirectory /tmp/Arja_Bugs.jar_Accumulo_813109d7/proxy/src/main/resources
[INFO] Copying 3 resources
[INFO] 
[INFO] --- maven-compiler-plugin:2.5.1:compile (default-compile) @ accumulo-proxy ---
[INFO] Nothing to compile - all classes are up to date
[INFO] 
[INFO] --- maven-resources-plugin:2.6:testResources (default-testResources) @ accumulo-proxy ---
[INFO] Using 'UTF-8' encoding to copy filtered resources.
[INFO] Copying 1 resource
[INFO] Copying 3 resources
[INFO] 
[INFO] --- maven-compiler-plugin:2.5.1:testCompile (default-testCompile) @ accumulo-proxy ---
[INFO] Nothing to compile - all classes are up to date
[INFO] 
[INFO] --- maven-surefire-plugin:2.12.4:test (default-test) @ accumulo-proxy ---
[INFO] Surefire report directory: /tmp/Arja_Bugs.jar_Accumulo_813109d7/proxy/target/surefire-reports
[INFO] Downloading: https://repo.maven.apache.org/maven2/org/apache/maven/surefire/surefire-junit4/2.12.4/surefire-junit4-2.12.4.pom
[INFO] Downloaded: https://repo.maven.apache.org/maven2/org/apache/maven/surefire/surefire-junit4/2.12.4/surefire-junit4-2.12.4.pom (2.4 kB at 8.8 kB/s)
[INFO] Downloading: https://repo.maven.apache.org/maven2/org/apache/maven/surefire/surefire-providers/2.12.4/surefire-providers-2.12.4.pom
[INFO] Downloaded: https://repo.maven.apache.org/maven2/org/apache/maven/surefire/surefire-providers/2.12.4/surefire-providers-2.12.4.pom (2.3 kB at 196 kB/s)
[INFO] Downloading: https://repo.maven.apache.org/maven2/org/apache/maven/surefire/surefire-junit4/2.12.4/surefire-junit4-2.12.4.jar
[INFO] Downloaded: https://repo.maven.apache.org/maven2/org/apache/maven/surefire/surefire-junit4/2.12.4/surefire-junit4-2.12.4.jar (37 kB at 1.2 MB/s)

-------------------------------------------------------
 T E S T S
-------------------------------------------------------
Picked up JAVA_TOOL_OPTIONS: -XX:CICompilerCount=2 -XX:ParallelGCThreads=2 -XX:ConcGCThreads=2 -Djdk.net.URLClassPath.disableClassPathURLCheck=true -XX:CICompilerCount=2 -XX:ParallelGCThreads=2 -XX:ConcGCThreads=2 -Djdk.net.URLClassPath.disableClassPathURLCheck=true 
Picked up _JAVA_OPTIONS: -Djdk.net.URLClassPath.disableClassPathURLCheck=true
Running org.apache.accumulo.proxy.TestProxySecurityOperations
Tests run: 5, Failures: 0, Errors: 0, Skipped: 0, Time elapsed: 0.739 sec
Running org.apache.accumulo.proxy.TestProxyTableOperations
Tests run: 7, Failures: 0, Errors: 0, Skipped: 0, Time elapsed: 0.224 sec
Running org.apache.accumulo.proxy.TestProxyInstanceOperations
Tests run: 2, Failures: 0, Errors: 0, Skipped: 0, Time elapsed: 0.15 sec
Running org.apache.accumulo.proxy.SimpleTest
Tests run: 5, Failures: 0, Errors: 1, Skipped: 0, Time elapsed: 17.087 sec <<< FAILURE!
tableNotFound(org.apache.accumulo.proxy.SimpleTest)  Time elapsed: 0.023 sec  <<< ERROR!
org.apache.thrift.TApplicationException: addConstraint failed: unknown result
	at org.apache.accumulo.proxy.thrift.AccumuloProxy$Client.recv_addConstraint(AccumuloProxy.java:418)
	at org.apache.accumulo.proxy.thrift.AccumuloProxy$Client.addConstraint(AccumuloProxy.java:393)
	at org.apache.accumulo.proxy.SimpleTest.tableNotFound(SimpleTest.java:165)
	at sun.reflect.NativeMethodAccessorImpl.invoke0(Native Method)
	at sun.reflect.NativeMethodAccessorImpl.invoke(NativeMethodAccessorImpl.java:62)
	at sun.reflect.DelegatingMethodAccessorImpl.invoke(DelegatingMethodAccessorImpl.java:43)
	at java.lang.reflect.Method.invoke(Method.java:498)
	at org.junit.runners.model.FrameworkMethod$1.runReflectiveCall(FrameworkMethod.java:47)
	at org.junit.internal.runners.model.ReflectiveCallable.run(ReflectiveCallable.java:12)
	at org.junit.runners.model.FrameworkMethod.invokeExplosively(FrameworkMethod.java:44)
	at org.junit.internal.runners.statements.InvokeMethod.evaluate(InvokeMethod.java:17)
	at org.junit.internal.runners.statements.FailOnTimeout$StatementThread.run(FailOnTimeout.java:74)

Running org.apache.accumulo.proxy.TestProxyReadWrite
Tests run: 8, Failures: 0, Errors: 0, Skipped: 0, Time elapsed: 6.558 sec

Results :

Tests in error: 
  tableNotFound(org.apache.accumulo.proxy.SimpleTest): addConstraint failed: unknown result

Tests run: 27, Failures: 0, Errors: 1, Skipped: 0

[INFO] ------------------------------------------------------------------------
[INFO] BUILD FAILURE
[INFO] ------------------------------------------------------------------------
[INFO] Total time: 28.959 s
[INFO] Finished at: 2019-08-21T13:34:02-07:00
[INFO] Final Memory: 27M/1150M
[INFO] ------------------------------------------------------------------------
[ERROR] Failed to execute goal org.apache.maven.plugins:maven-surefire-plugin:2.12.4:test (default-test) on project accumulo-proxy: There are test failures.
[ERROR] 
[ERROR] Please refer to /tmp/Arja_Bugs.jar_Accumulo_813109d7/proxy/target/surefire-reports for the individual test results.
[ERROR] -> [Help 1]
[ERROR] 
[ERROR] To see the full stack trace of the errors, re-run Maven with the -e switch.
[ERROR] Re-run Maven using the -X switch to enable full debug logging.
[ERROR] 
[ERROR] For more information about the errors and possible solutions, please read the following articles:
[ERROR] [Help 1] http://cwiki.apache.org/confluence/display/MAVEN/MojoFailureException
