Picked up JAVA_TOOL_OPTIONS: -XX:CICompilerCount=2 -XX:ParallelGCThreads=2 -XX:ConcGCThreads=2 -Djdk.net.URLClassPath.disableClassPathURLCheck=true 
Picked up _JAVA_OPTIONS: -Djdk.net.URLClassPath.disableClassPathURLCheck=true
Apache Maven 3.5.0 (Red Hat 3.5.0-4.3)
Maven home: /opt/rh/rh-maven35/root/usr/share/maven
Java version: 1.7.0_80, vendor: Oracle Corporation
Java home: /bam/scratch/jmcampos/RTA/repair_them_all_framework/jdks/jdk1.7.0_80/jre
Default locale: en_US, platform encoding: UTF-8
OS name: "linux", version: "4.14.147-1.el7.retpoline.x86_64", arch: "amd64", family: "unix"
[INFO] Scanning for projects...
[INFO] 
[INFO] ------------------------------------------------------------------------
[INFO] Building Apache Log4j Flume NG Bridge 2.0-beta7-SNAPSHOT
[INFO] ------------------------------------------------------------------------
[INFO] Downloading: http://download.oracle.com/maven/org/apache/logging/log4j/log4j-api/2.0-beta7-SNAPSHOT/maven-metadata.xml
[INFO] Downloading: http://repository.apache.org/snapshots/org/apache/logging/log4j/log4j-api/2.0-beta7-SNAPSHOT/maven-metadata.xml
[INFO] Downloading: http://download.oracle.com/maven/org/apache/logging/log4j/log4j/2.0-beta7-SNAPSHOT/maven-metadata.xml
[INFO] Downloading: http://repository.apache.org/snapshots/org/apache/logging/log4j/log4j/2.0-beta7-SNAPSHOT/maven-metadata.xml
[INFO] Downloading: http://download.oracle.com/maven/org/apache/logging/log4j/log4j-core/2.0-beta7-SNAPSHOT/maven-metadata.xml
[INFO] Downloading: http://repository.apache.org/snapshots/org/apache/logging/log4j/log4j-core/2.0-beta7-SNAPSHOT/maven-metadata.xml
[INFO] Downloading: http://download.oracle.com/maven/org/apache/logging/log4j/log4j-slf4j-impl/2.0-beta7-SNAPSHOT/maven-metadata.xml
[INFO] Downloading: http://repository.apache.org/snapshots/org/apache/logging/log4j/log4j-slf4j-impl/2.0-beta7-SNAPSHOT/maven-metadata.xml
[INFO] Downloading: http://download.oracle.com/maven/org/apache/logging/log4j/log4j-1.2-api/2.0-beta7-SNAPSHOT/maven-metadata.xml
[INFO] Downloading: http://repository.apache.org/snapshots/org/apache/logging/log4j/log4j-1.2-api/2.0-beta7-SNAPSHOT/maven-metadata.xml
[INFO] 
[INFO] --- maven-remote-resources-plugin:1.1:process (default) @ log4j-flume-ng ---
[INFO] Setting property: classpath.resource.loader.class => 'org.codehaus.plexus.velocity.ContextClassLoaderResourceLoader'.
[INFO] Setting property: velocimacro.messages.on => 'false'.
[INFO] Setting property: resource.loader => 'classpath'.
[INFO] Setting property: resource.manager.logwhenfound => 'false'.
[INFO] 
[INFO] --- maven-resources-plugin:2.5:resources (default-resources) @ log4j-flume-ng ---
[debug] execute contextualize
[INFO] Using 'UTF-8' encoding to copy filtered resources.
[INFO] skip non existing resourceDirectory /bam/scratch/Bugs.jar_Logging-Log4J2_8faf7f77_java-7/flume-ng/src/main/resources
[INFO] Copying 3 resources
[INFO] 
[INFO] --- maven-compiler-plugin:3.1:compile (default-compile) @ log4j-flume-ng ---
[INFO] Changes detected - recompiling the module!
[INFO] Compiling 13 source files to /bam/scratch/Bugs.jar_Logging-Log4J2_8faf7f77_java-7/flume-ng/target/classes
[WARNING] bootstrap class path not set in conjunction with -source 1.6
[WARNING] /bam/scratch/Bugs.jar_Logging-Log4J2_8faf7f77_java-7/flume-ng/src/main/java/org/apache/logging/log4j/flume/appender/FlumePersistentManager.java:[298,39] found raw type: org.apache.logging.log4j.core.config.plugins.PluginType
  missing type arguments for generic class org.apache.logging.log4j.core.config.plugins.PluginType<T>
[WARNING] /bam/scratch/Bugs.jar_Logging-Log4J2_8faf7f77_java-7/flume-ng/src/main/java/org/apache/logging/log4j/flume/appender/FlumePersistentManager.java:[301,48] found raw type: org.apache.logging.log4j.core.config.plugins.PluginType
  missing type arguments for generic class org.apache.logging.log4j.core.config.plugins.PluginType<T>
[WARNING] /bam/scratch/Bugs.jar_Logging-Log4J2_8faf7f77_java-7/flume-ng/src/main/java/org/apache/logging/log4j/flume/appender/FlumePersistentManager.java:[304,33] found raw type: java.lang.Class
  missing type arguments for generic class java.lang.Class<T>
[INFO] 
[INFO] --- maven-bundle-plugin:2.3.7:manifest (bundle-manifest) @ log4j-flume-ng ---
[INFO] 
[INFO] >>> exec-maven-plugin:1.2.1:java (default) > validate @ log4j-flume-ng >>>
[INFO] 
[INFO] <<< exec-maven-plugin:1.2.1:java (default) < validate @ log4j-flume-ng <<<
[INFO] 
[INFO] 
[INFO] --- exec-maven-plugin:1.2.1:java (default) @ log4j-flume-ng ---
[INFO] 
[INFO] --- maven-resources-plugin:2.5:testResources (default-testResources) @ log4j-flume-ng ---
[debug] execute contextualize
[INFO] Using 'UTF-8' encoding to copy filtered resources.
[INFO] Copying 3 resources
[INFO] Copying 3 resources
[INFO] 
[INFO] --- maven-compiler-plugin:3.1:testCompile (default-testCompile) @ log4j-flume-ng ---
[INFO] Nothing to compile - all classes are up to date
[INFO] 
[INFO] --- maven-surefire-plugin:2.14.1:test (default-test) @ log4j-flume-ng ---
[WARNING] The parameter forkMode is deprecated since version 2.14. Use forkCount and reuseForks instead.
[INFO] Surefire report directory: /bam/scratch/Bugs.jar_Logging-Log4J2_8faf7f77_java-7/flume-ng/target/surefire-reports
[INFO] Downloading: https://repository.apache.org/content/repositories/releases/org/apache/maven/surefire/surefire-junit4/2.14.1/surefire-junit4-2.14.1.pom
[INFO] Downloaded: https://repository.apache.org/content/repositories/releases/org/apache/maven/surefire/surefire-junit4/2.14.1/surefire-junit4-2.14.1.pom (2.5 kB at 322 B/s)
[INFO] Downloading: https://repository.apache.org/content/repositories/releases/org/apache/maven/surefire/surefire-providers/2.14.1/surefire-providers-2.14.1.pom
[INFO] Downloaded: https://repository.apache.org/content/repositories/releases/org/apache/maven/surefire/surefire-providers/2.14.1/surefire-providers-2.14.1.pom (2.4 kB at 270 B/s)
[INFO] Downloading: https://repository.apache.org/content/repositories/releases/org/apache/maven/surefire/surefire-junit4/2.14.1/surefire-junit4-2.14.1.jar
[INFO] Downloaded: https://repository.apache.org/content/repositories/releases/org/apache/maven/surefire/surefire-junit4/2.14.1/surefire-junit4-2.14.1.jar (79 kB at 89 kB/s)

-------------------------------------------------------
 T E S T S
-------------------------------------------------------

-------------------------------------------------------
 T E S T S
-------------------------------------------------------
Picked up JAVA_TOOL_OPTIONS: -XX:CICompilerCount=2 -XX:ParallelGCThreads=2 -XX:ConcGCThreads=2 -Djdk.net.URLClassPath.disableClassPathURLCheck=true -XX:CICompilerCount=2 -XX:ParallelGCThreads=2 -XX:ConcGCThreads=2 -Djdk.net.URLClassPath.disableClassPathURLCheck=true 
Picked up _JAVA_OPTIONS: -Djdk.net.URLClassPath.disableClassPathURLCheck=true
Running org.apache.logging.log4j.flume.appender.FlumeEmbeddedAppenderTest
2020-03-10 17:59:49,143 [WARN] org.apache.flume.sink.FailoverSinkProcessor Sink agent1 failed and has been sent to failover list
org.apache.flume.EventDeliveryException: Failed to send events
	at org.apache.flume.sink.AvroSink.process(AvroSink.java:325) ~[flume-ng-core-1.3.1.jar:1.3.1]
	at org.apache.flume.sink.FailoverSinkProcessor.process(FailoverSinkProcessor.java:182) [flume-ng-core-1.3.1.jar:1.3.1]
	at org.apache.flume.SinkRunner$PollingRunner.run(SinkRunner.java:147) [flume-ng-core-1.3.1.jar:1.3.1]
	at java.lang.Thread.run(Thread.java:745) [?:1.7.0_80]
Caused by: org.apache.flume.EventDeliveryException: NettyAvroRpcClient { host: localhost, port: 7751 }: Failed to send batch
	at org.apache.flume.api.NettyAvroRpcClient.appendBatch(NettyAvroRpcClient.java:236) ~[flume-ng-sdk-1.3.1.jar:1.3.1]
	at org.apache.flume.sink.AvroSink.process(AvroSink.java:309) ~[flume-ng-core-1.3.1.jar:1.3.1]
	... 3 more
Caused by: org.apache.flume.EventDeliveryException: NettyAvroRpcClient { host: localhost, port: 7751 }: RPC request exception
	at org.apache.flume.api.NettyAvroRpcClient.appendBatch(NettyAvroRpcClient.java:286) ~[flume-ng-sdk-1.3.1.jar:1.3.1]
	at org.apache.flume.api.NettyAvroRpcClient.appendBatch(NettyAvroRpcClient.java:224) ~[flume-ng-sdk-1.3.1.jar:1.3.1]
	at org.apache.flume.sink.AvroSink.process(AvroSink.java:309) ~[flume-ng-core-1.3.1.jar:1.3.1]
	... 3 more
Caused by: java.util.concurrent.ExecutionException: java.io.IOException: Error connecting to localhost/127.0.0.1:7751
	at java.util.concurrent.FutureTask.report(FutureTask.java:122) ~[?:1.7.0_80]
	at java.util.concurrent.FutureTask.get(FutureTask.java:202) ~[?:1.7.0_80]
	at org.apache.flume.api.NettyAvroRpcClient.appendBatch(NettyAvroRpcClient.java:278) ~[flume-ng-sdk-1.3.1.jar:1.3.1]
	at org.apache.flume.api.NettyAvroRpcClient.appendBatch(NettyAvroRpcClient.java:224) ~[flume-ng-sdk-1.3.1.jar:1.3.1]
	at org.apache.flume.sink.AvroSink.process(AvroSink.java:309) ~[flume-ng-core-1.3.1.jar:1.3.1]
	... 3 more
Caused by: java.io.IOException: Error connecting to localhost/127.0.0.1:7751
	at org.apache.avro.ipc.NettyTransceiver.getChannel(NettyTransceiver.java:261) ~[avro-ipc-1.7.2.jar:1.7.2]
	at org.apache.avro.ipc.NettyTransceiver.getRemoteName(NettyTransceiver.java:386) ~[avro-ipc-1.7.2.jar:1.7.2]
	at org.apache.avro.ipc.Requestor.writeHandshake(Requestor.java:202) ~[avro-ipc-1.7.2.jar:1.7.2]
	at org.apache.avro.ipc.Requestor.access$300(Requestor.java:52) ~[avro-ipc-1.7.2.jar:1.7.2]
	at org.apache.avro.ipc.Requestor$Request.getBytes(Requestor.java:478) ~[avro-ipc-1.7.2.jar:1.7.2]
	at org.apache.avro.ipc.Requestor.request(Requestor.java:147) ~[avro-ipc-1.7.2.jar:1.7.2]
	at org.apache.avro.ipc.Requestor.request(Requestor.java:129) ~[avro-ipc-1.7.2.jar:1.7.2]
	at org.apache.avro.ipc.specific.SpecificRequestor.invoke(SpecificRequestor.java:68) ~[avro-ipc-1.7.2.jar:1.7.2]
	at com.sun.proxy.$Proxy15.appendBatch(Unknown Source) ~[?:?]
	at org.apache.flume.api.NettyAvroRpcClient$2.call(NettyAvroRpcClient.java:269) ~[flume-ng-sdk-1.3.1.jar:1.3.1]
	at org.apache.flume.api.NettyAvroRpcClient$2.call(NettyAvroRpcClient.java:265) ~[flume-ng-sdk-1.3.1.jar:1.3.1]
	at java.util.concurrent.FutureTask.run(FutureTask.java:262) ~[?:1.7.0_80]
	at java.util.concurrent.ThreadPoolExecutor.runWorker(ThreadPoolExecutor.java:1145) ~[?:1.7.0_80]
	at java.util.concurrent.ThreadPoolExecutor$Worker.run(ThreadPoolExecutor.java:615) ~[?:1.7.0_80]
	... 1 more
Caused by: java.net.ConnectException: Connection refused
	at sun.nio.ch.SocketChannelImpl.checkConnect(Native Method) ~[?:1.7.0_80]
	at sun.nio.ch.SocketChannelImpl.finishConnect(SocketChannelImpl.java:744) ~[?:1.7.0_80]
	at org.jboss.netty.channel.socket.nio.NioClientSocketPipelineSink$Boss.connect(NioClientSocketPipelineSink.java:396) ~[netty-3.4.0.Final.jar:?]
	at org.jboss.netty.channel.socket.nio.NioClientSocketPipelineSink$Boss.processSelectedKeys(NioClientSocketPipelineSink.java:358) ~[netty-3.4.0.Final.jar:?]
	at org.jboss.netty.channel.socket.nio.NioClientSocketPipelineSink$Boss.run(NioClientSocketPipelineSink.java:274) ~[netty-3.4.0.Final.jar:?]
	at java.util.concurrent.ThreadPoolExecutor.runWorker(ThreadPoolExecutor.java:1145) ~[?:1.7.0_80]
	at java.util.concurrent.ThreadPoolExecutor$Worker.run(ThreadPoolExecutor.java:615) ~[?:1.7.0_80]
	... 1 more
Time to log 10000 events 5136ms
Tests run: 4, Failures: 0, Errors: 0, Skipped: 0, Time elapsed: 10.257 sec
Picked up JAVA_TOOL_OPTIONS: -XX:CICompilerCount=2 -XX:ParallelGCThreads=2 -XX:ConcGCThreads=2 -Djdk.net.URLClassPath.disableClassPathURLCheck=true -XX:CICompilerCount=2 -XX:ParallelGCThreads=2 -XX:ConcGCThreads=2 -Djdk.net.URLClassPath.disableClassPathURLCheck=true 
Picked up _JAVA_OPTIONS: -Djdk.net.URLClassPath.disableClassPathURLCheck=true
Running org.apache.logging.log4j.flume.appender.FlumeAppenderTest
Tests run: 7, Failures: 0, Errors: 0, Skipped: 0, Time elapsed: 2.021 sec
Picked up JAVA_TOOL_OPTIONS: -XX:CICompilerCount=2 -XX:ParallelGCThreads=2 -XX:ConcGCThreads=2 -Djdk.net.URLClassPath.disableClassPathURLCheck=true -XX:CICompilerCount=2 -XX:ParallelGCThreads=2 -XX:ConcGCThreads=2 -Djdk.net.URLClassPath.disableClassPathURLCheck=true 
Picked up _JAVA_OPTIONS: -Djdk.net.URLClassPath.disableClassPathURLCheck=true
Running org.apache.logging.log4j.flume.appender.FlumePersistentAppenderTest
2020-03-10 18:00:35,410 ERROR Error reading database com.sleepycat.je.LockTimeoutException: (JE 5.0.73) Lock expired. Locker 105729037 -1_Thread-2_ThreadLocker: waited for lock on database=FlumePersistent[localhost:26491,localhost:22611] target/persistent LockAddr:1018948790 LSN=0x0/0x693 type=READ grant=WAIT_NEW timeoutMillis=5000 startTime=1583888430409 endTime=1583888435409
Owners: [<LockInfo locker="1325108602 5_main_Txn" type="WRITE"/>]
Waiters: []

	at com.sleepycat.je.txn.LockManager.newLockTimeoutException(LockManager.java:664)
	at com.sleepycat.je.txn.LockManager.makeTimeoutMsgInternal(LockManager.java:623)
	at com.sleepycat.je.txn.SyncedLockManager.makeTimeoutMsg(SyncedLockManager.java:97)
	at com.sleepycat.je.txn.LockManager.lockInternal(LockManager.java:390)
	at com.sleepycat.je.txn.LockManager.lock(LockManager.java:276)
	at com.sleepycat.je.txn.BasicLocker.lockInternal(BasicLocker.java:118)
	at com.sleepycat.je.txn.Locker.lock(Locker.java:443)
	at com.sleepycat.je.dbi.CursorImpl.lockLN(CursorImpl.java:2621)
	at com.sleepycat.je.dbi.CursorImpl.lockLN(CursorImpl.java:2422)
	at com.sleepycat.je.dbi.CursorImpl.fetchCurrent(CursorImpl.java:2253)
	at com.sleepycat.je.dbi.CursorImpl.getCurrentAlreadyLatched(CursorImpl.java:1466)
	at com.sleepycat.je.dbi.CursorImpl.getNext(CursorImpl.java:1593)
	at com.sleepycat.je.Cursor.retrieveNextAllowPhantoms(Cursor.java:2924)
	at com.sleepycat.je.Cursor.retrieveNextNoDups(Cursor.java:2801)
	at com.sleepycat.je.Cursor.retrieveNext(Cursor.java:2775)
	at com.sleepycat.je.Cursor.getNext(Cursor.java:1128)
	at org.apache.logging.log4j.flume.appender.FlumePersistentManager$WriterThread.run(FlumePersistentManager.java:389)

2020-03-10 18:00:36,123 ERROR An exception occurred processing Appender eventLogger org.apache.logging.log4j.LoggingException: Unable to record event
	at org.apache.logging.log4j.flume.appender.FlumePersistentManager.send(FlumePersistentManager.java:141)
	at org.apache.logging.log4j.flume.appender.FlumeAppender.append(FlumeAppender.java:86)
	at org.apache.logging.log4j.core.config.AppenderControl.callAppender(AppenderControl.java:102)
	at org.apache.logging.log4j.core.config.LoggerConfig.callAppenders(LoggerConfig.java:404)
	at org.apache.logging.log4j.core.config.LoggerConfig.log(LoggerConfig.java:385)
	at org.apache.logging.log4j.core.config.LoggerConfig.log(LoggerConfig.java:346)
	at org.apache.logging.log4j.core.Logger.log(Logger.java:110)
	at org.apache.logging.log4j.spi.AbstractLoggerWrapper.log(AbstractLoggerWrapper.java:55)
	at org.apache.logging.log4j.EventLogger.logEvent(EventLogger.java:54)
	at org.apache.logging.log4j.flume.appender.FlumePersistentAppenderTest.testMultiple(FlumePersistentAppenderTest.java:146)
	at sun.reflect.NativeMethodAccessorImpl.invoke0(Native Method)
	at sun.reflect.NativeMethodAccessorImpl.invoke(NativeMethodAccessorImpl.java:57)
	at sun.reflect.DelegatingMethodAccessorImpl.invoke(DelegatingMethodAccessorImpl.java:43)
	at java.lang.reflect.Method.invoke(Method.java:606)
	at org.junit.runners.model.FrameworkMethod$1.runReflectiveCall(FrameworkMethod.java:44)
	at org.junit.internal.runners.model.ReflectiveCallable.run(ReflectiveCallable.java:15)
	at org.junit.runners.model.FrameworkMethod.invokeExplosively(FrameworkMethod.java:41)
	at org.junit.internal.runners.statements.InvokeMethod.evaluate(InvokeMethod.java:20)
	at org.junit.internal.runners.statements.RunBefores.evaluate(RunBefores.java:28)
	at org.junit.internal.runners.statements.RunAfters.evaluate(RunAfters.java:31)
	at org.junit.runners.BlockJUnit4ClassRunner.runChild(BlockJUnit4ClassRunner.java:76)
	at org.junit.runners.BlockJUnit4ClassRunner.runChild(BlockJUnit4ClassRunner.java:50)
	at org.junit.runners.ParentRunner$3.run(ParentRunner.java:193)
	at org.junit.runners.ParentRunner$1.schedule(ParentRunner.java:52)
	at org.junit.runners.ParentRunner.runChildren(ParentRunner.java:191)
	at org.junit.runners.ParentRunner.access$000(ParentRunner.java:42)
	at org.junit.runners.ParentRunner$2.evaluate(ParentRunner.java:184)
	at org.junit.internal.runners.statements.RunBefores.evaluate(RunBefores.java:28)
	at org.junit.internal.runners.statements.RunAfters.evaluate(RunAfters.java:31)
	at org.junit.runners.ParentRunner.run(ParentRunner.java:236)
	at org.apache.maven.surefire.junit4.JUnit4Provider.execute(JUnit4Provider.java:264)
	at org.apache.maven.surefire.junit4.JUnit4Provider.executeTestSet(JUnit4Provider.java:153)
	at org.apache.maven.surefire.junit4.JUnit4Provider.invoke(JUnit4Provider.java:124)
	at sun.reflect.NativeMethodAccessorImpl.invoke0(Native Method)
	at sun.reflect.NativeMethodAccessorImpl.invoke(NativeMethodAccessorImpl.java:57)
	at sun.reflect.DelegatingMethodAccessorImpl.invoke(DelegatingMethodAccessorImpl.java:43)
	at java.lang.reflect.Method.invoke(Method.java:606)
	at org.apache.maven.surefire.util.ReflectionUtils.invokeMethodWithArray2(ReflectionUtils.java:208)
	at org.apache.maven.surefire.booter.ProviderFactory$ProviderProxy.invoke(ProviderFactory.java:159)
	at org.apache.maven.surefire.booter.ProviderFactory.invokeProvider(ProviderFactory.java:87)
	at org.apache.maven.surefire.booter.ForkedBooter.runSuitesInProcess(ForkedBooter.java:153)
	at org.apache.maven.surefire.booter.ForkedBooter.main(ForkedBooter.java:95)

2020-03-10 18:01:06,695 ERROR Error reading database com.sleepycat.je.LockTimeoutException: (JE 5.0.73) Lock expired. Locker 890960391 -1_Thread-3_ThreadLocker: waited for lock on database=FlumePersistent[localhost:6149,localhost:7591] target/persistent LockAddr:2115304653 LSN=0x0/0x524 type=READ grant=WAIT_NEW timeoutMillis=5000 startTime=1583888461695 endTime=1583888466695
Owners: [<LockInfo locker="2000051504 4_main_Txn" type="WRITE"/>]
Waiters: []

	at com.sleepycat.je.txn.LockManager.newLockTimeoutException(LockManager.java:664)
	at com.sleepycat.je.txn.LockManager.makeTimeoutMsgInternal(LockManager.java:623)
	at com.sleepycat.je.txn.SyncedLockManager.makeTimeoutMsg(SyncedLockManager.java:97)
	at com.sleepycat.je.txn.LockManager.lockInternal(LockManager.java:390)
	at com.sleepycat.je.txn.LockManager.lock(LockManager.java:276)
	at com.sleepycat.je.txn.BasicLocker.lockInternal(BasicLocker.java:118)
	at com.sleepycat.je.txn.Locker.lock(Locker.java:443)
	at com.sleepycat.je.dbi.CursorImpl.lockLN(CursorImpl.java:2621)
	at com.sleepycat.je.dbi.CursorImpl.lockLN(CursorImpl.java:2422)
	at com.sleepycat.je.dbi.CursorImpl.fetchCurrent(CursorImpl.java:2253)
	at com.sleepycat.je.dbi.CursorImpl.getCurrentAlreadyLatched(CursorImpl.java:1466)
	at com.sleepycat.je.Cursor.positionAllowPhantoms(Cursor.java:2365)
	at com.sleepycat.je.Cursor.positionNoDups(Cursor.java:2298)
	at com.sleepycat.je.Cursor.position(Cursor.java:2285)
	at com.sleepycat.je.Cursor.getFirst(Cursor.java:1015)
	at org.apache.logging.log4j.flume.appender.FlumePersistentManager$WriterThread.run(FlumePersistentManager.java:381)

2020-03-10 18:01:08,413 ERROR An exception occurred processing Appender eventLogger org.apache.logging.log4j.LoggingException: Unable to record event
	at org.apache.logging.log4j.flume.appender.FlumePersistentManager.send(FlumePersistentManager.java:141)
	at org.apache.logging.log4j.flume.appender.FlumeAppender.append(FlumeAppender.java:86)
	at org.apache.logging.log4j.core.config.AppenderControl.callAppender(AppenderControl.java:102)
	at org.apache.logging.log4j.core.config.LoggerConfig.callAppenders(LoggerConfig.java:404)
	at org.apache.logging.log4j.core.config.LoggerConfig.log(LoggerConfig.java:385)
	at org.apache.logging.log4j.core.config.LoggerConfig.log(LoggerConfig.java:346)
	at org.apache.logging.log4j.core.Logger.log(Logger.java:110)
	at org.apache.logging.log4j.spi.AbstractLoggerWrapper.log(AbstractLoggerWrapper.java:55)
	at org.apache.logging.log4j.EventLogger.logEvent(EventLogger.java:54)
	at org.apache.logging.log4j.flume.appender.FlumePersistentAppenderTest.testFailover(FlumePersistentAppenderTest.java:174)
	at sun.reflect.NativeMethodAccessorImpl.invoke0(Native Method)
	at sun.reflect.NativeMethodAccessorImpl.invoke(NativeMethodAccessorImpl.java:57)
	at sun.reflect.DelegatingMethodAccessorImpl.invoke(DelegatingMethodAccessorImpl.java:43)
	at java.lang.reflect.Method.invoke(Method.java:606)
	at org.junit.runners.model.FrameworkMethod$1.runReflectiveCall(FrameworkMethod.java:44)
	at org.junit.internal.runners.model.ReflectiveCallable.run(ReflectiveCallable.java:15)
	at org.junit.runners.model.FrameworkMethod.invokeExplosively(FrameworkMethod.java:41)
	at org.junit.internal.runners.statements.InvokeMethod.evaluate(InvokeMethod.java:20)
	at org.junit.internal.runners.statements.RunBefores.evaluate(RunBefores.java:28)
	at org.junit.internal.runners.statements.RunAfters.evaluate(RunAfters.java:31)
	at org.junit.runners.BlockJUnit4ClassRunner.runChild(BlockJUnit4ClassRunner.java:76)
	at org.junit.runners.BlockJUnit4ClassRunner.runChild(BlockJUnit4ClassRunner.java:50)
	at org.junit.runners.ParentRunner$3.run(ParentRunner.java:193)
	at org.junit.runners.ParentRunner$1.schedule(ParentRunner.java:52)
	at org.junit.runners.ParentRunner.runChildren(ParentRunner.java:191)
	at org.junit.runners.ParentRunner.access$000(ParentRunner.java:42)
	at org.junit.runners.ParentRunner$2.evaluate(ParentRunner.java:184)
	at org.junit.internal.runners.statements.RunBefores.evaluate(RunBefores.java:28)
	at org.junit.internal.runners.statements.RunAfters.evaluate(RunAfters.java:31)
	at org.junit.runners.ParentRunner.run(ParentRunner.java:236)
	at org.apache.maven.surefire.junit4.JUnit4Provider.execute(JUnit4Provider.java:264)
	at org.apache.maven.surefire.junit4.JUnit4Provider.executeTestSet(JUnit4Provider.java:153)
	at org.apache.maven.surefire.junit4.JUnit4Provider.invoke(JUnit4Provider.java:124)
	at sun.reflect.NativeMethodAccessorImpl.invoke0(Native Method)
	at sun.reflect.NativeMethodAccessorImpl.invoke(NativeMethodAccessorImpl.java:57)
	at sun.reflect.DelegatingMethodAccessorImpl.invoke(DelegatingMethodAccessorImpl.java:43)
	at java.lang.reflect.Method.invoke(Method.java:606)
	at org.apache.maven.surefire.util.ReflectionUtils.invokeMethodWithArray2(ReflectionUtils.java:208)
	at org.apache.maven.surefire.booter.ProviderFactory$ProviderProxy.invoke(ProviderFactory.java:159)
	at org.apache.maven.surefire.booter.ProviderFactory.invokeProvider(ProviderFactory.java:87)
	at org.apache.maven.surefire.booter.ForkedBooter.runSuitesInProcess(ForkedBooter.java:153)
	at org.apache.maven.surefire.booter.ForkedBooter.main(ForkedBooter.java:95)

2020-03-10 18:01:34,384 ERROR An exception occurred processing Appender eventLogger java.lang.NullPointerException
	at org.apache.logging.log4j.flume.appender.FlumePersistentManager.send(FlumePersistentManager.java:145)
	at org.apache.logging.log4j.flume.appender.FlumeAppender.append(FlumeAppender.java:86)
	at org.apache.logging.log4j.core.config.AppenderControl.callAppender(AppenderControl.java:102)
	at org.apache.logging.log4j.core.config.LoggerConfig.callAppenders(LoggerConfig.java:404)
	at org.apache.logging.log4j.core.config.LoggerConfig.log(LoggerConfig.java:385)
	at org.apache.logging.log4j.core.config.LoggerConfig.log(LoggerConfig.java:346)
	at org.apache.logging.log4j.core.Logger.log(Logger.java:110)
	at org.apache.logging.log4j.spi.AbstractLogger.info(AbstractLogger.java:916)
	at org.apache.logging.log4j.flume.appender.FlumePersistentAppenderTest.testSingle(FlumePersistentAppenderTest.java:226)
	at sun.reflect.NativeMethodAccessorImpl.invoke0(Native Method)
	at sun.reflect.NativeMethodAccessorImpl.invoke(NativeMethodAccessorImpl.java:57)
	at sun.reflect.DelegatingMethodAccessorImpl.invoke(DelegatingMethodAccessorImpl.java:43)
	at java.lang.reflect.Method.invoke(Method.java:606)
	at org.junit.runners.model.FrameworkMethod$1.runReflectiveCall(FrameworkMethod.java:44)
	at org.junit.internal.runners.model.ReflectiveCallable.run(ReflectiveCallable.java:15)
	at org.junit.runners.model.FrameworkMethod.invokeExplosively(FrameworkMethod.java:41)
	at org.junit.internal.runners.statements.InvokeMethod.evaluate(InvokeMethod.java:20)
	at org.junit.internal.runners.statements.RunBefores.evaluate(RunBefores.java:28)
	at org.junit.internal.runners.statements.RunAfters.evaluate(RunAfters.java:31)
	at org.junit.runners.BlockJUnit4ClassRunner.runChild(BlockJUnit4ClassRunner.java:76)
	at org.junit.runners.BlockJUnit4ClassRunner.runChild(BlockJUnit4ClassRunner.java:50)
	at org.junit.runners.ParentRunner$3.run(ParentRunner.java:193)
	at org.junit.runners.ParentRunner$1.schedule(ParentRunner.java:52)
	at org.junit.runners.ParentRunner.runChildren(ParentRunner.java:191)
	at org.junit.runners.ParentRunner.access$000(ParentRunner.java:42)
	at org.junit.runners.ParentRunner$2.evaluate(ParentRunner.java:184)
	at org.junit.internal.runners.statements.RunBefores.evaluate(RunBefores.java:28)
	at org.junit.internal.runners.statements.RunAfters.evaluate(RunAfters.java:31)
	at org.junit.runners.ParentRunner.run(ParentRunner.java:236)
	at org.apache.maven.surefire.junit4.JUnit4Provider.execute(JUnit4Provider.java:264)
	at org.apache.maven.surefire.junit4.JUnit4Provider.executeTestSet(JUnit4Provider.java:153)
	at org.apache.maven.surefire.junit4.JUnit4Provider.invoke(JUnit4Provider.java:124)
	at sun.reflect.NativeMethodAccessorImpl.invoke0(Native Method)
	at sun.reflect.NativeMethodAccessorImpl.invoke(NativeMethodAccessorImpl.java:57)
	at sun.reflect.DelegatingMethodAccessorImpl.invoke(DelegatingMethodAccessorImpl.java:43)
	at java.lang.reflect.Method.invoke(Method.java:606)
	at org.apache.maven.surefire.util.ReflectionUtils.invokeMethodWithArray2(ReflectionUtils.java:208)
	at org.apache.maven.surefire.booter.ProviderFactory$ProviderProxy.invoke(ProviderFactory.java:159)
	at org.apache.maven.surefire.booter.ProviderFactory.invokeProvider(ProviderFactory.java:87)
	at org.apache.maven.surefire.booter.ForkedBooter.runSuitesInProcess(ForkedBooter.java:153)
	at org.apache.maven.surefire.booter.ForkedBooter.main(ForkedBooter.java:95)

Tests run: 4, Failures: 0, Errors: 3, Skipped: 0, Time elapsed: 97.324 sec <<< FAILURE!
testMultiple(org.apache.logging.log4j.flume.appender.FlumePersistentAppenderTest)  Time elapsed: 36.822 sec  <<< ERROR!
org.apache.logging.log4j.core.appender.AppenderRuntimeException: An exception occurred processing Appender eventLogger
	at org.apache.logging.log4j.flume.appender.FlumePersistentManager.send(FlumePersistentManager.java:141)
	at org.apache.logging.log4j.flume.appender.FlumeAppender.append(FlumeAppender.java:86)
	at org.apache.logging.log4j.core.config.AppenderControl.callAppender(AppenderControl.java:102)
	at org.apache.logging.log4j.core.config.LoggerConfig.callAppenders(LoggerConfig.java:404)
	at org.apache.logging.log4j.core.config.LoggerConfig.log(LoggerConfig.java:385)
	at org.apache.logging.log4j.core.config.LoggerConfig.log(LoggerConfig.java:346)
	at org.apache.logging.log4j.core.Logger.log(Logger.java:110)
	at org.apache.logging.log4j.spi.AbstractLoggerWrapper.log(AbstractLoggerWrapper.java:55)
	at org.apache.logging.log4j.EventLogger.logEvent(EventLogger.java:54)
	at org.apache.logging.log4j.flume.appender.FlumePersistentAppenderTest.testMultiple(FlumePersistentAppenderTest.java:146)

testFailover(org.apache.logging.log4j.flume.appender.FlumePersistentAppenderTest)  Time elapsed: 33.948 sec  <<< ERROR!
org.apache.logging.log4j.core.appender.AppenderRuntimeException: An exception occurred processing Appender eventLogger
	at org.apache.logging.log4j.flume.appender.FlumePersistentManager.send(FlumePersistentManager.java:141)
	at org.apache.logging.log4j.flume.appender.FlumeAppender.append(FlumeAppender.java:86)
	at org.apache.logging.log4j.core.config.AppenderControl.callAppender(AppenderControl.java:102)
	at org.apache.logging.log4j.core.config.LoggerConfig.callAppenders(LoggerConfig.java:404)
	at org.apache.logging.log4j.core.config.LoggerConfig.log(LoggerConfig.java:385)
	at org.apache.logging.log4j.core.config.LoggerConfig.log(LoggerConfig.java:346)
	at org.apache.logging.log4j.core.Logger.log(Logger.java:110)
	at org.apache.logging.log4j.spi.AbstractLoggerWrapper.log(AbstractLoggerWrapper.java:55)
	at org.apache.logging.log4j.EventLogger.logEvent(EventLogger.java:54)
	at org.apache.logging.log4j.flume.appender.FlumePersistentAppenderTest.testFailover(FlumePersistentAppenderTest.java:174)

testSingle(org.apache.logging.log4j.flume.appender.FlumePersistentAppenderTest)  Time elapsed: 25.181 sec  <<< ERROR!
org.apache.logging.log4j.core.appender.AppenderRuntimeException: An exception occurred processing Appender eventLogger
	at org.apache.logging.log4j.flume.appender.FlumePersistentManager.send(FlumePersistentManager.java:145)
	at org.apache.logging.log4j.flume.appender.FlumeAppender.append(FlumeAppender.java:86)
	at org.apache.logging.log4j.core.config.AppenderControl.callAppender(AppenderControl.java:102)
	at org.apache.logging.log4j.core.config.LoggerConfig.callAppenders(LoggerConfig.java:404)
	at org.apache.logging.log4j.core.config.LoggerConfig.log(LoggerConfig.java:385)
	at org.apache.logging.log4j.core.config.LoggerConfig.log(LoggerConfig.java:346)
	at org.apache.logging.log4j.core.Logger.log(Logger.java:110)
	at org.apache.logging.log4j.spi.AbstractLogger.info(AbstractLogger.java:916)
	at org.apache.logging.log4j.flume.appender.FlumePersistentAppenderTest.testSingle(FlumePersistentAppenderTest.java:226)

Picked up JAVA_TOOL_OPTIONS: -XX:CICompilerCount=2 -XX:ParallelGCThreads=2 -XX:ConcGCThreads=2 -Djdk.net.URLClassPath.disableClassPathURLCheck=true -XX:CICompilerCount=2 -XX:ParallelGCThreads=2 -XX:ConcGCThreads=2 -Djdk.net.URLClassPath.disableClassPathURLCheck=true 
Picked up _JAVA_OPTIONS: -Djdk.net.URLClassPath.disableClassPathURLCheck=true
Running org.apache.logging.log4j.flume.appender.FlumeEmbeddedAgentTest
Tests run: 3, Failures: 0, Errors: 0, Skipped: 0, Time elapsed: 3.933 sec

Results :

Tests in error: 
  FlumePersistentAppenderTest.testMultiple:146 » AppenderRuntime An exception oc...
  FlumePersistentAppenderTest.testFailover:174 » AppenderRuntime An exception oc...
  FlumePersistentAppenderTest.testSingle:226 » AppenderRuntime An exception occu...

Tests run: 18, Failures: 0, Errors: 3, Skipped: 0

[INFO] ------------------------------------------------------------------------
[INFO] BUILD FAILURE
[INFO] ------------------------------------------------------------------------
[INFO] Total time: 02:44 min
[INFO] Finished at: 2020-03-10T18:01:46-07:00
[INFO] Final Memory: 31M/982M
[INFO] ------------------------------------------------------------------------
[ERROR] Failed to execute goal org.apache.maven.plugins:maven-surefire-plugin:2.14.1:test (default-test) on project log4j-flume-ng: There are test failures.
[ERROR] 
[ERROR] Please refer to /bam/scratch/Bugs.jar_Logging-Log4J2_8faf7f77_java-7/flume-ng/target/surefire-reports for the individual test results.
[ERROR] -> [Help 1]
[ERROR] 
[ERROR] To see the full stack trace of the errors, re-run Maven with the -e switch.
[ERROR] Re-run Maven using the -X switch to enable full debug logging.
[ERROR] 
[ERROR] For more information about the errors and possible solutions, please read the following articles:
[ERROR] [Help 1] http://cwiki.apache.org/confluence/display/MAVEN/MojoFailureException
