Picked up JAVA_TOOL_OPTIONS: -XX:CICompilerCount=2 -XX:ParallelGCThreads=2 -XX:ConcGCThreads=2 -Djdk.net.URLClassPath.disableClassPathURLCheck=true 
Java HotSpot(TM) 64-Bit Server VM warning: ignoring option MaxPermSize=512m; support was removed in 8.0
Picked up _JAVA_OPTIONS: -Djdk.net.URLClassPath.disableClassPathURLCheck=true
Apache Maven 3.5.0 (Red Hat 3.5.0-4.3)
Maven home: /opt/rh/rh-maven35/root/usr/share/maven
Java version: 1.8.0_181, vendor: Oracle Corporation
Java home: /scratch/jmcampos/RTA/repair_them_all_framework/jdks/jdk1.8.0_181/jre
Default locale: en_US, platform encoding: UTF-8
OS name: "linux", version: "4.14.158-1.el7.retpoline.x86_64", arch: "amd64", family: "unix"
[INFO] Scanning for projects...
[INFO] 
[INFO] ------------------------------------------------------------------------
[INFO] Building Oak JCR Binding 0.11-SNAPSHOT
[INFO] ------------------------------------------------------------------------
[INFO] Downloading: http://repository.apache.org/snapshots/org/apache/jackrabbit/oak-core/0.11-SNAPSHOT/maven-metadata.xml
[INFO] Downloading: http://repository.apache.org/snapshots/org/apache/jackrabbit/oak-parent/0.11-SNAPSHOT/maven-metadata.xml
[INFO] Downloading: http://repository.apache.org/snapshots/org/apache/jackrabbit/oak-mk-api/0.11-SNAPSHOT/maven-metadata.xml
[INFO] Downloading: http://repository.apache.org/snapshots/org/apache/jackrabbit/oak-mk/0.11-SNAPSHOT/maven-metadata.xml
[INFO] Downloading: http://repository.apache.org/snapshots/org/apache/jackrabbit/oak-commons/0.11-SNAPSHOT/maven-metadata.xml
[INFO] Downloading: http://repository.apache.org/snapshots/org/apache/jackrabbit/oak-mk-remote/0.11-SNAPSHOT/maven-metadata.xml
[INFO] 
[INFO] --- maven-remote-resources-plugin:1.2.1:process (default) @ oak-jcr ---
[INFO] 
[INFO] --- maven-resources-plugin:2.5:resources (default-resources) @ oak-jcr ---
[debug] execute contextualize
[INFO] Using 'UTF-8' encoding to copy filtered resources.
[INFO] Copying 1 resource
[INFO] Copying 3 resources
[INFO] 
[INFO] --- maven-compiler-plugin:2.3.2:compile (default-compile) @ oak-jcr ---
[INFO] Compiling 1 source file to /scratch/tmp-rta/Bugs.jar_Jackrabbit-Oak_4ce4e3c9_java-8/oak-jcr/target/classes
[INFO] 
[INFO] --- maven-resources-plugin:2.5:testResources (default-testResources) @ oak-jcr ---
[debug] execute contextualize
[INFO] Using 'UTF-8' encoding to copy filtered resources.
[INFO] Copying 3 resources
[INFO] Copying 3 resources
[INFO] 
[INFO] --- maven-compiler-plugin:2.3.2:testCompile (default-testCompile) @ oak-jcr ---
[INFO] Nothing to compile - all classes are up to date
[INFO] 
[INFO] --- maven-surefire-plugin:2.9:test (default-test) @ oak-jcr ---
[INFO] Surefire report directory: /scratch/tmp-rta/Bugs.jar_Jackrabbit-Oak_4ce4e3c9_java-8/oak-jcr/target/surefire-reports
[INFO] Downloading: https://repo.maven.apache.org/maven2/org/apache/maven/surefire/surefire-junit4/2.9/surefire-junit4-2.9.pom
[INFO] Downloaded: https://repo.maven.apache.org/maven2/org/apache/maven/surefire/surefire-junit4/2.9/surefire-junit4-2.9.pom (2.6 kB at 1.3 kB/s)
[INFO] Downloading: https://repo.maven.apache.org/maven2/org/apache/maven/surefire/surefire-providers/2.9/surefire-providers-2.9.pom
[INFO] Downloaded: https://repo.maven.apache.org/maven2/org/apache/maven/surefire/surefire-providers/2.9/surefire-providers-2.9.pom (2.3 kB at 884 B/s)
[INFO] Downloading: https://repo.maven.apache.org/maven2/org/apache/maven/surefire/surefire-junit4/2.9/surefire-junit4-2.9.jar
[INFO] Downloaded: https://repo.maven.apache.org/maven2/org/apache/maven/surefire/surefire-junit4/2.9/surefire-junit4-2.9.jar (33 kB at 280 kB/s)

-------------------------------------------------------
 T E S T S
-------------------------------------------------------
Picked up JAVA_TOOL_OPTIONS: -XX:CICompilerCount=2 -XX:ParallelGCThreads=2 -XX:ConcGCThreads=2 -Djdk.net.URLClassPath.disableClassPathURLCheck=true -XX:CICompilerCount=2 -XX:ParallelGCThreads=2 -XX:ConcGCThreads=2 -Djdk.net.URLClassPath.disableClassPathURLCheck=true 
Java HotSpot(TM) 64-Bit Server VM warning: ignoring option MaxPermSize=48m; support was removed in 8.0
Picked up _JAVA_OPTIONS: -Djdk.net.URLClassPath.disableClassPathURLCheck=true
Running org.apache.jackrabbit.oak.jcr.ConcurrentFileOperationsTest
Tests run: 9, Failures: 0, Errors: 0, Skipped: 0, Time elapsed: 5.679 sec
Running org.apache.jackrabbit.oak.jcr.security.authorization.QueryTest
Tests run: 1, Failures: 0, Errors: 0, Skipped: 0, Time elapsed: 4.763 sec
Running org.apache.jackrabbit.oak.jcr.security.authorization.InheritanceTest
Tests run: 9, Failures: 0, Errors: 0, Skipped: 0, Time elapsed: 4.147 sec
Running org.apache.jackrabbit.oak.jcr.security.authorization.NamespaceManagementTest
Tests run: 4, Failures: 0, Errors: 0, Skipped: 0, Time elapsed: 0.17 sec
Running org.apache.jackrabbit.oak.jcr.security.authorization.MoveTest
Tests run: 1, Failures: 0, Errors: 0, Skipped: 1, Time elapsed: 0 sec
Running org.apache.jackrabbit.oak.jcr.security.authorization.UserManagementTest
Tests run: 21, Failures: 0, Errors: 0, Skipped: 0, Time elapsed: 1.157 sec
Running org.apache.jackrabbit.oak.jcr.security.authorization.ReadPropertyTest
Tests run: 5, Failures: 0, Errors: 0, Skipped: 0, Time elapsed: 0.199 sec
Running org.apache.jackrabbit.oak.jcr.security.authorization.NodeTypeDefinitionManagementTest
Tests run: 4, Failures: 0, Errors: 0, Skipped: 0, Time elapsed: 0.474 sec
Running org.apache.jackrabbit.oak.jcr.security.authorization.AccessControlWorkspaceImporterTest
Tests run: 8, Failures: 0, Errors: 0, Skipped: 0, Time elapsed: 0.251 sec
Running org.apache.jackrabbit.oak.jcr.security.authorization.AccessControlImporterTest
Tests run: 8, Failures: 0, Errors: 0, Skipped: 0, Time elapsed: 0.08 sec
Running org.apache.jackrabbit.oak.jcr.security.authorization.ReadTest
Tests run: 28, Failures: 1, Errors: 0, Skipped: 0, Time elapsed: 1.292 sec <<< FAILURE!
Running org.apache.jackrabbit.oak.jcr.security.authorization.VersionTest
Tests run: 1, Failures: 0, Errors: 0, Skipped: 0, Time elapsed: 0.193 sec
Running org.apache.jackrabbit.oak.jcr.security.authorization.PrivilegeManagementTest
Tests run: 3, Failures: 0, Errors: 0, Skipped: 0, Time elapsed: 0.1 sec
Running org.apache.jackrabbit.oak.jcr.security.authorization.ObservationTest
Tests run: 1, Failures: 0, Errors: 0, Skipped: 0, Time elapsed: 5.054 sec
Running org.apache.jackrabbit.oak.jcr.security.authorization.AccessControlManagementTest
Tests run: 16, Failures: 0, Errors: 0, Skipped: 0, Time elapsed: 0.619 sec
Running org.apache.jackrabbit.oak.jcr.security.authorization.CopyTest
Tests run: 6, Failures: 0, Errors: 0, Skipped: 0, Time elapsed: 0.253 sec
Running org.apache.jackrabbit.oak.jcr.security.authorization.JackrabbitAccessControlListTest
Tests run: 8, Failures: 0, Errors: 0, Skipped: 0, Time elapsed: 0.081 sec
Running org.apache.jackrabbit.oak.jcr.security.authorization.WritePropertyTest
Tests run: 4, Failures: 0, Errors: 0, Skipped: 0, Time elapsed: 0.181 sec
Running org.apache.jackrabbit.oak.jcr.security.authorization.NodeTypeManagementTest
Tests run: 13, Failures: 0, Errors: 0, Skipped: 0, Time elapsed: 0.511 sec
Running org.apache.jackrabbit.oak.jcr.security.authorization.RenameTest
Tests run: 1, Failures: 0, Errors: 0, Skipped: 1, Time elapsed: 0 sec
Running org.apache.jackrabbit.oak.jcr.security.authorization.WriteTest
Tests run: 36, Failures: 0, Errors: 0, Skipped: 0, Time elapsed: 1.295 sec
Running org.apache.jackrabbit.oak.jcr.security.authorization.VersionManagementTest
Tests run: 10, Failures: 0, Errors: 0, Skipped: 0, Time elapsed: 0.561 sec
Running org.apache.jackrabbit.oak.jcr.security.user.GroupImportBestEffortTest
Tests run: 3, Failures: 0, Errors: 0, Skipped: 0, Time elapsed: 0.509 sec
Running org.apache.jackrabbit.oak.jcr.security.user.GroupImportIgnoreTest
Tests run: 2, Failures: 0, Errors: 0, Skipped: 0, Time elapsed: 0.283 sec
Running org.apache.jackrabbit.oak.jcr.security.user.UserManagerTest
Tests run: 27, Failures: 0, Errors: 0, Skipped: 0, Time elapsed: 0.517 sec
Running org.apache.jackrabbit.oak.jcr.security.user.UserImportTest
Tests run: 18, Failures: 0, Errors: 0, Skipped: 0, Time elapsed: 2.537 sec
Running org.apache.jackrabbit.oak.jcr.security.user.UserQueryTest
Tests run: 27, Failures: 0, Errors: 0, Skipped: 0, Time elapsed: 3.604 sec
Running org.apache.jackrabbit.oak.jcr.security.user.UserImportBestEffortTest
Tests run: 5, Failures: 0, Errors: 0, Skipped: 0, Time elapsed: 0.632 sec
Running org.apache.jackrabbit.oak.jcr.security.user.UserImportAbortTest
Tests run: 2, Failures: 0, Errors: 0, Skipped: 0, Time elapsed: 0.237 sec
Running org.apache.jackrabbit.oak.jcr.security.user.UserImportIgnoreTest
Tests run: 1, Failures: 0, Errors: 0, Skipped: 0, Time elapsed: 0.121 sec
Running org.apache.jackrabbit.oak.jcr.security.user.AuthorizablePropertyTest
Tests run: 26, Failures: 0, Errors: 0, Skipped: 0, Time elapsed: 0.397 sec
Running org.apache.jackrabbit.oak.jcr.security.user.CreateGroupTest
Tests run: 6, Failures: 0, Errors: 0, Skipped: 0, Time elapsed: 0.097 sec
Running org.apache.jackrabbit.oak.jcr.security.user.GroupTest
Tests run: 27, Failures: 0, Errors: 0, Skipped: 0, Time elapsed: 1.748 sec
Running org.apache.jackrabbit.oak.jcr.security.user.MemberNodeImportTest
Tests run: 1, Failures: 0, Errors: 0, Skipped: 1, Time elapsed: 0.001 sec
Running org.apache.jackrabbit.oak.jcr.security.user.UserTest
Tests run: 22, Failures: 0, Errors: 0, Skipped: 0, Time elapsed: 0.324 sec
Running org.apache.jackrabbit.oak.jcr.security.user.GroupImportAbortTest
Tests run: 2, Failures: 0, Errors: 0, Skipped: 0, Time elapsed: 0.264 sec
Running org.apache.jackrabbit.oak.jcr.security.user.UserImportWithActionsTest
Tests run: 1, Failures: 0, Errors: 0, Skipped: 1, Time elapsed: 0 sec
Running org.apache.jackrabbit.oak.jcr.security.user.NestedGroupTest
Tests run: 4, Failures: 0, Errors: 0, Skipped: 0, Time elapsed: 0.163 sec
Running org.apache.jackrabbit.oak.jcr.security.user.AuthorizableTest
Tests run: 2, Failures: 0, Errors: 0, Skipped: 0, Time elapsed: 0.039 sec
Running org.apache.jackrabbit.oak.jcr.security.user.FindAuthorizablesTest
Tests run: 14, Failures: 0, Errors: 0, Skipped: 0, Time elapsed: 0.383 sec
Running org.apache.jackrabbit.oak.jcr.security.user.EveryoneGroupTest
Tests run: 5, Failures: 0, Errors: 0, Skipped: 0, Time elapsed: 0.101 sec
Running org.apache.jackrabbit.oak.jcr.security.user.GroupImportTest
Tests run: 9, Failures: 0, Errors: 0, Skipped: 0, Time elapsed: 1.906 sec
Running org.apache.jackrabbit.oak.jcr.security.user.ImpersonationTest
Tests run: 3, Failures: 0, Errors: 0, Skipped: 0, Time elapsed: 0.064 sec
Running org.apache.jackrabbit.oak.jcr.security.user.CreateUserTest
Tests run: 14, Failures: 0, Errors: 0, Skipped: 0, Time elapsed: 0.201 sec
Running org.apache.jackrabbit.oak.jcr.security.user.AdministratorTest
Tests run: 4, Failures: 0, Errors: 0, Skipped: 0, Time elapsed: 0.07 sec
Running org.apache.jackrabbit.oak.jcr.security.privilege.PrivilegeManagerTest
Tests run: 8, Failures: 0, Errors: 0, Skipped: 0, Time elapsed: 0.036 sec
Running org.apache.jackrabbit.oak.jcr.security.privilege.PrivilegeRegistrationTest
Tests run: 13, Failures: 0, Errors: 0, Skipped: 0, Time elapsed: 1.743 sec
Running org.apache.jackrabbit.oak.jcr.security.principal.PrincipalManagerTest
Tests run: 18, Failures: 0, Errors: 0, Skipped: 0, Time elapsed: 0.128 sec
Running org.apache.jackrabbit.oak.jcr.ItemSaveTest
Tests run: 24, Failures: 0, Errors: 0, Skipped: 12, Time elapsed: 3.959 sec
Running org.apache.jackrabbit.oak.jcr.CompatibilityIssuesTest
Tests run: 21, Failures: 0, Errors: 0, Skipped: 0, Time elapsed: 7.088 sec
Running org.apache.jackrabbit.oak.jcr.nodetype.NodeDefinitionTest
Tests run: 3, Failures: 0, Errors: 0, Skipped: 0, Time elapsed: 0.043 sec
Running org.apache.jackrabbit.oak.jcr.nodetype.MixinTest
Tests run: 3, Failures: 0, Errors: 0, Skipped: 0, Time elapsed: 0.023 sec
Running org.apache.jackrabbit.oak.jcr.nodetype.NodeTypeTest
Tests run: 6, Failures: 0, Errors: 0, Skipped: 0, Time elapsed: 0.69 sec
Running org.apache.jackrabbit.oak.jcr.observation.ObservationTest
Tests run: 24, Failures: 0, Errors: 0, Skipped: 0, Time elapsed: 14.847 sec
Running org.apache.jackrabbit.oak.jcr.observation.ObservationJcrTest
Tests run: 22, Failures: 0, Errors: 0, Skipped: 0, Time elapsed: 25.49 sec
Running org.apache.jackrabbit.oak.jcr.version.VersionHistoryTest
Tests run: 8, Failures: 0, Errors: 0, Skipped: 0, Time elapsed: 0 sec
Running org.apache.jackrabbit.oak.jcr.version.RestoreTest
Tests run: 2, Failures: 0, Errors: 0, Skipped: 0, Time elapsed: 0 sec
Running org.apache.jackrabbit.oak.jcr.version.VersionablePathsTest
Tests run: 4, Failures: 0, Errors: 0, Skipped: 0, Time elapsed: 0.058 sec
Running org.apache.jackrabbit.oak.jcr.version.VersionableTest
Tests run: 5, Failures: 0, Errors: 0, Skipped: 0, Time elapsed: 0.149 sec
Running org.apache.jackrabbit.oak.jcr.version.VersionTest
Tests run: 4, Failures: 0, Errors: 0, Skipped: 0, Time elapsed: 0.072 sec
Running org.apache.jackrabbit.oak.jcr.OrderableNodesTest
Tests run: 15, Failures: 0, Errors: 0, Skipped: 0, Time elapsed: 2.541 sec
Running org.apache.jackrabbit.oak.jcr.query.QueryPlanTest
Tests run: 3, Failures: 0, Errors: 0, Skipped: 0, Time elapsed: 0.45 sec
Running org.apache.jackrabbit.oak.jcr.query.QueryTest
Tests run: 24, Failures: 0, Errors: 0, Skipped: 0, Time elapsed: 4.034 sec
Running org.apache.jackrabbit.oak.jcr.query.PrefetchIteratorTest
Tests run: 3, Failures: 0, Errors: 0, Skipped: 0, Time elapsed: 0 sec
Running org.apache.jackrabbit.oak.jcr.query.QueryFulltextTest
Tests run: 6, Failures: 0, Errors: 0, Skipped: 0, Time elapsed: 0 sec
Running org.apache.jackrabbit.oak.jcr.query.qom.QomTest
Tests run: 90, Failures: 0, Errors: 0, Skipped: 0, Time elapsed: 6.058 sec
Running org.apache.jackrabbit.oak.jcr.query.QueryJcrTest
Tests run: 440, Failures: 0, Errors: 0, Skipped: 0, Time elapsed: 15.664 sec
Running org.apache.jackrabbit.oak.jcr.CRUDTest
Tests run: 30, Failures: 0, Errors: 0, Skipped: 0, Time elapsed: 3.646 sec
Running org.apache.jackrabbit.oak.jcr.MoveRemoveTest
Tests run: 36, Failures: 0, Errors: 0, Skipped: 0, Time elapsed: 4.136 sec
Running org.apache.jackrabbit.oak.jcr.RepositoryTest
Tests run: 324, Failures: 0, Errors: 0, Skipped: 6, Time elapsed: 36.695 sec
Running org.apache.jackrabbit.oak.jcr.CopyTest
Tests run: 15, Failures: 0, Errors: 0, Skipped: 12, Time elapsed: 0.309 sec
Running org.apache.jackrabbit.oak.jcr.AutoCreatedItemsTest
Tests run: 3, Failures: 0, Errors: 0, Skipped: 0, Time elapsed: 0.43 sec
Running org.apache.jackrabbit.oak.jcr.ValueFactoryTest
Tests run: 6, Failures: 0, Errors: 0, Skipped: 0, Time elapsed: 0.227 sec
Running org.apache.jackrabbit.oak.jcr.MoveTest
Tests run: 7, Failures: 0, Errors: 0, Skipped: 0, Time elapsed: 0.086 sec

Results :

Failed tests:   testChildNodesWithAccessCheck(org.apache.jackrabbit.oak.jcr.security.authorization.ReadTest)

Tests run: 1589, Failures: 1, Errors: 0, Skipped: 34

[INFO] ------------------------------------------------------------------------
[INFO] BUILD FAILURE
[INFO] ------------------------------------------------------------------------
[INFO] Total time: 03:20 min
[INFO] Finished at: 2020-03-13T15:27:04-07:00
[INFO] Final Memory: 25M/1007M
[INFO] ------------------------------------------------------------------------
[ERROR] Failed to execute goal org.apache.maven.plugins:maven-surefire-plugin:2.9:test (default-test) on project oak-jcr: There are test failures.
[ERROR] 
[ERROR] Please refer to /scratch/tmp-rta/Bugs.jar_Jackrabbit-Oak_4ce4e3c9_java-8/oak-jcr/target/surefire-reports for the individual test results.
[ERROR] -> [Help 1]
[ERROR] 
[ERROR] To see the full stack trace of the errors, re-run Maven with the -e switch.
[ERROR] Re-run Maven using the -X switch to enable full debug logging.
[ERROR] 
[ERROR] For more information about the errors and possible solutions, please read the following articles:
[ERROR] [Help 1] http://cwiki.apache.org/confluence/display/MAVEN/MojoFailureException
