Picked up JAVA_TOOL_OPTIONS: -XX:CICompilerCount=2 -XX:ParallelGCThreads=2 -XX:ConcGCThreads=2 -Djdk.net.URLClassPath.disableClassPathURLCheck=true 
Java HotSpot(TM) 64-Bit Server VM warning: ignoring option MaxPermSize=512m; support was removed in 8.0
Picked up _JAVA_OPTIONS: -Djdk.net.URLClassPath.disableClassPathURLCheck=true
Apache Maven 3.5.0 (Red Hat 3.5.0-4.3)
Maven home: /opt/rh/rh-maven35/root/usr/share/maven
Java version: 1.8.0_181, vendor: Oracle Corporation
Java home: /boom/scratch/jmcampos/RTA/repair_them_all_framework/jdks/jdk1.8.0_181/jre
Default locale: en_US, platform encoding: UTF-8
OS name: "linux", version: "4.14.147-1.el7.retpoline.x86_64", arch: "amd64", family: "unix"
[INFO] Scanning for projects...
[INFO] 
[INFO] ------------------------------------------------------------------------
[INFO] Building Apache Log4j API 2.6.1-SNAPSHOT
[INFO] ------------------------------------------------------------------------
[INFO] 
[INFO] --- maven-remote-resources-plugin:1.1:process (default) @ log4j-api ---
[INFO] Setting property: classpath.resource.loader.class => 'org.codehaus.plexus.velocity.ContextClassLoaderResourceLoader'.
[INFO] Setting property: velocimacro.messages.on => 'false'.
[INFO] Setting property: resource.loader => 'classpath'.
[INFO] Setting property: resource.manager.logwhenfound => 'false'.
[INFO] 
[INFO] --- maven-resources-plugin:2.7:resources (default-resources) @ log4j-api ---
[INFO] Using 'UTF-8' encoding to copy filtered resources.
[INFO] skip non existing resourceDirectory /boom/scratch/tmp-rta/Bugs.jar_Logging-Log4J2_a523dcd5_java-8/log4j-api/src/main/resources
[INFO] Copying 3 resources
[INFO] 
[INFO] --- maven-compiler-plugin:3.5.1:compile (default-compile) @ log4j-api ---
[INFO] Changes detected - recompiling the module!
[INFO] Compiling 96 source files to /boom/scratch/tmp-rta/Bugs.jar_Logging-Log4J2_a523dcd5_java-8/log4j-api/target/classes
[WARNING] bootstrap class path not set in conjunction with -source 1.7
/boom/scratch/tmp-rta/Bugs.jar_Logging-Log4J2_a523dcd5_java-8/log4j-api/src/main/java/org/apache/logging/log4j/spi/AbstractLogger.java:[36,36] [deprecation] MessageSupplier in org.apache.logging.log4j.util has been deprecated
[WARNING] /boom/scratch/tmp-rta/Bugs.jar_Logging-Log4J2_a523dcd5_java-8/log4j-api/src/main/java/org/apache/logging/log4j/spi/ExtendedLogger.java:[23,36] [deprecation] MessageSupplier in org.apache.logging.log4j.util has been deprecated
[WARNING] /boom/scratch/tmp-rta/Bugs.jar_Logging-Log4J2_a523dcd5_java-8/log4j-api/src/main/java/org/apache/logging/log4j/Logger.java:[22,36] [deprecation] MessageSupplier in org.apache.logging.log4j.util has been deprecated
[WARNING] /boom/scratch/tmp-rta/Bugs.jar_Logging-Log4J2_a523dcd5_java-8/log4j-api/src/main/java/org/apache/logging/log4j/spi/AbstractLogger.java:[1832,16] [deprecation] logIfEnabled(String,Level,Marker,MessageSupplier,Throwable) in ExtendedLogger has been deprecated
[WARNING] /boom/scratch/tmp-rta/Bugs.jar_Logging-Log4J2_a523dcd5_java-8/log4j-api/src/main/java/org/apache/logging/log4j/spi/AbstractLogger.java:[2589,16] [deprecation] warn(MessageSupplier,Throwable) in Logger has been deprecated
[WARNING] /boom/scratch/tmp-rta/Bugs.jar_Logging-Log4J2_a523dcd5_java-8/log4j-api/src/main/java/org/apache/logging/log4j/spi/AbstractLogger.java:[2584,16] [deprecation] warn(MessageSupplier) in Logger has been deprecated
[WARNING] /boom/scratch/tmp-rta/Bugs.jar_Logging-Log4J2_a523dcd5_java-8/log4j-api/src/main/java/org/apache/logging/log4j/spi/AbstractLogger.java:[2579,16] [deprecation] warn(Marker,MessageSupplier,Throwable) in Logger has been deprecated
[WARNING] /boom/scratch/tmp-rta/Bugs.jar_Logging-Log4J2_a523dcd5_java-8/log4j-api/src/main/java/org/apache/logging/log4j/spi/AbstractLogger.java:[2574,16] [deprecation] warn(Marker,MessageSupplier) in Logger has been deprecated
[WARNING] /boom/scratch/tmp-rta/Bugs.jar_Logging-Log4J2_a523dcd5_java-8/log4j-api/src/main/java/org/apache/logging/log4j/spi/AbstractLogger.java:[2268,16] [deprecation] trace(MessageSupplier,Throwable) in Logger has been deprecated
[WARNING] /boom/scratch/tmp-rta/Bugs.jar_Logging-Log4J2_a523dcd5_java-8/log4j-api/src/main/java/org/apache/logging/log4j/spi/AbstractLogger.java:[2263,16] [deprecation] trace(MessageSupplier) in Logger has been deprecated
[WARNING] /boom/scratch/tmp-rta/Bugs.jar_Logging-Log4J2_a523dcd5_java-8/log4j-api/src/main/java/org/apache/logging/log4j/spi/AbstractLogger.java:[2258,16] [deprecation] trace(Marker,MessageSupplier,Throwable) in Logger has been deprecated
[WARNING] /boom/scratch/tmp-rta/Bugs.jar_Logging-Log4J2_a523dcd5_java-8/log4j-api/src/main/java/org/apache/logging/log4j/spi/AbstractLogger.java:[2253,16] [deprecation] trace(Marker,MessageSupplier) in Logger has been deprecated
[WARNING] /boom/scratch/tmp-rta/Bugs.jar_Logging-Log4J2_a523dcd5_java-8/log4j-api/src/main/java/org/apache/logging/log4j/spi/AbstractLogger.java:[1702,16] [deprecation] log(Level,MessageSupplier,Throwable) in Logger has been deprecated
[WARNING] /boom/scratch/tmp-rta/Bugs.jar_Logging-Log4J2_a523dcd5_java-8/log4j-api/src/main/java/org/apache/logging/log4j/spi/AbstractLogger.java:[1697,16] [deprecation] log(Level,MessageSupplier) in Logger has been deprecated
[WARNING] /boom/scratch/tmp-rta/Bugs.jar_Logging-Log4J2_a523dcd5_java-8/log4j-api/src/main/java/org/apache/logging/log4j/spi/AbstractLogger.java:[1692,16] [deprecation] log(Level,Marker,MessageSupplier,Throwable) in Logger has been deprecated
[WARNING] /boom/scratch/tmp-rta/Bugs.jar_Logging-Log4J2_a523dcd5_java-8/log4j-api/src/main/java/org/apache/logging/log4j/spi/AbstractLogger.java:[1687,16] [deprecation] log(Level,Marker,MessageSupplier) in Logger has been deprecated
[WARNING] /boom/scratch/tmp-rta/Bugs.jar_Logging-Log4J2_a523dcd5_java-8/log4j-api/src/main/java/org/apache/logging/log4j/spi/AbstractLogger.java:[1370,16] [deprecation] info(MessageSupplier,Throwable) in Logger has been deprecated
[WARNING] /boom/scratch/tmp-rta/Bugs.jar_Logging-Log4J2_a523dcd5_java-8/log4j-api/src/main/java/org/apache/logging/log4j/spi/AbstractLogger.java:[1365,16] [deprecation] info(MessageSupplier) in Logger has been deprecated
[WARNING] /boom/scratch/tmp-rta/Bugs.jar_Logging-Log4J2_a523dcd5_java-8/log4j-api/src/main/java/org/apache/logging/log4j/spi/AbstractLogger.java:[1360,16] [deprecation] info(Marker,MessageSupplier,Throwable) in Logger has been deprecated
[WARNING] /boom/scratch/tmp-rta/Bugs.jar_Logging-Log4J2_a523dcd5_java-8/log4j-api/src/main/java/org/apache/logging/log4j/spi/AbstractLogger.java:[1355,16] [deprecation] info(Marker,MessageSupplier) in Logger has been deprecated
[WARNING] /boom/scratch/tmp-rta/Bugs.jar_Logging-Log4J2_a523dcd5_java-8/log4j-api/src/main/java/org/apache/logging/log4j/spi/AbstractLogger.java:[1104,16] [deprecation] fatal(MessageSupplier,Throwable) in Logger has been deprecated
[WARNING] /boom/scratch/tmp-rta/Bugs.jar_Logging-Log4J2_a523dcd5_java-8/log4j-api/src/main/java/org/apache/logging/log4j/spi/AbstractLogger.java:[1099,16] [deprecation] fatal(MessageSupplier) in Logger has been deprecated
[WARNING] /boom/scratch/tmp-rta/Bugs.jar_Logging-Log4J2_a523dcd5_java-8/log4j-api/src/main/java/org/apache/logging/log4j/spi/AbstractLogger.java:[1094,16] [deprecation] fatal(Marker,MessageSupplier,Throwable) in Logger has been deprecated
[WARNING] /boom/scratch/tmp-rta/Bugs.jar_Logging-Log4J2_a523dcd5_java-8/log4j-api/src/main/java/org/apache/logging/log4j/spi/AbstractLogger.java:[1089,16] [deprecation] fatal(Marker,MessageSupplier) in Logger has been deprecated
[WARNING] /boom/scratch/tmp-rta/Bugs.jar_Logging-Log4J2_a523dcd5_java-8/log4j-api/src/main/java/org/apache/logging/log4j/spi/AbstractLogger.java:[924,17] [deprecation] <R>exit(R) in Logger has been deprecated
[WARNING]   where R is a type-variable:
    R extends Object declared in method <R>exit(R)
/boom/scratch/tmp-rta/Bugs.jar_Logging-Log4J2_a523dcd5_java-8/log4j-api/src/main/java/org/apache/logging/log4j/spi/AbstractLogger.java:[919,16] [deprecation] exit() in Logger has been deprecated
[WARNING] /boom/scratch/tmp-rta/Bugs.jar_Logging-Log4J2_a523dcd5_java-8/log4j-api/src/main/java/org/apache/logging/log4j/spi/AbstractLogger.java:[797,16] [deprecation] error(MessageSupplier,Throwable) in Logger has been deprecated
[WARNING] /boom/scratch/tmp-rta/Bugs.jar_Logging-Log4J2_a523dcd5_java-8/log4j-api/src/main/java/org/apache/logging/log4j/spi/AbstractLogger.java:[792,16] [deprecation] error(MessageSupplier) in Logger has been deprecated
[WARNING] /boom/scratch/tmp-rta/Bugs.jar_Logging-Log4J2_a523dcd5_java-8/log4j-api/src/main/java/org/apache/logging/log4j/spi/AbstractLogger.java:[787,16] [deprecation] error(Marker,MessageSupplier,Throwable) in Logger has been deprecated
[WARNING] /boom/scratch/tmp-rta/Bugs.jar_Logging-Log4J2_a523dcd5_java-8/log4j-api/src/main/java/org/apache/logging/log4j/spi/AbstractLogger.java:[782,16] [deprecation] error(Marker,MessageSupplier) in Logger has been deprecated
[WARNING] /boom/scratch/tmp-rta/Bugs.jar_Logging-Log4J2_a523dcd5_java-8/log4j-api/src/main/java/org/apache/logging/log4j/spi/AbstractLogger.java:[590,16] [deprecation] entry() in Logger has been deprecated
[WARNING] /boom/scratch/tmp-rta/Bugs.jar_Logging-Log4J2_a523dcd5_java-8/log4j-api/src/main/java/org/apache/logging/log4j/spi/AbstractLogger.java:[385,16] [deprecation] debug(MessageSupplier,Throwable) in Logger has been deprecated
[WARNING] /boom/scratch/tmp-rta/Bugs.jar_Logging-Log4J2_a523dcd5_java-8/log4j-api/src/main/java/org/apache/logging/log4j/spi/AbstractLogger.java:[380,16] [deprecation] debug(MessageSupplier) in Logger has been deprecated
[WARNING] /boom/scratch/tmp-rta/Bugs.jar_Logging-Log4J2_a523dcd5_java-8/log4j-api/src/main/java/org/apache/logging/log4j/spi/AbstractLogger.java:[375,16] [deprecation] debug(Marker,MessageSupplier,Throwable) in Logger has been deprecated
[WARNING] /boom/scratch/tmp-rta/Bugs.jar_Logging-Log4J2_a523dcd5_java-8/log4j-api/src/main/java/org/apache/logging/log4j/spi/AbstractLogger.java:[370,16] [deprecation] debug(Marker,MessageSupplier) in Logger has been deprecated
[WARNING] /boom/scratch/tmp-rta/Bugs.jar_Logging-Log4J2_a523dcd5_java-8/log4j-api/src/main/java/org/apache/logging/log4j/spi/AbstractLogger.java:[370,49] [deprecation] MessageSupplier in org.apache.logging.log4j.util has been deprecated
[WARNING] /boom/scratch/tmp-rta/Bugs.jar_Logging-Log4J2_a523dcd5_java-8/log4j-api/src/main/java/org/apache/logging/log4j/spi/AbstractLogger.java:[375,49] [deprecation] MessageSupplier in org.apache.logging.log4j.util has been deprecated
[WARNING] /boom/scratch/tmp-rta/Bugs.jar_Logging-Log4J2_a523dcd5_java-8/log4j-api/src/main/java/org/apache/logging/log4j/spi/AbstractLogger.java:[380,28] [deprecation] MessageSupplier in org.apache.logging.log4j.util has been deprecated
[WARNING] /boom/scratch/tmp-rta/Bugs.jar_Logging-Log4J2_a523dcd5_java-8/log4j-api/src/main/java/org/apache/logging/log4j/spi/AbstractLogger.java:[385,28] [deprecation] MessageSupplier in org.apache.logging.log4j.util has been deprecated
[WARNING] /boom/scratch/tmp-rta/Bugs.jar_Logging-Log4J2_a523dcd5_java-8/log4j-api/src/main/java/org/apache/logging/log4j/spi/AbstractLogger.java:[639,63] [deprecation] MessageSupplier in org.apache.logging.log4j.util has been deprecated
[WARNING] /boom/scratch/tmp-rta/Bugs.jar_Logging-Log4J2_a523dcd5_java-8/log4j-api/src/main/java/org/apache/logging/log4j/spi/AbstractLogger.java:[782,49] [deprecation] MessageSupplier in org.apache.logging.log4j.util has been deprecated
[WARNING] /boom/scratch/tmp-rta/Bugs.jar_Logging-Log4J2_a523dcd5_java-8/log4j-api/src/main/java/org/apache/logging/log4j/spi/AbstractLogger.java:[787,49] [deprecation] MessageSupplier in org.apache.logging.log4j.util has been deprecated
[WARNING] /boom/scratch/tmp-rta/Bugs.jar_Logging-Log4J2_a523dcd5_java-8/log4j-api/src/main/java/org/apache/logging/log4j/spi/AbstractLogger.java:[792,28] [deprecation] MessageSupplier in org.apache.logging.log4j.util has been deprecated
[WARNING] /boom/scratch/tmp-rta/Bugs.jar_Logging-Log4J2_a523dcd5_java-8/log4j-api/src/main/java/org/apache/logging/log4j/spi/AbstractLogger.java:[797,28] [deprecation] MessageSupplier in org.apache.logging.log4j.util has been deprecated
[WARNING] /boom/scratch/tmp-rta/Bugs.jar_Logging-Log4J2_a523dcd5_java-8/log4j-api/src/main/java/org/apache/logging/log4j/spi/AbstractLogger.java:[1089,49] [deprecation] MessageSupplier in org.apache.logging.log4j.util has been deprecated
[WARNING] /boom/scratch/tmp-rta/Bugs.jar_Logging-Log4J2_a523dcd5_java-8/log4j-api/src/main/java/org/apache/logging/log4j/spi/AbstractLogger.java:[1094,49] [deprecation] MessageSupplier in org.apache.logging.log4j.util has been deprecated
[WARNING] /boom/scratch/tmp-rta/Bugs.jar_Logging-Log4J2_a523dcd5_java-8/log4j-api/src/main/java/org/apache/logging/log4j/spi/AbstractLogger.java:[1099,28] [deprecation] MessageSupplier in org.apache.logging.log4j.util has been deprecated
[WARNING] /boom/scratch/tmp-rta/Bugs.jar_Logging-Log4J2_a523dcd5_java-8/log4j-api/src/main/java/org/apache/logging/log4j/spi/AbstractLogger.java:[1104,28] [deprecation] MessageSupplier in org.apache.logging.log4j.util has been deprecated
[WARNING] /boom/scratch/tmp-rta/Bugs.jar_Logging-Log4J2_a523dcd5_java-8/log4j-api/src/main/java/org/apache/logging/log4j/spi/AbstractLogger.java:[1355,48] [deprecation] MessageSupplier in org.apache.logging.log4j.util has been deprecated
[WARNING] /boom/scratch/tmp-rta/Bugs.jar_Logging-Log4J2_a523dcd5_java-8/log4j-api/src/main/java/org/apache/logging/log4j/spi/AbstractLogger.java:[1360,48] [deprecation] MessageSupplier in org.apache.logging.log4j.util has been deprecated
[WARNING] /boom/scratch/tmp-rta/Bugs.jar_Logging-Log4J2_a523dcd5_java-8/log4j-api/src/main/java/org/apache/logging/log4j/spi/AbstractLogger.java:[1365,27] [deprecation] MessageSupplier in org.apache.logging.log4j.util has been deprecated
[WARNING] /boom/scratch/tmp-rta/Bugs.jar_Logging-Log4J2_a523dcd5_java-8/log4j-api/src/main/java/org/apache/logging/log4j/spi/AbstractLogger.java:[1370,27] [deprecation] MessageSupplier in org.apache.logging.log4j.util has been deprecated
[WARNING] /boom/scratch/tmp-rta/Bugs.jar_Logging-Log4J2_a523dcd5_java-8/log4j-api/src/main/java/org/apache/logging/log4j/spi/AbstractLogger.java:[1687,66] [deprecation] MessageSupplier in org.apache.logging.log4j.util has been deprecated
[WARNING] /boom/scratch/tmp-rta/Bugs.jar_Logging-Log4J2_a523dcd5_java-8/log4j-api/src/main/java/org/apache/logging/log4j/spi/AbstractLogger.java:[1692,66] [deprecation] MessageSupplier in org.apache.logging.log4j.util has been deprecated
[WARNING] /boom/scratch/tmp-rta/Bugs.jar_Logging-Log4J2_a523dcd5_java-8/log4j-api/src/main/java/org/apache/logging/log4j/spi/AbstractLogger.java:[1697,45] [deprecation] MessageSupplier in org.apache.logging.log4j.util has been deprecated
[WARNING] /boom/scratch/tmp-rta/Bugs.jar_Logging-Log4J2_a523dcd5_java-8/log4j-api/src/main/java/org/apache/logging/log4j/spi/AbstractLogger.java:[1702,45] [deprecation] MessageSupplier in org.apache.logging.log4j.util has been deprecated
[WARNING] /boom/scratch/tmp-rta/Bugs.jar_Logging-Log4J2_a523dcd5_java-8/log4j-api/src/main/java/org/apache/logging/log4j/spi/AbstractLogger.java:[1833,18] [deprecation] MessageSupplier in org.apache.logging.log4j.util has been deprecated
[WARNING] /boom/scratch/tmp-rta/Bugs.jar_Logging-Log4J2_a523dcd5_java-8/log4j-api/src/main/java/org/apache/logging/log4j/spi/AbstractLogger.java:[1989,18] [deprecation] MessageSupplier in org.apache.logging.log4j.util has been deprecated
[WARNING] /boom/scratch/tmp-rta/Bugs.jar_Logging-Log4J2_a523dcd5_java-8/log4j-api/src/main/java/org/apache/logging/log4j/spi/AbstractLogger.java:[2253,49] [deprecation] MessageSupplier in org.apache.logging.log4j.util has been deprecated
[WARNING] /boom/scratch/tmp-rta/Bugs.jar_Logging-Log4J2_a523dcd5_java-8/log4j-api/src/main/java/org/apache/logging/log4j/spi/AbstractLogger.java:[2258,49] [deprecation] MessageSupplier in org.apache.logging.log4j.util has been deprecated
[WARNING] /boom/scratch/tmp-rta/Bugs.jar_Logging-Log4J2_a523dcd5_java-8/log4j-api/src/main/java/org/apache/logging/log4j/spi/AbstractLogger.java:[2263,28] [deprecation] MessageSupplier in org.apache.logging.log4j.util has been deprecated
[WARNING] /boom/scratch/tmp-rta/Bugs.jar_Logging-Log4J2_a523dcd5_java-8/log4j-api/src/main/java/org/apache/logging/log4j/spi/AbstractLogger.java:[2268,28] [deprecation] MessageSupplier in org.apache.logging.log4j.util has been deprecated
[WARNING] /boom/scratch/tmp-rta/Bugs.jar_Logging-Log4J2_a523dcd5_java-8/log4j-api/src/main/java/org/apache/logging/log4j/spi/AbstractLogger.java:[2574,48] [deprecation] MessageSupplier in org.apache.logging.log4j.util has been deprecated
[WARNING] /boom/scratch/tmp-rta/Bugs.jar_Logging-Log4J2_a523dcd5_java-8/log4j-api/src/main/java/org/apache/logging/log4j/spi/AbstractLogger.java:[2579,48] [deprecation] MessageSupplier in org.apache.logging.log4j.util has been deprecated
[WARNING] /boom/scratch/tmp-rta/Bugs.jar_Logging-Log4J2_a523dcd5_java-8/log4j-api/src/main/java/org/apache/logging/log4j/spi/AbstractLogger.java:[2584,27] [deprecation] MessageSupplier in org.apache.logging.log4j.util has been deprecated
[WARNING] /boom/scratch/tmp-rta/Bugs.jar_Logging-Log4J2_a523dcd5_java-8/log4j-api/src/main/java/org/apache/logging/log4j/spi/AbstractLogger.java:[2589,27] [deprecation] MessageSupplier in org.apache.logging.log4j.util has been deprecated
[WARNING] /boom/scratch/tmp-rta/Bugs.jar_Logging-Log4J2_a523dcd5_java-8/log4j-api/src/main/java/org/apache/logging/log4j/message/ParameterizedNoReferenceMessageFactory.java:[48,11] [serial] serializable class StatusMessage has no definition of serialVersionUID
[WARNING] /boom/scratch/tmp-rta/Bugs.jar_Logging-Log4J2_a523dcd5_java-8/log4j-api/src/main/java/org/apache/logging/log4j/util/LoaderUtil.java:[142,57] [unchecked] unchecked cast
[WARNING]   required: T
  found:    CAP#1
  where T is a type-variable:
    T extends Object declared in method <T>newInstanceOf(String)
  where CAP#1 is a fresh type-variable:
    CAP#1 extends Object from capture of ?
/boom/scratch/tmp-rta/Bugs.jar_Logging-Log4J2_a523dcd5_java-8/log4j-api/src/main/java/org/apache/logging/log4j/util/LoaderUtil.java:[145,40] [unchecked] unchecked cast
[WARNING]   required: T
  found:    CAP#1
  where T is a type-variable:
    T extends Object declared in method <T>newInstanceOf(String)
  where CAP#1 is a fresh type-variable:
    CAP#1 extends Object from capture of ?
/boom/scratch/tmp-rta/Bugs.jar_Logging-Log4J2_a523dcd5_java-8/log4j-api/src/main/java/org/apache/logging/log4j/util/LambdaUtil.java:[73,36] [deprecation] MessageSupplier in org.apache.logging.log4j.util has been deprecated
[INFO] 
[INFO] --- maven-bundle-plugin:2.5.3:manifest (default) @ log4j-api ---
[INFO] 
[INFO] --- maven-resources-plugin:2.7:testResources (default-testResources) @ log4j-api ---
[INFO] Using 'UTF-8' encoding to copy filtered resources.
[INFO] Copying 8 resources
[INFO] Copying 3 resources
[INFO] 
[INFO] --- maven-compiler-plugin:3.5.1:testCompile (default-testCompile) @ log4j-api ---
[INFO] Nothing to compile - all classes are up to date
[INFO] 
[INFO] --- maven-surefire-plugin:2.19.1:test (default-test) @ log4j-api ---
[INFO] Downloading: https://repository.apache.org/content/repositories/releases/org/apache/maven/surefire/surefire-junit4/2.19.1/surefire-junit4-2.19.1.pom
[INFO] Downloaded: https://repository.apache.org/content/repositories/releases/org/apache/maven/surefire/surefire-junit4/2.19.1/surefire-junit4-2.19.1.pom (3.3 kB at 3.9 kB/s)
[INFO] Downloading: https://repository.apache.org/content/repositories/releases/org/apache/maven/surefire/surefire-providers/2.19.1/surefire-providers-2.19.1.pom
[INFO] Downloaded: https://repository.apache.org/content/repositories/releases/org/apache/maven/surefire/surefire-providers/2.19.1/surefire-providers-2.19.1.pom (2.6 kB at 3.9 kB/s)
[INFO] Downloading: https://repository.apache.org/content/repositories/releases/org/apache/maven/surefire/surefire-junit4/2.19.1/surefire-junit4-2.19.1.jar
[INFO] Downloaded: https://repository.apache.org/content/repositories/releases/org/apache/maven/surefire/surefire-junit4/2.19.1/surefire-junit4-2.19.1.jar (75 kB at 28 kB/s)

-------------------------------------------------------
 T E S T S
-------------------------------------------------------
Picked up JAVA_TOOL_OPTIONS: -XX:CICompilerCount=2 -XX:ParallelGCThreads=2 -XX:ConcGCThreads=2 -Djdk.net.URLClassPath.disableClassPathURLCheck=true -XX:CICompilerCount=2 -XX:ParallelGCThreads=2 -XX:ConcGCThreads=2 -Djdk.net.URLClassPath.disableClassPathURLCheck=true 
Picked up _JAVA_OPTIONS: -Djdk.net.URLClassPath.disableClassPathURLCheck=true
Picked up JAVA_TOOL_OPTIONS: -XX:CICompilerCount=2 -XX:ParallelGCThreads=2 -XX:ConcGCThreads=2 -Djdk.net.URLClassPath.disableClassPathURLCheck=true -XX:CICompilerCount=2 -XX:ParallelGCThreads=2 -XX:ConcGCThreads=2 -Djdk.net.URLClassPath.disableClassPathURLCheck=true 
Picked up _JAVA_OPTIONS: -Djdk.net.URLClassPath.disableClassPathURLCheck=true
Picked up JAVA_TOOL_OPTIONS: -XX:CICompilerCount=2 -XX:ParallelGCThreads=2 -XX:ConcGCThreads=2 -Djdk.net.URLClassPath.disableClassPathURLCheck=true -XX:CICompilerCount=2 -XX:ParallelGCThreads=2 -XX:ConcGCThreads=2 -Djdk.net.URLClassPath.disableClassPathURLCheck=true 
Picked up _JAVA_OPTIONS: -Djdk.net.URLClassPath.disableClassPathURLCheck=true
Picked up JAVA_TOOL_OPTIONS: -XX:CICompilerCount=2 -XX:ParallelGCThreads=2 -XX:ConcGCThreads=2 -Djdk.net.URLClassPath.disableClassPathURLCheck=true -XX:CICompilerCount=2 -XX:ParallelGCThreads=2 -XX:ConcGCThreads=2 -Djdk.net.URLClassPath.disableClassPathURLCheck=true 
Picked up _JAVA_OPTIONS: -Djdk.net.URLClassPath.disableClassPathURLCheck=true
Picked up JAVA_TOOL_OPTIONS: -XX:CICompilerCount=2 -XX:ParallelGCThreads=2 -XX:ConcGCThreads=2 -Djdk.net.URLClassPath.disableClassPathURLCheck=true -XX:CICompilerCount=2 -XX:ParallelGCThreads=2 -XX:ConcGCThreads=2 -Djdk.net.URLClassPath.disableClassPathURLCheck=true 
Picked up _JAVA_OPTIONS: -Djdk.net.URLClassPath.disableClassPathURLCheck=true
Picked up JAVA_TOOL_OPTIONS: -XX:CICompilerCount=2 -XX:ParallelGCThreads=2 -XX:ConcGCThreads=2 -Djdk.net.URLClassPath.disableClassPathURLCheck=true -XX:CICompilerCount=2 -XX:ParallelGCThreads=2 -XX:ConcGCThreads=2 -Djdk.net.URLClassPath.disableClassPathURLCheck=true 
Picked up _JAVA_OPTIONS: -Djdk.net.URLClassPath.disableClassPathURLCheck=true
Picked up JAVA_TOOL_OPTIONS: -XX:CICompilerCount=2 -XX:ParallelGCThreads=2 -XX:ConcGCThreads=2 -Djdk.net.URLClassPath.disableClassPathURLCheck=true -XX:CICompilerCount=2 -XX:ParallelGCThreads=2 -XX:ConcGCThreads=2 -Djdk.net.URLClassPath.disableClassPathURLCheck=true 
Picked up _JAVA_OPTIONS: -Djdk.net.URLClassPath.disableClassPathURLCheck=true
Picked up JAVA_TOOL_OPTIONS: -XX:CICompilerCount=2 -XX:ParallelGCThreads=2 -XX:ConcGCThreads=2 -Djdk.net.URLClassPath.disableClassPathURLCheck=true -XX:CICompilerCount=2 -XX:ParallelGCThreads=2 -XX:ConcGCThreads=2 -Djdk.net.URLClassPath.disableClassPathURLCheck=true 
Picked up _JAVA_OPTIONS: -Djdk.net.URLClassPath.disableClassPathURLCheck=true
Picked up JAVA_TOOL_OPTIONS: -XX:CICompilerCount=2 -XX:ParallelGCThreads=2 -XX:ConcGCThreads=2 -Djdk.net.URLClassPath.disableClassPathURLCheck=true -XX:CICompilerCount=2 -XX:ParallelGCThreads=2 -XX:ConcGCThreads=2 -Djdk.net.URLClassPath.disableClassPathURLCheck=true 
Picked up _JAVA_OPTIONS: -Djdk.net.URLClassPath.disableClassPathURLCheck=true
Picked up JAVA_TOOL_OPTIONS: -XX:CICompilerCount=2 -XX:ParallelGCThreads=2 -XX:ConcGCThreads=2 -Djdk.net.URLClassPath.disableClassPathURLCheck=true -XX:CICompilerCount=2 -XX:ParallelGCThreads=2 -XX:ConcGCThreads=2 -Djdk.net.URLClassPath.disableClassPathURLCheck=true 
Picked up _JAVA_OPTIONS: -Djdk.net.URLClassPath.disableClassPathURLCheck=true
Picked up JAVA_TOOL_OPTIONS: -XX:CICompilerCount=2 -XX:ParallelGCThreads=2 -XX:ConcGCThreads=2 -Djdk.net.URLClassPath.disableClassPathURLCheck=true -XX:CICompilerCount=2 -XX:ParallelGCThreads=2 -XX:ConcGCThreads=2 -Djdk.net.URLClassPath.disableClassPathURLCheck=true 
Picked up _JAVA_OPTIONS: -Djdk.net.URLClassPath.disableClassPathURLCheck=true
Picked up JAVA_TOOL_OPTIONS: -XX:CICompilerCount=2 -XX:ParallelGCThreads=2 -XX:ConcGCThreads=2 -Djdk.net.URLClassPath.disableClassPathURLCheck=true -XX:CICompilerCount=2 -XX:ParallelGCThreads=2 -XX:ConcGCThreads=2 -Djdk.net.URLClassPath.disableClassPathURLCheck=true 
Picked up _JAVA_OPTIONS: -Djdk.net.URLClassPath.disableClassPathURLCheck=true
Picked up JAVA_TOOL_OPTIONS: -XX:CICompilerCount=2 -XX:ParallelGCThreads=2 -XX:ConcGCThreads=2 -Djdk.net.URLClassPath.disableClassPathURLCheck=true -XX:CICompilerCount=2 -XX:ParallelGCThreads=2 -XX:ConcGCThreads=2 -Djdk.net.URLClassPath.disableClassPathURLCheck=true 
Picked up _JAVA_OPTIONS: -Djdk.net.URLClassPath.disableClassPathURLCheck=true
Picked up JAVA_TOOL_OPTIONS: -XX:CICompilerCount=2 -XX:ParallelGCThreads=2 -XX:ConcGCThreads=2 -Djdk.net.URLClassPath.disableClassPathURLCheck=true -XX:CICompilerCount=2 -XX:ParallelGCThreads=2 -XX:ConcGCThreads=2 -Djdk.net.URLClassPath.disableClassPathURLCheck=true 
Picked up _JAVA_OPTIONS: -Djdk.net.URLClassPath.disableClassPathURLCheck=true
Picked up JAVA_TOOL_OPTIONS: -XX:CICompilerCount=2 -XX:ParallelGCThreads=2 -XX:ConcGCThreads=2 -Djdk.net.URLClassPath.disableClassPathURLCheck=true -XX:CICompilerCount=2 -XX:ParallelGCThreads=2 -XX:ConcGCThreads=2 -Djdk.net.URLClassPath.disableClassPathURLCheck=true 
Picked up _JAVA_OPTIONS: -Djdk.net.URLClassPath.disableClassPathURLCheck=true
Picked up JAVA_TOOL_OPTIONS: -XX:CICompilerCount=2 -XX:ParallelGCThreads=2 -XX:ConcGCThreads=2 -Djdk.net.URLClassPath.disableClassPathURLCheck=true -XX:CICompilerCount=2 -XX:ParallelGCThreads=2 -XX:ConcGCThreads=2 -Djdk.net.URLClassPath.disableClassPathURLCheck=true 
Picked up _JAVA_OPTIONS: -Djdk.net.URLClassPath.disableClassPathURLCheck=true
Picked up JAVA_TOOL_OPTIONS: -XX:CICompilerCount=2 -XX:ParallelGCThreads=2 -XX:ConcGCThreads=2 -Djdk.net.URLClassPath.disableClassPathURLCheck=true -XX:CICompilerCount=2 -XX:ParallelGCThreads=2 -XX:ConcGCThreads=2 -Djdk.net.URLClassPath.disableClassPathURLCheck=true 
Picked up _JAVA_OPTIONS: -Djdk.net.URLClassPath.disableClassPathURLCheck=true
Picked up JAVA_TOOL_OPTIONS: -XX:CICompilerCount=2 -XX:ParallelGCThreads=2 -XX:ConcGCThreads=2 -Djdk.net.URLClassPath.disableClassPathURLCheck=true -XX:CICompilerCount=2 -XX:ParallelGCThreads=2 -XX:ConcGCThreads=2 -Djdk.net.URLClassPath.disableClassPathURLCheck=true 
Picked up JAVA_TOOL_OPTIONS: -XX:CICompilerCount=2 -XX:ParallelGCThreads=2 -XX:ConcGCThreads=2 -Djdk.net.URLClassPath.disableClassPathURLCheck=true -XX:CICompilerCount=2 -XX:ParallelGCThreads=2 -XX:ConcGCThreads=2 -Djdk.net.URLClassPath.disableClassPathURLCheck=true 
Picked up JAVA_TOOL_OPTIONS: -XX:CICompilerCount=2 -XX:ParallelGCThreads=2 -XX:ConcGCThreads=2 -Djdk.net.URLClassPath.disableClassPathURLCheck=true -XX:CICompilerCount=2 -XX:ParallelGCThreads=2 -XX:ConcGCThreads=2 -Djdk.net.URLClassPath.disableClassPathURLCheck=true 
Picked up JAVA_TOOL_OPTIONS: -XX:CICompilerCount=2 -XX:ParallelGCThreads=2 -XX:ConcGCThreads=2 -Djdk.net.URLClassPath.disableClassPathURLCheck=true -XX:CICompilerCount=2 -XX:ParallelGCThreads=2 -XX:ConcGCThreads=2 -Djdk.net.URLClassPath.disableClassPathURLCheck=true 
Picked up _JAVA_OPTIONS: -Djdk.net.URLClassPath.disableClassPathURLCheck=true
Picked up JAVA_TOOL_OPTIONS: -XX:CICompilerCount=2 -XX:ParallelGCThreads=2 -XX:ConcGCThreads=2 -Djdk.net.URLClassPath.disableClassPathURLCheck=true -XX:CICompilerCount=2 -XX:ParallelGCThreads=2 -XX:ConcGCThreads=2 -Djdk.net.URLClassPath.disableClassPathURLCheck=true 
Picked up _JAVA_OPTIONS: -Djdk.net.URLClassPath.disableClassPathURLCheck=true
Picked up _JAVA_OPTIONS: -Djdk.net.URLClassPath.disableClassPathURLCheck=true
Picked up _JAVA_OPTIONS: -Djdk.net.URLClassPath.disableClassPathURLCheck=true
Picked up JAVA_TOOL_OPTIONS: -XX:CICompilerCount=2 -XX:ParallelGCThreads=2 -XX:ConcGCThreads=2 -Djdk.net.URLClassPath.disableClassPathURLCheck=true -XX:CICompilerCount=2 -XX:ParallelGCThreads=2 -XX:ConcGCThreads=2 -Djdk.net.URLClassPath.disableClassPathURLCheck=true 
Picked up _JAVA_OPTIONS: -Djdk.net.URLClassPath.disableClassPathURLCheck=true
Picked up _JAVA_OPTIONS: -Djdk.net.URLClassPath.disableClassPathURLCheck=true
Picked up JAVA_TOOL_OPTIONS: -XX:CICompilerCount=2 -XX:ParallelGCThreads=2 -XX:ConcGCThreads=2 -Djdk.net.URLClassPath.disableClassPathURLCheck=true -XX:CICompilerCount=2 -XX:ParallelGCThreads=2 -XX:ConcGCThreads=2 -Djdk.net.URLClassPath.disableClassPathURLCheck=true 
Picked up _JAVA_OPTIONS: -Djdk.net.URLClassPath.disableClassPathURLCheck=true
Picked up JAVA_TOOL_OPTIONS: -XX:CICompilerCount=2 -XX:ParallelGCThreads=2 -XX:ConcGCThreads=2 -Djdk.net.URLClassPath.disableClassPathURLCheck=true -XX:CICompilerCount=2 -XX:ParallelGCThreads=2 -XX:ConcGCThreads=2 -Djdk.net.URLClassPath.disableClassPathURLCheck=true 
Picked up _JAVA_OPTIONS: -Djdk.net.URLClassPath.disableClassPathURLCheck=true
Running org.apache.logging.log4j.util.LambdaUtilTest
Picked up JAVA_TOOL_OPTIONS: -XX:CICompilerCount=2 -XX:ParallelGCThreads=2 -XX:ConcGCThreads=2 -Djdk.net.URLClassPath.disableClassPathURLCheck=true -XX:CICompilerCount=2 -XX:ParallelGCThreads=2 -XX:ConcGCThreads=2 -Djdk.net.URLClassPath.disableClassPathURLCheck=true 
Picked up _JAVA_OPTIONS: -Djdk.net.URLClassPath.disableClassPathURLCheck=true
Picked up JAVA_TOOL_OPTIONS: -XX:CICompilerCount=2 -XX:ParallelGCThreads=2 -XX:ConcGCThreads=2 -Djdk.net.URLClassPath.disableClassPathURLCheck=true -XX:CICompilerCount=2 -XX:ParallelGCThreads=2 -XX:ConcGCThreads=2 -Djdk.net.URLClassPath.disableClassPathURLCheck=true 
Picked up JAVA_TOOL_OPTIONS: -XX:CICompilerCount=2 -XX:ParallelGCThreads=2 -XX:ConcGCThreads=2 -Djdk.net.URLClassPath.disableClassPathURLCheck=true -XX:CICompilerCount=2 -XX:ParallelGCThreads=2 -XX:ConcGCThreads=2 -Djdk.net.URLClassPath.disableClassPathURLCheck=true 
Picked up JAVA_TOOL_OPTIONS: -XX:CICompilerCount=2 -XX:ParallelGCThreads=2 -XX:ConcGCThreads=2 -Djdk.net.URLClassPath.disableClassPathURLCheck=true -XX:CICompilerCount=2 -XX:ParallelGCThreads=2 -XX:ConcGCThreads=2 -Djdk.net.URLClassPath.disableClassPathURLCheck=true 
Picked up _JAVA_OPTIONS: -Djdk.net.URLClassPath.disableClassPathURLCheck=true
Picked up JAVA_TOOL_OPTIONS: -XX:CICompilerCount=2 -XX:ParallelGCThreads=2 -XX:ConcGCThreads=2 -Djdk.net.URLClassPath.disableClassPathURLCheck=true -XX:CICompilerCount=2 -XX:ParallelGCThreads=2 -XX:ConcGCThreads=2 -Djdk.net.URLClassPath.disableClassPathURLCheck=true 
Picked up _JAVA_OPTIONS: -Djdk.net.URLClassPath.disableClassPathURLCheck=true
Picked up JAVA_TOOL_OPTIONS: -XX:CICompilerCount=2 -XX:ParallelGCThreads=2 -XX:ConcGCThreads=2 -Djdk.net.URLClassPath.disableClassPathURLCheck=true -XX:CICompilerCount=2 -XX:ParallelGCThreads=2 -XX:ConcGCThreads=2 -Djdk.net.URLClassPath.disableClassPathURLCheck=true 
Picked up _JAVA_OPTIONS: -Djdk.net.URLClassPath.disableClassPathURLCheck=true
Picked up JAVA_TOOL_OPTIONS: -XX:CICompilerCount=2 -XX:ParallelGCThreads=2 -XX:ConcGCThreads=2 -Djdk.net.URLClassPath.disableClassPathURLCheck=true -XX:CICompilerCount=2 -XX:ParallelGCThreads=2 -XX:ConcGCThreads=2 -Djdk.net.URLClassPath.disableClassPathURLCheck=true 
Picked up _JAVA_OPTIONS: -Djdk.net.URLClassPath.disableClassPathURLCheck=true
Picked up JAVA_TOOL_OPTIONS: -XX:CICompilerCount=2 -XX:ParallelGCThreads=2 -XX:ConcGCThreads=2 -Djdk.net.URLClassPath.disableClassPathURLCheck=true -XX:CICompilerCount=2 -XX:ParallelGCThreads=2 -XX:ConcGCThreads=2 -Djdk.net.URLClassPath.disableClassPathURLCheck=true 
Picked up _JAVA_OPTIONS: -Djdk.net.URLClassPath.disableClassPathURLCheck=true
Picked up JAVA_TOOL_OPTIONS: -XX:CICompilerCount=2 -XX:ParallelGCThreads=2 -XX:ConcGCThreads=2 -Djdk.net.URLClassPath.disableClassPathURLCheck=true -XX:CICompilerCount=2 -XX:ParallelGCThreads=2 -XX:ConcGCThreads=2 -Djdk.net.URLClassPath.disableClassPathURLCheck=true 
Picked up _JAVA_OPTIONS: -Djdk.net.URLClassPath.disableClassPathURLCheck=true
Picked up _JAVA_OPTIONS: -Djdk.net.URLClassPath.disableClassPathURLCheck=true
Picked up JAVA_TOOL_OPTIONS: -XX:CICompilerCount=2 -XX:ParallelGCThreads=2 -XX:ConcGCThreads=2 -Djdk.net.URLClassPath.disableClassPathURLCheck=true -XX:CICompilerCount=2 -XX:ParallelGCThreads=2 -XX:ConcGCThreads=2 -Djdk.net.URLClassPath.disableClassPathURLCheck=true 
Picked up _JAVA_OPTIONS: -Djdk.net.URLClassPath.disableClassPathURLCheck=true
Picked up JAVA_TOOL_OPTIONS: -XX:CICompilerCount=2 -XX:ParallelGCThreads=2 -XX:ConcGCThreads=2 -Djdk.net.URLClassPath.disableClassPathURLCheck=true -XX:CICompilerCount=2 -XX:ParallelGCThreads=2 -XX:ConcGCThreads=2 -Djdk.net.URLClassPath.disableClassPathURLCheck=true 
Picked up _JAVA_OPTIONS: -Djdk.net.URLClassPath.disableClassPathURLCheck=true
Picked up _JAVA_OPTIONS: -Djdk.net.URLClassPath.disableClassPathURLCheck=true
Running org.apache.logging.log4j.util.ReflectionUtilTest
Running org.apache.logging.log4j.util.UnboxTest
Running org.apache.logging.log4j.util.PropertiesUtilTest
Running org.apache.logging.log4j.util.StringsTest
Picked up JAVA_TOOL_OPTIONS: -XX:CICompilerCount=2 -XX:ParallelGCThreads=2 -XX:ConcGCThreads=2 -Djdk.net.URLClassPath.disableClassPathURLCheck=true -XX:CICompilerCount=2 -XX:ParallelGCThreads=2 -XX:ConcGCThreads=2 -Djdk.net.URLClassPath.disableClassPathURLCheck=true 
Picked up _JAVA_OPTIONS: -Djdk.net.URLClassPath.disableClassPathURLCheck=true
Picked up JAVA_TOOL_OPTIONS: -XX:CICompilerCount=2 -XX:ParallelGCThreads=2 -XX:ConcGCThreads=2 -Djdk.net.URLClassPath.disableClassPathURLCheck=true -XX:CICompilerCount=2 -XX:ParallelGCThreads=2 -XX:ConcGCThreads=2 -Djdk.net.URLClassPath.disableClassPathURLCheck=true 
Picked up _JAVA_OPTIONS: -Djdk.net.URLClassPath.disableClassPathURLCheck=true
Picked up JAVA_TOOL_OPTIONS: -XX:CICompilerCount=2 -XX:ParallelGCThreads=2 -XX:ConcGCThreads=2 -Djdk.net.URLClassPath.disableClassPathURLCheck=true -XX:CICompilerCount=2 -XX:ParallelGCThreads=2 -XX:ConcGCThreads=2 -Djdk.net.URLClassPath.disableClassPathURLCheck=true 
Picked up _JAVA_OPTIONS: -Djdk.net.URLClassPath.disableClassPathURLCheck=true
Running org.apache.logging.log4j.spi.MutableThreadContextStackTest
Picked up JAVA_TOOL_OPTIONS: -XX:CICompilerCount=2 -XX:ParallelGCThreads=2 -XX:ConcGCThreads=2 -Djdk.net.URLClassPath.disableClassPathURLCheck=true -XX:CICompilerCount=2 -XX:ParallelGCThreads=2 -XX:ConcGCThreads=2 -Djdk.net.URLClassPath.disableClassPathURLCheck=true 
Picked up _JAVA_OPTIONS: -Djdk.net.URLClassPath.disableClassPathURLCheck=true
Running org.apache.logging.log4j.spi.DefaultThreadContextMapTest
Running org.apache.logging.log4j.spi.DefaultThreadContextStackTest
Running org.apache.logging.log4j.AbstractLoggerTest
Running org.apache.logging.log4j.message.MessageFormatsPerfTest
Running org.apache.logging.log4j.message.ThreadDumpMessageTest
Running org.apache.logging.log4j.message.ParameterFormatterTest
Tests run: 10, Failures: 0, Errors: 0, Skipped: 0, Time elapsed: 0.06 sec - in org.apache.logging.log4j.util.LambdaUtilTest
Running org.apache.logging.log4j.message.StructuredDataMessageTest
Running org.apache.logging.log4j.message.ReusableSimpleMessageTest
Running org.apache.logging.log4j.message.ObjectMessageTest
Tests run: 2, Failures: 0, Errors: 0, Skipped: 0, Time elapsed: 0.079 sec - in org.apache.logging.log4j.util.PropertiesUtilTest
Running org.apache.logging.log4j.message.MessageFormatMessageSerializationTest
Tests run: 2, Failures: 0, Errors: 0, Skipped: 0, Time elapsed: 0.082 sec - in org.apache.logging.log4j.util.StringsTest
Running org.apache.logging.log4j.message.MapMessageTest
Running org.apache.logging.log4j.message.StringFormattedMessageTest
Running org.apache.logging.log4j.message.ReusableObjectMessageTest
Running org.apache.logging.log4j.message.ReusableParameterizedMessageTest
Tests run: 11, Failures: 0, Errors: 0, Skipped: 0, Time elapsed: 0.013 sec - in org.apache.logging.log4j.message.ReusableSimpleMessageTest
Running org.apache.logging.log4j.message.FormattedMessageTest
Running org.apache.logging.log4j.message.MessageFormatMessageTest
Running org.apache.logging.log4j.message.ObjectArrayMessageTest
Running org.apache.logging.log4j.message.ParameterizedMessageTest
Tests run: 7, Failures: 0, Errors: 0, Skipped: 0, Time elapsed: 0.116 sec - in org.apache.logging.log4j.util.ReflectionUtilTest
Running org.apache.logging.log4j.message.LocalizedMessageTest
Running org.apache.logging.log4j.status.StatusLoggerSerializationTest
Running org.apache.logging.log4j.LoggerSupplierTest
Running org.apache.logging.log4j.osgi.felix.FelixLoadApiBundleTest
Timer Parameterized stopped. Elapsed time: 0.006173543 seconds Average per iteration: 0.000012347 seconds
Running org.apache.logging.log4j.LevelTest
Running org.apache.logging.log4j.MarkerTest
Running org.apache.logging.log4j.simple.SimpleLoggerTest
Running org.apache.logging.log4j.NoopThreadContextTest
Timer FormattedParameterized stopped. Elapsed time: 0.015953858 seconds Average per iteration: 0.000031907 seconds
Running org.apache.logging.log4j.ThreadContextInheritanceTest
Running org.apache.logging.log4j.EventLoggerTest
Running org.apache.logging.log4j.LambdaLoggerTest
Running org.apache.logging.log4j.CloseableThreadContextTest
Running org.apache.logging.log4j.LogManagerTest
Running org.apache.logging.log4j.osgi.equinox.EquinoxLoadApiBundleTest
ERROR TestError [Ljava.lang.Object;@5ecddf8f
Tests run: 1, Failures: 0, Errors: 0, Skipped: 1, Time elapsed: 0.022 sec - in org.apache.logging.log4j.status.StatusLoggerSerializationTest
Running org.apache.logging.log4j.ThreadContextTest
ERROR TestError Logging with a size 1 Object[] only one param {}
ERROR TestError Logging with an empty Object[] {} {}
Running org.apache.logging.log4j.LoggerTest
ERROR TestError Logging without args {}
Tests run: 32, Failures: 0, Errors: 0, Skipped: 0, Time elapsed: 0.12 sec - in org.apache.logging.log4j.spi.MutableThreadContextStackTest
ERROR TestError Logging without args
Timer MessageFormat stopped. Elapsed time: 0.033480013 seconds Average per iteration: 0.000066960 seconds
Tests run: 14, Failures: 0, Errors: 0, Skipped: 0, Time elapsed: 0.137 sec - in org.apache.logging.log4j.spi.DefaultThreadContextMapTest
Tests run: 4, Failures: 0, Errors: 0, Skipped: 0, Time elapsed: 0.078 sec - in org.apache.logging.log4j.message.StructuredDataMessageTest
Timer StringFormat stopped. Elapsed time: 0.019658145 seconds Average per iteration: 0.000039316 seconds
Parameterized is 3.18 times faster than StringFormat.
Parameterized is 5.42 times faster than MessageFormat.
Parameterized is 2.58 times faster than Formatted.
Tests run: 11, Failures: 0, Errors: 0, Skipped: 0, Time elapsed: 0.065 sec - in org.apache.logging.log4j.message.ReusableObjectMessageTest
Tests run: 10, Failures: 0, Errors: 0, Skipped: 0, Time elapsed: 0.17 sec - in org.apache.logging.log4j.util.UnboxTest
Tests run: 2, Failures: 0, Errors: 0, Skipped: 0, Time elapsed: 0.062 sec - in org.apache.logging.log4j.message.ObjectArrayMessageTest
Tests run: 17, Failures: 0, Errors: 0, Skipped: 0, Time elapsed: 0.099 sec - in org.apache.logging.log4j.message.ParameterFormatterTest
Tests run: 5, Failures: 0, Errors: 0, Skipped: 0, Time elapsed: 0.031 sec - in org.apache.logging.log4j.simple.SimpleLoggerTest
Tests run: 6, Failures: 0, Errors: 0, Skipped: 0, Time elapsed: 0.071 sec - in org.apache.logging.log4j.message.MapMessageTest
Tests run: 12, Failures: 0, Errors: 0, Skipped: 0, Time elapsed: 0.14 sec - in org.apache.logging.log4j.AbstractLoggerTest
Tests run: 25, Failures: 0, Errors: 0, Skipped: 0, Time elapsed: 0.142 sec - in org.apache.logging.log4j.spi.DefaultThreadContextStackTest
Tests run: 10, Failures: 0, Errors: 0, Skipped: 0, Time elapsed: 0.082 sec - in org.apache.logging.log4j.message.ParameterizedMessageTest
Tests run: 7, Failures: 0, Errors: 0, Skipped: 0, Time elapsed: 0.082 sec - in org.apache.logging.log4j.message.MessageFormatMessageTest
Tests run: 7, Failures: 0, Errors: 0, Skipped: 0, Time elapsed: 0.06 sec - in org.apache.logging.log4j.MarkerTest
Timer ThreadContextCopy stopped. Elapsed time: 0.019305878 seconds Average per iteration: 0.000000019 seconds
Timer ThreadContextTest stopped. Elapsed time: 0.019488364 seconds
Tests run: 4, Failures: 0, Errors: 0, Skipped: 0, Time elapsed: 0.16 sec - in org.apache.logging.log4j.message.MessageFormatsPerfTest
Timer ThreadContextCopy stopped. Elapsed time: 0.023504960 seconds Average per iteration: 0.000000023 seconds
Timer ThreadContextTest stopped. Elapsed time: 0.023719825 seconds
Tests run: 9, Failures: 0, Errors: 0, Skipped: 0, Time elapsed: 0.076 sec - in org.apache.logging.log4j.LevelTest
Tests run: 11, Failures: 1, Errors: 0, Skipped: 0, Time elapsed: 0.094 sec <<< FAILURE! - in org.apache.logging.log4j.message.ReusableParameterizedMessageTest
testThrowable(org.apache.logging.log4j.message.ReusableParameterizedMessageTest)  Time elapsed: 0.008 sec  <<< FAILURE!
java.lang.AssertionError: expected same:<java.lang.UnsupportedOperationException: #2> was not:<java.lang.IllegalAccessError: #1>
	at org.apache.logging.log4j.message.ReusableParameterizedMessageTest.testThrowable(ReusableParameterizedMessageTest.java:139)

Tests run: 11, Failures: 0, Errors: 0, Skipped: 0, Time elapsed: 0.127 sec - in org.apache.logging.log4j.message.FormattedMessageTest
Tests run: 1, Failures: 0, Errors: 0, Skipped: 0, Time elapsed: 0.093 sec - in org.apache.logging.log4j.NoopThreadContextTest
Tests run: 2, Failures: 0, Errors: 0, Skipped: 0, Time elapsed: 0.086 sec - in org.apache.logging.log4j.LogManagerTest
Tests run: 6, Failures: 0, Errors: 0, Skipped: 0, Time elapsed: 0.175 sec - in org.apache.logging.log4j.message.ObjectMessageTest
Tests run: 8, Failures: 0, Errors: 0, Skipped: 0, Time elapsed: 0.145 sec - in org.apache.logging.log4j.message.StringFormattedMessageTest
Tests run: 6, Failures: 0, Errors: 0, Skipped: 0, Time elapsed: 0.156 sec - in org.apache.logging.log4j.message.MessageFormatMessageSerializationTest
Tests run: 1, Failures: 0, Errors: 0, Skipped: 0, Time elapsed: 0.116 sec - in org.apache.logging.log4j.EventLoggerTest
Tests run: 12, Failures: 0, Errors: 0, Skipped: 0, Time elapsed: 0.109 sec - in org.apache.logging.log4j.CloseableThreadContextTest
Tests run: 6, Failures: 0, Errors: 0, Skipped: 0, Time elapsed: 0.173 sec - in org.apache.logging.log4j.message.LocalizedMessageTest
Tests run: 12, Failures: 0, Errors: 0, Skipped: 0, Time elapsed: 0.165 sec - in org.apache.logging.log4j.ThreadContextInheritanceTest
Tests run: 12, Failures: 0, Errors: 0, Skipped: 0, Time elapsed: 0.132 sec - in org.apache.logging.log4j.ThreadContextTest
Tests run: 4, Failures: 0, Errors: 0, Skipped: 0, Time elapsed: 0.306 sec - in org.apache.logging.log4j.message.ThreadDumpMessageTest
Tests run: 71, Failures: 0, Errors: 0, Skipped: 0, Time elapsed: 0.111 sec - in org.apache.logging.log4j.LambdaLoggerTest
Tests run: 12, Failures: 0, Errors: 0, Skipped: 0, Time elapsed: 0.327 sec - in org.apache.logging.log4j.LoggerSupplierTest
Tests run: 45, Failures: 0, Errors: 0, Skipped: 0, Time elapsed: 0.36 sec - in org.apache.logging.log4j.LoggerTest
15:46:02.233 [main] ERROR org.apache.logging.log4j.configuration.CustomConfiguration - Test OK
15:46:22.450 [main] ERROR org.apache.logging.log4j.configuration.CustomConfiguration - Test OK
Tests run: 3, Failures: 0, Errors: 0, Skipped: 0, Time elapsed: 41.989 sec - in org.apache.logging.log4j.osgi.felix.FelixLoadApiBundleTest
Tests run: 3, Failures: 0, Errors: 0, Skipped: 0, Time elapsed: 87.815 sec - in org.apache.logging.log4j.osgi.equinox.EquinoxLoadApiBundleTest

Results :

Failed tests: 
  ReusableParameterizedMessageTest.testThrowable:139 expected same:<java.lang.UnsupportedOperationException: #2> was not:<java.lang.IllegalAccessError: #1>

Tests run: 434, Failures: 1, Errors: 0, Skipped: 1

[INFO] ------------------------------------------------------------------------
[INFO] BUILD FAILURE
[INFO] ------------------------------------------------------------------------
[INFO] Total time: 02:34 min
[INFO] Finished at: 2020-03-13T15:47:41-07:00
[INFO] Final Memory: 26M/1523M
[INFO] ------------------------------------------------------------------------
[ERROR] Failed to execute goal org.apache.maven.plugins:maven-surefire-plugin:2.19.1:test (default-test) on project log4j-api: ExecutionException Error occurred in starting fork, check output in log -> [Help 1]
[ERROR] 
[ERROR] To see the full stack trace of the errors, re-run Maven with the -e switch.
[ERROR] Re-run Maven using the -X switch to enable full debug logging.
[ERROR] 
[ERROR] For more information about the errors and possible solutions, please read the following articles:
[ERROR] [Help 1] http://cwiki.apache.org/confluence/display/MAVEN/MojoFailureException
