Picked up JAVA_TOOL_OPTIONS: -XX:CICompilerCount=2 -XX:ParallelGCThreads=2 -XX:ConcGCThreads=2 -Djdk.net.URLClassPath.disableClassPathURLCheck=true 
Picked up _JAVA_OPTIONS: -Djdk.net.URLClassPath.disableClassPathURLCheck=true
Apache Maven 3.5.0 (Red Hat 3.5.0-4.3)
Maven home: /opt/rh/rh-maven35/root/usr/share/maven
Java version: 1.7.0_80, vendor: Oracle Corporation
Java home: /boom/scratch/jmcampos/RTA/repair_them_all_framework/jdks/jdk1.7.0_80/jre
Default locale: en_US, platform encoding: UTF-8
OS name: "linux", version: "4.14.147-1.el7.retpoline.x86_64", arch: "amd64", family: "unix"
[INFO] Scanning for projects...
[INFO] 
[INFO] ------------------------------------------------------------------------
[INFO] Building flink-runtime 1.0-SNAPSHOT
[INFO] ------------------------------------------------------------------------
[INFO] Downloading: http://repository.apache.org/snapshots/org/apache/flink/flink-core/1.0-SNAPSHOT/maven-metadata.xml
[INFO] Downloaded: http://repository.apache.org/snapshots/org/apache/flink/flink-core/1.0-SNAPSHOT/maven-metadata.xml (988 B at 2.4 kB/s)
[INFO] Downloading: http://repository.apache.org/snapshots/org/apache/flink/flink-parent/1.0-SNAPSHOT/maven-metadata.xml
[INFO] Downloaded: http://repository.apache.org/snapshots/org/apache/flink/flink-parent/1.0-SNAPSHOT/maven-metadata.xml (605 B at 70 B/s)
[INFO] Downloading: http://repository.apache.org/snapshots/org/apache/flink/flink-shaded-hadoop2/1.0-SNAPSHOT/maven-metadata.xml
[INFO] Downloaded: http://repository.apache.org/snapshots/org/apache/flink/flink-shaded-hadoop2/1.0-SNAPSHOT/maven-metadata.xml (786 B at 2.3 kB/s)
[INFO] Downloading: http://repository.apache.org/snapshots/org/apache/flink/flink-shaded-hadoop/1.0-SNAPSHOT/maven-metadata.xml
[INFO] Downloaded: http://repository.apache.org/snapshots/org/apache/flink/flink-shaded-hadoop/1.0-SNAPSHOT/maven-metadata.xml (612 B at 1.8 kB/s)
[INFO] Downloading: http://repository.apache.org/snapshots/org/apache/flink/flink-java/1.0-SNAPSHOT/maven-metadata.xml
[INFO] Downloaded: http://repository.apache.org/snapshots/org/apache/flink/flink-java/1.0-SNAPSHOT/maven-metadata.xml (988 B at 2.9 kB/s)
[INFO] Downloading: http://repository.apache.org/snapshots/org/apache/flink/flink-shaded-curator-recipes/1.0-SNAPSHOT/maven-metadata.xml
[INFO] Downloaded: http://repository.apache.org/snapshots/org/apache/flink/flink-shaded-curator-recipes/1.0-SNAPSHOT/maven-metadata.xml (1.0 kB at 3.0 kB/s)
[INFO] Downloading: http://repository.apache.org/snapshots/org/apache/flink/flink-shaded-curator/1.0-SNAPSHOT/maven-metadata.xml
[INFO] Downloaded: http://repository.apache.org/snapshots/org/apache/flink/flink-shaded-curator/1.0-SNAPSHOT/maven-metadata.xml (613 B at 90 B/s)
[INFO] 
[INFO] --- maven-checkstyle-plugin:2.16:check (validate) @ flink-runtime ---
[INFO] 
[INFO] --- maven-enforcer-plugin:1.3.1:enforce (enforce-maven) @ flink-runtime ---
[INFO] Skipping Rule Enforcement.
[INFO] 
[INFO] --- git-commit-id-plugin:2.1.5:revision (default) @ flink-runtime ---
[info] 
[info] /boom/scratch/tmp-rta/Bugs.jar_Flink_76bebd42_java-7/.git
[info] 
[info] 
[info] 
[info] 
[info] 
[info] 
[info] 
[info] 
[info] 
[info] 
[info] 
[info] 
[info] 
[info] 
[INFO] 
[INFO] --- build-helper-maven-plugin:1.7:add-source (add-source) @ flink-runtime ---
[INFO] Source directory: /boom/scratch/tmp-rta/Bugs.jar_Flink_76bebd42_java-7/flink-runtime/src/main/scala added.
[INFO] 
[INFO] --- maven-remote-resources-plugin:1.5:process (default) @ flink-runtime ---
[INFO] 
[INFO] --- maven-resources-plugin:2.6:resources (default-resources) @ flink-runtime ---
[INFO] Using 'UTF-8' encoding to copy filtered resources.
[INFO] Copying 2 resources
[INFO] Copying 3 resources
[INFO] 
[INFO] --- scala-maven-plugin:3.1.4:compile (scala-compile-first) @ flink-runtime ---
[INFO] Nothing to compile - all classes are up to date
[INFO] 
[INFO] --- maven-compiler-plugin:3.1:compile (default-compile) @ flink-runtime ---
[INFO] Changes detected - recompiling the module!
[INFO] Compiling 505 source files to /boom/scratch/tmp-rta/Bugs.jar_Flink_76bebd42_java-7/flink-runtime/target/classes
[WARNING] /boom/scratch/tmp-rta/Bugs.jar_Flink_76bebd42_java-7/flink-runtime/src/main/java/org/apache/flink/runtime/operators/chaining/ChainedCollectorMapDriver.java:[22,45] org.apache.flink.api.common.functions.GenericCollectorMap in org.apache.flink.api.common.functions has been deprecated
[WARNING] /boom/scratch/tmp-rta/Bugs.jar_Flink_76bebd42_java-7/flink-runtime/src/main/java/org/apache/flink/runtime/operators/CollectorMapDriver.java:[23,45] org.apache.flink.api.common.functions.GenericCollectorMap in org.apache.flink.api.common.functions has been deprecated
[WARNING] /boom/scratch/tmp-rta/Bugs.jar_Flink_76bebd42_java-7/flink-runtime/src/main/java/org/apache/flink/runtime/operators/CollectorMapDriver.java:[43,59] org.apache.flink.api.common.functions.GenericCollectorMap in org.apache.flink.api.common.functions has been deprecated
[WARNING] /boom/scratch/tmp-rta/Bugs.jar_Flink_76bebd42_java-7/flink-runtime/src/main/java/org/apache/flink/runtime/util/SignalHandler.java:[21,16] sun.misc.Signal is internal proprietary API and may be removed in a future release
[WARNING] /boom/scratch/tmp-rta/Bugs.jar_Flink_76bebd42_java-7/flink-runtime/src/main/java/org/apache/flink/runtime/util/SignalHandler.java:[32,57] sun.misc.SignalHandler is internal proprietary API and may be removed in a future release
[WARNING] /boom/scratch/tmp-rta/Bugs.jar_Flink_76bebd42_java-7/flink-runtime/src/main/java/org/apache/flink/runtime/util/DataInputDeserializer.java:[316,38] sun.misc.Unsafe is internal proprietary API and may be removed in a future release
[WARNING] /boom/scratch/tmp-rta/Bugs.jar_Flink_76bebd42_java-7/flink-runtime/src/main/java/org/apache/flink/runtime/zookeeper/ZooKeeperStateHandleStore.java:[90,44] unchecked conversion
  required: org.apache.flink.runtime.zookeeper.StateStorageHelper<T>
  found:    org.apache.flink.runtime.zookeeper.StateStorageHelper
[WARNING] /boom/scratch/tmp-rta/Bugs.jar_Flink_76bebd42_java-7/flink-runtime/src/main/java/org/apache/flink/runtime/util/DataOutputSerializer.java:[308,38] sun.misc.Unsafe is internal proprietary API and may be removed in a future release
[WARNING] /boom/scratch/tmp-rta/Bugs.jar_Flink_76bebd42_java-7/flink-runtime/src/main/java/org/apache/flink/runtime/util/SignalHandler.java:[34,39] sun.misc.SignalHandler is internal proprietary API and may be removed in a future release
[WARNING] /boom/scratch/tmp-rta/Bugs.jar_Flink_76bebd42_java-7/flink-runtime/src/main/java/org/apache/flink/runtime/util/SignalHandler.java:[38,57] sun.misc.Signal is internal proprietary API and may be removed in a future release
[WARNING] /boom/scratch/tmp-rta/Bugs.jar_Flink_76bebd42_java-7/flink-runtime/src/main/java/org/apache/flink/runtime/util/SignalHandler.java:[38,39] sun.misc.Signal is internal proprietary API and may be removed in a future release
[WARNING] /boom/scratch/tmp-rta/Bugs.jar_Flink_76bebd42_java-7/flink-runtime/src/main/java/org/apache/flink/runtime/util/SignalHandler.java:[47,36] sun.misc.Signal is internal proprietary API and may be removed in a future release
[WARNING] /boom/scratch/tmp-rta/Bugs.jar_Flink_76bebd42_java-7/flink-runtime/src/main/java/org/apache/flink/runtime/util/DependencyVisitor.java:[191,29] visitMethodInsn(int,java.lang.String,java.lang.String,java.lang.String) in org.objectweb.asm.MethodVisitor has been deprecated
[INFO] 
[INFO] --- build-helper-maven-plugin:1.7:add-test-source (add-test-source) @ flink-runtime ---
[INFO] Test Source directory: /boom/scratch/tmp-rta/Bugs.jar_Flink_76bebd42_java-7/flink-runtime/src/test/scala added.
[INFO] 
[INFO] --- maven-resources-plugin:2.6:testResources (default-testResources) @ flink-runtime ---
[INFO] Using 'UTF-8' encoding to copy filtered resources.
[INFO] Copying 2 resources
[INFO] Copying 3 resources
[INFO] 
[INFO] --- scala-maven-plugin:3.1.4:testCompile (scala-test-compile) @ flink-runtime ---
[INFO] Nothing to compile - all classes are up to date
[INFO] 
[INFO] --- maven-compiler-plugin:3.1:testCompile (default-testCompile) @ flink-runtime ---
[INFO] Nothing to compile - all classes are up to date
[INFO] 
[INFO] --- maven-surefire-plugin:2.18.1:test (default-test) @ flink-runtime ---
[INFO] Surefire report directory: /boom/scratch/tmp-rta/Bugs.jar_Flink_76bebd42_java-7/flink-runtime/target/surefire-reports
[INFO] Downloading: https://repo.maven.apache.org/maven2/org/apache/maven/surefire/surefire-junit4/2.18.1/surefire-junit4-2.18.1.pom
[INFO] Downloaded: https://repo.maven.apache.org/maven2/org/apache/maven/surefire/surefire-junit4/2.18.1/surefire-junit4-2.18.1.pom (2.5 kB at 4.0 kB/s)
[INFO] Downloading: https://repo.maven.apache.org/maven2/org/apache/maven/surefire/surefire-providers/2.18.1/surefire-providers-2.18.1.pom
[INFO] Downloaded: https://repo.maven.apache.org/maven2/org/apache/maven/surefire/surefire-providers/2.18.1/surefire-providers-2.18.1.pom (2.5 kB at 231 kB/s)
[INFO] Downloading: https://repo.maven.apache.org/maven2/org/apache/maven/surefire/surefire-junit4/2.18.1/surefire-junit4-2.18.1.jar
[INFO] Downloaded: https://repo.maven.apache.org/maven2/org/apache/maven/surefire/surefire-junit4/2.18.1/surefire-junit4-2.18.1.jar (68 kB at 861 kB/s)

-------------------------------------------------------
 T E S T S
-------------------------------------------------------
Picked up JAVA_TOOL_OPTIONS: -XX:CICompilerCount=2 -XX:ParallelGCThreads=2 -XX:ConcGCThreads=2 -Djdk.net.URLClassPath.disableClassPathURLCheck=true -XX:CICompilerCount=2 -XX:ParallelGCThreads=2 -XX:ConcGCThreads=2 -Djdk.net.URLClassPath.disableClassPathURLCheck=true 
Picked up _JAVA_OPTIONS: -Djdk.net.URLClassPath.disableClassPathURLCheck=true
Picked up JAVA_TOOL_OPTIONS: -XX:CICompilerCount=2 -XX:ParallelGCThreads=2 -XX:ConcGCThreads=2 -Djdk.net.URLClassPath.disableClassPathURLCheck=true -XX:CICompilerCount=2 -XX:ParallelGCThreads=2 -XX:ConcGCThreads=2 -Djdk.net.URLClassPath.disableClassPathURLCheck=true 
Picked up _JAVA_OPTIONS: -Djdk.net.URLClassPath.disableClassPathURLCheck=true
Picked up JAVA_TOOL_OPTIONS: -XX:CICompilerCount=2 -XX:ParallelGCThreads=2 -XX:ConcGCThreads=2 -Djdk.net.URLClassPath.disableClassPathURLCheck=true -XX:CICompilerCount=2 -XX:ParallelGCThreads=2 -XX:ConcGCThreads=2 -Djdk.net.URLClassPath.disableClassPathURLCheck=true 
Picked up JAVA_TOOL_OPTIONS: -XX:CICompilerCount=2 -XX:ParallelGCThreads=2 -XX:ConcGCThreads=2 -Djdk.net.URLClassPath.disableClassPathURLCheck=true -XX:CICompilerCount=2 -XX:ParallelGCThreads=2 -XX:ConcGCThreads=2 -Djdk.net.URLClassPath.disableClassPathURLCheck=true 
Picked up JAVA_TOOL_OPTIONS: -XX:CICompilerCount=2 -XX:ParallelGCThreads=2 -XX:ConcGCThreads=2 -Djdk.net.URLClassPath.disableClassPathURLCheck=true -XX:CICompilerCount=2 -XX:ParallelGCThreads=2 -XX:ConcGCThreads=2 -Djdk.net.URLClassPath.disableClassPathURLCheck=true 
Picked up JAVA_TOOL_OPTIONS: -XX:CICompilerCount=2 -XX:ParallelGCThreads=2 -XX:ConcGCThreads=2 -Djdk.net.URLClassPath.disableClassPathURLCheck=true -XX:CICompilerCount=2 -XX:ParallelGCThreads=2 -XX:ConcGCThreads=2 -Djdk.net.URLClassPath.disableClassPathURLCheck=true 
Picked up JAVA_TOOL_OPTIONS: -XX:CICompilerCount=2 -XX:ParallelGCThreads=2 -XX:ConcGCThreads=2 -Djdk.net.URLClassPath.disableClassPathURLCheck=true -XX:CICompilerCount=2 -XX:ParallelGCThreads=2 -XX:ConcGCThreads=2 -Djdk.net.URLClassPath.disableClassPathURLCheck=true 
Picked up JAVA_TOOL_OPTIONS: -XX:CICompilerCount=2 -XX:ParallelGCThreads=2 -XX:ConcGCThreads=2 -Djdk.net.URLClassPath.disableClassPathURLCheck=true -XX:CICompilerCount=2 -XX:ParallelGCThreads=2 -XX:ConcGCThreads=2 -Djdk.net.URLClassPath.disableClassPathURLCheck=true 
Picked up JAVA_TOOL_OPTIONS: -XX:CICompilerCount=2 -XX:ParallelGCThreads=2 -XX:ConcGCThreads=2 -Djdk.net.URLClassPath.disableClassPathURLCheck=true -XX:CICompilerCount=2 -XX:ParallelGCThreads=2 -XX:ConcGCThreads=2 -Djdk.net.URLClassPath.disableClassPathURLCheck=true 
Picked up JAVA_TOOL_OPTIONS: -XX:CICompilerCount=2 -XX:ParallelGCThreads=2 -XX:ConcGCThreads=2 -Djdk.net.URLClassPath.disableClassPathURLCheck=true -XX:CICompilerCount=2 -XX:ParallelGCThreads=2 -XX:ConcGCThreads=2 -Djdk.net.URLClassPath.disableClassPathURLCheck=true 
Picked up JAVA_TOOL_OPTIONS: -XX:CICompilerCount=2 -XX:ParallelGCThreads=2 -XX:ConcGCThreads=2 -Djdk.net.URLClassPath.disableClassPathURLCheck=true -XX:CICompilerCount=2 -XX:ParallelGCThreads=2 -XX:ConcGCThreads=2 -Djdk.net.URLClassPath.disableClassPathURLCheck=true 
Picked up JAVA_TOOL_OPTIONS: -XX:CICompilerCount=2 -XX:ParallelGCThreads=2 -XX:ConcGCThreads=2 -Djdk.net.URLClassPath.disableClassPathURLCheck=true -XX:CICompilerCount=2 -XX:ParallelGCThreads=2 -XX:ConcGCThreads=2 -Djdk.net.URLClassPath.disableClassPathURLCheck=true 
Picked up JAVA_TOOL_OPTIONS: -XX:CICompilerCount=2 -XX:ParallelGCThreads=2 -XX:ConcGCThreads=2 -Djdk.net.URLClassPath.disableClassPathURLCheck=true -XX:CICompilerCount=2 -XX:ParallelGCThreads=2 -XX:ConcGCThreads=2 -Djdk.net.URLClassPath.disableClassPathURLCheck=true 
Picked up _JAVA_OPTIONS: -Djdk.net.URLClassPath.disableClassPathURLCheck=true
Picked up JAVA_TOOL_OPTIONS: -XX:CICompilerCount=2 -XX:ParallelGCThreads=2 -XX:ConcGCThreads=2 -Djdk.net.URLClassPath.disableClassPathURLCheck=true -XX:CICompilerCount=2 -XX:ParallelGCThreads=2 -XX:ConcGCThreads=2 -Djdk.net.URLClassPath.disableClassPathURLCheck=true 
Picked up _JAVA_OPTIONS: -Djdk.net.URLClassPath.disableClassPathURLCheck=true
Picked up JAVA_TOOL_OPTIONS: -XX:CICompilerCount=2 -XX:ParallelGCThreads=2 -XX:ConcGCThreads=2 -Djdk.net.URLClassPath.disableClassPathURLCheck=true -XX:CICompilerCount=2 -XX:ParallelGCThreads=2 -XX:ConcGCThreads=2 -Djdk.net.URLClassPath.disableClassPathURLCheck=true 
Picked up _JAVA_OPTIONS: -Djdk.net.URLClassPath.disableClassPathURLCheck=true
Picked up JAVA_TOOL_OPTIONS: -XX:CICompilerCount=2 -XX:ParallelGCThreads=2 -XX:ConcGCThreads=2 -Djdk.net.URLClassPath.disableClassPathURLCheck=true -XX:CICompilerCount=2 -XX:ParallelGCThreads=2 -XX:ConcGCThreads=2 -Djdk.net.URLClassPath.disableClassPathURLCheck=true 
Picked up _JAVA_OPTIONS: -Djdk.net.URLClassPath.disableClassPathURLCheck=true
Picked up JAVA_TOOL_OPTIONS: -XX:CICompilerCount=2 -XX:ParallelGCThreads=2 -XX:ConcGCThreads=2 -Djdk.net.URLClassPath.disableClassPathURLCheck=true -XX:CICompilerCount=2 -XX:ParallelGCThreads=2 -XX:ConcGCThreads=2 -Djdk.net.URLClassPath.disableClassPathURLCheck=true 
Picked up _JAVA_OPTIONS: -Djdk.net.URLClassPath.disableClassPathURLCheck=true
Picked up JAVA_TOOL_OPTIONS: -XX:CICompilerCount=2 -XX:ParallelGCThreads=2 -XX:ConcGCThreads=2 -Djdk.net.URLClassPath.disableClassPathURLCheck=true -XX:CICompilerCount=2 -XX:ParallelGCThreads=2 -XX:ConcGCThreads=2 -Djdk.net.URLClassPath.disableClassPathURLCheck=true 
Picked up _JAVA_OPTIONS: -Djdk.net.URLClassPath.disableClassPathURLCheck=true
Picked up JAVA_TOOL_OPTIONS: -XX:CICompilerCount=2 -XX:ParallelGCThreads=2 -XX:ConcGCThreads=2 -Djdk.net.URLClassPath.disableClassPathURLCheck=true -XX:CICompilerCount=2 -XX:ParallelGCThreads=2 -XX:ConcGCThreads=2 -Djdk.net.URLClassPath.disableClassPathURLCheck=true 
Picked up _JAVA_OPTIONS: -Djdk.net.URLClassPath.disableClassPathURLCheck=true
Picked up JAVA_TOOL_OPTIONS: -XX:CICompilerCount=2 -XX:ParallelGCThreads=2 -XX:ConcGCThreads=2 -Djdk.net.URLClassPath.disableClassPathURLCheck=true -XX:CICompilerCount=2 -XX:ParallelGCThreads=2 -XX:ConcGCThreads=2 -Djdk.net.URLClassPath.disableClassPathURLCheck=true 
Picked up JAVA_TOOL_OPTIONS: -XX:CICompilerCount=2 -XX:ParallelGCThreads=2 -XX:ConcGCThreads=2 -Djdk.net.URLClassPath.disableClassPathURLCheck=true -XX:CICompilerCount=2 -XX:ParallelGCThreads=2 -XX:ConcGCThreads=2 -Djdk.net.URLClassPath.disableClassPathURLCheck=true 
Picked up JAVA_TOOL_OPTIONS: -XX:CICompilerCount=2 -XX:ParallelGCThreads=2 -XX:ConcGCThreads=2 -Djdk.net.URLClassPath.disableClassPathURLCheck=true -XX:CICompilerCount=2 -XX:ParallelGCThreads=2 -XX:ConcGCThreads=2 -Djdk.net.URLClassPath.disableClassPathURLCheck=true 
Picked up _JAVA_OPTIONS: -Djdk.net.URLClassPath.disableClassPathURLCheck=true
Picked up JAVA_TOOL_OPTIONS: -XX:CICompilerCount=2 -XX:ParallelGCThreads=2 -XX:ConcGCThreads=2 -Djdk.net.URLClassPath.disableClassPathURLCheck=true -XX:CICompilerCount=2 -XX:ParallelGCThreads=2 -XX:ConcGCThreads=2 -Djdk.net.URLClassPath.disableClassPathURLCheck=true 
Picked up _JAVA_OPTIONS: -Djdk.net.URLClassPath.disableClassPathURLCheck=true
Picked up JAVA_TOOL_OPTIONS: -XX:CICompilerCount=2 -XX:ParallelGCThreads=2 -XX:ConcGCThreads=2 -Djdk.net.URLClassPath.disableClassPathURLCheck=true -XX:CICompilerCount=2 -XX:ParallelGCThreads=2 -XX:ConcGCThreads=2 -Djdk.net.URLClassPath.disableClassPathURLCheck=true 
Picked up JAVA_TOOL_OPTIONS: -XX:CICompilerCount=2 -XX:ParallelGCThreads=2 -XX:ConcGCThreads=2 -Djdk.net.URLClassPath.disableClassPathURLCheck=true -XX:CICompilerCount=2 -XX:ParallelGCThreads=2 -XX:ConcGCThreads=2 -Djdk.net.URLClassPath.disableClassPathURLCheck=true 
Picked up _JAVA_OPTIONS: -Djdk.net.URLClassPath.disableClassPathURLCheck=true
Picked up JAVA_TOOL_OPTIONS: -XX:CICompilerCount=2 -XX:ParallelGCThreads=2 -XX:ConcGCThreads=2 -Djdk.net.URLClassPath.disableClassPathURLCheck=true -XX:CICompilerCount=2 -XX:ParallelGCThreads=2 -XX:ConcGCThreads=2 -Djdk.net.URLClassPath.disableClassPathURLCheck=true 
Picked up _JAVA_OPTIONS: -Djdk.net.URLClassPath.disableClassPathURLCheck=true
Picked up _JAVA_OPTIONS: -Djdk.net.URLClassPath.disableClassPathURLCheck=true
Picked up JAVA_TOOL_OPTIONS: -XX:CICompilerCount=2 -XX:ParallelGCThreads=2 -XX:ConcGCThreads=2 -Djdk.net.URLClassPath.disableClassPathURLCheck=true -XX:CICompilerCount=2 -XX:ParallelGCThreads=2 -XX:ConcGCThreads=2 -Djdk.net.URLClassPath.disableClassPathURLCheck=true 
Picked up _JAVA_OPTIONS: -Djdk.net.URLClassPath.disableClassPathURLCheck=true
Picked up JAVA_TOOL_OPTIONS: -XX:CICompilerCount=2 -XX:ParallelGCThreads=2 -XX:ConcGCThreads=2 -Djdk.net.URLClassPath.disableClassPathURLCheck=true -XX:CICompilerCount=2 -XX:ParallelGCThreads=2 -XX:ConcGCThreads=2 -Djdk.net.URLClassPath.disableClassPathURLCheck=true 
Picked up _JAVA_OPTIONS: -Djdk.net.URLClassPath.disableClassPathURLCheck=true
Picked up JAVA_TOOL_OPTIONS: -XX:CICompilerCount=2 -XX:ParallelGCThreads=2 -XX:ConcGCThreads=2 -Djdk.net.URLClassPath.disableClassPathURLCheck=true -XX:CICompilerCount=2 -XX:ParallelGCThreads=2 -XX:ConcGCThreads=2 -Djdk.net.URLClassPath.disableClassPathURLCheck=true 
Picked up _JAVA_OPTIONS: -Djdk.net.URLClassPath.disableClassPathURLCheck=true
Picked up JAVA_TOOL_OPTIONS: -XX:CICompilerCount=2 -XX:ParallelGCThreads=2 -XX:ConcGCThreads=2 -Djdk.net.URLClassPath.disableClassPathURLCheck=true -XX:CICompilerCount=2 -XX:ParallelGCThreads=2 -XX:ConcGCThreads=2 -Djdk.net.URLClassPath.disableClassPathURLCheck=true 
Picked up _JAVA_OPTIONS: -Djdk.net.URLClassPath.disableClassPathURLCheck=true
Picked up _JAVA_OPTIONS: -Djdk.net.URLClassPath.disableClassPathURLCheck=true
Picked up _JAVA_OPTIONS: -Djdk.net.URLClassPath.disableClassPathURLCheck=true
Picked up JAVA_TOOL_OPTIONS: -XX:CICompilerCount=2 -XX:ParallelGCThreads=2 -XX:ConcGCThreads=2 -Djdk.net.URLClassPath.disableClassPathURLCheck=true -XX:CICompilerCount=2 -XX:ParallelGCThreads=2 -XX:ConcGCThreads=2 -Djdk.net.URLClassPath.disableClassPathURLCheck=true 
Picked up _JAVA_OPTIONS: -Djdk.net.URLClassPath.disableClassPathURLCheck=true
Picked up JAVA_TOOL_OPTIONS: -XX:CICompilerCount=2 -XX:ParallelGCThreads=2 -XX:ConcGCThreads=2 -Djdk.net.URLClassPath.disableClassPathURLCheck=true -XX:CICompilerCount=2 -XX:ParallelGCThreads=2 -XX:ConcGCThreads=2 -Djdk.net.URLClassPath.disableClassPathURLCheck=true 
Picked up _JAVA_OPTIONS: -Djdk.net.URLClassPath.disableClassPathURLCheck=true
Picked up _JAVA_OPTIONS: -Djdk.net.URLClassPath.disableClassPathURLCheck=true
Picked up _JAVA_OPTIONS: -Djdk.net.URLClassPath.disableClassPathURLCheck=true
Picked up _JAVA_OPTIONS: -Djdk.net.URLClassPath.disableClassPathURLCheck=true
Picked up JAVA_TOOL_OPTIONS: -XX:CICompilerCount=2 -XX:ParallelGCThreads=2 -XX:ConcGCThreads=2 -Djdk.net.URLClassPath.disableClassPathURLCheck=true -XX:CICompilerCount=2 -XX:ParallelGCThreads=2 -XX:ConcGCThreads=2 -Djdk.net.URLClassPath.disableClassPathURLCheck=true 
Picked up _JAVA_OPTIONS: -Djdk.net.URLClassPath.disableClassPathURLCheck=true
Picked up _JAVA_OPTIONS: -Djdk.net.URLClassPath.disableClassPathURLCheck=true
Picked up JAVA_TOOL_OPTIONS: -XX:CICompilerCount=2 -XX:ParallelGCThreads=2 -XX:ConcGCThreads=2 -Djdk.net.URLClassPath.disableClassPathURLCheck=true -XX:CICompilerCount=2 -XX:ParallelGCThreads=2 -XX:ConcGCThreads=2 -Djdk.net.URLClassPath.disableClassPathURLCheck=true 
Picked up _JAVA_OPTIONS: -Djdk.net.URLClassPath.disableClassPathURLCheck=true
Picked up JAVA_TOOL_OPTIONS: -XX:CICompilerCount=2 -XX:ParallelGCThreads=2 -XX:ConcGCThreads=2 -Djdk.net.URLClassPath.disableClassPathURLCheck=true -XX:CICompilerCount=2 -XX:ParallelGCThreads=2 -XX:ConcGCThreads=2 -Djdk.net.URLClassPath.disableClassPathURLCheck=true 
Picked up _JAVA_OPTIONS: -Djdk.net.URLClassPath.disableClassPathURLCheck=true
Picked up _JAVA_OPTIONS: -Djdk.net.URLClassPath.disableClassPathURLCheck=true
Running org.apache.flink.runtime.operators.RightOuterJoinTaskTest
Running org.apache.flink.runtime.io.network.partition.ProducerFailedExceptionTest
Running org.apache.flink.runtime.operators.resettable.SpillingResettableMutableObjectIteratorTest
Running org.apache.flink.runtime.executiongraph.ExecutionVertexSchedulingTest
Running org.apache.flink.runtime.jobmanager.scheduler.SchedulerIsolatedTasksTest
Running org.apache.flink.runtime.io.network.api.serialization.SpanningRecordSerializationTest
Running org.apache.flink.runtime.operators.resettable.SpillingResettableIteratorTest
Picked up _JAVA_OPTIONS: -Djdk.net.URLClassPath.disableClassPathURLCheck=true
Running org.apache.flink.runtime.io.network.netty.NettyServerLowAndHighWatermarkTest
Running org.apache.flink.runtime.operators.resettable.NonReusingBlockResettableIteratorTest
Running org.apache.flink.runtime.operators.util.RecordOutputEmitterTest
Running org.apache.flink.runtime.io.network.partition.SpilledSubpartitionViewTest
Running org.apache.flink.runtime.executiongraph.ExecutionVertexCancelTest
Running org.apache.flink.runtime.io.network.partition.PipelinedSubpartitionTest
Running org.apache.flink.runtime.io.network.buffer.NetworkBufferPoolTest
Running org.apache.flink.runtime.operators.CoGroupTaskTest
Running org.apache.flink.runtime.executiongraph.ExecutionGraphDeploymentTest
Running org.apache.flink.runtime.akka.FlinkActorTest
Running org.apache.flink.runtime.io.network.api.serialization.PagedViewsTest
Picked up _JAVA_OPTIONS: -Djdk.net.URLClassPath.disableClassPathURLCheck=true
Running org.apache.flink.runtime.operators.hash.MemoryHashTableTest
Running org.apache.flink.runtime.executiongraph.ExecutionGraphConstructionTest
Running org.apache.flink.runtime.operators.ReduceTaskTest
Running org.apache.flink.runtime.operators.CombinerOversizedRecordsTest
Running org.apache.flink.runtime.io.network.partition.SpilledSubpartitionViewSyncIOTest
Picked up _JAVA_OPTIONS: -Djdk.net.URLClassPath.disableClassPathURLCheck=true
Running org.apache.flink.runtime.io.network.api.serialization.SpanningRecordSerializerTest
Running org.apache.flink.runtime.io.network.netty.PartitionRequestClientHandlerTest
Running org.apache.flink.runtime.operators.FullOuterJoinTaskTest
Running org.apache.flink.runtime.io.network.netty.NettyMessageSerializationTest
Running org.apache.flink.runtime.io.network.api.reader.AbstractReaderTest
Running org.apache.flink.runtime.executiongraph.PointwisePatternTest
Running org.apache.flink.runtime.io.network.netty.ClientTransportErrorHandlingTest
Picked up _JAVA_OPTIONS: -Djdk.net.URLClassPath.disableClassPathURLCheck=true
Running org.apache.flink.runtime.operators.resettable.ReusingBlockResettableIteratorTest
Tests run: 4, Failures: 0, Errors: 0, Skipped: 0, Time elapsed: 0.004 sec - in org.apache.flink.runtime.io.network.api.serialization.SpanningRecordSerializationTest
Running org.apache.flink.runtime.executiongraph.AllVerticesIteratorTest
Running org.apache.flink.runtime.io.network.netty.ServerTransportErrorHandlingTest
Running org.apache.flink.runtime.io.network.buffer.BufferTest
Picked up JAVA_TOOL_OPTIONS: -XX:CICompilerCount=2 -XX:ParallelGCThreads=2 -XX:ConcGCThreads=2 -Djdk.net.URLClassPath.disableClassPathURLCheck=true -XX:CICompilerCount=2 -XX:ParallelGCThreads=2 -XX:ConcGCThreads=2 -Djdk.net.URLClassPath.disableClassPathURLCheck=true 
Picked up _JAVA_OPTIONS: -Djdk.net.URLClassPath.disableClassPathURLCheck=true
Running org.apache.flink.runtime.jobmanager.SlotCountExceedingParallelismTest
Running org.apache.flink.runtime.io.network.api.reader.BufferReaderTest
Running org.apache.flink.runtime.io.network.api.writer.RecordWriterTest
Picked up JAVA_TOOL_OPTIONS: -XX:CICompilerCount=2 -XX:ParallelGCThreads=2 -XX:ConcGCThreads=2 -Djdk.net.URLClassPath.disableClassPathURLCheck=true -XX:CICompilerCount=2 -XX:ParallelGCThreads=2 -XX:ConcGCThreads=2 -Djdk.net.URLClassPath.disableClassPathURLCheck=true 
Picked up _JAVA_OPTIONS: -Djdk.net.URLClassPath.disableClassPathURLCheck=true
Picked up JAVA_TOOL_OPTIONS: -XX:CICompilerCount=2 -XX:ParallelGCThreads=2 -XX:ConcGCThreads=2 -Djdk.net.URLClassPath.disableClassPathURLCheck=true -XX:CICompilerCount=2 -XX:ParallelGCThreads=2 -XX:ConcGCThreads=2 -Djdk.net.URLClassPath.disableClassPathURLCheck=true 
Picked up _JAVA_OPTIONS: -Djdk.net.URLClassPath.disableClassPathURLCheck=true
Picked up JAVA_TOOL_OPTIONS: -XX:CICompilerCount=2 -XX:ParallelGCThreads=2 -XX:ConcGCThreads=2 -Djdk.net.URLClassPath.disableClassPathURLCheck=true -XX:CICompilerCount=2 -XX:ParallelGCThreads=2 -XX:ConcGCThreads=2 -Djdk.net.URLClassPath.disableClassPathURLCheck=true 
Running org.apache.flink.runtime.executiongraph.LocalInputSplitsTest
Picked up _JAVA_OPTIONS: -Djdk.net.URLClassPath.disableClassPathURLCheck=true
Running org.apache.flink.runtime.io.network.partition.consumer.UnionInputGateTest
Picked up JAVA_TOOL_OPTIONS: -XX:CICompilerCount=2 -XX:ParallelGCThreads=2 -XX:ConcGCThreads=2 -Djdk.net.URLClassPath.disableClassPathURLCheck=true -XX:CICompilerCount=2 -XX:ParallelGCThreads=2 -XX:ConcGCThreads=2 -Djdk.net.URLClassPath.disableClassPathURLCheck=true 
Picked up _JAVA_OPTIONS: -Djdk.net.URLClassPath.disableClassPathURLCheck=true
Picked up JAVA_TOOL_OPTIONS: -XX:CICompilerCount=2 -XX:ParallelGCThreads=2 -XX:ConcGCThreads=2 -Djdk.net.URLClassPath.disableClassPathURLCheck=true -XX:CICompilerCount=2 -XX:ParallelGCThreads=2 -XX:ConcGCThreads=2 -Djdk.net.URLClassPath.disableClassPathURLCheck=true 
Picked up _JAVA_OPTIONS: -Djdk.net.URLClassPath.disableClassPathURLCheck=true
Running org.apache.flink.runtime.operators.drivers.ReduceDriverTest
Picked up JAVA_TOOL_OPTIONS: -XX:CICompilerCount=2 -XX:ParallelGCThreads=2 -XX:ConcGCThreads=2 -Djdk.net.URLClassPath.disableClassPathURLCheck=true -XX:CICompilerCount=2 -XX:ParallelGCThreads=2 -XX:ConcGCThreads=2 -Djdk.net.URLClassPath.disableClassPathURLCheck=true 
Picked up _JAVA_OPTIONS: -Djdk.net.URLClassPath.disableClassPathURLCheck=true
Running org.apache.flink.runtime.jobgraph.JobIdTest
Picked up JAVA_TOOL_OPTIONS: -XX:CICompilerCount=2 -XX:ParallelGCThreads=2 -XX:ConcGCThreads=2 -Djdk.net.URLClassPath.disableClassPathURLCheck=true -XX:CICompilerCount=2 -XX:ParallelGCThreads=2 -XX:ConcGCThreads=2 -Djdk.net.URLClassPath.disableClassPathURLCheck=true 
Running org.apache.flink.runtime.jobmanager.scheduler.CoLocationConstraintTest
Picked up _JAVA_OPTIONS: -Djdk.net.URLClassPath.disableClassPathURLCheck=true
Picked up JAVA_TOOL_OPTIONS: -XX:CICompilerCount=2 -XX:ParallelGCThreads=2 -XX:ConcGCThreads=2 -Djdk.net.URLClassPath.disableClassPathURLCheck=true -XX:CICompilerCount=2 -XX:ParallelGCThreads=2 -XX:ConcGCThreads=2 -Djdk.net.URLClassPath.disableClassPathURLCheck=true 
Picked up JAVA_TOOL_OPTIONS: -XX:CICompilerCount=2 -XX:ParallelGCThreads=2 -XX:ConcGCThreads=2 -Djdk.net.URLClassPath.disableClassPathURLCheck=true -XX:CICompilerCount=2 -XX:ParallelGCThreads=2 -XX:ConcGCThreads=2 -Djdk.net.URLClassPath.disableClassPathURLCheck=true 
Picked up _JAVA_OPTIONS: -Djdk.net.URLClassPath.disableClassPathURLCheck=true
Running org.apache.flink.runtime.jobmanager.JobManagerStartupTest
Picked up _JAVA_OPTIONS: -Djdk.net.URLClassPath.disableClassPathURLCheck=true
Picked up JAVA_TOOL_OPTIONS: -XX:CICompilerCount=2 -XX:ParallelGCThreads=2 -XX:ConcGCThreads=2 -Djdk.net.URLClassPath.disableClassPathURLCheck=true -XX:CICompilerCount=2 -XX:ParallelGCThreads=2 -XX:ConcGCThreads=2 -Djdk.net.URLClassPath.disableClassPathURLCheck=true 
Picked up _JAVA_OPTIONS: -Djdk.net.URLClassPath.disableClassPathURLCheck=true
Running org.apache.flink.runtime.io.network.netty.PartitionRequestQueueTest
Picked up JAVA_TOOL_OPTIONS: -XX:CICompilerCount=2 -XX:ParallelGCThreads=2 -XX:ConcGCThreads=2 -Djdk.net.URLClassPath.disableClassPathURLCheck=true -XX:CICompilerCount=2 -XX:ParallelGCThreads=2 -XX:ConcGCThreads=2 -Djdk.net.URLClassPath.disableClassPathURLCheck=true 
Tests run: 1, Failures: 0, Errors: 0, Skipped: 0, Time elapsed: 0.663 sec - in org.apache.flink.runtime.executiongraph.AllVerticesIteratorTest
Running org.apache.flink.runtime.operators.util.OutputEmitterTest
Tests run: 2, Failures: 0, Errors: 0, Skipped: 0, Time elapsed: 0.751 sec - in org.apache.flink.runtime.operators.resettable.SpillingResettableMutableObjectIteratorTest
Running org.apache.flink.runtime.jobmanager.scheduler.LifoSetQueueTest
Picked up JAVA_TOOL_OPTIONS: -XX:CICompilerCount=2 -XX:ParallelGCThreads=2 -XX:ConcGCThreads=2 -Djdk.net.URLClassPath.disableClassPathURLCheck=true -XX:CICompilerCount=2 -XX:ParallelGCThreads=2 -XX:ConcGCThreads=2 -Djdk.net.URLClassPath.disableClassPathURLCheck=true 
Picked up _JAVA_OPTIONS: -Djdk.net.URLClassPath.disableClassPathURLCheck=true
Picked up JAVA_TOOL_OPTIONS: -XX:CICompilerCount=2 -XX:ParallelGCThreads=2 -XX:ConcGCThreads=2 -Djdk.net.URLClassPath.disableClassPathURLCheck=true -XX:CICompilerCount=2 -XX:ParallelGCThreads=2 -XX:ConcGCThreads=2 -Djdk.net.URLClassPath.disableClassPathURLCheck=true 
Picked up JAVA_TOOL_OPTIONS: -XX:CICompilerCount=2 -XX:ParallelGCThreads=2 -XX:ConcGCThreads=2 -Djdk.net.URLClassPath.disableClassPathURLCheck=true -XX:CICompilerCount=2 -XX:ParallelGCThreads=2 -XX:ConcGCThreads=2 -Djdk.net.URLClassPath.disableClassPathURLCheck=true 
SUREFIRE-859: Can't fork, trying again in 5 seconds at /boom/scratch/jmcampos/RTA/repair_them_all_framework/jdks/jdk1.7.0_80/jre/bin/java line 50.
Picked up JAVA_TOOL_OPTIONS: -XX:CICompilerCount=2 -XX:ParallelGCThreads=2 -XX:ConcGCThreads=2 -Djdk.net.URLClassPath.disableClassPathURLCheck=true -XX:CICompilerCount=2 -XX:ParallelGCThreads=2 -XX:ConcGCThreads=2 -Djdk.net.URLClassPath.disableClassPathURLCheck=true 
Picked up _JAVA_OPTIONS: -Djdk.net.URLClassPath.disableClassPathURLCheck=true
Picked up _JAVA_OPTIONS: -Djdk.net.URLClassPath.disableClassPathURLCheck=true
Running org.apache.flink.runtime.jobmanager.scheduler.SlotAllocationFutureTest
Tests run: 2, Failures: 0, Errors: 0, Skipped: 0, Time elapsed: 0.088 sec - in org.apache.flink.runtime.jobmanager.scheduler.LifoSetQueueTest
Picked up JAVA_TOOL_OPTIONS: -XX:CICompilerCount=2 -XX:ParallelGCThreads=2 -XX:ConcGCThreads=2 -Djdk.net.URLClassPath.disableClassPathURLCheck=true -XX:CICompilerCount=2 -XX:ParallelGCThreads=2 -XX:ConcGCThreads=2 -Djdk.net.URLClassPath.disableClassPathURLCheck=true 
Picked up _JAVA_OPTIONS: -Djdk.net.URLClassPath.disableClassPathURLCheck=true
Picked up JAVA_TOOL_OPTIONS: -XX:CICompilerCount=2 -XX:ParallelGCThreads=2 -XX:ConcGCThreads=2 -Djdk.net.URLClassPath.disableClassPathURLCheck=true -XX:CICompilerCount=2 -XX:ParallelGCThreads=2 -XX:ConcGCThreads=2 -Djdk.net.URLClassPath.disableClassPathURLCheck=true 
Picked up _JAVA_OPTIONS: -Djdk.net.URLClassPath.disableClassPathURLCheck=true
Picked up JAVA_TOOL_OPTIONS: -XX:CICompilerCount=2 -XX:ParallelGCThreads=2 -XX:ConcGCThreads=2 -Djdk.net.URLClassPath.disableClassPathURLCheck=true -XX:CICompilerCount=2 -XX:ParallelGCThreads=2 -XX:ConcGCThreads=2 -Djdk.net.URLClassPath.disableClassPathURLCheck=true 
Picked up _JAVA_OPTIONS: -Djdk.net.URLClassPath.disableClassPathURLCheck=true
Picked up JAVA_TOOL_OPTIONS: -XX:CICompilerCount=2 -XX:ParallelGCThreads=2 -XX:ConcGCThreads=2 -Djdk.net.URLClassPath.disableClassPathURLCheck=true -XX:CICompilerCount=2 -XX:ParallelGCThreads=2 -XX:ConcGCThreads=2 -Djdk.net.URLClassPath.disableClassPathURLCheck=true 
Picked up _JAVA_OPTIONS: -Djdk.net.URLClassPath.disableClassPathURLCheck=true
Error occurred during initialization of VM
java.lang.OutOfMemoryError: unable to create new native thread
Picked up JAVA_TOOL_OPTIONS: -XX:CICompilerCount=2 -XX:ParallelGCThreads=2 -XX:ConcGCThreads=2 -Djdk.net.URLClassPath.disableClassPathURLCheck=true -XX:CICompilerCount=2 -XX:ParallelGCThreads=2 -XX:ConcGCThreads=2 -Djdk.net.URLClassPath.disableClassPathURLCheck=true 
Picked up _JAVA_OPTIONS: -Djdk.net.URLClassPath.disableClassPathURLCheck=true
Running org.apache.flink.runtime.io.network.partition.consumer.LocalInputChannelTest
Running org.apache.flink.runtime.io.network.NetworkEnvironmentTest
Picked up JAVA_TOOL_OPTIONS: -XX:CICompilerCount=2 -XX:ParallelGCThreads=2 -XX:ConcGCThreads=2 -Djdk.net.URLClassPath.disableClassPathURLCheck=true -XX:CICompilerCount=2 -XX:ParallelGCThreads=2 -XX:ConcGCThreads=2 -Djdk.net.URLClassPath.disableClassPathURLCheck=true 
Picked up JAVA_TOOL_OPTIONS: -XX:CICompilerCount=2 -XX:ParallelGCThreads=2 -XX:ConcGCThreads=2 -Djdk.net.URLClassPath.disableClassPathURLCheck=true -XX:CICompilerCount=2 -XX:ParallelGCThreads=2 -XX:ConcGCThreads=2 -Djdk.net.URLClassPath.disableClassPathURLCheck=true 
Picked up _JAVA_OPTIONS: -Djdk.net.URLClassPath.disableClassPathURLCheck=true
Running org.apache.flink.runtime.io.network.serialization.LargeRecordsTest
sh: fork: retry: Resource temporarily unavailable
Running org.apache.flink.runtime.io.network.netty.CancelPartitionRequestTest
Picked up JAVA_TOOL_OPTIONS: -XX:CICompilerCount=2 -XX:ParallelGCThreads=2 -XX:ConcGCThreads=2 -Djdk.net.URLClassPath.disableClassPathURLCheck=true -XX:CICompilerCount=2 -XX:ParallelGCThreads=2 -XX:ConcGCThreads=2 -Djdk.net.URLClassPath.disableClassPathURLCheck=true 
Picked up JAVA_TOOL_OPTIONS: -XX:CICompilerCount=2 -XX:ParallelGCThreads=2 -XX:ConcGCThreads=2 -Djdk.net.URLClassPath.disableClassPathURLCheck=true -XX:CICompilerCount=2 -XX:ParallelGCThreads=2 -XX:ConcGCThreads=2 -Djdk.net.URLClassPath.disableClassPathURLCheck=true 
Picked up JAVA_TOOL_OPTIONS: -XX:CICompilerCount=2 -XX:ParallelGCThreads=2 -XX:ConcGCThreads=2 -Djdk.net.URLClassPath.disableClassPathURLCheck=true -XX:CICompilerCount=2 -XX:ParallelGCThreads=2 -XX:ConcGCThreads=2 -Djdk.net.URLClassPath.disableClassPathURLCheck=true 
Picked up JAVA_TOOL_OPTIONS: -XX:CICompilerCount=2 -XX:ParallelGCThreads=2 -XX:ConcGCThreads=2 -Djdk.net.URLClassPath.disableClassPathURLCheck=true -XX:CICompilerCount=2 -XX:ParallelGCThreads=2 -XX:ConcGCThreads=2 -Djdk.net.URLClassPath.disableClassPathURLCheck=true 
Picked up _JAVA_OPTIONS: -Djdk.net.URLClassPath.disableClassPathURLCheck=true
Running org.apache.flink.runtime.io.network.partition.SpillableSubpartitionTest
Running org.apache.flink.runtime.jobmanager.JobManagerConnectionTest
Picked up _JAVA_OPTIONS: -Djdk.net.URLClassPath.disableClassPathURLCheck=true
Running org.apache.flink.runtime.io.disk.iomanager.BufferFileWriterFileSegmentReaderTest
Running org.apache.flink.runtime.executiongraph.ExecutionStateProgressTest
Tests run: 1, Failures: 0, Errors: 0, Skipped: 0, Time elapsed: 0 sec - in org.apache.flink.runtime.executiongraph.ExecutionStateProgressTest
Tests run: 1, Failures: 0, Errors: 0, Skipped: 0, Time elapsed: 0.001 sec - in org.apache.flink.runtime.io.disk.iomanager.BufferFileWriterFileSegmentReaderTest
Picked up JAVA_TOOL_OPTIONS: -XX:CICompilerCount=2 -XX:ParallelGCThreads=2 -XX:ConcGCThreads=2 -Djdk.net.URLClassPath.disableClassPathURLCheck=true -XX:CICompilerCount=2 -XX:ParallelGCThreads=2 -XX:ConcGCThreads=2 -Djdk.net.URLClassPath.disableClassPathURLCheck=true 
Picked up _JAVA_OPTIONS: -Djdk.net.URLClassPath.disableClassPathURLCheck=true
Tests run: 6, Failures: 0, Errors: 0, Skipped: 0, Time elapsed: 0 sec - in org.apache.flink.runtime.io.network.partition.SpillableSubpartitionTest
Picked up _JAVA_OPTIONS: -Djdk.net.URLClassPath.disableClassPathURLCheck=true
Running org.apache.flink.runtime.executiongraph.ExecutionVertexDeploymentTest
Picked up JAVA_TOOL_OPTIONS: -XX:CICompilerCount=2 -XX:ParallelGCThreads=2 -XX:ConcGCThreads=2 -Djdk.net.URLClassPath.disableClassPathURLCheck=true -XX:CICompilerCount=2 -XX:ParallelGCThreads=2 -XX:ConcGCThreads=2 -Djdk.net.URLClassPath.disableClassPathURLCheck=true 
Picked up _JAVA_OPTIONS: -Djdk.net.URLClassPath.disableClassPathURLCheck=true
Picked up JAVA_TOOL_OPTIONS: -XX:CICompilerCount=2 -XX:ParallelGCThreads=2 -XX:ConcGCThreads=2 -Djdk.net.URLClassPath.disableClassPathURLCheck=true -XX:CICompilerCount=2 -XX:ParallelGCThreads=2 -XX:ConcGCThreads=2 -Djdk.net.URLClassPath.disableClassPathURLCheck=true 
Running org.apache.flink.runtime.akka.AkkaUtilsTest
Picked up _JAVA_OPTIONS: -Djdk.net.URLClassPath.disableClassPathURLCheck=true
Tests run: 7, Failures: 0, Errors: 0, Skipped: 0, Time elapsed: 0.001 sec - in org.apache.flink.runtime.akka.AkkaUtilsTest
Picked up JAVA_TOOL_OPTIONS: -XX:CICompilerCount=2 -XX:ParallelGCThreads=2 -XX:ConcGCThreads=2 -Djdk.net.URLClassPath.disableClassPathURLCheck=true -XX:CICompilerCount=2 -XX:ParallelGCThreads=2 -XX:ConcGCThreads=2 -Djdk.net.URLClassPath.disableClassPathURLCheck=true 
Picked up _JAVA_OPTIONS: -Djdk.net.URLClassPath.disableClassPathURLCheck=true
Running org.apache.flink.runtime.executiongraph.TaskManagerLossFailsTasksTest
Tests run: 1, Failures: 0, Errors: 0, Skipped: 0, Time elapsed: 0.001 sec - in org.apache.flink.runtime.executiongraph.TaskManagerLossFailsTasksTest
Picked up JAVA_TOOL_OPTIONS: -XX:CICompilerCount=2 -XX:ParallelGCThreads=2 -XX:ConcGCThreads=2 -Djdk.net.URLClassPath.disableClassPathURLCheck=true -XX:CICompilerCount=2 -XX:ParallelGCThreads=2 -XX:ConcGCThreads=2 -Djdk.net.URLClassPath.disableClassPathURLCheck=true 
Picked up _JAVA_OPTIONS: -Djdk.net.URLClassPath.disableClassPathURLCheck=true
Running org.apache.flink.runtime.jobmanager.JobSubmitTest
Picked up JAVA_TOOL_OPTIONS: -XX:CICompilerCount=2 -XX:ParallelGCThreads=2 -XX:ConcGCThreads=2 -Djdk.net.URLClassPath.disableClassPathURLCheck=true -XX:CICompilerCount=2 -XX:ParallelGCThreads=2 -XX:ConcGCThreads=2 -Djdk.net.URLClassPath.disableClassPathURLCheck=true 
Picked up JAVA_TOOL_OPTIONS: -XX:CICompilerCount=2 -XX:ParallelGCThreads=2 -XX:ConcGCThreads=2 -Djdk.net.URLClassPath.disableClassPathURLCheck=true -XX:CICompilerCount=2 -XX:ParallelGCThreads=2 -XX:ConcGCThreads=2 -Djdk.net.URLClassPath.disableClassPathURLCheck=true 
Picked up JAVA_TOOL_OPTIONS: -XX:CICompilerCount=2 -XX:ParallelGCThreads=2 -XX:ConcGCThreads=2 -Djdk.net.URLClassPath.disableClassPathURLCheck=true -XX:CICompilerCount=2 -XX:ParallelGCThreads=2 -XX:ConcGCThreads=2 -Djdk.net.URLClassPath.disableClassPathURLCheck=true 
Picked up _JAVA_OPTIONS: -Djdk.net.URLClassPath.disableClassPathURLCheck=true
Picked up JAVA_TOOL_OPTIONS: -XX:CICompilerCount=2 -XX:ParallelGCThreads=2 -XX:ConcGCThreads=2 -Djdk.net.URLClassPath.disableClassPathURLCheck=true -XX:CICompilerCount=2 -XX:ParallelGCThreads=2 -XX:ConcGCThreads=2 -Djdk.net.URLClassPath.disableClassPathURLCheck=true 
Picked up _JAVA_OPTIONS: -Djdk.net.URLClassPath.disableClassPathURLCheck=true
Running org.apache.flink.runtime.io.network.partition.consumer.SingleInputGateTest
Picked up JAVA_TOOL_OPTIONS: -XX:CICompilerCount=2 -XX:ParallelGCThreads=2 -XX:ConcGCThreads=2 -Djdk.net.URLClassPath.disableClassPathURLCheck=true -XX:CICompilerCount=2 -XX:ParallelGCThreads=2 -XX:ConcGCThreads=2 -Djdk.net.URLClassPath.disableClassPathURLCheck=true 
Picked up _JAVA_OPTIONS: -Djdk.net.URLClassPath.disableClassPathURLCheck=true
Running org.apache.flink.runtime.io.network.buffer.LocalBufferPoolTest
Picked up JAVA_TOOL_OPTIONS: -XX:CICompilerCount=2 -XX:ParallelGCThreads=2 -XX:ConcGCThreads=2 -Djdk.net.URLClassPath.disableClassPathURLCheck=true -XX:CICompilerCount=2 -XX:ParallelGCThreads=2 -XX:ConcGCThreads=2 -Djdk.net.URLClassPath.disableClassPathURLCheck=true 
Picked up _JAVA_OPTIONS: -Djdk.net.URLClassPath.disableClassPathURLCheck=true
Picked up JAVA_TOOL_OPTIONS: -XX:CICompilerCount=2 -XX:ParallelGCThreads=2 -XX:ConcGCThreads=2 -Djdk.net.URLClassPath.disableClassPathURLCheck=true -XX:CICompilerCount=2 -XX:ParallelGCThreads=2 -XX:ConcGCThreads=2 -Djdk.net.URLClassPath.disableClassPathURLCheck=true 
Picked up _JAVA_OPTIONS: -Djdk.net.URLClassPath.disableClassPathURLCheck=true
56 > 06:03:38,413 INFO  org.apache.flink.runtime.blob.BlobServer                      - Created BLOB server storage directory /tmp/blobStore-3fc613a1-642e-40f7-b3d4-6c03fe0541a5
56 > 06:03:38,418 INFO  org.apache.flink.runtime.blob.BlobServer                      - Started BLOB server at 0.0.0.0:27745 - max concurrent requests: 50 - max backlog: 1000
Picked up JAVA_TOOL_OPTIONS: -XX:CICompilerCount=2 -XX:ParallelGCThreads=2 -XX:ConcGCThreads=2 -Djdk.net.URLClassPath.disableClassPathURLCheck=true -XX:CICompilerCount=2 -XX:ParallelGCThreads=2 -XX:ConcGCThreads=2 -Djdk.net.URLClassPath.disableClassPathURLCheck=true 
Picked up _JAVA_OPTIONS: -Djdk.net.URLClassPath.disableClassPathURLCheck=true
Tests run: 3, Failures: 0, Errors: 0, Skipped: 0, Time elapsed: 0.001 sec - in org.apache.flink.runtime.operators.resettable.NonReusingBlockResettableIteratorTest
Picked up JAVA_TOOL_OPTIONS: -XX:CICompilerCount=2 -XX:ParallelGCThreads=2 -XX:ConcGCThreads=2 -Djdk.net.URLClassPath.disableClassPathURLCheck=true -XX:CICompilerCount=2 -XX:ParallelGCThreads=2 -XX:ConcGCThreads=2 -Djdk.net.URLClassPath.disableClassPathURLCheck=true 
Picked up _JAVA_OPTIONS: -Djdk.net.URLClassPath.disableClassPathURLCheck=true
Tests run: 4, Failures: 0, Errors: 0, Skipped: 0, Time elapsed: 0.001 sec - in org.apache.flink.runtime.io.network.netty.PartitionRequestClientHandlerTest
Tests run: 4, Failures: 0, Errors: 0, Skipped: 0, Time elapsed: 0.001 sec - in org.apache.flink.runtime.operators.resettable.SpillingResettableIteratorTest
Tests run: 2, Failures: 0, Errors: 0, Skipped: 0, Time elapsed: 0.001 sec - in org.apache.flink.runtime.io.network.partition.SpilledSubpartitionViewTest
Tests run: 4, Failures: 0, Errors: 0, Skipped: 0, Time elapsed: 0 sec - in org.apache.flink.runtime.io.network.api.reader.AbstractReaderTest
Tests run: 7, Failures: 0, Errors: 0, Skipped: 0, Time elapsed: 0 sec - in org.apache.flink.runtime.executiongraph.LocalInputSplitsTest
Tests run: 2, Failures: 0, Errors: 0, Skipped: 0, Time elapsed: 0.147 sec - in org.apache.flink.runtime.akka.FlinkActorTest
Tests run: 8, Failures: 0, Errors: 0, Skipped: 0, Time elapsed: 1.147 sec - in org.apache.flink.runtime.operators.util.RecordOutputEmitterTest
Tests run: 2, Failures: 0, Errors: 0, Skipped: 0, Time elapsed: 0.718 sec - in org.apache.flink.runtime.jobmanager.scheduler.CoLocationConstraintTest
Picked up JAVA_TOOL_OPTIONS: -XX:CICompilerCount=2 -XX:ParallelGCThreads=2 -XX:ConcGCThreads=2 -Djdk.net.URLClassPath.disableClassPathURLCheck=true -XX:CICompilerCount=2 -XX:ParallelGCThreads=2 -XX:ConcGCThreads=2 -Djdk.net.URLClassPath.disableClassPathURLCheck=true 
Picked up _JAVA_OPTIONS: -Djdk.net.URLClassPath.disableClassPathURLCheck=true
Tests run: 10, Failures: 0, Errors: 0, Skipped: 0, Time elapsed: 0.001 sec - in org.apache.flink.runtime.io.network.buffer.LocalBufferPoolTest
Tests run: 1, Failures: 0, Errors: 0, Skipped: 0, Time elapsed: 0 sec - in org.apache.flink.runtime.jobgraph.JobIdTest
Tests run: 2, Failures: 0, Errors: 0, Skipped: 0, Time elapsed: 0.001 sec - in org.apache.flink.runtime.io.network.buffer.NetworkBufferPoolTest
Picked up JAVA_TOOL_OPTIONS: -XX:CICompilerCount=2 -XX:ParallelGCThreads=2 -XX:ConcGCThreads=2 -Djdk.net.URLClassPath.disableClassPathURLCheck=true -XX:CICompilerCount=2 -XX:ParallelGCThreads=2 -XX:ConcGCThreads=2 -Djdk.net.URLClassPath.disableClassPathURLCheck=true 
Picked up _JAVA_OPTIONS: -Djdk.net.URLClassPath.disableClassPathURLCheck=true
Running org.apache.flink.runtime.operators.drivers.AllGroupReduceDriverTest
Tests run: 2, Failures: 0, Errors: 0, Skipped: 0, Time elapsed: 0 sec - in org.apache.flink.runtime.io.network.buffer.BufferTest
Tests run: 3, Failures: 0, Errors: 0, Skipped: 0, Time elapsed: 0.001 sec - in org.apache.flink.runtime.operators.resettable.ReusingBlockResettableIteratorTest
Tests run: 11, Failures: 0, Errors: 0, Skipped: 0, Time elapsed: 0.003 sec - in org.apache.flink.runtime.executiongraph.ExecutionVertexCancelTest
Picked up JAVA_TOOL_OPTIONS: -XX:CICompilerCount=2 -XX:ParallelGCThreads=2 -XX:ConcGCThreads=2 -Djdk.net.URLClassPath.disableClassPathURLCheck=true -XX:CICompilerCount=2 -XX:ParallelGCThreads=2 -XX:ConcGCThreads=2 -Djdk.net.URLClassPath.disableClassPathURLCheck=true 
Picked up _JAVA_OPTIONS: -Djdk.net.URLClassPath.disableClassPathURLCheck=true
Tests run: 3, Failures: 0, Errors: 0, Skipped: 0, Time elapsed: 0.001 sec - in org.apache.flink.runtime.operators.drivers.ReduceDriverTest
Tests run: 7, Failures: 0, Errors: 0, Skipped: 0, Time elapsed: 0.001 sec - in org.apache.flink.runtime.executiongraph.PointwisePatternTest
Tests run: 1, Failures: 0, Errors: 0, Skipped: 0, Time elapsed: 0.001 sec - in org.apache.flink.runtime.io.network.partition.consumer.UnionInputGateTest
Tests run: 2, Failures: 0, Errors: 0, Skipped: 0, Time elapsed: 0 sec - in org.apache.flink.runtime.operators.CombinerOversizedRecordsTest
Tests run: 2, Failures: 0, Errors: 0, Skipped: 0, Time elapsed: 0.001 sec - in org.apache.flink.runtime.io.network.partition.SpilledSubpartitionViewSyncIOTest
Picked up JAVA_TOOL_OPTIONS: -XX:CICompilerCount=2 -XX:ParallelGCThreads=2 -XX:ConcGCThreads=2 -Djdk.net.URLClassPath.disableClassPathURLCheck=true -XX:CICompilerCount=2 -XX:ParallelGCThreads=2 -XX:ConcGCThreads=2 -Djdk.net.URLClassPath.disableClassPathURLCheck=true 
Picked up _JAVA_OPTIONS: -Djdk.net.URLClassPath.disableClassPathURLCheck=true
Picked up JAVA_TOOL_OPTIONS: -XX:CICompilerCount=2 -XX:ParallelGCThreads=2 -XX:ConcGCThreads=2 -Djdk.net.URLClassPath.disableClassPathURLCheck=true -XX:CICompilerCount=2 -XX:ParallelGCThreads=2 -XX:ConcGCThreads=2 -Djdk.net.URLClassPath.disableClassPathURLCheck=true 
Picked up _JAVA_OPTIONS: -Djdk.net.URLClassPath.disableClassPathURLCheck=true
Tests run: 6, Failures: 0, Errors: 0, Skipped: 0, Time elapsed: 0.059 sec - in org.apache.flink.runtime.io.network.api.serialization.SpanningRecordSerializerTest
Tests run: 10, Failures: 0, Errors: 0, Skipped: 0, Time elapsed: 0.003 sec - in org.apache.flink.runtime.io.network.api.serialization.PagedViewsTest
Tests run: 8, Failures: 0, Errors: 0, Skipped: 0, Time elapsed: 0.002 sec - in org.apache.flink.runtime.executiongraph.ExecutionGraphConstructionTest
Tests run: 1, Failures: 0, Errors: 0, Skipped: 0, Time elapsed: 0 sec - in org.apache.flink.runtime.io.network.netty.NettyMessageSerializationTest
Tests run: 2, Failures: 0, Errors: 0, Skipped: 0, Time elapsed: 0.004 sec - in org.apache.flink.runtime.io.network.partition.ProducerFailedExceptionTest
Tests run: 3, Failures: 0, Errors: 0, Skipped: 0, Time elapsed: 0.006 sec - in org.apache.flink.runtime.executiongraph.ExecutionVertexSchedulingTest
Running org.apache.flink.runtime.io.network.api.serialization.EventSerializerTest
Running org.apache.flink.runtime.io.network.buffer.BufferPoolFactoryTest
Picked up JAVA_TOOL_OPTIONS: -XX:CICompilerCount=2 -XX:ParallelGCThreads=2 -XX:ConcGCThreads=2 -Djdk.net.URLClassPath.disableClassPathURLCheck=true -XX:CICompilerCount=2 -XX:ParallelGCThreads=2 -XX:ConcGCThreads=2 -Djdk.net.URLClassPath.disableClassPathURLCheck=true 
Picked up _JAVA_OPTIONS: -Djdk.net.URLClassPath.disableClassPathURLCheck=true
Picked up JAVA_TOOL_OPTIONS: -XX:CICompilerCount=2 -XX:ParallelGCThreads=2 -XX:ConcGCThreads=2 -Djdk.net.URLClassPath.disableClassPathURLCheck=true -XX:CICompilerCount=2 -XX:ParallelGCThreads=2 -XX:ConcGCThreads=2 -Djdk.net.URLClassPath.disableClassPathURLCheck=true 
Running org.apache.flink.runtime.operators.util.BloomFilterTest
Tests run: 1, Failures: 0, Errors: 1, Skipped: 0, Time elapsed: 0.001 sec <<< FAILURE! - in org.apache.flink.runtime.jobmanager.JobSubmitTest
org.apache.flink.runtime.jobmanager.JobSubmitTest  Time elapsed: 0 sec  <<< ERROR!
java.lang.OutOfMemoryError: unable to create new native thread
	at java.lang.Thread.start0(Native Method)
	at java.lang.Thread.start(Thread.java:714)
	at scala.concurrent.forkjoin.ForkJoinPool.tryAddWorker(ForkJoinPool.java:1672)
	at scala.concurrent.forkjoin.ForkJoinPool.signalWork(ForkJoinPool.java:1966)
	at scala.concurrent.forkjoin.ForkJoinPool.externalPush(ForkJoinPool.java:1829)
	at scala.concurrent.forkjoin.ForkJoinPool.execute(ForkJoinPool.java:2955)
	at akka.dispatch.ForkJoinExecutorConfigurator$AkkaForkJoinPool.execute(AbstractDispatcher.scala:387)
	at akka.dispatch.ExecutorServiceDelegate$class.execute(ThreadPoolBuilder.scala:212)
	at akka.dispatch.Dispatcher$LazyExecutorServiceDelegate.execute(Dispatcher.scala:43)
	at akka.dispatch.Dispatcher.registerForExecution(Dispatcher.scala:118)
	at akka.dispatch.Dispatcher.dispatch(Dispatcher.scala:59)
	at akka.actor.dungeon.Dispatch$class.sendMessage(Dispatch.scala:123)
	at akka.actor.ActorCell.sendMessage(ActorCell.scala:369)
	at akka.actor.Cell$class.sendMessage(ActorCell.scala:290)
	at akka.actor.ActorCell.sendMessage(ActorCell.scala:369)
	at akka.actor.RepointableActorRef.$bang(RepointableActorRef.scala:166)
	at akka.remote.RemoteActorRefProvider.init(RemoteActorRefProvider.scala:179)
	at akka.actor.ActorSystemImpl.liftedTree2$1(ActorSystem.scala:619)
	at akka.actor.ActorSystemImpl._start$lzycompute(ActorSystem.scala:616)
	at akka.actor.ActorSystemImpl._start(ActorSystem.scala:616)
	at akka.actor.ActorSystemImpl.start(ActorSystem.scala:633)
	at akka.actor.ActorSystem$.apply(ActorSystem.scala:142)
	at akka.actor.ActorSystem$.apply(ActorSystem.scala:119)
	at akka.actor.ActorSystem$.create(ActorSystem.scala:67)
	at org.apache.flink.runtime.akka.AkkaUtils$.createActorSystem(AkkaUtils.scala:84)
	at org.apache.flink.runtime.akka.AkkaUtils$.createActorSystem(AkkaUtils.scala:72)
	at org.apache.flink.runtime.akka.AkkaUtils.createActorSystem(AkkaUtils.scala)
	at org.apache.flink.runtime.jobmanager.JobSubmitTest.setupJobManager(JobSubmitTest.java:76)

java.lang.OutOfMemoryError: unable to create new native thread
	at java.lang.Thread.start0(Native Method)
	at java.lang.Thread.start(Thread.java:714)
	at org.apache.maven.surefire.booter.ForkedBooter.launchLastDitchDaemonShutdownThread(ForkedBooter.java:184)
	at org.apache.maven.surefire.booter.ForkedBooter.exit(ForkedBooter.java:143)
	at org.apache.maven.surefire.booter.ForkedBooter.main(ForkedBooter.java:127)
Exception in thread "main" java.lang.OutOfMemoryError: unable to create new native thread
	at java.lang.Thread.start0(Native Method)
	at java.lang.Thread.start(Thread.java:714)
	at org.apache.maven.surefire.booter.ForkedBooter.launchLastDitchDaemonShutdownThread(ForkedBooter.java:184)
	at org.apache.maven.surefire.booter.ForkedBooter.exit(ForkedBooter.java:143)
	at org.apache.maven.surefire.booter.ForkedBooter.main(ForkedBooter.java:135)
Tests run: 9, Failures: 0, Errors: 0, Skipped: 0, Time elapsed: 0.007 sec - in org.apache.flink.runtime.operators.util.BloomFilterTest
Picked up JAVA_TOOL_OPTIONS: -XX:CICompilerCount=2 -XX:ParallelGCThreads=2 -XX:ConcGCThreads=2 -Djdk.net.URLClassPath.disableClassPathURLCheck=true -XX:CICompilerCount=2 -XX:ParallelGCThreads=2 -XX:ConcGCThreads=2 -Djdk.net.URLClassPath.disableClassPathURLCheck=true 
Picked up _JAVA_OPTIONS: -Djdk.net.URLClassPath.disableClassPathURLCheck=true
Picked up _JAVA_OPTIONS: -Djdk.net.URLClassPath.disableClassPathURLCheck=true
Picked up _JAVA_OPTIONS: -Djdk.net.URLClassPath.disableClassPathURLCheck=true
Picked up _JAVA_OPTIONS: -Djdk.net.URLClassPath.disableClassPathURLCheck=true
Running org.apache.flink.runtime.io.network.partition.consumer.InputChannelTest
Picked up JAVA_TOOL_OPTIONS: -XX:CICompilerCount=2 -XX:ParallelGCThreads=2 -XX:ConcGCThreads=2 -Djdk.net.URLClassPath.disableClassPathURLCheck=true -XX:CICompilerCount=2 -XX:ParallelGCThreads=2 -XX:ConcGCThreads=2 -Djdk.net.URLClassPath.disableClassPathURLCheck=true 
Picked up _JAVA_OPTIONS: -Djdk.net.URLClassPath.disableClassPathURLCheck=true
Picked up JAVA_TOOL_OPTIONS: -XX:CICompilerCount=2 -XX:ParallelGCThreads=2 -XX:ConcGCThreads=2 -Djdk.net.URLClassPath.disableClassPathURLCheck=true -XX:CICompilerCount=2 -XX:ParallelGCThreads=2 -XX:ConcGCThreads=2 -Djdk.net.URLClassPath.disableClassPathURLCheck=true 
Picked up JAVA_TOOL_OPTIONS: -XX:CICompilerCount=2 -XX:ParallelGCThreads=2 -XX:ConcGCThreads=2 -Djdk.net.URLClassPath.disableClassPathURLCheck=true -XX:CICompilerCount=2 -XX:ParallelGCThreads=2 -XX:ConcGCThreads=2 -Djdk.net.URLClassPath.disableClassPathURLCheck=true 
Picked up JAVA_TOOL_OPTIONS: -XX:CICompilerCount=2 -XX:ParallelGCThreads=2 -XX:ConcGCThreads=2 -Djdk.net.URLClassPath.disableClassPathURLCheck=true -XX:CICompilerCount=2 -XX:ParallelGCThreads=2 -XX:ConcGCThreads=2 -Djdk.net.URLClassPath.disableClassPathURLCheck=true 
Picked up JAVA_TOOL_OPTIONS: -XX:CICompilerCount=2 -XX:ParallelGCThreads=2 -XX:ConcGCThreads=2 -Djdk.net.URLClassPath.disableClassPathURLCheck=true -XX:CICompilerCount=2 -XX:ParallelGCThreads=2 -XX:ConcGCThreads=2 -Djdk.net.URLClassPath.disableClassPathURLCheck=true 
Picked up JAVA_TOOL_OPTIONS: -XX:CICompilerCount=2 -XX:ParallelGCThreads=2 -XX:ConcGCThreads=2 -Djdk.net.URLClassPath.disableClassPathURLCheck=true -XX:CICompilerCount=2 -XX:ParallelGCThreads=2 -XX:ConcGCThreads=2 -Djdk.net.URLClassPath.disableClassPathURLCheck=true 
Picked up JAVA_TOOL_OPTIONS: -XX:CICompilerCount=2 -XX:ParallelGCThreads=2 -XX:ConcGCThreads=2 -Djdk.net.URLClassPath.disableClassPathURLCheck=true -XX:CICompilerCount=2 -XX:ParallelGCThreads=2 -XX:ConcGCThreads=2 -Djdk.net.URLClassPath.disableClassPathURLCheck=true 
Picked up _JAVA_OPTIONS: -Djdk.net.URLClassPath.disableClassPathURLCheck=true
Picked up JAVA_TOOL_OPTIONS: -XX:CICompilerCount=2 -XX:ParallelGCThreads=2 -XX:ConcGCThreads=2 -Djdk.net.URLClassPath.disableClassPathURLCheck=true -XX:CICompilerCount=2 -XX:ParallelGCThreads=2 -XX:ConcGCThreads=2 -Djdk.net.URLClassPath.disableClassPathURLCheck=true 
Picked up _JAVA_OPTIONS: -Djdk.net.URLClassPath.disableClassPathURLCheck=true
Picked up JAVA_TOOL_OPTIONS: -XX:CICompilerCount=2 -XX:ParallelGCThreads=2 -XX:ConcGCThreads=2 -Djdk.net.URLClassPath.disableClassPathURLCheck=true -XX:CICompilerCount=2 -XX:ParallelGCThreads=2 -XX:ConcGCThreads=2 -Djdk.net.URLClassPath.disableClassPathURLCheck=true 
Running org.apache.flink.runtime.executiongraph.VertexLocationConstraintTest
Picked up JAVA_TOOL_OPTIONS: -XX:CICompilerCount=2 -XX:ParallelGCThreads=2 -XX:ConcGCThreads=2 -Djdk.net.URLClassPath.disableClassPathURLCheck=true -XX:CICompilerCount=2 -XX:ParallelGCThreads=2 -XX:ConcGCThreads=2 -Djdk.net.URLClassPath.disableClassPathURLCheck=true 
Picked up _JAVA_OPTIONS: -Djdk.net.URLClassPath.disableClassPathURLCheck=true
Picked up JAVA_TOOL_OPTIONS: -XX:CICompilerCount=2 -XX:ParallelGCThreads=2 -XX:ConcGCThreads=2 -Djdk.net.URLClassPath.disableClassPathURLCheck=true -XX:CICompilerCount=2 -XX:ParallelGCThreads=2 -XX:ConcGCThreads=2 -Djdk.net.URLClassPath.disableClassPathURLCheck=true 
Picked up _JAVA_OPTIONS: -Djdk.net.URLClassPath.disableClassPathURLCheck=true
Picked up JAVA_TOOL_OPTIONS: -XX:CICompilerCount=2 -XX:ParallelGCThreads=2 -XX:ConcGCThreads=2 -Djdk.net.URLClassPath.disableClassPathURLCheck=true -XX:CICompilerCount=2 -XX:ParallelGCThreads=2 -XX:ConcGCThreads=2 -Djdk.net.URLClassPath.disableClassPathURLCheck=true 
Picked up _JAVA_OPTIONS: -Djdk.net.URLClassPath.disableClassPathURLCheck=true
Picked up JAVA_TOOL_OPTIONS: -XX:CICompilerCount=2 -XX:ParallelGCThreads=2 -XX:ConcGCThreads=2 -Djdk.net.URLClassPath.disableClassPathURLCheck=true -XX:CICompilerCount=2 -XX:ParallelGCThreads=2 -XX:ConcGCThreads=2 -Djdk.net.URLClassPath.disableClassPathURLCheck=true 
Picked up _JAVA_OPTIONS: -Djdk.net.URLClassPath.disableClassPathURLCheck=true
Picked up JAVA_TOOL_OPTIONS: -XX:CICompilerCount=2 -XX:ParallelGCThreads=2 -XX:ConcGCThreads=2 -Djdk.net.URLClassPath.disableClassPathURLCheck=true -XX:CICompilerCount=2 -XX:ParallelGCThreads=2 -XX:ConcGCThreads=2 -Djdk.net.URLClassPath.disableClassPathURLCheck=true 
Picked up _JAVA_OPTIONS: -Djdk.net.URLClassPath.disableClassPathURLCheck=true
Tests run: 5, Failures: 0, Errors: 0, Skipped: 0, Time elapsed: 1.092 sec - in org.apache.flink.runtime.jobmanager.scheduler.SchedulerIsolatedTasksTest
Picked up JAVA_TOOL_OPTIONS: -XX:CICompilerCount=2 -XX:ParallelGCThreads=2 -XX:ConcGCThreads=2 -Djdk.net.URLClassPath.disableClassPathURLCheck=true -XX:CICompilerCount=2 -XX:ParallelGCThreads=2 -XX:ConcGCThreads=2 -Djdk.net.URLClassPath.disableClassPathURLCheck=true 
Tests run: 4, Failures: 0, Errors: 0, Skipped: 0, Time elapsed: 0.074 sec - in org.apache.flink.runtime.io.network.partition.consumer.InputChannelTest
Picked up JAVA_TOOL_OPTIONS: -XX:CICompilerCount=2 -XX:ParallelGCThreads=2 -XX:ConcGCThreads=2 -Djdk.net.URLClassPath.disableClassPathURLCheck=true -XX:CICompilerCount=2 -XX:ParallelGCThreads=2 -XX:ConcGCThreads=2 -Djdk.net.URLClassPath.disableClassPathURLCheck=true 
Picked up _JAVA_OPTIONS: -Djdk.net.URLClassPath.disableClassPathURLCheck=true
Picked up JAVA_TOOL_OPTIONS: -XX:CICompilerCount=2 -XX:ParallelGCThreads=2 -XX:ConcGCThreads=2 -Djdk.net.URLClassPath.disableClassPathURLCheck=true -XX:CICompilerCount=2 -XX:ParallelGCThreads=2 -XX:ConcGCThreads=2 -Djdk.net.URLClassPath.disableClassPathURLCheck=true 
Running org.apache.flink.runtime.operators.CombineTaskTest
Tests run: 1, Failures: 0, Errors: 0, Skipped: 0, Time elapsed: 0 sec - in org.apache.flink.runtime.io.network.netty.PartitionRequestQueueTest
Tests run: 1, Failures: 0, Errors: 1, Skipped: 0, Time elapsed: 0.93 sec <<< FAILURE! - in org.apache.flink.runtime.io.network.netty.NettyServerLowAndHighWatermarkTest
Picked up _JAVA_OPTIONS: -Djdk.net.URLClassPath.disableClassPathURLCheck=true
Tests run: 3, Failures: 0, Errors: 0, Skipped: 0, Time elapsed: 0 sec - in org.apache.flink.runtime.jobmanager.scheduler.SlotAllocationFutureTest
Picked up _JAVA_OPTIONS: -Djdk.net.URLClassPath.disableClassPathURLCheck=true
Picked up _JAVA_OPTIONS: -Djdk.net.URLClassPath.disableClassPathURLCheck=true
Tests run: 7, Failures: 0, Errors: 0, Skipped: 0, Time elapsed: 0 sec - in org.apache.flink.runtime.operators.util.OutputEmitterTest
Picked up _JAVA_OPTIONS: -Djdk.net.URLClassPath.disableClassPathURLCheck=true
Running org.apache.flink.runtime.io.network.partition.SpilledSubpartitionViewAsyncIOTest
Tests run: 1, Failures: 0, Errors: 0, Skipped: 0, Time elapsed: 0.423 sec - in org.apache.flink.runtime.io.network.partition.SpilledSubpartitionViewAsyncIOTest
Running org.apache.flink.runtime.executiongraph.ExecutionGraphRestartTest
testLowAndHighWatermarks(org.apache.flink.runtime.io.network.netty.NettyServerLowAndHighWatermarkTest)  Time elapsed: 0.93 sec  <<< ERROR!
java.lang.OutOfMemoryError: unable to create new native thread
	at java.lang.Thread.start0(Native Method)
	at java.lang.Thread.start(Thread.java:714)
	at io.netty.util.concurrent.SingleThreadEventExecutor.shutdownGracefully(SingleThreadEventExecutor.java:535)
	at io.netty.util.concurrent.MultithreadEventExecutorGroup.shutdownGracefully(MultithreadEventExecutorGroup.java:146)
	at io.netty.util.concurrent.AbstractEventExecutorGroup.shutdownGracefully(AbstractEventExecutorGroup.java:69)
	at org.apache.flink.runtime.io.network.netty.NettyServer.shutdown(NettyServer.java:149)
	at org.apache.flink.runtime.io.network.netty.NettyTestUtil.shutdown(NettyTestUtil.java:110)
	at org.apache.flink.runtime.io.network.netty.NettyServerLowAndHighWatermarkTest.testLowAndHighWatermarks(NettyServerLowAndHighWatermarkTest.java:89)

Tests run: 3, Failures: 0, Errors: 0, Skipped: 0, Time elapsed: 1.168 sec - in org.apache.flink.runtime.io.network.api.writer.RecordWriterTest
Tests run: 6, Failures: 0, Errors: 0, Skipped: 0, Time elapsed: 0.074 sec - in org.apache.flink.runtime.executiongraph.VertexLocationConstraintTest
Picked up JAVA_TOOL_OPTIONS: -XX:CICompilerCount=2 -XX:ParallelGCThreads=2 -XX:ConcGCThreads=2 -Djdk.net.URLClassPath.disableClassPathURLCheck=true -XX:CICompilerCount=2 -XX:ParallelGCThreads=2 -XX:ConcGCThreads=2 -Djdk.net.URLClassPath.disableClassPathURLCheck=true 
Picked up _JAVA_OPTIONS: -Djdk.net.URLClassPath.disableClassPathURLCheck=true
Running org.apache.flink.runtime.executiongraph.TerminalStateDeadlockTest
Running org.apache.flink.runtime.jobmanager.scheduler.ScheduleWithCoLocationHintTest
Picked up JAVA_TOOL_OPTIONS: -XX:CICompilerCount=2 -XX:ParallelGCThreads=2 -XX:ConcGCThreads=2 -Djdk.net.URLClassPath.disableClassPathURLCheck=true -XX:CICompilerCount=2 -XX:ParallelGCThreads=2 -XX:ConcGCThreads=2 -Djdk.net.URLClassPath.disableClassPathURLCheck=true 
Picked up _JAVA_OPTIONS: -Djdk.net.URLClassPath.disableClassPathURLCheck=true
Running org.apache.flink.runtime.io.network.netty.PartitionRequestClientFactoryTest
Running org.apache.flink.runtime.jobmanager.scheduler.SchedulerSlotSharingTest
Running org.apache.flink.runtime.operators.sort.FixedLengthRecordSorterTest
Tests run: 1, Failures: 0, Errors: 0, Skipped: 1, Time elapsed: 0.024 sec - in org.apache.flink.runtime.io.network.netty.PartitionRequestClientFactoryTest
Tests run: 12, Failures: 0, Errors: 0, Skipped: 0, Time elapsed: 0.028 sec - in org.apache.flink.runtime.jobmanager.scheduler.SchedulerSlotSharingTest
Tests run: 3, Failures: 0, Errors: 0, Skipped: 0, Time elapsed: 0.001 sec - in org.apache.flink.runtime.operators.drivers.AllGroupReduceDriverTest
Picked up _JAVA_OPTIONS: -Djdk.net.URLClassPath.disableClassPathURLCheck=true
Picked up _JAVA_OPTIONS: -Djdk.net.URLClassPath.disableClassPathURLCheck=true
sh: fork: retry: No child processes
Picked up _JAVA_OPTIONS: -Djdk.net.URLClassPath.disableClassPathURLCheck=true
Picked up _JAVA_OPTIONS: -Djdk.net.URLClassPath.disableClassPathURLCheck=true
Picked up _JAVA_OPTIONS: -Djdk.net.URLClassPath.disableClassPathURLCheck=true
Picked up _JAVA_OPTIONS: -Djdk.net.URLClassPath.disableClassPathURLCheck=true
Tests run: 1, Failures: 0, Errors: 1, Skipped: 0, Time elapsed: 0.86 sec <<< FAILURE! - in org.apache.flink.runtime.io.network.netty.ServerTransportErrorHandlingTest
testRemoteClose(org.apache.flink.runtime.io.network.netty.ServerTransportErrorHandlingTest)  Time elapsed: 0.859 sec  <<< ERROR!
java.lang.OutOfMemoryError: unable to create new native thread
	at java.lang.Thread.start0(Native Method)
	at java.lang.Thread.start(Thread.java:714)
	at io.netty.util.concurrent.SingleThreadEventExecutor.shutdownGracefully(SingleThreadEventExecutor.java:535)
	at io.netty.util.concurrent.MultithreadEventExecutorGroup.shutdownGracefully(MultithreadEventExecutorGroup.java:146)
	at io.netty.util.concurrent.AbstractEventExecutorGroup.shutdownGracefully(AbstractEventExecutorGroup.java:69)
	at org.apache.flink.runtime.io.network.netty.NettyServer.shutdown(NettyServer.java:149)
	at org.apache.flink.runtime.io.network.netty.NettyTestUtil.shutdown(NettyTestUtil.java:110)
	at org.apache.flink.runtime.io.network.netty.ServerTransportErrorHandlingTest.testRemoteClose(ServerTransportErrorHandlingTest.java:112)

Running org.apache.flink.runtime.io.network.partition.PartialConsumePipelinedResultTest
Picked up JAVA_TOOL_OPTIONS: -XX:CICompilerCount=2 -XX:ParallelGCThreads=2 -XX:ConcGCThreads=2 -Djdk.net.URLClassPath.disableClassPathURLCheck=true -XX:CICompilerCount=2 -XX:ParallelGCThreads=2 -XX:ConcGCThreads=2 -Djdk.net.URLClassPath.disableClassPathURLCheck=true 
Picked up _JAVA_OPTIONS: -Djdk.net.URLClassPath.disableClassPathURLCheck=true
Tests run: 1, Failures: 0, Errors: 0, Skipped: 0, Time elapsed: 1.067 sec - in org.apache.flink.runtime.io.network.api.serialization.EventSerializerTest
Tests run: 7, Failures: 0, Errors: 0, Skipped: 0, Time elapsed: 1.069 sec - in org.apache.flink.runtime.io.network.buffer.BufferPoolFactoryTest
Picked up _JAVA_OPTIONS: -Djdk.net.URLClassPath.disableClassPathURLCheck=true
72 > 06:03:38,141 INFO  org.apache.flink.runtime.blob.BlobServer                      - Created BLOB server storage directory /tmp/blobStore-8efc6f60-a722-40c4-9026-0b74f435a69b
72 > 06:03:38,149 INFO  org.apache.flink.runtime.blob.BlobServer                      - Started BLOB server at 0.0.0.0:18587 - max concurrent requests: 50 - max backlog: 1000
72 > 06:03:38,635 INFO  org.apache.flink.runtime.blob.BlobCache                       - Created BLOB cache storage directory /tmp/blobStore-6ab59041-0e06-46e4-9999-bf9c98172a3b
72 > 06:03:39,362 INFO  org.apache.flink.runtime.blob.BlobServer                      - Stopped BLOB server at 0.0.0.0:18587
Tests run: 9, Failures: 0, Errors: 0, Skipped: 0, Time elapsed: 0.023 sec - in org.apache.flink.runtime.jobmanager.scheduler.ScheduleWithCoLocationHintTest
Running org.apache.flink.runtime.io.network.DataExchangeModeTest
Tests run: 3, Failures: 0, Errors: 0, Skipped: 0, Time elapsed: 0.001 sec - in org.apache.flink.runtime.io.network.DataExchangeModeTest
Running org.apache.flink.runtime.operators.FlatMapTaskTest
Running org.apache.flink.runtime.operators.sort.NormalizedKeySorterTest
Running org.apache.flink.runtime.io.disk.FileChannelStreamsTest
Running org.apache.flink.runtime.jobmanager.scheduler.SetQueueTest
Running org.apache.flink.runtime.jobmanager.JobManagerTest
Running org.apache.flink.runtime.operators.DataSourceTaskTest
Tests run: 6, Failures: 0, Errors: 0, Skipped: 0, Time elapsed: 0 sec - in org.apache.flink.runtime.operators.FlatMapTaskTest
Picked up _JAVA_OPTIONS: -Djdk.net.URLClassPath.disableClassPathURLCheck=true
Tests run: 2, Failures: 0, Errors: 0, Skipped: 0, Time elapsed: 0 sec - in org.apache.flink.runtime.io.disk.FileChannelStreamsTest
Tests run: 2, Failures: 0, Errors: 0, Skipped: 0, Time elapsed: 0 sec - in org.apache.flink.runtime.jobmanager.scheduler.SetQueueTest
Running org.apache.flink.runtime.operators.sort.LargeRecordHandlerTest
Running org.apache.flink.runtime.io.network.DefaultChannelSelectorTest
Tests run: 1, Failures: 0, Errors: 0, Skipped: 0, Time elapsed: 0 sec - in org.apache.flink.runtime.io.network.DefaultChannelSelectorTest
Picked up JAVA_TOOL_OPTIONS: -XX:CICompilerCount=2 -XX:ParallelGCThreads=2 -XX:ConcGCThreads=2 -Djdk.net.URLClassPath.disableClassPathURLCheck=true -XX:CICompilerCount=2 -XX:ParallelGCThreads=2 -XX:ConcGCThreads=2 -Djdk.net.URLClassPath.disableClassPathURLCheck=true 
Picked up _JAVA_OPTIONS: -Djdk.net.URLClassPath.disableClassPathURLCheck=true
Running org.apache.flink.runtime.jobgraph.JobTaskVertexTest
Tests run: 4, Failures: 0, Errors: 0, Skipped: 0, Time elapsed: 0 sec - in org.apache.flink.runtime.jobgraph.JobTaskVertexTest
Running org.apache.flink.runtime.akka.FlinkUntypedActorTest
Running org.apache.flink.runtime.jobgraph.JobGraphTest
Tests run: 6, Failures: 0, Errors: 0, Skipped: 0, Time elapsed: 0.001 sec - in org.apache.flink.runtime.jobgraph.JobGraphTest
Running org.apache.flink.runtime.operators.hash.CompactingHashTableTest
Picked up _JAVA_OPTIONS: -Djdk.net.URLClassPath.disableClassPathURLCheck=true
Tests run: 1, Failures: 0, Errors: 0, Skipped: 0, Time elapsed: 0.111 sec - in org.apache.flink.runtime.io.network.partition.PartialConsumePipelinedResultTest
Running org.apache.flink.runtime.jobmanager.JobManagerProcessReapingTest
Tests run: 2, Failures: 0, Errors: 0, Skipped: 0, Time elapsed: 0.208 sec - in org.apache.flink.runtime.io.network.partition.consumer.SingleInputGateTest
Running org.apache.flink.runtime.jobgraph.jsonplan.JsonGeneratorTest
56 > 06:03:39,853 INFO  org.apache.flink.runtime.blob.BlobCache                       - Created BLOB cache storage directory /tmp/blobStore-47872b49-1a75-4b17-9635-be1623040584
56 > 06:03:39,864 INFO  org.apache.flink.runtime.blob.BlobCache                       - Created BLOB cache storage directory /tmp/blobStore-d9820521-7ce6-4440-bf4d-2d3cddcc4cff
Picked up JAVA_TOOL_OPTIONS: -XX:CICompilerCount=2 -XX:ParallelGCThreads=2 -XX:ConcGCThreads=2 -Djdk.net.URLClassPath.disableClassPathURLCheck=true -XX:CICompilerCount=2 -XX:ParallelGCThreads=2 -XX:ConcGCThreads=2 -Djdk.net.URLClassPath.disableClassPathURLCheck=true 
Picked up _JAVA_OPTIONS: -Djdk.net.URLClassPath.disableClassPathURLCheck=true
Picked up JAVA_TOOL_OPTIONS: -XX:CICompilerCount=2 -XX:ParallelGCThreads=2 -XX:ConcGCThreads=2 -Djdk.net.URLClassPath.disableClassPathURLCheck=true -XX:CICompilerCount=2 -XX:ParallelGCThreads=2 -XX:ConcGCThreads=2 -Djdk.net.URLClassPath.disableClassPathURLCheck=true 
Picked up _JAVA_OPTIONS: -Djdk.net.URLClassPath.disableClassPathURLCheck=true
Tests run: 2, Failures: 0, Errors: 1, Skipped: 0, Time elapsed: 0.965 sec <<< FAILURE! - in org.apache.flink.runtime.jobmanager.JobManagerConnectionTest
testResolveUnreachableActorRemoteHost(org.apache.flink.runtime.jobmanager.JobManagerConnectionTest)  Time elapsed: 0.33 sec  <<< ERROR!
java.lang.OutOfMemoryError: unable to create new native thread
	at java.lang.Thread.start0(Native Method)
	at java.lang.Thread.start(Thread.java:714)
	at scala.concurrent.forkjoin.ForkJoinPool.tryAddWorker(ForkJoinPool.java:1672)
	at scala.concurrent.forkjoin.ForkJoinPool.signalWork(ForkJoinPool.java:1966)
	at scala.concurrent.forkjoin.ForkJoinPool.externalPush(ForkJoinPool.java:1829)
	at scala.concurrent.forkjoin.ForkJoinPool.execute(ForkJoinPool.java:2955)
	at akka.dispatch.ForkJoinExecutorConfigurator$AkkaForkJoinPool.execute(AbstractDispatcher.scala:387)
	at akka.dispatch.ExecutorServiceDelegate$class.execute(ThreadPoolBuilder.scala:212)
	at akka.dispatch.Dispatcher$LazyExecutorServiceDelegate.execute(Dispatcher.scala:43)
	at akka.dispatch.Dispatcher.registerForExecution(Dispatcher.scala:118)
	at akka.dispatch.Dispatcher.systemDispatch(Dispatcher.scala:68)
	at akka.actor.dungeon.Dispatch$class.sendSystemMessage(Dispatch.scala:126)
	at akka.actor.ActorCell.sendSystemMessage(ActorCell.scala:369)
	at akka.actor.LocalActorRef.sendSystemMessage(ActorRef.scala:382)
	at akka.actor.LocalActorRefProvider.init(ActorRefProvider.scala:620)
	at akka.remote.RemoteActorRefProvider.init(RemoteActorRefProvider.scala:157)
	at akka.actor.ActorSystemImpl.liftedTree2$1(ActorSystem.scala:619)
	at akka.actor.ActorSystemImpl._start$lzycompute(ActorSystem.scala:616)
	at akka.actor.ActorSystemImpl._start(ActorSystem.scala:616)
	at akka.actor.ActorSystemImpl.start(ActorSystem.scala:633)
	at akka.actor.ActorSystem$.apply(ActorSystem.scala:142)
	at akka.actor.ActorSystem$.apply(ActorSystem.scala:119)
	at akka.actor.ActorSystem$.create(ActorSystem.scala:67)
	at org.apache.flink.runtime.akka.AkkaUtils$.createActorSystem(AkkaUtils.scala:84)
	at org.apache.flink.runtime.akka.AkkaUtils$.createActorSystem(AkkaUtils.scala:72)
	at org.apache.flink.runtime.jobmanager.JobManagerConnectionTest.testResolveUnreachableActorRemoteHost(JobManagerConnectionTest.scala:88)

Running org.apache.flink.runtime.jobmanager.scheduler.ScheduleOrUpdateConsumersTest
Running org.apache.flink.runtime.operators.CachedMatchTaskTest
Running org.apache.flink.runtime.operators.drivers.GroupReduceDriverTest
Running org.apache.flink.runtime.io.disk.iomanager.AsynchronousBufferFileWriterTest
Running org.apache.flink.runtime.executiongraph.VertexSlotSharingTest
Running org.apache.flink.runtime.io.disk.iomanager.IOManagerAsyncTest
Running org.apache.flink.runtime.operators.sort.MergeIteratorTest
Running org.apache.flink.runtime.operators.CrossTaskTest
Tests run: 5, Failures: 0, Errors: 0, Skipped: 0, Time elapsed: 0 sec - in org.apache.flink.runtime.operators.drivers.GroupReduceDriverTest
Tests run: 3, Failures: 0, Errors: 0, Skipped: 0, Time elapsed: 0 sec - in org.apache.flink.runtime.operators.sort.MergeIteratorTest
Tests run: 1, Failures: 0, Errors: 0, Skipped: 0, Time elapsed: 0 sec - in org.apache.flink.runtime.executiongraph.VertexSlotSharingTest
java.lang.OutOfMemoryError: unable to create new native thread
	at java.lang.Thread.start0(Native Method)
	at java.lang.Thread.start(Thread.java:714)
	at org.apache.maven.surefire.booter.ForkedBooter.launchLastDitchDaemonShutdownThread(ForkedBooter.java:184)
	at org.apache.maven.surefire.booter.ForkedBooter.exit(ForkedBooter.java:143)
	at org.apache.maven.surefire.booter.ForkedBooter.main(ForkedBooter.java:127)
Running org.apache.flink.runtime.jobmanager.StandaloneSubmittedJobGraphStoreTest
Tests run: 1, Failures: 0, Errors: 0, Skipped: 0, Time elapsed: 0 sec - in org.apache.flink.runtime.jobmanager.StandaloneSubmittedJobGraphStoreTest
Running org.apache.flink.runtime.operators.resettable.BlockResettableMutableObjectIteratorTest
Running org.apache.flink.runtime.operators.drivers.AllReduceDriverTest
Tests run: 3, Failures: 0, Errors: 0, Skipped: 0, Time elapsed: 0.001 sec - in org.apache.flink.runtime.operators.drivers.AllReduceDriverTest
Picked up JAVA_TOOL_OPTIONS: -XX:CICompilerCount=2 -XX:ParallelGCThreads=2 -XX:ConcGCThreads=2 -Djdk.net.URLClassPath.disableClassPathURLCheck=true -XX:CICompilerCount=2 -XX:ParallelGCThreads=2 -XX:ConcGCThreads=2 -Djdk.net.URLClassPath.disableClassPathURLCheck=true 
Picked up _JAVA_OPTIONS: -Djdk.net.URLClassPath.disableClassPathURLCheck=true
50 > 06:03:40,047 INFO  org.apache.flink.runtime.blob.BlobServer                      - Created BLOB server storage directory /tmp/blobStore-b603e758-3f31-4897-9b86-8ccd5436b6d2
50 > 06:03:40,097 INFO  org.apache.flink.runtime.blob.BlobServer                      - Started BLOB server at 0.0.0.0:7213 - max concurrent requests: 50 - max backlog: 1000
Picked up JAVA_TOOL_OPTIONS: -XX:CICompilerCount=2 -XX:ParallelGCThreads=2 -XX:ConcGCThreads=2 -Djdk.net.URLClassPath.disableClassPathURLCheck=true -XX:CICompilerCount=2 -XX:ParallelGCThreads=2 -XX:ConcGCThreads=2 -Djdk.net.URLClassPath.disableClassPathURLCheck=true 
Picked up _JAVA_OPTIONS: -Djdk.net.URLClassPath.disableClassPathURLCheck=true
Running org.apache.flink.runtime.io.disk.ChannelViewsTest
Tests run: 3, Failures: 0, Errors: 0, Skipped: 0, Time elapsed: 0.262 sec - in org.apache.flink.runtime.operators.resettable.BlockResettableMutableObjectIteratorTest
Tests run: 2, Failures: 0, Errors: 0, Skipped: 0, Time elapsed: 1.277 sec - in org.apache.flink.runtime.executiongraph.ExecutionGraphRestartTest
Picked up JAVA_TOOL_OPTIONS: -XX:CICompilerCount=2 -XX:ParallelGCThreads=2 -XX:ConcGCThreads=2 -Djdk.net.URLClassPath.disableClassPathURLCheck=true -XX:CICompilerCount=2 -XX:ParallelGCThreads=2 -XX:ConcGCThreads=2 -Djdk.net.URLClassPath.disableClassPathURLCheck=true 
Picked up _JAVA_OPTIONS: -Djdk.net.URLClassPath.disableClassPathURLCheck=true
Running org.apache.flink.runtime.util.event.TaskEventHandlerTest
Tests run: 7, Failures: 0, Errors: 0, Skipped: 0, Time elapsed: 1.293 sec - in org.apache.flink.runtime.executiongraph.ExecutionVertexDeploymentTest
Running org.apache.flink.runtime.memory.MemoryManagerLazyAllocationTest
Tests run: 1, Failures: 0, Errors: 0, Skipped: 0, Time elapsed: 0.726 sec - in org.apache.flink.runtime.jobgraph.jsonplan.JsonGeneratorTest
Tests run: 1, Failures: 0, Errors: 0, Skipped: 0, Time elapsed: 0.111 sec - in org.apache.flink.runtime.util.event.TaskEventHandlerTest
Picked up JAVA_TOOL_OPTIONS: -XX:CICompilerCount=2 -XX:ParallelGCThreads=2 -XX:ConcGCThreads=2 -Djdk.net.URLClassPath.disableClassPathURLCheck=true -XX:CICompilerCount=2 -XX:ParallelGCThreads=2 -XX:ConcGCThreads=2 -Djdk.net.URLClassPath.disableClassPathURLCheck=true 
Picked up _JAVA_OPTIONS: -Djdk.net.URLClassPath.disableClassPathURLCheck=true
Running org.apache.flink.runtime.io.disk.SpillingBufferTest
Picked up JAVA_TOOL_OPTIONS: -XX:CICompilerCount=2 -XX:ParallelGCThreads=2 -XX:ConcGCThreads=2 -Djdk.net.URLClassPath.disableClassPathURLCheck=true -XX:CICompilerCount=2 -XX:ParallelGCThreads=2 -XX:ConcGCThreads=2 -Djdk.net.URLClassPath.disableClassPathURLCheck=true 
Picked up _JAVA_OPTIONS: -Djdk.net.URLClassPath.disableClassPathURLCheck=true
Running org.apache.flink.runtime.io.disk.SeekableFileChannelInputViewTest
Picked up JAVA_TOOL_OPTIONS: -XX:CICompilerCount=2 -XX:ParallelGCThreads=2 -XX:ConcGCThreads=2 -Djdk.net.URLClassPath.disableClassPathURLCheck=true -XX:CICompilerCount=2 -XX:ParallelGCThreads=2 -XX:ConcGCThreads=2 -Djdk.net.URLClassPath.disableClassPathURLCheck=true 
Picked up _JAVA_OPTIONS: -Djdk.net.URLClassPath.disableClassPathURLCheck=true
Picked up JAVA_TOOL_OPTIONS: -XX:CICompilerCount=2 -XX:ParallelGCThreads=2 -XX:ConcGCThreads=2 -Djdk.net.URLClassPath.disableClassPathURLCheck=true -XX:CICompilerCount=2 -XX:ParallelGCThreads=2 -XX:ConcGCThreads=2 -Djdk.net.URLClassPath.disableClassPathURLCheck=true 
Running org.apache.flink.runtime.io.disk.iomanager.BufferFileWriterReaderTest
Running org.apache.flink.runtime.operators.hash.HashTableTest
Picked up _JAVA_OPTIONS: -Djdk.net.URLClassPath.disableClassPathURLCheck=true
Picked up JAVA_TOOL_OPTIONS: -XX:CICompilerCount=2 -XX:ParallelGCThreads=2 -XX:ConcGCThreads=2 -Djdk.net.URLClassPath.disableClassPathURLCheck=true -XX:CICompilerCount=2 -XX:ParallelGCThreads=2 -XX:ConcGCThreads=2 -Djdk.net.URLClassPath.disableClassPathURLCheck=true 
Picked up _JAVA_OPTIONS: -Djdk.net.URLClassPath.disableClassPathURLCheck=true
Picked up JAVA_TOOL_OPTIONS: -XX:CICompilerCount=2 -XX:ParallelGCThreads=2 -XX:ConcGCThreads=2 -Djdk.net.URLClassPath.disableClassPathURLCheck=true -XX:CICompilerCount=2 -XX:ParallelGCThreads=2 -XX:ConcGCThreads=2 -Djdk.net.URLClassPath.disableClassPathURLCheck=true 
Picked up _JAVA_OPTIONS: -Djdk.net.URLClassPath.disableClassPathURLCheck=true
Tests run: 12, Failures: 0, Errors: 0, Skipped: 0, Time elapsed: 2.441 sec - in org.apache.flink.runtime.io.network.partition.PipelinedSubpartitionTest
Picked up JAVA_TOOL_OPTIONS: -XX:CICompilerCount=2 -XX:ParallelGCThreads=2 -XX:ConcGCThreads=2 -Djdk.net.URLClassPath.disableClassPathURLCheck=true -XX:CICompilerCount=2 -XX:ParallelGCThreads=2 -XX:ConcGCThreads=2 -Djdk.net.URLClassPath.disableClassPathURLCheck=true 
Running org.apache.flink.runtime.instance.SharedSlotsTest
Picked up _JAVA_OPTIONS: -Djdk.net.URLClassPath.disableClassPathURLCheck=true
Tests run: 2, Failures: 0, Errors: 0, Skipped: 0, Time elapsed: 1.175 sec - in org.apache.flink.runtime.akka.FlinkUntypedActorTest
Tests run: 2, Failures: 0, Errors: 0, Skipped: 0, Time elapsed: 2.465 sec - in org.apache.flink.runtime.io.network.api.reader.BufferReaderTest
Running org.apache.flink.runtime.io.disk.iomanager.AsynchronousFileIOChannelTest
Running org.apache.flink.runtime.iterative.concurrent.SuperstepBarrierTest
Tests run: 6, Failures: 0, Errors: 0, Skipped: 0, Time elapsed: 1.647 sec - in org.apache.flink.runtime.operators.CombineTaskTest
Running org.apache.flink.runtime.jobmanager.JobManagerRegistrationTest
Picked up JAVA_TOOL_OPTIONS: -XX:CICompilerCount=2 -XX:ParallelGCThreads=2 -XX:ConcGCThreads=2 -Djdk.net.URLClassPath.disableClassPathURLCheck=true -XX:CICompilerCount=2 -XX:ParallelGCThreads=2 -XX:ConcGCThreads=2 -Djdk.net.URLClassPath.disableClassPathURLCheck=true 
Picked up _JAVA_OPTIONS: -Djdk.net.URLClassPath.disableClassPathURLCheck=true
Tests run: 8, Failures: 0, Errors: 0, Skipped: 0, Time elapsed: 0.283 sec - in org.apache.flink.runtime.instance.SharedSlotsTest
Picked up JAVA_TOOL_OPTIONS: -XX:CICompilerCount=2 -XX:ParallelGCThreads=2 -XX:ConcGCThreads=2 -Djdk.net.URLClassPath.disableClassPathURLCheck=true -XX:CICompilerCount=2 -XX:ParallelGCThreads=2 -XX:ConcGCThreads=2 -Djdk.net.URLClassPath.disableClassPathURLCheck=true 
Running org.apache.flink.runtime.state.FileStateBackendTest
Picked up _JAVA_OPTIONS: -Djdk.net.URLClassPath.disableClassPathURLCheck=true
Picked up JAVA_TOOL_OPTIONS: -XX:CICompilerCount=2 -XX:ParallelGCThreads=2 -XX:ConcGCThreads=2 -Djdk.net.URLClassPath.disableClassPathURLCheck=true -XX:CICompilerCount=2 -XX:ParallelGCThreads=2 -XX:ConcGCThreads=2 -Djdk.net.URLClassPath.disableClassPathURLCheck=true 
Picked up JAVA_TOOL_OPTIONS: -XX:CICompilerCount=2 -XX:ParallelGCThreads=2 -XX:ConcGCThreads=2 -Djdk.net.URLClassPath.disableClassPathURLCheck=true -XX:CICompilerCount=2 -XX:ParallelGCThreads=2 -XX:ConcGCThreads=2 -Djdk.net.URLClassPath.disableClassPathURLCheck=true 
Picked up _JAVA_OPTIONS: -Djdk.net.URLClassPath.disableClassPathURLCheck=true
Running org.apache.flink.runtime.util.ClassLoaderUtilsTest
Picked up _JAVA_OPTIONS: -Djdk.net.URLClassPath.disableClassPathURLCheck=true
Picked up JAVA_TOOL_OPTIONS: -XX:CICompilerCount=2 -XX:ParallelGCThreads=2 -XX:ConcGCThreads=2 -Djdk.net.URLClassPath.disableClassPathURLCheck=true -XX:CICompilerCount=2 -XX:ParallelGCThreads=2 -XX:ConcGCThreads=2 -Djdk.net.URLClassPath.disableClassPathURLCheck=true 
Picked up _JAVA_OPTIONS: -Djdk.net.URLClassPath.disableClassPathURLCheck=true
Picked up JAVA_TOOL_OPTIONS: -XX:CICompilerCount=2 -XX:ParallelGCThreads=2 -XX:ConcGCThreads=2 -Djdk.net.URLClassPath.disableClassPathURLCheck=true -XX:CICompilerCount=2 -XX:ParallelGCThreads=2 -XX:ConcGCThreads=2 -Djdk.net.URLClassPath.disableClassPathURLCheck=true 
Running org.apache.flink.runtime.iterative.event.EventWithAggregatorsTest
Tests run: 2, Failures: 0, Errors: 0, Skipped: 0, Time elapsed: 0 sec - in org.apache.flink.runtime.iterative.event.EventWithAggregatorsTest
Picked up _JAVA_OPTIONS: -Djdk.net.URLClassPath.disableClassPathURLCheck=true
Picked up JAVA_TOOL_OPTIONS: -XX:CICompilerCount=2 -XX:ParallelGCThreads=2 -XX:ConcGCThreads=2 -Djdk.net.URLClassPath.disableClassPathURLCheck=true -XX:CICompilerCount=2 -XX:ParallelGCThreads=2 -XX:ConcGCThreads=2 -Djdk.net.URLClassPath.disableClassPathURLCheck=true 
Picked up _JAVA_OPTIONS: -Djdk.net.URLClassPath.disableClassPathURLCheck=true
Running org.apache.flink.runtime.instance.InstanceManagerTest
Running org.apache.flink.runtime.taskmanager.TaskManagerComponentsStartupShutdownTest
42 > 06:03:41,228 INFO  org.apache.flink.runtime.blob.BlobServer                      - Created BLOB server storage directory /tmp/blobStore-ad97606c-7550-4f42-9dae-c130b402db15
Tests run: 6, Failures: 0, Errors: 0, Skipped: 0, Time elapsed: 1.257 sec - in org.apache.flink.runtime.io.disk.iomanager.IOManagerAsyncTest
Tests run: 3, Failures: 0, Errors: 0, Skipped: 0, Time elapsed: 0.088 sec - in org.apache.flink.runtime.util.ClassLoaderUtilsTest
Picked up JAVA_TOOL_OPTIONS: -XX:CICompilerCount=2 -XX:ParallelGCThreads=2 -XX:ConcGCThreads=2 -Djdk.net.URLClassPath.disableClassPathURLCheck=true -XX:CICompilerCount=2 -XX:ParallelGCThreads=2 -XX:ConcGCThreads=2 -Djdk.net.URLClassPath.disableClassPathURLCheck=true 
Running org.apache.flink.runtime.io.disk.iomanager.IOManagerTest
Tests run: 1, Failures: 0, Errors: 0, Skipped: 0, Time elapsed: 0 sec - in org.apache.flink.runtime.io.disk.iomanager.IOManagerTest
Picked up _JAVA_OPTIONS: -Djdk.net.URLClassPath.disableClassPathURLCheck=true
Picked up JAVA_TOOL_OPTIONS: -XX:CICompilerCount=2 -XX:ParallelGCThreads=2 -XX:ConcGCThreads=2 -Djdk.net.URLClassPath.disableClassPathURLCheck=true -XX:CICompilerCount=2 -XX:ParallelGCThreads=2 -XX:ConcGCThreads=2 -Djdk.net.URLClassPath.disableClassPathURLCheck=true 
Running org.apache.flink.runtime.util.SerializedThrowableTest
Tests run: 2, Failures: 0, Errors: 0, Skipped: 0, Time elapsed: 0 sec - in org.apache.flink.runtime.util.SerializedThrowableTest
Picked up _JAVA_OPTIONS: -Djdk.net.URLClassPath.disableClassPathURLCheck=true
Tests run: 1, Failures: 0, Errors: 0, Skipped: 0, Time elapsed: 0.809 sec - in org.apache.flink.runtime.io.disk.SeekableFileChannelInputViewTest
42 > 06:03:41,289 INFO  org.apache.flink.runtime.blob.BlobServer                      - Started BLOB server at 0.0.0.0:16509 - max concurrent requests: 50 - max backlog: 1000
Running org.apache.flink.runtime.execution.librarycache.BlobLibraryCacheManagerTest
Picked up JAVA_TOOL_OPTIONS: -XX:CICompilerCount=2 -XX:ParallelGCThreads=2 -XX:ConcGCThreads=2 -Djdk.net.URLClassPath.disableClassPathURLCheck=true -XX:CICompilerCount=2 -XX:ParallelGCThreads=2 -XX:ConcGCThreads=2 -Djdk.net.URLClassPath.disableClassPathURLCheck=true 
Picked up _JAVA_OPTIONS: -Djdk.net.URLClassPath.disableClassPathURLCheck=true
Tests run: 4, Failures: 0, Errors: 0, Skipped: 0, Time elapsed: 0.996 sec - in org.apache.flink.runtime.memory.MemoryManagerLazyAllocationTest
Running org.apache.flink.runtime.memory.MemoryManagerConcurrentModReleaseTest
Picked up JAVA_TOOL_OPTIONS: -XX:CICompilerCount=2 -XX:ParallelGCThreads=2 -XX:ConcGCThreads=2 -Djdk.net.URLClassPath.disableClassPathURLCheck=true -XX:CICompilerCount=2 -XX:ParallelGCThreads=2 -XX:ConcGCThreads=2 -Djdk.net.URLClassPath.disableClassPathURLCheck=true 
Picked up _JAVA_OPTIONS: -Djdk.net.URLClassPath.disableClassPathURLCheck=true
Picked up JAVA_TOOL_OPTIONS: -XX:CICompilerCount=2 -XX:ParallelGCThreads=2 -XX:ConcGCThreads=2 -Djdk.net.URLClassPath.disableClassPathURLCheck=true -XX:CICompilerCount=2 -XX:ParallelGCThreads=2 -XX:ConcGCThreads=2 -Djdk.net.URLClassPath.disableClassPathURLCheck=true 
Picked up _JAVA_OPTIONS: -Djdk.net.URLClassPath.disableClassPathURLCheck=true
42 > 06:03:41,456 INFO  org.apache.flink.runtime.blob.BlobServer                      - Created BLOB server storage directory /tmp/blobStore-4f08c501-d385-4b9b-8920-63b230b6b1c4
42 > 06:03:41,456 INFO  org.apache.flink.runtime.blob.BlobServer                      - Started BLOB server at 0.0.0.0:14125 - max concurrent requests: 50 - max backlog: 1000
Running org.apache.flink.runtime.iterative.concurrent.SuperstepKickoffLatchTest
Running org.apache.flink.runtime.instance.HardwareTest
52 > 06:03:41,485 INFO  org.apache.flink.runtime.blob.BlobServer                      - Created BLOB server storage directory /tmp/blobStore-6a43492b-3f5d-45fe-9be7-032beef47df8
Running org.apache.flink.runtime.blob.BlobServerPutTest
52 > 06:03:41,518 INFO  org.apache.flink.runtime.blob.BlobServer                      - Started BLOB server at 0.0.0.0:9763 - max concurrent requests: 50 - max backlog: 1000
Tests run: 2, Failures: 0, Errors: 0, Skipped: 0, Time elapsed: 1.037 sec - in org.apache.flink.runtime.io.disk.iomanager.BufferFileWriterReaderTest
42 > 06:03:41,550 INFO  org.apache.flink.runtime.blob.BlobServer                      - Stopped BLOB server at 0.0.0.0:14125
42 > 06:03:41,550 INFO  org.apache.flink.runtime.blob.BlobServer                      - Stopped BLOB server at 0.0.0.0:16509
Tests run: 2, Failures: 0, Errors: 0, Skipped: 0, Time elapsed: 2.595 sec - in org.apache.flink.runtime.jobmanager.JobManagerStartupTest
Picked up JAVA_TOOL_OPTIONS: -XX:CICompilerCount=2 -XX:ParallelGCThreads=2 -XX:ConcGCThreads=2 -Djdk.net.URLClassPath.disableClassPathURLCheck=true -XX:CICompilerCount=2 -XX:ParallelGCThreads=2 -XX:ConcGCThreads=2 -Djdk.net.URLClassPath.disableClassPathURLCheck=true 
Picked up JAVA_TOOL_OPTIONS: -XX:CICompilerCount=2 -XX:ParallelGCThreads=2 -XX:ConcGCThreads=2 -Djdk.net.URLClassPath.disableClassPathURLCheck=true -XX:CICompilerCount=2 -XX:ParallelGCThreads=2 -XX:ConcGCThreads=2 -Djdk.net.URLClassPath.disableClassPathURLCheck=true 
Picked up _JAVA_OPTIONS: -Djdk.net.URLClassPath.disableClassPathURLCheck=true
Picked up JAVA_TOOL_OPTIONS: -XX:CICompilerCount=2 -XX:ParallelGCThreads=2 -XX:ConcGCThreads=2 -Djdk.net.URLClassPath.disableClassPathURLCheck=true -XX:CICompilerCount=2 -XX:ParallelGCThreads=2 -XX:ConcGCThreads=2 -Djdk.net.URLClassPath.disableClassPathURLCheck=true 
Picked up _JAVA_OPTIONS: -Djdk.net.URLClassPath.disableClassPathURLCheck=true
Running org.apache.flink.runtime.util.EnvironmentInformationTest
Picked up _JAVA_OPTIONS: -Djdk.net.URLClassPath.disableClassPathURLCheck=true
Tests run: 2, Failures: 0, Errors: 0, Skipped: 0, Time elapsed: 0.857 sec - in org.apache.flink.runtime.jobmanager.JobManagerRegistrationTest
Running org.apache.flink.runtime.blob.BlobUtilsTest
Picked up JAVA_TOOL_OPTIONS: -XX:CICompilerCount=2 -XX:ParallelGCThreads=2 -XX:ConcGCThreads=2 -Djdk.net.URLClassPath.disableClassPathURLCheck=true -XX:CICompilerCount=2 -XX:ParallelGCThreads=2 -XX:ConcGCThreads=2 -Djdk.net.URLClassPath.disableClassPathURLCheck=true 
Picked up _JAVA_OPTIONS: -Djdk.net.URLClassPath.disableClassPathURLCheck=true
Picked up JAVA_TOOL_OPTIONS: -XX:CICompilerCount=2 -XX:ParallelGCThreads=2 -XX:ConcGCThreads=2 -Djdk.net.URLClassPath.disableClassPathURLCheck=true -XX:CICompilerCount=2 -XX:ParallelGCThreads=2 -XX:ConcGCThreads=2 -Djdk.net.URLClassPath.disableClassPathURLCheck=true 
Picked up _JAVA_OPTIONS: -Djdk.net.URLClassPath.disableClassPathURLCheck=true
Picked up JAVA_TOOL_OPTIONS: -XX:CICompilerCount=2 -XX:ParallelGCThreads=2 -XX:ConcGCThreads=2 -Djdk.net.URLClassPath.disableClassPathURLCheck=true -XX:CICompilerCount=2 -XX:ParallelGCThreads=2 -XX:ConcGCThreads=2 -Djdk.net.URLClassPath.disableClassPathURLCheck=true 
Picked up _JAVA_OPTIONS: -Djdk.net.URLClassPath.disableClassPathURLCheck=true
Picked up JAVA_TOOL_OPTIONS: -XX:CICompilerCount=2 -XX:ParallelGCThreads=2 -XX:ConcGCThreads=2 -Djdk.net.URLClassPath.disableClassPathURLCheck=true -XX:CICompilerCount=2 -XX:ParallelGCThreads=2 -XX:ConcGCThreads=2 -Djdk.net.URLClassPath.disableClassPathURLCheck=true 
Running org.apache.flink.runtime.taskmanager.TaskManagerConfigurationTest
Picked up _JAVA_OPTIONS: -Djdk.net.URLClassPath.disableClassPathURLCheck=true
Picked up JAVA_TOOL_OPTIONS: -XX:CICompilerCount=2 -XX:ParallelGCThreads=2 -XX:ConcGCThreads=2 -Djdk.net.URLClassPath.disableClassPathURLCheck=true -XX:CICompilerCount=2 -XX:ParallelGCThreads=2 -XX:ConcGCThreads=2 -Djdk.net.URLClassPath.disableClassPathURLCheck=true 
Picked up _JAVA_OPTIONS: -Djdk.net.URLClassPath.disableClassPathURLCheck=true
Picked up JAVA_TOOL_OPTIONS: -XX:CICompilerCount=2 -XX:ParallelGCThreads=2 -XX:ConcGCThreads=2 -Djdk.net.URLClassPath.disableClassPathURLCheck=true -XX:CICompilerCount=2 -XX:ParallelGCThreads=2 -XX:ConcGCThreads=2 -Djdk.net.URLClassPath.disableClassPathURLCheck=true 
Picked up JAVA_TOOL_OPTIONS: -XX:CICompilerCount=2 -XX:ParallelGCThreads=2 -XX:ConcGCThreads=2 -Djdk.net.URLClassPath.disableClassPathURLCheck=true -XX:CICompilerCount=2 -XX:ParallelGCThreads=2 -XX:ConcGCThreads=2 -Djdk.net.URLClassPath.disableClassPathURLCheck=true 
Running org.apache.flink.runtime.event.task.TaskEventTest
Running org.apache.flink.runtime.leaderelection.ZooKeeperLeaderRetrievalTest
Picked up _JAVA_OPTIONS: -Djdk.net.URLClassPath.disableClassPathURLCheck=true
Tests run: 3, Failures: 0, Errors: 0, Skipped: 0, Time elapsed: 0 sec - in org.apache.flink.runtime.event.task.TaskEventTest
Picked up _JAVA_OPTIONS: -Djdk.net.URLClassPath.disableClassPathURLCheck=true
88 > 06:03:41,748 INFO  org.apache.flink.runtime.blob.BlobServer                      - Created BLOB server storage directory /tmp/blobStore-47c38c2e-87c1-4f94-af8a-7d35b4fdc0fb
88 > 06:03:41,774 INFO  org.apache.flink.runtime.blob.BlobServer                      - Started BLOB server at 0.0.0.0:6779 - max concurrent requests: 50 - max backlog: 1000
88 > 06:03:41,778 INFO  org.apache.flink.runtime.blob.BlobCache                       - Created BLOB cache storage directory /tmp/blobStore-5b7a54d9-dc43-406a-bbb0-1a29df7fe31e
88 > 06:03:41,792 DEBUG org.apache.flink.runtime.blob.BlobClient                      - PUT content addressable BLOB buffer (8 bytes) to /127.0.0.1:14964
88 > 06:03:41,807 DEBUG org.apache.flink.runtime.blob.BlobServerConnection            - Received PUT request for content addressable BLOB
Running org.apache.flink.runtime.iterative.concurrent.BrokerTest
88 > 06:03:41,830 DEBUG org.apache.flink.runtime.blob.BlobClient                      - PUT content addressable BLOB buffer (8 bytes) to /127.0.0.1:14964
Running org.apache.flink.runtime.util.DataInputOutputSerializerTest
88 > 06:03:41,872 DEBUG org.apache.flink.runtime.blob.BlobServerConnection            - Received PUT request for content addressable BLOB
Running org.apache.flink.runtime.taskmanager.TaskManagerStartupTest
Terminate 6807!
Killed 6807! at /boom/scratch/jmcampos/RTA/repair_them_all_framework/jdks/jdk1.7.0_80/jre/bin/java line 73.
Terminate 5650!
Killed 5650! at /boom/scratch/jmcampos/RTA/repair_them_all_framework/jdks/jdk1.7.0_80/jre/bin/java line 73.
Terminate 6134!
Killed 6134! at /boom/scratch/jmcampos/RTA/repair_them_all_framework/jdks/jdk1.7.0_80/jre/bin/java line 73.
Terminate 5174!
Killed 5174! at /boom/scratch/jmcampos/RTA/repair_them_all_framework/jdks/jdk1.7.0_80/jre/bin/java line 73.
Terminate 5701!
Killed 5701! at /boom/scratch/jmcampos/RTA/repair_them_all_framework/jdks/jdk1.7.0_80/jre/bin/java line 73.
Terminate 70321!
Killed 70321! at /boom/scratch/jmcampos/RTA/repair_them_all_framework/jdks/jdk1.7.0_80/jre/bin/java line 73.
Terminate 5610!
Killed 5610! at /boom/scratch/jmcampos/RTA/repair_them_all_framework/jdks/jdk1.7.0_80/jre/bin/java line 73.
52 > 06:03:41,927 INFO  org.apache.flink.runtime.blob.BlobServer                      - Stopped BLOB server at 0.0.0.0:9763
Terminate 4416!
Killed 4416! at /boom/scratch/jmcampos/RTA/repair_them_all_framework/jdks/jdk1.7.0_80/jre/bin/java line 73.
Terminate 4106!
Killed 4106! at /boom/scratch/jmcampos/RTA/repair_them_all_framework/jdks/jdk1.7.0_80/jre/bin/java line 73.
50 > 06:03:41,928 INFO  org.apache.flink.runtime.blob.BlobServer                      - Stopped BLOB server at 0.0.0.0:7213
Terminate 6188!
Killed 6188! at /boom/scratch/jmcampos/RTA/repair_them_all_framework/jdks/jdk1.7.0_80/jre/bin/java line 73.
Terminate 6320!
Killed 6320! at /boom/scratch/jmcampos/RTA/repair_them_all_framework/jdks/jdk1.7.0_80/jre/bin/java line 73.
88 > 06:03:41,929 INFO  org.apache.flink.runtime.blob.BlobServer                      - Stopped BLOB server at 0.0.0.0:6779
Terminate 2586!
Killed 2586! at /boom/scratch/jmcampos/RTA/repair_them_all_framework/jdks/jdk1.7.0_80/jre/bin/java line 73.
Terminate 6713!
Killed 6713! at /boom/scratch/jmcampos/RTA/repair_them_all_framework/jdks/jdk1.7.0_80/jre/bin/java line 73.
java.nio.channels.ClosedByInterruptException
	at java.nio.channels.spi.AbstractInterruptibleChannel.end(AbstractInterruptibleChannel.java:202)
	at sun.nio.ch.FileChannelImpl.write(FileChannelImpl.java:210)
	at org.apache.flink.runtime.io.disk.iomanager.SegmentWriteRequest.write(AsynchronousFileIOChannel.java:344)
	at org.apache.flink.runtime.io.disk.iomanager.IOManagerAsync$WriterThread.run(IOManagerAsync.java:502)
Picked up JAVA_TOOL_OPTIONS: -XX:CICompilerCount=2 -XX:ParallelGCThreads=2 -XX:ConcGCThreads=2 -Djdk.net.URLClassPath.disableClassPathURLCheck=true -XX:CICompilerCount=2 -XX:ParallelGCThreads=2 -XX:ConcGCThreads=2 -Djdk.net.URLClassPath.disableClassPathURLCheck=true 
Terminate 6639!
Killed 6639! at /boom/scratch/jmcampos/RTA/repair_them_all_framework/jdks/jdk1.7.0_80/jre/bin/java line 73.
Picked up JAVA_TOOL_OPTIONS: -XX:CICompilerCount=2 -XX:ParallelGCThreads=2 -XX:ConcGCThreads=2 -Djdk.net.URLClassPath.disableClassPathURLCheck=true -XX:CICompilerCount=2 -XX:ParallelGCThreads=2 -XX:ConcGCThreads=2 -Djdk.net.URLClassPath.disableClassPathURLCheck=true 
Terminate 6298!
Killed 6298! at /boom/scratch/jmcampos/RTA/repair_them_all_framework/jdks/jdk1.7.0_80/jre/bin/java line 73.
Running org.apache.flink.runtime.util.UnionIteratorTest
Running org.apache.flink.runtime.util.DelegatingConfigurationTest
Picked up JAVA_TOOL_OPTIONS: -XX:CICompilerCount=2 -XX:ParallelGCThreads=2 -XX:ConcGCThreads=2 -Djdk.net.URLClassPath.disableClassPathURLCheck=true -XX:CICompilerCount=2 -XX:ParallelGCThreads=2 -XX:ConcGCThreads=2 -Djdk.net.URLClassPath.disableClassPathURLCheck=true 
Terminate 6298!
Running org.apache.flink.runtime.leaderelection.StandaloneLeaderElectionTest
Terminate 3213!
Killed 3213! at /boom/scratch/jmcampos/RTA/repair_them_all_framework/jdks/jdk1.7.0_80/jre/bin/java line 73.
Terminate 3213!
56 > 06:03:41,932 INFO  org.apache.flink.runtime.blob.BlobServer                      - Stopped BLOB server at 0.0.0.0:27745
Tests run: 1, Failures: 0, Errors: 0, Skipped: 0, Time elapsed: 0 sec - in org.apache.flink.runtime.util.DelegatingConfigurationTest
Picked up _JAVA_OPTIONS: -Djdk.net.URLClassPath.disableClassPathURLCheck=true
Tests run: 2, Failures: 0, Errors: 0, Skipped: 0, Time elapsed: 0.001 sec - in org.apache.flink.runtime.util.UnionIteratorTest
Picked up _JAVA_OPTIONS: -Djdk.net.URLClassPath.disableClassPathURLCheck=true
Tests run: 1, Failures: 0, Errors: 0, Skipped: 0, Time elapsed: 0.001 sec - in org.apache.flink.runtime.leaderelection.StandaloneLeaderElectionTest
Picked up _JAVA_OPTIONS: -Djdk.net.URLClassPath.disableClassPathURLCheck=true
Terminate 6598!
Killed 6598! at /boom/scratch/jmcampos/RTA/repair_them_all_framework/jdks/jdk1.7.0_80/jre/bin/java line 73.
Terminate 6012!
Killed 6012! at /boom/scratch/jmcampos/RTA/repair_them_all_framework/jdks/jdk1.7.0_80/jre/bin/java line 73.
Terminate 6012!
Terminate 6598!
Picked up JAVA_TOOL_OPTIONS: -XX:CICompilerCount=2 -XX:ParallelGCThreads=2 -XX:ConcGCThreads=2 -Djdk.net.URLClassPath.disableClassPathURLCheck=true -XX:CICompilerCount=2 -XX:ParallelGCThreads=2 -XX:ConcGCThreads=2 -Djdk.net.URLClassPath.disableClassPathURLCheck=true 
Picked up JAVA_TOOL_OPTIONS: -XX:CICompilerCount=2 -XX:ParallelGCThreads=2 -XX:ConcGCThreads=2 -Djdk.net.URLClassPath.disableClassPathURLCheck=true -XX:CICompilerCount=2 -XX:ParallelGCThreads=2 -XX:ConcGCThreads=2 -Djdk.net.URLClassPath.disableClassPathURLCheck=true 
Picked up _JAVA_OPTIONS: -Djdk.net.URLClassPath.disableClassPathURLCheck=true
Running org.apache.flink.runtime.taskmanager.TaskManagerRegistrationTest
Picked up _JAVA_OPTIONS: -Djdk.net.URLClassPath.disableClassPathURLCheck=true
Terminate 7127!
Killed 7127! at /boom/scratch/jmcampos/RTA/repair_them_all_framework/jdks/jdk1.7.0_80/jre/bin/java line 73.
Terminate 6997!
Killed 6997! at /boom/scratch/jmcampos/RTA/repair_them_all_framework/jdks/jdk1.7.0_80/jre/bin/java line 73.
Terminate 6997!
Terminate 7127!
Terminate 70999!
Killed 70999! at /boom/scratch/jmcampos/RTA/repair_them_all_framework/jdks/jdk1.7.0_80/jre/bin/java line 73.
Picked up JAVA_TOOL_OPTIONS: -XX:CICompilerCount=2 -XX:ParallelGCThreads=2 -XX:ConcGCThreads=2 -Djdk.net.URLClassPath.disableClassPathURLCheck=true -XX:CICompilerCount=2 -XX:ParallelGCThreads=2 -XX:ConcGCThreads=2 -Djdk.net.URLClassPath.disableClassPathURLCheck=true 
Terminate 70999!
Running org.apache.flink.runtime.blob.BlobClientTest
77 > 06:03:41,698 INFO  org.apache.flink.runtime.blob.BlobServer                      - Created BLOB server storage directory /tmp/blobStore-5ab080c5-73ba-4094-9f03-f5c418b9a708
77 > 06:03:41,708 INFO  org.apache.flink.runtime.blob.BlobServer                      - Started BLOB server at 0.0.0.0:19567 - max concurrent requests: 50 - max backlog: 1000
77 > 06:03:41,726 DEBUG org.apache.flink.runtime.blob.BlobClient                      - PUT content addressable BLOB buffer (17000 bytes) to /127.0.0.1:38622
77 > 06:03:41,735 DEBUG org.apache.flink.runtime.blob.BlobServerConnection            - Received PUT request for content addressable BLOB
77 > 06:03:41,751 DEBUG org.apache.flink.runtime.blob.BlobClient                      - GET content addressable BLOB f4cfbb2fa70643191b6619c3ebb3f95242a7326d from /127.0.0.1:38622
77 > 06:03:41,834 DEBUG org.apache.flink.runtime.blob.BlobClient                      - GET content addressable BLOB 0000000000000000000000000000000000000000 from /127.0.0.1:38622
Picked up _JAVA_OPTIONS: -Djdk.net.URLClassPath.disableClassPathURLCheck=true
Signal 15 (TERM) caught by ps (procps-ng version 3.3.10).
ps:display.c:66: please report this bug
Terminate 7058!
Kill 7058!
Killed 7058! at /boom/scratch/jmcampos/RTA/repair_them_all_framework/jdks/jdk1.7.0_80/jre/bin/java line 73.
Picked up JAVA_TOOL_OPTIONS: -XX:CICompilerCount=2 -XX:ParallelGCThreads=2 -XX:ConcGCThreads=2 -Djdk.net.URLClassPath.disableClassPathURLCheck=true -XX:CICompilerCount=2 -XX:ParallelGCThreads=2 -XX:ConcGCThreads=2 -Djdk.net.URLClassPath.disableClassPathURLCheck=true 
Running org.apache.flink.runtime.client.JobClientActorTest
Picked up _JAVA_OPTIONS: -Djdk.net.URLClassPath.disableClassPathURLCheck=true
Terminate 6917!
Killed 6917! at /boom/scratch/jmcampos/RTA/repair_them_all_framework/jdks/jdk1.7.0_80/jre/bin/java line 73.
Terminate 71535!
Killed 71535! at /boom/scratch/jmcampos/RTA/repair_them_all_framework/jdks/jdk1.7.0_80/jre/bin/java line 73.
Terminate 3170!
Killed 3170! at /boom/scratch/jmcampos/RTA/repair_them_all_framework/jdks/jdk1.7.0_80/jre/bin/java line 73.
Terminate 3170!
Terminate 5048!
Killed 5048! at /boom/scratch/jmcampos/RTA/repair_them_all_framework/jdks/jdk1.7.0_80/jre/bin/java line 73.
Terminate 6554!
Killed 6554! at /boom/scratch/jmcampos/RTA/repair_them_all_framework/jdks/jdk1.7.0_80/jre/bin/java line 73.
Terminate 71419!
Killed 71419! at /boom/scratch/jmcampos/RTA/repair_them_all_framework/jdks/jdk1.7.0_80/jre/bin/java line 73.
Terminate 71419!
Terminate 5048!
Terminate 71535!
Terminate 3014!
Killed 3014! at /boom/scratch/jmcampos/RTA/repair_them_all_framework/jdks/jdk1.7.0_80/jre/bin/java line 73.
Terminate 789!
Terminate 6554!
Killed 789! at /boom/scratch/jmcampos/RTA/repair_them_all_framework/jdks/jdk1.7.0_80/jre/bin/java line 73.
Terminate 3014!
Terminate 789!
Picked up JAVA_TOOL_OPTIONS: -XX:CICompilerCount=2 -XX:ParallelGCThreads=2 -XX:ConcGCThreads=2 -Djdk.net.URLClassPath.disableClassPathURLCheck=true -XX:CICompilerCount=2 -XX:ParallelGCThreads=2 -XX:ConcGCThreads=2 -Djdk.net.URLClassPath.disableClassPathURLCheck=true 
Running org.apache.flink.runtime.taskmanager.TaskInputSplitProviderTest
Picked up JAVA_TOOL_OPTIONS: -XX:CICompilerCount=2 -XX:ParallelGCThreads=2 -XX:ConcGCThreads=2 -Djdk.net.URLClassPath.disableClassPathURLCheck=true -XX:CICompilerCount=2 -XX:ParallelGCThreads=2 -XX:ConcGCThreads=2 -Djdk.net.URLClassPath.disableClassPathURLCheck=true 
Picked up _JAVA_OPTIONS: -Djdk.net.URLClassPath.disableClassPathURLCheck=true
Picked up _JAVA_OPTIONS: -Djdk.net.URLClassPath.disableClassPathURLCheck=true
Terminate 7072!
Kill 7072!
Killed 7072! at /boom/scratch/jmcampos/RTA/repair_them_all_framework/jdks/jdk1.7.0_80/jre/bin/java line 73.
Terminate 3149!
Killed 3149! at /boom/scratch/jmcampos/RTA/repair_them_all_framework/jdks/jdk1.7.0_80/jre/bin/java line 73.
Terminate 3149!
Picked up JAVA_TOOL_OPTIONS: -XX:CICompilerCount=2 -XX:ParallelGCThreads=2 -XX:ConcGCThreads=2 -Djdk.net.URLClassPath.disableClassPathURLCheck=true -XX:CICompilerCount=2 -XX:ParallelGCThreads=2 -XX:ConcGCThreads=2 -Djdk.net.URLClassPath.disableClassPathURLCheck=true 
Picked up _JAVA_OPTIONS: -Djdk.net.URLClassPath.disableClassPathURLCheck=true
Signal 15 (TERM) caught by ps (procps-ng version 3.3.10).
ps:display.c:66: please report this bug
Picked up JAVA_TOOL_OPTIONS: -XX:CICompilerCount=2 -XX:ParallelGCThreads=2 -XX:ConcGCThreads=2 -Djdk.net.URLClassPath.disableClassPathURLCheck=true -XX:CICompilerCount=2 -XX:ParallelGCThreads=2 -XX:ConcGCThreads=2 -Djdk.net.URLClassPath.disableClassPathURLCheck=true 
Running org.apache.flink.runtime.iterative.concurrent.BlockingBackChannelTest
Terminate 72278!
Killed 72278! at /boom/scratch/jmcampos/RTA/repair_them_all_framework/jdks/jdk1.7.0_80/jre/bin/java line 73.
Terminate 72278!
Tests run: 1, Failures: 0, Errors: 0, Skipped: 0, Time elapsed: 0 sec - in org.apache.flink.runtime.iterative.concurrent.BlockingBackChannelTest
Picked up _JAVA_OPTIONS: -Djdk.net.URLClassPath.disableClassPathURLCheck=true
Terminate 2760!
Killed 2760! at /boom/scratch/jmcampos/RTA/repair_them_all_framework/jdks/jdk1.7.0_80/jre/bin/java line 73.
Terminate 7084!
Killed 7084! at /boom/scratch/jmcampos/RTA/repair_them_all_framework/jdks/jdk1.7.0_80/jre/bin/java line 73.
Terminate 7084!
Terminate 2760!
Terminate 6770!
Killed 6770! at /boom/scratch/jmcampos/RTA/repair_them_all_framework/jdks/jdk1.7.0_80/jre/bin/java line 73.
Terminate 6770!
Terminate 6932!
Killed 6932! at /boom/scratch/jmcampos/RTA/repair_them_all_framework/jdks/jdk1.7.0_80/jre/bin/java line 73.
Terminate 6932!
Terminate 8039!
Killed 8039! at /boom/scratch/jmcampos/RTA/repair_them_all_framework/jdks/jdk1.7.0_80/jre/bin/java line 73.
Terminate 6151!
Killed 6151! at /boom/scratch/jmcampos/RTA/repair_them_all_framework/jdks/jdk1.7.0_80/jre/bin/java line 73.
Picked up JAVA_TOOL_OPTIONS: -XX:CICompilerCount=2 -XX:ParallelGCThreads=2 -XX:ConcGCThreads=2 -Djdk.net.URLClassPath.disableClassPathURLCheck=true -XX:CICompilerCount=2 -XX:ParallelGCThreads=2 -XX:ConcGCThreads=2 -Djdk.net.URLClassPath.disableClassPathURLCheck=true 
Picked up _JAVA_OPTIONS: -Djdk.net.URLClassPath.disableClassPathURLCheck=true
Terminate 6953!
Killed 6953! at /boom/scratch/jmcampos/RTA/repair_them_all_framework/jdks/jdk1.7.0_80/jre/bin/java line 73.
Terminate 6953!
Terminate 71231!
Killed 71231! at /boom/scratch/jmcampos/RTA/repair_them_all_framework/jdks/jdk1.7.0_80/jre/bin/java line 73.
Terminate 71820!
Killed 71820! at /boom/scratch/jmcampos/RTA/repair_them_all_framework/jdks/jdk1.7.0_80/jre/bin/java line 73.
Terminate 2660!
Killed 2660! at /boom/scratch/jmcampos/RTA/repair_them_all_framework/jdks/jdk1.7.0_80/jre/bin/java line 73.
Terminate 71231!
Terminate 71820!
Terminate 2660!
Running org.apache.flink.runtime.util.LRUCacheMapTest
77 > 06:03:41,876 ERROR org.apache.flink.runtime.blob.BlobServerConnection            - GET operation failed
java.io.IOException: Cannot find required BLOB at /tmp/blobStore-5ab080c5-73ba-4094-9f03-f5c418b9a708/cache/blob_0000000000000000000000000000000000000000
	at org.apache.flink.runtime.blob.BlobServerConnection.get(BlobServerConnection.java:202)
	at org.apache.flink.runtime.blob.BlobServerConnection.run(BlobServerConnection.java:112)
77 > 06:03:41,920 DEBUG org.apache.flink.runtime.blob.BlobServerConnection            - Socket connection closed
java.net.SocketException: Socket closed
	at java.net.SocketInputStream.socketRead0(Native Method)
	at java.net.SocketInputStream.read(SocketInputStream.java:152)
	at java.net.SocketInputStream.read(SocketInputStream.java:122)
	at java.net.SocketInputStream.read(SocketInputStream.java:210)
	at org.apache.flink.runtime.blob.BlobServerConnection.run(BlobServerConnection.java:101)
Tests run: 5, Failures: 0, Errors: 0, Skipped: 0, Time elapsed: 0.481 sec - in org.apache.flink.runtime.iterative.concurrent.SuperstepKickoffLatchTest
Terminate 72266!
Killed 72266! at /boom/scratch/jmcampos/RTA/repair_them_all_framework/jdks/jdk1.7.0_80/jre/bin/java line 73.
Terminate 72266!
Signal 15 (TERM) caught by ps (procps-ng version 3.3.10).
ps:display.c:66: please report this bug
Terminate 5681!
Kill 5681!
Killed 5681! at /boom/scratch/jmcampos/RTA/repair_them_all_framework/jdks/jdk1.7.0_80/jre/bin/java line 73.
Terminate 2411!
Killed 2411! at /boom/scratch/jmcampos/RTA/repair_them_all_framework/jdks/jdk1.7.0_80/jre/bin/java line 73.
Terminate 2411!
Picked up JAVA_TOOL_OPTIONS: -XX:CICompilerCount=2 -XX:ParallelGCThreads=2 -XX:ConcGCThreads=2 -Djdk.net.URLClassPath.disableClassPathURLCheck=true -XX:CICompilerCount=2 -XX:ParallelGCThreads=2 -XX:ConcGCThreads=2 -Djdk.net.URLClassPath.disableClassPathURLCheck=true 
Picked up _JAVA_OPTIONS: -Djdk.net.URLClassPath.disableClassPathURLCheck=true
Terminate 7752!
Killed 7752! at /boom/scratch/jmcampos/RTA/repair_them_all_framework/jdks/jdk1.7.0_80/jre/bin/java line 73.
Terminate 7752!
Running org.apache.flink.runtime.leaderelection.JobManagerLeaderElectionTest
Terminate 1234!
Killed 1234! at /boom/scratch/jmcampos/RTA/repair_them_all_framework/jdks/jdk1.7.0_80/jre/bin/java line 73.
Terminate 1234!
Signal 15 (TERM) caught by ps (procps-ng version 3.3.10).
Picked up JAVA_TOOL_OPTIONS: -XX:CICompilerCount=2 -XX:ParallelGCThreads=2 -XX:ConcGCThreads=2 -Djdk.net.URLClassPath.disableClassPathURLCheck=true -XX:CICompilerCount=2 -XX:ParallelGCThreads=2 -XX:ConcGCThreads=2 -Djdk.net.URLClassPath.disableClassPathURLCheck=true 
Picked up _JAVA_OPTIONS: -Djdk.net.URLClassPath.disableClassPathURLCheck=true
Terminate 6070!
Killed 6070! at /boom/scratch/jmcampos/RTA/repair_them_all_framework/jdks/jdk1.7.0_80/jre/bin/java line 73.
Terminate 6070!
Picked up JAVA_TOOL_OPTIONS: -XX:CICompilerCount=2 -XX:ParallelGCThreads=2 -XX:ConcGCThreads=2 -Djdk.net.URLClassPath.disableClassPathURLCheck=true -XX:CICompilerCount=2 -XX:ParallelGCThreads=2 -XX:ConcGCThreads=2 -Djdk.net.URLClassPath.disableClassPathURLCheck=true 
Picked up _JAVA_OPTIONS: -Djdk.net.URLClassPath.disableClassPathURLCheck=true
Terminate 6803!
Killed 6803! at /boom/scratch/jmcampos/RTA/repair_them_all_framework/jdks/jdk1.7.0_80/jre/bin/java line 73.
Signal 15 (TERM) caught by ps (procps-ng version 3.3.10).
ps:display.c:66: please report this bug
Terminate 4116!
Kill 4116!
Killed 4116! at /boom/scratch/jmcampos/RTA/repair_them_all_framework/jdks/jdk1.7.0_80/jre/bin/java line 73.
Signal 15 (TERM) caught by ps (procps-ng version 3.3.10).
ps:display.c:66: please report this bug
Terminate 73494!
Killed 73494! at /boom/scratch/jmcampos/RTA/repair_them_all_framework/jdks/jdk1.7.0_80/jre/bin/java line 73.
ps:display.c:66: please report this bug
Terminate 5400!
Kill 5400!
Killed 5400! at /boom/scratch/jmcampos/RTA/repair_them_all_framework/jdks/jdk1.7.0_80/jre/bin/java line 73.
Signal 15 (TERM) caught by ps (procps-ng version 3.3.10).
ps:display.c:66: please report this bug
Terminate 5337!
Kill 5337!
Killed 5337! at /boom/scratch/jmcampos/RTA/repair_them_all_framework/jdks/jdk1.7.0_80/jre/bin/java line 73.
Picked up JAVA_TOOL_OPTIONS: -XX:CICompilerCount=2 -XX:ParallelGCThreads=2 -XX:ConcGCThreads=2 -Djdk.net.URLClassPath.disableClassPathURLCheck=true -XX:CICompilerCount=2 -XX:ParallelGCThreads=2 -XX:ConcGCThreads=2 -Djdk.net.URLClassPath.disableClassPathURLCheck=true 
Picked up JAVA_TOOL_OPTIONS: -XX:CICompilerCount=2 -XX:ParallelGCThreads=2 -XX:ConcGCThreads=2 -Djdk.net.URLClassPath.disableClassPathURLCheck=true -XX:CICompilerCount=2 -XX:ParallelGCThreads=2 -XX:ConcGCThreads=2 -Djdk.net.URLClassPath.disableClassPathURLCheck=true 
Picked up _JAVA_OPTIONS: -Djdk.net.URLClassPath.disableClassPathURLCheck=true
Terminate 7792!
Killed 7792! at /boom/scratch/jmcampos/RTA/repair_them_all_framework/jdks/jdk1.7.0_80/jre/bin/java line 73.
Terminate 7792!
Picked up JAVA_TOOL_OPTIONS: -XX:CICompilerCount=2 -XX:ParallelGCThreads=2 -XX:ConcGCThreads=2 -Djdk.net.URLClassPath.disableClassPathURLCheck=true -XX:CICompilerCount=2 -XX:ParallelGCThreads=2 -XX:ConcGCThreads=2 -Djdk.net.URLClassPath.disableClassPathURLCheck=true 
Picked up _JAVA_OPTIONS: -Djdk.net.URLClassPath.disableClassPathURLCheck=true
Terminate 7857!
Killed 7857! at /boom/scratch/jmcampos/RTA/repair_them_all_framework/jdks/jdk1.7.0_80/jre/bin/java line 73.
Picked up _JAVA_OPTIONS: -Djdk.net.URLClassPath.disableClassPathURLCheck=true
Terminate 7910!
Killed 7910! at /boom/scratch/jmcampos/RTA/repair_them_all_framework/jdks/jdk1.7.0_80/jre/bin/java line 73.
Terminate 7910!
Running org.apache.flink.runtime.taskmanager.TaskExecutionStateTest
Terminate 3392!
Killed 3392! at /boom/scratch/jmcampos/RTA/repair_them_all_framework/jdks/jdk1.7.0_80/jre/bin/java line 73.
Terminate 3392!
Picked up JAVA_TOOL_OPTIONS: -XX:CICompilerCount=2 -XX:ParallelGCThreads=2 -XX:ConcGCThreads=2 -Djdk.net.URLClassPath.disableClassPathURLCheck=true -XX:CICompilerCount=2 -XX:ParallelGCThreads=2 -XX:ConcGCThreads=2 -Djdk.net.URLClassPath.disableClassPathURLCheck=true 
Picked up _JAVA_OPTIONS: -Djdk.net.URLClassPath.disableClassPathURLCheck=true
Terminate 8076!
Killed 8076! at /boom/scratch/jmcampos/RTA/repair_them_all_framework/jdks/jdk1.7.0_80/jre/bin/java line 73.
Terminate 8076!
Picked up JAVA_TOOL_OPTIONS: -XX:CICompilerCount=2 -XX:ParallelGCThreads=2 -XX:ConcGCThreads=2 -Djdk.net.URLClassPath.disableClassPathURLCheck=true -XX:CICompilerCount=2 -XX:ParallelGCThreads=2 -XX:ConcGCThreads=2 -Djdk.net.URLClassPath.disableClassPathURLCheck=true 
Picked up _JAVA_OPTIONS: -Djdk.net.URLClassPath.disableClassPathURLCheck=true
Terminate 8165!
Killed 8165! at /boom/scratch/jmcampos/RTA/repair_them_all_framework/jdks/jdk1.7.0_80/jre/bin/java line 73.
Terminate 8165!
Picked up JAVA_TOOL_OPTIONS: -XX:CICompilerCount=2 -XX:ParallelGCThreads=2 -XX:ConcGCThreads=2 -Djdk.net.URLClassPath.disableClassPathURLCheck=true -XX:CICompilerCount=2 -XX:ParallelGCThreads=2 -XX:ConcGCThreads=2 -Djdk.net.URLClassPath.disableClassPathURLCheck=true 
Picked up JAVA_TOOL_OPTIONS: -XX:CICompilerCount=2 -XX:ParallelGCThreads=2 -XX:ConcGCThreads=2 -Djdk.net.URLClassPath.disableClassPathURLCheck=true -XX:CICompilerCount=2 -XX:ParallelGCThreads=2 -XX:ConcGCThreads=2 -Djdk.net.URLClassPath.disableClassPathURLCheck=true 
Picked up _JAVA_OPTIONS: -Djdk.net.URLClassPath.disableClassPathURLCheck=true
Terminate 6689!
Killed 6689! at /boom/scratch/jmcampos/RTA/repair_them_all_framework/jdks/jdk1.7.0_80/jre/bin/java line 73.
Picked up JAVA_TOOL_OPTIONS: -XX:CICompilerCount=2 -XX:ParallelGCThreads=2 -XX:ConcGCThreads=2 -Djdk.net.URLClassPath.disableClassPathURLCheck=true -XX:CICompilerCount=2 -XX:ParallelGCThreads=2 -XX:ConcGCThreads=2 -Djdk.net.URLClassPath.disableClassPathURLCheck=true 
Picked up _JAVA_OPTIONS: -Djdk.net.URLClassPath.disableClassPathURLCheck=true
Terminate 8143!
Killed 8143! at /boom/scratch/jmcampos/RTA/repair_them_all_framework/jdks/jdk1.7.0_80/jre/bin/java line 73.
Picked up _JAVA_OPTIONS: -Djdk.net.URLClassPath.disableClassPathURLCheck=true
Terminate 7969!
Killed 7969! at /boom/scratch/jmcampos/RTA/repair_them_all_framework/jdks/jdk1.7.0_80/jre/bin/java line 73.
Picked up JAVA_TOOL_OPTIONS: -XX:CICompilerCount=2 -XX:ParallelGCThreads=2 -XX:ConcGCThreads=2 -Djdk.net.URLClassPath.disableClassPathURLCheck=true -XX:CICompilerCount=2 -XX:ParallelGCThreads=2 -XX:ConcGCThreads=2 -Djdk.net.URLClassPath.disableClassPathURLCheck=true 
Picked up JAVA_TOOL_OPTIONS: -XX:CICompilerCount=2 -XX:ParallelGCThreads=2 -XX:ConcGCThreads=2 -Djdk.net.URLClassPath.disableClassPathURLCheck=true -XX:CICompilerCount=2 -XX:ParallelGCThreads=2 -XX:ConcGCThreads=2 -Djdk.net.URLClassPath.disableClassPathURLCheck=true 
Picked up _JAVA_OPTIONS: -Djdk.net.URLClassPath.disableClassPathURLCheck=true
Terminate 6528!
Killed 6528! at /boom/scratch/jmcampos/RTA/repair_them_all_framework/jdks/jdk1.7.0_80/jre/bin/java line 73.
Picked up JAVA_TOOL_OPTIONS: -XX:CICompilerCount=2 -XX:ParallelGCThreads=2 -XX:ConcGCThreads=2 -Djdk.net.URLClassPath.disableClassPathURLCheck=true -XX:CICompilerCount=2 -XX:ParallelGCThreads=2 -XX:ConcGCThreads=2 -Djdk.net.URLClassPath.disableClassPathURLCheck=true 
Picked up _JAVA_OPTIONS: -Djdk.net.URLClassPath.disableClassPathURLCheck=true
Terminate 5617!
Picked up _JAVA_OPTIONS: -Djdk.net.URLClassPath.disableClassPathURLCheck=true
Terminate 8207!
Killed 8207! at /boom/scratch/jmcampos/RTA/repair_them_all_framework/jdks/jdk1.7.0_80/jre/bin/java line 73.
Terminate 8207!
Killed 5617! at /boom/scratch/jmcampos/RTA/repair_them_all_framework/jdks/jdk1.7.0_80/jre/bin/java line 73.
Picked up JAVA_TOOL_OPTIONS: -XX:CICompilerCount=2 -XX:ParallelGCThreads=2 -XX:ConcGCThreads=2 -Djdk.net.URLClassPath.disableClassPathURLCheck=true -XX:CICompilerCount=2 -XX:ParallelGCThreads=2 -XX:ConcGCThreads=2 -Djdk.net.URLClassPath.disableClassPathURLCheck=true 
Picked up _JAVA_OPTIONS: -Djdk.net.URLClassPath.disableClassPathURLCheck=true
Terminate 8204!
Killed 8204! at /boom/scratch/jmcampos/RTA/repair_them_all_framework/jdks/jdk1.7.0_80/jre/bin/java line 73.
Picked up JAVA_TOOL_OPTIONS: -XX:CICompilerCount=2 -XX:ParallelGCThreads=2 -XX:ConcGCThreads=2 -Djdk.net.URLClassPath.disableClassPathURLCheck=true -XX:CICompilerCount=2 -XX:ParallelGCThreads=2 -XX:ConcGCThreads=2 -Djdk.net.URLClassPath.disableClassPathURLCheck=true 
Picked up _JAVA_OPTIONS: -Djdk.net.URLClassPath.disableClassPathURLCheck=true
Terminate 6203!
Killed 6203! at /boom/scratch/jmcampos/RTA/repair_them_all_framework/jdks/jdk1.7.0_80/jre/bin/java line 73.
Picked up JAVA_TOOL_OPTIONS: -XX:CICompilerCount=2 -XX:ParallelGCThreads=2 -XX:ConcGCThreads=2 -Djdk.net.URLClassPath.disableClassPathURLCheck=true -XX:CICompilerCount=2 -XX:ParallelGCThreads=2 -XX:ConcGCThreads=2 -Djdk.net.URLClassPath.disableClassPathURLCheck=true 
Picked up _JAVA_OPTIONS: -Djdk.net.URLClassPath.disableClassPathURLCheck=true
Terminate 8344!
Killed 8344! at /boom/scratch/jmcampos/RTA/repair_them_all_framework/jdks/jdk1.7.0_80/jre/bin/java line 73.
Terminate 8344!
Picked up JAVA_TOOL_OPTIONS: -XX:CICompilerCount=2 -XX:ParallelGCThreads=2 -XX:ConcGCThreads=2 -Djdk.net.URLClassPath.disableClassPathURLCheck=true -XX:CICompilerCount=2 -XX:ParallelGCThreads=2 -XX:ConcGCThreads=2 -Djdk.net.URLClassPath.disableClassPathURLCheck=true 
Picked up _JAVA_OPTIONS: -Djdk.net.URLClassPath.disableClassPathURLCheck=true
Picked up JAVA_TOOL_OPTIONS: -XX:CICompilerCount=2 -XX:ParallelGCThreads=2 -XX:ConcGCThreads=2 -Djdk.net.URLClassPath.disableClassPathURLCheck=true -XX:CICompilerCount=2 -XX:ParallelGCThreads=2 -XX:ConcGCThreads=2 -Djdk.net.URLClassPath.disableClassPathURLCheck=true 
Picked up _JAVA_OPTIONS: -Djdk.net.URLClassPath.disableClassPathURLCheck=true
Picked up JAVA_TOOL_OPTIONS: -XX:CICompilerCount=2 -XX:ParallelGCThreads=2 -XX:ConcGCThreads=2 -Djdk.net.URLClassPath.disableClassPathURLCheck=true -XX:CICompilerCount=2 -XX:ParallelGCThreads=2 -XX:ConcGCThreads=2 -Djdk.net.URLClassPath.disableClassPathURLCheck=true 
Picked up _JAVA_OPTIONS: -Djdk.net.URLClassPath.disableClassPathURLCheck=true
Picked up JAVA_TOOL_OPTIONS: -XX:CICompilerCount=2 -XX:ParallelGCThreads=2 -XX:ConcGCThreads=2 -Djdk.net.URLClassPath.disableClassPathURLCheck=true -XX:CICompilerCount=2 -XX:ParallelGCThreads=2 -XX:ConcGCThreads=2 -Djdk.net.URLClassPath.disableClassPathURLCheck=true 
Picked up _JAVA_OPTIONS: -Djdk.net.URLClassPath.disableClassPathURLCheck=true
Terminate 7847!
Killed 7847! at /boom/scratch/jmcampos/RTA/repair_them_all_framework/jdks/jdk1.7.0_80/jre/bin/java line 73.
Terminate 7847!
Picked up JAVA_TOOL_OPTIONS: -XX:CICompilerCount=2 -XX:ParallelGCThreads=2 -XX:ConcGCThreads=2 -Djdk.net.URLClassPath.disableClassPathURLCheck=true -XX:CICompilerCount=2 -XX:ParallelGCThreads=2 -XX:ConcGCThreads=2 -Djdk.net.URLClassPath.disableClassPathURLCheck=true 
Picked up _JAVA_OPTIONS: -Djdk.net.URLClassPath.disableClassPathURLCheck=true
Signal 15 (TERM) caught by ps (procps-ng version 3.3.10).
ps:display.c:66: please report this bug
Terminate 6874!
Kill 6874!
Killed 6874! at /boom/scratch/jmcampos/RTA/repair_them_all_framework/jdks/jdk1.7.0_80/jre/bin/java line 73.
Picked up JAVA_TOOL_OPTIONS: -XX:CICompilerCount=2 -XX:ParallelGCThreads=2 -XX:ConcGCThreads=2 -Djdk.net.URLClassPath.disableClassPathURLCheck=true -XX:CICompilerCount=2 -XX:ParallelGCThreads=2 -XX:ConcGCThreads=2 -Djdk.net.URLClassPath.disableClassPathURLCheck=true 
Picked up _JAVA_OPTIONS: -Djdk.net.URLClassPath.disableClassPathURLCheck=true
Signal 15 (TERM) caught by ps (procps-ng version 3.3.10).
ps:display.c:66: please report this bug
Terminate 7290!
Kill 7290!
Killed 7290! at /boom/scratch/jmcampos/RTA/repair_them_all_framework/jdks/jdk1.7.0_80/jre/bin/java line 73.
Terminate 7290!
Picked up JAVA_TOOL_OPTIONS: -XX:CICompilerCount=2 -XX:ParallelGCThreads=2 -XX:ConcGCThreads=2 -Djdk.net.URLClassPath.disableClassPathURLCheck=true -XX:CICompilerCount=2 -XX:ParallelGCThreads=2 -XX:ConcGCThreads=2 -Djdk.net.URLClassPath.disableClassPathURLCheck=true 
Picked up _JAVA_OPTIONS: -Djdk.net.URLClassPath.disableClassPathURLCheck=true
Picked up JAVA_TOOL_OPTIONS: -XX:CICompilerCount=2 -XX:ParallelGCThreads=2 -XX:ConcGCThreads=2 -Djdk.net.URLClassPath.disableClassPathURLCheck=true -XX:CICompilerCount=2 -XX:ParallelGCThreads=2 -XX:ConcGCThreads=2 -Djdk.net.URLClassPath.disableClassPathURLCheck=true 
Picked up _JAVA_OPTIONS: -Djdk.net.URLClassPath.disableClassPathURLCheck=true
Signal 15 (TERM) caught by ps (procps-ng version 3.3.10).
ps:display.c:66: please report this bug
Picked up JAVA_TOOL_OPTIONS: -XX:CICompilerCount=2 -XX:ParallelGCThreads=2 -XX:ConcGCThreads=2 -Djdk.net.URLClassPath.disableClassPathURLCheck=true -XX:CICompilerCount=2 -XX:ParallelGCThreads=2 -XX:ConcGCThreads=2 -Djdk.net.URLClassPath.disableClassPathURLCheck=true 
Picked up _JAVA_OPTIONS: -Djdk.net.URLClassPath.disableClassPathURLCheck=true
Signal 15 (TERM) caught by ps (procps-ng version 3.3.10).
ps:display.c:66: please report this bug
Picked up JAVA_TOOL_OPTIONS: -XX:CICompilerCount=2 -XX:ParallelGCThreads=2 -XX:ConcGCThreads=2 -Djdk.net.URLClassPath.disableClassPathURLCheck=true -XX:CICompilerCount=2 -XX:ParallelGCThreads=2 -XX:ConcGCThreads=2 -Djdk.net.URLClassPath.disableClassPathURLCheck=true 
Picked up _JAVA_OPTIONS: -Djdk.net.URLClassPath.disableClassPathURLCheck=true
Picked up JAVA_TOOL_OPTIONS: -XX:CICompilerCount=2 -XX:ParallelGCThreads=2 -XX:ConcGCThreads=2 -Djdk.net.URLClassPath.disableClassPathURLCheck=true -XX:CICompilerCount=2 -XX:ParallelGCThreads=2 -XX:ConcGCThreads=2 -Djdk.net.URLClassPath.disableClassPathURLCheck=true 
Picked up _JAVA_OPTIONS: -Djdk.net.URLClassPath.disableClassPathURLCheck=true
Terminate 8387!
Killed 8387! at /boom/scratch/jmcampos/RTA/repair_them_all_framework/jdks/jdk1.7.0_80/jre/bin/java line 73.
Picked up JAVA_TOOL_OPTIONS: -XX:CICompilerCount=2 -XX:ParallelGCThreads=2 -XX:ConcGCThreads=2 -Djdk.net.URLClassPath.disableClassPathURLCheck=true -XX:CICompilerCount=2 -XX:ParallelGCThreads=2 -XX:ConcGCThreads=2 -Djdk.net.URLClassPath.disableClassPathURLCheck=true 
Picked up _JAVA_OPTIONS: -Djdk.net.URLClassPath.disableClassPathURLCheck=true
Use of uninitialized value $JVM_PID in concatenation (.) or string at /boom/scratch/jmcampos/RTA/repair_them_all_framework/jdks/jdk1.7.0_80/jre/bin/java line 66.
Picked up JAVA_TOOL_OPTIONS: -XX:CICompilerCount=2 -XX:ParallelGCThreads=2 -XX:ConcGCThreads=2 -Djdk.net.URLClassPath.disableClassPathURLCheck=true -XX:CICompilerCount=2 -XX:ParallelGCThreads=2 -XX:ConcGCThreads=2 -Djdk.net.URLClassPath.disableClassPathURLCheck=true 
Picked up _JAVA_OPTIONS: -Djdk.net.URLClassPath.disableClassPathURLCheck=true
Signal 15 (TERM) caught by ps (procps-ng version 3.3.10).
Terminate 7304!
Kill 7304!
Killed 7304! at /boom/scratch/jmcampos/RTA/repair_them_all_framework/jdks/jdk1.7.0_80/jre/bin/java line 73.
ps:display.c:66: please report this bug
JVM seems rogue. Kill 61201!
Terminate 61201!
Killed 61201! at /scratch/jmcampos/RTA/repair_them_all_framework/jdks/jdk1.7.0_80/bin/java line 73.
